11-03-2024 21:00:34.073Z;functions.bot_text_art;      ____   
11-03-2024 21:00:34.073Z;functions.bot_text_art;     [____]    
11-03-2024 21:00:34.073Z;functions.bot_text_art;   |=]()()[=|  
11-03-2024 21:00:34.073Z;functions.bot_text_art;     _\==/__    _____    ____     _        _____    ___   _  __
11-03-2024 21:00:34.073Z;functions.bot_text_art;   |__|   |_|  |  _  \  / ___|   | |      |_   _| / ___| | |/ /
11-03-2024 21:00:34.073Z;functions.bot_text_art;   |_|_/\_|_|  | |  | | | |      | |        | |   | |    | ' / 
11-03-2024 21:00:34.073Z;functions.bot_text_art;   | | __ | |  | |  | | | |      | |        | |   | |    |  <  
11-03-2024 21:00:34.073Z;functions.bot_text_art;   |_|[  ]|_|  | |__| | | |____  | |____   _| |_  | |__  | . \ 
11-03-2024 21:00:34.073Z;functions.bot_text_art;   \_|_||_|_/  |_____/   \_____| |______| |_____| \ ___| |_|\_\
11-03-2024 21:00:34.073Z;functions.bot_text_art;     |_||_|                                                     
11-03-2024 21:00:34.073Z;functions.bot_text_art;     | ||_|_   
11-03-2024 21:00:34.073Z;functions.bot_text_art;   |___||___|  
11-03-2024 21:00:34.073Z;functions.bot_text_art;               
11-03-2024 21:00:34.089Z;functions.open_RM;  OPEN PROGRAM RM
11-03-2024 21:00:52.182Z;functions.loggin_RM;  ENTER USER_NAME
11-03-2024 21:00:56.592Z;functions.loggin_RM;  ENTER PASSWORD
11-03-2024 21:00:57.791Z;functions.loggin_RM;  ENTER RM
11-03-2024 21:01:36.174Z;functions.enter_coligada;  CLICK CONTEXTO
11-03-2024 21:01:41.744Z;functions.enter_coligada;  CLICK COLIGADA 1
11-03-2024 21:01:44.244Z;functions.enter_coligada;  CLICK AVANÇAR
11-03-2024 21:01:46.846Z;functions.enter_coligada;  INSERE O COLIGADA CODE = 1
11-03-2024 21:01:46.957Z;functions.enter_coligada;  APERTA TAB PARA PREENCHER O CAMPO COM A STRING: OCEANICA ENGENHARIA E CONSULTORIA S.A.
11-03-2024 21:01:48.869Z;functions.enter_coligada;  CLICK AVANÇAR NOVAMENTE
11-03-2024 21:01:50.385Z;functions.enter_coligada;  CLICK CONCLUIR
11-03-2024 21:02:18.041Z;functions.enter_coligada;  POP UP COLIGADA DESAPARECER
11-03-2024 21:02:18.883Z;functions.check_movimentacao_bancaria;  CLICK - TOTVS - LINHA RM
11-03-2024 21:02:20.666Z;functions.check_movimentacao_bancaria;  CLICK - BACK OFFICE
11-03-2024 21:02:23.462Z;functions.check_movimentacao_bancaria;  CLICK - GESTAO FINANCEIRA
11-03-2024 21:02:30.105Z;functions.movimentacao_bancaria;  CLICA NA ABA MOVIMENTAÇÃO BANCARIA
11-03-2024 21:02:31.399Z;functions.waitForImage;  IMAGEM BORDERO image found.
11-03-2024 21:02:33.526Z;functions.movimentacao_bancaria;  IMAGEM BORDERO CLICADA.
11-03-2024 21:02:53.572Z;functions.waitForImage;  LICENCAS EXCEDIDAS image not found.
11-03-2024 21:02:54.275Z;functions.movimentacao_bancaria;  ENCONTROU O FILTRO DA MOVIMENTAÇÃO BANCÁRIA
11-03-2024 21:02:54.322Z;functions.movimentacao_bancaria;  CLICA NA ABA SUPERIOR DO FILTRO
11-03-2024 21:02:57.542Z;functions.movimentacao_bancaria;  SELECIONA O FILTRO HOJE
11-03-2024 21:03:02.872Z;functions.waitForImage;  FILTER CLEAN image found.
11-03-2024 21:03:04.997Z;functions.filter_clean;  CLICA NO BOTÃO X DO LIMPA FILTRO
11-03-2024 21:03:05.307Z;functions.waitForImage;  FILTER CLEAN image found.
11-03-2024 21:03:07.433Z;functions.filter_clean;  CLICA NO BOTÃO X DO LIMPA FILTRO
11-03-2024 21:03:22.727Z;functions.waitForImage;  FILTER CLEAN image not found.
11-03-2024 21:03:24.306Z;functions.movimentacao_bancaria;  CLICA NA PRIMEIRA LINHA DA TABELA MOVIMENTAÇÃO BANCÁRIA
11-03-2024 21:03:25.532Z;functions.movimentacao_bancaria;  12 PASSOS PARA DIREITA NA TABELA >>
11-03-2024 21:03:27.478Z;functions.movimentacao_bancaria;  HOVER FILTER
11-03-2024 21:03:27.947Z;functions.movimentacao_bancaria;  CLICK FILTER
11-03-2024 21:03:32.272Z;functions.movimentacao_bancaria;  CLICA NO FILTRO  STATUS DA REMESSA
11-03-2024 21:03:34.375Z;functions.movimentacao_bancaria;  APERTA TAB PARA ESCREVER O FILTRO
11-03-2024 21:03:36.493Z;functions.movimentacao_bancaria;  ESCREVE PENDENTE NO FILTRO
11-03-2024 21:03:38.596Z;functions.movimentacao_bancaria;  APERTA ENTER PARA SELECIONAR OS PENDENTES
11-03-2024 21:04:01.351Z;functions.movimentacao_bancaria;  SEM PROCESSAMENTO DE BORDERO PENDENTE
11-03-2024 21:04:11.696Z;functions.waitForImage;  FILTER CLEAN image found.
11-03-2024 21:04:13.826Z;functions.filter_clean;  CLICA NO BOTÃO X DO LIMPA FILTRO
11-03-2024 21:04:29.320Z;functions.waitForImage;  FILTER CLEAN image not found.
11-03-2024 21:04:44.632Z;functions.waitForImage;  FILTER CLEAN image not found.
11-03-2024 21:04:46.350Z;functions.processo_pagamento;  CLICA NA PRIMEIRA LINHA DA TABELA MOVIMENTAÇÃO BANCÁRIA
11-03-2024 21:04:48.397Z;functions.processo_pagamento;  HOVER FILTER
11-03-2024 21:04:48.885Z;functions.processo_pagamento;  CLICK FILTER
11-03-2024 21:04:53.220Z;functions.processo_pagamento;  CLICA NO FILTRO  STATUS DA REMESSA
11-03-2024 21:04:55.323Z;functions.processo_pagamento;  APERTA TAB PARA ESCREVER O FILTRO
11-03-2024 21:04:57.442Z;functions.processo_pagamento;  ESCREVE AUTORIZADO NO FILTRO
11-03-2024 21:04:59.547Z;functions.processo_pagamento;  APERTA ENTER PARA SELECIONAR OS AUTORIZADOS
11-03-2024 21:05:22.444Z;functions.processo_pagamento;  SEM REMESSA DE BORDERO AUTORIZADO
11-03-2024 21:05:23.548Z;functions.processo_pagamento;  FECHA ABA MOVIMENTAÇÕES BANCÁRIAS
11-03-2024 21:05:25.263Z;functions.enter_contas_a_pagar;  CLICK - TOTVS - LINHA RM
11-03-2024 21:05:26.850Z;functions.enter_contas_a_pagar;  CLICK - BACK OFFICE
11-03-2024 21:05:29.601Z;functions.enter_contas_a_pagar;  CLICK - GESTAO FINANCEIRA
11-03-2024 21:05:37.147Z;functions.enter_contas_a_pagar;  CLICK - CONTAS A PAGAR
11-03-2024 21:05:37.535Z;functions.waitForImage;  LANÇAMENTOS image found.
11-03-2024 21:05:39.654Z;functions.enter_contas_a_pagar;  CLICA EM LANÇAMENTOS
11-03-2024 21:05:55.394Z;functions.waitForImage;  LICENCAS EXCEDIDAS image not found.
11-03-2024 21:05:55.398Z;functions.obter_intervalo_data;  Data Inicial BANCARIA antes da remoção: None
11-03-2024 21:05:55.398Z;functions.obter_intervalo_data;  Data Final BANCARIA antes da remoção: None
11-03-2024 21:05:55.398Z;functions.obter_intervalo_data;  Data Inicial BANCARIA após a remoção: None
11-03-2024 21:05:55.398Z;functions.obter_intervalo_data;  Data Final BANCARIA após a remoção: None
11-03-2024 21:05:55.398Z;functions.obter_intervalo_data;  hoje -  2024-03-11 21:05:55.398637
11-03-2024 21:05:55.398Z;functions.data_filter;  DATA INICIO 13-03-2024
11-03-2024 21:05:55.398Z;functions.data_filter;  DATA FIM 19-03-2024
11-03-2024 21:05:55.398Z;functions.data_filter;  CLICK - SELECIONA A DATA DE QUARTA FEIRA E DA PROXIMA TERÇA
11-03-2024 21:05:55.398Z;functions.data_filter;  QUARTA-FEIRA: 13-03-2024
11-03-2024 21:05:55.398Z;functions.data_filter;  TERCA-FEIRA: 19-03-2024
11-03-2024 21:05:58.323Z;functions.data_filter;  ESCREVE REMESSA BANCÁRIA NO FILTRO
11-03-2024 21:05:59.663Z;functions.data_filter;  CLICK - BOTAO DE SELECAO DE FILTRO
11-03-2024 21:06:04.240Z;functions.data_filter;  INSERE - DATA DE QUARTA-FEIRA: 13-03-2024
11-03-2024 21:06:08.272Z;functions.data_filter;  INSERE - DATA DA PROX TERCA-FEIRA: 19-03-2024
11-03-2024 21:06:09.193Z;functions.data_filter;  CLICK - BOTAO DE EXECUTAR O FILTRO
11-03-2024 21:06:59.161Z;functions.desmark_filter;  CLICK CHECKBOX LANÇAMENTOS A RECEBER
11-03-2024 21:07:01.067Z;functions.desmark_filter;  CLICK CHECKBOX LANÇAMENTOS BAIXADOS
11-03-2024 21:07:03.131Z;functions.desmark_filter;  CLICK CHECKBOX LANÇAMENTOS CANCELADOS
11-03-2024 21:07:05.380Z;functions.desmark_filter;  CLICK CHECKBOX LANÇAMENTOS FATURADOS
11-03-2024 21:07:07.646Z;functions.desmark_filter;  CLICK CHECKBOX LANÇAMENTOS FATURADOS
11-03-2024 21:07:28.109Z;functions.waitForImage;  FILTER CLEAN image not found.
11-03-2024 21:07:43.676Z;functions.waitForImage;  FILTER CLEAN image not found.
11-03-2024 21:07:59.113Z;functions.waitForImage;  FILTER CLEAN image not found.
11-03-2024 21:07:59.113Z;functions.check_table_record;  VERIFICANDO SE A TABELA ESTÁ VAZIA
11-03-2024 21:08:01.615Z;functions.check_table_record;  Texto extraido 1/58
11-03-2024 21:08:01.615Z;functions.check_table_record;  Count 58
11-03-2024 21:08:01.615Z;functions.check_table_record;  Type <class 'int'>
11-03-2024 21:08:01.630Z;functions.check_table_record;  TABELA CONTÉM REGISTROS
11-03-2024 21:08:13.644Z;functions.select_tipo_documento;  NOME DA COLUNA: Tipo de Documento
11-03-2024 21:08:15.520Z;functions.select_tipo_documento;  HOVER NOME DA COLUNA: Tipo de Documento
11-03-2024 21:08:16.306Z;functions.select_tipo_documento;  CLICA NO FILTRO PERSONALIZAR
11-03-2024 21:08:17.880Z;functions.select_tipo_documento;  CLICA PARA SELECIONAR OPÇÕES DO FILTRO
11-03-2024 21:08:25.458Z;functions.select_tipo_documento;  CLICK BUTTON CONFIRMAR FILTRO
11-03-2024 21:08:30.461Z;functions.filter_IPTE;  VERIFICANDO O COD DO CLIENTE EM CADA REGISTRO
11-03-2024 21:08:31.910Z;functions.filter_IPTE;  CLICA NA PRIMEIRA LINHA DA TABELA
11-03-2024 21:08:55.613Z;functions.filter_IPTE;  HOVER FILTER
11-03-2024 21:08:57.392Z;functions.filter_IPTE;  CLICK FILTER
11-03-2024 21:09:01.729Z;functions.filter_IPTE;  CLICA NO FILTRO PERSONALIZAR
11-03-2024 21:09:10.399Z;functions.check_table_record;  VERIFICANDO SE A TABELA ESTÁ VAZIA
11-03-2024 21:09:12.754Z;functions.check_table_record;  Texto extraido 1/26
11-03-2024 21:09:12.754Z;functions.check_table_record;  Count 26
11-03-2024 21:09:12.754Z;functions.check_table_record;  Type <class 'int'>
11-03-2024 21:09:12.754Z;functions.check_table_record;  TABELA CONTÉM REGISTROS
11-03-2024 21:09:18.940Z;functions.select_all_func;  SELECIONA TODOS OS REGISTROS
11-03-2024 21:09:18.940Z;functions.check_payment_type;  VERIFICANDO O COD DO CLIENTE EM CADA REGISTRO
11-03-2024 21:09:20.769Z;functions.check_payment_type;  CLICA NA PRIMEIRA LINHA DA TABELA
11-03-2024 21:09:28.878Z;functions.check_payment_type;  REF. LANÇAMENTO: 928076
11-03-2024 21:09:28.985Z;functions.check_payment_type;  ENTRANDO NO REGISTRO
11-03-2024 21:09:50.971Z;functions.waitForImage;  INTEGRAÇÃO BANCÁRIA image found.
11-03-2024 21:09:53.094Z;functions.check_payment_type;  CLICA EM INTEGRAÇÃO BANCÁRIA
11-03-2024 21:09:53.094Z;functions.check_payment_type;  VERIFICANDO INFORMAÇÕES
11-03-2024 21:09:56.408Z;functions.waitForImage;  DADOS BANCARIOS image found.
11-03-2024 21:09:56.543Z;functions.check_payment_type;  DADOS BANCARIOS
11-03-2024 21:09:58.544Z;functions.check_payment_type;  ENTROU DADOS BANCÁRIOS
11-03-2024 21:09:58.648Z;functions.check_payment_type;  APERTA TAB
11-03-2024 21:10:00.751Z;functions.check_payment_type;  CTRL C
11-03-2024 21:10:01.753Z;functions.check_payment_type;  DESCRICAO CORRETA BOLETO
11-03-2024 21:10:02.113Z;functions.waitForImage;  FORMA DE PAGAMENTO image found.
11-03-2024 21:10:04.122Z;functions.check_payment_type;  FORMA DE PAGAMENTO: TITULO DE COBRANÇA (BOLETO)
11-03-2024 21:10:06.468Z;functions.waitForImage;  PRESS BUTTON OK image found.
11-03-2024 21:10:08.596Z;functions.check_payment_type;  PRESS BUTTON OK
11-03-2024 21:10:10.945Z;functions.waitForImage;  PRESS BUTTON OK 2 image found.
11-03-2024 21:10:13.066Z;functions.check_payment_type;  PRESS BUTTON OK 2
11-03-2024 21:10:20.172Z;functions.check_payment_type;  PASSANDO PARA PRÓXIMO REGISTRO
11-03-2024 21:10:30.279Z;functions.check_payment_type;  REF. LANÇAMENTO: 927969
11-03-2024 21:10:30.383Z;functions.check_payment_type;  ENTRANDO NO REGISTRO
11-03-2024 21:10:38.815Z;functions.waitForImage;  INTEGRAÇÃO BANCÁRIA image found.
11-03-2024 21:10:40.943Z;functions.check_payment_type;  CLICA EM INTEGRAÇÃO BANCÁRIA
11-03-2024 21:10:40.943Z;functions.check_payment_type;  VERIFICANDO INFORMAÇÕES
11-03-2024 21:10:44.304Z;functions.waitForImage;  DADOS BANCARIOS image found.
11-03-2024 21:10:44.421Z;functions.check_payment_type;  DADOS BANCARIOS
11-03-2024 21:10:46.423Z;functions.check_payment_type;  ENTROU DADOS BANCÁRIOS
11-03-2024 21:10:46.525Z;functions.check_payment_type;  APERTA TAB
11-03-2024 21:10:48.629Z;functions.check_payment_type;  CTRL C
11-03-2024 21:10:49.630Z;functions.check_payment_type;  DESCRICAO CORRETA BOLETO
11-03-2024 21:10:49.990Z;functions.waitForImage;  FORMA DE PAGAMENTO image found.
11-03-2024 21:10:52.005Z;functions.check_payment_type;  FORMA DE PAGAMENTO: TITULO DE COBRANÇA (BOLETO)
11-03-2024 21:10:54.350Z;functions.waitForImage;  PRESS BUTTON OK image found.
11-03-2024 21:10:56.475Z;functions.check_payment_type;  PRESS BUTTON OK
11-03-2024 21:10:58.830Z;functions.waitForImage;  PRESS BUTTON OK 2 image found.
11-03-2024 21:11:00.957Z;functions.check_payment_type;  PRESS BUTTON OK 2
11-03-2024 21:11:08.060Z;functions.check_payment_type;  PASSANDO PARA PRÓXIMO REGISTRO
11-03-2024 21:11:18.165Z;functions.check_payment_type;  REF. LANÇAMENTO: 928131
11-03-2024 21:11:18.272Z;functions.check_payment_type;  ENTRANDO NO REGISTRO
11-03-2024 21:11:25.254Z;functions.waitForImage;  INTEGRAÇÃO BANCÁRIA image found.
11-03-2024 21:11:27.386Z;functions.check_payment_type;  CLICA EM INTEGRAÇÃO BANCÁRIA
11-03-2024 21:11:27.386Z;functions.check_payment_type;  VERIFICANDO INFORMAÇÕES
11-03-2024 21:11:30.721Z;functions.waitForImage;  DADOS BANCARIOS image found.
11-03-2024 21:11:30.858Z;functions.check_payment_type;  DADOS BANCARIOS
11-03-2024 21:11:32.859Z;functions.check_payment_type;  ENTROU DADOS BANCÁRIOS
11-03-2024 21:11:32.961Z;functions.check_payment_type;  APERTA TAB
11-03-2024 21:11:35.066Z;functions.check_payment_type;  CTRL C
11-03-2024 21:11:36.067Z;functions.check_payment_type;  DESCRICAO CORRETA BOLETO
11-03-2024 21:11:36.442Z;functions.waitForImage;  FORMA DE PAGAMENTO image found.
11-03-2024 21:11:38.443Z;functions.check_payment_type;  FORMA DE PAGAMENTO: TITULO DE COBRANÇA (BOLETO)
11-03-2024 21:11:40.814Z;functions.waitForImage;  PRESS BUTTON OK image found.
11-03-2024 21:11:42.942Z;functions.check_payment_type;  PRESS BUTTON OK
11-03-2024 21:11:45.289Z;functions.waitForImage;  PRESS BUTTON OK 2 image found.
11-03-2024 21:11:47.413Z;functions.check_payment_type;  PRESS BUTTON OK 2
11-03-2024 21:11:54.522Z;functions.check_payment_type;  PASSANDO PARA PRÓXIMO REGISTRO
11-03-2024 21:12:04.626Z;functions.check_payment_type;  REF. LANÇAMENTO: 928168
11-03-2024 21:12:04.732Z;functions.check_payment_type;  ENTRANDO NO REGISTRO
11-03-2024 21:12:14.234Z;functions.waitForImage;  INTEGRAÇÃO BANCÁRIA image found.
11-03-2024 21:12:16.367Z;functions.check_payment_type;  CLICA EM INTEGRAÇÃO BANCÁRIA
11-03-2024 21:12:16.367Z;functions.check_payment_type;  VERIFICANDO INFORMAÇÕES
11-03-2024 21:12:19.658Z;functions.waitForImage;  DADOS BANCARIOS image found.
11-03-2024 21:12:19.791Z;functions.check_payment_type;  DADOS BANCARIOS
11-03-2024 21:12:21.792Z;functions.check_payment_type;  ENTROU DADOS BANCÁRIOS
11-03-2024 21:12:21.896Z;functions.check_payment_type;  APERTA TAB
11-03-2024 21:12:24.000Z;functions.check_payment_type;  CTRL C
11-03-2024 21:12:25.001Z;functions.check_payment_type;  DESCRICAO CORRETA BOLETO
11-03-2024 21:12:25.360Z;functions.waitForImage;  FORMA DE PAGAMENTO image found.
11-03-2024 21:12:27.375Z;functions.check_payment_type;  FORMA DE PAGAMENTO: TITULO DE COBRANÇA (BOLETO)
11-03-2024 21:12:29.688Z;functions.waitForImage;  PRESS BUTTON OK image found.
11-03-2024 21:12:31.816Z;functions.check_payment_type;  PRESS BUTTON OK
11-03-2024 21:12:34.179Z;functions.waitForImage;  PRESS BUTTON OK 2 image found.
11-03-2024 21:12:36.302Z;functions.check_payment_type;  PRESS BUTTON OK 2
11-03-2024 21:12:43.406Z;functions.check_payment_type;  PASSANDO PARA PRÓXIMO REGISTRO
11-03-2024 21:12:53.517Z;functions.check_payment_type;  REF. LANÇAMENTO: 928119
11-03-2024 21:12:53.622Z;functions.check_payment_type;  ENTRANDO NO REGISTRO
11-03-2024 21:13:03.055Z;functions.waitForImage;  INTEGRAÇÃO BANCÁRIA image found.
11-03-2024 21:13:05.177Z;functions.check_payment_type;  CLICA EM INTEGRAÇÃO BANCÁRIA
11-03-2024 21:13:05.177Z;functions.check_payment_type;  VERIFICANDO INFORMAÇÕES
11-03-2024 21:13:08.513Z;functions.waitForImage;  DADOS BANCARIOS image found.
11-03-2024 21:13:08.625Z;functions.check_payment_type;  DADOS BANCARIOS
11-03-2024 21:13:10.626Z;functions.check_payment_type;  ENTROU DADOS BANCÁRIOS
11-03-2024 21:13:10.729Z;functions.check_payment_type;  APERTA TAB
11-03-2024 21:13:12.838Z;functions.check_payment_type;  CTRL C
11-03-2024 21:13:31.109Z;functions.waitForImage;  FORMA DE PAGAMENTO image not found.
11-03-2024 21:13:31.109Z;functions.check_payment_type;  FORMA DE PAGAMENTO NÃO É BOLETO
11-03-2024 21:13:50.369Z;functions.waitForImage;  PRESS BUTTON OK image found.
11-03-2024 21:13:52.499Z;functions.check_payment_type;  PRESS BUTTON OK
11-03-2024 21:13:54.797Z;functions.waitForImage;  PRESS BUTTON OK 2 image found.
11-03-2024 21:13:56.919Z;functions.check_payment_type;  PRESS BUTTON OK 2
11-03-2024 21:14:04.024Z;functions.check_payment_type;  PASSANDO PARA PRÓXIMO REGISTRO
11-03-2024 21:14:14.128Z;functions.check_payment_type;  REF. LANÇAMENTO: 928056
11-03-2024 21:14:14.234Z;functions.check_payment_type;  ENTRANDO NO REGISTRO
11-03-2024 21:14:24.445Z;functions.waitForImage;  INTEGRAÇÃO BANCÁRIA image found.
11-03-2024 21:14:26.577Z;functions.check_payment_type;  CLICA EM INTEGRAÇÃO BANCÁRIA
11-03-2024 21:14:26.577Z;functions.check_payment_type;  VERIFICANDO INFORMAÇÕES
11-03-2024 21:14:29.890Z;functions.waitForImage;  DADOS BANCARIOS image found.
11-03-2024 21:14:30.025Z;functions.check_payment_type;  DADOS BANCARIOS
11-03-2024 21:14:32.026Z;functions.check_payment_type;  ENTROU DADOS BANCÁRIOS
11-03-2024 21:14:32.131Z;functions.check_payment_type;  APERTA TAB
11-03-2024 21:14:34.235Z;functions.check_payment_type;  CTRL C
11-03-2024 21:14:35.236Z;functions.check_payment_type;  DESCRICAO CORRETA BOLETO
11-03-2024 21:14:35.546Z;functions.waitForImage;  FORMA DE PAGAMENTO image found.
11-03-2024 21:14:37.562Z;functions.check_payment_type;  FORMA DE PAGAMENTO: TITULO DE COBRANÇA (BOLETO)
11-03-2024 21:14:39.797Z;functions.waitForImage;  PRESS BUTTON OK image found.
11-03-2024 21:14:41.921Z;functions.check_payment_type;  PRESS BUTTON OK
11-03-2024 21:14:44.234Z;functions.waitForImage;  PRESS BUTTON OK 2 image found.
11-03-2024 21:14:46.367Z;functions.check_payment_type;  PRESS BUTTON OK 2
11-03-2024 21:14:53.470Z;functions.check_payment_type;  PASSANDO PARA PRÓXIMO REGISTRO
11-03-2024 21:15:03.574Z;functions.check_payment_type;  REF. LANÇAMENTO: 926325
11-03-2024 21:15:03.679Z;functions.check_payment_type;  ENTRANDO NO REGISTRO
11-03-2024 21:15:12.930Z;functions.waitForImage;  INTEGRAÇÃO BANCÁRIA image found.
11-03-2024 21:15:15.049Z;functions.check_payment_type;  CLICA EM INTEGRAÇÃO BANCÁRIA
11-03-2024 21:15:15.049Z;functions.check_payment_type;  VERIFICANDO INFORMAÇÕES
11-03-2024 21:15:18.409Z;functions.waitForImage;  DADOS BANCARIOS image found.
11-03-2024 21:15:18.543Z;functions.check_payment_type;  DADOS BANCARIOS
11-03-2024 21:15:20.544Z;functions.check_payment_type;  ENTROU DADOS BANCÁRIOS
11-03-2024 21:15:20.647Z;functions.check_payment_type;  APERTA TAB
11-03-2024 21:15:22.751Z;functions.check_payment_type;  CTRL C
11-03-2024 21:15:23.752Z;functions.check_payment_type;  DESCRICAO CORRETA BOLETO
11-03-2024 21:15:24.127Z;functions.waitForImage;  FORMA DE PAGAMENTO image found.
11-03-2024 21:15:26.138Z;functions.check_payment_type;  FORMA DE PAGAMENTO: TITULO DE COBRANÇA (BOLETO)
11-03-2024 21:15:28.482Z;functions.waitForImage;  PRESS BUTTON OK image found.
11-03-2024 21:15:30.617Z;functions.check_payment_type;  PRESS BUTTON OK
11-03-2024 21:15:32.963Z;functions.waitForImage;  PRESS BUTTON OK 2 image found.
11-03-2024 21:15:35.090Z;functions.check_payment_type;  PRESS BUTTON OK 2
11-03-2024 21:15:42.194Z;functions.check_payment_type;  PASSANDO PARA PRÓXIMO REGISTRO
11-03-2024 21:15:52.300Z;functions.check_payment_type;  REF. LANÇAMENTO: 926342
11-03-2024 21:15:52.408Z;functions.check_payment_type;  ENTRANDO NO REGISTRO
11-03-2024 21:16:02.678Z;functions.waitForImage;  INTEGRAÇÃO BANCÁRIA image found.
11-03-2024 21:16:04.806Z;functions.check_payment_type;  CLICA EM INTEGRAÇÃO BANCÁRIA
11-03-2024 21:16:04.806Z;functions.check_payment_type;  VERIFICANDO INFORMAÇÕES
11-03-2024 21:16:08.136Z;functions.waitForImage;  DADOS BANCARIOS image found.
11-03-2024 21:16:08.268Z;functions.check_payment_type;  DADOS BANCARIOS
11-03-2024 21:16:10.270Z;functions.check_payment_type;  ENTROU DADOS BANCÁRIOS
11-03-2024 21:16:10.411Z;functions.check_payment_type;  APERTA TAB
11-03-2024 21:16:12.517Z;functions.check_payment_type;  CTRL C
11-03-2024 21:16:13.518Z;functions.check_payment_type;  DESCRICAO CORRETA BOLETO
11-03-2024 21:16:13.873Z;functions.waitForImage;  FORMA DE PAGAMENTO image found.
11-03-2024 21:16:15.888Z;functions.check_payment_type;  FORMA DE PAGAMENTO: TITULO DE COBRANÇA (BOLETO)
11-03-2024 21:16:18.233Z;functions.waitForImage;  PRESS BUTTON OK image found.
11-03-2024 21:16:20.367Z;functions.check_payment_type;  PRESS BUTTON OK
11-03-2024 21:16:22.717Z;functions.waitForImage;  PRESS BUTTON OK 2 image found.
11-03-2024 21:16:24.844Z;functions.check_payment_type;  PRESS BUTTON OK 2
11-03-2024 21:16:31.948Z;functions.check_payment_type;  PASSANDO PARA PRÓXIMO REGISTRO
11-03-2024 21:16:42.054Z;functions.check_payment_type;  REF. LANÇAMENTO: 927568
11-03-2024 21:16:42.173Z;functions.check_payment_type;  ENTRANDO NO REGISTRO
11-03-2024 21:16:50.622Z;functions.waitForImage;  INTEGRAÇÃO BANCÁRIA image found.
11-03-2024 21:16:52.743Z;functions.check_payment_type;  CLICA EM INTEGRAÇÃO BANCÁRIA
11-03-2024 21:16:52.743Z;functions.check_payment_type;  VERIFICANDO INFORMAÇÕES
11-03-2024 21:16:56.073Z;functions.waitForImage;  DADOS BANCARIOS image found.
11-03-2024 21:16:56.206Z;functions.check_payment_type;  DADOS BANCARIOS
11-03-2024 21:16:58.207Z;functions.check_payment_type;  ENTROU DADOS BANCÁRIOS
11-03-2024 21:16:58.354Z;functions.check_payment_type;  APERTA TAB
11-03-2024 21:17:00.469Z;functions.check_payment_type;  CTRL C
11-03-2024 21:17:01.470Z;functions.check_payment_type;  DESCRICAO CORRETA BOLETO
11-03-2024 21:17:01.826Z;functions.waitForImage;  FORMA DE PAGAMENTO image found.
11-03-2024 21:17:03.834Z;functions.check_payment_type;  FORMA DE PAGAMENTO: TITULO DE COBRANÇA (BOLETO)
11-03-2024 21:17:06.163Z;functions.waitForImage;  PRESS BUTTON OK image found.
11-03-2024 21:17:08.298Z;functions.check_payment_type;  PRESS BUTTON OK
11-03-2024 21:17:10.638Z;functions.waitForImage;  PRESS BUTTON OK 2 image found.
11-03-2024 21:17:12.764Z;functions.check_payment_type;  PRESS BUTTON OK 2
11-03-2024 21:17:19.868Z;functions.check_payment_type;  PASSANDO PARA PRÓXIMO REGISTRO
11-03-2024 21:17:29.973Z;functions.check_payment_type;  REF. LANÇAMENTO: 927573
11-03-2024 21:17:30.079Z;functions.check_payment_type;  ENTRANDO NO REGISTRO
11-03-2024 21:17:40.358Z;functions.waitForImage;  INTEGRAÇÃO BANCÁRIA image found.
11-03-2024 21:17:42.488Z;functions.check_payment_type;  CLICA EM INTEGRAÇÃO BANCÁRIA
11-03-2024 21:17:42.489Z;functions.check_payment_type;  VERIFICANDO INFORMAÇÕES
11-03-2024 21:17:45.841Z;functions.waitForImage;  DADOS BANCARIOS image found.
11-03-2024 21:17:45.974Z;functions.check_payment_type;  DADOS BANCARIOS
11-03-2024 21:17:47.975Z;functions.check_payment_type;  ENTROU DADOS BANCÁRIOS
11-03-2024 21:17:48.077Z;functions.check_payment_type;  APERTA TAB
11-03-2024 21:17:50.181Z;functions.check_payment_type;  CTRL C
11-03-2024 21:17:51.182Z;functions.check_payment_type;  DESCRICAO CORRETA BOLETO
11-03-2024 21:17:51.545Z;functions.waitForImage;  FORMA DE PAGAMENTO image found.
11-03-2024 21:17:53.547Z;functions.check_payment_type;  FORMA DE PAGAMENTO: TITULO DE COBRANÇA (BOLETO)
11-03-2024 21:17:55.876Z;functions.waitForImage;  PRESS BUTTON OK image found.
11-03-2024 21:17:58.010Z;functions.check_payment_type;  PRESS BUTTON OK
11-03-2024 21:18:00.360Z;functions.waitForImage;  PRESS BUTTON OK 2 image found.
11-03-2024 21:18:02.484Z;functions.check_payment_type;  PRESS BUTTON OK 2
11-03-2024 21:18:09.589Z;functions.check_payment_type;  PASSANDO PARA PRÓXIMO REGISTRO
11-03-2024 21:18:19.694Z;functions.check_payment_type;  REF. LANÇAMENTO: 927987
11-03-2024 21:18:19.798Z;functions.check_payment_type;  ENTRANDO NO REGISTRO
11-03-2024 21:18:32.719Z;functions.waitForImage;  INTEGRAÇÃO BANCÁRIA image found.
11-03-2024 21:18:34.838Z;functions.check_payment_type;  CLICA EM INTEGRAÇÃO BANCÁRIA
11-03-2024 21:18:34.838Z;functions.check_payment_type;  VERIFICANDO INFORMAÇÕES
11-03-2024 21:18:38.169Z;functions.waitForImage;  DADOS BANCARIOS image found.
11-03-2024 21:18:38.286Z;functions.check_payment_type;  DADOS BANCARIOS
11-03-2024 21:18:40.303Z;functions.check_payment_type;  ENTROU DADOS BANCÁRIOS
11-03-2024 21:18:40.416Z;functions.check_payment_type;  APERTA TAB
11-03-2024 21:18:42.523Z;functions.check_payment_type;  CTRL C
11-03-2024 21:19:00.871Z;functions.waitForImage;  FORMA DE PAGAMENTO image not found.
11-03-2024 21:19:00.871Z;functions.check_payment_type;  FORMA DE PAGAMENTO NÃO É BOLETO
11-03-2024 21:19:20.124Z;functions.waitForImage;  PRESS BUTTON OK image found.
11-03-2024 21:19:22.240Z;functions.check_payment_type;  PRESS BUTTON OK
11-03-2024 21:19:24.543Z;functions.waitForImage;  PRESS BUTTON OK 2 image found.
11-03-2024 21:19:26.676Z;functions.check_payment_type;  PRESS BUTTON OK 2
11-03-2024 21:19:33.779Z;functions.check_payment_type;  PASSANDO PARA PRÓXIMO REGISTRO
11-03-2024 21:19:43.884Z;functions.check_payment_type;  REF. LANÇAMENTO: 928002
11-03-2024 21:19:43.989Z;functions.check_payment_type;  ENTRANDO NO REGISTRO
11-03-2024 21:20:01.189Z;functions.waitForImage;  INTEGRAÇÃO BANCÁRIA image found.
11-03-2024 21:20:03.324Z;functions.check_payment_type;  CLICA EM INTEGRAÇÃO BANCÁRIA
11-03-2024 21:20:03.324Z;functions.check_payment_type;  VERIFICANDO INFORMAÇÕES
11-03-2024 21:20:06.667Z;functions.waitForImage;  DADOS BANCARIOS image found.
11-03-2024 21:20:06.799Z;functions.check_payment_type;  DADOS BANCARIOS
11-03-2024 21:20:08.800Z;functions.check_payment_type;  ENTROU DADOS BANCÁRIOS
11-03-2024 21:20:08.903Z;functions.check_payment_type;  APERTA TAB
11-03-2024 21:20:11.007Z;functions.check_payment_type;  CTRL C
11-03-2024 21:20:12.008Z;functions.check_payment_type;  DESCRICAO CORRETA BOLETO
11-03-2024 21:20:12.389Z;functions.waitForImage;  FORMA DE PAGAMENTO image found.
11-03-2024 21:20:14.391Z;functions.check_payment_type;  FORMA DE PAGAMENTO: TITULO DE COBRANÇA (BOLETO)
11-03-2024 21:20:16.730Z;functions.waitForImage;  PRESS BUTTON OK image found.
11-03-2024 21:20:18.866Z;functions.check_payment_type;  PRESS BUTTON OK
11-03-2024 21:20:21.197Z;functions.waitForImage;  PRESS BUTTON OK 2 image found.
11-03-2024 21:20:23.327Z;functions.check_payment_type;  PRESS BUTTON OK 2
11-03-2024 21:20:30.432Z;functions.check_payment_type;  PASSANDO PARA PRÓXIMO REGISTRO
11-03-2024 21:20:40.537Z;functions.check_payment_type;  REF. LANÇAMENTO: 928015
11-03-2024 21:20:40.642Z;functions.check_payment_type;  ENTRANDO NO REGISTRO
11-03-2024 21:20:53.542Z;functions.waitForImage;  INTEGRAÇÃO BANCÁRIA image found.
11-03-2024 21:20:55.667Z;functions.check_payment_type;  CLICA EM INTEGRAÇÃO BANCÁRIA
11-03-2024 21:20:55.667Z;functions.check_payment_type;  VERIFICANDO INFORMAÇÕES
11-03-2024 21:20:58.997Z;functions.waitForImage;  DADOS BANCARIOS image found.
11-03-2024 21:20:59.114Z;functions.check_payment_type;  DADOS BANCARIOS
11-03-2024 21:21:01.115Z;functions.check_payment_type;  ENTROU DADOS BANCÁRIOS
11-03-2024 21:21:01.219Z;functions.check_payment_type;  APERTA TAB
11-03-2024 21:21:03.323Z;functions.check_payment_type;  CTRL C
11-03-2024 21:21:04.324Z;functions.check_payment_type;  DESCRICAO CORRETA BOLETO
11-03-2024 21:21:04.699Z;functions.waitForImage;  FORMA DE PAGAMENTO image found.
11-03-2024 21:21:06.708Z;functions.check_payment_type;  FORMA DE PAGAMENTO: TITULO DE COBRANÇA (BOLETO)
11-03-2024 21:21:09.053Z;functions.waitForImage;  PRESS BUTTON OK image found.
11-03-2024 21:21:11.172Z;functions.check_payment_type;  PRESS BUTTON OK
11-03-2024 21:21:13.527Z;functions.waitForImage;  PRESS BUTTON OK 2 image found.
11-03-2024 21:21:15.651Z;functions.check_payment_type;  PRESS BUTTON OK 2
11-03-2024 21:21:22.755Z;functions.check_payment_type;  PASSANDO PARA PRÓXIMO REGISTRO
11-03-2024 21:21:32.860Z;functions.check_payment_type;  REF. LANÇAMENTO: 928024
11-03-2024 21:21:32.966Z;functions.check_payment_type;  ENTRANDO NO REGISTRO
11-03-2024 21:21:55.279Z;functions.waitForImage;  INTEGRAÇÃO BANCÁRIA image found.
11-03-2024 21:21:57.396Z;functions.check_payment_type;  CLICA EM INTEGRAÇÃO BANCÁRIA
11-03-2024 21:21:57.396Z;functions.check_payment_type;  VERIFICANDO INFORMAÇÕES
11-03-2024 21:22:00.744Z;functions.waitForImage;  DADOS BANCARIOS image found.
11-03-2024 21:22:00.864Z;functions.check_payment_type;  DADOS BANCARIOS
11-03-2024 21:22:02.865Z;functions.check_payment_type;  ENTROU DADOS BANCÁRIOS
11-03-2024 21:22:02.970Z;functions.check_payment_type;  APERTA TAB
11-03-2024 21:22:05.074Z;functions.check_payment_type;  CTRL C
11-03-2024 21:22:06.075Z;functions.check_payment_type;  DESCRICAO CORRETA BOLETO
11-03-2024 21:22:06.450Z;functions.waitForImage;  FORMA DE PAGAMENTO image found.
11-03-2024 21:22:08.459Z;functions.check_payment_type;  FORMA DE PAGAMENTO: TITULO DE COBRANÇA (BOLETO)
11-03-2024 21:22:10.807Z;functions.waitForImage;  PRESS BUTTON OK image found.
11-03-2024 21:22:12.926Z;functions.check_payment_type;  PRESS BUTTON OK
11-03-2024 21:22:15.267Z;functions.waitForImage;  PRESS BUTTON OK 2 image found.
11-03-2024 21:22:17.389Z;functions.check_payment_type;  PRESS BUTTON OK 2
11-03-2024 21:22:24.495Z;functions.check_payment_type;  PASSANDO PARA PRÓXIMO REGISTRO
11-03-2024 21:22:34.601Z;functions.check_payment_type;  REF. LANÇAMENTO: 928032
11-03-2024 21:22:34.707Z;functions.check_payment_type;  ENTRANDO NO REGISTRO
11-03-2024 21:22:57.008Z;functions.waitForImage;  INTEGRAÇÃO BANCÁRIA image not found.
11-03-2024 21:22:57.008Z;functions.check_payment_type;  VERIFICANDO INFORMAÇÕES
11-03-2024 21:23:00.308Z;functions.waitForImage;  DADOS BANCARIOS image found.
11-03-2024 21:23:00.425Z;functions.check_payment_type;  DADOS BANCARIOS
11-03-2024 21:23:02.426Z;functions.check_payment_type;  ENTROU DADOS BANCÁRIOS
11-03-2024 21:23:02.529Z;functions.check_payment_type;  APERTA TAB
11-03-2024 21:23:04.633Z;functions.check_payment_type;  CTRL C
11-03-2024 21:23:22.837Z;functions.waitForImage;  FORMA DE PAGAMENTO image not found.
11-03-2024 21:23:22.837Z;functions.check_payment_type;  FORMA DE PAGAMENTO NÃO É BOLETO
11-03-2024 21:23:42.092Z;functions.waitForImage;  PRESS BUTTON OK image found.
11-03-2024 21:23:44.219Z;functions.check_payment_type;  PRESS BUTTON OK
11-03-2024 21:23:56.665Z;functions.waitForImage;  PRESS BUTTON OK 2 image not found.
11-03-2024 21:23:58.780Z;functions.check_payment_type;  PASSANDO PARA PRÓXIMO REGISTRO
11-03-2024 21:24:08.885Z;functions.check_payment_type;  REF. LANÇAMENTO: 928072
11-03-2024 21:24:08.989Z;functions.check_payment_type;  ENTRANDO NO REGISTRO
11-03-2024 21:24:31.167Z;functions.waitForImage;  INTEGRAÇÃO BANCÁRIA image not found.
11-03-2024 21:24:31.167Z;functions.check_payment_type;  VERIFICANDO INFORMAÇÕES
11-03-2024 21:24:41.884Z;functions.waitForImage;  DADOS BANCARIOS image found.
11-03-2024 21:24:42.017Z;functions.check_payment_type;  DADOS BANCARIOS
11-03-2024 21:24:44.018Z;functions.check_payment_type;  ENTROU DADOS BANCÁRIOS
11-03-2024 21:24:44.121Z;functions.check_payment_type;  APERTA TAB
11-03-2024 21:24:46.228Z;functions.check_payment_type;  CTRL C
11-03-2024 21:25:04.449Z;functions.waitForImage;  FORMA DE PAGAMENTO image not found.
11-03-2024 21:25:04.449Z;functions.check_payment_type;  FORMA DE PAGAMENTO NÃO É BOLETO
11-03-2024 21:25:23.695Z;functions.waitForImage;  PRESS BUTTON OK image found.
11-03-2024 21:25:25.829Z;functions.check_payment_type;  PRESS BUTTON OK
11-03-2024 21:25:38.301Z;functions.waitForImage;  PRESS BUTTON OK 2 image not found.
11-03-2024 21:25:40.411Z;functions.check_payment_type;  PASSANDO PARA PRÓXIMO REGISTRO
11-03-2024 21:25:50.516Z;functions.check_payment_type;  REF. LANÇAMENTO: 928098
11-03-2024 21:25:50.623Z;functions.check_payment_type;  ENTRANDO NO REGISTRO
11-03-2024 21:26:12.940Z;functions.waitForImage;  INTEGRAÇÃO BANCÁRIA image not found.
11-03-2024 21:26:12.940Z;functions.check_payment_type;  VERIFICANDO INFORMAÇÕES
11-03-2024 21:26:21.295Z;functions.waitForImage;  DADOS BANCARIOS image found.
11-03-2024 21:26:21.429Z;functions.check_payment_type;  DADOS BANCARIOS
11-03-2024 21:26:23.430Z;functions.check_payment_type;  ENTROU DADOS BANCÁRIOS
11-03-2024 21:26:23.533Z;functions.check_payment_type;  APERTA TAB
11-03-2024 21:26:25.637Z;functions.check_payment_type;  CTRL C
11-03-2024 21:26:44.412Z;functions.waitForImage;  FORMA DE PAGAMENTO image not found.
11-03-2024 21:26:44.412Z;functions.check_payment_type;  FORMA DE PAGAMENTO NÃO É BOLETO
11-03-2024 21:27:03.647Z;functions.waitForImage;  PRESS BUTTON OK image found.
11-03-2024 21:27:05.781Z;functions.check_payment_type;  PRESS BUTTON OK
11-03-2024 21:27:18.123Z;functions.waitForImage;  PRESS BUTTON OK 2 image not found.
11-03-2024 21:27:20.227Z;functions.check_payment_type;  PASSANDO PARA PRÓXIMO REGISTRO
11-03-2024 21:27:30.334Z;functions.check_payment_type;  REF. LANÇAMENTO: 928111
11-03-2024 21:27:30.439Z;functions.check_payment_type;  ENTRANDO NO REGISTRO
11-03-2024 21:27:52.818Z;functions.waitForImage;  INTEGRAÇÃO BANCÁRIA image not found.
11-03-2024 21:27:52.818Z;functions.check_payment_type;  VERIFICANDO INFORMAÇÕES
11-03-2024 21:28:07.819Z;functions.waitForImage;  DADOS BANCARIOS image found.
11-03-2024 21:28:07.937Z;functions.check_payment_type;  DADOS BANCARIOS
11-03-2024 21:28:09.938Z;functions.check_payment_type;  ENTROU DADOS BANCÁRIOS
11-03-2024 21:28:10.043Z;functions.check_payment_type;  APERTA TAB
11-03-2024 21:28:12.148Z;functions.check_payment_type;  CTRL C
11-03-2024 21:28:30.584Z;functions.waitForImage;  FORMA DE PAGAMENTO image not found.
11-03-2024 21:28:30.584Z;functions.check_payment_type;  FORMA DE PAGAMENTO NÃO É BOLETO
11-03-2024 21:28:49.865Z;functions.waitForImage;  PRESS BUTTON OK image found.
11-03-2024 21:28:51.991Z;functions.check_payment_type;  PRESS BUTTON OK
11-03-2024 21:29:04.435Z;functions.waitForImage;  PRESS BUTTON OK 2 image not found.
11-03-2024 21:29:06.551Z;functions.check_payment_type;  PASSANDO PARA PRÓXIMO REGISTRO
11-03-2024 21:29:16.657Z;functions.check_payment_type;  REF. LANÇAMENTO: 928116
11-03-2024 21:29:16.762Z;functions.check_payment_type;  ENTRANDO NO REGISTRO
11-03-2024 21:29:27.983Z;functions.waitForImage;  INTEGRAÇÃO BANCÁRIA image found.
11-03-2024 21:29:30.104Z;functions.check_payment_type;  CLICA EM INTEGRAÇÃO BANCÁRIA
11-03-2024 21:29:30.104Z;functions.check_payment_type;  VERIFICANDO INFORMAÇÕES
11-03-2024 21:29:33.434Z;functions.waitForImage;  DADOS BANCARIOS image found.
11-03-2024 21:29:33.551Z;functions.check_payment_type;  DADOS BANCARIOS
11-03-2024 21:29:35.599Z;functions.check_payment_type;  ENTROU DADOS BANCÁRIOS
11-03-2024 21:29:35.706Z;functions.check_payment_type;  APERTA TAB
11-03-2024 21:29:37.810Z;functions.check_payment_type;  CTRL C
11-03-2024 21:29:38.811Z;functions.check_payment_type;  DESCRICAO CORRETA BOLETO
11-03-2024 21:29:39.170Z;functions.waitForImage;  FORMA DE PAGAMENTO image found.
11-03-2024 21:29:41.175Z;functions.check_payment_type;  FORMA DE PAGAMENTO: TITULO DE COBRANÇA (BOLETO)
11-03-2024 21:29:43.536Z;functions.waitForImage;  PRESS BUTTON OK image found.
11-03-2024 21:29:45.654Z;functions.check_payment_type;  PRESS BUTTON OK
11-03-2024 21:29:48.002Z;functions.waitForImage;  PRESS BUTTON OK 2 image found.
11-03-2024 21:29:50.128Z;functions.check_payment_type;  PRESS BUTTON OK 2
11-03-2024 21:29:57.233Z;functions.check_payment_type;  PASSANDO PARA PRÓXIMO REGISTRO
11-03-2024 21:30:07.338Z;functions.check_payment_type;  REF. LANÇAMENTO: 928120
11-03-2024 21:30:07.443Z;functions.check_payment_type;  ENTRANDO NO REGISTRO
11-03-2024 21:30:20.167Z;functions.waitForImage;  INTEGRAÇÃO BANCÁRIA image found.
11-03-2024 21:30:22.288Z;functions.check_payment_type;  CLICA EM INTEGRAÇÃO BANCÁRIA
11-03-2024 21:30:22.288Z;functions.check_payment_type;  VERIFICANDO INFORMAÇÕES
11-03-2024 21:30:25.614Z;functions.waitForImage;  DADOS BANCARIOS image found.
11-03-2024 21:30:25.746Z;functions.check_payment_type;  DADOS BANCARIOS
11-03-2024 21:30:27.775Z;functions.check_payment_type;  ENTROU DADOS BANCÁRIOS
11-03-2024 21:30:27.880Z;functions.check_payment_type;  APERTA TAB
11-03-2024 21:30:29.983Z;functions.check_payment_type;  CTRL C
11-03-2024 21:30:30.984Z;functions.check_payment_type;  DESCRICAO CORRETA BOLETO
11-03-2024 21:30:31.281Z;functions.waitForImage;  FORMA DE PAGAMENTO image found.
11-03-2024 21:30:33.290Z;functions.check_payment_type;  FORMA DE PAGAMENTO: TITULO DE COBRANÇA (BOLETO)
11-03-2024 21:30:35.597Z;functions.waitForImage;  PRESS BUTTON OK image found.
11-03-2024 21:30:37.732Z;functions.check_payment_type;  PRESS BUTTON OK
11-03-2024 21:30:40.097Z;functions.waitForImage;  PRESS BUTTON OK 2 image found.
11-03-2024 21:30:42.218Z;functions.check_payment_type;  PRESS BUTTON OK 2
11-03-2024 21:30:49.322Z;functions.check_payment_type;  PASSANDO PARA PRÓXIMO REGISTRO
11-03-2024 21:30:59.428Z;functions.check_payment_type;  REF. LANÇAMENTO: 928037
11-03-2024 21:30:59.532Z;functions.check_payment_type;  ENTRANDO NO REGISTRO
11-03-2024 21:31:10.704Z;functions.waitForImage;  INTEGRAÇÃO BANCÁRIA image found.
11-03-2024 21:31:12.828Z;functions.check_payment_type;  CLICA EM INTEGRAÇÃO BANCÁRIA
11-03-2024 21:31:12.828Z;functions.check_payment_type;  VERIFICANDO INFORMAÇÕES
11-03-2024 21:31:16.142Z;functions.waitForImage;  DADOS BANCARIOS image found.
11-03-2024 21:31:16.275Z;functions.check_payment_type;  DADOS BANCARIOS
11-03-2024 21:31:18.276Z;functions.check_payment_type;  ENTROU DADOS BANCÁRIOS
11-03-2024 21:31:18.378Z;functions.check_payment_type;  APERTA TAB
11-03-2024 21:31:20.483Z;functions.check_payment_type;  CTRL C
11-03-2024 21:31:21.483Z;functions.check_payment_type;  DESCRICAO CORRETA BOLETO
11-03-2024 21:31:21.894Z;functions.waitForImage;  FORMA DE PAGAMENTO image found.
11-03-2024 21:31:23.905Z;functions.check_payment_type;  FORMA DE PAGAMENTO: TITULO DE COBRANÇA (BOLETO)
11-03-2024 21:31:26.250Z;functions.waitForImage;  PRESS BUTTON OK image found.
11-03-2024 21:31:28.369Z;functions.check_payment_type;  PRESS BUTTON OK
11-03-2024 21:31:30.708Z;functions.waitForImage;  PRESS BUTTON OK 2 image found.
11-03-2024 21:31:32.835Z;functions.check_payment_type;  PRESS BUTTON OK 2
11-03-2024 21:31:39.938Z;functions.check_payment_type;  PASSANDO PARA PRÓXIMO REGISTRO
11-03-2024 21:31:50.043Z;functions.check_payment_type;  REF. LANÇAMENTO: 928048
11-03-2024 21:31:50.150Z;functions.check_payment_type;  ENTRANDO NO REGISTRO
11-03-2024 21:32:04.712Z;functions.waitForImage;  INTEGRAÇÃO BANCÁRIA image found.
11-03-2024 21:32:06.846Z;functions.check_payment_type;  CLICA EM INTEGRAÇÃO BANCÁRIA
11-03-2024 21:32:06.846Z;functions.check_payment_type;  VERIFICANDO INFORMAÇÕES
11-03-2024 21:32:10.145Z;functions.waitForImage;  DADOS BANCARIOS image found.
11-03-2024 21:32:10.277Z;functions.check_payment_type;  DADOS BANCARIOS
11-03-2024 21:32:12.293Z;functions.check_payment_type;  ENTROU DADOS BANCÁRIOS
11-03-2024 21:32:12.413Z;functions.check_payment_type;  APERTA TAB
11-03-2024 21:32:14.519Z;functions.check_payment_type;  CTRL C
11-03-2024 21:32:15.520Z;functions.check_payment_type;  DESCRICAO CORRETA BOLETO
11-03-2024 21:32:15.848Z;functions.waitForImage;  FORMA DE PAGAMENTO image found.
11-03-2024 21:32:17.856Z;functions.check_payment_type;  FORMA DE PAGAMENTO: TITULO DE COBRANÇA (BOLETO)
11-03-2024 21:32:20.186Z;functions.waitForImage;  PRESS BUTTON OK image found.
11-03-2024 21:32:22.329Z;functions.check_payment_type;  PRESS BUTTON OK
11-03-2024 21:32:24.612Z;functions.waitForImage;  PRESS BUTTON OK 2 image found.
11-03-2024 21:32:26.742Z;functions.check_payment_type;  PRESS BUTTON OK 2
11-03-2024 21:32:33.846Z;functions.check_payment_type;  PASSANDO PARA PRÓXIMO REGISTRO
11-03-2024 21:32:43.951Z;functions.check_payment_type;  REF. LANÇAMENTO: 928055
11-03-2024 21:32:44.056Z;functions.check_payment_type;  ENTRANDO NO REGISTRO
11-03-2024 21:32:56.033Z;functions.waitForImage;  INTEGRAÇÃO BANCÁRIA image found.
11-03-2024 21:32:58.160Z;functions.check_payment_type;  CLICA EM INTEGRAÇÃO BANCÁRIA
11-03-2024 21:32:58.160Z;functions.check_payment_type;  VERIFICANDO INFORMAÇÕES
11-03-2024 21:33:01.502Z;functions.waitForImage;  DADOS BANCARIOS image found.
11-03-2024 21:33:01.606Z;functions.check_payment_type;  DADOS BANCARIOS
11-03-2024 21:33:03.607Z;functions.check_payment_type;  ENTROU DADOS BANCÁRIOS
11-03-2024 21:33:03.710Z;functions.check_payment_type;  APERTA TAB
11-03-2024 21:33:05.815Z;functions.check_payment_type;  CTRL C
11-03-2024 21:33:06.816Z;functions.check_payment_type;  DESCRICAO CORRETA BOLETO
11-03-2024 21:33:07.192Z;functions.waitForImage;  FORMA DE PAGAMENTO image found.
11-03-2024 21:33:09.194Z;functions.check_payment_type;  FORMA DE PAGAMENTO: TITULO DE COBRANÇA (BOLETO)
11-03-2024 21:33:11.549Z;functions.waitForImage;  PRESS BUTTON OK image found.
11-03-2024 21:33:13.675Z;functions.check_payment_type;  PRESS BUTTON OK
11-03-2024 21:33:16.007Z;functions.waitForImage;  PRESS BUTTON OK 2 image found.
11-03-2024 21:33:18.140Z;functions.check_payment_type;  PRESS BUTTON OK 2
11-03-2024 21:33:25.244Z;functions.check_payment_type;  PASSANDO PARA PRÓXIMO REGISTRO
11-03-2024 21:33:35.350Z;functions.check_payment_type;  REF. LANÇAMENTO: 928132
11-03-2024 21:33:35.456Z;functions.check_payment_type;  ENTRANDO NO REGISTRO
11-03-2024 21:33:45.649Z;functions.waitForImage;  INTEGRAÇÃO BANCÁRIA image found.
11-03-2024 21:33:47.770Z;functions.check_payment_type;  CLICA EM INTEGRAÇÃO BANCÁRIA
11-03-2024 21:33:47.770Z;functions.check_payment_type;  VERIFICANDO INFORMAÇÕES
11-03-2024 21:33:51.131Z;functions.waitForImage;  DADOS BANCARIOS image found.
11-03-2024 21:33:51.251Z;functions.check_payment_type;  DADOS BANCARIOS
11-03-2024 21:33:53.252Z;functions.check_payment_type;  ENTROU DADOS BANCÁRIOS
11-03-2024 21:33:53.358Z;functions.check_payment_type;  APERTA TAB
11-03-2024 21:33:55.462Z;functions.check_payment_type;  CTRL C
11-03-2024 21:33:56.463Z;functions.check_payment_type;  DESCRICAO CORRETA BOLETO
11-03-2024 21:33:56.814Z;functions.waitForImage;  FORMA DE PAGAMENTO image found.
11-03-2024 21:33:58.829Z;functions.check_payment_type;  FORMA DE PAGAMENTO: TITULO DE COBRANÇA (BOLETO)
11-03-2024 21:34:01.159Z;functions.waitForImage;  PRESS BUTTON OK image found.
11-03-2024 21:34:03.292Z;functions.check_payment_type;  PRESS BUTTON OK
11-03-2024 21:34:05.626Z;functions.waitForImage;  PRESS BUTTON OK 2 image found.
11-03-2024 21:34:07.757Z;functions.check_payment_type;  PRESS BUTTON OK 2
11-03-2024 21:34:14.860Z;functions.check_payment_type;  PASSANDO PARA PRÓXIMO REGISTRO
11-03-2024 21:34:24.966Z;functions.check_payment_type;  REF. LANÇAMENTO: 928081
11-03-2024 21:34:25.070Z;functions.check_payment_type;  ENTRANDO NO REGISTRO
11-03-2024 21:34:47.439Z;functions.waitForImage;  INTEGRAÇÃO BANCÁRIA image not found.
11-03-2024 21:34:47.439Z;functions.check_payment_type;  VERIFICANDO INFORMAÇÕES
11-03-2024 21:34:59.993Z;functions.waitForImage;  DADOS BANCARIOS image found.
11-03-2024 21:35:00.111Z;functions.check_payment_type;  DADOS BANCARIOS
11-03-2024 21:35:02.112Z;functions.check_payment_type;  ENTROU DADOS BANCÁRIOS
11-03-2024 21:35:02.216Z;functions.check_payment_type;  APERTA TAB
11-03-2024 21:35:04.322Z;functions.check_payment_type;  CTRL C
11-03-2024 21:35:22.813Z;functions.waitForImage;  FORMA DE PAGAMENTO image not found.
11-03-2024 21:35:22.813Z;functions.check_payment_type;  FORMA DE PAGAMENTO NÃO É BOLETO
11-03-2024 21:35:42.065Z;functions.waitForImage;  PRESS BUTTON OK image found.
11-03-2024 21:35:44.193Z;functions.check_payment_type;  PRESS BUTTON OK
11-03-2024 21:35:56.672Z;functions.waitForImage;  PRESS BUTTON OK 2 image not found.
11-03-2024 21:35:58.783Z;functions.check_payment_type;  PASSANDO PARA PRÓXIMO REGISTRO
11-03-2024 21:36:08.888Z;functions.check_payment_type;  REF. LANÇAMENTO: 928143
11-03-2024 21:36:08.994Z;functions.check_payment_type;  ENTRANDO NO REGISTRO
11-03-2024 21:36:31.047Z;functions.waitForImage;  INTEGRAÇÃO BANCÁRIA image not found.
11-03-2024 21:36:31.047Z;functions.check_payment_type;  VERIFICANDO INFORMAÇÕES
11-03-2024 21:36:39.315Z;functions.waitForImage;  DADOS BANCARIOS image found.
11-03-2024 21:36:39.448Z;functions.check_payment_type;  DADOS BANCARIOS
11-03-2024 21:36:41.449Z;functions.check_payment_type;  ENTROU DADOS BANCÁRIOS
11-03-2024 21:36:41.552Z;functions.check_payment_type;  APERTA TAB
11-03-2024 21:36:43.657Z;functions.check_payment_type;  CTRL C
11-03-2024 21:37:02.547Z;functions.waitForImage;  FORMA DE PAGAMENTO image not found.
11-03-2024 21:37:02.547Z;functions.check_payment_type;  FORMA DE PAGAMENTO NÃO É BOLETO
11-03-2024 21:37:21.782Z;functions.waitForImage;  PRESS BUTTON OK image found.
11-03-2024 21:37:23.909Z;functions.check_payment_type;  PRESS BUTTON OK
11-03-2024 21:37:36.229Z;functions.waitForImage;  PRESS BUTTON OK 2 image not found.
11-03-2024 21:37:38.342Z;functions.check_payment_type;  PASSANDO PARA PRÓXIMO REGISTRO
11-03-2024 21:38:05.624Z;functions.show_exception_and_exit;  'NoneType' object has no attribute 'click'
Traceback (most recent call last):
  File "C:\Projetos_Remessas\Remessa_Bancaria\main.py", line 159, in <module>
    result = process_lancamentos()
             ^^^^^^^^^^^^^^^^^^^^^
  File "C:\Projetos_Remessas\Remessa_Bancaria\SUBPROGRAMS\functions.py", line 599, in process_lancamentos
    click_combo.click()
    ^^^^^^^^^^^^^^^^^
AttributeError: 'NoneType' object has no attribute 'click'
11-03-2024 21:38:06.171Z;functions.show_exception_and_exit;  PRINT SALVO
11-03-2024 21:38:06.537Z;functions.show_exception_and_exit;  RM FECHADO
11-03-2024 21:38:09.452Z;errorhandler.__handle;  Property: Unknown Property name. [1:203: -ms-interpolation-mode]
11-03-2024 21:38:09.500Z;errorhandler.__handle;  Property: Unknown Property name. [1:353: -webkit-font-smoothing]
11-03-2024 21:38:09.512Z;errorhandler.__handle;  Property: Unknown Property name. [1:483: -ms-text-size-adjust]
11-03-2024 21:38:09.513Z;errorhandler.__handle;  Property: Unknown Property name. [1:518: -webkit-text-size-adjust]
11-03-2024 21:38:09.517Z;errorhandler.__handle;  Property: Unknown Property name. [1:612: mso-table-lspace]
11-03-2024 21:38:09.518Z;errorhandler.__handle;  Property: Unknown Property name. [1:642: mso-table-rspace]
11-03-2024 21:38:09.733Z;errorhandler.__handle;  Property: Unknown Property name. [1:4734: mso-hide]
11-03-2024 21:38:09.827Z;errorhandler.__handle;  Property: Unknown Property name. [1:13: -ms-interpolation-mode]
11-03-2024 21:38:09.843Z;errorhandler.__handle;  Property: Unknown Property name. [1:49: -webkit-font-smoothing]
11-03-2024 21:38:09.843Z;errorhandler.__handle;  Property: Unknown Property name. [1:134: -ms-text-size-adjust]
11-03-2024 21:38:09.843Z;errorhandler.__handle;  Property: Unknown Property name. [1:160: -webkit-text-size-adjust]
11-03-2024 21:38:09.843Z;errorhandler.__handle;  Property: Unknown Property name. [1:26: mso-table-lspace]
11-03-2024 21:38:09.843Z;errorhandler.__handle;  Property: Unknown Property name. [1:45: mso-table-rspace]
11-03-2024 21:38:09.874Z;errorhandler.__handle;  Property: Unknown Property name. [1:92: mso-hide]
11-03-2024 21:38:09.890Z;errorhandler.__handle;  Property: No ":" after name found: align-center [1:1: align-center]
11-03-2024 21:38:09.890Z;errorhandler.__handle;  Property: No property value found: align-center [1:1: align-center]
11-03-2024 21:38:09.890Z;errorhandler.__handle;  CSSStyleDeclaration: Syntax Error in Property: align-center
11-03-2024 21:38:09.890Z;errorhandler.__handle;  Property: Unknown Property name. [1:14: -ms-interpolation-mode]
11-03-2024 21:38:13.249Z;functions.show_exception_and_exit;  EMAIL EXCEÇÃO ENVIADO
11-03-2024 21:38:13.249Z;functions.show_exception_and_exit;  ERRO - <class 'AttributeError'> / 'NoneType' object has no attribute 'click'
