20-08-2024 05:00:34.146Z;functions.bot_text_art;      ____   
20-08-2024 05:00:34.146Z;functions.bot_text_art;     [____]    
20-08-2024 05:00:34.146Z;functions.bot_text_art;   |=]()()[=|  
20-08-2024 05:00:34.146Z;functions.bot_text_art;     _\==/__    _____    ____     _        _____    ___   _  __
20-08-2024 05:00:34.146Z;functions.bot_text_art;   |__|   |_|  |  _  \  / ___|   | |      |_   _| / ___| | |/ /
20-08-2024 05:00:34.146Z;functions.bot_text_art;   |_|_/\_|_|  | |  | | | |      | |        | |   | |    | ' / 
20-08-2024 05:00:34.146Z;functions.bot_text_art;   | | __ | |  | |  | | | |      | |        | |   | |    |  <  
20-08-2024 05:00:34.146Z;functions.bot_text_art;   |_|[  ]|_|  | |__| | | |____  | |____   _| |_  | |__  | . \ 
20-08-2024 05:00:34.162Z;functions.bot_text_art;   \_|_||_|_/  |_____/   \_____| |______| |_____| \ ___| |_|\_\
20-08-2024 05:00:34.162Z;functions.bot_text_art;     |_||_|                                                     
20-08-2024 05:00:34.162Z;functions.bot_text_art;     | ||_|_   
20-08-2024 05:00:34.162Z;functions.bot_text_art;   |___||___|  
20-08-2024 05:00:34.162Z;functions.bot_text_art;               
20-08-2024 05:00:34.162Z;functions.open_RM;  OPEN PROGRAM RM
20-08-2024 05:00:34.162Z;functions.caps;  DESATIVANDO CAPS
20-08-2024 05:00:34.162Z;functions.loggin_RM;  BUSCANDO LOGGIN RM
20-08-2024 05:00:44.771Z;functions.loggin_RM;  ENTER USER_NAME
20-08-2024 05:00:49.008Z;functions.loggin_RM;  ENTER PASSWORD
20-08-2024 05:00:50.048Z;functions.loggin_RM;  ENTER RM
20-08-2024 05:01:14.584Z;functions.enter_coligada;  CLICK CONTEXTO
20-08-2024 05:01:18.802Z;functions.enter_coligada;  CLICK ALTERAR MODULO DO CONTEXTO
20-08-2024 05:01:21.787Z;functions.enter_coligada;  INSERE O COLIGADA CODE = 1
20-08-2024 05:01:21.889Z;functions.enter_coligada;  APERTA TAB PARA PREENCHER O CAMPO COM A STRING: OCEANICA ENGENHARIA E CONSULTORIA S.A.
20-08-2024 05:01:23.240Z;functions.enter_coligada;  CLICK AVANÇAR NOVAMENTE
20-08-2024 05:01:24.271Z;functions.enter_coligada;  CLICK CONCLUIR
20-08-2024 05:01:44.537Z;functions.waitForImage;  TROCA COLIGADA image not found.
20-08-2024 05:01:53.625Z;functions.enter_coligada;  POP UP COLIGADA DESAPARECER
20-08-2024 05:01:54.428Z;functions.check_movimentacao_bancaria;  CLICK - TOTVS - LINHA RM
20-08-2024 05:01:55.771Z;functions.check_movimentacao_bancaria;  CLICK - BACK OFFICE
20-08-2024 05:01:58.240Z;functions.check_movimentacao_bancaria;  CLICK - GESTAO FINANCEIRA
20-08-2024 05:01:58.240Z;functions.movimentacao_bancaria;  AGUARDANDO 1
20-08-2024 05:02:03.146Z;functions.movimentacao_bancaria;  CLICA NA ABA MOVIMENTAÇÃO BANCARIA
20-08-2024 05:02:03.240Z;functions.waitForImage;  IMAGEM BORDERO image found.
20-08-2024 05:02:05.372Z;functions.movimentacao_bancaria;  IMAGEM BORDERO CLICADA.
20-08-2024 05:02:15.552Z;functions.waitForImage;  LICENCAS EXCEDIDAS image not found.
20-08-2024 05:02:25.599Z;functions.movimentacao_bancaria;  ENCONTROU O FILTRO DA MOVIMENTAÇÃO BANCÁRIA
20-08-2024 05:02:25.646Z;functions.movimentacao_bancaria;  CLICA NA ABA SUPERIOR DO FILTRO
20-08-2024 05:02:32.953Z;functions.movimentacao_bancaria;  SELECIONA O FILTRO HOJE
20-08-2024 05:02:38.006Z;functions.waitForImage;  FILTER CLEAN image found.
20-08-2024 05:02:40.154Z;functions.filter_clean;  CLICA NO BOTÃO X DO LIMPA FILTRO
20-08-2024 05:02:55.600Z;functions.waitForImage;  FILTER CLEAN image not found.
20-08-2024 05:03:11.084Z;functions.waitForImage;  FILTER CLEAN image not found.
20-08-2024 05:03:12.303Z;functions.movimentacao_bancaria;  CLICA NA PRIMEIRA LINHA DA TABELA MOVIMENTAÇÃO BANCÁRIA
20-08-2024 05:03:13.418Z;functions.movimentacao_bancaria;  CLICA NA PRIMEIRA LINHA DA TABELA MOVIMENTAÇÃO BANCÁRIA
20-08-2024 05:03:14.637Z;functions.movimentacao_bancaria;  12 PASSOS PARA DIREITA NA TABELA >>
20-08-2024 05:03:16.271Z;functions.movimentacao_bancaria;  HOVER FILTER
20-08-2024 05:03:16.669Z;functions.movimentacao_bancaria;  CLICK FILTER
20-08-2024 05:03:20.984Z;functions.movimentacao_bancaria;  CLICA NO FILTRO  STATUS DA REMESSA
20-08-2024 05:03:23.085Z;functions.movimentacao_bancaria;  APERTA TAB PARA ESCREVER O FILTRO
20-08-2024 05:03:25.194Z;functions.movimentacao_bancaria;  ESCREVE PENDENTE NO FILTRO
20-08-2024 05:03:27.296Z;functions.movimentacao_bancaria;  APERTA ENTER PARA SELECIONAR OS PENDENTES
20-08-2024 05:03:49.617Z;functions.movimentacao_bancaria;  SEM PROCESSAMENTO DE BORDERO PENDENTE
20-08-2024 05:03:59.714Z;functions.waitForImage;  FILTER CLEAN image found.
20-08-2024 05:04:01.841Z;functions.filter_clean;  CLICA NO BOTÃO X DO LIMPA FILTRO
20-08-2024 05:04:17.365Z;functions.waitForImage;  FILTER CLEAN image not found.
20-08-2024 05:04:32.849Z;functions.waitForImage;  FILTER CLEAN image not found.
20-08-2024 05:04:34.146Z;functions.processo_pagamento;  CLICA NA PRIMEIRA LINHA DA TABELA MOVIMENTAÇÃO BANCÁRIA
20-08-2024 05:04:35.740Z;functions.processo_pagamento;  HOVER FILTER
20-08-2024 05:04:36.138Z;functions.processo_pagamento;  CLICK FILTER
20-08-2024 05:04:40.453Z;functions.processo_pagamento;  CLICA NO FILTRO  STATUS DA REMESSA
20-08-2024 05:04:42.555Z;functions.processo_pagamento;  APERTA TAB PARA ESCREVER O FILTRO
20-08-2024 05:04:44.665Z;functions.processo_pagamento;  ESCREVE AUTORIZADO NO FILTRO
20-08-2024 05:04:46.767Z;functions.processo_pagamento;  APERTA ENTER PARA SELECIONAR OS AUTORIZADOS
20-08-2024 05:05:09.099Z;functions.processo_pagamento;  SEM REMESSA DE BORDERO AUTORIZADO
20-08-2024 05:05:10.202Z;functions.processo_pagamento;  FECHA ABA MOVIMENTAÇÕES BANCÁRIAS
20-08-2024 05:05:11.209Z;functions.enter_contas_a_pagar;  CLICK - TOTVS - LINHA RM
20-08-2024 05:05:12.428Z;functions.enter_contas_a_pagar;  CLICK - BACK OFFICE
20-08-2024 05:05:13.209Z;functions.enter_contas_a_pagar;  CLICK - GESTAO FINANCEIRA
20-08-2024 05:05:20.334Z;functions.enter_contas_a_pagar;  CLICK - CONTAS A PAGAR
20-08-2024 05:05:20.428Z;functions.waitForImage;  LANÇAMENTOS image found.
20-08-2024 05:05:22.560Z;functions.enter_contas_a_pagar;  CLICA EM LANÇAMENTOS
20-08-2024 05:05:37.740Z;functions.waitForImage;  LICENCAS EXCEDIDAS image not found.
20-08-2024 05:05:37.740Z;functions.obter_intervalo_data;  VERIFICANDO A HORA ATUAL 5
20-08-2024 05:05:37.849Z;functions.obter_intervalo_data;  Data Inicial BANCARIA antes da remoção: None
20-08-2024 05:05:37.849Z;functions.obter_intervalo_data;  Data Final BANCARIA antes da remoção: None
20-08-2024 05:05:37.849Z;functions.obter_intervalo_data;  Data Inicial BANCARIA após a remoção: None
20-08-2024 05:05:37.849Z;functions.obter_intervalo_data;  Data Final BANCARIA após a remoção: None
20-08-2024 05:05:37.849Z;functions.obter_intervalo_data;  hoje -  2024-08-20 05:05:37.849958
20-08-2024 05:05:37.849Z;functions.data_filter;  DATA INICIO 21-08-2024
20-08-2024 05:05:37.849Z;functions.data_filter;  DATA FIM 27-08-2024
20-08-2024 05:05:37.849Z;functions.data_filter;  CLICK - SELECIONA A DATA DE QUARTA FEIRA E DA PROXIMA TERÇA
20-08-2024 05:05:37.849Z;functions.data_filter;  QUARTA-FEIRA: 21-08-2024
20-08-2024 05:05:37.849Z;functions.data_filter;  TERCA-FEIRA: 27-08-2024
20-08-2024 05:05:54.388Z;functions.data_filter;  REMESSA BANCÁRIA - FILTRO DIGITADO
20-08-2024 05:05:55.209Z;functions.data_filter;  CLICK - BOTAO DE SELECAO DE FILTRO
20-08-2024 05:05:59.334Z;functions.data_filter;  INSERE - DATA DE QUARTA-FEIRA: 21-08-2024
20-08-2024 05:06:03.224Z;functions.data_filter;  INSERE - DATA DA PROX TERCA-FEIRA: 27-08-2024
20-08-2024 05:06:04.115Z;functions.data_filter;  CLICK - BOTAO DE EXECUTAR O FILTRO
20-08-2024 05:06:09.117Z;functions.desmark_filter;  AGUARDANDO 1
20-08-2024 05:06:10.521Z;functions.desmark_filter;  CLICK CHECKBOX LANÇAMENTOS A RECEBER
20-08-2024 05:06:11.989Z;functions.desmark_filter;  CLICK CHECKBOX LANÇAMENTOS BAIXADOS
20-08-2024 05:06:13.521Z;functions.desmark_filter;  CLICK CHECKBOX LANÇAMENTOS CANCELADOS
20-08-2024 05:06:15.115Z;functions.desmark_filter;  CLICK CHECKBOX LANÇAMENTOS FATURADOS
20-08-2024 05:06:16.664Z;functions.desmark_filter;  CLICK CHECKBOX LANÇAMENTOS FATURADOS
20-08-2024 05:06:21.740Z;functions.waitForImage;  FILTER CLEAN image found.
20-08-2024 05:06:23.846Z;functions.filter_clean;  CLICA NO BOTÃO X DO LIMPA FILTRO
20-08-2024 05:06:39.412Z;functions.waitForImage;  FILTER CLEAN image not found.
20-08-2024 05:06:54.928Z;functions.waitForImage;  FILTER CLEAN image not found.
20-08-2024 05:06:54.928Z;functions.check_table_record;  VERIFICANDO SE A TABELA ESTÁ VAZIA
20-08-2024 05:06:56.896Z;functions.check_table_record;  Texto extraido 1/126
20-08-2024 05:06:56.896Z;functions.check_table_record;  Count 126
20-08-2024 05:06:56.896Z;functions.check_table_record;  Type <class 'int'>
20-08-2024 05:06:56.896Z;functions.check_table_record;  TABELA CONTÉM REGISTROS
20-08-2024 05:07:08.212Z;functions.select_tipo_documento;  NOME DA COLUNA: Tipo de Documento
20-08-2024 05:07:09.693Z;functions.select_tipo_documento;  HOVER NOME DA COLUNA: Tipo de Documento
20-08-2024 05:07:10.404Z;functions.select_tipo_documento;  CLICA NO FILTRO PERSONALIZAR
20-08-2024 05:07:11.428Z;functions.select_tipo_documento;  CLICA PARA SELECIONAR OPÇÕES DO FILTRO
20-08-2024 05:07:17.848Z;functions.select_tipo_documento;  FILTRO "NÃO É IGUAL A INV" DEFINIDO
20-08-2024 05:07:18.681Z;functions.select_tipo_documento;  CLICK BUTTON CONFIRMAR FILTRO
20-08-2024 05:07:23.681Z;functions.filter_IPTE;  VERIFICANDO O COD DO CLIENTE EM CADA REGISTRO
20-08-2024 05:07:24.897Z;functions.filter_IPTE;  CLICA NA PRIMEIRA LINHA DA TABELA
20-08-2024 05:07:45.662Z;functions.filter_IPTE;  HOVER FILTER
20-08-2024 05:07:46.434Z;functions.filter_IPTE;  CLICK FILTER
20-08-2024 05:07:50.747Z;functions.filter_IPTE;  CLICA NO FILTRO PERSONALIZAR
20-08-2024 05:08:34.537Z;functions.filter_IPTE;  MOVIDO PRA CIMA 100 VEZES
20-08-2024 05:09:12.287Z;functions.filter_IPTE;  MOVIDO PRA CIMA MAIS 100 VEZES
20-08-2024 05:09:29.678Z;functions.filter_IPTE;  TABELA NÃO CONTÉM REGISTROS
20-08-2024 05:09:29.678Z;functions.check_table_record;  VERIFICANDO SE A TABELA ESTÁ VAZIA
20-08-2024 05:09:31.381Z;functions.check_table_record;  Texto extraido 0/0
20-08-2024 05:09:31.381Z;functions.check_table_record;  Count 0
20-08-2024 05:09:31.381Z;functions.check_table_record;  Type <class 'int'>
20-08-2024 05:09:31.381Z;functions.check_table_record;  SEM REGISTROS
20-08-2024 05:09:33.387Z;main.<module>;  SEM REMESSA BANCÁRIA
20-08-2024 05:09:33.387Z;functions.movimentacao_bancaria;  AGUARDANDO 1
20-08-2024 05:09:34.303Z;functions.movimentacao_bancaria;  CLICA NA ABA MOVIMENTAÇÃO BANCARIA
20-08-2024 05:09:34.397Z;functions.waitForImage;  IMAGEM BORDERO image found.
20-08-2024 05:09:36.509Z;functions.movimentacao_bancaria;  IMAGEM BORDERO CLICADA.
20-08-2024 05:09:46.678Z;functions.waitForImage;  LICENCAS EXCEDIDAS image not found.
20-08-2024 05:09:47.318Z;functions.movimentacao_bancaria;  ENCONTROU O FILTRO DA MOVIMENTAÇÃO BANCÁRIA
20-08-2024 05:09:47.365Z;functions.movimentacao_bancaria;  CLICA NA ABA SUPERIOR DO FILTRO
20-08-2024 05:09:54.672Z;functions.movimentacao_bancaria;  SELECIONA O FILTRO HOJE
20-08-2024 05:09:59.756Z;functions.waitForImage;  FILTER CLEAN image found.
20-08-2024 05:10:01.873Z;functions.filter_clean;  CLICA NO BOTÃO X DO LIMPA FILTRO
20-08-2024 05:10:17.396Z;functions.waitForImage;  FILTER CLEAN image not found.
20-08-2024 05:10:32.819Z;functions.waitForImage;  FILTER CLEAN image not found.
20-08-2024 05:10:33.960Z;functions.movimentacao_bancaria;  CLICA NA PRIMEIRA LINHA DA TABELA MOVIMENTAÇÃO BANCÁRIA
20-08-2024 05:10:35.084Z;functions.movimentacao_bancaria;  CLICA NA PRIMEIRA LINHA DA TABELA MOVIMENTAÇÃO BANCÁRIA
20-08-2024 05:10:36.300Z;functions.movimentacao_bancaria;  12 PASSOS PARA DIREITA NA TABELA >>
20-08-2024 05:10:37.912Z;functions.movimentacao_bancaria;  HOVER FILTER
20-08-2024 05:10:38.315Z;functions.movimentacao_bancaria;  CLICK FILTER
20-08-2024 05:10:42.631Z;functions.movimentacao_bancaria;  CLICA NO FILTRO  STATUS DA REMESSA
20-08-2024 05:10:44.732Z;functions.movimentacao_bancaria;  APERTA TAB PARA ESCREVER O FILTRO
20-08-2024 05:10:46.839Z;functions.movimentacao_bancaria;  ESCREVE PENDENTE NO FILTRO
20-08-2024 05:10:48.940Z;functions.movimentacao_bancaria;  APERTA ENTER PARA SELECIONAR OS PENDENTES
20-08-2024 05:11:11.287Z;functions.movimentacao_bancaria;  SEM PROCESSAMENTO DE BORDERO PENDENTE
20-08-2024 05:11:21.350Z;functions.waitForImage;  FILTER CLEAN image found.
20-08-2024 05:11:23.497Z;functions.filter_clean;  CLICA NO BOTÃO X DO LIMPA FILTRO
20-08-2024 05:11:38.925Z;functions.waitForImage;  FILTER CLEAN image not found.
20-08-2024 05:11:54.350Z;functions.waitForImage;  FILTER CLEAN image not found.
20-08-2024 05:11:55.584Z;functions.processo_pagamento;  CLICA NA PRIMEIRA LINHA DA TABELA MOVIMENTAÇÃO BANCÁRIA
20-08-2024 05:11:57.225Z;functions.processo_pagamento;  HOVER FILTER
20-08-2024 05:11:57.625Z;functions.processo_pagamento;  CLICK FILTER
20-08-2024 05:12:01.940Z;functions.processo_pagamento;  CLICA NO FILTRO  STATUS DA REMESSA
20-08-2024 05:12:04.041Z;functions.processo_pagamento;  APERTA TAB PARA ESCREVER O FILTRO
20-08-2024 05:12:06.148Z;functions.processo_pagamento;  ESCREVE AUTORIZADO NO FILTRO
20-08-2024 05:12:08.250Z;functions.processo_pagamento;  APERTA ENTER PARA SELECIONAR OS AUTORIZADOS
20-08-2024 05:12:30.615Z;functions.processo_pagamento;  SEM REMESSA DE BORDERO AUTORIZADO
20-08-2024 05:12:31.717Z;functions.processo_pagamento;  FECHA ABA MOVIMENTAÇÕES BANCÁRIAS
20-08-2024 05:12:32.553Z;functions.enter_contas_a_pagar;  CLICK - TOTVS - LINHA RM
20-08-2024 05:12:33.396Z;functions.enter_contas_a_pagar;  CLICK - BACK OFFICE
20-08-2024 05:12:34.178Z;functions.enter_contas_a_pagar;  CLICK - GESTAO FINANCEIRA
20-08-2024 05:12:41.490Z;functions.enter_contas_a_pagar;  CLICK - CONTAS A PAGAR
20-08-2024 05:12:41.584Z;functions.waitForImage;  LANÇAMENTOS image found.
20-08-2024 05:12:43.718Z;functions.enter_contas_a_pagar;  CLICA EM LANÇAMENTOS
20-08-2024 05:12:58.898Z;functions.waitForImage;  LICENCAS EXCEDIDAS image not found.
20-08-2024 05:12:58.898Z;functions.obter_intervalo_data;  VERIFICANDO A HORA ATUAL 5
20-08-2024 05:12:58.904Z;functions.obter_intervalo_data;  Data Inicial BANCARIA antes da remoção: None
20-08-2024 05:12:58.904Z;functions.obter_intervalo_data;  Data Final BANCARIA antes da remoção: None
20-08-2024 05:12:58.908Z;functions.obter_intervalo_data;  Data Inicial BANCARIA após a remoção: None
20-08-2024 05:12:58.908Z;functions.obter_intervalo_data;  Data Final BANCARIA após a remoção: None
20-08-2024 05:12:58.908Z;functions.obter_intervalo_data;  hoje -  2024-08-20 05:12:58.908808
20-08-2024 05:12:58.908Z;functions.data_filter;  DATA INICIO 21-08-2024
20-08-2024 05:12:58.909Z;functions.data_filter;  DATA FIM 27-08-2024
20-08-2024 05:12:58.909Z;functions.data_filter;  CLICK - SELECIONA A DATA DE QUARTA FEIRA E DA PROXIMA TERÇA
20-08-2024 05:12:58.909Z;functions.data_filter;  QUARTA-FEIRA: 21-08-2024
20-08-2024 05:12:58.909Z;functions.data_filter;  TERCA-FEIRA: 27-08-2024
20-08-2024 05:13:15.418Z;functions.data_filter;  REMESSA BANCÁRIA - FILTRO DIGITADO
20-08-2024 05:13:16.209Z;functions.data_filter;  CLICK - BOTAO DE SELECAO DE FILTRO
20-08-2024 05:13:20.350Z;functions.data_filter;  INSERE - DATA DE QUARTA-FEIRA: 21-08-2024
20-08-2024 05:13:24.287Z;functions.data_filter;  INSERE - DATA DA PROX TERCA-FEIRA: 27-08-2024
20-08-2024 05:13:25.178Z;functions.data_filter;  CLICK - BOTAO DE EXECUTAR O FILTRO
20-08-2024 05:13:30.180Z;functions.desmark_filter;  AGUARDANDO 1
20-08-2024 05:13:31.647Z;functions.desmark_filter;  CLICK CHECKBOX LANÇAMENTOS A RECEBER
20-08-2024 05:13:32.959Z;functions.desmark_filter;  CLICK CHECKBOX LANÇAMENTOS BAIXADOS
20-08-2024 05:13:34.452Z;functions.desmark_filter;  CLICK CHECKBOX LANÇAMENTOS CANCELADOS
20-08-2024 05:13:36.053Z;functions.desmark_filter;  CLICK CHECKBOX LANÇAMENTOS FATURADOS
20-08-2024 05:13:37.584Z;functions.desmark_filter;  CLICK CHECKBOX LANÇAMENTOS FATURADOS
20-08-2024 05:13:42.678Z;functions.waitForImage;  FILTER CLEAN image found.
20-08-2024 05:13:44.787Z;functions.filter_clean;  CLICA NO BOTÃO X DO LIMPA FILTRO
20-08-2024 05:14:00.287Z;functions.waitForImage;  FILTER CLEAN image not found.
20-08-2024 05:14:15.818Z;functions.waitForImage;  FILTER CLEAN image not found.
20-08-2024 05:14:16.803Z;functions.filter_forma_pagamento;  CLICA NA PRIMEIRA LINHA DA TABELA
20-08-2024 05:14:17.022Z;functions.filter_forma_pagamento;  CLICK NA PRIMEIRA LINHA E COLUNA DA TABELA
20-08-2024 05:14:33.254Z;functions.filter_forma_pagamento;  160 PASSOS PARA DIREITA NA TABELA >>
20-08-2024 05:14:36.412Z;functions.filter_forma_pagamento;  HOVER NOME DA COLUNA FORMA DE PAGAMENTO
20-08-2024 05:14:37.310Z;functions.filter_forma_pagamento;  CLICA PARA APARECER O FILTRO PERSONALIZAR
20-08-2024 05:14:40.623Z;functions.filter_forma_pagamento;  CLICA NO FILTRO PERSONALIZAR
20-08-2024 05:14:51.850Z;functions.filter_forma_pagamento;  Texto extraido 0/0
20-08-2024 05:14:51.850Z;functions.filter_forma_pagamento;  Count 0
20-08-2024 05:14:51.850Z;functions.filter_forma_pagamento;  Type <class 'int'>
20-08-2024 05:14:51.850Z;functions.filter_forma_pagamento;  SEM REGISTROS
20-08-2024 05:14:53.865Z;functions.check_table_record;  VERIFICANDO SE A TABELA ESTÁ VAZIA
20-08-2024 05:14:55.662Z;functions.check_table_record;  Texto extraido 0/0
20-08-2024 05:14:55.662Z;functions.check_table_record;  Count 0
20-08-2024 05:14:55.662Z;functions.check_table_record;  Type <class 'int'>
20-08-2024 05:14:55.662Z;functions.check_table_record;  SEM REGISTROS
20-08-2024 05:14:59.670Z;main.<module>;  SEM REMESSA DE TED CIP
20-08-2024 05:15:00.490Z;functions.enter_contas_a_pagar;  CLICK - TOTVS - LINHA RM
20-08-2024 05:15:01.740Z;functions.enter_contas_a_pagar;  CLICK - BACK OFFICE
20-08-2024 05:15:02.553Z;functions.enter_contas_a_pagar;  CLICK - GESTAO FINANCEIRA
20-08-2024 05:15:09.772Z;functions.enter_contas_a_pagar;  CLICK - CONTAS A PAGAR
20-08-2024 05:15:09.865Z;functions.waitForImage;  LANÇAMENTOS image found.
20-08-2024 05:15:11.999Z;functions.enter_contas_a_pagar;  CLICA EM LANÇAMENTOS
20-08-2024 05:15:27.162Z;functions.waitForImage;  LICENCAS EXCEDIDAS image not found.
20-08-2024 05:15:27.178Z;functions.obter_intervalo_data;  VERIFICANDO A HORA ATUAL 5
20-08-2024 05:15:27.178Z;functions.obter_intervalo_data;  Data Inicial BANCARIA antes da remoção: None
20-08-2024 05:15:27.178Z;functions.obter_intervalo_data;  Data Final BANCARIA antes da remoção: None
20-08-2024 05:15:27.178Z;functions.obter_intervalo_data;  Data Inicial BANCARIA após a remoção: None
20-08-2024 05:15:27.178Z;functions.obter_intervalo_data;  Data Final BANCARIA após a remoção: None
20-08-2024 05:15:27.178Z;functions.obter_intervalo_data;  hoje -  2024-08-20 05:15:27.178303
20-08-2024 05:15:27.178Z;functions.data_filter;  DATA INICIO 21-08-2024
20-08-2024 05:15:27.178Z;functions.data_filter;  DATA FIM 27-08-2024
20-08-2024 05:15:27.178Z;functions.data_filter;  CLICK - SELECIONA A DATA DE QUARTA FEIRA E DA PROXIMA TERÇA
20-08-2024 05:15:27.178Z;functions.data_filter;  QUARTA-FEIRA: 21-08-2024
20-08-2024 05:15:27.178Z;functions.data_filter;  TERCA-FEIRA: 27-08-2024
20-08-2024 05:15:43.696Z;functions.data_filter;  REMESSA BANCÁRIA - FILTRO DIGITADO
20-08-2024 05:15:44.459Z;functions.data_filter;  CLICK - BOTAO DE SELECAO DE FILTRO
20-08-2024 05:15:48.600Z;functions.data_filter;  INSERE - DATA DE QUARTA-FEIRA: 21-08-2024
20-08-2024 05:15:52.537Z;functions.data_filter;  INSERE - DATA DA PROX TERCA-FEIRA: 27-08-2024
20-08-2024 05:15:53.428Z;functions.data_filter;  CLICK - BOTAO DE EXECUTAR O FILTRO
20-08-2024 05:15:58.431Z;functions.desmark_filter;  AGUARDANDO 1
20-08-2024 05:15:59.834Z;functions.desmark_filter;  CLICK CHECKBOX LANÇAMENTOS A RECEBER
20-08-2024 05:16:01.272Z;functions.desmark_filter;  CLICK CHECKBOX LANÇAMENTOS BAIXADOS
20-08-2024 05:16:02.772Z;functions.desmark_filter;  CLICK CHECKBOX LANÇAMENTOS CANCELADOS
20-08-2024 05:16:04.428Z;functions.desmark_filter;  CLICK CHECKBOX LANÇAMENTOS FATURADOS
20-08-2024 05:16:06.022Z;functions.desmark_filter;  CLICK CHECKBOX LANÇAMENTOS FATURADOS
20-08-2024 05:16:11.115Z;functions.waitForImage;  FILTER CLEAN image found.
20-08-2024 05:16:13.223Z;functions.filter_clean;  CLICA NO BOTÃO X DO LIMPA FILTRO
20-08-2024 05:16:28.742Z;functions.waitForImage;  FILTER CLEAN image not found.
20-08-2024 05:16:44.272Z;functions.waitForImage;  FILTER CLEAN image not found.
20-08-2024 05:16:47.412Z;functions.filter_forma_pagamento_branco;  MOVIDO PRA CIMA 10 VEZES
20-08-2024 05:16:48.615Z;functions.filter_forma_pagamento_branco;  CLICK NA PRIMEIRA LINHA E COLUNA DA TABELA
20-08-2024 05:17:04.821Z;functions.filter_forma_pagamento_branco;  160 PASSOS PARA DIREITA NA TABELA >>
20-08-2024 05:17:08.053Z;functions.filter_forma_pagamento_branco;  HOVER NOME DA COLUNA FORMA DE PAGAMENTO
20-08-2024 05:17:09.029Z;functions.filter_forma_pagamento_branco;  CLICA PARA APARECER O FILTRO PERSONALIZAR
20-08-2024 05:17:12.343Z;functions.filter_forma_pagamento_branco;  CLICA NO FILTRO PERSONALIZAR
20-08-2024 05:17:19.787Z;functions.filter_forma_pagamento_branco;  Texto extraido 1/17
20-08-2024 05:17:19.787Z;functions.filter_forma_pagamento_branco;  Count 17
20-08-2024 05:17:19.787Z;functions.filter_forma_pagamento_branco;  Type <class 'int'>
20-08-2024 05:17:19.787Z;functions.filter_forma_pagamento_branco;  TABELA CONTÉM REGISTROS
20-08-2024 05:17:24.350Z;functions.filter_forma_pagamento_branco;  MOVIDO PRA CIMA 17 VEZES
20-08-2024 05:17:27.747Z;functions.check_table_record;  VERIFICANDO SE A TABELA ESTÁ VAZIA
20-08-2024 05:17:29.459Z;functions.check_table_record;  Texto extraido 1/17
20-08-2024 05:17:29.459Z;functions.check_table_record;  Count 17
20-08-2024 05:17:29.459Z;functions.check_table_record;  Type <class 'int'>
20-08-2024 05:17:29.459Z;functions.check_table_record;  TABELA CONTÉM REGISTROS
20-08-2024 05:17:29.459Z;functions.check_ted_branco;  VERIFICANDO O COD DO CLIENTE EM CADA REGISTRO
20-08-2024 05:17:30.490Z;functions.check_ted_branco;  CLICA NA PRIMEIRA LINHA DA TABELA
20-08-2024 05:17:34.595Z;functions.check_ted_branco;  REFERNCIA: 993149
20-08-2024 05:17:34.595Z;functions.check_ted_branco;  CONTAGEM: 1
20-08-2024 05:17:34.896Z;functions.check_ted_branco;  ENTRANDO NO REGISTRO 
20-08-2024 05:17:45.866Z;functions.waitForImage;  INTEGRAÇÃO BANCÁRIA image found.
20-08-2024 05:17:45.998Z;functions.check_ted_branco;  CLICA EM INTEGRAÇÃO BANCÁRIA
20-08-2024 05:17:45.998Z;functions.check_ted_branco;  VERIFICANDO INFORMAÇÕES
20-08-2024 05:17:46.092Z;functions.waitForImage;  TRES PONTINHOS image found.
20-08-2024 05:17:58.707Z;functions.check_ted_branco;  VERIFICANDO SE TEM PIX NO FILTRO
20-08-2024 05:17:58.804Z;functions.waitForImage;  CHECANDO DADOS BANCÁRIOS PIX image found.
20-08-2024 05:18:00.808Z;functions.check_ted_branco;  PIX NÃO ENCONTRADO PARA REFERENCIA: 993149
20-08-2024 05:18:04.515Z;functions.check_ted_branco;  APERTA EM CANCELAR
20-08-2024 05:18:04.584Z;functions.waitForImage;  PRESS BUTTON OK image found.
20-08-2024 05:18:06.717Z;functions.click_ok;  PRESS BUTTON OK
20-08-2024 05:18:18.831Z;functions.waitForImage;  ERROR GENERICO image not found.
20-08-2024 05:18:24.303Z;functions.waitForImage;  ERROR FILTRO PIX image not found.
20-08-2024 05:18:28.410Z;functions.check_ted_branco;  PASSANDO PARA PRÓXIMO REGISTRO
20-08-2024 05:18:32.513Z;functions.check_ted_branco;  REFERNCIA: 993902
20-08-2024 05:18:32.513Z;functions.check_ted_branco;  CONTAGEM: 2
20-08-2024 05:18:32.814Z;functions.check_ted_branco;  ENTRANDO NO REGISTRO 
20-08-2024 05:18:35.990Z;functions.waitForImage;  INTEGRAÇÃO BANCÁRIA image found.
20-08-2024 05:18:36.124Z;functions.check_ted_branco;  CLICA EM INTEGRAÇÃO BANCÁRIA
20-08-2024 05:18:36.124Z;functions.check_ted_branco;  VERIFICANDO INFORMAÇÕES
20-08-2024 05:18:36.209Z;functions.waitForImage;  TRES PONTINHOS image found.
20-08-2024 05:18:48.828Z;functions.check_ted_branco;  VERIFICANDO SE TEM PIX NO FILTRO
20-08-2024 05:18:48.909Z;functions.waitForImage;  CHECANDO DADOS BANCÁRIOS PIX image found.
20-08-2024 05:18:50.910Z;functions.check_ted_branco;  PIX NÃO ENCONTRADO PARA REFERENCIA: 993902
20-08-2024 05:18:54.616Z;functions.check_ted_branco;  APERTA EM CANCELAR
20-08-2024 05:18:54.709Z;functions.waitForImage;  PRESS BUTTON OK image found.
20-08-2024 05:18:56.841Z;functions.click_ok;  PRESS BUTTON OK
20-08-2024 05:19:08.928Z;functions.waitForImage;  ERROR GENERICO image not found.
20-08-2024 05:19:14.365Z;functions.waitForImage;  ERROR FILTRO PIX image not found.
20-08-2024 05:19:18.478Z;functions.check_ted_branco;  PASSANDO PARA PRÓXIMO REGISTRO
20-08-2024 05:19:22.582Z;functions.check_ted_branco;  REFERNCIA: 993355
20-08-2024 05:19:22.582Z;functions.check_ted_branco;  CONTAGEM: 3
20-08-2024 05:19:22.883Z;functions.check_ted_branco;  ENTRANDO NO REGISTRO 
20-08-2024 05:19:26.053Z;functions.waitForImage;  INTEGRAÇÃO BANCÁRIA image found.
20-08-2024 05:19:26.185Z;functions.check_ted_branco;  CLICA EM INTEGRAÇÃO BANCÁRIA
20-08-2024 05:19:26.185Z;functions.check_ted_branco;  VERIFICANDO INFORMAÇÕES
20-08-2024 05:19:26.865Z;functions.waitForImage;  TRES PONTINHOS image found.
20-08-2024 05:19:39.481Z;functions.check_ted_branco;  VERIFICANDO SE TEM PIX NO FILTRO
20-08-2024 05:19:39.538Z;functions.waitForImage;  CHECANDO DADOS BANCÁRIOS PIX image found.
20-08-2024 05:19:41.553Z;functions.check_ted_branco;  PIX NÃO ENCONTRADO PARA REFERENCIA: 993355
20-08-2024 05:19:45.272Z;functions.check_ted_branco;  APERTA EM CANCELAR
20-08-2024 05:19:45.365Z;functions.waitForImage;  PRESS BUTTON OK image found.
20-08-2024 05:19:47.497Z;functions.click_ok;  PRESS BUTTON OK
20-08-2024 05:19:59.553Z;functions.waitForImage;  ERROR GENERICO image not found.
20-08-2024 05:20:05.006Z;functions.waitForImage;  ERROR FILTRO PIX image not found.
20-08-2024 05:20:09.113Z;functions.check_ted_branco;  PASSANDO PARA PRÓXIMO REGISTRO
20-08-2024 05:20:13.215Z;functions.check_ted_branco;  REFERNCIA: 994186
20-08-2024 05:20:13.215Z;functions.check_ted_branco;  CONTAGEM: 4
20-08-2024 05:20:13.516Z;functions.check_ted_branco;  ENTRANDO NO REGISTRO 
20-08-2024 05:20:16.709Z;functions.waitForImage;  INTEGRAÇÃO BANCÁRIA image found.
20-08-2024 05:20:16.842Z;functions.check_ted_branco;  CLICA EM INTEGRAÇÃO BANCÁRIA
20-08-2024 05:20:16.842Z;functions.check_ted_branco;  VERIFICANDO INFORMAÇÕES
20-08-2024 05:20:17.522Z;functions.waitForImage;  TRES PONTINHOS image found.
20-08-2024 05:20:30.139Z;functions.check_ted_branco;  VERIFICANDO SE TEM PIX NO FILTRO
20-08-2024 05:20:30.225Z;functions.waitForImage;  CHECANDO DADOS BANCÁRIOS PIX image found.
20-08-2024 05:20:32.228Z;functions.check_ted_branco;  PIX NÃO ENCONTRADO PARA REFERENCIA: 994186
20-08-2024 05:20:35.935Z;functions.check_ted_branco;  APERTA EM CANCELAR
20-08-2024 05:20:36.006Z;functions.waitForImage;  PRESS BUTTON OK image found.
20-08-2024 05:20:38.155Z;functions.click_ok;  PRESS BUTTON OK
20-08-2024 05:20:50.210Z;functions.waitForImage;  ERROR GENERICO image not found.
20-08-2024 05:20:55.647Z;functions.waitForImage;  ERROR FILTRO PIX image not found.
20-08-2024 05:20:59.764Z;functions.check_ted_branco;  PASSANDO PARA PRÓXIMO REGISTRO
20-08-2024 05:21:03.867Z;functions.check_ted_branco;  REFERNCIA: 992554
20-08-2024 05:21:03.867Z;functions.check_ted_branco;  CONTAGEM: 5
20-08-2024 05:21:04.168Z;functions.check_ted_branco;  ENTRANDO NO REGISTRO 
20-08-2024 05:21:07.365Z;functions.waitForImage;  INTEGRAÇÃO BANCÁRIA image found.
20-08-2024 05:21:07.499Z;functions.check_ted_branco;  CLICA EM INTEGRAÇÃO BANCÁRIA
20-08-2024 05:21:07.499Z;functions.check_ted_branco;  VERIFICANDO INFORMAÇÕES
20-08-2024 05:21:08.178Z;functions.waitForImage;  TRES PONTINHOS image found.
20-08-2024 05:21:20.795Z;functions.check_ted_branco;  VERIFICANDO SE TEM PIX NO FILTRO
20-08-2024 05:21:20.881Z;functions.waitForImage;  CHECANDO DADOS BANCÁRIOS PIX image found.
20-08-2024 05:21:22.882Z;functions.check_ted_branco;  PIX NÃO ENCONTRADO PARA REFERENCIA: 992554
20-08-2024 05:21:26.603Z;functions.check_ted_branco;  APERTA EM CANCELAR
20-08-2024 05:21:26.663Z;functions.waitForImage;  PRESS BUTTON OK image found.
20-08-2024 05:21:28.780Z;functions.click_ok;  PRESS BUTTON OK
20-08-2024 05:21:40.881Z;functions.waitForImage;  ERROR GENERICO image not found.
20-08-2024 05:21:46.319Z;functions.waitForImage;  ERROR FILTRO PIX image not found.
20-08-2024 05:21:50.431Z;functions.check_ted_branco;  PASSANDO PARA PRÓXIMO REGISTRO
20-08-2024 05:21:54.534Z;functions.check_ted_branco;  REFERNCIA: 994260
20-08-2024 05:21:54.534Z;functions.check_ted_branco;  CONTAGEM: 6
20-08-2024 05:21:54.835Z;functions.check_ted_branco;  ENTRANDO NO REGISTRO 
20-08-2024 05:21:58.022Z;functions.waitForImage;  INTEGRAÇÃO BANCÁRIA image found.
20-08-2024 05:21:58.155Z;functions.check_ted_branco;  CLICA EM INTEGRAÇÃO BANCÁRIA
20-08-2024 05:21:58.155Z;functions.check_ted_branco;  VERIFICANDO INFORMAÇÕES
20-08-2024 05:21:58.848Z;functions.waitForImage;  TRES PONTINHOS image found.
20-08-2024 05:22:11.463Z;functions.check_ted_branco;  VERIFICANDO SE TEM PIX NO FILTRO
20-08-2024 05:22:11.553Z;functions.waitForImage;  CHECANDO DADOS BANCÁRIOS PIX image found.
20-08-2024 05:22:13.555Z;functions.check_ted_branco;  PIX NÃO ENCONTRADO PARA REFERENCIA: 994260
20-08-2024 05:22:17.271Z;functions.check_ted_branco;  APERTA EM CANCELAR
20-08-2024 05:22:17.350Z;functions.waitForImage;  PRESS BUTTON OK image found.
20-08-2024 05:22:19.467Z;functions.click_ok;  PRESS BUTTON OK
20-08-2024 05:22:31.569Z;functions.waitForImage;  ERROR GENERICO image not found.
20-08-2024 05:22:37.038Z;functions.waitForImage;  ERROR FILTRO PIX image not found.
20-08-2024 05:22:41.144Z;functions.check_ted_branco;  PASSANDO PARA PRÓXIMO REGISTRO
20-08-2024 05:22:45.247Z;functions.check_ted_branco;  REFERNCIA: 993614
20-08-2024 05:22:45.247Z;functions.check_ted_branco;  CONTAGEM: 7
20-08-2024 05:22:45.548Z;functions.check_ted_branco;  ENTRANDO NO REGISTRO 
20-08-2024 05:22:48.754Z;functions.waitForImage;  INTEGRAÇÃO BANCÁRIA image found.
20-08-2024 05:22:48.874Z;functions.check_ted_branco;  CLICA EM INTEGRAÇÃO BANCÁRIA
20-08-2024 05:22:48.874Z;functions.check_ted_branco;  VERIFICANDO INFORMAÇÕES
20-08-2024 05:22:49.538Z;functions.waitForImage;  TRES PONTINHOS image found.
20-08-2024 05:23:02.165Z;functions.check_ted_branco;  VERIFICANDO SE TEM PIX NO FILTRO
20-08-2024 05:23:02.225Z;functions.waitForImage;  CHECANDO DADOS BANCÁRIOS PIX image found.
20-08-2024 05:23:04.240Z;functions.check_ted_branco;  PIX NÃO ENCONTRADO PARA REFERENCIA: 993614
20-08-2024 05:23:07.960Z;functions.check_ted_branco;  APERTA EM CANCELAR
20-08-2024 05:23:08.037Z;functions.waitForImage;  PRESS BUTTON OK image found.
20-08-2024 05:23:10.155Z;functions.click_ok;  PRESS BUTTON OK
20-08-2024 05:23:22.709Z;functions.waitForImage;  ERROR GENERICO image not found.
20-08-2024 05:23:28.147Z;functions.waitForImage;  ERROR FILTRO PIX image not found.
20-08-2024 05:23:32.260Z;functions.check_ted_branco;  PASSANDO PARA PRÓXIMO REGISTRO
20-08-2024 05:23:36.363Z;functions.check_ted_branco;  REFERNCIA: 993456
20-08-2024 05:23:36.363Z;functions.check_ted_branco;  CONTAGEM: 8
20-08-2024 05:23:36.664Z;functions.check_ted_branco;  ENTRANDO NO REGISTRO 
20-08-2024 05:23:39.850Z;functions.waitForImage;  INTEGRAÇÃO BANCÁRIA image found.
20-08-2024 05:23:39.967Z;functions.check_ted_branco;  CLICA EM INTEGRAÇÃO BANCÁRIA
20-08-2024 05:23:39.967Z;functions.check_ted_branco;  VERIFICANDO INFORMAÇÕES
20-08-2024 05:23:40.038Z;functions.waitForImage;  TRES PONTINHOS image found.
20-08-2024 05:23:52.666Z;functions.check_ted_branco;  VERIFICANDO SE TEM PIX NO FILTRO
20-08-2024 05:23:52.741Z;functions.waitForImage;  CHECANDO DADOS BANCÁRIOS PIX image found.
20-08-2024 05:23:54.749Z;functions.check_ted_branco;  PIX NÃO ENCONTRADO PARA REFERENCIA: 993456
20-08-2024 05:23:58.458Z;functions.check_ted_branco;  APERTA EM CANCELAR
20-08-2024 05:23:58.537Z;functions.waitForImage;  PRESS BUTTON OK image found.
20-08-2024 05:24:00.656Z;functions.click_ok;  PRESS BUTTON OK
20-08-2024 05:24:13.131Z;functions.waitForImage;  ERROR GENERICO image not found.
20-08-2024 05:24:18.584Z;functions.waitForImage;  ERROR FILTRO PIX image not found.
20-08-2024 05:24:22.691Z;functions.check_ted_branco;  PASSANDO PARA PRÓXIMO REGISTRO
20-08-2024 05:24:26.794Z;functions.check_ted_branco;  REFERNCIA: 990056
20-08-2024 05:24:26.794Z;functions.check_ted_branco;  CONTAGEM: 9
20-08-2024 05:24:27.096Z;functions.check_ted_branco;  ENTRANDO NO REGISTRO 
20-08-2024 05:24:31.459Z;functions.waitForImage;  INTEGRAÇÃO BANCÁRIA image found.
20-08-2024 05:24:31.592Z;functions.check_ted_branco;  CLICA EM INTEGRAÇÃO BANCÁRIA
20-08-2024 05:24:31.592Z;functions.check_ted_branco;  VERIFICANDO INFORMAÇÕES
20-08-2024 05:24:31.683Z;functions.waitForImage;  TRES PONTINHOS image found.
20-08-2024 05:24:44.297Z;functions.check_ted_branco;  VERIFICANDO SE TEM PIX NO FILTRO
20-08-2024 05:24:44.350Z;functions.waitForImage;  CHECANDO DADOS BANCÁRIOS PIX image found.
20-08-2024 05:24:46.365Z;functions.check_ted_branco;  PIX NÃO ENCONTRADO PARA REFERENCIA: 990056
20-08-2024 05:24:50.071Z;functions.check_ted_branco;  APERTA EM CANCELAR
20-08-2024 05:24:50.131Z;functions.waitForImage;  PRESS BUTTON OK image found.
20-08-2024 05:24:52.249Z;functions.click_ok;  PRESS BUTTON OK
20-08-2024 05:25:04.787Z;functions.waitForImage;  ERROR GENERICO image not found.
20-08-2024 05:25:10.241Z;functions.waitForImage;  ERROR FILTRO PIX image not found.
20-08-2024 05:25:14.353Z;functions.check_ted_branco;  PASSANDO PARA PRÓXIMO REGISTRO
20-08-2024 05:25:18.455Z;functions.check_ted_branco;  REFERNCIA: 993477
20-08-2024 05:25:18.455Z;functions.check_ted_branco;  CONTAGEM: 10
20-08-2024 05:25:18.757Z;functions.check_ted_branco;  ENTRANDO NO REGISTRO 
20-08-2024 05:25:21.928Z;functions.waitForImage;  INTEGRAÇÃO BANCÁRIA image found.
20-08-2024 05:25:22.061Z;functions.check_ted_branco;  CLICA EM INTEGRAÇÃO BANCÁRIA
20-08-2024 05:25:22.061Z;functions.check_ted_branco;  VERIFICANDO INFORMAÇÕES
20-08-2024 05:25:22.725Z;functions.waitForImage;  TRES PONTINHOS image found.
20-08-2024 05:25:35.352Z;functions.check_ted_branco;  VERIFICANDO SE TEM PIX NO FILTRO
20-08-2024 05:25:35.428Z;functions.waitForImage;  CHECANDO DADOS BANCÁRIOS PIX image found.
20-08-2024 05:25:37.431Z;functions.check_ted_branco;  PIX NÃO ENCONTRADO PARA REFERENCIA: 993477
20-08-2024 05:25:41.140Z;functions.check_ted_branco;  APERTA EM CANCELAR
20-08-2024 05:25:41.209Z;functions.waitForImage;  PRESS BUTTON OK image found.
20-08-2024 05:25:43.342Z;functions.click_ok;  PRESS BUTTON OK
20-08-2024 05:25:55.350Z;functions.waitForImage;  ERROR GENERICO image not found.
20-08-2024 05:26:00.787Z;functions.waitForImage;  ERROR FILTRO PIX image not found.
20-08-2024 05:26:04.898Z;functions.check_ted_branco;  PASSANDO PARA PRÓXIMO REGISTRO
20-08-2024 05:26:09.000Z;functions.check_ted_branco;  REFERNCIA: 992459
20-08-2024 05:26:09.000Z;functions.check_ted_branco;  CONTAGEM: 11
20-08-2024 05:26:09.301Z;functions.check_ted_branco;  ENTRANDO NO REGISTRO 
20-08-2024 05:26:12.491Z;functions.waitForImage;  INTEGRAÇÃO BANCÁRIA image found.
20-08-2024 05:26:12.623Z;functions.check_ted_branco;  CLICA EM INTEGRAÇÃO BANCÁRIA
20-08-2024 05:26:12.623Z;functions.check_ted_branco;  VERIFICANDO INFORMAÇÕES
20-08-2024 05:26:12.709Z;functions.waitForImage;  TRES PONTINHOS image found.
20-08-2024 05:26:25.330Z;functions.check_ted_branco;  VERIFICANDO SE TEM PIX NO FILTRO
20-08-2024 05:26:25.381Z;functions.waitForImage;  CHECANDO DADOS BANCÁRIOS PIX image found.
20-08-2024 05:26:27.393Z;functions.check_ted_branco;  PIX NÃO ENCONTRADO PARA REFERENCIA: 992459
20-08-2024 05:26:31.102Z;functions.check_ted_branco;  APERTA EM CANCELAR
20-08-2024 05:26:31.163Z;functions.waitForImage;  PRESS BUTTON OK image found.
20-08-2024 05:26:33.281Z;functions.click_ok;  PRESS BUTTON OK
20-08-2024 05:26:45.819Z;functions.waitForImage;  ERROR GENERICO image not found.
20-08-2024 05:26:51.272Z;functions.waitForImage;  ERROR FILTRO PIX image not found.
20-08-2024 05:26:55.386Z;functions.check_ted_branco;  PASSANDO PARA PRÓXIMO REGISTRO
20-08-2024 05:26:59.488Z;functions.check_ted_branco;  REFERNCIA: 992813
20-08-2024 05:26:59.488Z;functions.check_ted_branco;  CONTAGEM: 12
20-08-2024 05:26:59.789Z;functions.check_ted_branco;  ENTRANDO NO REGISTRO 
20-08-2024 05:27:02.960Z;functions.waitForImage;  INTEGRAÇÃO BANCÁRIA image found.
20-08-2024 05:27:03.092Z;functions.check_ted_branco;  CLICA EM INTEGRAÇÃO BANCÁRIA
20-08-2024 05:27:03.092Z;functions.check_ted_branco;  VERIFICANDO INFORMAÇÕES
20-08-2024 05:27:03.181Z;functions.waitForImage;  TRES PONTINHOS image found.
20-08-2024 05:27:15.796Z;functions.check_ted_branco;  VERIFICANDO SE TEM PIX NO FILTRO
20-08-2024 05:27:15.866Z;functions.waitForImage;  CHECANDO DADOS BANCÁRIOS PIX image found.
20-08-2024 05:27:17.867Z;functions.check_ted_branco;  PIX NÃO ENCONTRADO PARA REFERENCIA: 992813
20-08-2024 05:27:21.574Z;functions.check_ted_branco;  APERTA EM CANCELAR
20-08-2024 05:27:21.631Z;functions.waitForImage;  PRESS BUTTON OK image found.
20-08-2024 05:27:23.779Z;functions.click_ok;  PRESS BUTTON OK
20-08-2024 05:27:35.819Z;functions.waitForImage;  ERROR GENERICO image not found.
20-08-2024 05:27:41.256Z;functions.waitForImage;  ERROR FILTRO PIX image not found.
20-08-2024 05:27:45.363Z;functions.check_ted_branco;  PASSANDO PARA PRÓXIMO REGISTRO
20-08-2024 05:27:49.466Z;functions.check_ted_branco;  REFERNCIA: 993998
20-08-2024 05:27:49.466Z;functions.check_ted_branco;  CONTAGEM: 13
20-08-2024 05:27:49.767Z;functions.check_ted_branco;  ENTRANDO NO REGISTRO 
20-08-2024 05:27:52.959Z;functions.waitForImage;  INTEGRAÇÃO BANCÁRIA image found.
20-08-2024 05:27:53.093Z;functions.check_ted_branco;  CLICA EM INTEGRAÇÃO BANCÁRIA
20-08-2024 05:27:53.093Z;functions.check_ted_branco;  VERIFICANDO INFORMAÇÕES
20-08-2024 05:27:53.180Z;functions.waitForImage;  TRES PONTINHOS image found.
20-08-2024 05:28:05.795Z;functions.check_ted_branco;  VERIFICANDO SE TEM PIX NO FILTRO
20-08-2024 05:28:05.850Z;functions.waitForImage;  CHECANDO DADOS BANCÁRIOS PIX image found.
20-08-2024 05:28:07.864Z;functions.check_ted_branco;  PIX NÃO ENCONTRADO PARA REFERENCIA: 993998
20-08-2024 05:28:11.572Z;functions.check_ted_branco;  APERTA EM CANCELAR
20-08-2024 05:28:11.631Z;functions.waitForImage;  PRESS BUTTON OK image found.
20-08-2024 05:28:13.780Z;functions.click_ok;  PRESS BUTTON OK
20-08-2024 05:28:25.897Z;functions.waitForImage;  ERROR GENERICO image not found.
20-08-2024 05:28:31.335Z;functions.waitForImage;  ERROR FILTRO PIX image not found.
20-08-2024 05:28:35.444Z;functions.check_ted_branco;  PASSANDO PARA PRÓXIMO REGISTRO
20-08-2024 05:28:39.547Z;functions.check_ted_branco;  REFERNCIA: 993997
20-08-2024 05:28:39.547Z;functions.check_ted_branco;  CONTAGEM: 14
20-08-2024 05:28:39.848Z;functions.check_ted_branco;  ENTRANDO NO REGISTRO 
20-08-2024 05:28:43.022Z;functions.waitForImage;  INTEGRAÇÃO BANCÁRIA image found.
20-08-2024 05:28:43.156Z;functions.check_ted_branco;  CLICA EM INTEGRAÇÃO BANCÁRIA
20-08-2024 05:28:43.156Z;functions.check_ted_branco;  VERIFICANDO INFORMAÇÕES
20-08-2024 05:28:43.241Z;functions.waitForImage;  TRES PONTINHOS image found.
20-08-2024 05:28:55.857Z;functions.check_ted_branco;  VERIFICANDO SE TEM PIX NO FILTRO
20-08-2024 05:28:55.913Z;functions.waitForImage;  CHECANDO DADOS BANCÁRIOS PIX image found.
20-08-2024 05:28:57.926Z;functions.check_ted_branco;  PIX NÃO ENCONTRADO PARA REFERENCIA: 993997
20-08-2024 05:29:01.634Z;functions.check_ted_branco;  APERTA EM CANCELAR
20-08-2024 05:29:01.694Z;functions.waitForImage;  PRESS BUTTON OK image found.
20-08-2024 05:29:03.843Z;functions.click_ok;  PRESS BUTTON OK
20-08-2024 05:29:15.881Z;functions.waitForImage;  ERROR GENERICO image not found.
20-08-2024 05:29:21.335Z;functions.waitForImage;  ERROR FILTRO PIX image not found.
20-08-2024 05:29:25.442Z;functions.check_ted_branco;  PASSANDO PARA PRÓXIMO REGISTRO
20-08-2024 05:29:29.545Z;functions.check_ted_branco;  REFERNCIA: 971428
20-08-2024 05:29:29.545Z;functions.check_ted_branco;  CONTAGEM: 15
20-08-2024 05:29:29.846Z;functions.check_ted_branco;  ENTRANDO NO REGISTRO 
20-08-2024 05:29:33.022Z;functions.waitForImage;  INTEGRAÇÃO BANCÁRIA image found.
20-08-2024 05:29:33.155Z;functions.check_ted_branco;  CLICA EM INTEGRAÇÃO BANCÁRIA
20-08-2024 05:29:33.155Z;functions.check_ted_branco;  VERIFICANDO INFORMAÇÕES
20-08-2024 05:29:33.243Z;functions.waitForImage;  TRES PONTINHOS image found.
20-08-2024 05:29:45.859Z;functions.check_ted_branco;  VERIFICANDO SE TEM PIX NO FILTRO
20-08-2024 05:29:45.913Z;functions.waitForImage;  CHECANDO DADOS BANCÁRIOS PIX image found.
20-08-2024 05:29:47.928Z;functions.check_ted_branco;  PIX NÃO ENCONTRADO PARA REFERENCIA: 971428
20-08-2024 05:29:51.635Z;functions.check_ted_branco;  APERTA EM CANCELAR
20-08-2024 05:29:51.694Z;functions.waitForImage;  PRESS BUTTON OK image found.
20-08-2024 05:29:53.811Z;functions.click_ok;  PRESS BUTTON OK
20-08-2024 05:30:06.319Z;functions.waitForImage;  ERROR GENERICO image not found.
20-08-2024 05:30:11.803Z;functions.waitForImage;  ERROR FILTRO PIX image not found.
20-08-2024 05:30:15.907Z;functions.check_ted_branco;  PASSANDO PARA PRÓXIMO REGISTRO
20-08-2024 05:30:20.009Z;functions.check_ted_branco;  REFERNCIA: 994113
20-08-2024 05:30:20.009Z;functions.check_ted_branco;  CONTAGEM: 16
20-08-2024 05:30:20.310Z;functions.check_ted_branco;  ENTRANDO NO REGISTRO 
20-08-2024 05:30:24.084Z;functions.waitForImage;  INTEGRAÇÃO BANCÁRIA image found.
20-08-2024 05:30:24.217Z;functions.check_ted_branco;  CLICA EM INTEGRAÇÃO BANCÁRIA
20-08-2024 05:30:24.217Z;functions.check_ted_branco;  VERIFICANDO INFORMAÇÕES
20-08-2024 05:30:24.304Z;functions.waitForImage;  TRES PONTINHOS image found.
20-08-2024 05:30:36.921Z;functions.check_ted_branco;  VERIFICANDO SE TEM PIX NO FILTRO
20-08-2024 05:30:36.975Z;functions.waitForImage;  CHECANDO DADOS BANCÁRIOS PIX image found.
20-08-2024 05:30:38.989Z;functions.check_ted_branco;  PIX NÃO ENCONTRADO PARA REFERENCIA: 994113
20-08-2024 05:30:42.698Z;functions.check_ted_branco;  APERTA EM CANCELAR
20-08-2024 05:30:42.757Z;functions.waitForImage;  PRESS BUTTON OK image found.
20-08-2024 05:30:44.906Z;functions.click_ok;  PRESS BUTTON OK
20-08-2024 05:30:57.350Z;functions.waitForImage;  ERROR GENERICO image not found.
20-08-2024 05:31:02.788Z;functions.waitForImage;  ERROR FILTRO PIX image not found.
20-08-2024 05:31:06.894Z;functions.check_ted_branco;  PASSANDO PARA PRÓXIMO REGISTRO
20-08-2024 05:31:10.996Z;functions.check_ted_branco;  REFERNCIA: 994193
20-08-2024 05:31:10.996Z;functions.check_ted_branco;  CONTAGEM: 17
20-08-2024 05:31:11.297Z;functions.check_ted_branco;  ENTRANDO NO REGISTRO 
20-08-2024 05:31:14.507Z;functions.waitForImage;  INTEGRAÇÃO BANCÁRIA image found.
20-08-2024 05:31:14.624Z;functions.check_ted_branco;  CLICA EM INTEGRAÇÃO BANCÁRIA
20-08-2024 05:31:14.624Z;functions.check_ted_branco;  VERIFICANDO INFORMAÇÕES
20-08-2024 05:31:14.698Z;functions.waitForImage;  TRES PONTINHOS image found.
20-08-2024 05:31:27.321Z;functions.check_ted_branco;  VERIFICANDO SE TEM PIX NO FILTRO
20-08-2024 05:31:27.397Z;functions.waitForImage;  CHECANDO DADOS BANCÁRIOS PIX image found.
20-08-2024 05:31:29.399Z;functions.check_ted_branco;  PIX NÃO ENCONTRADO PARA REFERENCIA: 994193
20-08-2024 05:31:33.107Z;functions.check_ted_branco;  APERTA EM CANCELAR
20-08-2024 05:31:33.179Z;functions.waitForImage;  PRESS BUTTON OK image found.
20-08-2024 05:31:35.311Z;functions.click_ok;  PRESS BUTTON OK
20-08-2024 05:31:47.366Z;functions.waitForImage;  ERROR GENERICO image not found.
20-08-2024 05:31:52.835Z;functions.waitForImage;  ERROR FILTRO PIX image not found.
20-08-2024 05:31:52.850Z;functions.check_ted_branco;  FORAM VERIFICADOS: 17 REFERENCIAS NO PROCESSAMENTO FORMA DE PAGAMENTO ELETRONICA EM BRANCO
20-08-2024 05:31:57.303Z;errorhandler.__handle;  Property: Unknown Property name. [1:203: -ms-interpolation-mode]
20-08-2024 05:31:57.303Z;errorhandler.__handle;  Property: Unknown Property name. [1:353: -webkit-font-smoothing]
20-08-2024 05:31:57.303Z;errorhandler.__handle;  Property: Unknown Property name. [1:483: -ms-text-size-adjust]
20-08-2024 05:31:57.303Z;errorhandler.__handle;  Property: Unknown Property name. [1:518: -webkit-text-size-adjust]
20-08-2024 05:31:57.303Z;errorhandler.__handle;  Property: Unknown Property name. [1:612: mso-table-lspace]
20-08-2024 05:31:57.303Z;errorhandler.__handle;  Property: Unknown Property name. [1:642: mso-table-rspace]
20-08-2024 05:31:57.366Z;errorhandler.__handle;  Property: Unknown Property name. [1:4734: mso-hide]
20-08-2024 05:31:57.381Z;errorhandler.__handle;  Property: Unknown Property name. [1:13: -ms-interpolation-mode]
20-08-2024 05:31:57.381Z;errorhandler.__handle;  Property: Unknown Property name. [1:49: -webkit-font-smoothing]
20-08-2024 05:31:57.381Z;errorhandler.__handle;  Property: Unknown Property name. [1:134: -ms-text-size-adjust]
20-08-2024 05:31:57.381Z;errorhandler.__handle;  Property: Unknown Property name. [1:160: -webkit-text-size-adjust]
20-08-2024 05:31:57.381Z;errorhandler.__handle;  Property: Unknown Property name. [1:26: mso-table-lspace]
20-08-2024 05:31:57.381Z;errorhandler.__handle;  Property: Unknown Property name. [1:45: mso-table-rspace]
20-08-2024 05:31:57.397Z;errorhandler.__handle;  Property: Unknown Property name. [1:92: mso-hide]
20-08-2024 05:31:57.397Z;errorhandler.__handle;  Property: No ":" after name found: align-center [1:1: align-center]
20-08-2024 05:31:57.397Z;errorhandler.__handle;  Property: No property value found: align-center [1:1: align-center]
20-08-2024 05:31:57.397Z;errorhandler.__handle;  CSSStyleDeclaration: Syntax Error in Property: align-center
20-08-2024 05:31:57.397Z;errorhandler.__handle;  Property: Unknown Property name. [1:14: -ms-interpolation-mode]
20-08-2024 05:32:00.335Z;functions.emailFinalizado;  Warning e-mail sent.
20-08-2024 05:32:00.335Z;main.<module>;  Remessa Bancária TED CIP com filtro de pagamento eletronica em branco modificadas para pix 
 PASSO 3 FINALIZADO
20-08-2024 05:32:00.335Z;main.<module>;  O PROGRAMA SERÁ ENCERRADO
20-08-2024 05:32:02.116Z;errorhandler.__handle;  Property: Unknown Property name. [1:14: -ms-interpolation-mode]
20-08-2024 05:32:04.710Z;functions.emailFinalizado;  Warning e-mail sent.
20-08-2024 05:32:04.928Z;functions.end_RM;  RM ENCERRADO
