17-07-2024 02:29:50.304Z;functions.bot_text_art;      ____   
17-07-2024 02:29:50.304Z;functions.bot_text_art;     [____]    
17-07-2024 02:29:50.304Z;functions.bot_text_art;   |=]()()[=|  
17-07-2024 02:29:50.304Z;functions.bot_text_art;     _\==/__    _____    ____     _        _____    ___   _  __
17-07-2024 02:29:50.304Z;functions.bot_text_art;   |__|   |_|  |  _  \  / ___|   | |      |_   _| / ___| | |/ /
17-07-2024 02:29:50.304Z;functions.bot_text_art;   |_|_/\_|_|  | |  | | | |      | |        | |   | |    | ' / 
17-07-2024 02:29:50.304Z;functions.bot_text_art;   | | __ | |  | |  | | | |      | |        | |   | |    |  <  
17-07-2024 02:29:50.319Z;functions.bot_text_art;   |_|[  ]|_|  | |__| | | |____  | |____   _| |_  | |__  | . \ 
17-07-2024 02:29:50.522Z;functions.bot_text_art;   \_|_||_|_/  |_____/   \_____| |______| |_____| \ ___| |_|\_\
17-07-2024 02:29:50.522Z;functions.bot_text_art;     |_||_|                                                     
17-07-2024 02:29:50.522Z;functions.bot_text_art;     | ||_|_   
17-07-2024 02:29:50.522Z;functions.bot_text_art;   |___||___|  
17-07-2024 02:29:50.522Z;functions.bot_text_art;               
17-07-2024 02:29:50.538Z;functions.open_RM;  OPEN PROGRAM RM
17-07-2024 02:29:50.538Z;functions.caps;  DESATIVANDO CAPS
17-07-2024 02:29:50.538Z;functions.loggin_RM;  BUSCANDO LOGGIN RM
17-07-2024 02:30:08.616Z;functions.loggin_RM;  ENTER USER_NAME
17-07-2024 02:30:13.355Z;functions.loggin_RM;  ENTER PASSWORD
17-07-2024 02:30:14.868Z;functions.loggin_RM;  ENTER RM
17-07-2024 02:33:34.475Z;functions.enter_coligada;  CLICK CONTEXTO
17-07-2024 02:33:37.569Z;functions.enter_coligada;  CLICK ALTERAR MODULO DO CONTEXTO
17-07-2024 02:33:41.908Z;functions.enter_coligada;  INSERE O COLIGADA CODE = 1
17-07-2024 02:33:42.013Z;functions.enter_coligada;  APERTA TAB PARA PREENCHER O CAMPO COM A STRING: OCEANICA ENGENHARIA E CONSULTORIA S.A.
17-07-2024 02:33:44.225Z;functions.enter_coligada;  CLICK AVANÇAR NOVAMENTE
17-07-2024 02:33:45.537Z;functions.enter_coligada;  CLICK CONCLUIR
17-07-2024 02:34:05.694Z;functions.waitForImage;  TROCA COLIGADA image not found.
17-07-2024 02:34:23.241Z;functions.enter_coligada;  POP UP COLIGADA DESAPARECER
17-07-2024 02:34:24.194Z;functions.check_movimentacao_bancaria;  CLICK - TOTVS - LINHA RM
17-07-2024 02:34:26.319Z;functions.check_movimentacao_bancaria;  CLICK - BACK OFFICE
17-07-2024 02:34:29.069Z;functions.check_movimentacao_bancaria;  CLICK - GESTAO FINANCEIRA
17-07-2024 02:34:29.069Z;functions.movimentacao_bancaria;  AGUARDANDO 1
17-07-2024 02:34:34.663Z;functions.movimentacao_bancaria;  CLICA NA ABA MOVIMENTAÇÃO BANCARIA
17-07-2024 02:34:35.569Z;functions.waitForImage;  IMAGEM BORDERO image found.
17-07-2024 02:34:37.703Z;functions.movimentacao_bancaria;  IMAGEM BORDERO CLICADA.
17-07-2024 02:34:48.194Z;functions.waitForImage;  LICENCAS EXCEDIDAS image not found.
17-07-2024 02:34:48.913Z;functions.movimentacao_bancaria;  ENCONTROU O FILTRO DA MOVIMENTAÇÃO BANCÁRIA
17-07-2024 02:34:48.975Z;functions.movimentacao_bancaria;  CLICA NA ABA SUPERIOR DO FILTRO
17-07-2024 02:34:56.287Z;functions.movimentacao_bancaria;  SELECIONA O FILTRO HOJE
17-07-2024 02:35:01.459Z;functions.waitForImage;  FILTER CLEAN image found.
17-07-2024 02:35:03.578Z;functions.filter_clean;  CLICA NO BOTÃO X DO LIMPA FILTRO
17-07-2024 02:35:03.756Z;functions.waitForImage;  FILTER CLEAN image found.
17-07-2024 02:35:05.889Z;functions.filter_clean;  CLICA NO BOTÃO X DO LIMPA FILTRO
17-07-2024 02:35:21.100Z;functions.waitForImage;  FILTER CLEAN image not found.
17-07-2024 02:35:22.788Z;functions.movimentacao_bancaria;  CLICA NA PRIMEIRA LINHA DA TABELA MOVIMENTAÇÃO BANCÁRIA
17-07-2024 02:35:24.352Z;functions.movimentacao_bancaria;  CLICA NA PRIMEIRA LINHA DA TABELA MOVIMENTAÇÃO BANCÁRIA
17-07-2024 02:35:25.578Z;functions.movimentacao_bancaria;  12 PASSOS PARA DIREITA NA TABELA >>
17-07-2024 02:35:27.710Z;functions.movimentacao_bancaria;  HOVER FILTER
17-07-2024 02:35:28.259Z;functions.movimentacao_bancaria;  CLICK FILTER
17-07-2024 02:35:32.585Z;functions.movimentacao_bancaria;  CLICA NO FILTRO  STATUS DA REMESSA
17-07-2024 02:35:34.688Z;functions.movimentacao_bancaria;  APERTA TAB PARA ESCREVER O FILTRO
17-07-2024 02:35:36.802Z;functions.movimentacao_bancaria;  ESCREVE PENDENTE NO FILTRO
17-07-2024 02:35:38.905Z;functions.movimentacao_bancaria;  APERTA ENTER PARA SELECIONAR OS PENDENTES
17-07-2024 02:35:59.415Z;functions.movimentacao_bancaria;  SEM PROCESSAMENTO DE BORDERO PENDENTE
17-07-2024 02:36:09.600Z;functions.waitForImage;  FILTER CLEAN image found.
17-07-2024 02:36:11.733Z;functions.filter_clean;  CLICA NO BOTÃO X DO LIMPA FILTRO
17-07-2024 02:36:26.990Z;functions.waitForImage;  FILTER CLEAN image not found.
17-07-2024 02:36:42.178Z;functions.waitForImage;  FILTER CLEAN image not found.
17-07-2024 02:36:43.975Z;functions.processo_pagamento;  CLICA NA PRIMEIRA LINHA DA TABELA MOVIMENTAÇÃO BANCÁRIA
17-07-2024 02:36:46.131Z;functions.processo_pagamento;  HOVER FILTER
17-07-2024 02:36:46.683Z;functions.processo_pagamento;  CLICK FILTER
17-07-2024 02:36:51.017Z;functions.processo_pagamento;  CLICA NO FILTRO  STATUS DA REMESSA
17-07-2024 02:36:53.119Z;functions.processo_pagamento;  APERTA TAB PARA ESCREVER O FILTRO
17-07-2024 02:36:55.238Z;functions.processo_pagamento;  ESCREVE AUTORIZADO NO FILTRO
17-07-2024 02:36:57.340Z;functions.processo_pagamento;  APERTA ENTER PARA SELECIONAR OS AUTORIZADOS
17-07-2024 02:37:17.897Z;functions.processo_pagamento;  SEM REMESSA DE BORDERO AUTORIZADO
17-07-2024 02:37:19.001Z;functions.processo_pagamento;  FECHA ABA MOVIMENTAÇÕES BANCÁRIAS
17-07-2024 02:37:20.787Z;functions.enter_contas_a_pagar;  CLICK - TOTVS - LINHA RM
17-07-2024 02:37:21.912Z;functions.enter_contas_a_pagar;  CLICK - BACK OFFICE
17-07-2024 02:37:24.662Z;functions.enter_contas_a_pagar;  CLICK - GESTAO FINANCEIRA
17-07-2024 02:37:31.225Z;functions.enter_contas_a_pagar;  CLICK - CONTAS A PAGAR
17-07-2024 02:37:32.100Z;functions.waitForImage;  LANÇAMENTOS image found.
17-07-2024 02:37:34.234Z;functions.enter_contas_a_pagar;  CLICA EM LANÇAMENTOS
17-07-2024 02:37:49.678Z;functions.waitForImage;  LICENCAS EXCEDIDAS image not found.
17-07-2024 02:37:49.678Z;functions.obter_intervalo_data;  VERIFICANDO A HORA ATUAL 2
17-07-2024 02:37:49.693Z;functions.obter_intervalo_data;  Data Inicial BANCARIA antes da remoção: None
17-07-2024 02:37:49.693Z;functions.obter_intervalo_data;  Data Final BANCARIA antes da remoção: None
17-07-2024 02:37:49.709Z;functions.obter_intervalo_data;  Data Inicial BANCARIA após a remoção: None
17-07-2024 02:37:49.709Z;functions.obter_intervalo_data;  Data Final BANCARIA após a remoção: None
17-07-2024 02:37:49.709Z;functions.obter_intervalo_data;  hoje -  2024-07-17 02:37:49.709580
17-07-2024 02:37:49.709Z;functions.data_filter;  DATA INICIO 24-07-2024
17-07-2024 02:37:49.709Z;functions.data_filter;  DATA FIM 30-07-2024
17-07-2024 02:37:49.709Z;functions.data_filter;  CLICK - SELECIONA A DATA DE QUARTA FEIRA E DA PROXIMA TERÇA
17-07-2024 02:37:49.709Z;functions.data_filter;  QUARTA-FEIRA: 24-07-2024
17-07-2024 02:37:49.709Z;functions.data_filter;  TERCA-FEIRA: 30-07-2024
17-07-2024 02:38:06.602Z;functions.data_filter;  REMESSA BANCÁRIA - FILTRO DIGITADO
17-07-2024 02:38:07.600Z;functions.data_filter;  CLICK - BOTAO DE SELECAO DE FILTRO
17-07-2024 02:38:12.428Z;functions.data_filter;  INSERE - DATA DE QUARTA-FEIRA: 24-07-2024
17-07-2024 02:38:16.835Z;functions.data_filter;  INSERE - DATA DA PROX TERCA-FEIRA: 30-07-2024
17-07-2024 02:38:17.975Z;functions.data_filter;  CLICK - BOTAO DE EXECUTAR O FILTRO
17-07-2024 02:38:22.980Z;functions.desmark_filter;  AGUARDANDO 1
17-07-2024 02:38:26.225Z;functions.desmark_filter;  CLICK CHECKBOX LANÇAMENTOS A RECEBER
17-07-2024 02:38:28.569Z;functions.desmark_filter;  CLICK CHECKBOX LANÇAMENTOS BAIXADOS
17-07-2024 02:38:31.131Z;functions.desmark_filter;  CLICK CHECKBOX LANÇAMENTOS CANCELADOS
17-07-2024 02:38:33.810Z;functions.desmark_filter;  CLICK CHECKBOX LANÇAMENTOS FATURADOS
17-07-2024 02:38:36.681Z;functions.desmark_filter;  CLICK CHECKBOX LANÇAMENTOS FATURADOS
17-07-2024 02:38:41.850Z;functions.waitForImage;  FILTER CLEAN image found.
17-07-2024 02:38:43.964Z;functions.filter_clean;  CLICA NO BOTÃO X DO LIMPA FILTRO
17-07-2024 02:38:59.256Z;functions.waitForImage;  FILTER CLEAN image not found.
17-07-2024 02:39:14.569Z;functions.waitForImage;  FILTER CLEAN image not found.
17-07-2024 02:39:14.569Z;functions.check_table_record;  VERIFICANDO SE A TABELA ESTÁ VAZIA
17-07-2024 02:39:17.662Z;functions.check_table_record;  Texto extraido 1/49
17-07-2024 02:39:17.662Z;functions.check_table_record;  Count 49
17-07-2024 02:39:17.662Z;functions.check_table_record;  Type <class 'int'>
17-07-2024 02:39:17.662Z;functions.check_table_record;  TABELA CONTÉM REGISTROS
17-07-2024 02:39:29.772Z;functions.select_tipo_documento;  NOME DA COLUNA: Tipo de Documento
17-07-2024 02:39:31.772Z;functions.select_tipo_documento;  HOVER NOME DA COLUNA: Tipo de Documento
17-07-2024 02:39:32.658Z;functions.select_tipo_documento;  CLICA NO FILTRO PERSONALIZAR
17-07-2024 02:39:34.350Z;functions.select_tipo_documento;  CLICA PARA SELECIONAR OPÇÕES DO FILTRO
17-07-2024 02:39:40.805Z;functions.select_tipo_documento;  FILTRO "NÃO É IGUAL A INV" DEFINIDO
17-07-2024 02:39:41.850Z;functions.select_tipo_documento;  CLICK BUTTON CONFIRMAR FILTRO
17-07-2024 02:39:46.854Z;functions.filter_IPTE;  VERIFICANDO O COD DO CLIENTE EM CADA REGISTRO
17-07-2024 02:39:48.506Z;functions.filter_IPTE;  CLICA NA PRIMEIRA LINHA DA TABELA
17-07-2024 02:40:12.022Z;functions.filter_IPTE;  HOVER FILTER
17-07-2024 02:40:14.014Z;functions.filter_IPTE;  CLICK FILTER
17-07-2024 02:40:18.345Z;functions.filter_IPTE;  CLICA NO FILTRO PERSONALIZAR
17-07-2024 02:41:00.506Z;functions.filter_IPTE;  MOVIDO PRA CIMA 100 VEZES
17-07-2024 02:41:36.443Z;functions.filter_IPTE;  MOVIDO PRA CIMA MAIS 100 VEZES
17-07-2024 02:41:52.006Z;functions.filter_IPTE;  TABELA NÃO CONTÉM REGISTROS
17-07-2024 02:41:52.006Z;functions.check_table_record;  VERIFICANDO SE A TABELA ESTÁ VAZIA
17-07-2024 02:41:55.053Z;functions.check_table_record;  Texto extraido 0/0
17-07-2024 02:41:55.053Z;functions.check_table_record;  Count 0
17-07-2024 02:41:55.053Z;functions.check_table_record;  Type <class 'int'>
17-07-2024 02:41:55.053Z;functions.check_table_record;  SEM REGISTROS
17-07-2024 02:41:57.063Z;main.<module>;  SEM REMESSA BANCÁRIA
17-07-2024 02:41:57.063Z;functions.movimentacao_bancaria;  AGUARDANDO 1
17-07-2024 02:41:58.319Z;functions.movimentacao_bancaria;  CLICA NA ABA MOVIMENTAÇÃO BANCARIA
17-07-2024 02:41:58.537Z;functions.waitForImage;  IMAGEM BORDERO image found.
17-07-2024 02:42:00.644Z;functions.movimentacao_bancaria;  IMAGEM BORDERO CLICADA.
17-07-2024 02:42:11.147Z;functions.waitForImage;  LICENCAS EXCEDIDAS image not found.
17-07-2024 02:42:11.850Z;functions.movimentacao_bancaria;  ENCONTROU O FILTRO DA MOVIMENTAÇÃO BANCÁRIA
17-07-2024 02:42:11.912Z;functions.movimentacao_bancaria;  CLICA NA ABA SUPERIOR DO FILTRO
17-07-2024 02:42:19.222Z;functions.movimentacao_bancaria;  SELECIONA O FILTRO HOJE
17-07-2024 02:42:24.396Z;functions.waitForImage;  FILTER CLEAN image found.
17-07-2024 02:42:26.546Z;functions.filter_clean;  CLICA NO BOTÃO X DO LIMPA FILTRO
17-07-2024 02:42:42.209Z;functions.waitForImage;  FILTER CLEAN image not found.
17-07-2024 02:42:57.334Z;functions.waitForImage;  FILTER CLEAN image not found.
17-07-2024 02:42:58.913Z;functions.movimentacao_bancaria;  CLICA NA PRIMEIRA LINHA DA TABELA MOVIMENTAÇÃO BANCÁRIA
17-07-2024 02:43:00.412Z;functions.movimentacao_bancaria;  CLICA NA PRIMEIRA LINHA DA TABELA MOVIMENTAÇÃO BANCÁRIA
17-07-2024 02:43:01.640Z;functions.movimentacao_bancaria;  12 PASSOS PARA DIREITA NA TABELA >>
17-07-2024 02:43:03.868Z;functions.movimentacao_bancaria;  HOVER FILTER
17-07-2024 02:43:04.438Z;functions.movimentacao_bancaria;  CLICK FILTER
17-07-2024 02:43:08.774Z;functions.movimentacao_bancaria;  CLICA NO FILTRO  STATUS DA REMESSA
17-07-2024 02:43:10.876Z;functions.movimentacao_bancaria;  APERTA TAB PARA ESCREVER O FILTRO
17-07-2024 02:43:12.993Z;functions.movimentacao_bancaria;  ESCREVE PENDENTE NO FILTRO
17-07-2024 02:43:15.096Z;functions.movimentacao_bancaria;  APERTA ENTER PARA SELECIONAR OS PENDENTES
17-07-2024 02:43:35.668Z;functions.movimentacao_bancaria;  SEM PROCESSAMENTO DE BORDERO PENDENTE
17-07-2024 02:43:45.850Z;functions.waitForImage;  FILTER CLEAN image found.
17-07-2024 02:43:47.986Z;functions.filter_clean;  CLICA NO BOTÃO X DO LIMPA FILTRO
17-07-2024 02:44:03.099Z;functions.waitForImage;  FILTER CLEAN image not found.
17-07-2024 02:44:18.115Z;functions.waitForImage;  FILTER CLEAN image not found.
17-07-2024 02:44:19.974Z;functions.processo_pagamento;  CLICA NA PRIMEIRA LINHA DA TABELA MOVIMENTAÇÃO BANCÁRIA
17-07-2024 02:44:22.334Z;functions.processo_pagamento;  HOVER FILTER
17-07-2024 02:44:22.925Z;functions.processo_pagamento;  CLICK FILTER
17-07-2024 02:44:27.261Z;functions.processo_pagamento;  CLICA NO FILTRO  STATUS DA REMESSA
17-07-2024 02:44:29.364Z;functions.processo_pagamento;  APERTA TAB PARA ESCREVER O FILTRO
17-07-2024 02:44:31.483Z;functions.processo_pagamento;  ESCREVE AUTORIZADO NO FILTRO
17-07-2024 02:44:33.586Z;functions.processo_pagamento;  APERTA ENTER PARA SELECIONAR OS AUTORIZADOS
17-07-2024 02:44:54.693Z;functions.processo_pagamento;  SEM REMESSA DE BORDERO AUTORIZADO
17-07-2024 02:44:55.798Z;functions.processo_pagamento;  FECHA ABA MOVIMENTAÇÕES BANCÁRIAS
17-07-2024 02:44:56.943Z;functions.enter_contas_a_pagar;  CLICK - TOTVS - LINHA RM
17-07-2024 02:44:58.852Z;functions.enter_contas_a_pagar;  CLICK - BACK OFFICE
17-07-2024 02:45:01.599Z;functions.enter_contas_a_pagar;  CLICK - GESTAO FINANCEIRA
17-07-2024 02:45:07.287Z;functions.enter_contas_a_pagar;  CLICK - CONTAS A PAGAR
17-07-2024 02:45:08.146Z;functions.waitForImage;  LANÇAMENTOS image found.
17-07-2024 02:45:10.265Z;functions.enter_contas_a_pagar;  CLICA EM LANÇAMENTOS
17-07-2024 02:45:25.787Z;functions.waitForImage;  LICENCAS EXCEDIDAS image not found.
17-07-2024 02:45:25.787Z;functions.obter_intervalo_data;  VERIFICANDO A HORA ATUAL 2
17-07-2024 02:45:25.818Z;functions.obter_intervalo_data;  Data Inicial BANCARIA antes da remoção: None
17-07-2024 02:45:25.818Z;functions.obter_intervalo_data;  Data Final BANCARIA antes da remoção: None
17-07-2024 02:45:25.818Z;functions.obter_intervalo_data;  Data Inicial BANCARIA após a remoção: None
17-07-2024 02:45:25.818Z;functions.obter_intervalo_data;  Data Final BANCARIA após a remoção: None
17-07-2024 02:45:25.818Z;functions.obter_intervalo_data;  hoje -  2024-07-17 02:45:25.818279
17-07-2024 02:45:25.818Z;functions.data_filter;  DATA INICIO 24-07-2024
17-07-2024 02:45:25.818Z;functions.data_filter;  DATA FIM 30-07-2024
17-07-2024 02:45:25.818Z;functions.data_filter;  CLICK - SELECIONA A DATA DE QUARTA FEIRA E DA PROXIMA TERÇA
17-07-2024 02:45:25.818Z;functions.data_filter;  QUARTA-FEIRA: 24-07-2024
17-07-2024 02:45:25.818Z;functions.data_filter;  TERCA-FEIRA: 30-07-2024
17-07-2024 02:45:42.624Z;functions.data_filter;  REMESSA BANCÁRIA - FILTRO DIGITADO
17-07-2024 02:45:43.599Z;functions.data_filter;  CLICK - BOTAO DE SELECAO DE FILTRO
17-07-2024 02:45:48.334Z;functions.data_filter;  INSERE - DATA DE QUARTA-FEIRA: 24-07-2024
17-07-2024 02:45:52.709Z;functions.data_filter;  INSERE - DATA DA PROX TERCA-FEIRA: 30-07-2024
17-07-2024 02:45:53.852Z;functions.data_filter;  CLICK - BOTAO DE EXECUTAR O FILTRO
17-07-2024 02:45:58.854Z;functions.desmark_filter;  AGUARDANDO 1
17-07-2024 02:46:01.006Z;functions.desmark_filter;  CLICK CHECKBOX LANÇAMENTOS A RECEBER
17-07-2024 02:46:03.256Z;functions.desmark_filter;  CLICK CHECKBOX LANÇAMENTOS BAIXADOS
17-07-2024 02:46:05.506Z;functions.desmark_filter;  CLICK CHECKBOX LANÇAMENTOS CANCELADOS
17-07-2024 02:46:07.974Z;functions.desmark_filter;  CLICK CHECKBOX LANÇAMENTOS FATURADOS
17-07-2024 02:46:10.682Z;functions.desmark_filter;  CLICK CHECKBOX LANÇAMENTOS FATURADOS
17-07-2024 02:46:15.833Z;functions.waitForImage;  FILTER CLEAN image found.
17-07-2024 02:46:17.949Z;functions.filter_clean;  CLICA NO BOTÃO X DO LIMPA FILTRO
17-07-2024 02:46:33.224Z;functions.waitForImage;  FILTER CLEAN image not found.
17-07-2024 02:46:48.505Z;functions.waitForImage;  FILTER CLEAN image not found.
17-07-2024 02:46:49.802Z;functions.filter_forma_pagamento;  CLICA NA PRIMEIRA LINHA DA TABELA
17-07-2024 02:46:50.099Z;functions.filter_forma_pagamento;  CLICK NA PRIMEIRA LINHA E COLUNA DA TABELA
17-07-2024 02:47:06.415Z;functions.filter_forma_pagamento;  160 PASSOS PARA DIREITA NA TABELA >>
17-07-2024 02:47:11.896Z;functions.filter_forma_pagamento;  HOVER NOME DA COLUNA FORMA DE PAGAMENTO
17-07-2024 02:47:13.577Z;functions.filter_forma_pagamento;  CLICA PARA APARECER O FILTRO PERSONALIZAR
17-07-2024 02:47:16.911Z;functions.filter_forma_pagamento;  CLICA NO FILTRO PERSONALIZAR
17-07-2024 02:47:29.208Z;functions.filter_forma_pagamento;  Texto extraido 0/0
17-07-2024 02:47:29.208Z;functions.filter_forma_pagamento;  Count 0
17-07-2024 02:47:29.208Z;functions.filter_forma_pagamento;  Type <class 'int'>
17-07-2024 02:47:29.208Z;functions.filter_forma_pagamento;  SEM REGISTROS
17-07-2024 02:47:31.223Z;functions.check_table_record;  VERIFICANDO SE A TABELA ESTÁ VAZIA
17-07-2024 02:47:33.989Z;functions.check_table_record;  Texto extraido 0/0
17-07-2024 02:47:33.989Z;functions.check_table_record;  Count 0
17-07-2024 02:47:33.989Z;functions.check_table_record;  Type <class 'int'>
17-07-2024 02:47:33.990Z;functions.check_table_record;  SEM REGISTROS
17-07-2024 02:47:37.991Z;main.<module>;  SEM REMESSA DE TED CIP
17-07-2024 02:47:39.009Z;functions.enter_contas_a_pagar;  CLICK - TOTVS - LINHA RM
17-07-2024 02:47:40.818Z;functions.enter_contas_a_pagar;  CLICK - BACK OFFICE
17-07-2024 02:47:43.568Z;functions.enter_contas_a_pagar;  CLICK - GESTAO FINANCEIRA
17-07-2024 02:47:49.724Z;functions.enter_contas_a_pagar;  CLICK - CONTAS A PAGAR
17-07-2024 02:47:49.911Z;functions.waitForImage;  LANÇAMENTOS image found.
17-07-2024 02:47:52.046Z;functions.enter_contas_a_pagar;  CLICA EM LANÇAMENTOS
17-07-2024 02:48:07.646Z;functions.waitForImage;  LICENCAS EXCEDIDAS image not found.
17-07-2024 02:48:07.646Z;functions.obter_intervalo_data;  VERIFICANDO A HORA ATUAL 2
17-07-2024 02:48:07.662Z;functions.obter_intervalo_data;  Data Inicial BANCARIA antes da remoção: None
17-07-2024 02:48:07.662Z;functions.obter_intervalo_data;  Data Final BANCARIA antes da remoção: None
17-07-2024 02:48:07.662Z;functions.obter_intervalo_data;  Data Inicial BANCARIA após a remoção: None
17-07-2024 02:48:07.662Z;functions.obter_intervalo_data;  Data Final BANCARIA após a remoção: None
17-07-2024 02:48:07.662Z;functions.obter_intervalo_data;  hoje -  2024-07-17 02:48:07.662075
17-07-2024 02:48:07.662Z;functions.data_filter;  DATA INICIO 24-07-2024
17-07-2024 02:48:07.662Z;functions.data_filter;  DATA FIM 30-07-2024
17-07-2024 02:48:07.662Z;functions.data_filter;  CLICK - SELECIONA A DATA DE QUARTA FEIRA E DA PROXIMA TERÇA
17-07-2024 02:48:07.662Z;functions.data_filter;  QUARTA-FEIRA: 24-07-2024
17-07-2024 02:48:07.662Z;functions.data_filter;  TERCA-FEIRA: 30-07-2024
17-07-2024 02:48:24.471Z;functions.data_filter;  REMESSA BANCÁRIA - FILTRO DIGITADO
17-07-2024 02:48:25.474Z;functions.data_filter;  CLICK - BOTAO DE SELECAO DE FILTRO
17-07-2024 02:48:30.209Z;functions.data_filter;  INSERE - DATA DE QUARTA-FEIRA: 24-07-2024
17-07-2024 02:48:34.614Z;functions.data_filter;  INSERE - DATA DA PROX TERCA-FEIRA: 30-07-2024
17-07-2024 02:48:35.755Z;functions.data_filter;  CLICK - BOTAO DE EXECUTAR O FILTRO
17-07-2024 02:48:40.760Z;functions.desmark_filter;  AGUARDANDO 1
17-07-2024 02:48:42.912Z;functions.desmark_filter;  CLICK CHECKBOX LANÇAMENTOS A RECEBER
17-07-2024 02:48:45.306Z;functions.desmark_filter;  CLICK CHECKBOX LANÇAMENTOS BAIXADOS
17-07-2024 02:48:47.630Z;functions.desmark_filter;  CLICK CHECKBOX LANÇAMENTOS CANCELADOS
17-07-2024 02:48:50.162Z;functions.desmark_filter;  CLICK CHECKBOX LANÇAMENTOS FATURADOS
17-07-2024 02:48:52.630Z;functions.desmark_filter;  CLICK CHECKBOX LANÇAMENTOS FATURADOS
17-07-2024 02:48:57.802Z;functions.waitForImage;  FILTER CLEAN image found.
17-07-2024 02:48:59.914Z;functions.filter_clean;  CLICA NO BOTÃO X DO LIMPA FILTRO
17-07-2024 02:49:15.193Z;functions.waitForImage;  FILTER CLEAN image not found.
17-07-2024 02:49:30.505Z;functions.waitForImage;  FILTER CLEAN image not found.
17-07-2024 02:49:32.130Z;functions.filter_forma_pagamento_branco;  CLICK NA PRIMEIRA LINHA E COLUNA DA TABELA
17-07-2024 02:49:48.455Z;functions.filter_forma_pagamento_branco;  160 PASSOS PARA DIREITA NA TABELA >>
17-07-2024 02:49:54.583Z;functions.filter_forma_pagamento_branco;  HOVER NOME DA COLUNA FORMA DE PAGAMENTO
17-07-2024 02:49:56.264Z;functions.filter_forma_pagamento_branco;  CLICA PARA APARECER O FILTRO PERSONALIZAR
17-07-2024 02:49:59.598Z;functions.filter_forma_pagamento_branco;  CLICA NO FILTRO PERSONALIZAR
17-07-2024 02:50:08.474Z;functions.filter_forma_pagamento_branco;  Texto extraido 1/5
17-07-2024 02:50:08.474Z;functions.filter_forma_pagamento_branco;  Count 5
17-07-2024 02:50:08.474Z;functions.filter_forma_pagamento_branco;  Type <class 'int'>
17-07-2024 02:50:08.474Z;functions.filter_forma_pagamento_branco;  TABELA CONTÉM REGISTROS
17-07-2024 02:50:10.615Z;functions.filter_forma_pagamento_branco;  MOVIDO PRA CIMA 5 VEZES
17-07-2024 02:50:14.843Z;functions.check_table_record;  VERIFICANDO SE A TABELA ESTÁ VAZIA
17-07-2024 02:50:17.474Z;functions.check_table_record;  Texto extraido 1/5
17-07-2024 02:50:17.474Z;functions.check_table_record;  Count 5
17-07-2024 02:50:17.474Z;functions.check_table_record;  Type <class 'int'>
17-07-2024 02:50:17.474Z;functions.check_table_record;  TABELA CONTÉM REGISTROS
17-07-2024 02:50:17.474Z;functions.check_ted_branco;  VERIFICANDO O COD DO CLIENTE EM CADA REGISTRO
17-07-2024 02:50:18.914Z;functions.check_ted_branco;  CLICA NA PRIMEIRA LINHA DA TABELA
17-07-2024 02:50:23.021Z;functions.check_ted_branco;  REFERNCIA: 978735
17-07-2024 02:50:23.021Z;functions.check_ted_branco;  CONTAGEM: 1
17-07-2024 02:50:23.324Z;functions.check_ted_branco;  ENTRANDO NO REGISTRO 
17-07-2024 02:50:42.146Z;functions.waitForImage;  INTEGRAÇÃO BANCÁRIA image found.
17-07-2024 02:50:42.264Z;functions.check_ted_branco;  CLICA EM INTEGRAÇÃO BANCÁRIA
17-07-2024 02:50:42.264Z;functions.check_ted_branco;  VERIFICANDO INFORMAÇÕES
17-07-2024 02:50:42.455Z;functions.waitForImage;  TRES PONTINHOS image found.
17-07-2024 02:50:55.081Z;functions.check_ted_branco;  VERIFICANDO SE TEM PIX NO FILTRO
17-07-2024 02:50:55.255Z;functions.waitForImage;  CHECANDO DADOS BANCÁRIOS PIX image found.
17-07-2024 02:50:57.264Z;functions.check_ted_branco;  PIX NÃO ENCONTRADO PARA REFERENCIA: 978735
17-07-2024 02:51:00.977Z;functions.check_ted_branco;  APERTA EM CANCELAR
17-07-2024 02:51:01.177Z;functions.waitForImage;  PRESS BUTTON OK image found.
17-07-2024 02:51:03.294Z;functions.click_ok;  PRESS BUTTON OK
17-07-2024 02:51:15.724Z;functions.waitForImage;  ERROR GENERICO image not found.
17-07-2024 02:51:20.739Z;functions.waitForImage;  ERROR FILTRO PIX image not found.
17-07-2024 02:51:24.853Z;functions.check_ted_branco;  PASSANDO PARA PRÓXIMO REGISTRO
17-07-2024 02:51:28.957Z;functions.check_ted_branco;  REFERNCIA: 980379
17-07-2024 02:51:28.958Z;functions.check_ted_branco;  CONTAGEM: 2
17-07-2024 02:51:29.259Z;functions.check_ted_branco;  ENTRANDO NO REGISTRO 
17-07-2024 02:51:34.665Z;functions.waitForImage;  INTEGRAÇÃO BANCÁRIA image found.
17-07-2024 02:51:34.795Z;functions.check_ted_branco;  CLICA EM INTEGRAÇÃO BANCÁRIA
17-07-2024 02:51:34.795Z;functions.check_ted_branco;  VERIFICANDO INFORMAÇÕES
17-07-2024 02:51:34.942Z;functions.waitForImage;  TRES PONTINHOS image found.
17-07-2024 02:51:47.577Z;functions.check_ted_branco;  VERIFICANDO SE TEM PIX NO FILTRO
17-07-2024 02:51:47.771Z;functions.waitForImage;  CHECANDO DADOS BANCÁRIOS PIX image found.
17-07-2024 02:51:49.780Z;functions.check_ted_branco;  PIX NÃO ENCONTRADO PARA REFERENCIA: 980379
17-07-2024 02:51:53.491Z;functions.check_ted_branco;  APERTA EM CANCELAR
17-07-2024 02:51:53.646Z;functions.waitForImage;  PRESS BUTTON OK image found.
17-07-2024 02:51:55.765Z;functions.click_ok;  PRESS BUTTON OK
17-07-2024 02:52:08.224Z;functions.waitForImage;  ERROR GENERICO image not found.
17-07-2024 02:52:13.302Z;functions.waitForImage;  ERROR FILTRO PIX image not found.
17-07-2024 02:52:17.414Z;functions.check_ted_branco;  PASSANDO PARA PRÓXIMO REGISTRO
17-07-2024 02:52:21.519Z;functions.check_ted_branco;  REFERNCIA: 753544
17-07-2024 02:52:21.519Z;functions.check_ted_branco;  CONTAGEM: 3
17-07-2024 02:52:21.821Z;functions.check_ted_branco;  ENTRANDO NO REGISTRO 
17-07-2024 02:52:27.958Z;functions.waitForImage;  INTEGRAÇÃO BANCÁRIA image found.
17-07-2024 02:52:28.077Z;functions.check_ted_branco;  CLICA EM INTEGRAÇÃO BANCÁRIA
17-07-2024 02:52:28.077Z;functions.check_ted_branco;  VERIFICANDO INFORMAÇÕES
17-07-2024 02:52:28.954Z;functions.waitForImage;  TRES PONTINHOS image found.
17-07-2024 02:52:41.584Z;functions.check_ted_branco;  VERIFICANDO SE TEM PIX NO FILTRO
17-07-2024 02:52:41.755Z;functions.waitForImage;  CHECANDO DADOS BANCÁRIOS PIX image found.
17-07-2024 02:52:43.768Z;functions.check_ted_branco;  PIX NÃO ENCONTRADO PARA REFERENCIA: 753544
17-07-2024 02:52:47.481Z;functions.check_ted_branco;  APERTA EM CANCELAR
17-07-2024 02:52:47.645Z;functions.waitForImage;  PRESS BUTTON OK image found.
17-07-2024 02:52:49.763Z;functions.click_ok;  PRESS BUTTON OK
17-07-2024 02:53:02.286Z;functions.waitForImage;  ERROR GENERICO image not found.
17-07-2024 02:53:07.364Z;functions.waitForImage;  ERROR FILTRO PIX image not found.
17-07-2024 02:53:11.474Z;functions.check_ted_branco;  PASSANDO PARA PRÓXIMO REGISTRO
17-07-2024 02:53:15.579Z;functions.check_ted_branco;  REFERNCIA: 753667
17-07-2024 02:53:15.579Z;functions.check_ted_branco;  CONTAGEM: 4
17-07-2024 02:53:15.880Z;functions.check_ted_branco;  ENTRANDO NO REGISTRO 
17-07-2024 02:53:23.458Z;functions.waitForImage;  INTEGRAÇÃO BANCÁRIA image found.
17-07-2024 02:53:23.575Z;functions.check_ted_branco;  CLICA EM INTEGRAÇÃO BANCÁRIA
17-07-2024 02:53:23.575Z;functions.check_ted_branco;  VERIFICANDO INFORMAÇÕES
17-07-2024 02:53:24.443Z;functions.waitForImage;  TRES PONTINHOS image found.
17-07-2024 02:53:37.074Z;functions.check_ted_branco;  VERIFICANDO SE TEM PIX NO FILTRO
17-07-2024 02:53:37.255Z;functions.waitForImage;  CHECANDO DADOS BANCÁRIOS PIX image found.
17-07-2024 02:53:39.267Z;functions.check_ted_branco;  PIX NÃO ENCONTRADO PARA REFERENCIA: 753667
17-07-2024 02:53:42.980Z;functions.check_ted_branco;  APERTA EM CANCELAR
17-07-2024 02:53:43.146Z;functions.waitForImage;  PRESS BUTTON OK image found.
17-07-2024 02:53:45.263Z;functions.click_ok;  PRESS BUTTON OK
17-07-2024 02:53:57.755Z;functions.waitForImage;  ERROR GENERICO image not found.
17-07-2024 02:54:02.865Z;functions.waitForImage;  ERROR FILTRO PIX image not found.
17-07-2024 02:54:06.971Z;functions.check_ted_branco;  PASSANDO PARA PRÓXIMO REGISTRO
17-07-2024 02:54:11.075Z;functions.check_ted_branco;  REFERNCIA: 753607
17-07-2024 02:54:11.075Z;functions.check_ted_branco;  CONTAGEM: 5
17-07-2024 02:54:11.377Z;functions.check_ted_branco;  ENTRANDO NO REGISTRO 
17-07-2024 02:54:18.208Z;functions.waitForImage;  INTEGRAÇÃO BANCÁRIA image found.
17-07-2024 02:54:18.328Z;functions.check_ted_branco;  CLICA EM INTEGRAÇÃO BANCÁRIA
17-07-2024 02:54:18.328Z;functions.check_ted_branco;  VERIFICANDO INFORMAÇÕES
17-07-2024 02:54:19.193Z;functions.waitForImage;  TRES PONTINHOS image found.
17-07-2024 02:54:31.830Z;functions.check_ted_branco;  VERIFICANDO SE TEM PIX NO FILTRO
17-07-2024 02:54:32.005Z;functions.waitForImage;  CHECANDO DADOS BANCÁRIOS PIX image found.
17-07-2024 02:54:34.015Z;functions.check_ted_branco;  PIX NÃO ENCONTRADO PARA REFERENCIA: 753607
17-07-2024 02:54:37.728Z;functions.check_ted_branco;  APERTA EM CANCELAR
17-07-2024 02:54:37.911Z;functions.waitForImage;  PRESS BUTTON OK image found.
17-07-2024 02:54:40.046Z;functions.click_ok;  PRESS BUTTON OK
17-07-2024 02:54:52.536Z;functions.waitForImage;  ERROR GENERICO image not found.
17-07-2024 02:54:57.552Z;functions.waitForImage;  ERROR FILTRO PIX image not found.
17-07-2024 02:54:57.552Z;functions.check_ted_branco;  FORAM VERIFICADOS: 5 REFERENCIAS NO PROCESSAMENTO FORMA DE PAGAMENTO ELETRONICA EM BRANCO
17-07-2024 02:54:59.958Z;errorhandler.__handle;  Property: Unknown Property name. [1:203: -ms-interpolation-mode]
17-07-2024 02:55:00.005Z;errorhandler.__handle;  Property: Unknown Property name. [1:353: -webkit-font-smoothing]
17-07-2024 02:55:00.021Z;errorhandler.__handle;  Property: Unknown Property name. [1:483: -ms-text-size-adjust]
17-07-2024 02:55:00.021Z;errorhandler.__handle;  Property: Unknown Property name. [1:518: -webkit-text-size-adjust]
17-07-2024 02:55:00.021Z;errorhandler.__handle;  Property: Unknown Property name. [1:612: mso-table-lspace]
17-07-2024 02:55:00.021Z;errorhandler.__handle;  Property: Unknown Property name. [1:642: mso-table-rspace]
17-07-2024 02:55:00.255Z;errorhandler.__handle;  Property: Unknown Property name. [1:4734: mso-hide]
17-07-2024 02:55:00.364Z;errorhandler.__handle;  Property: Unknown Property name. [1:13: -ms-interpolation-mode]
17-07-2024 02:55:00.364Z;errorhandler.__handle;  Property: Unknown Property name. [1:49: -webkit-font-smoothing]
17-07-2024 02:55:00.364Z;errorhandler.__handle;  Property: Unknown Property name. [1:134: -ms-text-size-adjust]
17-07-2024 02:55:00.364Z;errorhandler.__handle;  Property: Unknown Property name. [1:160: -webkit-text-size-adjust]
17-07-2024 02:55:00.380Z;errorhandler.__handle;  Property: Unknown Property name. [1:26: mso-table-lspace]
17-07-2024 02:55:00.380Z;errorhandler.__handle;  Property: Unknown Property name. [1:45: mso-table-rspace]
17-07-2024 02:55:00.411Z;errorhandler.__handle;  Property: Unknown Property name. [1:92: mso-hide]
17-07-2024 02:55:00.427Z;errorhandler.__handle;  Property: No ":" after name found: align-center [1:1: align-center]
17-07-2024 02:55:00.427Z;errorhandler.__handle;  Property: No property value found: align-center [1:1: align-center]
17-07-2024 02:55:00.427Z;errorhandler.__handle;  CSSStyleDeclaration: Syntax Error in Property: align-center
17-07-2024 02:55:00.427Z;errorhandler.__handle;  Property: Unknown Property name. [1:14: -ms-interpolation-mode]
17-07-2024 02:55:03.348Z;functions.emailFinalizado;  Warning e-mail sent.
17-07-2024 02:55:03.348Z;main.<module>;  Remessa Bancária TED CIP com filtro de pagamento eletronica em branco modificadas para pix 
 PASSO 3 FINALIZADO
17-07-2024 02:55:03.348Z;main.<module>;  O PROGRAMA SERÁ ENCERRADO
17-07-2024 02:55:04.396Z;errorhandler.__handle;  Property: Unknown Property name. [1:14: -ms-interpolation-mode]
17-07-2024 02:55:07.083Z;functions.emailFinalizado;  Warning e-mail sent.
17-07-2024 02:55:07.552Z;functions.end_RM;  RM ENCERRADO
