17-07-2024 17:01:15.079Z;functions.bot_text_art;      ____   
17-07-2024 17:01:15.095Z;functions.bot_text_art;     [____]    
17-07-2024 17:01:15.095Z;functions.bot_text_art;   |=]()()[=|  
17-07-2024 17:01:15.095Z;functions.bot_text_art;     _\==/__    _____    ____     _        _____    ___   _  __
17-07-2024 17:01:15.095Z;functions.bot_text_art;   |__|   |_|  |  _  \  / ___|   | |      |_   _| / ___| | |/ /
17-07-2024 17:01:15.095Z;functions.bot_text_art;   |_|_/\_|_|  | |  | | | |      | |        | |   | |    | ' / 
17-07-2024 17:01:15.095Z;functions.bot_text_art;   | | __ | |  | |  | | | |      | |        | |   | |    |  <  
17-07-2024 17:01:15.095Z;functions.bot_text_art;   |_|[  ]|_|  | |__| | | |____  | |____   _| |_  | |__  | . \ 
17-07-2024 17:01:15.326Z;functions.bot_text_art;   \_|_||_|_/  |_____/   \_____| |______| |_____| \ ___| |_|\_\
17-07-2024 17:01:15.326Z;functions.bot_text_art;     |_||_|                                                     
17-07-2024 17:01:15.326Z;functions.bot_text_art;     | ||_|_   
17-07-2024 17:01:15.326Z;functions.bot_text_art;   |___||___|  
17-07-2024 17:01:15.326Z;functions.bot_text_art;               
17-07-2024 17:01:15.326Z;functions.open_RM;  OPEN PROGRAM RM
17-07-2024 17:01:15.326Z;functions.caps;  DESATIVANDO CAPS
17-07-2024 17:01:15.326Z;functions.loggin_RM;  BUSCANDO LOGGIN RM
17-07-2024 17:01:32.497Z;functions.loggin_RM;  ENTER USER_NAME
17-07-2024 17:01:37.265Z;functions.loggin_RM;  ENTER PASSWORD
17-07-2024 17:01:38.763Z;functions.loggin_RM;  ENTER RM
17-07-2024 17:04:55.731Z;functions.enter_coligada;  CLICK CONTEXTO
17-07-2024 17:04:58.575Z;functions.enter_coligada;  CLICK ALTERAR MODULO DO CONTEXTO
17-07-2024 17:05:02.979Z;functions.enter_coligada;  INSERE O COLIGADA CODE = 1
17-07-2024 17:05:03.086Z;functions.enter_coligada;  APERTA TAB PARA PREENCHER O CAMPO COM A STRING: OCEANICA ENGENHARIA E CONSULTORIA S.A.
17-07-2024 17:05:05.262Z;functions.enter_coligada;  CLICK AVANÇAR NOVAMENTE
17-07-2024 17:05:06.606Z;functions.enter_coligada;  CLICK CONCLUIR
17-07-2024 17:05:26.731Z;functions.waitForImage;  TROCA COLIGADA image not found.
17-07-2024 17:05:43.450Z;functions.enter_coligada;  POP UP COLIGADA DESAPARECER
17-07-2024 17:05:44.427Z;functions.check_movimentacao_bancaria;  CLICK - TOTVS - LINHA RM
17-07-2024 17:05:46.637Z;functions.check_movimentacao_bancaria;  CLICK - BACK OFFICE
17-07-2024 17:05:49.387Z;functions.check_movimentacao_bancaria;  CLICK - GESTAO FINANCEIRA
17-07-2024 17:05:49.387Z;functions.movimentacao_bancaria;  AGUARDANDO 1
17-07-2024 17:05:55.262Z;functions.movimentacao_bancaria;  CLICA NA ABA MOVIMENTAÇÃO BANCARIA
17-07-2024 17:05:56.168Z;functions.waitForImage;  IMAGEM BORDERO image found.
17-07-2024 17:05:58.303Z;functions.movimentacao_bancaria;  IMAGEM BORDERO CLICADA.
17-07-2024 17:06:08.840Z;functions.waitForImage;  LICENCAS EXCEDIDAS image not found.
17-07-2024 17:06:09.543Z;functions.movimentacao_bancaria;  ENCONTROU O FILTRO DA MOVIMENTAÇÃO BANCÁRIA
17-07-2024 17:06:09.606Z;functions.movimentacao_bancaria;  CLICA NA ABA SUPERIOR DO FILTRO
17-07-2024 17:06:16.916Z;functions.movimentacao_bancaria;  SELECIONA O FILTRO HOJE
17-07-2024 17:06:22.106Z;functions.waitForImage;  FILTER CLEAN image found.
17-07-2024 17:06:24.240Z;functions.filter_clean;  CLICA NO BOTÃO X DO LIMPA FILTRO
17-07-2024 17:06:24.418Z;functions.waitForImage;  FILTER CLEAN image found.
17-07-2024 17:06:26.551Z;functions.filter_clean;  CLICA NO BOTÃO X DO LIMPA FILTRO
17-07-2024 17:06:41.856Z;functions.waitForImage;  FILTER CLEAN image not found.
17-07-2024 17:06:43.575Z;functions.movimentacao_bancaria;  CLICA NA PRIMEIRA LINHA DA TABELA MOVIMENTAÇÃO BANCÁRIA
17-07-2024 17:06:45.220Z;functions.movimentacao_bancaria;  CLICA NA PRIMEIRA LINHA DA TABELA MOVIMENTAÇÃO BANCÁRIA
17-07-2024 17:06:46.444Z;functions.movimentacao_bancaria;  12 PASSOS PARA DIREITA NA TABELA >>
17-07-2024 17:06:48.622Z;functions.movimentacao_bancaria;  HOVER FILTER
17-07-2024 17:06:49.182Z;functions.movimentacao_bancaria;  CLICK FILTER
17-07-2024 17:06:53.509Z;functions.movimentacao_bancaria;  CLICA NO FILTRO  STATUS DA REMESSA
17-07-2024 17:06:55.612Z;functions.movimentacao_bancaria;  APERTA TAB PARA ESCREVER O FILTRO
17-07-2024 17:06:57.727Z;functions.movimentacao_bancaria;  ESCREVE PENDENTE NO FILTRO
17-07-2024 17:06:59.830Z;functions.movimentacao_bancaria;  APERTA ENTER PARA SELECIONAR OS PENDENTES
17-07-2024 17:07:20.353Z;functions.movimentacao_bancaria;  SEM PROCESSAMENTO DE BORDERO PENDENTE
17-07-2024 17:07:30.543Z;functions.waitForImage;  FILTER CLEAN image found.
17-07-2024 17:07:32.678Z;functions.filter_clean;  CLICA NO BOTÃO X DO LIMPA FILTRO
17-07-2024 17:07:48.012Z;functions.waitForImage;  FILTER CLEAN image not found.
17-07-2024 17:08:03.387Z;functions.waitForImage;  FILTER CLEAN image not found.
17-07-2024 17:08:05.230Z;functions.processo_pagamento;  CLICA NA PRIMEIRA LINHA DA TABELA MOVIMENTAÇÃO BANCÁRIA
17-07-2024 17:08:07.309Z;functions.processo_pagamento;  HOVER FILTER
17-07-2024 17:08:07.867Z;functions.processo_pagamento;  CLICK FILTER
17-07-2024 17:08:12.201Z;functions.processo_pagamento;  CLICA NO FILTRO  STATUS DA REMESSA
17-07-2024 17:08:14.304Z;functions.processo_pagamento;  APERTA TAB PARA ESCREVER O FILTRO
17-07-2024 17:08:16.422Z;functions.processo_pagamento;  ESCREVE AUTORIZADO NO FILTRO
17-07-2024 17:08:18.524Z;functions.processo_pagamento;  APERTA ENTER PARA SELECIONAR OS AUTORIZADOS
17-07-2024 17:08:39.103Z;functions.processo_pagamento;  SEM REMESSA DE BORDERO AUTORIZADO
17-07-2024 17:08:40.209Z;functions.processo_pagamento;  FECHA ABA MOVIMENTAÇÕES BANCÁRIAS
17-07-2024 17:08:41.989Z;functions.enter_contas_a_pagar;  CLICK - TOTVS - LINHA RM
17-07-2024 17:08:43.918Z;functions.enter_contas_a_pagar;  CLICK - BACK OFFICE
17-07-2024 17:08:46.668Z;functions.enter_contas_a_pagar;  CLICK - GESTAO FINANCEIRA
17-07-2024 17:08:52.824Z;functions.enter_contas_a_pagar;  CLICK - CONTAS A PAGAR
17-07-2024 17:08:53.699Z;functions.waitForImage;  LANÇAMENTOS image found.
17-07-2024 17:08:55.834Z;functions.enter_contas_a_pagar;  CLICA EM LANÇAMENTOS
17-07-2024 17:09:11.324Z;functions.waitForImage;  LICENCAS EXCEDIDAS image not found.
17-07-2024 17:09:11.324Z;functions.obter_intervalo_data;  VERIFICANDO A HORA ATUAL 17
17-07-2024 17:09:11.340Z;functions.obter_intervalo_data;  Data Inicial BANCARIA antes da remoção: None
17-07-2024 17:09:11.340Z;functions.obter_intervalo_data;  Data Final BANCARIA antes da remoção: None
17-07-2024 17:09:11.355Z;functions.obter_intervalo_data;  Data Inicial BANCARIA após a remoção: None
17-07-2024 17:09:11.355Z;functions.obter_intervalo_data;  Data Final BANCARIA após a remoção: None
17-07-2024 17:09:11.355Z;functions.obter_intervalo_data;  hoje -  2024-07-17 17:09:11.355540
17-07-2024 17:09:11.355Z;functions.data_filter;  DATA INICIO 24-07-2024
17-07-2024 17:09:11.355Z;functions.data_filter;  DATA FIM 30-07-2024
17-07-2024 17:09:11.355Z;functions.data_filter;  CLICK - SELECIONA A DATA DE QUARTA FEIRA E DA PROXIMA TERÇA
17-07-2024 17:09:11.355Z;functions.data_filter;  QUARTA-FEIRA: 24-07-2024
17-07-2024 17:09:11.355Z;functions.data_filter;  TERCA-FEIRA: 30-07-2024
17-07-2024 17:09:28.173Z;functions.data_filter;  REMESSA BANCÁRIA - FILTRO DIGITADO
17-07-2024 17:09:29.167Z;functions.data_filter;  CLICK - BOTAO DE SELECAO DE FILTRO
17-07-2024 17:09:33.965Z;functions.data_filter;  INSERE - DATA DE QUARTA-FEIRA: 24-07-2024
17-07-2024 17:09:38.402Z;functions.data_filter;  INSERE - DATA DA PROX TERCA-FEIRA: 30-07-2024
17-07-2024 17:09:39.511Z;functions.data_filter;  CLICK - BOTAO DE EXECUTAR O FILTRO
17-07-2024 17:09:44.517Z;functions.desmark_filter;  AGUARDANDO 1
17-07-2024 17:09:48.355Z;functions.desmark_filter;  CLICK CHECKBOX LANÇAMENTOS A RECEBER
17-07-2024 17:09:50.667Z;functions.desmark_filter;  CLICK CHECKBOX LANÇAMENTOS BAIXADOS
17-07-2024 17:09:52.750Z;functions.desmark_filter;  CLICK CHECKBOX LANÇAMENTOS CANCELADOS
17-07-2024 17:09:55.590Z;functions.desmark_filter;  CLICK CHECKBOX LANÇAMENTOS FATURADOS
17-07-2024 17:09:58.105Z;functions.desmark_filter;  CLICK CHECKBOX LANÇAMENTOS FATURADOS
17-07-2024 17:10:03.308Z;functions.waitForImage;  FILTER CLEAN image found.
17-07-2024 17:10:05.425Z;functions.filter_clean;  CLICA NO BOTÃO X DO LIMPA FILTRO
17-07-2024 17:10:20.730Z;functions.waitForImage;  FILTER CLEAN image not found.
17-07-2024 17:10:36.011Z;functions.waitForImage;  FILTER CLEAN image not found.
17-07-2024 17:10:36.011Z;functions.check_table_record;  VERIFICANDO SE A TABELA ESTÁ VAZIA
17-07-2024 17:10:39.136Z;functions.check_table_record;  Texto extraido 1/64
17-07-2024 17:10:39.136Z;functions.check_table_record;  Count 64
17-07-2024 17:10:39.136Z;functions.check_table_record;  Type <class 'int'>
17-07-2024 17:10:39.136Z;functions.check_table_record;  TABELA CONTÉM REGISTROS
17-07-2024 17:10:51.205Z;functions.select_tipo_documento;  NOME DA COLUNA: Tipo de Documento
17-07-2024 17:10:53.012Z;functions.select_tipo_documento;  HOVER NOME DA COLUNA: Tipo de Documento
17-07-2024 17:10:53.883Z;functions.select_tipo_documento;  CLICA NO FILTRO PERSONALIZAR
17-07-2024 17:10:55.449Z;functions.select_tipo_documento;  CLICA PARA SELECIONAR OPÇÕES DO FILTRO
17-07-2024 17:11:01.894Z;functions.select_tipo_documento;  FILTRO "NÃO É IGUAL A INV" DEFINIDO
17-07-2024 17:11:02.917Z;functions.select_tipo_documento;  CLICK BUTTON CONFIRMAR FILTRO
17-07-2024 17:11:07.921Z;functions.filter_IPTE;  VERIFICANDO O COD DO CLIENTE EM CADA REGISTRO
17-07-2024 17:11:09.605Z;functions.filter_IPTE;  CLICA NA PRIMEIRA LINHA DA TABELA
17-07-2024 17:11:33.152Z;functions.filter_IPTE;  HOVER FILTER
17-07-2024 17:11:34.770Z;functions.filter_IPTE;  CLICK FILTER
17-07-2024 17:11:39.102Z;functions.filter_IPTE;  CLICA NO FILTRO PERSONALIZAR
17-07-2024 17:12:21.276Z;functions.filter_IPTE;  MOVIDO PRA CIMA 100 VEZES
17-07-2024 17:12:57.277Z;functions.filter_IPTE;  MOVIDO PRA CIMA MAIS 100 VEZES
17-07-2024 17:13:15.870Z;functions.filter_IPTE;  TABELA NÃO CONTÉM REGISTROS
17-07-2024 17:13:15.870Z;functions.check_table_record;  VERIFICANDO SE A TABELA ESTÁ VAZIA
17-07-2024 17:13:18.589Z;functions.check_table_record;  Texto extraido 0/0
17-07-2024 17:13:18.589Z;functions.check_table_record;  Count 0
17-07-2024 17:13:18.589Z;functions.check_table_record;  Type <class 'int'>
17-07-2024 17:13:18.589Z;functions.check_table_record;  SEM REGISTROS
17-07-2024 17:13:20.599Z;main.<module>;  SEM REMESSA BANCÁRIA
17-07-2024 17:13:20.599Z;functions.movimentacao_bancaria;  AGUARDANDO 1
17-07-2024 17:13:21.823Z;functions.movimentacao_bancaria;  CLICA NA ABA MOVIMENTAÇÃO BANCARIA
17-07-2024 17:13:22.026Z;functions.waitForImage;  IMAGEM BORDERO image found.
17-07-2024 17:13:24.136Z;functions.movimentacao_bancaria;  IMAGEM BORDERO CLICADA.
17-07-2024 17:13:34.151Z;functions.waitForImage;  LICENCAS EXCEDIDAS image not found.
17-07-2024 17:13:34.885Z;functions.movimentacao_bancaria;  ENCONTROU O FILTRO DA MOVIMENTAÇÃO BANCÁRIA
17-07-2024 17:13:34.948Z;functions.movimentacao_bancaria;  CLICA NA ABA SUPERIOR DO FILTRO
17-07-2024 17:13:42.261Z;functions.movimentacao_bancaria;  SELECIONA O FILTRO HOJE
17-07-2024 17:13:47.448Z;functions.waitForImage;  FILTER CLEAN image found.
17-07-2024 17:13:49.584Z;functions.filter_clean;  CLICA NO BOTÃO X DO LIMPA FILTRO
17-07-2024 17:14:04.964Z;functions.waitForImage;  FILTER CLEAN image not found.
17-07-2024 17:14:20.276Z;functions.waitForImage;  FILTER CLEAN image not found.
17-07-2024 17:14:21.917Z;functions.movimentacao_bancaria;  CLICA NA PRIMEIRA LINHA DA TABELA MOVIMENTAÇÃO BANCÁRIA
17-07-2024 17:14:23.354Z;functions.movimentacao_bancaria;  CLICA NA PRIMEIRA LINHA DA TABELA MOVIMENTAÇÃO BANCÁRIA
17-07-2024 17:14:24.590Z;functions.movimentacao_bancaria;  12 PASSOS PARA DIREITA NA TABELA >>
17-07-2024 17:14:26.729Z;functions.movimentacao_bancaria;  HOVER FILTER
17-07-2024 17:14:27.298Z;functions.movimentacao_bancaria;  CLICK FILTER
17-07-2024 17:14:31.631Z;functions.movimentacao_bancaria;  CLICA NO FILTRO  STATUS DA REMESSA
17-07-2024 17:14:33.733Z;functions.movimentacao_bancaria;  APERTA TAB PARA ESCREVER O FILTRO
17-07-2024 17:14:35.847Z;functions.movimentacao_bancaria;  ESCREVE PENDENTE NO FILTRO
17-07-2024 17:14:37.950Z;functions.movimentacao_bancaria;  APERTA ENTER PARA SELECIONAR OS PENDENTES
17-07-2024 17:14:58.498Z;functions.movimentacao_bancaria;  SEM PROCESSAMENTO DE BORDERO PENDENTE
17-07-2024 17:15:08.667Z;functions.waitForImage;  FILTER CLEAN image found.
17-07-2024 17:15:10.800Z;functions.filter_clean;  CLICA NO BOTÃO X DO LIMPA FILTRO
17-07-2024 17:15:26.104Z;functions.waitForImage;  FILTER CLEAN image not found.
17-07-2024 17:15:41.416Z;functions.waitForImage;  FILTER CLEAN image not found.
17-07-2024 17:15:43.291Z;functions.processo_pagamento;  CLICA NA PRIMEIRA LINHA DA TABELA MOVIMENTAÇÃO BANCÁRIA
17-07-2024 17:15:45.557Z;functions.processo_pagamento;  HOVER FILTER
17-07-2024 17:15:46.139Z;functions.processo_pagamento;  CLICK FILTER
17-07-2024 17:15:50.473Z;functions.processo_pagamento;  CLICA NO FILTRO  STATUS DA REMESSA
17-07-2024 17:15:52.576Z;functions.processo_pagamento;  APERTA TAB PARA ESCREVER O FILTRO
17-07-2024 17:15:54.695Z;functions.processo_pagamento;  ESCREVE AUTORIZADO NO FILTRO
17-07-2024 17:15:56.798Z;functions.processo_pagamento;  APERTA ENTER PARA SELECIONAR OS AUTORIZADOS
17-07-2024 17:16:17.377Z;functions.processo_pagamento;  SEM REMESSA DE BORDERO AUTORIZADO
17-07-2024 17:16:18.482Z;functions.processo_pagamento;  FECHA ABA MOVIMENTAÇÕES BANCÁRIAS
17-07-2024 17:16:19.854Z;functions.enter_contas_a_pagar;  CLICK - TOTVS - LINHA RM
17-07-2024 17:16:21.760Z;functions.enter_contas_a_pagar;  CLICK - BACK OFFICE
17-07-2024 17:16:24.541Z;functions.enter_contas_a_pagar;  CLICK - GESTAO FINANCEIRA
17-07-2024 17:16:30.604Z;functions.enter_contas_a_pagar;  CLICK - CONTAS A PAGAR
17-07-2024 17:16:31.510Z;functions.waitForImage;  LANÇAMENTOS image found.
17-07-2024 17:16:33.645Z;functions.enter_contas_a_pagar;  CLICA EM LANÇAMENTOS
17-07-2024 17:16:49.307Z;functions.waitForImage;  LICENCAS EXCEDIDAS image not found.
17-07-2024 17:16:49.307Z;functions.obter_intervalo_data;  VERIFICANDO A HORA ATUAL 17
17-07-2024 17:16:49.307Z;functions.obter_intervalo_data;  Data Inicial BANCARIA antes da remoção: None
17-07-2024 17:16:49.307Z;functions.obter_intervalo_data;  Data Final BANCARIA antes da remoção: None
17-07-2024 17:16:49.323Z;functions.obter_intervalo_data;  Data Inicial BANCARIA após a remoção: None
17-07-2024 17:16:49.323Z;functions.obter_intervalo_data;  Data Final BANCARIA após a remoção: None
17-07-2024 17:16:49.323Z;functions.obter_intervalo_data;  hoje -  2024-07-17 17:16:49.323030
17-07-2024 17:16:49.323Z;functions.data_filter;  DATA INICIO 24-07-2024
17-07-2024 17:16:49.323Z;functions.data_filter;  DATA FIM 30-07-2024
17-07-2024 17:16:49.323Z;functions.data_filter;  CLICK - SELECIONA A DATA DE QUARTA FEIRA E DA PROXIMA TERÇA
17-07-2024 17:16:49.323Z;functions.data_filter;  QUARTA-FEIRA: 24-07-2024
17-07-2024 17:16:49.323Z;functions.data_filter;  TERCA-FEIRA: 30-07-2024
17-07-2024 17:17:06.135Z;functions.data_filter;  REMESSA BANCÁRIA - FILTRO DIGITADO
17-07-2024 17:17:07.322Z;functions.data_filter;  CLICK - BOTAO DE SELECAO DE FILTRO
17-07-2024 17:17:12.213Z;functions.data_filter;  INSERE - DATA DE QUARTA-FEIRA: 24-07-2024
17-07-2024 17:17:16.682Z;functions.data_filter;  INSERE - DATA DA PROX TERCA-FEIRA: 30-07-2024
17-07-2024 17:17:17.822Z;functions.data_filter;  CLICK - BOTAO DE EXECUTAR O FILTRO
17-07-2024 17:17:22.827Z;functions.desmark_filter;  AGUARDANDO 1
17-07-2024 17:17:24.791Z;functions.desmark_filter;  CLICK CHECKBOX LANÇAMENTOS A RECEBER
17-07-2024 17:17:27.135Z;functions.desmark_filter;  CLICK CHECKBOX LANÇAMENTOS BAIXADOS
17-07-2024 17:17:29.604Z;functions.desmark_filter;  CLICK CHECKBOX LANÇAMENTOS CANCELADOS
17-07-2024 17:17:32.635Z;functions.desmark_filter;  CLICK CHECKBOX LANÇAMENTOS FATURADOS
17-07-2024 17:17:35.198Z;functions.desmark_filter;  CLICK CHECKBOX LANÇAMENTOS FATURADOS
17-07-2024 17:17:40.400Z;functions.waitForImage;  FILTER CLEAN image found.
17-07-2024 17:17:42.515Z;functions.filter_clean;  CLICA NO BOTÃO X DO LIMPA FILTRO
17-07-2024 17:17:57.963Z;functions.waitForImage;  FILTER CLEAN image not found.
17-07-2024 17:18:13.259Z;functions.waitForImage;  FILTER CLEAN image not found.
17-07-2024 17:18:14.588Z;functions.filter_forma_pagamento;  CLICA NA PRIMEIRA LINHA DA TABELA
17-07-2024 17:18:14.916Z;functions.filter_forma_pagamento;  CLICK NA PRIMEIRA LINHA E COLUNA DA TABELA
17-07-2024 17:18:31.227Z;functions.filter_forma_pagamento;  160 PASSOS PARA DIREITA NA TABELA >>
17-07-2024 17:18:36.619Z;functions.filter_forma_pagamento;  HOVER NOME DA COLUNA FORMA DE PAGAMENTO
17-07-2024 17:18:38.423Z;functions.filter_forma_pagamento;  CLICA PARA APARECER O FILTRO PERSONALIZAR
17-07-2024 17:18:41.758Z;functions.filter_forma_pagamento;  CLICA NO FILTRO PERSONALIZAR
17-07-2024 17:18:54.400Z;functions.filter_forma_pagamento;  Texto extraido 1/1
17-07-2024 17:18:54.400Z;functions.filter_forma_pagamento;  Count 1
17-07-2024 17:18:54.400Z;functions.filter_forma_pagamento;  Type <class 'int'>
17-07-2024 17:18:54.400Z;functions.filter_forma_pagamento;  TABELA CONTÉM REGISTROS
17-07-2024 17:18:55.713Z;functions.filter_forma_pagamento;  MOVIDO PRA CIMA 1 VEZES
17-07-2024 17:18:59.695Z;functions.check_table_record;  VERIFICANDO SE A TABELA ESTÁ VAZIA
17-07-2024 17:19:02.744Z;functions.check_table_record;  Texto extraido 1/1
17-07-2024 17:19:02.744Z;functions.check_table_record;  Count 1
17-07-2024 17:19:02.744Z;functions.check_table_record;  Type <class 'int'>
17-07-2024 17:19:02.744Z;functions.check_table_record;  TABELA CONTÉM REGISTROS
17-07-2024 17:19:02.744Z;functions.check_ted_cip;  VERIFICANDO O COD DO CLIENTE EM CADA REGISTRO
17-07-2024 17:19:04.416Z;functions.check_ted_cip;  CLICA NA PRIMEIRA LINHA DA TABELA
17-07-2024 17:19:04.416Z;functions.check_ted_cip;  rows_int check_ted_cip(): 1
17-07-2024 17:19:13.628Z;functions.check_ted_cip;  0 PASSOS PARA DIREITA >>
17-07-2024 17:19:13.731Z;functions.check_ted_cip;  1 PASSOS PARA DIREITA >>
17-07-2024 17:19:13.833Z;functions.check_ted_cip;  2 PASSOS PARA DIREITA >>
17-07-2024 17:19:22.938Z;functions.check_ted_cip;  REFERENCIA LANÇAMENTO: 981526
17-07-2024 17:19:22.938Z;functions.check_ted_cip;  CLIENTE: 009834
17-07-2024 17:19:23.041Z;functions.check_ted_cip;  3 PASSOS PARA ESQUERDA <<
17-07-2024 17:19:23.144Z;functions.check_ted_cip;  3 PASSOS PARA ESQUERDA <<
17-07-2024 17:19:23.247Z;functions.check_ted_cip;  3 PASSOS PARA ESQUERDA <<
17-07-2024 17:19:25.247Z;functions.check_ted_cip;  CLIENTE NÃO CONTIDO NA LISTA O LANÇAMENTO SERÁ MODIFICADO PARA PIX
17-07-2024 17:19:47.166Z;functions.waitForImage;  INTEGRAÇÃO BANCÁRIA image found.
17-07-2024 17:19:49.301Z;functions.check_ted_cip;  CLICA EM INTEGRAÇÃO BANCÁRIA
17-07-2024 17:19:49.301Z;functions.check_ted_cip;  VERIFICANDO INFORMAÇÕES
17-07-2024 17:19:54.478Z;functions.waitForImage;  DADOS BANCARIOS image found.
17-07-2024 17:19:54.614Z;functions.check_ted_cip;  CLICK EM DADOS BANCARIOS
17-07-2024 17:19:59.615Z;functions.check_ted_cip;  ENTROU DADOS BANCÁRIOS
17-07-2024 17:19:59.717Z;functions.check_ted_cip;  APERTA TAB
17-07-2024 17:20:01.823Z;functions.check_ted_cip;  CLICOU ctrl+c
17-07-2024 17:20:02.938Z;functions.check_ted_cip;  DIGITOU PIX
17-07-2024 17:20:04.041Z;functions.check_ted_cip;  TAB CLICADO 0
17-07-2024 17:20:05.144Z;functions.check_ted_cip;  TAB CLICADO 1
17-07-2024 17:20:06.247Z;functions.check_ted_cip;  TAB CLICADO 2
17-07-2024 17:20:07.350Z;functions.check_ted_cip;  TAB CLICADO 3
17-07-2024 17:20:08.452Z;functions.check_ted_cip;  DOWN CLIACADO 0
17-07-2024 17:20:09.555Z;functions.check_ted_cip;  DOWN CLIACADO 1
17-07-2024 17:20:10.659Z;functions.check_ted_cip;  DOWN CLIACADO 2
17-07-2024 17:20:11.762Z;functions.check_ted_cip;  DOWN CLIACADO 3
17-07-2024 17:20:12.865Z;functions.check_ted_cip;  DOWN CLIACADO 4
17-07-2024 17:20:13.968Z;functions.check_ted_cip;  DOWN CLIACADO 5
17-07-2024 17:20:15.071Z;functions.check_ted_cip;  DOWN CLIACADO 6
17-07-2024 17:20:16.174Z;functions.check_ted_cip;  DOWN CLIACADO 7
17-07-2024 17:20:17.277Z;functions.check_ted_cip;  DOWN CLIACADO 8
17-07-2024 17:20:18.379Z;functions.check_ted_cip;  DOWN CLIACADO 9
17-07-2024 17:20:19.482Z;functions.check_ted_cip;  DOWN CLIACADO 10
17-07-2024 17:20:20.585Z;functions.check_ted_cip;  DOWN CLIACADO 11
17-07-2024 17:20:21.688Z;functions.check_ted_cip;  DOWN CLIACADO 12
17-07-2024 17:20:22.791Z;functions.check_ted_cip;  DOWN CLIACADO 13
17-07-2024 17:20:23.894Z;functions.check_ted_cip;  DOWN CLIACADO 14
17-07-2024 17:20:24.997Z;functions.check_ted_cip;  DOWN CLIACADO 15
17-07-2024 17:20:26.100Z;functions.check_ted_cip;  DOWN CLIACADO 16
17-07-2024 17:20:27.203Z;functions.check_ted_cip;  DOWN CLIACADO 17
17-07-2024 17:20:28.306Z;functions.check_ted_cip;  DOWN CLIACADO 18
17-07-2024 17:20:29.410Z;functions.check_ted_cip;  DOWN CLIACADO 19
17-07-2024 17:20:30.513Z;functions.check_ted_cip;  DOWN CLIACADO 20
17-07-2024 17:20:33.806Z;functions.waitForImage;  PRESS BUTTON OK image found.
17-07-2024 17:20:35.955Z;functions.click_ok;  PRESS BUTTON OK
17-07-2024 17:20:38.134Z;functions.waitForImage;  PRESS BUTTON OK image found.
17-07-2024 17:20:40.270Z;functions.click_ok;  PRESS BUTTON OK
17-07-2024 17:20:44.271Z;functions.check_ted_cip;  RETIRANDO A REFERENCIA: 981526 DO PROCESSAMENTO TED CIP TRANSFORMANDO PARA PIX
17-07-2024 17:20:48.375Z;functions.check_ted_cip;  PASSANDO PARA PRÓXIMO REGISTRO
17-07-2024 17:20:53.353Z;functions.enter_contas_a_pagar;  CLICK - TOTVS - LINHA RM
17-07-2024 17:20:55.322Z;functions.enter_contas_a_pagar;  CLICK - BACK OFFICE
17-07-2024 17:20:56.322Z;functions.enter_contas_a_pagar;  CLICK - GESTAO FINANCEIRA
17-07-2024 17:21:02.478Z;functions.enter_contas_a_pagar;  CLICK - CONTAS A PAGAR
17-07-2024 17:21:03.353Z;functions.waitForImage;  LANÇAMENTOS image found.
17-07-2024 17:21:05.487Z;functions.enter_contas_a_pagar;  CLICA EM LANÇAMENTOS
17-07-2024 17:21:21.150Z;functions.waitForImage;  LICENCAS EXCEDIDAS image not found.
17-07-2024 17:21:21.150Z;functions.obter_intervalo_data;  VERIFICANDO A HORA ATUAL 17
17-07-2024 17:21:21.165Z;functions.obter_intervalo_data;  Data Inicial BANCARIA antes da remoção: None
17-07-2024 17:21:21.165Z;functions.obter_intervalo_data;  Data Final BANCARIA antes da remoção: None
17-07-2024 17:21:21.181Z;functions.obter_intervalo_data;  Data Inicial BANCARIA após a remoção: None
17-07-2024 17:21:21.181Z;functions.obter_intervalo_data;  Data Final BANCARIA após a remoção: None
17-07-2024 17:21:21.181Z;functions.obter_intervalo_data;  hoje -  2024-07-17 17:21:21.181480
17-07-2024 17:21:21.181Z;functions.data_filter;  DATA INICIO 24-07-2024
17-07-2024 17:21:21.181Z;functions.data_filter;  DATA FIM 30-07-2024
17-07-2024 17:21:21.181Z;functions.data_filter;  CLICK - SELECIONA A DATA DE QUARTA FEIRA E DA PROXIMA TERÇA
17-07-2024 17:21:21.181Z;functions.data_filter;  QUARTA-FEIRA: 24-07-2024
17-07-2024 17:21:21.181Z;functions.data_filter;  TERCA-FEIRA: 30-07-2024
17-07-2024 17:21:38.032Z;functions.data_filter;  REMESSA BANCÁRIA - FILTRO DIGITADO
17-07-2024 17:21:39.009Z;functions.data_filter;  CLICK - BOTAO DE SELECAO DE FILTRO
17-07-2024 17:21:43.806Z;functions.data_filter;  INSERE - DATA DE QUARTA-FEIRA: 24-07-2024
17-07-2024 17:21:48.275Z;functions.data_filter;  INSERE - DATA DA PROX TERCA-FEIRA: 30-07-2024
17-07-2024 17:21:49.447Z;functions.data_filter;  CLICK - BOTAO DE EXECUTAR O FILTRO
17-07-2024 17:21:54.451Z;functions.desmark_filter;  AGUARDANDO 1
17-07-2024 17:21:56.696Z;functions.desmark_filter;  CLICK CHECKBOX LANÇAMENTOS A RECEBER
17-07-2024 17:21:59.033Z;functions.desmark_filter;  CLICK CHECKBOX LANÇAMENTOS BAIXADOS
17-07-2024 17:22:01.384Z;functions.desmark_filter;  CLICK CHECKBOX LANÇAMENTOS CANCELADOS
17-07-2024 17:22:03.944Z;functions.desmark_filter;  CLICK CHECKBOX LANÇAMENTOS FATURADOS
17-07-2024 17:22:06.540Z;functions.desmark_filter;  CLICK CHECKBOX LANÇAMENTOS FATURADOS
17-07-2024 17:22:11.743Z;functions.waitForImage;  FILTER CLEAN image found.
17-07-2024 17:22:13.853Z;functions.filter_clean;  CLICA NO BOTÃO X DO LIMPA FILTRO
17-07-2024 17:22:29.196Z;functions.waitForImage;  FILTER CLEAN image not found.
17-07-2024 17:22:44.587Z;functions.waitForImage;  FILTER CLEAN image not found.
17-07-2024 17:22:46.227Z;functions.filter_forma_pagamento_branco;  CLICK NA PRIMEIRA LINHA E COLUNA DA TABELA
17-07-2024 17:23:02.544Z;functions.filter_forma_pagamento_branco;  160 PASSOS PARA DIREITA NA TABELA >>
17-07-2024 17:23:07.947Z;functions.filter_forma_pagamento_branco;  HOVER NOME DA COLUNA FORMA DE PAGAMENTO
17-07-2024 17:23:09.672Z;functions.filter_forma_pagamento_branco;  CLICA PARA APARECER O FILTRO PERSONALIZAR
17-07-2024 17:23:13.006Z;functions.filter_forma_pagamento_branco;  CLICA NO FILTRO PERSONALIZAR
17-07-2024 17:23:22.259Z;functions.filter_forma_pagamento_branco;  Texto extraido 9/9
17-07-2024 17:23:22.275Z;functions.filter_forma_pagamento_branco;  Count 9
17-07-2024 17:23:22.275Z;functions.filter_forma_pagamento_branco;  Type <class 'int'>
17-07-2024 17:23:22.275Z;functions.filter_forma_pagamento_branco;  TABELA CONTÉM REGISTROS
17-07-2024 17:23:25.212Z;functions.filter_forma_pagamento_branco;  MOVIDO PRA CIMA 9 VEZES
17-07-2024 17:23:29.191Z;functions.check_table_record;  VERIFICANDO SE A TABELA ESTÁ VAZIA
17-07-2024 17:23:32.212Z;functions.check_table_record;  Texto extraido 1/9
17-07-2024 17:23:32.212Z;functions.check_table_record;  Count 9
17-07-2024 17:23:32.212Z;functions.check_table_record;  Type <class 'int'>
17-07-2024 17:23:32.212Z;functions.check_table_record;  TABELA CONTÉM REGISTROS
17-07-2024 17:23:32.212Z;functions.check_ted_branco;  VERIFICANDO O COD DO CLIENTE EM CADA REGISTRO
17-07-2024 17:23:33.884Z;functions.check_ted_branco;  CLICA NA PRIMEIRA LINHA DA TABELA
17-07-2024 17:23:37.991Z;functions.check_ted_branco;  REFERNCIA: 981408
17-07-2024 17:23:37.991Z;functions.check_ted_branco;  CONTAGEM: 1
17-07-2024 17:23:38.293Z;functions.check_ted_branco;  ENTRANDO NO REGISTRO 
17-07-2024 17:23:44.508Z;functions.waitForImage;  INTEGRAÇÃO BANCÁRIA image found.
17-07-2024 17:23:44.643Z;functions.check_ted_branco;  CLICA EM INTEGRAÇÃO BANCÁRIA
17-07-2024 17:23:44.643Z;functions.check_ted_branco;  VERIFICANDO INFORMAÇÕES
17-07-2024 17:23:45.524Z;functions.waitForImage;  TRES PONTINHOS image found.
17-07-2024 17:23:58.161Z;functions.check_ted_branco;  VERIFICANDO SE TEM PIX NO FILTRO
17-07-2024 17:23:58.368Z;functions.waitForImage;  CHECANDO DADOS BANCÁRIOS PIX image found.
17-07-2024 17:24:00.380Z;functions.check_ted_branco;  PIX NÃO ENCONTRADO PARA REFERENCIA: 981408
17-07-2024 17:24:04.093Z;functions.check_ted_branco;  APERTA EM CANCELAR
17-07-2024 17:24:04.274Z;functions.waitForImage;  PRESS BUTTON OK image found.
17-07-2024 17:24:06.392Z;functions.click_ok;  PRESS BUTTON OK
17-07-2024 17:24:18.915Z;functions.waitForImage;  ERROR GENERICO image not found.
17-07-2024 17:24:24.056Z;functions.waitForImage;  ERROR FILTRO PIX image not found.
17-07-2024 17:24:28.172Z;functions.check_ted_branco;  PASSANDO PARA PRÓXIMO REGISTRO
17-07-2024 17:24:32.277Z;functions.check_ted_branco;  REFERNCIA: 978735
17-07-2024 17:24:32.277Z;functions.check_ted_branco;  CONTAGEM: 2
17-07-2024 17:24:32.579Z;functions.check_ted_branco;  ENTRANDO NO REGISTRO 
17-07-2024 17:24:38.758Z;functions.waitForImage;  INTEGRAÇÃO BANCÁRIA image found.
17-07-2024 17:24:38.893Z;functions.check_ted_branco;  CLICA EM INTEGRAÇÃO BANCÁRIA
17-07-2024 17:24:38.893Z;functions.check_ted_branco;  VERIFICANDO INFORMAÇÕES
17-07-2024 17:24:39.076Z;functions.waitForImage;  TRES PONTINHOS image found.
17-07-2024 17:24:51.713Z;functions.check_ted_branco;  VERIFICANDO SE TEM PIX NO FILTRO
17-07-2024 17:24:51.883Z;functions.waitForImage;  CHECANDO DADOS BANCÁRIOS PIX image found.
17-07-2024 17:24:53.898Z;functions.check_ted_branco;  PIX NÃO ENCONTRADO PARA REFERENCIA: 978735
17-07-2024 17:24:57.612Z;functions.check_ted_branco;  APERTA EM CANCELAR
17-07-2024 17:24:57.790Z;functions.waitForImage;  PRESS BUTTON OK image found.
17-07-2024 17:24:59.923Z;functions.click_ok;  PRESS BUTTON OK
17-07-2024 17:25:12.415Z;functions.waitForImage;  ERROR GENERICO image not found.
17-07-2024 17:25:17.493Z;functions.waitForImage;  ERROR FILTRO PIX image not found.
17-07-2024 17:25:21.602Z;functions.check_ted_branco;  PASSANDO PARA PRÓXIMO REGISTRO
17-07-2024 17:25:25.707Z;functions.check_ted_branco;  REFERNCIA: 981623
17-07-2024 17:25:25.707Z;functions.check_ted_branco;  CONTAGEM: 3
17-07-2024 17:25:26.009Z;functions.check_ted_branco;  ENTRANDO NO REGISTRO 
17-07-2024 17:25:32.196Z;functions.waitForImage;  INTEGRAÇÃO BANCÁRIA image found.
17-07-2024 17:25:32.331Z;functions.check_ted_branco;  CLICA EM INTEGRAÇÃO BANCÁRIA
17-07-2024 17:25:32.331Z;functions.check_ted_branco;  VERIFICANDO INFORMAÇÕES
17-07-2024 17:25:32.543Z;functions.waitForImage;  TRES PONTINHOS image found.
17-07-2024 17:25:45.173Z;functions.check_ted_branco;  VERIFICANDO SE TEM PIX NO FILTRO
17-07-2024 17:25:45.352Z;functions.waitForImage;  CHECANDO DADOS BANCÁRIOS PIX image found.
17-07-2024 17:25:47.364Z;functions.check_ted_branco;  PIX NÃO ENCONTRADO PARA REFERENCIA: 981623
17-07-2024 17:25:51.076Z;functions.check_ted_branco;  APERTA EM CANCELAR
17-07-2024 17:25:51.227Z;functions.waitForImage;  PRESS BUTTON OK image found.
17-07-2024 17:25:53.359Z;functions.click_ok;  PRESS BUTTON OK
17-07-2024 17:26:05.852Z;functions.waitForImage;  ERROR GENERICO image not found.
17-07-2024 17:26:10.899Z;functions.waitForImage;  ERROR FILTRO PIX image not found.
17-07-2024 17:26:15.012Z;functions.check_ted_branco;  PASSANDO PARA PRÓXIMO REGISTRO
17-07-2024 17:26:19.117Z;functions.check_ted_branco;  REFERNCIA: 980379
17-07-2024 17:26:19.117Z;functions.check_ted_branco;  CONTAGEM: 4
17-07-2024 17:26:19.418Z;functions.check_ted_branco;  ENTRANDO NO REGISTRO 
17-07-2024 17:26:26.321Z;functions.waitForImage;  INTEGRAÇÃO BANCÁRIA image found.
17-07-2024 17:26:26.454Z;functions.check_ted_branco;  CLICA EM INTEGRAÇÃO BANCÁRIA
17-07-2024 17:26:26.454Z;functions.check_ted_branco;  VERIFICANDO INFORMAÇÕES
17-07-2024 17:26:26.620Z;functions.waitForImage;  TRES PONTINHOS image found.
17-07-2024 17:26:39.253Z;functions.check_ted_branco;  VERIFICANDO SE TEM PIX NO FILTRO
17-07-2024 17:26:39.477Z;functions.waitForImage;  CHECANDO DADOS BANCÁRIOS PIX image found.
17-07-2024 17:26:41.478Z;functions.check_ted_branco;  PIX NÃO ENCONTRADO PARA REFERENCIA: 980379
17-07-2024 17:26:45.190Z;functions.check_ted_branco;  APERTA EM CANCELAR
17-07-2024 17:26:45.399Z;functions.waitForImage;  PRESS BUTTON OK image found.
17-07-2024 17:26:47.518Z;functions.click_ok;  PRESS BUTTON OK
17-07-2024 17:27:00.024Z;functions.waitForImage;  ERROR GENERICO image not found.
17-07-2024 17:27:05.149Z;functions.waitForImage;  ERROR FILTRO PIX image not found.
17-07-2024 17:27:09.260Z;functions.check_ted_branco;  PASSANDO PARA PRÓXIMO REGISTRO
17-07-2024 17:27:13.365Z;functions.check_ted_branco;  REFERNCIA: 981510
17-07-2024 17:27:13.365Z;functions.check_ted_branco;  CONTAGEM: 5
17-07-2024 17:27:13.667Z;functions.check_ted_branco;  ENTRANDO NO REGISTRO 
17-07-2024 17:27:19.781Z;functions.waitForImage;  INTEGRAÇÃO BANCÁRIA image found.
17-07-2024 17:27:19.892Z;functions.check_ted_branco;  CLICA EM INTEGRAÇÃO BANCÁRIA
17-07-2024 17:27:19.892Z;functions.check_ted_branco;  VERIFICANDO INFORMAÇÕES
17-07-2024 17:27:20.072Z;functions.waitForImage;  TRES PONTINHOS image found.
17-07-2024 17:27:32.702Z;functions.check_ted_branco;  VERIFICANDO SE TEM PIX NO FILTRO
17-07-2024 17:27:32.883Z;functions.waitForImage;  CHECANDO DADOS BANCÁRIOS PIX image found.
17-07-2024 17:27:34.891Z;functions.check_ted_branco;  PIX NÃO ENCONTRADO PARA REFERENCIA: 981510
17-07-2024 17:27:38.603Z;functions.check_ted_branco;  APERTA EM CANCELAR
17-07-2024 17:27:38.773Z;functions.waitForImage;  PRESS BUTTON OK image found.
17-07-2024 17:27:40.891Z;functions.click_ok;  PRESS BUTTON OK
17-07-2024 17:27:53.414Z;functions.waitForImage;  ERROR GENERICO image not found.
17-07-2024 17:27:58.446Z;functions.waitForImage;  ERROR FILTRO PIX image not found.
17-07-2024 17:28:02.563Z;functions.check_ted_branco;  PASSANDO PARA PRÓXIMO REGISTRO
17-07-2024 17:28:06.668Z;functions.check_ted_branco;  REFERNCIA: 981509
17-07-2024 17:28:06.668Z;functions.check_ted_branco;  CONTAGEM: 6
17-07-2024 17:28:06.970Z;functions.check_ted_branco;  ENTRANDO NO REGISTRO 
17-07-2024 17:28:13.821Z;functions.waitForImage;  INTEGRAÇÃO BANCÁRIA image found.
17-07-2024 17:28:13.953Z;functions.check_ted_branco;  CLICA EM INTEGRAÇÃO BANCÁRIA
17-07-2024 17:28:13.953Z;functions.check_ted_branco;  VERIFICANDO INFORMAÇÕES
17-07-2024 17:28:14.121Z;functions.waitForImage;  TRES PONTINHOS image found.
17-07-2024 17:28:26.758Z;functions.check_ted_branco;  VERIFICANDO SE TEM PIX NO FILTRO
17-07-2024 17:28:26.945Z;functions.waitForImage;  CHECANDO DADOS BANCÁRIOS PIX image found.
17-07-2024 17:28:28.951Z;functions.check_ted_branco;  PIX NÃO ENCONTRADO PARA REFERENCIA: 981509
17-07-2024 17:28:32.664Z;functions.check_ted_branco;  APERTA EM CANCELAR
17-07-2024 17:28:32.851Z;functions.waitForImage;  PRESS BUTTON OK image found.
17-07-2024 17:28:34.986Z;functions.click_ok;  PRESS BUTTON OK
17-07-2024 17:28:47.477Z;functions.waitForImage;  ERROR GENERICO image not found.
17-07-2024 17:28:52.555Z;functions.waitForImage;  ERROR FILTRO PIX image not found.
17-07-2024 17:28:56.665Z;functions.check_ted_branco;  PASSANDO PARA PRÓXIMO REGISTRO
17-07-2024 17:29:00.771Z;functions.check_ted_branco;  REFERNCIA: 753544
17-07-2024 17:29:00.771Z;functions.check_ted_branco;  CONTAGEM: 7
17-07-2024 17:29:01.073Z;functions.check_ted_branco;  ENTRANDO NO REGISTRO 
17-07-2024 17:29:07.180Z;functions.waitForImage;  INTEGRAÇÃO BANCÁRIA image found.
17-07-2024 17:29:07.298Z;functions.check_ted_branco;  CLICA EM INTEGRAÇÃO BANCÁRIA
17-07-2024 17:29:07.298Z;functions.check_ted_branco;  VERIFICANDO INFORMAÇÕES
17-07-2024 17:29:08.133Z;functions.waitForImage;  TRES PONTINHOS image found.
17-07-2024 17:29:20.774Z;functions.check_ted_branco;  VERIFICANDO SE TEM PIX NO FILTRO
17-07-2024 17:29:20.945Z;functions.waitForImage;  CHECANDO DADOS BANCÁRIOS PIX image found.
17-07-2024 17:29:22.953Z;functions.check_ted_branco;  PIX NÃO ENCONTRADO PARA REFERENCIA: 753544
17-07-2024 17:29:26.666Z;functions.check_ted_branco;  APERTA EM CANCELAR
17-07-2024 17:29:26.852Z;functions.waitForImage;  PRESS BUTTON OK image found.
17-07-2024 17:29:28.984Z;functions.click_ok;  PRESS BUTTON OK
17-07-2024 17:29:41.508Z;functions.waitForImage;  ERROR GENERICO image not found.
17-07-2024 17:29:46.554Z;functions.waitForImage;  ERROR FILTRO PIX image not found.
17-07-2024 17:29:50.660Z;functions.check_ted_branco;  PASSANDO PARA PRÓXIMO REGISTRO
17-07-2024 17:29:54.765Z;functions.check_ted_branco;  REFERNCIA: 753667
17-07-2024 17:29:54.765Z;functions.check_ted_branco;  CONTAGEM: 8
17-07-2024 17:29:55.066Z;functions.check_ted_branco;  ENTRANDO NO REGISTRO 
17-07-2024 17:30:01.850Z;functions.waitForImage;  INTEGRAÇÃO BANCÁRIA image found.
17-07-2024 17:30:01.985Z;functions.check_ted_branco;  CLICA EM INTEGRAÇÃO BANCÁRIA
17-07-2024 17:30:01.985Z;functions.check_ted_branco;  VERIFICANDO INFORMAÇÕES
17-07-2024 17:30:02.789Z;functions.waitForImage;  TRES PONTINHOS image found.
17-07-2024 17:30:15.445Z;functions.check_ted_branco;  VERIFICANDO SE TEM PIX NO FILTRO
17-07-2024 17:30:15.633Z;functions.waitForImage;  CHECANDO DADOS BANCÁRIOS PIX image found.
17-07-2024 17:30:17.640Z;functions.check_ted_branco;  PIX NÃO ENCONTRADO PARA REFERENCIA: 753667
17-07-2024 17:30:21.352Z;functions.check_ted_branco;  APERTA EM CANCELAR
17-07-2024 17:30:21.523Z;functions.waitForImage;  PRESS BUTTON OK image found.
17-07-2024 17:30:23.675Z;functions.click_ok;  PRESS BUTTON OK
17-07-2024 17:30:36.164Z;functions.waitForImage;  ERROR GENERICO image not found.
17-07-2024 17:30:41.226Z;functions.waitForImage;  ERROR FILTRO PIX image not found.
17-07-2024 17:30:45.345Z;functions.check_ted_branco;  PASSANDO PARA PRÓXIMO REGISTRO
17-07-2024 17:30:49.449Z;functions.check_ted_branco;  REFERNCIA: 753607
17-07-2024 17:30:49.449Z;functions.check_ted_branco;  CONTAGEM: 9
17-07-2024 17:30:49.751Z;functions.check_ted_branco;  ENTRANDO NO REGISTRO 
17-07-2024 17:30:55.836Z;functions.waitForImage;  INTEGRAÇÃO BANCÁRIA image found.
17-07-2024 17:30:55.955Z;functions.check_ted_branco;  CLICA EM INTEGRAÇÃO BANCÁRIA
17-07-2024 17:30:55.955Z;functions.check_ted_branco;  VERIFICANDO INFORMAÇÕES
17-07-2024 17:30:56.788Z;functions.waitForImage;  TRES PONTINHOS image found.
17-07-2024 17:31:09.427Z;functions.check_ted_branco;  VERIFICANDO SE TEM PIX NO FILTRO
17-07-2024 17:31:09.601Z;functions.waitForImage;  CHECANDO DADOS BANCÁRIOS PIX image found.
17-07-2024 17:31:11.608Z;functions.check_ted_branco;  PIX NÃO ENCONTRADO PARA REFERENCIA: 753607
17-07-2024 17:31:15.320Z;functions.check_ted_branco;  APERTA EM CANCELAR
17-07-2024 17:31:15.507Z;functions.waitForImage;  PRESS BUTTON OK image found.
17-07-2024 17:31:17.640Z;functions.click_ok;  PRESS BUTTON OK
17-07-2024 17:31:30.132Z;functions.waitForImage;  ERROR GENERICO image not found.
17-07-2024 17:31:35.148Z;functions.waitForImage;  ERROR FILTRO PIX image not found.
17-07-2024 17:31:35.148Z;functions.check_ted_branco;  FORAM VERIFICADOS: 9 REFERENCIAS NO PROCESSAMENTO FORMA DE PAGAMENTO ELETRONICA EM BRANCO
17-07-2024 17:31:37.820Z;errorhandler.__handle;  Property: Unknown Property name. [1:203: -ms-interpolation-mode]
17-07-2024 17:31:37.866Z;errorhandler.__handle;  Property: Unknown Property name. [1:353: -webkit-font-smoothing]
17-07-2024 17:31:37.882Z;errorhandler.__handle;  Property: Unknown Property name. [1:483: -ms-text-size-adjust]
17-07-2024 17:31:37.882Z;errorhandler.__handle;  Property: Unknown Property name. [1:518: -webkit-text-size-adjust]
17-07-2024 17:31:37.882Z;errorhandler.__handle;  Property: Unknown Property name. [1:612: mso-table-lspace]
17-07-2024 17:31:37.882Z;errorhandler.__handle;  Property: Unknown Property name. [1:642: mso-table-rspace]
17-07-2024 17:31:38.116Z;errorhandler.__handle;  Property: Unknown Property name. [1:4734: mso-hide]
17-07-2024 17:31:38.210Z;errorhandler.__handle;  Property: Unknown Property name. [1:13: -ms-interpolation-mode]
17-07-2024 17:31:38.226Z;errorhandler.__handle;  Property: Unknown Property name. [1:49: -webkit-font-smoothing]
17-07-2024 17:31:38.226Z;errorhandler.__handle;  Property: Unknown Property name. [1:134: -ms-text-size-adjust]
17-07-2024 17:31:38.226Z;errorhandler.__handle;  Property: Unknown Property name. [1:160: -webkit-text-size-adjust]
17-07-2024 17:31:38.226Z;errorhandler.__handle;  Property: Unknown Property name. [1:26: mso-table-lspace]
17-07-2024 17:31:38.226Z;errorhandler.__handle;  Property: Unknown Property name. [1:45: mso-table-rspace]
17-07-2024 17:31:38.273Z;errorhandler.__handle;  Property: Unknown Property name. [1:92: mso-hide]
17-07-2024 17:31:38.273Z;errorhandler.__handle;  Property: No ":" after name found: align-center [1:1: align-center]
17-07-2024 17:31:38.273Z;errorhandler.__handle;  Property: No property value found: align-center [1:1: align-center]
17-07-2024 17:31:38.273Z;errorhandler.__handle;  CSSStyleDeclaration: Syntax Error in Property: align-center
17-07-2024 17:31:38.288Z;errorhandler.__handle;  Property: Unknown Property name. [1:14: -ms-interpolation-mode]
17-07-2024 17:31:40.945Z;functions.emailFinalizado;  Warning e-mail sent.
17-07-2024 17:31:40.945Z;main.<module>;  Remessa Bancária TED CIP com filtro de pagamento eletronica em branco modificadas para pix 
 PASSO 3 FINALIZADO
17-07-2024 17:31:40.945Z;main.<module>;  O PROGRAMA SERÁ ENCERRADO
17-07-2024 17:31:42.507Z;errorhandler.__handle;  Property: Unknown Property name. [1:14: -ms-interpolation-mode]
17-07-2024 17:31:45.184Z;functions.emailFinalizado;  Warning e-mail sent.
17-07-2024 17:31:45.679Z;functions.end_RM;  RM ENCERRADO
