27-06-2024 07:09:44.341Z;functions.bot_text_art;      ____   
27-06-2024 07:09:44.341Z;functions.bot_text_art;     [____]    
27-06-2024 07:09:44.341Z;functions.bot_text_art;   |=]()()[=|  
27-06-2024 07:09:44.341Z;functions.bot_text_art;     _\==/__    _____    ____     _        _____    ___   _  __
27-06-2024 07:09:44.341Z;functions.bot_text_art;   |__|   |_|  |  _  \  / ___|   | |      |_   _| / ___| | |/ /
27-06-2024 07:09:44.341Z;functions.bot_text_art;   |_|_/\_|_|  | |  | | | |      | |        | |   | |    | ' / 
27-06-2024 07:09:44.341Z;functions.bot_text_art;   | | __ | |  | |  | | | |      | |        | |   | |    |  <  
27-06-2024 07:09:44.341Z;functions.bot_text_art;   |_|[  ]|_|  | |__| | | |____  | |____   _| |_  | |__  | . \ 
27-06-2024 07:09:44.341Z;functions.bot_text_art;   \_|_||_|_/  |_____/   \_____| |______| |_____| \ ___| |_|\_\
27-06-2024 07:09:44.341Z;functions.bot_text_art;     |_||_|                                                     
27-06-2024 07:09:44.341Z;functions.bot_text_art;     | ||_|_   
27-06-2024 07:09:44.341Z;functions.bot_text_art;   |___||___|  
27-06-2024 07:09:44.341Z;functions.bot_text_art;               
27-06-2024 07:09:44.356Z;functions.open_RM;  OPEN PROGRAM RM
27-06-2024 07:09:44.356Z;functions.caps;  DESATIVANDO CAPS
27-06-2024 07:09:44.356Z;functions.loggin_RM;  BUSCANDO LOGGIN RM
27-06-2024 07:10:03.756Z;functions.loggin_RM;  ENTER USER_NAME
27-06-2024 07:10:08.615Z;functions.loggin_RM;  ENTER PASSWORD
27-06-2024 07:10:10.084Z;functions.loggin_RM;  ENTER RM
27-06-2024 07:11:14.178Z;functions.enter_coligada;  CLICK CONTEXTO
27-06-2024 07:11:17.896Z;functions.enter_coligada;  CLICK ALTERAR MODULO DO CONTEXTO
27-06-2024 07:11:22.099Z;functions.enter_coligada;  INSERE O COLIGADA CODE = 1
27-06-2024 07:11:22.205Z;functions.enter_coligada;  APERTA TAB PARA PREENCHER O CAMPO COM A STRING: OCEANICA ENGENHARIA E CONSULTORIA S.A.
27-06-2024 07:11:24.334Z;functions.enter_coligada;  CLICK AVANÇAR NOVAMENTE
27-06-2024 07:11:25.771Z;functions.enter_coligada;  CLICK CONCLUIR
27-06-2024 07:11:45.943Z;functions.waitForImage;  TROCA COLIGADA image not found.
27-06-2024 07:12:01.725Z;functions.enter_coligada;  POP UP COLIGADA DESAPARECER
27-06-2024 07:12:02.740Z;functions.check_movimentacao_bancaria;  CLICK - TOTVS - LINHA RM
27-06-2024 07:12:04.615Z;functions.check_movimentacao_bancaria;  CLICK - BACK OFFICE
27-06-2024 07:12:07.365Z;functions.check_movimentacao_bancaria;  CLICK - GESTAO FINANCEIRA
27-06-2024 07:12:07.365Z;functions.movimentacao_bancaria;  AGUARDANDO 1
27-06-2024 07:12:13.396Z;functions.movimentacao_bancaria;  CLICA NA ABA MOVIMENTAÇÃO BANCARIA
27-06-2024 07:12:14.334Z;functions.waitForImage;  IMAGEM BORDERO image found.
27-06-2024 07:12:16.466Z;functions.movimentacao_bancaria;  IMAGEM BORDERO CLICADA.
27-06-2024 07:12:26.724Z;functions.waitForImage;  LICENCAS EXCEDIDAS image not found.
27-06-2024 07:12:27.443Z;functions.movimentacao_bancaria;  ENCONTROU O FILTRO DA MOVIMENTAÇÃO BANCÁRIA
27-06-2024 07:12:27.490Z;functions.movimentacao_bancaria;  CLICA NA ABA SUPERIOR DO FILTRO
27-06-2024 07:12:34.800Z;functions.movimentacao_bancaria;  SELECIONA O FILTRO HOJE
27-06-2024 07:12:40.021Z;functions.waitForImage;  FILTER CLEAN image found.
27-06-2024 07:12:42.154Z;functions.filter_clean;  CLICA NO BOTÃO X DO LIMPA FILTRO
27-06-2024 07:12:42.365Z;functions.waitForImage;  FILTER CLEAN image found.
27-06-2024 07:12:44.498Z;functions.filter_clean;  CLICA NO BOTÃO X DO LIMPA FILTRO
27-06-2024 07:12:59.802Z;functions.waitForImage;  FILTER CLEAN image not found.
27-06-2024 07:13:01.552Z;functions.movimentacao_bancaria;  CLICA NA PRIMEIRA LINHA DA TABELA MOVIMENTAÇÃO BANCÁRIA
27-06-2024 07:13:03.209Z;functions.movimentacao_bancaria;  CLICA NA PRIMEIRA LINHA DA TABELA MOVIMENTAÇÃO BANCÁRIA
27-06-2024 07:13:04.437Z;functions.movimentacao_bancaria;  12 PASSOS PARA DIREITA NA TABELA >>
27-06-2024 07:13:06.724Z;functions.movimentacao_bancaria;  HOVER FILTER
27-06-2024 07:13:07.326Z;functions.movimentacao_bancaria;  CLICK FILTER
27-06-2024 07:13:11.652Z;functions.movimentacao_bancaria;  CLICA NO FILTRO  STATUS DA REMESSA
27-06-2024 07:13:13.755Z;functions.movimentacao_bancaria;  APERTA TAB PARA ESCREVER O FILTRO
27-06-2024 07:13:15.870Z;functions.movimentacao_bancaria;  ESCREVE PENDENTE NO FILTRO
27-06-2024 07:13:17.974Z;functions.movimentacao_bancaria;  APERTA ENTER PARA SELECIONAR OS PENDENTES
27-06-2024 07:13:38.751Z;functions.movimentacao_bancaria;  SEM PROCESSAMENTO DE BORDERO PENDENTE
27-06-2024 07:13:48.958Z;functions.waitForImage;  FILTER CLEAN image found.
27-06-2024 07:13:51.091Z;functions.filter_clean;  CLICA NO BOTÃO X DO LIMPA FILTRO
27-06-2024 07:14:06.396Z;functions.waitForImage;  FILTER CLEAN image not found.
27-06-2024 07:14:21.490Z;functions.waitForImage;  FILTER CLEAN image not found.
27-06-2024 07:14:23.302Z;functions.processo_pagamento;  CLICA NA PRIMEIRA LINHA DA TABELA MOVIMENTAÇÃO BANCÁRIA
27-06-2024 07:14:25.411Z;functions.processo_pagamento;  HOVER FILTER
27-06-2024 07:14:26.005Z;functions.processo_pagamento;  CLICK FILTER
27-06-2024 07:14:30.339Z;functions.processo_pagamento;  CLICA NO FILTRO  STATUS DA REMESSA
27-06-2024 07:14:32.442Z;functions.processo_pagamento;  APERTA TAB PARA ESCREVER O FILTRO
27-06-2024 07:14:34.559Z;functions.processo_pagamento;  ESCREVE AUTORIZADO NO FILTRO
27-06-2024 07:14:36.662Z;functions.processo_pagamento;  APERTA ENTER PARA SELECIONAR OS AUTORIZADOS
27-06-2024 07:14:57.439Z;functions.processo_pagamento;  SEM REMESSA DE BORDERO AUTORIZADO
27-06-2024 07:14:58.544Z;functions.processo_pagamento;  FECHA ABA MOVIMENTAÇÕES BANCÁRIAS
27-06-2024 07:14:59.708Z;functions.enter_contas_a_pagar;  CLICK - TOTVS - LINHA RM
27-06-2024 07:15:01.333Z;functions.enter_contas_a_pagar;  CLICK - BACK OFFICE
27-06-2024 07:15:04.114Z;functions.enter_contas_a_pagar;  CLICK - GESTAO FINANCEIRA
27-06-2024 07:15:10.177Z;functions.enter_contas_a_pagar;  CLICK - CONTAS A PAGAR
27-06-2024 07:15:11.099Z;functions.waitForImage;  LANÇAMENTOS image found.
27-06-2024 07:15:13.216Z;functions.enter_contas_a_pagar;  CLICA EM LANÇAMENTOS
27-06-2024 07:15:28.489Z;functions.waitForImage;  LICENCAS EXCEDIDAS image not found.
27-06-2024 07:15:28.489Z;functions.obter_intervalo_data;  VERIFICANDO A HORA ATUAL 7
27-06-2024 07:15:28.520Z;functions.obter_intervalo_data;  Data Inicial BANCARIA antes da remoção: None
27-06-2024 07:15:28.520Z;functions.obter_intervalo_data;  Data Final BANCARIA antes da remoção: None
27-06-2024 07:15:28.520Z;functions.obter_intervalo_data;  Data Inicial BANCARIA após a remoção: None
27-06-2024 07:15:28.520Z;functions.obter_intervalo_data;  Data Final BANCARIA após a remoção: None
27-06-2024 07:15:28.520Z;functions.obter_intervalo_data;  hoje -  2024-06-27 07:15:28.520880
27-06-2024 07:15:28.520Z;functions.data_filter;  DATA INICIO 03-07-2024
27-06-2024 07:15:28.520Z;functions.data_filter;  DATA FIM 09-07-2024
27-06-2024 07:15:28.520Z;functions.data_filter;  CLICK - SELECIONA A DATA DE QUARTA FEIRA E DA PROXIMA TERÇA
27-06-2024 07:15:28.520Z;functions.data_filter;  QUARTA-FEIRA: 03-07-2024
27-06-2024 07:15:28.520Z;functions.data_filter;  TERCA-FEIRA: 09-07-2024
27-06-2024 07:15:41.427Z;functions.data_filter;  CLICK - BOTAO DE SELECAO DE FILTRO
27-06-2024 07:15:46.317Z;functions.data_filter;  INSERE - DATA DE QUARTA-FEIRA: 03-07-2024
27-06-2024 07:15:50.724Z;functions.data_filter;  INSERE - DATA DA PROX TERCA-FEIRA: 09-07-2024
27-06-2024 07:15:51.895Z;functions.data_filter;  CLICK - BOTAO DE EXECUTAR O FILTRO
27-06-2024 07:15:56.898Z;functions.desmark_filter;  AGUARDANDO 1
27-06-2024 07:16:03.958Z;functions.desmark_filter;  CLICK CHECKBOX LANÇAMENTOS A RECEBER
27-06-2024 07:16:06.708Z;functions.desmark_filter;  CLICK CHECKBOX LANÇAMENTOS BAIXADOS
27-06-2024 07:16:09.664Z;functions.desmark_filter;  CLICK CHECKBOX LANÇAMENTOS CANCELADOS
27-06-2024 07:16:12.826Z;functions.desmark_filter;  CLICK CHECKBOX LANÇAMENTOS FATURADOS
27-06-2024 07:16:15.895Z;functions.desmark_filter;  CLICK CHECKBOX LANÇAMENTOS FATURADOS
27-06-2024 07:16:21.114Z;functions.waitForImage;  FILTER CLEAN image found.
27-06-2024 07:16:23.247Z;functions.filter_clean;  CLICA NO BOTÃO X DO LIMPA FILTRO
27-06-2024 07:16:38.552Z;functions.waitForImage;  FILTER CLEAN image not found.
27-06-2024 07:16:53.864Z;functions.waitForImage;  FILTER CLEAN image not found.
27-06-2024 07:16:53.864Z;functions.check_table_record;  VERIFICANDO SE A TABELA ESTÁ VAZIA
27-06-2024 07:16:57.536Z;functions.check_table_record;  Texto extraido 1/405
27-06-2024 07:16:57.536Z;functions.check_table_record;  Count 405
27-06-2024 07:16:57.536Z;functions.check_table_record;  Type <class 'int'>
27-06-2024 07:16:57.536Z;functions.check_table_record;  TABELA CONTÉM REGISTROS
27-06-2024 07:17:09.736Z;functions.select_tipo_documento;  NOME DA COLUNA: Tipo de Documento
27-06-2024 07:17:11.771Z;functions.select_tipo_documento;  HOVER NOME DA COLUNA: Tipo de Documento
27-06-2024 07:17:12.674Z;functions.select_tipo_documento;  CLICA NO FILTRO PERSONALIZAR
27-06-2024 07:17:14.333Z;functions.select_tipo_documento;  CLICA PARA SELECIONAR OPÇÕES DO FILTRO
27-06-2024 07:17:20.780Z;functions.select_tipo_documento;  FILTRO "NÃO É IGUAL A INV" DEFINIDO
27-06-2024 07:17:21.864Z;functions.select_tipo_documento;  CLICK BUTTON CONFIRMAR FILTRO
27-06-2024 07:17:26.869Z;functions.filter_IPTE;  VERIFICANDO O COD DO CLIENTE EM CADA REGISTRO
27-06-2024 07:17:28.614Z;functions.filter_IPTE;  CLICA NA PRIMEIRA LINHA DA TABELA
27-06-2024 07:17:52.645Z;functions.filter_IPTE;  HOVER FILTER
27-06-2024 07:17:55.059Z;functions.filter_IPTE;  CLICK FILTER
27-06-2024 07:17:59.390Z;functions.filter_IPTE;  CLICA NO FILTRO PERSONALIZAR
27-06-2024 07:18:41.708Z;functions.filter_IPTE;  MOVIDO PRA CIMA 100 VEZES
27-06-2024 07:19:17.864Z;functions.filter_IPTE;  MOVIDO PRA CIMA MAIS 100 VEZES
27-06-2024 07:19:33.613Z;functions.filter_IPTE;  TABELA NÃO CONTÉM REGISTROS
27-06-2024 07:19:33.613Z;functions.check_table_record;  VERIFICANDO SE A TABELA ESTÁ VAZIA
27-06-2024 07:19:37.145Z;functions.check_table_record;  Texto extraido 0/0
27-06-2024 07:19:37.145Z;functions.check_table_record;  Count 0
27-06-2024 07:19:37.145Z;functions.check_table_record;  Type <class 'int'>
27-06-2024 07:19:37.145Z;functions.check_table_record;  SEM REGISTROS
27-06-2024 07:19:39.151Z;main.<module>;  SEM REMESSA BANCÁRIA
27-06-2024 07:19:39.151Z;functions.movimentacao_bancaria;  AGUARDANDO 1
27-06-2024 07:19:40.426Z;functions.movimentacao_bancaria;  CLICA NA ABA MOVIMENTAÇÃO BANCARIA
27-06-2024 07:19:40.645Z;functions.waitForImage;  IMAGEM BORDERO image found.
27-06-2024 07:19:42.756Z;functions.movimentacao_bancaria;  IMAGEM BORDERO CLICADA.
27-06-2024 07:19:53.020Z;functions.waitForImage;  LICENCAS EXCEDIDAS image not found.
27-06-2024 07:19:53.755Z;functions.movimentacao_bancaria;  ENCONTROU O FILTRO DA MOVIMENTAÇÃO BANCÁRIA
27-06-2024 07:19:53.801Z;functions.movimentacao_bancaria;  CLICA NA ABA SUPERIOR DO FILTRO
27-06-2024 07:20:01.110Z;functions.movimentacao_bancaria;  SELECIONA O FILTRO HOJE
27-06-2024 07:20:06.332Z;functions.waitForImage;  FILTER CLEAN image found.
27-06-2024 07:20:08.466Z;functions.filter_clean;  CLICA NO BOTÃO X DO LIMPA FILTRO
27-06-2024 07:20:23.754Z;functions.waitForImage;  FILTER CLEAN image not found.
27-06-2024 07:20:39.067Z;functions.waitForImage;  FILTER CLEAN image not found.
27-06-2024 07:20:40.801Z;functions.movimentacao_bancaria;  CLICA NA PRIMEIRA LINHA DA TABELA MOVIMENTAÇÃO BANCÁRIA
27-06-2024 07:20:42.392Z;functions.movimentacao_bancaria;  CLICA NA PRIMEIRA LINHA DA TABELA MOVIMENTAÇÃO BANCÁRIA
27-06-2024 07:20:43.617Z;functions.movimentacao_bancaria;  12 PASSOS PARA DIREITA NA TABELA >>
27-06-2024 07:20:45.957Z;functions.movimentacao_bancaria;  HOVER FILTER
27-06-2024 07:20:46.542Z;functions.movimentacao_bancaria;  CLICK FILTER
27-06-2024 07:20:50.874Z;functions.movimentacao_bancaria;  CLICA NO FILTRO  STATUS DA REMESSA
27-06-2024 07:20:52.976Z;functions.movimentacao_bancaria;  APERTA TAB PARA ESCREVER O FILTRO
27-06-2024 07:20:55.092Z;functions.movimentacao_bancaria;  ESCREVE PENDENTE NO FILTRO
27-06-2024 07:20:57.195Z;functions.movimentacao_bancaria;  APERTA ENTER PARA SELECIONAR OS PENDENTES
27-06-2024 07:21:17.834Z;functions.movimentacao_bancaria;  SEM PROCESSAMENTO DE BORDERO PENDENTE
27-06-2024 07:21:28.035Z;functions.waitForImage;  FILTER CLEAN image found.
27-06-2024 07:21:30.185Z;functions.filter_clean;  CLICA NO BOTÃO X DO LIMPA FILTRO
27-06-2024 07:21:45.473Z;functions.waitForImage;  FILTER CLEAN image not found.
27-06-2024 07:22:00.785Z;functions.waitForImage;  FILTER CLEAN image not found.
27-06-2024 07:22:02.738Z;functions.processo_pagamento;  CLICA NA PRIMEIRA LINHA DA TABELA MOVIMENTAÇÃO BANCÁRIA
27-06-2024 07:22:04.941Z;functions.processo_pagamento;  HOVER FILTER
27-06-2024 07:22:05.532Z;functions.processo_pagamento;  CLICK FILTER
27-06-2024 07:22:09.864Z;functions.processo_pagamento;  CLICA NO FILTRO  STATUS DA REMESSA
27-06-2024 07:22:11.967Z;functions.processo_pagamento;  APERTA TAB PARA ESCREVER O FILTRO
27-06-2024 07:22:14.086Z;functions.processo_pagamento;  ESCREVE AUTORIZADO NO FILTRO
27-06-2024 07:22:16.188Z;functions.processo_pagamento;  APERTA ENTER PARA SELECIONAR OS AUTORIZADOS
27-06-2024 07:22:36.867Z;functions.processo_pagamento;  SEM REMESSA DE BORDERO AUTORIZADO
27-06-2024 07:22:37.971Z;functions.processo_pagamento;  FECHA ABA MOVIMENTAÇÕES BANCÁRIAS
27-06-2024 07:22:39.426Z;functions.enter_contas_a_pagar;  CLICK - TOTVS - LINHA RM
27-06-2024 07:22:41.051Z;functions.enter_contas_a_pagar;  CLICK - BACK OFFICE
27-06-2024 07:22:44.207Z;functions.enter_contas_a_pagar;  CLICK - GESTAO FINANCEIRA
27-06-2024 07:22:50.269Z;functions.enter_contas_a_pagar;  CLICK - CONTAS A PAGAR
27-06-2024 07:22:51.192Z;functions.waitForImage;  LANÇAMENTOS image found.
27-06-2024 07:22:53.310Z;functions.enter_contas_a_pagar;  CLICA EM LANÇAMENTOS
27-06-2024 07:23:08.582Z;functions.waitForImage;  LICENCAS EXCEDIDAS image not found.
27-06-2024 07:23:08.582Z;functions.obter_intervalo_data;  VERIFICANDO A HORA ATUAL 7
27-06-2024 07:23:08.613Z;functions.obter_intervalo_data;  Data Inicial BANCARIA antes da remoção: None
27-06-2024 07:23:08.613Z;functions.obter_intervalo_data;  Data Final BANCARIA antes da remoção: None
27-06-2024 07:23:08.613Z;functions.obter_intervalo_data;  Data Inicial BANCARIA após a remoção: None
27-06-2024 07:23:08.613Z;functions.obter_intervalo_data;  Data Final BANCARIA após a remoção: None
27-06-2024 07:23:08.613Z;functions.obter_intervalo_data;  hoje -  2024-06-27 07:23:08.613846
27-06-2024 07:23:08.613Z;functions.data_filter;  DATA INICIO 03-07-2024
27-06-2024 07:23:08.613Z;functions.data_filter;  DATA FIM 09-07-2024
27-06-2024 07:23:08.613Z;functions.data_filter;  CLICK - SELECIONA A DATA DE QUARTA FEIRA E DA PROXIMA TERÇA
27-06-2024 07:23:08.613Z;functions.data_filter;  QUARTA-FEIRA: 03-07-2024
27-06-2024 07:23:08.613Z;functions.data_filter;  TERCA-FEIRA: 09-07-2024
27-06-2024 07:23:21.457Z;functions.data_filter;  CLICK - BOTAO DE SELECAO DE FILTRO
27-06-2024 07:23:26.222Z;functions.data_filter;  INSERE - DATA DE QUARTA-FEIRA: 03-07-2024
27-06-2024 07:23:30.629Z;functions.data_filter;  INSERE - DATA DA PROX TERCA-FEIRA: 09-07-2024
27-06-2024 07:23:31.801Z;functions.data_filter;  CLICK - BOTAO DE EXECUTAR O FILTRO
27-06-2024 07:23:36.805Z;functions.desmark_filter;  AGUARDANDO 1
27-06-2024 07:23:43.050Z;functions.desmark_filter;  CLICK CHECKBOX LANÇAMENTOS A RECEBER
27-06-2024 07:23:45.644Z;functions.desmark_filter;  CLICK CHECKBOX LANÇAMENTOS BAIXADOS
27-06-2024 07:23:48.457Z;functions.desmark_filter;  CLICK CHECKBOX LANÇAMENTOS CANCELADOS
27-06-2024 07:23:51.582Z;functions.desmark_filter;  CLICK CHECKBOX LANÇAMENTOS FATURADOS
27-06-2024 07:23:54.550Z;functions.desmark_filter;  CLICK CHECKBOX LANÇAMENTOS FATURADOS
27-06-2024 07:23:59.769Z;functions.waitForImage;  FILTER CLEAN image found.
27-06-2024 07:24:01.882Z;functions.filter_clean;  CLICA NO BOTÃO X DO LIMPA FILTRO
27-06-2024 07:24:17.175Z;functions.waitForImage;  FILTER CLEAN image not found.
27-06-2024 07:24:32.473Z;functions.waitForImage;  FILTER CLEAN image not found.
27-06-2024 07:24:33.882Z;functions.filter_forma_pagamento;  CLICA NA PRIMEIRA LINHA DA TABELA
27-06-2024 07:24:34.238Z;functions.filter_forma_pagamento;  CLICK NA PRIMEIRA LINHA E COLUNA DA TABELA
27-06-2024 07:24:50.528Z;functions.filter_forma_pagamento;  160 PASSOS PARA DIREITA NA TABELA >>
27-06-2024 07:24:57.121Z;functions.filter_forma_pagamento;  HOVER NOME DA COLUNA FORMA DE PAGAMENTO
27-06-2024 07:24:59.214Z;functions.filter_forma_pagamento;  CLICA PARA APARECER O FILTRO PERSONALIZAR
27-06-2024 07:25:02.560Z;functions.filter_forma_pagamento;  CLICA NO FILTRO PERSONALIZAR
27-06-2024 07:25:15.613Z;functions.filter_forma_pagamento;  Texto extraido 0/0
27-06-2024 07:25:15.613Z;functions.filter_forma_pagamento;  Count 0
27-06-2024 07:25:15.613Z;functions.filter_forma_pagamento;  Type <class 'int'>
27-06-2024 07:25:15.613Z;functions.filter_forma_pagamento;  SEM REGISTROS
27-06-2024 07:25:17.619Z;functions.check_table_record;  VERIFICANDO SE A TABELA ESTÁ VAZIA
27-06-2024 07:25:21.212Z;functions.check_table_record;  Texto extraido 0/0
27-06-2024 07:25:21.212Z;functions.check_table_record;  Count 0
27-06-2024 07:25:21.212Z;functions.check_table_record;  Type <class 'int'>
27-06-2024 07:25:21.212Z;functions.check_table_record;  SEM REGISTROS
27-06-2024 07:25:25.225Z;main.<module>;  SEM REMESSA DE TED CIP
27-06-2024 07:25:26.269Z;functions.enter_contas_a_pagar;  CLICK - TOTVS - LINHA RM
27-06-2024 07:25:27.894Z;functions.enter_contas_a_pagar;  CLICK - BACK OFFICE
27-06-2024 07:25:30.957Z;functions.enter_contas_a_pagar;  CLICK - GESTAO FINANCEIRA
27-06-2024 07:25:37.082Z;functions.enter_contas_a_pagar;  CLICK - CONTAS A PAGAR
27-06-2024 07:25:38.003Z;functions.waitForImage;  LANÇAMENTOS image found.
27-06-2024 07:25:40.120Z;functions.enter_contas_a_pagar;  CLICA EM LANÇAMENTOS
27-06-2024 07:25:55.394Z;functions.waitForImage;  LICENCAS EXCEDIDAS image not found.
27-06-2024 07:25:55.394Z;functions.obter_intervalo_data;  VERIFICANDO A HORA ATUAL 7
27-06-2024 07:25:55.410Z;functions.obter_intervalo_data;  Data Inicial BANCARIA antes da remoção: None
27-06-2024 07:25:55.410Z;functions.obter_intervalo_data;  Data Final BANCARIA antes da remoção: None
27-06-2024 07:25:55.410Z;functions.obter_intervalo_data;  Data Inicial BANCARIA após a remoção: None
27-06-2024 07:25:55.410Z;functions.obter_intervalo_data;  Data Final BANCARIA após a remoção: None
27-06-2024 07:25:55.410Z;functions.obter_intervalo_data;  hoje -  2024-06-27 07:25:55.410067
27-06-2024 07:25:55.410Z;functions.data_filter;  DATA INICIO 03-07-2024
27-06-2024 07:25:55.410Z;functions.data_filter;  DATA FIM 09-07-2024
27-06-2024 07:25:55.410Z;functions.data_filter;  CLICK - SELECIONA A DATA DE QUARTA FEIRA E DA PROXIMA TERÇA
27-06-2024 07:25:55.410Z;functions.data_filter;  QUARTA-FEIRA: 03-07-2024
27-06-2024 07:25:55.410Z;functions.data_filter;  TERCA-FEIRA: 09-07-2024
27-06-2024 07:26:08.363Z;functions.data_filter;  CLICK - BOTAO DE SELECAO DE FILTRO
27-06-2024 07:26:13.207Z;functions.data_filter;  INSERE - DATA DE QUARTA-FEIRA: 03-07-2024
27-06-2024 07:26:17.660Z;functions.data_filter;  INSERE - DATA DA PROX TERCA-FEIRA: 09-07-2024
27-06-2024 07:26:18.800Z;functions.data_filter;  CLICK - BOTAO DE EXECUTAR O FILTRO
27-06-2024 07:26:23.804Z;functions.desmark_filter;  AGUARDANDO 1
27-06-2024 07:26:29.957Z;functions.desmark_filter;  CLICK CHECKBOX LANÇAMENTOS A RECEBER
27-06-2024 07:26:32.644Z;functions.desmark_filter;  CLICK CHECKBOX LANÇAMENTOS BAIXADOS
27-06-2024 07:26:35.161Z;functions.desmark_filter;  CLICK CHECKBOX LANÇAMENTOS CANCELADOS
27-06-2024 07:26:38.082Z;functions.desmark_filter;  CLICK CHECKBOX LANÇAMENTOS FATURADOS
27-06-2024 07:26:40.977Z;functions.desmark_filter;  CLICK CHECKBOX LANÇAMENTOS FATURADOS
27-06-2024 07:26:46.175Z;functions.waitForImage;  FILTER CLEAN image found.
27-06-2024 07:26:48.287Z;functions.filter_clean;  CLICA NO BOTÃO X DO LIMPA FILTRO
27-06-2024 07:27:03.581Z;functions.waitForImage;  FILTER CLEAN image not found.
27-06-2024 07:27:18.894Z;functions.waitForImage;  FILTER CLEAN image not found.
27-06-2024 07:27:20.644Z;functions.filter_forma_pagamento_branco;  CLICK NA PRIMEIRA LINHA E COLUNA DA TABELA
27-06-2024 07:27:36.942Z;functions.filter_forma_pagamento_branco;  160 PASSOS PARA DIREITA NA TABELA >>
27-06-2024 07:27:43.159Z;functions.filter_forma_pagamento_branco;  HOVER NOME DA COLUNA FORMA DE PAGAMENTO
27-06-2024 07:27:45.215Z;functions.filter_forma_pagamento_branco;  CLICA PARA APARECER O FILTRO PERSONALIZAR
27-06-2024 07:27:48.548Z;functions.filter_forma_pagamento_branco;  CLICA NO FILTRO PERSONALIZAR
27-06-2024 07:27:57.612Z;functions.filter_forma_pagamento_branco;  Texto extraido 1/14
27-06-2024 07:27:57.612Z;functions.filter_forma_pagamento_branco;  Count 14
27-06-2024 07:27:57.612Z;functions.filter_forma_pagamento_branco;  Type <class 'int'>
27-06-2024 07:27:57.612Z;functions.filter_forma_pagamento_branco;  TABELA CONTÉM REGISTROS
27-06-2024 07:28:01.597Z;functions.filter_forma_pagamento_branco;  MOVIDO PRA CIMA 14 VEZES
27-06-2024 07:28:05.591Z;functions.check_table_record;  VERIFICANDO SE A TABELA ESTÁ VAZIA
27-06-2024 07:28:09.159Z;functions.check_table_record;  Texto extraido 1/14
27-06-2024 07:28:09.159Z;functions.check_table_record;  Count 14
27-06-2024 07:28:09.159Z;functions.check_table_record;  Type <class 'int'>
27-06-2024 07:28:09.159Z;functions.check_table_record;  TABELA CONTÉM REGISTROS
27-06-2024 07:28:09.159Z;functions.check_ted_branco;  VERIFICANDO O COD DO CLIENTE EM CADA REGISTRO
27-06-2024 07:28:10.800Z;functions.check_ted_branco;  CLICA NA PRIMEIRA LINHA DA TABELA
27-06-2024 07:28:14.907Z;functions.check_ted_branco;  REFERNCIA: 968434
27-06-2024 07:28:15.210Z;functions.check_ted_branco;  ENTRANDO NO REGISTRO 
27-06-2024 07:28:34.784Z;functions.waitForImage;  INTEGRAÇÃO BANCÁRIA image found.
27-06-2024 07:28:34.903Z;functions.check_ted_branco;  CLICA EM INTEGRAÇÃO BANCÁRIA
27-06-2024 07:28:34.903Z;functions.check_ted_branco;  VERIFICANDO INFORMAÇÕES
27-06-2024 07:28:35.115Z;functions.waitForImage;  TRES PONTINHOS image found.
27-06-2024 07:28:47.742Z;functions.check_ted_branco;  VERIFICANDO SE TEM PIX NO FILTRO
27-06-2024 07:28:47.956Z;functions.waitForImage;  CHECANDO DADOS BANCÁRIOS PIX image found.
27-06-2024 07:28:49.962Z;functions.check_ted_branco;  PIX NÃO ENCONTRADO PARA REFERENCIA: 968434
27-06-2024 07:28:53.677Z;functions.check_ted_branco;  APERTA EM CANCELAR
27-06-2024 07:28:53.894Z;functions.waitForImage;  PRESS BUTTON OK image found.
27-06-2024 07:28:56.027Z;functions.click_ok;  PRESS BUTTON OK
27-06-2024 07:29:08.284Z;functions.waitForImage;  ERROR GENERICO image not found.
27-06-2024 07:29:13.550Z;functions.waitForImage;  ERROR FILTRO PIX image not found.
27-06-2024 07:29:17.662Z;functions.check_ted_branco;  PASSANDO PARA PRÓXIMO REGISTRO
27-06-2024 07:29:21.767Z;functions.check_ted_branco;  REFERNCIA: 589662
27-06-2024 07:29:22.069Z;functions.check_ted_branco;  ENTRANDO NO REGISTRO 
27-06-2024 07:29:29.722Z;functions.waitForImage;  INTEGRAÇÃO BANCÁRIA image found.
27-06-2024 07:29:29.840Z;functions.check_ted_branco;  CLICA EM INTEGRAÇÃO BANCÁRIA
27-06-2024 07:29:29.840Z;functions.check_ted_branco;  VERIFICANDO INFORMAÇÕES
27-06-2024 07:29:30.722Z;functions.waitForImage;  TRES PONTINHOS image found.
27-06-2024 07:29:43.361Z;functions.check_ted_branco;  VERIFICANDO SE TEM PIX NO FILTRO
27-06-2024 07:29:43.581Z;functions.waitForImage;  CHECANDO DADOS BANCÁRIOS PIX image found.
27-06-2024 07:29:45.591Z;functions.check_ted_branco;  PIX NÃO ENCONTRADO PARA REFERENCIA: 589662
27-06-2024 07:29:49.304Z;functions.check_ted_branco;  APERTA EM CANCELAR
27-06-2024 07:29:49.518Z;functions.waitForImage;  PRESS BUTTON OK image found.
27-06-2024 07:29:51.652Z;functions.click_ok;  PRESS BUTTON OK
27-06-2024 07:30:03.925Z;functions.waitForImage;  ERROR GENERICO image not found.
27-06-2024 07:30:09.190Z;functions.waitForImage;  ERROR FILTRO PIX image not found.
27-06-2024 07:30:13.296Z;functions.check_ted_branco;  PASSANDO PARA PRÓXIMO REGISTRO
27-06-2024 07:30:17.401Z;functions.check_ted_branco;  REFERNCIA: 970297
27-06-2024 07:30:17.703Z;functions.check_ted_branco;  ENTRANDO NO REGISTRO 
27-06-2024 07:30:23.909Z;functions.waitForImage;  INTEGRAÇÃO BANCÁRIA image found.
27-06-2024 07:30:24.028Z;functions.check_ted_branco;  CLICA EM INTEGRAÇÃO BANCÁRIA
27-06-2024 07:30:24.028Z;functions.check_ted_branco;  VERIFICANDO INFORMAÇÕES
27-06-2024 07:30:24.244Z;functions.waitForImage;  TRES PONTINHOS image found.
27-06-2024 07:30:36.871Z;functions.check_ted_branco;  VERIFICANDO SE TEM PIX NO FILTRO
27-06-2024 07:30:37.081Z;functions.waitForImage;  CHECANDO DADOS BANCÁRIOS PIX image found.
27-06-2024 07:30:39.091Z;functions.check_ted_branco;  PIX NÃO ENCONTRADO PARA REFERENCIA: 970297
27-06-2024 07:30:42.804Z;functions.check_ted_branco;  APERTA EM CANCELAR
27-06-2024 07:30:43.003Z;functions.waitForImage;  PRESS BUTTON OK image found.
27-06-2024 07:30:45.152Z;functions.click_ok;  PRESS BUTTON OK
27-06-2024 07:30:57.425Z;functions.waitForImage;  ERROR GENERICO image not found.
27-06-2024 07:31:02.691Z;functions.waitForImage;  ERROR FILTRO PIX image not found.
27-06-2024 07:31:06.795Z;functions.check_ted_branco;  PASSANDO PARA PRÓXIMO REGISTRO
27-06-2024 07:31:10.902Z;functions.check_ted_branco;  REFERNCIA: 971417
27-06-2024 07:31:11.203Z;functions.check_ted_branco;  ENTRANDO NO REGISTRO 
27-06-2024 07:31:17.441Z;functions.waitForImage;  INTEGRAÇÃO BANCÁRIA image found.
27-06-2024 07:31:17.559Z;functions.check_ted_branco;  CLICA EM INTEGRAÇÃO BANCÁRIA
27-06-2024 07:31:17.559Z;functions.check_ted_branco;  VERIFICANDO INFORMAÇÕES
27-06-2024 07:31:17.765Z;functions.waitForImage;  TRES PONTINHOS image found.
27-06-2024 07:31:30.391Z;functions.check_ted_branco;  VERIFICANDO SE TEM PIX NO FILTRO
27-06-2024 07:31:40.659Z;functions.waitForImage;  CHECANDO DADOS BANCÁRIOS PIX image not found.
27-06-2024 07:31:40.659Z;functions.check_ted_branco;  PIX ENCONTRADO
27-06-2024 07:31:44.086Z;functions.check_ted_branco;  APERTA TAB
27-06-2024 07:31:46.299Z;functions.waitForImage;  DADOS BANCARIOS image found.
27-06-2024 07:31:46.432Z;functions.check_ted_branco;  CLICK EM DADOS BANCARIOS
27-06-2024 07:31:46.536Z;functions.check_ted_branco;  APERTA TAB
27-06-2024 07:31:48.565Z;functions.waitForImage;  CHECANDO DADOS BANCÁRIOS PIX image found.
27-06-2024 07:31:50.573Z;functions.check_ted_branco;  FORMA DE PAGAMENTO PIX SELECIONADA PARA O REGISTRO: 971417
27-06-2024 07:31:50.799Z;functions.waitForImage;  PRESS BUTTON OK image found.
27-06-2024 07:31:52.932Z;functions.click_ok;  PRESS BUTTON OK
27-06-2024 07:31:54.933Z;functions.check_ted_branco;  PRIMEIRO OK
27-06-2024 07:31:55.143Z;functions.waitForImage;  PRESS BUTTON OK image found.
27-06-2024 07:31:57.276Z;functions.click_ok;  PRESS BUTTON OK
27-06-2024 07:32:09.549Z;functions.waitForImage;  ERROR GENERICO image not found.
27-06-2024 07:32:14.799Z;functions.waitForImage;  ERROR FILTRO PIX image not found.
27-06-2024 07:32:18.917Z;functions.check_ted_branco;  PASSANDO PARA PRÓXIMO REGISTRO
27-06-2024 07:32:23.023Z;functions.check_ted_branco;  REFERNCIA: ---------------------------
RM
---------------------------
O registro foi cadastrado com sucesso, entretanto, o mesmo não atende as condições do filtro aplicado na visão. Para visualizá-lo utilize um filtro que retorne os dados do registro.
---------------------------
OK   
---------------------------

27-06-2024 07:32:23.325Z;functions.check_ted_branco;  ENTRANDO NO REGISTRO 
27-06-2024 07:33:26.440Z;functions.waitForImage;  INTEGRAÇÃO BANCÁRIA image not found.
27-06-2024 07:33:26.440Z;functions.check_ted_branco;  VERIFICANDO INFORMAÇÕES
27-06-2024 07:33:46.784Z;functions.waitForImage;  TRES PONTINHOS image not found.
27-06-2024 07:33:46.784Z;functions.check_ted_branco;  SEM FILTRO PIX
27-06-2024 07:33:57.065Z;functions.waitForImage;  PRESS BUTTON OK image not found.
27-06-2024 07:34:07.346Z;functions.waitForImage;  PRESS BUTTON OK 2 image not found.
27-06-2024 07:34:17.643Z;functions.waitForImage;  ERROR GENERICO image not found.
27-06-2024 07:34:22.909Z;functions.waitForImage;  ERROR FILTRO PIX image not found.
27-06-2024 07:34:27.014Z;functions.check_ted_branco;  PASSANDO PARA PRÓXIMO REGISTRO
27-06-2024 07:34:31.119Z;functions.check_ted_branco;  REFERNCIA: 971063
27-06-2024 07:34:31.421Z;functions.check_ted_branco;  ENTRANDO NO REGISTRO 
27-06-2024 07:34:38.440Z;functions.waitForImage;  INTEGRAÇÃO BANCÁRIA image found.
27-06-2024 07:34:38.557Z;functions.check_ted_branco;  CLICA EM INTEGRAÇÃO BANCÁRIA
27-06-2024 07:34:38.557Z;functions.check_ted_branco;  VERIFICANDO INFORMAÇÕES
27-06-2024 07:34:38.775Z;functions.waitForImage;  TRES PONTINHOS image found.
27-06-2024 07:34:51.404Z;functions.check_ted_branco;  VERIFICANDO SE TEM PIX NO FILTRO
27-06-2024 07:34:51.612Z;functions.waitForImage;  CHECANDO DADOS BANCÁRIOS PIX image found.
27-06-2024 07:34:53.619Z;functions.check_ted_branco;  PIX NÃO ENCONTRADO PARA REFERENCIA: 971063
27-06-2024 07:34:57.331Z;functions.check_ted_branco;  APERTA EM CANCELAR
27-06-2024 07:34:57.533Z;functions.waitForImage;  PRESS BUTTON OK image found.
27-06-2024 07:34:59.653Z;functions.click_ok;  PRESS BUTTON OK
27-06-2024 07:35:11.924Z;functions.waitForImage;  ERROR GENERICO image not found.
27-06-2024 07:35:17.174Z;functions.waitForImage;  ERROR FILTRO PIX image not found.
27-06-2024 07:35:21.290Z;functions.check_ted_branco;  PASSANDO PARA PRÓXIMO REGISTRO
27-06-2024 07:35:25.396Z;functions.check_ted_branco;  REFERNCIA: 971068
27-06-2024 07:35:25.698Z;functions.check_ted_branco;  ENTRANDO NO REGISTRO 
27-06-2024 07:35:31.955Z;functions.waitForImage;  INTEGRAÇÃO BANCÁRIA image found.
27-06-2024 07:35:32.089Z;functions.check_ted_branco;  CLICA EM INTEGRAÇÃO BANCÁRIA
27-06-2024 07:35:32.089Z;functions.check_ted_branco;  VERIFICANDO INFORMAÇÕES
27-06-2024 07:35:32.287Z;functions.waitForImage;  TRES PONTINHOS image found.
27-06-2024 07:35:44.914Z;functions.check_ted_branco;  VERIFICANDO SE TEM PIX NO FILTRO
27-06-2024 07:35:45.111Z;functions.waitForImage;  CHECANDO DADOS BANCÁRIOS PIX image found.
27-06-2024 07:35:47.117Z;functions.check_ted_branco;  PIX NÃO ENCONTRADO PARA REFERENCIA: 971068
27-06-2024 07:35:50.830Z;functions.check_ted_branco;  APERTA EM CANCELAR
27-06-2024 07:35:51.033Z;functions.waitForImage;  PRESS BUTTON OK image found.
27-06-2024 07:35:53.150Z;functions.click_ok;  PRESS BUTTON OK
27-06-2024 07:36:05.424Z;functions.waitForImage;  ERROR GENERICO image not found.
27-06-2024 07:36:10.674Z;functions.waitForImage;  ERROR FILTRO PIX image not found.
27-06-2024 07:36:14.788Z;functions.check_ted_branco;  PASSANDO PARA PRÓXIMO REGISTRO
27-06-2024 07:36:18.893Z;functions.check_ted_branco;  REFERNCIA: 962456
27-06-2024 07:36:19.195Z;functions.check_ted_branco;  ENTRANDO NO REGISTRO 
27-06-2024 07:36:25.377Z;functions.waitForImage;  INTEGRAÇÃO BANCÁRIA image found.
27-06-2024 07:36:25.494Z;functions.check_ted_branco;  CLICA EM INTEGRAÇÃO BANCÁRIA
27-06-2024 07:36:25.494Z;functions.check_ted_branco;  VERIFICANDO INFORMAÇÕES
27-06-2024 07:36:25.696Z;functions.waitForImage;  TRES PONTINHOS image found.
27-06-2024 07:36:38.328Z;functions.check_ted_branco;  VERIFICANDO SE TEM PIX NO FILTRO
27-06-2024 07:36:38.549Z;functions.waitForImage;  CHECANDO DADOS BANCÁRIOS PIX image found.
27-06-2024 07:36:40.555Z;functions.check_ted_branco;  PIX NÃO ENCONTRADO PARA REFERENCIA: 962456
27-06-2024 07:36:44.268Z;functions.check_ted_branco;  APERTA EM CANCELAR
27-06-2024 07:36:44.471Z;functions.waitForImage;  PRESS BUTTON OK image found.
27-06-2024 07:36:46.622Z;functions.click_ok;  PRESS BUTTON OK
27-06-2024 07:36:58.893Z;functions.waitForImage;  ERROR GENERICO image not found.
27-06-2024 07:37:04.143Z;functions.waitForImage;  ERROR FILTRO PIX image not found.
27-06-2024 07:37:08.261Z;functions.check_ted_branco;  PASSANDO PARA PRÓXIMO REGISTRO
27-06-2024 07:37:12.365Z;functions.check_ted_branco;  REFERNCIA: 966026
27-06-2024 07:37:12.667Z;functions.check_ted_branco;  ENTRANDO NO REGISTRO 
27-06-2024 07:37:18.924Z;functions.waitForImage;  INTEGRAÇÃO BANCÁRIA image found.
27-06-2024 07:37:19.057Z;functions.check_ted_branco;  CLICA EM INTEGRAÇÃO BANCÁRIA
27-06-2024 07:37:19.057Z;functions.check_ted_branco;  VERIFICANDO INFORMAÇÕES
27-06-2024 07:37:19.267Z;functions.waitForImage;  TRES PONTINHOS image found.
27-06-2024 07:37:31.895Z;functions.check_ted_branco;  VERIFICANDO SE TEM PIX NO FILTRO
27-06-2024 07:37:32.111Z;functions.waitForImage;  CHECANDO DADOS BANCÁRIOS PIX image found.
27-06-2024 07:37:34.119Z;functions.check_ted_branco;  PIX NÃO ENCONTRADO PARA REFERENCIA: 966026
27-06-2024 07:37:37.832Z;functions.check_ted_branco;  APERTA EM CANCELAR
27-06-2024 07:37:38.033Z;functions.waitForImage;  PRESS BUTTON OK image found.
27-06-2024 07:37:40.153Z;functions.click_ok;  PRESS BUTTON OK
27-06-2024 07:37:52.408Z;functions.waitForImage;  ERROR GENERICO image not found.
27-06-2024 07:37:57.690Z;functions.waitForImage;  ERROR FILTRO PIX image not found.
27-06-2024 07:38:01.794Z;functions.check_ted_branco;  PASSANDO PARA PRÓXIMO REGISTRO
27-06-2024 07:38:05.899Z;functions.check_ted_branco;  REFERNCIA: 948071
27-06-2024 07:38:06.200Z;functions.check_ted_branco;  ENTRANDO NO REGISTRO 
27-06-2024 07:38:12.408Z;functions.waitForImage;  INTEGRAÇÃO BANCÁRIA image found.
27-06-2024 07:38:12.526Z;functions.check_ted_branco;  CLICA EM INTEGRAÇÃO BANCÁRIA
27-06-2024 07:38:12.526Z;functions.check_ted_branco;  VERIFICANDO INFORMAÇÕES
27-06-2024 07:38:12.731Z;functions.waitForImage;  TRES PONTINHOS image found.
27-06-2024 07:38:25.356Z;functions.check_ted_branco;  VERIFICANDO SE TEM PIX NO FILTRO
27-06-2024 07:38:25.580Z;functions.waitForImage;  CHECANDO DADOS BANCÁRIOS PIX image found.
27-06-2024 07:38:27.585Z;functions.check_ted_branco;  PIX NÃO ENCONTRADO PARA REFERENCIA: 948071
27-06-2024 07:38:31.298Z;functions.check_ted_branco;  APERTA EM CANCELAR
27-06-2024 07:38:31.533Z;functions.waitForImage;  PRESS BUTTON OK image found.
27-06-2024 07:38:33.650Z;functions.click_ok;  PRESS BUTTON OK
27-06-2024 07:38:45.908Z;functions.waitForImage;  ERROR GENERICO image not found.
27-06-2024 07:38:51.189Z;functions.waitForImage;  ERROR FILTRO PIX image not found.
27-06-2024 07:38:55.295Z;functions.check_ted_branco;  PASSANDO PARA PRÓXIMO REGISTRO
27-06-2024 07:38:59.400Z;functions.check_ted_branco;  REFERNCIA: 970852
27-06-2024 07:38:59.701Z;functions.check_ted_branco;  ENTRANDO NO REGISTRO 
27-06-2024 07:39:06.611Z;functions.waitForImage;  INTEGRAÇÃO BANCÁRIA image found.
27-06-2024 07:39:06.745Z;functions.check_ted_branco;  CLICA EM INTEGRAÇÃO BANCÁRIA
27-06-2024 07:39:06.745Z;functions.check_ted_branco;  VERIFICANDO INFORMAÇÕES
27-06-2024 07:39:07.673Z;functions.waitForImage;  TRES PONTINHOS image found.
27-06-2024 07:39:20.309Z;functions.check_ted_branco;  VERIFICANDO SE TEM PIX NO FILTRO
27-06-2024 07:39:20.517Z;functions.waitForImage;  CHECANDO DADOS BANCÁRIOS PIX image found.
27-06-2024 07:39:22.527Z;functions.check_ted_branco;  PIX NÃO ENCONTRADO PARA REFERENCIA: 970852
27-06-2024 07:39:26.238Z;functions.check_ted_branco;  APERTA EM CANCELAR
27-06-2024 07:39:26.455Z;functions.waitForImage;  PRESS BUTTON OK image found.
27-06-2024 07:39:28.588Z;functions.click_ok;  PRESS BUTTON OK
27-06-2024 07:39:40.861Z;functions.waitForImage;  ERROR GENERICO image not found.
27-06-2024 07:39:46.111Z;functions.waitForImage;  ERROR FILTRO PIX image not found.
27-06-2024 07:39:50.229Z;functions.check_ted_branco;  PASSANDO PARA PRÓXIMO REGISTRO
27-06-2024 07:39:54.334Z;functions.check_ted_branco;  REFERNCIA: 970321
27-06-2024 07:39:54.635Z;functions.check_ted_branco;  ENTRANDO NO REGISTRO 
27-06-2024 07:40:01.627Z;functions.waitForImage;  INTEGRAÇÃO BANCÁRIA image found.
27-06-2024 07:40:01.744Z;functions.check_ted_branco;  CLICA EM INTEGRAÇÃO BANCÁRIA
27-06-2024 07:40:01.744Z;functions.check_ted_branco;  VERIFICANDO INFORMAÇÕES
27-06-2024 07:40:01.923Z;functions.waitForImage;  TRES PONTINHOS image found.
27-06-2024 07:40:14.552Z;functions.check_ted_branco;  VERIFICANDO SE TEM PIX NO FILTRO
27-06-2024 07:40:14.767Z;functions.waitForImage;  CHECANDO DADOS BANCÁRIOS PIX image found.
27-06-2024 07:40:16.772Z;functions.check_ted_branco;  PIX NÃO ENCONTRADO PARA REFERENCIA: 970321
27-06-2024 07:40:20.484Z;functions.check_ted_branco;  APERTA EM CANCELAR
27-06-2024 07:40:20.689Z;functions.waitForImage;  PRESS BUTTON OK image found.
27-06-2024 07:40:22.806Z;functions.click_ok;  PRESS BUTTON OK
27-06-2024 07:40:35.080Z;functions.waitForImage;  ERROR GENERICO image not found.
27-06-2024 07:40:40.361Z;functions.waitForImage;  ERROR FILTRO PIX image not found.
27-06-2024 07:40:44.479Z;functions.check_ted_branco;  PASSANDO PARA PRÓXIMO REGISTRO
27-06-2024 07:40:48.598Z;functions.check_ted_branco;  REFERNCIA: 970322
27-06-2024 07:40:48.900Z;functions.check_ted_branco;  ENTRANDO NO REGISTRO 
27-06-2024 07:40:55.876Z;functions.waitForImage;  INTEGRAÇÃO BANCÁRIA image found.
27-06-2024 07:40:55.993Z;functions.check_ted_branco;  CLICA EM INTEGRAÇÃO BANCÁRIA
27-06-2024 07:40:55.993Z;functions.check_ted_branco;  VERIFICANDO INFORMAÇÕES
27-06-2024 07:40:56.211Z;functions.waitForImage;  TRES PONTINHOS image found.
27-06-2024 07:41:08.837Z;functions.check_ted_branco;  VERIFICANDO SE TEM PIX NO FILTRO
27-06-2024 07:41:09.048Z;functions.waitForImage;  CHECANDO DADOS BANCÁRIOS PIX image found.
27-06-2024 07:41:11.056Z;functions.check_ted_branco;  PIX NÃO ENCONTRADO PARA REFERENCIA: 970322
27-06-2024 07:41:14.769Z;functions.check_ted_branco;  APERTA EM CANCELAR
27-06-2024 07:41:14.970Z;functions.waitForImage;  PRESS BUTTON OK image found.
27-06-2024 07:41:17.087Z;functions.click_ok;  PRESS BUTTON OK
27-06-2024 07:41:29.345Z;functions.waitForImage;  ERROR GENERICO image not found.
27-06-2024 07:41:34.626Z;functions.waitForImage;  ERROR FILTRO PIX image not found.
27-06-2024 07:41:38.730Z;functions.check_ted_branco;  PASSANDO PARA PRÓXIMO REGISTRO
27-06-2024 07:41:42.834Z;functions.check_ted_branco;  REFERNCIA: 970799
27-06-2024 07:41:43.136Z;functions.check_ted_branco;  ENTRANDO NO REGISTRO 
27-06-2024 07:41:50.158Z;functions.waitForImage;  INTEGRAÇÃO BANCÁRIA image found.
27-06-2024 07:41:50.275Z;functions.check_ted_branco;  CLICA EM INTEGRAÇÃO BANCÁRIA
27-06-2024 07:41:50.275Z;functions.check_ted_branco;  VERIFICANDO INFORMAÇÕES
27-06-2024 07:41:50.487Z;functions.waitForImage;  TRES PONTINHOS image found.
27-06-2024 07:42:03.114Z;functions.check_ted_branco;  VERIFICANDO SE TEM PIX NO FILTRO
27-06-2024 07:42:03.330Z;functions.waitForImage;  CHECANDO DADOS BANCÁRIOS PIX image found.
27-06-2024 07:42:05.337Z;functions.check_ted_branco;  PIX NÃO ENCONTRADO PARA REFERENCIA: 970799
27-06-2024 07:42:09.049Z;functions.check_ted_branco;  APERTA EM CANCELAR
27-06-2024 07:42:09.267Z;functions.waitForImage;  PRESS BUTTON OK image found.
27-06-2024 07:42:11.400Z;functions.click_ok;  PRESS BUTTON OK
27-06-2024 07:42:23.673Z;functions.waitForImage;  ERROR GENERICO image not found.
27-06-2024 07:42:28.923Z;functions.waitForImage;  ERROR FILTRO PIX image not found.
27-06-2024 07:42:28.923Z;functions.check_ted_branco;  FORAI VERIFICADO: 14 REFERENCIAS NO PROCESSAMENTO FORMA DE PAGAMENTO ELETRONICA EM BRANCO
27-06-2024 07:42:32.590Z;errorhandler.__handle;  Property: Unknown Property name. [1:203: -ms-interpolation-mode]
27-06-2024 07:42:32.622Z;errorhandler.__handle;  Property: Unknown Property name. [1:353: -webkit-font-smoothing]
27-06-2024 07:42:32.637Z;errorhandler.__handle;  Property: Unknown Property name. [1:483: -ms-text-size-adjust]
27-06-2024 07:42:32.637Z;errorhandler.__handle;  Property: Unknown Property name. [1:518: -webkit-text-size-adjust]
27-06-2024 07:42:32.637Z;errorhandler.__handle;  Property: Unknown Property name. [1:612: mso-table-lspace]
27-06-2024 07:42:32.637Z;errorhandler.__handle;  Property: Unknown Property name. [1:642: mso-table-rspace]
27-06-2024 07:42:32.872Z;errorhandler.__handle;  Property: Unknown Property name. [1:4734: mso-hide]
27-06-2024 07:42:32.986Z;errorhandler.__handle;  Property: Unknown Property name. [1:13: -ms-interpolation-mode]
27-06-2024 07:42:32.986Z;errorhandler.__handle;  Property: Unknown Property name. [1:49: -webkit-font-smoothing]
27-06-2024 07:42:32.986Z;errorhandler.__handle;  Property: Unknown Property name. [1:134: -ms-text-size-adjust]
27-06-2024 07:42:32.986Z;errorhandler.__handle;  Property: Unknown Property name. [1:160: -webkit-text-size-adjust]
27-06-2024 07:42:32.986Z;errorhandler.__handle;  Property: Unknown Property name. [1:26: mso-table-lspace]
27-06-2024 07:42:32.986Z;errorhandler.__handle;  Property: Unknown Property name. [1:45: mso-table-rspace]
27-06-2024 07:42:33.033Z;errorhandler.__handle;  Property: Unknown Property name. [1:92: mso-hide]
27-06-2024 07:42:33.048Z;errorhandler.__handle;  Property: No ":" after name found: align-center [1:1: align-center]
27-06-2024 07:42:33.048Z;errorhandler.__handle;  Property: No property value found: align-center [1:1: align-center]
27-06-2024 07:42:33.048Z;errorhandler.__handle;  CSSStyleDeclaration: Syntax Error in Property: align-center
27-06-2024 07:42:33.048Z;errorhandler.__handle;  Property: Unknown Property name. [1:14: -ms-interpolation-mode]
27-06-2024 07:42:35.736Z;functions.emailFinalizado;  Warning e-mail sent.
27-06-2024 07:42:35.736Z;main.<module>;  Remessa Bancária TED CIP com filtro de pagamento eletronica em branco modificadas para pix 
 PASSO 3 FINALIZADO
27-06-2024 07:42:35.736Z;main.<module>;  O PROGRAMA SERÁ ENCERRADO
27-06-2024 07:42:37.314Z;errorhandler.__handle;  Property: Unknown Property name. [1:14: -ms-interpolation-mode]
27-06-2024 07:42:40.443Z;functions.emailFinalizado;  Warning e-mail sent.
27-06-2024 07:42:40.735Z;functions.end_RM;  RM ENCERRADO
