29-07-2024 09:00:29.794Z;functions.bot_text_art;      ____   
29-07-2024 09:00:29.794Z;functions.bot_text_art;     [____]    
29-07-2024 09:00:29.794Z;functions.bot_text_art;   |=]()()[=|  
29-07-2024 09:00:29.794Z;functions.bot_text_art;     _\==/__    _____    ____     _        _____    ___   _  __
29-07-2024 09:00:29.794Z;functions.bot_text_art;   |__|   |_|  |  _  \  / ___|   | |      |_   _| / ___| | |/ /
29-07-2024 09:00:29.794Z;functions.bot_text_art;   |_|_/\_|_|  | |  | | | |      | |        | |   | |    | ' / 
29-07-2024 09:00:29.810Z;functions.bot_text_art;   | | __ | |  | |  | | | |      | |        | |   | |    |  <  
29-07-2024 09:00:29.810Z;functions.bot_text_art;   |_|[  ]|_|  | |__| | | |____  | |____   _| |_  | |__  | . \ 
29-07-2024 09:00:29.810Z;functions.bot_text_art;   \_|_||_|_/  |_____/   \_____| |______| |_____| \ ___| |_|\_\
29-07-2024 09:00:29.810Z;functions.bot_text_art;     |_||_|                                                     
29-07-2024 09:00:29.810Z;functions.bot_text_art;     | ||_|_   
29-07-2024 09:00:29.810Z;functions.bot_text_art;   |___||___|  
29-07-2024 09:00:29.810Z;functions.bot_text_art;               
29-07-2024 09:00:29.810Z;functions.open_RM;  OPEN PROGRAM RM
29-07-2024 09:00:29.810Z;functions.caps;  DESATIVANDO CAPS
29-07-2024 09:00:29.810Z;functions.loggin_RM;  BUSCANDO LOGGIN RM
29-07-2024 09:00:51.178Z;functions.loggin_RM;  ENTER USER_NAME
29-07-2024 09:00:55.946Z;functions.loggin_RM;  ENTER PASSWORD
29-07-2024 09:00:57.475Z;functions.loggin_RM;  ENTER RM
29-07-2024 09:04:19.037Z;functions.enter_coligada;  CLICK CONTEXTO
29-07-2024 09:04:21.881Z;functions.enter_coligada;  CLICK ALTERAR MODULO DO CONTEXTO
29-07-2024 09:04:25.959Z;functions.enter_coligada;  INSERE O COLIGADA CODE = 1
29-07-2024 09:04:26.065Z;functions.enter_coligada;  APERTA TAB PARA PREENCHER O CAMPO COM A STRING: OCEANICA ENGENHARIA E CONSULTORIA S.A.
29-07-2024 09:04:28.475Z;functions.enter_coligada;  CLICK AVANÇAR NOVAMENTE
29-07-2024 09:04:29.819Z;functions.enter_coligada;  CLICK CONCLUIR
29-07-2024 09:04:50.147Z;functions.waitForImage;  TROCA COLIGADA image not found.
29-07-2024 09:05:09.622Z;functions.enter_coligada;  POP UP COLIGADA DESAPARECER
29-07-2024 09:05:10.631Z;functions.check_movimentacao_bancaria;  CLICK - TOTVS - LINHA RM
29-07-2024 09:05:12.443Z;functions.check_movimentacao_bancaria;  CLICK - BACK OFFICE
29-07-2024 09:05:15.193Z;functions.check_movimentacao_bancaria;  CLICK - GESTAO FINANCEIRA
29-07-2024 09:05:15.193Z;functions.movimentacao_bancaria;  AGUARDANDO 1
29-07-2024 09:05:21.256Z;functions.movimentacao_bancaria;  CLICA NA ABA MOVIMENTAÇÃO BANCARIA
29-07-2024 09:05:22.209Z;functions.waitForImage;  IMAGEM BORDERO image found.
29-07-2024 09:05:24.326Z;functions.movimentacao_bancaria;  IMAGEM BORDERO CLICADA.
29-07-2024 09:05:34.537Z;functions.waitForImage;  LICENCAS EXCEDIDAS image not found.
29-07-2024 09:05:35.506Z;functions.movimentacao_bancaria;  ENCONTROU O FILTRO DA MOVIMENTAÇÃO BANCÁRIA
29-07-2024 09:05:35.568Z;functions.movimentacao_bancaria;  CLICA NA ABA SUPERIOR DO FILTRO
29-07-2024 09:05:42.878Z;functions.movimentacao_bancaria;  SELECIONA O FILTRO HOJE
29-07-2024 09:06:03.021Z;functions.waitForImage;  FILTER CLEAN image not found.
29-07-2024 09:06:18.334Z;functions.waitForImage;  FILTER CLEAN image not found.
29-07-2024 09:06:33.631Z;functions.waitForImage;  FILTER CLEAN image not found.
29-07-2024 09:07:47.131Z;functions.movimentacao_bancaria;  SEM PROCESSAMENTO DE BORDERO
29-07-2024 09:08:12.381Z;functions.waitForImage;  FILTER CLEAN image not found.
29-07-2024 09:08:27.693Z;functions.waitForImage;  FILTER CLEAN image not found.
29-07-2024 09:08:42.975Z;functions.waitForImage;  FILTER CLEAN image not found.
29-07-2024 09:09:14.506Z;functions.processo_pagamento;  SEM REMESSA DE BORDERO AUTORIZADO
29-07-2024 09:09:15.610Z;functions.processo_pagamento;  FECHA ABA MOVIMENTAÇÕES BANCÁRIAS
29-07-2024 09:09:17.475Z;functions.enter_contas_a_pagar;  CLICK - TOTVS - LINHA RM
29-07-2024 09:09:19.006Z;functions.enter_contas_a_pagar;  CLICK - BACK OFFICE
29-07-2024 09:09:21.756Z;functions.enter_contas_a_pagar;  CLICK - GESTAO FINANCEIRA
29-07-2024 09:09:28.443Z;functions.enter_contas_a_pagar;  CLICK - CONTAS A PAGAR
29-07-2024 09:09:29.381Z;functions.waitForImage;  LANÇAMENTOS image found.
29-07-2024 09:09:31.514Z;functions.enter_contas_a_pagar;  CLICA EM LANÇAMENTOS
29-07-2024 09:09:46.850Z;functions.waitForImage;  LICENCAS EXCEDIDAS image not found.
29-07-2024 09:09:46.850Z;functions.obter_intervalo_data;  VERIFICANDO A HORA ATUAL 9
29-07-2024 09:09:46.881Z;functions.obter_intervalo_data;  Data Inicial BANCARIA antes da remoção: None
29-07-2024 09:09:46.881Z;functions.obter_intervalo_data;  Data Final BANCARIA antes da remoção: None
29-07-2024 09:09:46.881Z;functions.obter_intervalo_data;  Data Inicial BANCARIA após a remoção: None
29-07-2024 09:09:46.881Z;functions.obter_intervalo_data;  Data Final BANCARIA após a remoção: None
29-07-2024 09:09:46.881Z;functions.obter_intervalo_data;  hoje -  2024-07-29 09:09:46.881348
29-07-2024 09:09:46.881Z;functions.data_filter;  DATA INICIO 31-07-2024
29-07-2024 09:09:46.881Z;functions.data_filter;  DATA FIM 06-08-2024
29-07-2024 09:09:46.881Z;functions.data_filter;  CLICK - SELECIONA A DATA DE QUARTA FEIRA E DA PROXIMA TERÇA
29-07-2024 09:09:46.881Z;functions.data_filter;  QUARTA-FEIRA: 31-07-2024
29-07-2024 09:09:46.897Z;functions.data_filter;  TERCA-FEIRA: 06-08-2024
29-07-2024 09:10:03.720Z;functions.data_filter;  REMESSA BANCÁRIA - FILTRO DIGITADO
29-07-2024 09:10:04.599Z;functions.data_filter;  CLICK - BOTAO DE SELECAO DE FILTRO
29-07-2024 09:10:09.459Z;functions.data_filter;  INSERE - DATA DE QUARTA-FEIRA: 31-07-2024
29-07-2024 09:10:14.115Z;functions.data_filter;  INSERE - DATA DA PROX TERCA-FEIRA: 06-08-2024
29-07-2024 09:10:15.256Z;functions.data_filter;  CLICK - BOTAO DE EXECUTAR O FILTRO
29-07-2024 09:10:20.261Z;functions.desmark_filter;  AGUARDANDO 1
29-07-2024 09:10:27.099Z;functions.desmark_filter;  CLICK CHECKBOX LANÇAMENTOS A RECEBER
29-07-2024 09:10:29.787Z;functions.desmark_filter;  CLICK CHECKBOX LANÇAMENTOS BAIXADOS
29-07-2024 09:10:32.563Z;functions.desmark_filter;  CLICK CHECKBOX LANÇAMENTOS CANCELADOS
29-07-2024 09:10:35.688Z;functions.desmark_filter;  CLICK CHECKBOX LANÇAMENTOS FATURADOS
29-07-2024 09:10:39.383Z;functions.desmark_filter;  CLICK CHECKBOX LANÇAMENTOS FATURADOS
29-07-2024 09:10:44.600Z;functions.waitForImage;  FILTER CLEAN image found.
29-07-2024 09:10:46.733Z;functions.filter_clean;  CLICA NO BOTÃO X DO LIMPA FILTRO
29-07-2024 09:11:02.037Z;functions.waitForImage;  FILTER CLEAN image not found.
29-07-2024 09:11:17.351Z;functions.waitForImage;  FILTER CLEAN image not found.
29-07-2024 09:11:17.351Z;functions.check_table_record;  VERIFICANDO SE A TABELA ESTÁ VAZIA
29-07-2024 09:11:20.896Z;functions.check_table_record;  Texto extraido 1/180
29-07-2024 09:11:20.896Z;functions.check_table_record;  Count 180
29-07-2024 09:11:20.896Z;functions.check_table_record;  Type <class 'int'>
29-07-2024 09:11:20.896Z;functions.check_table_record;  TABELA CONTÉM REGISTROS
29-07-2024 09:11:33.312Z;functions.select_tipo_documento;  NOME DA COLUNA: Tipo de Documento
29-07-2024 09:11:35.287Z;functions.select_tipo_documento;  HOVER NOME DA COLUNA: Tipo de Documento
29-07-2024 09:11:36.180Z;functions.select_tipo_documento;  CLICA NO FILTRO PERSONALIZAR
29-07-2024 09:11:38.724Z;functions.select_tipo_documento;  CLICA PARA SELECIONAR OPÇÕES DO FILTRO
29-07-2024 09:11:45.173Z;functions.select_tipo_documento;  FILTRO "NÃO É IGUAL A INV" DEFINIDO
29-07-2024 09:11:46.256Z;functions.select_tipo_documento;  CLICK BUTTON CONFIRMAR FILTRO
29-07-2024 09:11:51.259Z;functions.filter_IPTE;  VERIFICANDO O COD DO CLIENTE EM CADA REGISTRO
29-07-2024 09:11:53.037Z;functions.filter_IPTE;  CLICA NA PRIMEIRA LINHA DA TABELA
29-07-2024 09:12:17.443Z;functions.filter_IPTE;  HOVER FILTER
29-07-2024 09:12:19.421Z;functions.filter_IPTE;  CLICK FILTER
29-07-2024 09:12:23.752Z;functions.filter_IPTE;  CLICA NO FILTRO PERSONALIZAR
29-07-2024 09:12:30.131Z;functions.filter_IPTE;  TABELA CONTÉM REGISTROS
29-07-2024 09:12:32.890Z;functions.check_table_record;  VERIFICANDO SE A TABELA ESTÁ VAZIA
29-07-2024 09:12:36.427Z;functions.check_table_record;  Texto extraido 1/77
29-07-2024 09:12:36.427Z;functions.check_table_record;  Count 77
29-07-2024 09:12:36.427Z;functions.check_table_record;  Type <class 'int'>
29-07-2024 09:12:36.427Z;functions.check_table_record;  TABELA CONTÉM REGISTROS
29-07-2024 09:12:36.427Z;functions.check_payment_type;  VERIFICANDO O COD DO CLIENTE EM CADA REGISTRO
29-07-2024 09:12:38.631Z;functions.check_payment_type;  CLICA NA PRIMEIRA LINHA DA TABELA
29-07-2024 09:12:42.737Z;functions.check_payment_type;  REF. LANÇAMENTO: 984294
29-07-2024 09:12:42.737Z;functions.check_payment_type;  CONTAGEM: 1
29-07-2024 09:12:42.843Z;functions.check_payment_type;  ENTRANDO NO REGISTRO
29-07-2024 09:13:02.584Z;functions.waitForImage;  INTEGRAÇÃO BANCÁRIA image found.
29-07-2024 09:13:04.703Z;functions.check_payment_type;  CLICA EM INTEGRAÇÃO BANCÁRIA
29-07-2024 09:13:04.703Z;functions.check_payment_type;  VERIFICANDO INFORMAÇÕES
29-07-2024 09:13:07.912Z;functions.waitForImage;  DADOS BANCARIOS image found.
29-07-2024 09:13:08.046Z;functions.check_payment_type;  DADOS BANCARIOS
29-07-2024 09:13:18.047Z;functions.check_payment_type;  ENTROU DADOS BANCÁRIOS
29-07-2024 09:13:18.150Z;functions.check_payment_type;  APERTA TAB
29-07-2024 09:13:20.279Z;functions.check_payment_type;  ESCREVE BOLETO
29-07-2024 09:13:20.490Z;functions.waitForImage;  PRESS BUTTON OK image found.
29-07-2024 09:13:22.640Z;functions.click_ok;  PRESS BUTTON OK
29-07-2024 09:13:26.834Z;functions.waitForImage;  PRESS BUTTON OK image found.
29-07-2024 09:13:28.956Z;functions.click_ok;  PRESS BUTTON OK
29-07-2024 09:13:31.060Z;functions.check_payment_type;  INCLUIDOS: 984294 REFERENCIAS NO PROCESSAMENTO
29-07-2024 09:13:33.163Z;functions.check_payment_type;  PASSANDO PARA PRÓXIMO REGISTRO
29-07-2024 09:13:39.268Z;functions.check_payment_type;  REF. LANÇAMENTO: 984295
29-07-2024 09:13:39.269Z;functions.check_payment_type;  CONTAGEM: 2
29-07-2024 09:13:39.373Z;functions.check_payment_type;  ENTRANDO NO REGISTRO
29-07-2024 09:13:45.834Z;functions.waitForImage;  INTEGRAÇÃO BANCÁRIA image found.
29-07-2024 09:13:47.955Z;functions.check_payment_type;  CLICA EM INTEGRAÇÃO BANCÁRIA
29-07-2024 09:13:47.955Z;functions.check_payment_type;  VERIFICANDO INFORMAÇÕES
29-07-2024 09:13:51.162Z;functions.waitForImage;  DADOS BANCARIOS image found.
29-07-2024 09:13:51.294Z;functions.check_payment_type;  DADOS BANCARIOS
29-07-2024 09:14:01.296Z;functions.check_payment_type;  ENTROU DADOS BANCÁRIOS
29-07-2024 09:14:01.399Z;functions.check_payment_type;  APERTA TAB
29-07-2024 09:14:03.526Z;functions.check_payment_type;  ESCREVE BOLETO
29-07-2024 09:14:03.709Z;functions.waitForImage;  PRESS BUTTON OK image found.
29-07-2024 09:14:05.827Z;functions.click_ok;  PRESS BUTTON OK
29-07-2024 09:14:10.021Z;functions.waitForImage;  PRESS BUTTON OK image found.
29-07-2024 09:14:12.141Z;functions.click_ok;  PRESS BUTTON OK
29-07-2024 09:14:14.245Z;functions.check_payment_type;  INCLUIDOS: 984295 REFERENCIAS NO PROCESSAMENTO
29-07-2024 09:14:16.348Z;functions.check_payment_type;  PASSANDO PARA PRÓXIMO REGISTRO
29-07-2024 09:14:22.453Z;functions.check_payment_type;  REF. LANÇAMENTO: 984298
29-07-2024 09:14:22.453Z;functions.check_payment_type;  CONTAGEM: 3
29-07-2024 09:14:22.559Z;functions.check_payment_type;  ENTRANDO NO REGISTRO
29-07-2024 09:14:28.927Z;functions.waitForImage;  INTEGRAÇÃO BANCÁRIA image found.
29-07-2024 09:14:31.047Z;functions.check_payment_type;  CLICA EM INTEGRAÇÃO BANCÁRIA
29-07-2024 09:14:31.047Z;functions.check_payment_type;  VERIFICANDO INFORMAÇÕES
29-07-2024 09:14:34.257Z;functions.waitForImage;  DADOS BANCARIOS image found.
29-07-2024 09:14:34.389Z;functions.check_payment_type;  DADOS BANCARIOS
29-07-2024 09:14:44.390Z;functions.check_payment_type;  ENTROU DADOS BANCÁRIOS
29-07-2024 09:14:44.493Z;functions.check_payment_type;  APERTA TAB
29-07-2024 09:14:46.625Z;functions.check_payment_type;  ESCREVE BOLETO
29-07-2024 09:14:46.849Z;functions.waitForImage;  PRESS BUTTON OK image found.
29-07-2024 09:14:48.982Z;functions.click_ok;  PRESS BUTTON OK
29-07-2024 09:14:53.178Z;functions.waitForImage;  PRESS BUTTON OK image found.
29-07-2024 09:14:55.297Z;functions.click_ok;  PRESS BUTTON OK
29-07-2024 09:14:57.402Z;functions.check_payment_type;  INCLUIDOS: 984298 REFERENCIAS NO PROCESSAMENTO
29-07-2024 09:14:59.506Z;functions.check_payment_type;  PASSANDO PARA PRÓXIMO REGISTRO
29-07-2024 09:15:05.611Z;functions.check_payment_type;  REF. LANÇAMENTO: 984753
29-07-2024 09:15:05.611Z;functions.check_payment_type;  CONTAGEM: 4
29-07-2024 09:15:05.716Z;functions.check_payment_type;  ENTRANDO NO REGISTRO
29-07-2024 09:15:12.115Z;functions.waitForImage;  INTEGRAÇÃO BANCÁRIA image found.
29-07-2024 09:15:14.234Z;functions.check_payment_type;  CLICA EM INTEGRAÇÃO BANCÁRIA
29-07-2024 09:15:14.234Z;functions.check_payment_type;  VERIFICANDO INFORMAÇÕES
29-07-2024 09:15:17.443Z;functions.waitForImage;  DADOS BANCARIOS image found.
29-07-2024 09:15:17.576Z;functions.check_payment_type;  DADOS BANCARIOS
29-07-2024 09:15:27.577Z;functions.check_payment_type;  ENTROU DADOS BANCÁRIOS
29-07-2024 09:15:27.680Z;functions.check_payment_type;  APERTA TAB
29-07-2024 09:15:29.813Z;functions.check_payment_type;  ESCREVE BOLETO
29-07-2024 09:15:30.037Z;functions.waitForImage;  PRESS BUTTON OK image found.
29-07-2024 09:15:32.169Z;functions.click_ok;  PRESS BUTTON OK
29-07-2024 09:15:36.381Z;functions.waitForImage;  PRESS BUTTON OK image found.
29-07-2024 09:15:38.515Z;functions.click_ok;  PRESS BUTTON OK
29-07-2024 09:15:40.619Z;functions.check_payment_type;  INCLUIDOS: 984753 REFERENCIAS NO PROCESSAMENTO
29-07-2024 09:15:42.722Z;functions.check_payment_type;  PASSANDO PARA PRÓXIMO REGISTRO
29-07-2024 09:15:48.827Z;functions.check_payment_type;  REF. LANÇAMENTO: 984597
29-07-2024 09:15:48.827Z;functions.check_payment_type;  CONTAGEM: 5
29-07-2024 09:15:48.932Z;functions.check_payment_type;  ENTRANDO NO REGISTRO
29-07-2024 09:15:55.193Z;functions.waitForImage;  INTEGRAÇÃO BANCÁRIA image found.
29-07-2024 09:15:57.328Z;functions.check_payment_type;  CLICA EM INTEGRAÇÃO BANCÁRIA
29-07-2024 09:15:57.328Z;functions.check_payment_type;  VERIFICANDO INFORMAÇÕES
29-07-2024 09:16:00.490Z;functions.waitForImage;  DADOS BANCARIOS image found.
29-07-2024 09:16:00.607Z;functions.check_payment_type;  DADOS BANCARIOS
29-07-2024 09:16:10.608Z;functions.check_payment_type;  ENTROU DADOS BANCÁRIOS
29-07-2024 09:16:10.711Z;functions.check_payment_type;  APERTA TAB
29-07-2024 09:16:12.852Z;functions.check_payment_type;  ESCREVE BOLETO
29-07-2024 09:16:13.068Z;functions.waitForImage;  PRESS BUTTON OK image found.
29-07-2024 09:16:15.203Z;functions.click_ok;  PRESS BUTTON OK
29-07-2024 09:16:19.412Z;functions.waitForImage;  PRESS BUTTON OK image found.
29-07-2024 09:16:21.545Z;functions.click_ok;  PRESS BUTTON OK
29-07-2024 09:16:23.649Z;functions.check_payment_type;  INCLUIDOS: 984597 REFERENCIAS NO PROCESSAMENTO
29-07-2024 09:16:25.752Z;functions.check_payment_type;  PASSANDO PARA PRÓXIMO REGISTRO
29-07-2024 09:16:31.857Z;functions.check_payment_type;  REF. LANÇAMENTO: 984600
29-07-2024 09:16:31.857Z;functions.check_payment_type;  CONTAGEM: 6
29-07-2024 09:16:31.963Z;functions.check_payment_type;  ENTRANDO NO REGISTRO
29-07-2024 09:16:38.475Z;functions.waitForImage;  INTEGRAÇÃO BANCÁRIA image found.
29-07-2024 09:16:40.609Z;functions.check_payment_type;  CLICA EM INTEGRAÇÃO BANCÁRIA
29-07-2024 09:16:40.609Z;functions.check_payment_type;  VERIFICANDO INFORMAÇÕES
29-07-2024 09:16:43.818Z;functions.waitForImage;  DADOS BANCARIOS image found.
29-07-2024 09:16:43.954Z;functions.check_payment_type;  DADOS BANCARIOS
29-07-2024 09:16:53.955Z;functions.check_payment_type;  ENTROU DADOS BANCÁRIOS
29-07-2024 09:16:54.058Z;functions.check_payment_type;  APERTA TAB
29-07-2024 09:16:56.196Z;functions.check_payment_type;  ESCREVE BOLETO
29-07-2024 09:16:56.396Z;functions.waitForImage;  PRESS BUTTON OK image found.
29-07-2024 09:16:58.516Z;functions.click_ok;  PRESS BUTTON OK
29-07-2024 09:17:02.709Z;functions.waitForImage;  PRESS BUTTON OK image found.
29-07-2024 09:17:04.858Z;functions.click_ok;  PRESS BUTTON OK
29-07-2024 09:17:06.962Z;functions.check_payment_type;  INCLUIDOS: 984600 REFERENCIAS NO PROCESSAMENTO
29-07-2024 09:17:09.065Z;functions.check_payment_type;  PASSANDO PARA PRÓXIMO REGISTRO
29-07-2024 09:17:15.169Z;functions.check_payment_type;  REF. LANÇAMENTO: 984598
29-07-2024 09:17:15.169Z;functions.check_payment_type;  CONTAGEM: 7
29-07-2024 09:17:15.273Z;functions.check_payment_type;  ENTRANDO NO REGISTRO
29-07-2024 09:17:21.584Z;functions.waitForImage;  INTEGRAÇÃO BANCÁRIA image found.
29-07-2024 09:17:23.701Z;functions.check_payment_type;  CLICA EM INTEGRAÇÃO BANCÁRIA
29-07-2024 09:17:23.701Z;functions.check_payment_type;  VERIFICANDO INFORMAÇÕES
29-07-2024 09:17:26.912Z;functions.waitForImage;  DADOS BANCARIOS image found.
29-07-2024 09:17:27.045Z;functions.check_payment_type;  DADOS BANCARIOS
29-07-2024 09:17:37.045Z;functions.check_payment_type;  ENTROU DADOS BANCÁRIOS
29-07-2024 09:17:37.149Z;functions.check_payment_type;  APERTA TAB
29-07-2024 09:17:39.282Z;functions.check_payment_type;  ESCREVE BOLETO
29-07-2024 09:17:39.506Z;functions.waitForImage;  PRESS BUTTON OK image found.
29-07-2024 09:17:41.641Z;functions.click_ok;  PRESS BUTTON OK
29-07-2024 09:17:45.849Z;functions.waitForImage;  PRESS BUTTON OK image found.
29-07-2024 09:17:47.982Z;functions.click_ok;  PRESS BUTTON OK
29-07-2024 09:17:50.087Z;functions.check_payment_type;  INCLUIDOS: 984598 REFERENCIAS NO PROCESSAMENTO
29-07-2024 09:17:52.189Z;functions.check_payment_type;  PASSANDO PARA PRÓXIMO REGISTRO
29-07-2024 09:17:58.295Z;functions.check_payment_type;  REF. LANÇAMENTO: 985098
29-07-2024 09:17:58.295Z;functions.check_payment_type;  CONTAGEM: 8
29-07-2024 09:17:58.400Z;functions.check_payment_type;  ENTRANDO NO REGISTRO
29-07-2024 09:18:06.225Z;functions.waitForImage;  INTEGRAÇÃO BANCÁRIA image found.
29-07-2024 09:18:08.357Z;functions.check_payment_type;  CLICA EM INTEGRAÇÃO BANCÁRIA
29-07-2024 09:18:08.357Z;functions.check_payment_type;  VERIFICANDO INFORMAÇÕES
29-07-2024 09:18:11.568Z;functions.waitForImage;  DADOS BANCARIOS image found.
29-07-2024 09:18:11.703Z;functions.check_payment_type;  DADOS BANCARIOS
29-07-2024 09:18:21.705Z;functions.check_payment_type;  ENTROU DADOS BANCÁRIOS
29-07-2024 09:18:21.808Z;functions.check_payment_type;  APERTA TAB
29-07-2024 09:18:23.938Z;functions.check_payment_type;  ESCREVE BOLETO
29-07-2024 09:18:24.161Z;functions.waitForImage;  PRESS BUTTON OK image found.
29-07-2024 09:18:26.295Z;functions.click_ok;  PRESS BUTTON OK
29-07-2024 09:18:30.506Z;functions.waitForImage;  PRESS BUTTON OK image found.
29-07-2024 09:18:32.638Z;functions.click_ok;  PRESS BUTTON OK
29-07-2024 09:18:34.742Z;functions.check_payment_type;  INCLUIDOS: 985098 REFERENCIAS NO PROCESSAMENTO
29-07-2024 09:18:36.845Z;functions.check_payment_type;  PASSANDO PARA PRÓXIMO REGISTRO
29-07-2024 09:18:42.966Z;functions.check_payment_type;  REF. LANÇAMENTO: 978627
29-07-2024 09:18:42.966Z;functions.check_payment_type;  CONTAGEM: 9
29-07-2024 09:18:43.072Z;functions.check_payment_type;  ENTRANDO NO REGISTRO
29-07-2024 09:18:50.303Z;functions.waitForImage;  INTEGRAÇÃO BANCÁRIA image found.
29-07-2024 09:18:52.427Z;functions.check_payment_type;  CLICA EM INTEGRAÇÃO BANCÁRIA
29-07-2024 09:18:52.427Z;functions.check_payment_type;  VERIFICANDO INFORMAÇÕES
29-07-2024 09:18:55.630Z;functions.waitForImage;  DADOS BANCARIOS image found.
29-07-2024 09:18:55.765Z;functions.check_payment_type;  DADOS BANCARIOS
29-07-2024 09:19:05.766Z;functions.check_payment_type;  ENTROU DADOS BANCÁRIOS
29-07-2024 09:19:05.869Z;functions.check_payment_type;  APERTA TAB
29-07-2024 09:19:08.001Z;functions.check_payment_type;  ESCREVE BOLETO
29-07-2024 09:19:08.224Z;functions.waitForImage;  PRESS BUTTON OK image found.
29-07-2024 09:19:10.359Z;functions.click_ok;  PRESS BUTTON OK
29-07-2024 09:19:14.568Z;functions.waitForImage;  PRESS BUTTON OK image found.
29-07-2024 09:19:16.703Z;functions.click_ok;  PRESS BUTTON OK
29-07-2024 09:19:18.808Z;functions.check_payment_type;  INCLUIDOS: 978627 REFERENCIAS NO PROCESSAMENTO
29-07-2024 09:19:20.911Z;functions.check_payment_type;  PASSANDO PARA PRÓXIMO REGISTRO
29-07-2024 09:19:27.016Z;functions.check_payment_type;  REF. LANÇAMENTO: 978692
29-07-2024 09:19:27.016Z;functions.check_payment_type;  CONTAGEM: 10
29-07-2024 09:19:27.120Z;functions.check_payment_type;  ENTRANDO NO REGISTRO
29-07-2024 09:19:32.756Z;functions.waitForImage;  INTEGRAÇÃO BANCÁRIA image found.
29-07-2024 09:19:34.888Z;functions.check_payment_type;  CLICA EM INTEGRAÇÃO BANCÁRIA
29-07-2024 09:19:34.888Z;functions.check_payment_type;  VERIFICANDO INFORMAÇÕES
29-07-2024 09:19:38.068Z;functions.waitForImage;  DADOS BANCARIOS image found.
29-07-2024 09:19:38.201Z;functions.check_payment_type;  DADOS BANCARIOS
29-07-2024 09:19:48.202Z;functions.check_payment_type;  ENTROU DADOS BANCÁRIOS
29-07-2024 09:19:48.305Z;functions.check_payment_type;  APERTA TAB
29-07-2024 09:19:50.438Z;functions.check_payment_type;  ESCREVE BOLETO
29-07-2024 09:19:50.662Z;functions.waitForImage;  PRESS BUTTON OK image found.
29-07-2024 09:19:52.795Z;functions.click_ok;  PRESS BUTTON OK
29-07-2024 09:19:56.990Z;functions.waitForImage;  PRESS BUTTON OK image found.
29-07-2024 09:19:59.141Z;functions.click_ok;  PRESS BUTTON OK
29-07-2024 09:20:01.245Z;functions.check_payment_type;  INCLUIDOS: 978692 REFERENCIAS NO PROCESSAMENTO
29-07-2024 09:20:03.348Z;functions.check_payment_type;  PASSANDO PARA PRÓXIMO REGISTRO
29-07-2024 09:20:09.453Z;functions.check_payment_type;  REF. LANÇAMENTO: 978702
29-07-2024 09:20:09.454Z;functions.check_payment_type;  CONTAGEM: 11
29-07-2024 09:20:09.558Z;functions.check_payment_type;  ENTRANDO NO REGISTRO
29-07-2024 09:20:16.693Z;functions.waitForImage;  INTEGRAÇÃO BANCÁRIA image found.
29-07-2024 09:20:18.826Z;functions.check_payment_type;  CLICA EM INTEGRAÇÃO BANCÁRIA
29-07-2024 09:20:18.826Z;functions.check_payment_type;  VERIFICANDO INFORMAÇÕES
29-07-2024 09:20:22.037Z;functions.waitForImage;  DADOS BANCARIOS image found.
29-07-2024 09:20:22.171Z;functions.check_payment_type;  DADOS BANCARIOS
29-07-2024 09:20:32.172Z;functions.check_payment_type;  ENTROU DADOS BANCÁRIOS
29-07-2024 09:20:32.274Z;functions.check_payment_type;  APERTA TAB
29-07-2024 09:20:34.407Z;functions.check_payment_type;  ESCREVE BOLETO
29-07-2024 09:20:34.615Z;functions.waitForImage;  PRESS BUTTON OK image found.
29-07-2024 09:20:36.734Z;functions.click_ok;  PRESS BUTTON OK
29-07-2024 09:20:40.927Z;functions.waitForImage;  PRESS BUTTON OK image found.
29-07-2024 09:20:43.045Z;functions.click_ok;  PRESS BUTTON OK
29-07-2024 09:20:45.149Z;functions.check_payment_type;  INCLUIDOS: 978702 REFERENCIAS NO PROCESSAMENTO
29-07-2024 09:20:47.252Z;functions.check_payment_type;  PASSANDO PARA PRÓXIMO REGISTRO
29-07-2024 09:20:53.359Z;functions.check_payment_type;  REF. LANÇAMENTO: 978712
29-07-2024 09:20:53.359Z;functions.check_payment_type;  CONTAGEM: 12
29-07-2024 09:20:53.464Z;functions.check_payment_type;  ENTRANDO NO REGISTRO
29-07-2024 09:20:59.912Z;functions.waitForImage;  INTEGRAÇÃO BANCÁRIA image found.
29-07-2024 09:21:02.044Z;functions.check_payment_type;  CLICA EM INTEGRAÇÃO BANCÁRIA
29-07-2024 09:21:02.044Z;functions.check_payment_type;  VERIFICANDO INFORMAÇÕES
29-07-2024 09:21:05.255Z;functions.waitForImage;  DADOS BANCARIOS image found.
29-07-2024 09:21:05.391Z;functions.check_payment_type;  DADOS BANCARIOS
29-07-2024 09:21:15.392Z;functions.check_payment_type;  ENTROU DADOS BANCÁRIOS
29-07-2024 09:21:15.495Z;functions.check_payment_type;  APERTA TAB
29-07-2024 09:21:17.627Z;functions.check_payment_type;  ESCREVE BOLETO
29-07-2024 09:21:17.849Z;functions.waitForImage;  PRESS BUTTON OK image found.
29-07-2024 09:21:19.981Z;functions.click_ok;  PRESS BUTTON OK
29-07-2024 09:21:24.213Z;functions.waitForImage;  PRESS BUTTON OK image found.
29-07-2024 09:21:26.327Z;functions.click_ok;  PRESS BUTTON OK
29-07-2024 09:21:28.430Z;functions.check_payment_type;  INCLUIDOS: 978712 REFERENCIAS NO PROCESSAMENTO
29-07-2024 09:21:30.533Z;functions.check_payment_type;  PASSANDO PARA PRÓXIMO REGISTRO
29-07-2024 09:21:36.638Z;functions.check_payment_type;  REF. LANÇAMENTO: 978716
29-07-2024 09:21:36.638Z;functions.check_payment_type;  CONTAGEM: 13
29-07-2024 09:21:36.742Z;functions.check_payment_type;  ENTRANDO NO REGISTRO
29-07-2024 09:21:43.771Z;functions.waitForImage;  INTEGRAÇÃO BANCÁRIA image found.
29-07-2024 09:21:45.891Z;functions.check_payment_type;  CLICA EM INTEGRAÇÃO BANCÁRIA
29-07-2024 09:21:45.891Z;functions.check_payment_type;  VERIFICANDO INFORMAÇÕES
29-07-2024 09:21:49.021Z;functions.waitForImage;  DADOS BANCARIOS image found.
29-07-2024 09:21:49.140Z;functions.check_payment_type;  DADOS BANCARIOS
29-07-2024 09:21:59.141Z;functions.check_payment_type;  ENTROU DADOS BANCÁRIOS
29-07-2024 09:21:59.244Z;functions.check_payment_type;  APERTA TAB
29-07-2024 09:22:01.368Z;functions.check_payment_type;  ESCREVE BOLETO
29-07-2024 09:22:01.552Z;functions.waitForImage;  PRESS BUTTON OK image found.
29-07-2024 09:22:03.672Z;functions.click_ok;  PRESS BUTTON OK
29-07-2024 09:22:07.834Z;functions.waitForImage;  PRESS BUTTON OK image found.
29-07-2024 09:22:09.950Z;functions.click_ok;  PRESS BUTTON OK
29-07-2024 09:22:12.055Z;functions.check_payment_type;  INCLUIDOS: 978716 REFERENCIAS NO PROCESSAMENTO
29-07-2024 09:22:14.157Z;functions.check_payment_type;  PASSANDO PARA PRÓXIMO REGISTRO
29-07-2024 09:22:20.262Z;functions.check_payment_type;  REF. LANÇAMENTO: 980057
29-07-2024 09:22:20.262Z;functions.check_payment_type;  CONTAGEM: 14
29-07-2024 09:22:20.366Z;functions.check_payment_type;  ENTRANDO NO REGISTRO
29-07-2024 09:22:26.021Z;functions.waitForImage;  INTEGRAÇÃO BANCÁRIA image found.
29-07-2024 09:22:28.140Z;functions.check_payment_type;  CLICA EM INTEGRAÇÃO BANCÁRIA
29-07-2024 09:22:28.140Z;functions.check_payment_type;  VERIFICANDO INFORMAÇÕES
29-07-2024 09:22:31.334Z;functions.waitForImage;  DADOS BANCARIOS image found.
29-07-2024 09:22:31.450Z;functions.check_payment_type;  DADOS BANCARIOS
29-07-2024 09:22:41.451Z;functions.check_payment_type;  ENTROU DADOS BANCÁRIOS
29-07-2024 09:22:41.553Z;functions.check_payment_type;  APERTA TAB
29-07-2024 09:22:43.681Z;functions.check_payment_type;  ESCREVE BOLETO
29-07-2024 09:22:43.865Z;functions.waitForImage;  PRESS BUTTON OK image found.
29-07-2024 09:22:46.013Z;functions.click_ok;  PRESS BUTTON OK
29-07-2024 09:22:50.209Z;functions.waitForImage;  PRESS BUTTON OK image found.
29-07-2024 09:22:52.326Z;functions.click_ok;  PRESS BUTTON OK
29-07-2024 09:22:54.430Z;functions.check_payment_type;  INCLUIDOS: 980057 REFERENCIAS NO PROCESSAMENTO
29-07-2024 09:22:56.533Z;functions.check_payment_type;  PASSANDO PARA PRÓXIMO REGISTRO
29-07-2024 09:23:02.638Z;functions.check_payment_type;  REF. LANÇAMENTO: 980070
29-07-2024 09:23:02.638Z;functions.check_payment_type;  CONTAGEM: 15
29-07-2024 09:23:02.744Z;functions.check_payment_type;  ENTRANDO NO REGISTRO
29-07-2024 09:23:09.115Z;functions.waitForImage;  INTEGRAÇÃO BANCÁRIA image found.
29-07-2024 09:23:11.232Z;functions.check_payment_type;  CLICA EM INTEGRAÇÃO BANCÁRIA
29-07-2024 09:23:11.232Z;functions.check_payment_type;  VERIFICANDO INFORMAÇÕES
29-07-2024 09:23:14.449Z;functions.waitForImage;  DADOS BANCARIOS image found.
29-07-2024 09:23:14.579Z;functions.check_payment_type;  DADOS BANCARIOS
29-07-2024 09:23:24.579Z;functions.check_payment_type;  ENTROU DADOS BANCÁRIOS
29-07-2024 09:23:24.682Z;functions.check_payment_type;  APERTA TAB
29-07-2024 09:23:26.807Z;functions.check_payment_type;  ESCREVE BOLETO
29-07-2024 09:23:26.990Z;functions.waitForImage;  PRESS BUTTON OK image found.
29-07-2024 09:23:29.108Z;functions.click_ok;  PRESS BUTTON OK
29-07-2024 09:23:33.302Z;functions.waitForImage;  PRESS BUTTON OK image found.
29-07-2024 09:23:35.422Z;functions.click_ok;  PRESS BUTTON OK
29-07-2024 09:23:37.526Z;functions.check_payment_type;  INCLUIDOS: 980070 REFERENCIAS NO PROCESSAMENTO
29-07-2024 09:23:39.628Z;functions.check_payment_type;  PASSANDO PARA PRÓXIMO REGISTRO
29-07-2024 09:23:45.734Z;functions.check_payment_type;  REF. LANÇAMENTO: 980077
29-07-2024 09:23:45.734Z;functions.check_payment_type;  CONTAGEM: 16
29-07-2024 09:23:45.839Z;functions.check_payment_type;  ENTRANDO NO REGISTRO
29-07-2024 09:23:52.240Z;functions.waitForImage;  INTEGRAÇÃO BANCÁRIA image found.
29-07-2024 09:23:54.360Z;functions.check_payment_type;  CLICA EM INTEGRAÇÃO BANCÁRIA
29-07-2024 09:23:54.360Z;functions.check_payment_type;  VERIFICANDO INFORMAÇÕES
29-07-2024 09:23:57.568Z;functions.waitForImage;  DADOS BANCARIOS image found.
29-07-2024 09:23:57.702Z;functions.check_payment_type;  DADOS BANCARIOS
29-07-2024 09:24:07.703Z;functions.check_payment_type;  ENTROU DADOS BANCÁRIOS
29-07-2024 09:24:07.807Z;functions.check_payment_type;  APERTA TAB
29-07-2024 09:24:09.934Z;functions.check_payment_type;  ESCREVE BOLETO
29-07-2024 09:24:10.115Z;functions.waitForImage;  PRESS BUTTON OK image found.
29-07-2024 09:24:12.263Z;functions.click_ok;  PRESS BUTTON OK
29-07-2024 09:24:16.443Z;functions.waitForImage;  PRESS BUTTON OK image found.
29-07-2024 09:24:18.575Z;functions.click_ok;  PRESS BUTTON OK
29-07-2024 09:24:20.679Z;functions.check_payment_type;  INCLUIDOS: 980077 REFERENCIAS NO PROCESSAMENTO
29-07-2024 09:24:22.781Z;functions.check_payment_type;  PASSANDO PARA PRÓXIMO REGISTRO
29-07-2024 09:24:28.886Z;functions.check_payment_type;  REF. LANÇAMENTO: 980082
29-07-2024 09:24:28.886Z;functions.check_payment_type;  CONTAGEM: 17
29-07-2024 09:24:28.990Z;functions.check_payment_type;  ENTRANDO NO REGISTRO
29-07-2024 09:24:35.401Z;functions.waitForImage;  INTEGRAÇÃO BANCÁRIA image found.
29-07-2024 09:24:37.515Z;functions.check_payment_type;  CLICA EM INTEGRAÇÃO BANCÁRIA
29-07-2024 09:24:37.515Z;functions.check_payment_type;  VERIFICANDO INFORMAÇÕES
29-07-2024 09:24:40.708Z;functions.waitForImage;  DADOS BANCARIOS image found.
29-07-2024 09:24:40.859Z;functions.check_payment_type;  DADOS BANCARIOS
29-07-2024 09:24:50.860Z;functions.check_payment_type;  ENTROU DADOS BANCÁRIOS
29-07-2024 09:24:50.963Z;functions.check_payment_type;  APERTA TAB
29-07-2024 09:24:53.091Z;functions.check_payment_type;  ESCREVE BOLETO
29-07-2024 09:24:53.271Z;functions.waitForImage;  PRESS BUTTON OK image found.
29-07-2024 09:24:55.389Z;functions.click_ok;  PRESS BUTTON OK
29-07-2024 09:24:59.599Z;functions.waitForImage;  PRESS BUTTON OK image found.
29-07-2024 09:25:01.733Z;functions.click_ok;  PRESS BUTTON OK
29-07-2024 09:25:03.837Z;functions.check_payment_type;  INCLUIDOS: 980082 REFERENCIAS NO PROCESSAMENTO
29-07-2024 09:25:05.939Z;functions.check_payment_type;  PASSANDO PARA PRÓXIMO REGISTRO
29-07-2024 09:25:12.059Z;functions.check_payment_type;  REF. LANÇAMENTO: 980090
29-07-2024 09:25:12.059Z;functions.check_payment_type;  CONTAGEM: 18
29-07-2024 09:25:12.165Z;functions.check_payment_type;  ENTRANDO NO REGISTRO
29-07-2024 09:25:17.802Z;functions.waitForImage;  INTEGRAÇÃO BANCÁRIA image found.
29-07-2024 09:25:19.920Z;functions.check_payment_type;  CLICA EM INTEGRAÇÃO BANCÁRIA
29-07-2024 09:25:19.920Z;functions.check_payment_type;  VERIFICANDO INFORMAÇÕES
29-07-2024 09:25:23.115Z;functions.waitForImage;  DADOS BANCARIOS image found.
29-07-2024 09:25:23.232Z;functions.check_payment_type;  DADOS BANCARIOS
29-07-2024 09:25:33.233Z;functions.check_payment_type;  ENTROU DADOS BANCÁRIOS
29-07-2024 09:25:33.336Z;functions.check_payment_type;  APERTA TAB
29-07-2024 09:25:35.471Z;functions.check_payment_type;  ESCREVE BOLETO
29-07-2024 09:25:35.693Z;functions.waitForImage;  PRESS BUTTON OK image found.
29-07-2024 09:25:37.825Z;functions.click_ok;  PRESS BUTTON OK
29-07-2024 09:25:42.005Z;functions.waitForImage;  PRESS BUTTON OK image found.
29-07-2024 09:25:44.140Z;functions.click_ok;  PRESS BUTTON OK
29-07-2024 09:25:46.245Z;functions.check_payment_type;  INCLUIDOS: 980090 REFERENCIAS NO PROCESSAMENTO
29-07-2024 09:25:48.348Z;functions.check_payment_type;  PASSANDO PARA PRÓXIMO REGISTRO
29-07-2024 09:25:54.453Z;functions.check_payment_type;  REF. LANÇAMENTO: 980258
29-07-2024 09:25:54.454Z;functions.check_payment_type;  CONTAGEM: 19
29-07-2024 09:25:54.558Z;functions.check_payment_type;  ENTRANDO NO REGISTRO
29-07-2024 09:26:00.240Z;functions.waitForImage;  INTEGRAÇÃO BANCÁRIA image found.
29-07-2024 09:26:02.357Z;functions.check_payment_type;  CLICA EM INTEGRAÇÃO BANCÁRIA
29-07-2024 09:26:02.357Z;functions.check_payment_type;  VERIFICANDO INFORMAÇÕES
29-07-2024 09:26:05.568Z;functions.waitForImage;  DADOS BANCARIOS image found.
29-07-2024 09:26:05.700Z;functions.check_payment_type;  DADOS BANCARIOS
29-07-2024 09:26:15.701Z;functions.check_payment_type;  ENTROU DADOS BANCÁRIOS
29-07-2024 09:26:15.805Z;functions.check_payment_type;  APERTA TAB
29-07-2024 09:26:17.935Z;functions.check_payment_type;  ESCREVE BOLETO
29-07-2024 09:26:18.130Z;functions.waitForImage;  PRESS BUTTON OK image found.
29-07-2024 09:26:20.265Z;functions.click_ok;  PRESS BUTTON OK
29-07-2024 09:26:24.474Z;functions.waitForImage;  PRESS BUTTON OK image found.
29-07-2024 09:26:26.609Z;functions.click_ok;  PRESS BUTTON OK
29-07-2024 09:26:28.714Z;functions.check_payment_type;  INCLUIDOS: 980258 REFERENCIAS NO PROCESSAMENTO
29-07-2024 09:26:30.817Z;functions.check_payment_type;  PASSANDO PARA PRÓXIMO REGISTRO
29-07-2024 09:26:36.923Z;functions.check_payment_type;  REF. LANÇAMENTO: 980608
29-07-2024 09:26:36.923Z;functions.check_payment_type;  CONTAGEM: 20
29-07-2024 09:26:37.028Z;functions.check_payment_type;  ENTRANDO NO REGISTRO
29-07-2024 09:26:43.396Z;functions.waitForImage;  INTEGRAÇÃO BANCÁRIA image found.
29-07-2024 09:26:45.515Z;functions.check_payment_type;  CLICA EM INTEGRAÇÃO BANCÁRIA
29-07-2024 09:26:45.515Z;functions.check_payment_type;  VERIFICANDO INFORMAÇÕES
29-07-2024 09:26:48.708Z;functions.waitForImage;  DADOS BANCARIOS image found.
29-07-2024 09:26:48.825Z;functions.check_payment_type;  DADOS BANCARIOS
29-07-2024 09:26:58.826Z;functions.check_payment_type;  ENTROU DADOS BANCÁRIOS
29-07-2024 09:26:58.929Z;functions.check_payment_type;  APERTA TAB
29-07-2024 09:27:01.057Z;functions.check_payment_type;  ESCREVE BOLETO
29-07-2024 09:27:01.224Z;functions.waitForImage;  PRESS BUTTON OK image found.
29-07-2024 09:27:03.357Z;functions.click_ok;  PRESS BUTTON OK
29-07-2024 09:27:07.568Z;functions.waitForImage;  PRESS BUTTON OK image found.
29-07-2024 09:27:09.703Z;functions.click_ok;  PRESS BUTTON OK
29-07-2024 09:27:11.807Z;functions.check_payment_type;  INCLUIDOS: 980608 REFERENCIAS NO PROCESSAMENTO
29-07-2024 09:27:13.911Z;functions.check_payment_type;  PASSANDO PARA PRÓXIMO REGISTRO
29-07-2024 09:27:20.016Z;functions.check_payment_type;  REF. LANÇAMENTO: 980611
29-07-2024 09:27:20.016Z;functions.check_payment_type;  CONTAGEM: 21
29-07-2024 09:27:20.120Z;functions.check_payment_type;  ENTRANDO NO REGISTRO
29-07-2024 09:27:27.302Z;functions.waitForImage;  INTEGRAÇÃO BANCÁRIA image found.
29-07-2024 09:27:29.421Z;functions.check_payment_type;  CLICA EM INTEGRAÇÃO BANCÁRIA
29-07-2024 09:27:29.421Z;functions.check_payment_type;  VERIFICANDO INFORMAÇÕES
29-07-2024 09:27:32.630Z;functions.waitForImage;  DADOS BANCARIOS image found.
29-07-2024 09:27:32.763Z;functions.check_payment_type;  DADOS BANCARIOS
29-07-2024 09:27:42.764Z;functions.check_payment_type;  ENTROU DADOS BANCÁRIOS
29-07-2024 09:27:42.868Z;functions.check_payment_type;  APERTA TAB
29-07-2024 09:27:45.001Z;functions.check_payment_type;  ESCREVE BOLETO
29-07-2024 09:27:45.224Z;functions.waitForImage;  PRESS BUTTON OK image found.
29-07-2024 09:27:47.357Z;functions.click_ok;  PRESS BUTTON OK
29-07-2024 09:27:51.537Z;functions.waitForImage;  PRESS BUTTON OK image found.
29-07-2024 09:27:53.671Z;functions.click_ok;  PRESS BUTTON OK
29-07-2024 09:27:55.775Z;functions.check_payment_type;  INCLUIDOS: 980611 REFERENCIAS NO PROCESSAMENTO
29-07-2024 09:27:57.878Z;functions.check_payment_type;  PASSANDO PARA PRÓXIMO REGISTRO
29-07-2024 09:28:03.983Z;functions.check_payment_type;  REF. LANÇAMENTO: 980616
29-07-2024 09:28:03.983Z;functions.check_payment_type;  CONTAGEM: 22
29-07-2024 09:28:04.088Z;functions.check_payment_type;  ENTRANDO NO REGISTRO
29-07-2024 09:28:10.505Z;functions.waitForImage;  INTEGRAÇÃO BANCÁRIA image found.
29-07-2024 09:28:12.638Z;functions.check_payment_type;  CLICA EM INTEGRAÇÃO BANCÁRIA
29-07-2024 09:28:12.638Z;functions.check_payment_type;  VERIFICANDO INFORMAÇÕES
29-07-2024 09:28:15.849Z;functions.waitForImage;  DADOS BANCARIOS image found.
29-07-2024 09:28:15.982Z;functions.check_payment_type;  DADOS BANCARIOS
29-07-2024 09:28:25.983Z;functions.check_payment_type;  ENTROU DADOS BANCÁRIOS
29-07-2024 09:28:26.087Z;functions.check_payment_type;  APERTA TAB
29-07-2024 09:28:28.220Z;functions.check_payment_type;  ESCREVE BOLETO
29-07-2024 09:28:28.427Z;functions.waitForImage;  PRESS BUTTON OK image found.
29-07-2024 09:28:30.544Z;functions.click_ok;  PRESS BUTTON OK
29-07-2024 09:28:34.740Z;functions.waitForImage;  PRESS BUTTON OK image found.
29-07-2024 09:28:36.888Z;functions.click_ok;  PRESS BUTTON OK
29-07-2024 09:28:38.992Z;functions.check_payment_type;  INCLUIDOS: 980616 REFERENCIAS NO PROCESSAMENTO
29-07-2024 09:28:41.095Z;functions.check_payment_type;  PASSANDO PARA PRÓXIMO REGISTRO
29-07-2024 09:28:47.200Z;functions.check_payment_type;  REF. LANÇAMENTO: 978707
29-07-2024 09:28:47.200Z;functions.check_payment_type;  CONTAGEM: 23
29-07-2024 09:28:47.306Z;functions.check_payment_type;  ENTRANDO NO REGISTRO
29-07-2024 09:28:54.537Z;functions.waitForImage;  INTEGRAÇÃO BANCÁRIA image found.
29-07-2024 09:28:56.672Z;functions.check_payment_type;  CLICA EM INTEGRAÇÃO BANCÁRIA
29-07-2024 09:28:56.672Z;functions.check_payment_type;  VERIFICANDO INFORMAÇÕES
29-07-2024 09:28:59.865Z;functions.waitForImage;  DADOS BANCARIOS image found.
29-07-2024 09:28:59.984Z;functions.check_payment_type;  DADOS BANCARIOS
29-07-2024 09:29:09.985Z;functions.check_payment_type;  ENTROU DADOS BANCÁRIOS
29-07-2024 09:29:10.088Z;functions.check_payment_type;  APERTA TAB
29-07-2024 09:29:12.219Z;functions.check_payment_type;  ESCREVE BOLETO
29-07-2024 09:29:12.443Z;functions.waitForImage;  PRESS BUTTON OK image found.
29-07-2024 09:29:14.578Z;functions.click_ok;  PRESS BUTTON OK
29-07-2024 09:29:18.771Z;functions.waitForImage;  PRESS BUTTON OK image found.
29-07-2024 09:29:20.888Z;functions.click_ok;  PRESS BUTTON OK
29-07-2024 09:29:22.992Z;functions.check_payment_type;  INCLUIDOS: 978707 REFERENCIAS NO PROCESSAMENTO
29-07-2024 09:29:25.095Z;functions.check_payment_type;  PASSANDO PARA PRÓXIMO REGISTRO
29-07-2024 09:29:31.201Z;functions.check_payment_type;  REF. LANÇAMENTO: 978710
29-07-2024 09:29:31.201Z;functions.check_payment_type;  CONTAGEM: 24
29-07-2024 09:29:31.307Z;functions.check_payment_type;  ENTRANDO NO REGISTRO
29-07-2024 09:29:37.771Z;functions.waitForImage;  INTEGRAÇÃO BANCÁRIA image found.
29-07-2024 09:29:39.888Z;functions.check_payment_type;  CLICA EM INTEGRAÇÃO BANCÁRIA
29-07-2024 09:29:39.888Z;functions.check_payment_type;  VERIFICANDO INFORMAÇÕES
29-07-2024 09:29:43.099Z;functions.waitForImage;  DADOS BANCARIOS image found.
29-07-2024 09:29:43.234Z;functions.check_payment_type;  DADOS BANCARIOS
29-07-2024 09:29:53.235Z;functions.check_payment_type;  ENTROU DADOS BANCÁRIOS
29-07-2024 09:29:53.339Z;functions.check_payment_type;  APERTA TAB
29-07-2024 09:29:55.474Z;functions.check_payment_type;  ESCREVE BOLETO
29-07-2024 09:29:55.693Z;functions.waitForImage;  PRESS BUTTON OK image found.
29-07-2024 09:29:57.828Z;functions.click_ok;  PRESS BUTTON OK
29-07-2024 09:30:01.989Z;functions.waitForImage;  PRESS BUTTON OK image found.
29-07-2024 09:30:04.106Z;functions.click_ok;  PRESS BUTTON OK
29-07-2024 09:30:06.210Z;functions.check_payment_type;  INCLUIDOS: 978710 REFERENCIAS NO PROCESSAMENTO
29-07-2024 09:30:08.313Z;functions.check_payment_type;  PASSANDO PARA PRÓXIMO REGISTRO
29-07-2024 09:30:14.419Z;functions.check_payment_type;  REF. LANÇAMENTO: 980003
29-07-2024 09:30:14.420Z;functions.check_payment_type;  CONTAGEM: 25
29-07-2024 09:30:14.525Z;functions.check_payment_type;  ENTRANDO NO REGISTRO
29-07-2024 09:30:21.724Z;functions.waitForImage;  INTEGRAÇÃO BANCÁRIA image found.
29-07-2024 09:30:23.859Z;functions.check_payment_type;  CLICA EM INTEGRAÇÃO BANCÁRIA
29-07-2024 09:30:23.859Z;functions.check_payment_type;  VERIFICANDO INFORMAÇÕES
29-07-2024 09:30:27.068Z;functions.waitForImage;  DADOS BANCARIOS image found.
29-07-2024 09:30:27.203Z;functions.check_payment_type;  DADOS BANCARIOS
29-07-2024 09:30:37.204Z;functions.check_payment_type;  ENTROU DADOS BANCÁRIOS
29-07-2024 09:30:37.307Z;functions.check_payment_type;  APERTA TAB
29-07-2024 09:30:39.441Z;functions.check_payment_type;  ESCREVE BOLETO
29-07-2024 09:30:39.646Z;functions.waitForImage;  PRESS BUTTON OK image found.
29-07-2024 09:30:41.765Z;functions.click_ok;  PRESS BUTTON OK
29-07-2024 09:30:45.958Z;functions.waitForImage;  PRESS BUTTON OK image found.
29-07-2024 09:30:48.076Z;functions.click_ok;  PRESS BUTTON OK
29-07-2024 09:30:50.181Z;functions.check_payment_type;  INCLUIDOS: 980003 REFERENCIAS NO PROCESSAMENTO
29-07-2024 09:30:52.284Z;functions.check_payment_type;  PASSANDO PARA PRÓXIMO REGISTRO
29-07-2024 09:30:58.389Z;functions.check_payment_type;  REF. LANÇAMENTO: 978794
29-07-2024 09:30:58.389Z;functions.check_payment_type;  CONTAGEM: 26
29-07-2024 09:30:58.494Z;functions.check_payment_type;  ENTRANDO NO REGISTRO
29-07-2024 09:31:04.786Z;functions.waitForImage;  INTEGRAÇÃO BANCÁRIA image found.
29-07-2024 09:31:06.919Z;functions.check_payment_type;  CLICA EM INTEGRAÇÃO BANCÁRIA
29-07-2024 09:31:06.919Z;functions.check_payment_type;  VERIFICANDO INFORMAÇÕES
29-07-2024 09:31:10.130Z;functions.waitForImage;  DADOS BANCARIOS image found.
29-07-2024 09:31:10.263Z;functions.check_payment_type;  DADOS BANCARIOS
29-07-2024 09:31:20.264Z;functions.check_payment_type;  ENTROU DADOS BANCÁRIOS
29-07-2024 09:31:20.367Z;functions.check_payment_type;  APERTA TAB
29-07-2024 09:31:22.499Z;functions.check_payment_type;  ESCREVE BOLETO
29-07-2024 09:31:22.708Z;functions.waitForImage;  PRESS BUTTON OK image found.
29-07-2024 09:31:24.825Z;functions.click_ok;  PRESS BUTTON OK
29-07-2024 09:31:29.021Z;functions.waitForImage;  PRESS BUTTON OK image found.
29-07-2024 09:31:31.140Z;functions.click_ok;  PRESS BUTTON OK
29-07-2024 09:31:33.245Z;functions.check_payment_type;  INCLUIDOS: 978794 REFERENCIAS NO PROCESSAMENTO
29-07-2024 09:31:35.347Z;functions.check_payment_type;  PASSANDO PARA PRÓXIMO REGISTRO
29-07-2024 09:31:41.452Z;functions.check_payment_type;  REF. LANÇAMENTO: 978703
29-07-2024 09:31:41.452Z;functions.check_payment_type;  CONTAGEM: 27
29-07-2024 09:31:41.558Z;functions.check_payment_type;  ENTRANDO NO REGISTRO
29-07-2024 09:31:48.709Z;functions.waitForImage;  INTEGRAÇÃO BANCÁRIA image found.
29-07-2024 09:31:50.825Z;functions.check_payment_type;  CLICA EM INTEGRAÇÃO BANCÁRIA
29-07-2024 09:31:50.825Z;functions.check_payment_type;  VERIFICANDO INFORMAÇÕES
29-07-2024 09:31:54.036Z;functions.waitForImage;  DADOS BANCARIOS image found.
29-07-2024 09:31:54.171Z;functions.check_payment_type;  DADOS BANCARIOS
29-07-2024 09:32:04.172Z;functions.check_payment_type;  ENTROU DADOS BANCÁRIOS
29-07-2024 09:32:04.275Z;functions.check_payment_type;  APERTA TAB
29-07-2024 09:32:06.385Z;functions.check_payment_type;  ESCREVE BOLETO
29-07-2024 09:32:06.599Z;functions.waitForImage;  PRESS BUTTON OK image found.
