14-03-2024 21:00:43.330Z;functions.bot_text_art;      ____   
14-03-2024 21:00:43.330Z;functions.bot_text_art;     [____]    
14-03-2024 21:00:43.330Z;functions.bot_text_art;   |=]()()[=|  
14-03-2024 21:00:43.330Z;functions.bot_text_art;     _\==/__    _____    ____     _        _____    ___   _  __
14-03-2024 21:00:43.330Z;functions.bot_text_art;   |__|   |_|  |  _  \  / ___|   | |      |_   _| / ___| | |/ /
14-03-2024 21:00:43.330Z;functions.bot_text_art;   |_|_/\_|_|  | |  | | | |      | |        | |   | |    | ' / 
14-03-2024 21:00:43.330Z;functions.bot_text_art;   | | __ | |  | |  | | | |      | |        | |   | |    |  <  
14-03-2024 21:00:43.330Z;functions.bot_text_art;   |_|[  ]|_|  | |__| | | |____  | |____   _| |_  | |__  | . \ 
14-03-2024 21:00:43.330Z;functions.bot_text_art;   \_|_||_|_/  |_____/   \_____| |______| |_____| \ ___| |_|\_\
14-03-2024 21:00:43.330Z;functions.bot_text_art;     |_||_|                                                     
14-03-2024 21:00:43.330Z;functions.bot_text_art;     | ||_|_   
14-03-2024 21:00:43.330Z;functions.bot_text_art;   |___||___|  
14-03-2024 21:00:43.330Z;functions.bot_text_art;               
14-03-2024 21:00:44.049Z;functions.open_RM;  OPEN PROGRAM RM
14-03-2024 21:01:10.923Z;functions.loggin_RM;  ENTER USER_NAME
14-03-2024 21:01:15.170Z;functions.loggin_RM;  ENTER PASSWORD
14-03-2024 21:01:16.360Z;functions.loggin_RM;  ENTER RM
14-03-2024 21:02:14.813Z;functions.enter_coligada;  CLICK CONTEXTO
14-03-2024 21:02:20.141Z;functions.enter_coligada;  CLICK COLIGADA 1
14-03-2024 21:02:22.033Z;functions.enter_coligada;  CLICK AVANÇAR
14-03-2024 21:02:24.403Z;functions.enter_coligada;  INSERE O COLIGADA CODE = 1
14-03-2024 21:02:24.544Z;functions.enter_coligada;  APERTA TAB PARA PREENCHER O CAMPO COM A STRING: OCEANICA ENGENHARIA E CONSULTORIA S.A.
14-03-2024 21:02:25.939Z;functions.enter_coligada;  CLICK AVANÇAR NOVAMENTE
14-03-2024 21:02:27.235Z;functions.enter_coligada;  CLICK CONCLUIR
14-03-2024 21:02:52.641Z;functions.enter_coligada;  POP UP COLIGADA DESAPARECER
14-03-2024 21:02:53.488Z;functions.check_movimentacao_bancaria;  CLICK - TOTVS - LINHA RM
14-03-2024 21:02:55.348Z;functions.check_movimentacao_bancaria;  CLICK - BACK OFFICE
14-03-2024 21:02:58.110Z;functions.check_movimentacao_bancaria;  CLICK - GESTAO FINANCEIRA
14-03-2024 21:03:07.609Z;functions.movimentacao_bancaria;  CLICA NA ABA MOVIMENTAÇÃO BANCARIA
14-03-2024 21:03:08.938Z;functions.waitForImage;  IMAGEM BORDERO image found.
14-03-2024 21:03:11.066Z;functions.movimentacao_bancaria;  IMAGEM BORDERO CLICADA.
14-03-2024 21:03:31.532Z;functions.waitForImage;  LICENCAS EXCEDIDAS image not found.
14-03-2024 21:03:32.219Z;functions.movimentacao_bancaria;  ENCONTROU O FILTRO DA MOVIMENTAÇÃO BANCÁRIA
14-03-2024 21:03:32.282Z;functions.movimentacao_bancaria;  CLICA NA ABA SUPERIOR DO FILTRO
14-03-2024 21:03:35.502Z;functions.movimentacao_bancaria;  SELECIONA O FILTRO HOJE
14-03-2024 21:03:40.850Z;functions.waitForImage;  FILTER CLEAN image found.
14-03-2024 21:03:42.970Z;functions.filter_clean;  CLICA NO BOTÃO X DO LIMPA FILTRO
14-03-2024 21:03:43.299Z;functions.waitForImage;  FILTER CLEAN image found.
14-03-2024 21:03:45.418Z;functions.filter_clean;  CLICA NO BOTÃO X DO LIMPA FILTRO
14-03-2024 21:04:00.964Z;functions.waitForImage;  FILTER CLEAN image not found.
14-03-2024 21:04:02.609Z;functions.movimentacao_bancaria;  CLICA NA PRIMEIRA LINHA DA TABELA MOVIMENTAÇÃO BANCÁRIA
14-03-2024 21:04:03.861Z;functions.movimentacao_bancaria;  12 PASSOS PARA DIREITA NA TABELA >>
14-03-2024 21:04:05.812Z;functions.movimentacao_bancaria;  HOVER FILTER
14-03-2024 21:04:06.250Z;functions.movimentacao_bancaria;  CLICK FILTER
14-03-2024 21:04:10.577Z;functions.movimentacao_bancaria;  CLICA NO FILTRO  STATUS DA REMESSA
14-03-2024 21:04:12.680Z;functions.movimentacao_bancaria;  APERTA TAB PARA ESCREVER O FILTRO
14-03-2024 21:04:14.794Z;functions.movimentacao_bancaria;  ESCREVE PENDENTE NO FILTRO
14-03-2024 21:04:16.897Z;functions.movimentacao_bancaria;  APERTA ENTER PARA SELECIONAR OS PENDENTES
14-03-2024 21:04:39.765Z;functions.movimentacao_bancaria;  SEM PROCESSAMENTO DE BORDERO PENDENTE
14-03-2024 21:04:50.157Z;functions.waitForImage;  FILTER CLEAN image found.
14-03-2024 21:04:52.284Z;functions.filter_clean;  CLICA NO BOTÃO X DO LIMPA FILTRO
14-03-2024 21:05:07.702Z;functions.waitForImage;  FILTER CLEAN image not found.
14-03-2024 21:05:23.266Z;functions.waitForImage;  FILTER CLEAN image not found.
14-03-2024 21:05:24.890Z;functions.processo_pagamento;  CLICA NA PRIMEIRA LINHA DA TABELA MOVIMENTAÇÃO BANCÁRIA
14-03-2024 21:05:26.749Z;functions.processo_pagamento;  HOVER FILTER
14-03-2024 21:05:27.236Z;functions.processo_pagamento;  CLICK FILTER
14-03-2024 21:05:31.567Z;functions.processo_pagamento;  CLICA NO FILTRO  STATUS DA REMESSA
14-03-2024 21:05:33.670Z;functions.processo_pagamento;  APERTA TAB PARA ESCREVER O FILTRO
14-03-2024 21:05:35.790Z;functions.processo_pagamento;  ESCREVE AUTORIZADO NO FILTRO
14-03-2024 21:05:37.892Z;functions.processo_pagamento;  APERTA ENTER PARA SELECIONAR OS AUTORIZADOS
14-03-2024 21:06:00.437Z;functions.processo_pagamento;  SEM REMESSA DE BORDERO AUTORIZADO
14-03-2024 21:06:01.542Z;functions.processo_pagamento;  FECHA ABA MOVIMENTAÇÕES BANCÁRIAS
14-03-2024 21:06:03.375Z;functions.enter_contas_a_pagar;  CLICK - TOTVS - LINHA RM
14-03-2024 21:06:04.921Z;functions.enter_contas_a_pagar;  CLICK - BACK OFFICE
14-03-2024 21:06:07.672Z;functions.enter_contas_a_pagar;  CLICK - GESTAO FINANCEIRA
14-03-2024 21:06:14.594Z;functions.enter_contas_a_pagar;  CLICK - CONTAS A PAGAR
14-03-2024 21:06:15.874Z;functions.waitForImage;  LANÇAMENTOS image found.
14-03-2024 21:06:18.004Z;functions.enter_contas_a_pagar;  CLICA EM LANÇAMENTOS
14-03-2024 21:06:33.685Z;functions.waitForImage;  LICENCAS EXCEDIDAS image not found.
14-03-2024 21:06:33.690Z;functions.obter_intervalo_data;  Data Inicial BANCARIA antes da remoção: None
14-03-2024 21:06:33.690Z;functions.obter_intervalo_data;  Data Final BANCARIA antes da remoção: None
14-03-2024 21:06:33.692Z;functions.obter_intervalo_data;  Data Inicial BANCARIA após a remoção: None
14-03-2024 21:06:33.692Z;functions.obter_intervalo_data;  Data Final BANCARIA após a remoção: None
14-03-2024 21:06:33.693Z;functions.obter_intervalo_data;  hoje -  2024-03-14 21:06:33.693591
14-03-2024 21:06:33.693Z;functions.data_filter;  DATA INICIO 20-03-2024
14-03-2024 21:06:33.693Z;functions.data_filter;  DATA FIM 26-03-2024
14-03-2024 21:06:33.693Z;functions.data_filter;  CLICK - SELECIONA A DATA DE QUARTA FEIRA E DA PROXIMA TERÇA
14-03-2024 21:06:33.694Z;functions.data_filter;  QUARTA-FEIRA: 20-03-2024
14-03-2024 21:06:33.694Z;functions.data_filter;  TERCA-FEIRA: 26-03-2024
14-03-2024 21:06:36.550Z;functions.data_filter;  ESCREVE REMESSA BANCÁRIA NO FILTRO
14-03-2024 21:06:37.827Z;functions.data_filter;  CLICK - BOTAO DE SELECAO DE FILTRO
14-03-2024 21:06:42.266Z;functions.data_filter;  INSERE - DATA DE QUARTA-FEIRA: 20-03-2024
14-03-2024 21:06:46.265Z;functions.data_filter;  INSERE - DATA DA PROX TERCA-FEIRA: 26-03-2024
14-03-2024 21:06:47.186Z;functions.data_filter;  CLICK - BOTAO DE EXECUTAR O FILTRO
14-03-2024 21:09:23.201Z;functions.desmark_filter;  CLICK CHECKBOX LANÇAMENTOS A RECEBER
14-03-2024 21:09:25.122Z;functions.desmark_filter;  CLICK CHECKBOX LANÇAMENTOS BAIXADOS
14-03-2024 21:09:26.998Z;functions.desmark_filter;  CLICK CHECKBOX LANÇAMENTOS CANCELADOS
14-03-2024 21:09:29.029Z;functions.desmark_filter;  CLICK CHECKBOX LANÇAMENTOS FATURADOS
14-03-2024 21:09:31.155Z;functions.desmark_filter;  CLICK CHECKBOX LANÇAMENTOS FATURADOS
14-03-2024 21:09:51.732Z;functions.waitForImage;  FILTER CLEAN image not found.
14-03-2024 21:10:07.386Z;functions.waitForImage;  FILTER CLEAN image not found.
14-03-2024 21:10:22.841Z;functions.waitForImage;  FILTER CLEAN image not found.
14-03-2024 21:10:22.841Z;functions.check_table_record;  VERIFICANDO SE A TABELA ESTÁ VAZIA
14-03-2024 21:10:25.155Z;functions.check_table_record;  Texto extraido 1/88
14-03-2024 21:10:25.155Z;functions.check_table_record;  Count 88
14-03-2024 21:10:25.155Z;functions.check_table_record;  Type <class 'int'>
14-03-2024 21:10:25.155Z;functions.check_table_record;  TABELA CONTÉM REGISTROS
14-03-2024 21:10:36.905Z;functions.select_tipo_documento;  NOME DA COLUNA: Tipo de Documento
14-03-2024 21:10:38.685Z;functions.select_tipo_documento;  HOVER NOME DA COLUNA: Tipo de Documento
14-03-2024 21:10:39.444Z;functions.select_tipo_documento;  CLICA NO FILTRO PERSONALIZAR
14-03-2024 21:10:40.842Z;functions.select_tipo_documento;  CLICA PARA SELECIONAR OPÇÕES DO FILTRO
14-03-2024 21:10:48.138Z;functions.select_tipo_documento;  CLICK BUTTON CONFIRMAR FILTRO
14-03-2024 21:10:53.143Z;functions.filter_IPTE;  VERIFICANDO O COD DO CLIENTE EM CADA REGISTRO
14-03-2024 21:10:54.485Z;functions.filter_IPTE;  CLICA NA PRIMEIRA LINHA DA TABELA
14-03-2024 21:11:17.778Z;functions.filter_IPTE;  HOVER FILTER
14-03-2024 21:11:19.414Z;functions.filter_IPTE;  CLICK FILTER
14-03-2024 21:11:23.743Z;functions.filter_IPTE;  CLICA NO FILTRO PERSONALIZAR
14-03-2024 21:11:46.375Z;functions.show_exception_and_exit;  'NoneType' object has no attribute 'click'
Traceback (most recent call last):
  File "C:\Projetos_Remessas\Remessa_Bancaria\main.py", line 35, in <module>
    filter_IPTE()
  File "C:\Projetos_Remessas\Remessa_Bancaria\SUBPROGRAMS\functions.py", line 378, in filter_IPTE
    caixa_selecao.click()
    ^^^^^^^^^^^^^^^^^^^
AttributeError: 'NoneType' object has no attribute 'click'
14-03-2024 21:11:46.794Z;functions.show_exception_and_exit;  PRINT SALVO
14-03-2024 21:11:47.145Z;functions.show_exception_and_exit;  RM FECHADO
14-03-2024 21:11:49.966Z;errorhandler.__handle;  Property: Unknown Property name. [1:203: -ms-interpolation-mode]
14-03-2024 21:11:50.013Z;errorhandler.__handle;  Property: Unknown Property name. [1:353: -webkit-font-smoothing]
14-03-2024 21:11:50.028Z;errorhandler.__handle;  Property: Unknown Property name. [1:483: -ms-text-size-adjust]
14-03-2024 21:11:50.028Z;errorhandler.__handle;  Property: Unknown Property name. [1:518: -webkit-text-size-adjust]
14-03-2024 21:11:50.028Z;errorhandler.__handle;  Property: Unknown Property name. [1:612: mso-table-lspace]
14-03-2024 21:11:50.028Z;errorhandler.__handle;  Property: Unknown Property name. [1:642: mso-table-rspace]
14-03-2024 21:11:50.263Z;errorhandler.__handle;  Property: Unknown Property name. [1:4734: mso-hide]
14-03-2024 21:11:50.372Z;errorhandler.__handle;  Property: Unknown Property name. [1:13: -ms-interpolation-mode]
14-03-2024 21:11:50.372Z;errorhandler.__handle;  Property: Unknown Property name. [1:49: -webkit-font-smoothing]
14-03-2024 21:11:50.372Z;errorhandler.__handle;  Property: Unknown Property name. [1:134: -ms-text-size-adjust]
14-03-2024 21:11:50.372Z;errorhandler.__handle;  Property: Unknown Property name. [1:160: -webkit-text-size-adjust]
14-03-2024 21:11:50.387Z;errorhandler.__handle;  Property: Unknown Property name. [1:26: mso-table-lspace]
14-03-2024 21:11:50.387Z;errorhandler.__handle;  Property: Unknown Property name. [1:45: mso-table-rspace]
14-03-2024 21:11:50.419Z;errorhandler.__handle;  Property: Unknown Property name. [1:92: mso-hide]
14-03-2024 21:11:50.434Z;errorhandler.__handle;  Property: No ":" after name found: align-center [1:1: align-center]
14-03-2024 21:11:50.434Z;errorhandler.__handle;  Property: No property value found: align-center [1:1: align-center]
14-03-2024 21:11:50.434Z;errorhandler.__handle;  CSSStyleDeclaration: Syntax Error in Property: align-center
14-03-2024 21:11:50.434Z;errorhandler.__handle;  Property: Unknown Property name. [1:14: -ms-interpolation-mode]
14-03-2024 21:11:53.253Z;functions.show_exception_and_exit;  EMAIL EXCEÇÃO ENVIADO
14-03-2024 21:11:53.253Z;functions.show_exception_and_exit;  ERRO - <class 'AttributeError'> / 'NoneType' object has no attribute 'click'
