14-03-2024 21:13:41.528Z;functions.bot_text_art;      ____   
14-03-2024 21:13:41.528Z;functions.bot_text_art;     [____]    
14-03-2024 21:13:41.528Z;functions.bot_text_art;   |=]()()[=|  
14-03-2024 21:13:41.543Z;functions.bot_text_art;     _\==/__    _____    ____     _        _____    ___   _  __
14-03-2024 21:13:41.543Z;functions.bot_text_art;   |__|   |_|  |  _  \  / ___|   | |      |_   _| / ___| | |/ /
14-03-2024 21:13:41.543Z;functions.bot_text_art;   |_|_/\_|_|  | |  | | | |      | |        | |   | |    | ' / 
14-03-2024 21:13:41.543Z;functions.bot_text_art;   | | __ | |  | |  | | | |      | |        | |   | |    |  <  
14-03-2024 21:13:41.543Z;functions.bot_text_art;   |_|[  ]|_|  | |__| | | |____  | |____   _| |_  | |__  | . \ 
14-03-2024 21:13:41.543Z;functions.bot_text_art;   \_|_||_|_/  |_____/   \_____| |______| |_____| \ ___| |_|\_\
14-03-2024 21:13:41.543Z;functions.bot_text_art;     |_||_|                                                     
14-03-2024 21:13:41.543Z;functions.bot_text_art;     | ||_|_   
14-03-2024 21:13:41.543Z;functions.bot_text_art;   |___||___|  
14-03-2024 21:13:41.543Z;functions.bot_text_art;               
14-03-2024 21:13:41.543Z;functions.open_RM;  OPEN PROGRAM RM
14-03-2024 21:14:00.575Z;functions.loggin_RM;  ENTER USER_NAME
14-03-2024 21:14:05.012Z;functions.loggin_RM;  ENTER PASSWORD
14-03-2024 21:14:06.216Z;functions.loggin_RM;  ENTER RM
14-03-2024 21:15:16.199Z;functions.enter_coligada;  CLICK CONTEXTO
14-03-2024 21:15:21.667Z;functions.enter_coligada;  CLICK COLIGADA 1
14-03-2024 21:15:24.620Z;functions.enter_coligada;  CLICK AVANÇAR
14-03-2024 21:15:27.853Z;functions.enter_coligada;  INSERE O COLIGADA CODE = 1
14-03-2024 21:15:27.972Z;functions.enter_coligada;  APERTA TAB PARA PREENCHER O CAMPO COM A STRING: OCEANICA ENGENHARIA E CONSULTORIA S.A.
14-03-2024 21:15:30.527Z;functions.enter_coligada;  CLICK AVANÇAR NOVAMENTE
14-03-2024 21:15:32.873Z;functions.enter_coligada;  CLICK CONCLUIR
14-03-2024 21:16:08.480Z;functions.enter_coligada;  POP UP COLIGADA DESAPARECER
14-03-2024 21:16:09.309Z;functions.check_movimentacao_bancaria;  CLICK - TOTVS - LINHA RM
14-03-2024 21:16:11.237Z;functions.check_movimentacao_bancaria;  CLICK - BACK OFFICE
14-03-2024 21:16:14.043Z;functions.check_movimentacao_bancaria;  CLICK - GESTAO FINANCEIRA
14-03-2024 21:16:29.137Z;functions.movimentacao_bancaria;  CLICA NA ABA MOVIMENTAÇÃO BANCARIA
14-03-2024 21:16:30.558Z;functions.waitForImage;  IMAGEM BORDERO image found.
14-03-2024 21:16:32.677Z;functions.movimentacao_bancaria;  IMAGEM BORDERO CLICADA.
14-03-2024 21:16:52.906Z;functions.waitForImage;  LICENCAS EXCEDIDAS image not found.
14-03-2024 21:16:53.573Z;functions.movimentacao_bancaria;  ENCONTROU O FILTRO DA MOVIMENTAÇÃO BANCÁRIA
14-03-2024 21:16:53.620Z;functions.movimentacao_bancaria;  CLICA NA ABA SUPERIOR DO FILTRO
14-03-2024 21:16:56.834Z;functions.movimentacao_bancaria;  SELECIONA O FILTRO HOJE
14-03-2024 21:17:06.308Z;functions.waitForImage;  FILTER CLEAN image found.
14-03-2024 21:17:08.437Z;functions.filter_clean;  CLICA NO BOTÃO X DO LIMPA FILTRO
14-03-2024 21:17:08.775Z;functions.waitForImage;  FILTER CLEAN image found.
14-03-2024 21:17:10.894Z;functions.filter_clean;  CLICA NO BOTÃO X DO LIMPA FILTRO
14-03-2024 21:17:26.463Z;functions.waitForImage;  FILTER CLEAN image not found.
14-03-2024 21:17:27.870Z;functions.movimentacao_bancaria;  CLICA NA PRIMEIRA LINHA DA TABELA MOVIMENTAÇÃO BANCÁRIA
14-03-2024 21:17:29.098Z;functions.movimentacao_bancaria;  12 PASSOS PARA DIREITA NA TABELA >>
14-03-2024 21:17:31.010Z;functions.movimentacao_bancaria;  HOVER FILTER
14-03-2024 21:17:31.472Z;functions.movimentacao_bancaria;  CLICK FILTER
14-03-2024 21:17:35.801Z;functions.movimentacao_bancaria;  CLICA NO FILTRO  STATUS DA REMESSA
14-03-2024 21:17:37.903Z;functions.movimentacao_bancaria;  APERTA TAB PARA ESCREVER O FILTRO
14-03-2024 21:17:40.017Z;functions.movimentacao_bancaria;  ESCREVE PENDENTE NO FILTRO
14-03-2024 21:17:42.120Z;functions.movimentacao_bancaria;  APERTA ENTER PARA SELECIONAR OS PENDENTES
14-03-2024 21:18:04.730Z;functions.movimentacao_bancaria;  SEM PROCESSAMENTO DE BORDERO PENDENTE
14-03-2024 21:18:15.089Z;functions.waitForImage;  FILTER CLEAN image found.
14-03-2024 21:18:17.211Z;functions.filter_clean;  CLICA NO BOTÃO X DO LIMPA FILTRO
14-03-2024 21:18:32.750Z;functions.waitForImage;  FILTER CLEAN image not found.
14-03-2024 21:18:48.273Z;functions.waitForImage;  FILTER CLEAN image not found.
14-03-2024 21:18:49.901Z;functions.processo_pagamento;  CLICA NA PRIMEIRA LINHA DA TABELA MOVIMENTAÇÃO BANCÁRIA
14-03-2024 21:18:51.762Z;functions.processo_pagamento;  HOVER FILTER
14-03-2024 21:18:52.228Z;functions.processo_pagamento;  CLICK FILTER
14-03-2024 21:18:56.561Z;functions.processo_pagamento;  CLICA NO FILTRO  STATUS DA REMESSA
14-03-2024 21:18:58.663Z;functions.processo_pagamento;  APERTA TAB PARA ESCREVER O FILTRO
14-03-2024 21:19:00.781Z;functions.processo_pagamento;  ESCREVE AUTORIZADO NO FILTRO
14-03-2024 21:19:02.887Z;functions.processo_pagamento;  APERTA ENTER PARA SELECIONAR OS AUTORIZADOS
14-03-2024 21:19:25.494Z;functions.processo_pagamento;  SEM REMESSA DE BORDERO AUTORIZADO
14-03-2024 21:19:26.601Z;functions.processo_pagamento;  FECHA ABA MOVIMENTAÇÕES BANCÁRIAS
14-03-2024 21:19:29.433Z;functions.enter_contas_a_pagar;  CLICK - TOTVS - LINHA RM
14-03-2024 21:19:31.058Z;functions.enter_contas_a_pagar;  CLICK - BACK OFFICE
14-03-2024 21:19:33.824Z;functions.enter_contas_a_pagar;  CLICK - GESTAO FINANCEIRA
14-03-2024 21:20:03.884Z;functions.enter_contas_a_pagar;  CLICK - CONTAS A PAGAR
14-03-2024 21:20:05.151Z;functions.waitForImage;  LANÇAMENTOS image found.
14-03-2024 21:20:07.285Z;functions.enter_contas_a_pagar;  CLICA EM LANÇAMENTOS
14-03-2024 21:20:22.557Z;functions.waitForImage;  LICENCAS EXCEDIDAS image not found.
14-03-2024 21:20:22.572Z;functions.obter_intervalo_data;  Data Inicial BANCARIA antes da remoção: None
14-03-2024 21:20:22.572Z;functions.obter_intervalo_data;  Data Final BANCARIA antes da remoção: None
14-03-2024 21:20:22.572Z;functions.obter_intervalo_data;  Data Inicial BANCARIA após a remoção: None
14-03-2024 21:20:22.572Z;functions.obter_intervalo_data;  Data Final BANCARIA após a remoção: None
14-03-2024 21:20:22.572Z;functions.obter_intervalo_data;  hoje -  2024-03-14 21:20:22.572929
14-03-2024 21:20:22.572Z;functions.data_filter;  DATA INICIO 20-03-2024
14-03-2024 21:20:22.572Z;functions.data_filter;  DATA FIM 26-03-2024
14-03-2024 21:20:22.572Z;functions.data_filter;  CLICK - SELECIONA A DATA DE QUARTA FEIRA E DA PROXIMA TERÇA
14-03-2024 21:20:22.572Z;functions.data_filter;  QUARTA-FEIRA: 20-03-2024
14-03-2024 21:20:22.572Z;functions.data_filter;  TERCA-FEIRA: 26-03-2024
14-03-2024 21:20:25.455Z;functions.data_filter;  ESCREVE REMESSA BANCÁRIA NO FILTRO
14-03-2024 21:20:28.791Z;functions.data_filter;  CLICK - BOTAO DE SELECAO DE FILTRO
14-03-2024 21:20:33.386Z;functions.data_filter;  INSERE - DATA DE QUARTA-FEIRA: 20-03-2024
14-03-2024 21:20:37.416Z;functions.data_filter;  INSERE - DATA DA PROX TERCA-FEIRA: 26-03-2024
14-03-2024 21:20:38.322Z;functions.data_filter;  CLICK - BOTAO DE EXECUTAR O FILTRO
14-03-2024 21:23:01.681Z;functions.desmark_filter;  CLICK CHECKBOX LANÇAMENTOS A RECEBER
14-03-2024 21:23:03.448Z;functions.desmark_filter;  CLICK CHECKBOX LANÇAMENTOS BAIXADOS
14-03-2024 21:23:05.306Z;functions.desmark_filter;  CLICK CHECKBOX LANÇAMENTOS CANCELADOS
14-03-2024 21:23:07.281Z;functions.desmark_filter;  CLICK CHECKBOX LANÇAMENTOS FATURADOS
14-03-2024 21:23:09.446Z;functions.desmark_filter;  CLICK CHECKBOX LANÇAMENTOS FATURADOS
14-03-2024 21:23:29.587Z;functions.waitForImage;  FILTER CLEAN image not found.
14-03-2024 21:23:45.294Z;functions.waitForImage;  FILTER CLEAN image not found.
14-03-2024 21:24:01.139Z;functions.waitForImage;  FILTER CLEAN image not found.
14-03-2024 21:24:01.139Z;functions.check_table_record;  VERIFICANDO SE A TABELA ESTÁ VAZIA
14-03-2024 21:24:03.493Z;functions.check_table_record;  Texto extraido 1/89
14-03-2024 21:24:03.493Z;functions.check_table_record;  Count 89
14-03-2024 21:24:03.493Z;functions.check_table_record;  Type <class 'int'>
14-03-2024 21:24:03.493Z;functions.check_table_record;  TABELA CONTÉM REGISTROS
14-03-2024 21:24:15.244Z;functions.select_tipo_documento;  NOME DA COLUNA: Tipo de Documento
14-03-2024 21:24:17.073Z;functions.select_tipo_documento;  HOVER NOME DA COLUNA: Tipo de Documento
14-03-2024 21:24:17.817Z;functions.select_tipo_documento;  CLICA NO FILTRO PERSONALIZAR
14-03-2024 21:24:19.258Z;functions.select_tipo_documento;  CLICA PARA SELECIONAR OPÇÕES DO FILTRO
14-03-2024 21:24:26.556Z;functions.select_tipo_documento;  CLICK BUTTON CONFIRMAR FILTRO
14-03-2024 21:24:31.560Z;functions.filter_IPTE;  VERIFICANDO O COD DO CLIENTE EM CADA REGISTRO
14-03-2024 21:24:32.963Z;functions.filter_IPTE;  CLICA NA PRIMEIRA LINHA DA TABELA
14-03-2024 21:24:56.304Z;functions.filter_IPTE;  HOVER FILTER
14-03-2024 21:24:57.976Z;functions.filter_IPTE;  CLICK FILTER
14-03-2024 21:25:02.308Z;functions.filter_IPTE;  CLICA NO FILTRO PERSONALIZAR
14-03-2024 21:25:11.136Z;functions.check_table_record;  VERIFICANDO SE A TABELA ESTÁ VAZIA
14-03-2024 21:25:13.384Z;functions.check_table_record;  Texto extraido 1/1
14-03-2024 21:25:13.384Z;functions.check_table_record;  Count 1
14-03-2024 21:25:13.384Z;functions.check_table_record;  Type <class 'int'>
14-03-2024 21:25:13.384Z;functions.check_table_record;  TABELA CONTÉM REGISTROS
14-03-2024 21:25:19.633Z;functions.select_all_func;  SELECIONA TODOS OS REGISTROS
14-03-2024 21:25:19.633Z;functions.check_payment_type;  VERIFICANDO O COD DO CLIENTE EM CADA REGISTRO
14-03-2024 21:25:20.962Z;functions.check_payment_type;  CLICA NA PRIMEIRA LINHA DA TABELA
14-03-2024 21:25:29.078Z;functions.check_payment_type;  REF. LANÇAMENTO: 929918
14-03-2024 21:25:29.184Z;functions.check_payment_type;  ENTRANDO NO REGISTRO
14-03-2024 21:25:51.492Z;functions.waitForImage;  INTEGRAÇÃO BANCÁRIA image not found.
14-03-2024 21:25:51.508Z;functions.check_payment_type;  VERIFICANDO INFORMAÇÕES
14-03-2024 21:26:25.071Z;functions.waitForImage;  DADOS BANCARIOS image not found.
14-03-2024 21:26:27.961Z;functions.waitForImage;  DADOS BANCARIOS 2 image found.
14-03-2024 21:26:28.079Z;functions.check_payment_type;  CLICK EM INTEGRAÇÃO BANCÁRIA
14-03-2024 21:26:30.080Z;functions.check_payment_type;  ENTROU DADOS BANCÁRIOS
14-03-2024 21:26:30.183Z;functions.check_payment_type;  APERTA TAB
14-03-2024 21:26:32.286Z;functions.check_payment_type;  CTRL C
14-03-2024 21:26:50.881Z;functions.waitForImage;  FORMA DE PAGAMENTO image not found.
14-03-2024 21:26:50.881Z;functions.check_payment_type;  FORMA DE PAGAMENTO NÃO É BOLETO
14-03-2024 21:27:10.196Z;functions.waitForImage;  PRESS BUTTON OK image found.
14-03-2024 21:27:12.323Z;functions.check_payment_type;  PRESS BUTTON OK
14-03-2024 21:27:24.956Z;functions.waitForImage;  PRESS BUTTON OK 2 image not found.
14-03-2024 21:27:27.063Z;functions.check_payment_type;  PASSANDO PARA PRÓXIMO REGISTRO
14-03-2024 21:29:04.288Z;functions.show_exception_and_exit;  'NoneType' object has no attribute 'click'
Traceback (most recent call last):
  File "C:\Projetos_Remessas\Remessa_Bancaria\main.py", line 159, in <module>
    result = process_lancamentos()
             ^^^^^^^^^^^^^^^^^^^^^
  File "C:\Projetos_Remessas\Remessa_Bancaria\SUBPROGRAMS\functions.py", line 600, in process_lancamentos
    click_combo.click()
    ^^^^^^^^^^^^^^^^^
AttributeError: 'NoneType' object has no attribute 'click'
14-03-2024 21:29:04.681Z;functions.show_exception_and_exit;  PRINT SALVO
14-03-2024 21:29:05.131Z;functions.show_exception_and_exit;  RM FECHADO
14-03-2024 21:29:07.991Z;errorhandler.__handle;  Property: Unknown Property name. [1:203: -ms-interpolation-mode]
14-03-2024 21:29:08.038Z;errorhandler.__handle;  Property: Unknown Property name. [1:353: -webkit-font-smoothing]
14-03-2024 21:29:08.053Z;errorhandler.__handle;  Property: Unknown Property name. [1:483: -ms-text-size-adjust]
14-03-2024 21:29:08.053Z;errorhandler.__handle;  Property: Unknown Property name. [1:518: -webkit-text-size-adjust]
14-03-2024 21:29:08.053Z;errorhandler.__handle;  Property: Unknown Property name. [1:612: mso-table-lspace]
14-03-2024 21:29:08.053Z;errorhandler.__handle;  Property: Unknown Property name. [1:642: mso-table-rspace]
14-03-2024 21:29:08.277Z;errorhandler.__handle;  Property: Unknown Property name. [1:4734: mso-hide]
14-03-2024 21:29:08.382Z;errorhandler.__handle;  Property: Unknown Property name. [1:13: -ms-interpolation-mode]
14-03-2024 21:29:08.382Z;errorhandler.__handle;  Property: Unknown Property name. [1:49: -webkit-font-smoothing]
14-03-2024 21:29:08.382Z;errorhandler.__handle;  Property: Unknown Property name. [1:134: -ms-text-size-adjust]
14-03-2024 21:29:08.382Z;errorhandler.__handle;  Property: Unknown Property name. [1:160: -webkit-text-size-adjust]
14-03-2024 21:29:08.382Z;errorhandler.__handle;  Property: Unknown Property name. [1:26: mso-table-lspace]
14-03-2024 21:29:08.382Z;errorhandler.__handle;  Property: Unknown Property name. [1:45: mso-table-rspace]
14-03-2024 21:29:08.429Z;errorhandler.__handle;  Property: Unknown Property name. [1:92: mso-hide]
14-03-2024 21:29:08.444Z;errorhandler.__handle;  Property: No ":" after name found: align-center [1:1: align-center]
14-03-2024 21:29:08.444Z;errorhandler.__handle;  Property: No property value found: align-center [1:1: align-center]
14-03-2024 21:29:08.444Z;errorhandler.__handle;  CSSStyleDeclaration: Syntax Error in Property: align-center
14-03-2024 21:29:08.444Z;errorhandler.__handle;  Property: Unknown Property name. [1:14: -ms-interpolation-mode]
14-03-2024 21:29:11.351Z;functions.show_exception_and_exit;  EMAIL EXCEÇÃO ENVIADO
14-03-2024 21:29:11.351Z;functions.show_exception_and_exit;  ERRO - <class 'AttributeError'> / 'NoneType' object has no attribute 'click'
