12-04-2024 07:00:18.576Z;functions.bot_text_art;      ____   
12-04-2024 07:00:18.576Z;functions.bot_text_art;     [____]    
12-04-2024 07:00:18.576Z;functions.bot_text_art;   |=]()()[=|  
12-04-2024 07:00:18.576Z;functions.bot_text_art;     _\==/__    _____    ____     _        _____    ___   _  __
12-04-2024 07:00:18.576Z;functions.bot_text_art;   |__|   |_|  |  _  \  / ___|   | |      |_   _| / ___| | |/ /
12-04-2024 07:00:18.576Z;functions.bot_text_art;   |_|_/\_|_|  | |  | | | |      | |        | |   | |    | ' / 
12-04-2024 07:00:18.576Z;functions.bot_text_art;   | | __ | |  | |  | | | |      | |        | |   | |    |  <  
12-04-2024 07:00:18.576Z;functions.bot_text_art;   |_|[  ]|_|  | |__| | | |____  | |____   _| |_  | |__  | . \ 
12-04-2024 07:00:18.592Z;functions.bot_text_art;   \_|_||_|_/  |_____/   \_____| |______| |_____| \ ___| |_|\_\
12-04-2024 07:00:18.592Z;functions.bot_text_art;     |_||_|                                                     
12-04-2024 07:00:18.592Z;functions.bot_text_art;     | ||_|_   
12-04-2024 07:00:18.592Z;functions.bot_text_art;   |___||___|  
12-04-2024 07:00:18.592Z;functions.bot_text_art;               
12-04-2024 07:00:18.592Z;functions.open_RM;  OPEN PROGRAM RM
12-04-2024 07:00:30.186Z;functions.loggin_RM;  ENTER USER_NAME
12-04-2024 07:00:34.061Z;functions.loggin_RM;  ENTER PASSWORD
12-04-2024 07:00:34.760Z;functions.loggin_RM;  ENTER RM
12-04-2024 07:01:44.827Z;functions.enter_coligada;  CLICK CONTEXTO
12-04-2024 07:02:02.373Z;functions.show_exception_and_exit;  'NoneType' object has no attribute 'click'
Traceback (most recent call last):
  File "C:\Projetos_Remessas\Remessa_Bancaria\main.py", line 14, in <module>
    enter_coligada()
  File "C:\Projetos_Remessas\Remessa_Bancaria\SUBPROGRAMS\functions.py", line 110, in enter_coligada
    click_alterar_contexto.click()
    ^^^^^^^^^^^^^^^^^^^^^^^^^^^^
AttributeError: 'NoneType' object has no attribute 'click'
12-04-2024 07:02:02.545Z;functions.show_exception_and_exit;  PRINT SALVO
12-04-2024 07:02:02.639Z;functions.show_exception_and_exit;  RM FECHADO
12-04-2024 07:02:04.139Z;errorhandler.__handle;  Property: Unknown Property name. [1:203: -ms-interpolation-mode]
12-04-2024 07:02:04.139Z;errorhandler.__handle;  Property: Unknown Property name. [1:353: -webkit-font-smoothing]
12-04-2024 07:02:04.139Z;errorhandler.__handle;  Property: Unknown Property name. [1:483: -ms-text-size-adjust]
12-04-2024 07:02:04.139Z;errorhandler.__handle;  Property: Unknown Property name. [1:518: -webkit-text-size-adjust]
12-04-2024 07:02:04.155Z;errorhandler.__handle;  Property: Unknown Property name. [1:612: mso-table-lspace]
12-04-2024 07:02:04.155Z;errorhandler.__handle;  Property: Unknown Property name. [1:642: mso-table-rspace]
12-04-2024 07:02:04.186Z;errorhandler.__handle;  Property: Unknown Property name. [1:4734: mso-hide]
12-04-2024 07:02:04.217Z;errorhandler.__handle;  Property: Unknown Property name. [1:13: -ms-interpolation-mode]
12-04-2024 07:02:04.217Z;errorhandler.__handle;  Property: Unknown Property name. [1:49: -webkit-font-smoothing]
12-04-2024 07:02:04.217Z;errorhandler.__handle;  Property: Unknown Property name. [1:134: -ms-text-size-adjust]
12-04-2024 07:02:04.217Z;errorhandler.__handle;  Property: Unknown Property name. [1:160: -webkit-text-size-adjust]
12-04-2024 07:02:04.217Z;errorhandler.__handle;  Property: Unknown Property name. [1:26: mso-table-lspace]
12-04-2024 07:02:04.217Z;errorhandler.__handle;  Property: Unknown Property name. [1:45: mso-table-rspace]
12-04-2024 07:02:04.233Z;errorhandler.__handle;  Property: Unknown Property name. [1:92: mso-hide]
12-04-2024 07:02:04.233Z;errorhandler.__handle;  Property: No ":" after name found: align-center [1:1: align-center]
12-04-2024 07:02:04.233Z;errorhandler.__handle;  Property: No property value found: align-center [1:1: align-center]
12-04-2024 07:02:04.233Z;errorhandler.__handle;  CSSStyleDeclaration: Syntax Error in Property: align-center
12-04-2024 07:02:04.233Z;errorhandler.__handle;  Property: Unknown Property name. [1:14: -ms-interpolation-mode]
12-04-2024 07:02:06.827Z;functions.show_exception_and_exit;  EMAIL EXCEÇÃO ENVIADO
12-04-2024 07:02:06.827Z;functions.show_exception_and_exit;  ERRO - <class 'AttributeError'> / 'NoneType' object has no attribute 'click'
