21-03-2024 16:30:07.981Z;functions.open_RM;  OPEN PROGRAM RM
21-03-2024 16:30:23.085Z;functions.loggin_RM;  ENTER USER_NAME
21-03-2024 16:30:27.650Z;functions.loggin_RM;  ENTER PASSWORD
21-03-2024 16:30:28.975Z;functions.loggin_RM;  ENTER RM
21-03-2024 16:31:11.319Z;functions.enter_coligada;  CLICK CONTEXTO
21-03-2024 16:31:16.631Z;functions.enter_coligada;  CLICK ALTERAR MODULO DO CONTEXTO
21-03-2024 16:31:21.137Z;functions.enter_coligada;  INSERE O COLIGADA CODE = 1
21-03-2024 16:31:21.283Z;functions.enter_coligada;  APERTA TAB PARA PREENCHER O CAMPO COM A STRING: OCEANICA ENGENHARIA E CONSULTORIA S.A.
21-03-2024 16:31:23.100Z;functions.enter_coligada;  CLICK AVANÇAR NOVAMENTE
21-03-2024 16:31:24.600Z;functions.enter_coligada;  CLICK CONCLUIR
21-03-2024 16:31:51.272Z;functions.enter_coligada;  POP UP COLIGADA DESAPARECER
21-03-2024 16:31:52.194Z;functions.check_movimentacao_bancaria;  CLICK - TOTVS - LINHA RM
21-03-2024 16:31:54.349Z;functions.check_movimentacao_bancaria;  CLICK - BACK OFFICE
21-03-2024 16:31:55.412Z;functions.check_movimentacao_bancaria;  CLICK - GESTAO FINANCEIRA
21-03-2024 16:32:03.974Z;functions.movimentacao_bancaria;  CLICA NA ABA MOVIMENTAÇÃO BANCARIA
21-03-2024 16:32:05.534Z;functions.waitForImage;  IMAGEM BORDERO image found.
21-03-2024 16:32:07.671Z;functions.movimentacao_bancaria;  IMAGEM BORDERO CLICADA.
21-03-2024 16:32:10.198Z;functions.waitForImage;  LICENCAS EXCEDIDAS image found.
21-03-2024 16:32:10.200Z;functions.movimentacao_bancaria;  LICENCAS EXCEDIDAS
21-03-2024 16:32:10.202Z;functions.movimentacao_bancaria;  TENTANDO NOVAMENTE - 1
21-03-2024 16:32:30.991Z;functions.waitForImage;  IMAGEM BORDERO image found.
21-03-2024 16:32:33.108Z;functions.movimentacao_bancaria;  IMAGEM BORDERO CLICADA.
21-03-2024 16:32:34.625Z;functions.waitForImage;  LICENCAS EXCEDIDAS image found.
21-03-2024 16:32:34.626Z;functions.movimentacao_bancaria;  LICENCAS EXCEDIDAS
21-03-2024 16:32:34.628Z;functions.movimentacao_bancaria;  TENTANDO NOVAMENTE - 2
21-03-2024 16:32:55.302Z;functions.waitForImage;  IMAGEM BORDERO image found.
21-03-2024 16:32:57.419Z;functions.movimentacao_bancaria;  IMAGEM BORDERO CLICADA.
21-03-2024 16:32:58.928Z;functions.waitForImage;  LICENCAS EXCEDIDAS image found.
21-03-2024 16:32:58.929Z;functions.movimentacao_bancaria;  LICENCAS EXCEDIDAS
21-03-2024 16:32:58.931Z;functions.movimentacao_bancaria;  TENTANDO NOVAMENTE - 3
21-03-2024 16:33:19.505Z;functions.waitForImage;  IMAGEM BORDERO image found.
21-03-2024 16:33:21.639Z;functions.movimentacao_bancaria;  IMAGEM BORDERO CLICADA.
21-03-2024 16:33:23.188Z;functions.waitForImage;  LICENCAS EXCEDIDAS image found.
21-03-2024 16:33:23.189Z;functions.movimentacao_bancaria;  LICENCAS EXCEDIDAS
21-03-2024 16:33:23.191Z;functions.movimentacao_bancaria;  TENTANDO NOVAMENTE - 4
21-03-2024 16:33:43.927Z;functions.waitForImage;  IMAGEM BORDERO image found.
21-03-2024 16:33:46.044Z;functions.movimentacao_bancaria;  IMAGEM BORDERO CLICADA.
21-03-2024 16:33:47.687Z;functions.waitForImage;  LICENCAS EXCEDIDAS image found.
21-03-2024 16:33:47.689Z;functions.movimentacao_bancaria;  LICENCAS EXCEDIDAS
21-03-2024 16:33:47.690Z;functions.movimentacao_bancaria;  TENTANDO NOVAMENTE - 5
21-03-2024 16:34:08.349Z;functions.waitForImage;  IMAGEM BORDERO image found.
21-03-2024 16:34:10.482Z;functions.movimentacao_bancaria;  IMAGEM BORDERO CLICADA.
21-03-2024 16:34:12.124Z;functions.waitForImage;  LICENCAS EXCEDIDAS image found.
21-03-2024 16:34:12.125Z;functions.movimentacao_bancaria;  LICENCAS EXCEDIDAS
21-03-2024 16:34:12.126Z;functions.movimentacao_bancaria;  TENTANDO NOVAMENTE - 6
21-03-2024 16:34:32.708Z;functions.waitForImage;  IMAGEM BORDERO image found.
21-03-2024 16:34:34.856Z;functions.movimentacao_bancaria;  IMAGEM BORDERO CLICADA.
21-03-2024 16:34:36.271Z;functions.waitForImage;  LICENCAS EXCEDIDAS image found.
21-03-2024 16:34:36.273Z;functions.movimentacao_bancaria;  LICENCAS EXCEDIDAS
21-03-2024 16:34:36.274Z;functions.movimentacao_bancaria;  TENTANDO NOVAMENTE - 7
21-03-2024 16:34:56.895Z;functions.waitForImage;  IMAGEM BORDERO image found.
21-03-2024 16:34:59.044Z;functions.movimentacao_bancaria;  IMAGEM BORDERO CLICADA.
21-03-2024 16:35:00.678Z;functions.waitForImage;  LICENCAS EXCEDIDAS image found.
21-03-2024 16:35:00.681Z;functions.movimentacao_bancaria;  LICENCAS EXCEDIDAS
21-03-2024 16:35:00.684Z;functions.movimentacao_bancaria;  TENTANDO NOVAMENTE - 8
21-03-2024 16:35:21.317Z;functions.waitForImage;  IMAGEM BORDERO image found.
21-03-2024 16:35:23.482Z;functions.movimentacao_bancaria;  IMAGEM BORDERO CLICADA.
21-03-2024 16:35:25.003Z;functions.waitForImage;  LICENCAS EXCEDIDAS image found.
21-03-2024 16:35:25.004Z;functions.movimentacao_bancaria;  LICENCAS EXCEDIDAS
21-03-2024 16:35:25.005Z;functions.movimentacao_bancaria;  TENTANDO NOVAMENTE - 9
21-03-2024 16:35:45.731Z;functions.waitForImage;  IMAGEM BORDERO image found.
21-03-2024 16:35:47.856Z;functions.movimentacao_bancaria;  IMAGEM BORDERO CLICADA.
21-03-2024 16:35:49.361Z;functions.waitForImage;  LICENCAS EXCEDIDAS image found.
21-03-2024 16:35:49.363Z;functions.movimentacao_bancaria;  LICENCAS EXCEDIDAS
21-03-2024 16:35:49.364Z;functions.movimentacao_bancaria;  TENTANDO NOVAMENTE - 10
21-03-2024 16:36:10.051Z;functions.waitForImage;  IMAGEM BORDERO image found.
21-03-2024 16:36:12.168Z;functions.movimentacao_bancaria;  IMAGEM BORDERO CLICADA.
21-03-2024 16:36:13.643Z;functions.waitForImage;  LICENCAS EXCEDIDAS image found.
21-03-2024 16:36:13.644Z;functions.movimentacao_bancaria;  LICENCAS EXCEDIDAS
21-03-2024 16:36:13.645Z;functions.movimentacao_bancaria;  TENTANDO NOVAMENTE - 11
21-03-2024 16:36:34.223Z;functions.waitForImage;  IMAGEM BORDERO image found.
21-03-2024 16:36:36.356Z;functions.movimentacao_bancaria;  IMAGEM BORDERO CLICADA.
21-03-2024 16:36:37.977Z;functions.waitForImage;  LICENCAS EXCEDIDAS image found.
21-03-2024 16:36:37.978Z;functions.movimentacao_bancaria;  LICENCAS EXCEDIDAS
21-03-2024 16:36:37.980Z;functions.movimentacao_bancaria;  TENTANDO NOVAMENTE - 12
21-03-2024 16:36:58.629Z;functions.waitForImage;  IMAGEM BORDERO image found.
21-03-2024 16:37:00.787Z;functions.movimentacao_bancaria;  IMAGEM BORDERO CLICADA.
21-03-2024 16:37:02.309Z;functions.waitForImage;  LICENCAS EXCEDIDAS image found.
21-03-2024 16:37:02.310Z;functions.movimentacao_bancaria;  LICENCAS EXCEDIDAS
21-03-2024 16:37:02.312Z;functions.movimentacao_bancaria;  TENTANDO NOVAMENTE - 13
21-03-2024 16:37:22.988Z;functions.waitForImage;  IMAGEM BORDERO image found.
21-03-2024 16:37:25.106Z;functions.movimentacao_bancaria;  IMAGEM BORDERO CLICADA.
21-03-2024 16:37:26.656Z;functions.waitForImage;  LICENCAS EXCEDIDAS image found.
21-03-2024 16:37:26.658Z;functions.movimentacao_bancaria;  LICENCAS EXCEDIDAS
21-03-2024 16:37:26.660Z;functions.movimentacao_bancaria;  TENTANDO NOVAMENTE - 14
21-03-2024 16:37:47.394Z;functions.waitForImage;  IMAGEM BORDERO image found.
21-03-2024 16:37:49.544Z;functions.movimentacao_bancaria;  IMAGEM BORDERO CLICADA.
21-03-2024 16:37:51.073Z;functions.waitForImage;  LICENCAS EXCEDIDAS image found.
21-03-2024 16:37:51.074Z;functions.movimentacao_bancaria;  LICENCAS EXCEDIDAS
21-03-2024 16:37:51.076Z;functions.movimentacao_bancaria;  TENTANDO NOVAMENTE - 15
21-03-2024 16:38:11.707Z;functions.waitForImage;  IMAGEM BORDERO image found.
21-03-2024 16:38:13.871Z;functions.movimentacao_bancaria;  IMAGEM BORDERO CLICADA.
21-03-2024 16:38:15.395Z;functions.waitForImage;  LICENCAS EXCEDIDAS image found.
21-03-2024 16:38:15.396Z;functions.movimentacao_bancaria;  LICENCAS EXCEDIDAS
21-03-2024 16:38:15.398Z;functions.movimentacao_bancaria;  TENTANDO NOVAMENTE - 16
21-03-2024 16:38:35.987Z;functions.waitForImage;  IMAGEM BORDERO image found.
21-03-2024 16:38:38.105Z;functions.movimentacao_bancaria;  IMAGEM BORDERO CLICADA.
21-03-2024 16:38:39.633Z;functions.waitForImage;  LICENCAS EXCEDIDAS image found.
21-03-2024 16:38:39.634Z;functions.movimentacao_bancaria;  LICENCAS EXCEDIDAS
21-03-2024 16:38:39.635Z;functions.movimentacao_bancaria;  TENTANDO NOVAMENTE - 17
21-03-2024 16:39:00.237Z;functions.waitForImage;  IMAGEM BORDERO image found.
21-03-2024 16:39:02.385Z;functions.movimentacao_bancaria;  IMAGEM BORDERO CLICADA.
21-03-2024 16:39:03.863Z;functions.waitForImage;  LICENCAS EXCEDIDAS image found.
21-03-2024 16:39:03.864Z;functions.movimentacao_bancaria;  LICENCAS EXCEDIDAS
21-03-2024 16:39:03.866Z;functions.movimentacao_bancaria;  TENTANDO NOVAMENTE - 18
21-03-2024 16:39:24.503Z;functions.waitForImage;  IMAGEM BORDERO image found.
21-03-2024 16:39:26.636Z;functions.movimentacao_bancaria;  IMAGEM BORDERO CLICADA.
21-03-2024 16:39:28.250Z;functions.waitForImage;  LICENCAS EXCEDIDAS image found.
21-03-2024 16:39:28.252Z;functions.movimentacao_bancaria;  LICENCAS EXCEDIDAS
21-03-2024 16:39:28.262Z;functions.movimentacao_bancaria;  TENTANDO NOVAMENTE - 19
21-03-2024 16:39:49.002Z;functions.waitForImage;  IMAGEM BORDERO image found.
21-03-2024 16:39:51.135Z;functions.movimentacao_bancaria;  IMAGEM BORDERO CLICADA.
21-03-2024 16:39:52.649Z;functions.waitForImage;  LICENCAS EXCEDIDAS image found.
21-03-2024 16:39:52.652Z;functions.movimentacao_bancaria;  LICENCAS EXCEDIDAS
21-03-2024 16:39:52.653Z;functions.movimentacao_bancaria;  TENTANDO NOVAMENTE - 20
21-03-2024 16:40:13.435Z;functions.waitForImage;  IMAGEM BORDERO image found.
21-03-2024 16:40:15.542Z;functions.movimentacao_bancaria;  IMAGEM BORDERO CLICADA.
21-03-2024 16:40:17.072Z;functions.waitForImage;  LICENCAS EXCEDIDAS image found.
21-03-2024 16:40:17.074Z;functions.movimentacao_bancaria;  LICENCAS EXCEDIDAS
21-03-2024 16:40:17.075Z;functions.movimentacao_bancaria;  TENTANDO NOVAMENTE - 21
21-03-2024 16:42:39.017Z;functions.waitForImage;  IMAGEM BORDERO image found.
21-03-2024 16:42:41.135Z;functions.movimentacao_bancaria;  IMAGEM BORDERO CLICADA.
21-03-2024 16:42:42.633Z;functions.waitForImage;  LICENCAS EXCEDIDAS image found.
21-03-2024 16:42:42.635Z;functions.movimentacao_bancaria;  LICENCAS EXCEDIDAS
21-03-2024 16:42:42.636Z;functions.movimentacao_bancaria;  TENTANDO NOVAMENTE - 1
21-03-2024 16:43:03.392Z;functions.waitForImage;  IMAGEM BORDERO image found.
21-03-2024 16:43:05.517Z;functions.movimentacao_bancaria;  IMAGEM BORDERO CLICADA.
21-03-2024 16:43:06.981Z;functions.waitForImage;  LICENCAS EXCEDIDAS image found.
21-03-2024 16:43:06.982Z;functions.movimentacao_bancaria;  LICENCAS EXCEDIDAS
21-03-2024 16:43:06.984Z;functions.movimentacao_bancaria;  TENTANDO NOVAMENTE - 2
21-03-2024 16:43:27.626Z;functions.waitForImage;  IMAGEM BORDERO image found.
21-03-2024 16:43:29.759Z;functions.movimentacao_bancaria;  IMAGEM BORDERO CLICADA.
21-03-2024 16:43:31.281Z;functions.waitForImage;  LICENCAS EXCEDIDAS image found.
21-03-2024 16:43:31.282Z;functions.movimentacao_bancaria;  LICENCAS EXCEDIDAS
21-03-2024 16:43:31.283Z;functions.movimentacao_bancaria;  TENTANDO NOVAMENTE - 3
21-03-2024 16:43:51.970Z;functions.waitForImage;  IMAGEM BORDERO image found.
21-03-2024 16:43:54.102Z;functions.movimentacao_bancaria;  IMAGEM BORDERO CLICADA.
21-03-2024 16:43:55.393Z;functions.waitForImage;  LICENCAS EXCEDIDAS image found.
21-03-2024 16:43:55.394Z;functions.movimentacao_bancaria;  LICENCAS EXCEDIDAS
21-03-2024 16:43:55.396Z;functions.movimentacao_bancaria;  TENTANDO NOVAMENTE - 4
21-03-2024 16:44:16.032Z;functions.waitForImage;  IMAGEM BORDERO image found.
21-03-2024 16:44:18.166Z;functions.movimentacao_bancaria;  IMAGEM BORDERO CLICADA.
21-03-2024 16:44:19.972Z;functions.waitForImage;  LICENCAS EXCEDIDAS image found.
21-03-2024 16:44:19.973Z;functions.movimentacao_bancaria;  LICENCAS EXCEDIDAS
21-03-2024 16:44:19.974Z;functions.movimentacao_bancaria;  TENTANDO NOVAMENTE - 5
21-03-2024 16:44:40.641Z;functions.waitForImage;  IMAGEM BORDERO image found.
21-03-2024 16:44:42.758Z;functions.movimentacao_bancaria;  IMAGEM BORDERO CLICADA.
21-03-2024 16:44:44.331Z;functions.waitForImage;  LICENCAS EXCEDIDAS image found.
21-03-2024 16:44:44.332Z;functions.movimentacao_bancaria;  LICENCAS EXCEDIDAS
21-03-2024 16:44:44.333Z;functions.movimentacao_bancaria;  TENTANDO NOVAMENTE - 6
21-03-2024 16:45:04.969Z;functions.waitForImage;  IMAGEM BORDERO image found.
21-03-2024 16:45:07.102Z;functions.movimentacao_bancaria;  IMAGEM BORDERO CLICADA.
21-03-2024 16:45:08.777Z;functions.waitForImage;  LICENCAS EXCEDIDAS image found.
21-03-2024 16:45:08.779Z;functions.movimentacao_bancaria;  LICENCAS EXCEDIDAS
21-03-2024 16:45:08.780Z;functions.movimentacao_bancaria;  TENTANDO NOVAMENTE - 7
21-03-2024 16:45:29.501Z;functions.waitForImage;  IMAGEM BORDERO image found.
21-03-2024 16:45:31.633Z;functions.movimentacao_bancaria;  IMAGEM BORDERO CLICADA.
21-03-2024 16:45:33.146Z;functions.waitForImage;  LICENCAS EXCEDIDAS image found.
21-03-2024 16:45:33.148Z;functions.movimentacao_bancaria;  LICENCAS EXCEDIDAS
21-03-2024 16:45:33.149Z;functions.movimentacao_bancaria;  TENTANDO NOVAMENTE - 8
21-03-2024 16:45:53.875Z;functions.waitForImage;  IMAGEM BORDERO image found.
21-03-2024 16:45:56.009Z;functions.movimentacao_bancaria;  IMAGEM BORDERO CLICADA.
21-03-2024 16:45:57.507Z;functions.waitForImage;  LICENCAS EXCEDIDAS image found.
21-03-2024 16:45:57.508Z;functions.movimentacao_bancaria;  LICENCAS EXCEDIDAS
21-03-2024 16:45:57.509Z;functions.movimentacao_bancaria;  TENTANDO NOVAMENTE - 9
21-03-2024 16:46:18.181Z;functions.waitForImage;  IMAGEM BORDERO image found.
21-03-2024 16:46:20.291Z;functions.movimentacao_bancaria;  IMAGEM BORDERO CLICADA.
21-03-2024 16:46:21.756Z;functions.waitForImage;  LICENCAS EXCEDIDAS image found.
21-03-2024 16:46:21.758Z;functions.movimentacao_bancaria;  LICENCAS EXCEDIDAS
21-03-2024 16:46:21.759Z;functions.movimentacao_bancaria;  TENTANDO NOVAMENTE - 10
21-03-2024 16:46:42.406Z;functions.waitForImage;  IMAGEM BORDERO image found.
21-03-2024 16:46:44.539Z;functions.movimentacao_bancaria;  IMAGEM BORDERO CLICADA.
21-03-2024 16:46:46.017Z;functions.waitForImage;  LICENCAS EXCEDIDAS image found.
21-03-2024 16:46:46.018Z;functions.movimentacao_bancaria;  LICENCAS EXCEDIDAS
21-03-2024 16:46:46.020Z;functions.movimentacao_bancaria;  TENTANDO NOVAMENTE - 11
21-03-2024 16:47:06.656Z;functions.waitForImage;  IMAGEM BORDERO image found.
21-03-2024 16:47:08.790Z;functions.movimentacao_bancaria;  IMAGEM BORDERO CLICADA.
21-03-2024 16:47:10.395Z;functions.waitForImage;  LICENCAS EXCEDIDAS image found.
21-03-2024 16:47:10.398Z;functions.movimentacao_bancaria;  LICENCAS EXCEDIDAS
21-03-2024 16:47:10.398Z;functions.movimentacao_bancaria;  TENTANDO NOVAMENTE - 12
21-03-2024 16:47:31.030Z;functions.waitForImage;  IMAGEM BORDERO image found.
21-03-2024 16:47:33.164Z;functions.movimentacao_bancaria;  IMAGEM BORDERO CLICADA.
21-03-2024 16:47:34.868Z;functions.waitForImage;  LICENCAS EXCEDIDAS image found.
21-03-2024 16:47:34.869Z;functions.movimentacao_bancaria;  LICENCAS EXCEDIDAS
21-03-2024 16:47:34.870Z;functions.movimentacao_bancaria;  TENTANDO NOVAMENTE - 13
21-03-2024 16:47:55.515Z;functions.waitForImage;  IMAGEM BORDERO image found.
21-03-2024 16:47:57.632Z;functions.movimentacao_bancaria;  IMAGEM BORDERO CLICADA.
21-03-2024 16:48:00.161Z;functions.waitForImage;  LICENCAS EXCEDIDAS image found.
21-03-2024 16:48:00.163Z;functions.movimentacao_bancaria;  LICENCAS EXCEDIDAS
21-03-2024 16:48:00.165Z;functions.movimentacao_bancaria;  TENTANDO NOVAMENTE - 14
21-03-2024 16:48:20.859Z;functions.waitForImage;  IMAGEM BORDERO image found.
21-03-2024 16:48:23.007Z;functions.movimentacao_bancaria;  IMAGEM BORDERO CLICADA.
21-03-2024 16:48:24.735Z;functions.waitForImage;  LICENCAS EXCEDIDAS image found.
21-03-2024 16:48:24.737Z;functions.movimentacao_bancaria;  LICENCAS EXCEDIDAS
21-03-2024 16:48:24.738Z;functions.movimentacao_bancaria;  TENTANDO NOVAMENTE - 15
21-03-2024 16:48:45.359Z;functions.waitForImage;  IMAGEM BORDERO image found.
21-03-2024 16:48:47.475Z;functions.movimentacao_bancaria;  IMAGEM BORDERO CLICADA.
21-03-2024 16:49:08.515Z;functions.waitForImage;  LICENCAS EXCEDIDAS image not found.
21-03-2024 16:49:09.218Z;functions.movimentacao_bancaria;  ENCONTROU O FILTRO DA MOVIMENTAÇÃO BANCÁRIA
21-03-2024 16:49:09.282Z;functions.movimentacao_bancaria;  CLICA NA ABA SUPERIOR DO FILTRO
21-03-2024 16:49:12.490Z;functions.movimentacao_bancaria;  SELECIONA O FILTRO HOJE
21-03-2024 16:49:18.227Z;functions.waitForImage;  FILTER CLEAN image found.
