05-05-2024 15:00:18.755Z;functions.bot_text_art;      ____   
05-05-2024 15:00:18.755Z;functions.bot_text_art;     [____]    
05-05-2024 15:00:18.755Z;functions.bot_text_art;   |=]()()[=|  
05-05-2024 15:00:18.755Z;functions.bot_text_art;     _\==/__    _____    ____     _        _____    ___   _  __
05-05-2024 15:00:18.755Z;functions.bot_text_art;   |__|   |_|  |  _  \  / ___|   | |      |_   _| / ___| | |/ /
05-05-2024 15:00:18.755Z;functions.bot_text_art;   |_|_/\_|_|  | |  | | | |      | |        | |   | |    | ' / 
05-05-2024 15:00:18.755Z;functions.bot_text_art;   | | __ | |  | |  | | | |      | |        | |   | |    |  <  
05-05-2024 15:00:18.755Z;functions.bot_text_art;   |_|[  ]|_|  | |__| | | |____  | |____   _| |_  | |__  | . \ 
05-05-2024 15:00:18.755Z;functions.bot_text_art;   \_|_||_|_/  |_____/   \_____| |______| |_____| \ ___| |_|\_\
05-05-2024 15:00:18.755Z;functions.bot_text_art;     |_||_|                                                     
05-05-2024 15:00:18.755Z;functions.bot_text_art;     | ||_|_   
05-05-2024 15:00:18.755Z;functions.bot_text_art;   |___||___|  
05-05-2024 15:00:18.755Z;functions.bot_text_art;               
05-05-2024 15:00:18.755Z;functions.open_RM;  OPEN PROGRAM RM
05-05-2024 15:00:25.834Z;functions.loggin_RM;  ENTER USER_NAME
05-05-2024 15:00:29.708Z;functions.loggin_RM;  ENTER PASSWORD
05-05-2024 15:00:30.396Z;functions.loggin_RM;  ENTER RM
05-05-2024 15:02:36.302Z;functions.enter_coligada;  CLICK CONTEXTO
05-05-2024 15:02:37.741Z;functions.enter_coligada;  CLICK ALTERAR MODULO DO CONTEXTO
05-05-2024 15:02:40.063Z;functions.enter_coligada;  INSERE O COLIGADA CODE = 1
05-05-2024 15:02:40.165Z;functions.enter_coligada;  APERTA TAB PARA PREENCHER O CAMPO COM A STRING: OCEANICA ENGENHARIA E CONSULTORIA S.A.
05-05-2024 15:02:41.035Z;functions.enter_coligada;  CLICK AVANÇAR NOVAMENTE
05-05-2024 15:02:41.835Z;functions.enter_coligada;  CLICK CONCLUIR
05-05-2024 15:02:54.490Z;functions.enter_coligada;  POP UP COLIGADA DESAPARECER
05-05-2024 15:02:55.089Z;functions.check_movimentacao_bancaria;  CLICK - TOTVS - LINHA RM
05-05-2024 15:02:56.125Z;functions.check_movimentacao_bancaria;  CLICK - BACK OFFICE
05-05-2024 15:02:58.427Z;functions.check_movimentacao_bancaria;  CLICK - GESTAO FINANCEIRA
05-05-2024 15:03:01.006Z;functions.movimentacao_bancaria;  CLICA NA ABA MOVIMENTAÇÃO BANCARIA
05-05-2024 15:03:01.187Z;functions.waitForImage;  IMAGEM BORDERO image found.
05-05-2024 15:03:03.289Z;functions.movimentacao_bancaria;  IMAGEM BORDERO CLICADA.
05-05-2024 15:03:13.355Z;functions.waitForImage;  LICENCAS EXCEDIDAS image not found.
05-05-2024 15:03:13.896Z;functions.movimentacao_bancaria;  ENCONTROU O FILTRO DA MOVIMENTAÇÃO BANCÁRIA
05-05-2024 15:03:13.912Z;functions.movimentacao_bancaria;  CLICA NA ABA SUPERIOR DO FILTRO
05-05-2024 15:03:18.421Z;functions.movimentacao_bancaria;  SELECIONA O FILTRO HOJE
05-05-2024 15:03:23.529Z;functions.waitForImage;  FILTER CLEAN image found.
05-05-2024 15:03:25.647Z;functions.filter_clean;  CLICA NO BOTÃO X DO LIMPA FILTRO
05-05-2024 15:03:41.060Z;functions.waitForImage;  FILTER CLEAN image not found.
05-05-2024 15:03:56.463Z;functions.waitForImage;  FILTER CLEAN image not found.
05-05-2024 15:03:57.225Z;functions.movimentacao_bancaria;  CLICA NA PRIMEIRA LINHA DA TABELA MOVIMENTAÇÃO BANCÁRIA
05-05-2024 15:03:57.968Z;functions.movimentacao_bancaria;  CLICA NA PRIMEIRA LINHA DA TABELA MOVIMENTAÇÃO BANCÁRIA
05-05-2024 15:03:59.190Z;functions.movimentacao_bancaria;  12 PASSOS PARA DIREITA NA TABELA >>
05-05-2024 15:04:00.443Z;functions.movimentacao_bancaria;  HOVER FILTER
05-05-2024 15:04:00.782Z;functions.movimentacao_bancaria;  CLICK FILTER
05-05-2024 15:04:05.090Z;functions.movimentacao_bancaria;  CLICA NO FILTRO  STATUS DA REMESSA
05-05-2024 15:04:07.191Z;functions.movimentacao_bancaria;  APERTA TAB PARA ESCREVER O FILTRO
05-05-2024 15:04:09.296Z;functions.movimentacao_bancaria;  ESCREVE PENDENTE NO FILTRO
05-05-2024 15:04:11.397Z;functions.movimentacao_bancaria;  APERTA ENTER PARA SELECIONAR OS PENDENTES
05-05-2024 15:04:32.334Z;functions.movimentacao_bancaria;  SEM PROCESSAMENTO DE BORDERO PENDENTE
05-05-2024 15:04:42.428Z;functions.waitForImage;  FILTER CLEAN image found.
05-05-2024 15:04:44.548Z;functions.filter_clean;  CLICA NO BOTÃO X DO LIMPA FILTRO
05-05-2024 15:04:59.687Z;functions.waitForImage;  FILTER CLEAN image not found.
05-05-2024 15:05:14.822Z;functions.waitForImage;  FILTER CLEAN image not found.
05-05-2024 15:05:15.615Z;functions.processo_pagamento;  CLICA NA PRIMEIRA LINHA DA TABELA MOVIMENTAÇÃO BANCÁRIA
05-05-2024 15:05:16.927Z;functions.processo_pagamento;  HOVER FILTER
05-05-2024 15:05:17.211Z;functions.processo_pagamento;  CLICK FILTER
05-05-2024 15:05:21.524Z;functions.processo_pagamento;  CLICA NO FILTRO  STATUS DA REMESSA
05-05-2024 15:05:23.626Z;functions.processo_pagamento;  APERTA TAB PARA ESCREVER O FILTRO
05-05-2024 15:05:25.732Z;functions.processo_pagamento;  ESCREVE AUTORIZADO NO FILTRO
05-05-2024 15:05:27.834Z;functions.processo_pagamento;  APERTA ENTER PARA SELECIONAR OS AUTORIZADOS
05-05-2024 15:05:48.755Z;functions.processo_pagamento;  SEM REMESSA DE BORDERO AUTORIZADO
05-05-2024 15:05:49.858Z;functions.processo_pagamento;  FECHA ABA MOVIMENTAÇÕES BANCÁRIAS
05-05-2024 15:05:50.678Z;functions.enter_contas_a_pagar;  CLICK - TOTVS - LINHA RM
05-05-2024 15:05:51.647Z;functions.enter_contas_a_pagar;  CLICK - BACK OFFICE
05-05-2024 15:05:52.318Z;functions.enter_contas_a_pagar;  CLICK - GESTAO FINANCEIRA
05-05-2024 15:05:57.350Z;functions.enter_contas_a_pagar;  CLICK - CONTAS A PAGAR
05-05-2024 15:05:57.469Z;functions.waitForImage;  LANÇAMENTOS image found.
05-05-2024 15:05:59.593Z;functions.enter_contas_a_pagar;  CLICA EM LANÇAMENTOS
05-05-2024 15:06:14.999Z;functions.waitForImage;  LICENCAS EXCEDIDAS image not found.
05-05-2024 15:06:14.999Z;functions.obter_intervalo_data;  VERIFICANDO A HORA ATUAL 15
05-05-2024 15:06:14.999Z;functions.obter_intervalo_data;  Data Inicial BANCARIA antes da remoção: None
05-05-2024 15:06:14.999Z;functions.obter_intervalo_data;  Data Final BANCARIA antes da remoção: None
05-05-2024 15:06:14.999Z;functions.obter_intervalo_data;  Data Inicial BANCARIA após a remoção: None
05-05-2024 15:06:14.999Z;functions.obter_intervalo_data;  Data Final BANCARIA após a remoção: None
05-05-2024 15:06:14.999Z;functions.obter_intervalo_data;  hoje -  2024-05-05 15:06:14.999021
05-05-2024 15:06:14.999Z;functions.data_filter;  DATA INICIO 08-05-2024
05-05-2024 15:06:14.999Z;functions.data_filter;  DATA FIM 14-05-2024
05-05-2024 15:06:14.999Z;functions.data_filter;  CLICK - SELECIONA A DATA DE QUARTA FEIRA E DA PROXIMA TERÇA
05-05-2024 15:06:14.999Z;functions.data_filter;  QUARTA-FEIRA: 08-05-2024
05-05-2024 15:06:14.999Z;functions.data_filter;  TERCA-FEIRA: 14-05-2024
05-05-2024 15:06:23.443Z;functions.data_filter;  CLICK - BOTAO DE SELECAO DE FILTRO
05-05-2024 15:06:27.189Z;functions.data_filter;  INSERE - DATA DE QUARTA-FEIRA: 08-05-2024
05-05-2024 15:06:30.678Z;functions.data_filter;  INSERE - DATA DA PROX TERCA-FEIRA: 14-05-2024
05-05-2024 15:06:31.302Z;functions.data_filter;  CLICK - BOTAO DE EXECUTAR O FILTRO
05-05-2024 15:07:16.008Z;functions.desmark_filter;  CLICK CHECKBOX LANÇAMENTOS A RECEBER
05-05-2024 15:07:16.803Z;functions.desmark_filter;  CLICK CHECKBOX LANÇAMENTOS BAIXADOS
05-05-2024 15:07:17.620Z;functions.desmark_filter;  CLICK CHECKBOX LANÇAMENTOS CANCELADOS
05-05-2024 15:07:18.474Z;functions.desmark_filter;  CLICK CHECKBOX LANÇAMENTOS FATURADOS
05-05-2024 15:07:19.365Z;functions.desmark_filter;  CLICK CHECKBOX LANÇAMENTOS FATURADOS
05-05-2024 15:07:24.478Z;functions.waitForImage;  FILTER CLEAN image found.
05-05-2024 15:07:26.599Z;functions.filter_clean;  CLICA NO BOTÃO X DO LIMPA FILTRO
05-05-2024 15:07:41.858Z;functions.waitForImage;  FILTER CLEAN image not found.
05-05-2024 15:07:57.183Z;functions.waitForImage;  FILTER CLEAN image not found.
05-05-2024 15:07:57.184Z;functions.check_table_record;  VERIFICANDO SE A TABELA ESTÁ VAZIA
05-05-2024 15:07:58.115Z;functions.check_table_record;  Texto extraido 1/103
05-05-2024 15:07:58.115Z;functions.check_table_record;  Count 103
05-05-2024 15:07:58.115Z;functions.check_table_record;  Type <class 'int'>
05-05-2024 15:07:58.115Z;functions.check_table_record;  TABELA CONTÉM REGISTROS
05-05-2024 15:08:08.928Z;functions.select_tipo_documento;  NOME DA COLUNA: Tipo de Documento
05-05-2024 15:08:10.178Z;functions.select_tipo_documento;  HOVER NOME DA COLUNA: Tipo de Documento
05-05-2024 15:08:10.759Z;functions.select_tipo_documento;  CLICA NO FILTRO PERSONALIZAR
05-05-2024 15:08:11.474Z;functions.select_tipo_documento;  CLICA PARA SELECIONAR OPÇÕES DO FILTRO
05-05-2024 15:08:18.490Z;functions.select_tipo_documento;  CLICK BUTTON CONFIRMAR FILTRO
05-05-2024 15:08:23.492Z;functions.filter_IPTE;  VERIFICANDO O COD DO CLIENTE EM CADA REGISTRO
05-05-2024 15:08:24.272Z;functions.filter_IPTE;  CLICA NA PRIMEIRA LINHA DA TABELA
05-05-2024 15:08:44.100Z;functions.filter_IPTE;  HOVER FILTER
05-05-2024 15:08:44.671Z;functions.filter_IPTE;  CLICK FILTER
05-05-2024 15:08:48.982Z;functions.filter_IPTE;  CLICA NO FILTRO PERSONALIZAR
05-05-2024 15:08:56.856Z;functions.check_table_record;  VERIFICANDO SE A TABELA ESTÁ VAZIA
05-05-2024 15:08:57.772Z;functions.check_table_record;  Texto extraido 1/1
05-05-2024 15:08:57.772Z;functions.check_table_record;  Count 1
05-05-2024 15:08:57.772Z;functions.check_table_record;  Type <class 'int'>
05-05-2024 15:08:57.772Z;functions.check_table_record;  TABELA CONTÉM REGISTROS
05-05-2024 15:08:57.772Z;functions.check_payment_type;  VERIFICANDO O COD DO CLIENTE EM CADA REGISTRO
05-05-2024 15:08:58.553Z;functions.check_payment_type;  CLICA NA PRIMEIRA LINHA DA TABELA
05-05-2024 15:09:06.656Z;functions.check_payment_type;  REF. LANÇAMENTO: 943671
05-05-2024 15:09:06.759Z;functions.check_payment_type;  ENTRANDO NO REGISTRO
05-05-2024 15:09:15.073Z;functions.waitForImage;  INTEGRAÇÃO BANCÁRIA image found.
05-05-2024 15:09:17.197Z;functions.check_payment_type;  CLICA EM INTEGRAÇÃO BANCÁRIA
05-05-2024 15:09:17.197Z;functions.check_payment_type;  VERIFICANDO INFORMAÇÕES
05-05-2024 15:09:20.302Z;functions.waitForImage;  DADOS BANCARIOS image found.
05-05-2024 15:09:20.411Z;functions.check_payment_type;  DADOS BANCARIOS
05-05-2024 15:09:22.411Z;functions.check_payment_type;  ENTROU DADOS BANCÁRIOS
05-05-2024 15:09:22.513Z;functions.check_payment_type;  APERTA TAB
05-05-2024 15:09:26.716Z;functions.waitForImage;  PRESS BUTTON OK image found.
05-05-2024 15:09:28.848Z;functions.click_ok;  PRESS BUTTON OK
05-05-2024 15:09:32.943Z;functions.waitForImage;  PRESS BUTTON OK image found.
05-05-2024 15:09:35.072Z;functions.click_ok;  PRESS BUTTON OK
05-05-2024 15:09:39.177Z;functions.check_payment_type;  INCLUIDOS: 943671 REFERENCIAS NO PROCESSAMENTO
05-05-2024 15:09:39.177Z;functions.check_payment_type;  FORAM INCLUIDOS: 1 REFERENCIAS NO PROCESSAMENTO
05-05-2024 15:09:43.889Z;functions.process_lancamentos;  CLICA PARA APARECER CONTA/CAIXA
05-05-2024 15:09:44.569Z;functions.process_lancamentos;  SELECIONA CONTA/CAIXA
05-05-2024 15:09:45.293Z;functions.process_lancamentos;  CLICA NO BOTÃO [...]
05-05-2024 15:09:50.397Z;functions.process_lancamentos;  CLICA NO CAMPO PESQUISA E DIGITA: %3212
05-05-2024 15:09:51.053Z;functions.process_lancamentos;  CLICA NO BOTÃO DO FILTRO
05-05-2024 15:09:51.804Z;functions.process_lancamentos;  CLICA NO BOTÃO OK
05-05-2024 15:09:52.521Z;functions.process_lancamentos;  CLICA NO BOTÃO EXECUTAR
05-05-2024 15:10:26.604Z;functions.waitForImage;  PRESS BUTTON OK image not found.
05-05-2024 15:10:26.604Z;functions.process_lancamentos;  LANÇAMENTO COM ERRO
05-05-2024 15:10:33.523Z;functions.process_lancamentos;  ERRO: Lançamento Ref. 943671: Convênio alterado para o convênio default '7' da conta Caixa '02675-5' .
Não foi possível alterar o lançamento 1-943671:
O cliente/fornecedor "010331" está inativo.

   at RM.Fin.CliFor.FinCFOMod.ValidaCliFor(IFinCFOValidacaoPar cliFor)
   at RM.Fin.Lan.Manutencao.FinLanManutencaoValidacaoObj.ConsisteCliFor(FinLanCxt lanCxt, FinLanValidateEnum autorizaLan, Boolean validaDadosCliFor, DateTime dataSistema)
   at RM.Fin.Lan.Manutencao.FinLanManutencaoValidacaoObj.ConsisteCamposDefaultPreenchimento(FinLanCxt context)
   at RM.Fin.Lan.Manutencao.FinLanMasterSbc`1.DoValidateContext(TContext context)
   at RM.Fin.Lan.Alteracao.FinLanMasterSbc`1.DoValidateContext(TContext context)
   at RM.Lib.Subscriber.RMSSubscriberSimple`1.ValidateContext(TContext context)
   at RM.Lib.Subscriber.RMSSubscriberController`2.DoPrepareSubscriber(List`1 contextList, Boolean initializeSubscriber)
   at RM.Lib.Subscriber.RMSSubscriberController`2.ExecuteOneLog(List`1 listParam, Int32 lenPackageCxt, Object ownerData)
*********************************************






05-05-2024 15:10:33.523Z;functions.process_lancamentos;  CORRESPONDENCIA ['943671']
05-05-2024 15:10:33.523Z;functions.process_lancamentos;  NUMERO DE REFERENCIAS QUE SERÃO TIRADOS DA REMESSA ['943671']
05-05-2024 15:10:34.117Z;functions.process_lancamentos;  CLICK EM FECHAR.
05-05-2024 15:11:13.397Z;functions.process_lancamentos;  NUMERO DE REFERENCIAS QUE SERAO TIRADOS IGUAL AO NUMERO DE REGISTROS
05-05-2024 15:11:13.397Z;functions.process_lancamentos;  PASSAR PARA O PRÓXIMO LANCAMENTO
05-05-2024 15:11:14.059Z;functions.movimentacao_bancaria;  CLICA NA ABA MOVIMENTAÇÃO BANCARIA
05-05-2024 15:11:14.193Z;functions.waitForImage;  IMAGEM BORDERO image found.
05-05-2024 15:11:16.295Z;functions.movimentacao_bancaria;  IMAGEM BORDERO CLICADA.
05-05-2024 15:11:26.770Z;functions.waitForImage;  LICENCAS EXCEDIDAS image not found.
05-05-2024 15:11:27.335Z;functions.movimentacao_bancaria;  ENCONTROU O FILTRO DA MOVIMENTAÇÃO BANCÁRIA
05-05-2024 15:11:27.366Z;functions.movimentacao_bancaria;  CLICA NA ABA SUPERIOR DO FILTRO
05-05-2024 15:11:31.874Z;functions.movimentacao_bancaria;  SELECIONA O FILTRO HOJE
05-05-2024 15:11:36.970Z;functions.waitForImage;  FILTER CLEAN image found.
05-05-2024 15:11:39.093Z;functions.filter_clean;  CLICA NO BOTÃO X DO LIMPA FILTRO
05-05-2024 15:11:54.351Z;functions.waitForImage;  FILTER CLEAN image not found.
05-05-2024 15:12:09.629Z;functions.waitForImage;  FILTER CLEAN image not found.
05-05-2024 15:12:10.403Z;functions.movimentacao_bancaria;  CLICA NA PRIMEIRA LINHA DA TABELA MOVIMENTAÇÃO BANCÁRIA
05-05-2024 15:12:11.137Z;functions.movimentacao_bancaria;  CLICA NA PRIMEIRA LINHA DA TABELA MOVIMENTAÇÃO BANCÁRIA
05-05-2024 15:12:12.356Z;functions.movimentacao_bancaria;  12 PASSOS PARA DIREITA NA TABELA >>
05-05-2024 15:12:13.616Z;functions.movimentacao_bancaria;  HOVER FILTER
05-05-2024 15:12:13.913Z;functions.movimentacao_bancaria;  CLICK FILTER
05-05-2024 15:12:18.225Z;functions.movimentacao_bancaria;  CLICA NO FILTRO  STATUS DA REMESSA
05-05-2024 15:12:20.326Z;functions.movimentacao_bancaria;  APERTA TAB PARA ESCREVER O FILTRO
05-05-2024 15:12:22.431Z;functions.movimentacao_bancaria;  ESCREVE PENDENTE NO FILTRO
05-05-2024 15:12:24.533Z;functions.movimentacao_bancaria;  APERTA ENTER PARA SELECIONAR OS PENDENTES
05-05-2024 15:12:45.476Z;functions.movimentacao_bancaria;  SEM PROCESSAMENTO DE BORDERO PENDENTE
05-05-2024 15:12:55.585Z;functions.waitForImage;  FILTER CLEAN image found.
05-05-2024 15:12:57.710Z;functions.filter_clean;  CLICA NO BOTÃO X DO LIMPA FILTRO
05-05-2024 15:13:12.897Z;functions.waitForImage;  FILTER CLEAN image not found.
05-05-2024 15:13:28.121Z;functions.waitForImage;  FILTER CLEAN image not found.
05-05-2024 15:13:28.967Z;functions.processo_pagamento;  CLICA NA PRIMEIRA LINHA DA TABELA MOVIMENTAÇÃO BANCÁRIA
05-05-2024 15:13:30.239Z;functions.processo_pagamento;  HOVER FILTER
05-05-2024 15:13:30.561Z;functions.processo_pagamento;  CLICK FILTER
05-05-2024 15:13:34.873Z;functions.processo_pagamento;  CLICA NO FILTRO  STATUS DA REMESSA
05-05-2024 15:13:36.975Z;functions.processo_pagamento;  APERTA TAB PARA ESCREVER O FILTRO
05-05-2024 15:13:39.081Z;functions.processo_pagamento;  ESCREVE AUTORIZADO NO FILTRO
05-05-2024 15:13:41.184Z;functions.processo_pagamento;  APERTA ENTER PARA SELECIONAR OS AUTORIZADOS
05-05-2024 15:14:02.178Z;functions.processo_pagamento;  SEM REMESSA DE BORDERO AUTORIZADO
05-05-2024 15:14:03.280Z;functions.processo_pagamento;  FECHA ABA MOVIMENTAÇÕES BANCÁRIAS
05-05-2024 15:14:03.927Z;functions.enter_contas_a_pagar;  CLICK - TOTVS - LINHA RM
05-05-2024 15:14:04.884Z;functions.enter_contas_a_pagar;  CLICK - BACK OFFICE
05-05-2024 15:14:05.570Z;functions.enter_contas_a_pagar;  CLICK - GESTAO FINANCEIRA
05-05-2024 15:14:10.633Z;functions.enter_contas_a_pagar;  CLICK - CONTAS A PAGAR
05-05-2024 15:14:10.757Z;functions.waitForImage;  LANÇAMENTOS image found.
05-05-2024 15:14:12.879Z;functions.enter_contas_a_pagar;  CLICA EM LANÇAMENTOS
05-05-2024 15:14:28.345Z;functions.waitForImage;  LICENCAS EXCEDIDAS image not found.
05-05-2024 15:14:28.345Z;functions.obter_intervalo_data;  VERIFICANDO A HORA ATUAL 15
05-05-2024 15:14:28.345Z;functions.obter_intervalo_data;  Data Inicial BANCARIA antes da remoção: None
05-05-2024 15:14:28.345Z;functions.obter_intervalo_data;  Data Final BANCARIA antes da remoção: None
05-05-2024 15:14:28.360Z;functions.obter_intervalo_data;  Data Inicial BANCARIA após a remoção: None
05-05-2024 15:14:28.360Z;functions.obter_intervalo_data;  Data Final BANCARIA após a remoção: None
05-05-2024 15:14:28.360Z;functions.obter_intervalo_data;  hoje -  2024-05-05 15:14:28.360831
05-05-2024 15:14:28.360Z;functions.data_filter;  DATA INICIO 08-05-2024
05-05-2024 15:14:28.360Z;functions.data_filter;  DATA FIM 14-05-2024
05-05-2024 15:14:28.360Z;functions.data_filter;  CLICK - SELECIONA A DATA DE QUARTA FEIRA E DA PROXIMA TERÇA
05-05-2024 15:14:28.360Z;functions.data_filter;  QUARTA-FEIRA: 08-05-2024
05-05-2024 15:14:28.360Z;functions.data_filter;  TERCA-FEIRA: 14-05-2024
05-05-2024 15:14:36.803Z;functions.data_filter;  CLICK - BOTAO DE SELECAO DE FILTRO
05-05-2024 15:14:40.506Z;functions.data_filter;  INSERE - DATA DE QUARTA-FEIRA: 08-05-2024
05-05-2024 15:14:43.975Z;functions.data_filter;  INSERE - DATA DA PROX TERCA-FEIRA: 14-05-2024
05-05-2024 15:14:44.600Z;functions.data_filter;  CLICK - BOTAO DE EXECUTAR O FILTRO
05-05-2024 15:15:25.694Z;functions.desmark_filter;  CLICK CHECKBOX LANÇAMENTOS A RECEBER
05-05-2024 15:15:26.491Z;functions.desmark_filter;  CLICK CHECKBOX LANÇAMENTOS BAIXADOS
05-05-2024 15:15:27.335Z;functions.desmark_filter;  CLICK CHECKBOX LANÇAMENTOS CANCELADOS
05-05-2024 15:15:28.194Z;functions.desmark_filter;  CLICK CHECKBOX LANÇAMENTOS FATURADOS
05-05-2024 15:15:29.097Z;functions.desmark_filter;  CLICK CHECKBOX LANÇAMENTOS FATURADOS
05-05-2024 15:15:34.203Z;functions.waitForImage;  FILTER CLEAN image found.
05-05-2024 15:15:36.306Z;functions.filter_clean;  CLICA NO BOTÃO X DO LIMPA FILTRO
05-05-2024 15:15:51.561Z;functions.waitForImage;  FILTER CLEAN image not found.
05-05-2024 15:16:06.878Z;functions.waitForImage;  FILTER CLEAN image not found.
05-05-2024 15:16:07.553Z;functions.filter_forma_pagamento;  CLICA NA PRIMEIRA LINHA DA TABELA
05-05-2024 15:16:07.631Z;functions.filter_forma_pagamento;  CLICK NA PRIMEIRA LINHA E COLUNA DA TABELA
05-05-2024 15:16:23.773Z;functions.filter_forma_pagamento;  160 PASSOS PARA DIREITA NA TABELA >>
05-05-2024 15:16:26.069Z;functions.filter_forma_pagamento;  HOVER NOME DA COLUNA FORMA DE PAGAMENTO
05-05-2024 15:16:26.696Z;functions.filter_forma_pagamento;  CLICA PARA APARECER O FILTRO PERSONALIZAR
05-05-2024 15:16:30.008Z;functions.filter_forma_pagamento;  CLICA NO FILTRO PERSONALIZAR
05-05-2024 15:16:40.380Z;functions.filter_forma_pagamento;  Texto extraido 0/0
05-05-2024 15:16:40.381Z;functions.filter_forma_pagamento;  Count 0
05-05-2024 15:16:40.381Z;functions.filter_forma_pagamento;  Type <class 'int'>
05-05-2024 15:16:40.381Z;functions.filter_forma_pagamento;  SEM REGISTROS
05-05-2024 15:16:42.381Z;functions.check_table_record;  VERIFICANDO SE A TABELA ESTÁ VAZIA
05-05-2024 15:16:43.288Z;functions.check_table_record;  Texto extraido 0/0
05-05-2024 15:16:43.288Z;functions.check_table_record;  Count 0
05-05-2024 15:16:43.288Z;functions.check_table_record;  Type <class 'int'>
05-05-2024 15:16:43.288Z;functions.check_table_record;  SEM REGISTROS
05-05-2024 15:16:47.296Z;main.<module>;  SEM REMESSA DE TED CIP
05-05-2024 15:16:47.905Z;functions.enter_contas_a_pagar;  CLICK - TOTVS - LINHA RM
05-05-2024 15:16:48.838Z;functions.enter_contas_a_pagar;  CLICK - BACK OFFICE
05-05-2024 15:16:49.524Z;functions.enter_contas_a_pagar;  CLICK - GESTAO FINANCEIRA
05-05-2024 15:16:54.554Z;functions.enter_contas_a_pagar;  CLICK - CONTAS A PAGAR
05-05-2024 15:16:54.705Z;functions.waitForImage;  LANÇAMENTOS image found.
05-05-2024 15:16:56.837Z;functions.enter_contas_a_pagar;  CLICA EM LANÇAMENTOS
05-05-2024 15:17:12.392Z;functions.waitForImage;  LICENCAS EXCEDIDAS image not found.
05-05-2024 15:17:12.392Z;functions.obter_intervalo_data;  VERIFICANDO A HORA ATUAL 15
05-05-2024 15:17:12.392Z;functions.obter_intervalo_data;  Data Inicial BANCARIA antes da remoção: None
05-05-2024 15:17:12.392Z;functions.obter_intervalo_data;  Data Final BANCARIA antes da remoção: None
05-05-2024 15:17:12.392Z;functions.obter_intervalo_data;  Data Inicial BANCARIA após a remoção: None
05-05-2024 15:17:12.392Z;functions.obter_intervalo_data;  Data Final BANCARIA após a remoção: None
05-05-2024 15:17:12.392Z;functions.obter_intervalo_data;  hoje -  2024-05-05 15:17:12.392392
05-05-2024 15:17:12.392Z;functions.data_filter;  DATA INICIO 08-05-2024
05-05-2024 15:17:12.392Z;functions.data_filter;  DATA FIM 14-05-2024
05-05-2024 15:17:12.392Z;functions.data_filter;  CLICK - SELECIONA A DATA DE QUARTA FEIRA E DA PROXIMA TERÇA
05-05-2024 15:17:12.392Z;functions.data_filter;  QUARTA-FEIRA: 08-05-2024
05-05-2024 15:17:12.392Z;functions.data_filter;  TERCA-FEIRA: 14-05-2024
05-05-2024 15:17:21.054Z;functions.data_filter;  CLICK - BOTAO DE SELECAO DE FILTRO
05-05-2024 15:17:24.772Z;functions.data_filter;  INSERE - DATA DE QUARTA-FEIRA: 08-05-2024
05-05-2024 15:17:28.272Z;functions.data_filter;  INSERE - DATA DA PROX TERCA-FEIRA: 14-05-2024
05-05-2024 15:17:28.897Z;functions.data_filter;  CLICK - BOTAO DE EXECUTAR O FILTRO
05-05-2024 15:18:16.445Z;functions.desmark_filter;  CLICK CHECKBOX LANÇAMENTOS A RECEBER
05-05-2024 15:18:17.256Z;functions.desmark_filter;  CLICK CHECKBOX LANÇAMENTOS BAIXADOS
05-05-2024 15:18:18.093Z;functions.desmark_filter;  CLICK CHECKBOX LANÇAMENTOS CANCELADOS
05-05-2024 15:18:18.960Z;functions.desmark_filter;  CLICK CHECKBOX LANÇAMENTOS FATURADOS
05-05-2024 15:18:19.866Z;functions.desmark_filter;  CLICK CHECKBOX LANÇAMENTOS FATURADOS
05-05-2024 15:18:24.988Z;functions.waitForImage;  FILTER CLEAN image found.
05-05-2024 15:18:27.090Z;functions.filter_clean;  CLICA NO BOTÃO X DO LIMPA FILTRO
05-05-2024 15:18:42.352Z;functions.waitForImage;  FILTER CLEAN image not found.
05-05-2024 15:18:57.589Z;functions.waitForImage;  FILTER CLEAN image not found.
05-05-2024 15:18:58.367Z;functions.filter_forma_pagamento_branco;  CLICK NA PRIMEIRA LINHA E COLUNA DA TABELA
05-05-2024 15:19:14.508Z;functions.filter_forma_pagamento_branco;  160 PASSOS PARA DIREITA NA TABELA >>
05-05-2024 15:19:16.773Z;functions.filter_forma_pagamento_branco;  HOVER NOME DA COLUNA FORMA DE PAGAMENTO
05-05-2024 15:19:17.414Z;functions.filter_forma_pagamento_branco;  CLICA PARA APARECER O FILTRO PERSONALIZAR
05-05-2024 15:19:20.726Z;functions.filter_forma_pagamento_branco;  CLICA NO FILTRO PERSONALIZAR
05-05-2024 15:19:27.242Z;functions.filter_forma_pagamento_branco;  Texto extraido 1/26
05-05-2024 15:19:27.242Z;functions.filter_forma_pagamento_branco;  Count 26
05-05-2024 15:19:27.242Z;functions.filter_forma_pagamento_branco;  Type <class 'int'>
05-05-2024 15:19:27.242Z;functions.filter_forma_pagamento_branco;  TABELA CONTÉM REGISTROS
05-05-2024 15:19:33.648Z;functions.filter_forma_pagamento_branco;  MOVIDO PRA CIMA 26 VEZES
05-05-2024 15:19:36.567Z;functions.check_table_record;  VERIFICANDO SE A TABELA ESTÁ VAZIA
05-05-2024 15:19:37.507Z;functions.check_table_record;  Texto extraido 1/26
05-05-2024 15:19:37.507Z;functions.check_table_record;  Count 26
05-05-2024 15:19:37.507Z;functions.check_table_record;  Type <class 'int'>
05-05-2024 15:19:37.507Z;functions.check_table_record;  TABELA CONTÉM REGISTROS
05-05-2024 15:19:37.507Z;functions.check_ted_branco;  VERIFICANDO O COD DO CLIENTE EM CADA REGISTRO
05-05-2024 15:19:38.273Z;functions.check_ted_branco;  CLICA NA PRIMEIRA LINHA DA TABELA
05-05-2024 15:19:42.375Z;functions.check_ted_branco;  REFERNCIA: 589660
05-05-2024 15:19:42.676Z;functions.check_ted_branco;  ENTRANDO NO REGISTRO 
05-05-2024 15:19:45.900Z;functions.waitForImage;  INTEGRAÇÃO BANCÁRIA image found.
05-05-2024 15:19:46.017Z;functions.check_ted_branco;  CLICA EM INTEGRAÇÃO BANCÁRIA
05-05-2024 15:19:46.017Z;functions.check_ted_branco;  VERIFICANDO INFORMAÇÕES
05-05-2024 15:19:46.755Z;functions.waitForImage;  TRES PONTINHOS image found.
05-05-2024 15:19:57.275Z;functions.check_ted_branco;  VERIFICANDO SE TEM PIX NO FILTRO
05-05-2024 15:19:57.368Z;functions.waitForImage;  CHECANDO DADOS BANCÁRIOS PIX image found.
05-05-2024 15:19:59.384Z;functions.check_ted_branco;  PIX NÃO ENCONTRADO PARA REFERENCIA: 589660
05-05-2024 15:20:03.090Z;functions.check_ted_branco;  APERTA EM CANCELAR
05-05-2024 15:20:03.195Z;functions.waitForImage;  PRESS BUTTON OK image found.
05-05-2024 15:20:05.318Z;functions.click_ok;  PRESS BUTTON OK
05-05-2024 15:20:17.748Z;functions.waitForImage;  ERROR GENERICO image not found.
05-05-2024 15:20:22.813Z;functions.waitForImage;  ERROR FILTRO PIX image not found.
05-05-2024 15:20:26.915Z;functions.check_ted_branco;  PASSANDO PARA PRÓXIMO REGISTRO
05-05-2024 15:20:31.017Z;functions.check_ted_branco;  REFERNCIA: 946923
05-05-2024 15:20:31.317Z;functions.check_ted_branco;  ENTRANDO NO REGISTRO 
05-05-2024 15:20:34.545Z;functions.waitForImage;  INTEGRAÇÃO BANCÁRIA image found.
05-05-2024 15:20:34.661Z;functions.check_ted_branco;  CLICA EM INTEGRAÇÃO BANCÁRIA
05-05-2024 15:20:34.661Z;functions.check_ted_branco;  VERIFICANDO INFORMAÇÕES
05-05-2024 15:20:35.398Z;functions.waitForImage;  TRES PONTINHOS image found.
05-05-2024 15:20:45.911Z;functions.check_ted_branco;  VERIFICANDO SE TEM PIX NO FILTRO
05-05-2024 15:20:46.005Z;functions.waitForImage;  CHECANDO DADOS BANCÁRIOS PIX image found.
05-05-2024 15:20:48.017Z;functions.check_ted_branco;  PIX NÃO ENCONTRADO PARA REFERENCIA: 946923
05-05-2024 15:20:51.723Z;functions.check_ted_branco;  APERTA EM CANCELAR
05-05-2024 15:20:51.817Z;functions.waitForImage;  PRESS BUTTON OK image found.
05-05-2024 15:20:53.959Z;functions.click_ok;  PRESS BUTTON OK
05-05-2024 15:21:06.399Z;functions.waitForImage;  ERROR GENERICO image not found.
05-05-2024 15:21:11.465Z;functions.waitForImage;  ERROR FILTRO PIX image not found.
05-05-2024 15:21:15.568Z;functions.check_ted_branco;  PASSANDO PARA PRÓXIMO REGISTRO
05-05-2024 15:21:19.670Z;functions.check_ted_branco;  REFERNCIA: 947339
05-05-2024 15:21:19.971Z;functions.check_ted_branco;  ENTRANDO NO REGISTRO 
05-05-2024 15:21:23.193Z;functions.waitForImage;  INTEGRAÇÃO BANCÁRIA image found.
05-05-2024 15:21:23.312Z;functions.check_ted_branco;  CLICA EM INTEGRAÇÃO BANCÁRIA
05-05-2024 15:21:23.312Z;functions.check_ted_branco;  VERIFICANDO INFORMAÇÕES
05-05-2024 15:21:23.443Z;functions.waitForImage;  TRES PONTINHOS image found.
05-05-2024 15:21:33.967Z;functions.check_ted_branco;  VERIFICANDO SE TEM PIX NO FILTRO
05-05-2024 15:21:34.061Z;functions.waitForImage;  CHECANDO DADOS BANCÁRIOS PIX image found.
05-05-2024 15:21:36.076Z;functions.check_ted_branco;  PIX NÃO ENCONTRADO PARA REFERENCIA: 947339
05-05-2024 15:21:39.784Z;functions.check_ted_branco;  APERTA EM CANCELAR
05-05-2024 15:21:39.877Z;functions.waitForImage;  PRESS BUTTON OK image found.
05-05-2024 15:21:42.018Z;functions.click_ok;  PRESS BUTTON OK
05-05-2024 15:21:54.454Z;functions.waitForImage;  ERROR GENERICO image not found.
05-05-2024 15:21:59.509Z;functions.waitForImage;  ERROR FILTRO PIX image not found.
05-05-2024 15:22:03.616Z;functions.check_ted_branco;  PASSANDO PARA PRÓXIMO REGISTRO
05-05-2024 15:22:07.718Z;functions.check_ted_branco;  REFERNCIA: 947550
05-05-2024 15:22:08.019Z;functions.check_ted_branco;  ENTRANDO NO REGISTRO 
05-05-2024 15:22:11.226Z;functions.waitForImage;  INTEGRAÇÃO BANCÁRIA image found.
05-05-2024 15:22:11.342Z;functions.check_ted_branco;  CLICA EM INTEGRAÇÃO BANCÁRIA
05-05-2024 15:22:11.342Z;functions.check_ted_branco;  VERIFICANDO INFORMAÇÕES
05-05-2024 15:22:12.052Z;functions.waitForImage;  TRES PONTINHOS image found.
05-05-2024 15:22:22.574Z;functions.check_ted_branco;  VERIFICANDO SE TEM PIX NO FILTRO
05-05-2024 15:22:22.668Z;functions.waitForImage;  CHECANDO DADOS BANCÁRIOS PIX image found.
05-05-2024 15:22:24.682Z;functions.check_ted_branco;  PIX NÃO ENCONTRADO PARA REFERENCIA: 947550
05-05-2024 15:22:28.388Z;functions.check_ted_branco;  APERTA EM CANCELAR
05-05-2024 15:22:28.482Z;functions.waitForImage;  PRESS BUTTON OK image found.
05-05-2024 15:22:30.607Z;functions.click_ok;  PRESS BUTTON OK
05-05-2024 15:22:43.035Z;functions.waitForImage;  ERROR GENERICO image not found.
05-05-2024 15:22:48.090Z;functions.waitForImage;  ERROR FILTRO PIX image not found.
05-05-2024 15:22:52.194Z;functions.check_ted_branco;  PASSANDO PARA PRÓXIMO REGISTRO
05-05-2024 15:22:56.296Z;functions.check_ted_branco;  REFERNCIA: 947564
05-05-2024 15:22:56.597Z;functions.check_ted_branco;  ENTRANDO NO REGISTRO 
05-05-2024 15:22:59.808Z;functions.waitForImage;  INTEGRAÇÃO BANCÁRIA image found.
05-05-2024 15:22:59.941Z;functions.check_ted_branco;  CLICA EM INTEGRAÇÃO BANCÁRIA
05-05-2024 15:22:59.941Z;functions.check_ted_branco;  VERIFICANDO INFORMAÇÕES
05-05-2024 15:23:00.664Z;functions.waitForImage;  TRES PONTINHOS image found.
05-05-2024 15:23:11.187Z;functions.check_ted_branco;  VERIFICANDO SE TEM PIX NO FILTRO
05-05-2024 15:23:11.304Z;functions.waitForImage;  CHECANDO DADOS BANCÁRIOS PIX image found.
05-05-2024 15:23:13.314Z;functions.check_ted_branco;  PIX NÃO ENCONTRADO PARA REFERENCIA: 947564
05-05-2024 15:23:17.021Z;functions.check_ted_branco;  APERTA EM CANCELAR
05-05-2024 15:23:17.130Z;functions.waitForImage;  PRESS BUTTON OK image found.
05-05-2024 15:23:19.248Z;functions.click_ok;  PRESS BUTTON OK
05-05-2024 15:23:31.705Z;functions.waitForImage;  ERROR GENERICO image not found.
05-05-2024 15:23:36.757Z;functions.waitForImage;  ERROR FILTRO PIX image not found.
05-05-2024 15:23:40.867Z;functions.check_ted_branco;  PASSANDO PARA PRÓXIMO REGISTRO
05-05-2024 15:23:44.969Z;functions.check_ted_branco;  REFERNCIA: 947589
05-05-2024 15:23:45.271Z;functions.check_ted_branco;  ENTRANDO NO REGISTRO 
05-05-2024 15:23:48.483Z;functions.waitForImage;  INTEGRAÇÃO BANCÁRIA image found.
05-05-2024 15:23:48.616Z;functions.check_ted_branco;  CLICA EM INTEGRAÇÃO BANCÁRIA
05-05-2024 15:23:48.616Z;functions.check_ted_branco;  VERIFICANDO INFORMAÇÕES
05-05-2024 15:23:49.317Z;functions.waitForImage;  TRES PONTINHOS image found.
05-05-2024 15:23:59.839Z;functions.check_ted_branco;  VERIFICANDO SE TEM PIX NO FILTRO
05-05-2024 15:23:59.933Z;functions.waitForImage;  CHECANDO DADOS BANCÁRIOS PIX image found.
05-05-2024 15:24:01.945Z;functions.check_ted_branco;  PIX NÃO ENCONTRADO PARA REFERENCIA: 947589
05-05-2024 15:24:05.652Z;functions.check_ted_branco;  APERTA EM CANCELAR
05-05-2024 15:24:05.746Z;functions.waitForImage;  PRESS BUTTON OK image found.
05-05-2024 15:24:07.872Z;functions.click_ok;  PRESS BUTTON OK
05-05-2024 15:24:20.282Z;functions.waitForImage;  ERROR GENERICO image not found.
05-05-2024 15:24:25.316Z;functions.waitForImage;  ERROR FILTRO PIX image not found.
05-05-2024 15:24:29.418Z;functions.check_ted_branco;  PASSANDO PARA PRÓXIMO REGISTRO
05-05-2024 15:24:33.520Z;functions.check_ted_branco;  REFERNCIA: 947662
05-05-2024 15:24:33.821Z;functions.check_ted_branco;  ENTRANDO NO REGISTRO 
05-05-2024 15:24:37.034Z;functions.waitForImage;  INTEGRAÇÃO BANCÁRIA image found.
05-05-2024 15:24:37.167Z;functions.check_ted_branco;  CLICA EM INTEGRAÇÃO BANCÁRIA
05-05-2024 15:24:37.167Z;functions.check_ted_branco;  VERIFICANDO INFORMAÇÕES
05-05-2024 15:24:37.876Z;functions.waitForImage;  TRES PONTINHOS image found.
05-05-2024 15:24:48.397Z;functions.check_ted_branco;  VERIFICANDO SE TEM PIX NO FILTRO
05-05-2024 15:24:48.491Z;functions.waitForImage;  CHECANDO DADOS BANCÁRIOS PIX image found.
05-05-2024 15:24:50.500Z;functions.check_ted_branco;  PIX NÃO ENCONTRADO PARA REFERENCIA: 947662
05-05-2024 15:24:54.207Z;functions.check_ted_branco;  APERTA EM CANCELAR
05-05-2024 15:24:54.300Z;functions.waitForImage;  PRESS BUTTON OK image found.
05-05-2024 15:24:56.447Z;functions.click_ok;  PRESS BUTTON OK
05-05-2024 15:25:08.869Z;functions.waitForImage;  ERROR GENERICO image not found.
05-05-2024 15:25:13.900Z;functions.waitForImage;  ERROR FILTRO PIX image not found.
05-05-2024 15:25:18.002Z;functions.check_ted_branco;  PASSANDO PARA PRÓXIMO REGISTRO
05-05-2024 15:25:22.105Z;functions.check_ted_branco;  REFERNCIA: 947730
05-05-2024 15:25:22.406Z;functions.check_ted_branco;  ENTRANDO NO REGISTRO 
05-05-2024 15:25:25.623Z;functions.waitForImage;  INTEGRAÇÃO BANCÁRIA image found.
05-05-2024 15:25:25.766Z;functions.check_ted_branco;  CLICA EM INTEGRAÇÃO BANCÁRIA
05-05-2024 15:25:25.766Z;functions.check_ted_branco;  VERIFICANDO INFORMAÇÕES
05-05-2024 15:25:26.470Z;functions.waitForImage;  TRES PONTINHOS image found.
05-05-2024 15:25:36.991Z;functions.check_ted_branco;  VERIFICANDO SE TEM PIX NO FILTRO
05-05-2024 15:25:37.085Z;functions.waitForImage;  CHECANDO DADOS BANCÁRIOS PIX image found.
05-05-2024 15:25:39.095Z;functions.check_ted_branco;  PIX NÃO ENCONTRADO PARA REFERENCIA: 947730
05-05-2024 15:25:42.802Z;functions.check_ted_branco;  APERTA EM CANCELAR
05-05-2024 15:25:42.896Z;functions.waitForImage;  PRESS BUTTON OK image found.
05-05-2024 15:25:45.032Z;functions.click_ok;  PRESS BUTTON OK
05-05-2024 15:25:57.430Z;functions.waitForImage;  ERROR GENERICO image not found.
05-05-2024 15:26:02.458Z;functions.waitForImage;  ERROR FILTRO PIX image not found.
05-05-2024 15:26:06.562Z;functions.check_ted_branco;  PASSANDO PARA PRÓXIMO REGISTRO
05-05-2024 15:26:10.665Z;functions.check_ted_branco;  REFERNCIA: 947826
05-05-2024 15:26:10.966Z;functions.check_ted_branco;  ENTRANDO NO REGISTRO 
05-05-2024 15:26:14.181Z;functions.waitForImage;  INTEGRAÇÃO BANCÁRIA image found.
05-05-2024 15:26:14.294Z;functions.check_ted_branco;  CLICA EM INTEGRAÇÃO BANCÁRIA
05-05-2024 15:26:14.294Z;functions.check_ted_branco;  VERIFICANDO INFORMAÇÕES
05-05-2024 15:26:14.442Z;functions.waitForImage;  TRES PONTINHOS image found.
05-05-2024 15:26:24.968Z;functions.check_ted_branco;  VERIFICANDO SE TEM PIX NO FILTRO
05-05-2024 15:26:25.078Z;functions.waitForImage;  CHECANDO DADOS BANCÁRIOS PIX image found.
05-05-2024 15:26:27.083Z;functions.check_ted_branco;  PIX NÃO ENCONTRADO PARA REFERENCIA: 947826
05-05-2024 15:26:30.790Z;functions.check_ted_branco;  APERTA EM CANCELAR
05-05-2024 15:26:30.884Z;functions.waitForImage;  PRESS BUTTON OK image found.
05-05-2024 15:26:33.014Z;functions.click_ok;  PRESS BUTTON OK
05-05-2024 15:26:45.444Z;functions.waitForImage;  ERROR GENERICO image not found.
05-05-2024 15:26:50.461Z;functions.waitForImage;  ERROR FILTRO PIX image not found.
05-05-2024 15:26:54.563Z;functions.check_ted_branco;  PASSANDO PARA PRÓXIMO REGISTRO
05-05-2024 15:26:58.666Z;functions.check_ted_branco;  REFERNCIA: 947860
05-05-2024 15:26:58.966Z;functions.check_ted_branco;  ENTRANDO NO REGISTRO 
05-05-2024 15:27:02.187Z;functions.waitForImage;  INTEGRAÇÃO BANCÁRIA image found.
05-05-2024 15:27:02.310Z;functions.check_ted_branco;  CLICA EM INTEGRAÇÃO BANCÁRIA
05-05-2024 15:27:02.310Z;functions.check_ted_branco;  VERIFICANDO INFORMAÇÕES
05-05-2024 15:27:02.437Z;functions.waitForImage;  TRES PONTINHOS image found.
05-05-2024 15:27:12.957Z;functions.check_ted_branco;  VERIFICANDO SE TEM PIX NO FILTRO
05-05-2024 15:27:13.051Z;functions.waitForImage;  CHECANDO DADOS BANCÁRIOS PIX image found.
05-05-2024 15:27:15.062Z;functions.check_ted_branco;  PIX NÃO ENCONTRADO PARA REFERENCIA: 947860
05-05-2024 15:27:18.769Z;functions.check_ted_branco;  APERTA EM CANCELAR
05-05-2024 15:27:18.862Z;functions.waitForImage;  PRESS BUTTON OK image found.
05-05-2024 15:27:20.992Z;functions.click_ok;  PRESS BUTTON OK
05-05-2024 15:27:33.427Z;functions.waitForImage;  ERROR GENERICO image not found.
05-05-2024 15:27:38.469Z;functions.waitForImage;  ERROR FILTRO PIX image not found.
05-05-2024 15:27:42.570Z;functions.check_ted_branco;  PASSANDO PARA PRÓXIMO REGISTRO
05-05-2024 15:27:46.673Z;functions.check_ted_branco;  REFERNCIA: 941356
05-05-2024 15:27:46.973Z;functions.check_ted_branco;  ENTRANDO NO REGISTRO 
05-05-2024 15:27:50.191Z;functions.waitForImage;  INTEGRAÇÃO BANCÁRIA image found.
05-05-2024 15:27:50.318Z;functions.check_ted_branco;  CLICA EM INTEGRAÇÃO BANCÁRIA
05-05-2024 15:27:50.318Z;functions.check_ted_branco;  VERIFICANDO INFORMAÇÕES
05-05-2024 15:27:51.026Z;functions.waitForImage;  TRES PONTINHOS image found.
05-05-2024 15:28:01.545Z;functions.check_ted_branco;  VERIFICANDO SE TEM PIX NO FILTRO
05-05-2024 15:28:01.639Z;functions.waitForImage;  CHECANDO DADOS BANCÁRIOS PIX image found.
05-05-2024 15:28:03.652Z;functions.check_ted_branco;  PIX NÃO ENCONTRADO PARA REFERENCIA: 941356
05-05-2024 15:28:07.358Z;functions.check_ted_branco;  APERTA EM CANCELAR
05-05-2024 15:28:07.452Z;functions.waitForImage;  PRESS BUTTON OK image found.
05-05-2024 15:28:09.583Z;functions.click_ok;  PRESS BUTTON OK
05-05-2024 15:28:21.935Z;functions.waitForImage;  ERROR GENERICO image not found.
05-05-2024 15:28:26.981Z;functions.waitForImage;  ERROR FILTRO PIX image not found.
05-05-2024 15:28:31.084Z;functions.check_ted_branco;  PASSANDO PARA PRÓXIMO REGISTRO
05-05-2024 15:28:35.186Z;functions.check_ted_branco;  REFERNCIA: 947859
05-05-2024 15:28:35.487Z;functions.check_ted_branco;  ENTRANDO NO REGISTRO 
05-05-2024 15:28:38.698Z;functions.waitForImage;  INTEGRAÇÃO BANCÁRIA image found.
05-05-2024 15:28:38.831Z;functions.check_ted_branco;  CLICA EM INTEGRAÇÃO BANCÁRIA
05-05-2024 15:28:38.831Z;functions.check_ted_branco;  VERIFICANDO INFORMAÇÕES
05-05-2024 15:28:38.933Z;functions.waitForImage;  TRES PONTINHOS image found.
05-05-2024 15:28:49.456Z;functions.check_ted_branco;  VERIFICANDO SE TEM PIX NO FILTRO
05-05-2024 15:28:49.550Z;functions.waitForImage;  CHECANDO DADOS BANCÁRIOS PIX image found.
05-05-2024 15:28:51.564Z;functions.check_ted_branco;  PIX NÃO ENCONTRADO PARA REFERENCIA: 947859
05-05-2024 15:28:55.269Z;functions.check_ted_branco;  APERTA EM CANCELAR
05-05-2024 15:28:55.368Z;functions.waitForImage;  PRESS BUTTON OK image found.
05-05-2024 15:28:57.491Z;functions.click_ok;  PRESS BUTTON OK
05-05-2024 15:29:09.891Z;functions.waitForImage;  ERROR GENERICO image not found.
05-05-2024 15:29:14.924Z;functions.waitForImage;  ERROR FILTRO PIX image not found.
05-05-2024 15:29:19.032Z;functions.check_ted_branco;  PASSANDO PARA PRÓXIMO REGISTRO
05-05-2024 15:29:23.134Z;functions.check_ted_branco;  REFERNCIA: 947862
05-05-2024 15:29:23.434Z;functions.check_ted_branco;  ENTRANDO NO REGISTRO 
05-05-2024 15:29:26.646Z;functions.waitForImage;  INTEGRAÇÃO BANCÁRIA image found.
05-05-2024 15:29:26.779Z;functions.check_ted_branco;  CLICA EM INTEGRAÇÃO BANCÁRIA
05-05-2024 15:29:26.779Z;functions.check_ted_branco;  VERIFICANDO INFORMAÇÕES
05-05-2024 15:29:27.482Z;functions.waitForImage;  TRES PONTINHOS image found.
05-05-2024 15:29:38.002Z;functions.check_ted_branco;  VERIFICANDO SE TEM PIX NO FILTRO
05-05-2024 15:29:38.096Z;functions.waitForImage;  CHECANDO DADOS BANCÁRIOS PIX image found.
05-05-2024 15:29:40.109Z;functions.check_ted_branco;  PIX NÃO ENCONTRADO PARA REFERENCIA: 947862
05-05-2024 15:29:43.816Z;functions.check_ted_branco;  APERTA EM CANCELAR
05-05-2024 15:29:43.910Z;functions.waitForImage;  PRESS BUTTON OK image found.
05-05-2024 15:29:46.044Z;functions.click_ok;  PRESS BUTTON OK
05-05-2024 15:29:58.430Z;functions.waitForImage;  ERROR GENERICO image not found.
05-05-2024 15:30:03.469Z;functions.waitForImage;  ERROR FILTRO PIX image not found.
05-05-2024 15:30:07.575Z;functions.check_ted_branco;  PASSANDO PARA PRÓXIMO REGISTRO
05-05-2024 15:30:11.678Z;functions.check_ted_branco;  REFERNCIA: 938650
05-05-2024 15:30:11.979Z;functions.check_ted_branco;  ENTRANDO NO REGISTRO 
05-05-2024 15:30:15.208Z;functions.waitForImage;  INTEGRAÇÃO BANCÁRIA image found.
05-05-2024 15:30:15.338Z;functions.check_ted_branco;  CLICA EM INTEGRAÇÃO BANCÁRIA
05-05-2024 15:30:15.338Z;functions.check_ted_branco;  VERIFICANDO INFORMAÇÕES
05-05-2024 15:30:15.461Z;functions.waitForImage;  TRES PONTINHOS image found.
05-05-2024 15:30:25.980Z;functions.check_ted_branco;  VERIFICANDO SE TEM PIX NO FILTRO
05-05-2024 15:30:26.073Z;functions.waitForImage;  CHECANDO DADOS BANCÁRIOS PIX image found.
05-05-2024 15:30:28.085Z;functions.check_ted_branco;  PIX NÃO ENCONTRADO PARA REFERENCIA: 938650
05-05-2024 15:30:31.791Z;functions.check_ted_branco;  APERTA EM CANCELAR
05-05-2024 15:30:31.900Z;functions.waitForImage;  PRESS BUTTON OK image found.
05-05-2024 15:30:34.024Z;functions.click_ok;  PRESS BUTTON OK
05-05-2024 15:30:46.394Z;functions.waitForImage;  ERROR GENERICO image not found.
05-05-2024 15:30:51.438Z;functions.waitForImage;  ERROR FILTRO PIX image not found.
05-05-2024 15:30:55.555Z;functions.check_ted_branco;  PASSANDO PARA PRÓXIMO REGISTRO
05-05-2024 15:30:59.657Z;functions.check_ted_branco;  REFERNCIA: 946313
05-05-2024 15:30:59.958Z;functions.check_ted_branco;  ENTRANDO NO REGISTRO 
05-05-2024 15:31:03.173Z;functions.waitForImage;  INTEGRAÇÃO BANCÁRIA image found.
05-05-2024 15:31:03.312Z;functions.check_ted_branco;  CLICA EM INTEGRAÇÃO BANCÁRIA
05-05-2024 15:31:03.312Z;functions.check_ted_branco;  VERIFICANDO INFORMAÇÕES
05-05-2024 15:31:03.409Z;functions.waitForImage;  TRES PONTINHOS image found.
05-05-2024 15:31:13.937Z;functions.check_ted_branco;  VERIFICANDO SE TEM PIX NO FILTRO
05-05-2024 15:31:14.030Z;functions.waitForImage;  CHECANDO DADOS BANCÁRIOS PIX image found.
05-05-2024 15:31:16.041Z;functions.check_ted_branco;  PIX NÃO ENCONTRADO PARA REFERENCIA: 946313
05-05-2024 15:31:19.748Z;functions.check_ted_branco;  APERTA EM CANCELAR
05-05-2024 15:31:19.841Z;functions.waitForImage;  PRESS BUTTON OK image found.
05-05-2024 15:31:21.968Z;functions.click_ok;  PRESS BUTTON OK
05-05-2024 15:31:34.332Z;functions.waitForImage;  ERROR GENERICO image not found.
05-05-2024 15:31:39.403Z;functions.waitForImage;  ERROR FILTRO PIX image not found.
05-05-2024 15:31:43.511Z;functions.check_ted_branco;  PASSANDO PARA PRÓXIMO REGISTRO
05-05-2024 15:31:47.613Z;functions.check_ted_branco;  REFERNCIA: 946317
05-05-2024 15:31:47.914Z;functions.check_ted_branco;  ENTRANDO NO REGISTRO 
05-05-2024 15:31:51.126Z;functions.waitForImage;  INTEGRAÇÃO BANCÁRIA image found.
05-05-2024 15:31:51.258Z;functions.check_ted_branco;  CLICA EM INTEGRAÇÃO BANCÁRIA
05-05-2024 15:31:51.258Z;functions.check_ted_branco;  VERIFICANDO INFORMAÇÕES
05-05-2024 15:31:51.978Z;functions.waitForImage;  TRES PONTINHOS image found.
05-05-2024 15:32:02.503Z;functions.check_ted_branco;  VERIFICANDO SE TEM PIX NO FILTRO
05-05-2024 15:32:02.597Z;functions.waitForImage;  CHECANDO DADOS BANCÁRIOS PIX image found.
05-05-2024 15:32:04.609Z;functions.check_ted_branco;  PIX NÃO ENCONTRADO PARA REFERENCIA: 946317
05-05-2024 15:32:08.315Z;functions.check_ted_branco;  APERTA EM CANCELAR
05-05-2024 15:32:08.409Z;functions.waitForImage;  PRESS BUTTON OK image found.
05-05-2024 15:32:10.530Z;functions.click_ok;  PRESS BUTTON OK
05-05-2024 15:32:22.968Z;functions.waitForImage;  ERROR GENERICO image not found.
05-05-2024 15:32:28.016Z;functions.waitForImage;  ERROR FILTRO PIX image not found.
05-05-2024 15:32:32.124Z;functions.check_ted_branco;  PASSANDO PARA PRÓXIMO REGISTRO
05-05-2024 15:32:36.226Z;functions.check_ted_branco;  REFERNCIA: 946748
05-05-2024 15:32:36.527Z;functions.check_ted_branco;  ENTRANDO NO REGISTRO 
05-05-2024 15:32:39.739Z;functions.waitForImage;  INTEGRAÇÃO BANCÁRIA image found.
05-05-2024 15:32:39.872Z;functions.check_ted_branco;  CLICA EM INTEGRAÇÃO BANCÁRIA
05-05-2024 15:32:39.872Z;functions.check_ted_branco;  VERIFICANDO INFORMAÇÕES
05-05-2024 15:32:40.586Z;functions.waitForImage;  TRES PONTINHOS image found.
05-05-2024 15:32:51.110Z;functions.check_ted_branco;  VERIFICANDO SE TEM PIX NO FILTRO
05-05-2024 15:32:51.212Z;functions.waitForImage;  CHECANDO DADOS BANCÁRIOS PIX image found.
05-05-2024 15:32:53.216Z;functions.check_ted_branco;  PIX NÃO ENCONTRADO PARA REFERENCIA: 946748
05-05-2024 15:32:56.922Z;functions.check_ted_branco;  APERTA EM CANCELAR
05-05-2024 15:32:57.016Z;functions.waitForImage;  PRESS BUTTON OK image found.
05-05-2024 15:32:59.140Z;functions.click_ok;  PRESS BUTTON OK
05-05-2024 15:33:11.549Z;functions.waitForImage;  ERROR GENERICO image not found.
05-05-2024 15:33:16.587Z;functions.waitForImage;  ERROR FILTRO PIX image not found.
05-05-2024 15:33:20.694Z;functions.check_ted_branco;  PASSANDO PARA PRÓXIMO REGISTRO
05-05-2024 15:33:24.796Z;functions.check_ted_branco;  REFERNCIA: 947162
05-05-2024 15:33:25.097Z;functions.check_ted_branco;  ENTRANDO NO REGISTRO 
05-05-2024 15:33:28.309Z;functions.waitForImage;  INTEGRAÇÃO BANCÁRIA image found.
05-05-2024 15:33:28.442Z;functions.check_ted_branco;  CLICA EM INTEGRAÇÃO BANCÁRIA
05-05-2024 15:33:28.442Z;functions.check_ted_branco;  VERIFICANDO INFORMAÇÕES
05-05-2024 15:33:29.177Z;functions.waitForImage;  TRES PONTINHOS image found.
05-05-2024 15:33:39.691Z;functions.check_ted_branco;  VERIFICANDO SE TEM PIX NO FILTRO
05-05-2024 15:33:39.785Z;functions.waitForImage;  CHECANDO DADOS BANCÁRIOS PIX image found.
05-05-2024 15:33:41.796Z;functions.check_ted_branco;  PIX NÃO ENCONTRADO PARA REFERENCIA: 947162
05-05-2024 15:33:45.502Z;functions.check_ted_branco;  APERTA EM CANCELAR
05-05-2024 15:33:45.586Z;functions.waitForImage;  PRESS BUTTON OK image found.
05-05-2024 15:33:47.717Z;functions.click_ok;  PRESS BUTTON OK
05-05-2024 15:34:00.100Z;functions.waitForImage;  ERROR GENERICO image not found.
05-05-2024 15:34:05.166Z;functions.waitForImage;  ERROR FILTRO PIX image not found.
05-05-2024 15:34:09.269Z;functions.check_ted_branco;  PASSANDO PARA PRÓXIMO REGISTRO
05-05-2024 15:34:13.371Z;functions.check_ted_branco;  REFERNCIA: 947310
05-05-2024 15:34:13.672Z;functions.check_ted_branco;  ENTRANDO NO REGISTRO 
05-05-2024 15:34:16.884Z;functions.waitForImage;  INTEGRAÇÃO BANCÁRIA image found.
05-05-2024 15:34:17.001Z;functions.check_ted_branco;  CLICA EM INTEGRAÇÃO BANCÁRIA
05-05-2024 15:34:17.001Z;functions.check_ted_branco;  VERIFICANDO INFORMAÇÕES
05-05-2024 15:34:17.147Z;functions.waitForImage;  TRES PONTINHOS image found.
05-05-2024 15:34:27.664Z;functions.check_ted_branco;  VERIFICANDO SE TEM PIX NO FILTRO
05-05-2024 15:34:27.758Z;functions.waitForImage;  CHECANDO DADOS BANCÁRIOS PIX image found.
05-05-2024 15:34:29.768Z;functions.check_ted_branco;  PIX NÃO ENCONTRADO PARA REFERENCIA: 947310
05-05-2024 15:34:33.474Z;functions.check_ted_branco;  APERTA EM CANCELAR
05-05-2024 15:34:33.568Z;functions.waitForImage;  PRESS BUTTON OK image found.
05-05-2024 15:34:35.695Z;functions.click_ok;  PRESS BUTTON OK
05-05-2024 15:34:48.103Z;functions.waitForImage;  ERROR GENERICO image not found.
05-05-2024 15:34:53.173Z;functions.waitForImage;  ERROR FILTRO PIX image not found.
05-05-2024 15:34:57.276Z;functions.check_ted_branco;  PASSANDO PARA PRÓXIMO REGISTRO
05-05-2024 15:35:01.378Z;functions.check_ted_branco;  REFERNCIA: 947444
05-05-2024 15:35:01.679Z;functions.check_ted_branco;  ENTRANDO NO REGISTRO 
05-05-2024 15:35:04.891Z;functions.waitForImage;  INTEGRAÇÃO BANCÁRIA image found.
05-05-2024 15:35:05.008Z;functions.check_ted_branco;  CLICA EM INTEGRAÇÃO BANCÁRIA
05-05-2024 15:35:05.008Z;functions.check_ted_branco;  VERIFICANDO INFORMAÇÕES
05-05-2024 15:35:05.712Z;functions.waitForImage;  TRES PONTINHOS image found.
05-05-2024 15:35:16.237Z;functions.check_ted_branco;  VERIFICANDO SE TEM PIX NO FILTRO
05-05-2024 15:35:16.331Z;functions.waitForImage;  CHECANDO DADOS BANCÁRIOS PIX image found.
05-05-2024 15:35:18.341Z;functions.check_ted_branco;  PIX NÃO ENCONTRADO PARA REFERENCIA: 947444
05-05-2024 15:35:22.048Z;functions.check_ted_branco;  APERTA EM CANCELAR
05-05-2024 15:35:22.141Z;functions.waitForImage;  PRESS BUTTON OK image found.
05-05-2024 15:35:24.281Z;functions.click_ok;  PRESS BUTTON OK
05-05-2024 15:35:36.690Z;functions.waitForImage;  ERROR GENERICO image not found.
05-05-2024 15:35:42.313Z;functions.waitForImage;  ERROR FILTRO PIX image not found.
05-05-2024 15:35:46.420Z;functions.check_ted_branco;  PASSANDO PARA PRÓXIMO REGISTRO
05-05-2024 15:35:50.522Z;functions.check_ted_branco;  REFERNCIA: 947445
05-05-2024 15:35:50.823Z;functions.check_ted_branco;  ENTRANDO NO REGISTRO 
05-05-2024 15:35:54.034Z;functions.waitForImage;  INTEGRAÇÃO BANCÁRIA image found.
05-05-2024 15:35:54.167Z;functions.check_ted_branco;  CLICA EM INTEGRAÇÃO BANCÁRIA
05-05-2024 15:35:54.168Z;functions.check_ted_branco;  VERIFICANDO INFORMAÇÕES
05-05-2024 15:35:54.866Z;functions.waitForImage;  TRES PONTINHOS image found.
05-05-2024 15:36:05.390Z;functions.check_ted_branco;  VERIFICANDO SE TEM PIX NO FILTRO
05-05-2024 15:36:05.491Z;functions.waitForImage;  CHECANDO DADOS BANCÁRIOS PIX image found.
05-05-2024 15:36:07.492Z;functions.check_ted_branco;  PIX NÃO ENCONTRADO PARA REFERENCIA: 947445
05-05-2024 15:36:11.198Z;functions.check_ted_branco;  APERTA EM CANCELAR
05-05-2024 15:36:11.292Z;functions.waitForImage;  PRESS BUTTON OK image found.
05-05-2024 15:36:13.423Z;functions.click_ok;  PRESS BUTTON OK
05-05-2024 15:36:25.840Z;functions.waitForImage;  ERROR GENERICO image not found.
05-05-2024 15:36:30.874Z;functions.waitForImage;  ERROR FILTRO PIX image not found.
05-05-2024 15:36:34.976Z;functions.check_ted_branco;  PASSANDO PARA PRÓXIMO REGISTRO
05-05-2024 15:36:39.078Z;functions.check_ted_branco;  REFERNCIA: 947446
05-05-2024 15:36:39.379Z;functions.check_ted_branco;  ENTRANDO NO REGISTRO 
05-05-2024 15:36:42.591Z;functions.waitForImage;  INTEGRAÇÃO BANCÁRIA image found.
05-05-2024 15:36:42.723Z;functions.check_ted_branco;  CLICA EM INTEGRAÇÃO BANCÁRIA
05-05-2024 15:36:42.723Z;functions.check_ted_branco;  VERIFICANDO INFORMAÇÕES
05-05-2024 15:36:43.441Z;functions.waitForImage;  TRES PONTINHOS image found.
05-05-2024 15:36:53.959Z;functions.check_ted_branco;  VERIFICANDO SE TEM PIX NO FILTRO
05-05-2024 15:36:54.053Z;functions.waitForImage;  CHECANDO DADOS BANCÁRIOS PIX image found.
05-05-2024 15:36:56.066Z;functions.check_ted_branco;  PIX NÃO ENCONTRADO PARA REFERENCIA: 947446
05-05-2024 15:36:59.772Z;functions.check_ted_branco;  APERTA EM CANCELAR
05-05-2024 15:36:59.866Z;functions.waitForImage;  PRESS BUTTON OK image found.
05-05-2024 15:37:01.993Z;functions.click_ok;  PRESS BUTTON OK
05-05-2024 15:37:14.386Z;functions.waitForImage;  ERROR GENERICO image not found.
05-05-2024 15:37:19.434Z;functions.waitForImage;  ERROR FILTRO PIX image not found.
05-05-2024 15:37:23.549Z;functions.check_ted_branco;  PASSANDO PARA PRÓXIMO REGISTRO
05-05-2024 15:37:27.651Z;functions.check_ted_branco;  REFERNCIA: 947447
05-05-2024 15:37:27.952Z;functions.check_ted_branco;  ENTRANDO NO REGISTRO 
05-05-2024 15:37:31.168Z;functions.waitForImage;  INTEGRAÇÃO BANCÁRIA image found.
05-05-2024 15:37:31.280Z;functions.check_ted_branco;  CLICA EM INTEGRAÇÃO BANCÁRIA
05-05-2024 15:37:31.280Z;functions.check_ted_branco;  VERIFICANDO INFORMAÇÕES
05-05-2024 15:37:31.984Z;functions.waitForImage;  TRES PONTINHOS image found.
05-05-2024 15:37:42.505Z;functions.check_ted_branco;  VERIFICANDO SE TEM PIX NO FILTRO
05-05-2024 15:37:42.598Z;functions.waitForImage;  CHECANDO DADOS BANCÁRIOS PIX image found.
05-05-2024 15:37:44.609Z;functions.check_ted_branco;  PIX NÃO ENCONTRADO PARA REFERENCIA: 947447
05-05-2024 15:37:48.316Z;functions.check_ted_branco;  APERTA EM CANCELAR
05-05-2024 15:37:48.409Z;functions.waitForImage;  PRESS BUTTON OK image found.
05-05-2024 15:37:50.563Z;functions.click_ok;  PRESS BUTTON OK
05-05-2024 15:38:02.958Z;functions.waitForImage;  ERROR GENERICO image not found.
05-05-2024 15:38:07.992Z;functions.waitForImage;  ERROR FILTRO PIX image not found.
05-05-2024 15:38:12.095Z;functions.check_ted_branco;  PASSANDO PARA PRÓXIMO REGISTRO
05-05-2024 15:38:16.197Z;functions.check_ted_branco;  REFERNCIA: 947641
05-05-2024 15:38:16.499Z;functions.check_ted_branco;  ENTRANDO NO REGISTRO 
05-05-2024 15:38:19.710Z;functions.waitForImage;  INTEGRAÇÃO BANCÁRIA image found.
05-05-2024 15:38:19.843Z;functions.check_ted_branco;  CLICA EM INTEGRAÇÃO BANCÁRIA
05-05-2024 15:38:19.843Z;functions.check_ted_branco;  VERIFICANDO INFORMAÇÕES
05-05-2024 15:38:20.555Z;functions.waitForImage;  TRES PONTINHOS image found.
05-05-2024 15:38:31.072Z;functions.check_ted_branco;  VERIFICANDO SE TEM PIX NO FILTRO
05-05-2024 15:38:31.177Z;functions.waitForImage;  CHECANDO DADOS BANCÁRIOS PIX image found.
05-05-2024 15:38:33.178Z;functions.check_ted_branco;  PIX NÃO ENCONTRADO PARA REFERENCIA: 947641
05-05-2024 15:38:36.885Z;functions.check_ted_branco;  APERTA EM CANCELAR
05-05-2024 15:38:36.978Z;functions.waitForImage;  PRESS BUTTON OK image found.
05-05-2024 15:38:39.112Z;functions.click_ok;  PRESS BUTTON OK
05-05-2024 15:38:51.546Z;functions.waitForImage;  ERROR GENERICO image not found.
05-05-2024 15:38:56.615Z;functions.waitForImage;  ERROR FILTRO PIX image not found.
05-05-2024 15:39:00.723Z;functions.check_ted_branco;  PASSANDO PARA PRÓXIMO REGISTRO
05-05-2024 15:39:04.825Z;functions.check_ted_branco;  REFERNCIA: 947642
05-05-2024 15:39:05.125Z;functions.check_ted_branco;  ENTRANDO NO REGISTRO 
05-05-2024 15:39:08.337Z;functions.waitForImage;  INTEGRAÇÃO BANCÁRIA image found.
05-05-2024 15:39:08.469Z;functions.check_ted_branco;  CLICA EM INTEGRAÇÃO BANCÁRIA
05-05-2024 15:39:08.469Z;functions.check_ted_branco;  VERIFICANDO INFORMAÇÕES
05-05-2024 15:39:09.197Z;functions.waitForImage;  TRES PONTINHOS image found.
05-05-2024 15:39:19.709Z;functions.check_ted_branco;  VERIFICANDO SE TEM PIX NO FILTRO
05-05-2024 15:39:19.819Z;functions.waitForImage;  CHECANDO DADOS BANCÁRIOS PIX image found.
05-05-2024 15:39:21.820Z;functions.check_ted_branco;  PIX NÃO ENCONTRADO PARA REFERENCIA: 947642
05-05-2024 15:39:25.527Z;functions.check_ted_branco;  APERTA EM CANCELAR
05-05-2024 15:39:25.637Z;functions.waitForImage;  PRESS BUTTON OK image found.
05-05-2024 15:39:27.765Z;functions.click_ok;  PRESS BUTTON OK
05-05-2024 15:39:40.207Z;functions.waitForImage;  ERROR GENERICO image not found.
05-05-2024 15:39:45.288Z;functions.waitForImage;  ERROR FILTRO PIX image not found.
05-05-2024 15:39:49.390Z;functions.check_ted_branco;  PASSANDO PARA PRÓXIMO REGISTRO
05-05-2024 15:39:53.493Z;functions.check_ted_branco;  REFERNCIA: 947864
05-05-2024 15:39:53.794Z;functions.check_ted_branco;  ENTRANDO NO REGISTRO 
05-05-2024 15:39:57.006Z;functions.waitForImage;  INTEGRAÇÃO BANCÁRIA image found.
05-05-2024 15:39:57.138Z;functions.check_ted_branco;  CLICA EM INTEGRAÇÃO BANCÁRIA
05-05-2024 15:39:57.138Z;functions.check_ted_branco;  VERIFICANDO INFORMAÇÕES
05-05-2024 15:39:57.888Z;functions.waitForImage;  TRES PONTINHOS image found.
05-05-2024 15:40:08.400Z;functions.check_ted_branco;  VERIFICANDO SE TEM PIX NO FILTRO
05-05-2024 15:40:08.493Z;functions.waitForImage;  CHECANDO DADOS BANCÁRIOS PIX image found.
05-05-2024 15:40:10.508Z;functions.check_ted_branco;  PIX NÃO ENCONTRADO PARA REFERENCIA: 947864
05-05-2024 15:40:14.215Z;functions.check_ted_branco;  APERTA EM CANCELAR
05-05-2024 15:40:14.309Z;functions.waitForImage;  PRESS BUTTON OK image found.
05-05-2024 15:40:16.440Z;functions.click_ok;  PRESS BUTTON OK
05-05-2024 15:40:28.903Z;functions.waitForImage;  ERROR GENERICO image not found.
05-05-2024 15:40:33.966Z;functions.waitForImage;  ERROR FILTRO PIX image not found.
05-05-2024 15:40:33.966Z;functions.check_ted_branco;  FORAI VERIFICADO: 26 REFERENCIAS NO PROCESSAMENTO FORMA DE PAGAMENTO ELETRONICA EM BRANCO
05-05-2024 15:40:35.805Z;errorhandler.__handle;  Property: Unknown Property name. [1:203: -ms-interpolation-mode]
05-05-2024 15:40:35.821Z;errorhandler.__handle;  Property: Unknown Property name. [1:353: -webkit-font-smoothing]
05-05-2024 15:40:35.821Z;errorhandler.__handle;  Property: Unknown Property name. [1:483: -ms-text-size-adjust]
05-05-2024 15:40:35.821Z;errorhandler.__handle;  Property: Unknown Property name. [1:518: -webkit-text-size-adjust]
05-05-2024 15:40:35.821Z;errorhandler.__handle;  Property: Unknown Property name. [1:612: mso-table-lspace]
05-05-2024 15:40:35.821Z;errorhandler.__handle;  Property: Unknown Property name. [1:642: mso-table-rspace]
05-05-2024 15:40:35.868Z;errorhandler.__handle;  Property: Unknown Property name. [1:4734: mso-hide]
05-05-2024 15:40:35.899Z;errorhandler.__handle;  Property: Unknown Property name. [1:13: -ms-interpolation-mode]
05-05-2024 15:40:35.899Z;errorhandler.__handle;  Property: Unknown Property name. [1:49: -webkit-font-smoothing]
05-05-2024 15:40:35.899Z;errorhandler.__handle;  Property: Unknown Property name. [1:134: -ms-text-size-adjust]
05-05-2024 15:40:35.899Z;errorhandler.__handle;  Property: Unknown Property name. [1:160: -webkit-text-size-adjust]
05-05-2024 15:40:35.899Z;errorhandler.__handle;  Property: Unknown Property name. [1:26: mso-table-lspace]
05-05-2024 15:40:35.899Z;errorhandler.__handle;  Property: Unknown Property name. [1:45: mso-table-rspace]
05-05-2024 15:40:35.915Z;errorhandler.__handle;  Property: Unknown Property name. [1:92: mso-hide]
05-05-2024 15:40:35.915Z;errorhandler.__handle;  Property: No ":" after name found: align-center [1:1: align-center]
05-05-2024 15:40:35.915Z;errorhandler.__handle;  Property: No property value found: align-center [1:1: align-center]
05-05-2024 15:40:35.915Z;errorhandler.__handle;  CSSStyleDeclaration: Syntax Error in Property: align-center
05-05-2024 15:40:35.915Z;errorhandler.__handle;  Property: Unknown Property name. [1:14: -ms-interpolation-mode]
05-05-2024 15:40:38.540Z;functions.emailFinalizado;  Warning e-mail sent.
05-05-2024 15:40:38.540Z;main.<module>;  Remessa Bancária TED CIP com filtro de pagamento eletronica em branco modificadas para pix 
 PASSO 3 FINALIZADO
05-05-2024 15:40:38.540Z;main.<module>;  O PROGRAMA SERÁ ENCERRADO
05-05-2024 15:40:39.571Z;errorhandler.__handle;  Property: Unknown Property name. [1:14: -ms-interpolation-mode]
05-05-2024 15:40:41.540Z;functions.emailFinalizado;  Warning e-mail sent.
05-05-2024 15:40:41.637Z;functions.end_RM;  RM ENCERRADO
