25-01-2024 16:11:31.364Z;functions.bot_text_art;      ____   
25-01-2024 16:11:31.365Z;functions.bot_text_art;     [____]    
25-01-2024 16:11:31.366Z;functions.bot_text_art;   |=]()()[=|  
25-01-2024 16:11:31.366Z;functions.bot_text_art;     _\==/__    _____    ____     _        _____    ___   _  __
25-01-2024 16:11:31.366Z;functions.bot_text_art;   |__|   |_|  |  _  \  / ___|   | |      |_   _| / ___| | |/ /
25-01-2024 16:11:31.366Z;functions.bot_text_art;   |_|_/\_|_|  | |  | | | |      | |        | |   | |    | ' / 
25-01-2024 16:11:31.366Z;functions.bot_text_art;   | | __ | |  | |  | | | |      | |        | |   | |    |  <  
25-01-2024 16:11:31.366Z;functions.bot_text_art;   |_|[  ]|_|  | |__| | | |____  | |____   _| |_  | |__  | . \ 
25-01-2024 16:11:31.367Z;functions.bot_text_art;   \_|_||_|_/  |_____/   \_____| |______| |_____| \ ___| |_|\_\
25-01-2024 16:11:31.367Z;functions.bot_text_art;     |_||_|                                                     
25-01-2024 16:11:31.367Z;functions.bot_text_art;     | ||_|_   
25-01-2024 16:11:31.367Z;functions.bot_text_art;   |___||___|  
25-01-2024 16:11:31.367Z;functions.bot_text_art;               
25-01-2024 16:11:31.372Z;functions.open_RM;  OPEN PROGRAM RM
25-01-2024 16:11:38.582Z;functions.loggin_RM;  ENTER USER_NAME
25-01-2024 16:11:39.503Z;functions.loggin_RM;  ENTER PASSWORD
25-01-2024 16:11:40.280Z;functions.loggin_RM;  ENTER RM
25-01-2024 16:12:09.366Z;functions.enter_coligada;  CLICK CONTEXTO
25-01-2024 16:12:13.336Z;functions.enter_coligada;  CLICK COLIGADA 1
25-01-2024 16:12:14.806Z;functions.enter_coligada;  CLICK AVANÇAR
25-01-2024 16:12:16.550Z;functions.enter_coligada;  INSERE O COLIGADA CODE = 1
25-01-2024 16:12:16.651Z;functions.enter_coligada;  APERTA TAB PARA PREENCHER O CAMPO COM A STRING: OCEANICA ENGENHARIA E CONSULTORIA S.A.
25-01-2024 16:12:18.025Z;functions.enter_coligada;  CLICK AVANÇAR NOVAMENTE
25-01-2024 16:12:18.991Z;functions.enter_coligada;  CLICK CONCLUIR
25-01-2024 16:12:29.993Z;functions.enter_coligada;  POP UP COLIGADA DESAPARECER
25-01-2024 16:12:30.650Z;functions.enter_contas_a_pagar;  CLICK - TOTVS - LINHA RM
25-01-2024 16:12:31.773Z;functions.enter_contas_a_pagar;  CLICK - BACK OFFICE
25-01-2024 16:12:34.119Z;functions.enter_contas_a_pagar;  CLICK - GESTAO FINANCEIRA
25-01-2024 16:12:39.680Z;functions.enter_contas_a_pagar;  CLICK - CONTAS A PAGAR
25-01-2024 16:12:39.777Z;functions.waitForImage;  LANÇAMENTOS image found.
25-01-2024 16:12:41.879Z;functions.enter_contas_a_pagar;  CLICA EM LANÇAMENTOS
25-01-2024 16:12:57.061Z;functions.waitForImage;  LICENCAS EXCEDIDAS image not found.
25-01-2024 16:12:57.062Z;functions.data_filter;  DATA INICIO 31-01-2024
25-01-2024 16:12:57.062Z;functions.data_filter;  DATA FIM 06-02-2024
25-01-2024 16:12:57.062Z;functions.data_filter;  CLICK - SELECIONA A DATA DE QUARTA FEIRA E DA PROXIMA TERÇA
25-01-2024 16:12:57.062Z;functions.data_filter;  QUARTA-FEIRA: 31-01-2024
25-01-2024 16:12:57.063Z;functions.data_filter;  TERCA-FEIRA: 06-02-2024
25-01-2024 16:12:57.733Z;functions.data_filter;  ESCREVE REMESSA BANCÁRIA NO FILTRO
25-01-2024 16:12:58.898Z;functions.data_filter;  CLICK - BUTÃO DE SELECAO DE FILTRO
25-01-2024 16:13:00.817Z;functions.data_filter;  INSERE - DATA DE QUARTA-FEIRA: 31-01-2024
25-01-2024 16:13:02.368Z;functions.data_filter;  INSERE - DATA DA PROX TERCA-FEIRA: 06-02-2024
25-01-2024 16:13:03.056Z;functions.data_filter;  CLICK - BUTÃO DE EXECUTAR O FILTRO
25-01-2024 16:14:03.773Z;functions.desmark_filter;  CLICK CHECKBOX LANÇAMENTOS A RECEBER
25-01-2024 16:14:04.649Z;functions.desmark_filter;  CLICK CHECKBOX LANÇAMENTOS BAIXADOS
25-01-2024 16:14:05.586Z;functions.desmark_filter;  CLICK CHECKBOX LANÇAMENTOS CANCELADOS
25-01-2024 16:14:06.586Z;functions.desmark_filter;  CLICK CHECKBOX LANÇAMENTOS FATURADOS
25-01-2024 16:14:07.587Z;functions.desmark_filter;  CLICK CHECKBOX LANÇAMENTOS FATURADOS
25-01-2024 16:14:22.677Z;functions.waitForImage;  FILTER CLEAN image found.
25-01-2024 16:14:24.780Z;functions.filter_clean;  CLICA NO BOTÃO X DO LIMPA FILTRO
25-01-2024 16:14:26.782Z;functions.check_table_record;  VERIFICANDO SE A TABELA ESTÁ VAZIA
25-01-2024 16:14:39.517Z;functions.check_table_record;  ATENÇÃO: 

Este processo exige que seja selecionado ao menos um registro para sua execução.
Como não foi feita nenhuma seleção, você deseja executá-lo para TODOS os 80 registros?
25-01-2024 16:14:41.519Z;functions.check_table_record;  NUMERO DE TUPLAS: 80
25-01-2024 16:14:41.519Z;functions.check_table_record;  TABELA CONTÉM REGISTROS
25-01-2024 16:14:45.245Z;functions.check_table_record;  CLICK NÃO
25-01-2024 16:15:01.212Z;functions.select_tipo_documento;  NOME DA COLUNA: Tipo de Documento
25-01-2024 16:15:02.539Z;functions.select_tipo_documento;  HOVER NOME DA COLUNA: Tipo de Documento
25-01-2024 16:15:03.120Z;functions.select_tipo_documento;  CLICA NO FILTRO PERSONALIZAR
25-01-2024 16:15:04.088Z;functions.select_tipo_documento;  CLICA PARA SELECIONAR OPÇÕES DO FILTRO
25-01-2024 16:15:11.149Z;functions.select_tipo_documento;  CLICK BUTTON CONFIRMAR FILTRO
25-01-2024 16:15:16.150Z;functions.filter_IPTE;  VERIFICANDO O COD DO CLIENTE EM CADA REGISTRO
25-01-2024 16:15:16.992Z;functions.filter_IPTE;  CLICA NA PRIMEIRA LINHA DA TABELA
25-01-2024 16:15:35.756Z;functions.filter_IPTE;  HOVER FILTER
25-01-2024 16:15:36.374Z;functions.filter_IPTE;  CLICK FILTER
25-01-2024 16:15:40.680Z;functions.filter_IPTE;  CLICA NO FILTRO PERSONALIZAR
25-01-2024 16:15:48.673Z;functions.check_table_record;  VERIFICANDO SE A TABELA ESTÁ VAZIA
25-01-2024 16:16:01.625Z;functions.check_table_record;  ATENÇÃO: 

Este processo exige que seja selecionado ao menos um registro para sua execução.
Como não foi feita nenhuma seleção, você deseja executá-lo para TODOS os 2 registros?
25-01-2024 16:16:03.625Z;functions.check_table_record;  NUMERO DE TUPLAS: 2
25-01-2024 16:16:03.625Z;functions.check_table_record;  TABELA CONTÉM REGISTROS
25-01-2024 16:16:07.348Z;functions.check_table_record;  CLICK NÃO
25-01-2024 16:16:18.086Z;functions.select_all_func;  SELECIONA TODOS OS REGISTROS
25-01-2024 16:16:18.086Z;functions.check_payment_type;  VERIFICANDO O COD DO CLIENTE EM CADA REGISTRO
25-01-2024 16:16:18.962Z;functions.check_payment_type;  CLICA NA PRIMEIRA LINHA DA TABELA
25-01-2024 16:16:27.064Z;functions.check_payment_type;  REF. LANÇAMENTO: 909813
25-01-2024 16:16:27.167Z;functions.check_payment_type;  ENTRANDO NO REGISTRO
25-01-2024 16:16:32.806Z;functions.waitForImage;  INTEGRAÇÃO BANCÁRIA image found.
25-01-2024 16:16:34.937Z;functions.check_payment_type;  CLICA EM INTEGRAÇÃO BANCÁRIA
25-01-2024 16:16:34.937Z;functions.check_payment_type;  VERIFICANDO INFORMAÇÕES
25-01-2024 16:16:38.019Z;functions.waitForImage;  DADOS BANCARIOS image found.
25-01-2024 16:16:38.124Z;functions.check_payment_type;  CLICK EM INTEGRAÇÃO BANCÁRIA
25-01-2024 16:16:40.125Z;functions.check_payment_type;  ENTROU DADOS BANCÁRIOS
25-01-2024 16:16:40.227Z;functions.check_payment_type;  APERTA TAB
25-01-2024 16:16:42.328Z;functions.check_payment_type;  CTRL C
25-01-2024 16:16:43.328Z;functions.check_payment_type;  DESCRICAO CORRETA BOLETO
25-01-2024 16:16:43.400Z;functions.waitForImage;  FORMA DE PAGAMENTO image found.
25-01-2024 16:16:45.401Z;functions.check_payment_type;  FORMA DE PAGAMENTO: TITULO DE COBRANÇA (BOLETO)
25-01-2024 16:16:47.486Z;functions.waitForImage;  PRESS BUTTON OK image found.
25-01-2024 16:16:49.593Z;functions.check_payment_type;  PRESS BUTTON OK
25-01-2024 16:16:51.674Z;functions.waitForImage;  PRESS BUTTON OK 2 image found.
25-01-2024 16:16:53.780Z;functions.check_payment_type;  PRESS BUTTON OK 2
25-01-2024 16:17:00.882Z;functions.check_payment_type;  PASSANDO PARA PRÓXIMO REGISTRO
25-01-2024 16:17:10.984Z;functions.check_payment_type;  REF. LANÇAMENTO: 909818
25-01-2024 16:17:11.086Z;functions.check_payment_type;  ENTRANDO NO REGISTRO
25-01-2024 16:17:14.374Z;functions.waitForImage;  INTEGRAÇÃO BANCÁRIA image found.
25-01-2024 16:17:16.500Z;functions.check_payment_type;  CLICA EM INTEGRAÇÃO BANCÁRIA
25-01-2024 16:17:16.500Z;functions.check_payment_type;  VERIFICANDO INFORMAÇÕES
25-01-2024 16:17:19.581Z;functions.waitForImage;  DADOS BANCARIOS image found.
25-01-2024 16:17:19.686Z;functions.check_payment_type;  CLICK EM INTEGRAÇÃO BANCÁRIA
25-01-2024 16:17:21.687Z;functions.check_payment_type;  ENTROU DADOS BANCÁRIOS
25-01-2024 16:17:21.789Z;functions.check_payment_type;  APERTA TAB
25-01-2024 16:17:23.890Z;functions.check_payment_type;  CTRL C
25-01-2024 16:17:24.891Z;functions.check_payment_type;  DESCRICAO CORRETA BOLETO
25-01-2024 16:17:24.966Z;functions.waitForImage;  FORMA DE PAGAMENTO image found.
25-01-2024 16:17:26.967Z;functions.check_payment_type;  FORMA DE PAGAMENTO: TITULO DE COBRANÇA (BOLETO)
25-01-2024 16:17:29.050Z;functions.waitForImage;  PRESS BUTTON OK image found.
25-01-2024 16:17:31.156Z;functions.check_payment_type;  PRESS BUTTON OK
25-01-2024 16:17:33.245Z;functions.waitForImage;  PRESS BUTTON OK 2 image found.
25-01-2024 16:17:35.374Z;functions.check_payment_type;  PRESS BUTTON OK 2
25-01-2024 16:17:42.476Z;functions.check_payment_type;  PASSANDO PARA PRÓXIMO REGISTRO
25-01-2024 16:17:49.212Z;functions.process_lancamentos;  CLICA PARA APARECER CONTA/CAIXA
25-01-2024 16:17:49.993Z;functions.process_lancamentos;  SELECIONA CONTA/CAIXA
25-01-2024 16:17:50.776Z;functions.process_lancamentos;  CLICA NO BOTÃO [...]
25-01-2024 16:17:55.880Z;functions.process_lancamentos;  CLICA NO CAMPO PESQUISA E DIGITA: %3212
25-01-2024 16:17:56.618Z;functions.process_lancamentos;  CLICA NO BOTÃO DO FILTRO
25-01-2024 16:17:57.430Z;functions.process_lancamentos;  CLICA NO BOTÃO OK
25-01-2024 16:17:58.181Z;functions.process_lancamentos;  CLICA NO BOTÃO EXECUTAR
25-01-2024 16:18:58.244Z;functions.waitForImage;  PRESS BUTTON OK image not found.
25-01-2024 16:18:58.245Z;functions.process_lancamentos;  LANÇAMENTO COM ERRO
