22-04-2024 07:00:19.535Z;functions.bot_text_art;      ____   
22-04-2024 07:00:19.535Z;functions.bot_text_art;     [____]    
22-04-2024 07:00:19.535Z;functions.bot_text_art;   |=]()()[=|  
22-04-2024 07:00:19.535Z;functions.bot_text_art;     _\==/__    _____    ____     _        _____    ___   _  __
22-04-2024 07:00:19.535Z;functions.bot_text_art;   |__|   |_|  |  _  \  / ___|   | |      |_   _| / ___| | |/ /
22-04-2024 07:00:19.535Z;functions.bot_text_art;   |_|_/\_|_|  | |  | | | |      | |        | |   | |    | ' / 
22-04-2024 07:00:19.535Z;functions.bot_text_art;   | | __ | |  | |  | | | |      | |        | |   | |    |  <  
22-04-2024 07:00:19.535Z;functions.bot_text_art;   |_|[  ]|_|  | |__| | | |____  | |____   _| |_  | |__  | . \ 
22-04-2024 07:00:19.564Z;functions.bot_text_art;   \_|_||_|_/  |_____/   \_____| |______| |_____| \ ___| |_|\_\
22-04-2024 07:00:19.564Z;functions.bot_text_art;     |_||_|                                                     
22-04-2024 07:00:19.564Z;functions.bot_text_art;     | ||_|_   
22-04-2024 07:00:19.564Z;functions.bot_text_art;   |___||___|  
22-04-2024 07:00:19.564Z;functions.bot_text_art;               
22-04-2024 07:00:19.569Z;functions.open_RM;  OPEN PROGRAM RM
22-04-2024 07:00:27.065Z;functions.loggin_RM;  ENTER USER_NAME
22-04-2024 07:00:31.082Z;functions.loggin_RM;  ENTER PASSWORD
22-04-2024 07:00:31.939Z;functions.loggin_RM;  ENTER RM
22-04-2024 07:01:05.952Z;functions.enter_coligada;  CLICK CONTEXTO
22-04-2024 07:01:07.608Z;functions.enter_coligada;  CLICK ALTERAR MODULO DO CONTEXTO
22-04-2024 07:01:09.856Z;functions.enter_coligada;  INSERE O COLIGADA CODE = 1
22-04-2024 07:01:09.958Z;functions.enter_coligada;  APERTA TAB PARA PREENCHER O CAMPO COM A STRING: OCEANICA ENGENHARIA E CONSULTORIA S.A.
22-04-2024 07:01:10.842Z;functions.enter_coligada;  CLICK AVANÇAR NOVAMENTE
22-04-2024 07:01:11.706Z;functions.enter_coligada;  CLICK CONCLUIR
22-04-2024 07:01:20.654Z;functions.enter_coligada;  POP UP COLIGADA DESAPARECER
22-04-2024 07:01:21.295Z;functions.check_movimentacao_bancaria;  CLICK - TOTVS - LINHA RM
22-04-2024 07:01:22.365Z;functions.check_movimentacao_bancaria;  CLICK - BACK OFFICE
22-04-2024 07:01:23.092Z;functions.check_movimentacao_bancaria;  CLICK - GESTAO FINANCEIRA
22-04-2024 07:01:27.857Z;functions.movimentacao_bancaria;  CLICA NA ABA MOVIMENTAÇÃO BANCARIA
22-04-2024 07:01:28.031Z;functions.waitForImage;  IMAGEM BORDERO image found.
22-04-2024 07:01:30.133Z;functions.movimentacao_bancaria;  IMAGEM BORDERO CLICADA.
22-04-2024 07:01:40.775Z;functions.waitForImage;  LICENCAS EXCEDIDAS image not found.
22-04-2024 07:01:41.353Z;functions.movimentacao_bancaria;  ENCONTROU O FILTRO DA MOVIMENTAÇÃO BANCÁRIA
22-04-2024 07:01:41.369Z;functions.movimentacao_bancaria;  CLICA NA ABA SUPERIOR DO FILTRO
22-04-2024 07:01:45.878Z;functions.movimentacao_bancaria;  SELECIONA O FILTRO HOJE
22-04-2024 07:01:50.988Z;functions.waitForImage;  FILTER CLEAN image found.
22-04-2024 07:01:53.118Z;functions.filter_clean;  CLICA NO BOTÃO X DO LIMPA FILTRO
22-04-2024 07:02:08.328Z;functions.waitForImage;  FILTER CLEAN image not found.
22-04-2024 07:02:23.500Z;functions.waitForImage;  FILTER CLEAN image not found.
22-04-2024 07:02:24.400Z;functions.movimentacao_bancaria;  CLICA NA PRIMEIRA LINHA DA TABELA MOVIMENTAÇÃO BANCÁRIA
22-04-2024 07:02:25.227Z;functions.movimentacao_bancaria;  CLICA NA PRIMEIRA LINHA DA TABELA MOVIMENTAÇÃO BANCÁRIA
22-04-2024 07:02:26.450Z;functions.movimentacao_bancaria;  12 PASSOS PARA DIREITA NA TABELA >>
22-04-2024 07:02:27.822Z;functions.movimentacao_bancaria;  HOVER FILTER
22-04-2024 07:02:28.180Z;functions.movimentacao_bancaria;  CLICK FILTER
22-04-2024 07:02:32.491Z;functions.movimentacao_bancaria;  CLICA NO FILTRO  STATUS DA REMESSA
22-04-2024 07:02:34.592Z;functions.movimentacao_bancaria;  APERTA TAB PARA ESCREVER O FILTRO
22-04-2024 07:02:36.698Z;functions.movimentacao_bancaria;  ESCREVE PENDENTE NO FILTRO
22-04-2024 07:02:38.800Z;functions.movimentacao_bancaria;  APERTA ENTER PARA SELECIONAR OS PENDENTES
22-04-2024 07:03:00.132Z;functions.movimentacao_bancaria;  SEM PROCESSAMENTO DE BORDERO PENDENTE
22-04-2024 07:03:10.241Z;functions.waitForImage;  FILTER CLEAN image found.
22-04-2024 07:03:12.374Z;functions.filter_clean;  CLICA NO BOTÃO X DO LIMPA FILTRO
22-04-2024 07:03:27.599Z;functions.waitForImage;  FILTER CLEAN image not found.
22-04-2024 07:03:42.871Z;functions.waitForImage;  FILTER CLEAN image not found.
22-04-2024 07:03:43.801Z;functions.processo_pagamento;  CLICA NA PRIMEIRA LINHA DA TABELA MOVIMENTAÇÃO BANCÁRIA
22-04-2024 07:03:45.159Z;functions.processo_pagamento;  HOVER FILTER
22-04-2024 07:03:45.482Z;functions.processo_pagamento;  CLICK FILTER
22-04-2024 07:03:49.801Z;functions.processo_pagamento;  CLICA NO FILTRO  STATUS DA REMESSA
22-04-2024 07:03:51.902Z;functions.processo_pagamento;  APERTA TAB PARA ESCREVER O FILTRO
22-04-2024 07:03:54.007Z;functions.processo_pagamento;  ESCREVE AUTORIZADO NO FILTRO
22-04-2024 07:03:56.109Z;functions.processo_pagamento;  APERTA ENTER PARA SELECIONAR OS AUTORIZADOS
22-04-2024 07:04:17.408Z;functions.processo_pagamento;  SEM REMESSA DE BORDERO AUTORIZADO
22-04-2024 07:04:18.510Z;functions.processo_pagamento;  FECHA ABA MOVIMENTAÇÕES BANCÁRIAS
22-04-2024 07:04:19.388Z;functions.enter_contas_a_pagar;  CLICK - TOTVS - LINHA RM
22-04-2024 07:04:20.391Z;functions.enter_contas_a_pagar;  CLICK - BACK OFFICE
22-04-2024 07:04:21.126Z;functions.enter_contas_a_pagar;  CLICK - GESTAO FINANCEIRA
22-04-2024 07:04:26.048Z;functions.enter_contas_a_pagar;  CLICK - CONTAS A PAGAR
22-04-2024 07:04:26.230Z;functions.waitForImage;  LANÇAMENTOS image found.
22-04-2024 07:04:28.351Z;functions.enter_contas_a_pagar;  CLICA EM LANÇAMENTOS
22-04-2024 07:04:43.956Z;functions.waitForImage;  LICENCAS EXCEDIDAS image not found.
22-04-2024 07:04:43.956Z;functions.obter_intervalo_data;  VERIFICANDO A HORA ATUAL 7
22-04-2024 07:04:43.972Z;functions.obter_intervalo_data;  Data Inicial BANCARIA antes da remoção: None
22-04-2024 07:04:43.972Z;functions.obter_intervalo_data;  Data Final BANCARIA antes da remoção: None
22-04-2024 07:04:43.972Z;functions.obter_intervalo_data;  Data Inicial BANCARIA após a remoção: None
22-04-2024 07:04:43.972Z;functions.obter_intervalo_data;  Data Final BANCARIA após a remoção: None
22-04-2024 07:04:43.972Z;functions.obter_intervalo_data;  hoje -  2024-04-22 07:04:43.972556
22-04-2024 07:04:43.972Z;functions.data_filter;  DATA INICIO 24-04-2024
22-04-2024 07:04:43.972Z;functions.data_filter;  DATA FIM 30-04-2024
22-04-2024 07:04:43.972Z;functions.data_filter;  CLICK - SELECIONA A DATA DE QUARTA FEIRA E DA PROXIMA TERÇA
22-04-2024 07:04:43.972Z;functions.data_filter;  QUARTA-FEIRA: 24-04-2024
22-04-2024 07:04:43.972Z;functions.data_filter;  TERCA-FEIRA: 30-04-2024
22-04-2024 07:04:52.686Z;functions.data_filter;  CLICK - BOTAO DE SELECAO DE FILTRO
22-04-2024 07:05:15.044Z;functions.show_exception_and_exit;  'NoneType' object has no attribute 'double_click'
Traceback (most recent call last):
  File "C:\Projetos_Remessas\Remessa_Bancaria\main.py", line 17, in <module>
    data_filter()
  File "C:\Projetos_Remessas\Remessa_Bancaria\SUBPROGRAMS\functions.py", line 221, in data_filter
    start_dt.double_click()
    ^^^^^^^^^^^^^^^^^^^^^
AttributeError: 'NoneType' object has no attribute 'double_click'
22-04-2024 07:05:15.500Z;functions.show_exception_and_exit;  PRINT SALVO
22-04-2024 07:05:15.579Z;functions.show_exception_and_exit;  RM FECHADO
22-04-2024 07:05:17.717Z;errorhandler.__handle;  Property: Unknown Property name. [1:203: -ms-interpolation-mode]
22-04-2024 07:05:17.717Z;errorhandler.__handle;  Property: Unknown Property name. [1:353: -webkit-font-smoothing]
22-04-2024 07:05:17.732Z;errorhandler.__handle;  Property: Unknown Property name. [1:483: -ms-text-size-adjust]
22-04-2024 07:05:17.732Z;errorhandler.__handle;  Property: Unknown Property name. [1:518: -webkit-text-size-adjust]
22-04-2024 07:05:17.732Z;errorhandler.__handle;  Property: Unknown Property name. [1:612: mso-table-lspace]
22-04-2024 07:05:17.732Z;errorhandler.__handle;  Property: Unknown Property name. [1:642: mso-table-rspace]
22-04-2024 07:05:17.779Z;errorhandler.__handle;  Property: Unknown Property name. [1:4734: mso-hide]
22-04-2024 07:05:17.810Z;errorhandler.__handle;  Property: Unknown Property name. [1:13: -ms-interpolation-mode]
22-04-2024 07:05:17.810Z;errorhandler.__handle;  Property: Unknown Property name. [1:49: -webkit-font-smoothing]
22-04-2024 07:05:17.810Z;errorhandler.__handle;  Property: Unknown Property name. [1:134: -ms-text-size-adjust]
22-04-2024 07:05:17.810Z;errorhandler.__handle;  Property: Unknown Property name. [1:160: -webkit-text-size-adjust]
22-04-2024 07:05:17.810Z;errorhandler.__handle;  Property: Unknown Property name. [1:26: mso-table-lspace]
22-04-2024 07:05:17.810Z;errorhandler.__handle;  Property: Unknown Property name. [1:45: mso-table-rspace]
22-04-2024 07:05:17.810Z;errorhandler.__handle;  Property: Unknown Property name. [1:92: mso-hide]
22-04-2024 07:05:17.826Z;errorhandler.__handle;  Property: No ":" after name found: align-center [1:1: align-center]
22-04-2024 07:05:17.826Z;errorhandler.__handle;  Property: No property value found: align-center [1:1: align-center]
22-04-2024 07:05:17.826Z;errorhandler.__handle;  CSSStyleDeclaration: Syntax Error in Property: align-center
22-04-2024 07:05:17.826Z;errorhandler.__handle;  Property: Unknown Property name. [1:14: -ms-interpolation-mode]
22-04-2024 07:05:25.731Z;functions.show_exception_and_exit;  EMAIL EXCEÇÃO ENVIADO
22-04-2024 07:05:25.731Z;functions.show_exception_and_exit;  ERRO - <class 'AttributeError'> / 'NoneType' object has no attribute 'double_click'
