25-11-2023 16:40:53.642Z;functions.bot_text_art;      ____   
25-11-2023 16:40:53.643Z;functions.bot_text_art;     [____]    
25-11-2023 16:40:53.644Z;functions.bot_text_art;   |=]()()[=|  
25-11-2023 16:40:53.644Z;functions.bot_text_art;     _\==/__    _____    ____     _        _____    ___   _  __
25-11-2023 16:40:53.645Z;functions.bot_text_art;   |__|   |_|  |  _  \  / ___|   | |      |_   _| / ___| | |/ /
25-11-2023 16:40:53.646Z;functions.bot_text_art;   |_|_/\_|_|  | |  | | | |      | |        | |   | |    | ' / 
25-11-2023 16:40:53.646Z;functions.bot_text_art;   | | __ | |  | |  | | | |      | |        | |   | |    |  <  
25-11-2023 16:40:53.647Z;functions.bot_text_art;   |_|[  ]|_|  | |__| | | |____  | |____   _| |_  | |__  | . \ 
25-11-2023 16:40:53.650Z;functions.bot_text_art;   \_|_||_|_/  |_____/   \_____| |______| |_____| \ ___| |_|\_\
25-11-2023 16:40:53.651Z;functions.bot_text_art;     |_||_|                                                     
25-11-2023 16:40:53.653Z;functions.bot_text_art;     | ||_|_   
25-11-2023 16:40:53.653Z;functions.bot_text_art;   |___||___|  
25-11-2023 16:40:53.654Z;functions.bot_text_art;               
25-11-2023 16:40:53.664Z;functions.open_RM;  OPEN PROGRAM RM
25-11-2023 16:41:07.257Z;functions.loggin_RM;  ENTER USER_NAME
25-11-2023 16:41:08.661Z;functions.loggin_RM;  ENTER PASSWORD
25-11-2023 16:41:09.799Z;functions.loggin_RM;  ENTER RM
25-11-2023 16:41:43.429Z;functions.enter_coligada;  CLICK CONTEXTO
25-11-2023 16:41:48.685Z;functions.enter_coligada;  CLICK COLIGADA 1
25-11-2023 16:41:50.802Z;functions.enter_coligada;  CLICK AVANÇAR
25-11-2023 16:41:53.571Z;functions.enter_coligada;  INSERE O COLIGADA CODE = 1
25-11-2023 16:41:53.764Z;functions.enter_coligada;  APERTA TAB PARA PREENCHER O CAMPO COM A STRING: OCEANICA ENGENHARIA E CONSULTORIA S.A.
25-11-2023 16:41:55.046Z;functions.enter_coligada;  CLICK AVANÇAR NOVAMENTE
25-11-2023 16:41:56.371Z;functions.enter_coligada;  CLICK CONCLUIR
25-11-2023 16:42:19.271Z;functions.enter_coligada;  POP UP COLIGADA DESAPARECER
25-11-2023 16:42:20.134Z;functions.enter_contas_a_pagar;  CLICK - TOTVS - LINHA RM
25-11-2023 16:42:21.948Z;functions.enter_contas_a_pagar;  CLICK - BACK OFFICE
25-11-2023 16:42:24.730Z;functions.enter_contas_a_pagar;  CLICK - GESTAO FINANCEIRA
25-11-2023 16:42:31.808Z;functions.enter_contas_a_pagar;  CLICK - CONTAS A PAGAR
25-11-2023 16:42:32.718Z;functions.waitForImage;  LANÇAMENTOS image found.
25-11-2023 16:42:34.838Z;functions.enter_contas_a_pagar;  CLICA EM LANÇAMENTOS
25-11-2023 16:42:36.841Z;functions.data_filter;  CLICK - SELECIONA A DATA DE QUARTA FEIRA E DA PROXIMA TERÇA
25-11-2023 16:42:36.842Z;functions.data_filter;  QUARTA-FEIRA: 29-11-2023
25-11-2023 16:42:36.843Z;functions.data_filter;  TERCA-FEIRA: 05-12-2023
25-11-2023 16:42:57.780Z;functions.data_filter;  ESCREVE REMESSA BANCÁRIA NO FILTRO
25-11-2023 16:42:59.979Z;functions.data_filter;  CLICK - BUTÃO DE SELECAO DE FILTRO
25-11-2023 16:43:03.013Z;functions.data_filter;  INSERE - DATA DE QUARTA-FEIRA: 29-11-2023
25-11-2023 16:43:05.416Z;functions.data_filter;  INSERE - DATA DA PROX TERCA-FEIRA: 05-12-2023
25-11-2023 16:43:06.346Z;functions.data_filter;  CLICK - BUTÃO DE EXECUTAR O FILTRO
25-11-2023 16:43:17.303Z;functions.select_tipo_documento;  NOME DA COLUNA: Tipo de Documento
25-11-2023 16:43:17.543Z;functions.waitForImage;  FILTER CLEAN image found.
25-11-2023 16:43:19.687Z;functions.filter_clean;  CLICA NO BOTÃO X DO LIMPA FILTRO
25-11-2023 16:43:23.369Z;functions.select_tipo_documento;  NOME DA COLUNA: Tipo de Documento
25-11-2023 16:43:25.143Z;functions.select_tipo_documento;  HOVER NOME DA COLUNA: Tipo de Documento
25-11-2023 16:43:25.307Z;functions.select_tipo_documento;  CLICA PARA APARECER O FILTRO PERSONALIZAR
25-11-2023 16:43:25.797Z;functions.select_tipo_documento;  CLICA NO FILTRO PERSONALIZAR
25-11-2023 16:43:27.585Z;functions.select_tipo_documento;  CLICA PARA SELECIONAR OPÇÕES DO FILTRO
25-11-2023 16:43:34.881Z;functions.select_tipo_documento;  CLICK BUTTON CONFIRMAR FILTRO
25-11-2023 16:43:37.139Z;functions.desmark_filter;  CLICK CHECKBOX LANÇAMENTOS A RECEBER
25-11-2023 16:43:39.046Z;functions.desmark_filter;  CLICK CHECKBOX LANÇAMENTOS BAIXADOS
25-11-2023 16:43:41.144Z;functions.desmark_filter;  CLICK CHECKBOX LANÇAMENTOS CANCELADOS
25-11-2023 16:43:43.327Z;functions.desmark_filter;  CLICK CHECKBOX LANÇAMENTOS FATURADOS
25-11-2023 16:43:45.509Z;functions.desmark_filter;  CLICK CHECKBOX LANÇAMENTOS FATURADOS
25-11-2023 16:43:47.129Z;functions.filter_IPTE;  CLICK NA PRIMEIRA LINHA E COLUNA DA TABELA
25-11-2023 16:44:02.153Z;functions.filter_IPTE;  147 PASSOS PARA DIREITA NA TABELA >>
25-11-2023 16:44:07.159Z;functions.filter_IPTE;  HOVER FILTER
25-11-2023 16:44:07.301Z;functions.filter_IPTE;  CLICK FILTER
25-11-2023 16:44:11.633Z;functions.filter_IPTE;  CLICA NO FILTRO PERSONALIZAR
25-11-2023 16:44:28.412Z;functions.filter_IPTE;  147 PASSOS PARA ESQUERDA NA TABELA <<
25-11-2023 16:44:28.413Z;functions.tabela_vazia;  VERIFICANDO SE A TABELA ESTÁ VAZIA
25-11-2023 16:44:41.362Z;functions.tabela_vazia;  ATENÇÃO: 

Este processo exige que seja selecionado ao menos um registro para sua execução.
Como não foi feita nenhuma seleção, você deseja executá-lo para TODOS os 3 registros?
25-11-2023 16:45:00.245Z;functions.show_exception_and_exit;  'NoneType' object has no attribute 'click'
Traceback (most recent call last):
  File "c:\Projetos\Remessas_Bancarias\main.py", line 19, in <module>
    result_boleto = tabela_vazia()
                    ^^^^^^^^^^^^^^
  File "c:\Projetos\Remessas_Bancarias\SUBPROGRAMS\functions.py", line 839, in tabela_vazia
    press_ok.click()
    ^^^^^^^^^^^^^^
AttributeError: 'NoneType' object has no attribute 'click'
25-11-2023 16:45:02.582Z;errorhandler.__handle;  Property: Unknown Property name. [1:203: -ms-interpolation-mode]
25-11-2023 16:45:02.623Z;errorhandler.__handle;  Property: Unknown Property name. [1:353: -webkit-font-smoothing]
25-11-2023 16:45:02.640Z;errorhandler.__handle;  Property: Unknown Property name. [1:483: -ms-text-size-adjust]
25-11-2023 16:45:02.643Z;errorhandler.__handle;  Property: Unknown Property name. [1:518: -webkit-text-size-adjust]
25-11-2023 16:45:02.648Z;errorhandler.__handle;  Property: Unknown Property name. [1:612: mso-table-lspace]
25-11-2023 16:45:02.652Z;errorhandler.__handle;  Property: Unknown Property name. [1:642: mso-table-rspace]
25-11-2023 16:45:02.988Z;errorhandler.__handle;  Property: Unknown Property name. [1:4734: mso-hide]
25-11-2023 16:45:03.091Z;errorhandler.__handle;  Property: Unknown Property name. [1:13: -ms-interpolation-mode]
25-11-2023 16:45:03.096Z;errorhandler.__handle;  Property: Unknown Property name. [1:49: -webkit-font-smoothing]
25-11-2023 16:45:03.101Z;errorhandler.__handle;  Property: Unknown Property name. [1:134: -ms-text-size-adjust]
25-11-2023 16:45:03.104Z;errorhandler.__handle;  Property: Unknown Property name. [1:160: -webkit-text-size-adjust]
25-11-2023 16:45:03.108Z;errorhandler.__handle;  Property: Unknown Property name. [1:26: mso-table-lspace]
25-11-2023 16:45:03.110Z;errorhandler.__handle;  Property: Unknown Property name. [1:45: mso-table-rspace]
25-11-2023 16:45:03.142Z;errorhandler.__handle;  Property: Unknown Property name. [1:92: mso-hide]
25-11-2023 16:45:03.154Z;errorhandler.__handle;  Property: No ":" after name found: align-center [1:1: align-center]
25-11-2023 16:45:03.156Z;errorhandler.__handle;  Property: No property value found: align-center [1:1: align-center]
25-11-2023 16:45:03.158Z;errorhandler.__handle;  CSSStyleDeclaration: Syntax Error in Property: align-center
25-11-2023 16:45:03.166Z;errorhandler.__handle;  Property: Unknown Property name. [1:14: -ms-interpolation-mode]
