25-11-2023 17:15:35.893Z;functions.bot_text_art;      ____   
25-11-2023 17:15:35.894Z;functions.bot_text_art;     [____]    
25-11-2023 17:15:35.894Z;functions.bot_text_art;   |=]()()[=|  
25-11-2023 17:15:35.895Z;functions.bot_text_art;     _\==/__    _____    ____     _        _____    ___   _  __
25-11-2023 17:15:35.896Z;functions.bot_text_art;   |__|   |_|  |  _  \  / ___|   | |      |_   _| / ___| | |/ /
25-11-2023 17:15:35.896Z;functions.bot_text_art;   |_|_/\_|_|  | |  | | | |      | |        | |   | |    | ' / 
25-11-2023 17:15:35.897Z;functions.bot_text_art;   | | __ | |  | |  | | | |      | |        | |   | |    |  <  
25-11-2023 17:15:35.897Z;functions.bot_text_art;   |_|[  ]|_|  | |__| | | |____  | |____   _| |_  | |__  | . \ 
25-11-2023 17:15:35.900Z;functions.bot_text_art;   \_|_||_|_/  |_____/   \_____| |______| |_____| \ ___| |_|\_\
25-11-2023 17:15:35.902Z;functions.bot_text_art;     |_||_|                                                     
25-11-2023 17:15:35.903Z;functions.bot_text_art;     | ||_|_   
25-11-2023 17:15:35.903Z;functions.bot_text_art;   |___||___|  
25-11-2023 17:15:35.904Z;functions.bot_text_art;               
25-11-2023 17:15:35.916Z;functions.open_RM;  OPEN PROGRAM RM
25-11-2023 17:15:49.229Z;functions.loggin_RM;  ENTER USER_NAME
25-11-2023 17:15:50.666Z;functions.loggin_RM;  ENTER PASSWORD
25-11-2023 17:15:51.964Z;functions.loggin_RM;  ENTER RM
25-11-2023 17:16:25.445Z;functions.enter_coligada;  CLICK CONTEXTO
25-11-2023 17:16:30.788Z;functions.enter_coligada;  CLICK COLIGADA 1
25-11-2023 17:16:32.994Z;functions.enter_coligada;  CLICK AVANÇAR
25-11-2023 17:16:35.762Z;functions.enter_coligada;  INSERE O COLIGADA CODE = 1
25-11-2023 17:16:35.895Z;functions.enter_coligada;  APERTA TAB PARA PREENCHER O CAMPO COM A STRING: OCEANICA ENGENHARIA E CONSULTORIA S.A.
25-11-2023 17:16:37.197Z;functions.enter_coligada;  CLICK AVANÇAR NOVAMENTE
25-11-2023 17:16:38.475Z;functions.enter_coligada;  CLICK CONCLUIR
25-11-2023 17:17:01.788Z;functions.enter_coligada;  POP UP COLIGADA DESAPARECER
25-11-2023 17:17:02.636Z;functions.enter_contas_a_pagar;  CLICK - TOTVS - LINHA RM
25-11-2023 17:17:04.452Z;functions.enter_contas_a_pagar;  CLICK - BACK OFFICE
25-11-2023 17:17:07.237Z;functions.enter_contas_a_pagar;  CLICK - GESTAO FINANCEIRA
25-11-2023 17:17:14.079Z;functions.enter_contas_a_pagar;  CLICK - CONTAS A PAGAR
25-11-2023 17:17:14.979Z;functions.waitForImage;  LANÇAMENTOS image found.
25-11-2023 17:17:17.088Z;functions.enter_contas_a_pagar;  CLICA EM LANÇAMENTOS
25-11-2023 17:17:19.092Z;functions.data_filter;  CLICK - SELECIONA A DATA DE QUARTA FEIRA E DA PROXIMA TERÇA
25-11-2023 17:17:19.093Z;functions.data_filter;  QUARTA-FEIRA: 29-11-2023
25-11-2023 17:17:19.094Z;functions.data_filter;  TERCA-FEIRA: 05-12-2023
25-11-2023 17:17:39.386Z;functions.data_filter;  ESCREVE REMESSA BANCÁRIA NO FILTRO
25-11-2023 17:17:41.592Z;functions.data_filter;  CLICK - BUTÃO DE SELECAO DE FILTRO
25-11-2023 17:17:44.564Z;functions.data_filter;  INSERE - DATA DE QUARTA-FEIRA: 29-11-2023
25-11-2023 17:17:46.981Z;functions.data_filter;  INSERE - DATA DA PROX TERCA-FEIRA: 05-12-2023
25-11-2023 17:17:47.930Z;functions.data_filter;  CLICK - BUTÃO DE EXECUTAR O FILTRO
25-11-2023 17:17:58.746Z;functions.select_tipo_documento;  NOME DA COLUNA: Tipo de Documento
25-11-2023 17:17:58.978Z;functions.waitForImage;  FILTER CLEAN image found.
25-11-2023 17:18:01.126Z;functions.filter_clean;  CLICA NO BOTÃO X DO LIMPA FILTRO
25-11-2023 17:18:04.816Z;functions.select_tipo_documento;  NOME DA COLUNA: Tipo de Documento
25-11-2023 17:18:06.577Z;functions.select_tipo_documento;  HOVER NOME DA COLUNA: Tipo de Documento
25-11-2023 17:18:06.754Z;functions.select_tipo_documento;  CLICA PARA APARECER O FILTRO PERSONALIZAR
25-11-2023 17:18:07.133Z;functions.select_tipo_documento;  CLICA NO FILTRO PERSONALIZAR
25-11-2023 17:18:08.938Z;functions.select_tipo_documento;  CLICA PARA SELECIONAR OPÇÕES DO FILTRO
25-11-2023 17:18:16.266Z;functions.select_tipo_documento;  CLICK BUTTON CONFIRMAR FILTRO
25-11-2023 17:18:18.464Z;functions.desmark_filter;  CLICK CHECKBOX LANÇAMENTOS A RECEBER
25-11-2023 17:18:20.385Z;functions.desmark_filter;  CLICK CHECKBOX LANÇAMENTOS BAIXADOS
25-11-2023 17:18:22.316Z;functions.desmark_filter;  CLICK CHECKBOX LANÇAMENTOS CANCELADOS
25-11-2023 17:18:24.458Z;functions.desmark_filter;  CLICK CHECKBOX LANÇAMENTOS FATURADOS
25-11-2023 17:18:26.823Z;functions.desmark_filter;  CLICK CHECKBOX LANÇAMENTOS FATURADOS
25-11-2023 17:18:28.619Z;functions.filter_IPTE;  CLICK NA PRIMEIRA LINHA E COLUNA DA TABELA
25-11-2023 17:18:43.725Z;functions.filter_IPTE;  147 PASSOS PARA DIREITA NA TABELA >>
25-11-2023 17:18:48.717Z;functions.filter_IPTE;  HOVER FILTER
25-11-2023 17:18:48.856Z;functions.filter_IPTE;  CLICK FILTER
25-11-2023 17:18:53.195Z;functions.filter_IPTE;  CLICA NO FILTRO PERSONALIZAR
25-11-2023 17:19:09.967Z;functions.filter_IPTE;  147 PASSOS PARA ESQUERDA NA TABELA <<
25-11-2023 17:19:09.969Z;functions.tabela_vazia;  VERIFICANDO SE A TABELA ESTÁ VAZIA
25-11-2023 17:19:22.989Z;functions.tabela_vazia;  ATENÇÃO: 

Este processo exige que seja selecionado ao menos um registro para sua execução.
Como não foi feita nenhuma seleção, você deseja executá-lo para TODOS os 3 registros?
25-11-2023 17:19:28.926Z;functions.tabela_vazia;  CLICK NÃO
25-11-2023 17:19:28.932Z;functions.tabela_vazia;  ABERTA BOTÃO OK
25-11-2023 17:19:28.978Z;functions.tabela_vazia;  TABELA CONTÉM REGISTROS
25-11-2023 17:19:33.408Z;functions.check_table_record;  ATENÇÃO: 

Este processo exige que seja selecionado ao menos um registro para sua execução.
Como não foi feita nenhuma seleção, você deseja executá-lo para TODOS os 3 registros?
25-11-2023 17:19:34.151Z;functions.check_table_record;  APERTA NÃO
25-11-2023 17:19:34.153Z;functions.check_table_record;  FOI ENCONTRADO REGISTROS DE BOLETO BANCÁRIO
25-11-2023 17:19:34.153Z;functions.check_table_record;  ['3']
25-11-2023 17:19:35.151Z;functions.check_table_record;  SELECIONA TODOS OS LANÇAMENTOS PARA SEREM PROCESSADOS
25-11-2023 17:19:36.564Z;functions.check_table_record;  ABRE A NOTA
25-11-2023 17:19:38.669Z;functions.check_payment_type;  PASSANDO PARA PRÓXIMO REGISTRO
25-11-2023 17:19:40.772Z;functions.check_payment_type;  ENTRANDO NO REGISTRO
25-11-2023 17:19:46.979Z;functions.waitForImage;  INTEGRAÇÃO BANCÁRIA image found.
25-11-2023 17:19:49.088Z;functions.check_payment_type;  CLICA EM INTEGRAÇÃO BANCÁRIA
25-11-2023 17:19:49.093Z;functions.check_payment_type;  VERIFICANDO INFORMAÇÕES
25-11-2023 17:20:04.227Z;functions.check_payment_type;  ENTROU DADOS BANCÁRIOS
25-11-2023 17:20:04.332Z;functions.check_payment_type;  APERTA TAB
25-11-2023 17:20:06.446Z;functions.check_payment_type;  CTRL C
25-11-2023 17:20:07.449Z;functions.check_payment_type;  DESCRICAO CORRETA BOLETO
25-11-2023 17:20:07.647Z;functions.waitForImage;  FORMA DE PAGAMENTO image found.
25-11-2023 17:20:09.649Z;functions.check_payment_type;  FORMA DE PAGAMENTO: TITULO DE COBRANÇA (BOLETO)
25-11-2023 17:20:11.851Z;functions.waitForImage;  PRESS BUTTON OK image found.
25-11-2023 17:20:13.972Z;functions.check_payment_type;  PRESS BUTTON OK
25-11-2023 17:20:16.217Z;functions.waitForImage;  PRESS BUTTON OK 2 image found.
25-11-2023 17:20:18.338Z;functions.check_payment_type;  PRESS BUTTON OK 2
25-11-2023 17:20:25.447Z;functions.check_payment_type;  PASSANDO PARA PRÓXIMO REGISTRO
25-11-2023 17:20:27.552Z;functions.check_payment_type;  ENTRANDO NO REGISTRO
25-11-2023 17:20:33.156Z;functions.waitForImage;  INTEGRAÇÃO BANCÁRIA image found.
25-11-2023 17:20:35.309Z;functions.check_payment_type;  CLICA EM INTEGRAÇÃO BANCÁRIA
25-11-2023 17:20:35.318Z;functions.check_payment_type;  VERIFICANDO INFORMAÇÕES
25-11-2023 17:20:50.447Z;functions.check_payment_type;  ENTROU DADOS BANCÁRIOS
25-11-2023 17:20:50.552Z;functions.check_payment_type;  APERTA TAB
25-11-2023 17:20:52.659Z;functions.check_payment_type;  CTRL C
25-11-2023 17:20:53.660Z;functions.check_payment_type;  DESCRICAO CORRETA BOLETO
25-11-2023 17:20:53.926Z;functions.waitForImage;  FORMA DE PAGAMENTO image found.
25-11-2023 17:20:55.930Z;functions.check_payment_type;  FORMA DE PAGAMENTO: TITULO DE COBRANÇA (BOLETO)
25-11-2023 17:20:58.130Z;functions.waitForImage;  PRESS BUTTON OK image found.
25-11-2023 17:21:00.267Z;functions.check_payment_type;  PRESS BUTTON OK
25-11-2023 17:21:02.445Z;functions.waitForImage;  PRESS BUTTON OK 2 image found.
25-11-2023 17:21:04.564Z;functions.check_payment_type;  PRESS BUTTON OK 2
25-11-2023 17:21:11.672Z;functions.check_payment_type;  PASSANDO PARA PRÓXIMO REGISTRO
25-11-2023 17:21:13.778Z;functions.check_payment_type;  ENTRANDO NO REGISTRO
25-11-2023 17:21:20.615Z;functions.waitForImage;  INTEGRAÇÃO BANCÁRIA image found.
25-11-2023 17:21:22.725Z;functions.check_payment_type;  CLICA EM INTEGRAÇÃO BANCÁRIA
25-11-2023 17:21:22.726Z;functions.check_payment_type;  VERIFICANDO INFORMAÇÕES
25-11-2023 17:21:37.859Z;functions.check_payment_type;  ENTROU DADOS BANCÁRIOS
25-11-2023 17:21:37.974Z;functions.check_payment_type;  APERTA TAB
25-11-2023 17:21:40.129Z;functions.check_payment_type;  CTRL C
25-11-2023 17:21:41.130Z;functions.check_payment_type;  DESCRICAO CORRETA BOLETO
25-11-2023 17:21:41.325Z;functions.waitForImage;  FORMA DE PAGAMENTO image found.
25-11-2023 17:21:43.328Z;functions.check_payment_type;  FORMA DE PAGAMENTO: TITULO DE COBRANÇA (BOLETO)
25-11-2023 17:21:45.530Z;functions.waitForImage;  PRESS BUTTON OK image found.
25-11-2023 17:21:47.653Z;functions.check_payment_type;  PRESS BUTTON OK
25-11-2023 17:21:49.835Z;functions.waitForImage;  PRESS BUTTON OK 2 image found.
25-11-2023 17:21:51.966Z;functions.check_payment_type;  PRESS BUTTON OK 2
25-11-2023 17:22:02.759Z;functions.process_lancamentos;  CLICA PARA APARECER CONTA/CAIXA
25-11-2023 17:22:04.128Z;functions.process_lancamentos;  SELECIONA CONTA/CAIXA
25-11-2023 17:22:05.443Z;functions.process_lancamentos;  CLICA NO BOTÃO [...]
25-11-2023 17:22:07.682Z;functions.process_lancamentos;  CLICA NO CAMPO PESQUISA E DIGITA: %3212
25-11-2023 17:22:08.773Z;functions.process_lancamentos;  CLICA NO BOTÃO DO FILTRO
25-11-2023 17:22:10.019Z;functions.process_lancamentos;  CLICA NO BOTÃO OK
25-11-2023 17:22:11.097Z;functions.process_lancamentos;  CLICA NO BOTÃO EXECUTAR
25-11-2023 17:22:25.014Z;functions.process_lancamentos;  EXECUÇÃO FINALIZADA
25-11-2023 17:22:25.220Z;functions.waitForImage;  PRESS BUTTON OK image found.
25-11-2023 17:22:27.222Z;functions.process_lancamentos;  O PROCESSAMENTO FOI EXECUTADO COM SUCESSO.
25-11-2023 17:22:30.504Z;functions.process_lancamentos;  CLICK NO LOG APÓS A EXECUÇÃO
25-11-2023 17:22:33.145Z;functions.process_lancamentos;  Lançamento Ref. 777490: Convênio alterado para o convênio default '7' da conta Caixa '02675-5' .
Lançamento Ref. 840200: Convênio alterado para o convênio default '7' da conta Caixa '02675-5' .
Lançamento Ref. 841213: Convênio alterado para o convênio default '7' da conta Caixa '02675-5' .
Alteração Global de Lançamentos executada com sucesso

25-11-2023 17:22:34.014Z;functions.process_lancamentos;  CLICK EM FECHAR.
25-11-2023 17:22:52.923Z;functions.proccess_bordero;  CLICA EM CONVÊNIO TRÊS PONTINHOS
25-11-2023 17:22:54.992Z;functions.proccess_bordero;  CLICA EM COMBOBOX PARA SELECIONAR O ID DO CONVÊNIO
25-11-2023 17:22:56.667Z;functions.proccess_bordero;  CLICA EM ID DO CONVÊNIO
25-11-2023 17:22:58.773Z;functions.proccess_bordero;  APERTA TAB PARA ESCREVER O ID
25-11-2023 17:23:00.876Z;functions.proccess_bordero;  ESCREVE O ID 7
25-11-2023 17:23:02.979Z;functions.proccess_bordero;  APERTA ENTER PARA SELECIONAR O ID 7 - SISPAG FORNECEDOR
25-11-2023 17:23:05.083Z;functions.proccess_bordero;  APERTA ENTER PARA ESCOLHER O ID 7 - SISPAG FORNECEDOR
