10-04-2024 08:43:21.731Z;functions.bot_text_art;      ____   
10-04-2024 08:43:21.731Z;functions.bot_text_art;     [____]    
10-04-2024 08:43:21.731Z;functions.bot_text_art;   |=]()()[=|  
10-04-2024 08:43:21.731Z;functions.bot_text_art;     _\==/__    _____    ____     _        _____    ___   _  __
10-04-2024 08:43:21.731Z;functions.bot_text_art;   |__|   |_|  |  _  \  / ___|   | |      |_   _| / ___| | |/ /
10-04-2024 08:43:21.731Z;functions.bot_text_art;   |_|_/\_|_|  | |  | | | |      | |        | |   | |    | ' / 
10-04-2024 08:43:21.731Z;functions.bot_text_art;   | | __ | |  | |  | | | |      | |        | |   | |    |  <  
10-04-2024 08:43:21.731Z;functions.bot_text_art;   |_|[  ]|_|  | |__| | | |____  | |____   _| |_  | |__  | . \ 
10-04-2024 08:43:21.731Z;functions.bot_text_art;   \_|_||_|_/  |_____/   \_____| |______| |_____| \ ___| |_|\_\
10-04-2024 08:43:21.731Z;functions.bot_text_art;     |_||_|                                                     
10-04-2024 08:43:21.731Z;functions.bot_text_art;     | ||_|_   
10-04-2024 08:43:21.731Z;functions.bot_text_art;   |___||___|  
10-04-2024 08:43:21.731Z;functions.bot_text_art;               
10-04-2024 08:43:21.731Z;functions.open_RM;  OPEN PROGRAM RM
10-04-2024 08:43:32.246Z;functions.loggin_RM;  ENTER USER_NAME
10-04-2024 08:43:36.074Z;functions.loggin_RM;  ENTER PASSWORD
10-04-2024 08:43:36.747Z;functions.loggin_RM;  ENTER RM
10-04-2024 08:44:12.994Z;functions.enter_coligada;  CLICK CONTEXTO
10-04-2024 08:44:14.496Z;functions.enter_coligada;  CLICK ALTERAR MODULO DO CONTEXTO
10-04-2024 08:44:16.990Z;functions.enter_coligada;  INSERE O COLIGADA CODE = 1
10-04-2024 08:44:17.091Z;functions.enter_coligada;  APERTA TAB PARA PREENCHER O CAMPO COM A STRING: OCEANICA ENGENHARIA E CONSULTORIA S.A.
10-04-2024 08:44:18.273Z;functions.enter_coligada;  CLICK AVANÇAR NOVAMENTE
10-04-2024 08:44:19.275Z;functions.enter_coligada;  CLICK CONCLUIR
10-04-2024 08:44:30.981Z;functions.enter_coligada;  POP UP COLIGADA DESAPARECER
10-04-2024 08:44:31.607Z;functions.check_movimentacao_bancaria;  CLICK - TOTVS - LINHA RM
10-04-2024 08:44:32.654Z;functions.check_movimentacao_bancaria;  CLICK - BACK OFFICE
10-04-2024 08:44:34.934Z;functions.check_movimentacao_bancaria;  CLICK - GESTAO FINANCEIRA
10-04-2024 08:44:42.737Z;functions.movimentacao_bancaria;  CLICA NA ABA MOVIMENTAÇÃO BANCARIA
10-04-2024 08:44:42.921Z;functions.waitForImage;  IMAGEM BORDERO image found.
10-04-2024 08:44:45.029Z;functions.movimentacao_bancaria;  IMAGEM BORDERO CLICADA.
10-04-2024 08:44:55.398Z;functions.waitForImage;  LICENCAS EXCEDIDAS image not found.
10-04-2024 08:44:55.950Z;functions.movimentacao_bancaria;  ENCONTROU O FILTRO DA MOVIMENTAÇÃO BANCÁRIA
10-04-2024 08:44:55.965Z;functions.movimentacao_bancaria;  CLICA NA ABA SUPERIOR DO FILTRO
10-04-2024 08:44:59.170Z;functions.movimentacao_bancaria;  SELECIONA O FILTRO HOJE
10-04-2024 08:45:04.281Z;functions.waitForImage;  FILTER CLEAN image found.
10-04-2024 08:45:06.411Z;functions.filter_clean;  CLICA NO BOTÃO X DO LIMPA FILTRO
10-04-2024 08:45:21.981Z;functions.waitForImage;  FILTER CLEAN image not found.
10-04-2024 08:45:37.529Z;functions.waitForImage;  FILTER CLEAN image not found.
10-04-2024 08:45:38.326Z;functions.movimentacao_bancaria;  CLICA NA PRIMEIRA LINHA DA TABELA MOVIMENTAÇÃO BANCÁRIA
10-04-2024 08:45:39.538Z;functions.movimentacao_bancaria;  12 PASSOS PARA DIREITA NA TABELA >>
10-04-2024 08:45:40.809Z;functions.movimentacao_bancaria;  HOVER FILTER
10-04-2024 08:45:41.077Z;functions.movimentacao_bancaria;  CLICK FILTER
10-04-2024 08:45:45.386Z;functions.movimentacao_bancaria;  CLICA NO FILTRO  STATUS DA REMESSA
10-04-2024 08:45:47.487Z;functions.movimentacao_bancaria;  APERTA TAB PARA ESCREVER O FILTRO
10-04-2024 08:45:49.592Z;functions.movimentacao_bancaria;  ESCREVE PENDENTE NO FILTRO
10-04-2024 08:45:51.694Z;functions.movimentacao_bancaria;  APERTA ENTER PARA SELECIONAR OS PENDENTES
10-04-2024 08:46:12.668Z;functions.movimentacao_bancaria;  SEM PROCESSAMENTO DE BORDERO PENDENTE
10-04-2024 08:46:22.779Z;functions.waitForImage;  FILTER CLEAN image found.
10-04-2024 08:46:24.901Z;functions.filter_clean;  CLICA NO BOTÃO X DO LIMPA FILTRO
10-04-2024 08:46:40.396Z;functions.waitForImage;  FILTER CLEAN image not found.
10-04-2024 08:46:55.903Z;functions.waitForImage;  FILTER CLEAN image not found.
10-04-2024 08:46:56.738Z;functions.processo_pagamento;  CLICA NA PRIMEIRA LINHA DA TABELA MOVIMENTAÇÃO BANCÁRIA
10-04-2024 08:46:57.996Z;functions.processo_pagamento;  HOVER FILTER
10-04-2024 08:46:58.268Z;functions.processo_pagamento;  CLICK FILTER
10-04-2024 08:47:02.581Z;functions.processo_pagamento;  CLICA NO FILTRO  STATUS DA REMESSA
10-04-2024 08:47:04.682Z;functions.processo_pagamento;  APERTA TAB PARA ESCREVER O FILTRO
10-04-2024 08:47:06.790Z;functions.processo_pagamento;  ESCREVE AUTORIZADO NO FILTRO
10-04-2024 08:47:08.891Z;functions.processo_pagamento;  APERTA ENTER PARA SELECIONAR OS AUTORIZADOS
10-04-2024 08:47:29.871Z;functions.processo_pagamento;  SEM REMESSA DE BORDERO AUTORIZADO
10-04-2024 08:47:30.973Z;functions.processo_pagamento;  FECHA ABA MOVIMENTAÇÕES BANCÁRIAS
10-04-2024 08:47:32.261Z;functions.enter_contas_a_pagar;  CLICK - TOTVS - LINHA RM
10-04-2024 08:47:33.216Z;functions.enter_contas_a_pagar;  CLICK - BACK OFFICE
10-04-2024 08:47:33.918Z;functions.enter_contas_a_pagar;  CLICK - GESTAO FINANCEIRA
10-04-2024 08:47:43.935Z;functions.enter_contas_a_pagar;  CLICK - CONTAS A PAGAR
10-04-2024 08:47:44.072Z;functions.waitForImage;  LANÇAMENTOS image found.
10-04-2024 08:47:46.185Z;functions.enter_contas_a_pagar;  CLICA EM LANÇAMENTOS
10-04-2024 08:48:01.479Z;functions.waitForImage;  LICENCAS EXCEDIDAS image not found.
10-04-2024 08:48:01.480Z;functions.obter_intervalo_data;  VERIFICANDO A HORA ATUAL 8
10-04-2024 08:48:01.482Z;functions.obter_intervalo_data;  Data Inicial BANCARIA antes da remoção: None
10-04-2024 08:48:01.482Z;functions.obter_intervalo_data;  Data Final BANCARIA antes da remoção: None
10-04-2024 08:48:01.483Z;functions.obter_intervalo_data;  Data Inicial BANCARIA após a remoção: None
10-04-2024 08:48:01.483Z;functions.obter_intervalo_data;  Data Final BANCARIA após a remoção: None
10-04-2024 08:48:01.483Z;functions.obter_intervalo_data;  hoje -  2024-04-10 08:48:01.483742
10-04-2024 08:48:01.483Z;functions.data_filter;  DATA INICIO 17-04-2024
10-04-2024 08:48:01.483Z;functions.data_filter;  DATA FIM 23-04-2024
10-04-2024 08:48:01.483Z;functions.data_filter;  CLICK - SELECIONA A DATA DE QUARTA FEIRA E DA PROXIMA TERÇA
10-04-2024 08:48:01.483Z;functions.data_filter;  QUARTA-FEIRA: 17-04-2024
10-04-2024 08:48:01.483Z;functions.data_filter;  TERCA-FEIRA: 23-04-2024
10-04-2024 08:48:09.918Z;functions.data_filter;  CLICK - BOTAO DE SELECAO DE FILTRO
10-04-2024 08:48:13.669Z;functions.data_filter;  INSERE - DATA DE QUARTA-FEIRA: 17-04-2024
10-04-2024 08:48:17.137Z;functions.data_filter;  INSERE - DATA DA PROX TERCA-FEIRA: 23-04-2024
10-04-2024 08:48:17.763Z;functions.data_filter;  CLICK - BOTAO DE EXECUTAR O FILTRO
10-04-2024 08:52:42.278Z;functions.desmark_filter;  CLICK CHECKBOX LANÇAMENTOS A RECEBER
10-04-2024 08:52:43.120Z;functions.desmark_filter;  CLICK CHECKBOX LANÇAMENTOS BAIXADOS
10-04-2024 08:52:43.964Z;functions.desmark_filter;  CLICK CHECKBOX LANÇAMENTOS CANCELADOS
10-04-2024 08:52:44.824Z;functions.desmark_filter;  CLICK CHECKBOX LANÇAMENTOS FATURADOS
10-04-2024 08:52:45.715Z;functions.desmark_filter;  CLICK CHECKBOX LANÇAMENTOS FATURADOS
10-04-2024 08:52:50.826Z;functions.waitForImage;  FILTER CLEAN image found.
10-04-2024 08:52:52.952Z;functions.filter_clean;  CLICA NO BOTÃO X DO LIMPA FILTRO
10-04-2024 08:53:08.559Z;functions.waitForImage;  FILTER CLEAN image not found.
10-04-2024 08:53:24.184Z;functions.waitForImage;  FILTER CLEAN image not found.
10-04-2024 08:53:24.184Z;functions.check_table_record;  VERIFICANDO SE A TABELA ESTÁ VAZIA
10-04-2024 08:53:25.097Z;functions.check_table_record;  Texto extraido 1/701
10-04-2024 08:53:25.112Z;functions.check_table_record;  Count 701
10-04-2024 08:53:25.112Z;functions.check_table_record;  Type <class 'int'>
10-04-2024 08:53:25.112Z;functions.check_table_record;  TABELA CONTÉM REGISTROS
10-04-2024 08:53:36.136Z;functions.select_tipo_documento;  NOME DA COLUNA: Tipo de Documento
10-04-2024 08:53:37.379Z;functions.select_tipo_documento;  HOVER NOME DA COLUNA: Tipo de Documento
10-04-2024 08:53:37.976Z;functions.select_tipo_documento;  CLICA NO FILTRO PERSONALIZAR
10-04-2024 08:53:38.715Z;functions.select_tipo_documento;  CLICA PARA SELECIONAR OPÇÕES DO FILTRO
10-04-2024 08:53:45.745Z;functions.select_tipo_documento;  CLICK BUTTON CONFIRMAR FILTRO
10-04-2024 08:53:50.747Z;functions.filter_IPTE;  VERIFICANDO O COD DO CLIENTE EM CADA REGISTRO
10-04-2024 08:53:51.761Z;functions.filter_IPTE;  CLICA NA PRIMEIRA LINHA DA TABELA
10-04-2024 08:54:11.589Z;functions.filter_IPTE;  HOVER FILTER
10-04-2024 08:54:12.157Z;functions.filter_IPTE;  CLICK FILTER
10-04-2024 08:54:16.468Z;functions.filter_IPTE;  CLICA NO FILTRO PERSONALIZAR
10-04-2024 08:54:24.340Z;functions.check_table_record;  VERIFICANDO SE A TABELA ESTÁ VAZIA
10-04-2024 08:54:25.231Z;functions.check_table_record;  Texto extraido 1/35
10-04-2024 08:54:25.231Z;functions.check_table_record;  Count 35
10-04-2024 08:54:25.231Z;functions.check_table_record;  Type <class 'int'>
10-04-2024 08:54:25.231Z;functions.check_table_record;  TABELA CONTÉM REGISTROS
10-04-2024 08:54:25.231Z;functions.check_payment_type;  VERIFICANDO O COD DO CLIENTE EM CADA REGISTRO
10-04-2024 08:54:25.980Z;functions.check_payment_type;  CLICA NA PRIMEIRA LINHA DA TABELA
10-04-2024 08:54:34.083Z;functions.check_payment_type;  REF. LANÇAMENTO: 939362
10-04-2024 08:54:34.185Z;functions.check_payment_type;  ENTRANDO NO REGISTRO
10-04-2024 08:54:43.838Z;functions.show_exception_and_exit;  screen grab failed
Traceback (most recent call last):
  File "C:\Projetos_Remessas\Remessa_Bancaria\main.py", line 155, in <module>
    check_payment_type()
  File "C:\Projetos_Remessas\Remessa_Bancaria\SUBPROGRAMS\functions.py", line 529, in check_payment_type
    select_integracao_bancaria = waitForImage(image = integracao_bancaria, timeout=20, name = 'INTEGRAÇÃO BANCÁRIA')
                                 ^^^^^^^^^^^^^^^^^^^^^^^^^^^^^^^^^^^^^^^^^^^^^^^^^^^^^^^^^^^^^^^^^^^^^^^^^^^^^^^^^^^
  File "C:\Projetos_Remessas\Remessa_Bancaria\SUBPROGRAMS\functions.py", line 2248, in waitForImage
    location = pyautogui.locateOnScreen(image=image, confidence=0.9)
               ^^^^^^^^^^^^^^^^^^^^^^^^^^^^^^^^^^^^^^^^^^^^^^^^^^^^^
  File "C:\Projetos_Remessas\Remessa_Bancaria\venv\Lib\site-packages\pyautogui\__init__.py", line 172, in wrapper
    return wrappedFunction(*args, **kwargs)
           ^^^^^^^^^^^^^^^^^^^^^^^^^^^^^^^^
  File "C:\Projetos_Remessas\Remessa_Bancaria\venv\Lib\site-packages\pyautogui\__init__.py", line 210, in locateOnScreen
    return pyscreeze.locateOnScreen(*args, **kwargs)
           ^^^^^^^^^^^^^^^^^^^^^^^^^^^^^^^^^^^^^^^^^
  File "C:\Projetos_Remessas\Remessa_Bancaria\venv\Lib\site-packages\pyscreeze\__init__.py", line 375, in locateOnScreen
    screenshotIm = screenshot(
                   ^^^^^^^^^^^
  File "C:\Projetos_Remessas\Remessa_Bancaria\venv\Lib\site-packages\pyscreeze\__init__.py", line 512, in _screenshot_win32
    im = ImageGrab.grab()
         ^^^^^^^^^^^^^^^^
  File "C:\Projetos_Remessas\Remessa_Bancaria\venv\Lib\site-packages\PIL\ImageGrab.py", line 47, in grab
    offset, size, data = Image.core.grabscreen_win32(
                         ^^^^^^^^^^^^^^^^^^^^^^^^^^^^
OSError: screen grab failed
