19-08-2024 06:53:15.896Z;functions.bot_text_art;      ____   
19-08-2024 06:53:15.896Z;functions.bot_text_art;     [____]    
19-08-2024 06:53:15.896Z;functions.bot_text_art;   |=]()()[=|  
19-08-2024 06:53:15.896Z;functions.bot_text_art;     _\==/__    _____    ____     _        _____    ___   _  __
19-08-2024 06:53:15.896Z;functions.bot_text_art;   |__|   |_|  |  _  \  / ___|   | |      |_   _| / ___| | |/ /
19-08-2024 06:53:15.896Z;functions.bot_text_art;   |_|_/\_|_|  | |  | | | |      | |        | |   | |    | ' / 
19-08-2024 06:53:15.896Z;functions.bot_text_art;   | | __ | |  | |  | | | |      | |        | |   | |    |  <  
19-08-2024 06:53:15.896Z;functions.bot_text_art;   |_|[  ]|_|  | |__| | | |____  | |____   _| |_  | |__  | . \ 
19-08-2024 06:53:15.896Z;functions.bot_text_art;   \_|_||_|_/  |_____/   \_____| |______| |_____| \ ___| |_|\_\
19-08-2024 06:53:15.896Z;functions.bot_text_art;     |_||_|                                                     
19-08-2024 06:53:15.896Z;functions.bot_text_art;     | ||_|_   
19-08-2024 06:53:15.896Z;functions.bot_text_art;   |___||___|  
19-08-2024 06:53:15.896Z;functions.bot_text_art;               
19-08-2024 06:53:15.912Z;functions.open_RM;  OPEN PROGRAM RM
19-08-2024 06:53:15.912Z;functions.caps;  DESATIVANDO CAPS
19-08-2024 06:53:15.912Z;functions.loggin_RM;  BUSCANDO LOGGIN RM
19-08-2024 06:53:24.162Z;functions.loggin_RM;  ENTER USER_NAME
19-08-2024 06:53:28.476Z;functions.loggin_RM;  ENTER PASSWORD
19-08-2024 06:53:29.512Z;functions.loggin_RM;  ENTER RM
19-08-2024 06:53:49.302Z;functions.enter_coligada;  CLICK CONTEXTO
19-08-2024 06:53:53.521Z;functions.enter_coligada;  CLICK ALTERAR MODULO DO CONTEXTO
19-08-2024 06:53:56.084Z;functions.enter_coligada;  INSERE O COLIGADA CODE = 1
19-08-2024 06:53:56.186Z;functions.enter_coligada;  APERTA TAB PARA PREENCHER O CAMPO COM A STRING: OCEANICA ENGENHARIA E CONSULTORIA S.A.
19-08-2024 06:53:57.240Z;functions.enter_coligada;  CLICK AVANÇAR NOVAMENTE
19-08-2024 06:53:58.240Z;functions.enter_coligada;  CLICK CONCLUIR
19-08-2024 06:54:18.599Z;functions.waitForImage;  TROCA COLIGADA image not found.
19-08-2024 06:54:27.771Z;functions.enter_coligada;  POP UP COLIGADA DESAPARECER
19-08-2024 06:54:28.552Z;functions.check_movimentacao_bancaria;  CLICK - TOTVS - LINHA RM
19-08-2024 06:54:29.865Z;functions.check_movimentacao_bancaria;  CLICK - BACK OFFICE
19-08-2024 06:54:32.334Z;functions.check_movimentacao_bancaria;  CLICK - GESTAO FINANCEIRA
19-08-2024 06:54:32.334Z;functions.movimentacao_bancaria;  AGUARDANDO 1
19-08-2024 06:54:36.927Z;functions.movimentacao_bancaria;  CLICA NA ABA MOVIMENTAÇÃO BANCARIA
19-08-2024 06:54:37.021Z;functions.waitForImage;  IMAGEM BORDERO image found.
19-08-2024 06:54:39.154Z;functions.movimentacao_bancaria;  IMAGEM BORDERO CLICADA.
19-08-2024 06:54:49.334Z;functions.waitForImage;  LICENCAS EXCEDIDAS image not found.
19-08-2024 06:54:49.974Z;functions.movimentacao_bancaria;  ENCONTROU O FILTRO DA MOVIMENTAÇÃO BANCÁRIA
19-08-2024 06:54:50.021Z;functions.movimentacao_bancaria;  CLICA NA ABA SUPERIOR DO FILTRO
19-08-2024 06:54:57.334Z;functions.movimentacao_bancaria;  SELECIONA O FILTRO HOJE
19-08-2024 06:55:17.474Z;functions.waitForImage;  FILTER CLEAN image not found.
19-08-2024 06:55:32.709Z;functions.waitForImage;  FILTER CLEAN image not found.
19-08-2024 06:55:48.052Z;functions.waitForImage;  FILTER CLEAN image not found.
19-08-2024 06:57:04.849Z;functions.movimentacao_bancaria;  SEM PROCESSAMENTO DE BORDERO
19-08-2024 06:57:29.974Z;functions.waitForImage;  FILTER CLEAN image not found.
19-08-2024 06:57:45.193Z;functions.waitForImage;  FILTER CLEAN image not found.
19-08-2024 06:58:00.255Z;functions.waitForImage;  FILTER CLEAN image not found.
19-08-2024 06:58:35.083Z;functions.processo_pagamento;  SEM REMESSA DE BORDERO AUTORIZADO
19-08-2024 06:58:36.186Z;functions.processo_pagamento;  FECHA ABA MOVIMENTAÇÕES BANCÁRIAS
19-08-2024 06:58:37.271Z;functions.enter_contas_a_pagar;  CLICK - TOTVS - LINHA RM
19-08-2024 06:58:38.490Z;functions.enter_contas_a_pagar;  CLICK - BACK OFFICE
19-08-2024 06:58:39.302Z;functions.enter_contas_a_pagar;  CLICK - GESTAO FINANCEIRA
19-08-2024 06:58:46.552Z;functions.enter_contas_a_pagar;  CLICK - CONTAS A PAGAR
19-08-2024 06:58:46.646Z;functions.waitForImage;  LANÇAMENTOS image found.
19-08-2024 06:58:48.779Z;functions.enter_contas_a_pagar;  CLICA EM LANÇAMENTOS
19-08-2024 06:59:03.942Z;functions.waitForImage;  LICENCAS EXCEDIDAS image not found.
19-08-2024 06:59:03.942Z;functions.obter_intervalo_data;  VERIFICANDO A HORA ATUAL 6
19-08-2024 06:59:03.958Z;functions.obter_intervalo_data;  Data Inicial BANCARIA antes da remoção: None
19-08-2024 06:59:03.958Z;functions.obter_intervalo_data;  Data Final BANCARIA antes da remoção: None
19-08-2024 06:59:03.958Z;functions.obter_intervalo_data;  Data Inicial BANCARIA após a remoção: None
19-08-2024 06:59:03.958Z;functions.obter_intervalo_data;  Data Final BANCARIA após a remoção: None
19-08-2024 06:59:03.958Z;functions.obter_intervalo_data;  hoje -  2024-08-19 06:59:03.958556
19-08-2024 06:59:03.958Z;functions.data_filter;  DATA INICIO 21-08-2024
19-08-2024 06:59:03.958Z;functions.data_filter;  DATA FIM 27-08-2024
19-08-2024 06:59:03.958Z;functions.data_filter;  CLICK - SELECIONA A DATA DE QUARTA FEIRA E DA PROXIMA TERÇA
19-08-2024 06:59:03.958Z;functions.data_filter;  QUARTA-FEIRA: 21-08-2024
19-08-2024 06:59:03.958Z;functions.data_filter;  TERCA-FEIRA: 27-08-2024
19-08-2024 06:59:20.512Z;functions.data_filter;  REMESSA BANCÁRIA - FILTRO DIGITADO
19-08-2024 06:59:21.333Z;functions.data_filter;  CLICK - BOTAO DE SELECAO DE FILTRO
19-08-2024 06:59:25.458Z;functions.data_filter;  INSERE - DATA DE QUARTA-FEIRA: 21-08-2024
19-08-2024 06:59:29.411Z;functions.data_filter;  INSERE - DATA DA PROX TERCA-FEIRA: 27-08-2024
19-08-2024 06:59:30.270Z;functions.data_filter;  CLICK - BOTAO DE EXECUTAR O FILTRO
19-08-2024 06:59:35.273Z;functions.desmark_filter;  AGUARDANDO 1
19-08-2024 06:59:40.083Z;functions.desmark_filter;  CLICK CHECKBOX LANÇAMENTOS A RECEBER
19-08-2024 06:59:41.575Z;functions.desmark_filter;  CLICK CHECKBOX LANÇAMENTOS BAIXADOS
19-08-2024 06:59:43.114Z;functions.desmark_filter;  CLICK CHECKBOX LANÇAMENTOS CANCELADOS
19-08-2024 06:59:44.677Z;functions.desmark_filter;  CLICK CHECKBOX LANÇAMENTOS FATURADOS
19-08-2024 06:59:46.239Z;functions.desmark_filter;  CLICK CHECKBOX LANÇAMENTOS FATURADOS
19-08-2024 06:59:51.318Z;functions.waitForImage;  FILTER CLEAN image found.
19-08-2024 06:59:53.435Z;functions.filter_clean;  CLICA NO BOTÃO X DO LIMPA FILTRO
19-08-2024 07:00:08.768Z;functions.waitForImage;  FILTER CLEAN image not found.
19-08-2024 07:00:24.161Z;functions.waitForImage;  FILTER CLEAN image not found.
19-08-2024 07:00:24.161Z;functions.check_table_record;  VERIFICANDO SE A TABELA ESTÁ VAZIA
19-08-2024 07:00:26.036Z;functions.check_table_record;  Texto extraido 1/295
19-08-2024 07:00:26.036Z;functions.check_table_record;  Count 295
19-08-2024 07:00:26.036Z;functions.check_table_record;  Type <class 'int'>
19-08-2024 07:00:26.036Z;functions.check_table_record;  TABELA CONTÉM REGISTROS
19-08-2024 07:00:37.375Z;functions.select_tipo_documento;  NOME DA COLUNA: Tipo de Documento
19-08-2024 07:00:38.911Z;functions.select_tipo_documento;  HOVER NOME DA COLUNA: Tipo de Documento
19-08-2024 07:00:39.624Z;functions.select_tipo_documento;  CLICA NO FILTRO PERSONALIZAR
19-08-2024 07:00:40.864Z;functions.select_tipo_documento;  CLICA PARA SELECIONAR OPÇÕES DO FILTRO
19-08-2024 07:00:47.284Z;functions.select_tipo_documento;  FILTRO "NÃO É IGUAL A INV" DEFINIDO
19-08-2024 07:00:48.145Z;functions.select_tipo_documento;  CLICK BUTTON CONFIRMAR FILTRO
19-08-2024 07:00:53.147Z;functions.filter_IPTE;  VERIFICANDO O COD DO CLIENTE EM CADA REGISTRO
19-08-2024 07:00:54.270Z;functions.filter_IPTE;  CLICA NA PRIMEIRA LINHA DA TABELA
19-08-2024 07:01:15.192Z;functions.filter_IPTE;  HOVER FILTER
19-08-2024 07:01:16.028Z;functions.filter_IPTE;  CLICK FILTER
19-08-2024 07:01:20.340Z;functions.filter_IPTE;  CLICA NO FILTRO PERSONALIZAR
19-08-2024 07:02:04.145Z;functions.filter_IPTE;  MOVIDO PRA CIMA 100 VEZES
19-08-2024 07:02:41.895Z;functions.filter_IPTE;  MOVIDO PRA CIMA MAIS 100 VEZES
19-08-2024 07:02:59.270Z;functions.filter_IPTE;  TABELA NÃO CONTÉM REGISTROS
19-08-2024 07:02:59.270Z;functions.check_table_record;  VERIFICANDO SE A TABELA ESTÁ VAZIA
19-08-2024 07:03:01.223Z;functions.check_table_record;  Texto extraido 0/0
19-08-2024 07:03:01.223Z;functions.check_table_record;  Count 0
19-08-2024 07:03:01.223Z;functions.check_table_record;  Type <class 'int'>
19-08-2024 07:03:01.223Z;functions.check_table_record;  SEM REGISTROS
19-08-2024 07:03:03.239Z;main.<module>;  SEM REMESSA BANCÁRIA
19-08-2024 07:03:03.239Z;functions.movimentacao_bancaria;  AGUARDANDO 1
19-08-2024 07:03:04.145Z;functions.movimentacao_bancaria;  CLICA NA ABA MOVIMENTAÇÃO BANCARIA
19-08-2024 07:03:04.254Z;functions.waitForImage;  IMAGEM BORDERO image found.
19-08-2024 07:03:06.357Z;functions.movimentacao_bancaria;  IMAGEM BORDERO CLICADA.
19-08-2024 07:03:16.520Z;functions.waitForImage;  LICENCAS EXCEDIDAS image not found.
19-08-2024 07:03:17.145Z;functions.movimentacao_bancaria;  ENCONTROU O FILTRO DA MOVIMENTAÇÃO BANCÁRIA
19-08-2024 07:03:17.177Z;functions.movimentacao_bancaria;  CLICA NA ABA SUPERIOR DO FILTRO
19-08-2024 07:03:24.482Z;functions.movimentacao_bancaria;  SELECIONA O FILTRO HOJE
19-08-2024 07:03:44.973Z;functions.waitForImage;  FILTER CLEAN image not found.
19-08-2024 07:04:00.036Z;functions.waitForImage;  FILTER CLEAN image not found.
19-08-2024 07:04:15.098Z;functions.waitForImage;  FILTER CLEAN image not found.
19-08-2024 07:05:31.707Z;functions.movimentacao_bancaria;  SEM PROCESSAMENTO DE BORDERO
19-08-2024 07:05:56.785Z;functions.waitForImage;  FILTER CLEAN image not found.
19-08-2024 07:06:11.817Z;functions.waitForImage;  FILTER CLEAN image not found.
19-08-2024 07:06:26.879Z;functions.waitForImage;  FILTER CLEAN image not found.
19-08-2024 07:07:01.676Z;functions.processo_pagamento;  SEM REMESSA DE BORDERO AUTORIZADO
19-08-2024 07:07:02.778Z;functions.processo_pagamento;  FECHA ABA MOVIMENTAÇÕES BANCÁRIAS
19-08-2024 07:07:03.614Z;functions.enter_contas_a_pagar;  CLICK - TOTVS - LINHA RM
19-08-2024 07:07:04.863Z;functions.enter_contas_a_pagar;  CLICK - BACK OFFICE
19-08-2024 07:07:05.645Z;functions.enter_contas_a_pagar;  CLICK - GESTAO FINANCEIRA
19-08-2024 07:07:12.707Z;functions.enter_contas_a_pagar;  CLICK - CONTAS A PAGAR
19-08-2024 07:07:12.786Z;functions.waitForImage;  LANÇAMENTOS image found.
19-08-2024 07:07:14.903Z;functions.enter_contas_a_pagar;  CLICA EM LANÇAMENTOS
19-08-2024 07:07:30.082Z;functions.waitForImage;  LICENCAS EXCEDIDAS image not found.
19-08-2024 07:07:30.082Z;functions.obter_intervalo_data;  VERIFICANDO A HORA ATUAL 7
19-08-2024 07:07:30.082Z;functions.obter_intervalo_data;  Data Inicial BANCARIA antes da remoção: None
19-08-2024 07:07:30.082Z;functions.obter_intervalo_data;  Data Final BANCARIA antes da remoção: None
19-08-2024 07:07:30.082Z;functions.obter_intervalo_data;  Data Inicial BANCARIA após a remoção: None
19-08-2024 07:07:30.082Z;functions.obter_intervalo_data;  Data Final BANCARIA após a remoção: None
19-08-2024 07:07:30.082Z;functions.obter_intervalo_data;  hoje -  2024-08-19 07:07:30.082688
19-08-2024 07:07:30.082Z;functions.data_filter;  DATA INICIO 21-08-2024
19-08-2024 07:07:30.082Z;functions.data_filter;  DATA FIM 27-08-2024
19-08-2024 07:07:30.082Z;functions.data_filter;  CLICK - SELECIONA A DATA DE QUARTA FEIRA E DA PROXIMA TERÇA
19-08-2024 07:07:30.082Z;functions.data_filter;  QUARTA-FEIRA: 21-08-2024
19-08-2024 07:07:30.082Z;functions.data_filter;  TERCA-FEIRA: 27-08-2024
19-08-2024 07:07:46.602Z;functions.data_filter;  REMESSA BANCÁRIA - FILTRO DIGITADO
19-08-2024 07:07:47.395Z;functions.data_filter;  CLICK - BOTAO DE SELECAO DE FILTRO
19-08-2024 07:07:51.535Z;functions.data_filter;  INSERE - DATA DE QUARTA-FEIRA: 21-08-2024
19-08-2024 07:07:55.426Z;functions.data_filter;  INSERE - DATA DA PROX TERCA-FEIRA: 27-08-2024
19-08-2024 07:07:56.301Z;functions.data_filter;  CLICK - BOTAO DE EXECUTAR O FILTRO
19-08-2024 07:08:01.303Z;functions.desmark_filter;  AGUARDANDO 1
19-08-2024 07:08:04.238Z;functions.desmark_filter;  CLICK CHECKBOX LANÇAMENTOS A RECEBER
19-08-2024 07:08:05.676Z;functions.desmark_filter;  CLICK CHECKBOX LANÇAMENTOS BAIXADOS
19-08-2024 07:08:07.239Z;functions.desmark_filter;  CLICK CHECKBOX LANÇAMENTOS CANCELADOS
19-08-2024 07:08:08.835Z;functions.desmark_filter;  CLICK CHECKBOX LANÇAMENTOS FATURADOS
19-08-2024 07:08:10.426Z;functions.desmark_filter;  CLICK CHECKBOX LANÇAMENTOS FATURADOS
19-08-2024 07:08:15.520Z;functions.waitForImage;  FILTER CLEAN image found.
19-08-2024 07:08:17.626Z;functions.filter_clean;  CLICA NO BOTÃO X DO LIMPA FILTRO
19-08-2024 07:08:32.723Z;functions.waitForImage;  FILTER CLEAN image not found.
19-08-2024 07:08:47.988Z;functions.waitForImage;  FILTER CLEAN image not found.
19-08-2024 07:08:49.160Z;functions.filter_forma_pagamento;  CLICA NA PRIMEIRA LINHA DA TABELA
19-08-2024 07:08:49.332Z;functions.filter_forma_pagamento;  CLICK NA PRIMEIRA LINHA E COLUNA DA TABELA
19-08-2024 07:09:05.539Z;functions.filter_forma_pagamento;  160 PASSOS PARA DIREITA NA TABELA >>
19-08-2024 07:09:08.716Z;functions.filter_forma_pagamento;  HOVER NOME DA COLUNA FORMA DE PAGAMENTO
19-08-2024 07:09:09.683Z;functions.filter_forma_pagamento;  CLICA PARA APARECER O FILTRO PERSONALIZAR
19-08-2024 07:09:12.998Z;functions.filter_forma_pagamento;  CLICA NO FILTRO PERSONALIZAR
19-08-2024 07:09:24.394Z;functions.filter_forma_pagamento;  Texto extraido 0/0
19-08-2024 07:09:24.394Z;functions.filter_forma_pagamento;  Count 0
19-08-2024 07:09:24.394Z;functions.filter_forma_pagamento;  Type <class 'int'>
19-08-2024 07:09:24.394Z;functions.filter_forma_pagamento;  SEM REGISTROS
19-08-2024 07:09:26.408Z;functions.check_table_record;  VERIFICANDO SE A TABELA ESTÁ VAZIA
19-08-2024 07:09:28.267Z;functions.check_table_record;  Texto extraido 0/0
19-08-2024 07:09:28.267Z;functions.check_table_record;  Count 0
19-08-2024 07:09:28.267Z;functions.check_table_record;  Type <class 'int'>
19-08-2024 07:09:28.267Z;functions.check_table_record;  SEM REGISTROS
19-08-2024 07:09:32.275Z;main.<module>;  SEM REMESSA DE TED CIP
19-08-2024 07:09:33.082Z;functions.enter_contas_a_pagar;  CLICK - TOTVS - LINHA RM
19-08-2024 07:09:33.926Z;functions.enter_contas_a_pagar;  CLICK - BACK OFFICE
19-08-2024 07:09:34.738Z;functions.enter_contas_a_pagar;  CLICK - GESTAO FINANCEIRA
19-08-2024 07:09:41.895Z;functions.enter_contas_a_pagar;  CLICK - CONTAS A PAGAR
19-08-2024 07:09:41.973Z;functions.waitForImage;  LANÇAMENTOS image found.
19-08-2024 07:09:44.090Z;functions.enter_contas_a_pagar;  CLICA EM LANÇAMENTOS
19-08-2024 07:09:59.269Z;functions.waitForImage;  LICENCAS EXCEDIDAS image not found.
19-08-2024 07:09:59.269Z;functions.obter_intervalo_data;  VERIFICANDO A HORA ATUAL 7
19-08-2024 07:09:59.269Z;functions.obter_intervalo_data;  Data Inicial BANCARIA antes da remoção: None
19-08-2024 07:09:59.269Z;functions.obter_intervalo_data;  Data Final BANCARIA antes da remoção: None
19-08-2024 07:09:59.269Z;functions.obter_intervalo_data;  Data Inicial BANCARIA após a remoção: None
19-08-2024 07:09:59.269Z;functions.obter_intervalo_data;  Data Final BANCARIA após a remoção: None
19-08-2024 07:09:59.269Z;functions.obter_intervalo_data;  hoje -  2024-08-19 07:09:59.269947
19-08-2024 07:09:59.269Z;functions.data_filter;  DATA INICIO 21-08-2024
19-08-2024 07:09:59.269Z;functions.data_filter;  DATA FIM 27-08-2024
19-08-2024 07:09:59.269Z;functions.data_filter;  CLICK - SELECIONA A DATA DE QUARTA FEIRA E DA PROXIMA TERÇA
19-08-2024 07:09:59.269Z;functions.data_filter;  QUARTA-FEIRA: 21-08-2024
19-08-2024 07:09:59.269Z;functions.data_filter;  TERCA-FEIRA: 27-08-2024
19-08-2024 07:10:15.788Z;functions.data_filter;  REMESSA BANCÁRIA - FILTRO DIGITADO
19-08-2024 07:10:16.832Z;functions.data_filter;  CLICK - BOTAO DE SELECAO DE FILTRO
19-08-2024 07:10:20.941Z;functions.data_filter;  INSERE - DATA DE QUARTA-FEIRA: 21-08-2024
19-08-2024 07:10:24.832Z;functions.data_filter;  INSERE - DATA DA PROX TERCA-FEIRA: 27-08-2024
19-08-2024 07:10:25.707Z;functions.data_filter;  CLICK - BOTAO DE EXECUTAR O FILTRO
19-08-2024 07:10:30.710Z;functions.desmark_filter;  AGUARDANDO 1
19-08-2024 07:10:33.144Z;functions.desmark_filter;  CLICK CHECKBOX LANÇAMENTOS A RECEBER
19-08-2024 07:10:34.644Z;functions.desmark_filter;  CLICK CHECKBOX LANÇAMENTOS BAIXADOS
19-08-2024 07:10:36.176Z;functions.desmark_filter;  CLICK CHECKBOX LANÇAMENTOS CANCELADOS
19-08-2024 07:10:37.797Z;functions.desmark_filter;  CLICK CHECKBOX LANÇAMENTOS FATURADOS
19-08-2024 07:10:39.363Z;functions.desmark_filter;  CLICK CHECKBOX LANÇAMENTOS FATURADOS
19-08-2024 07:10:44.457Z;functions.waitForImage;  FILTER CLEAN image found.
19-08-2024 07:10:46.560Z;functions.filter_clean;  CLICA NO BOTÃO X DO LIMPA FILTRO
19-08-2024 07:11:01.691Z;functions.waitForImage;  FILTER CLEAN image not found.
19-08-2024 07:11:16.816Z;functions.waitForImage;  FILTER CLEAN image not found.
19-08-2024 07:11:19.972Z;functions.filter_forma_pagamento_branco;  MOVIDO PRA CIMA 10 VEZES
19-08-2024 07:11:21.144Z;functions.filter_forma_pagamento_branco;  CLICK NA PRIMEIRA LINHA E COLUNA DA TABELA
19-08-2024 07:11:37.344Z;functions.filter_forma_pagamento_branco;  160 PASSOS PARA DIREITA NA TABELA >>
19-08-2024 07:11:40.550Z;functions.filter_forma_pagamento_branco;  HOVER NOME DA COLUNA FORMA DE PAGAMENTO
19-08-2024 07:11:41.496Z;functions.filter_forma_pagamento_branco;  CLICA PARA APARECER O FILTRO PERSONALIZAR
19-08-2024 07:11:44.814Z;functions.filter_forma_pagamento_branco;  CLICA NO FILTRO PERSONALIZAR
19-08-2024 07:11:52.223Z;functions.filter_forma_pagamento_branco;  Texto extraido 1/12
19-08-2024 07:11:52.223Z;functions.filter_forma_pagamento_branco;  Count 12
19-08-2024 07:11:52.223Z;functions.filter_forma_pagamento_branco;  Type <class 'int'>
19-08-2024 07:11:52.223Z;functions.filter_forma_pagamento_branco;  TABELA CONTÉM REGISTROS
19-08-2024 07:11:55.785Z;functions.filter_forma_pagamento_branco;  MOVIDO PRA CIMA 12 VEZES
19-08-2024 07:11:59.243Z;functions.check_table_record;  VERIFICANDO SE A TABELA ESTÁ VAZIA
19-08-2024 07:12:01.035Z;functions.check_table_record;  Texto extraido 1/12
19-08-2024 07:12:01.035Z;functions.check_table_record;  Count 12
19-08-2024 07:12:01.035Z;functions.check_table_record;  Type <class 'int'>
19-08-2024 07:12:01.035Z;functions.check_table_record;  TABELA CONTÉM REGISTROS
19-08-2024 07:12:01.035Z;functions.check_ted_branco;  VERIFICANDO O COD DO CLIENTE EM CADA REGISTRO
19-08-2024 07:12:02.144Z;functions.check_ted_branco;  CLICA NA PRIMEIRA LINHA DA TABELA
19-08-2024 07:12:06.263Z;functions.check_ted_branco;  REFERNCIA: 993149
19-08-2024 07:12:06.263Z;functions.check_ted_branco;  CONTAGEM: 1
19-08-2024 07:12:06.565Z;functions.check_ted_branco;  ENTRANDO NO REGISTRO 
19-08-2024 07:12:16.941Z;functions.waitForImage;  INTEGRAÇÃO BANCÁRIA image found.
19-08-2024 07:12:17.058Z;functions.check_ted_branco;  CLICA EM INTEGRAÇÃO BANCÁRIA
19-08-2024 07:12:17.058Z;functions.check_ted_branco;  VERIFICANDO INFORMAÇÕES
19-08-2024 07:12:17.146Z;functions.waitForImage;  TRES PONTINHOS image found.
19-08-2024 07:12:29.762Z;functions.check_ted_branco;  VERIFICANDO SE TEM PIX NO FILTRO
19-08-2024 07:12:29.832Z;functions.waitForImage;  CHECANDO DADOS BANCÁRIOS PIX image found.
19-08-2024 07:12:31.837Z;functions.check_ted_branco;  PIX NÃO ENCONTRADO PARA REFERENCIA: 993149
19-08-2024 07:12:35.545Z;functions.check_ted_branco;  APERTA EM CANCELAR
19-08-2024 07:12:35.613Z;functions.waitForImage;  PRESS BUTTON OK image found.
19-08-2024 07:12:37.745Z;functions.click_ok;  PRESS BUTTON OK
19-08-2024 07:12:50.144Z;functions.waitForImage;  ERROR GENERICO image not found.
19-08-2024 07:12:55.581Z;functions.waitForImage;  ERROR FILTRO PIX image not found.
19-08-2024 07:12:59.689Z;functions.check_ted_branco;  PASSANDO PARA PRÓXIMO REGISTRO
19-08-2024 07:13:03.791Z;functions.check_ted_branco;  REFERNCIA: 993355
19-08-2024 07:13:03.791Z;functions.check_ted_branco;  CONTAGEM: 2
19-08-2024 07:13:04.092Z;functions.check_ted_branco;  ENTRANDO NO REGISTRO 
19-08-2024 07:13:07.269Z;functions.waitForImage;  INTEGRAÇÃO BANCÁRIA image found.
19-08-2024 07:13:07.403Z;functions.check_ted_branco;  CLICA EM INTEGRAÇÃO BANCÁRIA
19-08-2024 07:13:07.403Z;functions.check_ted_branco;  VERIFICANDO INFORMAÇÕES
19-08-2024 07:13:08.066Z;functions.waitForImage;  TRES PONTINHOS image found.
19-08-2024 07:13:20.694Z;functions.check_ted_branco;  VERIFICANDO SE TEM PIX NO FILTRO
19-08-2024 07:13:20.769Z;functions.waitForImage;  CHECANDO DADOS BANCÁRIOS PIX image found.
19-08-2024 07:13:22.781Z;functions.check_ted_branco;  PIX NÃO ENCONTRADO PARA REFERENCIA: 993355
19-08-2024 07:13:26.489Z;functions.check_ted_branco;  APERTA EM CANCELAR
19-08-2024 07:13:26.581Z;functions.waitForImage;  PRESS BUTTON OK image found.
19-08-2024 07:13:28.715Z;functions.click_ok;  PRESS BUTTON OK
19-08-2024 07:13:40.723Z;functions.waitForImage;  ERROR GENERICO image not found.
19-08-2024 07:13:46.175Z;functions.waitForImage;  ERROR FILTRO PIX image not found.
19-08-2024 07:13:50.287Z;functions.check_ted_branco;  PASSANDO PARA PRÓXIMO REGISTRO
19-08-2024 07:13:54.390Z;functions.check_ted_branco;  REFERNCIA: 992554
19-08-2024 07:13:54.390Z;functions.check_ted_branco;  CONTAGEM: 3
19-08-2024 07:13:54.691Z;functions.check_ted_branco;  ENTRANDO NO REGISTRO 
19-08-2024 07:13:57.878Z;functions.waitForImage;  INTEGRAÇÃO BANCÁRIA image found.
19-08-2024 07:13:57.996Z;functions.check_ted_branco;  CLICA EM INTEGRAÇÃO BANCÁRIA
19-08-2024 07:13:57.996Z;functions.check_ted_branco;  VERIFICANDO INFORMAÇÕES
19-08-2024 07:13:58.671Z;functions.waitForImage;  TRES PONTINHOS image found.
19-08-2024 07:14:11.288Z;functions.check_ted_branco;  VERIFICANDO SE TEM PIX NO FILTRO
19-08-2024 07:14:11.347Z;functions.waitForImage;  CHECANDO DADOS BANCÁRIOS PIX image found.
19-08-2024 07:14:13.361Z;functions.check_ted_branco;  PIX NÃO ENCONTRADO PARA REFERENCIA: 992554
19-08-2024 07:14:17.077Z;functions.check_ted_branco;  APERTA EM CANCELAR
19-08-2024 07:14:17.128Z;functions.waitForImage;  PRESS BUTTON OK image found.
19-08-2024 07:14:19.277Z;functions.click_ok;  PRESS BUTTON OK
19-08-2024 07:14:31.769Z;functions.waitForImage;  ERROR GENERICO image not found.
19-08-2024 07:14:37.206Z;functions.waitForImage;  ERROR FILTRO PIX image not found.
19-08-2024 07:14:41.320Z;functions.check_ted_branco;  PASSANDO PARA PRÓXIMO REGISTRO
19-08-2024 07:14:45.423Z;functions.check_ted_branco;  REFERNCIA: 993614
19-08-2024 07:14:45.423Z;functions.check_ted_branco;  CONTAGEM: 4
19-08-2024 07:14:45.724Z;functions.check_ted_branco;  ENTRANDO NO REGISTRO 
19-08-2024 07:14:48.894Z;functions.waitForImage;  INTEGRAÇÃO BANCÁRIA image found.
19-08-2024 07:14:49.027Z;functions.check_ted_branco;  CLICA EM INTEGRAÇÃO BANCÁRIA
19-08-2024 07:14:49.027Z;functions.check_ted_branco;  VERIFICANDO INFORMAÇÕES
19-08-2024 07:14:49.660Z;functions.waitForImage;  TRES PONTINHOS image found.
19-08-2024 07:15:02.286Z;functions.check_ted_branco;  VERIFICANDO SE TEM PIX NO FILTRO
19-08-2024 07:15:02.363Z;functions.waitForImage;  CHECANDO DADOS BANCÁRIOS PIX image found.
19-08-2024 07:15:04.373Z;functions.check_ted_branco;  PIX NÃO ENCONTRADO PARA REFERENCIA: 993614
19-08-2024 07:15:08.081Z;functions.check_ted_branco;  APERTA EM CANCELAR
19-08-2024 07:15:08.160Z;functions.waitForImage;  PRESS BUTTON OK image found.
19-08-2024 07:15:10.276Z;functions.click_ok;  PRESS BUTTON OK
19-08-2024 07:15:22.691Z;functions.waitForImage;  ERROR GENERICO image not found.
19-08-2024 07:15:28.112Z;functions.waitForImage;  ERROR FILTRO PIX image not found.
19-08-2024 07:15:32.219Z;functions.check_ted_branco;  PASSANDO PARA PRÓXIMO REGISTRO
19-08-2024 07:15:36.322Z;functions.check_ted_branco;  REFERNCIA: 993456
19-08-2024 07:15:36.322Z;functions.check_ted_branco;  CONTAGEM: 5
19-08-2024 07:15:36.623Z;functions.check_ted_branco;  ENTRANDO NO REGISTRO 
19-08-2024 07:15:39.800Z;functions.waitForImage;  INTEGRAÇÃO BANCÁRIA image found.
19-08-2024 07:15:39.933Z;functions.check_ted_branco;  CLICA EM INTEGRAÇÃO BANCÁRIA
19-08-2024 07:15:39.933Z;functions.check_ted_branco;  VERIFICANDO INFORMAÇÕES
19-08-2024 07:15:40.016Z;functions.waitForImage;  TRES PONTINHOS image found.
19-08-2024 07:15:52.632Z;functions.check_ted_branco;  VERIFICANDO SE TEM PIX NO FILTRO
19-08-2024 07:15:52.706Z;functions.waitForImage;  CHECANDO DADOS BANCÁRIOS PIX image found.
19-08-2024 07:15:54.708Z;functions.check_ted_branco;  PIX NÃO ENCONTRADO PARA REFERENCIA: 993456
19-08-2024 07:15:58.416Z;functions.check_ted_branco;  APERTA EM CANCELAR
19-08-2024 07:15:58.472Z;functions.waitForImage;  PRESS BUTTON OK image found.
19-08-2024 07:16:00.589Z;functions.click_ok;  PRESS BUTTON OK
19-08-2024 07:16:13.144Z;functions.waitForImage;  ERROR GENERICO image not found.
19-08-2024 07:16:18.583Z;functions.waitForImage;  ERROR FILTRO PIX image not found.
19-08-2024 07:16:22.688Z;functions.check_ted_branco;  PASSANDO PARA PRÓXIMO REGISTRO
19-08-2024 07:16:26.791Z;functions.check_ted_branco;  REFERNCIA: 990056
19-08-2024 07:16:26.791Z;functions.check_ted_branco;  CONTAGEM: 6
19-08-2024 07:16:27.092Z;functions.check_ted_branco;  ENTRANDO NO REGISTRO 
19-08-2024 07:16:30.862Z;functions.waitForImage;  INTEGRAÇÃO BANCÁRIA image found.
19-08-2024 07:16:30.995Z;functions.check_ted_branco;  CLICA EM INTEGRAÇÃO BANCÁRIA
19-08-2024 07:16:30.995Z;functions.check_ted_branco;  VERIFICANDO INFORMAÇÕES
19-08-2024 07:16:31.080Z;functions.waitForImage;  TRES PONTINHOS image found.
19-08-2024 07:16:43.704Z;functions.check_ted_branco;  VERIFICANDO SE TEM PIX NO FILTRO
19-08-2024 07:16:43.796Z;functions.waitForImage;  CHECANDO DADOS BANCÁRIOS PIX image found.
19-08-2024 07:16:45.796Z;functions.check_ted_branco;  PIX NÃO ENCONTRADO PARA REFERENCIA: 990056
19-08-2024 07:16:49.511Z;functions.check_ted_branco;  APERTA EM CANCELAR
19-08-2024 07:16:49.566Z;functions.waitForImage;  PRESS BUTTON OK image found.
19-08-2024 07:16:51.683Z;functions.click_ok;  PRESS BUTTON OK
19-08-2024 07:17:04.222Z;functions.waitForImage;  ERROR GENERICO image not found.
19-08-2024 07:17:09.644Z;functions.waitForImage;  ERROR FILTRO PIX image not found.
19-08-2024 07:17:13.750Z;functions.check_ted_branco;  PASSANDO PARA PRÓXIMO REGISTRO
19-08-2024 07:17:17.868Z;functions.check_ted_branco;  REFERNCIA: 993509
19-08-2024 07:17:17.868Z;functions.check_ted_branco;  CONTAGEM: 7
19-08-2024 07:17:18.169Z;functions.check_ted_branco;  ENTRANDO NO REGISTRO 
19-08-2024 07:17:21.362Z;functions.waitForImage;  INTEGRAÇÃO BANCÁRIA image found.
19-08-2024 07:17:21.495Z;functions.check_ted_branco;  CLICA EM INTEGRAÇÃO BANCÁRIA
19-08-2024 07:17:21.495Z;functions.check_ted_branco;  VERIFICANDO INFORMAÇÕES
19-08-2024 07:17:22.128Z;functions.waitForImage;  TRES PONTINHOS image found.
19-08-2024 07:17:34.754Z;functions.check_ted_branco;  VERIFICANDO SE TEM PIX NO FILTRO
19-08-2024 07:17:34.816Z;functions.waitForImage;  CHECANDO DADOS BANCÁRIOS PIX image found.
19-08-2024 07:17:36.830Z;functions.check_ted_branco;  PIX NÃO ENCONTRADO PARA REFERENCIA: 993509
19-08-2024 07:17:40.550Z;functions.check_ted_branco;  APERTA EM CANCELAR
19-08-2024 07:17:40.628Z;functions.waitForImage;  PRESS BUTTON OK image found.
19-08-2024 07:17:42.746Z;functions.click_ok;  PRESS BUTTON OK
19-08-2024 07:17:55.268Z;functions.waitForImage;  ERROR GENERICO image not found.
19-08-2024 07:18:00.706Z;functions.waitForImage;  ERROR FILTRO PIX image not found.
19-08-2024 07:18:04.813Z;functions.check_ted_branco;  PASSANDO PARA PRÓXIMO REGISTRO
19-08-2024 07:18:08.916Z;functions.check_ted_branco;  REFERNCIA: 993477
19-08-2024 07:18:08.916Z;functions.check_ted_branco;  CONTAGEM: 8
19-08-2024 07:18:09.216Z;functions.check_ted_branco;  ENTRANDO NO REGISTRO 
19-08-2024 07:18:12.394Z;functions.waitForImage;  INTEGRAÇÃO BANCÁRIA image found.
19-08-2024 07:18:12.526Z;functions.check_ted_branco;  CLICA EM INTEGRAÇÃO BANCÁRIA
19-08-2024 07:18:12.526Z;functions.check_ted_branco;  VERIFICANDO INFORMAÇÕES
19-08-2024 07:18:13.191Z;functions.waitForImage;  TRES PONTINHOS image found.
19-08-2024 07:18:25.819Z;functions.check_ted_branco;  VERIFICANDO SE TEM PIX NO FILTRO
19-08-2024 07:18:25.878Z;functions.waitForImage;  CHECANDO DADOS BANCÁRIOS PIX image found.
19-08-2024 07:18:27.893Z;functions.check_ted_branco;  PIX NÃO ENCONTRADO PARA REFERENCIA: 993477
19-08-2024 07:18:31.600Z;functions.check_ted_branco;  APERTA EM CANCELAR
19-08-2024 07:18:31.659Z;functions.waitForImage;  PRESS BUTTON OK image found.
19-08-2024 07:18:33.777Z;functions.click_ok;  PRESS BUTTON OK
19-08-2024 07:18:46.300Z;functions.waitForImage;  ERROR GENERICO image not found.
19-08-2024 07:18:51.737Z;functions.waitForImage;  ERROR FILTRO PIX image not found.
19-08-2024 07:18:55.843Z;functions.check_ted_branco;  PASSANDO PARA PRÓXIMO REGISTRO
19-08-2024 07:18:59.946Z;functions.check_ted_branco;  REFERNCIA: 992459
19-08-2024 07:18:59.946Z;functions.check_ted_branco;  CONTAGEM: 9
19-08-2024 07:19:00.247Z;functions.check_ted_branco;  ENTRANDO NO REGISTRO 
19-08-2024 07:19:03.425Z;functions.waitForImage;  INTEGRAÇÃO BANCÁRIA image found.
19-08-2024 07:19:03.558Z;functions.check_ted_branco;  CLICA EM INTEGRAÇÃO BANCÁRIA
19-08-2024 07:19:03.558Z;functions.check_ted_branco;  VERIFICANDO INFORMAÇÕES
19-08-2024 07:19:03.653Z;functions.waitForImage;  TRES PONTINHOS image found.
19-08-2024 07:19:16.268Z;functions.check_ted_branco;  VERIFICANDO SE TEM PIX NO FILTRO
19-08-2024 07:19:16.346Z;functions.waitForImage;  CHECANDO DADOS BANCÁRIOS PIX image found.
19-08-2024 07:19:18.361Z;functions.check_ted_branco;  PIX NÃO ENCONTRADO PARA REFERENCIA: 992459
19-08-2024 07:19:22.068Z;functions.check_ted_branco;  APERTA EM CANCELAR
19-08-2024 07:19:22.128Z;functions.waitForImage;  PRESS BUTTON OK image found.
19-08-2024 07:19:24.245Z;functions.click_ok;  PRESS BUTTON OK
19-08-2024 07:19:36.596Z;functions.waitForImage;  ERROR GENERICO image not found.
19-08-2024 07:19:42.018Z;functions.waitForImage;  ERROR FILTRO PIX image not found.
19-08-2024 07:19:46.128Z;functions.check_ted_branco;  PASSANDO PARA PRÓXIMO REGISTRO
19-08-2024 07:19:50.231Z;functions.check_ted_branco;  REFERNCIA: 992813
19-08-2024 07:19:50.231Z;functions.check_ted_branco;  CONTAGEM: 10
19-08-2024 07:19:50.532Z;functions.check_ted_branco;  ENTRANDO NO REGISTRO 
19-08-2024 07:19:53.707Z;functions.waitForImage;  INTEGRAÇÃO BANCÁRIA image found.
19-08-2024 07:19:53.839Z;functions.check_ted_branco;  CLICA EM INTEGRAÇÃO BANCÁRIA
19-08-2024 07:19:53.839Z;functions.check_ted_branco;  VERIFICANDO INFORMAÇÕES
19-08-2024 07:19:53.923Z;functions.waitForImage;  TRES PONTINHOS image found.
19-08-2024 07:20:06.539Z;functions.check_ted_branco;  VERIFICANDO SE TEM PIX NO FILTRO
19-08-2024 07:20:06.597Z;functions.waitForImage;  CHECANDO DADOS BANCÁRIOS PIX image found.
19-08-2024 07:20:08.613Z;functions.check_ted_branco;  PIX NÃO ENCONTRADO PARA REFERENCIA: 992813
19-08-2024 07:20:12.321Z;functions.check_ted_branco;  APERTA EM CANCELAR
19-08-2024 07:20:12.378Z;functions.waitForImage;  PRESS BUTTON OK image found.
19-08-2024 07:20:14.496Z;functions.click_ok;  PRESS BUTTON OK
19-08-2024 07:20:27.034Z;functions.waitForImage;  ERROR GENERICO image not found.
19-08-2024 07:20:32.456Z;functions.waitForImage;  ERROR FILTRO PIX image not found.
19-08-2024 07:20:36.566Z;functions.check_ted_branco;  PASSANDO PARA PRÓXIMO REGISTRO
19-08-2024 07:20:40.669Z;functions.check_ted_branco;  REFERNCIA: 993406
19-08-2024 07:20:40.669Z;functions.check_ted_branco;  CONTAGEM: 11
19-08-2024 07:20:40.970Z;functions.check_ted_branco;  ENTRANDO NO REGISTRO 
19-08-2024 07:20:44.143Z;functions.waitForImage;  INTEGRAÇÃO BANCÁRIA image found.
19-08-2024 07:20:44.275Z;functions.check_ted_branco;  CLICA EM INTEGRAÇÃO BANCÁRIA
19-08-2024 07:20:44.275Z;functions.check_ted_branco;  VERIFICANDO INFORMAÇÕES
19-08-2024 07:20:44.351Z;functions.waitForImage;  TRES PONTINHOS image found.
19-08-2024 07:20:56.976Z;functions.check_ted_branco;  VERIFICANDO SE TEM PIX NO FILTRO
19-08-2024 07:20:57.049Z;functions.waitForImage;  CHECANDO DADOS BANCÁRIOS PIX image found.
19-08-2024 07:20:59.053Z;functions.check_ted_branco;  PIX NÃO ENCONTRADO PARA REFERENCIA: 993406
19-08-2024 07:21:02.768Z;functions.check_ted_branco;  APERTA EM CANCELAR
19-08-2024 07:21:02.862Z;functions.waitForImage;  PRESS BUTTON OK image found.
19-08-2024 07:21:04.995Z;functions.click_ok;  PRESS BUTTON OK
19-08-2024 07:21:17.409Z;functions.waitForImage;  ERROR GENERICO image not found.
19-08-2024 07:21:22.831Z;functions.waitForImage;  ERROR FILTRO PIX image not found.
19-08-2024 07:21:26.943Z;functions.check_ted_branco;  PASSANDO PARA PRÓXIMO REGISTRO
19-08-2024 07:21:31.046Z;functions.check_ted_branco;  REFERNCIA: 971428
19-08-2024 07:21:31.046Z;functions.check_ted_branco;  CONTAGEM: 12
19-08-2024 07:21:31.347Z;functions.check_ted_branco;  ENTRANDO NO REGISTRO 
19-08-2024 07:21:34.518Z;functions.waitForImage;  INTEGRAÇÃO BANCÁRIA image found.
19-08-2024 07:21:34.650Z;functions.check_ted_branco;  CLICA EM INTEGRAÇÃO BANCÁRIA
19-08-2024 07:21:34.650Z;functions.check_ted_branco;  VERIFICANDO INFORMAÇÕES
19-08-2024 07:21:34.736Z;functions.waitForImage;  TRES PONTINHOS image found.
19-08-2024 07:21:47.366Z;functions.check_ted_branco;  VERIFICANDO SE TEM PIX NO FILTRO
19-08-2024 07:21:47.440Z;functions.waitForImage;  CHECANDO DADOS BANCÁRIOS PIX image found.
19-08-2024 07:21:49.453Z;functions.check_ted_branco;  PIX NÃO ENCONTRADO PARA REFERENCIA: 971428
19-08-2024 07:21:53.160Z;functions.check_ted_branco;  APERTA EM CANCELAR
19-08-2024 07:21:53.237Z;functions.waitForImage;  PRESS BUTTON OK image found.
19-08-2024 07:21:55.370Z;functions.click_ok;  PRESS BUTTON OK
19-08-2024 07:22:07.737Z;functions.waitForImage;  ERROR GENERICO image not found.
19-08-2024 07:22:13.174Z;functions.waitForImage;  ERROR FILTRO PIX image not found.
19-08-2024 07:22:13.174Z;functions.check_ted_branco;  FORAM VERIFICADOS: 12 REFERENCIAS NO PROCESSAMENTO FORMA DE PAGAMENTO ELETRONICA EM BRANCO
19-08-2024 07:22:15.502Z;errorhandler.__handle;  Property: Unknown Property name. [1:203: -ms-interpolation-mode]
19-08-2024 07:22:15.518Z;errorhandler.__handle;  Property: Unknown Property name. [1:353: -webkit-font-smoothing]
19-08-2024 07:22:15.518Z;errorhandler.__handle;  Property: Unknown Property name. [1:483: -ms-text-size-adjust]
19-08-2024 07:22:15.518Z;errorhandler.__handle;  Property: Unknown Property name. [1:518: -webkit-text-size-adjust]
19-08-2024 07:22:15.518Z;errorhandler.__handle;  Property: Unknown Property name. [1:612: mso-table-lspace]
19-08-2024 07:22:15.518Z;errorhandler.__handle;  Property: Unknown Property name. [1:642: mso-table-rspace]
19-08-2024 07:22:15.565Z;errorhandler.__handle;  Property: Unknown Property name. [1:4734: mso-hide]
19-08-2024 07:22:15.596Z;errorhandler.__handle;  Property: Unknown Property name. [1:13: -ms-interpolation-mode]
19-08-2024 07:22:15.596Z;errorhandler.__handle;  Property: Unknown Property name. [1:49: -webkit-font-smoothing]
19-08-2024 07:22:15.596Z;errorhandler.__handle;  Property: Unknown Property name. [1:134: -ms-text-size-adjust]
19-08-2024 07:22:15.596Z;errorhandler.__handle;  Property: Unknown Property name. [1:160: -webkit-text-size-adjust]
19-08-2024 07:22:15.596Z;errorhandler.__handle;  Property: Unknown Property name. [1:26: mso-table-lspace]
19-08-2024 07:22:15.596Z;errorhandler.__handle;  Property: Unknown Property name. [1:45: mso-table-rspace]
19-08-2024 07:22:15.596Z;errorhandler.__handle;  Property: Unknown Property name. [1:92: mso-hide]
19-08-2024 07:22:15.612Z;errorhandler.__handle;  Property: No ":" after name found: align-center [1:1: align-center]
19-08-2024 07:22:15.612Z;errorhandler.__handle;  Property: No property value found: align-center [1:1: align-center]
19-08-2024 07:22:15.612Z;errorhandler.__handle;  CSSStyleDeclaration: Syntax Error in Property: align-center
19-08-2024 07:22:15.612Z;errorhandler.__handle;  Property: Unknown Property name. [1:14: -ms-interpolation-mode]
19-08-2024 07:22:18.049Z;functions.emailFinalizado;  Warning e-mail sent.
19-08-2024 07:22:18.049Z;main.<module>;  Remessa Bancária TED CIP com filtro de pagamento eletronica em branco modificadas para pix 
 PASSO 3 FINALIZADO
19-08-2024 07:22:18.049Z;main.<module>;  O PROGRAMA SERÁ ENCERRADO
19-08-2024 07:22:18.956Z;errorhandler.__handle;  Property: Unknown Property name. [1:14: -ms-interpolation-mode]
19-08-2024 07:22:21.346Z;functions.emailFinalizado;  Warning e-mail sent.
19-08-2024 07:22:21.510Z;functions.end_RM;  RM ENCERRADO
