04-04-2024 15:00:26.209Z;functions.bot_text_art;      ____   
04-04-2024 15:00:26.209Z;functions.bot_text_art;     [____]    
04-04-2024 15:00:26.209Z;functions.bot_text_art;   |=]()()[=|  
04-04-2024 15:00:26.209Z;functions.bot_text_art;     _\==/__    _____    ____     _        _____    ___   _  __
04-04-2024 15:00:26.209Z;functions.bot_text_art;   |__|   |_|  |  _  \  / ___|   | |      |_   _| / ___| | |/ /
04-04-2024 15:00:26.209Z;functions.bot_text_art;   |_|_/\_|_|  | |  | | | |      | |        | |   | |    | ' / 
04-04-2024 15:00:26.209Z;functions.bot_text_art;   | | __ | |  | |  | | | |      | |        | |   | |    |  <  
04-04-2024 15:00:26.209Z;functions.bot_text_art;   |_|[  ]|_|  | |__| | | |____  | |____   _| |_  | |__  | . \ 
04-04-2024 15:00:26.209Z;functions.bot_text_art;   \_|_||_|_/  |_____/   \_____| |______| |_____| \ ___| |_|\_\
04-04-2024 15:00:26.209Z;functions.bot_text_art;     |_||_|                                                     
04-04-2024 15:00:26.209Z;functions.bot_text_art;     | ||_|_   
04-04-2024 15:00:26.209Z;functions.bot_text_art;   |___||___|  
04-04-2024 15:00:26.209Z;functions.bot_text_art;               
04-04-2024 15:00:26.225Z;functions.open_RM;  OPEN PROGRAM RM
04-04-2024 15:00:33.896Z;functions.loggin_RM;  ENTER USER_NAME
04-04-2024 15:00:37.724Z;functions.loggin_RM;  ENTER PASSWORD
04-04-2024 15:00:38.414Z;functions.loggin_RM;  ENTER RM
04-04-2024 15:00:57.833Z;functions.enter_coligada;  CLICK CONTEXTO
04-04-2024 15:01:01.787Z;functions.enter_coligada;  CLICK ALTERAR MODULO DO CONTEXTO
04-04-2024 15:01:04.426Z;functions.enter_coligada;  INSERE O COLIGADA CODE = 1
04-04-2024 15:01:04.528Z;functions.enter_coligada;  APERTA TAB PARA PREENCHER O CAMPO COM A STRING: OCEANICA ENGENHARIA E CONSULTORIA S.A.
04-04-2024 15:01:05.380Z;functions.enter_coligada;  CLICK AVANÇAR NOVAMENTE
04-04-2024 15:01:06.184Z;functions.enter_coligada;  CLICK CONCLUIR
04-04-2024 15:01:15.302Z;functions.enter_coligada;  POP UP COLIGADA DESAPARECER
04-04-2024 15:01:15.912Z;functions.check_movimentacao_bancaria;  CLICK - TOTVS - LINHA RM
04-04-2024 15:01:16.958Z;functions.check_movimentacao_bancaria;  CLICK - BACK OFFICE
04-04-2024 15:01:19.256Z;functions.check_movimentacao_bancaria;  CLICK - GESTAO FINANCEIRA
04-04-2024 15:01:22.052Z;functions.movimentacao_bancaria;  CLICA NA ABA MOVIMENTAÇÃO BANCARIA
04-04-2024 15:01:22.146Z;functions.waitForImage;  IMAGEM BORDERO image found.
04-04-2024 15:01:24.257Z;functions.movimentacao_bancaria;  IMAGEM BORDERO CLICADA.
04-04-2024 15:01:34.651Z;functions.waitForImage;  LICENCAS EXCEDIDAS image not found.
04-04-2024 15:01:35.198Z;functions.movimentacao_bancaria;  ENCONTROU O FILTRO DA MOVIMENTAÇÃO BANCÁRIA
04-04-2024 15:01:35.214Z;functions.movimentacao_bancaria;  CLICA NA ABA SUPERIOR DO FILTRO
04-04-2024 15:01:38.418Z;functions.movimentacao_bancaria;  SELECIONA O FILTRO HOJE
04-04-2024 15:01:43.490Z;functions.waitForImage;  FILTER CLEAN image found.
04-04-2024 15:01:45.620Z;functions.filter_clean;  CLICA NO BOTÃO X DO LIMPA FILTRO
04-04-2024 15:02:00.943Z;functions.waitForImage;  FILTER CLEAN image not found.
04-04-2024 15:02:16.302Z;functions.waitForImage;  FILTER CLEAN image not found.
04-04-2024 15:02:17.068Z;functions.movimentacao_bancaria;  CLICA NA PRIMEIRA LINHA DA TABELA MOVIMENTAÇÃO BANCÁRIA
04-04-2024 15:02:18.281Z;functions.movimentacao_bancaria;  12 PASSOS PARA DIREITA NA TABELA >>
04-04-2024 15:02:19.536Z;functions.movimentacao_bancaria;  HOVER FILTER
04-04-2024 15:02:19.803Z;functions.movimentacao_bancaria;  CLICK FILTER
04-04-2024 15:02:24.112Z;functions.movimentacao_bancaria;  CLICA NO FILTRO  STATUS DA REMESSA
04-04-2024 15:02:26.214Z;functions.movimentacao_bancaria;  APERTA TAB PARA ESCREVER O FILTRO
04-04-2024 15:02:28.319Z;functions.movimentacao_bancaria;  ESCREVE PENDENTE NO FILTRO
04-04-2024 15:02:30.420Z;functions.movimentacao_bancaria;  APERTA ENTER PARA SELECIONAR OS PENDENTES
04-04-2024 15:02:51.380Z;functions.movimentacao_bancaria;  SEM PROCESSAMENTO DE BORDERO PENDENTE
04-04-2024 15:03:01.474Z;functions.waitForImage;  FILTER CLEAN image found.
04-04-2024 15:03:03.607Z;functions.filter_clean;  CLICA NO BOTÃO X DO LIMPA FILTRO
04-04-2024 15:03:18.987Z;functions.waitForImage;  FILTER CLEAN image not found.
04-04-2024 15:03:34.311Z;functions.waitForImage;  FILTER CLEAN image not found.
04-04-2024 15:03:35.130Z;functions.processo_pagamento;  CLICA NA PRIMEIRA LINHA DA TABELA MOVIMENTAÇÃO BANCÁRIA
04-04-2024 15:03:36.394Z;functions.processo_pagamento;  HOVER FILTER
04-04-2024 15:03:36.662Z;functions.processo_pagamento;  CLICK FILTER
04-04-2024 15:03:40.974Z;functions.processo_pagamento;  CLICA NO FILTRO  STATUS DA REMESSA
04-04-2024 15:03:43.075Z;functions.processo_pagamento;  APERTA TAB PARA ESCREVER O FILTRO
04-04-2024 15:03:45.182Z;functions.processo_pagamento;  ESCREVE AUTORIZADO NO FILTRO
04-04-2024 15:03:47.283Z;functions.processo_pagamento;  APERTA ENTER PARA SELECIONAR OS AUTORIZADOS
04-04-2024 15:04:08.224Z;functions.processo_pagamento;  SEM REMESSA DE BORDERO AUTORIZADO
04-04-2024 15:04:09.325Z;functions.processo_pagamento;  FECHA ABA MOVIMENTAÇÕES BANCÁRIAS
04-04-2024 15:04:10.145Z;functions.enter_contas_a_pagar;  CLICK - TOTVS - LINHA RM
04-04-2024 15:04:11.099Z;functions.enter_contas_a_pagar;  CLICK - BACK OFFICE
04-04-2024 15:04:11.786Z;functions.enter_contas_a_pagar;  CLICK - GESTAO FINANCEIRA
04-04-2024 15:04:16.600Z;functions.enter_contas_a_pagar;  CLICK - CONTAS A PAGAR
04-04-2024 15:04:16.687Z;functions.waitForImage;  LANÇAMENTOS image found.
04-04-2024 15:04:18.814Z;functions.enter_contas_a_pagar;  CLICA EM LANÇAMENTOS
04-04-2024 15:04:34.170Z;functions.waitForImage;  LICENCAS EXCEDIDAS image not found.
04-04-2024 15:04:34.170Z;functions.obter_intervalo_data;  VERIFICANDO A HORA ATUAL 15
04-04-2024 15:04:34.170Z;functions.obter_intervalo_data;  Data Inicial BANCARIA antes da remoção: None
04-04-2024 15:04:34.170Z;functions.obter_intervalo_data;  Data Final BANCARIA antes da remoção: None
04-04-2024 15:04:34.170Z;functions.obter_intervalo_data;  Data Inicial BANCARIA após a remoção: None
04-04-2024 15:04:34.170Z;functions.obter_intervalo_data;  Data Final BANCARIA após a remoção: None
04-04-2024 15:04:34.170Z;functions.obter_intervalo_data;  hoje -  2024-04-04 15:04:34.170499
04-04-2024 15:04:34.170Z;functions.data_filter;  DATA INICIO 10-04-2024
04-04-2024 15:04:34.170Z;functions.data_filter;  DATA FIM 16-04-2024
04-04-2024 15:04:34.170Z;functions.data_filter;  CLICK - SELECIONA A DATA DE QUARTA FEIRA E DA PROXIMA TERÇA
04-04-2024 15:04:34.170Z;functions.data_filter;  QUARTA-FEIRA: 10-04-2024
04-04-2024 15:04:34.170Z;functions.data_filter;  TERCA-FEIRA: 16-04-2024
04-04-2024 15:04:42.614Z;functions.data_filter;  CLICK - BOTAO DE SELECAO DE FILTRO
04-04-2024 15:04:46.375Z;functions.data_filter;  INSERE - DATA DE QUARTA-FEIRA: 10-04-2024
04-04-2024 15:04:49.865Z;functions.data_filter;  INSERE - DATA DA PROX TERCA-FEIRA: 16-04-2024
04-04-2024 15:04:50.740Z;functions.data_filter;  CLICK - BOTAO DE EXECUTAR O FILTRO
04-04-2024 15:08:28.677Z;functions.desmark_filter;  CLICK CHECKBOX LANÇAMENTOS A RECEBER
04-04-2024 15:08:29.458Z;functions.desmark_filter;  CLICK CHECKBOX LANÇAMENTOS BAIXADOS
04-04-2024 15:08:30.270Z;functions.desmark_filter;  CLICK CHECKBOX LANÇAMENTOS CANCELADOS
04-04-2024 15:08:31.146Z;functions.desmark_filter;  CLICK CHECKBOX LANÇAMENTOS FATURADOS
04-04-2024 15:08:32.052Z;functions.desmark_filter;  CLICK CHECKBOX LANÇAMENTOS FATURADOS
04-04-2024 15:08:37.118Z;functions.waitForImage;  FILTER CLEAN image found.
04-04-2024 15:08:39.238Z;functions.filter_clean;  CLICA NO BOTÃO X DO LIMPA FILTRO
04-04-2024 15:08:54.549Z;functions.waitForImage;  FILTER CLEAN image not found.
04-04-2024 15:09:09.851Z;functions.waitForImage;  FILTER CLEAN image not found.
04-04-2024 15:09:09.851Z;functions.check_table_record;  VERIFICANDO SE A TABELA ESTÁ VAZIA
04-04-2024 15:09:10.770Z;functions.check_table_record;  Texto extraido 1/499
04-04-2024 15:09:10.770Z;functions.check_table_record;  Count 499
04-04-2024 15:09:10.770Z;functions.check_table_record;  Type <class 'int'>
04-04-2024 15:09:10.770Z;functions.check_table_record;  TABELA CONTÉM REGISTROS
04-04-2024 15:09:21.598Z;functions.select_tipo_documento;  NOME DA COLUNA: Tipo de Documento
04-04-2024 15:09:22.832Z;functions.select_tipo_documento;  HOVER NOME DA COLUNA: Tipo de Documento
04-04-2024 15:09:23.432Z;functions.select_tipo_documento;  CLICA NO FILTRO PERSONALIZAR
04-04-2024 15:09:24.141Z;functions.select_tipo_documento;  CLICA PARA SELECIONAR OPÇÕES DO FILTRO
04-04-2024 15:09:31.166Z;functions.select_tipo_documento;  CLICK BUTTON CONFIRMAR FILTRO
04-04-2024 15:09:36.168Z;functions.filter_IPTE;  VERIFICANDO O COD DO CLIENTE EM CADA REGISTRO
04-04-2024 15:09:36.942Z;functions.filter_IPTE;  CLICA NA PRIMEIRA LINHA DA TABELA
04-04-2024 15:09:56.769Z;functions.filter_IPTE;  HOVER FILTER
04-04-2024 15:09:57.346Z;functions.filter_IPTE;  CLICK FILTER
04-04-2024 15:10:01.657Z;functions.filter_IPTE;  CLICA NO FILTRO PERSONALIZAR
04-04-2024 15:10:23.316Z;functions.filter_IPTE;  TABELA CONTÉM REGISTROS
04-04-2024 15:10:44.800Z;functions.filter_IPTE;  MOVIDO PRA CIMA 100 VEZES
04-04-2024 15:10:47.728Z;functions.check_table_record;  VERIFICANDO SE A TABELA ESTÁ VAZIA
04-04-2024 15:10:48.644Z;functions.check_table_record;  Texto extraido 1/23
04-04-2024 15:10:48.644Z;functions.check_table_record;  Count 23
04-04-2024 15:10:48.644Z;functions.check_table_record;  Type <class 'int'>
04-04-2024 15:10:48.644Z;functions.check_table_record;  TABELA CONTÉM REGISTROS
04-04-2024 15:10:48.644Z;functions.check_payment_type;  VERIFICANDO O COD DO CLIENTE EM CADA REGISTRO
04-04-2024 15:10:49.399Z;functions.check_payment_type;  CLICA NA PRIMEIRA LINHA DA TABELA
04-04-2024 15:10:57.501Z;functions.check_payment_type;  REF. LANÇAMENTO: 932409
04-04-2024 15:10:57.604Z;functions.check_payment_type;  ENTRANDO NO REGISTRO
04-04-2024 15:11:01.382Z;functions.waitForImage;  INTEGRAÇÃO BANCÁRIA image found.
04-04-2024 15:11:03.511Z;functions.check_payment_type;  CLICA EM INTEGRAÇÃO BANCÁRIA
04-04-2024 15:11:03.511Z;functions.check_payment_type;  VERIFICANDO INFORMAÇÕES
04-04-2024 15:11:06.574Z;functions.waitForImage;  DADOS BANCARIOS image found.
04-04-2024 15:11:06.691Z;functions.check_payment_type;  DADOS BANCARIOS
04-04-2024 15:11:08.691Z;functions.check_payment_type;  ENTROU DADOS BANCÁRIOS
04-04-2024 15:11:08.793Z;functions.check_payment_type;  APERTA TAB
04-04-2024 15:11:23.221Z;functions.waitForImage;  PRESS BUTTON OK image not found.
04-04-2024 15:11:33.441Z;functions.waitForImage;  PRESS BUTTON OK 2 image not found.
04-04-2024 15:11:45.728Z;functions.waitForImage;  PRESS BUTTON OK image not found.
04-04-2024 15:11:55.930Z;functions.waitForImage;  PRESS BUTTON OK 2 image not found.
04-04-2024 15:11:58.032Z;functions.check_payment_type;  INCLUIDOS: 932409 REFERENCIAS NO PROCESSAMENTO
04-04-2024 15:12:00.134Z;functions.check_payment_type;  PASSANDO PARA PRÓXIMO REGISTRO
04-04-2024 15:12:10.236Z;functions.check_payment_type;  REF. LANÇAMENTO: 932409
04-04-2024 15:12:10.338Z;functions.check_payment_type;  ENTRANDO NO REGISTRO
04-04-2024 15:12:32.901Z;functions.waitForImage;  INTEGRAÇÃO BANCÁRIA image not found.
04-04-2024 15:12:32.901Z;functions.check_payment_type;  VERIFICANDO INFORMAÇÕES
04-04-2024 15:12:35.965Z;functions.waitForImage;  DADOS BANCARIOS image found.
04-04-2024 15:12:36.083Z;functions.check_payment_type;  DADOS BANCARIOS
04-04-2024 15:12:38.083Z;functions.check_payment_type;  ENTROU DADOS BANCÁRIOS
04-04-2024 15:12:38.185Z;functions.check_payment_type;  APERTA TAB
04-04-2024 15:12:42.357Z;functions.waitForImage;  PRESS BUTTON OK image found.
04-04-2024 15:12:44.475Z;functions.click_ok;  PRESS BUTTON OK
04-04-2024 15:12:58.663Z;functions.waitForImage;  PRESS BUTTON OK image not found.
04-04-2024 15:13:08.899Z;functions.waitForImage;  PRESS BUTTON OK 2 image not found.
04-04-2024 15:13:11.002Z;functions.check_payment_type;  INCLUIDOS: 932409 REFERENCIAS NO PROCESSAMENTO
04-04-2024 15:13:13.104Z;functions.check_payment_type;  PASSANDO PARA PRÓXIMO REGISTRO
04-04-2024 15:13:23.206Z;functions.check_payment_type;  REF. LANÇAMENTO: 934617
04-04-2024 15:13:23.308Z;functions.check_payment_type;  ENTRANDO NO REGISTRO
04-04-2024 15:13:25.948Z;functions.waitForImage;  INTEGRAÇÃO BANCÁRIA image found.
04-04-2024 15:13:28.060Z;functions.check_payment_type;  CLICA EM INTEGRAÇÃO BANCÁRIA
04-04-2024 15:13:28.060Z;functions.check_payment_type;  VERIFICANDO INFORMAÇÕES
04-04-2024 15:13:31.123Z;functions.waitForImage;  DADOS BANCARIOS image found.
04-04-2024 15:13:31.241Z;functions.check_payment_type;  DADOS BANCARIOS
04-04-2024 15:13:33.241Z;functions.check_payment_type;  ENTROU DADOS BANCÁRIOS
04-04-2024 15:13:33.343Z;functions.check_payment_type;  APERTA TAB
04-04-2024 15:13:47.721Z;functions.waitForImage;  PRESS BUTTON OK image not found.
04-04-2024 15:13:57.946Z;functions.waitForImage;  PRESS BUTTON OK 2 image not found.
04-04-2024 15:14:10.129Z;functions.waitForImage;  PRESS BUTTON OK image not found.
04-04-2024 15:14:20.356Z;functions.waitForImage;  PRESS BUTTON OK 2 image not found.
04-04-2024 15:14:22.459Z;functions.check_payment_type;  INCLUIDOS: 934617 REFERENCIAS NO PROCESSAMENTO
04-04-2024 15:14:24.560Z;functions.check_payment_type;  PASSANDO PARA PRÓXIMO REGISTRO
04-04-2024 15:14:34.663Z;functions.check_payment_type;  REF. LANÇAMENTO: 934617
04-04-2024 15:14:34.765Z;functions.check_payment_type;  ENTRANDO NO REGISTRO
04-04-2024 15:14:56.786Z;functions.waitForImage;  INTEGRAÇÃO BANCÁRIA image not found.
04-04-2024 15:14:56.786Z;functions.check_payment_type;  VERIFICANDO INFORMAÇÕES
04-04-2024 15:14:59.840Z;functions.waitForImage;  DADOS BANCARIOS image found.
04-04-2024 15:14:59.956Z;functions.check_payment_type;  DADOS BANCARIOS
04-04-2024 15:15:01.957Z;functions.check_payment_type;  ENTROU DADOS BANCÁRIOS
04-04-2024 15:15:02.058Z;functions.check_payment_type;  APERTA TAB
04-04-2024 15:15:06.215Z;functions.waitForImage;  PRESS BUTTON OK image found.
04-04-2024 15:15:08.348Z;functions.click_ok;  PRESS BUTTON OK
04-04-2024 15:15:22.608Z;functions.waitForImage;  PRESS BUTTON OK image not found.
04-04-2024 15:15:32.874Z;functions.waitForImage;  PRESS BUTTON OK 2 image not found.
04-04-2024 15:15:34.977Z;functions.check_payment_type;  INCLUIDOS: 934617 REFERENCIAS NO PROCESSAMENTO
04-04-2024 15:15:37.078Z;functions.check_payment_type;  PASSANDO PARA PRÓXIMO REGISTRO
04-04-2024 15:15:47.181Z;functions.check_payment_type;  REF. LANÇAMENTO: 937365
04-04-2024 15:15:47.284Z;functions.check_payment_type;  ENTRANDO NO REGISTRO
04-04-2024 15:15:49.966Z;functions.waitForImage;  INTEGRAÇÃO BANCÁRIA image found.
04-04-2024 15:15:52.084Z;functions.check_payment_type;  CLICA EM INTEGRAÇÃO BANCÁRIA
04-04-2024 15:15:52.084Z;functions.check_payment_type;  VERIFICANDO INFORMAÇÕES
04-04-2024 15:15:55.133Z;functions.waitForImage;  DADOS BANCARIOS image found.
04-04-2024 15:15:55.265Z;functions.check_payment_type;  DADOS BANCARIOS
04-04-2024 15:15:57.265Z;functions.check_payment_type;  ENTROU DADOS BANCÁRIOS
04-04-2024 15:15:57.367Z;functions.check_payment_type;  APERTA TAB
04-04-2024 15:16:11.718Z;functions.waitForImage;  PRESS BUTTON OK image not found.
04-04-2024 15:16:22.035Z;functions.waitForImage;  PRESS BUTTON OK 2 image not found.
04-04-2024 15:16:34.333Z;functions.waitForImage;  PRESS BUTTON OK image not found.
04-04-2024 15:16:44.554Z;functions.waitForImage;  PRESS BUTTON OK 2 image not found.
04-04-2024 15:16:46.656Z;functions.check_payment_type;  INCLUIDOS: 937365 REFERENCIAS NO PROCESSAMENTO
04-04-2024 15:16:48.758Z;functions.check_payment_type;  PASSANDO PARA PRÓXIMO REGISTRO
04-04-2024 15:16:58.860Z;functions.check_payment_type;  REF. LANÇAMENTO: 937365
04-04-2024 15:16:58.962Z;functions.check_payment_type;  ENTRANDO NO REGISTRO
04-04-2024 15:17:21.032Z;functions.waitForImage;  INTEGRAÇÃO BANCÁRIA image not found.
04-04-2024 15:17:21.032Z;functions.check_payment_type;  VERIFICANDO INFORMAÇÕES
04-04-2024 15:17:24.085Z;functions.waitForImage;  DADOS BANCARIOS image found.
04-04-2024 15:17:24.202Z;functions.check_payment_type;  DADOS BANCARIOS
04-04-2024 15:17:26.203Z;functions.check_payment_type;  ENTROU DADOS BANCÁRIOS
04-04-2024 15:17:26.304Z;functions.check_payment_type;  APERTA TAB
04-04-2024 15:17:30.461Z;functions.waitForImage;  PRESS BUTTON OK image found.
04-04-2024 15:17:32.593Z;functions.click_ok;  PRESS BUTTON OK
04-04-2024 15:17:46.794Z;functions.waitForImage;  PRESS BUTTON OK image not found.
04-04-2024 15:17:57.029Z;functions.waitForImage;  PRESS BUTTON OK 2 image not found.
04-04-2024 15:17:59.132Z;functions.check_payment_type;  INCLUIDOS: 937365 REFERENCIAS NO PROCESSAMENTO
04-04-2024 15:18:01.233Z;functions.check_payment_type;  PASSANDO PARA PRÓXIMO REGISTRO
04-04-2024 15:18:11.336Z;functions.check_payment_type;  REF. LANÇAMENTO: 937366
04-04-2024 15:18:11.438Z;functions.check_payment_type;  ENTRANDO NO REGISTRO
04-04-2024 15:18:13.546Z;functions.waitForImage;  INTEGRAÇÃO BANCÁRIA image found.
04-04-2024 15:18:15.668Z;functions.check_payment_type;  CLICA EM INTEGRAÇÃO BANCÁRIA
04-04-2024 15:18:15.668Z;functions.check_payment_type;  VERIFICANDO INFORMAÇÕES
04-04-2024 15:18:18.717Z;functions.waitForImage;  DADOS BANCARIOS image found.
04-04-2024 15:18:18.849Z;functions.check_payment_type;  DADOS BANCARIOS
04-04-2024 15:18:20.850Z;functions.check_payment_type;  ENTROU DADOS BANCÁRIOS
04-04-2024 15:18:20.952Z;functions.check_payment_type;  APERTA TAB
04-04-2024 15:18:35.306Z;functions.waitForImage;  PRESS BUTTON OK image not found.
04-04-2024 15:18:45.608Z;functions.waitForImage;  PRESS BUTTON OK 2 image not found.
04-04-2024 15:18:57.848Z;functions.waitForImage;  PRESS BUTTON OK image not found.
04-04-2024 15:19:08.098Z;functions.waitForImage;  PRESS BUTTON OK 2 image not found.
04-04-2024 15:19:10.200Z;functions.check_payment_type;  INCLUIDOS: 937366 REFERENCIAS NO PROCESSAMENTO
04-04-2024 15:19:12.302Z;functions.check_payment_type;  PASSANDO PARA PRÓXIMO REGISTRO
04-04-2024 15:19:22.404Z;functions.check_payment_type;  REF. LANÇAMENTO: 937366
04-04-2024 15:19:22.507Z;functions.check_payment_type;  ENTRANDO NO REGISTRO
04-04-2024 15:19:45.031Z;functions.waitForImage;  INTEGRAÇÃO BANCÁRIA image not found.
04-04-2024 15:19:45.031Z;functions.check_payment_type;  VERIFICANDO INFORMAÇÕES
04-04-2024 15:19:48.090Z;functions.waitForImage;  DADOS BANCARIOS image found.
04-04-2024 15:19:48.211Z;functions.check_payment_type;  DADOS BANCARIOS
04-04-2024 15:19:50.211Z;functions.check_payment_type;  ENTROU DADOS BANCÁRIOS
04-04-2024 15:19:50.313Z;functions.check_payment_type;  APERTA TAB
04-04-2024 15:19:54.486Z;functions.waitForImage;  PRESS BUTTON OK image found.
04-04-2024 15:19:56.604Z;functions.click_ok;  PRESS BUTTON OK
04-04-2024 15:20:10.855Z;functions.waitForImage;  PRESS BUTTON OK image not found.
04-04-2024 15:20:21.111Z;functions.waitForImage;  PRESS BUTTON OK 2 image not found.
04-04-2024 15:20:23.213Z;functions.check_payment_type;  INCLUIDOS: 937366 REFERENCIAS NO PROCESSAMENTO
04-04-2024 15:20:25.314Z;functions.check_payment_type;  PASSANDO PARA PRÓXIMO REGISTRO
04-04-2024 15:20:35.417Z;functions.check_payment_type;  REF. LANÇAMENTO: 937367
04-04-2024 15:20:35.519Z;functions.check_payment_type;  ENTRANDO NO REGISTRO
04-04-2024 15:20:38.173Z;functions.waitForImage;  INTEGRAÇÃO BANCÁRIA image found.
04-04-2024 15:20:40.290Z;functions.check_payment_type;  CLICA EM INTEGRAÇÃO BANCÁRIA
04-04-2024 15:20:40.290Z;functions.check_payment_type;  VERIFICANDO INFORMAÇÕES
04-04-2024 15:20:43.340Z;functions.waitForImage;  DADOS BANCARIOS image found.
04-04-2024 15:20:43.457Z;functions.check_payment_type;  DADOS BANCARIOS
04-04-2024 15:20:45.457Z;functions.check_payment_type;  ENTROU DADOS BANCÁRIOS
04-04-2024 15:20:45.559Z;functions.check_payment_type;  APERTA TAB
04-04-2024 15:20:59.921Z;functions.waitForImage;  PRESS BUTTON OK image not found.
04-04-2024 15:21:10.152Z;functions.waitForImage;  PRESS BUTTON OK 2 image not found.
04-04-2024 15:21:22.372Z;functions.waitForImage;  PRESS BUTTON OK image not found.
04-04-2024 15:21:32.602Z;functions.waitForImage;  PRESS BUTTON OK 2 image not found.
04-04-2024 15:21:34.709Z;functions.check_payment_type;  INCLUIDOS: 937367 REFERENCIAS NO PROCESSAMENTO
04-04-2024 15:21:36.811Z;functions.check_payment_type;  PASSANDO PARA PRÓXIMO REGISTRO
04-04-2024 15:21:46.913Z;functions.check_payment_type;  REF. LANÇAMENTO: 937367
04-04-2024 15:21:47.015Z;functions.check_payment_type;  ENTRANDO NO REGISTRO
04-04-2024 15:22:09.046Z;functions.waitForImage;  INTEGRAÇÃO BANCÁRIA image not found.
04-04-2024 15:22:09.046Z;functions.check_payment_type;  VERIFICANDO INFORMAÇÕES
04-04-2024 15:22:12.116Z;functions.waitForImage;  DADOS BANCARIOS image found.
04-04-2024 15:22:12.233Z;functions.check_payment_type;  DADOS BANCARIOS
04-04-2024 15:22:14.234Z;functions.check_payment_type;  ENTROU DADOS BANCÁRIOS
04-04-2024 15:22:14.335Z;functions.check_payment_type;  APERTA TAB
04-04-2024 15:22:18.509Z;functions.waitForImage;  PRESS BUTTON OK image found.
04-04-2024 15:22:20.627Z;functions.click_ok;  PRESS BUTTON OK
04-04-2024 15:22:34.904Z;functions.waitForImage;  PRESS BUTTON OK image not found.
04-04-2024 15:22:45.102Z;functions.waitForImage;  PRESS BUTTON OK 2 image not found.
04-04-2024 15:22:47.220Z;functions.check_payment_type;  INCLUIDOS: 937367 REFERENCIAS NO PROCESSAMENTO
04-04-2024 15:22:49.321Z;functions.check_payment_type;  PASSANDO PARA PRÓXIMO REGISTRO
04-04-2024 15:22:59.424Z;functions.check_payment_type;  REF. LANÇAMENTO: 937369
04-04-2024 15:22:59.526Z;functions.check_payment_type;  ENTRANDO NO REGISTRO
04-04-2024 15:23:02.192Z;functions.waitForImage;  INTEGRAÇÃO BANCÁRIA image found.
04-04-2024 15:23:04.314Z;functions.check_payment_type;  CLICA EM INTEGRAÇÃO BANCÁRIA
04-04-2024 15:23:04.314Z;functions.check_payment_type;  VERIFICANDO INFORMAÇÕES
04-04-2024 15:23:07.377Z;functions.waitForImage;  DADOS BANCARIOS image found.
04-04-2024 15:23:07.495Z;functions.check_payment_type;  DADOS BANCARIOS
04-04-2024 15:23:09.495Z;functions.check_payment_type;  ENTROU DADOS BANCÁRIOS
04-04-2024 15:23:09.597Z;functions.check_payment_type;  APERTA TAB
04-04-2024 15:23:23.989Z;functions.waitForImage;  PRESS BUTTON OK image not found.
04-04-2024 15:23:34.203Z;functions.waitForImage;  PRESS BUTTON OK 2 image not found.
04-04-2024 15:23:46.450Z;functions.waitForImage;  PRESS BUTTON OK image not found.
04-04-2024 15:23:56.696Z;functions.waitForImage;  PRESS BUTTON OK 2 image not found.
04-04-2024 15:23:58.813Z;functions.check_payment_type;  INCLUIDOS: 937369 REFERENCIAS NO PROCESSAMENTO
04-04-2024 15:24:00.914Z;functions.check_payment_type;  PASSANDO PARA PRÓXIMO REGISTRO
04-04-2024 15:24:11.016Z;functions.check_payment_type;  REF. LANÇAMENTO: 937369
04-04-2024 15:24:11.118Z;functions.check_payment_type;  ENTRANDO NO REGISTRO
04-04-2024 15:24:33.120Z;functions.waitForImage;  INTEGRAÇÃO BANCÁRIA image not found.
04-04-2024 15:24:33.120Z;functions.check_payment_type;  VERIFICANDO INFORMAÇÕES
04-04-2024 15:24:36.167Z;functions.waitForImage;  DADOS BANCARIOS image found.
04-04-2024 15:24:36.300Z;functions.check_payment_type;  DADOS BANCARIOS
04-04-2024 15:24:38.301Z;functions.check_payment_type;  ENTROU DADOS BANCÁRIOS
04-04-2024 15:24:38.403Z;functions.check_payment_type;  APERTA TAB
04-04-2024 15:24:42.561Z;functions.waitForImage;  PRESS BUTTON OK image found.
04-04-2024 15:24:44.694Z;functions.click_ok;  PRESS BUTTON OK
04-04-2024 15:24:58.904Z;functions.waitForImage;  PRESS BUTTON OK image not found.
04-04-2024 15:25:09.166Z;functions.waitForImage;  PRESS BUTTON OK 2 image not found.
04-04-2024 15:25:11.283Z;functions.check_payment_type;  INCLUIDOS: 937369 REFERENCIAS NO PROCESSAMENTO
04-04-2024 15:25:13.385Z;functions.check_payment_type;  PASSANDO PARA PRÓXIMO REGISTRO
04-04-2024 15:25:23.488Z;functions.check_payment_type;  REF. LANÇAMENTO: 937370
04-04-2024 15:25:23.591Z;functions.check_payment_type;  ENTRANDO NO REGISTRO
04-04-2024 15:25:26.226Z;functions.waitForImage;  INTEGRAÇÃO BANCÁRIA image found.
04-04-2024 15:25:28.348Z;functions.check_payment_type;  CLICA EM INTEGRAÇÃO BANCÁRIA
04-04-2024 15:25:28.348Z;functions.check_payment_type;  VERIFICANDO INFORMAÇÕES
04-04-2024 15:25:31.402Z;functions.waitForImage;  DADOS BANCARIOS image found.
04-04-2024 15:25:31.519Z;functions.check_payment_type;  DADOS BANCARIOS
04-04-2024 15:25:33.520Z;functions.check_payment_type;  ENTROU DADOS BANCÁRIOS
04-04-2024 15:25:33.621Z;functions.check_payment_type;  APERTA TAB
04-04-2024 15:25:47.964Z;functions.waitForImage;  PRESS BUTTON OK image not found.
04-04-2024 15:25:58.184Z;functions.waitForImage;  PRESS BUTTON OK 2 image not found.
04-04-2024 15:26:10.448Z;functions.waitForImage;  PRESS BUTTON OK image not found.
04-04-2024 15:26:20.657Z;functions.waitForImage;  PRESS BUTTON OK 2 image not found.
04-04-2024 15:26:22.774Z;functions.check_payment_type;  INCLUIDOS: 937370 REFERENCIAS NO PROCESSAMENTO
04-04-2024 15:26:24.875Z;functions.check_payment_type;  PASSANDO PARA PRÓXIMO REGISTRO
04-04-2024 15:26:34.978Z;functions.check_payment_type;  REF. LANÇAMENTO: 937370
04-04-2024 15:26:35.079Z;functions.check_payment_type;  ENTRANDO NO REGISTRO
04-04-2024 15:26:57.173Z;functions.waitForImage;  INTEGRAÇÃO BANCÁRIA image not found.
04-04-2024 15:26:57.173Z;functions.check_payment_type;  VERIFICANDO INFORMAÇÕES
04-04-2024 15:27:00.224Z;functions.waitForImage;  DADOS BANCARIOS image found.
04-04-2024 15:27:00.357Z;functions.check_payment_type;  DADOS BANCARIOS
04-04-2024 15:27:02.358Z;functions.check_payment_type;  ENTROU DADOS BANCÁRIOS
04-04-2024 15:27:02.459Z;functions.check_payment_type;  APERTA TAB
04-04-2024 15:27:06.632Z;functions.waitForImage;  PRESS BUTTON OK image found.
04-04-2024 15:27:08.749Z;functions.click_ok;  PRESS BUTTON OK
04-04-2024 15:27:22.967Z;functions.waitForImage;  PRESS BUTTON OK image not found.
04-04-2024 15:27:33.151Z;functions.waitForImage;  PRESS BUTTON OK 2 image not found.
04-04-2024 15:27:35.258Z;functions.check_payment_type;  INCLUIDOS: 937370 REFERENCIAS NO PROCESSAMENTO
04-04-2024 15:27:37.360Z;functions.check_payment_type;  PASSANDO PARA PRÓXIMO REGISTRO
04-04-2024 15:27:47.463Z;functions.check_payment_type;  REF. LANÇAMENTO: 937372
04-04-2024 15:27:47.565Z;functions.check_payment_type;  ENTRANDO NO REGISTRO
04-04-2024 15:27:50.204Z;functions.waitForImage;  INTEGRAÇÃO BANCÁRIA image found.
04-04-2024 15:27:52.327Z;functions.check_payment_type;  CLICA EM INTEGRAÇÃO BANCÁRIA
04-04-2024 15:27:52.327Z;functions.check_payment_type;  VERIFICANDO INFORMAÇÕES
04-04-2024 15:27:55.389Z;functions.waitForImage;  DADOS BANCARIOS image found.
04-04-2024 15:27:55.517Z;functions.check_payment_type;  DADOS BANCARIOS
04-04-2024 15:27:57.518Z;functions.check_payment_type;  ENTROU DADOS BANCÁRIOS
04-04-2024 15:27:57.619Z;functions.check_payment_type;  APERTA TAB
04-04-2024 15:28:11.953Z;functions.waitForImage;  PRESS BUTTON OK image not found.
04-04-2024 15:28:22.181Z;functions.waitForImage;  PRESS BUTTON OK 2 image not found.
04-04-2024 15:28:34.399Z;functions.waitForImage;  PRESS BUTTON OK image not found.
04-04-2024 15:28:44.623Z;functions.waitForImage;  PRESS BUTTON OK 2 image not found.
04-04-2024 15:28:46.725Z;functions.check_payment_type;  INCLUIDOS: 937372 REFERENCIAS NO PROCESSAMENTO
04-04-2024 15:28:48.826Z;functions.check_payment_type;  PASSANDO PARA PRÓXIMO REGISTRO
04-04-2024 15:28:58.928Z;functions.check_payment_type;  REF. LANÇAMENTO: 937372
04-04-2024 15:28:59.030Z;functions.check_payment_type;  ENTRANDO NO REGISTRO
04-04-2024 15:29:21.598Z;functions.waitForImage;  INTEGRAÇÃO BANCÁRIA image not found.
04-04-2024 15:29:21.598Z;functions.check_payment_type;  VERIFICANDO INFORMAÇÕES
04-04-2024 15:29:24.650Z;functions.waitForImage;  DADOS BANCARIOS image found.
04-04-2024 15:29:24.783Z;functions.check_payment_type;  DADOS BANCARIOS
04-04-2024 15:29:26.783Z;functions.check_payment_type;  ENTROU DADOS BANCÁRIOS
04-04-2024 15:29:26.885Z;functions.check_payment_type;  APERTA TAB
04-04-2024 15:29:31.043Z;functions.waitForImage;  PRESS BUTTON OK image found.
04-04-2024 15:29:33.162Z;functions.click_ok;  PRESS BUTTON OK
04-04-2024 15:29:47.377Z;functions.waitForImage;  PRESS BUTTON OK image not found.
04-04-2024 15:29:57.625Z;functions.waitForImage;  PRESS BUTTON OK 2 image not found.
04-04-2024 15:29:59.727Z;functions.check_payment_type;  INCLUIDOS: 937372 REFERENCIAS NO PROCESSAMENTO
04-04-2024 15:30:01.829Z;functions.check_payment_type;  PASSANDO PARA PRÓXIMO REGISTRO
04-04-2024 15:30:11.931Z;functions.check_payment_type;  REF. LANÇAMENTO: 937373
04-04-2024 15:30:12.033Z;functions.check_payment_type;  ENTRANDO NO REGISTRO
04-04-2024 15:30:14.667Z;functions.waitForImage;  INTEGRAÇÃO BANCÁRIA image found.
04-04-2024 15:30:16.791Z;functions.check_payment_type;  CLICA EM INTEGRAÇÃO BANCÁRIA
04-04-2024 15:30:16.791Z;functions.check_payment_type;  VERIFICANDO INFORMAÇÕES
04-04-2024 15:30:19.840Z;functions.waitForImage;  DADOS BANCARIOS image found.
04-04-2024 15:30:19.957Z;functions.check_payment_type;  DADOS BANCARIOS
04-04-2024 15:30:21.957Z;functions.check_payment_type;  ENTROU DADOS BANCÁRIOS
04-04-2024 15:30:22.059Z;functions.check_payment_type;  APERTA TAB
04-04-2024 15:30:36.413Z;functions.waitForImage;  PRESS BUTTON OK image not found.
04-04-2024 15:30:46.654Z;functions.waitForImage;  PRESS BUTTON OK 2 image not found.
04-04-2024 15:30:58.834Z;functions.waitForImage;  PRESS BUTTON OK image not found.
04-04-2024 15:31:09.051Z;functions.waitForImage;  PRESS BUTTON OK 2 image not found.
04-04-2024 15:31:11.168Z;functions.check_payment_type;  INCLUIDOS: 937373 REFERENCIAS NO PROCESSAMENTO
04-04-2024 15:31:13.269Z;functions.check_payment_type;  PASSANDO PARA PRÓXIMO REGISTRO
04-04-2024 15:31:23.372Z;functions.check_payment_type;  REF. LANÇAMENTO: 937373
04-04-2024 15:31:23.474Z;functions.check_payment_type;  ENTRANDO NO REGISTRO
04-04-2024 15:31:46.026Z;functions.waitForImage;  INTEGRAÇÃO BANCÁRIA image not found.
04-04-2024 15:31:46.026Z;functions.check_payment_type;  VERIFICANDO INFORMAÇÕES
04-04-2024 15:31:49.079Z;functions.waitForImage;  DADOS BANCARIOS image found.
04-04-2024 15:31:49.211Z;functions.check_payment_type;  DADOS BANCARIOS
04-04-2024 15:31:51.212Z;functions.check_payment_type;  ENTROU DADOS BANCÁRIOS
04-04-2024 15:31:51.313Z;functions.check_payment_type;  APERTA TAB
04-04-2024 15:31:55.487Z;functions.waitForImage;  PRESS BUTTON OK image found.
04-04-2024 15:31:57.605Z;functions.click_ok;  PRESS BUTTON OK
04-04-2024 15:32:11.794Z;functions.waitForImage;  PRESS BUTTON OK image not found.
04-04-2024 15:32:22.021Z;functions.waitForImage;  PRESS BUTTON OK 2 image not found.
04-04-2024 15:32:24.125Z;functions.check_payment_type;  INCLUIDOS: 937373 REFERENCIAS NO PROCESSAMENTO
04-04-2024 15:32:26.226Z;functions.check_payment_type;  PASSANDO PARA PRÓXIMO REGISTRO
04-04-2024 15:32:36.328Z;functions.check_payment_type;  REF. LANÇAMENTO: 937375
04-04-2024 15:32:36.431Z;functions.check_payment_type;  ENTRANDO NO REGISTRO
04-04-2024 15:32:39.129Z;functions.waitForImage;  INTEGRAÇÃO BANCÁRIA image found.
04-04-2024 15:32:41.251Z;functions.check_payment_type;  CLICA EM INTEGRAÇÃO BANCÁRIA
04-04-2024 15:32:41.251Z;functions.check_payment_type;  VERIFICANDO INFORMAÇÕES
04-04-2024 15:32:44.299Z;functions.waitForImage;  DADOS BANCARIOS image found.
04-04-2024 15:32:44.415Z;functions.check_payment_type;  DADOS BANCARIOS
04-04-2024 15:32:46.416Z;functions.check_payment_type;  ENTROU DADOS BANCÁRIOS
04-04-2024 15:32:46.517Z;functions.check_payment_type;  APERTA TAB
04-04-2024 15:33:00.858Z;functions.waitForImage;  PRESS BUTTON OK image not found.
04-04-2024 15:33:11.099Z;functions.waitForImage;  PRESS BUTTON OK 2 image not found.
04-04-2024 15:33:23.277Z;functions.waitForImage;  PRESS BUTTON OK image not found.
04-04-2024 15:33:33.497Z;functions.waitForImage;  PRESS BUTTON OK 2 image not found.
04-04-2024 15:33:35.599Z;functions.check_payment_type;  INCLUIDOS: 937375 REFERENCIAS NO PROCESSAMENTO
04-04-2024 15:33:37.701Z;functions.check_payment_type;  PASSANDO PARA PRÓXIMO REGISTRO
04-04-2024 15:33:47.804Z;functions.check_payment_type;  REF. LANÇAMENTO: 937375
04-04-2024 15:33:47.905Z;functions.check_payment_type;  ENTRANDO NO REGISTRO
04-04-2024 15:34:10.508Z;functions.waitForImage;  INTEGRAÇÃO BANCÁRIA image not found.
04-04-2024 15:34:10.508Z;functions.check_payment_type;  VERIFICANDO INFORMAÇÕES
04-04-2024 15:34:13.557Z;functions.waitForImage;  DADOS BANCARIOS image found.
04-04-2024 15:34:13.690Z;functions.check_payment_type;  DADOS BANCARIOS
04-04-2024 15:34:15.690Z;functions.check_payment_type;  ENTROU DADOS BANCÁRIOS
04-04-2024 15:34:15.792Z;functions.check_payment_type;  APERTA TAB
04-04-2024 15:34:19.966Z;functions.waitForImage;  PRESS BUTTON OK image found.
04-04-2024 15:34:22.084Z;functions.click_ok;  PRESS BUTTON OK
04-04-2024 15:34:36.291Z;functions.waitForImage;  PRESS BUTTON OK image not found.
04-04-2024 15:34:46.451Z;functions.waitForImage;  PRESS BUTTON OK 2 image not found.
04-04-2024 15:34:48.568Z;functions.check_payment_type;  INCLUIDOS: 937375 REFERENCIAS NO PROCESSAMENTO
04-04-2024 15:34:50.670Z;functions.check_payment_type;  PASSANDO PARA PRÓXIMO REGISTRO
04-04-2024 15:35:00.772Z;functions.check_payment_type;  REF. LANÇAMENTO: 937376
04-04-2024 15:35:00.875Z;functions.check_payment_type;  ENTRANDO NO REGISTRO
04-04-2024 15:35:03.505Z;functions.waitForImage;  INTEGRAÇÃO BANCÁRIA image found.
04-04-2024 15:35:05.626Z;functions.check_payment_type;  CLICA EM INTEGRAÇÃO BANCÁRIA
04-04-2024 15:35:05.626Z;functions.check_payment_type;  VERIFICANDO INFORMAÇÕES
04-04-2024 15:35:08.674Z;functions.waitForImage;  DADOS BANCARIOS image found.
04-04-2024 15:35:08.790Z;functions.check_payment_type;  DADOS BANCARIOS
04-04-2024 15:35:10.791Z;functions.check_payment_type;  ENTROU DADOS BANCÁRIOS
04-04-2024 15:35:10.892Z;functions.check_payment_type;  APERTA TAB
04-04-2024 15:35:25.271Z;functions.waitForImage;  PRESS BUTTON OK image not found.
04-04-2024 15:35:35.542Z;functions.waitForImage;  PRESS BUTTON OK 2 image not found.
04-04-2024 15:35:47.775Z;functions.waitForImage;  PRESS BUTTON OK image not found.
04-04-2024 15:35:58.014Z;functions.waitForImage;  PRESS BUTTON OK 2 image not found.
04-04-2024 15:36:00.117Z;functions.check_payment_type;  INCLUIDOS: 937376 REFERENCIAS NO PROCESSAMENTO
04-04-2024 15:36:02.218Z;functions.check_payment_type;  PASSANDO PARA PRÓXIMO REGISTRO
04-04-2024 15:36:12.320Z;functions.check_payment_type;  REF. LANÇAMENTO: 937376
04-04-2024 15:36:12.422Z;functions.check_payment_type;  ENTRANDO NO REGISTRO
04-04-2024 15:36:34.461Z;functions.waitForImage;  INTEGRAÇÃO BANCÁRIA image not found.
04-04-2024 15:36:34.461Z;functions.check_payment_type;  VERIFICANDO INFORMAÇÕES
04-04-2024 15:36:37.511Z;functions.waitForImage;  DADOS BANCARIOS image found.
04-04-2024 15:36:37.644Z;functions.check_payment_type;  DADOS BANCARIOS
04-04-2024 15:36:39.645Z;functions.check_payment_type;  ENTROU DADOS BANCÁRIOS
04-04-2024 15:36:39.746Z;functions.check_payment_type;  APERTA TAB
04-04-2024 15:36:43.901Z;functions.waitForImage;  PRESS BUTTON OK image found.
04-04-2024 15:36:46.034Z;functions.click_ok;  PRESS BUTTON OK
04-04-2024 15:37:00.257Z;functions.waitForImage;  PRESS BUTTON OK image not found.
04-04-2024 15:37:10.533Z;functions.waitForImage;  PRESS BUTTON OK 2 image not found.
04-04-2024 15:37:12.650Z;functions.check_payment_type;  INCLUIDOS: 937376 REFERENCIAS NO PROCESSAMENTO
04-04-2024 15:37:14.751Z;functions.check_payment_type;  PASSANDO PARA PRÓXIMO REGISTRO
04-04-2024 15:37:24.854Z;functions.check_payment_type;  REF. LANÇAMENTO: 937377
04-04-2024 15:37:24.956Z;functions.check_payment_type;  ENTRANDO NO REGISTRO
04-04-2024 15:37:27.588Z;functions.waitForImage;  INTEGRAÇÃO BANCÁRIA image found.
04-04-2024 15:37:29.711Z;functions.check_payment_type;  CLICA EM INTEGRAÇÃO BANCÁRIA
04-04-2024 15:37:29.711Z;functions.check_payment_type;  VERIFICANDO INFORMAÇÕES
04-04-2024 15:37:32.758Z;functions.waitForImage;  DADOS BANCARIOS image found.
04-04-2024 15:37:32.875Z;functions.check_payment_type;  DADOS BANCARIOS
04-04-2024 15:37:34.876Z;functions.check_payment_type;  ENTROU DADOS BANCÁRIOS
04-04-2024 15:37:34.977Z;functions.check_payment_type;  APERTA TAB
04-04-2024 15:37:49.329Z;functions.waitForImage;  PRESS BUTTON OK image not found.
04-04-2024 15:37:59.635Z;functions.waitForImage;  PRESS BUTTON OK 2 image not found.
04-04-2024 15:38:11.872Z;functions.waitForImage;  PRESS BUTTON OK image not found.
04-04-2024 15:38:22.076Z;functions.waitForImage;  PRESS BUTTON OK 2 image not found.
04-04-2024 15:38:24.194Z;functions.check_payment_type;  INCLUIDOS: 937377 REFERENCIAS NO PROCESSAMENTO
04-04-2024 15:38:24.194Z;functions.check_payment_type;  FORAM INCLUIDOS: 23 REFERENCIAS NO PROCESSAMENTO
04-04-2024 15:40:36.272Z;functions.show_exception_and_exit;  'NoneType' object has no attribute 'click'
Traceback (most recent call last):
  File "C:\Projetos_Remessas\Remessa_Bancaria\main.py", line 156, in <module>
    result = process_lancamentos()
             ^^^^^^^^^^^^^^^^^^^^^
  File "C:\Projetos_Remessas\Remessa_Bancaria\SUBPROGRAMS\functions.py", line 616, in process_lancamentos
    click_combo.click()
    ^^^^^^^^^^^^^^^^^
AttributeError: 'NoneType' object has no attribute 'click'
04-04-2024 15:40:36.601Z;functions.show_exception_and_exit;  PRINT SALVO
04-04-2024 15:40:36.711Z;functions.show_exception_and_exit;  RM FECHADO
04-04-2024 15:40:42.507Z;errorhandler.__handle;  Property: Unknown Property name. [1:203: -ms-interpolation-mode]
04-04-2024 15:40:42.523Z;errorhandler.__handle;  Property: Unknown Property name. [1:353: -webkit-font-smoothing]
04-04-2024 15:40:42.523Z;errorhandler.__handle;  Property: Unknown Property name. [1:483: -ms-text-size-adjust]
04-04-2024 15:40:42.523Z;errorhandler.__handle;  Property: Unknown Property name. [1:518: -webkit-text-size-adjust]
04-04-2024 15:40:42.523Z;errorhandler.__handle;  Property: Unknown Property name. [1:612: mso-table-lspace]
04-04-2024 15:40:42.523Z;errorhandler.__handle;  Property: Unknown Property name. [1:642: mso-table-rspace]
04-04-2024 15:40:42.570Z;errorhandler.__handle;  Property: Unknown Property name. [1:4734: mso-hide]
04-04-2024 15:40:42.601Z;errorhandler.__handle;  Property: Unknown Property name. [1:13: -ms-interpolation-mode]
04-04-2024 15:40:42.601Z;errorhandler.__handle;  Property: Unknown Property name. [1:49: -webkit-font-smoothing]
04-04-2024 15:40:42.601Z;errorhandler.__handle;  Property: Unknown Property name. [1:134: -ms-text-size-adjust]
04-04-2024 15:40:42.601Z;errorhandler.__handle;  Property: Unknown Property name. [1:160: -webkit-text-size-adjust]
04-04-2024 15:40:42.601Z;errorhandler.__handle;  Property: Unknown Property name. [1:26: mso-table-lspace]
04-04-2024 15:40:42.601Z;errorhandler.__handle;  Property: Unknown Property name. [1:45: mso-table-rspace]
04-04-2024 15:40:42.617Z;errorhandler.__handle;  Property: Unknown Property name. [1:92: mso-hide]
04-04-2024 15:40:42.617Z;errorhandler.__handle;  Property: No ":" after name found: align-center [1:1: align-center]
04-04-2024 15:40:42.617Z;errorhandler.__handle;  Property: No property value found: align-center [1:1: align-center]
04-04-2024 15:40:42.617Z;errorhandler.__handle;  CSSStyleDeclaration: Syntax Error in Property: align-center
04-04-2024 15:40:42.617Z;errorhandler.__handle;  Property: Unknown Property name. [1:14: -ms-interpolation-mode]
04-04-2024 15:40:45.569Z;functions.show_exception_and_exit;  EMAIL EXCEÇÃO ENVIADO
04-04-2024 15:40:45.569Z;functions.show_exception_and_exit;  ERRO - <class 'AttributeError'> / 'NoneType' object has no attribute 'click'
