04-04-2024 21:00:18.633Z;functions.bot_text_art;      ____   
04-04-2024 21:00:18.633Z;functions.bot_text_art;     [____]    
04-04-2024 21:00:18.633Z;functions.bot_text_art;   |=]()()[=|  
04-04-2024 21:00:18.633Z;functions.bot_text_art;     _\==/__    _____    ____     _        _____    ___   _  __
04-04-2024 21:00:18.633Z;functions.bot_text_art;   |__|   |_|  |  _  \  / ___|   | |      |_   _| / ___| | |/ /
04-04-2024 21:00:18.633Z;functions.bot_text_art;   |_|_/\_|_|  | |  | | | |      | |        | |   | |    | ' / 
04-04-2024 21:00:18.633Z;functions.bot_text_art;   | | __ | |  | |  | | | |      | |        | |   | |    |  <  
04-04-2024 21:00:18.633Z;functions.bot_text_art;   |_|[  ]|_|  | |__| | | |____  | |____   _| |_  | |__  | . \ 
04-04-2024 21:00:18.633Z;functions.bot_text_art;   \_|_||_|_/  |_____/   \_____| |______| |_____| \ ___| |_|\_\
04-04-2024 21:00:18.633Z;functions.bot_text_art;     |_||_|                                                     
04-04-2024 21:00:18.633Z;functions.bot_text_art;     | ||_|_   
04-04-2024 21:00:18.633Z;functions.bot_text_art;   |___||___|  
04-04-2024 21:00:18.633Z;functions.bot_text_art;               
04-04-2024 21:00:18.633Z;functions.open_RM;  OPEN PROGRAM RM
04-04-2024 21:00:25.446Z;functions.loggin_RM;  ENTER USER_NAME
04-04-2024 21:00:29.273Z;functions.loggin_RM;  ENTER PASSWORD
04-04-2024 21:00:29.930Z;functions.loggin_RM;  ENTER RM
04-04-2024 21:00:48.570Z;functions.enter_coligada;  CLICK CONTEXTO
04-04-2024 21:00:52.433Z;functions.enter_coligada;  CLICK ALTERAR MODULO DO CONTEXTO
04-04-2024 21:00:54.697Z;functions.enter_coligada;  INSERE O COLIGADA CODE = 1
04-04-2024 21:00:54.799Z;functions.enter_coligada;  APERTA TAB PARA PREENCHER O CAMPO COM A STRING: OCEANICA ENGENHARIA E CONSULTORIA S.A.
04-04-2024 21:00:55.612Z;functions.enter_coligada;  CLICK AVANÇAR NOVAMENTE
04-04-2024 21:00:56.367Z;functions.enter_coligada;  CLICK CONCLUIR
04-04-2024 21:01:05.431Z;functions.enter_coligada;  POP UP COLIGADA DESAPARECER
04-04-2024 21:01:06.023Z;functions.check_movimentacao_bancaria;  CLICK - TOTVS - LINHA RM
04-04-2024 21:01:07.071Z;functions.check_movimentacao_bancaria;  CLICK - BACK OFFICE
04-04-2024 21:01:09.352Z;functions.check_movimentacao_bancaria;  CLICK - GESTAO FINANCEIRA
04-04-2024 21:01:11.648Z;functions.movimentacao_bancaria;  CLICA NA ABA MOVIMENTAÇÃO BANCARIA
04-04-2024 21:01:11.773Z;functions.waitForImage;  IMAGEM BORDERO image found.
04-04-2024 21:01:13.877Z;functions.movimentacao_bancaria;  IMAGEM BORDERO CLICADA.
04-04-2024 21:01:24.146Z;functions.waitForImage;  LICENCAS EXCEDIDAS image not found.
04-04-2024 21:01:24.690Z;functions.movimentacao_bancaria;  ENCONTROU O FILTRO DA MOVIMENTAÇÃO BANCÁRIA
04-04-2024 21:01:24.706Z;functions.movimentacao_bancaria;  CLICA NA ABA SUPERIOR DO FILTRO
04-04-2024 21:01:27.910Z;functions.movimentacao_bancaria;  SELECIONA O FILTRO HOJE
04-04-2024 21:01:32.958Z;functions.waitForImage;  FILTER CLEAN image found.
04-04-2024 21:01:35.088Z;functions.filter_clean;  CLICA NO BOTÃO X DO LIMPA FILTRO
04-04-2024 21:01:50.291Z;functions.waitForImage;  FILTER CLEAN image not found.
04-04-2024 21:02:05.547Z;functions.waitForImage;  FILTER CLEAN image not found.
04-04-2024 21:02:06.323Z;functions.movimentacao_bancaria;  CLICA NA PRIMEIRA LINHA DA TABELA MOVIMENTAÇÃO BANCÁRIA
04-04-2024 21:02:07.533Z;functions.movimentacao_bancaria;  12 PASSOS PARA DIREITA NA TABELA >>
04-04-2024 21:02:08.774Z;functions.movimentacao_bancaria;  HOVER FILTER
04-04-2024 21:02:09.042Z;functions.movimentacao_bancaria;  CLICK FILTER
04-04-2024 21:02:13.351Z;functions.movimentacao_bancaria;  CLICA NO FILTRO  STATUS DA REMESSA
04-04-2024 21:02:15.452Z;functions.movimentacao_bancaria;  APERTA TAB PARA ESCREVER O FILTRO
04-04-2024 21:02:17.557Z;functions.movimentacao_bancaria;  ESCREVE PENDENTE NO FILTRO
04-04-2024 21:02:19.659Z;functions.movimentacao_bancaria;  APERTA ENTER PARA SELECIONAR OS PENDENTES
04-04-2024 21:02:40.539Z;functions.movimentacao_bancaria;  SEM PROCESSAMENTO DE BORDERO PENDENTE
04-04-2024 21:02:50.586Z;functions.waitForImage;  FILTER CLEAN image found.
04-04-2024 21:02:52.719Z;functions.filter_clean;  CLICA NO BOTÃO X DO LIMPA FILTRO
04-04-2024 21:03:07.931Z;functions.waitForImage;  FILTER CLEAN image not found.
04-04-2024 21:03:23.159Z;functions.waitForImage;  FILTER CLEAN image not found.
04-04-2024 21:03:23.961Z;functions.processo_pagamento;  CLICA NA PRIMEIRA LINHA DA TABELA MOVIMENTAÇÃO BANCÁRIA
04-04-2024 21:03:25.211Z;functions.processo_pagamento;  HOVER FILTER
04-04-2024 21:03:25.476Z;functions.processo_pagamento;  CLICK FILTER
04-04-2024 21:03:29.787Z;functions.processo_pagamento;  CLICA NO FILTRO  STATUS DA REMESSA
04-04-2024 21:03:31.889Z;functions.processo_pagamento;  APERTA TAB PARA ESCREVER O FILTRO
04-04-2024 21:03:33.996Z;functions.processo_pagamento;  ESCREVE AUTORIZADO NO FILTRO
04-04-2024 21:03:36.097Z;functions.processo_pagamento;  APERTA ENTER PARA SELECIONAR OS AUTORIZADOS
04-04-2024 21:03:56.992Z;functions.processo_pagamento;  SEM REMESSA DE BORDERO AUTORIZADO
04-04-2024 21:03:58.094Z;functions.processo_pagamento;  FECHA ABA MOVIMENTAÇÕES BANCÁRIAS
04-04-2024 21:03:58.912Z;functions.enter_contas_a_pagar;  CLICK - TOTVS - LINHA RM
04-04-2024 21:03:59.867Z;functions.enter_contas_a_pagar;  CLICK - BACK OFFICE
04-04-2024 21:04:00.562Z;functions.enter_contas_a_pagar;  CLICK - GESTAO FINANCEIRA
04-04-2024 21:04:05.289Z;functions.enter_contas_a_pagar;  CLICK - CONTAS A PAGAR
04-04-2024 21:04:05.375Z;functions.waitForImage;  LANÇAMENTOS image found.
04-04-2024 21:04:07.493Z;functions.enter_contas_a_pagar;  CLICA EM LANÇAMENTOS
04-04-2024 21:04:22.698Z;functions.waitForImage;  LICENCAS EXCEDIDAS image not found.
04-04-2024 21:04:22.698Z;functions.obter_intervalo_data;  VERIFICANDO A HORA ATUAL 21
04-04-2024 21:04:22.698Z;functions.obter_intervalo_data;  Data Inicial BANCARIA antes da remoção: None
04-04-2024 21:04:22.698Z;functions.obter_intervalo_data;  Data Final BANCARIA antes da remoção: None
04-04-2024 21:04:22.698Z;functions.obter_intervalo_data;  Data Inicial BANCARIA após a remoção: None
04-04-2024 21:04:22.698Z;functions.obter_intervalo_data;  Data Final BANCARIA após a remoção: None
04-04-2024 21:04:22.698Z;functions.obter_intervalo_data;  hoje -  2024-04-04 21:04:22.698009
04-04-2024 21:04:22.698Z;functions.data_filter;  DATA INICIO 10-04-2024
04-04-2024 21:04:22.698Z;functions.data_filter;  DATA FIM 16-04-2024
04-04-2024 21:04:22.698Z;functions.data_filter;  CLICK - SELECIONA A DATA DE QUARTA FEIRA E DA PROXIMA TERÇA
04-04-2024 21:04:22.698Z;functions.data_filter;  QUARTA-FEIRA: 10-04-2024
04-04-2024 21:04:22.698Z;functions.data_filter;  TERCA-FEIRA: 16-04-2024
04-04-2024 21:04:31.086Z;functions.data_filter;  CLICK - BOTAO DE SELECAO DE FILTRO
04-04-2024 21:04:34.789Z;functions.data_filter;  INSERE - DATA DE QUARTA-FEIRA: 10-04-2024
04-04-2024 21:04:38.242Z;functions.data_filter;  INSERE - DATA DA PROX TERCA-FEIRA: 16-04-2024
04-04-2024 21:04:38.852Z;functions.data_filter;  CLICK - BOTAO DE EXECUTAR O FILTRO
04-04-2024 21:07:36.210Z;functions.desmark_filter;  CLICK CHECKBOX LANÇAMENTOS A RECEBER
04-04-2024 21:07:36.960Z;functions.desmark_filter;  CLICK CHECKBOX LANÇAMENTOS BAIXADOS
04-04-2024 21:07:37.773Z;functions.desmark_filter;  CLICK CHECKBOX LANÇAMENTOS CANCELADOS
04-04-2024 21:07:38.622Z;functions.desmark_filter;  CLICK CHECKBOX LANÇAMENTOS FATURADOS
04-04-2024 21:07:39.476Z;functions.desmark_filter;  CLICK CHECKBOX LANÇAMENTOS FATURADOS
04-04-2024 21:07:59.668Z;functions.waitForImage;  FILTER CLEAN image not found.
04-04-2024 21:08:14.914Z;functions.waitForImage;  FILTER CLEAN image not found.
04-04-2024 21:08:30.144Z;functions.waitForImage;  FILTER CLEAN image not found.
04-04-2024 21:08:30.144Z;functions.check_table_record;  VERIFICANDO SE A TABELA ESTÁ VAZIA
04-04-2024 21:08:31.273Z;functions.check_table_record;  Texto extraido 1/449
04-04-2024 21:08:31.273Z;functions.check_table_record;  Count 449
04-04-2024 21:08:31.273Z;functions.check_table_record;  Type <class 'int'>
04-04-2024 21:08:31.273Z;functions.check_table_record;  TABELA CONTÉM REGISTROS
04-04-2024 21:08:42.054Z;functions.select_tipo_documento;  NOME DA COLUNA: Tipo de Documento
04-04-2024 21:08:43.259Z;functions.select_tipo_documento;  HOVER NOME DA COLUNA: Tipo de Documento
04-04-2024 21:08:43.836Z;functions.select_tipo_documento;  CLICA NO FILTRO PERSONALIZAR
04-04-2024 21:08:44.528Z;functions.select_tipo_documento;  CLICA PARA SELECIONAR OPÇÕES DO FILTRO
04-04-2024 21:08:51.568Z;functions.select_tipo_documento;  CLICK BUTTON CONFIRMAR FILTRO
04-04-2024 21:08:56.570Z;functions.filter_IPTE;  VERIFICANDO O COD DO CLIENTE EM CADA REGISTRO
04-04-2024 21:08:57.320Z;functions.filter_IPTE;  CLICA NA PRIMEIRA LINHA DA TABELA
04-04-2024 21:09:17.038Z;functions.filter_IPTE;  HOVER FILTER
04-04-2024 21:09:17.595Z;functions.filter_IPTE;  CLICK FILTER
04-04-2024 21:09:21.906Z;functions.filter_IPTE;  CLICA NO FILTRO PERSONALIZAR
04-04-2024 21:09:29.766Z;functions.check_table_record;  VERIFICANDO SE A TABELA ESTÁ VAZIA
04-04-2024 21:09:30.664Z;functions.check_table_record;  Texto extraido 1/13
04-04-2024 21:09:30.664Z;functions.check_table_record;  Count 13
04-04-2024 21:09:30.664Z;functions.check_table_record;  Type <class 'int'>
04-04-2024 21:09:30.665Z;functions.check_table_record;  TABELA CONTÉM REGISTROS
04-04-2024 21:09:30.665Z;functions.check_payment_type;  VERIFICANDO O COD DO CLIENTE EM CADA REGISTRO
04-04-2024 21:09:31.399Z;functions.check_payment_type;  CLICA NA PRIMEIRA LINHA DA TABELA
04-04-2024 21:09:39.502Z;functions.check_payment_type;  REF. LANÇAMENTO: 932409
04-04-2024 21:09:39.604Z;functions.check_payment_type;  ENTRANDO NO REGISTRO
04-04-2024 21:09:43.417Z;functions.waitForImage;  INTEGRAÇÃO BANCÁRIA image found.
04-04-2024 21:09:45.529Z;functions.check_payment_type;  CLICA EM INTEGRAÇÃO BANCÁRIA
04-04-2024 21:09:45.529Z;functions.check_payment_type;  VERIFICANDO INFORMAÇÕES
04-04-2024 21:09:48.577Z;functions.waitForImage;  DADOS BANCARIOS image found.
04-04-2024 21:09:48.694Z;functions.check_payment_type;  DADOS BANCARIOS
04-04-2024 21:09:50.694Z;functions.check_payment_type;  ENTROU DADOS BANCÁRIOS
04-04-2024 21:09:50.795Z;functions.check_payment_type;  APERTA TAB
04-04-2024 21:10:05.125Z;functions.waitForImage;  PRESS BUTTON OK image not found.
04-04-2024 21:10:15.311Z;functions.waitForImage;  PRESS BUTTON OK 2 image not found.
04-04-2024 21:10:27.517Z;functions.waitForImage;  PRESS BUTTON OK image not found.
04-04-2024 21:10:37.742Z;functions.waitForImage;  PRESS BUTTON OK 2 image not found.
04-04-2024 21:10:39.844Z;functions.check_payment_type;  INCLUIDOS: 932409 REFERENCIAS NO PROCESSAMENTO
04-04-2024 21:10:41.945Z;functions.check_payment_type;  PASSANDO PARA PRÓXIMO REGISTRO
04-04-2024 21:10:52.048Z;functions.check_payment_type;  REF. LANÇAMENTO: 932409
04-04-2024 21:10:52.150Z;functions.check_payment_type;  ENTRANDO NO REGISTRO
04-04-2024 21:11:14.654Z;functions.waitForImage;  INTEGRAÇÃO BANCÁRIA image not found.
04-04-2024 21:11:14.654Z;functions.check_payment_type;  VERIFICANDO INFORMAÇÕES
04-04-2024 21:11:17.718Z;functions.waitForImage;  DADOS BANCARIOS image found.
04-04-2024 21:11:17.837Z;functions.check_payment_type;  DADOS BANCARIOS
04-04-2024 21:11:19.837Z;functions.check_payment_type;  ENTROU DADOS BANCÁRIOS
04-04-2024 21:11:19.938Z;functions.check_payment_type;  APERTA TAB
04-04-2024 21:11:24.096Z;functions.waitForImage;  PRESS BUTTON OK image found.
04-04-2024 21:11:26.228Z;functions.click_ok;  PRESS BUTTON OK
04-04-2024 21:11:40.426Z;functions.waitForImage;  PRESS BUTTON OK image not found.
04-04-2024 21:11:50.613Z;functions.waitForImage;  PRESS BUTTON OK 2 image not found.
04-04-2024 21:11:52.715Z;functions.check_payment_type;  INCLUIDOS: 932409 REFERENCIAS NO PROCESSAMENTO
04-04-2024 21:11:54.816Z;functions.check_payment_type;  PASSANDO PARA PRÓXIMO REGISTRO
04-04-2024 21:12:04.918Z;functions.check_payment_type;  REF. LANÇAMENTO: 934617
04-04-2024 21:12:05.020Z;functions.check_payment_type;  ENTRANDO NO REGISTRO
04-04-2024 21:12:07.681Z;functions.waitForImage;  INTEGRAÇÃO BANCÁRIA image found.
04-04-2024 21:12:09.802Z;functions.check_payment_type;  CLICA EM INTEGRAÇÃO BANCÁRIA
04-04-2024 21:12:09.802Z;functions.check_payment_type;  VERIFICANDO INFORMAÇÕES
04-04-2024 21:12:12.850Z;functions.waitForImage;  DADOS BANCARIOS image found.
04-04-2024 21:12:12.968Z;functions.check_payment_type;  DADOS BANCARIOS
04-04-2024 21:12:14.968Z;functions.check_payment_type;  ENTROU DADOS BANCÁRIOS
04-04-2024 21:12:15.069Z;functions.check_payment_type;  APERTA TAB
04-04-2024 21:12:29.399Z;functions.waitForImage;  PRESS BUTTON OK image not found.
04-04-2024 21:12:39.599Z;functions.waitForImage;  PRESS BUTTON OK 2 image not found.
04-04-2024 21:12:51.804Z;functions.waitForImage;  PRESS BUTTON OK image not found.
04-04-2024 21:13:02.002Z;functions.waitForImage;  PRESS BUTTON OK 2 image not found.
04-04-2024 21:13:04.104Z;functions.check_payment_type;  INCLUIDOS: 934617 REFERENCIAS NO PROCESSAMENTO
04-04-2024 21:13:06.205Z;functions.check_payment_type;  PASSANDO PARA PRÓXIMO REGISTRO
04-04-2024 21:13:16.308Z;functions.check_payment_type;  REF. LANÇAMENTO: 934617
04-04-2024 21:13:16.409Z;functions.check_payment_type;  ENTRANDO NO REGISTRO
04-04-2024 21:13:38.925Z;functions.waitForImage;  INTEGRAÇÃO BANCÁRIA image not found.
04-04-2024 21:13:38.925Z;functions.check_payment_type;  VERIFICANDO INFORMAÇÕES
04-04-2024 21:13:41.976Z;functions.waitForImage;  DADOS BANCARIOS image found.
04-04-2024 21:13:42.093Z;functions.check_payment_type;  DADOS BANCARIOS
04-04-2024 21:13:44.093Z;functions.check_payment_type;  ENTROU DADOS BANCÁRIOS
04-04-2024 21:13:44.195Z;functions.check_payment_type;  APERTA TAB
04-04-2024 21:13:48.353Z;functions.waitForImage;  PRESS BUTTON OK image found.
04-04-2024 21:13:50.485Z;functions.click_ok;  PRESS BUTTON OK
04-04-2024 21:14:04.654Z;functions.waitForImage;  PRESS BUTTON OK image not found.
04-04-2024 21:14:14.818Z;functions.waitForImage;  PRESS BUTTON OK 2 image not found.
04-04-2024 21:14:16.934Z;functions.check_payment_type;  INCLUIDOS: 934617 REFERENCIAS NO PROCESSAMENTO
04-04-2024 21:14:19.036Z;functions.check_payment_type;  PASSANDO PARA PRÓXIMO REGISTRO
04-04-2024 21:14:29.138Z;functions.check_payment_type;  REF. LANÇAMENTO: 932242
04-04-2024 21:14:29.240Z;functions.check_payment_type;  ENTRANDO NO REGISTRO
04-04-2024 21:14:31.914Z;functions.waitForImage;  INTEGRAÇÃO BANCÁRIA image found.
04-04-2024 21:14:34.034Z;functions.check_payment_type;  CLICA EM INTEGRAÇÃO BANCÁRIA
04-04-2024 21:14:34.034Z;functions.check_payment_type;  VERIFICANDO INFORMAÇÕES
04-04-2024 21:14:37.082Z;functions.waitForImage;  DADOS BANCARIOS image found.
04-04-2024 21:14:37.199Z;functions.check_payment_type;  DADOS BANCARIOS
04-04-2024 21:14:39.199Z;functions.check_payment_type;  ENTROU DADOS BANCÁRIOS
04-04-2024 21:14:39.301Z;functions.check_payment_type;  APERTA TAB
04-04-2024 21:14:53.594Z;functions.waitForImage;  PRESS BUTTON OK image not found.
04-04-2024 21:15:03.809Z;functions.waitForImage;  PRESS BUTTON OK 2 image not found.
04-04-2024 21:15:15.992Z;functions.waitForImage;  PRESS BUTTON OK image not found.
04-04-2024 21:15:26.187Z;functions.waitForImage;  PRESS BUTTON OK 2 image not found.
04-04-2024 21:15:28.303Z;functions.check_payment_type;  INCLUIDOS: 932242 REFERENCIAS NO PROCESSAMENTO
04-04-2024 21:15:30.404Z;functions.check_payment_type;  PASSANDO PARA PRÓXIMO REGISTRO
04-04-2024 21:15:40.506Z;functions.check_payment_type;  REF. LANÇAMENTO: 932242
04-04-2024 21:15:40.608Z;functions.check_payment_type;  ENTRANDO NO REGISTRO
04-04-2024 21:16:03.117Z;functions.waitForImage;  INTEGRAÇÃO BANCÁRIA image not found.
04-04-2024 21:16:03.117Z;functions.check_payment_type;  VERIFICANDO INFORMAÇÕES
04-04-2024 21:16:06.168Z;functions.waitForImage;  DADOS BANCARIOS image found.
04-04-2024 21:16:06.300Z;functions.check_payment_type;  DADOS BANCARIOS
04-04-2024 21:16:08.301Z;functions.check_payment_type;  ENTROU DADOS BANCÁRIOS
04-04-2024 21:16:08.402Z;functions.check_payment_type;  APERTA TAB
04-04-2024 21:16:12.559Z;functions.waitForImage;  PRESS BUTTON OK image found.
04-04-2024 21:16:14.692Z;functions.click_ok;  PRESS BUTTON OK
04-04-2024 21:16:28.864Z;functions.waitForImage;  PRESS BUTTON OK image not found.
04-04-2024 21:16:39.062Z;functions.waitForImage;  PRESS BUTTON OK 2 image not found.
04-04-2024 21:16:41.179Z;functions.check_payment_type;  INCLUIDOS: 932242 REFERENCIAS NO PROCESSAMENTO
04-04-2024 21:16:43.281Z;functions.check_payment_type;  PASSANDO PARA PRÓXIMO REGISTRO
04-04-2024 21:16:53.383Z;functions.check_payment_type;  REF. LANÇAMENTO: 932414
04-04-2024 21:16:53.485Z;functions.check_payment_type;  ENTRANDO NO REGISTRO
04-04-2024 21:16:56.146Z;functions.waitForImage;  INTEGRAÇÃO BANCÁRIA image found.
04-04-2024 21:16:58.265Z;functions.check_payment_type;  CLICA EM INTEGRAÇÃO BANCÁRIA
04-04-2024 21:16:58.265Z;functions.check_payment_type;  VERIFICANDO INFORMAÇÕES
04-04-2024 21:17:01.329Z;functions.waitForImage;  DADOS BANCARIOS image found.
04-04-2024 21:17:01.462Z;functions.check_payment_type;  DADOS BANCARIOS
04-04-2024 21:17:03.462Z;functions.check_payment_type;  ENTROU DADOS BANCÁRIOS
04-04-2024 21:17:03.564Z;functions.check_payment_type;  APERTA TAB
04-04-2024 21:17:17.895Z;functions.waitForImage;  PRESS BUTTON OK image not found.
04-04-2024 21:17:28.104Z;functions.waitForImage;  PRESS BUTTON OK 2 image not found.
04-04-2024 21:17:40.270Z;functions.waitForImage;  PRESS BUTTON OK image not found.
04-04-2024 21:17:50.491Z;functions.waitForImage;  PRESS BUTTON OK 2 image not found.
04-04-2024 21:17:52.596Z;functions.check_payment_type;  INCLUIDOS: 932414 REFERENCIAS NO PROCESSAMENTO
04-04-2024 21:17:54.697Z;functions.check_payment_type;  PASSANDO PARA PRÓXIMO REGISTRO
04-04-2024 21:18:04.800Z;functions.check_payment_type;  REF. LANÇAMENTO: 932414
04-04-2024 21:18:04.901Z;functions.check_payment_type;  ENTRANDO NO REGISTRO
04-04-2024 21:18:27.388Z;functions.waitForImage;  INTEGRAÇÃO BANCÁRIA image not found.
04-04-2024 21:18:27.388Z;functions.check_payment_type;  VERIFICANDO INFORMAÇÕES
04-04-2024 21:18:30.453Z;functions.waitForImage;  DADOS BANCARIOS image found.
04-04-2024 21:18:30.571Z;functions.check_payment_type;  DADOS BANCARIOS
04-04-2024 21:18:32.571Z;functions.check_payment_type;  ENTROU DADOS BANCÁRIOS
04-04-2024 21:18:32.672Z;functions.check_payment_type;  APERTA TAB
04-04-2024 21:18:36.830Z;functions.waitForImage;  PRESS BUTTON OK image found.
04-04-2024 21:18:38.962Z;functions.click_ok;  PRESS BUTTON OK
04-04-2024 21:18:53.141Z;functions.waitForImage;  PRESS BUTTON OK image not found.
04-04-2024 21:19:03.349Z;functions.waitForImage;  PRESS BUTTON OK 2 image not found.
04-04-2024 21:19:05.466Z;functions.check_payment_type;  INCLUIDOS: 932414 REFERENCIAS NO PROCESSAMENTO
04-04-2024 21:19:07.567Z;functions.check_payment_type;  PASSANDO PARA PRÓXIMO REGISTRO
04-04-2024 21:19:17.670Z;functions.check_payment_type;  REF. LANÇAMENTO: 932418
04-04-2024 21:19:17.772Z;functions.check_payment_type;  ENTRANDO NO REGISTRO
04-04-2024 21:19:20.407Z;functions.waitForImage;  INTEGRAÇÃO BANCÁRIA image found.
04-04-2024 21:19:22.525Z;functions.check_payment_type;  CLICA EM INTEGRAÇÃO BANCÁRIA
04-04-2024 21:19:22.525Z;functions.check_payment_type;  VERIFICANDO INFORMAÇÕES
04-04-2024 21:19:25.600Z;functions.waitForImage;  DADOS BANCARIOS image found.
04-04-2024 21:19:25.714Z;functions.check_payment_type;  DADOS BANCARIOS
04-04-2024 21:19:27.715Z;functions.check_payment_type;  ENTROU DADOS BANCÁRIOS
04-04-2024 21:19:27.816Z;functions.check_payment_type;  APERTA TAB
04-04-2024 21:19:42.148Z;functions.waitForImage;  PRESS BUTTON OK image not found.
04-04-2024 21:19:52.366Z;functions.waitForImage;  PRESS BUTTON OK 2 image not found.
04-04-2024 21:20:04.541Z;functions.waitForImage;  PRESS BUTTON OK image not found.
04-04-2024 21:20:14.742Z;functions.waitForImage;  PRESS BUTTON OK 2 image not found.
04-04-2024 21:20:16.854Z;functions.check_payment_type;  INCLUIDOS: 932418 REFERENCIAS NO PROCESSAMENTO
04-04-2024 21:20:18.956Z;functions.check_payment_type;  PASSANDO PARA PRÓXIMO REGISTRO
04-04-2024 21:20:29.058Z;functions.check_payment_type;  REF. LANÇAMENTO: 932418
04-04-2024 21:20:29.160Z;functions.check_payment_type;  ENTRANDO NO REGISTRO
04-04-2024 21:20:51.650Z;functions.waitForImage;  INTEGRAÇÃO BANCÁRIA image not found.
04-04-2024 21:20:51.650Z;functions.check_payment_type;  VERIFICANDO INFORMAÇÕES
04-04-2024 21:20:54.700Z;functions.waitForImage;  DADOS BANCARIOS image found.
04-04-2024 21:20:54.817Z;functions.check_payment_type;  DADOS BANCARIOS
04-04-2024 21:20:56.818Z;functions.check_payment_type;  ENTROU DADOS BANCÁRIOS
04-04-2024 21:20:56.919Z;functions.check_payment_type;  APERTA TAB
04-04-2024 21:21:01.082Z;functions.waitForImage;  PRESS BUTTON OK image found.
04-04-2024 21:21:03.216Z;functions.click_ok;  PRESS BUTTON OK
04-04-2024 21:21:17.386Z;functions.waitForImage;  PRESS BUTTON OK image not found.
04-04-2024 21:21:27.612Z;functions.waitForImage;  PRESS BUTTON OK 2 image not found.
04-04-2024 21:21:29.729Z;functions.check_payment_type;  INCLUIDOS: 932418 REFERENCIAS NO PROCESSAMENTO
04-04-2024 21:21:31.830Z;functions.check_payment_type;  PASSANDO PARA PRÓXIMO REGISTRO
04-04-2024 21:21:41.933Z;functions.check_payment_type;  REF. LANÇAMENTO: 932426
04-04-2024 21:21:42.035Z;functions.check_payment_type;  ENTRANDO NO REGISTRO
04-04-2024 21:21:44.132Z;functions.waitForImage;  INTEGRAÇÃO BANCÁRIA image found.
04-04-2024 21:21:46.252Z;functions.check_payment_type;  CLICA EM INTEGRAÇÃO BANCÁRIA
04-04-2024 21:21:46.252Z;functions.check_payment_type;  VERIFICANDO INFORMAÇÕES
04-04-2024 21:21:49.300Z;functions.waitForImage;  DADOS BANCARIOS image found.
04-04-2024 21:21:49.432Z;functions.check_payment_type;  DADOS BANCARIOS
04-04-2024 21:21:51.433Z;functions.check_payment_type;  ENTROU DADOS BANCÁRIOS
04-04-2024 21:21:51.534Z;functions.check_payment_type;  APERTA TAB
04-04-2024 21:22:05.804Z;functions.waitForImage;  PRESS BUTTON OK image not found.
04-04-2024 21:22:16.019Z;functions.waitForImage;  PRESS BUTTON OK 2 image not found.
04-04-2024 21:22:28.217Z;functions.waitForImage;  PRESS BUTTON OK image not found.
04-04-2024 21:22:38.445Z;functions.waitForImage;  PRESS BUTTON OK 2 image not found.
04-04-2024 21:22:40.553Z;functions.check_payment_type;  INCLUIDOS: 932426 REFERENCIAS NO PROCESSAMENTO
04-04-2024 21:22:42.655Z;functions.check_payment_type;  PASSANDO PARA PRÓXIMO REGISTRO
04-04-2024 21:22:52.757Z;functions.check_payment_type;  REF. LANÇAMENTO: 932426
04-04-2024 21:22:52.859Z;functions.check_payment_type;  ENTRANDO NO REGISTRO
04-04-2024 21:23:15.368Z;functions.waitForImage;  INTEGRAÇÃO BANCÁRIA image not found.
04-04-2024 21:23:15.368Z;functions.check_payment_type;  VERIFICANDO INFORMAÇÕES
04-04-2024 21:23:18.421Z;functions.waitForImage;  DADOS BANCARIOS image found.
04-04-2024 21:23:18.554Z;functions.check_payment_type;  DADOS BANCARIOS
04-04-2024 21:23:20.555Z;functions.check_payment_type;  ENTROU DADOS BANCÁRIOS
04-04-2024 21:23:20.656Z;functions.check_payment_type;  APERTA TAB
04-04-2024 21:23:24.814Z;functions.waitForImage;  PRESS BUTTON OK image found.
04-04-2024 21:23:26.946Z;functions.click_ok;  PRESS BUTTON OK
04-04-2024 21:23:41.122Z;functions.waitForImage;  PRESS BUTTON OK image not found.
04-04-2024 21:23:51.283Z;functions.waitForImage;  PRESS BUTTON OK 2 image not found.
04-04-2024 21:23:53.398Z;functions.check_payment_type;  INCLUIDOS: 932426 REFERENCIAS NO PROCESSAMENTO
04-04-2024 21:23:55.500Z;functions.check_payment_type;  PASSANDO PARA PRÓXIMO REGISTRO
04-04-2024 21:24:05.602Z;functions.check_payment_type;  REF. LANÇAMENTO: 937560
04-04-2024 21:24:05.705Z;functions.check_payment_type;  ENTRANDO NO REGISTRO
04-04-2024 21:24:08.334Z;functions.waitForImage;  INTEGRAÇÃO BANCÁRIA image found.
04-04-2024 21:24:10.453Z;functions.check_payment_type;  CLICA EM INTEGRAÇÃO BANCÁRIA
04-04-2024 21:24:10.453Z;functions.check_payment_type;  VERIFICANDO INFORMAÇÕES
04-04-2024 21:24:13.501Z;functions.waitForImage;  DADOS BANCARIOS image found.
04-04-2024 21:24:13.633Z;functions.check_payment_type;  DADOS BANCARIOS
04-04-2024 21:24:15.634Z;functions.check_payment_type;  ENTROU DADOS BANCÁRIOS
04-04-2024 21:24:15.735Z;functions.check_payment_type;  APERTA TAB
04-04-2024 21:24:30.030Z;functions.waitForImage;  PRESS BUTTON OK image not found.
04-04-2024 21:24:40.232Z;functions.waitForImage;  PRESS BUTTON OK 2 image not found.
04-04-2024 21:24:52.382Z;functions.waitForImage;  PRESS BUTTON OK image not found.
04-04-2024 21:25:02.538Z;functions.waitForImage;  PRESS BUTTON OK 2 image not found.
04-04-2024 21:25:04.654Z;functions.check_payment_type;  INCLUIDOS: 937560 REFERENCIAS NO PROCESSAMENTO
04-04-2024 21:25:04.654Z;functions.check_payment_type;  FORAM INCLUIDOS: 13 REFERENCIAS NO PROCESSAMENTO
04-04-2024 21:27:13.240Z;functions.show_exception_and_exit;  'NoneType' object has no attribute 'click'
Traceback (most recent call last):
  File "C:\Projetos_Remessas\Remessa_Bancaria\main.py", line 156, in <module>
    result = process_lancamentos()
             ^^^^^^^^^^^^^^^^^^^^^
  File "C:\Projetos_Remessas\Remessa_Bancaria\SUBPROGRAMS\functions.py", line 616, in process_lancamentos
    click_combo.click()
    ^^^^^^^^^^^^^^^^^
AttributeError: 'NoneType' object has no attribute 'click'
04-04-2024 21:27:13.350Z;functions.show_exception_and_exit;  PRINT SALVO
04-04-2024 21:27:13.441Z;functions.show_exception_and_exit;  RM FECHADO
04-04-2024 21:27:14.991Z;errorhandler.__handle;  Property: Unknown Property name. [1:203: -ms-interpolation-mode]
04-04-2024 21:27:15.006Z;errorhandler.__handle;  Property: Unknown Property name. [1:353: -webkit-font-smoothing]
04-04-2024 21:27:15.006Z;errorhandler.__handle;  Property: Unknown Property name. [1:483: -ms-text-size-adjust]
04-04-2024 21:27:15.006Z;errorhandler.__handle;  Property: Unknown Property name. [1:518: -webkit-text-size-adjust]
04-04-2024 21:27:15.006Z;errorhandler.__handle;  Property: Unknown Property name. [1:612: mso-table-lspace]
04-04-2024 21:27:15.006Z;errorhandler.__handle;  Property: Unknown Property name. [1:642: mso-table-rspace]
04-04-2024 21:27:15.053Z;errorhandler.__handle;  Property: Unknown Property name. [1:4734: mso-hide]
04-04-2024 21:27:15.084Z;errorhandler.__handle;  Property: Unknown Property name. [1:13: -ms-interpolation-mode]
04-04-2024 21:27:15.084Z;errorhandler.__handle;  Property: Unknown Property name. [1:49: -webkit-font-smoothing]
04-04-2024 21:27:15.084Z;errorhandler.__handle;  Property: Unknown Property name. [1:134: -ms-text-size-adjust]
04-04-2024 21:27:15.084Z;errorhandler.__handle;  Property: Unknown Property name. [1:160: -webkit-text-size-adjust]
04-04-2024 21:27:15.084Z;errorhandler.__handle;  Property: Unknown Property name. [1:26: mso-table-lspace]
04-04-2024 21:27:15.084Z;errorhandler.__handle;  Property: Unknown Property name. [1:45: mso-table-rspace]
04-04-2024 21:27:15.100Z;errorhandler.__handle;  Property: Unknown Property name. [1:92: mso-hide]
04-04-2024 21:27:15.100Z;errorhandler.__handle;  Property: No ":" after name found: align-center [1:1: align-center]
04-04-2024 21:27:15.100Z;errorhandler.__handle;  Property: No property value found: align-center [1:1: align-center]
04-04-2024 21:27:15.100Z;errorhandler.__handle;  CSSStyleDeclaration: Syntax Error in Property: align-center
04-04-2024 21:27:15.100Z;errorhandler.__handle;  Property: Unknown Property name. [1:14: -ms-interpolation-mode]
04-04-2024 21:27:18.006Z;functions.show_exception_and_exit;  EMAIL EXCEÇÃO ENVIADO
04-04-2024 21:27:18.006Z;functions.show_exception_and_exit;  ERRO - <class 'AttributeError'> / 'NoneType' object has no attribute 'click'
