21-04-2024 21:00:20.042Z;functions.bot_text_art;      ____   
21-04-2024 21:00:20.042Z;functions.bot_text_art;     [____]    
21-04-2024 21:00:20.042Z;functions.bot_text_art;   |=]()()[=|  
21-04-2024 21:00:20.042Z;functions.bot_text_art;     _\==/__    _____    ____     _        _____    ___   _  __
21-04-2024 21:00:20.042Z;functions.bot_text_art;   |__|   |_|  |  _  \  / ___|   | |      |_   _| / ___| | |/ /
21-04-2024 21:00:20.042Z;functions.bot_text_art;   |_|_/\_|_|  | |  | | | |      | |        | |   | |    | ' / 
21-04-2024 21:00:20.042Z;functions.bot_text_art;   | | __ | |  | |  | | | |      | |        | |   | |    |  <  
21-04-2024 21:00:20.042Z;functions.bot_text_art;   |_|[  ]|_|  | |__| | | |____  | |____   _| |_  | |__  | . \ 
21-04-2024 21:00:20.042Z;functions.bot_text_art;   \_|_||_|_/  |_____/   \_____| |______| |_____| \ ___| |_|\_\
21-04-2024 21:00:20.042Z;functions.bot_text_art;     |_||_|                                                     
21-04-2024 21:00:20.042Z;functions.bot_text_art;     | ||_|_   
21-04-2024 21:00:20.042Z;functions.bot_text_art;   |___||___|  
21-04-2024 21:00:20.042Z;functions.bot_text_art;               
21-04-2024 21:00:20.042Z;functions.open_RM;  OPEN PROGRAM RM
21-04-2024 21:00:27.604Z;functions.loggin_RM;  ENTER USER_NAME
21-04-2024 21:00:31.525Z;functions.loggin_RM;  ENTER PASSWORD
21-04-2024 21:00:32.307Z;functions.loggin_RM;  ENTER RM
21-04-2024 21:01:05.572Z;functions.enter_coligada;  CLICK CONTEXTO
21-04-2024 21:01:07.121Z;functions.enter_coligada;  CLICK ALTERAR MODULO DO CONTEXTO
21-04-2024 21:01:09.566Z;functions.enter_coligada;  INSERE O COLIGADA CODE = 1
21-04-2024 21:01:09.668Z;functions.enter_coligada;  APERTA TAB PARA PREENCHER O CAMPO COM A STRING: OCEANICA ENGENHARIA E CONSULTORIA S.A.
21-04-2024 21:01:10.541Z;functions.enter_coligada;  CLICK AVANÇAR NOVAMENTE
21-04-2024 21:01:11.401Z;functions.enter_coligada;  CLICK CONCLUIR
21-04-2024 21:01:20.010Z;functions.enter_coligada;  POP UP COLIGADA DESAPARECER
21-04-2024 21:01:20.635Z;functions.check_movimentacao_bancaria;  CLICK - TOTVS - LINHA RM
21-04-2024 21:01:21.712Z;functions.check_movimentacao_bancaria;  CLICK - BACK OFFICE
21-04-2024 21:01:22.432Z;functions.check_movimentacao_bancaria;  CLICK - GESTAO FINANCEIRA
21-04-2024 21:01:27.089Z;functions.movimentacao_bancaria;  CLICA NA ABA MOVIMENTAÇÃO BANCARIA
21-04-2024 21:01:27.300Z;functions.waitForImage;  IMAGEM BORDERO image found.
21-04-2024 21:01:29.402Z;functions.movimentacao_bancaria;  IMAGEM BORDERO CLICADA.
21-04-2024 21:01:39.608Z;functions.waitForImage;  LICENCAS EXCEDIDAS image not found.
21-04-2024 21:01:40.186Z;functions.movimentacao_bancaria;  ENCONTROU O FILTRO DA MOVIMENTAÇÃO BANCÁRIA
21-04-2024 21:01:40.218Z;functions.movimentacao_bancaria;  CLICA NA ABA SUPERIOR DO FILTRO
21-04-2024 21:01:44.727Z;functions.movimentacao_bancaria;  SELECIONA O FILTRO HOJE
21-04-2024 21:01:49.873Z;functions.waitForImage;  FILTER CLEAN image found.
21-04-2024 21:01:51.996Z;functions.filter_clean;  CLICA NO BOTÃO X DO LIMPA FILTRO
21-04-2024 21:02:07.588Z;functions.waitForImage;  FILTER CLEAN image not found.
21-04-2024 21:02:23.176Z;functions.waitForImage;  FILTER CLEAN image not found.
21-04-2024 21:02:24.073Z;functions.movimentacao_bancaria;  CLICA NA PRIMEIRA LINHA DA TABELA MOVIMENTAÇÃO BANCÁRIA
21-04-2024 21:02:24.932Z;functions.movimentacao_bancaria;  CLICA NA PRIMEIRA LINHA DA TABELA MOVIMENTAÇÃO BANCÁRIA
21-04-2024 21:02:26.157Z;functions.movimentacao_bancaria;  12 PASSOS PARA DIREITA NA TABELA >>
21-04-2024 21:02:27.542Z;functions.movimentacao_bancaria;  HOVER FILTER
21-04-2024 21:02:27.922Z;functions.movimentacao_bancaria;  CLICK FILTER
21-04-2024 21:02:32.233Z;functions.movimentacao_bancaria;  CLICA NO FILTRO  STATUS DA REMESSA
21-04-2024 21:02:34.336Z;functions.movimentacao_bancaria;  APERTA TAB PARA ESCREVER O FILTRO
21-04-2024 21:02:36.441Z;functions.movimentacao_bancaria;  ESCREVE PENDENTE NO FILTRO
21-04-2024 21:02:38.544Z;functions.movimentacao_bancaria;  APERTA ENTER PARA SELECIONAR OS PENDENTES
21-04-2024 21:02:59.948Z;functions.movimentacao_bancaria;  SEM PROCESSAMENTO DE BORDERO PENDENTE
21-04-2024 21:03:10.074Z;functions.waitForImage;  FILTER CLEAN image found.
21-04-2024 21:03:12.201Z;functions.filter_clean;  CLICA NO BOTÃO X DO LIMPA FILTRO
21-04-2024 21:03:27.744Z;functions.waitForImage;  FILTER CLEAN image not found.
21-04-2024 21:03:43.205Z;functions.waitForImage;  FILTER CLEAN image not found.
21-04-2024 21:03:44.119Z;functions.processo_pagamento;  CLICA NA PRIMEIRA LINHA DA TABELA MOVIMENTAÇÃO BANCÁRIA
21-04-2024 21:03:45.479Z;functions.processo_pagamento;  HOVER FILTER
21-04-2024 21:03:45.790Z;functions.processo_pagamento;  CLICK FILTER
21-04-2024 21:03:50.103Z;functions.processo_pagamento;  CLICA NO FILTRO  STATUS DA REMESSA
21-04-2024 21:03:52.205Z;functions.processo_pagamento;  APERTA TAB PARA ESCREVER O FILTRO
21-04-2024 21:03:54.312Z;functions.processo_pagamento;  ESCREVE AUTORIZADO NO FILTRO
21-04-2024 21:03:56.414Z;functions.processo_pagamento;  APERTA ENTER PARA SELECIONAR OS AUTORIZADOS
21-04-2024 21:04:02.815Z;functions.processo_pagamento;  6 PASSOS PARA ESQUERDA NA TABELA <<
21-04-2024 21:04:03.823Z;functions.check_user_bot;  Texto extraido 1/1
21-04-2024 21:04:03.823Z;functions.check_user_bot;  Count 1
21-04-2024 21:04:03.823Z;functions.check_user_bot;  Type <class 'int'>
21-04-2024 21:04:05.931Z;functions.check_user_bot;  CHECK USER BOT 1
21-04-2024 21:04:07.932Z;functions.check_user_bot;  integracao
21-04-2024 21:04:10.643Z;functions.check_user_bot;  7 PASSOS PARA DIREITA NA TABELA >>
21-04-2024 21:04:14.746Z;functions.check_user_bot;  341 / 3212 / 02675  PIX
21-04-2024 21:04:14.746Z;functions.check_user_bot;  Nome SISPAG não encontrado na string.
21-04-2024 21:04:15.454Z;functions.check_user_bot;  7 PASSOS PARA ESQUERDA NA TABELA <<
21-04-2024 21:04:15.556Z;functions.check_user_bot;  COUNT1: 0
21-04-2024 21:04:16.658Z;functions.processo_pagamento;  FECHA ABA MOVIMENTAÇÕES BANCÁRIAS
21-04-2024 21:04:17.574Z;functions.enter_contas_a_pagar;  CLICK - TOTVS - LINHA RM
21-04-2024 21:04:18.558Z;functions.enter_contas_a_pagar;  CLICK - BACK OFFICE
21-04-2024 21:04:19.496Z;functions.enter_contas_a_pagar;  CLICK - GESTAO FINANCEIRA
21-04-2024 21:04:24.682Z;functions.enter_contas_a_pagar;  CLICK - CONTAS A PAGAR
21-04-2024 21:04:24.866Z;functions.waitForImage;  LANÇAMENTOS image found.
21-04-2024 21:04:26.990Z;functions.enter_contas_a_pagar;  CLICA EM LANÇAMENTOS
21-04-2024 21:04:42.010Z;functions.waitForImage;  LICENCAS EXCEDIDAS image not found.
21-04-2024 21:04:42.010Z;functions.obter_intervalo_data;  VERIFICANDO A HORA ATUAL 21
21-04-2024 21:04:42.010Z;functions.obter_intervalo_data;  Data Inicial BANCARIA antes da remoção: None
21-04-2024 21:04:42.010Z;functions.obter_intervalo_data;  Data Final BANCARIA antes da remoção: None
21-04-2024 21:04:42.010Z;functions.obter_intervalo_data;  Data Inicial BANCARIA após a remoção: None
21-04-2024 21:04:42.010Z;functions.obter_intervalo_data;  Data Final BANCARIA após a remoção: None
21-04-2024 21:04:42.010Z;functions.obter_intervalo_data;  hoje -  2024-04-21 21:04:42.010444
21-04-2024 21:04:42.010Z;functions.data_filter;  DATA INICIO 24-04-2024
21-04-2024 21:04:42.010Z;functions.data_filter;  DATA FIM 30-04-2024
21-04-2024 21:04:42.010Z;functions.data_filter;  CLICK - SELECIONA A DATA DE QUARTA FEIRA E DA PROXIMA TERÇA
21-04-2024 21:04:42.010Z;functions.data_filter;  QUARTA-FEIRA: 24-04-2024
21-04-2024 21:04:42.010Z;functions.data_filter;  TERCA-FEIRA: 30-04-2024
21-04-2024 21:04:50.604Z;functions.data_filter;  CLICK - BOTAO DE SELECAO DE FILTRO
21-04-2024 21:04:54.448Z;functions.data_filter;  INSERE - DATA DE QUARTA-FEIRA: 24-04-2024
21-04-2024 21:04:57.979Z;functions.data_filter;  INSERE - DATA DA PROX TERCA-FEIRA: 30-04-2024
21-04-2024 21:04:58.651Z;functions.data_filter;  CLICK - BOTAO DE EXECUTAR O FILTRO
21-04-2024 21:05:58.698Z;functions.desmark_filter;  CLICK CHECKBOX LANÇAMENTOS A RECEBER
21-04-2024 21:05:59.558Z;functions.desmark_filter;  CLICK CHECKBOX LANÇAMENTOS BAIXADOS
21-04-2024 21:06:00.465Z;functions.desmark_filter;  CLICK CHECKBOX LANÇAMENTOS CANCELADOS
21-04-2024 21:06:01.433Z;functions.desmark_filter;  CLICK CHECKBOX LANÇAMENTOS FATURADOS
21-04-2024 21:06:02.433Z;functions.desmark_filter;  CLICK CHECKBOX LANÇAMENTOS FATURADOS
21-04-2024 21:06:07.573Z;functions.waitForImage;  FILTER CLEAN image found.
21-04-2024 21:06:09.700Z;functions.filter_clean;  CLICA NO BOTÃO X DO LIMPA FILTRO
21-04-2024 21:06:24.998Z;functions.waitForImage;  FILTER CLEAN image not found.
21-04-2024 21:06:40.290Z;functions.waitForImage;  FILTER CLEAN image not found.
21-04-2024 21:06:40.290Z;functions.check_table_record;  VERIFICANDO SE A TABELA ESTÁ VAZIA
21-04-2024 21:06:41.543Z;functions.check_table_record;  Texto extraido 1/119
21-04-2024 21:06:41.543Z;functions.check_table_record;  Count 119
21-04-2024 21:06:41.543Z;functions.check_table_record;  Type <class 'int'>
21-04-2024 21:06:41.543Z;functions.check_table_record;  TABELA CONTÉM REGISTROS
21-04-2024 21:06:52.511Z;functions.select_tipo_documento;  NOME DA COLUNA: Tipo de Documento
21-04-2024 21:06:53.855Z;functions.select_tipo_documento;  HOVER NOME DA COLUNA: Tipo de Documento
21-04-2024 21:06:54.461Z;functions.select_tipo_documento;  CLICA NO FILTRO PERSONALIZAR
21-04-2024 21:06:55.262Z;functions.select_tipo_documento;  CLICA PARA SELECIONAR OPÇÕES DO FILTRO
21-04-2024 21:07:02.322Z;functions.select_tipo_documento;  CLICK BUTTON CONFIRMAR FILTRO
21-04-2024 21:07:07.324Z;functions.filter_IPTE;  VERIFICANDO O COD DO CLIENTE EM CADA REGISTRO
21-04-2024 21:07:08.214Z;functions.filter_IPTE;  CLICA NA PRIMEIRA LINHA DA TABELA
21-04-2024 21:07:28.168Z;functions.filter_IPTE;  HOVER FILTER
21-04-2024 21:07:28.786Z;functions.filter_IPTE;  CLICK FILTER
21-04-2024 21:07:33.098Z;functions.filter_IPTE;  CLICA NO FILTRO PERSONALIZAR
21-04-2024 21:07:41.116Z;functions.check_table_record;  VERIFICANDO SE A TABELA ESTÁ VAZIA
21-04-2024 21:07:42.136Z;functions.check_table_record;  Texto extraido 1/1
21-04-2024 21:07:42.136Z;functions.check_table_record;  Count 1
21-04-2024 21:07:42.136Z;functions.check_table_record;  Type <class 'int'>
21-04-2024 21:07:42.136Z;functions.check_table_record;  TABELA CONTÉM REGISTROS
21-04-2024 21:07:42.136Z;functions.check_payment_type;  VERIFICANDO O COD DO CLIENTE EM CADA REGISTRO
21-04-2024 21:07:43.059Z;functions.check_payment_type;  CLICA NA PRIMEIRA LINHA DA TABELA
21-04-2024 21:07:51.163Z;functions.check_payment_type;  REF. LANÇAMENTO: 942410
21-04-2024 21:07:51.265Z;functions.check_payment_type;  ENTRANDO NO REGISTRO
21-04-2024 21:07:56.614Z;functions.waitForImage;  INTEGRAÇÃO BANCÁRIA image found.
21-04-2024 21:07:58.739Z;functions.check_payment_type;  CLICA EM INTEGRAÇÃO BANCÁRIA
21-04-2024 21:07:58.739Z;functions.check_payment_type;  VERIFICANDO INFORMAÇÕES
21-04-2024 21:08:01.865Z;functions.waitForImage;  DADOS BANCARIOS image found.
21-04-2024 21:08:01.998Z;functions.check_payment_type;  DADOS BANCARIOS
21-04-2024 21:08:03.999Z;functions.check_payment_type;  ENTROU DADOS BANCÁRIOS
21-04-2024 21:08:04.100Z;functions.check_payment_type;  APERTA TAB
21-04-2024 21:08:08.334Z;functions.waitForImage;  PRESS BUTTON OK image found.
21-04-2024 21:08:10.452Z;functions.click_ok;  PRESS BUTTON OK
21-04-2024 21:08:14.578Z;functions.waitForImage;  PRESS BUTTON OK image found.
21-04-2024 21:08:16.700Z;functions.click_ok;  PRESS BUTTON OK
21-04-2024 21:08:20.806Z;functions.check_payment_type;  INCLUIDOS: 942410 REFERENCIAS NO PROCESSAMENTO
21-04-2024 21:08:20.806Z;functions.check_payment_type;  FORAM INCLUIDOS: 1 REFERENCIAS NO PROCESSAMENTO
21-04-2024 21:08:25.558Z;functions.process_lancamentos;  CLICA PARA APARECER CONTA/CAIXA
21-04-2024 21:08:26.284Z;functions.process_lancamentos;  SELECIONA CONTA/CAIXA
21-04-2024 21:08:27.059Z;functions.process_lancamentos;  CLICA NO BOTÃO [...]
21-04-2024 21:08:32.164Z;functions.process_lancamentos;  CLICA NO CAMPO PESQUISA E DIGITA: %3212
21-04-2024 21:08:32.902Z;functions.process_lancamentos;  CLICA NO BOTÃO DO FILTRO
21-04-2024 21:08:33.684Z;functions.process_lancamentos;  CLICA NO BOTÃO OK
21-04-2024 21:08:34.433Z;functions.process_lancamentos;  CLICA NO BOTÃO EXECUTAR
21-04-2024 21:08:46.179Z;functions.waitForImage;  PRESS BUTTON OK image found.
21-04-2024 21:08:48.195Z;functions.process_lancamentos;  O PROCESSAMENTO FOI EXECUTADO COM SUCESSO.
21-04-2024 21:08:55.248Z;functions.process_lancamentos;  ERRO: Lançamento Ref. 942410: Convênio alterado para o convênio default '7' da conta Caixa '02675-5' .
Alteração Global de Lançamentos executada com sucesso

21-04-2024 21:08:55.902Z;functions.process_lancamentos;  CLICK EM FECHAR.
21-04-2024 21:11:12.176Z;functions.proccess_bordero;  SELECIONAR INCLUSÃO DE BORDERO
21-04-2024 21:11:32.589Z;functions.waitForImage;  PRESS BUTON SIM image not found.
21-04-2024 21:11:33.434Z;functions.proccess_bordero;  CLICA EM CONVÊNIO TRÊS PONTINHOS
21-04-2024 21:11:34.481Z;functions.proccess_bordero;  CLICA EM COMBOBOX PARA SELECIONAR O ID DO CONVÊNIO
21-04-2024 21:11:35.329Z;functions.proccess_bordero;  CLICA EM ID DO CONVÊNIO
21-04-2024 21:11:37.432Z;functions.proccess_bordero;  APERTA TAB PARA ESCREVER O ID
21-04-2024 21:11:39.533Z;functions.proccess_bordero;  ESCREVE O ID 7
21-04-2024 21:11:41.635Z;functions.proccess_bordero;  APERTA ENTER PARA SELECIONAR O ID 7 - SISPAG FORNECEDOR
21-04-2024 21:11:43.737Z;functions.proccess_bordero;  APERTA ENTER PARA ESCOLHER O ID 7 - SISPAG FORNECEDOR
21-04-2024 21:11:46.402Z;functions.proccess_bordero;  CLICA EM EXECUTAR NA INCLUSÃO DO BORDÊRO
21-04-2024 21:12:05.450Z;functions.waitForImage;  PRESS BUTTON OK image not found.
21-04-2024 21:12:10.452Z;functions.proccess_bordero;  ERRO: Existem inconsistências em alguns lançamentos, favor verificar e executar novamente o processo.

********* ERRO(S) NO(S) LANÇAMENTO(S)***********
Lançamento Ref.: 1-942410  - O movimento do lançamento não pode estar bloqueado




21-04-2024 21:12:11.124Z;functions.proccess_bordero;  CLICK EM FECHAR.
21-04-2024 21:12:12.949Z;errorhandler.__handle;  Property: Unknown Property name. [1:203: -ms-interpolation-mode]
21-04-2024 21:12:12.964Z;errorhandler.__handle;  Property: Unknown Property name. [1:353: -webkit-font-smoothing]
21-04-2024 21:12:12.964Z;errorhandler.__handle;  Property: Unknown Property name. [1:483: -ms-text-size-adjust]
21-04-2024 21:12:12.964Z;errorhandler.__handle;  Property: Unknown Property name. [1:518: -webkit-text-size-adjust]
21-04-2024 21:12:12.964Z;errorhandler.__handle;  Property: Unknown Property name. [1:612: mso-table-lspace]
21-04-2024 21:12:12.964Z;errorhandler.__handle;  Property: Unknown Property name. [1:642: mso-table-rspace]
21-04-2024 21:12:13.011Z;errorhandler.__handle;  Property: Unknown Property name. [1:4734: mso-hide]
21-04-2024 21:12:13.056Z;errorhandler.__handle;  Property: Unknown Property name. [1:13: -ms-interpolation-mode]
21-04-2024 21:12:13.057Z;errorhandler.__handle;  Property: Unknown Property name. [1:49: -webkit-font-smoothing]
21-04-2024 21:12:13.058Z;errorhandler.__handle;  Property: Unknown Property name. [1:134: -ms-text-size-adjust]
21-04-2024 21:12:13.058Z;errorhandler.__handle;  Property: Unknown Property name. [1:160: -webkit-text-size-adjust]
21-04-2024 21:12:13.059Z;errorhandler.__handle;  Property: Unknown Property name. [1:26: mso-table-lspace]
21-04-2024 21:12:13.059Z;errorhandler.__handle;  Property: Unknown Property name. [1:45: mso-table-rspace]
21-04-2024 21:12:13.070Z;errorhandler.__handle;  Property: Unknown Property name. [1:92: mso-hide]
21-04-2024 21:12:13.074Z;errorhandler.__handle;  Property: No ":" after name found: align-center [1:1: align-center]
21-04-2024 21:12:13.074Z;errorhandler.__handle;  Property: No property value found: align-center [1:1: align-center]
21-04-2024 21:12:13.074Z;errorhandler.__handle;  CSSStyleDeclaration: Syntax Error in Property: align-center
21-04-2024 21:12:13.074Z;errorhandler.__handle;  Property: Unknown Property name. [1:14: -ms-interpolation-mode]
21-04-2024 21:12:15.512Z;functions.emailErro;  Warning e-mail sent.
21-04-2024 21:12:15.512Z;functions.proccess_bordero;  CORRESPONDENCIA ['942410']
21-04-2024 21:12:15.512Z;functions.proccess_bordero;  NUMERO DE REFERENCIAS QUE SERÃO TIRADOS DA REMESSA ['942410']
21-04-2024 21:12:15.512Z;functions.proccess_bordero;  CHAMANDO A FUNÇÃO REMOVE_SEND
21-04-2024 21:13:18.512Z;functions.remove_send;  CLICA NA PRIMEIRA LINHA DA TABELA
21-04-2024 21:13:25.615Z;functions.remove_send;  ref_num_atual: 942410
21-04-2024 21:13:25.615Z;functions.remove_send;  num_de_ref: ['942410']
21-04-2024 21:13:29.717Z;functions.remove_send;  Retirando a referencia: 942410
21-04-2024 21:13:29.717Z;functions.remove_send;  SAINDO DO REMOVE_SEND E LIMPANDO O VETOR num_de_ref
21-04-2024 21:13:45.979Z;functions.proccess_bordero;  SELECIONAR INCLUSÃO DE BORDERO
21-04-2024 21:14:06.283Z;functions.waitForImage;  PRESS BUTON SIM image not found.
21-04-2024 21:15:17.168Z;functions.show_exception_and_exit;  'NoneType' object has no attribute 'click'
Traceback (most recent call last):
  File "C:\Projetos_Remessas\Remessa_Bancaria\main.py", line 156, in <module>
    result = process_lancamentos()
             ^^^^^^^^^^^^^^^^^^^^^
  File "C:\Projetos_Remessas\Remessa_Bancaria\SUBPROGRAMS\functions.py", line 669, in process_lancamentos
    proccess_bordero()
  File "C:\Projetos_Remessas\Remessa_Bancaria\SUBPROGRAMS\functions.py", line 882, in proccess_bordero
    proccess_bordero()
  File "C:\Projetos_Remessas\Remessa_Bancaria\SUBPROGRAMS\functions.py", line 806, in proccess_bordero
    menuitem_inclusao_bordero.click()
    ^^^^^^^^^^^^^^^^^^^^^^^^^^^^^^^
AttributeError: 'NoneType' object has no attribute 'click'
21-04-2024 21:15:17.385Z;functions.show_exception_and_exit;  PRINT SALVO
21-04-2024 21:15:17.477Z;functions.show_exception_and_exit;  RM FECHADO
21-04-2024 21:15:18.559Z;errorhandler.__handle;  Property: Unknown Property name. [1:14: -ms-interpolation-mode]
21-04-2024 21:15:22.184Z;functions.show_exception_and_exit;  EMAIL EXCEÇÃO ENVIADO
21-04-2024 21:15:22.184Z;functions.show_exception_and_exit;  ERRO - <class 'AttributeError'> / 'NoneType' object has no attribute 'click'
