05-08-2024 17:44:51.111Z;functions.bot_text_art;      ____   
05-08-2024 17:44:51.111Z;functions.bot_text_art;     [____]    
05-08-2024 17:44:51.111Z;functions.bot_text_art;   |=]()()[=|  
05-08-2024 17:44:51.112Z;functions.bot_text_art;     _\==/__    _____    ____     _        _____    ___   _  __
05-08-2024 17:44:51.112Z;functions.bot_text_art;   |__|   |_|  |  _  \  / ___|   | |      |_   _| / ___| | |/ /
05-08-2024 17:44:51.112Z;functions.bot_text_art;   |_|_/\_|_|  | |  | | | |      | |        | |   | |    | ' / 
05-08-2024 17:44:51.113Z;functions.bot_text_art;   | | __ | |  | |  | | | |      | |        | |   | |    |  <  
05-08-2024 17:44:51.113Z;functions.bot_text_art;   |_|[  ]|_|  | |__| | | |____  | |____   _| |_  | |__  | . \ 
05-08-2024 17:44:51.128Z;functions.bot_text_art;   \_|_||_|_/  |_____/   \_____| |______| |_____| \ ___| |_|\_\
05-08-2024 17:44:51.128Z;functions.bot_text_art;     |_||_|                                                     
05-08-2024 17:44:51.128Z;functions.bot_text_art;     | ||_|_   
05-08-2024 17:44:51.128Z;functions.bot_text_art;   |___||___|  
05-08-2024 17:44:51.129Z;functions.bot_text_art;               
05-08-2024 17:44:51.135Z;functions.open_RM;  OPEN PROGRAM RM
05-08-2024 17:44:51.135Z;functions.caps;  DESATIVANDO CAPS
05-08-2024 17:44:51.136Z;functions.loggin_RM;  BUSCANDO LOGGIN RM
05-08-2024 17:45:00.597Z;functions.loggin_RM;  ENTER USER_NAME
05-08-2024 17:45:04.685Z;functions.loggin_RM;  ENTER PASSWORD
05-08-2024 17:45:05.597Z;functions.loggin_RM;  ENTER RM
05-08-2024 17:45:26.206Z;functions.enter_coligada;  CLICK CONTEXTO
05-08-2024 17:45:30.206Z;functions.enter_coligada;  CLICK ALTERAR MODULO DO CONTEXTO
05-08-2024 17:45:32.456Z;functions.enter_coligada;  INSERE O COLIGADA CODE = 1
05-08-2024 17:45:32.557Z;functions.enter_coligada;  APERTA TAB PARA PREENCHER O CAMPO COM A STRING: OCEANICA ENGENHARIA E CONSULTORIA S.A.
05-08-2024 17:45:33.831Z;functions.enter_coligada;  CLICK AVANÇAR NOVAMENTE
05-08-2024 17:45:34.738Z;functions.enter_coligada;  CLICK CONCLUIR
05-08-2024 17:45:55.128Z;functions.waitForImage;  TROCA COLIGADA image not found.
05-08-2024 17:46:05.097Z;functions.enter_coligada;  POP UP COLIGADA DESAPARECER
05-08-2024 17:46:05.833Z;functions.check_movimentacao_bancaria;  CLICK - TOTVS - LINHA RM
05-08-2024 17:46:06.988Z;functions.check_movimentacao_bancaria;  CLICK - BACK OFFICE
05-08-2024 17:46:09.363Z;functions.check_movimentacao_bancaria;  CLICK - GESTAO FINANCEIRA
05-08-2024 17:46:09.363Z;functions.movimentacao_bancaria;  AGUARDANDO 1
05-08-2024 17:46:14.050Z;functions.movimentacao_bancaria;  CLICA NA ABA MOVIMENTAÇÃO BANCARIA
05-08-2024 17:46:14.146Z;functions.waitForImage;  IMAGEM BORDERO image found.
05-08-2024 17:46:16.277Z;functions.movimentacao_bancaria;  IMAGEM BORDERO CLICADA.
05-08-2024 17:46:26.410Z;functions.waitForImage;  LICENCAS EXCEDIDAS image not found.
05-08-2024 17:46:27.003Z;functions.movimentacao_bancaria;  ENCONTROU O FILTRO DA MOVIMENTAÇÃO BANCÁRIA
05-08-2024 17:46:27.051Z;functions.movimentacao_bancaria;  CLICA NA ABA SUPERIOR DO FILTRO
05-08-2024 17:46:34.354Z;functions.movimentacao_bancaria;  SELECIONA O FILTRO HOJE
05-08-2024 17:46:39.410Z;functions.waitForImage;  FILTER CLEAN image found.
05-08-2024 17:46:41.527Z;functions.filter_clean;  CLICA NO BOTÃO X DO LIMPA FILTRO
05-08-2024 17:46:56.785Z;functions.waitForImage;  FILTER CLEAN image not found.
05-08-2024 17:47:12.066Z;functions.waitForImage;  FILTER CLEAN image not found.
05-08-2024 17:47:13.113Z;functions.movimentacao_bancaria;  CLICA NA PRIMEIRA LINHA DA TABELA MOVIMENTAÇÃO BANCÁRIA
05-08-2024 17:47:14.081Z;functions.movimentacao_bancaria;  CLICA NA PRIMEIRA LINHA DA TABELA MOVIMENTAÇÃO BANCÁRIA
05-08-2024 17:47:15.288Z;functions.movimentacao_bancaria;  12 PASSOS PARA DIREITA NA TABELA >>
05-08-2024 17:47:16.847Z;functions.movimentacao_bancaria;  HOVER FILTER
05-08-2024 17:47:17.222Z;functions.movimentacao_bancaria;  CLICK FILTER
05-08-2024 17:47:21.527Z;functions.movimentacao_bancaria;  CLICA NO FILTRO  STATUS DA REMESSA
05-08-2024 17:47:23.629Z;functions.movimentacao_bancaria;  APERTA TAB PARA ESCREVER O FILTRO
05-08-2024 17:47:25.731Z;functions.movimentacao_bancaria;  ESCREVE PENDENTE NO FILTRO
05-08-2024 17:47:27.832Z;functions.movimentacao_bancaria;  APERTA ENTER PARA SELECIONAR OS PENDENTES
05-08-2024 17:47:49.644Z;functions.movimentacao_bancaria;  SEM PROCESSAMENTO DE BORDERO PENDENTE
05-08-2024 17:47:59.723Z;functions.waitForImage;  FILTER CLEAN image found.
05-08-2024 17:48:01.839Z;functions.filter_clean;  CLICA NO BOTÃO X DO LIMPA FILTRO
05-08-2024 17:48:17.129Z;functions.waitForImage;  FILTER CLEAN image not found.
05-08-2024 17:48:32.472Z;functions.waitForImage;  FILTER CLEAN image not found.
05-08-2024 17:48:33.488Z;functions.processo_pagamento;  CLICA NA PRIMEIRA LINHA DA TABELA MOVIMENTAÇÃO BANCÁRIA
05-08-2024 17:48:34.925Z;functions.processo_pagamento;  HOVER FILTER
05-08-2024 17:48:35.294Z;functions.processo_pagamento;  CLICK FILTER
05-08-2024 17:48:39.600Z;functions.processo_pagamento;  CLICA NO FILTRO  STATUS DA REMESSA
05-08-2024 17:48:41.701Z;functions.processo_pagamento;  APERTA TAB PARA ESCREVER O FILTRO
05-08-2024 17:48:43.804Z;functions.processo_pagamento;  ESCREVE AUTORIZADO NO FILTRO
05-08-2024 17:48:45.906Z;functions.processo_pagamento;  APERTA ENTER PARA SELECIONAR OS AUTORIZADOS
05-08-2024 17:48:52.400Z;functions.processo_pagamento;  6 PASSOS PARA ESQUERDA NA TABELA <<
05-08-2024 17:48:53.416Z;functions.processo_pagamento;  10 PASSOS PARA cima NA TABELA <<
05-08-2024 17:48:54.925Z;functions.check_user_bot;  Texto extraido 1/1
05-08-2024 17:48:54.925Z;functions.check_user_bot;  Count 1
05-08-2024 17:48:54.925Z;functions.check_user_bot;  Type <class 'int'>
05-08-2024 17:48:57.033Z;functions.check_user_bot;  CHECK USER BOT 1
05-08-2024 17:48:59.034Z;functions.check_user_bot;  smramos
05-08-2024 17:48:59.034Z;functions.check_user_bot;  O USUÁRIO NÃO É INTEGRAÇÃO PARA ESSA REMESSA PARA PARA DE BAIXO
05-08-2024 17:48:59.136Z;functions.check_user_bot;  COUNT1: 0
05-08-2024 17:49:00.238Z;functions.processo_pagamento;  FECHA ABA MOVIMENTAÇÕES BANCÁRIAS
05-08-2024 17:49:01.394Z;functions.enter_contas_a_pagar;  CLICK - TOTVS - LINHA RM
05-08-2024 17:49:02.457Z;functions.enter_contas_a_pagar;  CLICK - BACK OFFICE
05-08-2024 17:49:03.207Z;functions.enter_contas_a_pagar;  CLICK - GESTAO FINANCEIRA
05-08-2024 17:49:08.176Z;functions.enter_contas_a_pagar;  CLICK - CONTAS A PAGAR
05-08-2024 17:49:08.264Z;functions.waitForImage;  LANÇAMENTOS image found.
05-08-2024 17:49:10.370Z;functions.enter_contas_a_pagar;  CLICA EM LANÇAMENTOS
05-08-2024 17:49:25.379Z;functions.waitForImage;  LICENCAS EXCEDIDAS image not found.
05-08-2024 17:49:25.379Z;functions.obter_intervalo_data;  VERIFICANDO A HORA ATUAL 17
05-08-2024 17:49:25.395Z;functions.obter_intervalo_data;  Data Inicial BANCARIA antes da remoção: None
05-08-2024 17:49:25.395Z;functions.obter_intervalo_data;  Data Final BANCARIA antes da remoção: None
05-08-2024 17:49:25.407Z;functions.obter_intervalo_data;  Data Inicial BANCARIA após a remoção: None
05-08-2024 17:49:25.407Z;functions.obter_intervalo_data;  Data Final BANCARIA após a remoção: None
05-08-2024 17:49:25.408Z;functions.obter_intervalo_data;  hoje -  2024-08-05 17:49:25.408422
05-08-2024 17:49:25.408Z;functions.data_filter;  DATA INICIO 07-08-2024
05-08-2024 17:49:25.408Z;functions.data_filter;  DATA FIM 13-08-2024
05-08-2024 17:49:25.409Z;functions.data_filter;  CLICK - SELECIONA A DATA DE QUARTA FEIRA E DA PROXIMA TERÇA
05-08-2024 17:49:25.409Z;functions.data_filter;  QUARTA-FEIRA: 07-08-2024
05-08-2024 17:49:25.409Z;functions.data_filter;  TERCA-FEIRA: 13-08-2024
05-08-2024 17:50:26.316Z;functions.show_exception_and_exit;  'NoneType' object has no attribute 'click'
Traceback (most recent call last):
  File "c:\Projetos_Remessas\Remessa_Bancaria\main.py", line 18, in <module>
    data_filter()
  File "c:\Projetos_Remessas\Remessa_Bancaria\SUBPROGRAMS\functions.py", line 269, in data_filter
    select_filter.click()
    ^^^^^^^^^^^^^^^^^^^
AttributeError: 'NoneType' object has no attribute 'click'
05-08-2024 17:50:26.701Z;functions.show_exception_and_exit;  PRINT SALVO
05-08-2024 17:50:26.825Z;functions.show_exception_and_exit;  RM FECHADO
05-08-2024 17:50:28.551Z;errorhandler.__handle;  Property: Unknown Property name. [1:203: -ms-interpolation-mode]
05-08-2024 17:50:28.566Z;errorhandler.__handle;  Property: Unknown Property name. [1:353: -webkit-font-smoothing]
05-08-2024 17:50:28.578Z;errorhandler.__handle;  Property: Unknown Property name. [1:483: -ms-text-size-adjust]
05-08-2024 17:50:28.578Z;errorhandler.__handle;  Property: Unknown Property name. [1:518: -webkit-text-size-adjust]
05-08-2024 17:50:28.579Z;errorhandler.__handle;  Property: Unknown Property name. [1:612: mso-table-lspace]
05-08-2024 17:50:28.580Z;errorhandler.__handle;  Property: Unknown Property name. [1:642: mso-table-rspace]
05-08-2024 17:50:28.627Z;errorhandler.__handle;  Property: Unknown Property name. [1:4734: mso-hide]
05-08-2024 17:50:28.655Z;errorhandler.__handle;  Property: Unknown Property name. [1:13: -ms-interpolation-mode]
05-08-2024 17:50:28.656Z;errorhandler.__handle;  Property: Unknown Property name. [1:49: -webkit-font-smoothing]
05-08-2024 17:50:28.657Z;errorhandler.__handle;  Property: Unknown Property name. [1:134: -ms-text-size-adjust]
05-08-2024 17:50:28.658Z;errorhandler.__handle;  Property: Unknown Property name. [1:160: -webkit-text-size-adjust]
05-08-2024 17:50:28.659Z;errorhandler.__handle;  Property: Unknown Property name. [1:26: mso-table-lspace]
05-08-2024 17:50:28.660Z;errorhandler.__handle;  Property: Unknown Property name. [1:45: mso-table-rspace]
05-08-2024 17:50:28.671Z;errorhandler.__handle;  Property: Unknown Property name. [1:92: mso-hide]
05-08-2024 17:50:28.675Z;errorhandler.__handle;  Property: No ":" after name found: align-center [1:1: align-center]
05-08-2024 17:50:28.675Z;errorhandler.__handle;  Property: No property value found: align-center [1:1: align-center]
05-08-2024 17:50:28.676Z;errorhandler.__handle;  CSSStyleDeclaration: Syntax Error in Property: align-center
05-08-2024 17:50:28.677Z;errorhandler.__handle;  Property: Unknown Property name. [1:14: -ms-interpolation-mode]
05-08-2024 17:50:32.478Z;functions.show_exception_and_exit;  EMAIL EXCEÇÃO ENVIADO
