10-07-2024 21:00:53.028Z;functions.bot_text_art;      ____   
10-07-2024 21:00:53.028Z;functions.bot_text_art;     [____]    
10-07-2024 21:00:53.028Z;functions.bot_text_art;   |=]()()[=|  
10-07-2024 21:00:53.028Z;functions.bot_text_art;     _\==/__    _____    ____     _        _____    ___   _  __
10-07-2024 21:00:53.028Z;functions.bot_text_art;   |__|   |_|  |  _  \  / ___|   | |      |_   _| / ___| | |/ /
10-07-2024 21:00:53.028Z;functions.bot_text_art;   |_|_/\_|_|  | |  | | | |      | |        | |   | |    | ' / 
10-07-2024 21:00:53.028Z;functions.bot_text_art;   | | __ | |  | |  | | | |      | |        | |   | |    |  <  
10-07-2024 21:00:53.028Z;functions.bot_text_art;   |_|[  ]|_|  | |__| | | |____  | |____   _| |_  | |__  | . \ 
10-07-2024 21:00:53.044Z;functions.bot_text_art;   \_|_||_|_/  |_____/   \_____| |______| |_____| \ ___| |_|\_\
10-07-2024 21:00:53.044Z;functions.bot_text_art;     |_||_|                                                     
10-07-2024 21:00:53.044Z;functions.bot_text_art;     | ||_|_   
10-07-2024 21:00:53.044Z;functions.bot_text_art;   |___||___|  
10-07-2024 21:00:53.044Z;functions.bot_text_art;               
10-07-2024 21:00:53.044Z;functions.open_RM;  OPEN PROGRAM RM
10-07-2024 21:00:53.044Z;functions.caps;  DESATIVANDO CAPS
10-07-2024 21:00:53.060Z;functions.loggin_RM;  BUSCANDO LOGGIN RM
10-07-2024 21:01:12.669Z;functions.loggin_RM;  ENTER USER_NAME
10-07-2024 21:01:17.312Z;functions.loggin_RM;  ENTER PASSWORD
10-07-2024 21:01:18.716Z;functions.loggin_RM;  ENTER RM
10-07-2024 21:08:13.121Z;functions.show_exception_and_exit;  'NoneType' object has no attribute 'click'
Traceback (most recent call last):
  File "C:\Projetos_Remessas\Remessa_Bancaria\main.py", line 15, in <module>
    enter_coligada()
  File "C:\Projetos_Remessas\Remessa_Bancaria\SUBPROGRAMS\functions.py", line 160, in enter_coligada
    click_context.click()
    ^^^^^^^^^^^^^^^^^^^
AttributeError: 'NoneType' object has no attribute 'click'
10-07-2024 21:08:13.371Z;functions.show_exception_and_exit;  PRINT SALVO
10-07-2024 21:08:13.762Z;functions.show_exception_and_exit;  RM FECHADO
10-07-2024 21:08:16.918Z;errorhandler.__handle;  Property: Unknown Property name. [1:203: -ms-interpolation-mode]
10-07-2024 21:08:16.964Z;errorhandler.__handle;  Property: Unknown Property name. [1:353: -webkit-font-smoothing]
10-07-2024 21:08:16.964Z;errorhandler.__handle;  Property: Unknown Property name. [1:483: -ms-text-size-adjust]
10-07-2024 21:08:16.964Z;errorhandler.__handle;  Property: Unknown Property name. [1:518: -webkit-text-size-adjust]
10-07-2024 21:08:16.980Z;errorhandler.__handle;  Property: Unknown Property name. [1:612: mso-table-lspace]
10-07-2024 21:08:16.980Z;errorhandler.__handle;  Property: Unknown Property name. [1:642: mso-table-rspace]
10-07-2024 21:08:17.214Z;errorhandler.__handle;  Property: Unknown Property name. [1:4734: mso-hide]
10-07-2024 21:08:17.324Z;errorhandler.__handle;  Property: Unknown Property name. [1:13: -ms-interpolation-mode]
10-07-2024 21:08:17.324Z;errorhandler.__handle;  Property: Unknown Property name. [1:49: -webkit-font-smoothing]
10-07-2024 21:08:17.324Z;errorhandler.__handle;  Property: Unknown Property name. [1:134: -ms-text-size-adjust]
10-07-2024 21:08:17.324Z;errorhandler.__handle;  Property: Unknown Property name. [1:160: -webkit-text-size-adjust]
10-07-2024 21:08:17.339Z;errorhandler.__handle;  Property: Unknown Property name. [1:26: mso-table-lspace]
10-07-2024 21:08:17.339Z;errorhandler.__handle;  Property: Unknown Property name. [1:45: mso-table-rspace]
10-07-2024 21:08:17.371Z;errorhandler.__handle;  Property: Unknown Property name. [1:92: mso-hide]
10-07-2024 21:08:17.386Z;errorhandler.__handle;  Property: No ":" after name found: align-center [1:1: align-center]
10-07-2024 21:08:17.386Z;errorhandler.__handle;  Property: No property value found: align-center [1:1: align-center]
10-07-2024 21:08:17.386Z;errorhandler.__handle;  CSSStyleDeclaration: Syntax Error in Property: align-center
10-07-2024 21:08:17.386Z;errorhandler.__handle;  Property: Unknown Property name. [1:14: -ms-interpolation-mode]
10-07-2024 21:08:20.043Z;functions.show_exception_and_exit;  EMAIL EXCEÇÃO ENVIADO
