17-01-2024 11:24:48.911Z;functions.bot_text_art;      ____   
17-01-2024 11:24:48.911Z;functions.bot_text_art;     [____]    
17-01-2024 11:24:48.911Z;functions.bot_text_art;   |=]()()[=|  
17-01-2024 11:24:48.911Z;functions.bot_text_art;     _\==/__    _____    ____     _        _____    ___   _  __
17-01-2024 11:24:48.911Z;functions.bot_text_art;   |__|   |_|  |  _  \  / ___|   | |      |_   _| / ___| | |/ /
17-01-2024 11:24:48.911Z;functions.bot_text_art;   |_|_/\_|_|  | |  | | | |      | |        | |   | |    | ' / 
17-01-2024 11:24:48.911Z;functions.bot_text_art;   | | __ | |  | |  | | | |      | |        | |   | |    |  <  
17-01-2024 11:24:48.911Z;functions.bot_text_art;   |_|[  ]|_|  | |__| | | |____  | |____   _| |_  | |__  | . \ 
17-01-2024 11:24:48.911Z;functions.bot_text_art;   \_|_||_|_/  |_____/   \_____| |______| |_____| \ ___| |_|\_\
17-01-2024 11:24:48.911Z;functions.bot_text_art;     |_||_|                                                     
17-01-2024 11:24:48.911Z;functions.bot_text_art;     | ||_|_   
17-01-2024 11:24:48.911Z;functions.bot_text_art;   |___||___|  
17-01-2024 11:24:48.911Z;functions.bot_text_art;               
17-01-2024 11:24:48.911Z;functions.open_RM;  OPEN PROGRAM RM
17-01-2024 11:24:55.270Z;functions.loggin_RM;  ENTER USER_NAME
17-01-2024 11:24:56.094Z;functions.loggin_RM;  ENTER PASSWORD
17-01-2024 11:24:56.789Z;functions.loggin_RM;  ENTER RM
17-01-2024 11:25:24.052Z;functions.enter_coligada;  CLICK CONTEXTO
17-01-2024 11:25:27.989Z;functions.enter_coligada;  CLICK COLIGADA 1
17-01-2024 11:25:29.369Z;functions.enter_coligada;  CLICK AVANÇAR
17-01-2024 11:25:30.958Z;functions.enter_coligada;  INSERE O COLIGADA CODE = 1
17-01-2024 11:25:31.059Z;functions.enter_coligada;  APERTA TAB PARA PREENCHER O CAMPO COM A STRING: OCEANICA ENGENHARIA E CONSULTORIA S.A.
17-01-2024 11:25:31.927Z;functions.enter_coligada;  CLICK AVANÇAR NOVAMENTE
17-01-2024 11:25:32.770Z;functions.enter_coligada;  CLICK CONCLUIR
17-01-2024 11:25:43.130Z;functions.enter_coligada;  POP UP COLIGADA DESAPARECER
17-01-2024 11:25:43.739Z;functions.enter_contas_a_pagar;  CLICK - TOTVS - LINHA RM
17-01-2024 11:25:44.802Z;functions.enter_contas_a_pagar;  CLICK - BACK OFFICE
17-01-2024 11:25:45.520Z;functions.enter_contas_a_pagar;  CLICK - GESTAO FINANCEIRA
17-01-2024 11:25:50.740Z;functions.enter_contas_a_pagar;  CLICK - CONTAS A PAGAR
17-01-2024 11:25:50.833Z;functions.waitForImage;  LANÇAMENTOS image found.
17-01-2024 11:25:52.966Z;functions.enter_contas_a_pagar;  CLICA EM LANÇAMENTOS
17-01-2024 11:26:08.270Z;functions.waitForImage;  LICENCAS EXCEDIDAS image not found.
17-01-2024 11:26:08.270Z;functions.data_filter;  DATA INICIO 17-01-2024
17-01-2024 11:26:08.270Z;functions.data_filter;  DATA FIM 23-01-2024
17-01-2024 11:26:08.270Z;functions.data_filter;  CLICK - SELECIONA A DATA DE QUARTA FEIRA E DA PROXIMA TERÇA
17-01-2024 11:26:08.270Z;functions.data_filter;  QUARTA-FEIRA: 17-01-2024
17-01-2024 11:26:08.270Z;functions.data_filter;  TERCA-FEIRA: 23-01-2024
17-01-2024 11:26:08.937Z;functions.data_filter;  ESCREVE REMESSA BANCÁRIA NO FILTRO
17-01-2024 11:26:10.053Z;functions.data_filter;  CLICK - BUTÃO DE SELECAO DE FILTRO
17-01-2024 11:26:11.869Z;functions.data_filter;  INSERE - DATA DE QUARTA-FEIRA: 17-01-2024
17-01-2024 11:26:13.380Z;functions.data_filter;  INSERE - DATA DA PROX TERCA-FEIRA: 23-01-2024
17-01-2024 11:26:14.020Z;functions.data_filter;  CLICK - BUTÃO DE EXECUTAR O FILTRO
