17-01-2024 11:28:36.536Z;functions.bot_text_art;      ____   
17-01-2024 11:28:36.536Z;functions.bot_text_art;     [____]    
17-01-2024 11:28:36.536Z;functions.bot_text_art;   |=]()()[=|  
17-01-2024 11:28:36.536Z;functions.bot_text_art;     _\==/__    _____    ____     _        _____    ___   _  __
17-01-2024 11:28:36.536Z;functions.bot_text_art;   |__|   |_|  |  _  \  / ___|   | |      |_   _| / ___| | |/ /
17-01-2024 11:28:36.536Z;functions.bot_text_art;   |_|_/\_|_|  | |  | | | |      | |        | |   | |    | ' / 
17-01-2024 11:28:36.536Z;functions.bot_text_art;   | | __ | |  | |  | | | |      | |        | |   | |    |  <  
17-01-2024 11:28:36.536Z;functions.bot_text_art;   |_|[  ]|_|  | |__| | | |____  | |____   _| |_  | |__  | . \ 
17-01-2024 11:28:36.536Z;functions.bot_text_art;   \_|_||_|_/  |_____/   \_____| |______| |_____| \ ___| |_|\_\
17-01-2024 11:28:36.536Z;functions.bot_text_art;     |_||_|                                                     
17-01-2024 11:28:36.536Z;functions.bot_text_art;     | ||_|_   
17-01-2024 11:28:36.536Z;functions.bot_text_art;   |___||___|  
17-01-2024 11:28:36.536Z;functions.bot_text_art;               
17-01-2024 11:28:36.552Z;functions.open_RM;  OPEN PROGRAM RM
17-01-2024 11:28:42.880Z;functions.loggin_RM;  ENTER USER_NAME
17-01-2024 11:28:43.719Z;functions.loggin_RM;  ENTER PASSWORD
17-01-2024 11:28:44.395Z;functions.loggin_RM;  ENTER RM
17-01-2024 11:29:13.272Z;functions.enter_coligada;  CLICK CONTEXTO
17-01-2024 11:29:17.208Z;functions.enter_coligada;  CLICK COLIGADA 1
17-01-2024 11:29:18.583Z;functions.enter_coligada;  CLICK AVANÇAR
17-01-2024 11:29:20.146Z;functions.enter_coligada;  INSERE O COLIGADA CODE = 1
17-01-2024 11:29:20.247Z;functions.enter_coligada;  APERTA TAB PARA PREENCHER O CAMPO COM A STRING: OCEANICA ENGENHARIA E CONSULTORIA S.A.
17-01-2024 11:29:21.208Z;functions.enter_coligada;  CLICK AVANÇAR NOVAMENTE
17-01-2024 11:29:22.083Z;functions.enter_coligada;  CLICK CONCLUIR
17-01-2024 11:29:33.161Z;functions.enter_coligada;  POP UP COLIGADA DESAPARECER
17-01-2024 11:29:33.771Z;functions.enter_contas_a_pagar;  CLICK - TOTVS - LINHA RM
17-01-2024 11:29:34.864Z;functions.enter_contas_a_pagar;  CLICK - BACK OFFICE
17-01-2024 11:29:35.583Z;functions.enter_contas_a_pagar;  CLICK - GESTAO FINANCEIRA
17-01-2024 11:29:40.864Z;functions.enter_contas_a_pagar;  CLICK - CONTAS A PAGAR
17-01-2024 11:29:40.958Z;functions.waitForImage;  LANÇAMENTOS image found.
17-01-2024 11:29:43.090Z;functions.enter_contas_a_pagar;  CLICA EM LANÇAMENTOS
17-01-2024 11:29:58.271Z;functions.waitForImage;  LICENCAS EXCEDIDAS image not found.
17-01-2024 11:29:58.271Z;functions.data_filter;  DATA INICIO 17-01-2024
17-01-2024 11:29:58.271Z;functions.data_filter;  DATA FIM 23-01-2024
17-01-2024 11:29:58.271Z;functions.data_filter;  CLICK - SELECIONA A DATA DE QUARTA FEIRA E DA PROXIMA TERÇA
17-01-2024 11:29:58.271Z;functions.data_filter;  QUARTA-FEIRA: 17-01-2024
17-01-2024 11:29:58.271Z;functions.data_filter;  TERCA-FEIRA: 23-01-2024
17-01-2024 11:29:58.929Z;functions.data_filter;  ESCREVE REMESSA BANCÁRIA NO FILTRO
17-01-2024 11:30:00.085Z;functions.data_filter;  CLICK - BUTÃO DE SELECAO DE FILTRO
17-01-2024 11:30:01.933Z;functions.data_filter;  INSERE - DATA DE QUARTA-FEIRA: 17-01-2024
