17-01-2024 11:57:12.473Z;functions.bot_text_art;      ____   
17-01-2024 11:57:12.473Z;functions.bot_text_art;     [____]    
17-01-2024 11:57:12.473Z;functions.bot_text_art;   |=]()()[=|  
17-01-2024 11:57:12.473Z;functions.bot_text_art;     _\==/__    _____    ____     _        _____    ___   _  __
17-01-2024 11:57:12.473Z;functions.bot_text_art;   |__|   |_|  |  _  \  / ___|   | |      |_   _| / ___| | |/ /
17-01-2024 11:57:12.473Z;functions.bot_text_art;   |_|_/\_|_|  | |  | | | |      | |        | |   | |    | ' / 
17-01-2024 11:57:12.473Z;functions.bot_text_art;   | | __ | |  | |  | | | |      | |        | |   | |    |  <  
17-01-2024 11:57:12.473Z;functions.bot_text_art;   |_|[  ]|_|  | |__| | | |____  | |____   _| |_  | |__  | . \ 
17-01-2024 11:57:12.473Z;functions.bot_text_art;   \_|_||_|_/  |_____/   \_____| |______| |_____| \ ___| |_|\_\
17-01-2024 11:57:12.473Z;functions.bot_text_art;     |_||_|                                                     
17-01-2024 11:57:12.473Z;functions.bot_text_art;     | ||_|_   
17-01-2024 11:57:12.473Z;functions.bot_text_art;   |___||___|  
17-01-2024 11:57:12.473Z;functions.bot_text_art;               
17-01-2024 11:57:12.473Z;functions.open_RM;  OPEN PROGRAM RM
17-01-2024 11:57:19.067Z;functions.loggin_RM;  ENTER USER_NAME
17-01-2024 11:57:19.906Z;functions.loggin_RM;  ENTER PASSWORD
17-01-2024 11:57:20.583Z;functions.loggin_RM;  ENTER RM
17-01-2024 11:57:49.420Z;functions.enter_coligada;  CLICK CONTEXTO
17-01-2024 11:57:53.364Z;functions.enter_coligada;  CLICK COLIGADA 1
17-01-2024 11:57:54.833Z;functions.enter_coligada;  CLICK AVANÇAR
17-01-2024 11:57:56.692Z;functions.enter_coligada;  INSERE O COLIGADA CODE = 1
17-01-2024 11:57:56.794Z;functions.enter_coligada;  APERTA TAB PARA PREENCHER O CAMPO COM A STRING: OCEANICA ENGENHARIA E CONSULTORIA S.A.
17-01-2024 11:57:57.740Z;functions.enter_coligada;  CLICK AVANÇAR NOVAMENTE
17-01-2024 11:57:58.583Z;functions.enter_coligada;  CLICK CONCLUIR
17-01-2024 11:58:08.786Z;functions.enter_coligada;  POP UP COLIGADA DESAPARECER
17-01-2024 11:58:09.396Z;functions.enter_contas_a_pagar;  CLICK - TOTVS - LINHA RM
17-01-2024 11:58:10.489Z;functions.enter_contas_a_pagar;  CLICK - BACK OFFICE
17-01-2024 11:58:12.802Z;functions.enter_contas_a_pagar;  CLICK - GESTAO FINANCEIRA
17-01-2024 11:58:18.239Z;functions.enter_contas_a_pagar;  CLICK - CONTAS A PAGAR
17-01-2024 11:58:18.333Z;functions.waitForImage;  LANÇAMENTOS image found.
17-01-2024 11:58:20.447Z;functions.enter_contas_a_pagar;  CLICA EM LANÇAMENTOS
17-01-2024 11:58:35.614Z;functions.waitForImage;  LICENCAS EXCEDIDAS image not found.
17-01-2024 11:58:35.614Z;functions.data_filter;  DATA INICIO 17-01-2024
17-01-2024 11:58:35.614Z;functions.data_filter;  DATA FIM 23-01-2024
17-01-2024 11:58:35.614Z;functions.data_filter;  CLICK - SELECIONA A DATA DE QUARTA FEIRA E DA PROXIMA TERÇA
17-01-2024 11:58:35.614Z;functions.data_filter;  QUARTA-FEIRA: 17-01-2024
17-01-2024 11:58:35.614Z;functions.data_filter;  TERCA-FEIRA: 23-01-2024
17-01-2024 11:58:36.287Z;functions.data_filter;  ESCREVE REMESSA BANCÁRIA NO FILTRO
17-01-2024 11:58:37.303Z;functions.data_filter;  CLICK - BUTÃO DE SELECAO DE FILTRO
17-01-2024 11:58:39.129Z;functions.data_filter;  INSERE - DATA DE QUARTA-FEIRA: 17-01-2024
17-01-2024 11:58:40.630Z;functions.data_filter;  INSERE - DATA DA PROX TERCA-FEIRA: 23-01-2024
17-01-2024 11:58:41.270Z;functions.data_filter;  CLICK - BUTÃO DE EXECUTAR O FILTRO
17-01-2024 12:01:54.458Z;functions.desmark_filter;  CLICK CHECKBOX LANÇAMENTOS A RECEBER
17-01-2024 12:01:55.302Z;functions.desmark_filter;  CLICK CHECKBOX LANÇAMENTOS BAIXADOS
17-01-2024 12:01:56.364Z;functions.desmark_filter;  CLICK CHECKBOX LANÇAMENTOS CANCELADOS
17-01-2024 12:01:57.302Z;functions.desmark_filter;  CLICK CHECKBOX LANÇAMENTOS FATURADOS
