17-01-2024 12:07:44.598Z;functions.bot_text_art;      ____   
17-01-2024 12:07:44.614Z;functions.bot_text_art;     [____]    
17-01-2024 12:07:44.614Z;functions.bot_text_art;   |=]()()[=|  
17-01-2024 12:07:44.614Z;functions.bot_text_art;     _\==/__    _____    ____     _        _____    ___   _  __
17-01-2024 12:07:44.614Z;functions.bot_text_art;   |__|   |_|  |  _  \  / ___|   | |      |_   _| / ___| | |/ /
17-01-2024 12:07:44.614Z;functions.bot_text_art;   |_|_/\_|_|  | |  | | | |      | |        | |   | |    | ' / 
17-01-2024 12:07:44.614Z;functions.bot_text_art;   | | __ | |  | |  | | | |      | |        | |   | |    |  <  
17-01-2024 12:07:44.614Z;functions.bot_text_art;   |_|[  ]|_|  | |__| | | |____  | |____   _| |_  | |__  | . \ 
17-01-2024 12:07:44.614Z;functions.bot_text_art;   \_|_||_|_/  |_____/   \_____| |______| |_____| \ ___| |_|\_\
17-01-2024 12:07:44.614Z;functions.bot_text_art;     |_||_|                                                     
17-01-2024 12:07:44.614Z;functions.bot_text_art;     | ||_|_   
17-01-2024 12:07:44.614Z;functions.bot_text_art;   |___||___|  
17-01-2024 12:07:44.614Z;functions.bot_text_art;               
17-01-2024 12:07:44.614Z;functions.open_RM;  OPEN PROGRAM RM
17-01-2024 12:07:51.067Z;functions.loggin_RM;  ENTER USER_NAME
17-01-2024 12:07:51.906Z;functions.loggin_RM;  ENTER PASSWORD
17-01-2024 12:07:52.583Z;functions.loggin_RM;  ENTER RM
17-01-2024 12:08:20.458Z;functions.enter_coligada;  CLICK CONTEXTO
17-01-2024 12:08:24.427Z;functions.enter_coligada;  CLICK COLIGADA 1
17-01-2024 12:08:25.897Z;functions.enter_coligada;  CLICK AVANÇAR
17-01-2024 12:08:27.599Z;functions.enter_coligada;  INSERE O COLIGADA CODE = 1
17-01-2024 12:08:27.700Z;functions.enter_coligada;  APERTA TAB PARA PREENCHER O CAMPO COM A STRING: OCEANICA ENGENHARIA E CONSULTORIA S.A.
17-01-2024 12:08:28.614Z;functions.enter_coligada;  CLICK AVANÇAR NOVAMENTE
17-01-2024 12:08:29.458Z;functions.enter_coligada;  CLICK CONCLUIR
17-01-2024 12:08:40.303Z;functions.enter_coligada;  POP UP COLIGADA DESAPARECER
17-01-2024 12:08:40.927Z;functions.enter_contas_a_pagar;  CLICK - TOTVS - LINHA RM
17-01-2024 12:08:42.021Z;functions.enter_contas_a_pagar;  CLICK - BACK OFFICE
17-01-2024 12:08:44.364Z;functions.enter_contas_a_pagar;  CLICK - GESTAO FINANCEIRA
17-01-2024 12:08:49.427Z;functions.enter_contas_a_pagar;  CLICK - CONTAS A PAGAR
17-01-2024 12:08:49.521Z;functions.waitForImage;  LANÇAMENTOS image found.
17-01-2024 12:08:51.627Z;functions.enter_contas_a_pagar;  CLICA EM LANÇAMENTOS
17-01-2024 12:09:06.802Z;functions.waitForImage;  LICENCAS EXCEDIDAS image not found.
17-01-2024 12:09:06.802Z;functions.data_filter;  DATA INICIO 17-01-2024
17-01-2024 12:09:06.802Z;functions.data_filter;  DATA FIM 23-01-2024
17-01-2024 12:09:06.802Z;functions.data_filter;  CLICK - SELECIONA A DATA DE QUARTA FEIRA E DA PROXIMA TERÇA
17-01-2024 12:09:06.802Z;functions.data_filter;  QUARTA-FEIRA: 17-01-2024
17-01-2024 12:09:06.802Z;functions.data_filter;  TERCA-FEIRA: 23-01-2024
17-01-2024 12:09:07.475Z;functions.data_filter;  ESCREVE REMESSA BANCÁRIA NO FILTRO
17-01-2024 12:09:08.553Z;functions.data_filter;  CLICK - BUTÃO DE SELECAO DE FILTRO
17-01-2024 12:09:10.405Z;functions.data_filter;  INSERE - DATA DE QUARTA-FEIRA: 17-01-2024
17-01-2024 12:09:11.927Z;functions.data_filter;  INSERE - DATA DA PROX TERCA-FEIRA: 23-01-2024
17-01-2024 12:09:12.552Z;functions.data_filter;  CLICK - BUTÃO DE EXECUTAR O FILTRO
