17-01-2024 14:13:16.911Z;functions.bot_text_art;      ____   
17-01-2024 14:13:16.927Z;functions.bot_text_art;     [____]    
17-01-2024 14:13:16.927Z;functions.bot_text_art;   |=]()()[=|  
17-01-2024 14:13:16.927Z;functions.bot_text_art;     _\==/__    _____    ____     _        _____    ___   _  __
17-01-2024 14:13:16.927Z;functions.bot_text_art;   |__|   |_|  |  _  \  / ___|   | |      |_   _| / ___| | |/ /
17-01-2024 14:13:16.927Z;functions.bot_text_art;   |_|_/\_|_|  | |  | | | |      | |        | |   | |    | ' / 
17-01-2024 14:13:16.927Z;functions.bot_text_art;   | | __ | |  | |  | | | |      | |        | |   | |    |  <  
17-01-2024 14:13:16.927Z;functions.bot_text_art;   |_|[  ]|_|  | |__| | | |____  | |____   _| |_  | |__  | . \ 
17-01-2024 14:13:16.927Z;functions.bot_text_art;   \_|_||_|_/  |_____/   \_____| |______| |_____| \ ___| |_|\_\
17-01-2024 14:13:16.927Z;functions.bot_text_art;     |_||_|                                                     
17-01-2024 14:13:16.927Z;functions.bot_text_art;     | ||_|_   
17-01-2024 14:13:16.927Z;functions.bot_text_art;   |___||___|  
17-01-2024 14:13:16.927Z;functions.bot_text_art;               
17-01-2024 14:13:16.927Z;functions.open_RM;  OPEN PROGRAM RM
17-01-2024 14:13:23.364Z;functions.loggin_RM;  ENTER USER_NAME
17-01-2024 14:13:24.189Z;functions.loggin_RM;  ENTER PASSWORD
17-01-2024 14:13:24.882Z;functions.loggin_RM;  ENTER RM
17-01-2024 14:13:53.552Z;functions.enter_coligada;  CLICK CONTEXTO
17-01-2024 14:13:57.520Z;functions.enter_coligada;  CLICK COLIGADA 1
17-01-2024 14:13:58.960Z;functions.enter_coligada;  CLICK AVANÇAR
17-01-2024 14:14:00.489Z;functions.enter_coligada;  INSERE O COLIGADA CODE = 1
17-01-2024 14:14:00.590Z;functions.enter_coligada;  APERTA TAB PARA PREENCHER O CAMPO COM A STRING: OCEANICA ENGENHARIA E CONSULTORIA S.A.
17-01-2024 14:14:01.677Z;functions.enter_coligada;  CLICK AVANÇAR NOVAMENTE
17-01-2024 14:14:02.708Z;functions.enter_coligada;  CLICK CONCLUIR
17-01-2024 14:14:14.192Z;functions.enter_coligada;  POP UP COLIGADA DESAPARECER
17-01-2024 14:14:14.802Z;functions.enter_contas_a_pagar;  CLICK - TOTVS - LINHA RM
17-01-2024 14:14:15.895Z;functions.enter_contas_a_pagar;  CLICK - BACK OFFICE
17-01-2024 14:14:16.614Z;functions.enter_contas_a_pagar;  CLICK - GESTAO FINANCEIRA
17-01-2024 14:14:21.958Z;functions.enter_contas_a_pagar;  CLICK - CONTAS A PAGAR
17-01-2024 14:14:22.052Z;functions.waitForImage;  LANÇAMENTOS image found.
17-01-2024 14:14:24.165Z;functions.enter_contas_a_pagar;  CLICA EM LANÇAMENTOS
