17-01-2024 14:18:13.849Z;functions.bot_text_art;      ____   
17-01-2024 14:18:13.849Z;functions.bot_text_art;     [____]    
17-01-2024 14:18:13.849Z;functions.bot_text_art;   |=]()()[=|  
17-01-2024 14:18:13.849Z;functions.bot_text_art;     _\==/__    _____    ____     _        _____    ___   _  __
17-01-2024 14:18:13.849Z;functions.bot_text_art;   |__|   |_|  |  _  \  / ___|   | |      |_   _| / ___| | |/ /
17-01-2024 14:18:13.849Z;functions.bot_text_art;   |_|_/\_|_|  | |  | | | |      | |        | |   | |    | ' / 
17-01-2024 14:18:13.849Z;functions.bot_text_art;   | | __ | |  | |  | | | |      | |        | |   | |    |  <  
17-01-2024 14:18:13.849Z;functions.bot_text_art;   |_|[  ]|_|  | |__| | | |____  | |____   _| |_  | |__  | . \ 
17-01-2024 14:18:13.849Z;functions.bot_text_art;   \_|_||_|_/  |_____/   \_____| |______| |_____| \ ___| |_|\_\
17-01-2024 14:18:13.849Z;functions.bot_text_art;     |_||_|                                                     
17-01-2024 14:18:13.849Z;functions.bot_text_art;     | ||_|_   
17-01-2024 14:18:13.849Z;functions.bot_text_art;   |___||___|  
17-01-2024 14:18:13.849Z;functions.bot_text_art;               
17-01-2024 14:18:13.849Z;functions.open_RM;  OPEN PROGRAM RM
17-01-2024 14:18:20.364Z;functions.loggin_RM;  ENTER USER_NAME
17-01-2024 14:18:21.188Z;functions.loggin_RM;  ENTER PASSWORD
17-01-2024 14:18:21.893Z;functions.loggin_RM;  ENTER RM
17-01-2024 14:18:49.864Z;functions.enter_coligada;  CLICK CONTEXTO
17-01-2024 14:18:53.802Z;functions.enter_coligada;  CLICK COLIGADA 1
17-01-2024 14:18:55.209Z;functions.enter_coligada;  CLICK AVANÇAR
17-01-2024 14:18:56.755Z;functions.enter_coligada;  INSERE O COLIGADA CODE = 1
17-01-2024 14:18:56.856Z;functions.enter_coligada;  APERTA TAB PARA PREENCHER O CAMPO COM A STRING: OCEANICA ENGENHARIA E CONSULTORIA S.A.
17-01-2024 14:18:58.302Z;functions.enter_coligada;  CLICK AVANÇAR NOVAMENTE
17-01-2024 14:18:59.177Z;functions.enter_coligada;  CLICK CONCLUIR
17-01-2024 14:19:10.380Z;functions.enter_coligada;  POP UP COLIGADA DESAPARECER
17-01-2024 14:19:10.989Z;functions.enter_contas_a_pagar;  CLICK - TOTVS - LINHA RM
17-01-2024 14:19:12.083Z;functions.enter_contas_a_pagar;  CLICK - BACK OFFICE
17-01-2024 14:19:12.802Z;functions.enter_contas_a_pagar;  CLICK - GESTAO FINANCEIRA
17-01-2024 14:19:18.020Z;functions.enter_contas_a_pagar;  CLICK - CONTAS A PAGAR
17-01-2024 14:19:18.114Z;functions.waitForImage;  LANÇAMENTOS image found.
17-01-2024 14:19:20.221Z;functions.enter_contas_a_pagar;  CLICA EM LANÇAMENTOS
