17-01-2024 14:22:04.895Z;functions.bot_text_art;      ____   
17-01-2024 14:22:04.895Z;functions.bot_text_art;     [____]    
17-01-2024 14:22:04.895Z;functions.bot_text_art;   |=]()()[=|  
17-01-2024 14:22:04.895Z;functions.bot_text_art;     _\==/__    _____    ____     _        _____    ___   _  __
17-01-2024 14:22:04.911Z;functions.bot_text_art;   |__|   |_|  |  _  \  / ___|   | |      |_   _| / ___| | |/ /
17-01-2024 14:22:04.911Z;functions.bot_text_art;   |_|_/\_|_|  | |  | | | |      | |        | |   | |    | ' / 
17-01-2024 14:22:04.911Z;functions.bot_text_art;   | | __ | |  | |  | | | |      | |        | |   | |    |  <  
17-01-2024 14:22:04.911Z;functions.bot_text_art;   |_|[  ]|_|  | |__| | | |____  | |____   _| |_  | |__  | . \ 
17-01-2024 14:22:04.911Z;functions.bot_text_art;   \_|_||_|_/  |_____/   \_____| |______| |_____| \ ___| |_|\_\
17-01-2024 14:22:04.911Z;functions.bot_text_art;     |_||_|                                                     
17-01-2024 14:22:04.911Z;functions.bot_text_art;     | ||_|_   
17-01-2024 14:22:04.911Z;functions.bot_text_art;   |___||___|  
17-01-2024 14:22:04.911Z;functions.bot_text_art;               
17-01-2024 14:22:04.911Z;functions.open_RM;  OPEN PROGRAM RM
17-01-2024 14:22:11.395Z;functions.loggin_RM;  ENTER USER_NAME
17-01-2024 14:22:12.220Z;functions.loggin_RM;  ENTER PASSWORD
17-01-2024 14:22:12.919Z;functions.loggin_RM;  ENTER RM
17-01-2024 14:22:41.645Z;functions.enter_coligada;  CLICK CONTEXTO
17-01-2024 14:22:45.583Z;functions.enter_coligada;  CLICK COLIGADA 1
17-01-2024 14:22:46.960Z;functions.enter_coligada;  CLICK AVANÇAR
17-01-2024 14:22:48.552Z;functions.enter_coligada;  INSERE O COLIGADA CODE = 1
17-01-2024 14:22:48.661Z;functions.enter_coligada;  APERTA TAB PARA PREENCHER O CAMPO COM A STRING: OCEANICA ENGENHARIA E CONSULTORIA S.A.
17-01-2024 14:22:49.521Z;functions.enter_coligada;  CLICK AVANÇAR NOVAMENTE
17-01-2024 14:22:50.364Z;functions.enter_coligada;  CLICK CONCLUIR
17-01-2024 14:23:01.083Z;functions.enter_coligada;  POP UP COLIGADA DESAPARECER
17-01-2024 14:23:01.708Z;functions.enter_contas_a_pagar;  CLICK - TOTVS - LINHA RM
17-01-2024 14:23:02.833Z;functions.enter_contas_a_pagar;  CLICK - BACK OFFICE
17-01-2024 14:23:03.552Z;functions.enter_contas_a_pagar;  CLICK - GESTAO FINANCEIRA
17-01-2024 14:23:08.677Z;functions.enter_contas_a_pagar;  CLICK - CONTAS A PAGAR
17-01-2024 14:23:08.770Z;functions.waitForImage;  LANÇAMENTOS image found.
17-01-2024 14:23:10.903Z;functions.enter_contas_a_pagar;  CLICA EM LANÇAMENTOS
