17-01-2024 14:25:36.005Z;functions.bot_text_art;      ____   
17-01-2024 14:25:36.005Z;functions.bot_text_art;     [____]    
17-01-2024 14:25:36.005Z;functions.bot_text_art;   |=]()()[=|  
17-01-2024 14:25:36.005Z;functions.bot_text_art;     _\==/__    _____    ____     _        _____    ___   _  __
17-01-2024 14:25:36.005Z;functions.bot_text_art;   |__|   |_|  |  _  \  / ___|   | |      |_   _| / ___| | |/ /
17-01-2024 14:25:36.005Z;functions.bot_text_art;   |_|_/\_|_|  | |  | | | |      | |        | |   | |    | ' / 
17-01-2024 14:25:36.005Z;functions.bot_text_art;   | | __ | |  | |  | | | |      | |        | |   | |    |  <  
17-01-2024 14:25:36.005Z;functions.bot_text_art;   |_|[  ]|_|  | |__| | | |____  | |____   _| |_  | |__  | . \ 
17-01-2024 14:25:36.005Z;functions.bot_text_art;   \_|_||_|_/  |_____/   \_____| |______| |_____| \ ___| |_|\_\
17-01-2024 14:25:36.005Z;functions.bot_text_art;     |_||_|                                                     
17-01-2024 14:25:36.005Z;functions.bot_text_art;     | ||_|_   
17-01-2024 14:25:36.005Z;functions.bot_text_art;   |___||___|  
17-01-2024 14:25:36.005Z;functions.bot_text_art;               
17-01-2024 14:25:36.020Z;functions.open_RM;  OPEN PROGRAM RM
17-01-2024 14:25:42.505Z;functions.loggin_RM;  ENTER USER_NAME
17-01-2024 14:25:43.344Z;functions.loggin_RM;  ENTER PASSWORD
17-01-2024 14:25:44.050Z;functions.loggin_RM;  ENTER RM
17-01-2024 14:26:11.458Z;functions.enter_coligada;  CLICK CONTEXTO
17-01-2024 14:26:15.396Z;functions.enter_coligada;  CLICK COLIGADA 1
17-01-2024 14:26:16.803Z;functions.enter_coligada;  CLICK AVANÇAR
17-01-2024 14:26:18.630Z;functions.enter_coligada;  INSERE O COLIGADA CODE = 1
17-01-2024 14:26:18.732Z;functions.enter_coligada;  APERTA TAB PARA PREENCHER O CAMPO COM A STRING: OCEANICA ENGENHARIA E CONSULTORIA S.A.
17-01-2024 14:26:19.864Z;functions.enter_coligada;  CLICK AVANÇAR NOVAMENTE
17-01-2024 14:26:20.708Z;functions.enter_coligada;  CLICK CONCLUIR
17-01-2024 14:26:31.333Z;functions.enter_coligada;  POP UP COLIGADA DESAPARECER
17-01-2024 14:26:31.958Z;functions.enter_contas_a_pagar;  CLICK - TOTVS - LINHA RM
17-01-2024 14:26:33.052Z;functions.enter_contas_a_pagar;  CLICK - BACK OFFICE
17-01-2024 14:26:33.771Z;functions.enter_contas_a_pagar;  CLICK - GESTAO FINANCEIRA
17-01-2024 14:26:40.239Z;functions.enter_contas_a_pagar;  CLICK - CONTAS A PAGAR
17-01-2024 14:26:40.333Z;functions.waitForImage;  LANÇAMENTOS image found.
17-01-2024 14:26:42.438Z;functions.enter_contas_a_pagar;  CLICA EM LANÇAMENTOS
