17-01-2024 16:17:09.857Z;functions.bot_text_art;      ____   
17-01-2024 16:17:09.857Z;functions.bot_text_art;     [____]    
17-01-2024 16:17:09.857Z;functions.bot_text_art;   |=]()()[=|  
17-01-2024 16:17:09.857Z;functions.bot_text_art;     _\==/__    _____    ____     _        _____    ___   _  __
17-01-2024 16:17:09.857Z;functions.bot_text_art;   |__|   |_|  |  _  \  / ___|   | |      |_   _| / ___| | |/ /
17-01-2024 16:17:09.857Z;functions.bot_text_art;   |_|_/\_|_|  | |  | | | |      | |        | |   | |    | ' / 
17-01-2024 16:17:09.857Z;functions.bot_text_art;   | | __ | |  | |  | | | |      | |        | |   | |    |  <  
17-01-2024 16:17:09.857Z;functions.bot_text_art;   |_|[  ]|_|  | |__| | | |____  | |____   _| |_  | |__  | . \ 
17-01-2024 16:17:09.857Z;functions.bot_text_art;   \_|_||_|_/  |_____/   \_____| |______| |_____| \ ___| |_|\_\
17-01-2024 16:17:09.857Z;functions.bot_text_art;     |_||_|                                                     
17-01-2024 16:17:09.857Z;functions.bot_text_art;     | ||_|_   
17-01-2024 16:17:09.857Z;functions.bot_text_art;   |___||___|  
17-01-2024 16:17:09.857Z;functions.bot_text_art;               
17-01-2024 16:17:09.873Z;functions.open_RM;  OPEN PROGRAM RM
17-01-2024 16:17:16.248Z;functions.loggin_RM;  ENTER USER_NAME
17-01-2024 16:17:17.088Z;functions.loggin_RM;  ENTER PASSWORD
17-01-2024 16:17:17.785Z;functions.loggin_RM;  ENTER RM
17-01-2024 16:17:44.857Z;functions.enter_coligada;  CLICK CONTEXTO
17-01-2024 16:17:48.794Z;functions.enter_coligada;  CLICK COLIGADA 1
17-01-2024 16:17:50.201Z;functions.enter_coligada;  CLICK AVANÇAR
17-01-2024 16:17:51.857Z;functions.enter_coligada;  INSERE O COLIGADA CODE = 1
17-01-2024 16:17:51.958Z;functions.enter_coligada;  APERTA TAB PARA PREENCHER O CAMPO COM A STRING: OCEANICA ENGENHARIA E CONSULTORIA S.A.
17-01-2024 16:17:52.951Z;functions.enter_coligada;  CLICK AVANÇAR NOVAMENTE
17-01-2024 16:17:53.920Z;functions.enter_coligada;  CLICK CONCLUIR
17-01-2024 16:18:04.873Z;functions.enter_coligada;  POP UP COLIGADA DESAPARECER
17-01-2024 16:18:05.482Z;functions.enter_contas_a_pagar;  CLICK - TOTVS - LINHA RM
17-01-2024 16:18:06.576Z;functions.enter_contas_a_pagar;  CLICK - BACK OFFICE
17-01-2024 16:18:07.294Z;functions.enter_contas_a_pagar;  CLICK - GESTAO FINANCEIRA
17-01-2024 16:18:12.357Z;functions.enter_contas_a_pagar;  CLICK - CONTAS A PAGAR
17-01-2024 16:18:12.451Z;functions.waitForImage;  LANÇAMENTOS image found.
17-01-2024 16:18:14.583Z;functions.enter_contas_a_pagar;  CLICA EM LANÇAMENTOS
17-01-2024 16:18:19.669Z;functions.waitForImage;  LICENCAS EXCEDIDAS image found.
17-01-2024 16:18:19.669Z;functions.enter_contas_a_pagar;  LICENCAS EXCEDIDAS
17-01-2024 16:18:19.669Z;functions.enter_contas_a_pagar;  TENTANDO NOVAMENTE - 1
17-01-2024 16:18:39.857Z;functions.waitForImage;  LANÇAMENTOS image found.
17-01-2024 16:18:41.989Z;functions.enter_contas_a_pagar;  CLICA EM LANÇAMENTOS
17-01-2024 16:18:47.076Z;functions.waitForImage;  LICENCAS EXCEDIDAS image found.
17-01-2024 16:18:47.076Z;functions.enter_contas_a_pagar;  LICENCAS EXCEDIDAS
17-01-2024 16:18:47.076Z;functions.enter_contas_a_pagar;  TENTANDO NOVAMENTE - 2
17-01-2024 16:19:07.248Z;functions.waitForImage;  LANÇAMENTOS image found.
17-01-2024 16:19:09.364Z;functions.enter_contas_a_pagar;  CLICA EM LANÇAMENTOS
17-01-2024 16:19:14.451Z;functions.waitForImage;  LICENCAS EXCEDIDAS image found.
17-01-2024 16:19:14.451Z;functions.enter_contas_a_pagar;  LICENCAS EXCEDIDAS
17-01-2024 16:19:14.451Z;functions.enter_contas_a_pagar;  TENTANDO NOVAMENTE - 3
17-01-2024 16:19:34.623Z;functions.waitForImage;  LANÇAMENTOS image found.
17-01-2024 16:19:36.739Z;functions.enter_contas_a_pagar;  CLICA EM LANÇAMENTOS
17-01-2024 16:19:41.826Z;functions.waitForImage;  LICENCAS EXCEDIDAS image found.
17-01-2024 16:19:41.826Z;functions.enter_contas_a_pagar;  LICENCAS EXCEDIDAS
17-01-2024 16:19:41.826Z;functions.enter_contas_a_pagar;  TENTANDO NOVAMENTE - 4
17-01-2024 16:20:01.930Z;functions.data_filter;  DATA INICIO 17-01-2024
17-01-2024 16:20:01.930Z;functions.data_filter;  DATA FIM 23-01-2024
17-01-2024 16:20:01.930Z;functions.data_filter;  CLICK - SELECIONA A DATA DE QUARTA FEIRA E DA PROXIMA TERÇA
17-01-2024 16:20:01.930Z;functions.data_filter;  QUARTA-FEIRA: 17-01-2024
17-01-2024 16:20:01.930Z;functions.data_filter;  TERCA-FEIRA: 23-01-2024
17-01-2024 16:21:04.137Z;functions.data_filter;  ESCREVE REMESSA BANCÁRIA NO FILTRO
17-01-2024 16:21:21.232Z;functions.show_exception_and_exit;  'NoneType' object has no attribute 'click'
Traceback (most recent call last):
  File "C:\Projetos_Remessas\Remessa_Bancaria\main.py", line 15, in <module>
    data_filter()
  File "C:\Projetos_Remessas\Remessa_Bancaria\SUBPROGRAMS\functions.py", line 170, in data_filter
    execute.click()
    ^^^^^^^^^^^^^
AttributeError: 'NoneType' object has no attribute 'click'
