17-01-2024 16:13:57.607Z;functions.bot_text_art;      ____   
17-01-2024 16:13:57.607Z;functions.bot_text_art;     [____]    
17-01-2024 16:13:57.607Z;functions.bot_text_art;   |=]()()[=|  
17-01-2024 16:13:57.607Z;functions.bot_text_art;     _\==/__    _____    ____     _        _____    ___   _  __
17-01-2024 16:13:57.607Z;functions.bot_text_art;   |__|   |_|  |  _  \  / ___|   | |      |_   _| / ___| | |/ /
17-01-2024 16:13:57.607Z;functions.bot_text_art;   |_|_/\_|_|  | |  | | | |      | |        | |   | |    | ' / 
17-01-2024 16:13:57.607Z;functions.bot_text_art;   | | __ | |  | |  | | | |      | |        | |   | |    |  <  
17-01-2024 16:13:57.607Z;functions.bot_text_art;   |_|[  ]|_|  | |__| | | |____  | |____   _| |_  | |__  | . \ 
17-01-2024 16:13:57.607Z;functions.bot_text_art;   \_|_||_|_/  |_____/   \_____| |______| |_____| \ ___| |_|\_\
17-01-2024 16:13:57.607Z;functions.bot_text_art;     |_||_|                                                     
17-01-2024 16:13:57.607Z;functions.bot_text_art;     | ||_|_   
17-01-2024 16:13:57.607Z;functions.bot_text_art;   |___||___|  
17-01-2024 16:13:57.607Z;functions.bot_text_art;               
17-01-2024 16:13:57.607Z;functions.open_RM;  OPEN PROGRAM RM
17-01-2024 16:14:03.966Z;functions.loggin_RM;  ENTER USER_NAME
17-01-2024 16:14:04.809Z;functions.loggin_RM;  ENTER PASSWORD
17-01-2024 16:14:05.505Z;functions.loggin_RM;  ENTER RM
17-01-2024 16:14:33.888Z;functions.enter_coligada;  CLICK CONTEXTO
17-01-2024 16:14:37.826Z;functions.enter_coligada;  CLICK COLIGADA 1
17-01-2024 16:14:39.234Z;functions.enter_coligada;  CLICK AVANÇAR
17-01-2024 16:14:40.779Z;functions.enter_coligada;  INSERE O COLIGADA CODE = 1
17-01-2024 16:14:40.881Z;functions.enter_coligada;  APERTA TAB PARA PREENCHER O CAMPO COM A STRING: OCEANICA ENGENHARIA E CONSULTORIA S.A.
17-01-2024 16:14:41.794Z;functions.enter_coligada;  CLICK AVANÇAR NOVAMENTE
17-01-2024 16:14:42.701Z;functions.enter_coligada;  CLICK CONCLUIR
17-01-2024 16:14:54.185Z;functions.enter_coligada;  POP UP COLIGADA DESAPARECER
17-01-2024 16:14:54.795Z;functions.enter_contas_a_pagar;  CLICK - TOTVS - LINHA RM
17-01-2024 16:14:55.857Z;functions.enter_contas_a_pagar;  CLICK - BACK OFFICE
17-01-2024 16:14:56.576Z;functions.enter_contas_a_pagar;  CLICK - GESTAO FINANCEIRA
17-01-2024 16:15:01.826Z;functions.enter_contas_a_pagar;  CLICK - CONTAS A PAGAR
17-01-2024 16:15:01.919Z;functions.waitForImage;  LANÇAMENTOS image found.
17-01-2024 16:15:04.052Z;functions.enter_contas_a_pagar;  CLICA EM LANÇAMENTOS
17-01-2024 16:15:19.241Z;functions.waitForImage;  LICENCAS EXCEDIDAS image not found.
17-01-2024 16:15:19.242Z;functions.data_filter;  DATA INICIO 17-01-2024
17-01-2024 16:15:19.242Z;functions.data_filter;  DATA FIM 23-01-2024
17-01-2024 16:15:19.242Z;functions.data_filter;  CLICK - SELECIONA A DATA DE QUARTA FEIRA E DA PROXIMA TERÇA
17-01-2024 16:15:19.242Z;functions.data_filter;  QUARTA-FEIRA: 17-01-2024
17-01-2024 16:15:19.242Z;functions.data_filter;  TERCA-FEIRA: 23-01-2024
