17-01-2024 16:27:55.310Z;functions.bot_text_art;      ____   
17-01-2024 16:27:55.310Z;functions.bot_text_art;     [____]    
17-01-2024 16:27:55.310Z;functions.bot_text_art;   |=]()()[=|  
17-01-2024 16:27:55.310Z;functions.bot_text_art;     _\==/__    _____    ____     _        _____    ___   _  __
17-01-2024 16:27:55.310Z;functions.bot_text_art;   |__|   |_|  |  _  \  / ___|   | |      |_   _| / ___| | |/ /
17-01-2024 16:27:55.310Z;functions.bot_text_art;   |_|_/\_|_|  | |  | | | |      | |        | |   | |    | ' / 
17-01-2024 16:27:55.310Z;functions.bot_text_art;   | | __ | |  | |  | | | |      | |        | |   | |    |  <  
17-01-2024 16:27:55.310Z;functions.bot_text_art;   |_|[  ]|_|  | |__| | | |____  | |____   _| |_  | |__  | . \ 
17-01-2024 16:27:55.310Z;functions.bot_text_art;   \_|_||_|_/  |_____/   \_____| |______| |_____| \ ___| |_|\_\
17-01-2024 16:27:55.310Z;functions.bot_text_art;     |_||_|                                                     
17-01-2024 16:27:55.310Z;functions.bot_text_art;     | ||_|_   
17-01-2024 16:27:55.326Z;functions.bot_text_art;   |___||___|  
17-01-2024 16:27:55.326Z;functions.bot_text_art;               
17-01-2024 16:27:55.326Z;functions.open_RM;  OPEN PROGRAM RM
17-01-2024 16:28:02.419Z;functions.loggin_RM;  ENTER USER_NAME
17-01-2024 16:28:03.274Z;functions.loggin_RM;  ENTER PASSWORD
17-01-2024 16:28:03.967Z;functions.loggin_RM;  ENTER RM
17-01-2024 16:28:32.920Z;functions.enter_coligada;  CLICK CONTEXTO
17-01-2024 16:28:36.888Z;functions.enter_coligada;  CLICK COLIGADA 1
17-01-2024 16:28:38.357Z;functions.enter_coligada;  CLICK AVANÇAR
17-01-2024 16:28:40.013Z;functions.enter_coligada;  INSERE O COLIGADA CODE = 1
17-01-2024 16:28:40.115Z;functions.enter_coligada;  APERTA TAB PARA PREENCHER O CAMPO COM A STRING: OCEANICA ENGENHARIA E CONSULTORIA S.A.
17-01-2024 16:28:41.107Z;functions.enter_coligada;  CLICK AVANÇAR NOVAMENTE
17-01-2024 16:28:42.107Z;functions.enter_coligada;  CLICK CONCLUIR
17-01-2024 16:28:53.982Z;functions.enter_coligada;  POP UP COLIGADA DESAPARECER
17-01-2024 16:28:54.607Z;functions.enter_contas_a_pagar;  CLICK - TOTVS - LINHA RM
17-01-2024 16:28:55.701Z;functions.enter_contas_a_pagar;  CLICK - BACK OFFICE
17-01-2024 16:28:56.419Z;functions.enter_contas_a_pagar;  CLICK - GESTAO FINANCEIRA
17-01-2024 16:29:01.169Z;functions.enter_contas_a_pagar;  CLICK - CONTAS A PAGAR
17-01-2024 16:29:01.263Z;functions.waitForImage;  LANÇAMENTOS image found.
17-01-2024 16:29:03.395Z;functions.enter_contas_a_pagar;  CLICA EM LANÇAMENTOS
17-01-2024 16:29:18.576Z;functions.waitForImage;  LICENCAS EXCEDIDAS image not found.
17-01-2024 16:29:18.576Z;functions.data_filter;  DATA INICIO 17-01-2024
17-01-2024 16:29:18.576Z;functions.data_filter;  DATA FIM 23-01-2024
17-01-2024 16:29:18.576Z;functions.data_filter;  CLICK - SELECIONA A DATA DE QUARTA FEIRA E DA PROXIMA TERÇA
17-01-2024 16:29:18.576Z;functions.data_filter;  QUARTA-FEIRA: 17-01-2024
17-01-2024 16:29:18.576Z;functions.data_filter;  TERCA-FEIRA: 23-01-2024
17-01-2024 16:29:19.249Z;functions.data_filter;  ESCREVE REMESSA BANCÁRIA NO FILTRO
17-01-2024 16:29:20.296Z;functions.data_filter;  CLICK - BUTÃO DE SELECAO DE FILTRO
17-01-2024 16:29:22.147Z;functions.data_filter;  INSERE - DATA DE QUARTA-FEIRA: 17-01-2024
17-01-2024 16:29:23.669Z;functions.data_filter;  INSERE - DATA DA PROX TERCA-FEIRA: 23-01-2024
17-01-2024 16:29:24.295Z;functions.data_filter;  CLICK - BUTÃO DE EXECUTAR O FILTRO
