17-01-2024 16:25:32.748Z;functions.bot_text_art;      ____   
17-01-2024 16:25:32.748Z;functions.bot_text_art;     [____]    
17-01-2024 16:25:32.748Z;functions.bot_text_art;   |=]()()[=|  
17-01-2024 16:25:32.748Z;functions.bot_text_art;     _\==/__    _____    ____     _        _____    ___   _  __
17-01-2024 16:25:32.748Z;functions.bot_text_art;   |__|   |_|  |  _  \  / ___|   | |      |_   _| / ___| | |/ /
17-01-2024 16:25:32.748Z;functions.bot_text_art;   |_|_/\_|_|  | |  | | | |      | |        | |   | |    | ' / 
17-01-2024 16:25:32.748Z;functions.bot_text_art;   | | __ | |  | |  | | | |      | |        | |   | |    |  <  
17-01-2024 16:25:32.748Z;functions.bot_text_art;   |_|[  ]|_|  | |__| | | |____  | |____   _| |_  | |__  | . \ 
17-01-2024 16:25:32.748Z;functions.bot_text_art;   \_|_||_|_/  |_____/   \_____| |______| |_____| \ ___| |_|\_\
17-01-2024 16:25:32.748Z;functions.bot_text_art;     |_||_|                                                     
17-01-2024 16:25:32.748Z;functions.bot_text_art;     | ||_|_   
17-01-2024 16:25:32.748Z;functions.bot_text_art;   |___||___|  
17-01-2024 16:25:32.748Z;functions.bot_text_art;               
17-01-2024 16:25:32.748Z;functions.open_RM;  OPEN PROGRAM RM
17-01-2024 16:25:39.607Z;functions.loggin_RM;  ENTER USER_NAME
17-01-2024 16:25:40.431Z;functions.loggin_RM;  ENTER PASSWORD
17-01-2024 16:25:41.107Z;functions.loggin_RM;  ENTER RM
17-01-2024 16:26:09.013Z;functions.enter_coligada;  CLICK CONTEXTO
17-01-2024 16:26:12.951Z;functions.enter_coligada;  CLICK COLIGADA 1
17-01-2024 16:26:14.327Z;functions.enter_coligada;  CLICK AVANÇAR
17-01-2024 16:26:15.920Z;functions.enter_coligada;  INSERE O COLIGADA CODE = 1
17-01-2024 16:26:16.021Z;functions.enter_coligada;  APERTA TAB PARA PREENCHER O CAMPO COM A STRING: OCEANICA ENGENHARIA E CONSULTORIA S.A.
17-01-2024 16:26:16.982Z;functions.enter_coligada;  CLICK AVANÇAR NOVAMENTE
17-01-2024 16:26:17.857Z;functions.enter_coligada;  CLICK CONCLUIR
17-01-2024 16:26:28.169Z;functions.enter_coligada;  POP UP COLIGADA DESAPARECER
17-01-2024 16:26:28.794Z;functions.enter_contas_a_pagar;  CLICK - TOTVS - LINHA RM
17-01-2024 16:26:29.888Z;functions.enter_contas_a_pagar;  CLICK - BACK OFFICE
17-01-2024 16:26:30.607Z;functions.enter_contas_a_pagar;  CLICK - GESTAO FINANCEIRA
17-01-2024 16:26:37.420Z;functions.enter_contas_a_pagar;  CLICK - CONTAS A PAGAR
17-01-2024 16:26:37.513Z;functions.waitForImage;  LANÇAMENTOS image found.
17-01-2024 16:26:39.646Z;functions.enter_contas_a_pagar;  CLICA EM LANÇAMENTOS
17-01-2024 16:26:54.826Z;functions.waitForImage;  LICENCAS EXCEDIDAS image not found.
17-01-2024 16:26:54.826Z;functions.data_filter;  DATA INICIO 17-01-2024
17-01-2024 16:26:54.826Z;functions.data_filter;  DATA FIM 23-01-2024
17-01-2024 16:26:54.826Z;functions.data_filter;  CLICK - SELECIONA A DATA DE QUARTA FEIRA E DA PROXIMA TERÇA
17-01-2024 16:26:54.826Z;functions.data_filter;  QUARTA-FEIRA: 17-01-2024
17-01-2024 16:26:54.826Z;functions.data_filter;  TERCA-FEIRA: 23-01-2024
17-01-2024 16:26:55.498Z;functions.data_filter;  ESCREVE REMESSA BANCÁRIA NO FILTRO
17-01-2024 16:26:56.608Z;functions.data_filter;  CLICK - BUTÃO DE SELECAO DE FILTRO
17-01-2024 16:26:58.453Z;functions.data_filter;  INSERE - DATA DE QUARTA-FEIRA: 17-01-2024
17-01-2024 16:26:59.935Z;functions.data_filter;  INSERE - DATA DA PROX TERCA-FEIRA: 23-01-2024
17-01-2024 16:27:00.576Z;functions.data_filter;  CLICK - BUTÃO DE EXECUTAR O FILTRO
