17-01-2024 16:31:01.466Z;functions.bot_text_art;      ____   
17-01-2024 16:31:01.466Z;functions.bot_text_art;     [____]    
17-01-2024 16:31:01.466Z;functions.bot_text_art;   |=]()()[=|  
17-01-2024 16:31:01.466Z;functions.bot_text_art;     _\==/__    _____    ____     _        _____    ___   _  __
17-01-2024 16:31:01.466Z;functions.bot_text_art;   |__|   |_|  |  _  \  / ___|   | |      |_   _| / ___| | |/ /
17-01-2024 16:31:01.466Z;functions.bot_text_art;   |_|_/\_|_|  | |  | | | |      | |        | |   | |    | ' / 
17-01-2024 16:31:01.466Z;functions.bot_text_art;   | | __ | |  | |  | | | |      | |        | |   | |    |  <  
17-01-2024 16:31:01.466Z;functions.bot_text_art;   |_|[  ]|_|  | |__| | | |____  | |____   _| |_  | |__  | . \ 
17-01-2024 16:31:01.466Z;functions.bot_text_art;   \_|_||_|_/  |_____/   \_____| |______| |_____| \ ___| |_|\_\
17-01-2024 16:31:01.466Z;functions.bot_text_art;     |_||_|                                                     
17-01-2024 16:31:01.466Z;functions.bot_text_art;     | ||_|_   
17-01-2024 16:31:01.466Z;functions.bot_text_art;   |___||___|  
17-01-2024 16:31:01.466Z;functions.bot_text_art;               
17-01-2024 16:31:01.482Z;functions.open_RM;  OPEN PROGRAM RM
17-01-2024 16:31:07.576Z;functions.loggin_RM;  ENTER USER_NAME
17-01-2024 16:31:08.399Z;functions.loggin_RM;  ENTER PASSWORD
17-01-2024 16:31:09.093Z;functions.loggin_RM;  ENTER RM
17-01-2024 16:31:36.294Z;functions.enter_coligada;  CLICK CONTEXTO
17-01-2024 16:31:40.294Z;functions.enter_coligada;  CLICK COLIGADA 1
17-01-2024 16:31:41.670Z;functions.enter_coligada;  CLICK AVANÇAR
17-01-2024 16:31:43.373Z;functions.enter_coligada;  INSERE O COLIGADA CODE = 1
17-01-2024 16:31:43.474Z;functions.enter_coligada;  APERTA TAB PARA PREENCHER O CAMPO COM A STRING: OCEANICA ENGENHARIA E CONSULTORIA S.A.
17-01-2024 16:31:44.357Z;functions.enter_coligada;  CLICK AVANÇAR NOVAMENTE
17-01-2024 16:31:45.138Z;functions.enter_coligada;  CLICK CONCLUIR
17-01-2024 16:31:55.638Z;functions.enter_coligada;  POP UP COLIGADA DESAPARECER
17-01-2024 16:31:56.263Z;functions.enter_contas_a_pagar;  CLICK - TOTVS - LINHA RM
17-01-2024 16:31:57.357Z;functions.enter_contas_a_pagar;  CLICK - BACK OFFICE
17-01-2024 16:31:58.076Z;functions.enter_contas_a_pagar;  CLICK - GESTAO FINANCEIRA
17-01-2024 16:32:02.982Z;functions.enter_contas_a_pagar;  CLICK - CONTAS A PAGAR
17-01-2024 16:32:03.654Z;functions.waitForImage;  LANÇAMENTOS image found.
17-01-2024 16:32:05.771Z;functions.enter_contas_a_pagar;  CLICA EM LANÇAMENTOS
