17-01-2024 16:36:32.904Z;functions.bot_text_art;      ____   
17-01-2024 16:36:32.904Z;functions.bot_text_art;     [____]    
17-01-2024 16:36:32.904Z;functions.bot_text_art;   |=]()()[=|  
17-01-2024 16:36:32.904Z;functions.bot_text_art;     _\==/__    _____    ____     _        _____    ___   _  __
17-01-2024 16:36:32.904Z;functions.bot_text_art;   |__|   |_|  |  _  \  / ___|   | |      |_   _| / ___| | |/ /
17-01-2024 16:36:32.904Z;functions.bot_text_art;   |_|_/\_|_|  | |  | | | |      | |        | |   | |    | ' / 
17-01-2024 16:36:32.904Z;functions.bot_text_art;   | | __ | |  | |  | | | |      | |        | |   | |    |  <  
17-01-2024 16:36:32.904Z;functions.bot_text_art;   |_|[  ]|_|  | |__| | | |____  | |____   _| |_  | |__  | . \ 
17-01-2024 16:36:32.904Z;functions.bot_text_art;   \_|_||_|_/  |_____/   \_____| |______| |_____| \ ___| |_|\_\
17-01-2024 16:36:32.904Z;functions.bot_text_art;     |_||_|                                                     
17-01-2024 16:36:32.904Z;functions.bot_text_art;     | ||_|_   
17-01-2024 16:36:32.904Z;functions.bot_text_art;   |___||___|  
17-01-2024 16:36:32.904Z;functions.bot_text_art;               
17-01-2024 16:36:32.919Z;functions.open_RM;  OPEN PROGRAM RM
17-01-2024 16:36:40.810Z;functions.loggin_RM;  ENTER USER_NAME
17-01-2024 16:36:41.618Z;functions.loggin_RM;  ENTER PASSWORD
17-01-2024 16:36:42.314Z;functions.loggin_RM;  ENTER RM
17-01-2024 16:37:11.794Z;functions.enter_coligada;  CLICK CONTEXTO
17-01-2024 16:37:15.732Z;functions.enter_coligada;  CLICK COLIGADA 1
17-01-2024 16:37:17.171Z;functions.enter_coligada;  CLICK AVANÇAR
17-01-2024 16:37:18.826Z;functions.enter_coligada;  INSERE O COLIGADA CODE = 1
17-01-2024 16:37:18.927Z;functions.enter_coligada;  APERTA TAB PARA PREENCHER O CAMPO COM A STRING: OCEANICA ENGENHARIA E CONSULTORIA S.A.
17-01-2024 16:37:20.013Z;functions.enter_coligada;  CLICK AVANÇAR NOVAMENTE
17-01-2024 16:37:20.920Z;functions.enter_coligada;  CLICK CONCLUIR
17-01-2024 16:37:32.154Z;functions.enter_coligada;  POP UP COLIGADA DESAPARECER
17-01-2024 16:37:32.763Z;functions.enter_contas_a_pagar;  CLICK - TOTVS - LINHA RM
17-01-2024 16:37:33.857Z;functions.enter_contas_a_pagar;  CLICK - BACK OFFICE
17-01-2024 16:37:34.576Z;functions.enter_contas_a_pagar;  CLICK - GESTAO FINANCEIRA
17-01-2024 16:37:40.701Z;functions.enter_contas_a_pagar;  CLICK - CONTAS A PAGAR
17-01-2024 16:37:40.794Z;functions.waitForImage;  LANÇAMENTOS image found.
17-01-2024 16:37:42.899Z;functions.enter_contas_a_pagar;  CLICA EM LANÇAMENTOS
17-01-2024 16:37:58.053Z;functions.waitForImage;  LICENCAS EXCEDIDAS image not found.
17-01-2024 16:37:58.054Z;functions.data_filter;  DATA INICIO 17-01-2024
17-01-2024 16:37:58.054Z;functions.data_filter;  DATA FIM 23-01-2024
17-01-2024 16:37:58.054Z;functions.data_filter;  CLICK - SELECIONA A DATA DE QUARTA FEIRA E DA PROXIMA TERÇA
17-01-2024 16:37:58.055Z;functions.data_filter;  QUARTA-FEIRA: 17-01-2024
17-01-2024 16:37:58.055Z;functions.data_filter;  TERCA-FEIRA: 23-01-2024
