17-01-2024 16:48:33.201Z;functions.bot_text_art;      ____   
17-01-2024 16:48:33.201Z;functions.bot_text_art;     [____]    
17-01-2024 16:48:33.201Z;functions.bot_text_art;   |=]()()[=|  
17-01-2024 16:48:33.201Z;functions.bot_text_art;     _\==/__    _____    ____     _        _____    ___   _  __
17-01-2024 16:48:33.201Z;functions.bot_text_art;   |__|   |_|  |  _  \  / ___|   | |      |_   _| / ___| | |/ /
17-01-2024 16:48:33.201Z;functions.bot_text_art;   |_|_/\_|_|  | |  | | | |      | |        | |   | |    | ' / 
17-01-2024 16:48:33.201Z;functions.bot_text_art;   | | __ | |  | |  | | | |      | |        | |   | |    |  <  
17-01-2024 16:48:33.201Z;functions.bot_text_art;   |_|[  ]|_|  | |__| | | |____  | |____   _| |_  | |__  | . \ 
17-01-2024 16:48:33.201Z;functions.bot_text_art;   \_|_||_|_/  |_____/   \_____| |______| |_____| \ ___| |_|\_\
17-01-2024 16:48:33.201Z;functions.bot_text_art;     |_||_|                                                     
17-01-2024 16:48:33.201Z;functions.bot_text_art;     | ||_|_   
17-01-2024 16:48:33.201Z;functions.bot_text_art;   |___||___|  
17-01-2024 16:48:33.201Z;functions.bot_text_art;               
17-01-2024 16:48:33.201Z;functions.open_RM;  OPEN PROGRAM RM
17-01-2024 16:48:38.701Z;functions.loggin_RM;  ENTER USER_NAME
17-01-2024 16:48:39.524Z;functions.loggin_RM;  ENTER PASSWORD
17-01-2024 16:48:40.225Z;functions.loggin_RM;  ENTER RM
17-01-2024 16:49:04.451Z;functions.enter_coligada;  CLICK CONTEXTO
17-01-2024 16:49:08.388Z;functions.enter_coligada;  CLICK COLIGADA 1
17-01-2024 16:49:09.794Z;functions.enter_coligada;  CLICK AVANÇAR
17-01-2024 16:49:11.357Z;functions.enter_coligada;  INSERE O COLIGADA CODE = 1
17-01-2024 16:49:11.458Z;functions.enter_coligada;  APERTA TAB PARA PREENCHER O CAMPO COM A STRING: OCEANICA ENGENHARIA E CONSULTORIA S.A.
17-01-2024 16:49:12.357Z;functions.enter_coligada;  CLICK AVANÇAR NOVAMENTE
17-01-2024 16:49:13.263Z;functions.enter_coligada;  CLICK CONCLUIR
17-01-2024 16:49:24.248Z;functions.enter_coligada;  POP UP COLIGADA DESAPARECER
17-01-2024 16:49:24.857Z;functions.enter_contas_a_pagar;  CLICK - TOTVS - LINHA RM
17-01-2024 16:49:25.951Z;functions.enter_contas_a_pagar;  CLICK - BACK OFFICE
17-01-2024 16:49:26.669Z;functions.enter_contas_a_pagar;  CLICK - GESTAO FINANCEIRA
17-01-2024 16:49:32.045Z;functions.enter_contas_a_pagar;  CLICK - CONTAS A PAGAR
17-01-2024 16:49:32.138Z;functions.waitForImage;  LANÇAMENTOS image found.
17-01-2024 16:49:34.271Z;functions.enter_contas_a_pagar;  CLICA EM LANÇAMENTOS
17-01-2024 16:49:49.466Z;functions.waitForImage;  LICENCAS EXCEDIDAS image not found.
17-01-2024 16:49:49.466Z;functions.enter_contas_a_pagar;  LICENCAS EXCEDIDAS
17-01-2024 16:49:49.466Z;functions.enter_contas_a_pagar;  TENTANDO NOVAMENTE - 1
17-01-2024 16:50:09.654Z;functions.waitForImage;  LANÇAMENTOS image found.
17-01-2024 16:50:11.771Z;functions.enter_contas_a_pagar;  CLICA EM LANÇAMENTOS
17-01-2024 16:50:26.951Z;functions.waitForImage;  LICENCAS EXCEDIDAS image not found.
17-01-2024 16:50:26.951Z;functions.enter_contas_a_pagar;  LICENCAS EXCEDIDAS
17-01-2024 16:50:26.951Z;functions.enter_contas_a_pagar;  TENTANDO NOVAMENTE - 2
17-01-2024 16:50:27.054Z;functions.enter_contas_a_pagar;  ENVIANDO EMAIL DE ERRO
17-01-2024 16:50:29.107Z;errorhandler.__handle;  Selector: Unexpected CHAR. [1:1: <]
17-01-2024 16:50:29.107Z;errorhandler.__handle;  Selector: Unexpected CHAR. [1:122: <]
17-01-2024 16:50:29.107Z;errorhandler.__handle;  Selector: Unexpected CHAR. [1:163: <]
17-01-2024 16:50:29.107Z;errorhandler.__handle;  SelectorList: Invalid Selector: <br>        /* -------------------------------------          GLOBAL RESETS      ------------------------------------- */<br>        /*All the styling goes here*/<br>        img 
17-01-2024 16:50:29.107Z;errorhandler.__handle;  CSSStyleDeclaration: Unexpected token, ignoring upto '<br>                {<br>                border: none;<br>                -ms-interpolation-mode: bicubic;<br>                max-width: 100%;<br>            }<br>        '. [1:180: <]
17-01-2024 16:50:29.107Z;errorhandler.__handle;  Selector: Unexpected CHAR. [1:352: <]
17-01-2024 16:50:29.107Z;errorhandler.__handle;  Selector: Unexpected CHAR. [1:356: <]
17-01-2024 16:50:29.107Z;errorhandler.__handle;  SelectorList: Invalid Selector: <br><br>        body 
17-01-2024 16:50:29.107Z;errorhandler.__handle;  CSSStyleDeclaration: Unexpected token, ignoring upto '<br>                {<br>                background-color: #f6f6f6;<br>                font-family: sans-serif;<br>                -webkit-font-smoothing: antialiased;<br>                font-size: 14px;<br>                line-height: 1.4;<br>                margin: 0;<br>                padding: 0;<br>                -ms-text-size-adjust: 100%;<br>                -webkit-text-size-adjust: 100%;<br>            }<br>        '. [1:374: <]
17-01-2024 16:50:29.107Z;errorhandler.__handle;  Selector: Unexpected CHAR. [1:803: <]
17-01-2024 16:50:29.107Z;errorhandler.__handle;  Selector: Unexpected CHAR. [1:807: <]
17-01-2024 16:50:29.107Z;errorhandler.__handle;  SelectorList: Invalid Selector: <br><br>        table 
17-01-2024 16:50:29.107Z;errorhandler.__handle;  CSSStyleDeclaration: Unexpected token, ignoring upto '<br>                {<br>                border-collapse: separate;<br>                mso-table-lspace: 0pt;<br>                mso-table-rspace: 0pt;<br>                width: 100%;<br>            }<br>        '. [1:826: <]
17-01-2024 16:50:29.107Z;errorhandler.__handle;  Selector: Unexpected CHAR. [1:1039: <]
17-01-2024 16:50:29.123Z;errorhandler.__handle;  Selector: Unexpected CHAR. [1:1043: <]
17-01-2024 16:50:29.123Z;errorhandler.__handle;  SelectorList: Invalid Selector: <br><br>        table td 
17-01-2024 16:50:29.123Z;errorhandler.__handle;  CSSStyleDeclaration: Unexpected token, ignoring upto '<br>                {<br>                font-family: sans-serif;<br>                font-size: 14px;<br>                vertical-align: top;<br>            }<br>        '. [1:1065: <]
17-01-2024 16:50:29.123Z;errorhandler.__handle;  Selector: Unexpected CHAR. [1:1236: <]
17-01-2024 16:50:29.123Z;errorhandler.__handle;  Selector: Unexpected CHAR. [1:1240: <]
17-01-2024 16:50:29.123Z;errorhandler.__handle;  Selector: Unexpected CHAR. [1:1364: <]
17-01-2024 16:50:29.123Z;errorhandler.__handle;  SelectorList: Invalid Selector: <br><br>        /* -------------------------------------          BODY & CONTAINER      ------------------------------------- */<br>        .body 
17-01-2024 16:50:29.123Z;errorhandler.__handle;  CSSStyleDeclaration: Unexpected token, ignoring upto '<br>                {<br>                background-color: #f6f6f6;<br>                width: 100%;<br>            }<br>        '. [1:1383: <]
17-01-2024 16:50:29.123Z;errorhandler.__handle;  Selector: Unexpected CHAR. [1:1512: <]
17-01-2024 16:50:29.123Z;errorhandler.__handle;  Selector: Unexpected CHAR. [1:1516: <]
17-01-2024 16:50:29.123Z;errorhandler.__handle;  Selector: Unexpected CHAR. [1:1677: <]
17-01-2024 16:50:29.123Z;errorhandler.__handle;  SelectorList: Invalid Selector: <br><br>        /* Set a max-width, and make it display as block so it will automatically stretch to that width, but will also shrink down on a phone or something */<br>        .container 
17-01-2024 16:50:29.123Z;errorhandler.__handle;  CSSStyleDeclaration: Unexpected token, ignoring upto '<br>                {<br>                display: block;<br>                margin: 0 auto !important;<br>                /* makes it centered */<br>                max-width: 580px;<br>                padding: 10px;<br>                width: 580px;<br>            }<br>        '. [1:1701: <]
17-01-2024 16:50:29.123Z;errorhandler.__handle;  Selector: Unexpected CHAR. [1:1980: <]
17-01-2024 16:50:29.123Z;errorhandler.__handle;  Selector: Unexpected CHAR. [1:1984: <]
17-01-2024 16:50:29.138Z;errorhandler.__handle;  Selector: Unexpected CHAR. [1:2082: <]
17-01-2024 16:50:29.138Z;errorhandler.__handle;  SelectorList: Invalid Selector: <br><br>        /* This should also be a block element, so that it will fill 100% of the .container */<br>        .content 
17-01-2024 16:50:29.138Z;errorhandler.__handle;  CSSStyleDeclaration: Unexpected token, ignoring upto '<br>                {<br>                box-sizing: border-box;<br>                display: block;<br>                margin: 0 auto;<br>                max-width: 580px;<br>                padding: 10px;<br>            }<br>        '. [1:2104: <]
17-01-2024 16:50:29.138Z;errorhandler.__handle;  Selector: Unexpected CHAR. [1:2339: <]
17-01-2024 16:50:29.138Z;errorhandler.__handle;  Selector: Unexpected CHAR. [1:2343: <]
17-01-2024 16:50:29.138Z;errorhandler.__handle;  Selector: Unexpected CHAR. [1:2471: <]
17-01-2024 16:50:29.138Z;errorhandler.__handle;  SelectorList: Invalid Selector: <br><br>        /* -------------------------------------          HEADER, FOOTER, MAIN      ------------------------------------- */<br>        .main 
17-01-2024 16:50:29.138Z;errorhandler.__handle;  CSSStyleDeclaration: Unexpected token, ignoring upto '<br>                {<br>                background: #ffffff;<br>                border-radius: 3px;<br>                width: 100%;<br>            }<br>        '. [1:2490: <]
17-01-2024 16:50:29.138Z;errorhandler.__handle;  Selector: Unexpected CHAR. [1:2652: <]
17-01-2024 16:50:29.138Z;errorhandler.__handle;  Selector: Unexpected CHAR. [1:2656: <]
17-01-2024 16:50:29.138Z;errorhandler.__handle;  SelectorList: Invalid Selector: <br><br>        .wrapper 
17-01-2024 16:50:29.138Z;errorhandler.__handle;  CSSStyleDeclaration: Unexpected token, ignoring upto '<br>                {<br>                box-sizing: border-box;<br>                padding: 20px;<br>            }<br>        '. [1:2678: <]
17-01-2024 16:50:29.138Z;errorhandler.__handle;  Selector: Unexpected CHAR. [1:2806: <]
17-01-2024 16:50:29.138Z;errorhandler.__handle;  Selector: Unexpected CHAR. [1:2810: <]
17-01-2024 16:50:29.138Z;errorhandler.__handle;  SelectorList: Invalid Selector: <br><br>        .content-block 
17-01-2024 16:50:29.138Z;errorhandler.__handle;  CSSStyleDeclaration: Unexpected token, ignoring upto '<br>                {<br>                padding-bottom: 10px;<br>                padding-top: 10px;<br>            }<br>        '. [1:2838: <]
17-01-2024 16:50:29.154Z;errorhandler.__handle;  Selector: Unexpected CHAR. [1:2968: <]
17-01-2024 16:50:29.154Z;errorhandler.__handle;  Selector: Unexpected CHAR. [1:2972: <]
17-01-2024 16:50:29.154Z;errorhandler.__handle;  SelectorList: Invalid Selector: <br><br>        .footer 
17-01-2024 16:50:29.154Z;errorhandler.__handle;  CSSStyleDeclaration: Unexpected token, ignoring upto '<br>                {<br>                clear: both;<br>                margin-top: 10px;<br>                text-align: center;<br>                width: 100%;<br>            }<br>        '. [1:2993: <]
17-01-2024 16:50:29.154Z;errorhandler.__handle;  Selector: Unexpected CHAR. [1:3184: <]
17-01-2024 16:50:29.154Z;errorhandler.__handle;  Selector: Unexpected CHAR. [1:3188: <]
17-01-2024 16:50:29.154Z;errorhandler.__handle;  SelectorList: Invalid Selector: <br><br>        .footer td
17-01-2024 16:50:29.154Z;errorhandler.__handle;  Selector: Unexpected CHAR. [1:3211: <]
17-01-2024 16:50:29.154Z;errorhandler.__handle;  SelectorList: Invalid Selector: <br>        .footer p
17-01-2024 16:50:29.154Z;errorhandler.__handle;  Selector: Unexpected CHAR. [1:3233: <]
17-01-2024 16:50:29.154Z;errorhandler.__handle;  SelectorList: Invalid Selector: <br>        .footer span
17-01-2024 16:50:29.154Z;errorhandler.__handle;  Selector: Unexpected CHAR. [1:3258: <]
17-01-2024 16:50:29.154Z;errorhandler.__handle;  SelectorList: Invalid Selector: <br>        .footer a 
17-01-2024 16:50:29.154Z;errorhandler.__handle;  CSSStyleDeclaration: Unexpected token, ignoring upto '<br>                {<br>                color: #999999;<br>                font-size: 12px;<br>                text-align: center;<br>            }<br>        '. [1:3281: <]
17-01-2024 16:50:29.154Z;errorhandler.__handle;  Selector: Unexpected CHAR. [1:3442: <]
17-01-2024 16:50:29.154Z;errorhandler.__handle;  Selector: Unexpected CHAR. [1:3446: <]
17-01-2024 16:50:29.169Z;errorhandler.__handle;  Selector: Unexpected CHAR. [1:3564: <]
17-01-2024 16:50:29.169Z;errorhandler.__handle;  SelectorList: Invalid Selector: <br><br>        /* -------------------------------------          TYPOGRAPHY      ------------------------------------- */<br>        h1
17-01-2024 16:50:29.169Z;errorhandler.__handle;  Selector: Unexpected CHAR. [1:3579: <]
17-01-2024 16:50:29.169Z;errorhandler.__handle;  SelectorList: Invalid Selector: <br>        h2
17-01-2024 16:50:29.169Z;errorhandler.__handle;  Selector: Unexpected CHAR. [1:3594: <]
17-01-2024 16:50:29.169Z;errorhandler.__handle;  SelectorList: Invalid Selector: <br>        h3
17-01-2024 16:50:29.169Z;errorhandler.__handle;  Selector: Unexpected CHAR. [1:3609: <]
17-01-2024 16:50:29.169Z;errorhandler.__handle;  SelectorList: Invalid Selector: <br>        h4 
17-01-2024 16:50:29.169Z;errorhandler.__handle;  CSSStyleDeclaration: Unexpected token, ignoring upto '<br>                {<br>                color: #000000;<br>                font-family: sans-serif;<br>                font-weight: 400;<br>                line-height: 1.4;<br>                margin: 0;<br>                margin-bottom: 30px;<br>            }<br>        '. [1:3625: <]
17-01-2024 16:50:29.169Z;errorhandler.__handle;  Selector: Unexpected CHAR. [1:3899: <]
17-01-2024 16:50:29.169Z;errorhandler.__handle;  Selector: Unexpected CHAR. [1:3903: <]
17-01-2024 16:50:29.169Z;errorhandler.__handle;  SelectorList: Invalid Selector: <br><br>        h1 
17-01-2024 16:50:29.169Z;errorhandler.__handle;  CSSStyleDeclaration: Unexpected token, ignoring upto '<br>                {<br>                font-size: 35px;<br>                font-weight: 300;<br>                text-align: center;<br>                text-transform: capitalize;<br>            }<br>        '. [1:3919: <]
17-01-2024 16:50:29.169Z;errorhandler.__handle;  Selector: Unexpected CHAR. [1:4129: <]
17-01-2024 16:50:29.169Z;errorhandler.__handle;  Selector: Unexpected CHAR. [1:4133: <]
17-01-2024 16:50:29.185Z;errorhandler.__handle;  SelectorList: Invalid Selector: <br><br>        p
17-01-2024 16:50:29.185Z;errorhandler.__handle;  Selector: Unexpected CHAR. [1:4147: <]
17-01-2024 16:50:29.185Z;errorhandler.__handle;  SelectorList: Invalid Selector: <br>        ul
17-01-2024 16:50:29.185Z;errorhandler.__handle;  Selector: Unexpected CHAR. [1:4162: <]
17-01-2024 16:50:29.185Z;errorhandler.__handle;  SelectorList: Invalid Selector: <br>        ol 
17-01-2024 16:50:29.185Z;errorhandler.__handle;  CSSStyleDeclaration: Unexpected token, ignoring upto '<br>                {<br>                font-family: sans-serif;<br>                font-size: 14px;<br>                font-weight: normal;<br>                margin: 0;<br>                margin-bottom: 15px;<br>            }<br>        '. [1:4178: <]
17-01-2024 16:50:29.185Z;errorhandler.__handle;  Selector: Unexpected CHAR. [1:4419: <]
17-01-2024 16:50:29.185Z;errorhandler.__handle;  Selector: Unexpected CHAR. [1:4423: <]
17-01-2024 16:50:29.185Z;errorhandler.__handle;  SelectorList: Invalid Selector: <br><br>        p li
17-01-2024 16:50:29.185Z;errorhandler.__handle;  Selector: Unexpected CHAR. [1:4440: <]
17-01-2024 16:50:29.185Z;errorhandler.__handle;  SelectorList: Invalid Selector: <br>        ul li
17-01-2024 16:50:29.185Z;errorhandler.__handle;  Selector: Unexpected CHAR. [1:4458: <]
17-01-2024 16:50:29.185Z;errorhandler.__handle;  SelectorList: Invalid Selector: <br>        ol li 
17-01-2024 16:50:29.185Z;errorhandler.__handle;  CSSStyleDeclaration: Unexpected token, ignoring upto '<br>                {<br>                list-style-position: inside;<br>                margin-left: 5px;<br>            }<br>        '. [1:4477: <]
17-01-2024 16:50:29.185Z;errorhandler.__handle;  Selector: Unexpected CHAR. [1:4613: <]
17-01-2024 16:50:29.185Z;errorhandler.__handle;  Selector: Unexpected CHAR. [1:4617: <]
17-01-2024 16:50:29.201Z;errorhandler.__handle;  SelectorList: Invalid Selector: <br><br>        a 
17-01-2024 16:50:29.201Z;errorhandler.__handle;  CSSStyleDeclaration: Unexpected token, ignoring upto '<br>                {<br>                color: #3498db;<br>                text-decoration: underline;<br>            }<br>        '. [1:4632: <]
17-01-2024 16:50:29.201Z;errorhandler.__handle;  Selector: Unexpected CHAR. [1:4765: <]
17-01-2024 16:50:29.201Z;errorhandler.__handle;  Selector: Unexpected CHAR. [1:4769: <]
17-01-2024 16:50:29.201Z;errorhandler.__handle;  Selector: Unexpected CHAR. [1:4884: <]
17-01-2024 16:50:29.201Z;errorhandler.__handle;  SelectorList: Invalid Selector: <br><br>        /* -------------------------------------          BUTTONS      ------------------------------------- */<br>        .btn 
17-01-2024 16:50:29.201Z;errorhandler.__handle;  CSSStyleDeclaration: Unexpected token, ignoring upto '<br>                {<br>                box-sizing: border-box;<br>                width: 100%;<br>            }<br>        '. [1:4902: <]
17-01-2024 16:50:29.201Z;errorhandler.__handle;  Selector: Unexpected CHAR. [1:5028: <]
17-01-2024 16:50:29.201Z;errorhandler.__handle;  Selector: Unexpected CHAR. [1:5032: <]
17-01-2024 16:50:29.201Z;errorhandler.__handle;  SelectorList: Invalid Selector: <br><br>        .btn>tbody>tr>td 
17-01-2024 16:50:29.201Z;errorhandler.__handle;  CSSStyleDeclaration: Unexpected token, ignoring upto '<br>                {<br>                padding-bottom: 15px;<br>            }<br>        '. [1:5062: <]
17-01-2024 16:50:29.201Z;errorhandler.__handle;  Selector: Unexpected CHAR. [1:5154: <]
17-01-2024 16:50:29.201Z;errorhandler.__handle;  Selector: Unexpected CHAR. [1:5158: <]
17-01-2024 16:50:29.201Z;errorhandler.__handle;  SelectorList: Invalid Selector: <br><br>        .btn table 
17-01-2024 16:50:29.201Z;errorhandler.__handle;  CSSStyleDeclaration: Unexpected token, ignoring upto '<br>                {<br>                width: auto;<br>            }<br>        '. [1:5182: <]
17-01-2024 16:50:29.201Z;errorhandler.__handle;  Selector: Unexpected CHAR. [1:5265: <]
17-01-2024 16:50:29.216Z;errorhandler.__handle;  Selector: Unexpected CHAR. [1:5269: <]
17-01-2024 16:50:29.216Z;errorhandler.__handle;  SelectorList: Invalid Selector: <br><br>        .btn table td 
17-01-2024 16:50:29.216Z;errorhandler.__handle;  CSSStyleDeclaration: Unexpected token, ignoring upto '<br>                {<br>                background-color: #ffffff;<br>                border-radius: 5px;<br>                text-align: center;<br>            }<br>        '. [1:5296: <]
17-01-2024 16:50:29.216Z;errorhandler.__handle;  Selector: Unexpected CHAR. [1:5471: <]
17-01-2024 16:50:29.216Z;errorhandler.__handle;  Selector: Unexpected CHAR. [1:5475: <]
17-01-2024 16:50:29.216Z;errorhandler.__handle;  SelectorList: Invalid Selector: <br><br>        .btn a 
17-01-2024 16:50:29.216Z;errorhandler.__handle;  CSSStyleDeclaration: Unexpected token, ignoring upto '<br>                {<br>                background-color: #ffffff;<br>                border: solid 1px #3498db;<br>                border-radius: 5px;<br>                box-sizing: border-box;<br>                color: #3498db;<br>                cursor: pointer;<br>                display: inline-block;<br>                font-size: 14px;<br>                font-weight: bold;<br>                margin: 0;<br>                padding: 12px 25px;<br>                text-decoration: none;<br>                text-transform: capitalize;<br>            }<br>        '. [1:5495: <]
17-01-2024 16:50:29.216Z;errorhandler.__handle;  Selector: Unexpected CHAR. [1:6065: <]
17-01-2024 16:50:29.216Z;errorhandler.__handle;  Selector: Unexpected CHAR. [1:6069: <]
17-01-2024 16:50:29.216Z;errorhandler.__handle;  SelectorList: Invalid Selector: <br><br>        .btn-primary table td 
17-01-2024 16:50:29.216Z;errorhandler.__handle;  CSSStyleDeclaration: Unexpected token, ignoring upto '<br>                {<br>                background-color: #3498db;<br>            }<br>        '. [1:6104: <]
17-01-2024 16:50:29.216Z;errorhandler.__handle;  Selector: Unexpected CHAR. [1:6201: <]
17-01-2024 16:50:29.216Z;errorhandler.__handle;  Selector: Unexpected CHAR. [1:6205: <]
17-01-2024 16:50:29.216Z;errorhandler.__handle;  SelectorList: Invalid Selector: <br><br>        .btn-primary a 
17-01-2024 16:50:29.216Z;errorhandler.__handle;  CSSStyleDeclaration: Unexpected token, ignoring upto '<br>                {<br>                background-color: #3498db;<br>                border-color: #3498db;<br>                color: #ffffff;<br>            }<br>        '. [1:6233: <]
17-01-2024 16:50:29.232Z;errorhandler.__handle;  Selector: Unexpected CHAR. [1:6407: <]
17-01-2024 16:50:29.232Z;errorhandler.__handle;  Selector: Unexpected CHAR. [1:6411: <]
17-01-2024 16:50:29.232Z;errorhandler.__handle;  Selector: Unexpected CHAR. [1:6552: <]
17-01-2024 16:50:29.232Z;errorhandler.__handle;  SelectorList: Invalid Selector: <br><br>        /* -------------------------------------          OTHER STYLES THAT MIGHT BE USEFUL      ------------------------------------- */<br>        .last 
17-01-2024 16:50:29.232Z;errorhandler.__handle;  CSSStyleDeclaration: Unexpected token, ignoring upto '<br>                {<br>                margin-bottom: 0;<br>            }<br>        '. [1:6571: <]
17-01-2024 16:50:29.232Z;errorhandler.__handle;  Selector: Unexpected CHAR. [1:6659: <]
17-01-2024 16:50:29.232Z;errorhandler.__handle;  Selector: Unexpected CHAR. [1:6663: <]
17-01-2024 16:50:29.232Z;errorhandler.__handle;  SelectorList: Invalid Selector: <br><br>        .first 
17-01-2024 16:50:29.232Z;errorhandler.__handle;  CSSStyleDeclaration: Unexpected token, ignoring upto '<br>                {<br>                margin-top: 0;<br>            }<br>        '. [1:6683: <]
17-01-2024 16:50:29.232Z;errorhandler.__handle;  Selector: Unexpected CHAR. [1:6768: <]
17-01-2024 16:50:29.232Z;errorhandler.__handle;  Selector: Unexpected CHAR. [1:6772: <]
17-01-2024 16:50:29.232Z;errorhandler.__handle;  SelectorList: Invalid Selector: <br><br>        .align-center 
17-01-2024 16:50:29.232Z;errorhandler.__handle;  CSSStyleDeclaration: Unexpected token, ignoring upto '<br>                {<br>                text-align: center;<br>            }<br>        '. [1:6799: <]
17-01-2024 16:50:29.232Z;errorhandler.__handle;  Selector: Unexpected CHAR. [1:6889: <]
17-01-2024 16:50:29.232Z;errorhandler.__handle;  Selector: Unexpected CHAR. [1:6893: <]
17-01-2024 16:50:29.232Z;errorhandler.__handle;  SelectorList: Invalid Selector: <br><br>        .align-right 
17-01-2024 16:50:29.232Z;errorhandler.__handle;  CSSStyleDeclaration: Unexpected token, ignoring upto '<br>                {<br>                text-align: right;<br>            }<br>        '. [1:6919: <]
17-01-2024 16:50:29.248Z;errorhandler.__handle;  Selector: Unexpected CHAR. [1:7008: <]
17-01-2024 16:50:29.248Z;errorhandler.__handle;  Selector: Unexpected CHAR. [1:7012: <]
17-01-2024 16:50:29.248Z;errorhandler.__handle;  SelectorList: Invalid Selector: <br><br>        .align-left 
17-01-2024 16:50:29.248Z;errorhandler.__handle;  CSSStyleDeclaration: Unexpected token, ignoring upto '<br>                {<br>                text-align: left;<br>            }<br>        '. [1:7037: <]
17-01-2024 16:50:29.248Z;errorhandler.__handle;  Selector: Unexpected CHAR. [1:7125: <]
17-01-2024 16:50:29.248Z;errorhandler.__handle;  Selector: Unexpected CHAR. [1:7129: <]
17-01-2024 16:50:29.248Z;errorhandler.__handle;  SelectorList: Invalid Selector: <br><br>        .clear 
17-01-2024 16:50:29.248Z;errorhandler.__handle;  CSSStyleDeclaration: Unexpected token, ignoring upto '<br>                {<br>                clear: both;<br>            }<br>        '. [1:7149: <]
17-01-2024 16:50:29.248Z;errorhandler.__handle;  Selector: Unexpected CHAR. [1:7232: <]
17-01-2024 16:50:29.248Z;errorhandler.__handle;  Selector: Unexpected CHAR. [1:7236: <]
17-01-2024 16:50:29.248Z;errorhandler.__handle;  SelectorList: Invalid Selector: <br><br>        .mt0 
17-01-2024 16:50:29.248Z;errorhandler.__handle;  CSSStyleDeclaration: Unexpected token, ignoring upto '<br>                {<br>                margin-top: 0;<br>            }<br>        '. [1:7254: <]
17-01-2024 16:50:29.248Z;errorhandler.__handle;  Selector: Unexpected CHAR. [1:7339: <]
17-01-2024 16:50:29.248Z;errorhandler.__handle;  Selector: Unexpected CHAR. [1:7343: <]
17-01-2024 16:50:29.248Z;errorhandler.__handle;  SelectorList: Invalid Selector: <br><br>        .mb0 
17-01-2024 16:50:29.248Z;errorhandler.__handle;  CSSStyleDeclaration: Unexpected token, ignoring upto '<br>                {<br>                margin-bottom: 0;<br>            }<br>        '. [1:7361: <]
17-01-2024 16:50:29.263Z;errorhandler.__handle;  Selector: Unexpected CHAR. [1:7449: <]
17-01-2024 16:50:29.263Z;errorhandler.__handle;  Selector: Unexpected CHAR. [1:7453: <]
17-01-2024 16:50:29.263Z;errorhandler.__handle;  SelectorList: Invalid Selector: <br><br>        .preheader 
17-01-2024 16:50:29.263Z;errorhandler.__handle;  CSSStyleDeclaration: Unexpected token, ignoring upto '<br>                {<br>                color: transparent;<br>                display: none;<br>                height: 0;<br>                max-height: 0;<br>                max-width: 0;<br>                opacity: 0;<br>                overflow: hidden;<br>                mso-hide: all;<br>                visibility: hidden;<br>                width: 0;<br>            }<br>        '. [1:7477: <]
17-01-2024 16:50:29.263Z;errorhandler.__handle;  Selector: Unexpected CHAR. [1:7868: <]
17-01-2024 16:50:29.263Z;errorhandler.__handle;  Selector: Unexpected CHAR. [1:7872: <]
17-01-2024 16:50:29.263Z;errorhandler.__handle;  SelectorList: Invalid Selector: <br><br>        .powered-by a 
17-01-2024 16:50:29.263Z;errorhandler.__handle;  CSSStyleDeclaration: Unexpected token, ignoring upto '<br>                {<br>                text-decoration: none;<br>            }<br>        '. [1:7899: <]
17-01-2024 16:50:29.263Z;errorhandler.__handle;  Selector: Unexpected CHAR. [1:7992: <]
17-01-2024 16:50:29.263Z;errorhandler.__handle;  Selector: Unexpected CHAR. [1:7996: <]
17-01-2024 16:50:29.263Z;errorhandler.__handle;  SelectorList: Invalid Selector: <br><br>        hr 
17-01-2024 16:50:29.263Z;errorhandler.__handle;  CSSStyleDeclaration: Unexpected token, ignoring upto '<br>                {<br>                border: 0;<br>                border-bottom: 1px solid #f6f6f6;<br>                margin: 20px 0;<br>            }<br>        '. [1:8012: <]
17-01-2024 16:50:29.263Z;errorhandler.__handle;  Selector: Unexpected CHAR. [1:8181: <]
17-01-2024 16:50:29.279Z;errorhandler.__handle;  Selector: Unexpected CHAR. [1:8185: <]
17-01-2024 16:50:29.279Z;errorhandler.__handle;  Selector: Unexpected CHAR. [1:8330: <]
17-01-2024 16:50:29.279Z;errorhandler.__handle;  Unexpected token (MEDIA_SYM, @media, 1, 8342)
17-01-2024 16:50:29.279Z;errorhandler.__handle;  Selector: Unexpected CHAR. [1:8365: (]
17-01-2024 16:50:29.279Z;errorhandler.__handle;  Selector: Unexpected CHAR. [1:8375: :]
17-01-2024 16:50:29.279Z;errorhandler.__handle;  Selector: Unexpected DIMENSION. [1:8377: 620px]
17-01-2024 16:50:29.279Z;errorhandler.__handle;  Selector: Unexpected CHAR. [1:8382: )]
17-01-2024 16:50:29.279Z;errorhandler.__handle;  SelectorList: Invalid Selector: <br><br>        /* -------------------------------------          RESPONSIVE AND MOBILE FRIENDLY STYLES      ------------------------------------- */<br>        @media only screen and (max-width: 620px) 
17-01-2024 16:50:29.279Z;errorhandler.__handle;  CSSStyleDeclaration: Unexpected token, ignoring upto '<br>                {<br>                table.body h1 {<br>                        {<br>                        font-size: 28px !important;<br>                        margin-bottom: 10px !important;<br>                    }<br>                }<br><br>                table.body p,<br>                table.body ul,<br>                table.body ol,<br>                table.body td,<br>                table.body span,<br>                table.body a {<br>                        {<br>                        font-size: 16px !important;<br>                    }<br>                }<br><br>                table.body .wrapper,<br>                table.body .article {<br>                        {<br>                        padding: 10px !important;<br>                    }<br>                }<br><br>                table.body .content {<br>                        {<br>                        padding: 0 !important;<br>                    }<br>                }<br><br>                table.body .container {<br>                        {<br>                        padding: 0 !important;<br>                        width: 100% !important;<br>                    }<br>                }<br><br>                table.body .main {<br>                        {<br>                        border-left-width: 0 !important;<br>                        border-radius: 0 !important;<br>                        border-right-width: 0 !important;<br>                    }<br>                }<br><br>                table.body .btn table {<br>                        {<br>                        width: 100% !important;<br>                    }<br>                }<br><br>                table.body .btn a {<br>                        {<br>                        width: 100% !important;<br>                    }<br>                }<br><br>                table.body .img-responsive {<br>                        {<br>                        height: auto !important;<br>                        max-width: 100% !important;<br>                        width: auto !important;<br>                    }<br>                }<br>            }<br>        '. [1:8385: <]
17-01-2024 16:50:29.279Z;errorhandler.__handle;  Selector: Unexpected CHAR. [1:10526: <]
17-01-2024 16:50:29.279Z;errorhandler.__handle;  Selector: Unexpected CHAR. [1:10530: <]
17-01-2024 16:50:29.279Z;errorhandler.__handle;  Selector: Unexpected CHAR. [1:10671: <]
17-01-2024 16:50:29.279Z;errorhandler.__handle;  Unexpected token (MEDIA_SYM, @media, 1, 10683)
17-01-2024 16:50:29.294Z;errorhandler.__handle;  SelectorList: Invalid Selector: <br><br>        /* -------------------------------------          PRESERVE THESE STYLES IN THE HEAD      ------------------------------------- */<br>        @media all 
17-01-2024 16:50:29.294Z;errorhandler.__handle;  CSSStyleDeclaration: Unexpected token, ignoring upto '<br>                {<br>                .ExternalClass {<br>                        {<br>                        width: 100%;<br>                    }<br>                }<br><br>                .ExternalClass,<br>                .ExternalClass p,<br>                .ExternalClass span,<br>                .ExternalClass font,<br>                .ExternalClass td,<br>                .ExternalClass div {<br>                        {<br>                        line-height: 100%;<br>                    }<br>                }<br><br>                .apple-link a {<br>                        {<br>                        color: inherit !important;<br>                        font-family: inherit !important;<br>                        font-size: inherit !important;<br>                        font-weight: inherit !important;<br>                        line-height: inherit !important;<br>                        text-decoration: none !important;<br>                    }<br>                }<br><br>                #MessageViewBody a {<br>                        {<br>                        color: inherit;<br>                        text-decoration: none;<br>                        font-size: inherit;<br>                        font-family: inherit;<br>                        font-weight: inherit;<br>                        line-height: inherit;<br>                    }<br>                }<br><br>                .btn-primary table td:hover {<br>                        {<br>                        background-color: #34495e !important;<br>                    }<br>                }<br><br>                .btn-primary a:hover {<br>                        {<br>                        background-color: #34495e !important;<br>                        border-color: #34495e !important;<br>                    }<br>                }<br>            }<br>        '. [1:10695: <]
17-01-2024 16:50:29.294Z;errorhandler.__handle;  CSSStyleRule: No start { of style declaration found: '<br>    ' [1:12573: ]
17-01-2024 16:50:29.294Z;errorhandler.__handle;  Selector: Unexpected CHAR. [1:12565: <]
17-01-2024 16:50:29.294Z;errorhandler.__handle;  Selector: Cannot end with combinator: <br>    
17-01-2024 16:50:29.294Z;errorhandler.__handle;  SelectorList: Invalid Selector: <br>    
17-01-2024 16:50:29.294Z;errorhandler.__handle;  CSSStyleRule: No style declaration or "}" found: '<br>    '
17-01-2024 16:50:31.138Z;functions.emailErro;  Warning e-mail sent.
17-01-2024 16:50:31.248Z;functions.end_RM;  FECHA O PROGRAMA
17-01-2024 16:50:33.349Z;functions.end_RM;  RM ENCERRADO
