17-01-2024 16:45:30.482Z;functions.bot_text_art;      ____   
17-01-2024 16:45:30.482Z;functions.bot_text_art;     [____]    
17-01-2024 16:45:30.482Z;functions.bot_text_art;   |=]()()[=|  
17-01-2024 16:45:30.482Z;functions.bot_text_art;     _\==/__    _____    ____     _        _____    ___   _  __
17-01-2024 16:45:30.482Z;functions.bot_text_art;   |__|   |_|  |  _  \  / ___|   | |      |_   _| / ___| | |/ /
17-01-2024 16:45:30.482Z;functions.bot_text_art;   |_|_/\_|_|  | |  | | | |      | |        | |   | |    | ' / 
17-01-2024 16:45:30.482Z;functions.bot_text_art;   | | __ | |  | |  | | | |      | |        | |   | |    |  <  
17-01-2024 16:45:30.482Z;functions.bot_text_art;   |_|[  ]|_|  | |__| | | |____  | |____   _| |_  | |__  | . \ 
17-01-2024 16:45:30.482Z;functions.bot_text_art;   \_|_||_|_/  |_____/   \_____| |______| |_____| \ ___| |_|\_\
17-01-2024 16:45:30.482Z;functions.bot_text_art;     |_||_|                                                     
17-01-2024 16:45:30.482Z;functions.bot_text_art;     | ||_|_   
17-01-2024 16:45:30.482Z;functions.bot_text_art;   |___||___|  
17-01-2024 16:45:30.482Z;functions.bot_text_art;               
17-01-2024 16:45:30.482Z;functions.open_RM;  OPEN PROGRAM RM
17-01-2024 16:45:36.482Z;functions.loggin_RM;  ENTER USER_NAME
17-01-2024 16:45:37.306Z;functions.loggin_RM;  ENTER PASSWORD
17-01-2024 16:45:37.999Z;functions.loggin_RM;  ENTER RM
17-01-2024 16:46:04.178Z;functions.enter_coligada;  CLICK CONTEXTO
17-01-2024 16:46:20.889Z;functions.show_exception_and_exit;  'NoneType' object has no attribute 'click'
Traceback (most recent call last):
  File "C:\Projetos_Remessas\Remessa_Bancaria\main.py", line 13, in <module>
    enter_coligada()
  File "C:\Projetos_Remessas\Remessa_Bancaria\SUBPROGRAMS\functions.py", line 77, in enter_coligada
    click_coligada.click()
    ^^^^^^^^^^^^^^^^^^^^
AttributeError: 'NoneType' object has no attribute 'click'
