18-07-2024 05:00:26.070Z;functions.bot_text_art;      ____   
18-07-2024 05:00:26.070Z;functions.bot_text_art;     [____]    
18-07-2024 05:00:26.070Z;functions.bot_text_art;   |=]()()[=|  
18-07-2024 05:00:26.070Z;functions.bot_text_art;     _\==/__    _____    ____     _        _____    ___   _  __
18-07-2024 05:00:26.070Z;functions.bot_text_art;   |__|   |_|  |  _  \  / ___|   | |      |_   _| / ___| | |/ /
18-07-2024 05:00:26.070Z;functions.bot_text_art;   |_|_/\_|_|  | |  | | | |      | |        | |   | |    | ' / 
18-07-2024 05:00:26.070Z;functions.bot_text_art;   | | __ | |  | |  | | | |      | |        | |   | |    |  <  
18-07-2024 05:00:26.070Z;functions.bot_text_art;   |_|[  ]|_|  | |__| | | |____  | |____   _| |_  | |__  | . \ 
18-07-2024 05:00:26.086Z;functions.bot_text_art;   \_|_||_|_/  |_____/   \_____| |______| |_____| \ ___| |_|\_\
18-07-2024 05:00:26.086Z;functions.bot_text_art;     |_||_|                                                     
18-07-2024 05:00:26.086Z;functions.bot_text_art;     | ||_|_   
18-07-2024 05:00:26.086Z;functions.bot_text_art;   |___||___|  
18-07-2024 05:00:26.086Z;functions.bot_text_art;               
18-07-2024 05:00:26.101Z;functions.open_RM;  OPEN PROGRAM RM
18-07-2024 05:00:26.101Z;functions.caps;  DESATIVANDO CAPS
18-07-2024 05:00:26.101Z;functions.loggin_RM;  BUSCANDO LOGGIN RM
18-07-2024 05:00:44.148Z;functions.loggin_RM;  ENTER USER_NAME
18-07-2024 05:00:48.854Z;functions.loggin_RM;  ENTER PASSWORD
18-07-2024 05:00:50.289Z;functions.loggin_RM;  ENTER RM
18-07-2024 05:04:15.007Z;functions.enter_coligada;  CLICK CONTEXTO
18-07-2024 05:04:18.195Z;functions.enter_coligada;  CLICK ALTERAR MODULO DO CONTEXTO
18-07-2024 05:04:22.779Z;functions.enter_coligada;  INSERE O COLIGADA CODE = 1
18-07-2024 05:04:22.884Z;functions.enter_coligada;  APERTA TAB PARA PREENCHER O CAMPO COM A STRING: OCEANICA ENGENHARIA E CONSULTORIA S.A.
18-07-2024 05:04:24.945Z;functions.enter_coligada;  CLICK AVANÇAR NOVAMENTE
18-07-2024 05:04:26.319Z;functions.enter_coligada;  CLICK CONCLUIR
18-07-2024 05:04:46.492Z;functions.waitForImage;  TROCA COLIGADA image not found.
18-07-2024 05:05:05.038Z;functions.enter_coligada;  POP UP COLIGADA DESAPARECER
18-07-2024 05:05:06.038Z;functions.check_movimentacao_bancaria;  CLICK - TOTVS - LINHA RM
18-07-2024 05:05:08.226Z;functions.check_movimentacao_bancaria;  CLICK - BACK OFFICE
18-07-2024 05:05:11.007Z;functions.check_movimentacao_bancaria;  CLICK - GESTAO FINANCEIRA
18-07-2024 05:05:11.007Z;functions.movimentacao_bancaria;  AGUARDANDO 1
18-07-2024 05:05:16.726Z;functions.movimentacao_bancaria;  CLICA NA ABA MOVIMENTAÇÃO BANCARIA
18-07-2024 05:05:17.647Z;functions.waitForImage;  IMAGEM BORDERO image found.
18-07-2024 05:05:19.767Z;functions.movimentacao_bancaria;  IMAGEM BORDERO CLICADA.
18-07-2024 05:05:30.194Z;functions.waitForImage;  LICENCAS EXCEDIDAS image not found.
18-07-2024 05:05:30.913Z;functions.movimentacao_bancaria;  ENCONTROU O FILTRO DA MOVIMENTAÇÃO BANCÁRIA
18-07-2024 05:05:30.976Z;functions.movimentacao_bancaria;  CLICA NA ABA SUPERIOR DO FILTRO
18-07-2024 05:05:38.287Z;functions.movimentacao_bancaria;  SELECIONA O FILTRO HOJE
18-07-2024 05:05:58.491Z;functions.waitForImage;  FILTER CLEAN image not found.
18-07-2024 05:06:13.788Z;functions.waitForImage;  FILTER CLEAN image not found.
18-07-2024 05:06:29.054Z;functions.waitForImage;  FILTER CLEAN image not found.
18-07-2024 05:07:42.663Z;functions.movimentacao_bancaria;  SEM PROCESSAMENTO DE BORDERO
18-07-2024 05:08:07.960Z;functions.waitForImage;  FILTER CLEAN image not found.
18-07-2024 05:08:23.272Z;functions.waitForImage;  FILTER CLEAN image not found.
18-07-2024 05:08:38.585Z;functions.waitForImage;  FILTER CLEAN image not found.
18-07-2024 05:09:10.302Z;functions.processo_pagamento;  SEM REMESSA DE BORDERO AUTORIZADO
18-07-2024 05:09:11.407Z;functions.processo_pagamento;  FECHA ABA MOVIMENTAÇÕES BANCÁRIAS
18-07-2024 05:09:13.225Z;functions.enter_contas_a_pagar;  CLICK - TOTVS - LINHA RM
18-07-2024 05:09:15.194Z;functions.enter_contas_a_pagar;  CLICK - BACK OFFICE
18-07-2024 05:09:18.226Z;functions.enter_contas_a_pagar;  CLICK - GESTAO FINANCEIRA
18-07-2024 05:09:23.850Z;functions.enter_contas_a_pagar;  CLICK - CONTAS A PAGAR
18-07-2024 05:09:24.725Z;functions.waitForImage;  LANÇAMENTOS image found.
18-07-2024 05:09:26.859Z;functions.enter_contas_a_pagar;  CLICA EM LANÇAMENTOS
18-07-2024 05:09:42.288Z;functions.waitForImage;  LICENCAS EXCEDIDAS image not found.
18-07-2024 05:09:42.288Z;functions.obter_intervalo_data;  VERIFICANDO A HORA ATUAL 5
18-07-2024 05:09:42.319Z;functions.obter_intervalo_data;  Data Inicial BANCARIA antes da remoção: None
18-07-2024 05:09:42.319Z;functions.obter_intervalo_data;  Data Final BANCARIA antes da remoção: None
18-07-2024 05:09:42.319Z;functions.obter_intervalo_data;  Data Inicial BANCARIA após a remoção: None
18-07-2024 05:09:42.319Z;functions.obter_intervalo_data;  Data Final BANCARIA após a remoção: None
18-07-2024 05:09:42.319Z;functions.obter_intervalo_data;  hoje -  2024-07-18 05:09:42.319304
18-07-2024 05:09:42.319Z;functions.data_filter;  DATA INICIO 24-07-2024
18-07-2024 05:09:42.319Z;functions.data_filter;  DATA FIM 30-07-2024
18-07-2024 05:09:42.319Z;functions.data_filter;  CLICK - SELECIONA A DATA DE QUARTA FEIRA E DA PROXIMA TERÇA
18-07-2024 05:09:42.319Z;functions.data_filter;  QUARTA-FEIRA: 24-07-2024
18-07-2024 05:09:42.319Z;functions.data_filter;  TERCA-FEIRA: 30-07-2024
18-07-2024 05:09:59.152Z;functions.data_filter;  REMESSA BANCÁRIA - FILTRO DIGITADO
18-07-2024 05:10:00.132Z;functions.data_filter;  CLICK - BOTAO DE SELECAO DE FILTRO
18-07-2024 05:10:05.022Z;functions.data_filter;  INSERE - DATA DE QUARTA-FEIRA: 24-07-2024
18-07-2024 05:10:09.522Z;functions.data_filter;  INSERE - DATA DA PROX TERCA-FEIRA: 30-07-2024
18-07-2024 05:10:10.663Z;functions.data_filter;  CLICK - BOTAO DE EXECUTAR O FILTRO
18-07-2024 05:10:15.668Z;functions.desmark_filter;  AGUARDANDO 1
18-07-2024 05:10:19.475Z;functions.desmark_filter;  CLICK CHECKBOX LANÇAMENTOS A RECEBER
18-07-2024 05:10:21.978Z;functions.desmark_filter;  CLICK CHECKBOX LANÇAMENTOS BAIXADOS
18-07-2024 05:10:24.569Z;functions.desmark_filter;  CLICK CHECKBOX LANÇAMENTOS CANCELADOS
18-07-2024 05:10:27.335Z;functions.desmark_filter;  CLICK CHECKBOX LANÇAMENTOS FATURADOS
18-07-2024 05:10:30.350Z;functions.desmark_filter;  CLICK CHECKBOX LANÇAMENTOS FATURADOS
18-07-2024 05:10:35.538Z;functions.waitForImage;  FILTER CLEAN image found.
18-07-2024 05:10:37.647Z;functions.filter_clean;  CLICA NO BOTÃO X DO LIMPA FILTRO
18-07-2024 05:10:52.928Z;functions.waitForImage;  FILTER CLEAN image not found.
18-07-2024 05:11:08.256Z;functions.waitForImage;  FILTER CLEAN image not found.
18-07-2024 05:11:08.256Z;functions.check_table_record;  VERIFICANDO SE A TABELA ESTÁ VAZIA
18-07-2024 05:11:11.415Z;functions.check_table_record;  Texto extraido 1/58
18-07-2024 05:11:11.415Z;functions.check_table_record;  Count 58
18-07-2024 05:11:11.415Z;functions.check_table_record;  Type <class 'int'>
18-07-2024 05:11:11.415Z;functions.check_table_record;  TABELA CONTÉM REGISTROS
18-07-2024 05:11:23.537Z;functions.select_tipo_documento;  NOME DA COLUNA: Tipo de Documento
18-07-2024 05:11:25.616Z;functions.select_tipo_documento;  HOVER NOME DA COLUNA: Tipo de Documento
18-07-2024 05:11:26.461Z;functions.select_tipo_documento;  CLICA NO FILTRO PERSONALIZAR
18-07-2024 05:11:29.100Z;functions.select_tipo_documento;  CLICA PARA SELECIONAR OPÇÕES DO FILTRO
18-07-2024 05:11:35.545Z;functions.select_tipo_documento;  FILTRO "NÃO É IGUAL A INV" DEFINIDO
18-07-2024 05:11:36.600Z;functions.select_tipo_documento;  CLICK BUTTON CONFIRMAR FILTRO
18-07-2024 05:11:41.603Z;functions.filter_IPTE;  VERIFICANDO O COD DO CLIENTE EM CADA REGISTRO
18-07-2024 05:11:43.350Z;functions.filter_IPTE;  CLICA NA PRIMEIRA LINHA DA TABELA
18-07-2024 05:12:07.055Z;functions.filter_IPTE;  HOVER FILTER
18-07-2024 05:12:08.858Z;functions.filter_IPTE;  CLICK FILTER
18-07-2024 05:12:13.192Z;functions.filter_IPTE;  CLICA NO FILTRO PERSONALIZAR
18-07-2024 05:12:55.600Z;functions.filter_IPTE;  MOVIDO PRA CIMA 100 VEZES
18-07-2024 05:13:31.693Z;functions.filter_IPTE;  MOVIDO PRA CIMA MAIS 100 VEZES
18-07-2024 05:13:47.319Z;functions.filter_IPTE;  TABELA NÃO CONTÉM REGISTROS
18-07-2024 05:13:47.319Z;functions.check_table_record;  VERIFICANDO SE A TABELA ESTÁ VAZIA
18-07-2024 05:13:50.400Z;functions.check_table_record;  Texto extraido 0/0
18-07-2024 05:13:50.400Z;functions.check_table_record;  Count 0
18-07-2024 05:13:50.400Z;functions.check_table_record;  Type <class 'int'>
18-07-2024 05:13:50.400Z;functions.check_table_record;  SEM REGISTROS
18-07-2024 05:13:52.410Z;main.<module>;  SEM REMESSA BANCÁRIA
18-07-2024 05:13:52.410Z;functions.movimentacao_bancaria;  AGUARDANDO 1
18-07-2024 05:13:53.662Z;functions.movimentacao_bancaria;  CLICA NA ABA MOVIMENTAÇÃO BANCARIA
18-07-2024 05:13:53.881Z;functions.waitForImage;  IMAGEM BORDERO image found.
18-07-2024 05:13:55.983Z;functions.movimentacao_bancaria;  IMAGEM BORDERO CLICADA.
18-07-2024 05:14:06.459Z;functions.waitForImage;  LICENCAS EXCEDIDAS image not found.
18-07-2024 05:14:07.183Z;functions.movimentacao_bancaria;  ENCONTROU O FILTRO DA MOVIMENTAÇÃO BANCÁRIA
18-07-2024 05:14:07.228Z;functions.movimentacao_bancaria;  CLICA NA ABA SUPERIOR DO FILTRO
18-07-2024 05:14:14.536Z;functions.movimentacao_bancaria;  SELECIONA O FILTRO HOJE
18-07-2024 05:14:34.584Z;functions.waitForImage;  FILTER CLEAN image not found.
18-07-2024 05:14:49.678Z;functions.waitForImage;  FILTER CLEAN image not found.
18-07-2024 05:15:04.772Z;functions.waitForImage;  FILTER CLEAN image not found.
18-07-2024 05:16:18.412Z;functions.movimentacao_bancaria;  SEM PROCESSAMENTO DE BORDERO
18-07-2024 05:16:43.428Z;functions.waitForImage;  FILTER CLEAN image not found.
18-07-2024 05:16:58.553Z;functions.waitForImage;  FILTER CLEAN image not found.
18-07-2024 05:17:13.787Z;functions.waitForImage;  FILTER CLEAN image not found.
18-07-2024 05:17:45.385Z;functions.processo_pagamento;  SEM REMESSA DE BORDERO AUTORIZADO
18-07-2024 05:17:46.490Z;functions.processo_pagamento;  FECHA ABA MOVIMENTAÇÕES BANCÁRIAS
18-07-2024 05:17:47.693Z;functions.enter_contas_a_pagar;  CLICK - TOTVS - LINHA RM
18-07-2024 05:17:49.630Z;functions.enter_contas_a_pagar;  CLICK - BACK OFFICE
18-07-2024 05:17:50.630Z;functions.enter_contas_a_pagar;  CLICK - GESTAO FINANCEIRA
18-07-2024 05:17:56.662Z;functions.enter_contas_a_pagar;  CLICK - CONTAS A PAGAR
18-07-2024 05:17:57.537Z;functions.waitForImage;  LANÇAMENTOS image found.
18-07-2024 05:17:59.671Z;functions.enter_contas_a_pagar;  CLICA EM LANÇAMENTOS
18-07-2024 05:18:15.224Z;functions.waitForImage;  LICENCAS EXCEDIDAS image not found.
18-07-2024 05:18:15.224Z;functions.obter_intervalo_data;  VERIFICANDO A HORA ATUAL 5
18-07-2024 05:18:15.240Z;functions.obter_intervalo_data;  Data Inicial BANCARIA antes da remoção: None
18-07-2024 05:18:15.240Z;functions.obter_intervalo_data;  Data Final BANCARIA antes da remoção: None
18-07-2024 05:18:15.240Z;functions.obter_intervalo_data;  Data Inicial BANCARIA após a remoção: None
18-07-2024 05:18:15.240Z;functions.obter_intervalo_data;  Data Final BANCARIA após a remoção: None
18-07-2024 05:18:15.240Z;functions.obter_intervalo_data;  hoje -  2024-07-18 05:18:15.240258
18-07-2024 05:18:15.240Z;functions.data_filter;  DATA INICIO 24-07-2024
18-07-2024 05:18:15.240Z;functions.data_filter;  DATA FIM 30-07-2024
18-07-2024 05:18:15.240Z;functions.data_filter;  CLICK - SELECIONA A DATA DE QUARTA FEIRA E DA PROXIMA TERÇA
18-07-2024 05:18:15.240Z;functions.data_filter;  QUARTA-FEIRA: 24-07-2024
18-07-2024 05:18:15.240Z;functions.data_filter;  TERCA-FEIRA: 30-07-2024
18-07-2024 05:18:32.066Z;functions.data_filter;  REMESSA BANCÁRIA - FILTRO DIGITADO
18-07-2024 05:18:33.099Z;functions.data_filter;  CLICK - BOTAO DE SELECAO DE FILTRO
18-07-2024 05:18:37.927Z;functions.data_filter;  INSERE - DATA DE QUARTA-FEIRA: 24-07-2024
18-07-2024 05:18:42.365Z;functions.data_filter;  INSERE - DATA DA PROX TERCA-FEIRA: 30-07-2024
18-07-2024 05:18:43.505Z;functions.data_filter;  CLICK - BOTAO DE EXECUTAR O FILTRO
18-07-2024 05:18:48.510Z;functions.desmark_filter;  AGUARDANDO 1
18-07-2024 05:18:50.755Z;functions.desmark_filter;  CLICK CHECKBOX LANÇAMENTOS A RECEBER
18-07-2024 05:18:53.256Z;functions.desmark_filter;  CLICK CHECKBOX LANÇAMENTOS BAIXADOS
18-07-2024 05:18:55.912Z;functions.desmark_filter;  CLICK CHECKBOX LANÇAMENTOS CANCELADOS
18-07-2024 05:18:58.662Z;functions.desmark_filter;  CLICK CHECKBOX LANÇAMENTOS FATURADOS
18-07-2024 05:19:01.365Z;functions.desmark_filter;  CLICK CHECKBOX LANÇAMENTOS FATURADOS
18-07-2024 05:19:06.537Z;functions.waitForImage;  FILTER CLEAN image found.
18-07-2024 05:19:08.645Z;functions.filter_clean;  CLICA NO BOTÃO X DO LIMPA FILTRO
18-07-2024 05:19:23.943Z;functions.waitForImage;  FILTER CLEAN image not found.
18-07-2024 05:19:39.255Z;functions.waitForImage;  FILTER CLEAN image not found.
18-07-2024 05:19:40.546Z;functions.filter_forma_pagamento;  CLICA NA PRIMEIRA LINHA DA TABELA
18-07-2024 05:19:40.880Z;functions.filter_forma_pagamento;  CLICK NA PRIMEIRA LINHA E COLUNA DA TABELA
18-07-2024 05:19:57.193Z;functions.filter_forma_pagamento;  160 PASSOS PARA DIREITA NA TABELA >>
18-07-2024 05:20:02.693Z;functions.filter_forma_pagamento;  HOVER NOME DA COLUNA FORMA DE PAGAMENTO
18-07-2024 05:20:04.513Z;functions.filter_forma_pagamento;  CLICA PARA APARECER O FILTRO PERSONALIZAR
18-07-2024 05:20:07.844Z;functions.filter_forma_pagamento;  CLICA NO FILTRO PERSONALIZAR
18-07-2024 05:20:20.318Z;functions.filter_forma_pagamento;  Texto extraido 0/0
18-07-2024 05:20:20.318Z;functions.filter_forma_pagamento;  Count 0
18-07-2024 05:20:20.318Z;functions.filter_forma_pagamento;  Type <class 'int'>
18-07-2024 05:20:20.318Z;functions.filter_forma_pagamento;  SEM REGISTROS
18-07-2024 05:20:22.321Z;functions.check_table_record;  VERIFICANDO SE A TABELA ESTÁ VAZIA
18-07-2024 05:20:25.177Z;functions.check_table_record;  Texto extraido 0/0
18-07-2024 05:20:25.177Z;functions.check_table_record;  Count 0
18-07-2024 05:20:25.177Z;functions.check_table_record;  Type <class 'int'>
18-07-2024 05:20:25.177Z;functions.check_table_record;  SEM REGISTROS
18-07-2024 05:20:29.180Z;main.<module>;  SEM REMESSA DE TED CIP
18-07-2024 05:20:30.099Z;functions.enter_contas_a_pagar;  CLICK - TOTVS - LINHA RM
18-07-2024 05:20:32.042Z;functions.enter_contas_a_pagar;  CLICK - BACK OFFICE
18-07-2024 05:20:34.849Z;functions.enter_contas_a_pagar;  CLICK - GESTAO FINANCEIRA
18-07-2024 05:20:40.849Z;functions.enter_contas_a_pagar;  CLICK - CONTAS A PAGAR
18-07-2024 05:20:41.005Z;functions.waitForImage;  LANÇAMENTOS image found.
18-07-2024 05:20:43.144Z;functions.enter_contas_a_pagar;  CLICA EM LANÇAMENTOS
18-07-2024 05:20:58.661Z;functions.waitForImage;  LICENCAS EXCEDIDAS image not found.
18-07-2024 05:20:58.661Z;functions.obter_intervalo_data;  VERIFICANDO A HORA ATUAL 5
18-07-2024 05:20:58.677Z;functions.obter_intervalo_data;  Data Inicial BANCARIA antes da remoção: None
18-07-2024 05:20:58.677Z;functions.obter_intervalo_data;  Data Final BANCARIA antes da remoção: None
18-07-2024 05:20:58.677Z;functions.obter_intervalo_data;  Data Inicial BANCARIA após a remoção: None
18-07-2024 05:20:58.677Z;functions.obter_intervalo_data;  Data Final BANCARIA após a remoção: None
18-07-2024 05:20:58.677Z;functions.obter_intervalo_data;  hoje -  2024-07-18 05:20:58.677425
18-07-2024 05:20:58.677Z;functions.data_filter;  DATA INICIO 24-07-2024
18-07-2024 05:20:58.677Z;functions.data_filter;  DATA FIM 30-07-2024
18-07-2024 05:20:58.677Z;functions.data_filter;  CLICK - SELECIONA A DATA DE QUARTA FEIRA E DA PROXIMA TERÇA
18-07-2024 05:20:58.677Z;functions.data_filter;  QUARTA-FEIRA: 24-07-2024
18-07-2024 05:20:58.677Z;functions.data_filter;  TERCA-FEIRA: 30-07-2024
18-07-2024 05:21:15.741Z;functions.data_filter;  REMESSA BANCÁRIA - FILTRO DIGITADO
18-07-2024 05:21:16.693Z;functions.data_filter;  CLICK - BOTAO DE SELECAO DE FILTRO
18-07-2024 05:21:21.427Z;functions.data_filter;  INSERE - DATA DE QUARTA-FEIRA: 24-07-2024
18-07-2024 05:21:25.771Z;functions.data_filter;  INSERE - DATA DA PROX TERCA-FEIRA: 30-07-2024
18-07-2024 05:21:26.913Z;functions.data_filter;  CLICK - BOTAO DE EXECUTAR O FILTRO
18-07-2024 05:21:31.916Z;functions.desmark_filter;  AGUARDANDO 1
18-07-2024 05:21:34.130Z;functions.desmark_filter;  CLICK CHECKBOX LANÇAMENTOS A RECEBER
18-07-2024 05:21:36.591Z;functions.desmark_filter;  CLICK CHECKBOX LANÇAMENTOS BAIXADOS
18-07-2024 05:21:38.942Z;functions.desmark_filter;  CLICK CHECKBOX LANÇAMENTOS CANCELADOS
18-07-2024 05:21:41.630Z;functions.desmark_filter;  CLICK CHECKBOX LANÇAMENTOS FATURADOS
18-07-2024 05:21:44.349Z;functions.desmark_filter;  CLICK CHECKBOX LANÇAMENTOS FATURADOS
18-07-2024 05:21:49.521Z;functions.waitForImage;  FILTER CLEAN image found.
18-07-2024 05:21:51.628Z;functions.filter_clean;  CLICA NO BOTÃO X DO LIMPA FILTRO
18-07-2024 05:22:07.069Z;functions.waitForImage;  FILTER CLEAN image not found.
18-07-2024 05:22:22.333Z;functions.waitForImage;  FILTER CLEAN image not found.
18-07-2024 05:22:23.817Z;functions.filter_forma_pagamento_branco;  CLICK NA PRIMEIRA LINHA E COLUNA DA TABELA
18-07-2024 05:22:40.144Z;functions.filter_forma_pagamento_branco;  160 PASSOS PARA DIREITA NA TABELA >>
18-07-2024 05:22:45.958Z;functions.filter_forma_pagamento_branco;  HOVER NOME DA COLUNA FORMA DE PAGAMENTO
18-07-2024 05:22:47.733Z;functions.filter_forma_pagamento_branco;  CLICA PARA APARECER O FILTRO PERSONALIZAR
18-07-2024 05:22:51.064Z;functions.filter_forma_pagamento_branco;  CLICA NO FILTRO PERSONALIZAR
18-07-2024 05:22:59.724Z;functions.filter_forma_pagamento_branco;  Texto extraido 9/9
18-07-2024 05:22:59.724Z;functions.filter_forma_pagamento_branco;  Count 9
18-07-2024 05:22:59.724Z;functions.filter_forma_pagamento_branco;  Type <class 'int'>
18-07-2024 05:22:59.724Z;functions.filter_forma_pagamento_branco;  TABELA CONTÉM REGISTROS
18-07-2024 05:23:02.661Z;functions.filter_forma_pagamento_branco;  MOVIDO PRA CIMA 9 VEZES
18-07-2024 05:23:06.660Z;functions.check_table_record;  VERIFICANDO SE A TABELA ESTÁ VAZIA
18-07-2024 05:23:09.427Z;functions.check_table_record;  Texto extraido 1/9
18-07-2024 05:23:09.427Z;functions.check_table_record;  Count 9
18-07-2024 05:23:09.427Z;functions.check_table_record;  Type <class 'int'>
18-07-2024 05:23:09.427Z;functions.check_table_record;  TABELA CONTÉM REGISTROS
18-07-2024 05:23:09.427Z;functions.check_ted_branco;  VERIFICANDO O COD DO CLIENTE EM CADA REGISTRO
18-07-2024 05:23:10.911Z;functions.check_ted_branco;  CLICA NA PRIMEIRA LINHA DA TABELA
18-07-2024 05:23:15.019Z;functions.check_ted_branco;  REFERNCIA: 981408
18-07-2024 05:23:15.019Z;functions.check_ted_branco;  CONTAGEM: 1
18-07-2024 05:23:15.322Z;functions.check_ted_branco;  ENTRANDO NO REGISTRO 
18-07-2024 05:23:35.661Z;functions.waitForImage;  INTEGRAÇÃO BANCÁRIA image found.
18-07-2024 05:23:35.794Z;functions.check_ted_branco;  CLICA EM INTEGRAÇÃO BANCÁRIA
18-07-2024 05:23:35.794Z;functions.check_ted_branco;  VERIFICANDO INFORMAÇÕES
18-07-2024 05:23:36.661Z;functions.waitForImage;  TRES PONTINHOS image found.
18-07-2024 05:23:49.309Z;functions.check_ted_branco;  VERIFICANDO SE TEM PIX NO FILTRO
18-07-2024 05:23:49.489Z;functions.waitForImage;  CHECANDO DADOS BANCÁRIOS PIX image found.
18-07-2024 05:23:51.492Z;functions.check_ted_branco;  PIX NÃO ENCONTRADO PARA REFERENCIA: 981408
18-07-2024 05:23:55.205Z;functions.check_ted_branco;  APERTA EM CANCELAR
18-07-2024 05:23:55.396Z;functions.waitForImage;  PRESS BUTTON OK image found.
18-07-2024 05:23:57.515Z;functions.click_ok;  PRESS BUTTON OK
18-07-2024 05:24:09.942Z;functions.waitForImage;  ERROR GENERICO image not found.
18-07-2024 05:24:15.052Z;functions.waitForImage;  ERROR FILTRO PIX image not found.
18-07-2024 05:24:19.164Z;functions.check_ted_branco;  PASSANDO PARA PRÓXIMO REGISTRO
18-07-2024 05:24:23.269Z;functions.check_ted_branco;  REFERNCIA: 978735
18-07-2024 05:24:23.269Z;functions.check_ted_branco;  CONTAGEM: 2
18-07-2024 05:24:23.571Z;functions.check_ted_branco;  ENTRANDO NO REGISTRO 
18-07-2024 05:24:29.692Z;functions.waitForImage;  INTEGRAÇÃO BANCÁRIA image found.
18-07-2024 05:24:29.826Z;functions.check_ted_branco;  CLICA EM INTEGRAÇÃO BANCÁRIA
18-07-2024 05:24:29.826Z;functions.check_ted_branco;  VERIFICANDO INFORMAÇÕES
18-07-2024 05:24:29.973Z;functions.waitForImage;  TRES PONTINHOS image found.
18-07-2024 05:24:42.599Z;functions.check_ted_branco;  VERIFICANDO SE TEM PIX NO FILTRO
18-07-2024 05:24:42.786Z;functions.waitForImage;  CHECANDO DADOS BANCÁRIOS PIX image found.
18-07-2024 05:24:44.800Z;functions.check_ted_branco;  PIX NÃO ENCONTRADO PARA REFERENCIA: 978735
18-07-2024 05:24:48.513Z;functions.check_ted_branco;  APERTA EM CANCELAR
18-07-2024 05:24:48.692Z;functions.waitForImage;  PRESS BUTTON OK image found.
18-07-2024 05:24:50.826Z;functions.click_ok;  PRESS BUTTON OK
18-07-2024 05:25:03.364Z;functions.waitForImage;  ERROR GENERICO image not found.
18-07-2024 05:25:08.521Z;functions.waitForImage;  ERROR FILTRO PIX image not found.
18-07-2024 05:25:12.632Z;functions.check_ted_branco;  PASSANDO PARA PRÓXIMO REGISTRO
18-07-2024 05:25:16.737Z;functions.check_ted_branco;  REFERNCIA: 980379
18-07-2024 05:25:16.737Z;functions.check_ted_branco;  CONTAGEM: 3
18-07-2024 05:25:17.039Z;functions.check_ted_branco;  ENTRANDO NO REGISTRO 
18-07-2024 05:25:23.114Z;functions.waitForImage;  INTEGRAÇÃO BANCÁRIA image found.
18-07-2024 05:25:23.264Z;functions.check_ted_branco;  CLICA EM INTEGRAÇÃO BANCÁRIA
18-07-2024 05:25:23.264Z;functions.check_ted_branco;  VERIFICANDO INFORMAÇÕES
18-07-2024 05:25:23.442Z;functions.waitForImage;  TRES PONTINHOS image found.
18-07-2024 05:25:36.069Z;functions.check_ted_branco;  VERIFICANDO SE TEM PIX NO FILTRO
18-07-2024 05:25:36.270Z;functions.waitForImage;  CHECANDO DADOS BANCÁRIOS PIX image found.
18-07-2024 05:25:38.272Z;functions.check_ted_branco;  PIX NÃO ENCONTRADO PARA REFERENCIA: 980379
18-07-2024 05:25:41.985Z;functions.check_ted_branco;  APERTA EM CANCELAR
18-07-2024 05:25:42.162Z;functions.waitForImage;  PRESS BUTTON OK image found.
18-07-2024 05:25:44.294Z;functions.click_ok;  PRESS BUTTON OK
18-07-2024 05:25:56.724Z;functions.waitForImage;  ERROR GENERICO image not found.
18-07-2024 05:26:01.937Z;functions.waitForImage;  ERROR FILTRO PIX image not found.
18-07-2024 05:26:06.041Z;functions.check_ted_branco;  PASSANDO PARA PRÓXIMO REGISTRO
18-07-2024 05:26:10.146Z;functions.check_ted_branco;  REFERNCIA: 981677
18-07-2024 05:26:10.146Z;functions.check_ted_branco;  CONTAGEM: 4
18-07-2024 05:26:10.447Z;functions.check_ted_branco;  ENTRANDO NO REGISTRO 
18-07-2024 05:26:17.379Z;functions.waitForImage;  INTEGRAÇÃO BANCÁRIA image found.
18-07-2024 05:26:17.520Z;functions.check_ted_branco;  CLICA EM INTEGRAÇÃO BANCÁRIA
18-07-2024 05:26:17.520Z;functions.check_ted_branco;  VERIFICANDO INFORMAÇÕES
18-07-2024 05:26:17.742Z;functions.waitForImage;  TRES PONTINHOS image found.
18-07-2024 05:26:30.368Z;functions.check_ted_branco;  VERIFICANDO SE TEM PIX NO FILTRO
18-07-2024 05:26:30.536Z;functions.waitForImage;  CHECANDO DADOS BANCÁRIOS PIX image found.
18-07-2024 05:26:32.547Z;functions.check_ted_branco;  PIX NÃO ENCONTRADO PARA REFERENCIA: 981677
18-07-2024 05:26:36.259Z;functions.check_ted_branco;  APERTA EM CANCELAR
18-07-2024 05:26:36.442Z;functions.waitForImage;  PRESS BUTTON OK image found.
18-07-2024 05:26:38.575Z;functions.click_ok;  PRESS BUTTON OK
18-07-2024 05:26:51.067Z;functions.waitForImage;  ERROR GENERICO image not found.
18-07-2024 05:26:56.208Z;functions.waitForImage;  ERROR FILTRO PIX image not found.
18-07-2024 05:27:00.316Z;functions.check_ted_branco;  PASSANDO PARA PRÓXIMO REGISTRO
18-07-2024 05:27:04.420Z;functions.check_ted_branco;  REFERNCIA: 981510
18-07-2024 05:27:04.420Z;functions.check_ted_branco;  CONTAGEM: 5
18-07-2024 05:27:04.722Z;functions.check_ted_branco;  ENTRANDO NO REGISTRO 
18-07-2024 05:27:10.864Z;functions.waitForImage;  INTEGRAÇÃO BANCÁRIA image found.
18-07-2024 05:27:10.982Z;functions.check_ted_branco;  CLICA EM INTEGRAÇÃO BANCÁRIA
18-07-2024 05:27:10.982Z;functions.check_ted_branco;  VERIFICANDO INFORMAÇÕES
18-07-2024 05:27:11.173Z;functions.waitForImage;  TRES PONTINHOS image found.
18-07-2024 05:27:23.808Z;functions.check_ted_branco;  VERIFICANDO SE TEM PIX NO FILTRO
18-07-2024 05:27:23.989Z;functions.waitForImage;  CHECANDO DADOS BANCÁRIOS PIX image found.
18-07-2024 05:27:25.995Z;functions.check_ted_branco;  PIX NÃO ENCONTRADO PARA REFERENCIA: 981510
18-07-2024 05:27:29.709Z;functions.check_ted_branco;  APERTA EM CANCELAR
18-07-2024 05:27:29.864Z;functions.waitForImage;  PRESS BUTTON OK image found.
18-07-2024 05:27:31.984Z;functions.click_ok;  PRESS BUTTON OK
18-07-2024 05:27:44.442Z;functions.waitForImage;  ERROR GENERICO image not found.
18-07-2024 05:27:49.551Z;functions.waitForImage;  ERROR FILTRO PIX image not found.
18-07-2024 05:27:53.661Z;functions.check_ted_branco;  PASSANDO PARA PRÓXIMO REGISTRO
18-07-2024 05:27:57.766Z;functions.check_ted_branco;  REFERNCIA: 981509
18-07-2024 05:27:57.766Z;functions.check_ted_branco;  CONTAGEM: 6
18-07-2024 05:27:58.068Z;functions.check_ted_branco;  ENTRANDO NO REGISTRO 
18-07-2024 05:28:04.262Z;functions.waitForImage;  INTEGRAÇÃO BANCÁRIA image found.
18-07-2024 05:28:04.387Z;functions.check_ted_branco;  CLICA EM INTEGRAÇÃO BANCÁRIA
18-07-2024 05:28:04.387Z;functions.check_ted_branco;  VERIFICANDO INFORMAÇÕES
18-07-2024 05:28:04.575Z;functions.waitForImage;  TRES PONTINHOS image found.
18-07-2024 05:28:17.202Z;functions.check_ted_branco;  VERIFICANDO SE TEM PIX NO FILTRO
18-07-2024 05:28:17.395Z;functions.waitForImage;  CHECANDO DADOS BANCÁRIOS PIX image found.
18-07-2024 05:28:19.409Z;functions.check_ted_branco;  PIX NÃO ENCONTRADO PARA REFERENCIA: 981509
18-07-2024 05:28:23.122Z;functions.check_ted_branco;  APERTA EM CANCELAR
18-07-2024 05:28:23.301Z;functions.waitForImage;  PRESS BUTTON OK image found.
18-07-2024 05:28:25.420Z;functions.click_ok;  PRESS BUTTON OK
18-07-2024 05:28:37.427Z;functions.waitForImage;  ERROR GENERICO image not found.
18-07-2024 05:28:42.661Z;functions.waitForImage;  ERROR FILTRO PIX image not found.
18-07-2024 05:28:46.765Z;functions.check_ted_branco;  PASSANDO PARA PRÓXIMO REGISTRO
18-07-2024 05:28:50.870Z;functions.check_ted_branco;  REFERNCIA: 753544
18-07-2024 05:28:50.870Z;functions.check_ted_branco;  CONTAGEM: 7
18-07-2024 05:28:51.172Z;functions.check_ted_branco;  ENTRANDO NO REGISTRO 
18-07-2024 05:28:57.285Z;functions.waitForImage;  INTEGRAÇÃO BANCÁRIA image found.
18-07-2024 05:28:57.418Z;functions.check_ted_branco;  CLICA EM INTEGRAÇÃO BANCÁRIA
18-07-2024 05:28:57.418Z;functions.check_ted_branco;  VERIFICANDO INFORMAÇÕES
18-07-2024 05:28:58.239Z;functions.waitForImage;  TRES PONTINHOS image found.
18-07-2024 05:29:10.867Z;functions.check_ted_branco;  VERIFICANDO SE TEM PIX NO FILTRO
18-07-2024 05:29:11.051Z;functions.waitForImage;  CHECANDO DADOS BANCÁRIOS PIX image found.
18-07-2024 05:29:13.054Z;functions.check_ted_branco;  PIX NÃO ENCONTRADO PARA REFERENCIA: 753544
18-07-2024 05:29:16.768Z;functions.check_ted_branco;  APERTA EM CANCELAR
18-07-2024 05:29:16.943Z;functions.waitForImage;  PRESS BUTTON OK image found.
18-07-2024 05:29:19.077Z;functions.click_ok;  PRESS BUTTON OK
18-07-2024 05:29:31.551Z;functions.waitForImage;  ERROR GENERICO image not found.
18-07-2024 05:29:36.583Z;functions.waitForImage;  ERROR FILTRO PIX image not found.
18-07-2024 05:29:40.705Z;functions.check_ted_branco;  PASSANDO PARA PRÓXIMO REGISTRO
18-07-2024 05:29:44.810Z;functions.check_ted_branco;  REFERNCIA: 753667
18-07-2024 05:29:44.810Z;functions.check_ted_branco;  CONTAGEM: 8
18-07-2024 05:29:45.112Z;functions.check_ted_branco;  ENTRANDO NO REGISTRO 
18-07-2024 05:29:52.583Z;functions.waitForImage;  INTEGRAÇÃO BANCÁRIA image found.
18-07-2024 05:29:52.700Z;functions.check_ted_branco;  CLICA EM INTEGRAÇÃO BANCÁRIA
18-07-2024 05:29:52.700Z;functions.check_ted_branco;  VERIFICANDO INFORMAÇÕES
18-07-2024 05:29:53.520Z;functions.waitForImage;  TRES PONTINHOS image found.
18-07-2024 05:30:06.155Z;functions.check_ted_branco;  VERIFICANDO SE TEM PIX NO FILTRO
18-07-2024 05:30:06.348Z;functions.waitForImage;  CHECANDO DADOS BANCÁRIOS PIX image found.
18-07-2024 05:30:08.353Z;functions.check_ted_branco;  PIX NÃO ENCONTRADO PARA REFERENCIA: 753667
18-07-2024 05:30:12.067Z;functions.check_ted_branco;  APERTA EM CANCELAR
18-07-2024 05:30:12.255Z;functions.waitForImage;  PRESS BUTTON OK image found.
18-07-2024 05:30:14.388Z;functions.click_ok;  PRESS BUTTON OK
18-07-2024 05:30:26.893Z;functions.waitForImage;  ERROR GENERICO image not found.
18-07-2024 05:30:31.895Z;functions.waitForImage;  ERROR FILTRO PIX image not found.
18-07-2024 05:30:35.998Z;functions.check_ted_branco;  PASSANDO PARA PRÓXIMO REGISTRO
18-07-2024 05:30:40.103Z;functions.check_ted_branco;  REFERNCIA: 753607
18-07-2024 05:30:40.103Z;functions.check_ted_branco;  CONTAGEM: 9
18-07-2024 05:30:40.405Z;functions.check_ted_branco;  ENTRANDO NO REGISTRO 
18-07-2024 05:30:47.211Z;functions.waitForImage;  INTEGRAÇÃO BANCÁRIA image found.
18-07-2024 05:30:47.326Z;functions.check_ted_branco;  CLICA EM INTEGRAÇÃO BANCÁRIA
18-07-2024 05:30:47.326Z;functions.check_ted_branco;  VERIFICANDO INFORMAÇÕES
18-07-2024 05:30:48.160Z;functions.waitForImage;  TRES PONTINHOS image found.
18-07-2024 05:31:00.790Z;functions.check_ted_branco;  VERIFICANDO SE TEM PIX NO FILTRO
18-07-2024 05:31:00.973Z;functions.waitForImage;  CHECANDO DADOS BANCÁRIOS PIX image found.
18-07-2024 05:31:02.981Z;functions.check_ted_branco;  PIX NÃO ENCONTRADO PARA REFERENCIA: 753607
18-07-2024 05:31:06.694Z;functions.check_ted_branco;  APERTA EM CANCELAR
18-07-2024 05:31:06.876Z;functions.waitForImage;  PRESS BUTTON OK image found.
18-07-2024 05:31:08.983Z;functions.click_ok;  PRESS BUTTON OK
18-07-2024 05:31:21.473Z;functions.waitForImage;  ERROR GENERICO image not found.
18-07-2024 05:31:26.519Z;functions.waitForImage;  ERROR FILTRO PIX image not found.
18-07-2024 05:31:26.519Z;functions.check_ted_branco;  FORAM VERIFICADOS: 9 REFERENCIAS NO PROCESSAMENTO FORMA DE PAGAMENTO ELETRONICA EM BRANCO
18-07-2024 05:31:29.067Z;errorhandler.__handle;  Property: Unknown Property name. [1:203: -ms-interpolation-mode]
18-07-2024 05:31:29.098Z;errorhandler.__handle;  Property: Unknown Property name. [1:353: -webkit-font-smoothing]
18-07-2024 05:31:29.114Z;errorhandler.__handle;  Property: Unknown Property name. [1:483: -ms-text-size-adjust]
18-07-2024 05:31:29.114Z;errorhandler.__handle;  Property: Unknown Property name. [1:518: -webkit-text-size-adjust]
18-07-2024 05:31:29.114Z;errorhandler.__handle;  Property: Unknown Property name. [1:612: mso-table-lspace]
18-07-2024 05:31:29.114Z;errorhandler.__handle;  Property: Unknown Property name. [1:642: mso-table-rspace]
18-07-2024 05:31:29.332Z;errorhandler.__handle;  Property: Unknown Property name. [1:4734: mso-hide]
18-07-2024 05:31:29.426Z;errorhandler.__handle;  Property: Unknown Property name. [1:13: -ms-interpolation-mode]
18-07-2024 05:31:29.426Z;errorhandler.__handle;  Property: Unknown Property name. [1:49: -webkit-font-smoothing]
18-07-2024 05:31:29.426Z;errorhandler.__handle;  Property: Unknown Property name. [1:134: -ms-text-size-adjust]
18-07-2024 05:31:29.426Z;errorhandler.__handle;  Property: Unknown Property name. [1:160: -webkit-text-size-adjust]
18-07-2024 05:31:29.426Z;errorhandler.__handle;  Property: Unknown Property name. [1:26: mso-table-lspace]
18-07-2024 05:31:29.426Z;errorhandler.__handle;  Property: Unknown Property name. [1:45: mso-table-rspace]
18-07-2024 05:31:29.457Z;errorhandler.__handle;  Property: Unknown Property name. [1:92: mso-hide]
18-07-2024 05:31:29.473Z;errorhandler.__handle;  Property: No ":" after name found: align-center [1:1: align-center]
18-07-2024 05:31:29.473Z;errorhandler.__handle;  Property: No property value found: align-center [1:1: align-center]
18-07-2024 05:31:29.473Z;errorhandler.__handle;  CSSStyleDeclaration: Syntax Error in Property: align-center
18-07-2024 05:31:29.473Z;errorhandler.__handle;  Property: Unknown Property name. [1:14: -ms-interpolation-mode]
18-07-2024 05:31:32.317Z;functions.emailFinalizado;  Warning e-mail sent.
18-07-2024 05:31:32.317Z;main.<module>;  Remessa Bancária TED CIP com filtro de pagamento eletronica em branco modificadas para pix 
 PASSO 3 FINALIZADO
18-07-2024 05:31:32.317Z;main.<module>;  O PROGRAMA SERÁ ENCERRADO
18-07-2024 05:31:34.317Z;errorhandler.__handle;  Property: Unknown Property name. [1:14: -ms-interpolation-mode]
18-07-2024 05:31:36.867Z;functions.emailFinalizado;  Warning e-mail sent.
18-07-2024 05:31:37.363Z;functions.end_RM;  RM ENCERRADO
