06-06-2024 23:51:08.819Z;functions.bot_text_art;      ____   
06-06-2024 23:51:08.819Z;functions.bot_text_art;     [____]    
06-06-2024 23:51:08.819Z;functions.bot_text_art;   |=]()()[=|  
06-06-2024 23:51:08.819Z;functions.bot_text_art;     _\==/__    _____    ____     _        _____    ___   _  __
06-06-2024 23:51:08.820Z;functions.bot_text_art;   |__|   |_|  |  _  \  / ___|   | |      |_   _| / ___| | |/ /
06-06-2024 23:51:08.820Z;functions.bot_text_art;   |_|_/\_|_|  | |  | | | |      | |        | |   | |    | ' / 
06-06-2024 23:51:08.820Z;functions.bot_text_art;   | | __ | |  | |  | | | |      | |        | |   | |    |  <  
06-06-2024 23:51:08.821Z;functions.bot_text_art;   |_|[  ]|_|  | |__| | | |____  | |____   _| |_  | |__  | . \ 
06-06-2024 23:51:08.824Z;functions.bot_text_art;   \_|_||_|_/  |_____/   \_____| |______| |_____| \ ___| |_|\_\
06-06-2024 23:51:08.824Z;functions.bot_text_art;     |_||_|                                                     
06-06-2024 23:51:08.824Z;functions.bot_text_art;     | ||_|_   
06-06-2024 23:51:08.824Z;functions.bot_text_art;   |___||___|  
06-06-2024 23:51:08.825Z;functions.bot_text_art;               
06-06-2024 23:51:08.831Z;functions.open_RM;  OPEN PROGRAM RM
06-06-2024 23:51:22.857Z;functions.loggin_RM;  ENTER USER_NAME
06-06-2024 23:51:27.267Z;functions.loggin_RM;  ENTER PASSWORD
06-06-2024 23:51:28.667Z;functions.loggin_RM;  ENTER RM
06-06-2024 23:53:35.480Z;functions.enter_coligada;  CLICK CONTEXTO
06-06-2024 23:53:37.570Z;functions.enter_coligada;  CLICK ALTERAR MODULO DO CONTEXTO
06-06-2024 23:53:40.210Z;functions.enter_coligada;  INSERE O COLIGADA CODE = 1
06-06-2024 23:53:40.339Z;functions.enter_coligada;  APERTA TAB PARA PREENCHER O CAMPO COM A STRING: OCEANICA ENGENHARIA E CONSULTORIA S.A.
06-06-2024 23:53:42.049Z;functions.enter_coligada;  CLICK AVANÇAR NOVAMENTE
06-06-2024 23:53:43.165Z;functions.enter_coligada;  CLICK CONCLUIR
06-06-2024 23:54:45.705Z;functions.enter_coligada;  POP UP COLIGADA DESAPARECER
06-06-2024 23:54:46.628Z;functions.check_movimentacao_bancaria;  CLICK - TOTVS - LINHA RM
06-06-2024 23:54:48.325Z;functions.check_movimentacao_bancaria;  CLICK - BACK OFFICE
06-06-2024 23:54:50.987Z;functions.check_movimentacao_bancaria;  CLICK - GESTAO FINANCEIRA
06-06-2024 23:54:56.865Z;functions.movimentacao_bancaria;  CLICA NA ABA MOVIMENTAÇÃO BANCARIA
06-06-2024 23:54:57.030Z;functions.waitForImage;  IMAGEM BORDERO image found.
06-06-2024 23:54:59.179Z;functions.movimentacao_bancaria;  IMAGEM BORDERO CLICADA.
06-06-2024 23:55:09.233Z;functions.waitForImage;  LICENCAS EXCEDIDAS image not found.
06-06-2024 23:55:10.117Z;functions.movimentacao_bancaria;  ENCONTROU O FILTRO DA MOVIMENTAÇÃO BANCÁRIA
06-06-2024 23:55:10.169Z;functions.movimentacao_bancaria;  CLICA NA ABA SUPERIOR DO FILTRO
06-06-2024 23:55:17.660Z;functions.movimentacao_bancaria;  SELECIONA O FILTRO HOJE
06-06-2024 23:55:22.863Z;functions.waitForImage;  FILTER CLEAN image found.
06-06-2024 23:55:25.035Z;functions.filter_clean;  CLICA NO BOTÃO X DO LIMPA FILTRO
06-06-2024 23:55:25.327Z;functions.waitForImage;  FILTER CLEAN image found.
06-06-2024 23:55:27.484Z;functions.filter_clean;  CLICA NO BOTÃO X DO LIMPA FILTRO
06-06-2024 23:55:43.078Z;functions.waitForImage;  FILTER CLEAN image not found.
06-06-2024 23:55:44.817Z;functions.movimentacao_bancaria;  CLICA NA PRIMEIRA LINHA DA TABELA MOVIMENTAÇÃO BANCÁRIA
06-06-2024 23:55:46.127Z;functions.movimentacao_bancaria;  CLICA NA PRIMEIRA LINHA DA TABELA MOVIMENTAÇÃO BANCÁRIA
06-06-2024 23:55:47.353Z;functions.movimentacao_bancaria;  12 PASSOS PARA DIREITA NA TABELA >>
06-06-2024 23:55:49.472Z;functions.movimentacao_bancaria;  HOVER FILTER
06-06-2024 23:55:49.948Z;functions.movimentacao_bancaria;  CLICK FILTER
06-06-2024 23:55:54.330Z;functions.movimentacao_bancaria;  CLICA NO FILTRO  STATUS DA REMESSA
06-06-2024 23:55:56.433Z;functions.movimentacao_bancaria;  APERTA TAB PARA ESCREVER O FILTRO
06-06-2024 23:55:58.550Z;functions.movimentacao_bancaria;  ESCREVE PENDENTE NO FILTRO
06-06-2024 23:56:00.654Z;functions.movimentacao_bancaria;  APERTA ENTER PARA SELECIONAR OS PENDENTES
06-06-2024 23:56:24.217Z;functions.movimentacao_bancaria;  SEM PROCESSAMENTO DE BORDERO PENDENTE
06-06-2024 23:56:34.428Z;functions.waitForImage;  FILTER CLEAN image found.
06-06-2024 23:56:36.555Z;functions.filter_clean;  CLICA NO BOTÃO X DO LIMPA FILTRO
06-06-2024 23:56:52.054Z;functions.waitForImage;  FILTER CLEAN image not found.
06-06-2024 23:57:07.702Z;functions.waitForImage;  FILTER CLEAN image not found.
06-06-2024 23:57:09.232Z;functions.processo_pagamento;  CLICA NA PRIMEIRA LINHA DA TABELA MOVIMENTAÇÃO BANCÁRIA
06-06-2024 23:57:11.058Z;functions.processo_pagamento;  HOVER FILTER
06-06-2024 23:57:11.588Z;functions.processo_pagamento;  CLICK FILTER
06-06-2024 23:57:15.937Z;functions.processo_pagamento;  CLICA NO FILTRO  STATUS DA REMESSA
06-06-2024 23:57:18.070Z;functions.processo_pagamento;  APERTA TAB PARA ESCREVER O FILTRO
06-06-2024 23:57:20.185Z;functions.processo_pagamento;  ESCREVE AUTORIZADO NO FILTRO
06-06-2024 23:57:22.288Z;functions.processo_pagamento;  APERTA ENTER PARA SELECIONAR OS AUTORIZADOS
06-06-2024 23:57:42.836Z;functions.processo_pagamento;  SEM REMESSA DE BORDERO AUTORIZADO
06-06-2024 23:57:43.951Z;functions.processo_pagamento;  FECHA ABA MOVIMENTAÇÕES BANCÁRIAS
06-06-2024 23:57:45.446Z;functions.enter_contas_a_pagar;  CLICK - TOTVS - LINHA RM
06-06-2024 23:57:46.733Z;functions.enter_contas_a_pagar;  CLICK - BACK OFFICE
06-06-2024 23:57:49.390Z;functions.enter_contas_a_pagar;  CLICK - GESTAO FINANCEIRA
06-06-2024 23:57:55.079Z;functions.enter_contas_a_pagar;  CLICK - CONTAS A PAGAR
06-06-2024 23:57:55.842Z;functions.waitForImage;  LANÇAMENTOS image found.
06-06-2024 23:57:58.035Z;functions.enter_contas_a_pagar;  CLICA EM LANÇAMENTOS
06-06-2024 23:58:13.262Z;functions.waitForImage;  LICENCAS EXCEDIDAS image not found.
06-06-2024 23:58:13.264Z;functions.obter_intervalo_data;  VERIFICANDO A HORA ATUAL 23
06-06-2024 23:58:13.295Z;functions.obter_intervalo_data;  Data Inicial BANCARIA antes da remoção: None
06-06-2024 23:58:13.296Z;functions.obter_intervalo_data;  Data Final BANCARIA antes da remoção: None
06-06-2024 23:58:13.301Z;functions.obter_intervalo_data;  Data Inicial BANCARIA após a remoção: None
06-06-2024 23:58:13.302Z;functions.obter_intervalo_data;  Data Final BANCARIA após a remoção: None
06-06-2024 23:58:13.302Z;functions.obter_intervalo_data;  hoje -  2024-06-06 23:58:13.302367
06-06-2024 23:58:13.302Z;functions.data_filter;  DATA INICIO 12-06-2024
06-06-2024 23:58:13.303Z;functions.data_filter;  DATA FIM 18-06-2024
06-06-2024 23:58:13.303Z;functions.data_filter;  CLICK - SELECIONA A DATA DE QUARTA FEIRA E DA PROXIMA TERÇA
06-06-2024 23:58:13.303Z;functions.data_filter;  QUARTA-FEIRA: 12-06-2024
06-06-2024 23:58:13.303Z;functions.data_filter;  TERCA-FEIRA: 18-06-2024
06-06-2024 23:58:23.173Z;functions.data_filter;  CLICK - BOTAO DE SELECAO DE FILTRO
06-06-2024 23:58:27.806Z;functions.data_filter;  INSERE - DATA DE QUARTA-FEIRA: 12-06-2024
06-06-2024 23:58:31.882Z;functions.data_filter;  INSERE - DATA DA PROX TERCA-FEIRA: 18-06-2024
06-06-2024 23:58:32.826Z;functions.data_filter;  CLICK - BOTAO DE EXECUTAR O FILTRO
