11-05-2024 07:00:09.585Z;functions.bot_text_art;      ____   
11-05-2024 07:00:09.585Z;functions.bot_text_art;     [____]    
11-05-2024 07:00:09.585Z;functions.bot_text_art;   |=]()()[=|  
11-05-2024 07:00:09.585Z;functions.bot_text_art;     _\==/__    _____    ____     _        _____    ___   _  __
11-05-2024 07:00:09.585Z;functions.bot_text_art;   |__|   |_|  |  _  \  / ___|   | |      |_   _| / ___| | |/ /
11-05-2024 07:00:09.585Z;functions.bot_text_art;   |_|_/\_|_|  | |  | | | |      | |        | |   | |    | ' / 
11-05-2024 07:00:09.585Z;functions.bot_text_art;   | | __ | |  | |  | | | |      | |        | |   | |    |  <  
11-05-2024 07:00:09.585Z;functions.bot_text_art;   |_|[  ]|_|  | |__| | | |____  | |____   _| |_  | |__  | . \ 
11-05-2024 07:00:09.585Z;functions.bot_text_art;   \_|_||_|_/  |_____/   \_____| |______| |_____| \ ___| |_|\_\
11-05-2024 07:00:09.585Z;functions.bot_text_art;     |_||_|                                                     
11-05-2024 07:00:09.585Z;functions.bot_text_art;     | ||_|_   
11-05-2024 07:00:09.585Z;functions.bot_text_art;   |___||___|  
11-05-2024 07:00:09.585Z;functions.bot_text_art;               
11-05-2024 07:00:09.585Z;functions.open_RM;  OPEN PROGRAM RM
11-05-2024 07:00:16.744Z;functions.loggin_RM;  ENTER USER_NAME
11-05-2024 07:00:20.554Z;functions.loggin_RM;  ENTER PASSWORD
11-05-2024 07:00:21.211Z;functions.loggin_RM;  ENTER RM
11-05-2024 07:02:27.507Z;functions.enter_coligada;  CLICK CONTEXTO
11-05-2024 07:02:29.038Z;functions.enter_coligada;  CLICK ALTERAR MODULO DO CONTEXTO
11-05-2024 07:02:31.326Z;functions.enter_coligada;  INSERE O COLIGADA CODE = 1
11-05-2024 07:02:31.427Z;functions.enter_coligada;  APERTA TAB PARA PREENCHER O CAMPO COM A STRING: OCEANICA ENGENHARIA E CONSULTORIA S.A.
11-05-2024 07:02:32.304Z;functions.enter_coligada;  CLICK AVANÇAR NOVAMENTE
11-05-2024 07:02:33.100Z;functions.enter_coligada;  CLICK CONCLUIR
11-05-2024 07:02:45.523Z;functions.enter_coligada;  POP UP COLIGADA DESAPARECER
11-05-2024 07:02:46.100Z;functions.check_movimentacao_bancaria;  CLICK - TOTVS - LINHA RM
11-05-2024 07:02:47.132Z;functions.check_movimentacao_bancaria;  CLICK - BACK OFFICE
11-05-2024 07:02:49.436Z;functions.check_movimentacao_bancaria;  CLICK - GESTAO FINANCEIRA
11-05-2024 07:02:52.226Z;functions.movimentacao_bancaria;  CLICA NA ABA MOVIMENTAÇÃO BANCARIA
11-05-2024 07:02:52.392Z;functions.waitForImage;  IMAGEM BORDERO image found.
11-05-2024 07:02:54.498Z;functions.movimentacao_bancaria;  IMAGEM BORDERO CLICADA.
11-05-2024 07:03:04.929Z;functions.waitForImage;  LICENCAS EXCEDIDAS image not found.
11-05-2024 07:03:05.492Z;functions.movimentacao_bancaria;  ENCONTROU O FILTRO DA MOVIMENTAÇÃO BANCÁRIA
11-05-2024 07:03:05.507Z;functions.movimentacao_bancaria;  CLICA NA ABA SUPERIOR DO FILTRO
11-05-2024 07:03:10.015Z;functions.movimentacao_bancaria;  SELECIONA O FILTRO HOJE
11-05-2024 07:03:15.110Z;functions.waitForImage;  FILTER CLEAN image found.
11-05-2024 07:03:17.230Z;functions.filter_clean;  CLICA NO BOTÃO X DO LIMPA FILTRO
11-05-2024 07:03:32.306Z;functions.waitForImage;  FILTER CLEAN image not found.
11-05-2024 07:03:47.406Z;functions.waitForImage;  FILTER CLEAN image not found.
11-05-2024 07:03:48.147Z;functions.movimentacao_bancaria;  CLICA NA PRIMEIRA LINHA DA TABELA MOVIMENTAÇÃO BANCÁRIA
11-05-2024 07:03:48.875Z;functions.movimentacao_bancaria;  CLICA NA PRIMEIRA LINHA DA TABELA MOVIMENTAÇÃO BANCÁRIA
11-05-2024 07:03:50.086Z;functions.movimentacao_bancaria;  12 PASSOS PARA DIREITA NA TABELA >>
11-05-2024 07:03:51.335Z;functions.movimentacao_bancaria;  HOVER FILTER
11-05-2024 07:03:51.667Z;functions.movimentacao_bancaria;  CLICK FILTER
11-05-2024 07:03:55.977Z;functions.movimentacao_bancaria;  CLICA NO FILTRO  STATUS DA REMESSA
11-05-2024 07:03:58.078Z;functions.movimentacao_bancaria;  APERTA TAB PARA ESCREVER O FILTRO
11-05-2024 07:04:00.183Z;functions.movimentacao_bancaria;  ESCREVE PENDENTE NO FILTRO
11-05-2024 07:04:02.285Z;functions.movimentacao_bancaria;  APERTA ENTER PARA SELECIONAR OS PENDENTES
11-05-2024 07:04:23.163Z;functions.movimentacao_bancaria;  SEM PROCESSAMENTO DE BORDERO PENDENTE
11-05-2024 07:04:33.257Z;functions.waitForImage;  FILTER CLEAN image found.
11-05-2024 07:04:35.380Z;functions.filter_clean;  CLICA NO BOTÃO X DO LIMPA FILTRO
11-05-2024 07:04:50.438Z;functions.waitForImage;  FILTER CLEAN image not found.
11-05-2024 07:05:05.571Z;functions.waitForImage;  FILTER CLEAN image not found.
11-05-2024 07:05:06.366Z;functions.processo_pagamento;  CLICA NA PRIMEIRA LINHA DA TABELA MOVIMENTAÇÃO BANCÁRIA
11-05-2024 07:05:07.835Z;functions.processo_pagamento;  HOVER FILTER
11-05-2024 07:05:08.131Z;functions.processo_pagamento;  CLICK FILTER
11-05-2024 07:05:12.444Z;functions.processo_pagamento;  CLICA NO FILTRO  STATUS DA REMESSA
11-05-2024 07:05:14.546Z;functions.processo_pagamento;  APERTA TAB PARA ESCREVER O FILTRO
11-05-2024 07:05:16.652Z;functions.processo_pagamento;  ESCREVE AUTORIZADO NO FILTRO
11-05-2024 07:05:18.753Z;functions.processo_pagamento;  APERTA ENTER PARA SELECIONAR OS AUTORIZADOS
11-05-2024 07:05:39.664Z;functions.processo_pagamento;  SEM REMESSA DE BORDERO AUTORIZADO
11-05-2024 07:05:40.766Z;functions.processo_pagamento;  FECHA ABA MOVIMENTAÇÕES BANCÁRIAS
11-05-2024 07:05:41.616Z;functions.enter_contas_a_pagar;  CLICK - TOTVS - LINHA RM
11-05-2024 07:05:42.554Z;functions.enter_contas_a_pagar;  CLICK - BACK OFFICE
11-05-2024 07:05:43.226Z;functions.enter_contas_a_pagar;  CLICK - GESTAO FINANCEIRA
11-05-2024 07:05:48.319Z;functions.enter_contas_a_pagar;  CLICK - CONTAS A PAGAR
11-05-2024 07:05:48.459Z;functions.waitForImage;  LANÇAMENTOS image found.
11-05-2024 07:05:50.580Z;functions.enter_contas_a_pagar;  CLICA EM LANÇAMENTOS
11-05-2024 07:06:06.052Z;functions.waitForImage;  LICENCAS EXCEDIDAS image not found.
11-05-2024 07:06:06.052Z;functions.obter_intervalo_data;  VERIFICANDO A HORA ATUAL 7
11-05-2024 07:06:06.052Z;functions.obter_intervalo_data;  Data Inicial BANCARIA antes da remoção: None
11-05-2024 07:06:06.052Z;functions.obter_intervalo_data;  Data Final BANCARIA antes da remoção: None
11-05-2024 07:06:06.052Z;functions.obter_intervalo_data;  Data Inicial BANCARIA após a remoção: None
11-05-2024 07:06:06.052Z;functions.obter_intervalo_data;  Data Final BANCARIA após a remoção: None
11-05-2024 07:06:06.052Z;functions.obter_intervalo_data;  hoje -  2024-05-11 07:06:06.052791
11-05-2024 07:06:06.052Z;functions.data_filter;  DATA INICIO 15-05-2024
11-05-2024 07:06:06.052Z;functions.data_filter;  DATA FIM 21-05-2024
11-05-2024 07:06:06.052Z;functions.data_filter;  CLICK - SELECIONA A DATA DE QUARTA FEIRA E DA PROXIMA TERÇA
11-05-2024 07:06:06.052Z;functions.data_filter;  QUARTA-FEIRA: 15-05-2024
11-05-2024 07:06:06.052Z;functions.data_filter;  TERCA-FEIRA: 21-05-2024
11-05-2024 07:06:14.523Z;functions.data_filter;  CLICK - BOTAO DE SELECAO DE FILTRO
11-05-2024 07:06:18.257Z;functions.data_filter;  INSERE - DATA DE QUARTA-FEIRA: 15-05-2024
11-05-2024 07:06:21.709Z;functions.data_filter;  INSERE - DATA DA PROX TERCA-FEIRA: 21-05-2024
11-05-2024 07:06:22.350Z;functions.data_filter;  CLICK - BOTAO DE EXECUTAR O FILTRO
11-05-2024 07:08:12.632Z;functions.desmark_filter;  CLICK CHECKBOX LANÇAMENTOS A RECEBER
11-05-2024 07:08:13.414Z;functions.desmark_filter;  CLICK CHECKBOX LANÇAMENTOS BAIXADOS
11-05-2024 07:08:14.226Z;functions.desmark_filter;  CLICK CHECKBOX LANÇAMENTOS CANCELADOS
11-05-2024 07:08:15.086Z;functions.desmark_filter;  CLICK CHECKBOX LANÇAMENTOS FATURADOS
11-05-2024 07:08:15.945Z;functions.desmark_filter;  CLICK CHECKBOX LANÇAMENTOS FATURADOS
11-05-2024 07:08:21.050Z;functions.waitForImage;  FILTER CLEAN image found.
11-05-2024 07:08:23.177Z;functions.filter_clean;  CLICA NO BOTÃO X DO LIMPA FILTRO
11-05-2024 07:08:38.240Z;functions.waitForImage;  FILTER CLEAN image not found.
11-05-2024 07:08:53.269Z;functions.waitForImage;  FILTER CLEAN image not found.
11-05-2024 07:08:53.269Z;functions.check_table_record;  VERIFICANDO SE A TABELA ESTÁ VAZIA
11-05-2024 07:08:54.179Z;functions.check_table_record;  Texto extraido 1/255
11-05-2024 07:08:54.179Z;functions.check_table_record;  Count 255
11-05-2024 07:08:54.179Z;functions.check_table_record;  Type <class 'int'>
11-05-2024 07:08:54.179Z;functions.check_table_record;  TABELA CONTÉM REGISTROS
11-05-2024 07:09:05.008Z;functions.select_tipo_documento;  NOME DA COLUNA: Tipo de Documento
11-05-2024 07:09:06.211Z;functions.select_tipo_documento;  HOVER NOME DA COLUNA: Tipo de Documento
11-05-2024 07:09:06.794Z;functions.select_tipo_documento;  CLICA NO FILTRO PERSONALIZAR
11-05-2024 07:09:07.523Z;functions.select_tipo_documento;  CLICA PARA SELECIONAR OPÇÕES DO FILTRO
11-05-2024 07:09:14.533Z;functions.select_tipo_documento;  CLICK BUTTON CONFIRMAR FILTRO
11-05-2024 07:09:19.534Z;functions.filter_IPTE;  VERIFICANDO O COD DO CLIENTE EM CADA REGISTRO
11-05-2024 07:09:20.273Z;functions.filter_IPTE;  CLICA NA PRIMEIRA LINHA DA TABELA
11-05-2024 07:09:40.054Z;functions.filter_IPTE;  HOVER FILTER
11-05-2024 07:09:40.623Z;functions.filter_IPTE;  CLICK FILTER
11-05-2024 07:09:44.934Z;functions.filter_IPTE;  CLICA NO FILTRO PERSONALIZAR
11-05-2024 07:09:52.798Z;functions.check_table_record;  VERIFICANDO SE A TABELA ESTÁ VAZIA
11-05-2024 07:09:53.695Z;functions.check_table_record;  Texto extraido 1/1
11-05-2024 07:09:53.695Z;functions.check_table_record;  Count 1
11-05-2024 07:09:53.695Z;functions.check_table_record;  Type <class 'int'>
11-05-2024 07:09:53.695Z;functions.check_table_record;  TABELA CONTÉM REGISTROS
11-05-2024 07:09:53.695Z;functions.check_payment_type;  VERIFICANDO O COD DO CLIENTE EM CADA REGISTRO
11-05-2024 07:09:54.413Z;functions.check_payment_type;  CLICA NA PRIMEIRA LINHA DA TABELA
11-05-2024 07:10:02.516Z;functions.check_payment_type;  REF. LANÇAMENTO: 943356
11-05-2024 07:10:02.618Z;functions.check_payment_type;  ENTRANDO NO REGISTRO
11-05-2024 07:10:07.148Z;functions.waitForImage;  INTEGRAÇÃO BANCÁRIA image found.
11-05-2024 07:10:09.281Z;functions.check_payment_type;  CLICA EM INTEGRAÇÃO BANCÁRIA
11-05-2024 07:10:09.281Z;functions.check_payment_type;  VERIFICANDO INFORMAÇÕES
11-05-2024 07:10:12.376Z;functions.waitForImage;  DADOS BANCARIOS image found.
11-05-2024 07:10:12.507Z;functions.check_payment_type;  DADOS BANCARIOS
11-05-2024 07:10:14.508Z;functions.check_payment_type;  ENTROU DADOS BANCÁRIOS
11-05-2024 07:10:14.609Z;functions.check_payment_type;  APERTA TAB
11-05-2024 07:10:18.813Z;functions.waitForImage;  PRESS BUTTON OK image found.
11-05-2024 07:10:20.937Z;functions.click_ok;  PRESS BUTTON OK
11-05-2024 07:10:25.032Z;functions.waitForImage;  PRESS BUTTON OK image found.
11-05-2024 07:10:27.145Z;functions.click_ok;  PRESS BUTTON OK
11-05-2024 07:10:31.247Z;functions.check_payment_type;  INCLUIDOS: 943356 REFERENCIAS NO PROCESSAMENTO
11-05-2024 07:10:31.247Z;functions.check_payment_type;  FORAM INCLUIDOS: 1 REFERENCIAS NO PROCESSAMENTO
11-05-2024 07:10:35.960Z;functions.process_lancamentos;  CLICA PARA APARECER CONTA/CAIXA
11-05-2024 07:10:36.651Z;functions.process_lancamentos;  SELECIONA CONTA/CAIXA
11-05-2024 07:10:37.366Z;functions.process_lancamentos;  CLICA NO BOTÃO [...]
11-05-2024 07:10:42.472Z;functions.process_lancamentos;  CLICA NO CAMPO PESQUISA E DIGITA: %3212
11-05-2024 07:10:43.132Z;functions.process_lancamentos;  CLICA NO BOTÃO DO FILTRO
11-05-2024 07:10:43.846Z;functions.process_lancamentos;  CLICA NO BOTÃO OK
11-05-2024 07:10:44.585Z;functions.process_lancamentos;  CLICA NO BOTÃO EXECUTAR
11-05-2024 07:11:13.703Z;functions.waitForImage;  PRESS BUTTON OK image not found.
11-05-2024 07:11:13.703Z;functions.process_lancamentos;  LANÇAMENTO COM ERRO
11-05-2024 07:11:20.634Z;functions.process_lancamentos;  ERRO: Lançamento Ref. 943356: Convênio alterado para o convênio default '7' da conta Caixa '02675-5' .
Não foi possível alterar o lançamento 1-943356:
O cliente/fornecedor "010432" está inativo.

   at RM.Fin.CliFor.FinCFOMod.ValidaCliFor(IFinCFOValidacaoPar cliFor)
   at RM.Fin.Lan.Manutencao.FinLanManutencaoValidacaoObj.ConsisteCliFor(FinLanCxt lanCxt, FinLanValidateEnum autorizaLan, Boolean validaDadosCliFor, DateTime dataSistema)
   at RM.Fin.Lan.Manutencao.FinLanManutencaoValidacaoObj.ConsisteCamposDefaultPreenchimento(FinLanCxt context)
   at RM.Fin.Lan.Manutencao.FinLanMasterSbc`1.DoValidateContext(TContext context)
   at RM.Fin.Lan.Alteracao.FinLanMasterSbc`1.DoValidateContext(TContext context)
   at RM.Lib.Subscriber.RMSSubscriberSimple`1.ValidateContext(TContext context)
   at RM.Lib.Subscriber.RMSSubscriberController`2.DoPrepareSubscriber(List`1 contextList, Boolean initializeSubscriber)
   at RM.Lib.Subscriber.RMSSubscriberController`2.ExecuteOneLog(List`1 listParam, Int32 lenPackageCxt, Object ownerData)
*********************************************






11-05-2024 07:11:20.634Z;functions.process_lancamentos;  CORRESPONDENCIA ['943356']
11-05-2024 07:11:20.634Z;functions.process_lancamentos;  NUMERO DE REFERENCIAS QUE SERÃO TIRADOS DA REMESSA ['943356']
11-05-2024 07:11:21.226Z;functions.process_lancamentos;  CLICK EM FECHAR.
11-05-2024 07:13:16.726Z;functions.process_lancamentos;  NUMERO DE REFERENCIAS QUE SERAO TIRADOS IGUAL AO NUMERO DE REGISTROS
11-05-2024 07:13:16.726Z;functions.process_lancamentos;  PASSAR PARA O PRÓXIMO LANCAMENTO
11-05-2024 07:13:17.413Z;functions.movimentacao_bancaria;  CLICA NA ABA MOVIMENTAÇÃO BANCARIA
11-05-2024 07:13:17.530Z;functions.waitForImage;  IMAGEM BORDERO image found.
11-05-2024 07:13:19.643Z;functions.movimentacao_bancaria;  IMAGEM BORDERO CLICADA.
11-05-2024 07:13:30.024Z;functions.waitForImage;  LICENCAS EXCEDIDAS image not found.
11-05-2024 07:13:30.571Z;functions.movimentacao_bancaria;  ENCONTROU O FILTRO DA MOVIMENTAÇÃO BANCÁRIA
11-05-2024 07:13:30.587Z;functions.movimentacao_bancaria;  CLICA NA ABA SUPERIOR DO FILTRO
11-05-2024 07:13:35.095Z;functions.movimentacao_bancaria;  SELECIONA O FILTRO HOJE
11-05-2024 07:13:40.191Z;functions.waitForImage;  FILTER CLEAN image found.
11-05-2024 07:13:42.310Z;functions.filter_clean;  CLICA NO BOTÃO X DO LIMPA FILTRO
11-05-2024 07:13:57.381Z;functions.waitForImage;  FILTER CLEAN image not found.
11-05-2024 07:14:12.476Z;functions.waitForImage;  FILTER CLEAN image not found.
11-05-2024 07:14:13.226Z;functions.movimentacao_bancaria;  CLICA NA PRIMEIRA LINHA DA TABELA MOVIMENTAÇÃO BANCÁRIA
11-05-2024 07:14:13.945Z;functions.movimentacao_bancaria;  CLICA NA PRIMEIRA LINHA DA TABELA MOVIMENTAÇÃO BANCÁRIA
11-05-2024 07:14:15.170Z;functions.movimentacao_bancaria;  12 PASSOS PARA DIREITA NA TABELA >>
11-05-2024 07:14:16.430Z;functions.movimentacao_bancaria;  HOVER FILTER
11-05-2024 07:14:16.723Z;functions.movimentacao_bancaria;  CLICK FILTER
11-05-2024 07:14:21.035Z;functions.movimentacao_bancaria;  CLICA NO FILTRO  STATUS DA REMESSA
11-05-2024 07:14:23.136Z;functions.movimentacao_bancaria;  APERTA TAB PARA ESCREVER O FILTRO
11-05-2024 07:14:25.242Z;functions.movimentacao_bancaria;  ESCREVE PENDENTE NO FILTRO
11-05-2024 07:14:27.343Z;functions.movimentacao_bancaria;  APERTA ENTER PARA SELECIONAR OS PENDENTES
11-05-2024 07:14:48.257Z;functions.movimentacao_bancaria;  SEM PROCESSAMENTO DE BORDERO PENDENTE
11-05-2024 07:14:58.352Z;functions.waitForImage;  FILTER CLEAN image found.
11-05-2024 07:15:00.472Z;functions.filter_clean;  CLICA NO BOTÃO X DO LIMPA FILTRO
11-05-2024 07:15:15.592Z;functions.waitForImage;  FILTER CLEAN image not found.
11-05-2024 07:15:30.693Z;functions.waitForImage;  FILTER CLEAN image not found.
11-05-2024 07:15:31.539Z;functions.processo_pagamento;  CLICA NA PRIMEIRA LINHA DA TABELA MOVIMENTAÇÃO BANCÁRIA
11-05-2024 07:15:32.836Z;functions.processo_pagamento;  HOVER FILTER
11-05-2024 07:15:33.125Z;functions.processo_pagamento;  CLICK FILTER
11-05-2024 07:15:37.435Z;functions.processo_pagamento;  CLICA NO FILTRO  STATUS DA REMESSA
11-05-2024 07:15:39.536Z;functions.processo_pagamento;  APERTA TAB PARA ESCREVER O FILTRO
11-05-2024 07:15:41.643Z;functions.processo_pagamento;  ESCREVE AUTORIZADO NO FILTRO
11-05-2024 07:15:43.745Z;functions.processo_pagamento;  APERTA ENTER PARA SELECIONAR OS AUTORIZADOS
11-05-2024 07:16:04.695Z;functions.processo_pagamento;  SEM REMESSA DE BORDERO AUTORIZADO
11-05-2024 07:16:05.796Z;functions.processo_pagamento;  FECHA ABA MOVIMENTAÇÕES BANCÁRIAS
11-05-2024 07:16:06.648Z;functions.enter_contas_a_pagar;  CLICK - TOTVS - LINHA RM
11-05-2024 07:16:07.589Z;functions.enter_contas_a_pagar;  CLICK - BACK OFFICE
11-05-2024 07:16:08.289Z;functions.enter_contas_a_pagar;  CLICK - GESTAO FINANCEIRA
11-05-2024 07:16:13.320Z;functions.enter_contas_a_pagar;  CLICK - CONTAS A PAGAR
11-05-2024 07:16:13.408Z;functions.waitForImage;  LANÇAMENTOS image found.
11-05-2024 07:16:15.536Z;functions.enter_contas_a_pagar;  CLICA EM LANÇAMENTOS
11-05-2024 07:16:30.873Z;functions.waitForImage;  LICENCAS EXCEDIDAS image not found.
11-05-2024 07:16:30.874Z;functions.obter_intervalo_data;  VERIFICANDO A HORA ATUAL 7
11-05-2024 07:16:30.875Z;functions.obter_intervalo_data;  Data Inicial BANCARIA antes da remoção: None
11-05-2024 07:16:30.876Z;functions.obter_intervalo_data;  Data Final BANCARIA antes da remoção: None
11-05-2024 07:16:30.876Z;functions.obter_intervalo_data;  Data Inicial BANCARIA após a remoção: None
11-05-2024 07:16:30.876Z;functions.obter_intervalo_data;  Data Final BANCARIA após a remoção: None
11-05-2024 07:16:30.876Z;functions.obter_intervalo_data;  hoje -  2024-05-11 07:16:30.876602
11-05-2024 07:16:30.877Z;functions.data_filter;  DATA INICIO 15-05-2024
11-05-2024 07:16:30.877Z;functions.data_filter;  DATA FIM 21-05-2024
11-05-2024 07:16:30.877Z;functions.data_filter;  CLICK - SELECIONA A DATA DE QUARTA FEIRA E DA PROXIMA TERÇA
11-05-2024 07:16:30.877Z;functions.data_filter;  QUARTA-FEIRA: 15-05-2024
11-05-2024 07:16:30.877Z;functions.data_filter;  TERCA-FEIRA: 21-05-2024
11-05-2024 07:16:39.304Z;functions.data_filter;  CLICK - BOTAO DE SELECAO DE FILTRO
11-05-2024 07:16:43.023Z;functions.data_filter;  INSERE - DATA DE QUARTA-FEIRA: 15-05-2024
11-05-2024 07:16:46.491Z;functions.data_filter;  INSERE - DATA DA PROX TERCA-FEIRA: 21-05-2024
11-05-2024 07:16:47.132Z;functions.data_filter;  CLICK - BOTAO DE EXECUTAR O FILTRO
11-05-2024 07:18:50.886Z;functions.desmark_filter;  CLICK CHECKBOX LANÇAMENTOS A RECEBER
11-05-2024 07:18:51.671Z;functions.desmark_filter;  CLICK CHECKBOX LANÇAMENTOS BAIXADOS
11-05-2024 07:18:52.492Z;functions.desmark_filter;  CLICK CHECKBOX LANÇAMENTOS CANCELADOS
11-05-2024 07:18:53.366Z;functions.desmark_filter;  CLICK CHECKBOX LANÇAMENTOS FATURADOS
11-05-2024 07:18:54.242Z;functions.desmark_filter;  CLICK CHECKBOX LANÇAMENTOS FATURADOS
11-05-2024 07:18:59.341Z;functions.waitForImage;  FILTER CLEAN image found.
11-05-2024 07:19:01.449Z;functions.filter_clean;  CLICA NO BOTÃO X DO LIMPA FILTRO
11-05-2024 07:19:16.601Z;functions.waitForImage;  FILTER CLEAN image not found.
11-05-2024 07:19:31.657Z;functions.waitForImage;  FILTER CLEAN image not found.
11-05-2024 07:19:32.304Z;functions.filter_forma_pagamento;  CLICA NA PRIMEIRA LINHA DA TABELA
11-05-2024 07:19:32.398Z;functions.filter_forma_pagamento;  CLICK NA PRIMEIRA LINHA E COLUNA DA TABELA
11-05-2024 07:19:48.534Z;functions.filter_forma_pagamento;  160 PASSOS PARA DIREITA NA TABELA >>
11-05-2024 07:19:51.039Z;functions.filter_forma_pagamento;  HOVER NOME DA COLUNA FORMA DE PAGAMENTO
11-05-2024 07:19:51.661Z;functions.filter_forma_pagamento;  CLICA PARA APARECER O FILTRO PERSONALIZAR
11-05-2024 07:19:54.972Z;functions.filter_forma_pagamento;  CLICA NO FILTRO PERSONALIZAR
11-05-2024 07:20:05.304Z;functions.filter_forma_pagamento;  Texto extraido 0/0
11-05-2024 07:20:05.304Z;functions.filter_forma_pagamento;  Count 0
11-05-2024 07:20:05.304Z;functions.filter_forma_pagamento;  Type <class 'int'>
11-05-2024 07:20:05.304Z;functions.filter_forma_pagamento;  SEM REGISTROS
11-05-2024 07:20:07.320Z;functions.check_table_record;  VERIFICANDO SE A TABELA ESTÁ VAZIA
11-05-2024 07:20:08.226Z;functions.check_table_record;  Texto extraido 0/0
11-05-2024 07:20:08.226Z;functions.check_table_record;  Count 0
11-05-2024 07:20:08.226Z;functions.check_table_record;  Type <class 'int'>
11-05-2024 07:20:08.226Z;functions.check_table_record;  SEM REGISTROS
11-05-2024 07:20:12.233Z;main.<module>;  SEM REMESSA DE TED CIP
11-05-2024 07:20:12.836Z;functions.enter_contas_a_pagar;  CLICK - TOTVS - LINHA RM
11-05-2024 07:20:13.991Z;functions.enter_contas_a_pagar;  CLICK - BACK OFFICE
11-05-2024 07:20:14.684Z;functions.enter_contas_a_pagar;  CLICK - GESTAO FINANCEIRA
11-05-2024 07:20:19.862Z;functions.enter_contas_a_pagar;  CLICK - CONTAS A PAGAR
11-05-2024 07:20:19.980Z;functions.waitForImage;  LANÇAMENTOS image found.
11-05-2024 07:20:22.084Z;functions.enter_contas_a_pagar;  CLICA EM LANÇAMENTOS
11-05-2024 07:20:37.427Z;functions.waitForImage;  LICENCAS EXCEDIDAS image not found.
11-05-2024 07:20:37.427Z;functions.obter_intervalo_data;  VERIFICANDO A HORA ATUAL 7
11-05-2024 07:20:37.427Z;functions.obter_intervalo_data;  Data Inicial BANCARIA antes da remoção: None
11-05-2024 07:20:37.427Z;functions.obter_intervalo_data;  Data Final BANCARIA antes da remoção: None
11-05-2024 07:20:37.427Z;functions.obter_intervalo_data;  Data Inicial BANCARIA após a remoção: None
11-05-2024 07:20:37.427Z;functions.obter_intervalo_data;  Data Final BANCARIA após a remoção: None
11-05-2024 07:20:37.427Z;functions.obter_intervalo_data;  hoje -  2024-05-11 07:20:37.427920
11-05-2024 07:20:37.427Z;functions.data_filter;  DATA INICIO 15-05-2024
11-05-2024 07:20:37.427Z;functions.data_filter;  DATA FIM 21-05-2024
11-05-2024 07:20:37.427Z;functions.data_filter;  CLICK - SELECIONA A DATA DE QUARTA FEIRA E DA PROXIMA TERÇA
11-05-2024 07:20:37.427Z;functions.data_filter;  QUARTA-FEIRA: 15-05-2024
11-05-2024 07:20:37.427Z;functions.data_filter;  TERCA-FEIRA: 21-05-2024
11-05-2024 07:20:45.852Z;functions.data_filter;  CLICK - BOTAO DE SELECAO DE FILTRO
11-05-2024 07:20:49.571Z;functions.data_filter;  INSERE - DATA DE QUARTA-FEIRA: 15-05-2024
11-05-2024 07:20:53.023Z;functions.data_filter;  INSERE - DATA DA PROX TERCA-FEIRA: 21-05-2024
11-05-2024 07:20:53.648Z;functions.data_filter;  CLICK - BOTAO DE EXECUTAR O FILTRO
11-05-2024 07:22:46.164Z;functions.desmark_filter;  CLICK CHECKBOX LANÇAMENTOS A RECEBER
11-05-2024 07:22:46.983Z;functions.desmark_filter;  CLICK CHECKBOX LANÇAMENTOS BAIXADOS
11-05-2024 07:22:47.804Z;functions.desmark_filter;  CLICK CHECKBOX LANÇAMENTOS CANCELADOS
11-05-2024 07:22:48.679Z;functions.desmark_filter;  CLICK CHECKBOX LANÇAMENTOS FATURADOS
11-05-2024 07:22:49.554Z;functions.desmark_filter;  CLICK CHECKBOX LANÇAMENTOS FATURADOS
11-05-2024 07:22:54.663Z;functions.waitForImage;  FILTER CLEAN image found.
11-05-2024 07:22:56.772Z;functions.filter_clean;  CLICA NO BOTÃO X DO LIMPA FILTRO
11-05-2024 07:23:11.859Z;functions.waitForImage;  FILTER CLEAN image not found.
11-05-2024 07:23:26.989Z;functions.waitForImage;  FILTER CLEAN image not found.
11-05-2024 07:23:27.730Z;functions.filter_forma_pagamento_branco;  CLICK NA PRIMEIRA LINHA E COLUNA DA TABELA
11-05-2024 07:23:43.865Z;functions.filter_forma_pagamento_branco;  160 PASSOS PARA DIREITA NA TABELA >>
11-05-2024 07:23:46.180Z;functions.filter_forma_pagamento_branco;  HOVER NOME DA COLUNA FORMA DE PAGAMENTO
11-05-2024 07:23:46.807Z;functions.filter_forma_pagamento_branco;  CLICA PARA APARECER O FILTRO PERSONALIZAR
11-05-2024 07:23:50.120Z;functions.filter_forma_pagamento_branco;  CLICA NO FILTRO PERSONALIZAR
11-05-2024 07:23:56.633Z;functions.filter_forma_pagamento_branco;  Texto extraido 1/233
11-05-2024 07:23:56.633Z;functions.filter_forma_pagamento_branco;  Count 233
11-05-2024 07:23:56.633Z;functions.filter_forma_pagamento_branco;  Type <class 'int'>
11-05-2024 07:23:56.633Z;functions.filter_forma_pagamento_branco;  TABELA CONTÉM REGISTROS
11-05-2024 07:24:45.196Z;functions.filter_forma_pagamento_branco;  MOVIDO PRA CIMA 233 VEZES
11-05-2024 07:24:48.110Z;functions.check_table_record;  VERIFICANDO SE A TABELA ESTÁ VAZIA
11-05-2024 07:24:49.023Z;functions.check_table_record;  Texto extraido 1/233
11-05-2024 07:24:49.023Z;functions.check_table_record;  Count 233
11-05-2024 07:24:49.023Z;functions.check_table_record;  Type <class 'int'>
11-05-2024 07:24:49.023Z;functions.check_table_record;  TABELA CONTÉM REGISTROS
11-05-2024 07:24:49.023Z;functions.check_ted_branco;  VERIFICANDO O COD DO CLIENTE EM CADA REGISTRO
11-05-2024 07:24:49.835Z;functions.check_ted_branco;  CLICA NA PRIMEIRA LINHA DA TABELA
11-05-2024 07:24:53.939Z;functions.check_ted_branco;  REFERNCIA: 938380
11-05-2024 07:24:54.240Z;functions.check_ted_branco;  ENTRANDO NO REGISTRO 
11-05-2024 07:24:57.454Z;functions.waitForImage;  INTEGRAÇÃO BANCÁRIA image found.
11-05-2024 07:24:57.588Z;functions.check_ted_branco;  CLICA EM INTEGRAÇÃO BANCÁRIA
11-05-2024 07:24:57.588Z;functions.check_ted_branco;  VERIFICANDO INFORMAÇÕES
11-05-2024 07:24:57.712Z;functions.waitForImage;  TRES PONTINHOS image found.
11-05-2024 07:25:08.227Z;functions.check_ted_branco;  VERIFICANDO SE TEM PIX NO FILTRO
11-05-2024 07:25:08.321Z;functions.waitForImage;  CHECANDO DADOS BANCÁRIOS PIX image found.
11-05-2024 07:25:10.330Z;functions.check_ted_branco;  PIX NÃO ENCONTRADO PARA REFERENCIA: 938380
11-05-2024 07:25:14.036Z;functions.check_ted_branco;  APERTA EM CANCELAR
11-05-2024 07:25:14.130Z;functions.waitForImage;  PRESS BUTTON OK image found.
11-05-2024 07:25:16.263Z;functions.click_ok;  PRESS BUTTON OK
11-05-2024 07:25:28.604Z;functions.waitForImage;  ERROR GENERICO image not found.
11-05-2024 07:25:34.182Z;functions.waitForImage;  ERROR FILTRO PIX image not found.
11-05-2024 07:25:38.295Z;functions.check_ted_branco;  PASSANDO PARA PRÓXIMO REGISTRO
11-05-2024 07:25:42.398Z;functions.check_ted_branco;  REFERNCIA: 945676
11-05-2024 07:25:42.699Z;functions.check_ted_branco;  ENTRANDO NO REGISTRO 
11-05-2024 07:25:45.899Z;functions.waitForImage;  INTEGRAÇÃO BANCÁRIA image found.
11-05-2024 07:25:46.031Z;functions.check_ted_branco;  CLICA EM INTEGRAÇÃO BANCÁRIA
11-05-2024 07:25:46.031Z;functions.check_ted_branco;  VERIFICANDO INFORMAÇÕES
11-05-2024 07:25:46.725Z;functions.waitForImage;  TRES PONTINHOS image found.
11-05-2024 07:25:57.242Z;functions.check_ted_branco;  VERIFICANDO SE TEM PIX NO FILTRO
11-05-2024 07:25:57.342Z;functions.waitForImage;  CHECANDO DADOS BANCÁRIOS PIX image found.
11-05-2024 07:25:59.342Z;functions.check_ted_branco;  PIX NÃO ENCONTRADO PARA REFERENCIA: 945676
11-05-2024 07:26:03.049Z;functions.check_ted_branco;  APERTA EM CANCELAR
11-05-2024 07:26:03.190Z;functions.waitForImage;  PRESS BUTTON OK image found.
11-05-2024 07:26:05.311Z;functions.click_ok;  PRESS BUTTON OK
11-05-2024 07:26:17.599Z;functions.waitForImage;  ERROR GENERICO image not found.
11-05-2024 07:26:22.608Z;functions.waitForImage;  ERROR FILTRO PIX image not found.
11-05-2024 07:26:26.720Z;functions.check_ted_branco;  PASSANDO PARA PRÓXIMO REGISTRO
11-05-2024 07:26:30.822Z;functions.check_ted_branco;  REFERNCIA: 940956
11-05-2024 07:26:31.123Z;functions.check_ted_branco;  ENTRANDO NO REGISTRO 
11-05-2024 07:26:34.335Z;functions.waitForImage;  INTEGRAÇÃO BANCÁRIA image found.
11-05-2024 07:26:34.468Z;functions.check_ted_branco;  CLICA EM INTEGRAÇÃO BANCÁRIA
11-05-2024 07:26:34.468Z;functions.check_ted_branco;  VERIFICANDO INFORMAÇÕES
11-05-2024 07:26:35.161Z;functions.waitForImage;  TRES PONTINHOS image found.
11-05-2024 07:26:45.682Z;functions.check_ted_branco;  VERIFICANDO SE TEM PIX NO FILTRO
11-05-2024 07:26:45.776Z;functions.waitForImage;  CHECANDO DADOS BANCÁRIOS PIX image found.
11-05-2024 07:26:47.781Z;functions.check_ted_branco;  PIX NÃO ENCONTRADO PARA REFERENCIA: 940956
11-05-2024 07:26:51.487Z;functions.check_ted_branco;  APERTA EM CANCELAR
11-05-2024 07:26:51.597Z;functions.waitForImage;  PRESS BUTTON OK image found.
11-05-2024 07:26:53.716Z;functions.click_ok;  PRESS BUTTON OK
11-05-2024 07:27:06.000Z;functions.waitForImage;  ERROR GENERICO image not found.
11-05-2024 07:27:11.595Z;functions.waitForImage;  ERROR FILTRO PIX image not found.
11-05-2024 07:27:15.710Z;functions.check_ted_branco;  PASSANDO PARA PRÓXIMO REGISTRO
11-05-2024 07:27:19.813Z;functions.check_ted_branco;  REFERNCIA: 949836
11-05-2024 07:27:20.114Z;functions.check_ted_branco;  ENTRANDO NO REGISTRO 
11-05-2024 07:27:23.325Z;functions.waitForImage;  INTEGRAÇÃO BANCÁRIA image found.
11-05-2024 07:27:23.458Z;functions.check_ted_branco;  CLICA EM INTEGRAÇÃO BANCÁRIA
11-05-2024 07:27:23.458Z;functions.check_ted_branco;  VERIFICANDO INFORMAÇÕES
11-05-2024 07:27:24.151Z;functions.waitForImage;  TRES PONTINHOS image found.
11-05-2024 07:27:34.669Z;functions.check_ted_branco;  VERIFICANDO SE TEM PIX NO FILTRO
11-05-2024 07:27:34.763Z;functions.waitForImage;  CHECANDO DADOS BANCÁRIOS PIX image found.
11-05-2024 07:27:36.772Z;functions.check_ted_branco;  PIX NÃO ENCONTRADO PARA REFERENCIA: 949836
11-05-2024 07:27:40.478Z;functions.check_ted_branco;  APERTA EM CANCELAR
11-05-2024 07:27:40.572Z;functions.waitForImage;  PRESS BUTTON OK image found.
11-05-2024 07:27:42.695Z;functions.click_ok;  PRESS BUTTON OK
11-05-2024 07:27:55.042Z;functions.waitForImage;  ERROR GENERICO image not found.
11-05-2024 07:28:00.634Z;functions.waitForImage;  ERROR FILTRO PIX image not found.
11-05-2024 07:28:04.748Z;functions.check_ted_branco;  PASSANDO PARA PRÓXIMO REGISTRO
11-05-2024 07:28:08.850Z;functions.check_ted_branco;  REFERNCIA: 949480
11-05-2024 07:28:09.151Z;functions.check_ted_branco;  ENTRANDO NO REGISTRO 
11-05-2024 07:28:12.367Z;functions.waitForImage;  INTEGRAÇÃO BANCÁRIA image found.
11-05-2024 07:28:12.499Z;functions.check_ted_branco;  CLICA EM INTEGRAÇÃO BANCÁRIA
11-05-2024 07:28:12.499Z;functions.check_ted_branco;  VERIFICANDO INFORMAÇÕES
11-05-2024 07:28:12.628Z;functions.waitForImage;  TRES PONTINHOS image found.
11-05-2024 07:28:23.141Z;functions.check_ted_branco;  VERIFICANDO SE TEM PIX NO FILTRO
11-05-2024 07:28:23.235Z;functions.waitForImage;  CHECANDO DADOS BANCÁRIOS PIX image found.
11-05-2024 07:28:25.248Z;functions.check_ted_branco;  PIX NÃO ENCONTRADO PARA REFERENCIA: 949480
11-05-2024 07:28:28.956Z;functions.check_ted_branco;  APERTA EM CANCELAR
11-05-2024 07:28:29.049Z;functions.waitForImage;  PRESS BUTTON OK image found.
11-05-2024 07:28:31.175Z;functions.click_ok;  PRESS BUTTON OK
11-05-2024 07:28:43.479Z;functions.waitForImage;  ERROR GENERICO image not found.
11-05-2024 07:28:49.051Z;functions.waitForImage;  ERROR FILTRO PIX image not found.
11-05-2024 07:28:53.164Z;functions.check_ted_branco;  PASSANDO PARA PRÓXIMO REGISTRO
11-05-2024 07:28:57.266Z;functions.check_ted_branco;  REFERNCIA: 937138
11-05-2024 07:28:57.567Z;functions.check_ted_branco;  ENTRANDO NO REGISTRO 
11-05-2024 07:29:00.779Z;functions.waitForImage;  INTEGRAÇÃO BANCÁRIA image found.
11-05-2024 07:29:00.896Z;functions.check_ted_branco;  CLICA EM INTEGRAÇÃO BANCÁRIA
11-05-2024 07:29:00.896Z;functions.check_ted_branco;  VERIFICANDO INFORMAÇÕES
11-05-2024 07:29:01.582Z;functions.waitForImage;  TRES PONTINHOS image found.
11-05-2024 07:29:12.099Z;functions.check_ted_branco;  VERIFICANDO SE TEM PIX NO FILTRO
11-05-2024 07:29:12.211Z;functions.waitForImage;  CHECANDO DADOS BANCÁRIOS PIX image found.
11-05-2024 07:29:14.218Z;functions.check_ted_branco;  PIX NÃO ENCONTRADO PARA REFERENCIA: 937138
11-05-2024 07:29:17.926Z;functions.check_ted_branco;  APERTA EM CANCELAR
11-05-2024 07:29:18.020Z;functions.waitForImage;  PRESS BUTTON OK image found.
11-05-2024 07:29:20.142Z;functions.click_ok;  PRESS BUTTON OK
11-05-2024 07:29:32.440Z;functions.waitForImage;  ERROR GENERICO image not found.
11-05-2024 07:29:38.035Z;functions.waitForImage;  ERROR FILTRO PIX image not found.
11-05-2024 07:29:42.148Z;functions.check_ted_branco;  PASSANDO PARA PRÓXIMO REGISTRO
11-05-2024 07:29:46.250Z;functions.check_ted_branco;  REFERNCIA: 950818
11-05-2024 07:29:46.551Z;functions.check_ted_branco;  ENTRANDO NO REGISTRO 
11-05-2024 07:29:49.747Z;functions.waitForImage;  INTEGRAÇÃO BANCÁRIA image found.
11-05-2024 07:29:49.879Z;functions.check_ted_branco;  CLICA EM INTEGRAÇÃO BANCÁRIA
11-05-2024 07:29:49.879Z;functions.check_ted_branco;  VERIFICANDO INFORMAÇÕES
11-05-2024 07:29:50.564Z;functions.waitForImage;  TRES PONTINHOS image found.
11-05-2024 07:30:01.080Z;functions.check_ted_branco;  VERIFICANDO SE TEM PIX NO FILTRO
11-05-2024 07:30:01.174Z;functions.waitForImage;  CHECANDO DADOS BANCÁRIOS PIX image found.
11-05-2024 07:30:03.183Z;functions.check_ted_branco;  PIX NÃO ENCONTRADO PARA REFERENCIA: 950818
11-05-2024 07:30:06.889Z;functions.check_ted_branco;  APERTA EM CANCELAR
11-05-2024 07:30:06.990Z;functions.waitForImage;  PRESS BUTTON OK image found.
11-05-2024 07:30:09.120Z;functions.click_ok;  PRESS BUTTON OK
11-05-2024 07:30:21.415Z;functions.waitForImage;  ERROR GENERICO image not found.
11-05-2024 07:30:27.034Z;functions.waitForImage;  ERROR FILTRO PIX image not found.
11-05-2024 07:30:31.136Z;functions.check_ted_branco;  PASSANDO PARA PRÓXIMO REGISTRO
11-05-2024 07:30:35.238Z;functions.check_ted_branco;  REFERNCIA: 950997
11-05-2024 07:30:35.539Z;functions.check_ted_branco;  ENTRANDO NO REGISTRO 
11-05-2024 07:30:38.751Z;functions.waitForImage;  INTEGRAÇÃO BANCÁRIA image found.
11-05-2024 07:30:38.868Z;functions.check_ted_branco;  CLICA EM INTEGRAÇÃO BANCÁRIA
11-05-2024 07:30:38.868Z;functions.check_ted_branco;  VERIFICANDO INFORMAÇÕES
11-05-2024 07:30:39.573Z;functions.waitForImage;  TRES PONTINHOS image found.
11-05-2024 07:30:50.092Z;functions.check_ted_branco;  VERIFICANDO SE TEM PIX NO FILTRO
11-05-2024 07:30:50.186Z;functions.waitForImage;  CHECANDO DADOS BANCÁRIOS PIX image found.
11-05-2024 07:30:52.191Z;functions.check_ted_branco;  PIX NÃO ENCONTRADO PARA REFERENCIA: 950997
11-05-2024 07:30:55.897Z;functions.check_ted_branco;  APERTA EM CANCELAR
11-05-2024 07:30:56.009Z;functions.waitForImage;  PRESS BUTTON OK image found.
11-05-2024 07:30:58.137Z;functions.click_ok;  PRESS BUTTON OK
11-05-2024 07:31:10.449Z;functions.waitForImage;  ERROR GENERICO image not found.
11-05-2024 07:31:16.038Z;functions.waitForImage;  ERROR FILTRO PIX image not found.
11-05-2024 07:31:20.154Z;functions.check_ted_branco;  PASSANDO PARA PRÓXIMO REGISTRO
11-05-2024 07:31:24.256Z;functions.check_ted_branco;  REFERNCIA: 950894
11-05-2024 07:31:24.557Z;functions.check_ted_branco;  ENTRANDO NO REGISTRO 
11-05-2024 07:31:27.768Z;functions.waitForImage;  INTEGRAÇÃO BANCÁRIA image found.
11-05-2024 07:31:27.902Z;functions.check_ted_branco;  CLICA EM INTEGRAÇÃO BANCÁRIA
11-05-2024 07:31:27.902Z;functions.check_ted_branco;  VERIFICANDO INFORMAÇÕES
11-05-2024 07:31:28.595Z;functions.waitForImage;  TRES PONTINHOS image found.
11-05-2024 07:31:39.113Z;functions.check_ted_branco;  VERIFICANDO SE TEM PIX NO FILTRO
11-05-2024 07:31:39.207Z;functions.waitForImage;  CHECANDO DADOS BANCÁRIOS PIX image found.
11-05-2024 07:31:41.212Z;functions.check_ted_branco;  PIX NÃO ENCONTRADO PARA REFERENCIA: 950894
11-05-2024 07:31:44.918Z;functions.check_ted_branco;  APERTA EM CANCELAR
11-05-2024 07:31:45.012Z;functions.waitForImage;  PRESS BUTTON OK image found.
11-05-2024 07:31:47.125Z;functions.click_ok;  PRESS BUTTON OK
11-05-2024 07:31:59.429Z;functions.waitForImage;  ERROR GENERICO image not found.
11-05-2024 07:32:05.008Z;functions.waitForImage;  ERROR FILTRO PIX image not found.
11-05-2024 07:32:09.120Z;functions.check_ted_branco;  PASSANDO PARA PRÓXIMO REGISTRO
11-05-2024 07:32:13.223Z;functions.check_ted_branco;  REFERNCIA: 941514
11-05-2024 07:32:13.524Z;functions.check_ted_branco;  ENTRANDO NO REGISTRO 
11-05-2024 07:32:16.735Z;functions.waitForImage;  INTEGRAÇÃO BANCÁRIA image found.
11-05-2024 07:32:16.855Z;functions.check_ted_branco;  CLICA EM INTEGRAÇÃO BANCÁRIA
11-05-2024 07:32:16.855Z;functions.check_ted_branco;  VERIFICANDO INFORMAÇÕES
11-05-2024 07:32:17.568Z;functions.waitForImage;  TRES PONTINHOS image found.
11-05-2024 07:32:28.085Z;functions.check_ted_branco;  VERIFICANDO SE TEM PIX NO FILTRO
11-05-2024 07:32:28.179Z;functions.waitForImage;  CHECANDO DADOS BANCÁRIOS PIX image found.
11-05-2024 07:32:30.185Z;functions.check_ted_branco;  PIX NÃO ENCONTRADO PARA REFERENCIA: 941514
11-05-2024 07:32:33.892Z;functions.check_ted_branco;  APERTA EM CANCELAR
11-05-2024 07:32:34.024Z;functions.waitForImage;  PRESS BUTTON OK image found.
11-05-2024 07:32:36.151Z;functions.click_ok;  PRESS BUTTON OK
11-05-2024 07:32:48.444Z;functions.waitForImage;  ERROR GENERICO image not found.
11-05-2024 07:32:53.450Z;functions.waitForImage;  ERROR FILTRO PIX image not found.
11-05-2024 07:32:57.563Z;functions.check_ted_branco;  PASSANDO PARA PRÓXIMO REGISTRO
11-05-2024 07:33:01.666Z;functions.check_ted_branco;  REFERNCIA: 947352
11-05-2024 07:33:01.966Z;functions.check_ted_branco;  ENTRANDO NO REGISTRO 
11-05-2024 07:33:05.179Z;functions.waitForImage;  INTEGRAÇÃO BANCÁRIA image found.
11-05-2024 07:33:05.295Z;functions.check_ted_branco;  CLICA EM INTEGRAÇÃO BANCÁRIA
11-05-2024 07:33:05.295Z;functions.check_ted_branco;  VERIFICANDO INFORMAÇÕES
11-05-2024 07:33:05.997Z;functions.waitForImage;  TRES PONTINHOS image found.
11-05-2024 07:33:16.515Z;functions.check_ted_branco;  VERIFICANDO SE TEM PIX NO FILTRO
11-05-2024 07:33:16.609Z;functions.waitForImage;  CHECANDO DADOS BANCÁRIOS PIX image found.
11-05-2024 07:33:18.616Z;functions.check_ted_branco;  PIX NÃO ENCONTRADO PARA REFERENCIA: 947352
11-05-2024 07:33:22.322Z;functions.check_ted_branco;  APERTA EM CANCELAR
11-05-2024 07:33:22.416Z;functions.waitForImage;  PRESS BUTTON OK image found.
11-05-2024 07:33:24.538Z;functions.click_ok;  PRESS BUTTON OK
11-05-2024 07:33:36.822Z;functions.waitForImage;  ERROR GENERICO image not found.
11-05-2024 07:33:42.400Z;functions.waitForImage;  ERROR FILTRO PIX image not found.
11-05-2024 07:33:46.518Z;functions.check_ted_branco;  PASSANDO PARA PRÓXIMO REGISTRO
11-05-2024 07:33:50.620Z;functions.check_ted_branco;  REFERNCIA: 941560
11-05-2024 07:33:50.921Z;functions.check_ted_branco;  ENTRANDO NO REGISTRO 
11-05-2024 07:33:54.117Z;functions.waitForImage;  INTEGRAÇÃO BANCÁRIA image found.
11-05-2024 07:33:54.250Z;functions.check_ted_branco;  CLICA EM INTEGRAÇÃO BANCÁRIA
11-05-2024 07:33:54.250Z;functions.check_ted_branco;  VERIFICANDO INFORMAÇÕES
11-05-2024 07:33:54.992Z;functions.waitForImage;  TRES PONTINHOS image found.
11-05-2024 07:34:05.507Z;functions.check_ted_branco;  VERIFICANDO SE TEM PIX NO FILTRO
11-05-2024 07:34:05.601Z;functions.waitForImage;  CHECANDO DADOS BANCÁRIOS PIX image found.
11-05-2024 07:34:07.609Z;functions.check_ted_branco;  PIX NÃO ENCONTRADO PARA REFERENCIA: 941560
11-05-2024 07:34:11.316Z;functions.check_ted_branco;  APERTA EM CANCELAR
11-05-2024 07:34:11.410Z;functions.waitForImage;  PRESS BUTTON OK image found.
11-05-2024 07:34:13.544Z;functions.click_ok;  PRESS BUTTON OK
11-05-2024 07:34:25.861Z;functions.waitForImage;  ERROR GENERICO image not found.
11-05-2024 07:34:30.884Z;functions.waitForImage;  ERROR FILTRO PIX image not found.
11-05-2024 07:34:34.986Z;functions.check_ted_branco;  PASSANDO PARA PRÓXIMO REGISTRO
11-05-2024 07:34:39.088Z;functions.check_ted_branco;  REFERNCIA: 949264
11-05-2024 07:34:39.389Z;functions.check_ted_branco;  ENTRANDO NO REGISTRO 
11-05-2024 07:34:42.594Z;functions.waitForImage;  INTEGRAÇÃO BANCÁRIA image found.
11-05-2024 07:34:42.726Z;functions.check_ted_branco;  CLICA EM INTEGRAÇÃO BANCÁRIA
11-05-2024 07:34:42.727Z;functions.check_ted_branco;  VERIFICANDO INFORMAÇÕES
11-05-2024 07:34:43.448Z;functions.waitForImage;  TRES PONTINHOS image found.
11-05-2024 07:34:53.962Z;functions.check_ted_branco;  VERIFICANDO SE TEM PIX NO FILTRO
11-05-2024 07:34:54.056Z;functions.waitForImage;  CHECANDO DADOS BANCÁRIOS PIX image found.
11-05-2024 07:34:56.063Z;functions.check_ted_branco;  PIX NÃO ENCONTRADO PARA REFERENCIA: 949264
11-05-2024 07:34:59.769Z;functions.check_ted_branco;  APERTA EM CANCELAR
11-05-2024 07:34:59.866Z;functions.waitForImage;  PRESS BUTTON OK image found.
11-05-2024 07:35:02.002Z;functions.click_ok;  PRESS BUTTON OK
11-05-2024 07:35:14.311Z;functions.waitForImage;  ERROR GENERICO image not found.
11-05-2024 07:35:19.871Z;functions.waitForImage;  ERROR FILTRO PIX image not found.
11-05-2024 07:35:23.974Z;functions.check_ted_branco;  PASSANDO PARA PRÓXIMO REGISTRO
11-05-2024 07:35:28.076Z;functions.check_ted_branco;  REFERNCIA: 937139
11-05-2024 07:35:28.377Z;functions.check_ted_branco;  ENTRANDO NO REGISTRO 
11-05-2024 07:35:31.572Z;functions.waitForImage;  INTEGRAÇÃO BANCÁRIA image found.
11-05-2024 07:35:31.705Z;functions.check_ted_branco;  CLICA EM INTEGRAÇÃO BANCÁRIA
11-05-2024 07:35:31.706Z;functions.check_ted_branco;  VERIFICANDO INFORMAÇÕES
11-05-2024 07:35:31.834Z;functions.waitForImage;  TRES PONTINHOS image found.
11-05-2024 07:35:42.345Z;functions.check_ted_branco;  VERIFICANDO SE TEM PIX NO FILTRO
11-05-2024 07:35:42.439Z;functions.waitForImage;  CHECANDO DADOS BANCÁRIOS PIX image found.
11-05-2024 07:35:44.445Z;functions.check_ted_branco;  PIX NÃO ENCONTRADO PARA REFERENCIA: 937139
11-05-2024 07:35:48.152Z;functions.check_ted_branco;  APERTA EM CANCELAR
11-05-2024 07:35:48.246Z;functions.waitForImage;  PRESS BUTTON OK image found.
11-05-2024 07:35:50.368Z;functions.click_ok;  PRESS BUTTON OK
11-05-2024 07:36:02.640Z;functions.waitForImage;  ERROR GENERICO image not found.
11-05-2024 07:36:07.669Z;functions.waitForImage;  ERROR FILTRO PIX image not found.
11-05-2024 07:36:11.785Z;functions.check_ted_branco;  PASSANDO PARA PRÓXIMO REGISTRO
11-05-2024 07:36:15.887Z;functions.check_ted_branco;  REFERNCIA: 941628
11-05-2024 07:36:16.188Z;functions.check_ted_branco;  ENTRANDO NO REGISTRO 
11-05-2024 07:36:19.384Z;functions.waitForImage;  INTEGRAÇÃO BANCÁRIA image found.
11-05-2024 07:36:19.501Z;functions.check_ted_branco;  CLICA EM INTEGRAÇÃO BANCÁRIA
11-05-2024 07:36:19.501Z;functions.check_ted_branco;  VERIFICANDO INFORMAÇÕES
11-05-2024 07:36:19.598Z;functions.waitForImage;  TRES PONTINHOS image found.
11-05-2024 07:36:30.118Z;functions.check_ted_branco;  VERIFICANDO SE TEM PIX NO FILTRO
11-05-2024 07:36:30.212Z;functions.waitForImage;  CHECANDO DADOS BANCÁRIOS PIX image found.
11-05-2024 07:36:32.217Z;functions.check_ted_branco;  PIX NÃO ENCONTRADO PARA REFERENCIA: 941628
11-05-2024 07:36:35.924Z;functions.check_ted_branco;  APERTA EM CANCELAR
11-05-2024 07:36:36.033Z;functions.waitForImage;  PRESS BUTTON OK image found.
11-05-2024 07:36:38.172Z;functions.click_ok;  PRESS BUTTON OK
11-05-2024 07:36:50.442Z;functions.waitForImage;  ERROR GENERICO image not found.
11-05-2024 07:36:56.045Z;functions.waitForImage;  ERROR FILTRO PIX image not found.
11-05-2024 07:37:00.159Z;functions.check_ted_branco;  PASSANDO PARA PRÓXIMO REGISTRO
11-05-2024 07:37:04.262Z;functions.check_ted_branco;  REFERNCIA: 940968
11-05-2024 07:37:04.563Z;functions.check_ted_branco;  ENTRANDO NO REGISTRO 
11-05-2024 07:37:07.774Z;functions.waitForImage;  INTEGRAÇÃO BANCÁRIA image found.
11-05-2024 07:37:07.891Z;functions.check_ted_branco;  CLICA EM INTEGRAÇÃO BANCÁRIA
11-05-2024 07:37:07.891Z;functions.check_ted_branco;  VERIFICANDO INFORMAÇÕES
11-05-2024 07:37:08.578Z;functions.waitForImage;  TRES PONTINHOS image found.
11-05-2024 07:37:19.094Z;functions.check_ted_branco;  VERIFICANDO SE TEM PIX NO FILTRO
11-05-2024 07:37:19.188Z;functions.waitForImage;  CHECANDO DADOS BANCÁRIOS PIX image found.
11-05-2024 07:37:21.192Z;functions.check_ted_branco;  PIX NÃO ENCONTRADO PARA REFERENCIA: 940968
11-05-2024 07:37:24.900Z;functions.check_ted_branco;  APERTA EM CANCELAR
11-05-2024 07:37:25.025Z;functions.waitForImage;  PRESS BUTTON OK image found.
11-05-2024 07:37:27.159Z;functions.click_ok;  PRESS BUTTON OK
11-05-2024 07:37:39.467Z;functions.waitForImage;  ERROR GENERICO image not found.
11-05-2024 07:37:45.024Z;functions.waitForImage;  ERROR FILTRO PIX image not found.
11-05-2024 07:37:49.139Z;functions.check_ted_branco;  PASSANDO PARA PRÓXIMO REGISTRO
11-05-2024 07:37:53.241Z;functions.check_ted_branco;  REFERNCIA: 937825
11-05-2024 07:37:53.542Z;functions.check_ted_branco;  ENTRANDO NO REGISTRO 
11-05-2024 07:37:56.757Z;functions.waitForImage;  INTEGRAÇÃO BANCÁRIA image found.
11-05-2024 07:37:56.876Z;functions.check_ted_branco;  CLICA EM INTEGRAÇÃO BANCÁRIA
11-05-2024 07:37:56.876Z;functions.check_ted_branco;  VERIFICANDO INFORMAÇÕES
11-05-2024 07:37:57.577Z;functions.waitForImage;  TRES PONTINHOS image found.
11-05-2024 07:38:08.093Z;functions.check_ted_branco;  VERIFICANDO SE TEM PIX NO FILTRO
11-05-2024 07:38:08.187Z;functions.waitForImage;  CHECANDO DADOS BANCÁRIOS PIX image found.
11-05-2024 07:38:10.193Z;functions.check_ted_branco;  PIX NÃO ENCONTRADO PARA REFERENCIA: 937825
11-05-2024 07:38:13.899Z;functions.check_ted_branco;  APERTA EM CANCELAR
11-05-2024 07:38:13.994Z;functions.waitForImage;  PRESS BUTTON OK image found.
11-05-2024 07:38:16.126Z;functions.click_ok;  PRESS BUTTON OK
11-05-2024 07:38:28.405Z;functions.waitForImage;  ERROR GENERICO image not found.
11-05-2024 07:38:34.008Z;functions.waitForImage;  ERROR FILTRO PIX image not found.
11-05-2024 07:38:38.118Z;functions.check_ted_branco;  PASSANDO PARA PRÓXIMO REGISTRO
11-05-2024 07:38:42.220Z;functions.check_ted_branco;  REFERNCIA: 950726
11-05-2024 07:38:42.521Z;functions.check_ted_branco;  ENTRANDO NO REGISTRO 
11-05-2024 07:38:45.717Z;functions.waitForImage;  INTEGRAÇÃO BANCÁRIA image found.
11-05-2024 07:38:45.833Z;functions.check_ted_branco;  CLICA EM INTEGRAÇÃO BANCÁRIA
11-05-2024 07:38:45.833Z;functions.check_ted_branco;  VERIFICANDO INFORMAÇÕES
11-05-2024 07:38:46.535Z;functions.waitForImage;  TRES PONTINHOS image found.
11-05-2024 07:38:57.051Z;functions.check_ted_branco;  VERIFICANDO SE TEM PIX NO FILTRO
11-05-2024 07:38:57.134Z;functions.waitForImage;  CHECANDO DADOS BANCÁRIOS PIX image found.
11-05-2024 07:38:59.142Z;functions.check_ted_branco;  PIX NÃO ENCONTRADO PARA REFERENCIA: 950726
11-05-2024 07:39:02.849Z;functions.check_ted_branco;  APERTA EM CANCELAR
11-05-2024 07:39:02.947Z;functions.waitForImage;  PRESS BUTTON OK image found.
11-05-2024 07:39:05.067Z;functions.click_ok;  PRESS BUTTON OK
11-05-2024 07:39:17.438Z;functions.waitForImage;  ERROR GENERICO image not found.
11-05-2024 07:39:23.036Z;functions.waitForImage;  ERROR FILTRO PIX image not found.
11-05-2024 07:39:27.150Z;functions.check_ted_branco;  PASSANDO PARA PRÓXIMO REGISTRO
11-05-2024 07:39:31.253Z;functions.check_ted_branco;  REFERNCIA: 949664
11-05-2024 07:39:31.554Z;functions.check_ted_branco;  ENTRANDO NO REGISTRO 
11-05-2024 07:39:34.765Z;functions.waitForImage;  INTEGRAÇÃO BANCÁRIA image found.
11-05-2024 07:39:34.899Z;functions.check_ted_branco;  CLICA EM INTEGRAÇÃO BANCÁRIA
11-05-2024 07:39:34.899Z;functions.check_ted_branco;  VERIFICANDO INFORMAÇÕES
11-05-2024 07:39:35.584Z;functions.waitForImage;  TRES PONTINHOS image found.
11-05-2024 07:39:46.100Z;functions.check_ted_branco;  VERIFICANDO SE TEM PIX NO FILTRO
11-05-2024 07:39:46.194Z;functions.waitForImage;  CHECANDO DADOS BANCÁRIOS PIX image found.
11-05-2024 07:39:48.201Z;functions.check_ted_branco;  PIX NÃO ENCONTRADO PARA REFERENCIA: 949664
11-05-2024 07:39:51.908Z;functions.check_ted_branco;  APERTA EM CANCELAR
11-05-2024 07:39:52.023Z;functions.waitForImage;  PRESS BUTTON OK image found.
11-05-2024 07:39:54.141Z;functions.click_ok;  PRESS BUTTON OK
11-05-2024 07:40:06.468Z;functions.waitForImage;  ERROR GENERICO image not found.
11-05-2024 07:40:12.080Z;functions.waitForImage;  ERROR FILTRO PIX image not found.
11-05-2024 07:40:16.182Z;functions.check_ted_branco;  PASSANDO PARA PRÓXIMO REGISTRO
11-05-2024 07:40:20.284Z;functions.check_ted_branco;  REFERNCIA: 944882
11-05-2024 07:40:20.585Z;functions.check_ted_branco;  ENTRANDO NO REGISTRO 
11-05-2024 07:40:23.796Z;functions.waitForImage;  INTEGRAÇÃO BANCÁRIA image found.
11-05-2024 07:40:23.929Z;functions.check_ted_branco;  CLICA EM INTEGRAÇÃO BANCÁRIA
11-05-2024 07:40:23.929Z;functions.check_ted_branco;  VERIFICANDO INFORMAÇÕES
11-05-2024 07:40:24.639Z;functions.waitForImage;  TRES PONTINHOS image found.
11-05-2024 07:40:35.155Z;functions.check_ted_branco;  VERIFICANDO SE TEM PIX NO FILTRO
11-05-2024 07:40:35.249Z;functions.waitForImage;  CHECANDO DADOS BANCÁRIOS PIX image found.
11-05-2024 07:40:37.255Z;functions.check_ted_branco;  PIX NÃO ENCONTRADO PARA REFERENCIA: 944882
11-05-2024 07:40:40.960Z;functions.check_ted_branco;  APERTA EM CANCELAR
11-05-2024 07:40:41.054Z;functions.waitForImage;  PRESS BUTTON OK image found.
11-05-2024 07:40:43.185Z;functions.click_ok;  PRESS BUTTON OK
11-05-2024 07:40:55.494Z;functions.waitForImage;  ERROR GENERICO image not found.
11-05-2024 07:41:01.071Z;functions.waitForImage;  ERROR FILTRO PIX image not found.
11-05-2024 07:41:05.185Z;functions.check_ted_branco;  PASSANDO PARA PRÓXIMO REGISTRO
11-05-2024 07:41:09.287Z;functions.check_ted_branco;  REFERNCIA: 941502
11-05-2024 07:41:09.588Z;functions.check_ted_branco;  ENTRANDO NO REGISTRO 
11-05-2024 07:41:12.799Z;functions.waitForImage;  INTEGRAÇÃO BANCÁRIA image found.
11-05-2024 07:41:12.916Z;functions.check_ted_branco;  CLICA EM INTEGRAÇÃO BANCÁRIA
11-05-2024 07:41:12.916Z;functions.check_ted_branco;  VERIFICANDO INFORMAÇÕES
11-05-2024 07:41:13.014Z;functions.waitForImage;  TRES PONTINHOS image found.
11-05-2024 07:41:23.532Z;functions.check_ted_branco;  VERIFICANDO SE TEM PIX NO FILTRO
11-05-2024 07:41:23.626Z;functions.waitForImage;  CHECANDO DADOS BANCÁRIOS PIX image found.
11-05-2024 07:41:25.632Z;functions.check_ted_branco;  PIX NÃO ENCONTRADO PARA REFERENCIA: 941502
11-05-2024 07:41:29.338Z;functions.check_ted_branco;  APERTA EM CANCELAR
11-05-2024 07:41:29.432Z;functions.waitForImage;  PRESS BUTTON OK image found.
11-05-2024 07:41:31.557Z;functions.click_ok;  PRESS BUTTON OK
11-05-2024 07:41:43.860Z;functions.waitForImage;  ERROR GENERICO image not found.
11-05-2024 07:41:48.873Z;functions.waitForImage;  ERROR FILTRO PIX image not found.
11-05-2024 07:41:52.975Z;functions.check_ted_branco;  PASSANDO PARA PRÓXIMO REGISTRO
11-05-2024 07:41:57.077Z;functions.check_ted_branco;  REFERNCIA: 950535
11-05-2024 07:41:57.378Z;functions.check_ted_branco;  ENTRANDO NO REGISTRO 
11-05-2024 07:42:00.574Z;functions.waitForImage;  INTEGRAÇÃO BANCÁRIA image found.
11-05-2024 07:42:00.706Z;functions.check_ted_branco;  CLICA EM INTEGRAÇÃO BANCÁRIA
11-05-2024 07:42:00.706Z;functions.check_ted_branco;  VERIFICANDO INFORMAÇÕES
11-05-2024 07:42:00.853Z;functions.waitForImage;  TRES PONTINHOS image found.
11-05-2024 07:42:11.364Z;functions.check_ted_branco;  VERIFICANDO SE TEM PIX NO FILTRO
11-05-2024 07:42:11.458Z;functions.waitForImage;  CHECANDO DADOS BANCÁRIOS PIX image found.
11-05-2024 07:42:13.464Z;functions.check_ted_branco;  PIX NÃO ENCONTRADO PARA REFERENCIA: 950535
11-05-2024 07:42:17.169Z;functions.check_ted_branco;  APERTA EM CANCELAR
11-05-2024 07:42:17.267Z;functions.waitForImage;  PRESS BUTTON OK image found.
11-05-2024 07:42:19.386Z;functions.click_ok;  PRESS BUTTON OK
11-05-2024 07:42:31.678Z;functions.waitForImage;  ERROR GENERICO image not found.
11-05-2024 07:42:37.236Z;functions.waitForImage;  ERROR FILTRO PIX image not found.
11-05-2024 07:42:41.351Z;functions.check_ted_branco;  PASSANDO PARA PRÓXIMO REGISTRO
11-05-2024 07:42:45.454Z;functions.check_ted_branco;  REFERNCIA: 950537
11-05-2024 07:42:45.755Z;functions.check_ted_branco;  ENTRANDO NO REGISTRO 
11-05-2024 07:42:48.963Z;functions.waitForImage;  INTEGRAÇÃO BANCÁRIA image found.
11-05-2024 07:42:49.079Z;functions.check_ted_branco;  CLICA EM INTEGRAÇÃO BANCÁRIA
11-05-2024 07:42:49.079Z;functions.check_ted_branco;  VERIFICANDO INFORMAÇÕES
11-05-2024 07:42:49.773Z;functions.waitForImage;  TRES PONTINHOS image found.
11-05-2024 07:43:00.288Z;functions.check_ted_branco;  VERIFICANDO SE TEM PIX NO FILTRO
11-05-2024 07:43:00.381Z;functions.waitForImage;  CHECANDO DADOS BANCÁRIOS PIX image found.
11-05-2024 07:43:02.388Z;functions.check_ted_branco;  PIX NÃO ENCONTRADO PARA REFERENCIA: 950537
11-05-2024 07:43:06.094Z;functions.check_ted_branco;  APERTA EM CANCELAR
11-05-2024 07:43:06.188Z;functions.waitForImage;  PRESS BUTTON OK image found.
11-05-2024 07:43:08.316Z;functions.click_ok;  PRESS BUTTON OK
11-05-2024 07:43:20.622Z;functions.waitForImage;  ERROR GENERICO image not found.
11-05-2024 07:43:26.236Z;functions.waitForImage;  ERROR FILTRO PIX image not found.
11-05-2024 07:43:30.338Z;functions.check_ted_branco;  PASSANDO PARA PRÓXIMO REGISTRO
11-05-2024 07:43:34.440Z;functions.check_ted_branco;  REFERNCIA: 945051
11-05-2024 07:43:34.741Z;functions.check_ted_branco;  ENTRANDO NO REGISTRO 
11-05-2024 07:43:37.947Z;functions.waitForImage;  INTEGRAÇÃO BANCÁRIA image found.
11-05-2024 07:43:38.064Z;functions.check_ted_branco;  CLICA EM INTEGRAÇÃO BANCÁRIA
11-05-2024 07:43:38.064Z;functions.check_ted_branco;  VERIFICANDO INFORMAÇÕES
11-05-2024 07:43:38.163Z;functions.waitForImage;  TRES PONTINHOS image found.
11-05-2024 07:43:48.681Z;functions.check_ted_branco;  VERIFICANDO SE TEM PIX NO FILTRO
11-05-2024 07:43:48.775Z;functions.waitForImage;  CHECANDO DADOS BANCÁRIOS PIX image found.
11-05-2024 07:43:50.780Z;functions.check_ted_branco;  PIX NÃO ENCONTRADO PARA REFERENCIA: 945051
11-05-2024 07:43:54.486Z;functions.check_ted_branco;  APERTA EM CANCELAR
11-05-2024 07:43:54.580Z;functions.waitForImage;  PRESS BUTTON OK image found.
11-05-2024 07:43:56.703Z;functions.click_ok;  PRESS BUTTON OK
11-05-2024 07:44:08.994Z;functions.waitForImage;  ERROR GENERICO image not found.
11-05-2024 07:44:14.009Z;functions.waitForImage;  ERROR FILTRO PIX image not found.
11-05-2024 07:44:18.118Z;functions.check_ted_branco;  PASSANDO PARA PRÓXIMO REGISTRO
11-05-2024 07:44:22.221Z;functions.check_ted_branco;  REFERNCIA: 937155
11-05-2024 07:44:22.521Z;functions.check_ted_branco;  ENTRANDO NO REGISTRO 
11-05-2024 07:44:25.734Z;functions.waitForImage;  INTEGRAÇÃO BANCÁRIA image found.
11-05-2024 07:44:25.866Z;functions.check_ted_branco;  CLICA EM INTEGRAÇÃO BANCÁRIA
11-05-2024 07:44:25.866Z;functions.check_ted_branco;  VERIFICANDO INFORMAÇÕES
11-05-2024 07:44:26.571Z;functions.waitForImage;  TRES PONTINHOS image found.
11-05-2024 07:44:37.088Z;functions.check_ted_branco;  VERIFICANDO SE TEM PIX NO FILTRO
11-05-2024 07:44:37.198Z;functions.waitForImage;  CHECANDO DADOS BANCÁRIOS PIX image found.
11-05-2024 07:44:39.201Z;functions.check_ted_branco;  PIX NÃO ENCONTRADO PARA REFERENCIA: 937155
11-05-2024 07:44:42.909Z;functions.check_ted_branco;  APERTA EM CANCELAR
11-05-2024 07:44:43.003Z;functions.waitForImage;  PRESS BUTTON OK image found.
11-05-2024 07:44:45.126Z;functions.click_ok;  PRESS BUTTON OK
11-05-2024 07:44:57.429Z;functions.waitForImage;  ERROR GENERICO image not found.
11-05-2024 07:45:03.031Z;functions.waitForImage;  ERROR FILTRO PIX image not found.
11-05-2024 07:45:07.144Z;functions.check_ted_branco;  PASSANDO PARA PRÓXIMO REGISTRO
11-05-2024 07:45:11.247Z;functions.check_ted_branco;  REFERNCIA: 945682
11-05-2024 07:45:11.548Z;functions.check_ted_branco;  ENTRANDO NO REGISTRO 
11-05-2024 07:45:14.790Z;functions.waitForImage;  INTEGRAÇÃO BANCÁRIA image found.
11-05-2024 07:45:14.908Z;functions.check_ted_branco;  CLICA EM INTEGRAÇÃO BANCÁRIA
11-05-2024 07:45:14.908Z;functions.check_ted_branco;  VERIFICANDO INFORMAÇÕES
11-05-2024 07:45:15.594Z;functions.waitForImage;  TRES PONTINHOS image found.
11-05-2024 07:45:26.110Z;functions.check_ted_branco;  VERIFICANDO SE TEM PIX NO FILTRO
11-05-2024 07:45:26.204Z;functions.waitForImage;  CHECANDO DADOS BANCÁRIOS PIX image found.
11-05-2024 07:45:28.209Z;functions.check_ted_branco;  PIX NÃO ENCONTRADO PARA REFERENCIA: 945682
11-05-2024 07:45:31.915Z;functions.check_ted_branco;  APERTA EM CANCELAR
11-05-2024 07:45:32.020Z;functions.waitForImage;  PRESS BUTTON OK image found.
11-05-2024 07:45:34.147Z;functions.click_ok;  PRESS BUTTON OK
11-05-2024 07:45:46.453Z;functions.waitForImage;  ERROR GENERICO image not found.
11-05-2024 07:45:52.043Z;functions.waitForImage;  ERROR FILTRO PIX image not found.
11-05-2024 07:45:56.145Z;functions.check_ted_branco;  PASSANDO PARA PRÓXIMO REGISTRO
11-05-2024 07:46:00.247Z;functions.check_ted_branco;  REFERNCIA: 946260
11-05-2024 07:46:00.548Z;functions.check_ted_branco;  ENTRANDO NO REGISTRO 
11-05-2024 07:46:03.744Z;functions.waitForImage;  INTEGRAÇÃO BANCÁRIA image found.
11-05-2024 07:46:03.862Z;functions.check_ted_branco;  CLICA EM INTEGRAÇÃO BANCÁRIA
11-05-2024 07:46:03.862Z;functions.check_ted_branco;  VERIFICANDO INFORMAÇÕES
11-05-2024 07:46:03.994Z;functions.waitForImage;  TRES PONTINHOS image found.
11-05-2024 07:46:14.513Z;functions.check_ted_branco;  VERIFICANDO SE TEM PIX NO FILTRO
11-05-2024 07:46:14.607Z;functions.waitForImage;  CHECANDO DADOS BANCÁRIOS PIX image found.
11-05-2024 07:46:16.615Z;functions.check_ted_branco;  PIX NÃO ENCONTRADO PARA REFERENCIA: 946260
11-05-2024 07:46:20.323Z;functions.check_ted_branco;  APERTA EM CANCELAR
11-05-2024 07:46:20.417Z;functions.waitForImage;  PRESS BUTTON OK image found.
11-05-2024 07:46:22.541Z;functions.click_ok;  PRESS BUTTON OK
11-05-2024 07:46:34.865Z;functions.waitForImage;  ERROR GENERICO image not found.
11-05-2024 07:46:40.432Z;functions.waitForImage;  ERROR FILTRO PIX image not found.
11-05-2024 07:46:44.546Z;functions.check_ted_branco;  PASSANDO PARA PRÓXIMO REGISTRO
11-05-2024 07:46:48.648Z;functions.check_ted_branco;  REFERNCIA: 945050
11-05-2024 07:46:48.948Z;functions.check_ted_branco;  ENTRANDO NO REGISTRO 
11-05-2024 07:46:52.166Z;functions.waitForImage;  INTEGRAÇÃO BANCÁRIA image found.
11-05-2024 07:46:52.298Z;functions.check_ted_branco;  CLICA EM INTEGRAÇÃO BANCÁRIA
11-05-2024 07:46:52.298Z;functions.check_ted_branco;  VERIFICANDO INFORMAÇÕES
11-05-2024 07:46:52.993Z;functions.waitForImage;  TRES PONTINHOS image found.
11-05-2024 07:47:03.511Z;functions.check_ted_branco;  VERIFICANDO SE TEM PIX NO FILTRO
11-05-2024 07:47:03.604Z;functions.waitForImage;  CHECANDO DADOS BANCÁRIOS PIX image found.
11-05-2024 07:47:05.610Z;functions.check_ted_branco;  PIX NÃO ENCONTRADO PARA REFERENCIA: 945050
11-05-2024 07:47:09.317Z;functions.check_ted_branco;  APERTA EM CANCELAR
11-05-2024 07:47:09.411Z;functions.waitForImage;  PRESS BUTTON OK image found.
11-05-2024 07:47:11.540Z;functions.click_ok;  PRESS BUTTON OK
11-05-2024 07:47:23.820Z;functions.waitForImage;  ERROR GENERICO image not found.
11-05-2024 07:47:29.397Z;functions.waitForImage;  ERROR FILTRO PIX image not found.
11-05-2024 07:47:33.510Z;functions.check_ted_branco;  PASSANDO PARA PRÓXIMO REGISTRO
11-05-2024 07:47:37.612Z;functions.check_ted_branco;  REFERNCIA: 946766
11-05-2024 07:47:37.913Z;functions.check_ted_branco;  ENTRANDO NO REGISTRO 
11-05-2024 07:47:41.140Z;functions.waitForImage;  INTEGRAÇÃO BANCÁRIA image found.
11-05-2024 07:47:41.256Z;functions.check_ted_branco;  CLICA EM INTEGRAÇÃO BANCÁRIA
11-05-2024 07:47:41.256Z;functions.check_ted_branco;  VERIFICANDO INFORMAÇÕES
11-05-2024 07:47:41.384Z;functions.waitForImage;  TRES PONTINHOS image found.
11-05-2024 07:47:51.899Z;functions.check_ted_branco;  VERIFICANDO SE TEM PIX NO FILTRO
11-05-2024 07:47:51.990Z;functions.waitForImage;  CHECANDO DADOS BANCÁRIOS PIX image found.
11-05-2024 07:47:53.991Z;functions.check_ted_branco;  PIX NÃO ENCONTRADO PARA REFERENCIA: 946766
11-05-2024 07:47:57.697Z;functions.check_ted_branco;  APERTA EM CANCELAR
11-05-2024 07:47:57.791Z;functions.waitForImage;  PRESS BUTTON OK image found.
11-05-2024 07:47:59.924Z;functions.click_ok;  PRESS BUTTON OK
11-05-2024 07:48:12.197Z;functions.waitForImage;  ERROR GENERICO image not found.
11-05-2024 07:48:17.756Z;functions.waitForImage;  ERROR FILTRO PIX image not found.
11-05-2024 07:48:21.871Z;functions.check_ted_branco;  PASSANDO PARA PRÓXIMO REGISTRO
11-05-2024 07:48:25.973Z;functions.check_ted_branco;  REFERNCIA: 943043
11-05-2024 07:48:26.274Z;functions.check_ted_branco;  ENTRANDO NO REGISTRO 
11-05-2024 07:48:29.471Z;functions.waitForImage;  INTEGRAÇÃO BANCÁRIA image found.
11-05-2024 07:48:29.603Z;functions.check_ted_branco;  CLICA EM INTEGRAÇÃO BANCÁRIA
11-05-2024 07:48:29.603Z;functions.check_ted_branco;  VERIFICANDO INFORMAÇÕES
11-05-2024 07:48:29.702Z;functions.waitForImage;  TRES PONTINHOS image found.
11-05-2024 07:48:40.219Z;functions.check_ted_branco;  VERIFICANDO SE TEM PIX NO FILTRO
11-05-2024 07:48:40.312Z;functions.waitForImage;  CHECANDO DADOS BANCÁRIOS PIX image found.
11-05-2024 07:48:42.319Z;functions.check_ted_branco;  PIX NÃO ENCONTRADO PARA REFERENCIA: 943043
11-05-2024 07:48:46.027Z;functions.check_ted_branco;  APERTA EM CANCELAR
11-05-2024 07:48:46.121Z;functions.waitForImage;  PRESS BUTTON OK image found.
11-05-2024 07:48:48.249Z;functions.click_ok;  PRESS BUTTON OK
11-05-2024 07:49:00.592Z;functions.waitForImage;  ERROR GENERICO image not found.
11-05-2024 07:49:06.151Z;functions.waitForImage;  ERROR FILTRO PIX image not found.
11-05-2024 07:49:10.265Z;functions.check_ted_branco;  PASSANDO PARA PRÓXIMO REGISTRO
11-05-2024 07:49:14.367Z;functions.check_ted_branco;  REFERNCIA: 941809
11-05-2024 07:49:14.668Z;functions.check_ted_branco;  ENTRANDO NO REGISTRO 
11-05-2024 07:49:17.879Z;functions.waitForImage;  INTEGRAÇÃO BANCÁRIA image found.
11-05-2024 07:49:18.002Z;functions.check_ted_branco;  CLICA EM INTEGRAÇÃO BANCÁRIA
11-05-2024 07:49:18.002Z;functions.check_ted_branco;  VERIFICANDO INFORMAÇÕES
11-05-2024 07:49:18.697Z;functions.waitForImage;  TRES PONTINHOS image found.
11-05-2024 07:49:29.213Z;functions.check_ted_branco;  VERIFICANDO SE TEM PIX NO FILTRO
11-05-2024 07:49:29.307Z;functions.waitForImage;  CHECANDO DADOS BANCÁRIOS PIX image found.
11-05-2024 07:49:31.312Z;functions.check_ted_branco;  PIX NÃO ENCONTRADO PARA REFERENCIA: 941809
11-05-2024 07:49:35.018Z;functions.check_ted_branco;  APERTA EM CANCELAR
11-05-2024 07:49:35.112Z;functions.waitForImage;  PRESS BUTTON OK image found.
11-05-2024 07:49:37.221Z;functions.click_ok;  PRESS BUTTON OK
11-05-2024 07:49:49.507Z;functions.waitForImage;  ERROR GENERICO image not found.
11-05-2024 07:49:55.082Z;functions.waitForImage;  ERROR FILTRO PIX image not found.
11-05-2024 07:49:59.195Z;functions.check_ted_branco;  PASSANDO PARA PRÓXIMO REGISTRO
11-05-2024 07:50:03.298Z;functions.check_ted_branco;  REFERNCIA: 941533
11-05-2024 07:50:03.599Z;functions.check_ted_branco;  ENTRANDO NO REGISTRO 
11-05-2024 07:50:06.816Z;functions.waitForImage;  INTEGRAÇÃO BANCÁRIA image found.
11-05-2024 07:50:06.934Z;functions.check_ted_branco;  CLICA EM INTEGRAÇÃO BANCÁRIA
11-05-2024 07:50:06.934Z;functions.check_ted_branco;  VERIFICANDO INFORMAÇÕES
11-05-2024 07:50:07.641Z;functions.waitForImage;  TRES PONTINHOS image found.
11-05-2024 07:50:18.158Z;functions.check_ted_branco;  VERIFICANDO SE TEM PIX NO FILTRO
11-05-2024 07:50:18.251Z;functions.waitForImage;  CHECANDO DADOS BANCÁRIOS PIX image found.
11-05-2024 07:50:20.258Z;functions.check_ted_branco;  PIX NÃO ENCONTRADO PARA REFERENCIA: 941533
11-05-2024 07:50:23.965Z;functions.check_ted_branco;  APERTA EM CANCELAR
11-05-2024 07:50:24.059Z;functions.waitForImage;  PRESS BUTTON OK image found.
11-05-2024 07:50:26.191Z;functions.click_ok;  PRESS BUTTON OK
11-05-2024 07:50:38.487Z;functions.waitForImage;  ERROR GENERICO image not found.
11-05-2024 07:50:44.068Z;functions.waitForImage;  ERROR FILTRO PIX image not found.
11-05-2024 07:50:48.183Z;functions.check_ted_branco;  PASSANDO PARA PRÓXIMO REGISTRO
11-05-2024 07:50:52.285Z;functions.check_ted_branco;  REFERNCIA: 946067
11-05-2024 07:50:52.586Z;functions.check_ted_branco;  ENTRANDO NO REGISTRO 
11-05-2024 07:50:55.798Z;functions.waitForImage;  INTEGRAÇÃO BANCÁRIA image found.
11-05-2024 07:50:55.915Z;functions.check_ted_branco;  CLICA EM INTEGRAÇÃO BANCÁRIA
11-05-2024 07:50:55.915Z;functions.check_ted_branco;  VERIFICANDO INFORMAÇÕES
11-05-2024 07:50:56.619Z;functions.waitForImage;  TRES PONTINHOS image found.
11-05-2024 07:51:07.136Z;functions.check_ted_branco;  VERIFICANDO SE TEM PIX NO FILTRO
11-05-2024 07:51:07.253Z;functions.waitForImage;  CHECANDO DADOS BANCÁRIOS PIX image found.
11-05-2024 07:51:09.254Z;functions.check_ted_branco;  PIX NÃO ENCONTRADO PARA REFERENCIA: 946067
11-05-2024 07:51:12.960Z;functions.check_ted_branco;  APERTA EM CANCELAR
11-05-2024 07:51:13.054Z;functions.waitForImage;  PRESS BUTTON OK image found.
11-05-2024 07:51:15.185Z;functions.click_ok;  PRESS BUTTON OK
11-05-2024 07:51:27.466Z;functions.waitForImage;  ERROR GENERICO image not found.
11-05-2024 07:51:33.024Z;functions.waitForImage;  ERROR FILTRO PIX image not found.
11-05-2024 07:51:37.141Z;functions.check_ted_branco;  PASSANDO PARA PRÓXIMO REGISTRO
11-05-2024 07:51:41.243Z;functions.check_ted_branco;  REFERNCIA: 946070
11-05-2024 07:51:41.544Z;functions.check_ted_branco;  ENTRANDO NO REGISTRO 
11-05-2024 07:51:44.740Z;functions.waitForImage;  INTEGRAÇÃO BANCÁRIA image found.
11-05-2024 07:51:44.888Z;functions.check_ted_branco;  CLICA EM INTEGRAÇÃO BANCÁRIA
11-05-2024 07:51:44.888Z;functions.check_ted_branco;  VERIFICANDO INFORMAÇÕES
11-05-2024 07:51:45.597Z;functions.waitForImage;  TRES PONTINHOS image found.
11-05-2024 07:51:56.113Z;functions.check_ted_branco;  VERIFICANDO SE TEM PIX NO FILTRO
11-05-2024 07:51:56.207Z;functions.waitForImage;  CHECANDO DADOS BANCÁRIOS PIX image found.
11-05-2024 07:51:58.217Z;functions.check_ted_branco;  PIX NÃO ENCONTRADO PARA REFERENCIA: 946070
11-05-2024 07:52:01.924Z;functions.check_ted_branco;  APERTA EM CANCELAR
11-05-2024 07:52:02.039Z;functions.waitForImage;  PRESS BUTTON OK image found.
11-05-2024 07:52:04.159Z;functions.click_ok;  PRESS BUTTON OK
11-05-2024 07:52:16.464Z;functions.waitForImage;  ERROR GENERICO image not found.
11-05-2024 07:52:22.040Z;functions.waitForImage;  ERROR FILTRO PIX image not found.
11-05-2024 07:52:26.143Z;functions.check_ted_branco;  PASSANDO PARA PRÓXIMO REGISTRO
11-05-2024 07:52:30.246Z;functions.check_ted_branco;  REFERNCIA: 946061
11-05-2024 07:52:30.547Z;functions.check_ted_branco;  ENTRANDO NO REGISTRO 
11-05-2024 07:52:33.743Z;functions.waitForImage;  INTEGRAÇÃO BANCÁRIA image found.
11-05-2024 07:52:33.876Z;functions.check_ted_branco;  CLICA EM INTEGRAÇÃO BANCÁRIA
11-05-2024 07:52:33.876Z;functions.check_ted_branco;  VERIFICANDO INFORMAÇÕES
11-05-2024 07:52:34.560Z;functions.waitForImage;  TRES PONTINHOS image found.
11-05-2024 07:52:45.077Z;functions.check_ted_branco;  VERIFICANDO SE TEM PIX NO FILTRO
11-05-2024 07:52:45.171Z;functions.waitForImage;  CHECANDO DADOS BANCÁRIOS PIX image found.
11-05-2024 07:52:47.175Z;functions.check_ted_branco;  PIX NÃO ENCONTRADO PARA REFERENCIA: 946061
11-05-2024 07:52:50.882Z;functions.check_ted_branco;  APERTA EM CANCELAR
11-05-2024 07:52:50.994Z;functions.waitForImage;  PRESS BUTTON OK image found.
11-05-2024 07:52:53.124Z;functions.click_ok;  PRESS BUTTON OK
11-05-2024 07:53:05.417Z;functions.waitForImage;  ERROR GENERICO image not found.
11-05-2024 07:53:11.020Z;functions.waitForImage;  ERROR FILTRO PIX image not found.
11-05-2024 07:53:15.133Z;functions.check_ted_branco;  PASSANDO PARA PRÓXIMO REGISTRO
11-05-2024 07:53:19.235Z;functions.check_ted_branco;  REFERNCIA: 936139
11-05-2024 07:53:19.536Z;functions.check_ted_branco;  ENTRANDO NO REGISTRO 
11-05-2024 07:53:22.731Z;functions.waitForImage;  INTEGRAÇÃO BANCÁRIA image found.
11-05-2024 07:53:22.864Z;functions.check_ted_branco;  CLICA EM INTEGRAÇÃO BANCÁRIA
11-05-2024 07:53:22.864Z;functions.check_ted_branco;  VERIFICANDO INFORMAÇÕES
11-05-2024 07:53:23.570Z;functions.waitForImage;  TRES PONTINHOS image found.
11-05-2024 07:53:34.087Z;functions.check_ted_branco;  VERIFICANDO SE TEM PIX NO FILTRO
11-05-2024 07:53:34.181Z;functions.waitForImage;  CHECANDO DADOS BANCÁRIOS PIX image found.
11-05-2024 07:53:36.186Z;functions.check_ted_branco;  PIX NÃO ENCONTRADO PARA REFERENCIA: 936139
11-05-2024 07:53:39.893Z;functions.check_ted_branco;  APERTA EM CANCELAR
11-05-2024 07:53:40.010Z;functions.waitForImage;  PRESS BUTTON OK image found.
11-05-2024 07:53:42.131Z;functions.click_ok;  PRESS BUTTON OK
11-05-2024 07:53:54.453Z;functions.waitForImage;  ERROR GENERICO image not found.
11-05-2024 07:54:00.008Z;functions.waitForImage;  ERROR FILTRO PIX image not found.
11-05-2024 07:54:04.123Z;functions.check_ted_branco;  PASSANDO PARA PRÓXIMO REGISTRO
11-05-2024 07:54:08.225Z;functions.check_ted_branco;  REFERNCIA: 949557
11-05-2024 07:54:08.526Z;functions.check_ted_branco;  ENTRANDO NO REGISTRO 
11-05-2024 07:54:11.738Z;functions.waitForImage;  INTEGRAÇÃO BANCÁRIA image found.
11-05-2024 07:54:11.868Z;functions.check_ted_branco;  CLICA EM INTEGRAÇÃO BANCÁRIA
11-05-2024 07:54:11.868Z;functions.check_ted_branco;  VERIFICANDO INFORMAÇÕES
11-05-2024 07:54:12.572Z;functions.waitForImage;  TRES PONTINHOS image found.
11-05-2024 07:54:23.090Z;functions.check_ted_branco;  VERIFICANDO SE TEM PIX NO FILTRO
11-05-2024 07:54:23.184Z;functions.waitForImage;  CHECANDO DADOS BANCÁRIOS PIX image found.
11-05-2024 07:54:25.190Z;functions.check_ted_branco;  PIX NÃO ENCONTRADO PARA REFERENCIA: 949557
11-05-2024 07:54:28.896Z;functions.check_ted_branco;  APERTA EM CANCELAR
11-05-2024 07:54:29.026Z;functions.waitForImage;  PRESS BUTTON OK image found.
11-05-2024 07:54:31.161Z;functions.click_ok;  PRESS BUTTON OK
11-05-2024 07:54:43.437Z;functions.waitForImage;  ERROR GENERICO image not found.
11-05-2024 07:54:49.013Z;functions.waitForImage;  ERROR FILTRO PIX image not found.
11-05-2024 07:54:53.128Z;functions.check_ted_branco;  PASSANDO PARA PRÓXIMO REGISTRO
11-05-2024 07:54:57.230Z;functions.check_ted_branco;  REFERNCIA: 949526
11-05-2024 07:54:57.531Z;functions.check_ted_branco;  ENTRANDO NO REGISTRO 
11-05-2024 07:55:00.774Z;functions.waitForImage;  INTEGRAÇÃO BANCÁRIA image found.
11-05-2024 07:55:00.891Z;functions.check_ted_branco;  CLICA EM INTEGRAÇÃO BANCÁRIA
11-05-2024 07:55:00.891Z;functions.check_ted_branco;  VERIFICANDO INFORMAÇÕES
11-05-2024 07:55:01.609Z;functions.waitForImage;  TRES PONTINHOS image found.
11-05-2024 07:55:12.120Z;functions.check_ted_branco;  VERIFICANDO SE TEM PIX NO FILTRO
11-05-2024 07:55:12.229Z;functions.waitForImage;  CHECANDO DADOS BANCÁRIOS PIX image found.
11-05-2024 07:55:14.236Z;functions.check_ted_branco;  PIX NÃO ENCONTRADO PARA REFERENCIA: 949526
11-05-2024 07:55:17.943Z;functions.check_ted_branco;  APERTA EM CANCELAR
11-05-2024 07:55:18.037Z;functions.waitForImage;  PRESS BUTTON OK image found.
11-05-2024 07:55:20.164Z;functions.click_ok;  PRESS BUTTON OK
11-05-2024 07:55:32.449Z;functions.waitForImage;  ERROR GENERICO image not found.
11-05-2024 07:55:38.008Z;functions.waitForImage;  ERROR FILTRO PIX image not found.
11-05-2024 07:55:42.123Z;functions.check_ted_branco;  PASSANDO PARA PRÓXIMO REGISTRO
11-05-2024 07:55:46.225Z;functions.check_ted_branco;  REFERNCIA: 946261
11-05-2024 07:55:46.526Z;functions.check_ted_branco;  ENTRANDO NO REGISTRO 
11-05-2024 07:55:49.737Z;functions.waitForImage;  INTEGRAÇÃO BANCÁRIA image found.
11-05-2024 07:55:49.871Z;functions.check_ted_branco;  CLICA EM INTEGRAÇÃO BANCÁRIA
11-05-2024 07:55:49.871Z;functions.check_ted_branco;  VERIFICANDO INFORMAÇÕES
11-05-2024 07:55:50.578Z;functions.waitForImage;  TRES PONTINHOS image found.
11-05-2024 07:56:01.098Z;functions.check_ted_branco;  VERIFICANDO SE TEM PIX NO FILTRO
11-05-2024 07:56:01.192Z;functions.waitForImage;  CHECANDO DADOS BANCÁRIOS PIX image found.
11-05-2024 07:56:03.198Z;functions.check_ted_branco;  PIX NÃO ENCONTRADO PARA REFERENCIA: 946261
11-05-2024 07:56:06.904Z;functions.check_ted_branco;  APERTA EM CANCELAR
11-05-2024 07:56:07.009Z;functions.waitForImage;  PRESS BUTTON OK image found.
11-05-2024 07:56:09.126Z;functions.click_ok;  PRESS BUTTON OK
11-05-2024 07:56:21.424Z;functions.waitForImage;  ERROR GENERICO image not found.
11-05-2024 07:56:27.028Z;functions.waitForImage;  ERROR FILTRO PIX image not found.
11-05-2024 07:56:31.130Z;functions.check_ted_branco;  PASSANDO PARA PRÓXIMO REGISTRO
11-05-2024 07:56:35.232Z;functions.check_ted_branco;  REFERNCIA: 946753
11-05-2024 07:56:35.533Z;functions.check_ted_branco;  ENTRANDO NO REGISTRO 
11-05-2024 07:56:38.744Z;functions.waitForImage;  INTEGRAÇÃO BANCÁRIA image found.
11-05-2024 07:56:38.876Z;functions.check_ted_branco;  CLICA EM INTEGRAÇÃO BANCÁRIA
11-05-2024 07:56:38.876Z;functions.check_ted_branco;  VERIFICANDO INFORMAÇÕES
11-05-2024 07:56:39.561Z;functions.waitForImage;  TRES PONTINHOS image found.
11-05-2024 07:56:50.078Z;functions.check_ted_branco;  VERIFICANDO SE TEM PIX NO FILTRO
11-05-2024 07:56:50.172Z;functions.waitForImage;  CHECANDO DADOS BANCÁRIOS PIX image found.
11-05-2024 07:56:52.179Z;functions.check_ted_branco;  PIX NÃO ENCONTRADO PARA REFERENCIA: 946753
11-05-2024 07:56:55.886Z;functions.check_ted_branco;  APERTA EM CANCELAR
11-05-2024 07:56:56.026Z;functions.waitForImage;  PRESS BUTTON OK image found.
11-05-2024 07:56:58.147Z;functions.click_ok;  PRESS BUTTON OK
11-05-2024 07:57:10.454Z;functions.waitForImage;  ERROR GENERICO image not found.
11-05-2024 07:57:16.022Z;functions.waitForImage;  ERROR FILTRO PIX image not found.
11-05-2024 07:57:20.134Z;functions.check_ted_branco;  PASSANDO PARA PRÓXIMO REGISTRO
11-05-2024 07:57:24.236Z;functions.check_ted_branco;  REFERNCIA: 941552
11-05-2024 07:57:24.537Z;functions.check_ted_branco;  ENTRANDO NO REGISTRO 
11-05-2024 07:57:27.749Z;functions.waitForImage;  INTEGRAÇÃO BANCÁRIA image found.
11-05-2024 07:57:27.867Z;functions.check_ted_branco;  CLICA EM INTEGRAÇÃO BANCÁRIA
11-05-2024 07:57:27.867Z;functions.check_ted_branco;  VERIFICANDO INFORMAÇÕES
11-05-2024 07:57:27.995Z;functions.waitForImage;  TRES PONTINHOS image found.
11-05-2024 07:57:38.507Z;functions.check_ted_branco;  VERIFICANDO SE TEM PIX NO FILTRO
11-05-2024 07:57:38.601Z;functions.waitForImage;  CHECANDO DADOS BANCÁRIOS PIX image found.
11-05-2024 07:57:40.607Z;functions.check_ted_branco;  PIX NÃO ENCONTRADO PARA REFERENCIA: 941552
11-05-2024 07:57:44.313Z;functions.check_ted_branco;  APERTA EM CANCELAR
11-05-2024 07:57:44.407Z;functions.waitForImage;  PRESS BUTTON OK image found.
11-05-2024 07:57:46.531Z;functions.click_ok;  PRESS BUTTON OK
11-05-2024 07:57:58.826Z;functions.waitForImage;  ERROR GENERICO image not found.
11-05-2024 07:58:04.420Z;functions.waitForImage;  ERROR FILTRO PIX image not found.
11-05-2024 07:58:08.535Z;functions.check_ted_branco;  PASSANDO PARA PRÓXIMO REGISTRO
11-05-2024 07:58:12.638Z;functions.check_ted_branco;  REFERNCIA: 941510
11-05-2024 07:58:12.939Z;functions.check_ted_branco;  ENTRANDO NO REGISTRO 
11-05-2024 07:58:16.135Z;functions.waitForImage;  INTEGRAÇÃO BANCÁRIA image found.
11-05-2024 07:58:16.252Z;functions.check_ted_branco;  CLICA EM INTEGRAÇÃO BANCÁRIA
11-05-2024 07:58:16.252Z;functions.check_ted_branco;  VERIFICANDO INFORMAÇÕES
11-05-2024 07:58:16.991Z;functions.waitForImage;  TRES PONTINHOS image found.
11-05-2024 07:58:27.504Z;functions.check_ted_branco;  VERIFICANDO SE TEM PIX NO FILTRO
11-05-2024 07:58:27.598Z;functions.waitForImage;  CHECANDO DADOS BANCÁRIOS PIX image found.
11-05-2024 07:58:29.604Z;functions.check_ted_branco;  PIX NÃO ENCONTRADO PARA REFERENCIA: 941510
11-05-2024 07:58:33.311Z;functions.check_ted_branco;  APERTA EM CANCELAR
11-05-2024 07:58:33.405Z;functions.waitForImage;  PRESS BUTTON OK image found.
11-05-2024 07:58:35.530Z;functions.click_ok;  PRESS BUTTON OK
11-05-2024 07:58:47.811Z;functions.waitForImage;  ERROR GENERICO image not found.
11-05-2024 07:58:53.390Z;functions.waitForImage;  ERROR FILTRO PIX image not found.
11-05-2024 07:58:57.505Z;functions.check_ted_branco;  PASSANDO PARA PRÓXIMO REGISTRO
11-05-2024 07:59:01.608Z;functions.check_ted_branco;  REFERNCIA: 947850
11-05-2024 07:59:01.909Z;functions.check_ted_branco;  ENTRANDO NO REGISTRO 
11-05-2024 07:59:05.121Z;functions.waitForImage;  INTEGRAÇÃO BANCÁRIA image found.
11-05-2024 07:59:05.253Z;functions.check_ted_branco;  CLICA EM INTEGRAÇÃO BANCÁRIA
11-05-2024 07:59:05.253Z;functions.check_ted_branco;  VERIFICANDO INFORMAÇÕES
11-05-2024 07:59:05.376Z;functions.waitForImage;  TRES PONTINHOS image found.
11-05-2024 07:59:15.891Z;functions.check_ted_branco;  VERIFICANDO SE TEM PIX NO FILTRO
11-05-2024 07:59:16.010Z;functions.waitForImage;  CHECANDO DADOS BANCÁRIOS PIX image found.
11-05-2024 07:59:18.013Z;functions.check_ted_branco;  PIX NÃO ENCONTRADO PARA REFERENCIA: 947850
11-05-2024 07:59:21.720Z;functions.check_ted_branco;  APERTA EM CANCELAR
11-05-2024 07:59:21.820Z;functions.waitForImage;  PRESS BUTTON OK image found.
11-05-2024 07:59:23.943Z;functions.click_ok;  PRESS BUTTON OK
11-05-2024 07:59:36.222Z;functions.waitForImage;  ERROR GENERICO image not found.
11-05-2024 07:59:41.809Z;functions.waitForImage;  ERROR FILTRO PIX image not found.
11-05-2024 07:59:45.914Z;functions.check_ted_branco;  PASSANDO PARA PRÓXIMO REGISTRO
11-05-2024 07:59:50.016Z;functions.check_ted_branco;  REFERNCIA: 944263
11-05-2024 07:59:50.317Z;functions.check_ted_branco;  ENTRANDO NO REGISTRO 
11-05-2024 07:59:53.529Z;functions.waitForImage;  INTEGRAÇÃO BANCÁRIA image found.
11-05-2024 07:59:53.662Z;functions.check_ted_branco;  CLICA EM INTEGRAÇÃO BANCÁRIA
11-05-2024 07:59:53.662Z;functions.check_ted_branco;  VERIFICANDO INFORMAÇÕES
11-05-2024 07:59:53.792Z;functions.waitForImage;  TRES PONTINHOS image found.
11-05-2024 08:00:04.305Z;functions.check_ted_branco;  VERIFICANDO SE TEM PIX NO FILTRO
11-05-2024 08:00:04.399Z;functions.waitForImage;  CHECANDO DADOS BANCÁRIOS PIX image found.
11-05-2024 08:00:06.408Z;functions.check_ted_branco;  PIX NÃO ENCONTRADO PARA REFERENCIA: 944263
11-05-2024 08:00:10.113Z;functions.check_ted_branco;  APERTA EM CANCELAR
11-05-2024 08:00:10.207Z;functions.waitForImage;  PRESS BUTTON OK image found.
11-05-2024 08:00:12.332Z;functions.click_ok;  PRESS BUTTON OK
11-05-2024 08:00:24.640Z;functions.waitForImage;  ERROR GENERICO image not found.
11-05-2024 08:00:30.220Z;functions.waitForImage;  ERROR FILTRO PIX image not found.
11-05-2024 08:00:34.333Z;functions.check_ted_branco;  PASSANDO PARA PRÓXIMO REGISTRO
11-05-2024 08:00:38.435Z;functions.check_ted_branco;  REFERNCIA: 941550
11-05-2024 08:00:38.736Z;functions.check_ted_branco;  ENTRANDO NO REGISTRO 
11-05-2024 08:00:41.943Z;functions.waitForImage;  INTEGRAÇÃO BANCÁRIA image found.
11-05-2024 08:00:42.052Z;functions.check_ted_branco;  CLICA EM INTEGRAÇÃO BANCÁRIA
11-05-2024 08:00:42.052Z;functions.check_ted_branco;  VERIFICANDO INFORMAÇÕES
11-05-2024 08:00:42.167Z;functions.waitForImage;  TRES PONTINHOS image found.
11-05-2024 08:00:52.683Z;functions.check_ted_branco;  VERIFICANDO SE TEM PIX NO FILTRO
11-05-2024 08:00:52.777Z;functions.waitForImage;  CHECANDO DADOS BANCÁRIOS PIX image found.
11-05-2024 08:00:54.783Z;functions.check_ted_branco;  PIX NÃO ENCONTRADO PARA REFERENCIA: 941550
11-05-2024 08:00:58.489Z;functions.check_ted_branco;  APERTA EM CANCELAR
11-05-2024 08:00:58.583Z;functions.waitForImage;  PRESS BUTTON OK image found.
11-05-2024 08:01:00.710Z;functions.click_ok;  PRESS BUTTON OK
11-05-2024 08:01:13.006Z;functions.waitForImage;  ERROR GENERICO image not found.
11-05-2024 08:01:18.598Z;functions.waitForImage;  ERROR FILTRO PIX image not found.
11-05-2024 08:01:22.713Z;functions.check_ted_branco;  PASSANDO PARA PRÓXIMO REGISTRO
11-05-2024 08:01:26.815Z;functions.check_ted_branco;  REFERNCIA: 936141
11-05-2024 08:01:27.116Z;functions.check_ted_branco;  ENTRANDO NO REGISTRO 
11-05-2024 08:01:30.312Z;functions.waitForImage;  INTEGRAÇÃO BANCÁRIA image found.
11-05-2024 08:01:30.460Z;functions.check_ted_branco;  CLICA EM INTEGRAÇÃO BANCÁRIA
11-05-2024 08:01:30.460Z;functions.check_ted_branco;  VERIFICANDO INFORMAÇÕES
11-05-2024 08:01:31.153Z;functions.waitForImage;  TRES PONTINHOS image found.
11-05-2024 08:01:41.669Z;functions.check_ted_branco;  VERIFICANDO SE TEM PIX NO FILTRO
11-05-2024 08:01:41.772Z;functions.waitForImage;  CHECANDO DADOS BANCÁRIOS PIX image found.
11-05-2024 08:01:43.772Z;functions.check_ted_branco;  PIX NÃO ENCONTRADO PARA REFERENCIA: 936141
11-05-2024 08:01:47.480Z;functions.check_ted_branco;  APERTA EM CANCELAR
11-05-2024 08:01:47.573Z;functions.waitForImage;  PRESS BUTTON OK image found.
11-05-2024 08:01:49.697Z;functions.click_ok;  PRESS BUTTON OK
11-05-2024 08:02:02.038Z;functions.waitForImage;  ERROR GENERICO image not found.
11-05-2024 08:02:07.623Z;functions.waitForImage;  ERROR FILTRO PIX image not found.
11-05-2024 08:02:11.737Z;functions.check_ted_branco;  PASSANDO PARA PRÓXIMO REGISTRO
11-05-2024 08:02:15.839Z;functions.check_ted_branco;  REFERNCIA: 941516
11-05-2024 08:02:16.140Z;functions.check_ted_branco;  ENTRANDO NO REGISTRO 
11-05-2024 08:02:19.336Z;functions.waitForImage;  INTEGRAÇÃO BANCÁRIA image found.
11-05-2024 08:02:19.484Z;functions.check_ted_branco;  CLICA EM INTEGRAÇÃO BANCÁRIA
11-05-2024 08:02:19.485Z;functions.check_ted_branco;  VERIFICANDO INFORMAÇÕES
11-05-2024 08:02:19.609Z;functions.waitForImage;  TRES PONTINHOS image found.
11-05-2024 08:02:30.123Z;functions.check_ted_branco;  VERIFICANDO SE TEM PIX NO FILTRO
11-05-2024 08:02:30.217Z;functions.waitForImage;  CHECANDO DADOS BANCÁRIOS PIX image found.
11-05-2024 08:02:32.222Z;functions.check_ted_branco;  PIX NÃO ENCONTRADO PARA REFERENCIA: 941516
11-05-2024 08:02:35.928Z;functions.check_ted_branco;  APERTA EM CANCELAR
11-05-2024 08:02:36.022Z;functions.waitForImage;  PRESS BUTTON OK image found.
11-05-2024 08:02:38.144Z;functions.click_ok;  PRESS BUTTON OK
11-05-2024 08:02:50.425Z;functions.waitForImage;  ERROR GENERICO image not found.
11-05-2024 08:02:56.007Z;functions.waitForImage;  ERROR FILTRO PIX image not found.
11-05-2024 08:03:00.122Z;functions.check_ted_branco;  PASSANDO PARA PRÓXIMO REGISTRO
11-05-2024 08:03:04.224Z;functions.check_ted_branco;  REFERNCIA: 941492
11-05-2024 08:03:04.525Z;functions.check_ted_branco;  ENTRANDO NO REGISTRO 
11-05-2024 08:03:07.737Z;functions.waitForImage;  INTEGRAÇÃO BANCÁRIA image found.
11-05-2024 08:03:07.871Z;functions.check_ted_branco;  CLICA EM INTEGRAÇÃO BANCÁRIA
11-05-2024 08:03:07.872Z;functions.check_ted_branco;  VERIFICANDO INFORMAÇÕES
11-05-2024 08:03:07.981Z;functions.waitForImage;  TRES PONTINHOS image found.
11-05-2024 08:03:18.507Z;functions.check_ted_branco;  VERIFICANDO SE TEM PIX NO FILTRO
11-05-2024 08:03:18.601Z;functions.waitForImage;  CHECANDO DADOS BANCÁRIOS PIX image found.
11-05-2024 08:03:20.608Z;functions.check_ted_branco;  PIX NÃO ENCONTRADO PARA REFERENCIA: 941492
11-05-2024 08:03:24.314Z;functions.check_ted_branco;  APERTA EM CANCELAR
11-05-2024 08:03:24.408Z;functions.waitForImage;  PRESS BUTTON OK image found.
11-05-2024 08:03:26.534Z;functions.click_ok;  PRESS BUTTON OK
11-05-2024 08:03:38.824Z;functions.waitForImage;  ERROR GENERICO image not found.
11-05-2024 08:03:44.397Z;functions.waitForImage;  ERROR FILTRO PIX image not found.
11-05-2024 08:03:48.513Z;functions.check_ted_branco;  PASSANDO PARA PRÓXIMO REGISTRO
11-05-2024 08:03:52.615Z;functions.check_ted_branco;  REFERNCIA: 941493
11-05-2024 08:03:52.916Z;functions.check_ted_branco;  ENTRANDO NO REGISTRO 
11-05-2024 08:03:56.127Z;functions.waitForImage;  INTEGRAÇÃO BANCÁRIA image found.
11-05-2024 08:03:56.259Z;functions.check_ted_branco;  CLICA EM INTEGRAÇÃO BANCÁRIA
11-05-2024 08:03:56.259Z;functions.check_ted_branco;  VERIFICANDO INFORMAÇÕES
11-05-2024 08:03:56.994Z;functions.waitForImage;  TRES PONTINHOS image found.
11-05-2024 08:04:07.507Z;functions.check_ted_branco;  VERIFICANDO SE TEM PIX NO FILTRO
11-05-2024 08:04:07.601Z;functions.waitForImage;  CHECANDO DADOS BANCÁRIOS PIX image found.
11-05-2024 08:04:09.609Z;functions.check_ted_branco;  PIX NÃO ENCONTRADO PARA REFERENCIA: 941493
11-05-2024 08:04:13.317Z;functions.check_ted_branco;  APERTA EM CANCELAR
11-05-2024 08:04:13.411Z;functions.waitForImage;  PRESS BUTTON OK image found.
11-05-2024 08:04:15.543Z;functions.click_ok;  PRESS BUTTON OK
11-05-2024 08:04:27.813Z;functions.waitForImage;  ERROR GENERICO image not found.
11-05-2024 08:04:33.394Z;functions.waitForImage;  ERROR FILTRO PIX image not found.
11-05-2024 08:04:37.508Z;functions.check_ted_branco;  PASSANDO PARA PRÓXIMO REGISTRO
11-05-2024 08:04:41.611Z;functions.check_ted_branco;  REFERNCIA: 941947
11-05-2024 08:04:41.911Z;functions.check_ted_branco;  ENTRANDO NO REGISTRO 
11-05-2024 08:04:45.107Z;functions.waitForImage;  INTEGRAÇÃO BANCÁRIA image found.
11-05-2024 08:04:45.239Z;functions.check_ted_branco;  CLICA EM INTEGRAÇÃO BANCÁRIA
11-05-2024 08:04:45.239Z;functions.check_ted_branco;  VERIFICANDO INFORMAÇÕES
11-05-2024 08:04:45.369Z;functions.waitForImage;  TRES PONTINHOS image found.
11-05-2024 08:04:55.881Z;functions.check_ted_branco;  VERIFICANDO SE TEM PIX NO FILTRO
11-05-2024 08:04:55.995Z;functions.waitForImage;  CHECANDO DADOS BANCÁRIOS PIX image found.
11-05-2024 08:04:57.998Z;functions.check_ted_branco;  PIX NÃO ENCONTRADO PARA REFERENCIA: 941947
11-05-2024 08:05:01.705Z;functions.check_ted_branco;  APERTA EM CANCELAR
11-05-2024 08:05:01.806Z;functions.waitForImage;  PRESS BUTTON OK image found.
11-05-2024 08:05:03.923Z;functions.click_ok;  PRESS BUTTON OK
11-05-2024 08:05:16.210Z;functions.waitForImage;  ERROR GENERICO image not found.
11-05-2024 08:05:21.824Z;functions.waitForImage;  ERROR FILTRO PIX image not found.
11-05-2024 08:05:21.824Z;functions.check_ted_branco;  FORAI VERIFICADO: 50 REFERENCIAS NO PROCESSAMENTO FORMA DE PAGAMENTO ELETRONICA EM BRANCO
11-05-2024 08:05:23.574Z;errorhandler.__handle;  Property: Unknown Property name. [1:203: -ms-interpolation-mode]
11-05-2024 08:05:23.589Z;errorhandler.__handle;  Property: Unknown Property name. [1:353: -webkit-font-smoothing]
11-05-2024 08:05:23.589Z;errorhandler.__handle;  Property: Unknown Property name. [1:483: -ms-text-size-adjust]
11-05-2024 08:05:23.589Z;errorhandler.__handle;  Property: Unknown Property name. [1:518: -webkit-text-size-adjust]
11-05-2024 08:05:23.589Z;errorhandler.__handle;  Property: Unknown Property name. [1:612: mso-table-lspace]
11-05-2024 08:05:23.589Z;errorhandler.__handle;  Property: Unknown Property name. [1:642: mso-table-rspace]
11-05-2024 08:05:23.636Z;errorhandler.__handle;  Property: Unknown Property name. [1:4734: mso-hide]
11-05-2024 08:05:23.667Z;errorhandler.__handle;  Property: Unknown Property name. [1:13: -ms-interpolation-mode]
11-05-2024 08:05:23.667Z;errorhandler.__handle;  Property: Unknown Property name. [1:49: -webkit-font-smoothing]
11-05-2024 08:05:23.667Z;errorhandler.__handle;  Property: Unknown Property name. [1:134: -ms-text-size-adjust]
11-05-2024 08:05:23.667Z;errorhandler.__handle;  Property: Unknown Property name. [1:160: -webkit-text-size-adjust]
11-05-2024 08:05:23.667Z;errorhandler.__handle;  Property: Unknown Property name. [1:26: mso-table-lspace]
11-05-2024 08:05:23.667Z;errorhandler.__handle;  Property: Unknown Property name. [1:45: mso-table-rspace]
11-05-2024 08:05:23.667Z;errorhandler.__handle;  Property: Unknown Property name. [1:92: mso-hide]
11-05-2024 08:05:23.683Z;errorhandler.__handle;  Property: No ":" after name found: align-center [1:1: align-center]
11-05-2024 08:05:23.683Z;errorhandler.__handle;  Property: No property value found: align-center [1:1: align-center]
11-05-2024 08:05:23.683Z;errorhandler.__handle;  CSSStyleDeclaration: Syntax Error in Property: align-center
11-05-2024 08:05:23.683Z;errorhandler.__handle;  Property: Unknown Property name. [1:14: -ms-interpolation-mode]
11-05-2024 08:05:26.433Z;functions.emailFinalizado;  Warning e-mail sent.
11-05-2024 08:05:26.433Z;main.<module>;  Remessa Bancária TED CIP com filtro de pagamento eletronica em branco modificadas para pix 
 PASSO 3 FINALIZADO
11-05-2024 08:05:26.433Z;main.<module>;  O PROGRAMA SERÁ ENCERRADO
11-05-2024 08:05:28.433Z;errorhandler.__handle;  Property: Unknown Property name. [1:14: -ms-interpolation-mode]
11-05-2024 08:05:31.464Z;functions.emailFinalizado;  Warning e-mail sent.
11-05-2024 08:05:31.559Z;functions.end_RM;  RM ENCERRADO
