05-06-2024 16:59:16.402Z;functions.bot_text_art;      ____   
05-06-2024 16:59:16.410Z;functions.bot_text_art;     [____]    
05-06-2024 16:59:16.411Z;functions.bot_text_art;   |=]()()[=|  
05-06-2024 16:59:16.412Z;functions.bot_text_art;     _\==/__    _____    ____     _        _____    ___   _  __
05-06-2024 16:59:16.412Z;functions.bot_text_art;   |__|   |_|  |  _  \  / ___|   | |      |_   _| / ___| | |/ /
05-06-2024 16:59:16.413Z;functions.bot_text_art;   |_|_/\_|_|  | |  | | | |      | |        | |   | |    | ' / 
05-06-2024 16:59:16.413Z;functions.bot_text_art;   | | __ | |  | |  | | | |      | |        | |   | |    |  <  
05-06-2024 16:59:16.414Z;functions.bot_text_art;   |_|[  ]|_|  | |__| | | |____  | |____   _| |_  | |__  | . \ 
05-06-2024 16:59:16.433Z;functions.bot_text_art;   \_|_||_|_/  |_____/   \_____| |______| |_____| \ ___| |_|\_\
05-06-2024 16:59:16.434Z;functions.bot_text_art;     |_||_|                                                     
05-06-2024 16:59:16.435Z;functions.bot_text_art;     | ||_|_   
05-06-2024 16:59:16.441Z;functions.bot_text_art;   |___||___|  
05-06-2024 16:59:16.442Z;functions.bot_text_art;               
05-06-2024 16:59:16.481Z;functions.open_RM;  OPEN PROGRAM RM
05-06-2024 16:59:39.777Z;functions.loggin_RM;  ENTER USER_NAME
05-06-2024 16:59:44.995Z;functions.loggin_RM;  ENTER PASSWORD
05-06-2024 16:59:46.918Z;functions.loggin_RM;  ENTER RM
05-06-2024 17:01:53.511Z;functions.enter_coligada;  CLICK CONTEXTO
05-06-2024 17:01:56.136Z;functions.enter_coligada;  CLICK ALTERAR MODULO DO CONTEXTO
05-06-2024 17:02:01.902Z;functions.enter_coligada;  INSERE O COLIGADA CODE = 1
05-06-2024 17:02:02.106Z;functions.enter_coligada;  APERTA TAB PARA PREENCHER O CAMPO COM A STRING: OCEANICA ENGENHARIA E CONSULTORIA S.A.
05-06-2024 17:02:05.073Z;functions.enter_coligada;  CLICK AVANÇAR NOVAMENTE
05-06-2024 17:02:06.636Z;functions.enter_coligada;  CLICK CONCLUIR
05-06-2024 17:03:37.854Z;functions.enter_coligada;  POP UP COLIGADA DESAPARECER
05-06-2024 17:03:39.292Z;functions.check_movimentacao_bancaria;  CLICK - TOTVS - LINHA RM
05-06-2024 17:03:41.292Z;functions.check_movimentacao_bancaria;  CLICK - BACK OFFICE
05-06-2024 17:03:42.604Z;functions.check_movimentacao_bancaria;  CLICK - GESTAO FINANCEIRA
05-06-2024 17:03:56.917Z;functions.movimentacao_bancaria;  CLICA NA ABA MOVIMENTAÇÃO BANCARIA
05-06-2024 17:03:57.948Z;functions.waitForImage;  IMAGEM BORDERO image found.
05-06-2024 17:04:00.081Z;functions.movimentacao_bancaria;  IMAGEM BORDERO CLICADA.
05-06-2024 17:04:10.370Z;functions.waitForImage;  LICENCAS EXCEDIDAS image not found.
05-06-2024 17:04:11.198Z;functions.movimentacao_bancaria;  ENCONTROU O FILTRO DA MOVIMENTAÇÃO BANCÁRIA
05-06-2024 17:04:11.280Z;functions.movimentacao_bancaria;  CLICA NA ABA SUPERIOR DO FILTRO
05-06-2024 17:04:19.885Z;functions.movimentacao_bancaria;  SELECIONA O FILTRO HOJE
