05-06-2024 17:12:58.360Z;functions.bot_text_art;      ____   
05-06-2024 17:12:58.365Z;functions.bot_text_art;     [____]    
05-06-2024 17:12:58.368Z;functions.bot_text_art;   |=]()()[=|  
05-06-2024 17:12:58.369Z;functions.bot_text_art;     _\==/__    _____    ____     _        _____    ___   _  __
05-06-2024 17:12:58.372Z;functions.bot_text_art;   |__|   |_|  |  _  \  / ___|   | |      |_   _| / ___| | |/ /
05-06-2024 17:12:58.380Z;functions.bot_text_art;   |_|_/\_|_|  | |  | | | |      | |        | |   | |    | ' / 
05-06-2024 17:12:58.382Z;functions.bot_text_art;   | | __ | |  | |  | | | |      | |        | |   | |    |  <  
05-06-2024 17:12:58.403Z;functions.bot_text_art;   |_|[  ]|_|  | |__| | | |____  | |____   _| |_  | |__  | . \ 
05-06-2024 17:12:58.407Z;functions.bot_text_art;   \_|_||_|_/  |_____/   \_____| |______| |_____| \ ___| |_|\_\
05-06-2024 17:12:58.412Z;functions.bot_text_art;     |_||_|                                                     
05-06-2024 17:12:58.415Z;functions.bot_text_art;     | ||_|_   
05-06-2024 17:12:58.432Z;functions.bot_text_art;   |___||___|  
05-06-2024 17:12:58.440Z;functions.bot_text_art;               
05-06-2024 17:12:58.499Z;functions.open_RM;  OPEN PROGRAM RM
05-06-2024 17:13:18.681Z;functions.loggin_RM;  ENTER USER_NAME
05-06-2024 17:13:23.964Z;functions.loggin_RM;  ENTER PASSWORD
05-06-2024 17:13:25.915Z;functions.loggin_RM;  ENTER RM
05-06-2024 17:15:33.852Z;functions.enter_coligada;  CLICK CONTEXTO
05-06-2024 17:15:37.415Z;functions.enter_coligada;  CLICK ALTERAR MODULO DO CONTEXTO
05-06-2024 17:15:42.696Z;functions.enter_coligada;  INSERE O COLIGADA CODE = 1
05-06-2024 17:15:42.950Z;functions.enter_coligada;  APERTA TAB PARA PREENCHER O CAMPO COM A STRING: OCEANICA ENGENHARIA E CONSULTORIA S.A.
05-06-2024 17:15:48.540Z;functions.enter_coligada;  CLICK AVANÇAR NOVAMENTE
05-06-2024 17:15:50.665Z;functions.enter_coligada;  CLICK CONCLUIR
05-06-2024 17:17:22.134Z;functions.enter_coligada;  POP UP COLIGADA DESAPARECER
05-06-2024 17:17:23.259Z;functions.check_movimentacao_bancaria;  CLICK - TOTVS - LINHA RM
05-06-2024 17:17:25.227Z;functions.check_movimentacao_bancaria;  CLICK - BACK OFFICE
05-06-2024 17:17:26.321Z;functions.check_movimentacao_bancaria;  CLICK - GESTAO FINANCEIRA
05-06-2024 17:17:42.415Z;functions.movimentacao_bancaria;  CLICA NA ABA MOVIMENTAÇÃO BANCARIA
05-06-2024 17:17:43.598Z;functions.waitForImage;  IMAGEM BORDERO image found.
05-06-2024 17:17:45.705Z;functions.movimentacao_bancaria;  IMAGEM BORDERO CLICADA.
05-06-2024 17:17:55.993Z;functions.waitForImage;  LICENCAS EXCEDIDAS image not found.
05-06-2024 17:17:56.727Z;functions.movimentacao_bancaria;  ENCONTROU O FILTRO DA MOVIMENTAÇÃO BANCÁRIA
05-06-2024 17:17:56.799Z;functions.movimentacao_bancaria;  CLICA NA ABA SUPERIOR DO FILTRO
05-06-2024 17:18:04.106Z;functions.movimentacao_bancaria;  SELECIONA O FILTRO HOJE
05-06-2024 17:18:24.415Z;functions.waitForImage;  FILTER CLEAN image not found.
05-06-2024 17:18:39.727Z;functions.waitForImage;  FILTER CLEAN image not found.
05-06-2024 17:18:55.102Z;functions.waitForImage;  FILTER CLEAN image not found.
05-06-2024 17:18:57.196Z;functions.movimentacao_bancaria;  CLICA NA PRIMEIRA LINHA DA TABELA MOVIMENTAÇÃO BANCÁRIA
05-06-2024 17:18:59.540Z;functions.movimentacao_bancaria;  CLICA NA PRIMEIRA LINHA DA TABELA MOVIMENTAÇÃO BANCÁRIA
05-06-2024 17:19:00.789Z;functions.movimentacao_bancaria;  12 PASSOS PARA DIREITA NA TABELA >>
05-06-2024 17:19:03.416Z;functions.movimentacao_bancaria;  HOVER FILTER
05-06-2024 17:19:04.100Z;functions.movimentacao_bancaria;  CLICK FILTER
05-06-2024 17:19:08.413Z;functions.movimentacao_bancaria;  CLICA NO FILTRO  STATUS DA REMESSA
05-06-2024 17:19:10.522Z;functions.movimentacao_bancaria;  APERTA TAB PARA ESCREVER O FILTRO
05-06-2024 17:19:12.629Z;functions.movimentacao_bancaria;  ESCREVE PENDENTE NO FILTRO
05-06-2024 17:19:14.732Z;functions.movimentacao_bancaria;  APERTA ENTER PARA SELECIONAR OS PENDENTES
05-06-2024 17:19:36.462Z;functions.movimentacao_bancaria;  SEM PROCESSAMENTO DE BORDERO PENDENTE
05-06-2024 17:19:46.665Z;functions.waitForImage;  FILTER CLEAN image found.
05-06-2024 17:19:48.798Z;functions.filter_clean;  CLICA NO BOTÃO X DO LIMPA FILTRO
05-06-2024 17:20:04.071Z;functions.waitForImage;  FILTER CLEAN image not found.
05-06-2024 17:20:19.290Z;functions.waitForImage;  FILTER CLEAN image not found.
05-06-2024 17:20:21.664Z;functions.processo_pagamento;  CLICA NA PRIMEIRA LINHA DA TABELA MOVIMENTAÇÃO BANCÁRIA
05-06-2024 17:20:24.337Z;functions.processo_pagamento;  HOVER FILTER
05-06-2024 17:20:25.003Z;functions.processo_pagamento;  CLICK FILTER
05-06-2024 17:20:29.319Z;functions.processo_pagamento;  CLICA NO FILTRO  STATUS DA REMESSA
05-06-2024 17:20:31.424Z;functions.processo_pagamento;  APERTA TAB PARA ESCREVER O FILTRO
05-06-2024 17:20:33.532Z;functions.processo_pagamento;  ESCREVE AUTORIZADO NO FILTRO
05-06-2024 17:20:35.637Z;functions.processo_pagamento;  APERTA ENTER PARA SELECIONAR OS AUTORIZADOS
05-06-2024 17:20:43.097Z;functions.processo_pagamento;  6 PASSOS PARA ESQUERDA NA TABELA <<
05-06-2024 17:20:46.368Z;functions.check_user_bot;  Texto extraido 2/2
05-06-2024 17:20:46.368Z;functions.check_user_bot;  Count 2
05-06-2024 17:20:46.368Z;functions.check_user_bot;  Type <class 'int'>
05-06-2024 17:20:48.491Z;functions.check_user_bot;  CHECK USER BOT 1
05-06-2024 17:20:50.496Z;functions.check_user_bot;  dclick
05-06-2024 17:20:53.222Z;functions.check_user_bot;  7 PASSOS PARA DIREITA NA TABELA >>
05-06-2024 17:20:57.327Z;functions.check_user_bot;  341 / 3212 / 02675 - FERIAS/RESCISAO
05-06-2024 17:20:57.327Z;functions.check_user_bot;  Nome SISPAG não encontrado na string.
05-06-2024 17:20:58.062Z;functions.check_user_bot;  7 PASSOS PARA ESQUERDA NA TABELA <<
05-06-2024 17:20:58.166Z;functions.check_user_bot;  COUNT1: 0
05-06-2024 17:21:00.271Z;functions.check_user_bot;  CHECK USER BOT 1
05-06-2024 17:21:02.275Z;functions.check_user_bot;  dclick
05-06-2024 17:21:04.987Z;functions.check_user_bot;  7 PASSOS PARA DIREITA NA TABELA >>
05-06-2024 17:21:09.091Z;functions.check_user_bot;  341 / 3212 / 02675 - FERIAS/RESCISAO
05-06-2024 17:21:09.091Z;functions.check_user_bot;  Nome SISPAG não encontrado na string.
05-06-2024 17:21:09.803Z;functions.check_user_bot;  7 PASSOS PARA ESQUERDA NA TABELA <<
05-06-2024 17:21:09.907Z;functions.check_user_bot;  COUNT1: 1
05-06-2024 17:21:11.010Z;functions.processo_pagamento;  FECHA ABA MOVIMENTAÇÕES BANCÁRIAS
05-06-2024 17:21:13.071Z;functions.enter_contas_a_pagar;  CLICK - TOTVS - LINHA RM
05-06-2024 17:21:14.852Z;functions.enter_contas_a_pagar;  CLICK - BACK OFFICE
05-06-2024 17:21:15.946Z;functions.enter_contas_a_pagar;  CLICK - GESTAO FINANCEIRA
05-06-2024 17:21:30.008Z;functions.enter_contas_a_pagar;  CLICK - CONTAS A PAGAR
05-06-2024 17:21:31.008Z;functions.waitForImage;  LANÇAMENTOS image found.
05-06-2024 17:21:33.178Z;functions.enter_contas_a_pagar;  CLICA EM LANÇAMENTOS
