05-06-2024 17:25:16.321Z;functions.bot_text_art;      ____   
05-06-2024 17:25:16.326Z;functions.bot_text_art;     [____]    
05-06-2024 17:25:16.329Z;functions.bot_text_art;   |=]()()[=|  
05-06-2024 17:25:16.330Z;functions.bot_text_art;     _\==/__    _____    ____     _        _____    ___   _  __
05-06-2024 17:25:16.331Z;functions.bot_text_art;   |__|   |_|  |  _  \  / ___|   | |      |_   _| / ___| | |/ /
05-06-2024 17:25:16.332Z;functions.bot_text_art;   |_|_/\_|_|  | |  | | | |      | |        | |   | |    | ' / 
05-06-2024 17:25:16.332Z;functions.bot_text_art;   | | __ | |  | |  | | | |      | |        | |   | |    |  <  
05-06-2024 17:25:16.332Z;functions.bot_text_art;   |_|[  ]|_|  | |__| | | |____  | |____   _| |_  | |__  | . \ 
05-06-2024 17:25:16.332Z;functions.bot_text_art;   \_|_||_|_/  |_____/   \_____| |______| |_____| \ ___| |_|\_\
05-06-2024 17:25:16.332Z;functions.bot_text_art;     |_||_|                                                     
05-06-2024 17:25:16.332Z;functions.bot_text_art;     | ||_|_   
05-06-2024 17:25:16.332Z;functions.bot_text_art;   |___||___|  
05-06-2024 17:25:16.332Z;functions.bot_text_art;               
05-06-2024 17:25:16.382Z;functions.open_RM;  OPEN PROGRAM RM
05-06-2024 17:25:40.242Z;functions.loggin_RM;  ENTER USER_NAME
05-06-2024 17:25:45.496Z;functions.loggin_RM;  ENTER PASSWORD
05-06-2024 17:25:47.414Z;functions.loggin_RM;  ENTER RM
05-06-2024 17:27:56.132Z;functions.enter_coligada;  CLICK CONTEXTO
05-06-2024 17:27:59.039Z;functions.enter_coligada;  CLICK ALTERAR MODULO DO CONTEXTO
05-06-2024 17:28:05.757Z;functions.enter_coligada;  INSERE O COLIGADA CODE = 1
05-06-2024 17:28:05.868Z;functions.enter_coligada;  APERTA TAB PARA PREENCHER O CAMPO COM A STRING: OCEANICA ENGENHARIA E CONSULTORIA S.A.
05-06-2024 17:28:08.132Z;functions.enter_coligada;  CLICK AVANÇAR NOVAMENTE
05-06-2024 17:28:13.195Z;functions.enter_coligada;  CLICK CONCLUIR
05-06-2024 17:29:36.304Z;functions.enter_coligada;  POP UP COLIGADA DESAPARECER
05-06-2024 17:29:37.445Z;functions.check_movimentacao_bancaria;  CLICK - TOTVS - LINHA RM
05-06-2024 17:29:39.507Z;functions.check_movimentacao_bancaria;  CLICK - BACK OFFICE
05-06-2024 17:29:40.601Z;functions.check_movimentacao_bancaria;  CLICK - GESTAO FINANCEIRA
05-06-2024 17:29:53.288Z;functions.movimentacao_bancaria;  CLICA NA ABA MOVIMENTAÇÃO BANCARIA
05-06-2024 17:29:54.273Z;functions.waitForImage;  IMAGEM BORDERO image found.
05-06-2024 17:29:56.391Z;functions.movimentacao_bancaria;  IMAGEM BORDERO CLICADA.
05-06-2024 17:30:06.476Z;functions.waitForImage;  LICENCAS EXCEDIDAS image not found.
05-06-2024 17:30:07.320Z;functions.movimentacao_bancaria;  ENCONTROU O FILTRO DA MOVIMENTAÇÃO BANCÁRIA
05-06-2024 17:30:07.386Z;functions.movimentacao_bancaria;  CLICA NA ABA SUPERIOR DO FILTRO
05-06-2024 17:30:14.695Z;functions.movimentacao_bancaria;  SELECIONA O FILTRO HOJE
05-06-2024 17:30:20.694Z;functions.waitForImage;  FILTER CLEAN image found.
05-06-2024 17:30:22.828Z;functions.filter_clean;  CLICA NO BOTÃO X DO LIMPA FILTRO
05-06-2024 17:30:23.069Z;functions.waitForImage;  FILTER CLEAN image found.
05-06-2024 17:30:25.202Z;functions.filter_clean;  CLICA NO BOTÃO X DO LIMPA FILTRO
05-06-2024 17:30:40.570Z;functions.waitForImage;  FILTER CLEAN image not found.
05-06-2024 17:30:42.666Z;functions.movimentacao_bancaria;  CLICA NA PRIMEIRA LINHA DA TABELA MOVIMENTAÇÃO BANCÁRIA
05-06-2024 17:30:44.726Z;functions.movimentacao_bancaria;  CLICA NA PRIMEIRA LINHA DA TABELA MOVIMENTAÇÃO BANCÁRIA
05-06-2024 17:30:45.971Z;functions.movimentacao_bancaria;  12 PASSOS PARA DIREITA NA TABELA >>
05-06-2024 17:30:48.679Z;functions.movimentacao_bancaria;  HOVER FILTER
05-06-2024 17:30:49.350Z;functions.movimentacao_bancaria;  CLICK FILTER
05-06-2024 17:30:53.727Z;functions.movimentacao_bancaria;  CLICA NO FILTRO  STATUS DA REMESSA
05-06-2024 17:30:55.832Z;functions.movimentacao_bancaria;  APERTA TAB PARA ESCREVER O FILTRO
05-06-2024 17:30:57.940Z;functions.movimentacao_bancaria;  ESCREVE PENDENTE NO FILTRO
05-06-2024 17:31:00.044Z;functions.movimentacao_bancaria;  APERTA ENTER PARA SELECIONAR OS PENDENTES
05-06-2024 17:31:21.773Z;functions.movimentacao_bancaria;  SEM PROCESSAMENTO DE BORDERO PENDENTE
05-06-2024 17:31:31.976Z;functions.waitForImage;  FILTER CLEAN image found.
05-06-2024 17:31:34.109Z;functions.filter_clean;  CLICA NO BOTÃO X DO LIMPA FILTRO
05-06-2024 17:31:49.444Z;functions.waitForImage;  FILTER CLEAN image not found.
05-06-2024 17:32:04.788Z;functions.waitForImage;  FILTER CLEAN image not found.
05-06-2024 17:32:07.163Z;functions.processo_pagamento;  CLICA NA PRIMEIRA LINHA DA TABELA MOVIMENTAÇÃO BANCÁRIA
05-06-2024 17:32:09.741Z;functions.processo_pagamento;  HOVER FILTER
05-06-2024 17:32:10.432Z;functions.processo_pagamento;  CLICK FILTER
05-06-2024 17:32:14.749Z;functions.processo_pagamento;  CLICA NO FILTRO  STATUS DA REMESSA
05-06-2024 17:32:16.852Z;functions.processo_pagamento;  APERTA TAB PARA ESCREVER O FILTRO
05-06-2024 17:32:18.959Z;functions.processo_pagamento;  ESCREVE AUTORIZADO NO FILTRO
05-06-2024 17:32:21.078Z;functions.processo_pagamento;  APERTA ENTER PARA SELECIONAR OS AUTORIZADOS
05-06-2024 17:32:28.554Z;functions.processo_pagamento;  6 PASSOS PARA ESQUERDA NA TABELA <<
05-06-2024 17:32:32.121Z;functions.check_user_bot;  Texto extraido 2/2
05-06-2024 17:32:32.121Z;functions.check_user_bot;  Count 2
05-06-2024 17:32:32.121Z;functions.check_user_bot;  Type <class 'int'>
05-06-2024 17:32:34.228Z;functions.check_user_bot;  CHECK USER BOT 1
05-06-2024 17:32:36.230Z;functions.check_user_bot;  dclick
05-06-2024 17:32:38.943Z;functions.check_user_bot;  7 PASSOS PARA DIREITA NA TABELA >>
05-06-2024 17:32:43.048Z;functions.check_user_bot;  341 / 3212 / 02675 - FERIAS/RESCISAO
05-06-2024 17:32:43.048Z;functions.check_user_bot;  Nome SISPAG não encontrado na string.
05-06-2024 17:32:43.763Z;functions.check_user_bot;  7 PASSOS PARA ESQUERDA NA TABELA <<
05-06-2024 17:32:43.866Z;functions.check_user_bot;  COUNT1: 0
05-06-2024 17:32:45.969Z;functions.check_user_bot;  CHECK USER BOT 1
05-06-2024 17:32:47.971Z;functions.check_user_bot;  dclick
05-06-2024 17:32:50.682Z;functions.check_user_bot;  7 PASSOS PARA DIREITA NA TABELA >>
05-06-2024 17:32:54.785Z;functions.check_user_bot;  341 / 3212 / 02675 - FERIAS/RESCISAO
05-06-2024 17:32:54.785Z;functions.check_user_bot;  Nome SISPAG não encontrado na string.
05-06-2024 17:32:55.496Z;functions.check_user_bot;  7 PASSOS PARA ESQUERDA NA TABELA <<
05-06-2024 17:32:55.599Z;functions.check_user_bot;  COUNT1: 1
05-06-2024 17:32:56.702Z;functions.processo_pagamento;  FECHA ABA MOVIMENTAÇÕES BANCÁRIAS
05-06-2024 17:32:58.694Z;functions.enter_contas_a_pagar;  CLICK - TOTVS - LINHA RM
05-06-2024 17:33:00.444Z;functions.enter_contas_a_pagar;  CLICK - BACK OFFICE
05-06-2024 17:33:01.507Z;functions.enter_contas_a_pagar;  CLICK - GESTAO FINANCEIRA
05-06-2024 17:33:15.100Z;functions.enter_contas_a_pagar;  CLICK - CONTAS A PAGAR
05-06-2024 17:33:16.038Z;functions.waitForImage;  LANÇAMENTOS image found.
05-06-2024 17:33:18.171Z;functions.enter_contas_a_pagar;  CLICA EM LANÇAMENTOS
05-06-2024 17:33:33.585Z;functions.waitForImage;  LICENCAS EXCEDIDAS image not found.
05-06-2024 17:33:33.585Z;functions.obter_intervalo_data;  VERIFICANDO A HORA ATUAL 17
05-06-2024 17:33:33.617Z;functions.obter_intervalo_data;  Data Inicial BANCARIA antes da remoção: None
05-06-2024 17:33:33.617Z;functions.obter_intervalo_data;  Data Final BANCARIA antes da remoção: None
05-06-2024 17:33:33.617Z;functions.obter_intervalo_data;  Data Inicial BANCARIA após a remoção: None
05-06-2024 17:33:33.617Z;functions.obter_intervalo_data;  Data Final BANCARIA após a remoção: None
05-06-2024 17:33:33.617Z;functions.obter_intervalo_data;  hoje -  2024-06-05 17:33:33.617566
05-06-2024 17:33:33.617Z;functions.data_filter;  DATA INICIO 12-06-2024
05-06-2024 17:33:33.617Z;functions.data_filter;  DATA FIM 18-06-2024
05-06-2024 17:33:33.632Z;functions.data_filter;  CLICK - SELECIONA A DATA DE QUARTA FEIRA E DA PROXIMA TERÇA
05-06-2024 17:33:33.632Z;functions.data_filter;  QUARTA-FEIRA: 12-06-2024
05-06-2024 17:33:33.632Z;functions.data_filter;  TERCA-FEIRA: 18-06-2024
05-06-2024 17:33:44.163Z;functions.data_filter;  CLICK - BOTAO DE SELECAO DE FILTRO
05-06-2024 17:33:49.060Z;functions.data_filter;  INSERE - DATA DE QUARTA-FEIRA: 12-06-2024
05-06-2024 17:33:53.663Z;functions.data_filter;  INSERE - DATA DA PROX TERCA-FEIRA: 18-06-2024
05-06-2024 17:33:55.100Z;functions.data_filter;  CLICK - BOTAO DE EXECUTAR O FILTRO
