05-06-2024 18:52:45.140Z;functions.bot_text_art;      ____   
05-06-2024 18:52:45.140Z;functions.bot_text_art;     [____]    
05-06-2024 18:52:45.140Z;functions.bot_text_art;   |=]()()[=|  
05-06-2024 18:52:45.156Z;functions.bot_text_art;     _\==/__    _____    ____     _        _____    ___   _  __
05-06-2024 18:52:45.159Z;functions.bot_text_art;   |__|   |_|  |  _  \  / ___|   | |      |_   _| / ___| | |/ /
05-06-2024 18:52:45.160Z;functions.bot_text_art;   |_|_/\_|_|  | |  | | | |      | |        | |   | |    | ' / 
05-06-2024 18:52:45.162Z;functions.bot_text_art;   | | __ | |  | |  | | | |      | |        | |   | |    |  <  
05-06-2024 18:52:45.163Z;functions.bot_text_art;   |_|[  ]|_|  | |__| | | |____  | |____   _| |_  | |__  | . \ 
05-06-2024 18:52:45.167Z;functions.bot_text_art;   \_|_||_|_/  |_____/   \_____| |______| |_____| \ ___| |_|\_\
05-06-2024 18:52:45.171Z;functions.bot_text_art;     |_||_|                                                     
05-06-2024 18:52:45.174Z;functions.bot_text_art;     | ||_|_   
05-06-2024 18:52:45.175Z;functions.bot_text_art;   |___||___|  
05-06-2024 18:52:45.177Z;functions.bot_text_art;               
05-06-2024 18:52:45.195Z;functions.open_RM;  OPEN PROGRAM RM
05-06-2024 18:53:12.545Z;functions.loggin_RM;  ENTER USER_NAME
05-06-2024 18:53:17.857Z;functions.loggin_RM;  ENTER PASSWORD
05-06-2024 18:53:19.811Z;functions.loggin_RM;  ENTER RM
05-06-2024 18:55:29.310Z;functions.enter_coligada;  CLICK CONTEXTO
05-06-2024 18:55:32.310Z;functions.enter_coligada;  CLICK ALTERAR MODULO DO CONTEXTO
05-06-2024 18:55:37.279Z;functions.enter_coligada;  INSERE O COLIGADA CODE = 1
05-06-2024 18:55:37.543Z;functions.enter_coligada;  APERTA TAB PARA PREENCHER O CAMPO COM A STRING: OCEANICA ENGENHARIA E CONSULTORIA S.A.
05-06-2024 18:55:40.060Z;functions.enter_coligada;  CLICK AVANÇAR NOVAMENTE
05-06-2024 18:55:42.217Z;functions.enter_coligada;  CLICK CONCLUIR
05-06-2024 18:57:10.264Z;functions.enter_coligada;  POP UP COLIGADA DESAPARECER
05-06-2024 18:57:11.404Z;functions.check_movimentacao_bancaria;  CLICK - TOTVS - LINHA RM
05-06-2024 18:57:13.373Z;functions.check_movimentacao_bancaria;  CLICK - BACK OFFICE
05-06-2024 18:57:14.435Z;functions.check_movimentacao_bancaria;  CLICK - GESTAO FINANCEIRA
05-06-2024 18:57:23.873Z;functions.movimentacao_bancaria;  CLICA NA ABA MOVIMENTAÇÃO BANCARIA
05-06-2024 18:57:24.889Z;functions.waitForImage;  IMAGEM BORDERO image found.
05-06-2024 18:57:27.037Z;functions.movimentacao_bancaria;  IMAGEM BORDERO CLICADA.
05-06-2024 18:57:37.545Z;functions.waitForImage;  LICENCAS EXCEDIDAS image not found.
05-06-2024 18:57:38.451Z;functions.movimentacao_bancaria;  ENCONTROU O FILTRO DA MOVIMENTAÇÃO BANCÁRIA
05-06-2024 18:57:38.501Z;functions.movimentacao_bancaria;  CLICA NA ABA SUPERIOR DO FILTRO
05-06-2024 18:57:45.809Z;functions.movimentacao_bancaria;  SELECIONA O FILTRO HOJE
05-06-2024 18:57:51.719Z;functions.waitForImage;  FILTER CLEAN image found.
05-06-2024 18:57:53.850Z;functions.filter_clean;  CLICA NO BOTÃO X DO LIMPA FILTRO
05-06-2024 18:57:54.092Z;functions.waitForImage;  FILTER CLEAN image found.
05-06-2024 18:57:56.225Z;functions.filter_clean;  CLICA NO BOTÃO X DO LIMPA FILTRO
05-06-2024 18:58:11.248Z;functions.waitForImage;  FILTER CLEAN image not found.
05-06-2024 18:58:13.279Z;functions.movimentacao_bancaria;  CLICA NA PRIMEIRA LINHA DA TABELA MOVIMENTAÇÃO BANCÁRIA
05-06-2024 18:58:15.367Z;functions.movimentacao_bancaria;  CLICA NA PRIMEIRA LINHA DA TABELA MOVIMENTAÇÃO BANCÁRIA
05-06-2024 18:58:16.585Z;functions.movimentacao_bancaria;  12 PASSOS PARA DIREITA NA TABELA >>
05-06-2024 18:58:19.263Z;functions.movimentacao_bancaria;  HOVER FILTER
05-06-2024 18:58:19.939Z;functions.movimentacao_bancaria;  CLICK FILTER
05-06-2024 18:58:24.252Z;functions.movimentacao_bancaria;  CLICA NO FILTRO  STATUS DA REMESSA
05-06-2024 18:58:26.355Z;functions.movimentacao_bancaria;  APERTA TAB PARA ESCREVER O FILTRO
05-06-2024 18:58:28.462Z;functions.movimentacao_bancaria;  ESCREVE PENDENTE NO FILTRO
05-06-2024 18:58:30.566Z;functions.movimentacao_bancaria;  APERTA ENTER PARA SELECIONAR OS PENDENTES
05-06-2024 18:58:52.248Z;functions.movimentacao_bancaria;  SEM PROCESSAMENTO DE BORDERO PENDENTE
05-06-2024 18:59:02.482Z;functions.waitForImage;  FILTER CLEAN image found.
05-06-2024 18:59:04.599Z;functions.filter_clean;  CLICA NO BOTÃO X DO LIMPA FILTRO
05-06-2024 18:59:20.123Z;functions.waitForImage;  FILTER CLEAN image not found.
05-06-2024 18:59:35.560Z;functions.waitForImage;  FILTER CLEAN image not found.
05-06-2024 18:59:37.967Z;functions.processo_pagamento;  CLICA NA PRIMEIRA LINHA DA TABELA MOVIMENTAÇÃO BANCÁRIA
05-06-2024 18:59:40.622Z;functions.processo_pagamento;  HOVER FILTER
05-06-2024 18:59:41.318Z;functions.processo_pagamento;  CLICK FILTER
05-06-2024 18:59:45.635Z;functions.processo_pagamento;  CLICA NO FILTRO  STATUS DA REMESSA
05-06-2024 18:59:47.739Z;functions.processo_pagamento;  APERTA TAB PARA ESCREVER O FILTRO
05-06-2024 18:59:49.846Z;functions.processo_pagamento;  ESCREVE AUTORIZADO NO FILTRO
05-06-2024 18:59:51.951Z;functions.processo_pagamento;  APERTA ENTER PARA SELECIONAR OS AUTORIZADOS
05-06-2024 18:59:59.408Z;functions.processo_pagamento;  6 PASSOS PARA ESQUERDA NA TABELA <<
05-06-2024 19:00:00.433Z;functions.processo_pagamento;  10 PASSOS PARA cima NA TABELA <<
05-06-2024 19:00:03.872Z;functions.check_user_bot;  Texto extraido 1/2
05-06-2024 19:00:03.888Z;functions.check_user_bot;  Count 2
05-06-2024 19:00:03.888Z;functions.check_user_bot;  Type <class 'int'>
05-06-2024 19:00:05.993Z;functions.check_user_bot;  CHECK USER BOT 1
05-06-2024 19:00:07.996Z;functions.check_user_bot;  dclick
05-06-2024 19:00:10.710Z;functions.check_user_bot;  7 PASSOS PARA DIREITA NA TABELA >>
05-06-2024 19:00:14.813Z;functions.check_user_bot;  341 / 3212 / 02675 - PENSAO ALIMENTICIA
05-06-2024 19:00:14.813Z;functions.check_user_bot;  Nome SISPAG não encontrado na string.
05-06-2024 19:00:15.526Z;functions.check_user_bot;  7 PASSOS PARA ESQUERDA NA TABELA <<
05-06-2024 19:00:15.628Z;functions.check_user_bot;  COUNT1: 0
05-06-2024 19:00:17.731Z;functions.check_user_bot;  CHECK USER BOT 1
05-06-2024 19:00:19.733Z;functions.check_user_bot;  dclick
05-06-2024 19:00:22.444Z;functions.check_user_bot;  7 PASSOS PARA DIREITA NA TABELA >>
05-06-2024 19:00:26.547Z;functions.check_user_bot;  341 / 3212 / 02675 - FERIAS/RESCISAO
05-06-2024 19:00:26.549Z;functions.check_user_bot;  Nome SISPAG não encontrado na string.
05-06-2024 19:00:27.273Z;functions.check_user_bot;  7 PASSOS PARA ESQUERDA NA TABELA <<
05-06-2024 19:00:27.376Z;functions.check_user_bot;  COUNT1: 1
05-06-2024 19:00:28.480Z;functions.processo_pagamento;  FECHA ABA MOVIMENTAÇÕES BANCÁRIAS
05-06-2024 19:00:30.622Z;functions.enter_contas_a_pagar;  CLICK - TOTVS - LINHA RM
05-06-2024 19:00:32.185Z;functions.enter_contas_a_pagar;  CLICK - BACK OFFICE
05-06-2024 19:00:33.247Z;functions.enter_contas_a_pagar;  CLICK - GESTAO FINANCEIRA
05-06-2024 19:00:41.497Z;functions.enter_contas_a_pagar;  CLICK - CONTAS A PAGAR
05-06-2024 19:00:42.513Z;functions.waitForImage;  LANÇAMENTOS image found.
05-06-2024 19:00:44.630Z;functions.enter_contas_a_pagar;  CLICA EM LANÇAMENTOS
05-06-2024 19:00:59.810Z;functions.waitForImage;  LICENCAS EXCEDIDAS image not found.
05-06-2024 19:00:59.810Z;functions.obter_intervalo_data;  VERIFICANDO A HORA ATUAL 19
05-06-2024 19:00:59.837Z;functions.obter_intervalo_data;  Data Inicial BANCARIA antes da remoção: None
05-06-2024 19:00:59.838Z;functions.obter_intervalo_data;  Data Final BANCARIA antes da remoção: None
05-06-2024 19:00:59.851Z;functions.obter_intervalo_data;  Data Inicial BANCARIA após a remoção: None
05-06-2024 19:00:59.853Z;functions.obter_intervalo_data;  Data Final BANCARIA após a remoção: None
05-06-2024 19:00:59.854Z;functions.obter_intervalo_data;  hoje -  2024-06-05 19:00:59.854484
05-06-2024 19:00:59.856Z;functions.data_filter;  DATA INICIO 12-06-2024
05-06-2024 19:00:59.858Z;functions.data_filter;  DATA FIM 18-06-2024
05-06-2024 19:00:59.862Z;functions.data_filter;  CLICK - SELECIONA A DATA DE QUARTA FEIRA E DA PROXIMA TERÇA
05-06-2024 19:00:59.864Z;functions.data_filter;  QUARTA-FEIRA: 12-06-2024
05-06-2024 19:00:59.864Z;functions.data_filter;  TERCA-FEIRA: 18-06-2024
05-06-2024 19:01:10.310Z;functions.data_filter;  CLICK - BOTAO DE SELECAO DE FILTRO
05-06-2024 19:01:15.419Z;functions.data_filter;  INSERE - DATA DE QUARTA-FEIRA: 12-06-2024
05-06-2024 19:01:20.373Z;functions.data_filter;  INSERE - DATA DA PROX TERCA-FEIRA: 18-06-2024
05-06-2024 19:01:21.810Z;functions.data_filter;  CLICK - BOTAO DE EXECUTAR O FILTRO
05-06-2024 19:06:17.466Z;functions.desmark_filter;  CLICK CHECKBOX LANÇAMENTOS A RECEBER
05-06-2024 19:06:20.247Z;functions.desmark_filter;  CLICK CHECKBOX LANÇAMENTOS BAIXADOS
05-06-2024 19:06:23.119Z;functions.desmark_filter;  CLICK CHECKBOX LANÇAMENTOS CANCELADOS
05-06-2024 19:06:26.403Z;functions.desmark_filter;  CLICK CHECKBOX LANÇAMENTOS FATURADOS
05-06-2024 19:06:29.981Z;functions.desmark_filter;  CLICK CHECKBOX LANÇAMENTOS FATURADOS
05-06-2024 19:06:35.263Z;functions.waitForImage;  FILTER CLEAN image found.
05-06-2024 19:06:37.370Z;functions.filter_clean;  CLICA NO BOTÃO X DO LIMPA FILTRO
05-06-2024 19:06:52.825Z;functions.waitForImage;  FILTER CLEAN image not found.
05-06-2024 19:07:08.185Z;functions.waitForImage;  FILTER CLEAN image not found.
05-06-2024 19:07:08.185Z;functions.check_table_record;  VERIFICANDO SE A TABELA ESTÁ VAZIA
05-06-2024 19:07:12.122Z;functions.check_table_record;  Texto extraido 1/946
05-06-2024 19:07:12.122Z;functions.check_table_record;  Count 946
05-06-2024 19:07:12.122Z;functions.check_table_record;  Type <class 'int'>
05-06-2024 19:07:12.122Z;functions.check_table_record;  TABELA CONTÉM REGISTROS
05-06-2024 19:07:24.534Z;functions.select_tipo_documento;  NOME DA COLUNA: Tipo de Documento
05-06-2024 19:07:26.747Z;functions.select_tipo_documento;  HOVER NOME DA COLUNA: Tipo de Documento
05-06-2024 19:07:27.713Z;functions.select_tipo_documento;  CLICA NO FILTRO PERSONALIZAR
05-06-2024 19:07:29.563Z;functions.select_tipo_documento;  CLICA PARA SELECIONAR OPÇÕES DO FILTRO
05-06-2024 19:07:37.185Z;functions.select_tipo_documento;  CLICK BUTTON CONFIRMAR FILTRO
05-06-2024 19:07:42.191Z;functions.filter_IPTE;  VERIFICANDO O COD DO CLIENTE EM CADA REGISTRO
05-06-2024 19:07:44.309Z;functions.filter_IPTE;  CLICA NA PRIMEIRA LINHA DA TABELA
05-06-2024 19:08:09.013Z;functions.filter_IPTE;  HOVER FILTER
05-06-2024 19:08:11.098Z;functions.filter_IPTE;  CLICK FILTER
05-06-2024 19:08:15.412Z;functions.filter_IPTE;  CLICA NO FILTRO PERSONALIZAR
05-06-2024 19:08:25.043Z;functions.check_table_record;  VERIFICANDO SE A TABELA ESTÁ VAZIA
05-06-2024 19:08:28.888Z;functions.check_table_record;  Texto extraido 1/161
05-06-2024 19:08:28.888Z;functions.check_table_record;  Count 161
05-06-2024 19:08:28.888Z;functions.check_table_record;  Type <class 'int'>
05-06-2024 19:08:28.903Z;functions.check_table_record;  TABELA CONTÉM REGISTROS
05-06-2024 19:08:28.903Z;functions.check_payment_type;  VERIFICANDO O COD DO CLIENTE EM CADA REGISTRO
05-06-2024 19:08:30.997Z;functions.check_payment_type;  CLICA NA PRIMEIRA LINHA DA TABELA
05-06-2024 19:08:35.117Z;functions.check_payment_type;  REF. LANÇAMENTO: 954621
05-06-2024 19:08:35.221Z;functions.check_payment_type;  ENTRANDO NO REGISTRO
05-06-2024 19:08:56.559Z;functions.waitForImage;  INTEGRAÇÃO BANCÁRIA image found.
05-06-2024 19:08:58.693Z;functions.check_payment_type;  CLICA EM INTEGRAÇÃO BANCÁRIA
05-06-2024 19:08:58.693Z;functions.check_payment_type;  VERIFICANDO INFORMAÇÕES
05-06-2024 19:09:22.231Z;functions.waitForImage;  DADOS BANCARIOS image not found.
05-06-2024 19:09:22.466Z;functions.waitForImage;  DADOS BANCARIOS 2 image found.
05-06-2024 19:09:22.599Z;functions.check_payment_type;  CLICK EM INTEGRAÇÃO BANCÁRIA
05-06-2024 19:09:32.601Z;functions.check_payment_type;  ENTROU DADOS BANCÁRIOS
05-06-2024 19:09:32.705Z;functions.check_payment_type;  APERTA TAB
05-06-2024 19:09:35.044Z;functions.waitForImage;  PRESS BUTTON OK image found.
05-06-2024 19:09:37.161Z;functions.click_ok;  PRESS BUTTON OK
05-06-2024 19:09:41.387Z;functions.waitForImage;  PRESS BUTTON OK image found.
05-06-2024 19:09:43.505Z;functions.click_ok;  PRESS BUTTON OK
05-06-2024 19:09:45.611Z;functions.check_payment_type;  INCLUIDOS: 954621 REFERENCIAS NO PROCESSAMENTO
05-06-2024 19:09:47.715Z;functions.check_payment_type;  PASSANDO PARA PRÓXIMO REGISTRO
05-06-2024 19:09:53.819Z;functions.check_payment_type;  REF. LANÇAMENTO: 960579
05-06-2024 19:09:53.924Z;functions.check_payment_type;  ENTRANDO NO REGISTRO
05-06-2024 19:10:02.684Z;functions.waitForImage;  INTEGRAÇÃO BANCÁRIA image found.
05-06-2024 19:10:04.818Z;functions.check_payment_type;  CLICA EM INTEGRAÇÃO BANCÁRIA
05-06-2024 19:10:04.820Z;functions.check_payment_type;  VERIFICANDO INFORMAÇÕES
05-06-2024 19:10:28.512Z;functions.waitForImage;  DADOS BANCARIOS image not found.
05-06-2024 19:10:28.732Z;functions.waitForImage;  DADOS BANCARIOS 2 image found.
05-06-2024 19:10:28.880Z;functions.check_payment_type;  CLICK EM INTEGRAÇÃO BANCÁRIA
05-06-2024 19:10:38.883Z;functions.check_payment_type;  ENTROU DADOS BANCÁRIOS
05-06-2024 19:10:38.993Z;functions.check_payment_type;  APERTA TAB
05-06-2024 19:10:41.325Z;functions.waitForImage;  PRESS BUTTON OK image found.
05-06-2024 19:10:43.443Z;functions.click_ok;  PRESS BUTTON OK
05-06-2024 19:10:47.653Z;functions.waitForImage;  PRESS BUTTON OK image found.
05-06-2024 19:10:49.787Z;functions.click_ok;  PRESS BUTTON OK
05-06-2024 19:10:51.894Z;functions.check_payment_type;  INCLUIDOS: 960579 REFERENCIAS NO PROCESSAMENTO
05-06-2024 19:10:53.998Z;functions.check_payment_type;  PASSANDO PARA PRÓXIMO REGISTRO
05-06-2024 19:11:00.102Z;functions.check_payment_type;  REF. LANÇAMENTO: 960587
05-06-2024 19:11:00.207Z;functions.check_payment_type;  ENTRANDO NO REGISTRO
05-06-2024 19:11:09.856Z;functions.waitForImage;  INTEGRAÇÃO BANCÁRIA image found.
05-06-2024 19:11:11.973Z;functions.check_payment_type;  CLICA EM INTEGRAÇÃO BANCÁRIA
05-06-2024 19:11:11.973Z;functions.check_payment_type;  VERIFICANDO INFORMAÇÕES
05-06-2024 19:11:35.169Z;functions.waitForImage;  DADOS BANCARIOS image not found.
05-06-2024 19:11:35.403Z;functions.waitForImage;  DADOS BANCARIOS 2 image found.
05-06-2024 19:11:35.541Z;functions.check_payment_type;  CLICK EM INTEGRAÇÃO BANCÁRIA
05-06-2024 19:11:45.543Z;functions.check_payment_type;  ENTROU DADOS BANCÁRIOS
05-06-2024 19:11:45.647Z;functions.check_payment_type;  APERTA TAB
05-06-2024 19:11:47.981Z;functions.waitForImage;  PRESS BUTTON OK image found.
05-06-2024 19:11:50.130Z;functions.click_ok;  PRESS BUTTON OK
05-06-2024 19:11:54.356Z;functions.waitForImage;  PRESS BUTTON OK image found.
05-06-2024 19:11:56.474Z;functions.click_ok;  PRESS BUTTON OK
05-06-2024 19:11:58.579Z;functions.check_payment_type;  INCLUIDOS: 960587 REFERENCIAS NO PROCESSAMENTO
05-06-2024 19:11:58.579Z;functions.check_payment_type;  FORAM INCLUIDOS: 3 REFERENCIAS NO PROCESSAMENTO
05-06-2024 19:12:06.997Z;functions.process_lancamentos;  CLICA PARA APARECER CONTA/CAIXA
05-06-2024 19:12:08.684Z;functions.process_lancamentos;  SELECIONA CONTA/CAIXA
05-06-2024 19:12:10.497Z;functions.process_lancamentos;  CLICA NO BOTÃO [...]
05-06-2024 19:12:15.608Z;functions.process_lancamentos;  CLICA NO CAMPO PESQUISA E DIGITA: %3212
05-06-2024 19:12:17.215Z;functions.process_lancamentos;  CLICA NO BOTÃO DO FILTRO
05-06-2024 19:12:19.340Z;functions.process_lancamentos;  CLICA NO BOTÃO OK
05-06-2024 19:12:20.715Z;functions.process_lancamentos;  CLICA NO BOTÃO EXECUTAR
05-06-2024 19:12:37.793Z;functions.waitForImage;  PRESS BUTTON OK image found.
05-06-2024 19:12:39.798Z;functions.process_lancamentos;  O PROCESSAMENTO FOI EXECUTADO COM SUCESSO.
05-06-2024 19:12:48.087Z;functions.process_lancamentos;  ERRO: Lançamento Ref. 954621: Convênio alterado para o convênio default '7' da conta Caixa '02675-5' .
Lançamento Ref. 960579: Convênio alterado para o convênio default '7' da conta Caixa '02675-5' .
Lançamento Ref. 960587: Convênio alterado para o convênio default '7' da conta Caixa '02675-5' .
Alteração Global de Lançamentos executada com sucesso

05-06-2024 19:12:49.309Z;functions.process_lancamentos;  CLICK EM FECHAR.
05-06-2024 19:17:39.699Z;functions.proccess_bordero;  ctrl+p
05-06-2024 19:17:41.835Z;functions.proccess_bordero;  down
05-06-2024 19:17:43.938Z;functions.proccess_bordero;  down
05-06-2024 19:17:46.041Z;functions.proccess_bordero;  right
05-06-2024 19:17:48.144Z;functions.proccess_bordero;  enter
05-06-2024 19:17:50.146Z;functions.proccess_bordero;  SELECIONAR INCLUSÃO DE BORDERO
05-06-2024 19:18:10.840Z;functions.waitForImage;  PRESS BUTON SIM image not found.
05-06-2024 19:19:39.624Z;functions.proccess_bordero;  CLICA EM CONVÊNIO TRÊS PONTINHOS
05-06-2024 19:19:41.996Z;functions.proccess_bordero;  CLICA EM COMBOBOX PARA SELECIONAR O ID DO CONVÊNIO
05-06-2024 19:19:43.933Z;functions.proccess_bordero;  CLICA EM ID DO CONVÊNIO
05-06-2024 19:19:46.039Z;functions.proccess_bordero;  APERTA TAB PARA ESCREVER O ID
05-06-2024 19:19:48.141Z;functions.proccess_bordero;  ESCREVE O ID 7
05-06-2024 19:19:50.244Z;functions.proccess_bordero;  APERTA ENTER PARA SELECIONAR O ID 7 - SISPAG FORNECEDOR
05-06-2024 19:19:52.347Z;functions.proccess_bordero;  APERTA ENTER PARA ESCOLHER O ID 7 - SISPAG FORNECEDOR
05-06-2024 19:19:55.746Z;functions.proccess_bordero;  CLICA EM EXECUTAR NA INCLUSÃO DO BORDÊRO
05-06-2024 19:20:19.340Z;functions.waitForImage;  PRESS BUTTON OK image not found.
05-06-2024 19:20:25.710Z;functions.proccess_bordero;  ERRO: Existem inconsistências em alguns lançamentos, favor verificar e executar novamente o processo.

********* ERRO(S) NO(S) LANÇAMENTO(S)***********
Lançamento Ref.: 1-954621  - O lançamento não pode estar associado à outro Borderô de Pagamentos
Lançamento Ref.: 1-960579  - O lançamento não pode estar associado à outro Borderô de Pagamentos
Lançamento Ref.: 1-960587  - O lançamento não pode estar associado à outro Borderô de Pagamentos




05-06-2024 19:20:27.055Z;functions.proccess_bordero;  CLICK EM FECHAR.
05-06-2024 19:20:30.059Z;errorhandler.__handle;  Property: Unknown Property name. [1:203: -ms-interpolation-mode]
05-06-2024 19:20:30.119Z;errorhandler.__handle;  Property: Unknown Property name. [1:353: -webkit-font-smoothing]
05-06-2024 19:20:30.140Z;errorhandler.__handle;  Property: Unknown Property name. [1:483: -ms-text-size-adjust]
05-06-2024 19:20:30.143Z;errorhandler.__handle;  Property: Unknown Property name. [1:518: -webkit-text-size-adjust]
05-06-2024 19:20:30.150Z;errorhandler.__handle;  Property: Unknown Property name. [1:612: mso-table-lspace]
05-06-2024 19:20:30.157Z;errorhandler.__handle;  Property: Unknown Property name. [1:642: mso-table-rspace]
05-06-2024 19:20:30.402Z;errorhandler.__handle;  Property: Unknown Property name. [1:4734: mso-hide]
05-06-2024 19:20:30.551Z;errorhandler.__handle;  Property: Unknown Property name. [1:13: -ms-interpolation-mode]
05-06-2024 19:20:30.557Z;errorhandler.__handle;  Property: Unknown Property name. [1:49: -webkit-font-smoothing]
05-06-2024 19:20:30.572Z;errorhandler.__handle;  Property: Unknown Property name. [1:134: -ms-text-size-adjust]
05-06-2024 19:20:30.577Z;errorhandler.__handle;  Property: Unknown Property name. [1:160: -webkit-text-size-adjust]
05-06-2024 19:20:30.586Z;errorhandler.__handle;  Property: Unknown Property name. [1:26: mso-table-lspace]
05-06-2024 19:20:30.591Z;errorhandler.__handle;  Property: Unknown Property name. [1:45: mso-table-rspace]
05-06-2024 19:20:30.668Z;errorhandler.__handle;  Property: Unknown Property name. [1:92: mso-hide]
05-06-2024 19:20:30.683Z;errorhandler.__handle;  Property: No ":" after name found: align-center [1:1: align-center]
05-06-2024 19:20:30.687Z;errorhandler.__handle;  Property: No property value found: align-center [1:1: align-center]
05-06-2024 19:20:30.690Z;errorhandler.__handle;  CSSStyleDeclaration: Syntax Error in Property: align-center
05-06-2024 19:20:30.694Z;errorhandler.__handle;  Property: Unknown Property name. [1:14: -ms-interpolation-mode]
05-06-2024 19:20:34.262Z;functions.emailErro;  Warning e-mail sent.
05-06-2024 19:20:34.262Z;functions.proccess_bordero;  CORRESPONDENCIA ['954621', '960579', '960587']
05-06-2024 19:20:34.277Z;functions.proccess_bordero;  NUMERO DE REFERENCIAS QUE SERÃO TIRADOS DA REMESSA ['954621', '960579', '960587']
05-06-2024 19:20:34.277Z;functions.proccess_bordero;  CHAMANDO A FUNÇÃO REMOVE_SEND
05-06-2024 19:25:33.496Z;functions.remove_send;  CLICA NA PRIMEIRA LINHA DA TABELA
05-06-2024 19:25:40.602Z;functions.remove_send;  ref_num_atual: 954621
05-06-2024 19:25:40.602Z;functions.remove_send;  num_de_ref: ['954621', '960579', '960587']
05-06-2024 19:25:44.740Z;functions.remove_send;  Retirando a referencia: 954621
05-06-2024 19:25:56.949Z;functions.remove_send;  ref_num_atual: 960579
05-06-2024 19:25:56.949Z;functions.remove_send;  num_de_ref: ['954621', '960579', '960587']
05-06-2024 19:26:01.055Z;functions.remove_send;  Retirando a referencia: 960579
05-06-2024 19:26:13.271Z;functions.remove_send;  ref_num_atual: 960587
05-06-2024 19:26:13.271Z;functions.remove_send;  num_de_ref: ['954621', '960579', '960587']
05-06-2024 19:26:17.377Z;functions.remove_send;  Retirando a referencia: 960587
05-06-2024 19:26:17.377Z;functions.remove_send;  SAINDO DO REMOVE_SEND E LIMPANDO O VETOR num_de_ref
05-06-2024 19:26:24.562Z;functions.proccess_bordero;  ctrl+p
05-06-2024 19:26:26.683Z;functions.proccess_bordero;  down
05-06-2024 19:26:28.786Z;functions.proccess_bordero;  down
05-06-2024 19:26:30.889Z;functions.proccess_bordero;  right
05-06-2024 19:26:32.992Z;functions.proccess_bordero;  enter
05-06-2024 19:26:34.995Z;functions.proccess_bordero;  SELECIONAR INCLUSÃO DE BORDERO
05-06-2024 19:26:55.323Z;functions.waitForImage;  PRESS BUTON SIM image not found.
05-06-2024 19:26:56.246Z;functions.proccess_bordero;  NECESSITA DE REGISTROS MARCADO.
05-06-2024 19:26:59.933Z;functions.movimentacao_bancaria;  CLICA NA ABA MOVIMENTAÇÃO BANCARIA
05-06-2024 19:27:00.933Z;functions.waitForImage;  IMAGEM BORDERO image found.
05-06-2024 19:27:03.040Z;functions.movimentacao_bancaria;  IMAGEM BORDERO CLICADA.
05-06-2024 19:27:13.667Z;functions.waitForImage;  LICENCAS EXCEDIDAS image not found.
05-06-2024 19:27:14.511Z;functions.movimentacao_bancaria;  ENCONTROU O FILTRO DA MOVIMENTAÇÃO BANCÁRIA
05-06-2024 19:27:14.565Z;functions.movimentacao_bancaria;  CLICA NA ABA SUPERIOR DO FILTRO
05-06-2024 19:27:21.880Z;functions.movimentacao_bancaria;  SELECIONA O FILTRO HOJE
05-06-2024 19:27:27.089Z;functions.waitForImage;  FILTER CLEAN image found.
05-06-2024 19:27:29.221Z;functions.filter_clean;  CLICA NO BOTÃO X DO LIMPA FILTRO
05-06-2024 19:27:44.619Z;functions.waitForImage;  FILTER CLEAN image not found.
05-06-2024 19:27:59.995Z;functions.waitForImage;  FILTER CLEAN image not found.
05-06-2024 19:28:02.058Z;functions.movimentacao_bancaria;  CLICA NA PRIMEIRA LINHA DA TABELA MOVIMENTAÇÃO BANCÁRIA
05-06-2024 19:28:04.120Z;functions.movimentacao_bancaria;  CLICA NA PRIMEIRA LINHA DA TABELA MOVIMENTAÇÃO BANCÁRIA
05-06-2024 19:28:05.557Z;functions.movimentacao_bancaria;  12 PASSOS PARA DIREITA NA TABELA >>
05-06-2024 19:28:08.183Z;functions.movimentacao_bancaria;  HOVER FILTER
05-06-2024 19:28:08.870Z;functions.movimentacao_bancaria;  CLICK FILTER
05-06-2024 19:28:13.240Z;functions.movimentacao_bancaria;  CLICA NO FILTRO  STATUS DA REMESSA
05-06-2024 19:28:15.343Z;functions.movimentacao_bancaria;  APERTA TAB PARA ESCREVER O FILTRO
05-06-2024 19:28:17.452Z;functions.movimentacao_bancaria;  ESCREVE PENDENTE NO FILTRO
05-06-2024 19:28:19.556Z;functions.movimentacao_bancaria;  APERTA ENTER PARA SELECIONAR OS PENDENTES
05-06-2024 19:28:41.573Z;functions.movimentacao_bancaria;  SEM PROCESSAMENTO DE BORDERO PENDENTE
05-06-2024 19:28:51.776Z;functions.waitForImage;  FILTER CLEAN image found.
05-06-2024 19:28:53.910Z;functions.filter_clean;  CLICA NO BOTÃO X DO LIMPA FILTRO
05-06-2024 19:29:09.245Z;functions.waitForImage;  FILTER CLEAN image not found.
05-06-2024 19:29:24.653Z;functions.waitForImage;  FILTER CLEAN image not found.
05-06-2024 19:29:27.089Z;functions.processo_pagamento;  CLICA NA PRIMEIRA LINHA DA TABELA MOVIMENTAÇÃO BANCÁRIA
05-06-2024 19:29:29.795Z;functions.processo_pagamento;  HOVER FILTER
05-06-2024 19:29:30.483Z;functions.processo_pagamento;  CLICK FILTER
05-06-2024 19:29:34.804Z;functions.processo_pagamento;  CLICA NO FILTRO  STATUS DA REMESSA
05-06-2024 19:29:36.908Z;functions.processo_pagamento;  APERTA TAB PARA ESCREVER O FILTRO
05-06-2024 19:29:39.015Z;functions.processo_pagamento;  ESCREVE AUTORIZADO NO FILTRO
05-06-2024 19:29:41.118Z;functions.processo_pagamento;  APERTA ENTER PARA SELECIONAR OS AUTORIZADOS
05-06-2024 19:29:48.630Z;functions.processo_pagamento;  6 PASSOS PARA ESQUERDA NA TABELA <<
05-06-2024 19:29:49.644Z;functions.processo_pagamento;  10 PASSOS PARA cima NA TABELA <<
05-06-2024 19:29:53.214Z;functions.check_user_bot;  Texto extraido 1/2
05-06-2024 19:29:53.214Z;functions.check_user_bot;  Count 2
05-06-2024 19:29:53.214Z;functions.check_user_bot;  Type <class 'int'>
05-06-2024 19:29:55.324Z;functions.check_user_bot;  CHECK USER BOT 1
05-06-2024 19:29:57.327Z;functions.check_user_bot;  dclick
05-06-2024 19:30:00.043Z;functions.check_user_bot;  7 PASSOS PARA DIREITA NA TABELA >>
05-06-2024 19:30:04.148Z;functions.check_user_bot;  341 / 3212 / 02675 - PENSAO ALIMENTICIA
05-06-2024 19:30:04.148Z;functions.check_user_bot;  Nome SISPAG não encontrado na string.
05-06-2024 19:30:04.882Z;functions.check_user_bot;  7 PASSOS PARA ESQUERDA NA TABELA <<
05-06-2024 19:30:04.985Z;functions.check_user_bot;  COUNT1: 0
05-06-2024 19:30:07.089Z;functions.check_user_bot;  CHECK USER BOT 1
05-06-2024 19:30:09.090Z;functions.check_user_bot;  dclick
05-06-2024 19:30:11.802Z;functions.check_user_bot;  7 PASSOS PARA DIREITA NA TABELA >>
05-06-2024 19:30:15.906Z;functions.check_user_bot;  341 / 3212 / 02675 - FERIAS/RESCISAO
05-06-2024 19:30:15.906Z;functions.check_user_bot;  Nome SISPAG não encontrado na string.
05-06-2024 19:30:16.617Z;functions.check_user_bot;  7 PASSOS PARA ESQUERDA NA TABELA <<
05-06-2024 19:30:16.719Z;functions.check_user_bot;  COUNT1: 1
05-06-2024 19:30:17.823Z;functions.processo_pagamento;  FECHA ABA MOVIMENTAÇÕES BANCÁRIAS
05-06-2024 19:30:19.214Z;functions.enter_contas_a_pagar;  CLICK - TOTVS - LINHA RM
05-06-2024 19:30:20.495Z;functions.enter_contas_a_pagar;  CLICK - BACK OFFICE
05-06-2024 19:30:21.589Z;functions.enter_contas_a_pagar;  CLICK - GESTAO FINANCEIRA
05-06-2024 19:30:29.812Z;functions.enter_contas_a_pagar;  CLICK - CONTAS A PAGAR
05-06-2024 19:30:30.792Z;functions.waitForImage;  LANÇAMENTOS image found.
05-06-2024 19:30:32.909Z;functions.enter_contas_a_pagar;  CLICA EM LANÇAMENTOS
05-06-2024 19:30:48.463Z;functions.waitForImage;  LICENCAS EXCEDIDAS image not found.
05-06-2024 19:30:48.463Z;functions.obter_intervalo_data;  VERIFICANDO A HORA ATUAL 19
05-06-2024 19:30:48.504Z;functions.obter_intervalo_data;  Data Inicial BANCARIA antes da remoção: None
05-06-2024 19:30:48.506Z;functions.obter_intervalo_data;  Data Final BANCARIA antes da remoção: None
05-06-2024 19:30:48.512Z;functions.obter_intervalo_data;  Data Inicial BANCARIA após a remoção: None
05-06-2024 19:30:48.520Z;functions.obter_intervalo_data;  Data Final BANCARIA após a remoção: None
05-06-2024 19:30:48.521Z;functions.obter_intervalo_data;  hoje -  2024-06-05 19:30:48.521717
05-06-2024 19:30:48.523Z;functions.data_filter;  DATA INICIO 12-06-2024
05-06-2024 19:30:48.524Z;functions.data_filter;  DATA FIM 18-06-2024
05-06-2024 19:30:48.527Z;functions.data_filter;  CLICK - SELECIONA A DATA DE QUARTA FEIRA E DA PROXIMA TERÇA
05-06-2024 19:30:48.534Z;functions.data_filter;  QUARTA-FEIRA: 12-06-2024
05-06-2024 19:30:48.535Z;functions.data_filter;  TERCA-FEIRA: 18-06-2024
05-06-2024 19:30:58.932Z;functions.data_filter;  CLICK - BOTAO DE SELECAO DE FILTRO
05-06-2024 19:31:03.886Z;functions.data_filter;  INSERE - DATA DE QUARTA-FEIRA: 12-06-2024
05-06-2024 19:31:08.682Z;functions.data_filter;  INSERE - DATA DA PROX TERCA-FEIRA: 18-06-2024
05-06-2024 19:31:10.026Z;functions.data_filter;  CLICK - BOTAO DE EXECUTAR O FILTRO
05-06-2024 19:35:59.369Z;functions.desmark_filter;  CLICK CHECKBOX LANÇAMENTOS A RECEBER
05-06-2024 19:36:02.369Z;functions.desmark_filter;  CLICK CHECKBOX LANÇAMENTOS BAIXADOS
05-06-2024 19:36:05.482Z;functions.desmark_filter;  CLICK CHECKBOX LANÇAMENTOS CANCELADOS
05-06-2024 19:36:08.370Z;functions.desmark_filter;  CLICK CHECKBOX LANÇAMENTOS FATURADOS
05-06-2024 19:36:12.073Z;functions.desmark_filter;  CLICK CHECKBOX LANÇAMENTOS FATURADOS
05-06-2024 19:36:17.323Z;functions.waitForImage;  FILTER CLEAN image found.
05-06-2024 19:36:19.426Z;functions.filter_clean;  CLICA NO BOTÃO X DO LIMPA FILTRO
05-06-2024 19:36:34.549Z;functions.waitForImage;  FILTER CLEAN image not found.
05-06-2024 19:36:50.229Z;functions.waitForImage;  FILTER CLEAN image not found.
05-06-2024 19:36:52.276Z;functions.filter_forma_pagamento;  CLICA NA PRIMEIRA LINHA DA TABELA
05-06-2024 19:36:52.713Z;functions.filter_forma_pagamento;  CLICK NA PRIMEIRA LINHA E COLUNA DA TABELA
05-06-2024 19:37:09.117Z;functions.filter_forma_pagamento;  160 PASSOS PARA DIREITA NA TABELA >>
05-06-2024 19:37:16.104Z;functions.filter_forma_pagamento;  HOVER NOME DA COLUNA FORMA DE PAGAMENTO
05-06-2024 19:37:18.408Z;functions.filter_forma_pagamento;  CLICA PARA APARECER O FILTRO PERSONALIZAR
05-06-2024 19:37:21.722Z;functions.filter_forma_pagamento;  CLICA NO FILTRO PERSONALIZAR
05-06-2024 19:37:34.886Z;functions.filter_forma_pagamento;  Texto extraido 1/31
05-06-2024 19:37:34.886Z;functions.filter_forma_pagamento;  Count 31
05-06-2024 19:37:34.886Z;functions.filter_forma_pagamento;  Type <class 'int'>
05-06-2024 19:37:34.886Z;functions.filter_forma_pagamento;  TABELA CONTÉM REGISTROS
05-06-2024 19:37:42.370Z;functions.filter_forma_pagamento;  MOVIDO PRA CIMA 31 VEZES
05-06-2024 19:37:47.318Z;functions.check_table_record;  VERIFICANDO SE A TABELA ESTÁ VAZIA
05-06-2024 19:37:51.245Z;functions.check_table_record;  Texto extraido 1/31
05-06-2024 19:37:51.260Z;functions.check_table_record;  Count 31
05-06-2024 19:37:51.260Z;functions.check_table_record;  Type <class 'int'>
05-06-2024 19:37:51.260Z;functions.check_table_record;  TABELA CONTÉM REGISTROS
05-06-2024 19:37:51.260Z;functions.check_ted_cip;  VERIFICANDO O COD DO CLIENTE EM CADA REGISTRO
05-06-2024 19:37:53.370Z;functions.check_ted_cip;  CLICA NA PRIMEIRA LINHA DA TABELA
05-06-2024 19:37:53.370Z;functions.check_ted_cip;  rows_int check_ted_cip(): 31
05-06-2024 19:38:02.585Z;functions.check_ted_cip;  0 PASSOS PARA DIREITA >>
05-06-2024 19:38:02.688Z;functions.check_ted_cip;  1 PASSOS PARA DIREITA >>
05-06-2024 19:38:02.792Z;functions.check_ted_cip;  2 PASSOS PARA DIREITA >>
05-06-2024 19:38:11.896Z;functions.check_ted_cip;  REFERENCIA LANÇAMENTO: 959272
05-06-2024 19:38:11.896Z;functions.check_ted_cip;  CLIENTE: 013959
05-06-2024 19:38:12.005Z;functions.check_ted_cip;  3 PASSOS PARA ESQUERDA <<
05-06-2024 19:38:12.135Z;functions.check_ted_cip;  3 PASSOS PARA ESQUERDA <<
05-06-2024 19:38:12.239Z;functions.check_ted_cip;  3 PASSOS PARA ESQUERDA <<
05-06-2024 19:38:14.244Z;functions.check_ted_cip;  CLIENTE NÃO CONTIDO NA LISTA O LANÇAMENTO SERÁ MODIFICADO PARA PIX
05-06-2024 19:38:19.600Z;functions.waitForImage;  INTEGRAÇÃO BANCÁRIA image found.
05-06-2024 19:38:21.721Z;functions.check_ted_cip;  CLICA EM INTEGRAÇÃO BANCÁRIA
05-06-2024 19:38:21.721Z;functions.check_ted_cip;  VERIFICANDO INFORMAÇÕES
05-06-2024 19:38:26.963Z;functions.waitForImage;  DADOS BANCARIOS image found.
05-06-2024 19:38:27.109Z;functions.check_ted_cip;  CLICK EM DADOS BANCARIOS
05-06-2024 19:38:32.111Z;functions.check_ted_cip;  ENTROU DADOS BANCÁRIOS
05-06-2024 19:38:32.219Z;functions.check_ted_cip;  APERTA TAB
05-06-2024 19:38:34.323Z;functions.check_ted_cip;  CLICOU ctrl+c
05-06-2024 19:38:35.430Z;functions.check_ted_cip;  DIGITOU PIX
05-06-2024 19:38:36.532Z;functions.check_ted_cip;  TAB CLICADO 0
05-06-2024 19:38:37.635Z;functions.check_ted_cip;  TAB CLICADO 1
05-06-2024 19:38:38.738Z;functions.check_ted_cip;  TAB CLICADO 2
05-06-2024 19:38:39.841Z;functions.check_ted_cip;  TAB CLICADO 3
05-06-2024 19:38:40.944Z;functions.check_ted_cip;  DOWN CLIACADO 0
05-06-2024 19:38:42.047Z;functions.check_ted_cip;  DOWN CLIACADO 1
05-06-2024 19:38:43.151Z;functions.check_ted_cip;  DOWN CLIACADO 2
05-06-2024 19:38:44.254Z;functions.check_ted_cip;  DOWN CLIACADO 3
05-06-2024 19:38:45.357Z;functions.check_ted_cip;  DOWN CLIACADO 4
05-06-2024 19:38:46.460Z;functions.check_ted_cip;  DOWN CLIACADO 5
05-06-2024 19:38:47.562Z;functions.check_ted_cip;  DOWN CLIACADO 6
05-06-2024 19:38:48.666Z;functions.check_ted_cip;  DOWN CLIACADO 7
05-06-2024 19:38:49.774Z;functions.check_ted_cip;  DOWN CLIACADO 8
05-06-2024 19:38:50.877Z;functions.check_ted_cip;  DOWN CLIACADO 9
05-06-2024 19:38:51.980Z;functions.check_ted_cip;  DOWN CLIACADO 10
05-06-2024 19:38:53.083Z;functions.check_ted_cip;  DOWN CLIACADO 11
05-06-2024 19:38:54.186Z;functions.check_ted_cip;  DOWN CLIACADO 12
05-06-2024 19:38:55.290Z;functions.check_ted_cip;  DOWN CLIACADO 13
05-06-2024 19:38:56.393Z;functions.check_ted_cip;  DOWN CLIACADO 14
05-06-2024 19:38:57.496Z;functions.check_ted_cip;  DOWN CLIACADO 15
05-06-2024 19:38:58.599Z;functions.check_ted_cip;  DOWN CLIACADO 16
05-06-2024 19:38:59.701Z;functions.check_ted_cip;  DOWN CLIACADO 17
05-06-2024 19:39:00.805Z;functions.check_ted_cip;  DOWN CLIACADO 18
05-06-2024 19:39:01.907Z;functions.check_ted_cip;  DOWN CLIACADO 19
05-06-2024 19:39:03.011Z;functions.check_ted_cip;  DOWN CLIACADO 20
05-06-2024 19:39:06.354Z;functions.waitForImage;  PRESS BUTTON OK image found.
05-06-2024 19:39:08.471Z;functions.click_ok;  PRESS BUTTON OK
05-06-2024 19:39:10.697Z;functions.waitForImage;  PRESS BUTTON OK image found.
05-06-2024 19:39:12.815Z;functions.click_ok;  PRESS BUTTON OK
05-06-2024 19:39:16.818Z;functions.check_ted_cip;  RETIRANDO A REFERENCIA: 959272 DO PROCESSAMENTO TED CIP TRANSFORMANDO PARA PIX
05-06-2024 19:39:20.922Z;functions.check_ted_cip;  PASSANDO PARA PRÓXIMO REGISTRO
05-06-2024 19:39:32.129Z;functions.check_ted_cip;  0 PASSOS PARA DIREITA >>
05-06-2024 19:39:32.233Z;functions.check_ted_cip;  1 PASSOS PARA DIREITA >>
05-06-2024 19:39:32.336Z;functions.check_ted_cip;  2 PASSOS PARA DIREITA >>
05-06-2024 19:39:41.441Z;functions.check_ted_cip;  REFERENCIA LANÇAMENTO: 957950
05-06-2024 19:39:41.441Z;functions.check_ted_cip;  CLIENTE: 004529
05-06-2024 19:39:41.545Z;functions.check_ted_cip;  3 PASSOS PARA ESQUERDA <<
05-06-2024 19:39:41.680Z;functions.check_ted_cip;  3 PASSOS PARA ESQUERDA <<
05-06-2024 19:39:41.948Z;functions.check_ted_cip;  3 PASSOS PARA ESQUERDA <<
05-06-2024 19:39:43.950Z;functions.check_ted_cip;  CLIENTE CONTIDO NA LISTA A REFERENCIA: 957950 NÃO SERÁ MODIFICADO PARA PIX
05-06-2024 19:39:43.950Z;functions.check_ted_cip;  VERIFICANDO OS DADOS DE TED CIP
05-06-2024 19:39:49.055Z;functions.check_ted_cip;  VERIFICANDO INFORMAÇÕES
05-06-2024 19:39:50.072Z;functions.waitForImage;  INTEGRAÇÃO BANCÁRIA image found.
05-06-2024 19:39:52.189Z;functions.check_ted_cip;  CLICA EM INTEGRAÇÃO BANCÁRIA
05-06-2024 19:39:54.416Z;functions.waitForImage;  DADOS BANCARIOS image found.
05-06-2024 19:39:54.534Z;functions.check_ted_cip;  CLICK EM INTEGRAÇÃO BANCÁRIA
05-06-2024 19:40:04.536Z;functions.check_ted_cip;  ENTROU DADOS BANCÁRIOS
05-06-2024 19:40:04.644Z;functions.check_ted_cip;  APERTA TAB
05-06-2024 19:40:06.751Z;functions.check_ted_cip;  CTRL C
05-06-2024 19:40:13.088Z;functions.waitForImage;  FORMA DE PAGAMENTO TED CIP image found.
05-06-2024 19:40:15.102Z;functions.check_ted_cip;  FORMA DE PAGAMENTO TED CIP
05-06-2024 19:40:15.323Z;functions.waitForImage;  PRESS BUTTON OK image found.
05-06-2024 19:40:17.471Z;functions.click_ok;  PRESS BUTTON OK
05-06-2024 19:40:19.711Z;functions.waitForImage;  PRESS BUTTON OK image found.
05-06-2024 19:40:21.847Z;functions.click_ok;  PRESS BUTTON OK
05-06-2024 19:40:23.848Z;functions.check_ted_cip;  INSERINDO A REFERENCIA: 957950 DO PROCESSAMENTO TED CIP
05-06-2024 19:40:26.054Z;functions.check_ted_cip;  PASSANDO PARA PRÓXIMO REGISTRO
05-06-2024 19:40:37.261Z;functions.check_ted_cip;  0 PASSOS PARA DIREITA >>
05-06-2024 19:40:37.364Z;functions.check_ted_cip;  1 PASSOS PARA DIREITA >>
05-06-2024 19:40:37.467Z;functions.check_ted_cip;  2 PASSOS PARA DIREITA >>
05-06-2024 19:40:46.572Z;functions.check_ted_cip;  REFERENCIA LANÇAMENTO: 960111
05-06-2024 19:40:46.572Z;functions.check_ted_cip;  CLIENTE: 006490
05-06-2024 19:40:46.675Z;functions.check_ted_cip;  3 PASSOS PARA ESQUERDA <<
05-06-2024 19:40:46.778Z;functions.check_ted_cip;  3 PASSOS PARA ESQUERDA <<
05-06-2024 19:40:46.904Z;functions.check_ted_cip;  3 PASSOS PARA ESQUERDA <<
05-06-2024 19:40:48.944Z;functions.check_ted_cip;  CLIENTE CONTIDO NA LISTA A REFERENCIA: 960111 NÃO SERÁ MODIFICADO PARA PIX
05-06-2024 19:40:48.944Z;functions.check_ted_cip;  VERIFICANDO OS DADOS DE TED CIP
05-06-2024 19:40:54.072Z;functions.check_ted_cip;  VERIFICANDO INFORMAÇÕES
05-06-2024 19:40:54.494Z;functions.waitForImage;  INTEGRAÇÃO BANCÁRIA image found.
05-06-2024 19:40:56.627Z;functions.check_ted_cip;  CLICA EM INTEGRAÇÃO BANCÁRIA
05-06-2024 19:40:58.947Z;functions.waitForImage;  DADOS BANCARIOS image found.
05-06-2024 19:40:59.070Z;functions.check_ted_cip;  CLICK EM INTEGRAÇÃO BANCÁRIA
05-06-2024 19:41:09.072Z;functions.check_ted_cip;  ENTROU DADOS BANCÁRIOS
05-06-2024 19:41:09.175Z;functions.check_ted_cip;  APERTA TAB
05-06-2024 19:41:11.279Z;functions.check_ted_cip;  CTRL C
05-06-2024 19:41:17.603Z;functions.waitForImage;  FORMA DE PAGAMENTO TED CIP image found.
05-06-2024 19:41:19.613Z;functions.check_ted_cip;  FORMA DE PAGAMENTO TED CIP
05-06-2024 19:41:19.859Z;functions.waitForImage;  PRESS BUTTON OK image found.
05-06-2024 19:41:21.980Z;functions.click_ok;  PRESS BUTTON OK
05-06-2024 19:41:24.181Z;functions.waitForImage;  PRESS BUTTON OK image found.
05-06-2024 19:41:26.316Z;functions.click_ok;  PRESS BUTTON OK
05-06-2024 19:41:28.317Z;functions.check_ted_cip;  INSERINDO A REFERENCIA: 960111 DO PROCESSAMENTO TED CIP
05-06-2024 19:41:30.526Z;functions.check_ted_cip;  PASSANDO PARA PRÓXIMO REGISTRO
05-06-2024 19:41:41.734Z;functions.check_ted_cip;  0 PASSOS PARA DIREITA >>
05-06-2024 19:41:41.838Z;functions.check_ted_cip;  1 PASSOS PARA DIREITA >>
05-06-2024 19:41:41.941Z;functions.check_ted_cip;  2 PASSOS PARA DIREITA >>
05-06-2024 19:41:51.046Z;functions.check_ted_cip;  REFERENCIA LANÇAMENTO: 960162
05-06-2024 19:41:51.046Z;functions.check_ted_cip;  CLIENTE: 006490
05-06-2024 19:41:51.151Z;functions.check_ted_cip;  3 PASSOS PARA ESQUERDA <<
05-06-2024 19:41:51.259Z;functions.check_ted_cip;  3 PASSOS PARA ESQUERDA <<
05-06-2024 19:41:51.362Z;functions.check_ted_cip;  3 PASSOS PARA ESQUERDA <<
05-06-2024 19:41:53.365Z;functions.check_ted_cip;  CLIENTE CONTIDO NA LISTA A REFERENCIA: 960162 NÃO SERÁ MODIFICADO PARA PIX
05-06-2024 19:41:53.365Z;functions.check_ted_cip;  VERIFICANDO OS DADOS DE TED CIP
05-06-2024 19:41:58.469Z;functions.check_ted_cip;  VERIFICANDO INFORMAÇÕES
05-06-2024 19:42:00.213Z;functions.waitForImage;  INTEGRAÇÃO BANCÁRIA image found.
05-06-2024 19:42:02.346Z;functions.check_ted_cip;  CLICA EM INTEGRAÇÃO BANCÁRIA
05-06-2024 19:42:04.572Z;functions.waitForImage;  DADOS BANCARIOS image found.
05-06-2024 19:42:04.700Z;functions.check_ted_cip;  CLICK EM INTEGRAÇÃO BANCÁRIA
05-06-2024 19:42:14.703Z;functions.check_ted_cip;  ENTROU DADOS BANCÁRIOS
05-06-2024 19:42:14.808Z;functions.check_ted_cip;  APERTA TAB
05-06-2024 19:42:16.919Z;functions.check_ted_cip;  CTRL C
05-06-2024 19:42:23.275Z;functions.waitForImage;  FORMA DE PAGAMENTO TED CIP image found.
05-06-2024 19:42:25.280Z;functions.check_ted_cip;  FORMA DE PAGAMENTO TED CIP
05-06-2024 19:42:25.494Z;functions.waitForImage;  PRESS BUTTON OK image found.
05-06-2024 19:42:27.634Z;functions.click_ok;  PRESS BUTTON OK
05-06-2024 19:42:29.846Z;functions.waitForImage;  PRESS BUTTON OK image found.
05-06-2024 19:42:31.971Z;functions.click_ok;  PRESS BUTTON OK
05-06-2024 19:42:33.974Z;functions.check_ted_cip;  INSERINDO A REFERENCIA: 960162 DO PROCESSAMENTO TED CIP
05-06-2024 19:42:36.180Z;functions.check_ted_cip;  PASSANDO PARA PRÓXIMO REGISTRO
05-06-2024 19:42:43.182Z;functions.show_exception_and_exit;  
Traceback (most recent call last):
  File "c:\Projetos_Remessas\Remessa_Bancaria\main.py", line 195, in <module>
    check_ted_cip()
  File "c:\Projetos_Remessas\Remessa_Bancaria\SUBPROGRAMS\functions.py", line 1695, in check_ted_cip
    pyautogui.hotkey('ctrl', 'c')
  File "C:\Projetos_Remessas\Remessa_Bancaria\venv\Lib\site-packages\pyautogui\__init__.py", line 595, in wrapper
    _handlePause(kwargs.get("_pause", True))
  File "C:\Projetos_Remessas\Remessa_Bancaria\venv\Lib\site-packages\pyautogui\__init__.py", line 639, in _handlePause
    time.sleep(PAUSE)
KeyboardInterrupt
05-06-2024 19:42:43.619Z;functions.show_exception_and_exit;  PRINT SALVO
05-06-2024 19:42:45.329Z;functions.show_exception_and_exit;  RM FECHADO
