22-07-2024 09:01:50.129Z;functions.bot_text_art;      ____   
22-07-2024 09:01:50.129Z;functions.bot_text_art;     [____]    
22-07-2024 09:01:50.129Z;functions.bot_text_art;   |=]()()[=|  
22-07-2024 09:01:50.129Z;functions.bot_text_art;     _\==/__    _____    ____     _        _____    ___   _  __
22-07-2024 09:01:50.129Z;functions.bot_text_art;   |__|   |_|  |  _  \  / ___|   | |      |_   _| / ___| | |/ /
22-07-2024 09:01:50.129Z;functions.bot_text_art;   |_|_/\_|_|  | |  | | | |      | |        | |   | |    | ' / 
22-07-2024 09:01:50.129Z;functions.bot_text_art;   | | __ | |  | |  | | | |      | |        | |   | |    |  <  
22-07-2024 09:01:50.129Z;functions.bot_text_art;   |_|[  ]|_|  | |__| | | |____  | |____   _| |_  | |__  | . \ 
22-07-2024 09:01:50.129Z;functions.bot_text_art;   \_|_||_|_/  |_____/   \_____| |______| |_____| \ ___| |_|\_\
22-07-2024 09:01:50.129Z;functions.bot_text_art;     |_||_|                                                     
22-07-2024 09:01:50.129Z;functions.bot_text_art;     | ||_|_   
22-07-2024 09:01:50.129Z;functions.bot_text_art;   |___||___|  
22-07-2024 09:01:50.129Z;functions.bot_text_art;               
22-07-2024 09:01:50.145Z;functions.open_RM;  OPEN PROGRAM RM
22-07-2024 09:01:50.145Z;functions.caps;  DESATIVANDO CAPS
22-07-2024 09:01:50.145Z;functions.loggin_RM;  BUSCANDO LOGGIN RM
22-07-2024 09:02:07.954Z;functions.loggin_RM;  ENTER USER_NAME
22-07-2024 09:02:12.754Z;functions.loggin_RM;  ENTER PASSWORD
22-07-2024 09:02:14.314Z;functions.loggin_RM;  ENTER RM
22-07-2024 09:05:39.970Z;functions.enter_coligada;  CLICK CONTEXTO
22-07-2024 09:05:43.157Z;functions.enter_coligada;  CLICK ALTERAR MODULO DO CONTEXTO
22-07-2024 09:05:47.860Z;functions.enter_coligada;  INSERE O COLIGADA CODE = 1
22-07-2024 09:05:47.968Z;functions.enter_coligada;  APERTA TAB PARA PREENCHER O CAMPO COM A STRING: OCEANICA ENGENHARIA E CONSULTORIA S.A.
22-07-2024 09:05:51.407Z;functions.enter_coligada;  CLICK AVANÇAR NOVAMENTE
22-07-2024 09:05:52.782Z;functions.enter_coligada;  CLICK CONCLUIR
22-07-2024 09:06:12.938Z;functions.waitForImage;  TROCA COLIGADA image not found.
22-07-2024 09:06:31.376Z;functions.enter_coligada;  POP UP COLIGADA DESAPARECER
22-07-2024 09:06:32.407Z;functions.check_movimentacao_bancaria;  CLICK - TOTVS - LINHA RM
22-07-2024 09:06:34.813Z;functions.check_movimentacao_bancaria;  CLICK - BACK OFFICE
22-07-2024 09:06:37.661Z;functions.check_movimentacao_bancaria;  CLICK - GESTAO FINANCEIRA
22-07-2024 09:06:37.662Z;functions.movimentacao_bancaria;  AGUARDANDO 1
22-07-2024 09:06:43.500Z;functions.movimentacao_bancaria;  CLICA NA ABA MOVIMENTAÇÃO BANCARIA
22-07-2024 09:06:44.438Z;functions.waitForImage;  IMAGEM BORDERO image found.
22-07-2024 09:06:46.573Z;functions.movimentacao_bancaria;  IMAGEM BORDERO CLICADA.
22-07-2024 09:06:56.579Z;functions.waitForImage;  LICENCAS EXCEDIDAS image not found.
22-07-2024 09:06:57.344Z;functions.movimentacao_bancaria;  ENCONTROU O FILTRO DA MOVIMENTAÇÃO BANCÁRIA
22-07-2024 09:06:57.409Z;functions.movimentacao_bancaria;  CLICA NA ABA SUPERIOR DO FILTRO
22-07-2024 09:07:04.718Z;functions.movimentacao_bancaria;  SELECIONA O FILTRO HOJE
22-07-2024 09:07:25.032Z;functions.waitForImage;  FILTER CLEAN image not found.
22-07-2024 09:07:40.360Z;functions.waitForImage;  FILTER CLEAN image not found.
22-07-2024 09:07:55.657Z;functions.waitForImage;  FILTER CLEAN image not found.
22-07-2024 09:09:09.628Z;functions.movimentacao_bancaria;  SEM PROCESSAMENTO DE BORDERO
22-07-2024 09:09:34.922Z;functions.waitForImage;  FILTER CLEAN image not found.
22-07-2024 09:09:50.219Z;functions.waitForImage;  FILTER CLEAN image not found.
22-07-2024 09:10:05.531Z;functions.waitForImage;  FILTER CLEAN image not found.
22-07-2024 09:10:37.359Z;functions.processo_pagamento;  SEM REMESSA DE BORDERO AUTORIZADO
22-07-2024 09:10:38.464Z;functions.processo_pagamento;  FECHA ABA MOVIMENTAÇÕES BANCÁRIAS
22-07-2024 09:10:40.375Z;functions.enter_contas_a_pagar;  CLICK - TOTVS - LINHA RM
22-07-2024 09:10:41.531Z;functions.enter_contas_a_pagar;  CLICK - BACK OFFICE
22-07-2024 09:10:42.563Z;functions.enter_contas_a_pagar;  CLICK - GESTAO FINANCEIRA
22-07-2024 09:10:48.750Z;functions.enter_contas_a_pagar;  CLICK - CONTAS A PAGAR
22-07-2024 09:10:49.625Z;functions.waitForImage;  LANÇAMENTOS image found.
22-07-2024 09:10:51.758Z;functions.enter_contas_a_pagar;  CLICA EM LANÇAMENTOS
22-07-2024 09:11:07.344Z;functions.waitForImage;  LICENCAS EXCEDIDAS image not found.
22-07-2024 09:11:07.344Z;functions.obter_intervalo_data;  VERIFICANDO A HORA ATUAL 9
22-07-2024 09:11:07.375Z;functions.obter_intervalo_data;  Data Inicial BANCARIA antes da remoção: None
22-07-2024 09:11:07.375Z;functions.obter_intervalo_data;  Data Final BANCARIA antes da remoção: None
22-07-2024 09:11:07.375Z;functions.obter_intervalo_data;  Data Inicial BANCARIA após a remoção: None
22-07-2024 09:11:07.375Z;functions.obter_intervalo_data;  Data Final BANCARIA após a remoção: None
22-07-2024 09:11:07.375Z;functions.obter_intervalo_data;  hoje -  2024-07-22 09:11:07.375580
22-07-2024 09:11:07.375Z;functions.data_filter;  DATA INICIO 24-07-2024
22-07-2024 09:11:07.375Z;functions.data_filter;  DATA FIM 30-07-2024
22-07-2024 09:11:07.375Z;functions.data_filter;  CLICK - SELECIONA A DATA DE QUARTA FEIRA E DA PROXIMA TERÇA
22-07-2024 09:11:07.375Z;functions.data_filter;  QUARTA-FEIRA: 24-07-2024
22-07-2024 09:11:07.375Z;functions.data_filter;  TERCA-FEIRA: 30-07-2024
22-07-2024 09:11:24.296Z;functions.data_filter;  REMESSA BANCÁRIA - FILTRO DIGITADO
22-07-2024 09:11:25.313Z;functions.data_filter;  CLICK - BOTAO DE SELECAO DE FILTRO
22-07-2024 09:11:30.141Z;functions.data_filter;  INSERE - DATA DE QUARTA-FEIRA: 24-07-2024
22-07-2024 09:11:34.484Z;functions.data_filter;  INSERE - DATA DA PROX TERCA-FEIRA: 30-07-2024
22-07-2024 09:11:35.693Z;functions.data_filter;  CLICK - BOTAO DE EXECUTAR O FILTRO
22-07-2024 09:11:40.694Z;functions.desmark_filter;  AGUARDANDO 1
22-07-2024 09:11:45.781Z;functions.desmark_filter;  CLICK CHECKBOX LANÇAMENTOS A RECEBER
22-07-2024 09:11:48.285Z;functions.desmark_filter;  CLICK CHECKBOX LANÇAMENTOS BAIXADOS
22-07-2024 09:11:50.868Z;functions.desmark_filter;  CLICK CHECKBOX LANÇAMENTOS CANCELADOS
22-07-2024 09:11:53.547Z;functions.desmark_filter;  CLICK CHECKBOX LANÇAMENTOS FATURADOS
22-07-2024 09:11:56.375Z;functions.desmark_filter;  CLICK CHECKBOX LANÇAMENTOS FATURADOS
22-07-2024 09:12:01.563Z;functions.waitForImage;  FILTER CLEAN image found.
22-07-2024 09:12:03.696Z;functions.filter_clean;  CLICA NO BOTÃO X DO LIMPA FILTRO
22-07-2024 09:12:19.031Z;functions.waitForImage;  FILTER CLEAN image not found.
22-07-2024 09:12:34.344Z;functions.waitForImage;  FILTER CLEAN image not found.
22-07-2024 09:12:34.344Z;functions.check_table_record;  VERIFICANDO SE A TABELA ESTÁ VAZIA
22-07-2024 09:12:37.484Z;functions.check_table_record;  Texto extraido 1/84
22-07-2024 09:12:37.484Z;functions.check_table_record;  Count 84
22-07-2024 09:12:37.484Z;functions.check_table_record;  Type <class 'int'>
22-07-2024 09:12:37.484Z;functions.check_table_record;  TABELA CONTÉM REGISTROS
22-07-2024 09:12:49.609Z;functions.select_tipo_documento;  NOME DA COLUNA: Tipo de Documento
22-07-2024 09:12:51.672Z;functions.select_tipo_documento;  HOVER NOME DA COLUNA: Tipo de Documento
22-07-2024 09:12:52.548Z;functions.select_tipo_documento;  CLICA NO FILTRO PERSONALIZAR
22-07-2024 09:12:54.906Z;functions.select_tipo_documento;  CLICA PARA SELECIONAR OPÇÕES DO FILTRO
22-07-2024 09:13:01.361Z;functions.select_tipo_documento;  FILTRO "NÃO É IGUAL A INV" DEFINIDO
22-07-2024 09:13:02.437Z;functions.select_tipo_documento;  CLICK BUTTON CONFIRMAR FILTRO
22-07-2024 09:13:07.442Z;functions.filter_IPTE;  VERIFICANDO O COD DO CLIENTE EM CADA REGISTRO
22-07-2024 09:13:09.250Z;functions.filter_IPTE;  CLICA NA PRIMEIRA LINHA DA TABELA
22-07-2024 09:13:33.015Z;functions.filter_IPTE;  HOVER FILTER
22-07-2024 09:13:34.913Z;functions.filter_IPTE;  CLICK FILTER
22-07-2024 09:13:39.244Z;functions.filter_IPTE;  CLICA NO FILTRO PERSONALIZAR
22-07-2024 09:14:21.531Z;functions.filter_IPTE;  MOVIDO PRA CIMA 100 VEZES
22-07-2024 09:14:57.765Z;functions.filter_IPTE;  MOVIDO PRA CIMA MAIS 100 VEZES
22-07-2024 09:15:13.533Z;functions.filter_IPTE;  TABELA NÃO CONTÉM REGISTROS
22-07-2024 09:15:13.533Z;functions.check_table_record;  VERIFICANDO SE A TABELA ESTÁ VAZIA
22-07-2024 09:15:16.749Z;functions.check_table_record;  Texto extraido 0/0
22-07-2024 09:15:16.749Z;functions.check_table_record;  Count 0
22-07-2024 09:15:16.749Z;functions.check_table_record;  Type <class 'int'>
22-07-2024 09:15:16.749Z;functions.check_table_record;  SEM REGISTROS
22-07-2024 09:15:18.764Z;main.<module>;  SEM REMESSA BANCÁRIA
22-07-2024 09:15:18.764Z;functions.movimentacao_bancaria;  AGUARDANDO 1
22-07-2024 09:15:20.031Z;functions.movimentacao_bancaria;  CLICA NA ABA MOVIMENTAÇÃO BANCARIA
22-07-2024 09:15:20.265Z;functions.waitForImage;  IMAGEM BORDERO image found.
22-07-2024 09:15:22.369Z;functions.movimentacao_bancaria;  IMAGEM BORDERO CLICADA.
22-07-2024 09:15:32.937Z;functions.waitForImage;  LICENCAS EXCEDIDAS image not found.
22-07-2024 09:15:33.703Z;functions.movimentacao_bancaria;  ENCONTROU O FILTRO DA MOVIMENTAÇÃO BANCÁRIA
22-07-2024 09:15:33.781Z;functions.movimentacao_bancaria;  CLICA NA ABA SUPERIOR DO FILTRO
22-07-2024 09:15:41.091Z;functions.movimentacao_bancaria;  SELECIONA O FILTRO HOJE
22-07-2024 09:16:01.406Z;functions.waitForImage;  FILTER CLEAN image not found.
22-07-2024 09:16:16.718Z;functions.waitForImage;  FILTER CLEAN image not found.
22-07-2024 09:16:32.030Z;functions.waitForImage;  FILTER CLEAN image not found.
22-07-2024 09:17:46.046Z;functions.movimentacao_bancaria;  SEM PROCESSAMENTO DE BORDERO
22-07-2024 09:18:11.328Z;functions.waitForImage;  FILTER CLEAN image not found.
22-07-2024 09:18:26.609Z;functions.waitForImage;  FILTER CLEAN image not found.
22-07-2024 09:18:41.937Z;functions.waitForImage;  FILTER CLEAN image not found.
22-07-2024 09:19:13.874Z;functions.processo_pagamento;  SEM REMESSA DE BORDERO AUTORIZADO
22-07-2024 09:19:14.979Z;functions.processo_pagamento;  FECHA ABA MOVIMENTAÇÕES BANCÁRIAS
22-07-2024 09:19:16.249Z;functions.enter_contas_a_pagar;  CLICK - TOTVS - LINHA RM
22-07-2024 09:19:18.347Z;functions.enter_contas_a_pagar;  CLICK - BACK OFFICE
22-07-2024 09:19:19.405Z;functions.enter_contas_a_pagar;  CLICK - GESTAO FINANCEIRA
22-07-2024 09:19:25.562Z;functions.enter_contas_a_pagar;  CLICK - CONTAS A PAGAR
22-07-2024 09:19:25.749Z;functions.waitForImage;  LANÇAMENTOS image found.
22-07-2024 09:19:27.887Z;functions.enter_contas_a_pagar;  CLICA EM LANÇAMENTOS
22-07-2024 09:19:43.463Z;functions.waitForImage;  LICENCAS EXCEDIDAS image not found.
22-07-2024 09:19:43.463Z;functions.obter_intervalo_data;  VERIFICANDO A HORA ATUAL 9
22-07-2024 09:19:43.489Z;functions.obter_intervalo_data;  Data Inicial BANCARIA antes da remoção: None
22-07-2024 09:19:43.490Z;functions.obter_intervalo_data;  Data Final BANCARIA antes da remoção: None
22-07-2024 09:19:43.498Z;functions.obter_intervalo_data;  Data Inicial BANCARIA após a remoção: None
22-07-2024 09:19:43.498Z;functions.obter_intervalo_data;  Data Final BANCARIA após a remoção: None
22-07-2024 09:19:43.498Z;functions.obter_intervalo_data;  hoje -  2024-07-22 09:19:43.498631
22-07-2024 09:19:43.499Z;functions.data_filter;  DATA INICIO 24-07-2024
22-07-2024 09:19:43.499Z;functions.data_filter;  DATA FIM 30-07-2024
22-07-2024 09:19:43.499Z;functions.data_filter;  CLICK - SELECIONA A DATA DE QUARTA FEIRA E DA PROXIMA TERÇA
22-07-2024 09:19:43.499Z;functions.data_filter;  QUARTA-FEIRA: 24-07-2024
22-07-2024 09:19:43.500Z;functions.data_filter;  TERCA-FEIRA: 30-07-2024
22-07-2024 09:20:00.390Z;functions.data_filter;  REMESSA BANCÁRIA - FILTRO DIGITADO
22-07-2024 09:20:01.405Z;functions.data_filter;  CLICK - BOTAO DE SELECAO DE FILTRO
22-07-2024 09:20:06.077Z;functions.data_filter;  INSERE - DATA DE QUARTA-FEIRA: 24-07-2024
22-07-2024 09:20:10.390Z;functions.data_filter;  INSERE - DATA DA PROX TERCA-FEIRA: 30-07-2024
22-07-2024 09:20:11.561Z;functions.data_filter;  CLICK - BOTAO DE EXECUTAR O FILTRO
22-07-2024 09:20:16.566Z;functions.desmark_filter;  AGUARDANDO 1
22-07-2024 09:20:18.780Z;functions.desmark_filter;  CLICK CHECKBOX LANÇAMENTOS A RECEBER
22-07-2024 09:20:21.272Z;functions.desmark_filter;  CLICK CHECKBOX LANÇAMENTOS BAIXADOS
22-07-2024 09:20:23.874Z;functions.desmark_filter;  CLICK CHECKBOX LANÇAMENTOS CANCELADOS
22-07-2024 09:20:26.624Z;functions.desmark_filter;  CLICK CHECKBOX LANÇAMENTOS FATURADOS
22-07-2024 09:20:29.624Z;functions.desmark_filter;  CLICK CHECKBOX LANÇAMENTOS FATURADOS
22-07-2024 09:20:34.812Z;functions.waitForImage;  FILTER CLEAN image found.
22-07-2024 09:20:36.926Z;functions.filter_clean;  CLICA NO BOTÃO X DO LIMPA FILTRO
22-07-2024 09:20:52.249Z;functions.waitForImage;  FILTER CLEAN image not found.
22-07-2024 09:21:07.561Z;functions.waitForImage;  FILTER CLEAN image not found.
22-07-2024 09:21:08.889Z;functions.filter_forma_pagamento;  CLICA NA PRIMEIRA LINHA DA TABELA
22-07-2024 09:21:09.186Z;functions.filter_forma_pagamento;  CLICK NA PRIMEIRA LINHA E COLUNA DA TABELA
22-07-2024 09:21:25.513Z;functions.filter_forma_pagamento;  160 PASSOS PARA DIREITA NA TABELA >>
22-07-2024 09:21:31.858Z;functions.filter_forma_pagamento;  HOVER NOME DA COLUNA FORMA DE PAGAMENTO
22-07-2024 09:21:33.913Z;functions.filter_forma_pagamento;  CLICA PARA APARECER O FILTRO PERSONALIZAR
22-07-2024 09:21:37.247Z;functions.filter_forma_pagamento;  CLICA NO FILTRO PERSONALIZAR
22-07-2024 09:21:49.842Z;functions.filter_forma_pagamento;  Texto extraido 0/0
22-07-2024 09:21:49.842Z;functions.filter_forma_pagamento;  Count 0
22-07-2024 09:21:49.842Z;functions.filter_forma_pagamento;  Type <class 'int'>
22-07-2024 09:21:49.842Z;functions.filter_forma_pagamento;  SEM REGISTROS
22-07-2024 09:21:51.855Z;functions.check_table_record;  VERIFICANDO SE A TABELA ESTÁ VAZIA
22-07-2024 09:21:54.968Z;functions.check_table_record;  Texto extraido 0/0
22-07-2024 09:21:54.968Z;functions.check_table_record;  Count 0
22-07-2024 09:21:54.968Z;functions.check_table_record;  Type <class 'int'>
22-07-2024 09:21:54.968Z;functions.check_table_record;  SEM REGISTROS
22-07-2024 09:21:58.975Z;main.<module>;  SEM REMESSA DE TED CIP
22-07-2024 09:21:59.999Z;functions.enter_contas_a_pagar;  CLICK - TOTVS - LINHA RM
22-07-2024 09:22:01.155Z;functions.enter_contas_a_pagar;  CLICK - BACK OFFICE
22-07-2024 09:22:02.186Z;functions.enter_contas_a_pagar;  CLICK - GESTAO FINANCEIRA
22-07-2024 09:22:08.285Z;functions.enter_contas_a_pagar;  CLICK - CONTAS A PAGAR
22-07-2024 09:22:09.171Z;functions.waitForImage;  LANÇAMENTOS image found.
22-07-2024 09:22:11.288Z;functions.enter_contas_a_pagar;  CLICA EM LANÇAMENTOS
22-07-2024 09:22:26.843Z;functions.waitForImage;  LICENCAS EXCEDIDAS image not found.
22-07-2024 09:22:26.858Z;functions.obter_intervalo_data;  VERIFICANDO A HORA ATUAL 9
22-07-2024 09:22:26.858Z;functions.obter_intervalo_data;  Data Inicial BANCARIA antes da remoção: None
22-07-2024 09:22:26.858Z;functions.obter_intervalo_data;  Data Final BANCARIA antes da remoção: None
22-07-2024 09:22:26.858Z;functions.obter_intervalo_data;  Data Inicial BANCARIA após a remoção: None
22-07-2024 09:22:26.858Z;functions.obter_intervalo_data;  Data Final BANCARIA após a remoção: None
22-07-2024 09:22:26.858Z;functions.obter_intervalo_data;  hoje -  2024-07-22 09:22:26.858932
22-07-2024 09:22:26.874Z;functions.data_filter;  DATA INICIO 24-07-2024
22-07-2024 09:22:26.874Z;functions.data_filter;  DATA FIM 30-07-2024
22-07-2024 09:22:26.874Z;functions.data_filter;  CLICK - SELECIONA A DATA DE QUARTA FEIRA E DA PROXIMA TERÇA
22-07-2024 09:22:26.874Z;functions.data_filter;  QUARTA-FEIRA: 24-07-2024
22-07-2024 09:22:26.874Z;functions.data_filter;  TERCA-FEIRA: 30-07-2024
22-07-2024 09:22:43.744Z;functions.data_filter;  REMESSA BANCÁRIA - FILTRO DIGITADO
22-07-2024 09:22:44.718Z;functions.data_filter;  CLICK - BOTAO DE SELECAO DE FILTRO
22-07-2024 09:22:49.546Z;functions.data_filter;  INSERE - DATA DE QUARTA-FEIRA: 24-07-2024
22-07-2024 09:22:53.921Z;functions.data_filter;  INSERE - DATA DA PROX TERCA-FEIRA: 30-07-2024
22-07-2024 09:22:55.093Z;functions.data_filter;  CLICK - BOTAO DE EXECUTAR O FILTRO
22-07-2024 09:23:00.097Z;functions.desmark_filter;  AGUARDANDO 1
22-07-2024 09:23:02.655Z;functions.desmark_filter;  CLICK CHECKBOX LANÇAMENTOS A RECEBER
22-07-2024 09:23:05.049Z;functions.desmark_filter;  CLICK CHECKBOX LANÇAMENTOS BAIXADOS
22-07-2024 09:23:07.530Z;functions.desmark_filter;  CLICK CHECKBOX LANÇAMENTOS CANCELADOS
22-07-2024 09:23:10.311Z;functions.desmark_filter;  CLICK CHECKBOX LANÇAMENTOS FATURADOS
22-07-2024 09:23:13.030Z;functions.desmark_filter;  CLICK CHECKBOX LANÇAMENTOS FATURADOS
22-07-2024 09:23:18.249Z;functions.waitForImage;  FILTER CLEAN image found.
22-07-2024 09:23:20.359Z;functions.filter_clean;  CLICA NO BOTÃO X DO LIMPA FILTRO
22-07-2024 09:23:35.765Z;functions.waitForImage;  FILTER CLEAN image not found.
22-07-2024 09:23:51.139Z;functions.waitForImage;  FILTER CLEAN image not found.
22-07-2024 09:23:52.842Z;functions.filter_forma_pagamento_branco;  CLICK NA PRIMEIRA LINHA E COLUNA DA TABELA
22-07-2024 09:24:09.169Z;functions.filter_forma_pagamento_branco;  160 PASSOS PARA DIREITA NA TABELA >>
22-07-2024 09:24:15.358Z;functions.filter_forma_pagamento_branco;  HOVER NOME DA COLUNA FORMA DE PAGAMENTO
22-07-2024 09:24:17.507Z;functions.filter_forma_pagamento_branco;  CLICA PARA APARECER O FILTRO PERSONALIZAR
22-07-2024 09:24:20.842Z;functions.filter_forma_pagamento_branco;  CLICA NO FILTRO PERSONALIZAR
22-07-2024 09:24:29.671Z;functions.filter_forma_pagamento_branco;  Texto extraido 1/12
22-07-2024 09:24:29.686Z;functions.filter_forma_pagamento_branco;  Count 12
22-07-2024 09:24:29.686Z;functions.filter_forma_pagamento_branco;  Type <class 'int'>
22-07-2024 09:24:29.686Z;functions.filter_forma_pagamento_branco;  TABELA CONTÉM REGISTROS
22-07-2024 09:24:33.265Z;functions.filter_forma_pagamento_branco;  MOVIDO PRA CIMA 12 VEZES
22-07-2024 09:24:37.336Z;functions.check_table_record;  VERIFICANDO SE A TABELA ESTÁ VAZIA
22-07-2024 09:24:40.077Z;functions.check_table_record;  Texto extraido 1/12
22-07-2024 09:24:40.077Z;functions.check_table_record;  Count 12
22-07-2024 09:24:40.077Z;functions.check_table_record;  Type <class 'int'>
22-07-2024 09:24:40.077Z;functions.check_table_record;  TABELA CONTÉM REGISTROS
22-07-2024 09:24:40.077Z;functions.check_ted_branco;  VERIFICANDO O COD DO CLIENTE EM CADA REGISTRO
22-07-2024 09:24:41.655Z;functions.check_ted_branco;  CLICA NA PRIMEIRA LINHA DA TABELA
22-07-2024 09:24:45.764Z;functions.check_ted_branco;  REFERNCIA: 982153
22-07-2024 09:24:45.764Z;functions.check_ted_branco;  CONTAGEM: 1
22-07-2024 09:24:46.066Z;functions.check_ted_branco;  ENTRANDO NO REGISTRO 
22-07-2024 09:25:08.717Z;functions.waitForImage;  INTEGRAÇÃO BANCÁRIA image found.
22-07-2024 09:25:08.852Z;functions.check_ted_branco;  CLICA EM INTEGRAÇÃO BANCÁRIA
22-07-2024 09:25:08.852Z;functions.check_ted_branco;  VERIFICANDO INFORMAÇÕES
22-07-2024 09:25:09.038Z;functions.waitForImage;  TRES PONTINHOS image found.
22-07-2024 09:25:21.666Z;functions.check_ted_branco;  VERIFICANDO SE TEM PIX NO FILTRO
22-07-2024 09:25:21.842Z;functions.waitForImage;  CHECANDO DADOS BANCÁRIOS PIX image found.
22-07-2024 09:25:23.857Z;functions.check_ted_branco;  PIX NÃO ENCONTRADO PARA REFERENCIA: 982153
22-07-2024 09:25:27.569Z;functions.check_ted_branco;  APERTA EM CANCELAR
22-07-2024 09:25:27.764Z;functions.waitForImage;  PRESS BUTTON OK image found.
22-07-2024 09:25:29.883Z;functions.click_ok;  PRESS BUTTON OK
22-07-2024 09:25:42.404Z;functions.waitForImage;  ERROR GENERICO image not found.
22-07-2024 09:25:47.514Z;functions.waitForImage;  ERROR FILTRO PIX image not found.
22-07-2024 09:25:51.620Z;functions.check_ted_branco;  PASSANDO PARA PRÓXIMO REGISTRO
22-07-2024 09:25:55.725Z;functions.check_ted_branco;  REFERNCIA: 981408
22-07-2024 09:25:55.725Z;functions.check_ted_branco;  CONTAGEM: 2
22-07-2024 09:25:56.027Z;functions.check_ted_branco;  ENTRANDO NO REGISTRO 
22-07-2024 09:26:02.186Z;functions.waitForImage;  INTEGRAÇÃO BANCÁRIA image found.
22-07-2024 09:26:02.319Z;functions.check_ted_branco;  CLICA EM INTEGRAÇÃO BANCÁRIA
22-07-2024 09:26:02.319Z;functions.check_ted_branco;  VERIFICANDO INFORMAÇÕES
22-07-2024 09:26:03.170Z;functions.waitForImage;  TRES PONTINHOS image found.
22-07-2024 09:26:15.812Z;functions.check_ted_branco;  VERIFICANDO SE TEM PIX NO FILTRO
22-07-2024 09:26:15.998Z;functions.waitForImage;  CHECANDO DADOS BANCÁRIOS PIX image found.
22-07-2024 09:26:18.009Z;functions.check_ted_branco;  PIX NÃO ENCONTRADO PARA REFERENCIA: 981408
22-07-2024 09:26:21.722Z;functions.check_ted_branco;  APERTA EM CANCELAR
22-07-2024 09:26:21.905Z;functions.waitForImage;  PRESS BUTTON OK image found.
22-07-2024 09:26:24.037Z;functions.click_ok;  PRESS BUTTON OK
22-07-2024 09:26:36.592Z;functions.waitForImage;  ERROR GENERICO image not found.
22-07-2024 09:26:41.670Z;functions.waitForImage;  ERROR FILTRO PIX image not found.
22-07-2024 09:26:45.778Z;functions.check_ted_branco;  PASSANDO PARA PRÓXIMO REGISTRO
22-07-2024 09:26:49.882Z;functions.check_ted_branco;  REFERNCIA: 982240
22-07-2024 09:26:49.882Z;functions.check_ted_branco;  CONTAGEM: 3
22-07-2024 09:26:50.184Z;functions.check_ted_branco;  ENTRANDO NO REGISTRO 
22-07-2024 09:26:57.061Z;functions.waitForImage;  INTEGRAÇÃO BANCÁRIA image found.
22-07-2024 09:26:57.197Z;functions.check_ted_branco;  CLICA EM INTEGRAÇÃO BANCÁRIA
22-07-2024 09:26:57.197Z;functions.check_ted_branco;  VERIFICANDO INFORMAÇÕES
22-07-2024 09:26:58.061Z;functions.waitForImage;  TRES PONTINHOS image found.
22-07-2024 09:27:10.692Z;functions.check_ted_branco;  VERIFICANDO SE TEM PIX NO FILTRO
22-07-2024 09:27:10.873Z;functions.waitForImage;  CHECANDO DADOS BANCÁRIOS PIX image found.
22-07-2024 09:27:12.886Z;functions.check_ted_branco;  PIX NÃO ENCONTRADO PARA REFERENCIA: 982240
22-07-2024 09:27:16.599Z;functions.check_ted_branco;  APERTA EM CANCELAR
22-07-2024 09:27:16.795Z;functions.waitForImage;  PRESS BUTTON OK image found.
22-07-2024 09:27:18.912Z;functions.click_ok;  PRESS BUTTON OK
22-07-2024 09:27:31.420Z;functions.waitForImage;  ERROR GENERICO image not found.
22-07-2024 09:27:36.483Z;functions.waitForImage;  ERROR FILTRO PIX image not found.
22-07-2024 09:27:40.595Z;functions.check_ted_branco;  PASSANDO PARA PRÓXIMO REGISTRO
22-07-2024 09:27:44.700Z;functions.check_ted_branco;  REFERNCIA: 978735
22-07-2024 09:27:44.700Z;functions.check_ted_branco;  CONTAGEM: 4
22-07-2024 09:27:45.001Z;functions.check_ted_branco;  ENTRANDO NO REGISTRO 
22-07-2024 09:27:51.811Z;functions.waitForImage;  INTEGRAÇÃO BANCÁRIA image found.
22-07-2024 09:27:51.943Z;functions.check_ted_branco;  CLICA EM INTEGRAÇÃO BANCÁRIA
22-07-2024 09:27:51.943Z;functions.check_ted_branco;  VERIFICANDO INFORMAÇÕES
22-07-2024 09:27:52.151Z;functions.waitForImage;  TRES PONTINHOS image found.
22-07-2024 09:28:04.779Z;functions.check_ted_branco;  VERIFICANDO SE TEM PIX NO FILTRO
22-07-2024 09:28:04.967Z;functions.waitForImage;  CHECANDO DADOS BANCÁRIOS PIX image found.
22-07-2024 09:28:06.982Z;functions.check_ted_branco;  PIX NÃO ENCONTRADO PARA REFERENCIA: 978735
22-07-2024 09:28:10.695Z;functions.check_ted_branco;  APERTA EM CANCELAR
22-07-2024 09:28:10.873Z;functions.waitForImage;  PRESS BUTTON OK image found.
22-07-2024 09:28:13.008Z;functions.click_ok;  PRESS BUTTON OK
22-07-2024 09:28:25.561Z;functions.waitForImage;  ERROR GENERICO image not found.
22-07-2024 09:28:30.670Z;functions.waitForImage;  ERROR FILTRO PIX image not found.
22-07-2024 09:28:34.783Z;functions.check_ted_branco;  PASSANDO PARA PRÓXIMO REGISTRO
22-07-2024 09:28:38.888Z;functions.check_ted_branco;  REFERNCIA: 982175
22-07-2024 09:28:38.888Z;functions.check_ted_branco;  CONTAGEM: 5
22-07-2024 09:28:39.190Z;functions.check_ted_branco;  ENTRANDO NO REGISTRO 
22-07-2024 09:28:45.873Z;functions.waitForImage;  INTEGRAÇÃO BANCÁRIA image found.
22-07-2024 09:28:46.006Z;functions.check_ted_branco;  CLICA EM INTEGRAÇÃO BANCÁRIA
22-07-2024 09:28:46.006Z;functions.check_ted_branco;  VERIFICANDO INFORMAÇÕES
22-07-2024 09:28:46.152Z;functions.waitForImage;  TRES PONTINHOS image found.
22-07-2024 09:28:58.780Z;functions.check_ted_branco;  VERIFICANDO SE TEM PIX NO FILTRO
22-07-2024 09:28:58.967Z;functions.waitForImage;  CHECANDO DADOS BANCÁRIOS PIX image found.
22-07-2024 09:29:00.976Z;functions.check_ted_branco;  PIX NÃO ENCONTRADO PARA REFERENCIA: 982175
22-07-2024 09:29:04.689Z;functions.check_ted_branco;  APERTA EM CANCELAR
22-07-2024 09:29:04.889Z;functions.waitForImage;  PRESS BUTTON OK image found.
22-07-2024 09:29:07.008Z;functions.click_ok;  PRESS BUTTON OK
22-07-2024 09:29:19.498Z;functions.waitForImage;  ERROR GENERICO image not found.
22-07-2024 09:29:24.608Z;functions.waitForImage;  ERROR FILTRO PIX image not found.
22-07-2024 09:29:28.716Z;functions.check_ted_branco;  PASSANDO PARA PRÓXIMO REGISTRO
22-07-2024 09:29:32.821Z;functions.check_ted_branco;  REFERNCIA: 980379
22-07-2024 09:29:32.821Z;functions.check_ted_branco;  CONTAGEM: 6
22-07-2024 09:29:33.122Z;functions.check_ted_branco;  ENTRANDO NO REGISTRO 
22-07-2024 09:29:39.935Z;functions.waitForImage;  INTEGRAÇÃO BANCÁRIA image found.
22-07-2024 09:29:40.076Z;functions.check_ted_branco;  CLICA EM INTEGRAÇÃO BANCÁRIA
22-07-2024 09:29:40.076Z;functions.check_ted_branco;  VERIFICANDO INFORMAÇÕES
22-07-2024 09:29:40.234Z;functions.waitForImage;  TRES PONTINHOS image found.
22-07-2024 09:29:52.862Z;functions.check_ted_branco;  VERIFICANDO SE TEM PIX NO FILTRO
22-07-2024 09:29:53.045Z;functions.waitForImage;  CHECANDO DADOS BANCÁRIOS PIX image found.
22-07-2024 09:29:55.054Z;functions.check_ted_branco;  PIX NÃO ENCONTRADO PARA REFERENCIA: 980379
22-07-2024 09:29:58.766Z;functions.check_ted_branco;  APERTA EM CANCELAR
22-07-2024 09:29:58.936Z;functions.waitForImage;  PRESS BUTTON OK image found.
22-07-2024 09:30:01.069Z;functions.click_ok;  PRESS BUTTON OK
22-07-2024 09:30:13.568Z;functions.waitForImage;  ERROR GENERICO image not found.
22-07-2024 09:30:18.685Z;functions.waitForImage;  ERROR FILTRO PIX image not found.
22-07-2024 09:30:22.789Z;functions.check_ted_branco;  PASSANDO PARA PRÓXIMO REGISTRO
22-07-2024 09:30:26.893Z;functions.check_ted_branco;  REFERNCIA: 981677
22-07-2024 09:30:26.893Z;functions.check_ted_branco;  CONTAGEM: 7
22-07-2024 09:30:27.195Z;functions.check_ted_branco;  ENTRANDO NO REGISTRO 
22-07-2024 09:30:34.740Z;functions.waitForImage;  INTEGRAÇÃO BANCÁRIA image found.
22-07-2024 09:30:34.853Z;functions.check_ted_branco;  CLICA EM INTEGRAÇÃO BANCÁRIA
22-07-2024 09:30:34.853Z;functions.check_ted_branco;  VERIFICANDO INFORMAÇÕES
22-07-2024 09:30:35.029Z;functions.waitForImage;  TRES PONTINHOS image found.
22-07-2024 09:30:47.665Z;functions.check_ted_branco;  VERIFICANDO SE TEM PIX NO FILTRO
22-07-2024 09:30:47.842Z;functions.waitForImage;  CHECANDO DADOS BANCÁRIOS PIX image found.
22-07-2024 09:30:49.853Z;functions.check_ted_branco;  PIX NÃO ENCONTRADO PARA REFERENCIA: 981677
22-07-2024 09:30:53.566Z;functions.check_ted_branco;  APERTA EM CANCELAR
22-07-2024 09:30:53.748Z;functions.waitForImage;  PRESS BUTTON OK image found.
22-07-2024 09:30:55.883Z;functions.click_ok;  PRESS BUTTON OK
22-07-2024 09:31:08.375Z;functions.waitForImage;  ERROR GENERICO image not found.
22-07-2024 09:31:13.457Z;functions.waitForImage;  ERROR FILTRO PIX image not found.
22-07-2024 09:31:17.561Z;functions.check_ted_branco;  PASSANDO PARA PRÓXIMO REGISTRO
22-07-2024 09:31:21.665Z;functions.check_ted_branco;  REFERNCIA: 981510
22-07-2024 09:31:21.665Z;functions.check_ted_branco;  CONTAGEM: 8
22-07-2024 09:31:21.967Z;functions.check_ted_branco;  ENTRANDO NO REGISTRO 
22-07-2024 09:31:28.810Z;functions.waitForImage;  INTEGRAÇÃO BANCÁRIA image found.
22-07-2024 09:31:28.945Z;functions.check_ted_branco;  CLICA EM INTEGRAÇÃO BANCÁRIA
22-07-2024 09:31:28.945Z;functions.check_ted_branco;  VERIFICANDO INFORMAÇÕES
22-07-2024 09:31:29.141Z;functions.waitForImage;  TRES PONTINHOS image found.
22-07-2024 09:31:41.779Z;functions.check_ted_branco;  VERIFICANDO SE TEM PIX NO FILTRO
22-07-2024 09:31:41.966Z;functions.waitForImage;  CHECANDO DADOS BANCÁRIOS PIX image found.
22-07-2024 09:31:43.976Z;functions.check_ted_branco;  PIX NÃO ENCONTRADO PARA REFERENCIA: 981510
22-07-2024 09:31:47.690Z;functions.check_ted_branco;  APERTA EM CANCELAR
22-07-2024 09:31:47.888Z;functions.waitForImage;  PRESS BUTTON OK image found.
22-07-2024 09:31:50.005Z;functions.click_ok;  PRESS BUTTON OK
22-07-2024 09:32:02.467Z;functions.waitForImage;  ERROR GENERICO image not found.
22-07-2024 09:32:07.576Z;functions.waitForImage;  ERROR FILTRO PIX image not found.
22-07-2024 09:32:11.682Z;functions.check_ted_branco;  PASSANDO PARA PRÓXIMO REGISTRO
22-07-2024 09:32:15.786Z;functions.check_ted_branco;  REFERNCIA: 981509
22-07-2024 09:32:15.786Z;functions.check_ted_branco;  CONTAGEM: 9
22-07-2024 09:32:16.088Z;functions.check_ted_branco;  ENTRANDO NO REGISTRO 
22-07-2024 09:32:22.935Z;functions.waitForImage;  INTEGRAÇÃO BANCÁRIA image found.
22-07-2024 09:32:23.068Z;functions.check_ted_branco;  CLICA EM INTEGRAÇÃO BANCÁRIA
22-07-2024 09:32:23.068Z;functions.check_ted_branco;  VERIFICANDO INFORMAÇÕES
22-07-2024 09:32:23.247Z;functions.waitForImage;  TRES PONTINHOS image found.
22-07-2024 09:32:35.881Z;functions.check_ted_branco;  VERIFICANDO SE TEM PIX NO FILTRO
22-07-2024 09:32:36.060Z;functions.waitForImage;  CHECANDO DADOS BANCÁRIOS PIX image found.
22-07-2024 09:32:38.074Z;functions.check_ted_branco;  PIX NÃO ENCONTRADO PARA REFERENCIA: 981509
22-07-2024 09:32:41.786Z;functions.check_ted_branco;  APERTA EM CANCELAR
22-07-2024 09:32:41.966Z;functions.waitForImage;  PRESS BUTTON OK image found.
22-07-2024 09:32:44.099Z;functions.click_ok;  PRESS BUTTON OK
22-07-2024 09:32:56.560Z;functions.waitForImage;  ERROR GENERICO image not found.
22-07-2024 09:33:01.763Z;functions.waitForImage;  ERROR FILTRO PIX image not found.
22-07-2024 09:33:05.869Z;functions.check_ted_branco;  PASSANDO PARA PRÓXIMO REGISTRO
22-07-2024 09:33:09.974Z;functions.check_ted_branco;  REFERNCIA: 753544
22-07-2024 09:33:09.974Z;functions.check_ted_branco;  CONTAGEM: 10
22-07-2024 09:33:10.276Z;functions.check_ted_branco;  ENTRANDO NO REGISTRO 
22-07-2024 09:33:17.013Z;functions.waitForImage;  INTEGRAÇÃO BANCÁRIA image found.
22-07-2024 09:33:17.164Z;functions.check_ted_branco;  CLICA EM INTEGRAÇÃO BANCÁRIA
22-07-2024 09:33:17.164Z;functions.check_ted_branco;  VERIFICANDO INFORMAÇÕES
22-07-2024 09:33:18.029Z;functions.waitForImage;  TRES PONTINHOS image found.
22-07-2024 09:33:30.671Z;functions.check_ted_branco;  VERIFICANDO SE TEM PIX NO FILTRO
22-07-2024 09:33:30.841Z;functions.waitForImage;  CHECANDO DADOS BANCÁRIOS PIX image found.
22-07-2024 09:33:32.853Z;functions.check_ted_branco;  PIX NÃO ENCONTRADO PARA REFERENCIA: 753544
22-07-2024 09:33:36.567Z;functions.check_ted_branco;  APERTA EM CANCELAR
22-07-2024 09:33:36.748Z;functions.waitForImage;  PRESS BUTTON OK image found.
22-07-2024 09:33:38.880Z;functions.click_ok;  PRESS BUTTON OK
22-07-2024 09:33:51.372Z;functions.waitForImage;  ERROR GENERICO image not found.
22-07-2024 09:33:56.404Z;functions.waitForImage;  ERROR FILTRO PIX image not found.
22-07-2024 09:34:00.522Z;functions.check_ted_branco;  PASSANDO PARA PRÓXIMO REGISTRO
22-07-2024 09:34:04.627Z;functions.check_ted_branco;  REFERNCIA: 753667
22-07-2024 09:34:04.627Z;functions.check_ted_branco;  CONTAGEM: 11
22-07-2024 09:34:04.928Z;functions.check_ted_branco;  ENTRANDO NO REGISTRO 
22-07-2024 09:34:13.826Z;functions.waitForImage;  INTEGRAÇÃO BANCÁRIA image found.
22-07-2024 09:34:13.974Z;functions.check_ted_branco;  CLICA EM INTEGRAÇÃO BANCÁRIA
22-07-2024 09:34:13.974Z;functions.check_ted_branco;  VERIFICANDO INFORMAÇÕES
22-07-2024 09:34:14.810Z;functions.waitForImage;  TRES PONTINHOS image found.
22-07-2024 09:34:27.443Z;functions.check_ted_branco;  VERIFICANDO SE TEM PIX NO FILTRO
22-07-2024 09:34:27.638Z;functions.waitForImage;  CHECANDO DADOS BANCÁRIOS PIX image found.
22-07-2024 09:34:29.640Z;functions.check_ted_branco;  PIX NÃO ENCONTRADO PARA REFERENCIA: 753667
22-07-2024 09:34:33.354Z;functions.check_ted_branco;  APERTA EM CANCELAR
22-07-2024 09:34:33.521Z;functions.waitForImage;  PRESS BUTTON OK image found.
22-07-2024 09:34:35.632Z;functions.click_ok;  PRESS BUTTON OK
22-07-2024 09:34:48.122Z;functions.waitForImage;  ERROR GENERICO image not found.
22-07-2024 09:34:53.263Z;functions.waitForImage;  ERROR FILTRO PIX image not found.
22-07-2024 09:34:57.375Z;functions.check_ted_branco;  PASSANDO PARA PRÓXIMO REGISTRO
22-07-2024 09:35:01.480Z;functions.check_ted_branco;  REFERNCIA: 753607
22-07-2024 09:35:01.480Z;functions.check_ted_branco;  CONTAGEM: 12
22-07-2024 09:35:01.782Z;functions.check_ted_branco;  ENTRANDO NO REGISTRO 
22-07-2024 09:35:08.533Z;functions.waitForImage;  INTEGRAÇÃO BANCÁRIA image found.
22-07-2024 09:35:08.664Z;functions.check_ted_branco;  CLICA EM INTEGRAÇÃO BANCÁRIA
22-07-2024 09:35:08.664Z;functions.check_ted_branco;  VERIFICANDO INFORMAÇÕES
22-07-2024 09:35:09.529Z;functions.waitForImage;  TRES PONTINHOS image found.
22-07-2024 09:35:22.170Z;functions.check_ted_branco;  VERIFICANDO SE TEM PIX NO FILTRO
22-07-2024 09:35:22.341Z;functions.waitForImage;  CHECANDO DADOS BANCÁRIOS PIX image found.
22-07-2024 09:35:24.356Z;functions.check_ted_branco;  PIX NÃO ENCONTRADO PARA REFERENCIA: 753607
22-07-2024 09:35:28.069Z;functions.check_ted_branco;  APERTA EM CANCELAR
22-07-2024 09:35:28.247Z;functions.waitForImage;  PRESS BUTTON OK image found.
22-07-2024 09:35:30.380Z;functions.click_ok;  PRESS BUTTON OK
22-07-2024 09:35:42.904Z;functions.waitForImage;  ERROR GENERICO image not found.
22-07-2024 09:35:48.076Z;functions.waitForImage;  ERROR FILTRO PIX image not found.
22-07-2024 09:35:48.076Z;functions.check_ted_branco;  FORAM VERIFICADOS: 12 REFERENCIAS NO PROCESSAMENTO FORMA DE PAGAMENTO ELETRONICA EM BRANCO
22-07-2024 09:35:51.622Z;errorhandler.__handle;  Property: Unknown Property name. [1:203: -ms-interpolation-mode]
22-07-2024 09:35:51.654Z;errorhandler.__handle;  Property: Unknown Property name. [1:353: -webkit-font-smoothing]
22-07-2024 09:35:51.669Z;errorhandler.__handle;  Property: Unknown Property name. [1:483: -ms-text-size-adjust]
22-07-2024 09:35:51.669Z;errorhandler.__handle;  Property: Unknown Property name. [1:518: -webkit-text-size-adjust]
22-07-2024 09:35:51.685Z;errorhandler.__handle;  Property: Unknown Property name. [1:612: mso-table-lspace]
22-07-2024 09:35:51.685Z;errorhandler.__handle;  Property: Unknown Property name. [1:642: mso-table-rspace]
22-07-2024 09:35:51.919Z;errorhandler.__handle;  Property: Unknown Property name. [1:4734: mso-hide]
22-07-2024 09:35:52.028Z;errorhandler.__handle;  Property: Unknown Property name. [1:13: -ms-interpolation-mode]
22-07-2024 09:35:52.028Z;errorhandler.__handle;  Property: Unknown Property name. [1:49: -webkit-font-smoothing]
22-07-2024 09:35:52.028Z;errorhandler.__handle;  Property: Unknown Property name. [1:134: -ms-text-size-adjust]
22-07-2024 09:35:52.028Z;errorhandler.__handle;  Property: Unknown Property name. [1:160: -webkit-text-size-adjust]
22-07-2024 09:35:52.028Z;errorhandler.__handle;  Property: Unknown Property name. [1:26: mso-table-lspace]
22-07-2024 09:35:52.028Z;errorhandler.__handle;  Property: Unknown Property name. [1:45: mso-table-rspace]
22-07-2024 09:35:52.075Z;errorhandler.__handle;  Property: Unknown Property name. [1:92: mso-hide]
22-07-2024 09:35:52.091Z;errorhandler.__handle;  Property: No ":" after name found: align-center [1:1: align-center]
22-07-2024 09:35:52.091Z;errorhandler.__handle;  Property: No property value found: align-center [1:1: align-center]
22-07-2024 09:35:52.091Z;errorhandler.__handle;  CSSStyleDeclaration: Syntax Error in Property: align-center
22-07-2024 09:35:52.091Z;errorhandler.__handle;  Property: Unknown Property name. [1:14: -ms-interpolation-mode]
22-07-2024 09:35:54.685Z;functions.emailFinalizado;  Warning e-mail sent.
22-07-2024 09:35:54.685Z;main.<module>;  Remessa Bancária TED CIP com filtro de pagamento eletronica em branco modificadas para pix 
 PASSO 3 FINALIZADO
22-07-2024 09:35:54.685Z;main.<module>;  O PROGRAMA SERÁ ENCERRADO
22-07-2024 09:35:55.747Z;errorhandler.__handle;  Property: Unknown Property name. [1:14: -ms-interpolation-mode]
22-07-2024 09:35:58.232Z;functions.emailFinalizado;  Warning e-mail sent.
22-07-2024 09:35:58.794Z;functions.end_RM;  RM ENCERRADO
