08-06-2024 15:49:02.420Z;functions.bot_text_art;      ____   
08-06-2024 15:49:02.420Z;functions.bot_text_art;     [____]    
08-06-2024 15:49:02.420Z;functions.bot_text_art;   |=]()()[=|  
08-06-2024 15:49:02.420Z;functions.bot_text_art;     _\==/__    _____    ____     _        _____    ___   _  __
08-06-2024 15:49:02.420Z;functions.bot_text_art;   |__|   |_|  |  _  \  / ___|   | |      |_   _| / ___| | |/ /
08-06-2024 15:49:02.420Z;functions.bot_text_art;   |_|_/\_|_|  | |  | | | |      | |        | |   | |    | ' / 
08-06-2024 15:49:02.420Z;functions.bot_text_art;   | | __ | |  | |  | | | |      | |        | |   | |    |  <  
08-06-2024 15:49:02.420Z;functions.bot_text_art;   |_|[  ]|_|  | |__| | | |____  | |____   _| |_  | |__  | . \ 
08-06-2024 15:49:02.420Z;functions.bot_text_art;   \_|_||_|_/  |_____/   \_____| |______| |_____| \ ___| |_|\_\
08-06-2024 15:49:02.420Z;functions.bot_text_art;     |_||_|                                                     
08-06-2024 15:49:02.420Z;functions.bot_text_art;     | ||_|_   
08-06-2024 15:49:02.420Z;functions.bot_text_art;   |___||___|  
08-06-2024 15:49:02.420Z;functions.bot_text_art;               
08-06-2024 15:49:02.451Z;functions.open_RM;  OPEN PROGRAM RM
08-06-2024 15:49:19.920Z;functions.loggin_RM;  ENTER USER_NAME
08-06-2024 15:49:24.670Z;functions.loggin_RM;  ENTER PASSWORD
08-06-2024 15:49:26.217Z;functions.loggin_RM;  ENTER RM
08-06-2024 15:52:20.997Z;functions.enter_coligada;  CLICK CONTEXTO
08-06-2024 15:52:23.497Z;functions.enter_coligada;  CLICK ALTERAR MODULO DO CONTEXTO
08-06-2024 15:52:27.435Z;functions.enter_coligada;  INSERE O COLIGADA CODE = 1
08-06-2024 15:52:27.639Z;functions.enter_coligada;  APERTA TAB PARA PREENCHER O CAMPO COM A STRING: OCEANICA ENGENHARIA E CONSULTORIA S.A.
08-06-2024 15:52:29.622Z;functions.enter_coligada;  CLICK AVANÇAR NOVAMENTE
08-06-2024 15:52:30.966Z;functions.enter_coligada;  CLICK CONCLUIR
08-06-2024 15:53:44.528Z;functions.enter_coligada;  POP UP COLIGADA DESAPARECER
08-06-2024 15:53:45.528Z;functions.check_movimentacao_bancaria;  CLICK - TOTVS - LINHA RM
08-06-2024 15:53:47.310Z;functions.check_movimentacao_bancaria;  CLICK - BACK OFFICE
08-06-2024 15:53:48.247Z;functions.check_movimentacao_bancaria;  CLICK - GESTAO FINANCEIRA
08-06-2024 15:53:54.622Z;functions.movimentacao_bancaria;  CLICA NA ABA MOVIMENTAÇÃO BANCARIA
08-06-2024 15:53:55.751Z;functions.waitForImage;  IMAGEM BORDERO image found.
08-06-2024 15:53:57.880Z;functions.movimentacao_bancaria;  IMAGEM BORDERO CLICADA.
08-06-2024 15:54:08.169Z;functions.waitForImage;  LICENCAS EXCEDIDAS image not found.
08-06-2024 15:54:08.888Z;functions.movimentacao_bancaria;  ENCONTROU O FILTRO DA MOVIMENTAÇÃO BANCÁRIA
08-06-2024 15:54:08.934Z;functions.movimentacao_bancaria;  CLICA NA ABA SUPERIOR DO FILTRO
08-06-2024 15:54:16.273Z;functions.movimentacao_bancaria;  SELECIONA O FILTRO HOJE
08-06-2024 15:54:21.497Z;functions.waitForImage;  FILTER CLEAN image found.
08-06-2024 15:54:23.630Z;functions.filter_clean;  CLICA NO BOTÃO X DO LIMPA FILTRO
08-06-2024 15:54:23.872Z;functions.waitForImage;  FILTER CLEAN image found.
08-06-2024 15:54:26.005Z;functions.filter_clean;  CLICA NO BOTÃO X DO LIMPA FILTRO
08-06-2024 15:54:41.310Z;functions.waitForImage;  FILTER CLEAN image not found.
08-06-2024 15:55:54.825Z;functions.movimentacao_bancaria;  SEM PROCESSAMENTO DE BORDERO
08-06-2024 15:56:20.168Z;functions.waitForImage;  FILTER CLEAN image not found.
08-06-2024 15:56:35.465Z;functions.waitForImage;  FILTER CLEAN image not found.
08-06-2024 15:56:50.793Z;functions.waitForImage;  FILTER CLEAN image not found.
08-06-2024 15:57:22.387Z;functions.processo_pagamento;  SEM REMESSA DE BORDERO AUTORIZADO
08-06-2024 15:57:23.491Z;functions.processo_pagamento;  FECHA ABA MOVIMENTAÇÕES BANCÁRIAS
08-06-2024 15:57:25.496Z;functions.enter_contas_a_pagar;  CLICK - TOTVS - LINHA RM
08-06-2024 15:57:26.996Z;functions.enter_contas_a_pagar;  CLICK - BACK OFFICE
08-06-2024 15:57:27.934Z;functions.enter_contas_a_pagar;  CLICK - GESTAO FINANCEIRA
08-06-2024 15:57:34.246Z;functions.enter_contas_a_pagar;  CLICK - CONTAS A PAGAR
08-06-2024 15:57:35.184Z;functions.waitForImage;  LANÇAMENTOS image found.
08-06-2024 15:57:37.316Z;functions.enter_contas_a_pagar;  CLICA EM LANÇAMENTOS
08-06-2024 15:57:52.512Z;functions.waitForImage;  LICENCAS EXCEDIDAS image not found.
08-06-2024 15:57:52.512Z;functions.obter_intervalo_data;  VERIFICANDO A HORA ATUAL 15
08-06-2024 15:57:52.543Z;functions.obter_intervalo_data;  Data Inicial BANCARIA antes da remoção: None
08-06-2024 15:57:52.543Z;functions.obter_intervalo_data;  Data Final BANCARIA antes da remoção: None
08-06-2024 15:57:52.559Z;functions.obter_intervalo_data;  Data Inicial BANCARIA após a remoção: None
08-06-2024 15:57:52.559Z;functions.obter_intervalo_data;  Data Final BANCARIA após a remoção: None
08-06-2024 15:57:52.559Z;functions.obter_intervalo_data;  hoje -  2024-06-08 15:57:52.559098
08-06-2024 15:57:52.559Z;functions.data_filter;  DATA INICIO 12-06-2024
08-06-2024 15:57:52.559Z;functions.data_filter;  DATA FIM 18-06-2024
08-06-2024 15:57:52.559Z;functions.data_filter;  CLICK - SELECIONA A DATA DE QUARTA FEIRA E DA PROXIMA TERÇA
08-06-2024 15:57:52.559Z;functions.data_filter;  QUARTA-FEIRA: 12-06-2024
08-06-2024 15:57:52.559Z;functions.data_filter;  TERCA-FEIRA: 18-06-2024
08-06-2024 15:58:02.434Z;functions.data_filter;  CLICK - BOTAO DE SELECAO DE FILTRO
08-06-2024 15:58:07.105Z;functions.data_filter;  INSERE - DATA DE QUARTA-FEIRA: 12-06-2024
08-06-2024 15:58:11.543Z;functions.data_filter;  INSERE - DATA DA PROX TERCA-FEIRA: 18-06-2024
08-06-2024 15:58:12.590Z;functions.data_filter;  CLICK - BOTAO DE EXECUTAR O FILTRO
08-06-2024 15:58:17.596Z;functions.desmark_filter;  AGUARDANDO 1
08-06-2024 16:00:51.144Z;functions.desmark_filter;  apertou up
08-06-2024 16:00:51.144Z;functions.desmark_filter;  AGUARDANDO 2
08-06-2024 16:03:14.401Z;functions.desmark_filter;  CLICK CHECKBOX LANÇAMENTOS A RECEBER
08-06-2024 16:03:16.928Z;functions.desmark_filter;  CLICK CHECKBOX LANÇAMENTOS BAIXADOS
08-06-2024 16:03:19.576Z;functions.desmark_filter;  CLICK CHECKBOX LANÇAMENTOS CANCELADOS
08-06-2024 16:03:22.432Z;functions.desmark_filter;  CLICK CHECKBOX LANÇAMENTOS FATURADOS
08-06-2024 16:03:25.526Z;functions.desmark_filter;  CLICK CHECKBOX LANÇAMENTOS FATURADOS
08-06-2024 16:03:30.761Z;functions.waitForImage;  FILTER CLEAN image found.
08-06-2024 16:03:32.869Z;functions.filter_clean;  CLICA NO BOTÃO X DO LIMPA FILTRO
08-06-2024 16:03:48.276Z;functions.waitForImage;  FILTER CLEAN image not found.
08-06-2024 16:04:03.683Z;functions.waitForImage;  FILTER CLEAN image not found.
08-06-2024 16:04:03.683Z;functions.check_table_record;  VERIFICANDO SE A TABELA ESTÁ VAZIA
08-06-2024 16:04:07.151Z;functions.check_table_record;  Texto extraido 1/935
08-06-2024 16:04:07.151Z;functions.check_table_record;  Count 935
08-06-2024 16:04:07.151Z;functions.check_table_record;  Type <class 'int'>
08-06-2024 16:04:07.151Z;functions.check_table_record;  TABELA CONTÉM REGISTROS
08-06-2024 16:04:19.357Z;functions.select_tipo_documento;  NOME DA COLUNA: Tipo de Documento
08-06-2024 16:04:21.417Z;functions.select_tipo_documento;  HOVER NOME DA COLUNA: Tipo de Documento
08-06-2024 16:04:22.283Z;functions.select_tipo_documento;  CLICA NO FILTRO PERSONALIZAR
08-06-2024 16:04:24.901Z;functions.select_tipo_documento;  CLICA PARA SELECIONAR OPÇÕES DO FILTRO
08-06-2024 16:04:32.370Z;functions.select_tipo_documento;  CLICK BUTTON CONFIRMAR FILTRO
08-06-2024 16:04:37.374Z;functions.filter_IPTE;  VERIFICANDO O COD DO CLIENTE EM CADA REGISTRO
08-06-2024 16:04:39.057Z;functions.filter_IPTE;  CLICA NA PRIMEIRA LINHA DA TABELA
08-06-2024 16:05:03.026Z;functions.filter_IPTE;  HOVER FILTER
08-06-2024 16:05:05.002Z;functions.filter_IPTE;  CLICK FILTER
08-06-2024 16:05:09.320Z;functions.filter_IPTE;  CLICA NO FILTRO PERSONALIZAR
08-06-2024 16:05:18.381Z;functions.check_table_record;  VERIFICANDO SE A TABELA ESTÁ VAZIA
08-06-2024 16:05:21.853Z;functions.check_table_record;  Texto extraido 1/81
08-06-2024 16:05:21.854Z;functions.check_table_record;  Count 81
08-06-2024 16:05:21.856Z;functions.check_table_record;  Type <class 'int'>
08-06-2024 16:05:21.856Z;functions.check_table_record;  TABELA CONTÉM REGISTROS
08-06-2024 16:05:21.857Z;functions.check_payment_type;  VERIFICANDO O COD DO CLIENTE EM CADA REGISTRO
08-06-2024 16:05:23.495Z;functions.check_payment_type;  CLICA NA PRIMEIRA LINHA DA TABELA
08-06-2024 16:05:27.604Z;functions.check_payment_type;  REF. LANÇAMENTO: 958369
08-06-2024 16:05:27.710Z;functions.check_payment_type;  ENTRANDO NO REGISTRO
08-06-2024 16:05:45.948Z;functions.waitForImage;  INTEGRAÇÃO BANCÁRIA image found.
08-06-2024 16:05:48.065Z;functions.check_payment_type;  CLICA EM INTEGRAÇÃO BANCÁRIA
08-06-2024 16:05:48.065Z;functions.check_payment_type;  VERIFICANDO INFORMAÇÕES
08-06-2024 16:05:51.276Z;functions.waitForImage;  DADOS BANCARIOS image found.
08-06-2024 16:05:51.410Z;functions.check_payment_type;  DADOS BANCARIOS
08-06-2024 16:06:01.413Z;functions.check_payment_type;  ENTROU DADOS BANCÁRIOS
08-06-2024 16:06:01.517Z;functions.check_payment_type;  APERTA TAB
08-06-2024 16:06:03.838Z;functions.waitForImage;  PRESS BUTTON OK image found.
08-06-2024 16:06:05.971Z;functions.click_ok;  PRESS BUTTON OK
08-06-2024 16:06:10.182Z;functions.waitForImage;  PRESS BUTTON OK image found.
08-06-2024 16:06:12.315Z;functions.click_ok;  PRESS BUTTON OK
08-06-2024 16:06:14.422Z;functions.check_payment_type;  INCLUIDOS: 958369 REFERENCIAS NO PROCESSAMENTO
08-06-2024 16:06:16.531Z;functions.check_payment_type;  PASSANDO PARA PRÓXIMO REGISTRO
08-06-2024 16:06:22.635Z;functions.check_payment_type;  REF. LANÇAMENTO: 963727
08-06-2024 16:06:22.741Z;functions.check_payment_type;  ENTRANDO NO REGISTRO
08-06-2024 16:06:27.807Z;functions.waitForImage;  INTEGRAÇÃO BANCÁRIA image found.
08-06-2024 16:06:29.940Z;functions.check_payment_type;  CLICA EM INTEGRAÇÃO BANCÁRIA
08-06-2024 16:06:29.940Z;functions.check_payment_type;  VERIFICANDO INFORMAÇÕES
08-06-2024 16:06:33.151Z;functions.waitForImage;  DADOS BANCARIOS image found.
08-06-2024 16:06:33.284Z;functions.check_payment_type;  DADOS BANCARIOS
08-06-2024 16:06:43.286Z;functions.check_payment_type;  ENTROU DADOS BANCÁRIOS
08-06-2024 16:06:43.390Z;functions.check_payment_type;  APERTA TAB
08-06-2024 16:06:45.729Z;functions.waitForImage;  PRESS BUTTON OK image found.
08-06-2024 16:06:47.846Z;functions.click_ok;  PRESS BUTTON OK
08-06-2024 16:06:52.073Z;functions.waitForImage;  PRESS BUTTON OK image found.
08-06-2024 16:06:54.190Z;functions.click_ok;  PRESS BUTTON OK
08-06-2024 16:06:56.294Z;functions.check_payment_type;  INCLUIDOS: 963727 REFERENCIAS NO PROCESSAMENTO
08-06-2024 16:06:58.398Z;functions.check_payment_type;  PASSANDO PARA PRÓXIMO REGISTRO
08-06-2024 16:07:04.503Z;functions.check_payment_type;  REF. LANÇAMENTO: 954307
08-06-2024 16:07:04.609Z;functions.check_payment_type;  ENTRANDO NO REGISTRO
08-06-2024 16:07:10.275Z;functions.waitForImage;  INTEGRAÇÃO BANCÁRIA image found.
08-06-2024 16:07:12.409Z;functions.check_payment_type;  CLICA EM INTEGRAÇÃO BANCÁRIA
08-06-2024 16:07:12.409Z;functions.check_payment_type;  VERIFICANDO INFORMAÇÕES
08-06-2024 16:07:15.635Z;functions.waitForImage;  DADOS BANCARIOS image found.
08-06-2024 16:07:15.753Z;functions.check_payment_type;  DADOS BANCARIOS
08-06-2024 16:07:25.756Z;functions.check_payment_type;  ENTROU DADOS BANCÁRIOS
08-06-2024 16:07:25.860Z;functions.check_payment_type;  APERTA TAB
08-06-2024 16:07:28.197Z;functions.waitForImage;  PRESS BUTTON OK image found.
08-06-2024 16:07:30.315Z;functions.click_ok;  PRESS BUTTON OK
08-06-2024 16:07:34.525Z;functions.waitForImage;  PRESS BUTTON OK image found.
08-06-2024 16:07:36.658Z;functions.click_ok;  PRESS BUTTON OK
08-06-2024 16:07:38.767Z;functions.check_payment_type;  INCLUIDOS: 954307 REFERENCIAS NO PROCESSAMENTO
08-06-2024 16:07:40.871Z;functions.check_payment_type;  PASSANDO PARA PRÓXIMO REGISTRO
08-06-2024 16:07:46.975Z;functions.check_payment_type;  REF. LANÇAMENTO: 955379
08-06-2024 16:07:47.080Z;functions.check_payment_type;  ENTRANDO NO REGISTRO
08-06-2024 16:07:52.074Z;functions.waitForImage;  INTEGRAÇÃO BANCÁRIA image found.
08-06-2024 16:07:54.190Z;functions.check_payment_type;  CLICA EM INTEGRAÇÃO BANCÁRIA
08-06-2024 16:07:54.190Z;functions.check_payment_type;  VERIFICANDO INFORMAÇÕES
08-06-2024 16:07:57.401Z;functions.waitForImage;  DADOS BANCARIOS image found.
08-06-2024 16:07:57.534Z;functions.check_payment_type;  DADOS BANCARIOS
08-06-2024 16:08:07.536Z;functions.check_payment_type;  ENTROU DADOS BANCÁRIOS
08-06-2024 16:08:07.639Z;functions.check_payment_type;  APERTA TAB
08-06-2024 16:08:09.979Z;functions.waitForImage;  PRESS BUTTON OK image found.
08-06-2024 16:08:12.096Z;functions.click_ok;  PRESS BUTTON OK
08-06-2024 16:08:16.322Z;functions.waitForImage;  PRESS BUTTON OK image found.
08-06-2024 16:08:18.440Z;functions.click_ok;  PRESS BUTTON OK
08-06-2024 16:08:20.545Z;functions.check_payment_type;  INCLUIDOS: 955379 REFERENCIAS NO PROCESSAMENTO
08-06-2024 16:08:22.649Z;functions.check_payment_type;  PASSANDO PARA PRÓXIMO REGISTRO
08-06-2024 16:08:28.753Z;functions.check_payment_type;  REF. LANÇAMENTO: 955802
08-06-2024 16:08:28.862Z;functions.check_payment_type;  ENTRANDO NO REGISTRO
08-06-2024 16:08:34.744Z;functions.waitForImage;  INTEGRAÇÃO BANCÁRIA image found.
08-06-2024 16:08:36.878Z;functions.check_payment_type;  CLICA EM INTEGRAÇÃO BANCÁRIA
08-06-2024 16:08:36.880Z;functions.check_payment_type;  VERIFICANDO INFORMAÇÕES
08-06-2024 16:08:40.104Z;functions.waitForImage;  DADOS BANCARIOS image found.
08-06-2024 16:08:40.222Z;functions.check_payment_type;  DADOS BANCARIOS
08-06-2024 16:08:50.226Z;functions.check_payment_type;  ENTROU DADOS BANCÁRIOS
08-06-2024 16:08:50.329Z;functions.check_payment_type;  APERTA TAB
08-06-2024 16:08:52.666Z;functions.waitForImage;  PRESS BUTTON OK image found.
08-06-2024 16:08:54.784Z;functions.click_ok;  PRESS BUTTON OK
08-06-2024 16:08:58.994Z;functions.waitForImage;  PRESS BUTTON OK image found.
08-06-2024 16:09:01.127Z;functions.click_ok;  PRESS BUTTON OK
08-06-2024 16:09:03.232Z;functions.check_payment_type;  INCLUIDOS: 955802 REFERENCIAS NO PROCESSAMENTO
08-06-2024 16:09:05.336Z;functions.check_payment_type;  PASSANDO PARA PRÓXIMO REGISTRO
08-06-2024 16:09:11.441Z;functions.check_payment_type;  REF. LANÇAMENTO: 947928
08-06-2024 16:09:11.546Z;functions.check_payment_type;  ENTRANDO NO REGISTRO
08-06-2024 16:09:17.119Z;functions.waitForImage;  INTEGRAÇÃO BANCÁRIA image found.
08-06-2024 16:09:19.252Z;functions.check_payment_type;  CLICA EM INTEGRAÇÃO BANCÁRIA
08-06-2024 16:09:19.252Z;functions.check_payment_type;  VERIFICANDO INFORMAÇÕES
08-06-2024 16:09:22.463Z;functions.waitForImage;  DADOS BANCARIOS image found.
08-06-2024 16:09:22.597Z;functions.check_payment_type;  DADOS BANCARIOS
08-06-2024 16:09:32.599Z;functions.check_payment_type;  ENTROU DADOS BANCÁRIOS
08-06-2024 16:09:32.702Z;functions.check_payment_type;  APERTA TAB
08-06-2024 16:09:35.041Z;functions.waitForImage;  PRESS BUTTON OK image found.
08-06-2024 16:09:37.158Z;functions.click_ok;  PRESS BUTTON OK
08-06-2024 16:09:41.369Z;functions.waitForImage;  PRESS BUTTON OK image found.
08-06-2024 16:09:43.502Z;functions.click_ok;  PRESS BUTTON OK
08-06-2024 16:09:45.607Z;functions.check_payment_type;  INCLUIDOS: 947928 REFERENCIAS NO PROCESSAMENTO
08-06-2024 16:09:47.710Z;functions.check_payment_type;  PASSANDO PARA PRÓXIMO REGISTRO
08-06-2024 16:09:53.814Z;functions.check_payment_type;  REF. LANÇAMENTO: 937475
08-06-2024 16:09:53.920Z;functions.check_payment_type;  ENTRANDO NO REGISTRO
08-06-2024 16:09:59.681Z;functions.waitForImage;  INTEGRAÇÃO BANCÁRIA image found.
08-06-2024 16:10:01.815Z;functions.check_payment_type;  CLICA EM INTEGRAÇÃO BANCÁRIA
08-06-2024 16:10:01.815Z;functions.check_payment_type;  VERIFICANDO INFORMAÇÕES
08-06-2024 16:10:05.041Z;functions.waitForImage;  DADOS BANCARIOS image found.
08-06-2024 16:10:05.159Z;functions.check_payment_type;  DADOS BANCARIOS
08-06-2024 16:10:15.162Z;functions.check_payment_type;  ENTROU DADOS BANCÁRIOS
08-06-2024 16:10:15.265Z;functions.check_payment_type;  APERTA TAB
08-06-2024 16:10:17.587Z;functions.waitForImage;  PRESS BUTTON OK image found.
08-06-2024 16:10:19.720Z;functions.click_ok;  PRESS BUTTON OK
08-06-2024 16:10:23.931Z;functions.waitForImage;  PRESS BUTTON OK image found.
08-06-2024 16:10:26.064Z;functions.click_ok;  PRESS BUTTON OK
08-06-2024 16:10:28.169Z;functions.check_payment_type;  INCLUIDOS: 937475 REFERENCIAS NO PROCESSAMENTO
08-06-2024 16:10:30.273Z;functions.check_payment_type;  PASSANDO PARA PRÓXIMO REGISTRO
08-06-2024 16:10:36.378Z;functions.check_payment_type;  REF. LANÇAMENTO: 936199
08-06-2024 16:10:36.491Z;functions.check_payment_type;  ENTRANDO NO REGISTRO
08-06-2024 16:10:42.197Z;functions.waitForImage;  INTEGRAÇÃO BANCÁRIA image found.
08-06-2024 16:10:44.314Z;functions.check_payment_type;  CLICA EM INTEGRAÇÃO BANCÁRIA
08-06-2024 16:10:44.314Z;functions.check_payment_type;  VERIFICANDO INFORMAÇÕES
08-06-2024 16:10:47.541Z;functions.waitForImage;  DADOS BANCARIOS image found.
08-06-2024 16:10:47.658Z;functions.check_payment_type;  DADOS BANCARIOS
08-06-2024 16:10:57.661Z;functions.check_payment_type;  ENTROU DADOS BANCÁRIOS
08-06-2024 16:10:57.764Z;functions.check_payment_type;  APERTA TAB
08-06-2024 16:11:00.103Z;functions.waitForImage;  PRESS BUTTON OK image found.
08-06-2024 16:11:02.221Z;functions.click_ok;  PRESS BUTTON OK
08-06-2024 16:11:06.431Z;functions.waitForImage;  PRESS BUTTON OK image found.
08-06-2024 16:11:08.564Z;functions.click_ok;  PRESS BUTTON OK
08-06-2024 16:11:10.668Z;functions.check_payment_type;  INCLUIDOS: 936199 REFERENCIAS NO PROCESSAMENTO
08-06-2024 16:11:12.771Z;functions.check_payment_type;  PASSANDO PARA PRÓXIMO REGISTRO
08-06-2024 16:11:18.875Z;functions.check_payment_type;  REF. LANÇAMENTO: 954497
08-06-2024 16:11:18.981Z;functions.check_payment_type;  ENTRANDO NO REGISTRO
08-06-2024 16:11:24.697Z;functions.waitForImage;  INTEGRAÇÃO BANCÁRIA image found.
08-06-2024 16:11:26.816Z;functions.check_payment_type;  CLICA EM INTEGRAÇÃO BANCÁRIA
08-06-2024 16:11:26.816Z;functions.check_payment_type;  VERIFICANDO INFORMAÇÕES
08-06-2024 16:11:30.025Z;functions.waitForImage;  DADOS BANCARIOS image found.
08-06-2024 16:11:30.158Z;functions.check_payment_type;  DADOS BANCARIOS
08-06-2024 16:11:40.161Z;functions.check_payment_type;  ENTROU DADOS BANCÁRIOS
08-06-2024 16:11:40.264Z;functions.check_payment_type;  APERTA TAB
08-06-2024 16:11:42.587Z;functions.waitForImage;  PRESS BUTTON OK image found.
08-06-2024 16:11:44.721Z;functions.click_ok;  PRESS BUTTON OK
08-06-2024 16:11:48.931Z;functions.waitForImage;  PRESS BUTTON OK image found.
08-06-2024 16:11:51.065Z;functions.click_ok;  PRESS BUTTON OK
08-06-2024 16:11:53.169Z;functions.check_payment_type;  INCLUIDOS: 954497 REFERENCIAS NO PROCESSAMENTO
08-06-2024 16:11:55.272Z;functions.check_payment_type;  PASSANDO PARA PRÓXIMO REGISTRO
08-06-2024 16:12:01.376Z;functions.check_payment_type;  REF. LANÇAMENTO: 956021
08-06-2024 16:12:01.481Z;functions.check_payment_type;  ENTRANDO NO REGISTRO
08-06-2024 16:12:07.087Z;functions.waitForImage;  INTEGRAÇÃO BANCÁRIA image found.
08-06-2024 16:12:09.220Z;functions.check_payment_type;  CLICA EM INTEGRAÇÃO BANCÁRIA
08-06-2024 16:12:09.220Z;functions.check_payment_type;  VERIFICANDO INFORMAÇÕES
08-06-2024 16:12:12.447Z;functions.waitForImage;  DADOS BANCARIOS image found.
08-06-2024 16:12:12.565Z;functions.check_payment_type;  DADOS BANCARIOS
08-06-2024 16:12:22.566Z;functions.check_payment_type;  ENTROU DADOS BANCÁRIOS
08-06-2024 16:12:22.670Z;functions.check_payment_type;  APERTA TAB
08-06-2024 16:12:24.993Z;functions.waitForImage;  PRESS BUTTON OK image found.
08-06-2024 16:12:27.126Z;functions.click_ok;  PRESS BUTTON OK
08-06-2024 16:12:31.337Z;functions.waitForImage;  PRESS BUTTON OK image found.
08-06-2024 16:12:33.470Z;functions.click_ok;  PRESS BUTTON OK
08-06-2024 16:12:35.575Z;functions.check_payment_type;  INCLUIDOS: 956021 REFERENCIAS NO PROCESSAMENTO
08-06-2024 16:12:37.678Z;functions.check_payment_type;  PASSANDO PARA PRÓXIMO REGISTRO
08-06-2024 16:12:43.782Z;functions.check_payment_type;  REF. LANÇAMENTO: 958699
08-06-2024 16:12:43.887Z;functions.check_payment_type;  ENTRANDO NO REGISTRO
08-06-2024 16:12:49.525Z;functions.waitForImage;  INTEGRAÇÃO BANCÁRIA image found.
08-06-2024 16:12:51.662Z;functions.check_payment_type;  CLICA EM INTEGRAÇÃO BANCÁRIA
08-06-2024 16:12:51.665Z;functions.check_payment_type;  VERIFICANDO INFORMAÇÕES
08-06-2024 16:12:54.884Z;functions.waitForImage;  DADOS BANCARIOS image found.
08-06-2024 16:12:55.003Z;functions.check_payment_type;  DADOS BANCARIOS
08-06-2024 16:13:05.005Z;functions.check_payment_type;  ENTROU DADOS BANCÁRIOS
08-06-2024 16:13:05.108Z;functions.check_payment_type;  APERTA TAB
08-06-2024 16:13:07.446Z;functions.waitForImage;  PRESS BUTTON OK image found.
08-06-2024 16:13:09.564Z;functions.click_ok;  PRESS BUTTON OK
08-06-2024 16:13:13.774Z;functions.waitForImage;  PRESS BUTTON OK image found.
08-06-2024 16:13:15.908Z;functions.click_ok;  PRESS BUTTON OK
08-06-2024 16:13:18.012Z;functions.check_payment_type;  INCLUIDOS: 958699 REFERENCIAS NO PROCESSAMENTO
08-06-2024 16:13:20.115Z;functions.check_payment_type;  PASSANDO PARA PRÓXIMO REGISTRO
08-06-2024 16:13:26.219Z;functions.check_payment_type;  REF. LANÇAMENTO: 962187
08-06-2024 16:13:26.347Z;functions.check_payment_type;  ENTRANDO NO REGISTRO
08-06-2024 16:13:31.290Z;functions.waitForImage;  INTEGRAÇÃO BANCÁRIA image found.
08-06-2024 16:13:33.439Z;functions.check_payment_type;  CLICA EM INTEGRAÇÃO BANCÁRIA
08-06-2024 16:13:33.439Z;functions.check_payment_type;  VERIFICANDO INFORMAÇÕES
08-06-2024 16:13:36.672Z;functions.waitForImage;  DADOS BANCARIOS image found.
08-06-2024 16:13:36.783Z;functions.check_payment_type;  DADOS BANCARIOS
08-06-2024 16:13:46.788Z;functions.check_payment_type;  ENTROU DADOS BANCÁRIOS
08-06-2024 16:13:46.892Z;functions.check_payment_type;  APERTA TAB
08-06-2024 16:13:49.290Z;functions.waitForImage;  PRESS BUTTON OK image found.
08-06-2024 16:13:51.439Z;functions.click_ok;  PRESS BUTTON OK
08-06-2024 16:13:55.680Z;functions.waitForImage;  PRESS BUTTON OK image found.
08-06-2024 16:13:57.814Z;functions.click_ok;  PRESS BUTTON OK
08-06-2024 16:13:59.917Z;functions.check_payment_type;  INCLUIDOS: 962187 REFERENCIAS NO PROCESSAMENTO
08-06-2024 16:14:02.020Z;functions.check_payment_type;  PASSANDO PARA PRÓXIMO REGISTRO
08-06-2024 16:14:08.124Z;functions.check_payment_type;  REF. LANÇAMENTO: 956175
08-06-2024 16:14:08.230Z;functions.check_payment_type;  ENTRANDO NO REGISTRO
08-06-2024 16:14:13.915Z;functions.waitForImage;  INTEGRAÇÃO BANCÁRIA image found.
08-06-2024 16:14:16.032Z;functions.check_payment_type;  CLICA EM INTEGRAÇÃO BANCÁRIA
08-06-2024 16:14:16.032Z;functions.check_payment_type;  VERIFICANDO INFORMAÇÕES
08-06-2024 16:14:19.259Z;functions.waitForImage;  DADOS BANCARIOS image found.
08-06-2024 16:14:19.377Z;functions.check_payment_type;  DADOS BANCARIOS
08-06-2024 16:14:29.379Z;functions.check_payment_type;  ENTROU DADOS BANCÁRIOS
08-06-2024 16:14:29.483Z;functions.check_payment_type;  APERTA TAB
08-06-2024 16:14:31.821Z;functions.waitForImage;  PRESS BUTTON OK image found.
08-06-2024 16:14:33.938Z;functions.click_ok;  PRESS BUTTON OK
08-06-2024 16:14:38.150Z;functions.waitForImage;  PRESS BUTTON OK image found.
08-06-2024 16:14:40.283Z;functions.click_ok;  PRESS BUTTON OK
08-06-2024 16:14:42.387Z;functions.check_payment_type;  INCLUIDOS: 956175 REFERENCIAS NO PROCESSAMENTO
08-06-2024 16:14:44.490Z;functions.check_payment_type;  PASSANDO PARA PRÓXIMO REGISTRO
08-06-2024 16:14:50.594Z;functions.check_payment_type;  REF. LANÇAMENTO: 956208
08-06-2024 16:14:50.726Z;functions.check_payment_type;  ENTRANDO NO REGISTRO
08-06-2024 16:14:56.368Z;functions.waitForImage;  INTEGRAÇÃO BANCÁRIA image found.
08-06-2024 16:14:58.508Z;functions.check_payment_type;  CLICA EM INTEGRAÇÃO BANCÁRIA
08-06-2024 16:14:58.508Z;functions.check_payment_type;  VERIFICANDO INFORMAÇÕES
08-06-2024 16:15:01.728Z;functions.waitForImage;  DADOS BANCARIOS image found.
08-06-2024 16:15:01.847Z;functions.check_payment_type;  DADOS BANCARIOS
08-06-2024 16:15:11.849Z;functions.check_payment_type;  ENTROU DADOS BANCÁRIOS
08-06-2024 16:15:11.953Z;functions.check_payment_type;  APERTA TAB
08-06-2024 16:15:14.274Z;functions.waitForImage;  PRESS BUTTON OK image found.
08-06-2024 16:15:16.407Z;functions.click_ok;  PRESS BUTTON OK
08-06-2024 16:15:20.633Z;functions.waitForImage;  PRESS BUTTON OK image found.
08-06-2024 16:15:22.752Z;functions.click_ok;  PRESS BUTTON OK
08-06-2024 16:15:24.856Z;functions.check_payment_type;  INCLUIDOS: 956208 REFERENCIAS NO PROCESSAMENTO
08-06-2024 16:15:26.958Z;functions.check_payment_type;  PASSANDO PARA PRÓXIMO REGISTRO
08-06-2024 16:15:33.062Z;functions.check_payment_type;  REF. LANÇAMENTO: 957555
08-06-2024 16:15:33.169Z;functions.check_payment_type;  ENTRANDO NO REGISTRO
08-06-2024 16:15:38.843Z;functions.waitForImage;  INTEGRAÇÃO BANCÁRIA image found.
08-06-2024 16:15:40.970Z;functions.check_payment_type;  CLICA EM INTEGRAÇÃO BANCÁRIA
08-06-2024 16:15:40.970Z;functions.check_payment_type;  VERIFICANDO INFORMAÇÕES
08-06-2024 16:15:44.180Z;functions.waitForImage;  DADOS BANCARIOS image found.
08-06-2024 16:15:44.313Z;functions.check_payment_type;  DADOS BANCARIOS
08-06-2024 16:15:54.316Z;functions.check_payment_type;  ENTROU DADOS BANCÁRIOS
08-06-2024 16:15:54.420Z;functions.check_payment_type;  APERTA TAB
08-06-2024 16:15:56.778Z;functions.waitForImage;  PRESS BUTTON OK image found.
08-06-2024 16:15:58.907Z;functions.click_ok;  PRESS BUTTON OK
08-06-2024 16:16:03.118Z;functions.waitForImage;  PRESS BUTTON OK image found.
08-06-2024 16:16:05.251Z;functions.click_ok;  PRESS BUTTON OK
08-06-2024 16:16:07.356Z;functions.check_payment_type;  INCLUIDOS: 957555 REFERENCIAS NO PROCESSAMENTO
08-06-2024 16:16:09.459Z;functions.check_payment_type;  PASSANDO PARA PRÓXIMO REGISTRO
08-06-2024 16:16:15.563Z;functions.check_payment_type;  REF. LANÇAMENTO: 954722
08-06-2024 16:16:15.668Z;functions.check_payment_type;  ENTRANDO NO REGISTRO
08-06-2024 16:16:20.664Z;functions.waitForImage;  INTEGRAÇÃO BANCÁRIA image found.
08-06-2024 16:16:22.782Z;functions.check_payment_type;  CLICA EM INTEGRAÇÃO BANCÁRIA
08-06-2024 16:16:22.782Z;functions.check_payment_type;  VERIFICANDO INFORMAÇÕES
08-06-2024 16:16:26.008Z;functions.waitForImage;  DADOS BANCARIOS image found.
08-06-2024 16:16:26.126Z;functions.check_payment_type;  DADOS BANCARIOS
08-06-2024 16:16:36.128Z;functions.check_payment_type;  ENTROU DADOS BANCÁRIOS
08-06-2024 16:16:36.231Z;functions.check_payment_type;  APERTA TAB
08-06-2024 16:16:38.555Z;functions.waitForImage;  PRESS BUTTON OK image found.
08-06-2024 16:16:40.692Z;functions.click_ok;  PRESS BUTTON OK
08-06-2024 16:16:44.899Z;functions.waitForImage;  PRESS BUTTON OK image found.
08-06-2024 16:16:47.032Z;functions.click_ok;  PRESS BUTTON OK
08-06-2024 16:16:49.139Z;functions.check_payment_type;  INCLUIDOS: 954722 REFERENCIAS NO PROCESSAMENTO
08-06-2024 16:16:51.243Z;functions.check_payment_type;  PASSANDO PARA PRÓXIMO REGISTRO
08-06-2024 16:16:57.347Z;functions.check_payment_type;  REF. LANÇAMENTO: 954727
08-06-2024 16:16:57.452Z;functions.check_payment_type;  ENTRANDO NO REGISTRO
08-06-2024 16:17:03.242Z;functions.waitForImage;  INTEGRAÇÃO BANCÁRIA image found.
08-06-2024 16:17:05.376Z;functions.check_payment_type;  CLICA EM INTEGRAÇÃO BANCÁRIA
08-06-2024 16:17:05.376Z;functions.check_payment_type;  VERIFICANDO INFORMAÇÕES
08-06-2024 16:17:08.586Z;functions.waitForImage;  DADOS BANCARIOS image found.
08-06-2024 16:17:08.719Z;functions.check_payment_type;  DADOS BANCARIOS
08-06-2024 16:17:18.722Z;functions.check_payment_type;  ENTROU DADOS BANCÁRIOS
08-06-2024 16:17:18.825Z;functions.check_payment_type;  APERTA TAB
08-06-2024 16:17:21.150Z;functions.waitForImage;  PRESS BUTTON OK image found.
08-06-2024 16:17:23.282Z;functions.click_ok;  PRESS BUTTON OK
08-06-2024 16:17:27.493Z;functions.waitForImage;  PRESS BUTTON OK image found.
08-06-2024 16:17:29.626Z;functions.click_ok;  PRESS BUTTON OK
08-06-2024 16:17:31.730Z;functions.check_payment_type;  INCLUIDOS: 954727 REFERENCIAS NO PROCESSAMENTO
08-06-2024 16:17:33.833Z;functions.check_payment_type;  PASSANDO PARA PRÓXIMO REGISTRO
08-06-2024 16:17:39.937Z;functions.check_payment_type;  REF. LANÇAMENTO: 953222
08-06-2024 16:17:40.042Z;functions.check_payment_type;  ENTRANDO NO REGISTRO
08-06-2024 16:17:45.758Z;functions.waitForImage;  INTEGRAÇÃO BANCÁRIA image found.
08-06-2024 16:17:47.876Z;functions.check_payment_type;  CLICA EM INTEGRAÇÃO BANCÁRIA
08-06-2024 16:17:47.876Z;functions.check_payment_type;  VERIFICANDO INFORMAÇÕES
08-06-2024 16:17:51.102Z;functions.waitForImage;  DADOS BANCARIOS image found.
08-06-2024 16:17:51.219Z;functions.check_payment_type;  DADOS BANCARIOS
08-06-2024 16:18:01.222Z;functions.check_payment_type;  ENTROU DADOS BANCÁRIOS
08-06-2024 16:18:01.325Z;functions.check_payment_type;  APERTA TAB
08-06-2024 16:18:03.664Z;functions.waitForImage;  PRESS BUTTON OK image found.
08-06-2024 16:18:05.782Z;functions.click_ok;  PRESS BUTTON OK
08-06-2024 16:18:09.992Z;functions.waitForImage;  PRESS BUTTON OK image found.
08-06-2024 16:18:12.125Z;functions.click_ok;  PRESS BUTTON OK
08-06-2024 16:18:14.228Z;functions.check_payment_type;  INCLUIDOS: 953222 REFERENCIAS NO PROCESSAMENTO
08-06-2024 16:18:16.332Z;functions.check_payment_type;  PASSANDO PARA PRÓXIMO REGISTRO
08-06-2024 16:18:22.436Z;functions.check_payment_type;  REF. LANÇAMENTO: 953198
08-06-2024 16:18:22.542Z;functions.check_payment_type;  ENTRANDO NO REGISTRO
08-06-2024 16:18:28.352Z;functions.waitForImage;  INTEGRAÇÃO BANCÁRIA image found.
08-06-2024 16:18:30.469Z;functions.check_payment_type;  CLICA EM INTEGRAÇÃO BANCÁRIA
08-06-2024 16:18:30.469Z;functions.check_payment_type;  VERIFICANDO INFORMAÇÕES
08-06-2024 16:18:33.680Z;functions.waitForImage;  DADOS BANCARIOS image found.
08-06-2024 16:18:33.814Z;functions.check_payment_type;  DADOS BANCARIOS
08-06-2024 16:18:43.816Z;functions.check_payment_type;  ENTROU DADOS BANCÁRIOS
08-06-2024 16:18:43.920Z;functions.check_payment_type;  APERTA TAB
08-06-2024 16:18:46.242Z;functions.waitForImage;  PRESS BUTTON OK image found.
08-06-2024 16:18:48.375Z;functions.click_ok;  PRESS BUTTON OK
08-06-2024 16:18:52.586Z;functions.waitForImage;  PRESS BUTTON OK image found.
08-06-2024 16:18:54.719Z;functions.click_ok;  PRESS BUTTON OK
08-06-2024 16:18:56.826Z;functions.check_payment_type;  INCLUIDOS: 953198 REFERENCIAS NO PROCESSAMENTO
08-06-2024 16:18:58.929Z;functions.check_payment_type;  PASSANDO PARA PRÓXIMO REGISTRO
08-06-2024 16:19:05.034Z;functions.check_payment_type;  REF. LANÇAMENTO: 953453
08-06-2024 16:19:05.141Z;functions.check_payment_type;  ENTRANDO NO REGISTRO
08-06-2024 16:19:10.852Z;functions.waitForImage;  INTEGRAÇÃO BANCÁRIA image found.
08-06-2024 16:19:12.968Z;functions.check_payment_type;  CLICA EM INTEGRAÇÃO BANCÁRIA
08-06-2024 16:19:12.968Z;functions.check_payment_type;  VERIFICANDO INFORMAÇÕES
08-06-2024 16:19:16.180Z;functions.waitForImage;  DADOS BANCARIOS image found.
08-06-2024 16:19:16.314Z;functions.check_payment_type;  DADOS BANCARIOS
08-06-2024 16:19:26.317Z;functions.check_payment_type;  ENTROU DADOS BANCÁRIOS
08-06-2024 16:19:26.420Z;functions.check_payment_type;  APERTA TAB
08-06-2024 16:19:28.742Z;functions.waitForImage;  PRESS BUTTON OK image found.
08-06-2024 16:19:30.875Z;functions.click_ok;  PRESS BUTTON OK
08-06-2024 16:19:35.086Z;functions.waitForImage;  PRESS BUTTON OK image found.
08-06-2024 16:19:37.219Z;functions.click_ok;  PRESS BUTTON OK
08-06-2024 16:19:39.323Z;functions.check_payment_type;  INCLUIDOS: 953453 REFERENCIAS NO PROCESSAMENTO
08-06-2024 16:19:41.425Z;functions.check_payment_type;  PASSANDO PARA PRÓXIMO REGISTRO
08-06-2024 16:19:47.530Z;functions.check_payment_type;  REF. LANÇAMENTO: 953444
08-06-2024 16:19:47.655Z;functions.check_payment_type;  ENTRANDO NO REGISTRO
08-06-2024 16:19:53.414Z;functions.waitForImage;  INTEGRAÇÃO BANCÁRIA image found.
08-06-2024 16:19:55.531Z;functions.check_payment_type;  CLICA EM INTEGRAÇÃO BANCÁRIA
08-06-2024 16:19:55.531Z;functions.check_payment_type;  VERIFICANDO INFORMAÇÕES
08-06-2024 16:19:58.758Z;functions.waitForImage;  DADOS BANCARIOS image found.
08-06-2024 16:19:58.877Z;functions.check_payment_type;  DADOS BANCARIOS
08-06-2024 16:20:08.879Z;functions.check_payment_type;  ENTROU DADOS BANCÁRIOS
08-06-2024 16:20:08.982Z;functions.check_payment_type;  APERTA TAB
08-06-2024 16:20:11.304Z;functions.waitForImage;  PRESS BUTTON OK image found.
08-06-2024 16:20:13.438Z;functions.click_ok;  PRESS BUTTON OK
08-06-2024 16:20:17.648Z;functions.waitForImage;  PRESS BUTTON OK image found.
08-06-2024 16:20:19.781Z;functions.click_ok;  PRESS BUTTON OK
08-06-2024 16:20:21.886Z;functions.check_payment_type;  INCLUIDOS: 953444 REFERENCIAS NO PROCESSAMENTO
08-06-2024 16:20:23.989Z;functions.check_payment_type;  PASSANDO PARA PRÓXIMO REGISTRO
08-06-2024 16:20:30.093Z;functions.check_payment_type;  REF. LANÇAMENTO: 955091
08-06-2024 16:20:30.197Z;functions.check_payment_type;  ENTRANDO NO REGISTRO
08-06-2024 16:20:35.930Z;functions.waitForImage;  INTEGRAÇÃO BANCÁRIA image found.
08-06-2024 16:20:38.070Z;functions.check_payment_type;  CLICA EM INTEGRAÇÃO BANCÁRIA
08-06-2024 16:20:38.070Z;functions.check_payment_type;  VERIFICANDO INFORMAÇÕES
08-06-2024 16:20:41.289Z;functions.waitForImage;  DADOS BANCARIOS image found.
08-06-2024 16:20:41.407Z;functions.check_payment_type;  DADOS BANCARIOS
08-06-2024 16:20:51.410Z;functions.check_payment_type;  ENTROU DADOS BANCÁRIOS
08-06-2024 16:20:51.513Z;functions.check_payment_type;  APERTA TAB
08-06-2024 16:20:53.851Z;functions.waitForImage;  PRESS BUTTON OK image found.
08-06-2024 16:20:56.000Z;functions.click_ok;  PRESS BUTTON OK
08-06-2024 16:21:00.211Z;functions.waitForImage;  PRESS BUTTON OK image found.
08-06-2024 16:21:02.344Z;functions.click_ok;  PRESS BUTTON OK
08-06-2024 16:21:04.448Z;functions.check_payment_type;  INCLUIDOS: 955091 REFERENCIAS NO PROCESSAMENTO
08-06-2024 16:21:06.551Z;functions.check_payment_type;  PASSANDO PARA PRÓXIMO REGISTRO
08-06-2024 16:21:12.656Z;functions.check_payment_type;  REF. LANÇAMENTO: 959894
08-06-2024 16:21:12.761Z;functions.check_payment_type;  ENTRANDO NO REGISTRO
08-06-2024 16:21:18.523Z;functions.waitForImage;  INTEGRAÇÃO BANCÁRIA image found.
08-06-2024 16:21:20.656Z;functions.check_payment_type;  CLICA EM INTEGRAÇÃO BANCÁRIA
08-06-2024 16:21:20.656Z;functions.check_payment_type;  VERIFICANDO INFORMAÇÕES
08-06-2024 16:21:23.867Z;functions.waitForImage;  DADOS BANCARIOS image found.
08-06-2024 16:21:24.001Z;functions.check_payment_type;  DADOS BANCARIOS
08-06-2024 16:21:34.004Z;functions.check_payment_type;  ENTROU DADOS BANCÁRIOS
08-06-2024 16:21:34.107Z;functions.check_payment_type;  APERTA TAB
08-06-2024 16:21:36.429Z;functions.waitForImage;  PRESS BUTTON OK image found.
08-06-2024 16:21:38.562Z;functions.click_ok;  PRESS BUTTON OK
08-06-2024 16:21:42.773Z;functions.waitForImage;  PRESS BUTTON OK image found.
08-06-2024 16:21:44.906Z;functions.click_ok;  PRESS BUTTON OK
08-06-2024 16:21:47.013Z;functions.check_payment_type;  INCLUIDOS: 959894 REFERENCIAS NO PROCESSAMENTO
08-06-2024 16:21:49.116Z;functions.check_payment_type;  PASSANDO PARA PRÓXIMO REGISTRO
08-06-2024 16:21:55.235Z;functions.check_payment_type;  REF. LANÇAMENTO: 963366
08-06-2024 16:21:55.341Z;functions.check_payment_type;  ENTRANDO NO REGISTRO
08-06-2024 16:22:00.335Z;functions.waitForImage;  INTEGRAÇÃO BANCÁRIA image found.
08-06-2024 16:22:02.468Z;functions.check_payment_type;  CLICA EM INTEGRAÇÃO BANCÁRIA
08-06-2024 16:22:02.468Z;functions.check_payment_type;  VERIFICANDO INFORMAÇÕES
08-06-2024 16:22:05.694Z;functions.waitForImage;  DADOS BANCARIOS image found.
08-06-2024 16:22:05.815Z;functions.check_payment_type;  DADOS BANCARIOS
08-06-2024 16:22:15.818Z;functions.check_payment_type;  ENTROU DADOS BANCÁRIOS
08-06-2024 16:22:15.921Z;functions.check_payment_type;  APERTA TAB
08-06-2024 16:22:18.241Z;functions.waitForImage;  PRESS BUTTON OK image found.
08-06-2024 16:22:20.375Z;functions.click_ok;  PRESS BUTTON OK
08-06-2024 16:22:24.585Z;functions.waitForImage;  PRESS BUTTON OK image found.
08-06-2024 16:22:26.718Z;functions.click_ok;  PRESS BUTTON OK
08-06-2024 16:22:28.828Z;functions.check_payment_type;  INCLUIDOS: 963366 REFERENCIAS NO PROCESSAMENTO
08-06-2024 16:22:30.931Z;functions.check_payment_type;  PASSANDO PARA PRÓXIMO REGISTRO
08-06-2024 16:22:37.040Z;functions.check_payment_type;  REF. LANÇAMENTO: 962328
08-06-2024 16:22:37.145Z;functions.check_payment_type;  ENTRANDO NO REGISTRO
08-06-2024 16:22:42.757Z;functions.waitForImage;  INTEGRAÇÃO BANCÁRIA image found.
08-06-2024 16:22:44.874Z;functions.check_payment_type;  CLICA EM INTEGRAÇÃO BANCÁRIA
08-06-2024 16:22:44.898Z;functions.check_payment_type;  VERIFICANDO INFORMAÇÕES
08-06-2024 16:22:48.116Z;functions.waitForImage;  DADOS BANCARIOS image found.
08-06-2024 16:22:48.249Z;functions.check_payment_type;  DADOS BANCARIOS
08-06-2024 16:22:58.251Z;functions.check_payment_type;  ENTROU DADOS BANCÁRIOS
08-06-2024 16:22:58.353Z;functions.check_payment_type;  APERTA TAB
08-06-2024 16:23:00.679Z;functions.waitForImage;  PRESS BUTTON OK image found.
08-06-2024 16:23:02.812Z;functions.click_ok;  PRESS BUTTON OK
08-06-2024 16:23:07.007Z;functions.waitForImage;  PRESS BUTTON OK image found.
08-06-2024 16:23:09.127Z;functions.click_ok;  PRESS BUTTON OK
08-06-2024 16:23:11.243Z;functions.check_payment_type;  INCLUIDOS: 962328 REFERENCIAS NO PROCESSAMENTO
08-06-2024 16:23:13.348Z;functions.check_payment_type;  PASSANDO PARA PRÓXIMO REGISTRO
08-06-2024 16:23:19.453Z;functions.check_payment_type;  REF. LANÇAMENTO: 955284
08-06-2024 16:23:19.567Z;functions.check_payment_type;  ENTRANDO NO REGISTRO
08-06-2024 16:23:25.257Z;functions.waitForImage;  INTEGRAÇÃO BANCÁRIA image found.
08-06-2024 16:23:27.375Z;functions.check_payment_type;  CLICA EM INTEGRAÇÃO BANCÁRIA
08-06-2024 16:23:27.375Z;functions.check_payment_type;  VERIFICANDO INFORMAÇÕES
08-06-2024 16:23:30.585Z;functions.waitForImage;  DADOS BANCARIOS image found.
08-06-2024 16:23:30.719Z;functions.check_payment_type;  DADOS BANCARIOS
08-06-2024 16:23:40.721Z;functions.check_payment_type;  ENTROU DADOS BANCÁRIOS
08-06-2024 16:23:40.824Z;functions.check_payment_type;  APERTA TAB
08-06-2024 16:23:43.147Z;functions.waitForImage;  PRESS BUTTON OK image found.
08-06-2024 16:23:45.280Z;functions.click_ok;  PRESS BUTTON OK
08-06-2024 16:23:49.491Z;functions.waitForImage;  PRESS BUTTON OK image found.
08-06-2024 16:23:51.655Z;functions.click_ok;  PRESS BUTTON OK
08-06-2024 16:23:53.772Z;functions.check_payment_type;  INCLUIDOS: 955284 REFERENCIAS NO PROCESSAMENTO
08-06-2024 16:23:55.875Z;functions.check_payment_type;  PASSANDO PARA PRÓXIMO REGISTRO
08-06-2024 16:24:01.980Z;functions.check_payment_type;  REF. LANÇAMENTO: 961423
08-06-2024 16:24:02.086Z;functions.check_payment_type;  ENTRANDO NO REGISTRO
08-06-2024 16:24:07.851Z;functions.waitForImage;  INTEGRAÇÃO BANCÁRIA image found.
08-06-2024 16:24:09.968Z;functions.check_payment_type;  CLICA EM INTEGRAÇÃO BANCÁRIA
08-06-2024 16:24:09.968Z;functions.check_payment_type;  VERIFICANDO INFORMAÇÕES
08-06-2024 16:24:13.179Z;functions.waitForImage;  DADOS BANCARIOS image found.
08-06-2024 16:24:13.312Z;functions.check_payment_type;  DADOS BANCARIOS
08-06-2024 16:24:23.314Z;functions.check_payment_type;  ENTROU DADOS BANCÁRIOS
08-06-2024 16:24:23.417Z;functions.check_payment_type;  APERTA TAB
08-06-2024 16:24:25.757Z;functions.waitForImage;  PRESS BUTTON OK image found.
08-06-2024 16:24:27.874Z;functions.click_ok;  PRESS BUTTON OK
08-06-2024 16:24:32.085Z;functions.waitForImage;  PRESS BUTTON OK image found.
08-06-2024 16:24:34.218Z;functions.click_ok;  PRESS BUTTON OK
08-06-2024 16:24:36.323Z;functions.check_payment_type;  INCLUIDOS: 961423 REFERENCIAS NO PROCESSAMENTO
08-06-2024 16:24:38.426Z;functions.check_payment_type;  PASSANDO PARA PRÓXIMO REGISTRO
08-06-2024 16:24:44.530Z;functions.check_payment_type;  REF. LANÇAMENTO: 962840
08-06-2024 16:24:44.636Z;functions.check_payment_type;  ENTRANDO NO REGISTRO
08-06-2024 16:24:50.397Z;functions.waitForImage;  INTEGRAÇÃO BANCÁRIA image found.
08-06-2024 16:24:52.530Z;functions.check_payment_type;  CLICA EM INTEGRAÇÃO BANCÁRIA
08-06-2024 16:24:52.530Z;functions.check_payment_type;  VERIFICANDO INFORMAÇÕES
08-06-2024 16:24:55.741Z;functions.waitForImage;  DADOS BANCARIOS image found.
08-06-2024 16:24:55.878Z;functions.check_payment_type;  DADOS BANCARIOS
08-06-2024 16:25:05.880Z;functions.check_payment_type;  ENTROU DADOS BANCÁRIOS
08-06-2024 16:25:05.983Z;functions.check_payment_type;  APERTA TAB
08-06-2024 16:25:08.304Z;functions.waitForImage;  PRESS BUTTON OK image found.
08-06-2024 16:25:10.436Z;functions.click_ok;  PRESS BUTTON OK
08-06-2024 16:25:14.647Z;functions.waitForImage;  PRESS BUTTON OK image found.
08-06-2024 16:25:16.781Z;functions.click_ok;  PRESS BUTTON OK
08-06-2024 16:25:18.893Z;functions.check_payment_type;  INCLUIDOS: 962840 REFERENCIAS NO PROCESSAMENTO
08-06-2024 16:25:20.999Z;functions.check_payment_type;  PASSANDO PARA PRÓXIMO REGISTRO
08-06-2024 16:25:27.103Z;functions.check_payment_type;  REF. LANÇAMENTO: 957369
08-06-2024 16:25:27.208Z;functions.check_payment_type;  ENTRANDO NO REGISTRO
08-06-2024 16:25:32.835Z;functions.waitForImage;  INTEGRAÇÃO BANCÁRIA image found.
08-06-2024 16:25:34.968Z;functions.check_payment_type;  CLICA EM INTEGRAÇÃO BANCÁRIA
08-06-2024 16:25:34.968Z;functions.check_payment_type;  VERIFICANDO INFORMAÇÕES
08-06-2024 16:25:38.194Z;functions.waitForImage;  DADOS BANCARIOS image found.
08-06-2024 16:25:38.319Z;functions.check_payment_type;  DADOS BANCARIOS
08-06-2024 16:25:48.322Z;functions.check_payment_type;  ENTROU DADOS BANCÁRIOS
08-06-2024 16:25:48.425Z;functions.check_payment_type;  APERTA TAB
08-06-2024 16:25:50.741Z;functions.waitForImage;  PRESS BUTTON OK image found.
08-06-2024 16:25:52.874Z;functions.click_ok;  PRESS BUTTON OK
08-06-2024 16:25:57.085Z;functions.waitForImage;  PRESS BUTTON OK image found.
08-06-2024 16:25:59.218Z;functions.click_ok;  PRESS BUTTON OK
08-06-2024 16:26:01.324Z;functions.check_payment_type;  INCLUIDOS: 957369 REFERENCIAS NO PROCESSAMENTO
08-06-2024 16:26:03.428Z;functions.check_payment_type;  PASSANDO PARA PRÓXIMO REGISTRO
08-06-2024 16:26:09.532Z;functions.check_payment_type;  REF. LANÇAMENTO: 956612
08-06-2024 16:26:09.639Z;functions.check_payment_type;  ENTRANDO NO REGISTRO
08-06-2024 16:26:15.397Z;functions.waitForImage;  INTEGRAÇÃO BANCÁRIA image found.
08-06-2024 16:26:17.530Z;functions.check_payment_type;  CLICA EM INTEGRAÇÃO BANCÁRIA
08-06-2024 16:26:17.530Z;functions.check_payment_type;  VERIFICANDO INFORMAÇÕES
08-06-2024 16:26:20.756Z;functions.waitForImage;  DADOS BANCARIOS image found.
08-06-2024 16:26:20.874Z;functions.check_payment_type;  DADOS BANCARIOS
08-06-2024 16:26:30.876Z;functions.check_payment_type;  ENTROU DADOS BANCÁRIOS
08-06-2024 16:26:30.979Z;functions.check_payment_type;  APERTA TAB
08-06-2024 16:26:33.319Z;functions.waitForImage;  PRESS BUTTON OK image found.
08-06-2024 16:26:35.468Z;functions.click_ok;  PRESS BUTTON OK
08-06-2024 16:26:39.694Z;functions.waitForImage;  PRESS BUTTON OK image found.
08-06-2024 16:26:41.812Z;functions.click_ok;  PRESS BUTTON OK
08-06-2024 16:26:43.920Z;functions.check_payment_type;  INCLUIDOS: 956612 REFERENCIAS NO PROCESSAMENTO
08-06-2024 16:26:46.023Z;functions.check_payment_type;  PASSANDO PARA PRÓXIMO REGISTRO
08-06-2024 16:26:52.127Z;functions.check_payment_type;  REF. LANÇAMENTO: 962408
08-06-2024 16:26:52.232Z;functions.check_payment_type;  ENTRANDO NO REGISTRO
08-06-2024 16:26:57.991Z;functions.waitForImage;  INTEGRAÇÃO BANCÁRIA image found.
08-06-2024 16:27:00.126Z;functions.check_payment_type;  CLICA EM INTEGRAÇÃO BANCÁRIA
08-06-2024 16:27:00.126Z;functions.check_payment_type;  VERIFICANDO INFORMAÇÕES
08-06-2024 16:27:03.334Z;functions.waitForImage;  DADOS BANCARIOS image found.
08-06-2024 16:27:03.468Z;functions.check_payment_type;  DADOS BANCARIOS
08-06-2024 16:27:13.470Z;functions.check_payment_type;  ENTROU DADOS BANCÁRIOS
08-06-2024 16:27:13.574Z;functions.check_payment_type;  APERTA TAB
08-06-2024 16:27:15.897Z;functions.waitForImage;  PRESS BUTTON OK image found.
08-06-2024 16:27:18.030Z;functions.click_ok;  PRESS BUTTON OK
08-06-2024 16:27:22.256Z;functions.waitForImage;  PRESS BUTTON OK image found.
08-06-2024 16:27:24.374Z;functions.click_ok;  PRESS BUTTON OK
08-06-2024 16:27:26.479Z;functions.check_payment_type;  INCLUIDOS: 962408 REFERENCIAS NO PROCESSAMENTO
08-06-2024 16:27:28.583Z;functions.check_payment_type;  PASSANDO PARA PRÓXIMO REGISTRO
08-06-2024 16:27:34.687Z;functions.check_payment_type;  REF. LANÇAMENTO: 962433
08-06-2024 16:27:34.795Z;functions.check_payment_type;  ENTRANDO NO REGISTRO
08-06-2024 16:27:40.444Z;functions.waitForImage;  INTEGRAÇÃO BANCÁRIA image found.
08-06-2024 16:27:42.561Z;functions.check_payment_type;  CLICA EM INTEGRAÇÃO BANCÁRIA
08-06-2024 16:27:42.561Z;functions.check_payment_type;  VERIFICANDO INFORMAÇÕES
08-06-2024 16:27:45.787Z;functions.waitForImage;  DADOS BANCARIOS image found.
08-06-2024 16:27:45.905Z;functions.check_payment_type;  DADOS BANCARIOS
08-06-2024 16:27:55.908Z;functions.check_payment_type;  ENTROU DADOS BANCÁRIOS
08-06-2024 16:27:56.011Z;functions.check_payment_type;  APERTA TAB
08-06-2024 16:27:58.334Z;functions.waitForImage;  PRESS BUTTON OK image found.
08-06-2024 16:28:00.468Z;functions.click_ok;  PRESS BUTTON OK
08-06-2024 16:28:04.678Z;functions.waitForImage;  PRESS BUTTON OK image found.
08-06-2024 16:28:06.811Z;functions.click_ok;  PRESS BUTTON OK
08-06-2024 16:28:08.921Z;functions.check_payment_type;  INCLUIDOS: 962433 REFERENCIAS NO PROCESSAMENTO
08-06-2024 16:28:11.025Z;functions.check_payment_type;  PASSANDO PARA PRÓXIMO REGISTRO
08-06-2024 16:28:17.131Z;functions.check_payment_type;  REF. LANÇAMENTO: 962438
08-06-2024 16:28:17.236Z;functions.check_payment_type;  ENTRANDO NO REGISTRO
08-06-2024 16:28:22.944Z;functions.waitForImage;  INTEGRAÇÃO BANCÁRIA image found.
08-06-2024 16:28:25.061Z;functions.check_payment_type;  CLICA EM INTEGRAÇÃO BANCÁRIA
08-06-2024 16:28:25.061Z;functions.check_payment_type;  VERIFICANDO INFORMAÇÕES
08-06-2024 16:28:28.287Z;functions.waitForImage;  DADOS BANCARIOS image found.
08-06-2024 16:28:28.406Z;functions.check_payment_type;  DADOS BANCARIOS
08-06-2024 16:28:38.409Z;functions.check_payment_type;  ENTROU DADOS BANCÁRIOS
08-06-2024 16:28:38.512Z;functions.check_payment_type;  APERTA TAB
08-06-2024 16:28:40.850Z;functions.waitForImage;  PRESS BUTTON OK image found.
08-06-2024 16:28:42.967Z;functions.click_ok;  PRESS BUTTON OK
08-06-2024 16:28:47.193Z;functions.waitForImage;  PRESS BUTTON OK image found.
08-06-2024 16:28:49.310Z;functions.click_ok;  PRESS BUTTON OK
08-06-2024 16:28:51.414Z;functions.check_payment_type;  INCLUIDOS: 962438 REFERENCIAS NO PROCESSAMENTO
08-06-2024 16:28:53.517Z;functions.check_payment_type;  PASSANDO PARA PRÓXIMO REGISTRO
08-06-2024 16:28:59.621Z;functions.check_payment_type;  REF. LANÇAMENTO: 962443
08-06-2024 16:28:59.726Z;functions.check_payment_type;  ENTRANDO NO REGISTRO
08-06-2024 16:29:05.428Z;functions.waitForImage;  INTEGRAÇÃO BANCÁRIA image found.
08-06-2024 16:29:07.561Z;functions.check_payment_type;  CLICA EM INTEGRAÇÃO BANCÁRIA
08-06-2024 16:29:07.561Z;functions.check_payment_type;  VERIFICANDO INFORMAÇÕES
08-06-2024 16:29:10.787Z;functions.waitForImage;  DADOS BANCARIOS image found.
08-06-2024 16:29:10.904Z;functions.check_payment_type;  DADOS BANCARIOS
08-06-2024 16:29:20.910Z;functions.check_payment_type;  ENTROU DADOS BANCÁRIOS
08-06-2024 16:29:21.022Z;functions.check_payment_type;  APERTA TAB
08-06-2024 16:29:23.365Z;functions.waitForImage;  PRESS BUTTON OK image found.
08-06-2024 16:29:25.498Z;functions.click_ok;  PRESS BUTTON OK
08-06-2024 16:29:29.709Z;functions.waitForImage;  PRESS BUTTON OK image found.
08-06-2024 16:29:31.843Z;functions.click_ok;  PRESS BUTTON OK
08-06-2024 16:29:33.949Z;functions.check_payment_type;  INCLUIDOS: 962443 REFERENCIAS NO PROCESSAMENTO
08-06-2024 16:29:36.053Z;functions.check_payment_type;  PASSANDO PARA PRÓXIMO REGISTRO
08-06-2024 16:29:42.162Z;functions.check_payment_type;  REF. LANÇAMENTO: 962450
08-06-2024 16:29:42.267Z;functions.check_payment_type;  ENTRANDO NO REGISTRO
08-06-2024 16:29:48.037Z;functions.waitForImage;  INTEGRAÇÃO BANCÁRIA image found.
08-06-2024 16:29:50.155Z;functions.check_payment_type;  CLICA EM INTEGRAÇÃO BANCÁRIA
08-06-2024 16:29:50.155Z;functions.check_payment_type;  VERIFICANDO INFORMAÇÕES
08-06-2024 16:29:53.365Z;functions.waitForImage;  DADOS BANCARIOS image found.
08-06-2024 16:29:53.504Z;functions.check_payment_type;  DADOS BANCARIOS
08-06-2024 16:30:03.507Z;functions.check_payment_type;  ENTROU DADOS BANCÁRIOS
08-06-2024 16:30:03.610Z;functions.check_payment_type;  APERTA TAB
08-06-2024 16:30:05.849Z;functions.waitForImage;  PRESS BUTTON OK image found.
08-06-2024 16:30:07.967Z;functions.click_ok;  PRESS BUTTON OK
08-06-2024 16:30:12.177Z;functions.waitForImage;  PRESS BUTTON OK image found.
08-06-2024 16:30:14.311Z;functions.click_ok;  PRESS BUTTON OK
08-06-2024 16:30:16.418Z;functions.check_payment_type;  INCLUIDOS: 962450 REFERENCIAS NO PROCESSAMENTO
08-06-2024 16:30:18.522Z;functions.check_payment_type;  PASSANDO PARA PRÓXIMO REGISTRO
08-06-2024 16:30:24.627Z;functions.check_payment_type;  REF. LANÇAMENTO: 962804
08-06-2024 16:30:24.739Z;functions.check_payment_type;  ENTRANDO NO REGISTRO
08-06-2024 16:30:29.709Z;functions.waitForImage;  INTEGRAÇÃO BANCÁRIA image found.
08-06-2024 16:30:31.842Z;functions.check_payment_type;  CLICA EM INTEGRAÇÃO BANCÁRIA
08-06-2024 16:30:31.842Z;functions.check_payment_type;  VERIFICANDO INFORMAÇÕES
08-06-2024 16:30:35.053Z;functions.waitForImage;  DADOS BANCARIOS image found.
08-06-2024 16:30:35.186Z;functions.check_payment_type;  DADOS BANCARIOS
08-06-2024 16:30:45.188Z;functions.check_payment_type;  ENTROU DADOS BANCÁRIOS
08-06-2024 16:30:45.292Z;functions.check_payment_type;  APERTA TAB
08-06-2024 16:30:47.584Z;functions.waitForImage;  PRESS BUTTON OK image found.
08-06-2024 16:30:49.717Z;functions.click_ok;  PRESS BUTTON OK
08-06-2024 16:30:53.927Z;functions.waitForImage;  PRESS BUTTON OK image found.
08-06-2024 16:30:56.060Z;functions.click_ok;  PRESS BUTTON OK
08-06-2024 16:30:58.164Z;functions.check_payment_type;  INCLUIDOS: 962804 REFERENCIAS NO PROCESSAMENTO
08-06-2024 16:31:00.267Z;functions.check_payment_type;  PASSANDO PARA PRÓXIMO REGISTRO
08-06-2024 16:31:06.372Z;functions.check_payment_type;  REF. LANÇAMENTO: 959070
08-06-2024 16:31:06.476Z;functions.check_payment_type;  ENTRANDO NO REGISTRO
08-06-2024 16:31:12.209Z;functions.waitForImage;  INTEGRAÇÃO BANCÁRIA image found.
08-06-2024 16:31:14.342Z;functions.check_payment_type;  CLICA EM INTEGRAÇÃO BANCÁRIA
08-06-2024 16:31:14.342Z;functions.check_payment_type;  VERIFICANDO INFORMAÇÕES
08-06-2024 16:31:17.552Z;functions.waitForImage;  DADOS BANCARIOS image found.
08-06-2024 16:31:17.686Z;functions.check_payment_type;  DADOS BANCARIOS
08-06-2024 16:31:27.688Z;functions.check_payment_type;  ENTROU DADOS BANCÁRIOS
08-06-2024 16:31:27.792Z;functions.check_payment_type;  APERTA TAB
08-06-2024 16:31:30.146Z;functions.waitForImage;  PRESS BUTTON OK image found.
08-06-2024 16:31:32.279Z;functions.click_ok;  PRESS BUTTON OK
08-06-2024 16:31:36.490Z;functions.waitForImage;  PRESS BUTTON OK image found.
08-06-2024 16:31:38.624Z;functions.click_ok;  PRESS BUTTON OK
08-06-2024 16:31:40.728Z;functions.check_payment_type;  INCLUIDOS: 959070 REFERENCIAS NO PROCESSAMENTO
08-06-2024 16:31:42.833Z;functions.check_payment_type;  PASSANDO PARA PRÓXIMO REGISTRO
08-06-2024 16:31:48.938Z;functions.check_payment_type;  REF. LANÇAMENTO: 954181
08-06-2024 16:31:49.043Z;functions.check_payment_type;  ENTRANDO NO REGISTRO
08-06-2024 16:31:54.755Z;functions.waitForImage;  INTEGRAÇÃO BANCÁRIA image found.
08-06-2024 16:31:56.875Z;functions.check_payment_type;  CLICA EM INTEGRAÇÃO BANCÁRIA
08-06-2024 16:31:56.877Z;functions.check_payment_type;  VERIFICANDO INFORMAÇÕES
08-06-2024 16:32:00.099Z;functions.waitForImage;  DADOS BANCARIOS image found.
08-06-2024 16:32:00.218Z;functions.check_payment_type;  DADOS BANCARIOS
08-06-2024 16:32:10.220Z;functions.check_payment_type;  ENTROU DADOS BANCÁRIOS
08-06-2024 16:32:10.325Z;functions.check_payment_type;  APERTA TAB
08-06-2024 16:32:12.646Z;functions.waitForImage;  PRESS BUTTON OK image found.
08-06-2024 16:32:14.782Z;functions.click_ok;  PRESS BUTTON OK
08-06-2024 16:32:18.990Z;functions.waitForImage;  PRESS BUTTON OK image found.
08-06-2024 16:32:21.123Z;functions.click_ok;  PRESS BUTTON OK
08-06-2024 16:32:23.240Z;functions.check_payment_type;  INCLUIDOS: 954181 REFERENCIAS NO PROCESSAMENTO
08-06-2024 16:32:25.343Z;functions.check_payment_type;  PASSANDO PARA PRÓXIMO REGISTRO
08-06-2024 16:32:31.447Z;functions.check_payment_type;  REF. LANÇAMENTO: 955408
08-06-2024 16:32:31.552Z;functions.check_payment_type;  ENTRANDO NO REGISTRO
08-06-2024 16:32:37.380Z;functions.waitForImage;  INTEGRAÇÃO BANCÁRIA image found.
08-06-2024 16:32:39.498Z;functions.check_payment_type;  CLICA EM INTEGRAÇÃO BANCÁRIA
08-06-2024 16:32:39.498Z;functions.check_payment_type;  VERIFICANDO INFORMAÇÕES
08-06-2024 16:32:42.708Z;functions.waitForImage;  DADOS BANCARIOS image found.
08-06-2024 16:32:42.843Z;functions.check_payment_type;  DADOS BANCARIOS
08-06-2024 16:32:52.847Z;functions.check_payment_type;  ENTROU DADOS BANCÁRIOS
08-06-2024 16:32:52.950Z;functions.check_payment_type;  APERTA TAB
08-06-2024 16:32:55.287Z;functions.waitForImage;  PRESS BUTTON OK image found.
08-06-2024 16:32:57.435Z;functions.click_ok;  PRESS BUTTON OK
08-06-2024 16:33:01.665Z;functions.waitForImage;  PRESS BUTTON OK image found.
08-06-2024 16:33:03.779Z;functions.click_ok;  PRESS BUTTON OK
08-06-2024 16:33:05.884Z;functions.check_payment_type;  INCLUIDOS: 955408 REFERENCIAS NO PROCESSAMENTO
08-06-2024 16:33:07.986Z;functions.check_payment_type;  PASSANDO PARA PRÓXIMO REGISTRO
08-06-2024 16:33:14.091Z;functions.check_payment_type;  REF. LANÇAMENTO: 962558
08-06-2024 16:33:14.200Z;functions.check_payment_type;  ENTRANDO NO REGISTRO
08-06-2024 16:33:19.239Z;functions.waitForImage;  INTEGRAÇÃO BANCÁRIA image found.
08-06-2024 16:33:21.373Z;functions.check_payment_type;  CLICA EM INTEGRAÇÃO BANCÁRIA
08-06-2024 16:33:21.373Z;functions.check_payment_type;  VERIFICANDO INFORMAÇÕES
08-06-2024 16:33:24.599Z;functions.waitForImage;  DADOS BANCARIOS image found.
08-06-2024 16:33:24.716Z;functions.check_payment_type;  DADOS BANCARIOS
08-06-2024 16:33:34.720Z;functions.check_payment_type;  ENTROU DADOS BANCÁRIOS
08-06-2024 16:33:34.823Z;functions.check_payment_type;  APERTA TAB
08-06-2024 16:33:37.146Z;functions.waitForImage;  PRESS BUTTON OK image found.
08-06-2024 16:33:39.280Z;functions.click_ok;  PRESS BUTTON OK
08-06-2024 16:33:43.490Z;functions.waitForImage;  PRESS BUTTON OK image found.
08-06-2024 16:33:45.629Z;functions.click_ok;  PRESS BUTTON OK
08-06-2024 16:33:47.740Z;functions.check_payment_type;  INCLUIDOS: 962558 REFERENCIAS NO PROCESSAMENTO
08-06-2024 16:33:49.849Z;functions.check_payment_type;  PASSANDO PARA PRÓXIMO REGISTRO
08-06-2024 16:33:55.952Z;functions.check_payment_type;  REF. LANÇAMENTO: 962814
08-06-2024 16:33:56.058Z;functions.check_payment_type;  ENTRANDO NO REGISTRO
08-06-2024 16:34:01.830Z;functions.waitForImage;  INTEGRAÇÃO BANCÁRIA image found.
08-06-2024 16:34:03.935Z;functions.check_payment_type;  CLICA EM INTEGRAÇÃO BANCÁRIA
08-06-2024 16:34:03.935Z;functions.check_payment_type;  VERIFICANDO INFORMAÇÕES
08-06-2024 16:34:07.146Z;functions.waitForImage;  DADOS BANCARIOS image found.
08-06-2024 16:34:07.279Z;functions.check_payment_type;  DADOS BANCARIOS
08-06-2024 16:34:17.281Z;functions.check_payment_type;  ENTROU DADOS BANCÁRIOS
08-06-2024 16:34:17.384Z;functions.check_payment_type;  APERTA TAB
08-06-2024 16:34:19.724Z;functions.waitForImage;  PRESS BUTTON OK image found.
08-06-2024 16:34:21.844Z;functions.click_ok;  PRESS BUTTON OK
08-06-2024 16:34:26.052Z;functions.waitForImage;  PRESS BUTTON OK image found.
08-06-2024 16:34:28.185Z;functions.click_ok;  PRESS BUTTON OK
08-06-2024 16:34:30.290Z;functions.check_payment_type;  INCLUIDOS: 962814 REFERENCIAS NO PROCESSAMENTO
08-06-2024 16:34:32.393Z;functions.check_payment_type;  PASSANDO PARA PRÓXIMO REGISTRO
08-06-2024 16:34:38.498Z;functions.check_payment_type;  REF. LANÇAMENTO: 963301
08-06-2024 16:34:38.603Z;functions.check_payment_type;  ENTRANDO NO REGISTRO
08-06-2024 16:34:43.458Z;functions.waitForImage;  INTEGRAÇÃO BANCÁRIA image found.
08-06-2024 16:34:45.591Z;functions.check_payment_type;  CLICA EM INTEGRAÇÃO BANCÁRIA
08-06-2024 16:34:45.591Z;functions.check_payment_type;  VERIFICANDO INFORMAÇÕES
08-06-2024 16:34:48.802Z;functions.waitForImage;  DADOS BANCARIOS image found.
08-06-2024 16:34:48.934Z;functions.check_payment_type;  DADOS BANCARIOS
08-06-2024 16:34:58.937Z;functions.check_payment_type;  ENTROU DADOS BANCÁRIOS
08-06-2024 16:34:59.041Z;functions.check_payment_type;  APERTA TAB
08-06-2024 16:35:01.364Z;functions.waitForImage;  PRESS BUTTON OK image found.
08-06-2024 16:35:03.498Z;functions.click_ok;  PRESS BUTTON OK
08-06-2024 16:35:07.708Z;functions.waitForImage;  PRESS BUTTON OK image found.
08-06-2024 16:35:09.841Z;functions.click_ok;  PRESS BUTTON OK
08-06-2024 16:35:11.947Z;functions.check_payment_type;  INCLUIDOS: 963301 REFERENCIAS NO PROCESSAMENTO
08-06-2024 16:35:14.050Z;functions.check_payment_type;  PASSANDO PARA PRÓXIMO REGISTRO
08-06-2024 16:35:20.169Z;functions.check_payment_type;  REF. LANÇAMENTO: 959060
08-06-2024 16:35:20.274Z;functions.check_payment_type;  ENTRANDO NO REGISTRO
08-06-2024 16:35:25.911Z;functions.waitForImage;  INTEGRAÇÃO BANCÁRIA image found.
08-06-2024 16:35:28.029Z;functions.check_payment_type;  CLICA EM INTEGRAÇÃO BANCÁRIA
08-06-2024 16:35:28.029Z;functions.check_payment_type;  VERIFICANDO INFORMAÇÕES
08-06-2024 16:35:31.271Z;functions.waitForImage;  DADOS BANCARIOS image found.
08-06-2024 16:35:31.404Z;functions.check_payment_type;  DADOS BANCARIOS
08-06-2024 16:35:41.406Z;functions.check_payment_type;  ENTROU DADOS BANCÁRIOS
08-06-2024 16:35:41.510Z;functions.check_payment_type;  APERTA TAB
08-06-2024 16:35:43.849Z;functions.waitForImage;  PRESS BUTTON OK image found.
08-06-2024 16:35:45.966Z;functions.click_ok;  PRESS BUTTON OK
08-06-2024 16:35:50.177Z;functions.waitForImage;  PRESS BUTTON OK image found.
08-06-2024 16:35:52.310Z;functions.click_ok;  PRESS BUTTON OK
08-06-2024 16:35:54.417Z;functions.check_payment_type;  INCLUIDOS: 959060 REFERENCIAS NO PROCESSAMENTO
08-06-2024 16:35:56.521Z;functions.check_payment_type;  PASSANDO PARA PRÓXIMO REGISTRO
08-06-2024 16:36:02.628Z;functions.check_payment_type;  REF. LANÇAMENTO: 958817
08-06-2024 16:36:02.732Z;functions.check_payment_type;  ENTRANDO NO REGISTRO
08-06-2024 16:36:08.473Z;functions.waitForImage;  INTEGRAÇÃO BANCÁRIA image found.
08-06-2024 16:36:10.592Z;functions.check_payment_type;  CLICA EM INTEGRAÇÃO BANCÁRIA
08-06-2024 16:36:10.592Z;functions.check_payment_type;  VERIFICANDO INFORMAÇÕES
08-06-2024 16:36:13.802Z;functions.waitForImage;  DADOS BANCARIOS image found.
08-06-2024 16:36:13.938Z;functions.check_payment_type;  DADOS BANCARIOS
08-06-2024 16:36:23.940Z;functions.check_payment_type;  ENTROU DADOS BANCÁRIOS
08-06-2024 16:36:24.043Z;functions.check_payment_type;  APERTA TAB
08-06-2024 16:36:26.364Z;functions.waitForImage;  PRESS BUTTON OK image found.
08-06-2024 16:36:28.502Z;functions.click_ok;  PRESS BUTTON OK
08-06-2024 16:36:32.724Z;functions.waitForImage;  PRESS BUTTON OK image found.
08-06-2024 16:36:34.841Z;functions.click_ok;  PRESS BUTTON OK
08-06-2024 16:36:36.945Z;functions.check_payment_type;  INCLUIDOS: 958817 REFERENCIAS NO PROCESSAMENTO
08-06-2024 16:36:39.048Z;functions.check_payment_type;  PASSANDO PARA PRÓXIMO REGISTRO
08-06-2024 16:36:45.153Z;functions.check_payment_type;  REF. LANÇAMENTO: 959154
08-06-2024 16:36:45.263Z;functions.check_payment_type;  ENTRANDO NO REGISTRO
08-06-2024 16:36:50.958Z;functions.waitForImage;  INTEGRAÇÃO BANCÁRIA image found.
08-06-2024 16:36:53.090Z;functions.check_payment_type;  CLICA EM INTEGRAÇÃO BANCÁRIA
08-06-2024 16:36:53.090Z;functions.check_payment_type;  VERIFICANDO INFORMAÇÕES
08-06-2024 16:36:56.301Z;functions.waitForImage;  DADOS BANCARIOS image found.
08-06-2024 16:36:56.434Z;functions.check_payment_type;  DADOS BANCARIOS
08-06-2024 16:37:06.436Z;functions.check_payment_type;  ENTROU DADOS BANCÁRIOS
08-06-2024 16:37:06.539Z;functions.check_payment_type;  APERTA TAB
08-06-2024 16:37:08.880Z;functions.waitForImage;  PRESS BUTTON OK image found.
08-06-2024 16:37:10.997Z;functions.click_ok;  PRESS BUTTON OK
08-06-2024 16:37:15.208Z;functions.waitForImage;  PRESS BUTTON OK image found.
08-06-2024 16:37:17.340Z;functions.click_ok;  PRESS BUTTON OK
08-06-2024 16:37:19.445Z;functions.check_payment_type;  INCLUIDOS: 959154 REFERENCIAS NO PROCESSAMENTO
08-06-2024 16:37:21.548Z;functions.check_payment_type;  PASSANDO PARA PRÓXIMO REGISTRO
08-06-2024 16:37:27.653Z;functions.check_payment_type;  REF. LANÇAMENTO: 956174
08-06-2024 16:37:27.758Z;functions.check_payment_type;  ENTRANDO NO REGISTRO
08-06-2024 16:37:33.520Z;functions.waitForImage;  INTEGRAÇÃO BANCÁRIA image found.
08-06-2024 16:37:35.653Z;functions.check_payment_type;  CLICA EM INTEGRAÇÃO BANCÁRIA
08-06-2024 16:37:35.653Z;functions.check_payment_type;  VERIFICANDO INFORMAÇÕES
08-06-2024 16:37:38.880Z;functions.waitForImage;  DADOS BANCARIOS image found.
08-06-2024 16:37:38.998Z;functions.check_payment_type;  DADOS BANCARIOS
08-06-2024 16:37:49.000Z;functions.check_payment_type;  ENTROU DADOS BANCÁRIOS
08-06-2024 16:37:49.104Z;functions.check_payment_type;  APERTA TAB
08-06-2024 16:37:51.426Z;functions.waitForImage;  PRESS BUTTON OK image found.
08-06-2024 16:37:53.559Z;functions.click_ok;  PRESS BUTTON OK
08-06-2024 16:37:57.801Z;functions.waitForImage;  PRESS BUTTON OK image found.
08-06-2024 16:37:59.934Z;functions.click_ok;  PRESS BUTTON OK
08-06-2024 16:38:02.042Z;functions.check_payment_type;  INCLUIDOS: 956174 REFERENCIAS NO PROCESSAMENTO
08-06-2024 16:38:04.145Z;functions.check_payment_type;  PASSANDO PARA PRÓXIMO REGISTRO
08-06-2024 16:38:10.250Z;functions.check_payment_type;  REF. LANÇAMENTO: 955996
08-06-2024 16:38:10.363Z;functions.check_payment_type;  ENTRANDO NO REGISTRO
08-06-2024 16:38:16.114Z;functions.waitForImage;  INTEGRAÇÃO BANCÁRIA image found.
08-06-2024 16:38:18.247Z;functions.check_payment_type;  CLICA EM INTEGRAÇÃO BANCÁRIA
08-06-2024 16:38:18.247Z;functions.check_payment_type;  VERIFICANDO INFORMAÇÕES
08-06-2024 16:38:21.473Z;functions.waitForImage;  DADOS BANCARIOS image found.
08-06-2024 16:38:21.594Z;functions.check_payment_type;  DADOS BANCARIOS
08-06-2024 16:38:31.597Z;functions.check_payment_type;  ENTROU DADOS BANCÁRIOS
08-06-2024 16:38:31.700Z;functions.check_payment_type;  APERTA TAB
08-06-2024 16:38:34.020Z;functions.waitForImage;  PRESS BUTTON OK image found.
08-06-2024 16:38:36.154Z;functions.click_ok;  PRESS BUTTON OK
08-06-2024 16:38:40.364Z;functions.waitForImage;  PRESS BUTTON OK image found.
08-06-2024 16:38:42.497Z;functions.click_ok;  PRESS BUTTON OK
08-06-2024 16:38:44.601Z;functions.check_payment_type;  INCLUIDOS: 955996 REFERENCIAS NO PROCESSAMENTO
08-06-2024 16:38:46.705Z;functions.check_payment_type;  PASSANDO PARA PRÓXIMO REGISTRO
08-06-2024 16:38:52.809Z;functions.check_payment_type;  REF. LANÇAMENTO: 955084
08-06-2024 16:38:52.920Z;functions.check_payment_type;  ENTRANDO NO REGISTRO
08-06-2024 16:38:57.895Z;functions.waitForImage;  INTEGRAÇÃO BANCÁRIA image found.
08-06-2024 16:39:00.028Z;functions.check_payment_type;  CLICA EM INTEGRAÇÃO BANCÁRIA
08-06-2024 16:39:00.028Z;functions.check_payment_type;  VERIFICANDO INFORMAÇÕES
08-06-2024 16:39:03.254Z;functions.waitForImage;  DADOS BANCARIOS image found.
08-06-2024 16:39:03.372Z;functions.check_payment_type;  DADOS BANCARIOS
08-06-2024 16:39:13.375Z;functions.check_payment_type;  ENTROU DADOS BANCÁRIOS
08-06-2024 16:39:13.477Z;functions.check_payment_type;  APERTA TAB
08-06-2024 16:39:15.801Z;functions.waitForImage;  PRESS BUTTON OK image found.
08-06-2024 16:39:17.935Z;functions.click_ok;  PRESS BUTTON OK
08-06-2024 16:39:22.145Z;functions.waitForImage;  PRESS BUTTON OK image found.
08-06-2024 16:39:24.278Z;functions.click_ok;  PRESS BUTTON OK
08-06-2024 16:39:26.382Z;functions.check_payment_type;  INCLUIDOS: 955084 REFERENCIAS NO PROCESSAMENTO
08-06-2024 16:39:28.485Z;functions.check_payment_type;  PASSANDO PARA PRÓXIMO REGISTRO
08-06-2024 16:39:34.591Z;functions.check_payment_type;  REF. LANÇAMENTO: 956242
08-06-2024 16:39:34.696Z;functions.check_payment_type;  ENTRANDO NO REGISTRO
08-06-2024 16:39:40.441Z;functions.waitForImage;  INTEGRAÇÃO BANCÁRIA image found.
08-06-2024 16:39:42.560Z;functions.check_payment_type;  CLICA EM INTEGRAÇÃO BANCÁRIA
08-06-2024 16:39:42.560Z;functions.check_payment_type;  VERIFICANDO INFORMAÇÕES
08-06-2024 16:39:45.785Z;functions.waitForImage;  DADOS BANCARIOS image found.
08-06-2024 16:39:45.903Z;functions.check_payment_type;  DADOS BANCARIOS
08-06-2024 16:39:55.906Z;functions.check_payment_type;  ENTROU DADOS BANCÁRIOS
08-06-2024 16:39:56.009Z;functions.check_payment_type;  APERTA TAB
08-06-2024 16:39:58.348Z;functions.waitForImage;  PRESS BUTTON OK image found.
08-06-2024 16:40:00.465Z;functions.click_ok;  PRESS BUTTON OK
08-06-2024 16:40:04.676Z;functions.waitForImage;  PRESS BUTTON OK image found.
08-06-2024 16:40:06.810Z;functions.click_ok;  PRESS BUTTON OK
08-06-2024 16:40:08.918Z;functions.check_payment_type;  INCLUIDOS: 956242 REFERENCIAS NO PROCESSAMENTO
08-06-2024 16:40:11.021Z;functions.check_payment_type;  PASSANDO PARA PRÓXIMO REGISTRO
08-06-2024 16:40:17.125Z;functions.check_payment_type;  REF. LANÇAMENTO: 960474
08-06-2024 16:40:17.228Z;functions.check_payment_type;  ENTRANDO NO REGISTRO
08-06-2024 16:40:22.941Z;functions.waitForImage;  INTEGRAÇÃO BANCÁRIA image found.
08-06-2024 16:40:25.062Z;functions.check_payment_type;  CLICA EM INTEGRAÇÃO BANCÁRIA
08-06-2024 16:40:25.062Z;functions.check_payment_type;  VERIFICANDO INFORMAÇÕES
08-06-2024 16:40:28.301Z;functions.waitForImage;  DADOS BANCARIOS image found.
08-06-2024 16:40:28.434Z;functions.check_payment_type;  DADOS BANCARIOS
08-06-2024 16:40:38.437Z;functions.check_payment_type;  ENTROU DADOS BANCÁRIOS
08-06-2024 16:40:38.540Z;functions.check_payment_type;  APERTA TAB
08-06-2024 16:40:40.863Z;functions.waitForImage;  PRESS BUTTON OK image found.
08-06-2024 16:40:42.997Z;functions.click_ok;  PRESS BUTTON OK
08-06-2024 16:40:47.207Z;functions.waitForImage;  PRESS BUTTON OK image found.
08-06-2024 16:40:49.340Z;functions.click_ok;  PRESS BUTTON OK
08-06-2024 16:40:51.445Z;functions.check_payment_type;  INCLUIDOS: 960474 REFERENCIAS NO PROCESSAMENTO
08-06-2024 16:40:51.445Z;functions.check_payment_type;  FORAM INCLUIDOS: 50 REFERENCIAS NO PROCESSAMENTO
08-06-2024 16:40:57.019Z;functions.process_lancamentos;  CLICA PARA APARECER CONTA/CAIXA
08-06-2024 16:40:58.336Z;functions.process_lancamentos;  SELECIONA CONTA/CAIXA
08-06-2024 16:40:59.957Z;functions.process_lancamentos;  CLICA NO BOTÃO [...]
08-06-2024 16:41:05.066Z;functions.process_lancamentos;  CLICA NO CAMPO PESQUISA E DIGITA: %3212
08-06-2024 16:41:06.426Z;functions.process_lancamentos;  CLICA NO BOTÃO DO FILTRO
08-06-2024 16:41:07.801Z;functions.process_lancamentos;  CLICA NO BOTÃO OK
08-06-2024 16:41:08.957Z;functions.process_lancamentos;  CLICA NO BOTÃO EXECUTAR
08-06-2024 16:41:33.410Z;functions.waitForImage;  PRESS BUTTON OK image found.
08-06-2024 16:41:35.417Z;functions.process_lancamentos;  O PROCESSAMENTO FOI EXECUTADO COM SUCESSO.
08-06-2024 16:41:43.198Z;functions.process_lancamentos;  ERRO: Lançamento Ref. 936199: Convênio alterado para o convênio default '7' da conta Caixa '02675-5' .
Lançamento Ref. 937475: Convênio alterado para o convênio default '7' da conta Caixa '02675-5' .
Lançamento Ref. 947928: Convênio alterado para o convênio default '7' da conta Caixa '02675-5' .
Lançamento Ref. 953198: Convênio alterado para o convênio default '7' da conta Caixa '02675-5' .
Lançamento Ref. 953222: Convênio alterado para o convênio default '7' da conta Caixa '02675-5' .
Lançamento Ref. 953444: Convênio alterado para o convênio default '7' da conta Caixa '02675-5' .
Lançamento Ref. 953453: Convênio alterado para o convênio default '7' da conta Caixa '02675-5' .
Lançamento Ref. 954181: Convênio alterado para o convênio default '7' da conta Caixa '02675-5' .
Lançamento Ref. 954307: Convênio alterado para o convênio default '7' da conta Caixa '02675-5' .
Lançamento Ref. 954497: Convênio alterado para o convênio default '7' da conta Caixa '02675-5' .
Lançamento Ref. 954722: Convênio alterado para o convênio default '7' da conta Caixa '02675-5' .
Lançamento Ref. 954727: Convênio alterado para o convênio default '7' da conta Caixa '02675-5' .
Lançamento Ref. 955084: Convênio alterado para o convênio default '7' da conta Caixa '02675-5' .
Lançamento Ref. 955091: Convênio alterado para o convênio default '7' da conta Caixa '02675-5' .
Lançamento Ref. 955284: Convênio alterado para o convênio default '7' da conta Caixa '02675-5' .
Lançamento Ref. 955379: Convênio alterado para o convênio default '7' da conta Caixa '02675-5' .
Lançamento Ref. 955408: Convênio alterado para o convênio default '7' da conta Caixa '02675-5' .
Lançamento Ref. 955802: Convênio alterado para o convênio default '7' da conta Caixa '02675-5' .
Lançamento Ref. 955996: Convênio alterado para o convênio default '7' da conta Caixa '02675-5' .
Lançamento Ref. 956021: Convênio alterado para o convênio default '7' da conta Caixa '02675-5' .
Lançamento Ref. 956174: Convênio alterado para o convênio default '7' da conta Caixa '02675-5' .
Lançamento Ref. 956175: Convênio alterado para o convênio default '7' da conta Caixa '02675-5' .
Lançamento Ref. 956208: Convênio alterado para o convênio default '7' da conta Caixa '02675-5' .
Lançamento Ref. 956242: Convênio alterado para o convênio default '7' da conta Caixa '02675-5' .
Lançamento Ref. 956612: Convênio alterado para o convênio default '7' da conta Caixa '02675-5' .
Lançamento Ref. 957369: Convênio alterado para o convênio default '7' da conta Caixa '02675-5' .
Lançamento Ref. 957555: Convênio alterado para o convênio default '7' da conta Caixa '02675-5' .
Lançamento Ref. 958369: Convênio alterado para o convênio default '7' da conta Caixa '02675-5' .
Lançamento Ref. 958699: Convênio alterado para o convênio default '7' da conta Caixa '02675-5' .
Lançamento Ref. 958817: Convênio alterado para o convênio default '7' da conta Caixa '02675-5' .
Lançamento Ref. 959060: Convênio alterado para o convênio default '7' da conta Caixa '02675-5' .
Lançamento Ref. 959070: Convênio alterado para o convênio default '7' da conta Caixa '02675-5' .
Lançamento Ref. 959154: Convênio alterado para o convênio default '7' da conta Caixa '02675-5' .
Lançamento Ref. 959894: Convênio alterado para o convênio default '7' da conta Caixa '02675-5' .
Lançamento Ref. 960474: Convênio alterado para o convênio default '7' da conta Caixa '02675-5' .
Lançamento Ref. 961423: Convênio alterado para o convênio default '7' da conta Caixa '02675-5' .
Lançamento Ref. 962187: Convênio alterado para o convênio default '7' da conta Caixa '02675-5' .
Lançamento Ref. 962328: Convênio alterado para o convênio default '7' da conta Caixa '02675-5' .
Lançamento Ref. 962408: Convênio alterado para o convênio default '7' da conta Caixa '02675-5' .
Lançamento Ref. 962433: Convênio alterado para o convênio default '7' da conta Caixa '02675-5' .
Lançamento Ref. 962438: Convênio alterado para o convênio default '7' da conta Caixa '02675-5' .
Lançamento Ref. 962443: Convênio alterado para o convênio default '7' da conta Caixa '02675-5' .
Lançamento Ref. 962450: Convênio alterado para o convênio default '7' da conta Caixa '02675-5' .
Lançamento Ref. 962558: Convênio alterado para o convênio default '7' da conta Caixa '02675-5' .
Lançamento Ref. 962804: Convênio alterado para o convênio default '7' da conta Caixa '02675-5' .
Lançamento Ref. 962814: Convênio alterado para o convênio default '7' da conta Caixa '02675-5' .
Lançamento Ref. 962840: Convênio alterado para o convênio default '7' da conta Caixa '02675-5' .
Lançamento Ref. 963301: Convênio alterado para o convênio default '7' da conta Caixa '02675-5' .
Lançamento Ref. 963366: Convênio alterado para o convênio default '7' da conta Caixa '02675-5' .
Lançamento Ref. 963727: Convênio alterado para o convênio default '7' da conta Caixa '02675-5' .
Alteração Global de Lançamentos executada com sucesso

08-06-2024 16:41:44.244Z;functions.process_lancamentos;  CLICK EM FECHAR.
08-06-2024 16:46:52.515Z;functions.proccess_bordero;  ctrl+p
08-06-2024 16:46:54.621Z;functions.proccess_bordero;  down
08-06-2024 16:46:56.724Z;functions.proccess_bordero;  down
08-06-2024 16:46:58.827Z;functions.proccess_bordero;  right
08-06-2024 16:47:00.937Z;functions.proccess_bordero;  enter
08-06-2024 16:47:02.941Z;functions.proccess_bordero;  SELECIONAR INCLUSÃO DE BORDERO
08-06-2024 16:47:23.644Z;functions.waitForImage;  PRESS BUTON SIM image not found.
08-06-2024 16:48:31.081Z;functions.proccess_bordero;  CLICA EM CONVÊNIO TRÊS PONTINHOS
08-06-2024 16:48:32.612Z;functions.proccess_bordero;  CLICA EM COMBOBOX PARA SELECIONAR O ID DO CONVÊNIO
08-06-2024 16:48:33.643Z;functions.proccess_bordero;  CLICA EM ID DO CONVÊNIO
08-06-2024 16:48:35.768Z;functions.proccess_bordero;  APERTA TAB PARA ESCREVER O ID
08-06-2024 16:48:37.893Z;functions.proccess_bordero;  ESCREVE O ID 7
08-06-2024 16:48:40.002Z;functions.proccess_bordero;  APERTA ENTER PARA SELECIONAR O ID 7 - SISPAG FORNECEDOR
08-06-2024 16:48:42.149Z;functions.proccess_bordero;  APERTA ENTER PARA ESCOLHER O ID 7 - SISPAG FORNECEDOR
08-06-2024 16:48:45.081Z;functions.proccess_bordero;  CLICA EM EXECUTAR NA INCLUSÃO DO BORDÊRO
08-06-2024 16:49:08.565Z;functions.waitForImage;  PRESS BUTTON OK image found.
08-06-2024 16:49:10.568Z;functions.proccess_bordero;  O PROCESSAMENTO DO BORDERO FOI EXECUTADO COM SUCESSO.
08-06-2024 16:49:14.273Z;functions.proccess_bordero;  COPIA O LOG DO PROCESSAMENTO DO BORDERO
08-06-2024 16:49:14.273Z;functions.proccess_bordero;  Borderô gerado com sucesso.

08-06-2024 16:49:17.206Z;functions.proccess_bordero;  CLICK EM FECHAR.
08-06-2024 16:54:35.455Z;functions.movimentacao_bancaria;  CLICA NA ABA MOVIMENTAÇÃO BANCARIA
08-06-2024 16:54:36.439Z;functions.waitForImage;  IMAGEM BORDERO image found.
08-06-2024 16:54:38.548Z;functions.movimentacao_bancaria;  IMAGEM BORDERO CLICADA.
08-06-2024 16:54:48.986Z;functions.waitForImage;  LICENCAS EXCEDIDAS image not found.
08-06-2024 16:54:49.720Z;functions.movimentacao_bancaria;  ENCONTROU O FILTRO DA MOVIMENTAÇÃO BANCÁRIA
08-06-2024 16:54:49.767Z;functions.movimentacao_bancaria;  CLICA NA ABA SUPERIOR DO FILTRO
08-06-2024 16:54:57.080Z;functions.movimentacao_bancaria;  SELECIONA O FILTRO HOJE
08-06-2024 16:55:17.377Z;functions.waitForImage;  FILTER CLEAN image not found.
08-06-2024 16:55:32.674Z;functions.waitForImage;  FILTER CLEAN image not found.
08-06-2024 16:55:47.986Z;functions.waitForImage;  FILTER CLEAN image not found.
08-06-2024 16:55:49.705Z;functions.movimentacao_bancaria;  CLICA NA PRIMEIRA LINHA DA TABELA MOVIMENTAÇÃO BANCÁRIA
08-06-2024 16:55:51.330Z;functions.movimentacao_bancaria;  CLICA NA PRIMEIRA LINHA DA TABELA MOVIMENTAÇÃO BANCÁRIA
08-06-2024 16:55:52.548Z;functions.movimentacao_bancaria;  12 PASSOS PARA DIREITA NA TABELA >>
08-06-2024 16:55:54.877Z;functions.movimentacao_bancaria;  HOVER FILTER
08-06-2024 16:55:55.483Z;functions.movimentacao_bancaria;  CLICK FILTER
08-06-2024 16:55:59.798Z;functions.movimentacao_bancaria;  CLICA NO FILTRO  STATUS DA REMESSA
08-06-2024 16:56:01.944Z;functions.movimentacao_bancaria;  APERTA TAB PARA ESCREVER O FILTRO
08-06-2024 16:56:04.050Z;functions.movimentacao_bancaria;  ESCREVE PENDENTE NO FILTRO
08-06-2024 16:56:06.173Z;functions.movimentacao_bancaria;  APERTA ENTER PARA SELECIONAR OS PENDENTES
08-06-2024 16:56:14.205Z;functions.movimentacao_bancaria;  SELECIONA TODAS AS TUPLAS COM STATUS PENDENTE
08-06-2024 16:56:16.311Z;functions.movimentacao_bancaria;  CLICA EM PROCESSOS
08-06-2024 16:56:18.414Z;functions.movimentacao_bancaria;  APERTA PARA BAIXO
08-06-2024 16:56:20.518Z;functions.movimentacao_bancaria;  APERTA ENTER
08-06-2024 16:56:23.642Z;functions.movimentacao_bancaria;  CLICK EM EXECUTAR BORDERO DE PAGAMENTO
08-06-2024 16:56:36.283Z;functions.waitForImage;  PRESS BUTTON OK image found.
08-06-2024 16:56:36.283Z;functions.movimentacao_bancaria;  O PROCESSAMENTO DE AUTORIZAÇÃO DO BORDERO FOI EXECUTADO COM SUCESSO.
08-06-2024 16:56:37.361Z;functions.movimentacao_bancaria;  CLICK EM FECHAR.
08-06-2024 16:56:47.580Z;functions.waitForImage;  FILTER CLEAN image found.
08-06-2024 16:56:49.712Z;functions.filter_clean;  CLICA NO BOTÃO X DO LIMPA FILTRO
08-06-2024 16:57:05.017Z;functions.waitForImage;  FILTER CLEAN image not found.
08-06-2024 16:57:20.423Z;functions.waitForImage;  FILTER CLEAN image not found.
08-06-2024 16:57:38.890Z;functions.processo_pagamento;  12 PASSOS PARA ESQUERDA NA TABELA >>
08-06-2024 16:57:41.158Z;functions.processo_pagamento;  HOVER FILTER
08-06-2024 16:57:41.777Z;functions.processo_pagamento;  CLICK FILTER
08-06-2024 16:57:46.091Z;functions.processo_pagamento;  CLICA NO FILTRO  STATUS DA REMESSA
08-06-2024 16:57:48.194Z;functions.processo_pagamento;  APERTA TAB PARA ESCREVER O FILTRO
08-06-2024 16:57:50.302Z;functions.processo_pagamento;  ESCREVE AUTORIZADO NO FILTRO
08-06-2024 16:57:52.405Z;functions.processo_pagamento;  APERTA ENTER PARA SELECIONAR OS AUTORIZADOS
08-06-2024 16:57:59.611Z;functions.processo_pagamento;  6 PASSOS PARA ESQUERDA NA TABELA <<
08-06-2024 16:58:02.736Z;functions.check_user_bot;  Texto extraido 1/1
08-06-2024 16:58:02.736Z;functions.check_user_bot;  Count 1
08-06-2024 16:58:02.736Z;functions.check_user_bot;  Type <class 'int'>
08-06-2024 16:58:04.850Z;functions.check_user_bot;  CHECK USER BOT 1
08-06-2024 16:58:06.853Z;functions.check_user_bot;  dclick
08-06-2024 16:58:09.563Z;functions.check_user_bot;  7 PASSOS PARA DIREITA NA TABELA >>
08-06-2024 16:58:13.668Z;functions.check_user_bot;  341 / 3212 / 02675 SISPAG FORNECEDOR
08-06-2024 16:58:13.668Z;functions.check_user_bot;  NOME SISPAG ENCONTRADO
08-06-2024 16:58:15.875Z;functions.check_user_bot;  CLICA EM PROCESSOS
08-06-2024 16:58:17.979Z;functions.check_user_bot;  APERTA PARA BAIXO 1
08-06-2024 16:58:20.082Z;functions.check_user_bot;  APERTA PARA BAIXO 2
08-06-2024 16:58:22.186Z;functions.check_user_bot;  APERTA PARA BAIXO 3
08-06-2024 16:58:24.289Z;functions.check_user_bot;  APERTA ENTER
08-06-2024 16:58:27.454Z;functions.check_user_bot;  CLICA EM REMESSAS DE PAGAMENTO
08-06-2024 16:58:42.267Z;functions.check_user_bot;  CLICA EM AVANÇAR
08-06-2024 16:58:43.548Z;functions.check_user_bot;  DESMARCA CHECKBOX PARA SALVAR ARQUIVO DE REMESSA
08-06-2024 16:58:44.673Z;functions.check_user_bot;  CLICA EM AVANCAR PARA CONCLUIR
08-06-2024 16:58:46.080Z;functions.check_user_bot;  CLICA EM EXECUTAR
08-06-2024 16:59:22.251Z;functions.waitForImage;  PRESS BUTTON OK image found.
08-06-2024 16:59:24.258Z;functions.check_user_bot;  O PROCESSAMENTO DE AUTORIZAÇÃO DO BORDERO FOI EXECUTADO COM SUCESSO.
08-06-2024 16:59:29.173Z;functions.check_user_bot;  ===========================================================================================================
LANÇAMENTOS ENVIADOS PARA REMESSA PAGAMENTO
Coligada: 1
ID Remessa: 10
Convênio: 7
Data: 08/06/2024 16:59:20
Borderô remetidos: 1
===========================================================================================================
Borderô: 1-9506

Lançamentos remetidos no Borderô:
Lancamento 1-936199
Lancamento 1-937475
Lancamento 1-947928
Lancamento 1-953198
Lancamento 1-953222
Lancamento 1-953444
Lancamento 1-953453
Lancamento 1-954181
Lancamento 1-954307
Lancamento 1-954497
Lancamento 1-954722
Lancamento 1-954727
Lancamento 1-955084
Lancamento 1-955091
Lancamento 1-955284
Lancamento 1-955379
Lancamento 1-955408
Lancamento 1-955802
Lancamento 1-955996
Lancamento 1-956021
Lancamento 1-956174
Lancamento 1-956175
Lancamento 1-956208
Lancamento 1-956242
Lancamento 1-956612
Lancamento 1-957369
Lancamento 1-957555
Lancamento 1-958369
Lancamento 1-958699
Lancamento 1-958817
Lancamento 1-959060
Lancamento 1-959070
Lancamento 1-959154
Lancamento 1-959894
Lancamento 1-960474
Lancamento 1-961423
Lancamento 1-962187
Lancamento 1-962328
Lancamento 1-962408
Lancamento 1-962433
Lancamento 1-962438
Lancamento 1-962443
Lancamento 1-962450
Lancamento 1-962558
Lancamento 1-962804
Lancamento 1-962814
Lancamento 1-962840
Lancamento 1-963301
Lancamento 1-963366
Lancamento 1-963727
----------------------------------------------------------------------------------------------------------


08-06-2024 16:59:35.438Z;functions.check_user_bot;  ENTER EM FECHAR.
08-06-2024 16:59:37.440Z;functions.obter_intervalo_data;  VERIFICANDO A HORA ATUAL 16
08-06-2024 16:59:37.455Z;functions.obter_intervalo_data;  Data Inicial BANCARIA antes da remoção: None
08-06-2024 16:59:37.455Z;functions.obter_intervalo_data;  Data Final BANCARIA antes da remoção: None
08-06-2024 16:59:37.471Z;functions.obter_intervalo_data;  Data Inicial BANCARIA após a remoção: None
08-06-2024 16:59:37.471Z;functions.obter_intervalo_data;  Data Final BANCARIA após a remoção: None
08-06-2024 16:59:37.471Z;functions.obter_intervalo_data;  hoje -  2024-06-08 16:59:37.471604
08-06-2024 16:59:37.471Z;functions.rename_arq;  CLICK - SELECIONA A DATA DE QUARTA FEIRA E DA PROXIMA TERÇA
08-06-2024 16:59:37.471Z;functions.rename_arq;  QUARTA-FEIRA: 12-06-2024
08-06-2024 16:59:37.471Z;functions.rename_arq;  TERCA-FEIRA: 18-06-2024
08-06-2024 16:59:37.643Z;functions.rename_arq;  A PRÓXIMA LETRA SERÁ: D
08-06-2024 16:59:37.643Z;functions.rename_arq;  NOME ARQUIVO: B121824D.txt
08-06-2024 16:59:37.690Z;functions.rename_arq;  Arquivo renomeado com sucesso para B121824D.txt
08-06-2024 16:59:37.799Z;functions.show_exception_and_exit;  [WinError 10054] Foi forçado o cancelamento de uma conexão existente pelo host remoto
Traceback (most recent call last):
  File "c:\Projetos_Remessas\Remessa_Bancaria\main.py", line 160, in <module>
    processo_pagamento()
  File "c:\Projetos_Remessas\Remessa_Bancaria\SUBPROGRAMS\functions.py", line 1202, in processo_pagamento
    check_user_bot()
  File "c:\Projetos_Remessas\Remessa_Bancaria\SUBPROGRAMS\functions.py", line 1332, in check_user_bot
    rename_arq()
  File "c:\Projetos_Remessas\Remessa_Bancaria\SUBPROGRAMS\functions.py", line 2309, in rename_arq
    emailSuccess(email_msg)
  File "c:\Projetos_Remessas\Remessa_Bancaria\SUBPROGRAMS\functions.py", line 2341, in emailSuccess
    yag.send(to=str(email_receivers).split(','), subject="SUCESSO - BOT REMESSA BANCÁRIA",
  File "C:\Projetos_Remessas\Remessa_Bancaria\venv\Lib\site-packages\yagmail\sender.py", line 156, in send
    self.login()
  File "C:\Projetos_Remessas\Remessa_Bancaria\venv\Lib\site-packages\yagmail\sender.py", line 210, in login
    self._login(self.credentials)
  File "C:\Projetos_Remessas\Remessa_Bancaria\venv\Lib\site-packages\yagmail\sender.py", line 217, in _login
    self.smtp = self.connection(self.host, self.port, **self.kwargs)
                ^^^^^^^^^^^^^^^^^^^^^^^^^^^^^^^^^^^^^^^^^^^^^^^^^^^^
  File "C:\Users\Administrador\AppData\Local\Programs\Python\Python311\Lib\smtplib.py", line 1050, in __init__
    SMTP.__init__(self, host, port, local_hostname, timeout,
  File "C:\Users\Administrador\AppData\Local\Programs\Python\Python311\Lib\smtplib.py", line 255, in __init__
    (code, msg) = self.connect(host, port)
                  ^^^^^^^^^^^^^^^^^^^^^^^^
  File "C:\Users\Administrador\AppData\Local\Programs\Python\Python311\Lib\smtplib.py", line 341, in connect
    self.sock = self._get_socket(host, port, self.timeout)
                ^^^^^^^^^^^^^^^^^^^^^^^^^^^^^^^^^^^^^^^^^^
  File "C:\Users\Administrador\AppData\Local\Programs\Python\Python311\Lib\smtplib.py", line 1057, in _get_socket
    new_socket = self.context.wrap_socket(new_socket,
                 ^^^^^^^^^^^^^^^^^^^^^^^^^^^^^^^^^^^^
  File "C:\Users\Administrador\AppData\Local\Programs\Python\Python311\Lib\ssl.py", line 517, in wrap_socket
    return self.sslsocket_class._create(
           ^^^^^^^^^^^^^^^^^^^^^^^^^^^^^
  File "C:\Users\Administrador\AppData\Local\Programs\Python\Python311\Lib\ssl.py", line 1075, in _create
    self.do_handshake()
  File "C:\Users\Administrador\AppData\Local\Programs\Python\Python311\Lib\ssl.py", line 1346, in do_handshake
    self._sslobj.do_handshake()
ConnectionResetError: [WinError 10054] Foi forçado o cancelamento de uma conexão existente pelo host remoto
08-06-2024 16:59:38.220Z;functions.show_exception_and_exit;  PRINT SALVO
08-06-2024 16:59:38.813Z;functions.show_exception_and_exit;  RM FECHADO
