23-06-2024 02:27:27.881Z;functions.bot_text_art;      ____   
23-06-2024 02:27:27.881Z;functions.bot_text_art;     [____]    
23-06-2024 02:27:27.881Z;functions.bot_text_art;   |=]()()[=|  
23-06-2024 02:27:27.881Z;functions.bot_text_art;     _\==/__    _____    ____     _        _____    ___   _  __
23-06-2024 02:27:27.881Z;functions.bot_text_art;   |__|   |_|  |  _  \  / ___|   | |      |_   _| / ___| | |/ /
23-06-2024 02:27:27.881Z;functions.bot_text_art;   |_|_/\_|_|  | |  | | | |      | |        | |   | |    | ' / 
23-06-2024 02:27:27.881Z;functions.bot_text_art;   | | __ | |  | |  | | | |      | |        | |   | |    |  <  
23-06-2024 02:27:27.881Z;functions.bot_text_art;   |_|[  ]|_|  | |__| | | |____  | |____   _| |_  | |__  | . \ 
23-06-2024 02:27:27.896Z;functions.bot_text_art;   \_|_||_|_/  |_____/   \_____| |______| |_____| \ ___| |_|\_\
23-06-2024 02:27:27.896Z;functions.bot_text_art;     |_||_|                                                     
23-06-2024 02:27:27.896Z;functions.bot_text_art;     | ||_|_   
23-06-2024 02:27:27.896Z;functions.bot_text_art;   |___||___|  
23-06-2024 02:27:27.896Z;functions.bot_text_art;               
23-06-2024 02:27:27.896Z;functions.open_RM;  OPEN PROGRAM RM
23-06-2024 02:27:27.912Z;functions.caps;  DESATIVANDO CAPS
23-06-2024 02:27:27.912Z;functions.loggin_RM;  BUSCANDO LOGGIN RM
23-06-2024 02:27:47.740Z;functions.loggin_RM;  ENTER USER_NAME
23-06-2024 02:27:52.511Z;functions.loggin_RM;  ENTER PASSWORD
23-06-2024 02:27:53.965Z;functions.loggin_RM;  ENTER RM
23-06-2024 02:29:42.005Z;functions.enter_coligada;  CLICK CONTEXTO
23-06-2024 02:29:44.693Z;functions.enter_coligada;  CLICK ALTERAR MODULO DO CONTEXTO
23-06-2024 02:29:48.739Z;functions.enter_coligada;  INSERE O COLIGADA CODE = 1
23-06-2024 02:29:48.845Z;functions.enter_coligada;  APERTA TAB PARA PREENCHER O CAMPO COM A STRING: OCEANICA ENGENHARIA E CONSULTORIA S.A.
23-06-2024 02:29:51.005Z;functions.enter_coligada;  CLICK AVANÇAR NOVAMENTE
23-06-2024 02:29:52.349Z;functions.enter_coligada;  CLICK CONCLUIR
23-06-2024 02:30:12.724Z;functions.waitForImage;  TROCA COLIGADA image not found.
23-06-2024 02:30:32.942Z;functions.enter_coligada;  POP UP COLIGADA DESAPARECER
23-06-2024 02:30:33.911Z;functions.check_movimentacao_bancaria;  CLICK - TOTVS - LINHA RM
23-06-2024 02:30:35.786Z;functions.check_movimentacao_bancaria;  CLICK - BACK OFFICE
23-06-2024 02:30:38.505Z;functions.check_movimentacao_bancaria;  CLICK - GESTAO FINANCEIRA
23-06-2024 02:30:38.505Z;functions.movimentacao_bancaria;  AGUARDANDO 1
23-06-2024 02:30:44.942Z;functions.movimentacao_bancaria;  CLICA NA ABA MOVIMENTAÇÃO BANCARIA
23-06-2024 02:30:45.927Z;functions.waitForImage;  IMAGEM BORDERO image found.
23-06-2024 02:30:48.046Z;functions.movimentacao_bancaria;  IMAGEM BORDERO CLICADA.
23-06-2024 02:30:58.286Z;functions.waitForImage;  LICENCAS EXCEDIDAS image not found.
23-06-2024 02:30:59.007Z;functions.movimentacao_bancaria;  ENCONTROU O FILTRO DA MOVIMENTAÇÃO BANCÁRIA
23-06-2024 02:30:59.069Z;functions.movimentacao_bancaria;  CLICA NA ABA SUPERIOR DO FILTRO
23-06-2024 02:31:06.378Z;functions.movimentacao_bancaria;  SELECIONA O FILTRO HOJE
23-06-2024 02:31:11.599Z;functions.waitForImage;  FILTER CLEAN image found.
23-06-2024 02:31:13.732Z;functions.filter_clean;  CLICA NO BOTÃO X DO LIMPA FILTRO
23-06-2024 02:31:13.945Z;functions.waitForImage;  FILTER CLEAN image found.
23-06-2024 02:31:16.078Z;functions.filter_clean;  CLICA NO BOTÃO X DO LIMPA FILTRO
23-06-2024 02:31:31.380Z;functions.waitForImage;  FILTER CLEAN image not found.
23-06-2024 02:32:44.848Z;functions.movimentacao_bancaria;  SEM PROCESSAMENTO DE BORDERO
23-06-2024 02:33:10.161Z;functions.waitForImage;  FILTER CLEAN image not found.
23-06-2024 02:33:25.457Z;functions.waitForImage;  FILTER CLEAN image not found.
23-06-2024 02:33:40.770Z;functions.waitForImage;  FILTER CLEAN image not found.
23-06-2024 02:34:12.208Z;functions.processo_pagamento;  SEM REMESSA DE BORDERO AUTORIZADO
23-06-2024 02:34:13.312Z;functions.processo_pagamento;  FECHA ABA MOVIMENTAÇÕES BANCÁRIAS
23-06-2024 02:34:15.192Z;functions.enter_contas_a_pagar;  CLICK - TOTVS - LINHA RM
23-06-2024 02:34:16.692Z;functions.enter_contas_a_pagar;  CLICK - BACK OFFICE
23-06-2024 02:34:20.004Z;functions.enter_contas_a_pagar;  CLICK - GESTAO FINANCEIRA
23-06-2024 02:34:26.598Z;functions.enter_contas_a_pagar;  CLICK - CONTAS A PAGAR
23-06-2024 02:34:27.520Z;functions.waitForImage;  LANÇAMENTOS image found.
23-06-2024 02:34:29.639Z;functions.enter_contas_a_pagar;  CLICA EM LANÇAMENTOS
23-06-2024 02:34:44.848Z;functions.waitForImage;  LICENCAS EXCEDIDAS image not found.
23-06-2024 02:34:44.864Z;functions.obter_intervalo_data;  VERIFICANDO A HORA ATUAL 2
23-06-2024 02:34:44.879Z;functions.obter_intervalo_data;  Data Inicial BANCARIA antes da remoção: None
23-06-2024 02:34:44.879Z;functions.obter_intervalo_data;  Data Final BANCARIA antes da remoção: None
23-06-2024 02:34:44.895Z;functions.obter_intervalo_data;  Data Inicial BANCARIA após a remoção: None
23-06-2024 02:34:44.895Z;functions.obter_intervalo_data;  Data Final BANCARIA após a remoção: None
23-06-2024 02:34:44.895Z;functions.obter_intervalo_data;  hoje -  2024-06-23 02:34:44.895690
23-06-2024 02:34:44.895Z;functions.data_filter;  DATA INICIO 26-06-2024
23-06-2024 02:34:44.895Z;functions.data_filter;  DATA FIM 02-07-2024
23-06-2024 02:34:44.895Z;functions.data_filter;  CLICK - SELECIONA A DATA DE QUARTA FEIRA E DA PROXIMA TERÇA
23-06-2024 02:34:44.895Z;functions.data_filter;  QUARTA-FEIRA: 26-06-2024
23-06-2024 02:34:44.895Z;functions.data_filter;  TERCA-FEIRA: 02-07-2024
23-06-2024 02:34:54.754Z;functions.data_filter;  CLICK - BOTAO DE SELECAO DE FILTRO
23-06-2024 02:34:59.520Z;functions.data_filter;  INSERE - DATA DE QUARTA-FEIRA: 26-06-2024
23-06-2024 02:35:03.957Z;functions.data_filter;  INSERE - DATA DA PROX TERCA-FEIRA: 02-07-2024
23-06-2024 02:35:05.098Z;functions.data_filter;  CLICK - BOTAO DE EXECUTAR O FILTRO
23-06-2024 02:35:10.102Z;functions.desmark_filter;  AGUARDANDO 1
23-06-2024 02:35:15.442Z;functions.desmark_filter;  CLICK CHECKBOX LANÇAMENTOS A RECEBER
23-06-2024 02:35:18.020Z;functions.desmark_filter;  CLICK CHECKBOX LANÇAMENTOS BAIXADOS
23-06-2024 02:35:20.875Z;functions.desmark_filter;  CLICK CHECKBOX LANÇAMENTOS CANCELADOS
23-06-2024 02:35:24.114Z;functions.desmark_filter;  CLICK CHECKBOX LANÇAMENTOS FATURADOS
23-06-2024 02:35:27.210Z;functions.desmark_filter;  CLICK CHECKBOX LANÇAMENTOS FATURADOS
23-06-2024 02:35:32.410Z;functions.waitForImage;  FILTER CLEAN image found.
23-06-2024 02:35:34.525Z;functions.filter_clean;  CLICA NO BOTÃO X DO LIMPA FILTRO
23-06-2024 02:35:49.816Z;functions.waitForImage;  FILTER CLEAN image not found.
23-06-2024 02:36:05.129Z;functions.waitForImage;  FILTER CLEAN image not found.
23-06-2024 02:36:05.129Z;functions.check_table_record;  VERIFICANDO SE A TABELA ESTÁ VAZIA
23-06-2024 02:36:08.535Z;functions.check_table_record;  Texto extraido 1/99
23-06-2024 02:36:08.535Z;functions.check_table_record;  Count 99
23-06-2024 02:36:08.535Z;functions.check_table_record;  Type <class 'int'>
23-06-2024 02:36:08.535Z;functions.check_table_record;  TABELA CONTÉM REGISTROS
23-06-2024 02:36:20.706Z;functions.select_tipo_documento;  NOME DA COLUNA: Tipo de Documento
23-06-2024 02:36:22.756Z;functions.select_tipo_documento;  HOVER NOME DA COLUNA: Tipo de Documento
23-06-2024 02:36:23.678Z;functions.select_tipo_documento;  CLICA NO FILTRO PERSONALIZAR
23-06-2024 02:36:26.254Z;functions.select_tipo_documento;  CLICA PARA SELECIONAR OPÇÕES DO FILTRO
23-06-2024 02:36:32.704Z;functions.select_tipo_documento;  FILTRO "NÃO É IGUAL A INV" DEFINIDO
23-06-2024 02:36:33.785Z;functions.select_tipo_documento;  CLICK BUTTON CONFIRMAR FILTRO
23-06-2024 02:36:38.788Z;functions.filter_IPTE;  VERIFICANDO O COD DO CLIENTE EM CADA REGISTRO
23-06-2024 02:36:40.598Z;functions.filter_IPTE;  CLICA NA PRIMEIRA LINHA DA TABELA
23-06-2024 02:37:04.817Z;functions.filter_IPTE;  HOVER FILTER
23-06-2024 02:37:06.886Z;functions.filter_IPTE;  CLICK FILTER
23-06-2024 02:37:11.217Z;functions.filter_IPTE;  CLICA NO FILTRO PERSONALIZAR
23-06-2024 02:37:53.676Z;functions.filter_IPTE;  MOVIDO PRA CIMA 100 VEZES
23-06-2024 02:38:29.941Z;functions.filter_IPTE;  MOVIDO PRA CIMA MAIS 100 VEZES
23-06-2024 02:38:45.696Z;functions.filter_IPTE;  TABELA NÃO CONTÉM REGISTROS
23-06-2024 02:38:45.696Z;functions.check_table_record;  VERIFICANDO SE A TABELA ESTÁ VAZIA
23-06-2024 02:38:49.269Z;functions.check_table_record;  Texto extraido 0/0
23-06-2024 02:38:49.269Z;functions.check_table_record;  Count 0
23-06-2024 02:38:49.269Z;functions.check_table_record;  Type <class 'int'>
23-06-2024 02:38:49.269Z;functions.check_table_record;  SEM REGISTROS
23-06-2024 02:38:51.279Z;main.<module>;  SEM REMESSA BANCÁRIA
23-06-2024 02:38:51.279Z;functions.movimentacao_bancaria;  AGUARDANDO 1
23-06-2024 02:38:52.786Z;functions.movimentacao_bancaria;  CLICA NA ABA MOVIMENTAÇÃO BANCARIA
23-06-2024 02:38:53.019Z;functions.waitForImage;  IMAGEM BORDERO image found.
23-06-2024 02:38:55.133Z;functions.movimentacao_bancaria;  IMAGEM BORDERO CLICADA.
23-06-2024 02:39:05.425Z;functions.waitForImage;  LICENCAS EXCEDIDAS image not found.
23-06-2024 02:39:06.160Z;functions.movimentacao_bancaria;  ENCONTROU O FILTRO DA MOVIMENTAÇÃO BANCÁRIA
23-06-2024 02:39:06.222Z;functions.movimentacao_bancaria;  CLICA NA ABA SUPERIOR DO FILTRO
23-06-2024 02:39:13.533Z;functions.movimentacao_bancaria;  SELECIONA O FILTRO HOJE
23-06-2024 02:39:33.644Z;functions.waitForImage;  FILTER CLEAN image not found.
23-06-2024 02:39:48.675Z;functions.waitForImage;  FILTER CLEAN image not found.
23-06-2024 02:40:03.676Z;functions.waitForImage;  FILTER CLEAN image not found.
23-06-2024 02:41:17.553Z;functions.movimentacao_bancaria;  SEM PROCESSAMENTO DE BORDERO
23-06-2024 02:41:43.144Z;functions.waitForImage;  FILTER CLEAN image not found.
23-06-2024 02:41:58.800Z;functions.waitForImage;  FILTER CLEAN image not found.
23-06-2024 02:42:14.393Z;functions.waitForImage;  FILTER CLEAN image not found.
23-06-2024 02:42:45.792Z;functions.processo_pagamento;  SEM REMESSA DE BORDERO AUTORIZADO
23-06-2024 02:42:46.896Z;functions.processo_pagamento;  FECHA ABA MOVIMENTAÇÕES BANCÁRIAS
23-06-2024 02:42:48.128Z;functions.enter_contas_a_pagar;  CLICK - TOTVS - LINHA RM
23-06-2024 02:42:49.628Z;functions.enter_contas_a_pagar;  CLICK - BACK OFFICE
23-06-2024 02:42:52.347Z;functions.enter_contas_a_pagar;  CLICK - GESTAO FINANCEIRA
23-06-2024 02:42:58.815Z;functions.enter_contas_a_pagar;  CLICK - CONTAS A PAGAR
23-06-2024 02:42:59.737Z;functions.waitForImage;  LANÇAMENTOS image found.
23-06-2024 02:43:01.855Z;functions.enter_contas_a_pagar;  CLICA EM LANÇAMENTOS
23-06-2024 02:43:17.128Z;functions.waitForImage;  LICENCAS EXCEDIDAS image not found.
23-06-2024 02:43:17.128Z;functions.obter_intervalo_data;  VERIFICANDO A HORA ATUAL 2
23-06-2024 02:43:17.143Z;functions.obter_intervalo_data;  Data Inicial BANCARIA antes da remoção: None
23-06-2024 02:43:17.143Z;functions.obter_intervalo_data;  Data Final BANCARIA antes da remoção: None
23-06-2024 02:43:17.143Z;functions.obter_intervalo_data;  Data Inicial BANCARIA após a remoção: None
23-06-2024 02:43:17.143Z;functions.obter_intervalo_data;  Data Final BANCARIA após a remoção: None
23-06-2024 02:43:17.143Z;functions.obter_intervalo_data;  hoje -  2024-06-23 02:43:17.143940
23-06-2024 02:43:17.143Z;functions.data_filter;  DATA INICIO 26-06-2024
23-06-2024 02:43:17.143Z;functions.data_filter;  DATA FIM 02-07-2024
23-06-2024 02:43:17.143Z;functions.data_filter;  CLICK - SELECIONA A DATA DE QUARTA FEIRA E DA PROXIMA TERÇA
23-06-2024 02:43:17.143Z;functions.data_filter;  QUARTA-FEIRA: 26-06-2024
23-06-2024 02:43:17.143Z;functions.data_filter;  TERCA-FEIRA: 02-07-2024
23-06-2024 02:43:27.347Z;functions.data_filter;  CLICK - BOTAO DE SELECAO DE FILTRO
23-06-2024 02:43:32.019Z;functions.data_filter;  INSERE - DATA DE QUARTA-FEIRA: 26-06-2024
23-06-2024 02:43:36.425Z;functions.data_filter;  INSERE - DATA DA PROX TERCA-FEIRA: 02-07-2024
23-06-2024 02:43:37.568Z;functions.data_filter;  CLICK - BOTAO DE EXECUTAR O FILTRO
23-06-2024 02:43:42.570Z;functions.desmark_filter;  AGUARDANDO 1
23-06-2024 02:43:45.378Z;functions.desmark_filter;  CLICK CHECKBOX LANÇAMENTOS A RECEBER
23-06-2024 02:43:48.096Z;functions.desmark_filter;  CLICK CHECKBOX LANÇAMENTOS BAIXADOS
23-06-2024 02:43:51.040Z;functions.desmark_filter;  CLICK CHECKBOX LANÇAMENTOS CANCELADOS
23-06-2024 02:43:54.187Z;functions.desmark_filter;  CLICK CHECKBOX LANÇAMENTOS FATURADOS
23-06-2024 02:43:57.669Z;functions.desmark_filter;  CLICK CHECKBOX LANÇAMENTOS FATURADOS
23-06-2024 02:44:02.878Z;functions.waitForImage;  FILTER CLEAN image found.
23-06-2024 02:44:04.985Z;functions.filter_clean;  CLICA NO BOTÃO X DO LIMPA FILTRO
23-06-2024 02:44:20.206Z;functions.waitForImage;  FILTER CLEAN image not found.
23-06-2024 02:44:35.487Z;functions.waitForImage;  FILTER CLEAN image not found.
23-06-2024 02:44:36.878Z;functions.filter_forma_pagamento;  CLICA NA PRIMEIRA LINHA DA TABELA
23-06-2024 02:44:37.159Z;functions.filter_forma_pagamento;  CLICK NA PRIMEIRA LINHA E COLUNA DA TABELA
23-06-2024 02:44:53.446Z;functions.filter_forma_pagamento;  160 PASSOS PARA DIREITA NA TABELA >>
23-06-2024 02:45:00.503Z;functions.filter_forma_pagamento;  HOVER NOME DA COLUNA FORMA DE PAGAMENTO
23-06-2024 02:45:02.637Z;functions.filter_forma_pagamento;  CLICA PARA APARECER O FILTRO PERSONALIZAR
23-06-2024 02:45:05.969Z;functions.filter_forma_pagamento;  CLICA NO FILTRO PERSONALIZAR
23-06-2024 02:45:19.049Z;functions.filter_forma_pagamento;  Texto extraido 0/0
23-06-2024 02:45:19.049Z;functions.filter_forma_pagamento;  Count 0
23-06-2024 02:45:19.049Z;functions.filter_forma_pagamento;  Type <class 'int'>
23-06-2024 02:45:19.049Z;functions.filter_forma_pagamento;  SEM REGISTROS
23-06-2024 02:45:21.053Z;functions.check_table_record;  VERIFICANDO SE A TABELA ESTÁ VAZIA
23-06-2024 02:45:24.565Z;functions.check_table_record;  Texto extraido 0/0
23-06-2024 02:45:24.565Z;functions.check_table_record;  Count 0
23-06-2024 02:45:24.565Z;functions.check_table_record;  Type <class 'int'>
23-06-2024 02:45:24.565Z;functions.check_table_record;  SEM REGISTROS
23-06-2024 02:45:28.573Z;main.<module>;  SEM REMESSA DE TED CIP
23-06-2024 02:45:29.596Z;functions.enter_contas_a_pagar;  CLICK - TOTVS - LINHA RM
23-06-2024 02:45:31.096Z;functions.enter_contas_a_pagar;  CLICK - BACK OFFICE
23-06-2024 02:45:33.846Z;functions.enter_contas_a_pagar;  CLICK - GESTAO FINANCEIRA
23-06-2024 02:45:40.096Z;functions.enter_contas_a_pagar;  CLICK - CONTAS A PAGAR
23-06-2024 02:45:40.987Z;functions.waitForImage;  LANÇAMENTOS image found.
23-06-2024 02:45:43.104Z;functions.enter_contas_a_pagar;  CLICA EM LANÇAMENTOS
23-06-2024 02:45:58.377Z;functions.waitForImage;  LICENCAS EXCEDIDAS image not found.
23-06-2024 02:45:58.377Z;functions.obter_intervalo_data;  VERIFICANDO A HORA ATUAL 2
23-06-2024 02:45:58.393Z;functions.obter_intervalo_data;  Data Inicial BANCARIA antes da remoção: None
23-06-2024 02:45:58.393Z;functions.obter_intervalo_data;  Data Final BANCARIA antes da remoção: None
23-06-2024 02:45:58.393Z;functions.obter_intervalo_data;  Data Inicial BANCARIA após a remoção: None
23-06-2024 02:45:58.393Z;functions.obter_intervalo_data;  Data Final BANCARIA após a remoção: None
23-06-2024 02:45:58.393Z;functions.obter_intervalo_data;  hoje -  2024-06-23 02:45:58.393539
23-06-2024 02:45:58.393Z;functions.data_filter;  DATA INICIO 26-06-2024
23-06-2024 02:45:58.393Z;functions.data_filter;  DATA FIM 02-07-2024
23-06-2024 02:45:58.393Z;functions.data_filter;  CLICK - SELECIONA A DATA DE QUARTA FEIRA E DA PROXIMA TERÇA
23-06-2024 02:45:58.393Z;functions.data_filter;  QUARTA-FEIRA: 26-06-2024
23-06-2024 02:45:58.393Z;functions.data_filter;  TERCA-FEIRA: 02-07-2024
23-06-2024 02:46:08.221Z;functions.data_filter;  CLICK - BOTAO DE SELECAO DE FILTRO
23-06-2024 02:46:12.987Z;functions.data_filter;  INSERE - DATA DE QUARTA-FEIRA: 26-06-2024
23-06-2024 02:46:17.424Z;functions.data_filter;  INSERE - DATA DA PROX TERCA-FEIRA: 02-07-2024
23-06-2024 02:46:18.596Z;functions.data_filter;  CLICK - BOTAO DE EXECUTAR O FILTRO
23-06-2024 02:46:23.599Z;functions.desmark_filter;  AGUARDANDO 1
23-06-2024 02:46:26.846Z;functions.desmark_filter;  CLICK CHECKBOX LANÇAMENTOS A RECEBER
23-06-2024 02:46:29.503Z;functions.desmark_filter;  CLICK CHECKBOX LANÇAMENTOS BAIXADOS
23-06-2024 02:46:32.346Z;functions.desmark_filter;  CLICK CHECKBOX LANÇAMENTOS CANCELADOS
23-06-2024 02:46:35.783Z;functions.desmark_filter;  CLICK CHECKBOX LANÇAMENTOS FATURADOS
23-06-2024 02:46:39.025Z;functions.desmark_filter;  CLICK CHECKBOX LANÇAMENTOS FATURADOS
23-06-2024 02:46:44.252Z;functions.waitForImage;  FILTER CLEAN image found.
23-06-2024 02:46:46.361Z;functions.filter_clean;  CLICA NO BOTÃO X DO LIMPA FILTRO
23-06-2024 02:47:01.643Z;functions.waitForImage;  FILTER CLEAN image not found.
23-06-2024 02:47:16.955Z;functions.waitForImage;  FILTER CLEAN image not found.
23-06-2024 02:47:18.689Z;functions.filter_forma_pagamento_branco;  CLICK NA PRIMEIRA LINHA E COLUNA DA TABELA
23-06-2024 02:47:34.983Z;functions.filter_forma_pagamento_branco;  160 PASSOS PARA DIREITA NA TABELA >>
23-06-2024 02:47:41.893Z;functions.filter_forma_pagamento_branco;  HOVER NOME DA COLUNA FORMA DE PAGAMENTO
23-06-2024 02:47:44.073Z;functions.filter_forma_pagamento_branco;  CLICA PARA APARECER O FILTRO PERSONALIZAR
23-06-2024 02:47:47.407Z;functions.filter_forma_pagamento_branco;  CLICA NO FILTRO PERSONALIZAR
23-06-2024 02:47:56.799Z;functions.filter_forma_pagamento_branco;  Texto extraido 13/13
23-06-2024 02:47:56.799Z;functions.filter_forma_pagamento_branco;  Count 13
23-06-2024 02:47:56.799Z;functions.filter_forma_pagamento_branco;  Type <class 'int'>
23-06-2024 02:47:56.799Z;functions.filter_forma_pagamento_branco;  TABELA CONTÉM REGISTROS
23-06-2024 02:48:00.549Z;functions.filter_forma_pagamento_branco;  MOVIDO PRA CIMA 13 VEZES
23-06-2024 02:48:04.575Z;functions.check_table_record;  VERIFICANDO SE A TABELA ESTÁ VAZIA
23-06-2024 02:48:08.439Z;functions.check_table_record;  Texto extraido 1/13
23-06-2024 02:48:08.439Z;functions.check_table_record;  Count 13
23-06-2024 02:48:08.439Z;functions.check_table_record;  Type <class 'int'>
23-06-2024 02:48:08.439Z;functions.check_table_record;  TABELA CONTÉM REGISTROS
23-06-2024 02:48:08.439Z;functions.check_ted_branco;  VERIFICANDO O COD DO CLIENTE EM CADA REGISTRO
23-06-2024 02:48:10.377Z;functions.check_ted_branco;  CLICA NA PRIMEIRA LINHA DA TABELA
23-06-2024 02:48:14.485Z;functions.check_ted_branco;  REFERNCIA: 968517
23-06-2024 02:48:14.787Z;functions.check_ted_branco;  ENTRANDO NO REGISTRO 
23-06-2024 02:48:34.002Z;functions.waitForImage;  INTEGRAÇÃO BANCÁRIA image found.
23-06-2024 02:48:34.137Z;functions.check_ted_branco;  CLICA EM INTEGRAÇÃO BANCÁRIA
23-06-2024 02:48:34.137Z;functions.check_ted_branco;  VERIFICANDO INFORMAÇÕES
23-06-2024 02:48:34.346Z;functions.waitForImage;  TRES PONTINHOS image found.
23-06-2024 02:48:46.974Z;functions.check_ted_branco;  VERIFICANDO SE TEM PIX NO FILTRO
23-06-2024 02:48:47.190Z;functions.waitForImage;  CHECANDO DADOS BANCÁRIOS PIX image found.
23-06-2024 02:48:49.198Z;functions.check_ted_branco;  PIX NÃO ENCONTRADO PARA REFERENCIA: 968517
23-06-2024 02:48:52.912Z;functions.check_ted_branco;  APERTA EM CANCELAR
23-06-2024 02:48:53.143Z;functions.waitForImage;  PRESS BUTTON OK image found.
23-06-2024 02:48:55.260Z;functions.click_ok;  PRESS BUTTON OK
23-06-2024 02:49:07.529Z;functions.waitForImage;  ERROR GENERICO image not found.
23-06-2024 02:49:12.801Z;functions.waitForImage;  ERROR FILTRO PIX image not found.
23-06-2024 02:49:16.904Z;functions.check_ted_branco;  PASSANDO PARA PRÓXIMO REGISTRO
23-06-2024 02:49:21.009Z;functions.check_ted_branco;  REFERNCIA: 968522
23-06-2024 02:49:21.310Z;functions.check_ted_branco;  ENTRANDO NO REGISTRO 
23-06-2024 02:49:27.583Z;functions.waitForImage;  INTEGRAÇÃO BANCÁRIA image found.
23-06-2024 02:49:27.700Z;functions.check_ted_branco;  CLICA EM INTEGRAÇÃO BANCÁRIA
23-06-2024 02:49:27.700Z;functions.check_ted_branco;  VERIFICANDO INFORMAÇÕES
23-06-2024 02:49:27.912Z;functions.waitForImage;  TRES PONTINHOS image found.
23-06-2024 02:49:40.540Z;functions.check_ted_branco;  VERIFICANDO SE TEM PIX NO FILTRO
23-06-2024 02:49:40.752Z;functions.waitForImage;  CHECANDO DADOS BANCÁRIOS PIX image found.
23-06-2024 02:49:42.761Z;functions.check_ted_branco;  PIX NÃO ENCONTRADO PARA REFERENCIA: 968522
23-06-2024 02:49:46.474Z;functions.check_ted_branco;  APERTA EM CANCELAR
23-06-2024 02:49:46.705Z;functions.waitForImage;  PRESS BUTTON OK image found.
23-06-2024 02:49:48.824Z;functions.click_ok;  PRESS BUTTON OK
23-06-2024 02:50:01.080Z;functions.waitForImage;  ERROR GENERICO image not found.
23-06-2024 02:50:06.345Z;functions.waitForImage;  ERROR FILTRO PIX image not found.
23-06-2024 02:50:10.460Z;functions.check_ted_branco;  PASSANDO PARA PRÓXIMO REGISTRO
23-06-2024 02:50:14.564Z;functions.check_ted_branco;  REFERNCIA: 969124
23-06-2024 02:50:14.866Z;functions.check_ted_branco;  ENTRANDO NO REGISTRO 
23-06-2024 02:50:21.111Z;functions.waitForImage;  INTEGRAÇÃO BANCÁRIA image found.
23-06-2024 02:50:21.230Z;functions.check_ted_branco;  CLICA EM INTEGRAÇÃO BANCÁRIA
23-06-2024 02:50:21.230Z;functions.check_ted_branco;  VERIFICANDO INFORMAÇÕES
23-06-2024 02:50:22.158Z;functions.waitForImage;  TRES PONTINHOS image found.
23-06-2024 02:50:34.784Z;functions.check_ted_branco;  VERIFICANDO SE TEM PIX NO FILTRO
23-06-2024 02:50:35.002Z;functions.waitForImage;  CHECANDO DADOS BANCÁRIOS PIX image found.
23-06-2024 02:50:37.009Z;functions.check_ted_branco;  PIX NÃO ENCONTRADO PARA REFERENCIA: 969124
23-06-2024 02:50:40.722Z;functions.check_ted_branco;  APERTA EM CANCELAR
23-06-2024 02:50:40.908Z;functions.waitForImage;  PRESS BUTTON OK image found.
23-06-2024 02:50:43.043Z;functions.click_ok;  PRESS BUTTON OK
23-06-2024 02:50:55.298Z;functions.waitForImage;  ERROR GENERICO image not found.
23-06-2024 02:51:00.564Z;functions.waitForImage;  ERROR FILTRO PIX image not found.
23-06-2024 02:51:04.682Z;functions.check_ted_branco;  PASSANDO PARA PRÓXIMO REGISTRO
23-06-2024 02:51:08.786Z;functions.check_ted_branco;  REFERNCIA: 968764
23-06-2024 02:51:09.088Z;functions.check_ted_branco;  ENTRANDO NO REGISTRO 
23-06-2024 02:51:14.564Z;functions.waitForImage;  INTEGRAÇÃO BANCÁRIA image found.
23-06-2024 02:51:14.697Z;functions.check_ted_branco;  CLICA EM INTEGRAÇÃO BANCÁRIA
23-06-2024 02:51:14.697Z;functions.check_ted_branco;  VERIFICANDO INFORMAÇÕES
23-06-2024 02:51:15.580Z;functions.waitForImage;  TRES PONTINHOS image found.
23-06-2024 02:51:28.214Z;functions.check_ted_branco;  VERIFICANDO SE TEM PIX NO FILTRO
23-06-2024 02:51:28.439Z;functions.waitForImage;  CHECANDO DADOS BANCÁRIOS PIX image found.
23-06-2024 02:51:30.446Z;functions.check_ted_branco;  PIX NÃO ENCONTRADO PARA REFERENCIA: 968764
23-06-2024 02:51:34.174Z;functions.check_ted_branco;  APERTA EM CANCELAR
23-06-2024 02:51:34.361Z;functions.waitForImage;  PRESS BUTTON OK image found.
23-06-2024 02:51:36.478Z;functions.click_ok;  PRESS BUTTON OK
23-06-2024 02:51:48.736Z;functions.waitForImage;  ERROR GENERICO image not found.
23-06-2024 02:51:54.002Z;functions.waitForImage;  ERROR FILTRO PIX image not found.
23-06-2024 02:51:58.119Z;functions.check_ted_branco;  PASSANDO PARA PRÓXIMO REGISTRO
23-06-2024 02:52:02.224Z;functions.check_ted_branco;  REFERNCIA: 968855
23-06-2024 02:52:02.525Z;functions.check_ted_branco;  ENTRANDO NO REGISTRO 
23-06-2024 02:52:08.744Z;functions.waitForImage;  INTEGRAÇÃO BANCÁRIA image found.
23-06-2024 02:52:08.855Z;functions.check_ted_branco;  CLICA EM INTEGRAÇÃO BANCÁRIA
23-06-2024 02:52:08.855Z;functions.check_ted_branco;  VERIFICANDO INFORMAÇÕES
23-06-2024 02:52:09.059Z;functions.waitForImage;  TRES PONTINHOS image found.
23-06-2024 02:52:21.687Z;functions.check_ted_branco;  VERIFICANDO SE TEM PIX NO FILTRO
23-06-2024 02:52:21.908Z;functions.waitForImage;  CHECANDO DADOS BANCÁRIOS PIX image found.
23-06-2024 02:52:23.913Z;functions.check_ted_branco;  PIX NÃO ENCONTRADO PARA REFERENCIA: 968855
23-06-2024 02:52:27.625Z;functions.check_ted_branco;  APERTA EM CANCELAR
23-06-2024 02:52:27.846Z;functions.waitForImage;  PRESS BUTTON OK image found.
23-06-2024 02:52:29.978Z;functions.click_ok;  PRESS BUTTON OK
23-06-2024 02:52:42.236Z;functions.waitForImage;  ERROR GENERICO image not found.
23-06-2024 02:52:47.515Z;functions.waitForImage;  ERROR FILTRO PIX image not found.
23-06-2024 02:52:51.619Z;functions.check_ted_branco;  PASSANDO PARA PRÓXIMO REGISTRO
23-06-2024 02:52:55.723Z;functions.check_ted_branco;  REFERNCIA: 967276
23-06-2024 02:52:56.025Z;functions.check_ted_branco;  ENTRANDO NO REGISTRO 
23-06-2024 02:53:01.541Z;functions.waitForImage;  INTEGRAÇÃO BANCÁRIA image found.
23-06-2024 02:53:01.667Z;functions.check_ted_branco;  CLICA EM INTEGRAÇÃO BANCÁRIA
23-06-2024 02:53:01.667Z;functions.check_ted_branco;  VERIFICANDO INFORMAÇÕES
23-06-2024 02:53:01.814Z;functions.waitForImage;  TRES PONTINHOS image found.
23-06-2024 02:53:14.449Z;functions.check_ted_branco;  VERIFICANDO SE TEM PIX NO FILTRO
23-06-2024 02:53:14.657Z;functions.waitForImage;  CHECANDO DADOS BANCÁRIOS PIX image found.
23-06-2024 02:53:16.663Z;functions.check_ted_branco;  PIX NÃO ENCONTRADO PARA REFERENCIA: 967276
23-06-2024 02:53:20.378Z;functions.check_ted_branco;  APERTA EM CANCELAR
23-06-2024 02:53:20.579Z;functions.waitForImage;  PRESS BUTTON OK image found.
23-06-2024 02:53:22.700Z;functions.click_ok;  PRESS BUTTON OK
23-06-2024 02:53:34.955Z;functions.waitForImage;  ERROR GENERICO image not found.
23-06-2024 02:53:40.220Z;functions.waitForImage;  ERROR FILTRO PIX image not found.
23-06-2024 02:53:44.339Z;functions.check_ted_branco;  PASSANDO PARA PRÓXIMO REGISTRO
23-06-2024 02:53:48.444Z;functions.check_ted_branco;  REFERNCIA: 967675
23-06-2024 02:53:48.745Z;functions.check_ted_branco;  ENTRANDO NO REGISTRO 
23-06-2024 02:53:55.001Z;functions.waitForImage;  INTEGRAÇÃO BANCÁRIA image found.
23-06-2024 02:53:55.135Z;functions.check_ted_branco;  CLICA EM INTEGRAÇÃO BANCÁRIA
23-06-2024 02:53:55.135Z;functions.check_ted_branco;  VERIFICANDO INFORMAÇÕES
23-06-2024 02:53:55.343Z;functions.waitForImage;  TRES PONTINHOS image found.
23-06-2024 02:54:07.970Z;functions.check_ted_branco;  VERIFICANDO SE TEM PIX NO FILTRO
23-06-2024 02:54:08.189Z;functions.waitForImage;  CHECANDO DADOS BANCÁRIOS PIX image found.
23-06-2024 02:54:10.194Z;functions.check_ted_branco;  PIX NÃO ENCONTRADO PARA REFERENCIA: 967675
23-06-2024 02:54:13.907Z;functions.check_ted_branco;  APERTA EM CANCELAR
23-06-2024 02:54:14.126Z;functions.waitForImage;  PRESS BUTTON OK image found.
23-06-2024 02:54:16.261Z;functions.click_ok;  PRESS BUTTON OK
23-06-2024 02:54:28.517Z;functions.waitForImage;  ERROR GENERICO image not found.
23-06-2024 02:54:33.798Z;functions.waitForImage;  ERROR FILTRO PIX image not found.
23-06-2024 02:54:37.903Z;functions.check_ted_branco;  PASSANDO PARA PRÓXIMO REGISTRO
23-06-2024 02:54:42.008Z;functions.check_ted_branco;  REFERNCIA: 753542
23-06-2024 02:54:42.310Z;functions.check_ted_branco;  ENTRANDO NO REGISTRO 
23-06-2024 02:54:48.564Z;functions.waitForImage;  INTEGRAÇÃO BANCÁRIA image found.
23-06-2024 02:54:48.698Z;functions.check_ted_branco;  CLICA EM INTEGRAÇÃO BANCÁRIA
23-06-2024 02:54:48.698Z;functions.check_ted_branco;  VERIFICANDO INFORMAÇÕES
23-06-2024 02:54:49.579Z;functions.waitForImage;  TRES PONTINHOS image found.
23-06-2024 02:55:02.221Z;functions.check_ted_branco;  VERIFICANDO SE TEM PIX NO FILTRO
23-06-2024 02:55:02.439Z;functions.waitForImage;  CHECANDO DADOS BANCÁRIOS PIX image found.
23-06-2024 02:55:04.448Z;functions.check_ted_branco;  PIX NÃO ENCONTRADO PARA REFERENCIA: 753542
23-06-2024 02:55:08.160Z;functions.check_ted_branco;  APERTA EM CANCELAR
23-06-2024 02:55:08.360Z;functions.waitForImage;  PRESS BUTTON OK image found.
23-06-2024 02:55:10.512Z;functions.click_ok;  PRESS BUTTON OK
23-06-2024 02:55:22.781Z;functions.waitForImage;  ERROR GENERICO image not found.
23-06-2024 02:55:28.032Z;functions.waitForImage;  ERROR FILTRO PIX image not found.
23-06-2024 02:55:32.148Z;functions.check_ted_branco;  PASSANDO PARA PRÓXIMO REGISTRO
23-06-2024 02:55:36.254Z;functions.check_ted_branco;  REFERNCIA: 753543
23-06-2024 02:55:36.556Z;functions.check_ted_branco;  ENTRANDO NO REGISTRO 
23-06-2024 02:55:42.802Z;functions.waitForImage;  INTEGRAÇÃO BANCÁRIA image found.
23-06-2024 02:55:42.918Z;functions.check_ted_branco;  CLICA EM INTEGRAÇÃO BANCÁRIA
23-06-2024 02:55:42.918Z;functions.check_ted_branco;  VERIFICANDO INFORMAÇÕES
23-06-2024 02:55:43.845Z;functions.waitForImage;  TRES PONTINHOS image found.
23-06-2024 02:55:56.471Z;functions.check_ted_branco;  VERIFICANDO SE TEM PIX NO FILTRO
23-06-2024 02:55:56.688Z;functions.waitForImage;  CHECANDO DADOS BANCÁRIOS PIX image found.
23-06-2024 02:55:58.696Z;functions.check_ted_branco;  PIX NÃO ENCONTRADO PARA REFERENCIA: 753543
23-06-2024 02:56:02.409Z;functions.check_ted_branco;  APERTA EM CANCELAR
23-06-2024 02:56:02.627Z;functions.waitForImage;  PRESS BUTTON OK image found.
23-06-2024 02:56:04.761Z;functions.click_ok;  PRESS BUTTON OK
23-06-2024 02:56:17.016Z;functions.waitForImage;  ERROR GENERICO image not found.
23-06-2024 02:56:22.282Z;functions.waitForImage;  ERROR FILTRO PIX image not found.
23-06-2024 02:56:26.397Z;functions.check_ted_branco;  PASSANDO PARA PRÓXIMO REGISTRO
23-06-2024 02:56:30.501Z;functions.check_ted_branco;  REFERNCIA: 753665
23-06-2024 02:56:30.803Z;functions.check_ted_branco;  ENTRANDO NO REGISTRO 
23-06-2024 02:56:38.360Z;functions.waitForImage;  INTEGRAÇÃO BANCÁRIA image found.
23-06-2024 02:56:38.478Z;functions.check_ted_branco;  CLICA EM INTEGRAÇÃO BANCÁRIA
23-06-2024 02:56:38.478Z;functions.check_ted_branco;  VERIFICANDO INFORMAÇÕES
23-06-2024 02:56:39.360Z;functions.waitForImage;  TRES PONTINHOS image found.
23-06-2024 02:56:51.991Z;functions.check_ted_branco;  VERIFICANDO SE TEM PIX NO FILTRO
23-06-2024 02:56:52.188Z;functions.waitForImage;  CHECANDO DADOS BANCÁRIOS PIX image found.
23-06-2024 02:56:54.195Z;functions.check_ted_branco;  PIX NÃO ENCONTRADO PARA REFERENCIA: 753665
23-06-2024 02:56:57.908Z;functions.check_ted_branco;  APERTA EM CANCELAR
23-06-2024 02:56:58.125Z;functions.waitForImage;  PRESS BUTTON OK image found.
23-06-2024 02:57:00.259Z;functions.click_ok;  PRESS BUTTON OK
23-06-2024 02:57:12.535Z;functions.waitForImage;  ERROR GENERICO image not found.
23-06-2024 02:57:17.799Z;functions.waitForImage;  ERROR FILTRO PIX image not found.
23-06-2024 02:57:21.902Z;functions.check_ted_branco;  PASSANDO PARA PRÓXIMO REGISTRO
23-06-2024 02:57:26.007Z;functions.check_ted_branco;  REFERNCIA: 753666
23-06-2024 02:57:26.309Z;functions.check_ted_branco;  ENTRANDO NO REGISTRO 
23-06-2024 02:57:32.485Z;functions.waitForImage;  INTEGRAÇÃO BANCÁRIA image found.
23-06-2024 02:57:32.602Z;functions.check_ted_branco;  CLICA EM INTEGRAÇÃO BANCÁRIA
23-06-2024 02:57:32.602Z;functions.check_ted_branco;  VERIFICANDO INFORMAÇÕES
23-06-2024 02:57:33.500Z;functions.waitForImage;  TRES PONTINHOS image found.
23-06-2024 02:57:46.136Z;functions.check_ted_branco;  VERIFICANDO SE TEM PIX NO FILTRO
23-06-2024 02:57:46.344Z;functions.waitForImage;  CHECANDO DADOS BANCÁRIOS PIX image found.
23-06-2024 02:57:48.349Z;functions.check_ted_branco;  PIX NÃO ENCONTRADO PARA REFERENCIA: 753666
23-06-2024 02:57:52.061Z;functions.check_ted_branco;  APERTA EM CANCELAR
23-06-2024 02:57:52.266Z;functions.waitForImage;  PRESS BUTTON OK image found.
23-06-2024 02:57:54.386Z;functions.click_ok;  PRESS BUTTON OK
23-06-2024 02:58:06.657Z;functions.waitForImage;  ERROR GENERICO image not found.
23-06-2024 02:58:11.907Z;functions.waitForImage;  ERROR FILTRO PIX image not found.
23-06-2024 02:58:16.022Z;functions.check_ted_branco;  PASSANDO PARA PRÓXIMO REGISTRO
23-06-2024 02:58:20.127Z;functions.check_ted_branco;  REFERNCIA: 753606
23-06-2024 02:58:20.428Z;functions.check_ted_branco;  ENTRANDO NO REGISTRO 
23-06-2024 02:58:26.704Z;functions.waitForImage;  INTEGRAÇÃO BANCÁRIA image found.
23-06-2024 02:58:26.822Z;functions.check_ted_branco;  CLICA EM INTEGRAÇÃO BANCÁRIA
23-06-2024 02:58:26.822Z;functions.check_ted_branco;  VERIFICANDO INFORMAÇÕES
23-06-2024 02:58:27.627Z;functions.waitForImage;  TRES PONTINHOS image found.
23-06-2024 02:58:40.259Z;functions.check_ted_branco;  VERIFICANDO SE TEM PIX NO FILTRO
23-06-2024 02:58:40.469Z;functions.waitForImage;  CHECANDO DADOS BANCÁRIOS PIX image found.
23-06-2024 02:58:42.474Z;functions.check_ted_branco;  PIX NÃO ENCONTRADO PARA REFERENCIA: 753606
23-06-2024 02:58:46.187Z;functions.check_ted_branco;  APERTA EM CANCELAR
23-06-2024 02:58:46.391Z;functions.waitForImage;  PRESS BUTTON OK image found.
23-06-2024 02:58:48.511Z;functions.click_ok;  PRESS BUTTON OK
23-06-2024 02:59:00.782Z;functions.waitForImage;  ERROR GENERICO image not found.
23-06-2024 02:59:06.031Z;functions.waitForImage;  ERROR FILTRO PIX image not found.
23-06-2024 02:59:10.147Z;functions.check_ted_branco;  PASSANDO PARA PRÓXIMO REGISTRO
23-06-2024 02:59:14.251Z;functions.check_ted_branco;  REFERNCIA: 753605
23-06-2024 02:59:14.553Z;functions.check_ted_branco;  ENTRANDO NO REGISTRO 
23-06-2024 02:59:20.719Z;functions.waitForImage;  INTEGRAÇÃO BANCÁRIA image found.
23-06-2024 02:59:20.852Z;functions.check_ted_branco;  CLICA EM INTEGRAÇÃO BANCÁRIA
23-06-2024 02:59:20.852Z;functions.check_ted_branco;  VERIFICANDO INFORMAÇÕES
23-06-2024 02:59:21.782Z;functions.waitForImage;  TRES PONTINHOS image found.
23-06-2024 02:59:34.412Z;functions.check_ted_branco;  VERIFICANDO SE TEM PIX NO FILTRO
23-06-2024 02:59:34.625Z;functions.waitForImage;  CHECANDO DADOS BANCÁRIOS PIX image found.
23-06-2024 02:59:36.633Z;functions.check_ted_branco;  PIX NÃO ENCONTRADO PARA REFERENCIA: 753605
23-06-2024 02:59:40.346Z;functions.check_ted_branco;  APERTA EM CANCELAR
23-06-2024 02:59:40.547Z;functions.waitForImage;  PRESS BUTTON OK image found.
23-06-2024 02:59:42.667Z;functions.click_ok;  PRESS BUTTON OK
23-06-2024 02:59:54.938Z;functions.waitForImage;  ERROR GENERICO image not found.
23-06-2024 03:00:00.188Z;functions.waitForImage;  ERROR FILTRO PIX image not found.
23-06-2024 03:00:00.203Z;functions.check_ted_branco;  FORAI VERIFICADO: 13 REFERENCIAS NO PROCESSAMENTO FORMA DE PAGAMENTO ELETRONICA EM BRANCO
23-06-2024 03:00:03.156Z;errorhandler.__handle;  Property: Unknown Property name. [1:203: -ms-interpolation-mode]
23-06-2024 03:00:03.203Z;errorhandler.__handle;  Property: Unknown Property name. [1:353: -webkit-font-smoothing]
23-06-2024 03:00:03.219Z;errorhandler.__handle;  Property: Unknown Property name. [1:483: -ms-text-size-adjust]
23-06-2024 03:00:03.219Z;errorhandler.__handle;  Property: Unknown Property name. [1:518: -webkit-text-size-adjust]
23-06-2024 03:00:03.219Z;errorhandler.__handle;  Property: Unknown Property name. [1:612: mso-table-lspace]
23-06-2024 03:00:03.219Z;errorhandler.__handle;  Property: Unknown Property name. [1:642: mso-table-rspace]
23-06-2024 03:00:03.453Z;errorhandler.__handle;  Property: Unknown Property name. [1:4734: mso-hide]
23-06-2024 03:00:03.563Z;errorhandler.__handle;  Property: Unknown Property name. [1:13: -ms-interpolation-mode]
23-06-2024 03:00:03.563Z;errorhandler.__handle;  Property: Unknown Property name. [1:49: -webkit-font-smoothing]
23-06-2024 03:00:03.563Z;errorhandler.__handle;  Property: Unknown Property name. [1:134: -ms-text-size-adjust]
23-06-2024 03:00:03.563Z;errorhandler.__handle;  Property: Unknown Property name. [1:160: -webkit-text-size-adjust]
23-06-2024 03:00:03.563Z;errorhandler.__handle;  Property: Unknown Property name. [1:26: mso-table-lspace]
23-06-2024 03:00:03.563Z;errorhandler.__handle;  Property: Unknown Property name. [1:45: mso-table-rspace]
23-06-2024 03:00:03.610Z;errorhandler.__handle;  Property: Unknown Property name. [1:92: mso-hide]
23-06-2024 03:00:03.625Z;errorhandler.__handle;  Property: No ":" after name found: align-center [1:1: align-center]
23-06-2024 03:00:03.625Z;errorhandler.__handle;  Property: No property value found: align-center [1:1: align-center]
23-06-2024 03:00:03.625Z;errorhandler.__handle;  CSSStyleDeclaration: Syntax Error in Property: align-center
23-06-2024 03:00:03.625Z;errorhandler.__handle;  Property: Unknown Property name. [1:14: -ms-interpolation-mode]
23-06-2024 03:00:06.703Z;functions.emailFinalizado;  Warning e-mail sent.
23-06-2024 03:00:06.703Z;main.<module>;  Remessa Bancária TED CIP com filtro de pagamento eletronica em branco modificadas para pix 
 PASSO 3 FINALIZADO
23-06-2024 03:00:06.703Z;main.<module>;  O PROGRAMA SERÁ ENCERRADO
23-06-2024 03:00:08.519Z;errorhandler.__handle;  Property: Unknown Property name. [1:14: -ms-interpolation-mode]
23-06-2024 03:00:11.081Z;functions.emailFinalizado;  Warning e-mail sent.
23-06-2024 03:00:11.359Z;functions.end_RM;  RM ENCERRADO
