23-06-2024 06:27:33.220Z;functions.bot_text_art;      ____   
23-06-2024 06:27:33.236Z;functions.bot_text_art;     [____]    
23-06-2024 06:27:33.236Z;functions.bot_text_art;   |=]()()[=|  
23-06-2024 06:27:33.236Z;functions.bot_text_art;     _\==/__    _____    ____     _        _____    ___   _  __
23-06-2024 06:27:33.236Z;functions.bot_text_art;   |__|   |_|  |  _  \  / ___|   | |      |_   _| / ___| | |/ /
23-06-2024 06:27:33.236Z;functions.bot_text_art;   |_|_/\_|_|  | |  | | | |      | |        | |   | |    | ' / 
23-06-2024 06:27:33.236Z;functions.bot_text_art;   | | __ | |  | |  | | | |      | |        | |   | |    |  <  
23-06-2024 06:27:33.236Z;functions.bot_text_art;   |_|[  ]|_|  | |__| | | |____  | |____   _| |_  | |__  | . \ 
23-06-2024 06:27:33.236Z;functions.bot_text_art;   \_|_||_|_/  |_____/   \_____| |______| |_____| \ ___| |_|\_\
23-06-2024 06:27:33.236Z;functions.bot_text_art;     |_||_|                                                     
23-06-2024 06:27:33.236Z;functions.bot_text_art;     | ||_|_   
23-06-2024 06:27:33.236Z;functions.bot_text_art;   |___||___|  
23-06-2024 06:27:33.236Z;functions.bot_text_art;               
23-06-2024 06:27:33.251Z;functions.open_RM;  OPEN PROGRAM RM
23-06-2024 06:27:33.251Z;functions.caps;  DESATIVANDO CAPS
23-06-2024 06:27:33.251Z;functions.loggin_RM;  BUSCANDO LOGGIN RM
23-06-2024 06:27:50.574Z;functions.loggin_RM;  ENTER USER_NAME
23-06-2024 06:27:55.323Z;functions.loggin_RM;  ENTER PASSWORD
23-06-2024 06:27:56.730Z;functions.loggin_RM;  ENTER RM
23-06-2024 06:29:43.324Z;functions.enter_coligada;  CLICK CONTEXTO
23-06-2024 06:29:45.980Z;functions.enter_coligada;  CLICK ALTERAR MODULO DO CONTEXTO
23-06-2024 06:29:50.120Z;functions.enter_coligada;  INSERE O COLIGADA CODE = 1
23-06-2024 06:29:50.227Z;functions.enter_coligada;  APERTA TAB PARA PREENCHER O CAMPO COM A STRING: OCEANICA ENGENHARIA E CONSULTORIA S.A.
23-06-2024 06:29:52.449Z;functions.enter_coligada;  CLICK AVANÇAR NOVAMENTE
23-06-2024 06:29:53.824Z;functions.enter_coligada;  CLICK CONCLUIR
23-06-2024 06:30:14.199Z;functions.waitForImage;  TROCA COLIGADA image not found.
23-06-2024 06:30:34.417Z;functions.enter_coligada;  POP UP COLIGADA DESAPARECER
23-06-2024 06:30:35.386Z;functions.check_movimentacao_bancaria;  CLICK - TOTVS - LINHA RM
23-06-2024 06:30:37.324Z;functions.check_movimentacao_bancaria;  CLICK - BACK OFFICE
23-06-2024 06:30:40.074Z;functions.check_movimentacao_bancaria;  CLICK - GESTAO FINANCEIRA
23-06-2024 06:30:40.074Z;functions.movimentacao_bancaria;  AGUARDANDO 1
23-06-2024 06:30:46.011Z;functions.movimentacao_bancaria;  CLICA NA ABA MOVIMENTAÇÃO BANCARIA
23-06-2024 06:30:46.964Z;functions.waitForImage;  IMAGEM BORDERO image found.
23-06-2024 06:30:49.081Z;functions.movimentacao_bancaria;  IMAGEM BORDERO CLICADA.
23-06-2024 06:30:59.245Z;functions.waitForImage;  LICENCAS EXCEDIDAS image not found.
23-06-2024 06:30:59.949Z;functions.movimentacao_bancaria;  ENCONTROU O FILTRO DA MOVIMENTAÇÃO BANCÁRIA
23-06-2024 06:31:00.011Z;functions.movimentacao_bancaria;  CLICA NA ABA SUPERIOR DO FILTRO
23-06-2024 06:31:07.320Z;functions.movimentacao_bancaria;  SELECIONA O FILTRO HOJE
23-06-2024 06:31:12.543Z;functions.waitForImage;  FILTER CLEAN image found.
23-06-2024 06:31:14.676Z;functions.filter_clean;  CLICA NO BOTÃO X DO LIMPA FILTRO
23-06-2024 06:31:14.886Z;functions.waitForImage;  FILTER CLEAN image found.
23-06-2024 06:31:17.019Z;functions.filter_clean;  CLICA NO BOTÃO X DO LIMPA FILTRO
23-06-2024 06:31:32.308Z;functions.waitForImage;  FILTER CLEAN image not found.
23-06-2024 06:31:34.043Z;functions.movimentacao_bancaria;  CLICA NA PRIMEIRA LINHA DA TABELA MOVIMENTAÇÃO BANCÁRIA
23-06-2024 06:31:35.651Z;functions.movimentacao_bancaria;  CLICA NA PRIMEIRA LINHA DA TABELA MOVIMENTAÇÃO BANCÁRIA
23-06-2024 06:31:36.878Z;functions.movimentacao_bancaria;  12 PASSOS PARA DIREITA NA TABELA >>
23-06-2024 06:31:39.136Z;functions.movimentacao_bancaria;  HOVER FILTER
23-06-2024 06:31:39.716Z;functions.movimentacao_bancaria;  CLICK FILTER
23-06-2024 06:31:44.041Z;functions.movimentacao_bancaria;  CLICA NO FILTRO  STATUS DA REMESSA
23-06-2024 06:31:46.144Z;functions.movimentacao_bancaria;  APERTA TAB PARA ESCREVER O FILTRO
23-06-2024 06:31:48.258Z;functions.movimentacao_bancaria;  ESCREVE PENDENTE NO FILTRO
23-06-2024 06:31:50.362Z;functions.movimentacao_bancaria;  APERTA ENTER PARA SELECIONAR OS PENDENTES
23-06-2024 06:32:10.902Z;functions.movimentacao_bancaria;  SEM PROCESSAMENTO DE BORDERO PENDENTE
23-06-2024 06:32:21.105Z;functions.waitForImage;  FILTER CLEAN image found.
23-06-2024 06:32:23.240Z;functions.filter_clean;  CLICA NO BOTÃO X DO LIMPA FILTRO
23-06-2024 06:32:38.542Z;functions.waitForImage;  FILTER CLEAN image not found.
23-06-2024 06:32:53.839Z;functions.waitForImage;  FILTER CLEAN image not found.
23-06-2024 06:32:55.793Z;functions.processo_pagamento;  CLICA NA PRIMEIRA LINHA DA TABELA MOVIMENTAÇÃO BANCÁRIA
23-06-2024 06:32:58.027Z;functions.processo_pagamento;  HOVER FILTER
23-06-2024 06:32:58.611Z;functions.processo_pagamento;  CLICK FILTER
23-06-2024 06:33:02.944Z;functions.processo_pagamento;  CLICA NO FILTRO  STATUS DA REMESSA
23-06-2024 06:33:05.047Z;functions.processo_pagamento;  APERTA TAB PARA ESCREVER O FILTRO
23-06-2024 06:33:07.165Z;functions.processo_pagamento;  ESCREVE AUTORIZADO NO FILTRO
23-06-2024 06:33:09.267Z;functions.processo_pagamento;  APERTA ENTER PARA SELECIONAR OS AUTORIZADOS
23-06-2024 06:33:29.870Z;functions.processo_pagamento;  SEM REMESSA DE BORDERO AUTORIZADO
23-06-2024 06:33:30.975Z;functions.processo_pagamento;  FECHA ABA MOVIMENTAÇÕES BANCÁRIAS
23-06-2024 06:33:32.730Z;functions.enter_contas_a_pagar;  CLICK - TOTVS - LINHA RM
23-06-2024 06:33:34.261Z;functions.enter_contas_a_pagar;  CLICK - BACK OFFICE
23-06-2024 06:33:35.199Z;functions.enter_contas_a_pagar;  CLICK - GESTAO FINANCEIRA
23-06-2024 06:33:41.198Z;functions.enter_contas_a_pagar;  CLICK - CONTAS A PAGAR
23-06-2024 06:33:42.136Z;functions.waitForImage;  LANÇAMENTOS image found.
23-06-2024 06:33:44.270Z;functions.enter_contas_a_pagar;  CLICA EM LANÇAMENTOS
23-06-2024 06:33:59.573Z;functions.waitForImage;  LICENCAS EXCEDIDAS image not found.
23-06-2024 06:33:59.589Z;functions.obter_intervalo_data;  VERIFICANDO A HORA ATUAL 6
23-06-2024 06:33:59.605Z;functions.obter_intervalo_data;  Data Inicial BANCARIA antes da remoção: None
23-06-2024 06:33:59.605Z;functions.obter_intervalo_data;  Data Final BANCARIA antes da remoção: None
23-06-2024 06:33:59.620Z;functions.obter_intervalo_data;  Data Inicial BANCARIA após a remoção: None
23-06-2024 06:33:59.620Z;functions.obter_intervalo_data;  Data Final BANCARIA após a remoção: None
23-06-2024 06:33:59.620Z;functions.obter_intervalo_data;  hoje -  2024-06-23 06:33:59.620809
23-06-2024 06:33:59.620Z;functions.data_filter;  DATA INICIO 26-06-2024
23-06-2024 06:33:59.620Z;functions.data_filter;  DATA FIM 02-07-2024
23-06-2024 06:33:59.620Z;functions.data_filter;  CLICK - SELECIONA A DATA DE QUARTA FEIRA E DA PROXIMA TERÇA
23-06-2024 06:33:59.620Z;functions.data_filter;  QUARTA-FEIRA: 26-06-2024
23-06-2024 06:33:59.620Z;functions.data_filter;  TERCA-FEIRA: 02-07-2024
23-06-2024 06:34:09.386Z;functions.data_filter;  CLICK - BOTAO DE SELECAO DE FILTRO
23-06-2024 06:34:14.214Z;functions.data_filter;  INSERE - DATA DE QUARTA-FEIRA: 26-06-2024
23-06-2024 06:34:18.621Z;functions.data_filter;  INSERE - DATA DA PROX TERCA-FEIRA: 02-07-2024
23-06-2024 06:34:19.761Z;functions.data_filter;  CLICK - BOTAO DE EXECUTAR O FILTRO
23-06-2024 06:34:24.766Z;functions.desmark_filter;  AGUARDANDO 1
23-06-2024 06:34:28.605Z;functions.desmark_filter;  CLICK CHECKBOX LANÇAMENTOS A RECEBER
23-06-2024 06:34:31.199Z;functions.desmark_filter;  CLICK CHECKBOX LANÇAMENTOS BAIXADOS
23-06-2024 06:34:34.136Z;functions.desmark_filter;  CLICK CHECKBOX LANÇAMENTOS CANCELADOS
23-06-2024 06:34:37.655Z;functions.desmark_filter;  CLICK CHECKBOX LANÇAMENTOS FATURADOS
23-06-2024 06:34:40.854Z;functions.desmark_filter;  CLICK CHECKBOX LANÇAMENTOS FATURADOS
23-06-2024 06:35:01.171Z;functions.waitForImage;  FILTER CLEAN image not found.
23-06-2024 06:35:16.479Z;functions.waitForImage;  FILTER CLEAN image not found.
23-06-2024 06:35:31.792Z;functions.waitForImage;  FILTER CLEAN image not found.
23-06-2024 06:35:31.792Z;functions.check_table_record;  VERIFICANDO SE A TABELA ESTÁ VAZIA
23-06-2024 06:35:35.604Z;functions.check_table_record;  Texto extraido 1/88
23-06-2024 06:35:35.620Z;functions.check_table_record;  Count 88
23-06-2024 06:35:35.620Z;functions.check_table_record;  Type <class 'int'>
23-06-2024 06:35:35.620Z;functions.check_table_record;  TABELA CONTÉM REGISTROS
23-06-2024 06:35:47.621Z;functions.select_tipo_documento;  NOME DA COLUNA: Tipo de Documento
23-06-2024 06:35:49.542Z;functions.select_tipo_documento;  HOVER NOME DA COLUNA: Tipo de Documento
23-06-2024 06:35:50.412Z;functions.select_tipo_documento;  CLICA NO FILTRO PERSONALIZAR
23-06-2024 06:35:52.011Z;functions.select_tipo_documento;  CLICA PARA SELECIONAR OPÇÕES DO FILTRO
23-06-2024 06:35:58.454Z;functions.select_tipo_documento;  FILTRO "NÃO É IGUAL A INV" DEFINIDO
23-06-2024 06:35:59.792Z;functions.select_tipo_documento;  CLICK BUTTON CONFIRMAR FILTRO
23-06-2024 06:36:04.796Z;functions.filter_IPTE;  VERIFICANDO O COD DO CLIENTE EM CADA REGISTRO
23-06-2024 06:36:06.479Z;functions.filter_IPTE;  CLICA NA PRIMEIRA LINHA DA TABELA
23-06-2024 06:36:30.792Z;functions.filter_IPTE;  HOVER FILTER
23-06-2024 06:36:32.706Z;functions.filter_IPTE;  CLICK FILTER
23-06-2024 06:36:37.037Z;functions.filter_IPTE;  CLICA NO FILTRO PERSONALIZAR
23-06-2024 06:37:19.339Z;functions.filter_IPTE;  MOVIDO PRA CIMA 100 VEZES
23-06-2024 06:37:55.511Z;functions.filter_IPTE;  MOVIDO PRA CIMA MAIS 100 VEZES
23-06-2024 06:38:11.308Z;functions.filter_IPTE;  TABELA NÃO CONTÉM REGISTROS
23-06-2024 06:38:11.308Z;functions.check_table_record;  VERIFICANDO SE A TABELA ESTÁ VAZIA
23-06-2024 06:38:14.855Z;functions.check_table_record;  Texto extraido 0/0
23-06-2024 06:38:14.855Z;functions.check_table_record;  Count 0
23-06-2024 06:38:14.855Z;functions.check_table_record;  Type <class 'int'>
23-06-2024 06:38:14.855Z;functions.check_table_record;  SEM REGISTROS
23-06-2024 06:38:16.869Z;main.<module>;  SEM REMESSA BANCÁRIA
23-06-2024 06:38:16.869Z;functions.movimentacao_bancaria;  AGUARDANDO 1
23-06-2024 06:38:18.167Z;functions.movimentacao_bancaria;  CLICA NA ABA MOVIMENTAÇÃO BANCARIA
23-06-2024 06:38:18.402Z;functions.waitForImage;  IMAGEM BORDERO image found.
23-06-2024 06:38:20.507Z;functions.movimentacao_bancaria;  IMAGEM BORDERO CLICADA.
23-06-2024 06:38:30.792Z;functions.waitForImage;  LICENCAS EXCEDIDAS image not found.
23-06-2024 06:38:31.511Z;functions.movimentacao_bancaria;  ENCONTROU O FILTRO DA MOVIMENTAÇÃO BANCÁRIA
23-06-2024 06:38:31.573Z;functions.movimentacao_bancaria;  CLICA NA ABA SUPERIOR DO FILTRO
23-06-2024 06:38:38.883Z;functions.movimentacao_bancaria;  SELECIONA O FILTRO HOJE
23-06-2024 06:38:44.104Z;functions.waitForImage;  FILTER CLEAN image found.
23-06-2024 06:38:46.238Z;functions.filter_clean;  CLICA NO BOTÃO X DO LIMPA FILTRO
23-06-2024 06:39:01.527Z;functions.waitForImage;  FILTER CLEAN image not found.
23-06-2024 06:39:16.776Z;functions.waitForImage;  FILTER CLEAN image not found.
23-06-2024 06:39:18.511Z;functions.movimentacao_bancaria;  CLICA NA PRIMEIRA LINHA DA TABELA MOVIMENTAÇÃO BANCÁRIA
23-06-2024 06:39:20.011Z;functions.movimentacao_bancaria;  CLICA NA PRIMEIRA LINHA DA TABELA MOVIMENTAÇÃO BANCÁRIA
23-06-2024 06:39:21.234Z;functions.movimentacao_bancaria;  12 PASSOS PARA DIREITA NA TABELA >>
23-06-2024 06:39:23.464Z;functions.movimentacao_bancaria;  HOVER FILTER
23-06-2024 06:39:24.073Z;functions.movimentacao_bancaria;  CLICK FILTER
23-06-2024 06:39:28.405Z;functions.movimentacao_bancaria;  CLICA NO FILTRO  STATUS DA REMESSA
23-06-2024 06:39:30.508Z;functions.movimentacao_bancaria;  APERTA TAB PARA ESCREVER O FILTRO
23-06-2024 06:39:32.621Z;functions.movimentacao_bancaria;  ESCREVE PENDENTE NO FILTRO
23-06-2024 06:39:34.724Z;functions.movimentacao_bancaria;  APERTA ENTER PARA SELECIONAR OS PENDENTES
23-06-2024 06:39:55.323Z;functions.movimentacao_bancaria;  SEM PROCESSAMENTO DE BORDERO PENDENTE
23-06-2024 06:40:05.542Z;functions.waitForImage;  FILTER CLEAN image found.
23-06-2024 06:40:07.676Z;functions.filter_clean;  CLICA NO BOTÃO X DO LIMPA FILTRO
23-06-2024 06:40:22.964Z;functions.waitForImage;  FILTER CLEAN image not found.
23-06-2024 06:40:38.276Z;functions.waitForImage;  FILTER CLEAN image not found.
23-06-2024 06:40:40.229Z;functions.processo_pagamento;  CLICA NA PRIMEIRA LINHA DA TABELA MOVIMENTAÇÃO BANCÁRIA
23-06-2024 06:40:42.370Z;functions.processo_pagamento;  HOVER FILTER
23-06-2024 06:40:42.951Z;functions.processo_pagamento;  CLICK FILTER
23-06-2024 06:40:47.286Z;functions.processo_pagamento;  CLICA NO FILTRO  STATUS DA REMESSA
23-06-2024 06:40:49.389Z;functions.processo_pagamento;  APERTA TAB PARA ESCREVER O FILTRO
23-06-2024 06:40:51.507Z;functions.processo_pagamento;  ESCREVE AUTORIZADO NO FILTRO
23-06-2024 06:40:53.611Z;functions.processo_pagamento;  APERTA ENTER PARA SELECIONAR OS AUTORIZADOS
23-06-2024 06:41:14.239Z;functions.processo_pagamento;  SEM REMESSA DE BORDERO AUTORIZADO
23-06-2024 06:41:15.343Z;functions.processo_pagamento;  FECHA ABA MOVIMENTAÇÕES BANCÁRIAS
23-06-2024 06:41:16.542Z;functions.enter_contas_a_pagar;  CLICK - TOTVS - LINHA RM
23-06-2024 06:41:18.042Z;functions.enter_contas_a_pagar;  CLICK - BACK OFFICE
23-06-2024 06:41:20.761Z;functions.enter_contas_a_pagar;  CLICK - GESTAO FINANCEIRA
23-06-2024 06:41:26.917Z;functions.enter_contas_a_pagar;  CLICK - CONTAS A PAGAR
23-06-2024 06:41:27.839Z;functions.waitForImage;  LANÇAMENTOS image found.
23-06-2024 06:41:29.957Z;functions.enter_contas_a_pagar;  CLICA EM LANÇAMENTOS
23-06-2024 06:41:45.261Z;functions.waitForImage;  LICENCAS EXCEDIDAS image not found.
23-06-2024 06:41:45.261Z;functions.obter_intervalo_data;  VERIFICANDO A HORA ATUAL 6
23-06-2024 06:41:45.276Z;functions.obter_intervalo_data;  Data Inicial BANCARIA antes da remoção: None
23-06-2024 06:41:45.276Z;functions.obter_intervalo_data;  Data Final BANCARIA antes da remoção: None
23-06-2024 06:41:45.292Z;functions.obter_intervalo_data;  Data Inicial BANCARIA após a remoção: None
23-06-2024 06:41:45.292Z;functions.obter_intervalo_data;  Data Final BANCARIA após a remoção: None
23-06-2024 06:41:45.292Z;functions.obter_intervalo_data;  hoje -  2024-06-23 06:41:45.292358
23-06-2024 06:41:45.292Z;functions.data_filter;  DATA INICIO 26-06-2024
23-06-2024 06:41:45.292Z;functions.data_filter;  DATA FIM 02-07-2024
23-06-2024 06:41:45.292Z;functions.data_filter;  CLICK - SELECIONA A DATA DE QUARTA FEIRA E DA PROXIMA TERÇA
23-06-2024 06:41:45.292Z;functions.data_filter;  QUARTA-FEIRA: 26-06-2024
23-06-2024 06:41:45.292Z;functions.data_filter;  TERCA-FEIRA: 02-07-2024
23-06-2024 06:41:55.010Z;functions.data_filter;  CLICK - BOTAO DE SELECAO DE FILTRO
23-06-2024 06:41:59.714Z;functions.data_filter;  INSERE - DATA DE QUARTA-FEIRA: 26-06-2024
23-06-2024 06:42:04.089Z;functions.data_filter;  INSERE - DATA DA PROX TERCA-FEIRA: 02-07-2024
23-06-2024 06:42:05.229Z;functions.data_filter;  CLICK - BOTAO DE EXECUTAR O FILTRO
23-06-2024 06:42:10.233Z;functions.desmark_filter;  AGUARDANDO 1
23-06-2024 06:42:13.010Z;functions.desmark_filter;  CLICK CHECKBOX LANÇAMENTOS A RECEBER
23-06-2024 06:42:15.761Z;functions.desmark_filter;  CLICK CHECKBOX LANÇAMENTOS BAIXADOS
23-06-2024 06:42:18.448Z;functions.desmark_filter;  CLICK CHECKBOX LANÇAMENTOS CANCELADOS
23-06-2024 06:42:21.698Z;functions.desmark_filter;  CLICK CHECKBOX LANÇAMENTOS FATURADOS
23-06-2024 06:42:24.751Z;functions.desmark_filter;  CLICK CHECKBOX LANÇAMENTOS FATURADOS
23-06-2024 06:42:45.026Z;functions.waitForImage;  FILTER CLEAN image not found.
23-06-2024 06:43:00.354Z;functions.waitForImage;  FILTER CLEAN image not found.
23-06-2024 06:43:15.667Z;functions.waitForImage;  FILTER CLEAN image not found.
23-06-2024 06:43:17.001Z;functions.filter_forma_pagamento;  CLICA NA PRIMEIRA LINHA DA TABELA
23-06-2024 06:43:17.236Z;functions.filter_forma_pagamento;  CLICK NA PRIMEIRA LINHA E COLUNA DA TABELA
23-06-2024 06:43:33.531Z;functions.filter_forma_pagamento;  160 PASSOS PARA DIREITA NA TABELA >>
23-06-2024 06:43:39.901Z;functions.filter_forma_pagamento;  HOVER NOME DA COLUNA FORMA DE PAGAMENTO
23-06-2024 06:43:41.924Z;functions.filter_forma_pagamento;  CLICA PARA APARECER O FILTRO PERSONALIZAR
23-06-2024 06:43:45.257Z;functions.filter_forma_pagamento;  CLICA NO FILTRO PERSONALIZAR
23-06-2024 06:43:58.229Z;functions.filter_forma_pagamento;  Texto extraido 0/0
23-06-2024 06:43:58.229Z;functions.filter_forma_pagamento;  Count 0
23-06-2024 06:43:58.229Z;functions.filter_forma_pagamento;  Type <class 'int'>
23-06-2024 06:43:58.229Z;functions.filter_forma_pagamento;  SEM REGISTROS
23-06-2024 06:44:00.237Z;functions.check_table_record;  VERIFICANDO SE A TABELA ESTÁ VAZIA
23-06-2024 06:44:03.557Z;functions.check_table_record;  Texto extraido 0/0
23-06-2024 06:44:03.557Z;functions.check_table_record;  Count 0
23-06-2024 06:44:03.557Z;functions.check_table_record;  Type <class 'int'>
23-06-2024 06:44:03.557Z;functions.check_table_record;  SEM REGISTROS
23-06-2024 06:44:07.572Z;main.<module>;  SEM REMESSA DE TED CIP
23-06-2024 06:44:08.573Z;functions.enter_contas_a_pagar;  CLICK - TOTVS - LINHA RM
23-06-2024 06:44:10.104Z;functions.enter_contas_a_pagar;  CLICK - BACK OFFICE
23-06-2024 06:44:11.510Z;functions.enter_contas_a_pagar;  CLICK - GESTAO FINANCEIRA
23-06-2024 06:44:17.854Z;functions.enter_contas_a_pagar;  CLICK - CONTAS A PAGAR
23-06-2024 06:44:18.761Z;functions.waitForImage;  LANÇAMENTOS image found.
23-06-2024 06:44:20.894Z;functions.enter_contas_a_pagar;  CLICA EM LANÇAMENTOS
23-06-2024 06:44:36.181Z;functions.waitForImage;  LICENCAS EXCEDIDAS image not found.
23-06-2024 06:44:36.182Z;functions.obter_intervalo_data;  VERIFICANDO A HORA ATUAL 6
23-06-2024 06:44:36.189Z;functions.obter_intervalo_data;  Data Inicial BANCARIA antes da remoção: None
23-06-2024 06:44:36.189Z;functions.obter_intervalo_data;  Data Final BANCARIA antes da remoção: None
23-06-2024 06:44:36.196Z;functions.obter_intervalo_data;  Data Inicial BANCARIA após a remoção: None
23-06-2024 06:44:36.196Z;functions.obter_intervalo_data;  Data Final BANCARIA após a remoção: None
23-06-2024 06:44:36.197Z;functions.obter_intervalo_data;  hoje -  2024-06-23 06:44:36.197158
23-06-2024 06:44:36.197Z;functions.data_filter;  DATA INICIO 26-06-2024
23-06-2024 06:44:36.197Z;functions.data_filter;  DATA FIM 02-07-2024
23-06-2024 06:44:36.198Z;functions.data_filter;  CLICK - SELECIONA A DATA DE QUARTA FEIRA E DA PROXIMA TERÇA
23-06-2024 06:44:36.198Z;functions.data_filter;  QUARTA-FEIRA: 26-06-2024
23-06-2024 06:44:36.198Z;functions.data_filter;  TERCA-FEIRA: 02-07-2024
23-06-2024 06:44:45.980Z;functions.data_filter;  CLICK - BOTAO DE SELECAO DE FILTRO
23-06-2024 06:44:50.713Z;functions.data_filter;  INSERE - DATA DE QUARTA-FEIRA: 26-06-2024
23-06-2024 06:44:55.151Z;functions.data_filter;  INSERE - DATA DA PROX TERCA-FEIRA: 02-07-2024
23-06-2024 06:44:56.323Z;functions.data_filter;  CLICK - BOTAO DE EXECUTAR O FILTRO
23-06-2024 06:45:01.326Z;functions.desmark_filter;  AGUARDANDO 1
23-06-2024 06:45:03.823Z;functions.desmark_filter;  CLICK CHECKBOX LANÇAMENTOS A RECEBER
23-06-2024 06:45:06.635Z;functions.desmark_filter;  CLICK CHECKBOX LANÇAMENTOS BAIXADOS
23-06-2024 06:45:09.291Z;functions.desmark_filter;  CLICK CHECKBOX LANÇAMENTOS CANCELADOS
23-06-2024 06:45:12.448Z;functions.desmark_filter;  CLICK CHECKBOX LANÇAMENTOS FATURADOS
23-06-2024 06:45:15.463Z;functions.desmark_filter;  CLICK CHECKBOX LANÇAMENTOS FATURADOS
23-06-2024 06:45:35.745Z;functions.waitForImage;  FILTER CLEAN image not found.
23-06-2024 06:45:51.070Z;functions.waitForImage;  FILTER CLEAN image not found.
23-06-2024 06:46:06.370Z;functions.waitForImage;  FILTER CLEAN image not found.
23-06-2024 06:46:07.979Z;functions.filter_forma_pagamento_branco;  CLICK NA PRIMEIRA LINHA E COLUNA DA TABELA
23-06-2024 06:46:24.269Z;functions.filter_forma_pagamento_branco;  160 PASSOS PARA DIREITA NA TABELA >>
23-06-2024 06:46:30.401Z;functions.filter_forma_pagamento_branco;  HOVER NOME DA COLUNA FORMA DE PAGAMENTO
23-06-2024 06:46:32.455Z;functions.filter_forma_pagamento_branco;  CLICA PARA APARECER O FILTRO PERSONALIZAR
23-06-2024 06:46:35.788Z;functions.filter_forma_pagamento_branco;  CLICA NO FILTRO PERSONALIZAR
23-06-2024 06:46:45.089Z;functions.filter_forma_pagamento_branco;  Texto extraido 13/13
23-06-2024 06:46:45.089Z;functions.filter_forma_pagamento_branco;  Count 13
23-06-2024 06:46:45.089Z;functions.filter_forma_pagamento_branco;  Type <class 'int'>
23-06-2024 06:46:45.089Z;functions.filter_forma_pagamento_branco;  TABELA CONTÉM REGISTROS
23-06-2024 06:46:48.854Z;functions.filter_forma_pagamento_branco;  MOVIDO PRA CIMA 13 VEZES
23-06-2024 06:46:52.896Z;functions.check_table_record;  VERIFICANDO SE A TABELA ESTÁ VAZIA
23-06-2024 06:46:56.401Z;functions.check_table_record;  Texto extraido 1/13
23-06-2024 06:46:56.401Z;functions.check_table_record;  Count 13
23-06-2024 06:46:56.401Z;functions.check_table_record;  Type <class 'int'>
23-06-2024 06:46:56.401Z;functions.check_table_record;  TABELA CONTÉM REGISTROS
23-06-2024 06:46:56.401Z;functions.check_ted_branco;  VERIFICANDO O COD DO CLIENTE EM CADA REGISTRO
23-06-2024 06:46:58.104Z;functions.check_ted_branco;  CLICA NA PRIMEIRA LINHA DA TABELA
23-06-2024 06:47:02.212Z;functions.check_ted_branco;  REFERNCIA: 968517
23-06-2024 06:47:02.515Z;functions.check_ted_branco;  ENTRANDO NO REGISTRO 
23-06-2024 06:47:21.059Z;functions.waitForImage;  INTEGRAÇÃO BANCÁRIA image found.
23-06-2024 06:47:21.175Z;functions.check_ted_branco;  CLICA EM INTEGRAÇÃO BANCÁRIA
23-06-2024 06:47:21.175Z;functions.check_ted_branco;  VERIFICANDO INFORMAÇÕES
23-06-2024 06:47:21.385Z;functions.waitForImage;  TRES PONTINHOS image found.
23-06-2024 06:47:34.011Z;functions.check_ted_branco;  VERIFICANDO SE TEM PIX NO FILTRO
23-06-2024 06:47:34.229Z;functions.waitForImage;  CHECANDO DADOS BANCÁRIOS PIX image found.
23-06-2024 06:47:36.236Z;functions.check_ted_branco;  PIX NÃO ENCONTRADO PARA REFERENCIA: 968517
23-06-2024 06:47:39.947Z;functions.check_ted_branco;  APERTA EM CANCELAR
23-06-2024 06:47:40.182Z;functions.waitForImage;  PRESS BUTTON OK image found.
23-06-2024 06:47:42.301Z;functions.click_ok;  PRESS BUTTON OK
23-06-2024 06:47:54.573Z;functions.waitForImage;  ERROR GENERICO image not found.
23-06-2024 06:47:59.838Z;functions.waitForImage;  ERROR FILTRO PIX image not found.
23-06-2024 06:48:03.944Z;functions.check_ted_branco;  PASSANDO PARA PRÓXIMO REGISTRO
23-06-2024 06:48:08.050Z;functions.check_ted_branco;  REFERNCIA: 968522
23-06-2024 06:48:08.352Z;functions.check_ted_branco;  ENTRANDO NO REGISTRO 
23-06-2024 06:48:13.932Z;functions.waitForImage;  INTEGRAÇÃO BANCÁRIA image found.
23-06-2024 06:48:14.051Z;functions.check_ted_branco;  CLICA EM INTEGRAÇÃO BANCÁRIA
23-06-2024 06:48:14.051Z;functions.check_ted_branco;  VERIFICANDO INFORMAÇÕES
23-06-2024 06:48:14.260Z;functions.waitForImage;  TRES PONTINHOS image found.
23-06-2024 06:48:26.886Z;functions.check_ted_branco;  VERIFICANDO SE TEM PIX NO FILTRO
23-06-2024 06:48:27.104Z;functions.waitForImage;  CHECANDO DADOS BANCÁRIOS PIX image found.
23-06-2024 06:48:29.111Z;functions.check_ted_branco;  PIX NÃO ENCONTRADO PARA REFERENCIA: 968522
23-06-2024 06:48:32.823Z;functions.check_ted_branco;  APERTA EM CANCELAR
23-06-2024 06:48:33.026Z;functions.waitForImage;  PRESS BUTTON OK image found.
23-06-2024 06:48:35.146Z;functions.click_ok;  PRESS BUTTON OK
23-06-2024 06:48:47.416Z;functions.waitForImage;  ERROR GENERICO image not found.
23-06-2024 06:48:52.682Z;functions.waitForImage;  ERROR FILTRO PIX image not found.
23-06-2024 06:48:56.787Z;functions.check_ted_branco;  PASSANDO PARA PRÓXIMO REGISTRO
23-06-2024 06:49:00.891Z;functions.check_ted_branco;  REFERNCIA: 969124
23-06-2024 06:49:01.192Z;functions.check_ted_branco;  ENTRANDO NO REGISTRO 
23-06-2024 06:49:06.745Z;functions.waitForImage;  INTEGRAÇÃO BANCÁRIA image found.
23-06-2024 06:49:06.863Z;functions.check_ted_branco;  CLICA EM INTEGRAÇÃO BANCÁRIA
23-06-2024 06:49:06.863Z;functions.check_ted_branco;  VERIFICANDO INFORMAÇÕES
23-06-2024 06:49:07.791Z;functions.waitForImage;  TRES PONTINHOS image found.
23-06-2024 06:49:20.424Z;functions.check_ted_branco;  VERIFICANDO SE TEM PIX NO FILTRO
23-06-2024 06:49:20.635Z;functions.waitForImage;  CHECANDO DADOS BANCÁRIOS PIX image found.
23-06-2024 06:49:22.643Z;functions.check_ted_branco;  PIX NÃO ENCONTRADO PARA REFERENCIA: 969124
23-06-2024 06:49:26.357Z;functions.check_ted_branco;  APERTA EM CANCELAR
23-06-2024 06:49:26.557Z;functions.waitForImage;  PRESS BUTTON OK image found.
23-06-2024 06:49:28.674Z;functions.click_ok;  PRESS BUTTON OK
23-06-2024 06:49:40.961Z;functions.waitForImage;  ERROR GENERICO image not found.
23-06-2024 06:49:46.248Z;functions.waitForImage;  ERROR FILTRO PIX image not found.
23-06-2024 06:49:50.351Z;functions.check_ted_branco;  PASSANDO PARA PRÓXIMO REGISTRO
23-06-2024 06:49:54.456Z;functions.check_ted_branco;  REFERNCIA: 968764
23-06-2024 06:49:54.758Z;functions.check_ted_branco;  ENTRANDO NO REGISTRO 
23-06-2024 06:50:00.338Z;functions.waitForImage;  INTEGRAÇÃO BANCÁRIA image found.
23-06-2024 06:50:00.457Z;functions.check_ted_branco;  CLICA EM INTEGRAÇÃO BANCÁRIA
23-06-2024 06:50:00.457Z;functions.check_ted_branco;  VERIFICANDO INFORMAÇÕES
23-06-2024 06:50:01.385Z;functions.waitForImage;  TRES PONTINHOS image found.
23-06-2024 06:50:14.017Z;functions.check_ted_branco;  VERIFICANDO SE TEM PIX NO FILTRO
23-06-2024 06:50:14.229Z;functions.waitForImage;  CHECANDO DADOS BANCÁRIOS PIX image found.
23-06-2024 06:50:16.238Z;functions.check_ted_branco;  PIX NÃO ENCONTRADO PARA REFERENCIA: 968764
23-06-2024 06:50:19.951Z;functions.check_ted_branco;  APERTA EM CANCELAR
23-06-2024 06:50:20.167Z;functions.waitForImage;  PRESS BUTTON OK image found.
23-06-2024 06:50:22.299Z;functions.click_ok;  PRESS BUTTON OK
23-06-2024 06:50:34.572Z;functions.waitForImage;  ERROR GENERICO image not found.
23-06-2024 06:50:39.869Z;functions.waitForImage;  ERROR FILTRO PIX image not found.
23-06-2024 06:50:43.977Z;functions.check_ted_branco;  PASSANDO PARA PRÓXIMO REGISTRO
23-06-2024 06:50:48.082Z;functions.check_ted_branco;  REFERNCIA: 968855
23-06-2024 06:50:48.384Z;functions.check_ted_branco;  ENTRANDO NO REGISTRO 
23-06-2024 06:50:54.683Z;functions.waitForImage;  INTEGRAÇÃO BANCÁRIA image found.
23-06-2024 06:50:54.799Z;functions.check_ted_branco;  CLICA EM INTEGRAÇÃO BANCÁRIA
23-06-2024 06:50:54.799Z;functions.check_ted_branco;  VERIFICANDO INFORMAÇÕES
23-06-2024 06:50:55.011Z;functions.waitForImage;  TRES PONTINHOS image found.
23-06-2024 06:51:07.643Z;functions.check_ted_branco;  VERIFICANDO SE TEM PIX NO FILTRO
23-06-2024 06:51:07.854Z;functions.waitForImage;  CHECANDO DADOS BANCÁRIOS PIX image found.
23-06-2024 06:51:09.863Z;functions.check_ted_branco;  PIX NÃO ENCONTRADO PARA REFERENCIA: 968855
23-06-2024 06:51:13.576Z;functions.check_ted_branco;  APERTA EM CANCELAR
23-06-2024 06:51:13.807Z;functions.waitForImage;  PRESS BUTTON OK image found.
23-06-2024 06:51:15.924Z;functions.click_ok;  PRESS BUTTON OK
23-06-2024 06:51:28.197Z;functions.waitForImage;  ERROR GENERICO image not found.
23-06-2024 06:51:33.463Z;functions.waitForImage;  ERROR FILTRO PIX image not found.
23-06-2024 06:51:37.571Z;functions.check_ted_branco;  PASSANDO PARA PRÓXIMO REGISTRO
23-06-2024 06:51:41.675Z;functions.check_ted_branco;  REFERNCIA: 967276
23-06-2024 06:51:41.977Z;functions.check_ted_branco;  ENTRANDO NO REGISTRO 
23-06-2024 06:51:47.557Z;functions.waitForImage;  INTEGRAÇÃO BANCÁRIA image found.
23-06-2024 06:51:47.676Z;functions.check_ted_branco;  CLICA EM INTEGRAÇÃO BANCÁRIA
23-06-2024 06:51:47.676Z;functions.check_ted_branco;  VERIFICANDO INFORMAÇÕES
23-06-2024 06:51:47.885Z;functions.waitForImage;  TRES PONTINHOS image found.
23-06-2024 06:52:00.516Z;functions.check_ted_branco;  VERIFICANDO SE TEM PIX NO FILTRO
23-06-2024 06:52:00.728Z;functions.waitForImage;  CHECANDO DADOS BANCÁRIOS PIX image found.
23-06-2024 06:52:02.736Z;functions.check_ted_branco;  PIX NÃO ENCONTRADO PARA REFERENCIA: 967276
23-06-2024 06:52:06.448Z;functions.check_ted_branco;  APERTA EM CANCELAR
23-06-2024 06:52:06.651Z;functions.waitForImage;  PRESS BUTTON OK image found.
23-06-2024 06:52:08.769Z;functions.click_ok;  PRESS BUTTON OK
23-06-2024 06:52:21.043Z;functions.waitForImage;  ERROR GENERICO image not found.
23-06-2024 06:52:26.307Z;functions.waitForImage;  ERROR FILTRO PIX image not found.
23-06-2024 06:52:30.413Z;functions.check_ted_branco;  PASSANDO PARA PRÓXIMO REGISTRO
23-06-2024 06:52:34.518Z;functions.check_ted_branco;  REFERNCIA: 967675
23-06-2024 06:52:34.819Z;functions.check_ted_branco;  ENTRANDO NO REGISTRO 
23-06-2024 06:52:40.338Z;functions.waitForImage;  INTEGRAÇÃO BANCÁRIA image found.
23-06-2024 06:52:40.457Z;functions.check_ted_branco;  CLICA EM INTEGRAÇÃO BANCÁRIA
23-06-2024 06:52:40.457Z;functions.check_ted_branco;  VERIFICANDO INFORMAÇÕES
23-06-2024 06:52:40.638Z;functions.waitForImage;  TRES PONTINHOS image found.
23-06-2024 06:52:53.273Z;functions.check_ted_branco;  VERIFICANDO SE TEM PIX NO FILTRO
23-06-2024 06:52:53.479Z;functions.waitForImage;  CHECANDO DADOS BANCÁRIOS PIX image found.
23-06-2024 06:52:55.486Z;functions.check_ted_branco;  PIX NÃO ENCONTRADO PARA REFERENCIA: 967675
23-06-2024 06:52:59.198Z;functions.check_ted_branco;  APERTA EM CANCELAR
23-06-2024 06:52:59.416Z;functions.waitForImage;  PRESS BUTTON OK image found.
23-06-2024 06:53:01.552Z;functions.click_ok;  PRESS BUTTON OK
23-06-2024 06:53:13.822Z;functions.waitForImage;  ERROR GENERICO image not found.
23-06-2024 06:53:19.073Z;functions.waitForImage;  ERROR FILTRO PIX image not found.
23-06-2024 06:53:23.190Z;functions.check_ted_branco;  PASSANDO PARA PRÓXIMO REGISTRO
23-06-2024 06:53:27.294Z;functions.check_ted_branco;  REFERNCIA: 753542
23-06-2024 06:53:27.596Z;functions.check_ted_branco;  ENTRANDO NO REGISTRO 
23-06-2024 06:53:33.869Z;functions.waitForImage;  INTEGRAÇÃO BANCÁRIA image found.
23-06-2024 06:53:33.988Z;functions.check_ted_branco;  CLICA EM INTEGRAÇÃO BANCÁRIA
23-06-2024 06:53:33.988Z;functions.check_ted_branco;  VERIFICANDO INFORMAÇÕES
23-06-2024 06:53:34.869Z;functions.waitForImage;  TRES PONTINHOS image found.
23-06-2024 06:53:47.506Z;functions.check_ted_branco;  VERIFICANDO SE TEM PIX NO FILTRO
23-06-2024 06:53:47.729Z;functions.waitForImage;  CHECANDO DADOS BANCÁRIOS PIX image found.
23-06-2024 06:53:49.737Z;functions.check_ted_branco;  PIX NÃO ENCONTRADO PARA REFERENCIA: 753542
23-06-2024 06:53:53.450Z;functions.check_ted_branco;  APERTA EM CANCELAR
23-06-2024 06:53:53.650Z;functions.waitForImage;  PRESS BUTTON OK image found.
23-06-2024 06:53:55.770Z;functions.click_ok;  PRESS BUTTON OK
23-06-2024 06:54:08.041Z;functions.waitForImage;  ERROR GENERICO image not found.
23-06-2024 06:54:13.307Z;functions.waitForImage;  ERROR FILTRO PIX image not found.
23-06-2024 06:54:17.413Z;functions.check_ted_branco;  PASSANDO PARA PRÓXIMO REGISTRO
23-06-2024 06:54:21.519Z;functions.check_ted_branco;  REFERNCIA: 753543
23-06-2024 06:54:21.820Z;functions.check_ted_branco;  ENTRANDO NO REGISTRO 
23-06-2024 06:54:27.414Z;functions.waitForImage;  INTEGRAÇÃO BANCÁRIA image found.
23-06-2024 06:54:27.521Z;functions.check_ted_branco;  CLICA EM INTEGRAÇÃO BANCÁRIA
23-06-2024 06:54:27.521Z;functions.check_ted_branco;  VERIFICANDO INFORMAÇÕES
23-06-2024 06:54:28.432Z;functions.waitForImage;  TRES PONTINHOS image found.
23-06-2024 06:54:41.070Z;functions.check_ted_branco;  VERIFICANDO SE TEM PIX NO FILTRO
23-06-2024 06:54:41.291Z;functions.waitForImage;  CHECANDO DADOS BANCÁRIOS PIX image found.
23-06-2024 06:54:43.304Z;functions.check_ted_branco;  PIX NÃO ENCONTRADO PARA REFERENCIA: 753543
23-06-2024 06:54:47.016Z;functions.check_ted_branco;  APERTA EM CANCELAR
23-06-2024 06:54:47.213Z;functions.waitForImage;  PRESS BUTTON OK image found.
23-06-2024 06:54:49.332Z;functions.click_ok;  PRESS BUTTON OK
23-06-2024 06:55:01.604Z;functions.waitForImage;  ERROR GENERICO image not found.
23-06-2024 06:55:06.869Z;functions.waitForImage;  ERROR FILTRO PIX image not found.
23-06-2024 06:55:10.977Z;functions.check_ted_branco;  PASSANDO PARA PRÓXIMO REGISTRO
23-06-2024 06:55:15.081Z;functions.check_ted_branco;  REFERNCIA: 753666
23-06-2024 06:55:15.383Z;functions.check_ted_branco;  ENTRANDO NO REGISTRO 
23-06-2024 06:55:22.463Z;functions.waitForImage;  INTEGRAÇÃO BANCÁRIA image found.
23-06-2024 06:55:22.583Z;functions.check_ted_branco;  CLICA EM INTEGRAÇÃO BANCÁRIA
23-06-2024 06:55:22.583Z;functions.check_ted_branco;  VERIFICANDO INFORMAÇÕES
23-06-2024 06:55:23.463Z;functions.waitForImage;  TRES PONTINHOS image found.
23-06-2024 06:55:36.105Z;functions.check_ted_branco;  VERIFICANDO SE TEM PIX NO FILTRO
23-06-2024 06:55:36.322Z;functions.waitForImage;  CHECANDO DADOS BANCÁRIOS PIX image found.
23-06-2024 06:55:38.333Z;functions.check_ted_branco;  PIX NÃO ENCONTRADO PARA REFERENCIA: 753666
23-06-2024 06:55:42.044Z;functions.check_ted_branco;  APERTA EM CANCELAR
23-06-2024 06:55:42.244Z;functions.waitForImage;  PRESS BUTTON OK image found.
23-06-2024 06:55:44.395Z;functions.click_ok;  PRESS BUTTON OK
23-06-2024 06:55:56.666Z;functions.waitForImage;  ERROR GENERICO image not found.
23-06-2024 06:56:01.963Z;functions.waitForImage;  ERROR FILTRO PIX image not found.
23-06-2024 06:56:06.069Z;functions.check_ted_branco;  PASSANDO PARA PRÓXIMO REGISTRO
23-06-2024 06:56:10.174Z;functions.check_ted_branco;  REFERNCIA: 753665
23-06-2024 06:56:10.476Z;functions.check_ted_branco;  ENTRANDO NO REGISTRO 
23-06-2024 06:56:17.494Z;functions.waitForImage;  INTEGRAÇÃO BANCÁRIA image found.
23-06-2024 06:56:17.613Z;functions.check_ted_branco;  CLICA EM INTEGRAÇÃO BANCÁRIA
23-06-2024 06:56:17.613Z;functions.check_ted_branco;  VERIFICANDO INFORMAÇÕES
23-06-2024 06:56:18.541Z;functions.waitForImage;  TRES PONTINHOS image found.
23-06-2024 06:56:31.176Z;functions.check_ted_branco;  VERIFICANDO SE TEM PIX NO FILTRO
23-06-2024 06:56:31.384Z;functions.waitForImage;  CHECANDO DADOS BANCÁRIOS PIX image found.
23-06-2024 06:56:33.393Z;functions.check_ted_branco;  PIX NÃO ENCONTRADO PARA REFERENCIA: 753665
23-06-2024 06:56:37.105Z;functions.check_ted_branco;  APERTA EM CANCELAR
23-06-2024 06:56:37.322Z;functions.waitForImage;  PRESS BUTTON OK image found.
23-06-2024 06:56:39.457Z;functions.click_ok;  PRESS BUTTON OK
23-06-2024 06:56:51.729Z;functions.waitForImage;  ERROR GENERICO image not found.
23-06-2024 06:56:56.979Z;functions.waitForImage;  ERROR FILTRO PIX image not found.
23-06-2024 06:57:01.096Z;functions.check_ted_branco;  PASSANDO PARA PRÓXIMO REGISTRO
23-06-2024 06:57:05.200Z;functions.check_ted_branco;  REFERNCIA: 753605
23-06-2024 06:57:05.502Z;functions.check_ted_branco;  ENTRANDO NO REGISTRO 
23-06-2024 06:57:11.066Z;functions.waitForImage;  INTEGRAÇÃO BANCÁRIA image found.
23-06-2024 06:57:11.174Z;functions.check_ted_branco;  CLICA EM INTEGRAÇÃO BANCÁRIA
23-06-2024 06:57:11.174Z;functions.check_ted_branco;  VERIFICANDO INFORMAÇÕES
23-06-2024 06:57:12.057Z;functions.waitForImage;  TRES PONTINHOS image found.
23-06-2024 06:57:24.698Z;functions.check_ted_branco;  VERIFICANDO SE TEM PIX NO FILTRO
23-06-2024 06:57:24.916Z;functions.waitForImage;  CHECANDO DADOS BANCÁRIOS PIX image found.
23-06-2024 06:57:26.925Z;functions.check_ted_branco;  PIX NÃO ENCONTRADO PARA REFERENCIA: 753605
23-06-2024 06:57:30.639Z;functions.check_ted_branco;  APERTA EM CANCELAR
23-06-2024 06:57:30.837Z;functions.waitForImage;  PRESS BUTTON OK image found.
23-06-2024 06:57:32.955Z;functions.click_ok;  PRESS BUTTON OK
23-06-2024 06:57:45.228Z;functions.waitForImage;  ERROR GENERICO image not found.
23-06-2024 06:57:50.478Z;functions.waitForImage;  ERROR FILTRO PIX image not found.
23-06-2024 06:57:54.597Z;functions.check_ted_branco;  PASSANDO PARA PRÓXIMO REGISTRO
23-06-2024 06:57:58.702Z;functions.check_ted_branco;  REFERNCIA: 753606
23-06-2024 06:57:59.003Z;functions.check_ted_branco;  ENTRANDO NO REGISTRO 
23-06-2024 06:58:05.338Z;functions.waitForImage;  INTEGRAÇÃO BANCÁRIA image found.
23-06-2024 06:58:05.457Z;functions.check_ted_branco;  CLICA EM INTEGRAÇÃO BANCÁRIA
23-06-2024 06:58:05.457Z;functions.check_ted_branco;  VERIFICANDO INFORMAÇÕES
23-06-2024 06:58:06.385Z;functions.waitForImage;  TRES PONTINHOS image found.
23-06-2024 06:58:19.014Z;functions.check_ted_branco;  VERIFICANDO SE TEM PIX NO FILTRO
23-06-2024 06:58:19.228Z;functions.waitForImage;  CHECANDO DADOS BANCÁRIOS PIX image found.
23-06-2024 06:58:21.237Z;functions.check_ted_branco;  PIX NÃO ENCONTRADO PARA REFERENCIA: 753606
23-06-2024 06:58:24.963Z;functions.check_ted_branco;  APERTA EM CANCELAR
23-06-2024 06:58:25.166Z;functions.waitForImage;  PRESS BUTTON OK image found.
23-06-2024 06:58:27.298Z;functions.click_ok;  PRESS BUTTON OK
23-06-2024 06:58:39.572Z;functions.waitForImage;  ERROR GENERICO image not found.
23-06-2024 06:58:44.838Z;functions.waitForImage;  ERROR FILTRO PIX image not found.
23-06-2024 06:58:44.838Z;functions.check_ted_branco;  FORAI VERIFICADO: 13 REFERENCIAS NO PROCESSAMENTO FORMA DE PAGAMENTO ELETRONICA EM BRANCO
23-06-2024 06:58:47.541Z;errorhandler.__handle;  Property: Unknown Property name. [1:203: -ms-interpolation-mode]
23-06-2024 06:58:47.588Z;errorhandler.__handle;  Property: Unknown Property name. [1:353: -webkit-font-smoothing]
23-06-2024 06:58:47.588Z;errorhandler.__handle;  Property: Unknown Property name. [1:483: -ms-text-size-adjust]
23-06-2024 06:58:47.588Z;errorhandler.__handle;  Property: Unknown Property name. [1:518: -webkit-text-size-adjust]
23-06-2024 06:58:47.603Z;errorhandler.__handle;  Property: Unknown Property name. [1:612: mso-table-lspace]
23-06-2024 06:58:47.603Z;errorhandler.__handle;  Property: Unknown Property name. [1:642: mso-table-rspace]
23-06-2024 06:58:47.838Z;errorhandler.__handle;  Property: Unknown Property name. [1:4734: mso-hide]
23-06-2024 06:58:47.931Z;errorhandler.__handle;  Property: Unknown Property name. [1:13: -ms-interpolation-mode]
23-06-2024 06:58:47.947Z;errorhandler.__handle;  Property: Unknown Property name. [1:49: -webkit-font-smoothing]
23-06-2024 06:58:47.947Z;errorhandler.__handle;  Property: Unknown Property name. [1:134: -ms-text-size-adjust]
23-06-2024 06:58:47.947Z;errorhandler.__handle;  Property: Unknown Property name. [1:160: -webkit-text-size-adjust]
23-06-2024 06:58:47.947Z;errorhandler.__handle;  Property: Unknown Property name. [1:26: mso-table-lspace]
23-06-2024 06:58:47.947Z;errorhandler.__handle;  Property: Unknown Property name. [1:45: mso-table-rspace]
23-06-2024 06:58:47.994Z;errorhandler.__handle;  Property: Unknown Property name. [1:92: mso-hide]
23-06-2024 06:58:47.994Z;errorhandler.__handle;  Property: No ":" after name found: align-center [1:1: align-center]
23-06-2024 06:58:47.994Z;errorhandler.__handle;  Property: No property value found: align-center [1:1: align-center]
23-06-2024 06:58:47.994Z;errorhandler.__handle;  CSSStyleDeclaration: Syntax Error in Property: align-center
23-06-2024 06:58:48.010Z;errorhandler.__handle;  Property: Unknown Property name. [1:14: -ms-interpolation-mode]
23-06-2024 06:58:50.541Z;functions.emailFinalizado;  Warning e-mail sent.
23-06-2024 06:58:50.541Z;main.<module>;  Remessa Bancária TED CIP com filtro de pagamento eletronica em branco modificadas para pix 
 PASSO 3 FINALIZADO
23-06-2024 06:58:50.541Z;main.<module>;  O PROGRAMA SERÁ ENCERRADO
23-06-2024 06:58:52.844Z;errorhandler.__handle;  Property: Unknown Property name. [1:14: -ms-interpolation-mode]
23-06-2024 06:58:55.860Z;functions.emailFinalizado;  Warning e-mail sent.
23-06-2024 06:58:56.154Z;functions.end_RM;  RM ENCERRADO
