05-02-2024 09:51:17.843Z;functions.bot_text_art;      ____   
05-02-2024 09:51:17.843Z;functions.bot_text_art;     [____]    
05-02-2024 09:51:17.843Z;functions.bot_text_art;   |=]()()[=|  
05-02-2024 09:51:17.843Z;functions.bot_text_art;     _\==/__    _____    ____     _        _____    ___   _  __
05-02-2024 09:51:17.844Z;functions.bot_text_art;   |__|   |_|  |  _  \  / ___|   | |      |_   _| / ___| | |/ /
05-02-2024 09:51:17.844Z;functions.bot_text_art;   |_|_/\_|_|  | |  | | | |      | |        | |   | |    | ' / 
05-02-2024 09:51:17.844Z;functions.bot_text_art;   | | __ | |  | |  | | | |      | |        | |   | |    |  <  
05-02-2024 09:51:17.844Z;functions.bot_text_art;   |_|[  ]|_|  | |__| | | |____  | |____   _| |_  | |__  | . \ 
05-02-2024 09:51:17.845Z;functions.bot_text_art;   \_|_||_|_/  |_____/   \_____| |______| |_____| \ ___| |_|\_\
05-02-2024 09:51:17.845Z;functions.bot_text_art;     |_||_|                                                     
05-02-2024 09:51:17.845Z;functions.bot_text_art;     | ||_|_   
05-02-2024 09:51:17.845Z;functions.bot_text_art;   |___||___|  
05-02-2024 09:51:17.845Z;functions.bot_text_art;               
05-02-2024 09:51:17.848Z;functions.open_RM;  OPEN PROGRAM RM
05-02-2024 09:51:24.323Z;functions.loggin_RM;  ENTER USER_NAME
05-02-2024 09:51:25.156Z;functions.loggin_RM;  ENTER PASSWORD
05-02-2024 09:51:25.959Z;functions.loggin_RM;  ENTER RM
05-02-2024 09:51:51.141Z;functions.enter_coligada;  CLICK CONTEXTO
05-02-2024 09:51:55.047Z;functions.enter_coligada;  CLICK COLIGADA 1
05-02-2024 09:51:56.642Z;functions.enter_coligada;  CLICK AVANÇAR
05-02-2024 09:51:58.188Z;functions.enter_coligada;  INSERE O COLIGADA CODE = 1
05-02-2024 09:51:58.290Z;functions.enter_coligada;  APERTA TAB PARA PREENCHER O CAMPO COM A STRING: OCEANICA ENGENHARIA E CONSULTORIA S.A.
05-02-2024 09:51:59.078Z;functions.enter_coligada;  CLICK AVANÇAR NOVAMENTE
05-02-2024 09:52:00.141Z;functions.enter_coligada;  CLICK CONCLUIR
05-02-2024 09:52:09.766Z;functions.enter_coligada;  POP UP COLIGADA DESAPARECER
05-02-2024 09:52:10.391Z;functions.enter_contas_a_pagar;  CLICK - TOTVS - LINHA RM
05-02-2024 09:52:11.485Z;functions.enter_contas_a_pagar;  CLICK - BACK OFFICE
05-02-2024 09:52:12.203Z;functions.enter_contas_a_pagar;  CLICK - GESTAO FINANCEIRA
05-02-2024 09:52:16.766Z;functions.enter_contas_a_pagar;  CLICK - CONTAS A PAGAR
05-02-2024 09:52:16.922Z;functions.waitForImage;  LANÇAMENTOS image found.
05-02-2024 09:52:19.031Z;functions.enter_contas_a_pagar;  CLICA EM LANÇAMENTOS
05-02-2024 09:52:24.172Z;functions.waitForImage;  LICENCAS EXCEDIDAS image found.
05-02-2024 09:52:24.172Z;functions.enter_contas_a_pagar;  LICENCAS EXCEDIDAS
05-02-2024 09:52:24.172Z;functions.enter_contas_a_pagar;  TENTANDO NOVAMENTE - 1
05-02-2024 09:52:39.407Z;functions.waitForImage;  LANÇAMENTOS image found.
05-02-2024 09:52:41.523Z;functions.enter_contas_a_pagar;  CLICA EM LANÇAMENTOS
05-02-2024 09:52:46.677Z;functions.waitForImage;  LICENCAS EXCEDIDAS image found.
05-02-2024 09:52:46.677Z;functions.enter_contas_a_pagar;  LICENCAS EXCEDIDAS
05-02-2024 09:52:46.677Z;functions.enter_contas_a_pagar;  TENTANDO NOVAMENTE - 2
05-02-2024 09:53:01.907Z;functions.waitForImage;  LANÇAMENTOS image found.
