25-06-2024 02:28:05.451Z;functions.bot_text_art;      ____   
25-06-2024 02:28:05.451Z;functions.bot_text_art;     [____]    
25-06-2024 02:28:05.451Z;functions.bot_text_art;   |=]()()[=|  
25-06-2024 02:28:05.451Z;functions.bot_text_art;     _\==/__    _____    ____     _        _____    ___   _  __
25-06-2024 02:28:05.451Z;functions.bot_text_art;   |__|   |_|  |  _  \  / ___|   | |      |_   _| / ___| | |/ /
25-06-2024 02:28:05.451Z;functions.bot_text_art;   |_|_/\_|_|  | |  | | | |      | |        | |   | |    | ' / 
25-06-2024 02:28:05.451Z;functions.bot_text_art;   | | __ | |  | |  | | | |      | |        | |   | |    |  <  
25-06-2024 02:28:05.451Z;functions.bot_text_art;   |_|[  ]|_|  | |__| | | |____  | |____   _| |_  | |__  | . \ 
25-06-2024 02:28:05.451Z;functions.bot_text_art;   \_|_||_|_/  |_____/   \_____| |______| |_____| \ ___| |_|\_\
25-06-2024 02:28:05.451Z;functions.bot_text_art;     |_||_|                                                     
25-06-2024 02:28:05.451Z;functions.bot_text_art;     | ||_|_   
25-06-2024 02:28:05.451Z;functions.bot_text_art;   |___||___|  
25-06-2024 02:28:05.451Z;functions.bot_text_art;               
25-06-2024 02:28:05.467Z;functions.open_RM;  OPEN PROGRAM RM
25-06-2024 02:28:05.467Z;functions.caps;  DESATIVANDO CAPS
25-06-2024 02:28:05.467Z;functions.loggin_RM;  BUSCANDO LOGGIN RM
25-06-2024 02:28:25.732Z;functions.loggin_RM;  ENTER USER_NAME
25-06-2024 02:28:30.498Z;functions.loggin_RM;  ENTER PASSWORD
25-06-2024 02:28:32.088Z;functions.loggin_RM;  ENTER RM
25-06-2024 02:30:22.779Z;functions.enter_coligada;  CLICK CONTEXTO
25-06-2024 02:30:25.372Z;functions.enter_coligada;  CLICK ALTERAR MODULO DO CONTEXTO
25-06-2024 02:30:29.764Z;functions.enter_coligada;  INSERE O COLIGADA CODE = 1
25-06-2024 02:30:29.869Z;functions.enter_coligada;  APERTA TAB PARA PREENCHER O CAMPO COM A STRING: OCEANICA ENGENHARIA E CONSULTORIA S.A.
25-06-2024 02:30:32.154Z;functions.enter_coligada;  CLICK AVANÇAR NOVAMENTE
25-06-2024 02:30:33.591Z;functions.enter_coligada;  CLICK CONCLUIR
25-06-2024 02:30:53.998Z;functions.waitForImage;  TROCA COLIGADA image not found.
25-06-2024 02:31:14.342Z;functions.enter_coligada;  POP UP COLIGADA DESAPARECER
25-06-2024 02:31:15.310Z;functions.check_movimentacao_bancaria;  CLICK - TOTVS - LINHA RM
25-06-2024 02:31:17.248Z;functions.check_movimentacao_bancaria;  CLICK - BACK OFFICE
25-06-2024 02:31:19.997Z;functions.check_movimentacao_bancaria;  CLICK - GESTAO FINANCEIRA
25-06-2024 02:31:19.997Z;functions.movimentacao_bancaria;  AGUARDANDO 1
25-06-2024 02:31:26.404Z;functions.movimentacao_bancaria;  CLICA NA ABA MOVIMENTAÇÃO BANCARIA
25-06-2024 02:31:27.388Z;functions.waitForImage;  IMAGEM BORDERO image found.
25-06-2024 02:31:29.505Z;functions.movimentacao_bancaria;  IMAGEM BORDERO CLICADA.
25-06-2024 02:31:39.826Z;functions.waitForImage;  LICENCAS EXCEDIDAS image not found.
25-06-2024 02:31:40.553Z;functions.movimentacao_bancaria;  ENCONTROU O FILTRO DA MOVIMENTAÇÃO BANCÁRIA
25-06-2024 02:31:40.625Z;functions.movimentacao_bancaria;  CLICA NA ABA SUPERIOR DO FILTRO
25-06-2024 02:31:47.931Z;functions.movimentacao_bancaria;  SELECIONA O FILTRO HOJE
25-06-2024 02:31:53.154Z;functions.waitForImage;  FILTER CLEAN image found.
25-06-2024 02:31:55.287Z;functions.filter_clean;  CLICA NO BOTÃO X DO LIMPA FILTRO
25-06-2024 02:31:55.501Z;functions.waitForImage;  FILTER CLEAN image found.
25-06-2024 02:31:57.630Z;functions.filter_clean;  CLICA NO BOTÃO X DO LIMPA FILTRO
25-06-2024 02:32:12.920Z;functions.waitForImage;  FILTER CLEAN image not found.
25-06-2024 02:33:26.529Z;functions.movimentacao_bancaria;  SEM PROCESSAMENTO DE BORDERO
25-06-2024 02:33:51.841Z;functions.waitForImage;  FILTER CLEAN image not found.
25-06-2024 02:34:07.154Z;functions.waitForImage;  FILTER CLEAN image not found.
25-06-2024 02:34:22.419Z;functions.waitForImage;  FILTER CLEAN image not found.
25-06-2024 02:34:53.935Z;functions.processo_pagamento;  SEM REMESSA DE BORDERO AUTORIZADO
25-06-2024 02:34:55.039Z;functions.processo_pagamento;  FECHA ABA MOVIMENTAÇÕES BANCÁRIAS
25-06-2024 02:34:56.997Z;functions.enter_contas_a_pagar;  CLICK - TOTVS - LINHA RM
25-06-2024 02:34:58.591Z;functions.enter_contas_a_pagar;  CLICK - BACK OFFICE
25-06-2024 02:35:01.341Z;functions.enter_contas_a_pagar;  CLICK - GESTAO FINANCEIRA
25-06-2024 02:35:07.653Z;functions.enter_contas_a_pagar;  CLICK - CONTAS A PAGAR
25-06-2024 02:35:08.591Z;functions.waitForImage;  LANÇAMENTOS image found.
25-06-2024 02:35:10.725Z;functions.enter_contas_a_pagar;  CLICA EM LANÇAMENTOS
25-06-2024 02:35:26.106Z;functions.waitForImage;  LICENCAS EXCEDIDAS image not found.
25-06-2024 02:35:26.106Z;functions.obter_intervalo_data;  VERIFICANDO A HORA ATUAL 2
25-06-2024 02:35:26.122Z;functions.obter_intervalo_data;  Data Inicial BANCARIA antes da remoção: None
25-06-2024 02:35:26.122Z;functions.obter_intervalo_data;  Data Final BANCARIA antes da remoção: None
25-06-2024 02:35:26.122Z;functions.obter_intervalo_data;  Data Inicial BANCARIA após a remoção: None
25-06-2024 02:35:26.138Z;functions.obter_intervalo_data;  Data Final BANCARIA após a remoção: None
25-06-2024 02:35:26.138Z;functions.obter_intervalo_data;  hoje -  2024-06-25 02:35:26.138138
25-06-2024 02:35:26.138Z;functions.data_filter;  DATA INICIO 26-06-2024
25-06-2024 02:35:26.138Z;functions.data_filter;  DATA FIM 02-07-2024
25-06-2024 02:35:26.138Z;functions.data_filter;  CLICK - SELECIONA A DATA DE QUARTA FEIRA E DA PROXIMA TERÇA
25-06-2024 02:35:26.138Z;functions.data_filter;  QUARTA-FEIRA: 26-06-2024
25-06-2024 02:35:26.138Z;functions.data_filter;  TERCA-FEIRA: 02-07-2024
25-06-2024 02:35:36.029Z;functions.data_filter;  CLICK - BOTAO DE SELECAO DE FILTRO
25-06-2024 02:35:40.857Z;functions.data_filter;  INSERE - DATA DE QUARTA-FEIRA: 26-06-2024
25-06-2024 02:35:45.247Z;functions.data_filter;  INSERE - DATA DA PROX TERCA-FEIRA: 02-07-2024
25-06-2024 02:35:46.403Z;functions.data_filter;  CLICK - BOTAO DE EXECUTAR O FILTRO
25-06-2024 02:35:51.407Z;functions.desmark_filter;  AGUARDANDO 1
25-06-2024 02:35:55.122Z;functions.desmark_filter;  CLICK CHECKBOX LANÇAMENTOS A RECEBER
25-06-2024 02:35:57.872Z;functions.desmark_filter;  CLICK CHECKBOX LANÇAMENTOS BAIXADOS
25-06-2024 02:36:00.841Z;functions.desmark_filter;  CLICK CHECKBOX LANÇAMENTOS CANCELADOS
25-06-2024 02:36:03.957Z;functions.desmark_filter;  CLICK CHECKBOX LANÇAMENTOS FATURADOS
25-06-2024 02:36:06.984Z;functions.desmark_filter;  CLICK CHECKBOX LANÇAMENTOS FATURADOS
25-06-2024 02:36:12.185Z;functions.waitForImage;  FILTER CLEAN image found.
25-06-2024 02:36:14.298Z;functions.filter_clean;  CLICA NO BOTÃO X DO LIMPA FILTRO
25-06-2024 02:36:29.591Z;functions.waitForImage;  FILTER CLEAN image not found.
25-06-2024 02:36:44.919Z;functions.waitForImage;  FILTER CLEAN image not found.
25-06-2024 02:36:44.919Z;functions.check_table_record;  VERIFICANDO SE A TABELA ESTÁ VAZIA
25-06-2024 02:36:48.372Z;functions.check_table_record;  Texto extraido 1/19
25-06-2024 02:36:48.372Z;functions.check_table_record;  Count 19
25-06-2024 02:36:48.372Z;functions.check_table_record;  Type <class 'int'>
25-06-2024 02:36:48.372Z;functions.check_table_record;  TABELA CONTÉM REGISTROS
25-06-2024 02:37:00.515Z;functions.select_tipo_documento;  NOME DA COLUNA: Tipo de Documento
25-06-2024 02:37:02.606Z;functions.select_tipo_documento;  HOVER NOME DA COLUNA: Tipo de Documento
25-06-2024 02:37:03.488Z;functions.select_tipo_documento;  CLICA NO FILTRO PERSONALIZAR
25-06-2024 02:37:06.122Z;functions.select_tipo_documento;  CLICA PARA SELECIONAR OPÇÕES DO FILTRO
25-06-2024 02:37:12.565Z;functions.select_tipo_documento;  FILTRO "NÃO É IGUAL A INV" DEFINIDO
25-06-2024 02:37:13.653Z;functions.select_tipo_documento;  CLICK BUTTON CONFIRMAR FILTRO
25-06-2024 02:37:18.657Z;functions.filter_IPTE;  VERIFICANDO O COD DO CLIENTE EM CADA REGISTRO
25-06-2024 02:37:20.466Z;functions.filter_IPTE;  CLICA NA PRIMEIRA LINHA DA TABELA
25-06-2024 02:37:44.357Z;functions.filter_IPTE;  HOVER FILTER
25-06-2024 02:37:46.411Z;functions.filter_IPTE;  CLICK FILTER
25-06-2024 02:37:50.741Z;functions.filter_IPTE;  CLICA NO FILTRO PERSONALIZAR
25-06-2024 02:38:33.153Z;functions.filter_IPTE;  MOVIDO PRA CIMA 100 VEZES
25-06-2024 02:39:09.388Z;functions.filter_IPTE;  MOVIDO PRA CIMA MAIS 100 VEZES
25-06-2024 02:39:25.138Z;functions.filter_IPTE;  TABELA NÃO CONTÉM REGISTROS
25-06-2024 02:39:25.138Z;functions.check_table_record;  VERIFICANDO SE A TABELA ESTÁ VAZIA
25-06-2024 02:39:28.716Z;functions.check_table_record;  Texto extraido 0/0
25-06-2024 02:39:28.716Z;functions.check_table_record;  Count 0
25-06-2024 02:39:28.716Z;functions.check_table_record;  Type <class 'int'>
25-06-2024 02:39:28.716Z;functions.check_table_record;  SEM REGISTROS
25-06-2024 02:39:30.724Z;main.<module>;  SEM REMESSA BANCÁRIA
25-06-2024 02:39:30.724Z;functions.movimentacao_bancaria;  AGUARDANDO 1
25-06-2024 02:39:32.028Z;functions.movimentacao_bancaria;  CLICA NA ABA MOVIMENTAÇÃO BANCARIA
25-06-2024 02:39:32.981Z;functions.waitForImage;  IMAGEM BORDERO image found.
25-06-2024 02:39:35.095Z;functions.movimentacao_bancaria;  IMAGEM BORDERO CLICADA.
25-06-2024 02:39:45.497Z;functions.waitForImage;  LICENCAS EXCEDIDAS image not found.
25-06-2024 02:39:46.219Z;functions.movimentacao_bancaria;  ENCONTROU O FILTRO DA MOVIMENTAÇÃO BANCÁRIA
25-06-2024 02:39:46.278Z;functions.movimentacao_bancaria;  CLICA NA ABA SUPERIOR DO FILTRO
25-06-2024 02:39:53.589Z;functions.movimentacao_bancaria;  SELECIONA O FILTRO HOJE
25-06-2024 02:40:13.903Z;functions.waitForImage;  FILTER CLEAN image not found.
25-06-2024 02:40:29.200Z;functions.waitForImage;  FILTER CLEAN image not found.
25-06-2024 02:40:44.513Z;functions.waitForImage;  FILTER CLEAN image not found.
25-06-2024 02:41:58.653Z;functions.movimentacao_bancaria;  SEM PROCESSAMENTO DE BORDERO
25-06-2024 02:42:23.934Z;functions.waitForImage;  FILTER CLEAN image not found.
25-06-2024 02:42:39.246Z;functions.waitForImage;  FILTER CLEAN image not found.
25-06-2024 02:42:54.559Z;functions.waitForImage;  FILTER CLEAN image not found.
25-06-2024 02:43:26.184Z;functions.processo_pagamento;  SEM REMESSA DE BORDERO AUTORIZADO
25-06-2024 02:43:27.288Z;functions.processo_pagamento;  FECHA ABA MOVIMENTAÇÕES BANCÁRIAS
25-06-2024 02:43:28.528Z;functions.enter_contas_a_pagar;  CLICK - TOTVS - LINHA RM
25-06-2024 02:43:30.090Z;functions.enter_contas_a_pagar;  CLICK - BACK OFFICE
25-06-2024 02:43:32.840Z;functions.enter_contas_a_pagar;  CLICK - GESTAO FINANCEIRA
25-06-2024 02:43:39.028Z;functions.enter_contas_a_pagar;  CLICK - CONTAS A PAGAR
25-06-2024 02:43:39.950Z;functions.waitForImage;  LANÇAMENTOS image found.
25-06-2024 02:43:42.067Z;functions.enter_contas_a_pagar;  CLICA EM LANÇAMENTOS
25-06-2024 02:43:57.356Z;functions.waitForImage;  LICENCAS EXCEDIDAS image not found.
25-06-2024 02:43:57.356Z;functions.obter_intervalo_data;  VERIFICANDO A HORA ATUAL 2
25-06-2024 02:43:57.364Z;functions.obter_intervalo_data;  Data Inicial BANCARIA antes da remoção: None
25-06-2024 02:43:57.365Z;functions.obter_intervalo_data;  Data Final BANCARIA antes da remoção: None
25-06-2024 02:43:57.372Z;functions.obter_intervalo_data;  Data Inicial BANCARIA após a remoção: None
25-06-2024 02:43:57.372Z;functions.obter_intervalo_data;  Data Final BANCARIA após a remoção: None
25-06-2024 02:43:57.372Z;functions.obter_intervalo_data;  hoje -  2024-06-25 02:43:57.372528
25-06-2024 02:43:57.373Z;functions.data_filter;  DATA INICIO 26-06-2024
25-06-2024 02:43:57.373Z;functions.data_filter;  DATA FIM 02-07-2024
25-06-2024 02:43:57.373Z;functions.data_filter;  CLICK - SELECIONA A DATA DE QUARTA FEIRA E DA PROXIMA TERÇA
25-06-2024 02:43:57.373Z;functions.data_filter;  QUARTA-FEIRA: 26-06-2024
25-06-2024 02:43:57.373Z;functions.data_filter;  TERCA-FEIRA: 02-07-2024
25-06-2024 02:44:07.468Z;functions.data_filter;  CLICK - BOTAO DE SELECAO DE FILTRO
25-06-2024 02:44:12.200Z;functions.data_filter;  INSERE - DATA DE QUARTA-FEIRA: 26-06-2024
25-06-2024 02:44:16.637Z;functions.data_filter;  INSERE - DATA DA PROX TERCA-FEIRA: 02-07-2024
25-06-2024 02:44:18.027Z;functions.data_filter;  CLICK - BOTAO DE EXECUTAR O FILTRO
25-06-2024 02:44:23.032Z;functions.desmark_filter;  AGUARDANDO 1
25-06-2024 02:44:25.340Z;functions.desmark_filter;  CLICK CHECKBOX LANÇAMENTOS A RECEBER
25-06-2024 02:44:28.059Z;functions.desmark_filter;  CLICK CHECKBOX LANÇAMENTOS BAIXADOS
25-06-2024 02:44:30.872Z;functions.desmark_filter;  CLICK CHECKBOX LANÇAMENTOS CANCELADOS
25-06-2024 02:44:33.776Z;functions.desmark_filter;  CLICK CHECKBOX LANÇAMENTOS FATURADOS
25-06-2024 02:44:36.934Z;functions.desmark_filter;  CLICK CHECKBOX LANÇAMENTOS FATURADOS
25-06-2024 02:44:42.152Z;functions.waitForImage;  FILTER CLEAN image found.
25-06-2024 02:44:44.262Z;functions.filter_clean;  CLICA NO BOTÃO X DO LIMPA FILTRO
25-06-2024 02:44:59.559Z;functions.waitForImage;  FILTER CLEAN image not found.
25-06-2024 02:45:14.871Z;functions.waitForImage;  FILTER CLEAN image not found.
25-06-2024 02:45:16.262Z;functions.filter_forma_pagamento;  CLICA NA PRIMEIRA LINHA DA TABELA
25-06-2024 02:45:16.621Z;functions.filter_forma_pagamento;  CLICK NA PRIMEIRA LINHA E COLUNA DA TABELA
25-06-2024 02:45:32.925Z;functions.filter_forma_pagamento;  160 PASSOS PARA DIREITA NA TABELA >>
25-06-2024 02:45:40.168Z;functions.filter_forma_pagamento;  HOVER NOME DA COLUNA FORMA DE PAGAMENTO
25-06-2024 02:45:42.256Z;functions.filter_forma_pagamento;  CLICA PARA APARECER O FILTRO PERSONALIZAR
25-06-2024 02:45:45.605Z;functions.filter_forma_pagamento;  CLICA NO FILTRO PERSONALIZAR
25-06-2024 02:45:58.622Z;functions.filter_forma_pagamento;  Texto extraido 0/0
25-06-2024 02:45:58.637Z;functions.filter_forma_pagamento;  Count 0
25-06-2024 02:45:58.637Z;functions.filter_forma_pagamento;  Type <class 'int'>
25-06-2024 02:45:58.637Z;functions.filter_forma_pagamento;  SEM REGISTROS
25-06-2024 02:46:00.638Z;functions.check_table_record;  VERIFICANDO SE A TABELA ESTÁ VAZIA
25-06-2024 02:46:04.246Z;functions.check_table_record;  Texto extraido 0/0
25-06-2024 02:46:04.246Z;functions.check_table_record;  Count 0
25-06-2024 02:46:04.246Z;functions.check_table_record;  Type <class 'int'>
25-06-2024 02:46:04.246Z;functions.check_table_record;  SEM REGISTROS
25-06-2024 02:46:08.254Z;main.<module>;  SEM REMESSA DE TED CIP
25-06-2024 02:46:09.496Z;functions.enter_contas_a_pagar;  CLICK - TOTVS - LINHA RM
25-06-2024 02:46:11.059Z;functions.enter_contas_a_pagar;  CLICK - BACK OFFICE
25-06-2024 02:46:13.871Z;functions.enter_contas_a_pagar;  CLICK - GESTAO FINANCEIRA
25-06-2024 02:46:20.121Z;functions.enter_contas_a_pagar;  CLICK - CONTAS A PAGAR
25-06-2024 02:46:21.043Z;functions.waitForImage;  LANÇAMENTOS image found.
25-06-2024 02:46:23.162Z;functions.enter_contas_a_pagar;  CLICA EM LANÇAMENTOS
25-06-2024 02:46:38.481Z;functions.waitForImage;  LICENCAS EXCEDIDAS image not found.
25-06-2024 02:46:38.481Z;functions.obter_intervalo_data;  VERIFICANDO A HORA ATUAL 2
25-06-2024 02:46:38.481Z;functions.obter_intervalo_data;  Data Inicial BANCARIA antes da remoção: None
25-06-2024 02:46:38.496Z;functions.obter_intervalo_data;  Data Final BANCARIA antes da remoção: None
25-06-2024 02:46:38.496Z;functions.obter_intervalo_data;  Data Inicial BANCARIA após a remoção: None
25-06-2024 02:46:38.496Z;functions.obter_intervalo_data;  Data Final BANCARIA após a remoção: None
25-06-2024 02:46:38.496Z;functions.obter_intervalo_data;  hoje -  2024-06-25 02:46:38.496896
25-06-2024 02:46:38.496Z;functions.data_filter;  DATA INICIO 26-06-2024
25-06-2024 02:46:38.496Z;functions.data_filter;  DATA FIM 02-07-2024
25-06-2024 02:46:38.496Z;functions.data_filter;  CLICK - SELECIONA A DATA DE QUARTA FEIRA E DA PROXIMA TERÇA
25-06-2024 02:46:38.496Z;functions.data_filter;  QUARTA-FEIRA: 26-06-2024
25-06-2024 02:46:38.496Z;functions.data_filter;  TERCA-FEIRA: 02-07-2024
25-06-2024 02:46:48.465Z;functions.data_filter;  CLICK - BOTAO DE SELECAO DE FILTRO
25-06-2024 02:46:53.293Z;functions.data_filter;  INSERE - DATA DE QUARTA-FEIRA: 26-06-2024
25-06-2024 02:46:57.887Z;functions.data_filter;  INSERE - DATA DA PROX TERCA-FEIRA: 02-07-2024
25-06-2024 02:46:59.028Z;functions.data_filter;  CLICK - BOTAO DE EXECUTAR O FILTRO
25-06-2024 02:47:04.032Z;functions.desmark_filter;  AGUARDANDO 1
25-06-2024 02:47:06.527Z;functions.desmark_filter;  CLICK CHECKBOX LANÇAMENTOS A RECEBER
25-06-2024 02:47:09.215Z;functions.desmark_filter;  CLICK CHECKBOX LANÇAMENTOS BAIXADOS
25-06-2024 02:47:11.902Z;functions.desmark_filter;  CLICK CHECKBOX LANÇAMENTOS CANCELADOS
25-06-2024 02:47:14.987Z;functions.desmark_filter;  CLICK CHECKBOX LANÇAMENTOS FATURADOS
25-06-2024 02:47:18.085Z;functions.desmark_filter;  CLICK CHECKBOX LANÇAMENTOS FATURADOS
25-06-2024 02:47:23.309Z;functions.waitForImage;  FILTER CLEAN image found.
25-06-2024 02:47:25.425Z;functions.filter_clean;  CLICA NO BOTÃO X DO LIMPA FILTRO
25-06-2024 02:47:40.699Z;functions.waitForImage;  FILTER CLEAN image not found.
25-06-2024 02:47:56.012Z;functions.waitForImage;  FILTER CLEAN image not found.
25-06-2024 02:47:57.684Z;functions.filter_forma_pagamento_branco;  CLICK NA PRIMEIRA LINHA E COLUNA DA TABELA
25-06-2024 02:48:13.992Z;functions.filter_forma_pagamento_branco;  160 PASSOS PARA DIREITA NA TABELA >>
25-06-2024 02:48:20.418Z;functions.filter_forma_pagamento_branco;  HOVER NOME DA COLUNA FORMA DE PAGAMENTO
25-06-2024 02:48:22.628Z;functions.filter_forma_pagamento_branco;  CLICA PARA APARECER O FILTRO PERSONALIZAR
25-06-2024 02:48:25.962Z;functions.filter_forma_pagamento_branco;  CLICA NO FILTRO PERSONALIZAR
25-06-2024 02:48:35.137Z;functions.filter_forma_pagamento_branco;  Texto extraido 2/7
25-06-2024 02:48:35.137Z;functions.filter_forma_pagamento_branco;  Count 7
25-06-2024 02:48:35.137Z;functions.filter_forma_pagamento_branco;  Type <class 'int'>
25-06-2024 02:48:35.137Z;functions.filter_forma_pagamento_branco;  TABELA CONTÉM REGISTROS
25-06-2024 02:48:37.699Z;functions.filter_forma_pagamento_branco;  MOVIDO PRA CIMA 7 VEZES
25-06-2024 02:48:41.695Z;functions.check_table_record;  VERIFICANDO SE A TABELA ESTÁ VAZIA
25-06-2024 02:48:45.433Z;functions.check_table_record;  Texto extraido 1/7
25-06-2024 02:48:45.433Z;functions.check_table_record;  Count 7
25-06-2024 02:48:45.433Z;functions.check_table_record;  Type <class 'int'>
25-06-2024 02:48:45.433Z;functions.check_table_record;  TABELA CONTÉM REGISTROS
25-06-2024 02:48:45.433Z;functions.check_ted_branco;  VERIFICANDO O COD DO CLIENTE EM CADA REGISTRO
25-06-2024 02:48:47.280Z;functions.check_ted_branco;  CLICA NA PRIMEIRA LINHA DA TABELA
25-06-2024 02:48:51.386Z;functions.check_ted_branco;  REFERNCIA: 970504
25-06-2024 02:48:51.689Z;functions.check_ted_branco;  ENTRANDO NO REGISTRO 
25-06-2024 02:49:11.949Z;functions.waitForImage;  INTEGRAÇÃO BANCÁRIA image found.
25-06-2024 02:49:12.066Z;functions.check_ted_branco;  CLICA EM INTEGRAÇÃO BANCÁRIA
25-06-2024 02:49:12.066Z;functions.check_ted_branco;  VERIFICANDO INFORMAÇÕES
25-06-2024 02:49:12.280Z;functions.waitForImage;  TRES PONTINHOS image found.
25-06-2024 02:49:24.909Z;functions.check_ted_branco;  VERIFICANDO SE TEM PIX NO FILTRO
25-06-2024 02:49:25.121Z;functions.waitForImage;  CHECANDO DADOS BANCÁRIOS PIX image found.
25-06-2024 02:49:27.124Z;functions.check_ted_branco;  PIX NÃO ENCONTRADO PARA REFERENCIA: 970504
25-06-2024 02:49:30.838Z;functions.check_ted_branco;  APERTA EM CANCELAR
25-06-2024 02:49:31.058Z;functions.waitForImage;  PRESS BUTTON OK image found.
25-06-2024 02:49:33.192Z;functions.click_ok;  PRESS BUTTON OK
25-06-2024 02:49:45.464Z;functions.waitForImage;  ERROR GENERICO image not found.
25-06-2024 02:49:50.746Z;functions.waitForImage;  ERROR FILTRO PIX image not found.
25-06-2024 02:49:54.863Z;functions.check_ted_branco;  PASSANDO PARA PRÓXIMO REGISTRO
25-06-2024 02:49:58.968Z;functions.check_ted_branco;  REFERNCIA: 753543
25-06-2024 02:49:59.270Z;functions.check_ted_branco;  ENTRANDO NO REGISTRO 
25-06-2024 02:50:05.559Z;functions.waitForImage;  INTEGRAÇÃO BANCÁRIA image found.
25-06-2024 02:50:05.691Z;functions.check_ted_branco;  CLICA EM INTEGRAÇÃO BANCÁRIA
25-06-2024 02:50:05.691Z;functions.check_ted_branco;  VERIFICANDO INFORMAÇÕES
25-06-2024 02:50:06.574Z;functions.waitForImage;  TRES PONTINHOS image found.
25-06-2024 02:50:19.206Z;functions.check_ted_branco;  VERIFICANDO SE TEM PIX NO FILTRO
25-06-2024 02:50:19.402Z;functions.waitForImage;  CHECANDO DADOS BANCÁRIOS PIX image found.
25-06-2024 02:50:21.409Z;functions.check_ted_branco;  PIX NÃO ENCONTRADO PARA REFERENCIA: 753543
25-06-2024 02:50:25.124Z;functions.check_ted_branco;  APERTA EM CANCELAR
25-06-2024 02:50:25.324Z;functions.waitForImage;  PRESS BUTTON OK image found.
25-06-2024 02:50:27.442Z;functions.click_ok;  PRESS BUTTON OK
25-06-2024 02:50:39.714Z;functions.waitForImage;  ERROR GENERICO image not found.
25-06-2024 02:50:45.012Z;functions.waitForImage;  ERROR FILTRO PIX image not found.
25-06-2024 02:50:49.120Z;functions.check_ted_branco;  PASSANDO PARA PRÓXIMO REGISTRO
25-06-2024 02:50:53.225Z;functions.check_ted_branco;  REFERNCIA: 753542
25-06-2024 02:50:53.526Z;functions.check_ted_branco;  ENTRANDO NO REGISTRO 
25-06-2024 02:50:59.793Z;functions.waitForImage;  INTEGRAÇÃO BANCÁRIA image found.
25-06-2024 02:50:59.910Z;functions.check_ted_branco;  CLICA EM INTEGRAÇÃO BANCÁRIA
25-06-2024 02:50:59.910Z;functions.check_ted_branco;  VERIFICANDO INFORMAÇÕES
25-06-2024 02:51:00.824Z;functions.waitForImage;  TRES PONTINHOS image found.
25-06-2024 02:51:13.465Z;functions.check_ted_branco;  VERIFICANDO SE TEM PIX NO FILTRO
25-06-2024 02:51:13.683Z;functions.waitForImage;  CHECANDO DADOS BANCÁRIOS PIX image found.
25-06-2024 02:51:15.696Z;functions.check_ted_branco;  PIX NÃO ENCONTRADO PARA REFERENCIA: 753542
25-06-2024 02:51:19.409Z;functions.check_ted_branco;  APERTA EM CANCELAR
25-06-2024 02:51:19.605Z;functions.waitForImage;  PRESS BUTTON OK image found.
25-06-2024 02:51:21.756Z;functions.click_ok;  PRESS BUTTON OK
25-06-2024 02:51:34.058Z;functions.waitForImage;  ERROR GENERICO image not found.
25-06-2024 02:51:39.418Z;functions.waitForImage;  ERROR FILTRO PIX image not found.
25-06-2024 02:51:43.523Z;functions.check_ted_branco;  PASSANDO PARA PRÓXIMO REGISTRO
25-06-2024 02:51:47.627Z;functions.check_ted_branco;  REFERNCIA: 753665
25-06-2024 02:51:47.929Z;functions.check_ted_branco;  ENTRANDO NO REGISTRO 
25-06-2024 02:51:55.668Z;functions.waitForImage;  INTEGRAÇÃO BANCÁRIA image found.
25-06-2024 02:51:55.784Z;functions.check_ted_branco;  CLICA EM INTEGRAÇÃO BANCÁRIA
25-06-2024 02:51:55.784Z;functions.check_ted_branco;  VERIFICANDO INFORMAÇÕES
25-06-2024 02:51:56.699Z;functions.waitForImage;  TRES PONTINHOS image found.
25-06-2024 02:52:09.339Z;functions.check_ted_branco;  VERIFICANDO SE TEM PIX NO FILTRO
25-06-2024 02:52:09.558Z;functions.waitForImage;  CHECANDO DADOS BANCÁRIOS PIX image found.
25-06-2024 02:52:11.565Z;functions.check_ted_branco;  PIX NÃO ENCONTRADO PARA REFERENCIA: 753665
25-06-2024 02:52:15.276Z;functions.check_ted_branco;  APERTA EM CANCELAR
25-06-2024 02:52:15.480Z;functions.waitForImage;  PRESS BUTTON OK image found.
25-06-2024 02:52:17.597Z;functions.click_ok;  PRESS BUTTON OK
25-06-2024 02:52:29.871Z;functions.waitForImage;  ERROR GENERICO image not found.
25-06-2024 02:52:35.152Z;functions.waitForImage;  ERROR FILTRO PIX image not found.
25-06-2024 02:52:39.268Z;functions.check_ted_branco;  PASSANDO PARA PRÓXIMO REGISTRO
25-06-2024 02:52:43.373Z;functions.check_ted_branco;  REFERNCIA: 753666
25-06-2024 02:52:43.675Z;functions.check_ted_branco;  ENTRANDO NO REGISTRO 
25-06-2024 02:52:49.949Z;functions.waitForImage;  INTEGRAÇÃO BANCÁRIA image found.
25-06-2024 02:52:50.067Z;functions.check_ted_branco;  CLICA EM INTEGRAÇÃO BANCÁRIA
25-06-2024 02:52:50.067Z;functions.check_ted_branco;  VERIFICANDO INFORMAÇÕES
25-06-2024 02:52:50.996Z;functions.waitForImage;  TRES PONTINHOS image found.
25-06-2024 02:53:03.626Z;functions.check_ted_branco;  VERIFICANDO SE TEM PIX NO FILTRO
25-06-2024 02:53:03.839Z;functions.waitForImage;  CHECANDO DADOS BANCÁRIOS PIX image found.
25-06-2024 02:53:05.847Z;functions.check_ted_branco;  PIX NÃO ENCONTRADO PARA REFERENCIA: 753666
25-06-2024 02:53:09.559Z;functions.check_ted_branco;  APERTA EM CANCELAR
25-06-2024 02:53:09.761Z;functions.waitForImage;  PRESS BUTTON OK image found.
25-06-2024 02:53:11.881Z;functions.click_ok;  PRESS BUTTON OK
25-06-2024 02:53:24.152Z;functions.waitForImage;  ERROR GENERICO image not found.
25-06-2024 02:53:29.433Z;functions.waitForImage;  ERROR FILTRO PIX image not found.
25-06-2024 02:53:33.550Z;functions.check_ted_branco;  PASSANDO PARA PRÓXIMO REGISTRO
25-06-2024 02:53:37.656Z;functions.check_ted_branco;  REFERNCIA: 753606
25-06-2024 02:53:37.958Z;functions.check_ted_branco;  ENTRANDO NO REGISTRO 
25-06-2024 02:53:44.293Z;functions.waitForImage;  INTEGRAÇÃO BANCÁRIA image found.
25-06-2024 02:53:44.412Z;functions.check_ted_branco;  CLICA EM INTEGRAÇÃO BANCÁRIA
25-06-2024 02:53:44.412Z;functions.check_ted_branco;  VERIFICANDO INFORMAÇÕES
25-06-2024 02:53:45.339Z;functions.waitForImage;  TRES PONTINHOS image found.
25-06-2024 02:53:57.973Z;functions.check_ted_branco;  VERIFICANDO SE TEM PIX NO FILTRO
25-06-2024 02:53:58.183Z;functions.waitForImage;  CHECANDO DADOS BANCÁRIOS PIX image found.
25-06-2024 02:54:00.191Z;functions.check_ted_branco;  PIX NÃO ENCONTRADO PARA REFERENCIA: 753606
25-06-2024 02:54:03.904Z;functions.check_ted_branco;  APERTA EM CANCELAR
25-06-2024 02:54:04.105Z;functions.waitForImage;  PRESS BUTTON OK image found.
25-06-2024 02:54:06.253Z;functions.click_ok;  PRESS BUTTON OK
25-06-2024 02:54:18.527Z;functions.waitForImage;  ERROR GENERICO image not found.
25-06-2024 02:54:23.793Z;functions.waitForImage;  ERROR FILTRO PIX image not found.
25-06-2024 02:54:27.900Z;functions.check_ted_branco;  PASSANDO PARA PRÓXIMO REGISTRO
25-06-2024 02:54:32.004Z;functions.check_ted_branco;  REFERNCIA: 753605
25-06-2024 02:54:32.306Z;functions.check_ted_branco;  ENTRANDO NO REGISTRO 
25-06-2024 02:54:38.480Z;functions.waitForImage;  INTEGRAÇÃO BANCÁRIA image found.
25-06-2024 02:54:38.605Z;functions.check_ted_branco;  CLICA EM INTEGRAÇÃO BANCÁRIA
25-06-2024 02:54:38.605Z;functions.check_ted_branco;  VERIFICANDO INFORMAÇÕES
25-06-2024 02:54:39.527Z;functions.waitForImage;  TRES PONTINHOS image found.
25-06-2024 02:54:52.164Z;functions.check_ted_branco;  VERIFICANDO SE TEM PIX NO FILTRO
25-06-2024 02:54:52.372Z;functions.waitForImage;  CHECANDO DADOS BANCÁRIOS PIX image found.
25-06-2024 02:54:54.375Z;functions.check_ted_branco;  PIX NÃO ENCONTRADO PARA REFERENCIA: 753605
25-06-2024 02:54:58.101Z;functions.check_ted_branco;  APERTA EM CANCELAR
25-06-2024 02:54:58.308Z;functions.waitForImage;  PRESS BUTTON OK image found.
25-06-2024 02:55:00.443Z;functions.click_ok;  PRESS BUTTON OK
25-06-2024 02:55:12.683Z;functions.waitForImage;  ERROR GENERICO image not found.
25-06-2024 02:55:17.964Z;functions.waitForImage;  ERROR FILTRO PIX image not found.
25-06-2024 02:55:17.964Z;functions.check_ted_branco;  FORAI VERIFICADO: 7 REFERENCIAS NO PROCESSAMENTO FORMA DE PAGAMENTO ELETRONICA EM BRANCO
25-06-2024 02:55:20.558Z;errorhandler.__handle;  Property: Unknown Property name. [1:203: -ms-interpolation-mode]
25-06-2024 02:55:20.605Z;errorhandler.__handle;  Property: Unknown Property name. [1:353: -webkit-font-smoothing]
25-06-2024 02:55:20.620Z;errorhandler.__handle;  Property: Unknown Property name. [1:483: -ms-text-size-adjust]
25-06-2024 02:55:20.620Z;errorhandler.__handle;  Property: Unknown Property name. [1:518: -webkit-text-size-adjust]
25-06-2024 02:55:20.620Z;errorhandler.__handle;  Property: Unknown Property name. [1:612: mso-table-lspace]
25-06-2024 02:55:20.620Z;errorhandler.__handle;  Property: Unknown Property name. [1:642: mso-table-rspace]
25-06-2024 02:55:20.855Z;errorhandler.__handle;  Property: Unknown Property name. [1:4734: mso-hide]
25-06-2024 02:55:20.964Z;errorhandler.__handle;  Property: Unknown Property name. [1:13: -ms-interpolation-mode]
25-06-2024 02:55:20.964Z;errorhandler.__handle;  Property: Unknown Property name. [1:49: -webkit-font-smoothing]
25-06-2024 02:55:20.964Z;errorhandler.__handle;  Property: Unknown Property name. [1:134: -ms-text-size-adjust]
25-06-2024 02:55:20.964Z;errorhandler.__handle;  Property: Unknown Property name. [1:160: -webkit-text-size-adjust]
25-06-2024 02:55:20.980Z;errorhandler.__handle;  Property: Unknown Property name. [1:26: mso-table-lspace]
25-06-2024 02:55:20.980Z;errorhandler.__handle;  Property: Unknown Property name. [1:45: mso-table-rspace]
25-06-2024 02:55:21.011Z;errorhandler.__handle;  Property: Unknown Property name. [1:92: mso-hide]
25-06-2024 02:55:21.027Z;errorhandler.__handle;  Property: No ":" after name found: align-center [1:1: align-center]
25-06-2024 02:55:21.027Z;errorhandler.__handle;  Property: No property value found: align-center [1:1: align-center]
25-06-2024 02:55:21.027Z;errorhandler.__handle;  CSSStyleDeclaration: Syntax Error in Property: align-center
25-06-2024 02:55:21.027Z;errorhandler.__handle;  Property: Unknown Property name. [1:14: -ms-interpolation-mode]
25-06-2024 02:55:23.558Z;functions.emailFinalizado;  Warning e-mail sent.
25-06-2024 02:55:23.558Z;main.<module>;  Remessa Bancária TED CIP com filtro de pagamento eletronica em branco modificadas para pix 
 PASSO 3 FINALIZADO
25-06-2024 02:55:23.558Z;main.<module>;  O PROGRAMA SERÁ ENCERRADO
25-06-2024 02:55:25.589Z;errorhandler.__handle;  Property: Unknown Property name. [1:14: -ms-interpolation-mode]
25-06-2024 02:55:28.136Z;functions.emailFinalizado;  Warning e-mail sent.
25-06-2024 02:55:28.450Z;functions.end_RM;  RM ENCERRADO
