25-06-2024 06:28:10.975Z;functions.bot_text_art;      ____   
25-06-2024 06:28:10.975Z;functions.bot_text_art;     [____]    
25-06-2024 06:28:10.975Z;functions.bot_text_art;   |=]()()[=|  
25-06-2024 06:28:10.975Z;functions.bot_text_art;     _\==/__    _____    ____     _        _____    ___   _  __
25-06-2024 06:28:10.975Z;functions.bot_text_art;   |__|   |_|  |  _  \  / ___|   | |      |_   _| / ___| | |/ /
25-06-2024 06:28:10.975Z;functions.bot_text_art;   |_|_/\_|_|  | |  | | | |      | |        | |   | |    | ' / 
25-06-2024 06:28:10.975Z;functions.bot_text_art;   | | __ | |  | |  | | | |      | |        | |   | |    |  <  
25-06-2024 06:28:10.975Z;functions.bot_text_art;   |_|[  ]|_|  | |__| | | |____  | |____   _| |_  | |__  | . \ 
25-06-2024 06:28:10.975Z;functions.bot_text_art;   \_|_||_|_/  |_____/   \_____| |______| |_____| \ ___| |_|\_\
25-06-2024 06:28:10.975Z;functions.bot_text_art;     |_||_|                                                     
25-06-2024 06:28:10.975Z;functions.bot_text_art;     | ||_|_   
25-06-2024 06:28:10.991Z;functions.bot_text_art;   |___||___|  
25-06-2024 06:28:10.991Z;functions.bot_text_art;               
25-06-2024 06:28:10.991Z;functions.open_RM;  OPEN PROGRAM RM
25-06-2024 06:28:10.991Z;functions.caps;  DESATIVANDO CAPS
25-06-2024 06:28:10.991Z;functions.loggin_RM;  BUSCANDO LOGGIN RM
25-06-2024 06:28:30.404Z;functions.loggin_RM;  ENTER USER_NAME
25-06-2024 06:28:35.264Z;functions.loggin_RM;  ENTER PASSWORD
25-06-2024 06:28:36.770Z;functions.loggin_RM;  ENTER RM
25-06-2024 06:30:24.294Z;functions.enter_coligada;  CLICK CONTEXTO
25-06-2024 06:30:26.763Z;functions.enter_coligada;  CLICK ALTERAR MODULO DO CONTEXTO
25-06-2024 06:30:31.029Z;functions.enter_coligada;  INSERE O COLIGADA CODE = 1
25-06-2024 06:30:31.135Z;functions.enter_coligada;  APERTA TAB PARA PREENCHER O CAMPO COM A STRING: OCEANICA ENGENHARIA E CONSULTORIA S.A.
25-06-2024 06:30:33.826Z;functions.enter_coligada;  CLICK AVANÇAR NOVAMENTE
25-06-2024 06:30:35.201Z;functions.enter_coligada;  CLICK CONCLUIR
25-06-2024 06:30:55.576Z;functions.waitForImage;  TROCA COLIGADA image not found.
25-06-2024 06:31:15.747Z;functions.enter_coligada;  POP UP COLIGADA DESAPARECER
25-06-2024 06:31:16.732Z;functions.check_movimentacao_bancaria;  CLICK - TOTVS - LINHA RM
25-06-2024 06:31:18.669Z;functions.check_movimentacao_bancaria;  CLICK - BACK OFFICE
25-06-2024 06:31:21.419Z;functions.check_movimentacao_bancaria;  CLICK - GESTAO FINANCEIRA
25-06-2024 06:31:21.419Z;functions.movimentacao_bancaria;  AGUARDANDO 1
25-06-2024 06:31:27.544Z;functions.movimentacao_bancaria;  CLICA NA ABA MOVIMENTAÇÃO BANCARIA
25-06-2024 06:31:28.529Z;functions.waitForImage;  IMAGEM BORDERO image found.
25-06-2024 06:31:30.646Z;functions.movimentacao_bancaria;  IMAGEM BORDERO CLICADA.
25-06-2024 06:31:40.810Z;functions.waitForImage;  LICENCAS EXCEDIDAS image not found.
25-06-2024 06:31:41.551Z;functions.movimentacao_bancaria;  ENCONTROU O FILTRO DA MOVIMENTAÇÃO BANCÁRIA
25-06-2024 06:31:41.607Z;functions.movimentacao_bancaria;  CLICA NA ABA SUPERIOR DO FILTRO
25-06-2024 06:31:48.919Z;functions.movimentacao_bancaria;  SELECIONA O FILTRO HOJE
25-06-2024 06:31:54.138Z;functions.waitForImage;  FILTER CLEAN image found.
25-06-2024 06:31:56.271Z;functions.filter_clean;  CLICA NO BOTÃO X DO LIMPA FILTRO
25-06-2024 06:31:56.482Z;functions.waitForImage;  FILTER CLEAN image found.
25-06-2024 06:31:58.616Z;functions.filter_clean;  CLICA NO BOTÃO X DO LIMPA FILTRO
25-06-2024 06:32:13.920Z;functions.waitForImage;  FILTER CLEAN image not found.
25-06-2024 06:32:15.607Z;functions.movimentacao_bancaria;  CLICA NA PRIMEIRA LINHA DA TABELA MOVIMENTAÇÃO BANCÁRIA
25-06-2024 06:32:17.263Z;functions.movimentacao_bancaria;  CLICA NA PRIMEIRA LINHA DA TABELA MOVIMENTAÇÃO BANCÁRIA
25-06-2024 06:32:18.495Z;functions.movimentacao_bancaria;  12 PASSOS PARA DIREITA NA TABELA >>
25-06-2024 06:32:20.732Z;functions.movimentacao_bancaria;  HOVER FILTER
25-06-2024 06:32:21.323Z;functions.movimentacao_bancaria;  CLICK FILTER
25-06-2024 06:32:25.650Z;functions.movimentacao_bancaria;  CLICA NO FILTRO  STATUS DA REMESSA
25-06-2024 06:32:27.753Z;functions.movimentacao_bancaria;  APERTA TAB PARA ESCREVER O FILTRO
25-06-2024 06:32:29.867Z;functions.movimentacao_bancaria;  ESCREVE PENDENTE NO FILTRO
25-06-2024 06:32:31.970Z;functions.movimentacao_bancaria;  APERTA ENTER PARA SELECIONAR OS PENDENTES
25-06-2024 06:32:52.669Z;functions.movimentacao_bancaria;  SEM PROCESSAMENTO DE BORDERO PENDENTE
25-06-2024 06:33:02.888Z;functions.waitForImage;  FILTER CLEAN image found.
25-06-2024 06:33:05.022Z;functions.filter_clean;  CLICA NO BOTÃO X DO LIMPA FILTRO
25-06-2024 06:33:20.326Z;functions.waitForImage;  FILTER CLEAN image not found.
25-06-2024 06:33:35.638Z;functions.waitForImage;  FILTER CLEAN image not found.
25-06-2024 06:33:37.607Z;functions.processo_pagamento;  CLICA NA PRIMEIRA LINHA DA TABELA MOVIMENTAÇÃO BANCÁRIA
25-06-2024 06:33:39.872Z;functions.processo_pagamento;  HOVER FILTER
25-06-2024 06:33:40.463Z;functions.processo_pagamento;  CLICK FILTER
25-06-2024 06:33:44.796Z;functions.processo_pagamento;  CLICA NO FILTRO  STATUS DA REMESSA
25-06-2024 06:33:46.899Z;functions.processo_pagamento;  APERTA TAB PARA ESCREVER O FILTRO
25-06-2024 06:33:49.018Z;functions.processo_pagamento;  ESCREVE AUTORIZADO NO FILTRO
25-06-2024 06:33:51.121Z;functions.processo_pagamento;  APERTA ENTER PARA SELECIONAR OS AUTORIZADOS
25-06-2024 06:34:11.822Z;functions.processo_pagamento;  SEM REMESSA DE BORDERO AUTORIZADO
25-06-2024 06:34:12.926Z;functions.processo_pagamento;  FECHA ABA MOVIMENTAÇÕES BANCÁRIAS
25-06-2024 06:34:14.732Z;functions.enter_contas_a_pagar;  CLICK - TOTVS - LINHA RM
25-06-2024 06:34:16.232Z;functions.enter_contas_a_pagar;  CLICK - BACK OFFICE
25-06-2024 06:34:17.106Z;functions.enter_contas_a_pagar;  CLICK - GESTAO FINANCEIRA
25-06-2024 06:34:23.388Z;functions.enter_contas_a_pagar;  CLICK - CONTAS A PAGAR
25-06-2024 06:34:24.325Z;functions.waitForImage;  LANÇAMENTOS image found.
25-06-2024 06:34:26.458Z;functions.enter_contas_a_pagar;  CLICA EM LANÇAMENTOS
25-06-2024 06:34:41.701Z;functions.waitForImage;  LICENCAS EXCEDIDAS image not found.
25-06-2024 06:34:41.701Z;functions.obter_intervalo_data;  VERIFICANDO A HORA ATUAL 6
25-06-2024 06:34:41.732Z;functions.obter_intervalo_data;  Data Inicial BANCARIA antes da remoção: None
25-06-2024 06:34:41.732Z;functions.obter_intervalo_data;  Data Final BANCARIA antes da remoção: None
25-06-2024 06:34:41.732Z;functions.obter_intervalo_data;  Data Inicial BANCARIA após a remoção: None
25-06-2024 06:34:41.732Z;functions.obter_intervalo_data;  Data Final BANCARIA após a remoção: None
25-06-2024 06:34:41.732Z;functions.obter_intervalo_data;  hoje -  2024-06-25 06:34:41.732335
25-06-2024 06:34:41.732Z;functions.data_filter;  DATA INICIO 26-06-2024
25-06-2024 06:34:41.732Z;functions.data_filter;  DATA FIM 02-07-2024
25-06-2024 06:34:41.732Z;functions.data_filter;  CLICK - SELECIONA A DATA DE QUARTA FEIRA E DA PROXIMA TERÇA
25-06-2024 06:34:41.732Z;functions.data_filter;  QUARTA-FEIRA: 26-06-2024
25-06-2024 06:34:41.732Z;functions.data_filter;  TERCA-FEIRA: 02-07-2024
25-06-2024 06:34:51.576Z;functions.data_filter;  CLICK - BOTAO DE SELECAO DE FILTRO
25-06-2024 06:34:56.404Z;functions.data_filter;  INSERE - DATA DE QUARTA-FEIRA: 26-06-2024
25-06-2024 06:35:00.873Z;functions.data_filter;  INSERE - DATA DA PROX TERCA-FEIRA: 02-07-2024
25-06-2024 06:35:02.013Z;functions.data_filter;  CLICK - BOTAO DE EXECUTAR O FILTRO
25-06-2024 06:35:07.018Z;functions.desmark_filter;  AGUARDANDO 1
25-06-2024 06:35:10.450Z;functions.desmark_filter;  CLICK CHECKBOX LANÇAMENTOS A RECEBER
25-06-2024 06:35:13.138Z;functions.desmark_filter;  CLICK CHECKBOX LANÇAMENTOS BAIXADOS
25-06-2024 06:35:16.200Z;functions.desmark_filter;  CLICK CHECKBOX LANÇAMENTOS CANCELADOS
25-06-2024 06:35:19.607Z;functions.desmark_filter;  CLICK CHECKBOX LANÇAMENTOS FATURADOS
25-06-2024 06:35:22.842Z;functions.desmark_filter;  CLICK CHECKBOX LANÇAMENTOS FATURADOS
25-06-2024 06:35:43.138Z;functions.waitForImage;  FILTER CLEAN image not found.
25-06-2024 06:35:58.450Z;functions.waitForImage;  FILTER CLEAN image not found.
25-06-2024 06:36:13.763Z;functions.waitForImage;  FILTER CLEAN image not found.
25-06-2024 06:36:13.763Z;functions.check_table_record;  VERIFICANDO SE A TABELA ESTÁ VAZIA
25-06-2024 06:36:17.332Z;functions.check_table_record;  Texto extraido 1/18
25-06-2024 06:36:17.332Z;functions.check_table_record;  Count 18
25-06-2024 06:36:17.332Z;functions.check_table_record;  Type <class 'int'>
25-06-2024 06:36:17.332Z;functions.check_table_record;  TABELA CONTÉM REGISTROS
25-06-2024 06:36:29.622Z;functions.select_tipo_documento;  NOME DA COLUNA: Tipo de Documento
25-06-2024 06:36:31.716Z;functions.select_tipo_documento;  HOVER NOME DA COLUNA: Tipo de Documento
25-06-2024 06:36:32.601Z;functions.select_tipo_documento;  CLICA NO FILTRO PERSONALIZAR
25-06-2024 06:36:34.294Z;functions.select_tipo_documento;  CLICA PARA SELECIONAR OPÇÕES DO FILTRO
25-06-2024 06:36:40.739Z;functions.select_tipo_documento;  FILTRO "NÃO É IGUAL A INV" DEFINIDO
25-06-2024 06:36:41.825Z;functions.select_tipo_documento;  CLICK BUTTON CONFIRMAR FILTRO
25-06-2024 06:36:46.829Z;functions.filter_IPTE;  VERIFICANDO O COD DO CLIENTE EM CADA REGISTRO
25-06-2024 06:36:48.575Z;functions.filter_IPTE;  CLICA NA PRIMEIRA LINHA DA TABELA
25-06-2024 06:37:13.216Z;functions.filter_IPTE;  HOVER FILTER
25-06-2024 06:37:15.239Z;functions.filter_IPTE;  CLICK FILTER
25-06-2024 06:37:19.573Z;functions.filter_IPTE;  CLICA NO FILTRO PERSONALIZAR
25-06-2024 06:38:02.060Z;functions.filter_IPTE;  MOVIDO PRA CIMA 100 VEZES
25-06-2024 06:38:38.419Z;functions.filter_IPTE;  MOVIDO PRA CIMA MAIS 100 VEZES
25-06-2024 06:38:54.217Z;functions.filter_IPTE;  TABELA NÃO CONTÉM REGISTROS
25-06-2024 06:38:54.217Z;functions.check_table_record;  VERIFICANDO SE A TABELA ESTÁ VAZIA
25-06-2024 06:38:57.855Z;functions.check_table_record;  Texto extraido 0/0
25-06-2024 06:38:57.855Z;functions.check_table_record;  Count 0
25-06-2024 06:38:57.855Z;functions.check_table_record;  Type <class 'int'>
25-06-2024 06:38:57.856Z;functions.check_table_record;  SEM REGISTROS
25-06-2024 06:38:59.857Z;main.<module>;  SEM REMESSA BANCÁRIA
25-06-2024 06:38:59.857Z;functions.movimentacao_bancaria;  AGUARDANDO 1
25-06-2024 06:39:01.138Z;functions.movimentacao_bancaria;  CLICA NA ABA MOVIMENTAÇÃO BANCARIA
25-06-2024 06:39:02.075Z;functions.waitForImage;  IMAGEM BORDERO image found.
25-06-2024 06:39:04.190Z;functions.movimentacao_bancaria;  IMAGEM BORDERO CLICADA.
25-06-2024 06:39:14.481Z;functions.waitForImage;  LICENCAS EXCEDIDAS image not found.
25-06-2024 06:39:15.216Z;functions.movimentacao_bancaria;  ENCONTROU O FILTRO DA MOVIMENTAÇÃO BANCÁRIA
25-06-2024 06:39:15.263Z;functions.movimentacao_bancaria;  CLICA NA ABA SUPERIOR DO FILTRO
25-06-2024 06:39:22.574Z;functions.movimentacao_bancaria;  SELECIONA O FILTRO HOJE
25-06-2024 06:39:27.796Z;functions.waitForImage;  FILTER CLEAN image found.
25-06-2024 06:39:29.929Z;functions.filter_clean;  CLICA NO BOTÃO X DO LIMPA FILTRO
25-06-2024 06:39:45.012Z;functions.waitForImage;  FILTER CLEAN image not found.
25-06-2024 06:40:00.247Z;functions.waitForImage;  FILTER CLEAN image not found.
25-06-2024 06:40:01.856Z;functions.movimentacao_bancaria;  CLICA NA PRIMEIRA LINHA DA TABELA MOVIMENTAÇÃO BANCÁRIA
25-06-2024 06:40:03.450Z;functions.movimentacao_bancaria;  CLICA NA PRIMEIRA LINHA DA TABELA MOVIMENTAÇÃO BANCÁRIA
25-06-2024 06:40:04.674Z;functions.movimentacao_bancaria;  12 PASSOS PARA DIREITA NA TABELA >>
25-06-2024 06:40:07.029Z;functions.movimentacao_bancaria;  HOVER FILTER
25-06-2024 06:40:07.617Z;functions.movimentacao_bancaria;  CLICK FILTER
25-06-2024 06:40:11.950Z;functions.movimentacao_bancaria;  CLICA NO FILTRO  STATUS DA REMESSA
25-06-2024 06:40:14.054Z;functions.movimentacao_bancaria;  APERTA TAB PARA ESCREVER O FILTRO
25-06-2024 06:40:16.169Z;functions.movimentacao_bancaria;  ESCREVE PENDENTE NO FILTRO
25-06-2024 06:40:18.272Z;functions.movimentacao_bancaria;  APERTA ENTER PARA SELECIONAR OS PENDENTES
25-06-2024 06:40:39.044Z;functions.movimentacao_bancaria;  SEM PROCESSAMENTO DE BORDERO PENDENTE
25-06-2024 06:40:49.247Z;functions.waitForImage;  FILTER CLEAN image found.
25-06-2024 06:40:51.367Z;functions.filter_clean;  CLICA NO BOTÃO X DO LIMPA FILTRO
25-06-2024 06:41:06.435Z;functions.waitForImage;  FILTER CLEAN image not found.
25-06-2024 06:41:21.528Z;functions.waitForImage;  FILTER CLEAN image not found.
25-06-2024 06:41:23.669Z;functions.processo_pagamento;  CLICA NA PRIMEIRA LINHA DA TABELA MOVIMENTAÇÃO BANCÁRIA
25-06-2024 06:41:25.903Z;functions.processo_pagamento;  HOVER FILTER
25-06-2024 06:41:26.492Z;functions.processo_pagamento;  CLICK FILTER
25-06-2024 06:41:30.824Z;functions.processo_pagamento;  CLICA NO FILTRO  STATUS DA REMESSA
25-06-2024 06:41:32.927Z;functions.processo_pagamento;  APERTA TAB PARA ESCREVER O FILTRO
25-06-2024 06:41:35.046Z;functions.processo_pagamento;  ESCREVE AUTORIZADO NO FILTRO
25-06-2024 06:41:37.149Z;functions.processo_pagamento;  APERTA ENTER PARA SELECIONAR OS AUTORIZADOS
25-06-2024 06:41:57.805Z;functions.processo_pagamento;  SEM REMESSA DE BORDERO AUTORIZADO
25-06-2024 06:41:58.909Z;functions.processo_pagamento;  FECHA ABA MOVIMENTAÇÕES BANCÁRIAS
25-06-2024 06:42:00.106Z;functions.enter_contas_a_pagar;  CLICK - TOTVS - LINHA RM
25-06-2024 06:42:01.669Z;functions.enter_contas_a_pagar;  CLICK - BACK OFFICE
25-06-2024 06:42:04.419Z;functions.enter_contas_a_pagar;  CLICK - GESTAO FINANCEIRA
25-06-2024 06:42:10.700Z;functions.enter_contas_a_pagar;  CLICK - CONTAS A PAGAR
25-06-2024 06:42:11.622Z;functions.waitForImage;  LANÇAMENTOS image found.
25-06-2024 06:42:13.741Z;functions.enter_contas_a_pagar;  CLICA EM LANÇAMENTOS
25-06-2024 06:42:29.013Z;functions.waitForImage;  LICENCAS EXCEDIDAS image not found.
25-06-2024 06:42:29.013Z;functions.obter_intervalo_data;  VERIFICANDO A HORA ATUAL 6
25-06-2024 06:42:29.044Z;functions.obter_intervalo_data;  Data Inicial BANCARIA antes da remoção: None
25-06-2024 06:42:29.044Z;functions.obter_intervalo_data;  Data Final BANCARIA antes da remoção: None
25-06-2024 06:42:29.044Z;functions.obter_intervalo_data;  Data Inicial BANCARIA após a remoção: None
25-06-2024 06:42:29.044Z;functions.obter_intervalo_data;  Data Final BANCARIA após a remoção: None
25-06-2024 06:42:29.044Z;functions.obter_intervalo_data;  hoje -  2024-06-25 06:42:29.044541
25-06-2024 06:42:29.044Z;functions.data_filter;  DATA INICIO 26-06-2024
25-06-2024 06:42:29.044Z;functions.data_filter;  DATA FIM 02-07-2024
25-06-2024 06:42:29.044Z;functions.data_filter;  CLICK - SELECIONA A DATA DE QUARTA FEIRA E DA PROXIMA TERÇA
25-06-2024 06:42:29.044Z;functions.data_filter;  QUARTA-FEIRA: 26-06-2024
25-06-2024 06:42:29.044Z;functions.data_filter;  TERCA-FEIRA: 02-07-2024
25-06-2024 06:42:38.856Z;functions.data_filter;  CLICK - BOTAO DE SELECAO DE FILTRO
25-06-2024 06:42:43.591Z;functions.data_filter;  INSERE - DATA DE QUARTA-FEIRA: 26-06-2024
25-06-2024 06:42:47.952Z;functions.data_filter;  INSERE - DATA DA PROX TERCA-FEIRA: 02-07-2024
25-06-2024 06:42:49.106Z;functions.data_filter;  CLICK - BOTAO DE EXECUTAR O FILTRO
25-06-2024 06:42:54.110Z;functions.desmark_filter;  AGUARDANDO 1
25-06-2024 06:42:56.575Z;functions.desmark_filter;  CLICK CHECKBOX LANÇAMENTOS A RECEBER
25-06-2024 06:42:59.356Z;functions.desmark_filter;  CLICK CHECKBOX LANÇAMENTOS BAIXADOS
25-06-2024 06:43:02.441Z;functions.desmark_filter;  CLICK CHECKBOX LANÇAMENTOS CANCELADOS
25-06-2024 06:43:05.857Z;functions.desmark_filter;  CLICK CHECKBOX LANÇAMENTOS FATURADOS
25-06-2024 06:43:09.044Z;functions.desmark_filter;  CLICK CHECKBOX LANÇAMENTOS FATURADOS
25-06-2024 06:43:29.341Z;functions.waitForImage;  FILTER CLEAN image not found.
25-06-2024 06:43:44.653Z;functions.waitForImage;  FILTER CLEAN image not found.
25-06-2024 06:43:59.966Z;functions.waitForImage;  FILTER CLEAN image not found.
25-06-2024 06:44:01.325Z;functions.filter_forma_pagamento;  CLICA NA PRIMEIRA LINHA DA TABELA
25-06-2024 06:44:01.700Z;functions.filter_forma_pagamento;  CLICK NA PRIMEIRA LINHA E COLUNA DA TABELA
25-06-2024 06:44:17.999Z;functions.filter_forma_pagamento;  160 PASSOS PARA DIREITA NA TABELA >>
25-06-2024 06:44:24.560Z;functions.filter_forma_pagamento;  HOVER NOME DA COLUNA FORMA DE PAGAMENTO
25-06-2024 06:44:26.739Z;functions.filter_forma_pagamento;  CLICA PARA APARECER O FILTRO PERSONALIZAR
25-06-2024 06:44:30.072Z;functions.filter_forma_pagamento;  CLICA NO FILTRO PERSONALIZAR
25-06-2024 06:44:43.062Z;functions.filter_forma_pagamento;  Texto extraido 0/0
25-06-2024 06:44:43.062Z;functions.filter_forma_pagamento;  Count 0
25-06-2024 06:44:43.063Z;functions.filter_forma_pagamento;  Type <class 'int'>
25-06-2024 06:44:43.063Z;functions.filter_forma_pagamento;  SEM REGISTROS
25-06-2024 06:44:45.063Z;functions.check_table_record;  VERIFICANDO SE A TABELA ESTÁ VAZIA
25-06-2024 06:44:48.512Z;functions.check_table_record;  Texto extraido 0/0
25-06-2024 06:44:48.512Z;functions.check_table_record;  Count 0
25-06-2024 06:44:48.512Z;functions.check_table_record;  Type <class 'int'>
25-06-2024 06:44:48.512Z;functions.check_table_record;  SEM REGISTROS
25-06-2024 06:44:52.528Z;main.<module>;  SEM REMESSA DE TED CIP
25-06-2024 06:44:53.544Z;functions.enter_contas_a_pagar;  CLICK - TOTVS - LINHA RM
25-06-2024 06:44:55.231Z;functions.enter_contas_a_pagar;  CLICK - BACK OFFICE
25-06-2024 06:44:57.983Z;functions.enter_contas_a_pagar;  CLICK - GESTAO FINANCEIRA
25-06-2024 06:45:04.232Z;functions.enter_contas_a_pagar;  CLICK - CONTAS A PAGAR
25-06-2024 06:45:05.153Z;functions.waitForImage;  LANÇAMENTOS image found.
25-06-2024 06:45:07.272Z;functions.enter_contas_a_pagar;  CLICA EM LANÇAMENTOS
25-06-2024 06:45:22.544Z;functions.waitForImage;  LICENCAS EXCEDIDAS image not found.
25-06-2024 06:45:22.544Z;functions.obter_intervalo_data;  VERIFICANDO A HORA ATUAL 6
25-06-2024 06:45:22.559Z;functions.obter_intervalo_data;  Data Inicial BANCARIA antes da remoção: None
25-06-2024 06:45:22.559Z;functions.obter_intervalo_data;  Data Final BANCARIA antes da remoção: None
25-06-2024 06:45:22.559Z;functions.obter_intervalo_data;  Data Inicial BANCARIA após a remoção: None
25-06-2024 06:45:22.559Z;functions.obter_intervalo_data;  Data Final BANCARIA após a remoção: None
25-06-2024 06:45:22.559Z;functions.obter_intervalo_data;  hoje -  2024-06-25 06:45:22.559877
25-06-2024 06:45:22.559Z;functions.data_filter;  DATA INICIO 26-06-2024
25-06-2024 06:45:22.559Z;functions.data_filter;  DATA FIM 02-07-2024
25-06-2024 06:45:22.559Z;functions.data_filter;  CLICK - SELECIONA A DATA DE QUARTA FEIRA E DA PROXIMA TERÇA
25-06-2024 06:45:22.559Z;functions.data_filter;  QUARTA-FEIRA: 26-06-2024
25-06-2024 06:45:22.559Z;functions.data_filter;  TERCA-FEIRA: 02-07-2024
25-06-2024 06:45:32.419Z;functions.data_filter;  CLICK - BOTAO DE SELECAO DE FILTRO
25-06-2024 06:45:37.278Z;functions.data_filter;  INSERE - DATA DE QUARTA-FEIRA: 26-06-2024
25-06-2024 06:45:41.747Z;functions.data_filter;  INSERE - DATA DA PROX TERCA-FEIRA: 02-07-2024
25-06-2024 06:45:43.137Z;functions.data_filter;  CLICK - BOTAO DE EXECUTAR O FILTRO
25-06-2024 06:45:48.141Z;functions.desmark_filter;  AGUARDANDO 1
25-06-2024 06:45:50.606Z;functions.desmark_filter;  CLICK CHECKBOX LANÇAMENTOS A RECEBER
25-06-2024 06:45:53.247Z;functions.desmark_filter;  CLICK CHECKBOX LANÇAMENTOS BAIXADOS
25-06-2024 06:45:56.263Z;functions.desmark_filter;  CLICK CHECKBOX LANÇAMENTOS CANCELADOS
25-06-2024 06:45:59.408Z;functions.desmark_filter;  CLICK CHECKBOX LANÇAMENTOS FATURADOS
25-06-2024 06:46:02.413Z;functions.desmark_filter;  CLICK CHECKBOX LANÇAMENTOS FATURADOS
25-06-2024 06:46:22.726Z;functions.waitForImage;  FILTER CLEAN image not found.
25-06-2024 06:46:38.044Z;functions.waitForImage;  FILTER CLEAN image not found.
25-06-2024 06:46:53.325Z;functions.waitForImage;  FILTER CLEAN image not found.
25-06-2024 06:46:54.968Z;functions.filter_forma_pagamento_branco;  CLICK NA PRIMEIRA LINHA E COLUNA DA TABELA
25-06-2024 06:47:11.295Z;functions.filter_forma_pagamento_branco;  160 PASSOS PARA DIREITA NA TABELA >>
25-06-2024 06:47:18.637Z;functions.filter_forma_pagamento_branco;  HOVER NOME DA COLUNA FORMA DE PAGAMENTO
25-06-2024 06:47:20.740Z;functions.filter_forma_pagamento_branco;  CLICA PARA APARECER O FILTRO PERSONALIZAR
25-06-2024 06:47:24.075Z;functions.filter_forma_pagamento_branco;  CLICA NO FILTRO PERSONALIZAR
25-06-2024 06:47:33.434Z;functions.filter_forma_pagamento_branco;  Texto extraido 2/7
25-06-2024 06:47:33.434Z;functions.filter_forma_pagamento_branco;  Count 7
25-06-2024 06:47:33.434Z;functions.filter_forma_pagamento_branco;  Type <class 'int'>
25-06-2024 06:47:33.434Z;functions.filter_forma_pagamento_branco;  TABELA CONTÉM REGISTROS
25-06-2024 06:47:35.966Z;functions.filter_forma_pagamento_branco;  MOVIDO PRA CIMA 7 VEZES
25-06-2024 06:47:40.287Z;functions.check_table_record;  VERIFICANDO SE A TABELA ESTÁ VAZIA
25-06-2024 06:47:43.700Z;functions.check_table_record;  Texto extraido 1/7
25-06-2024 06:47:43.700Z;functions.check_table_record;  Count 7
25-06-2024 06:47:43.700Z;functions.check_table_record;  Type <class 'int'>
25-06-2024 06:47:43.700Z;functions.check_table_record;  TABELA CONTÉM REGISTROS
25-06-2024 06:47:43.700Z;functions.check_ted_branco;  VERIFICANDO O COD DO CLIENTE EM CADA REGISTRO
25-06-2024 06:47:45.575Z;functions.check_ted_branco;  CLICA NA PRIMEIRA LINHA DA TABELA
25-06-2024 06:47:49.683Z;functions.check_ted_branco;  REFERNCIA: 970504
25-06-2024 06:47:49.985Z;functions.check_ted_branco;  ENTRANDO NO REGISTRO 
25-06-2024 06:48:09.169Z;functions.waitForImage;  INTEGRAÇÃO BANCÁRIA image found.
25-06-2024 06:48:09.301Z;functions.check_ted_branco;  CLICA EM INTEGRAÇÃO BANCÁRIA
25-06-2024 06:48:09.301Z;functions.check_ted_branco;  VERIFICANDO INFORMAÇÕES
25-06-2024 06:48:09.500Z;functions.waitForImage;  TRES PONTINHOS image found.
25-06-2024 06:48:22.135Z;functions.check_ted_branco;  VERIFICANDO SE TEM PIX NO FILTRO
25-06-2024 06:48:22.356Z;functions.waitForImage;  CHECANDO DADOS BANCÁRIOS PIX image found.
25-06-2024 06:48:24.364Z;functions.check_ted_branco;  PIX NÃO ENCONTRADO PARA REFERENCIA: 970504
25-06-2024 06:48:28.077Z;functions.check_ted_branco;  APERTA EM CANCELAR
25-06-2024 06:48:28.309Z;functions.waitForImage;  PRESS BUTTON OK image found.
25-06-2024 06:48:30.427Z;functions.click_ok;  PRESS BUTTON OK
25-06-2024 06:48:42.653Z;functions.waitForImage;  ERROR GENERICO image not found.
25-06-2024 06:48:47.970Z;functions.waitForImage;  ERROR FILTRO PIX image not found.
25-06-2024 06:48:52.074Z;functions.check_ted_branco;  PASSANDO PARA PRÓXIMO REGISTRO
25-06-2024 06:48:56.178Z;functions.check_ted_branco;  REFERNCIA: 753543
25-06-2024 06:48:56.480Z;functions.check_ted_branco;  ENTRANDO NO REGISTRO 
25-06-2024 06:49:02.012Z;functions.waitForImage;  INTEGRAÇÃO BANCÁRIA image found.
25-06-2024 06:49:02.145Z;functions.check_ted_branco;  CLICA EM INTEGRAÇÃO BANCÁRIA
25-06-2024 06:49:02.145Z;functions.check_ted_branco;  VERIFICANDO INFORMAÇÕES
25-06-2024 06:49:03.076Z;functions.waitForImage;  TRES PONTINHOS image found.
25-06-2024 06:49:15.704Z;functions.check_ted_branco;  VERIFICANDO SE TEM PIX NO FILTRO
25-06-2024 06:49:15.918Z;functions.waitForImage;  CHECANDO DADOS BANCÁRIOS PIX image found.
25-06-2024 06:49:17.925Z;functions.check_ted_branco;  PIX NÃO ENCONTRADO PARA REFERENCIA: 753543
25-06-2024 06:49:21.637Z;functions.check_ted_branco;  APERTA EM CANCELAR
25-06-2024 06:49:21.840Z;functions.waitForImage;  PRESS BUTTON OK image found.
25-06-2024 06:49:23.960Z;functions.click_ok;  PRESS BUTTON OK
25-06-2024 06:49:36.215Z;functions.waitForImage;  ERROR GENERICO image not found.
25-06-2024 06:49:41.497Z;functions.waitForImage;  ERROR FILTRO PIX image not found.
25-06-2024 06:49:45.601Z;functions.check_ted_branco;  PASSANDO PARA PRÓXIMO REGISTRO
25-06-2024 06:49:49.707Z;functions.check_ted_branco;  REFERNCIA: 753542
25-06-2024 06:49:50.008Z;functions.check_ted_branco;  ENTRANDO NO REGISTRO 
25-06-2024 06:49:56.246Z;functions.waitForImage;  INTEGRAÇÃO BANCÁRIA image found.
25-06-2024 06:49:56.366Z;functions.check_ted_branco;  CLICA EM INTEGRAÇÃO BANCÁRIA
25-06-2024 06:49:56.366Z;functions.check_ted_branco;  VERIFICANDO INFORMAÇÕES
25-06-2024 06:49:57.262Z;functions.waitForImage;  TRES PONTINHOS image found.
25-06-2024 06:50:09.906Z;functions.check_ted_branco;  VERIFICANDO SE TEM PIX NO FILTRO
25-06-2024 06:50:10.106Z;functions.waitForImage;  CHECANDO DADOS BANCÁRIOS PIX image found.
25-06-2024 06:50:12.115Z;functions.check_ted_branco;  PIX NÃO ENCONTRADO PARA REFERENCIA: 753542
25-06-2024 06:50:15.826Z;functions.check_ted_branco;  APERTA EM CANCELAR
25-06-2024 06:50:16.028Z;functions.waitForImage;  PRESS BUTTON OK image found.
25-06-2024 06:50:18.179Z;functions.click_ok;  PRESS BUTTON OK
25-06-2024 06:50:30.449Z;functions.waitForImage;  ERROR GENERICO image not found.
25-06-2024 06:50:35.700Z;functions.waitForImage;  ERROR FILTRO PIX image not found.
25-06-2024 06:50:39.815Z;functions.check_ted_branco;  PASSANDO PARA PRÓXIMO REGISTRO
25-06-2024 06:50:43.920Z;functions.check_ted_branco;  REFERNCIA: 753665
25-06-2024 06:50:44.221Z;functions.check_ted_branco;  ENTRANDO NO REGISTRO 
25-06-2024 06:50:51.934Z;functions.waitForImage;  INTEGRAÇÃO BANCÁRIA image found.
25-06-2024 06:50:52.051Z;functions.check_ted_branco;  CLICA EM INTEGRAÇÃO BANCÁRIA
25-06-2024 06:50:52.051Z;functions.check_ted_branco;  VERIFICANDO INFORMAÇÕES
25-06-2024 06:50:52.984Z;functions.waitForImage;  TRES PONTINHOS image found.
25-06-2024 06:51:05.613Z;functions.check_ted_branco;  VERIFICANDO SE TEM PIX NO FILTRO
25-06-2024 06:51:05.825Z;functions.waitForImage;  CHECANDO DADOS BANCÁRIOS PIX image found.
25-06-2024 06:51:07.831Z;functions.check_ted_branco;  PIX NÃO ENCONTRADO PARA REFERENCIA: 753665
25-06-2024 06:51:11.546Z;functions.check_ted_branco;  APERTA EM CANCELAR
25-06-2024 06:51:11.746Z;functions.waitForImage;  PRESS BUTTON OK image found.
25-06-2024 06:51:13.897Z;functions.click_ok;  PRESS BUTTON OK
25-06-2024 06:51:26.168Z;functions.waitForImage;  ERROR GENERICO image not found.
25-06-2024 06:51:31.450Z;functions.waitForImage;  ERROR FILTRO PIX image not found.
25-06-2024 06:51:35.566Z;functions.check_ted_branco;  PASSANDO PARA PRÓXIMO REGISTRO
25-06-2024 06:51:39.671Z;functions.check_ted_branco;  REFERNCIA: 753666
25-06-2024 06:51:39.973Z;functions.check_ted_branco;  ENTRANDO NO REGISTRO 
25-06-2024 06:51:46.949Z;functions.waitForImage;  INTEGRAÇÃO BANCÁRIA image found.
25-06-2024 06:51:47.084Z;functions.check_ted_branco;  CLICA EM INTEGRAÇÃO BANCÁRIA
25-06-2024 06:51:47.084Z;functions.check_ted_branco;  VERIFICANDO INFORMAÇÕES
25-06-2024 06:51:48.003Z;functions.waitForImage;  TRES PONTINHOS image found.
25-06-2024 06:52:00.632Z;functions.check_ted_branco;  VERIFICANDO SE TEM PIX NO FILTRO
25-06-2024 06:52:00.856Z;functions.waitForImage;  CHECANDO DADOS BANCÁRIOS PIX image found.
25-06-2024 06:52:02.860Z;functions.check_ted_branco;  PIX NÃO ENCONTRADO PARA REFERENCIA: 753666
25-06-2024 06:52:06.577Z;functions.check_ted_branco;  APERTA EM CANCELAR
25-06-2024 06:52:06.699Z;functions.waitForImage;  PRESS BUTTON OK image found.
25-06-2024 06:52:08.836Z;functions.click_ok;  PRESS BUTTON OK
25-06-2024 06:52:21.106Z;functions.waitForImage;  ERROR GENERICO image not found.
25-06-2024 06:52:26.403Z;functions.waitForImage;  ERROR FILTRO PIX image not found.
25-06-2024 06:52:30.517Z;functions.check_ted_branco;  PASSANDO PARA PRÓXIMO REGISTRO
25-06-2024 06:52:34.622Z;functions.check_ted_branco;  REFERNCIA: 753606
25-06-2024 06:52:34.924Z;functions.check_ted_branco;  ENTRANDO NO REGISTRO 
25-06-2024 06:52:41.153Z;functions.waitForImage;  INTEGRAÇÃO BANCÁRIA image found.
25-06-2024 06:52:41.269Z;functions.check_ted_branco;  CLICA EM INTEGRAÇÃO BANCÁRIA
25-06-2024 06:52:41.269Z;functions.check_ted_branco;  VERIFICANDO INFORMAÇÕES
25-06-2024 06:52:42.184Z;functions.waitForImage;  TRES PONTINHOS image found.
25-06-2024 06:52:54.826Z;functions.check_ted_branco;  VERIFICANDO SE TEM PIX NO FILTRO
25-06-2024 06:52:55.043Z;functions.waitForImage;  CHECANDO DADOS BANCÁRIOS PIX image found.
25-06-2024 06:52:57.051Z;functions.check_ted_branco;  PIX NÃO ENCONTRADO PARA REFERENCIA: 753606
25-06-2024 06:53:00.762Z;functions.check_ted_branco;  APERTA EM CANCELAR
25-06-2024 06:53:00.965Z;functions.waitForImage;  PRESS BUTTON OK image found.
25-06-2024 06:53:03.085Z;functions.click_ok;  PRESS BUTTON OK
25-06-2024 06:53:15.356Z;functions.waitForImage;  ERROR GENERICO image not found.
25-06-2024 06:53:20.606Z;functions.waitForImage;  ERROR FILTRO PIX image not found.
25-06-2024 06:53:24.722Z;functions.check_ted_branco;  PASSANDO PARA PRÓXIMO REGISTRO
25-06-2024 06:53:28.826Z;functions.check_ted_branco;  REFERNCIA: 753605
25-06-2024 06:53:29.128Z;functions.check_ted_branco;  ENTRANDO NO REGISTRO 
25-06-2024 06:53:35.402Z;functions.waitForImage;  INTEGRAÇÃO BANCÁRIA image found.
25-06-2024 06:53:35.523Z;functions.check_ted_branco;  CLICA EM INTEGRAÇÃO BANCÁRIA
25-06-2024 06:53:35.523Z;functions.check_ted_branco;  VERIFICANDO INFORMAÇÕES
25-06-2024 06:53:36.434Z;functions.waitForImage;  TRES PONTINHOS image found.
25-06-2024 06:53:49.070Z;functions.check_ted_branco;  VERIFICANDO SE TEM PIX NO FILTRO
25-06-2024 06:53:49.293Z;functions.waitForImage;  CHECANDO DADOS BANCÁRIOS PIX image found.
25-06-2024 06:53:51.297Z;functions.check_ted_branco;  PIX NÃO ENCONTRADO PARA REFERENCIA: 753605
25-06-2024 06:53:55.011Z;functions.check_ted_branco;  APERTA EM CANCELAR
25-06-2024 06:53:55.215Z;functions.waitForImage;  PRESS BUTTON OK image found.
25-06-2024 06:53:57.332Z;functions.click_ok;  PRESS BUTTON OK
25-06-2024 06:54:09.606Z;functions.waitForImage;  ERROR GENERICO image not found.
25-06-2024 06:54:14.855Z;functions.waitForImage;  ERROR FILTRO PIX image not found.
25-06-2024 06:54:14.855Z;functions.check_ted_branco;  FORAI VERIFICADO: 7 REFERENCIAS NO PROCESSAMENTO FORMA DE PAGAMENTO ELETRONICA EM BRANCO
25-06-2024 06:54:18.215Z;errorhandler.__handle;  Property: Unknown Property name. [1:203: -ms-interpolation-mode]
25-06-2024 06:54:18.247Z;errorhandler.__handle;  Property: Unknown Property name. [1:353: -webkit-font-smoothing]
25-06-2024 06:54:18.262Z;errorhandler.__handle;  Property: Unknown Property name. [1:483: -ms-text-size-adjust]
25-06-2024 06:54:18.262Z;errorhandler.__handle;  Property: Unknown Property name. [1:518: -webkit-text-size-adjust]
25-06-2024 06:54:18.262Z;errorhandler.__handle;  Property: Unknown Property name. [1:612: mso-table-lspace]
25-06-2024 06:54:18.278Z;errorhandler.__handle;  Property: Unknown Property name. [1:642: mso-table-rspace]
25-06-2024 06:54:18.512Z;errorhandler.__handle;  Property: Unknown Property name. [1:4734: mso-hide]
25-06-2024 06:54:18.606Z;errorhandler.__handle;  Property: Unknown Property name. [1:13: -ms-interpolation-mode]
25-06-2024 06:54:18.622Z;errorhandler.__handle;  Property: Unknown Property name. [1:49: -webkit-font-smoothing]
25-06-2024 06:54:18.622Z;errorhandler.__handle;  Property: Unknown Property name. [1:134: -ms-text-size-adjust]
25-06-2024 06:54:18.622Z;errorhandler.__handle;  Property: Unknown Property name. [1:160: -webkit-text-size-adjust]
25-06-2024 06:54:18.622Z;errorhandler.__handle;  Property: Unknown Property name. [1:26: mso-table-lspace]
25-06-2024 06:54:18.622Z;errorhandler.__handle;  Property: Unknown Property name. [1:45: mso-table-rspace]
25-06-2024 06:54:18.668Z;errorhandler.__handle;  Property: Unknown Property name. [1:92: mso-hide]
25-06-2024 06:54:18.668Z;errorhandler.__handle;  Property: No ":" after name found: align-center [1:1: align-center]
25-06-2024 06:54:18.668Z;errorhandler.__handle;  Property: No property value found: align-center [1:1: align-center]
25-06-2024 06:54:18.684Z;errorhandler.__handle;  CSSStyleDeclaration: Syntax Error in Property: align-center
25-06-2024 06:54:18.684Z;errorhandler.__handle;  Property: Unknown Property name. [1:14: -ms-interpolation-mode]
25-06-2024 06:54:21.215Z;functions.emailFinalizado;  Warning e-mail sent.
25-06-2024 06:54:21.215Z;main.<module>;  Remessa Bancária TED CIP com filtro de pagamento eletronica em branco modificadas para pix 
 PASSO 3 FINALIZADO
25-06-2024 06:54:21.215Z;main.<module>;  O PROGRAMA SERÁ ENCERRADO
25-06-2024 06:54:22.246Z;errorhandler.__handle;  Property: Unknown Property name. [1:14: -ms-interpolation-mode]
25-06-2024 06:54:24.918Z;functions.emailFinalizado;  Warning e-mail sent.
25-06-2024 06:54:25.215Z;functions.end_RM;  RM ENCERRADO
