20-07-2024 01:01:31.619Z;functions.bot_text_art;      ____   
20-07-2024 01:01:31.620Z;functions.bot_text_art;     [____]    
20-07-2024 01:01:31.620Z;functions.bot_text_art;   |=]()()[=|  
20-07-2024 01:01:31.620Z;functions.bot_text_art;     _\==/__    _____    ____     _        _____    ___   _  __
20-07-2024 01:01:31.620Z;functions.bot_text_art;   |__|   |_|  |  _  \  / ___|   | |      |_   _| / ___| | |/ /
20-07-2024 01:01:31.621Z;functions.bot_text_art;   |_|_/\_|_|  | |  | | | |      | |        | |   | |    | ' / 
20-07-2024 01:01:31.621Z;functions.bot_text_art;   | | __ | |  | |  | | | |      | |        | |   | |    |  <  
20-07-2024 01:01:31.621Z;functions.bot_text_art;   |_|[  ]|_|  | |__| | | |____  | |____   _| |_  | |__  | . \ 
20-07-2024 01:01:31.624Z;functions.bot_text_art;   \_|_||_|_/  |_____/   \_____| |______| |_____| \ ___| |_|\_\
20-07-2024 01:01:31.625Z;functions.bot_text_art;     |_||_|                                                     
20-07-2024 01:01:31.625Z;functions.bot_text_art;     | ||_|_   
20-07-2024 01:01:31.625Z;functions.bot_text_art;   |___||___|  
20-07-2024 01:01:31.625Z;functions.bot_text_art;               
20-07-2024 01:01:31.637Z;functions.open_RM;  OPEN PROGRAM RM
20-07-2024 01:01:31.637Z;functions.caps;  DESATIVANDO CAPS
20-07-2024 01:01:31.637Z;functions.loggin_RM;  BUSCANDO LOGGIN RM
20-07-2024 01:01:56.153Z;functions.loggin_RM;  ENTER USER_NAME
20-07-2024 01:02:00.890Z;functions.loggin_RM;  ENTER PASSWORD
20-07-2024 01:02:02.356Z;functions.loggin_RM;  ENTER RM
20-07-2024 01:05:36.262Z;functions.enter_coligada;  CLICK CONTEXTO
20-07-2024 01:05:39.293Z;functions.enter_coligada;  CLICK ALTERAR MODULO DO CONTEXTO
20-07-2024 01:05:43.434Z;functions.enter_coligada;  INSERE O COLIGADA CODE = 1
20-07-2024 01:05:43.539Z;functions.enter_coligada;  APERTA TAB PARA PREENCHER O CAMPO COM A STRING: OCEANICA ENGENHARIA E CONSULTORIA S.A.
20-07-2024 01:05:46.262Z;functions.enter_coligada;  CLICK AVANÇAR NOVAMENTE
20-07-2024 01:05:47.574Z;functions.enter_coligada;  CLICK CONCLUIR
20-07-2024 01:06:07.637Z;functions.waitForImage;  TROCA COLIGADA image not found.
20-07-2024 01:06:25.748Z;functions.enter_coligada;  POP UP COLIGADA DESAPARECER
20-07-2024 01:06:26.762Z;functions.check_movimentacao_bancaria;  CLICK - TOTVS - LINHA RM
20-07-2024 01:06:29.074Z;functions.check_movimentacao_bancaria;  CLICK - BACK OFFICE
20-07-2024 01:06:31.891Z;functions.check_movimentacao_bancaria;  CLICK - GESTAO FINANCEIRA
20-07-2024 01:06:31.891Z;functions.movimentacao_bancaria;  AGUARDANDO 1
20-07-2024 01:06:37.637Z;functions.movimentacao_bancaria;  CLICA NA ABA MOVIMENTAÇÃO BANCARIA
20-07-2024 01:06:38.558Z;functions.waitForImage;  IMAGEM BORDERO image found.
20-07-2024 01:06:40.676Z;functions.movimentacao_bancaria;  IMAGEM BORDERO CLICADA.
20-07-2024 01:06:51.136Z;functions.waitForImage;  LICENCAS EXCEDIDAS image not found.
20-07-2024 01:06:51.907Z;functions.movimentacao_bancaria;  ENCONTROU O FILTRO DA MOVIMENTAÇÃO BANCÁRIA
20-07-2024 01:06:51.952Z;functions.movimentacao_bancaria;  CLICA NA ABA SUPERIOR DO FILTRO
20-07-2024 01:06:59.260Z;functions.movimentacao_bancaria;  SELECIONA O FILTRO HOJE
20-07-2024 01:07:04.449Z;functions.waitForImage;  FILTER CLEAN image found.
20-07-2024 01:07:06.582Z;functions.filter_clean;  CLICA NO BOTÃO X DO LIMPA FILTRO
20-07-2024 01:07:06.765Z;functions.waitForImage;  FILTER CLEAN image found.
20-07-2024 01:07:08.896Z;functions.filter_clean;  CLICA NO BOTÃO X DO LIMPA FILTRO
20-07-2024 01:07:24.169Z;functions.waitForImage;  FILTER CLEAN image not found.
20-07-2024 01:08:38.264Z;functions.movimentacao_bancaria;  SEM PROCESSAMENTO DE BORDERO
20-07-2024 01:09:03.527Z;functions.waitForImage;  FILTER CLEAN image not found.
20-07-2024 01:09:18.886Z;functions.waitForImage;  FILTER CLEAN image not found.
20-07-2024 01:09:34.183Z;functions.waitForImage;  FILTER CLEAN image not found.
20-07-2024 01:10:05.903Z;functions.processo_pagamento;  SEM REMESSA DE BORDERO AUTORIZADO
20-07-2024 01:10:07.008Z;functions.processo_pagamento;  FECHA ABA MOVIMENTAÇÕES BANCÁRIAS
20-07-2024 01:10:08.981Z;functions.enter_contas_a_pagar;  CLICK - TOTVS - LINHA RM
20-07-2024 01:10:11.011Z;functions.enter_contas_a_pagar;  CLICK - BACK OFFICE
20-07-2024 01:10:12.042Z;functions.enter_contas_a_pagar;  CLICK - GESTAO FINANCEIRA
20-07-2024 01:10:18.636Z;functions.enter_contas_a_pagar;  CLICK - CONTAS A PAGAR
20-07-2024 01:10:19.496Z;functions.waitForImage;  LANÇAMENTOS image found.
20-07-2024 01:10:21.644Z;functions.enter_contas_a_pagar;  CLICA EM LANÇAMENTOS
20-07-2024 01:10:37.136Z;functions.waitForImage;  LICENCAS EXCEDIDAS image not found.
20-07-2024 01:10:37.136Z;functions.obter_intervalo_data;  VERIFICANDO A HORA ATUAL 1
20-07-2024 01:10:37.168Z;functions.obter_intervalo_data;  Data Inicial BANCARIA antes da remoção: None
20-07-2024 01:10:37.168Z;functions.obter_intervalo_data;  Data Final BANCARIA antes da remoção: None
20-07-2024 01:10:37.168Z;functions.obter_intervalo_data;  Data Inicial BANCARIA após a remoção: None
20-07-2024 01:10:37.168Z;functions.obter_intervalo_data;  Data Final BANCARIA após a remoção: None
20-07-2024 01:10:37.168Z;functions.obter_intervalo_data;  hoje -  2024-07-20 01:10:37.168191
20-07-2024 01:10:37.168Z;functions.data_filter;  DATA INICIO 24-07-2024
20-07-2024 01:10:37.168Z;functions.data_filter;  DATA FIM 30-07-2024
20-07-2024 01:10:37.168Z;functions.data_filter;  CLICK - SELECIONA A DATA DE QUARTA FEIRA E DA PROXIMA TERÇA
20-07-2024 01:10:37.168Z;functions.data_filter;  QUARTA-FEIRA: 24-07-2024
20-07-2024 01:10:37.168Z;functions.data_filter;  TERCA-FEIRA: 30-07-2024
20-07-2024 01:10:54.045Z;functions.data_filter;  REMESSA BANCÁRIA - FILTRO DIGITADO
20-07-2024 01:10:55.074Z;functions.data_filter;  CLICK - BOTAO DE SELECAO DE FILTRO
20-07-2024 01:10:59.964Z;functions.data_filter;  INSERE - DATA DE QUARTA-FEIRA: 24-07-2024
20-07-2024 01:11:04.325Z;functions.data_filter;  INSERE - DATA DA PROX TERCA-FEIRA: 30-07-2024
20-07-2024 01:11:05.480Z;functions.data_filter;  CLICK - BOTAO DE EXECUTAR O FILTRO
20-07-2024 01:11:10.487Z;functions.desmark_filter;  AGUARDANDO 1
20-07-2024 01:11:14.136Z;functions.desmark_filter;  CLICK CHECKBOX LANÇAMENTOS A RECEBER
20-07-2024 01:11:16.542Z;functions.desmark_filter;  CLICK CHECKBOX LANÇAMENTOS BAIXADOS
20-07-2024 01:11:19.137Z;functions.desmark_filter;  CLICK CHECKBOX LANÇAMENTOS CANCELADOS
20-07-2024 01:11:21.876Z;functions.desmark_filter;  CLICK CHECKBOX LANÇAMENTOS FATURADOS
20-07-2024 01:11:24.637Z;functions.desmark_filter;  CLICK CHECKBOX LANÇAMENTOS FATURADOS
20-07-2024 01:11:29.825Z;functions.waitForImage;  FILTER CLEAN image found.
20-07-2024 01:11:31.957Z;functions.filter_clean;  CLICA NO BOTÃO X DO LIMPA FILTRO
20-07-2024 01:11:47.261Z;functions.waitForImage;  FILTER CLEAN image not found.
20-07-2024 01:12:02.480Z;functions.waitForImage;  FILTER CLEAN image not found.
20-07-2024 01:12:02.480Z;functions.check_table_record;  VERIFICANDO SE A TABELA ESTÁ VAZIA
20-07-2024 01:12:05.637Z;functions.check_table_record;  Texto extraido 1/66
20-07-2024 01:12:05.637Z;functions.check_table_record;  Count 66
20-07-2024 01:12:05.637Z;functions.check_table_record;  Type <class 'int'>
20-07-2024 01:12:05.637Z;functions.check_table_record;  TABELA CONTÉM REGISTROS
20-07-2024 01:12:17.825Z;functions.select_tipo_documento;  NOME DA COLUNA: Tipo de Documento
20-07-2024 01:12:19.902Z;functions.select_tipo_documento;  HOVER NOME DA COLUNA: Tipo de Documento
20-07-2024 01:12:20.774Z;functions.select_tipo_documento;  CLICA NO FILTRO PERSONALIZAR
20-07-2024 01:12:23.292Z;functions.select_tipo_documento;  CLICA PARA SELECIONAR OPÇÕES DO FILTRO
20-07-2024 01:12:29.739Z;functions.select_tipo_documento;  FILTRO "NÃO É IGUAL A INV" DEFINIDO
20-07-2024 01:12:30.792Z;functions.select_tipo_documento;  CLICK BUTTON CONFIRMAR FILTRO
20-07-2024 01:12:35.796Z;functions.filter_IPTE;  VERIFICANDO O COD DO CLIENTE EM CADA REGISTRO
20-07-2024 01:12:37.542Z;functions.filter_IPTE;  CLICA NA PRIMEIRA LINHA DA TABELA
20-07-2024 01:13:01.417Z;functions.filter_IPTE;  HOVER FILTER
20-07-2024 01:13:03.145Z;functions.filter_IPTE;  CLICK FILTER
20-07-2024 01:13:07.475Z;functions.filter_IPTE;  CLICA NO FILTRO PERSONALIZAR
20-07-2024 01:13:49.777Z;functions.filter_IPTE;  MOVIDO PRA CIMA 100 VEZES
20-07-2024 01:14:26.011Z;functions.filter_IPTE;  MOVIDO PRA CIMA MAIS 100 VEZES
20-07-2024 01:14:41.627Z;functions.filter_IPTE;  TABELA NÃO CONTÉM REGISTROS
20-07-2024 01:14:41.627Z;functions.check_table_record;  VERIFICANDO SE A TABELA ESTÁ VAZIA
20-07-2024 01:14:44.777Z;functions.check_table_record;  Texto extraido 0/0
20-07-2024 01:14:44.777Z;functions.check_table_record;  Count 0
20-07-2024 01:14:44.777Z;functions.check_table_record;  Type <class 'int'>
20-07-2024 01:14:44.777Z;functions.check_table_record;  SEM REGISTROS
20-07-2024 01:14:46.787Z;main.<module>;  SEM REMESSA BANCÁRIA
20-07-2024 01:14:46.787Z;functions.movimentacao_bancaria;  AGUARDANDO 1
20-07-2024 01:14:48.073Z;functions.movimentacao_bancaria;  CLICA NA ABA MOVIMENTAÇÃO BANCARIA
20-07-2024 01:14:48.283Z;functions.waitForImage;  IMAGEM BORDERO image found.
20-07-2024 01:14:50.387Z;functions.movimentacao_bancaria;  IMAGEM BORDERO CLICADA.
20-07-2024 01:15:00.933Z;functions.waitForImage;  LICENCAS EXCEDIDAS image not found.
20-07-2024 01:15:01.699Z;functions.movimentacao_bancaria;  ENCONTROU O FILTRO DA MOVIMENTAÇÃO BANCÁRIA
20-07-2024 01:15:01.762Z;functions.movimentacao_bancaria;  CLICA NA ABA SUPERIOR DO FILTRO
20-07-2024 01:15:09.073Z;functions.movimentacao_bancaria;  SELECIONA O FILTRO HOJE
20-07-2024 01:15:29.276Z;functions.waitForImage;  FILTER CLEAN image not found.
20-07-2024 01:15:44.449Z;functions.waitForImage;  FILTER CLEAN image not found.
20-07-2024 01:15:59.651Z;functions.waitForImage;  FILTER CLEAN image not found.
20-07-2024 01:17:13.902Z;functions.movimentacao_bancaria;  SEM PROCESSAMENTO DE BORDERO
20-07-2024 01:17:39.088Z;functions.waitForImage;  FILTER CLEAN image not found.
20-07-2024 01:17:54.370Z;functions.waitForImage;  FILTER CLEAN image not found.
20-07-2024 01:18:09.651Z;functions.waitForImage;  FILTER CLEAN image not found.
20-07-2024 01:18:41.433Z;functions.processo_pagamento;  SEM REMESSA DE BORDERO AUTORIZADO
20-07-2024 01:18:42.538Z;functions.processo_pagamento;  FECHA ABA MOVIMENTAÇÕES BANCÁRIAS
20-07-2024 01:18:43.791Z;functions.enter_contas_a_pagar;  CLICK - TOTVS - LINHA RM
20-07-2024 01:18:45.854Z;functions.enter_contas_a_pagar;  CLICK - BACK OFFICE
20-07-2024 01:18:46.889Z;functions.enter_contas_a_pagar;  CLICK - GESTAO FINANCEIRA
20-07-2024 01:18:52.854Z;functions.enter_contas_a_pagar;  CLICK - CONTAS A PAGAR
20-07-2024 01:18:53.713Z;functions.waitForImage;  LANÇAMENTOS image found.
20-07-2024 01:18:55.831Z;functions.enter_contas_a_pagar;  CLICA EM LANÇAMENTOS
20-07-2024 01:19:11.323Z;functions.waitForImage;  LICENCAS EXCEDIDAS image not found.
20-07-2024 01:19:11.323Z;functions.obter_intervalo_data;  VERIFICANDO A HORA ATUAL 1
20-07-2024 01:19:11.339Z;functions.obter_intervalo_data;  Data Inicial BANCARIA antes da remoção: None
20-07-2024 01:19:11.339Z;functions.obter_intervalo_data;  Data Final BANCARIA antes da remoção: None
20-07-2024 01:19:11.339Z;functions.obter_intervalo_data;  Data Inicial BANCARIA após a remoção: None
20-07-2024 01:19:11.339Z;functions.obter_intervalo_data;  Data Final BANCARIA após a remoção: None
20-07-2024 01:19:11.339Z;functions.obter_intervalo_data;  hoje -  2024-07-20 01:19:11.339205
20-07-2024 01:19:11.339Z;functions.data_filter;  DATA INICIO 24-07-2024
20-07-2024 01:19:11.339Z;functions.data_filter;  DATA FIM 30-07-2024
20-07-2024 01:19:11.339Z;functions.data_filter;  CLICK - SELECIONA A DATA DE QUARTA FEIRA E DA PROXIMA TERÇA
20-07-2024 01:19:11.339Z;functions.data_filter;  QUARTA-FEIRA: 24-07-2024
20-07-2024 01:19:11.339Z;functions.data_filter;  TERCA-FEIRA: 30-07-2024
20-07-2024 01:19:28.198Z;functions.data_filter;  REMESSA BANCÁRIA - FILTRO DIGITADO
20-07-2024 01:19:29.199Z;functions.data_filter;  CLICK - BOTAO DE SELECAO DE FILTRO
20-07-2024 01:19:33.995Z;functions.data_filter;  INSERE - DATA DE QUARTA-FEIRA: 24-07-2024
20-07-2024 01:19:38.244Z;functions.data_filter;  INSERE - DATA DA PROX TERCA-FEIRA: 30-07-2024
20-07-2024 01:19:39.416Z;functions.data_filter;  CLICK - BOTAO DE EXECUTAR O FILTRO
20-07-2024 01:19:44.421Z;functions.desmark_filter;  AGUARDANDO 1
20-07-2024 01:19:48.197Z;functions.desmark_filter;  CLICK CHECKBOX LANÇAMENTOS A RECEBER
20-07-2024 01:19:50.666Z;functions.desmark_filter;  CLICK CHECKBOX LANÇAMENTOS BAIXADOS
20-07-2024 01:19:53.104Z;functions.desmark_filter;  CLICK CHECKBOX LANÇAMENTOS CANCELADOS
20-07-2024 01:19:56.005Z;functions.desmark_filter;  CLICK CHECKBOX LANÇAMENTOS FATURADOS
20-07-2024 01:19:58.745Z;functions.desmark_filter;  CLICK CHECKBOX LANÇAMENTOS FATURADOS
20-07-2024 01:20:03.916Z;functions.waitForImage;  FILTER CLEAN image found.
20-07-2024 01:20:06.057Z;functions.filter_clean;  CLICA NO BOTÃO X DO LIMPA FILTRO
20-07-2024 01:20:21.353Z;functions.waitForImage;  FILTER CLEAN image not found.
20-07-2024 01:20:36.682Z;functions.waitForImage;  FILTER CLEAN image not found.
20-07-2024 01:20:38.104Z;functions.filter_forma_pagamento;  CLICA NA PRIMEIRA LINHA DA TABELA
20-07-2024 01:20:38.385Z;functions.filter_forma_pagamento;  CLICK NA PRIMEIRA LINHA E COLUNA DA TABELA
20-07-2024 01:20:54.715Z;functions.filter_forma_pagamento;  160 PASSOS PARA DIREITA NA TABELA >>
20-07-2024 01:21:00.855Z;functions.filter_forma_pagamento;  HOVER NOME DA COLUNA FORMA DE PAGAMENTO
20-07-2024 01:21:02.736Z;functions.filter_forma_pagamento;  CLICA PARA APARECER O FILTRO PERSONALIZAR
20-07-2024 01:21:06.071Z;functions.filter_forma_pagamento;  CLICA NO FILTRO PERSONALIZAR
20-07-2024 01:21:18.621Z;functions.filter_forma_pagamento;  Texto extraido 0/0
20-07-2024 01:21:18.621Z;functions.filter_forma_pagamento;  Count 0
20-07-2024 01:21:18.621Z;functions.filter_forma_pagamento;  Type <class 'int'>
20-07-2024 01:21:18.621Z;functions.filter_forma_pagamento;  SEM REGISTROS
20-07-2024 01:21:20.637Z;functions.check_table_record;  VERIFICANDO SE A TABELA ESTÁ VAZIA
20-07-2024 01:21:23.760Z;functions.check_table_record;  Texto extraido 0/0
20-07-2024 01:21:23.760Z;functions.check_table_record;  Count 0
20-07-2024 01:21:23.760Z;functions.check_table_record;  Type <class 'int'>
20-07-2024 01:21:23.760Z;functions.check_table_record;  SEM REGISTROS
20-07-2024 01:21:27.777Z;main.<module>;  SEM REMESSA DE TED CIP
20-07-2024 01:21:28.791Z;functions.enter_contas_a_pagar;  CLICK - TOTVS - LINHA RM
20-07-2024 01:21:30.885Z;functions.enter_contas_a_pagar;  CLICK - BACK OFFICE
20-07-2024 01:21:34.010Z;functions.enter_contas_a_pagar;  CLICK - GESTAO FINANCEIRA
20-07-2024 01:21:39.884Z;functions.enter_contas_a_pagar;  CLICK - CONTAS A PAGAR
20-07-2024 01:21:40.744Z;functions.waitForImage;  LANÇAMENTOS image found.
20-07-2024 01:21:42.892Z;functions.enter_contas_a_pagar;  CLICA EM LANÇAMENTOS
20-07-2024 01:21:58.463Z;functions.waitForImage;  LICENCAS EXCEDIDAS image not found.
20-07-2024 01:21:58.463Z;functions.obter_intervalo_data;  VERIFICANDO A HORA ATUAL 1
20-07-2024 01:21:58.478Z;functions.obter_intervalo_data;  Data Inicial BANCARIA antes da remoção: None
20-07-2024 01:21:58.478Z;functions.obter_intervalo_data;  Data Final BANCARIA antes da remoção: None
20-07-2024 01:21:58.478Z;functions.obter_intervalo_data;  Data Inicial BANCARIA após a remoção: None
20-07-2024 01:21:58.478Z;functions.obter_intervalo_data;  Data Final BANCARIA após a remoção: None
20-07-2024 01:21:58.478Z;functions.obter_intervalo_data;  hoje -  2024-07-20 01:21:58.478817
20-07-2024 01:21:58.478Z;functions.data_filter;  DATA INICIO 24-07-2024
20-07-2024 01:21:58.478Z;functions.data_filter;  DATA FIM 30-07-2024
20-07-2024 01:21:58.478Z;functions.data_filter;  CLICK - SELECIONA A DATA DE QUARTA FEIRA E DA PROXIMA TERÇA
20-07-2024 01:21:58.478Z;functions.data_filter;  QUARTA-FEIRA: 24-07-2024
20-07-2024 01:21:58.478Z;functions.data_filter;  TERCA-FEIRA: 30-07-2024
20-07-2024 01:22:15.364Z;functions.data_filter;  REMESSA BANCÁRIA - FILTRO DIGITADO
20-07-2024 01:22:16.353Z;functions.data_filter;  CLICK - BOTAO DE SELECAO DE FILTRO
20-07-2024 01:22:21.119Z;functions.data_filter;  INSERE - DATA DE QUARTA-FEIRA: 24-07-2024
20-07-2024 01:22:25.494Z;functions.data_filter;  INSERE - DATA DA PROX TERCA-FEIRA: 30-07-2024
20-07-2024 01:22:26.668Z;functions.data_filter;  CLICK - BOTAO DE EXECUTAR O FILTRO
20-07-2024 01:22:31.670Z;functions.desmark_filter;  AGUARDANDO 1
20-07-2024 01:22:33.791Z;functions.desmark_filter;  CLICK CHECKBOX LANÇAMENTOS A RECEBER
20-07-2024 01:22:35.885Z;functions.desmark_filter;  CLICK CHECKBOX LANÇAMENTOS BAIXADOS
20-07-2024 01:22:38.447Z;functions.desmark_filter;  CLICK CHECKBOX LANÇAMENTOS CANCELADOS
20-07-2024 01:22:41.104Z;functions.desmark_filter;  CLICK CHECKBOX LANÇAMENTOS FATURADOS
20-07-2024 01:22:43.654Z;functions.desmark_filter;  CLICK CHECKBOX LANÇAMENTOS FATURADOS
20-07-2024 01:22:48.823Z;functions.waitForImage;  FILTER CLEAN image found.
20-07-2024 01:22:50.941Z;functions.filter_clean;  CLICA NO BOTÃO X DO LIMPA FILTRO
20-07-2024 01:23:06.228Z;functions.waitForImage;  FILTER CLEAN image not found.
20-07-2024 01:23:21.588Z;functions.waitForImage;  FILTER CLEAN image not found.
20-07-2024 01:23:23.416Z;functions.filter_forma_pagamento_branco;  CLICK NA PRIMEIRA LINHA E COLUNA DA TABELA
20-07-2024 01:23:39.738Z;functions.filter_forma_pagamento_branco;  160 PASSOS PARA DIREITA NA TABELA >>
20-07-2024 01:23:45.509Z;functions.filter_forma_pagamento_branco;  HOVER NOME DA COLUNA FORMA DE PAGAMENTO
20-07-2024 01:23:47.486Z;functions.filter_forma_pagamento_branco;  CLICA PARA APARECER O FILTRO PERSONALIZAR
20-07-2024 01:23:50.821Z;functions.filter_forma_pagamento_branco;  CLICA NO FILTRO PERSONALIZAR
20-07-2024 01:23:59.776Z;functions.filter_forma_pagamento_branco;  Texto extraido 1/12
20-07-2024 01:23:59.776Z;functions.filter_forma_pagamento_branco;  Count 12
20-07-2024 01:23:59.776Z;functions.filter_forma_pagamento_branco;  Type <class 'int'>
20-07-2024 01:23:59.776Z;functions.filter_forma_pagamento_branco;  TABELA CONTÉM REGISTROS
20-07-2024 01:24:03.369Z;functions.filter_forma_pagamento_branco;  MOVIDO PRA CIMA 12 VEZES
20-07-2024 01:24:07.387Z;functions.check_table_record;  VERIFICANDO SE A TABELA ESTÁ VAZIA
20-07-2024 01:24:10.314Z;functions.check_table_record;  Texto extraido 1/12
20-07-2024 01:24:10.314Z;functions.check_table_record;  Count 12
20-07-2024 01:24:10.314Z;functions.check_table_record;  Type <class 'int'>
20-07-2024 01:24:10.315Z;functions.check_table_record;  TABELA CONTÉM REGISTROS
20-07-2024 01:24:10.315Z;functions.check_ted_branco;  VERIFICANDO O COD DO CLIENTE EM CADA REGISTRO
20-07-2024 01:24:11.947Z;functions.check_ted_branco;  CLICA NA PRIMEIRA LINHA DA TABELA
20-07-2024 01:24:16.053Z;functions.check_ted_branco;  REFERNCIA: 982153
20-07-2024 01:24:16.053Z;functions.check_ted_branco;  CONTAGEM: 1
20-07-2024 01:24:16.356Z;functions.check_ted_branco;  ENTRANDO NO REGISTRO 
20-07-2024 01:24:38.962Z;functions.waitForImage;  INTEGRAÇÃO BANCÁRIA image found.
20-07-2024 01:24:39.081Z;functions.check_ted_branco;  CLICA EM INTEGRAÇÃO BANCÁRIA
20-07-2024 01:24:39.081Z;functions.check_ted_branco;  VERIFICANDO INFORMAÇÕES
20-07-2024 01:24:39.274Z;functions.waitForImage;  TRES PONTINHOS image found.
20-07-2024 01:24:51.899Z;functions.check_ted_branco;  VERIFICANDO SE TEM PIX NO FILTRO
20-07-2024 01:24:52.072Z;functions.waitForImage;  CHECANDO DADOS BANCÁRIOS PIX image found.
20-07-2024 01:24:54.082Z;functions.check_ted_branco;  PIX NÃO ENCONTRADO PARA REFERENCIA: 982153
20-07-2024 01:24:57.794Z;functions.check_ted_branco;  APERTA EM CANCELAR
20-07-2024 01:24:57.994Z;functions.waitForImage;  PRESS BUTTON OK image found.
20-07-2024 01:25:00.113Z;functions.click_ok;  PRESS BUTTON OK
20-07-2024 01:25:12.612Z;functions.waitForImage;  ERROR GENERICO image not found.
20-07-2024 01:25:17.681Z;functions.waitForImage;  ERROR FILTRO PIX image not found.
20-07-2024 01:25:21.789Z;functions.check_ted_branco;  PASSANDO PARA PRÓXIMO REGISTRO
20-07-2024 01:25:25.894Z;functions.check_ted_branco;  REFERNCIA: 981408
20-07-2024 01:25:25.894Z;functions.check_ted_branco;  CONTAGEM: 2
20-07-2024 01:25:26.196Z;functions.check_ted_branco;  ENTRANDO NO REGISTRO 
20-07-2024 01:25:32.338Z;functions.waitForImage;  INTEGRAÇÃO BANCÁRIA image found.
20-07-2024 01:25:32.486Z;functions.check_ted_branco;  CLICA EM INTEGRAÇÃO BANCÁRIA
20-07-2024 01:25:32.486Z;functions.check_ted_branco;  VERIFICANDO INFORMAÇÕES
20-07-2024 01:25:33.338Z;functions.waitForImage;  TRES PONTINHOS image found.
20-07-2024 01:25:45.975Z;functions.check_ted_branco;  VERIFICANDO SE TEM PIX NO FILTRO
20-07-2024 01:25:46.165Z;functions.waitForImage;  CHECANDO DADOS BANCÁRIOS PIX image found.
20-07-2024 01:25:48.178Z;functions.check_ted_branco;  PIX NÃO ENCONTRADO PARA REFERENCIA: 981408
20-07-2024 01:25:51.892Z;functions.check_ted_branco;  APERTA EM CANCELAR
20-07-2024 01:25:52.072Z;functions.waitForImage;  PRESS BUTTON OK image found.
20-07-2024 01:25:54.205Z;functions.click_ok;  PRESS BUTTON OK
20-07-2024 01:26:06.699Z;functions.waitForImage;  ERROR GENERICO image not found.
20-07-2024 01:26:11.789Z;functions.waitForImage;  ERROR FILTRO PIX image not found.
20-07-2024 01:26:15.892Z;functions.check_ted_branco;  PASSANDO PARA PRÓXIMO REGISTRO
20-07-2024 01:26:19.998Z;functions.check_ted_branco;  REFERNCIA: 982240
20-07-2024 01:26:19.998Z;functions.check_ted_branco;  CONTAGEM: 3
20-07-2024 01:26:20.299Z;functions.check_ted_branco;  ENTRANDO NO REGISTRO 
20-07-2024 01:26:27.181Z;functions.waitForImage;  INTEGRAÇÃO BANCÁRIA image found.
20-07-2024 01:26:27.298Z;functions.check_ted_branco;  CLICA EM INTEGRAÇÃO BANCÁRIA
20-07-2024 01:26:27.298Z;functions.check_ted_branco;  VERIFICANDO INFORMAÇÕES
20-07-2024 01:26:28.134Z;functions.waitForImage;  TRES PONTINHOS image found.
20-07-2024 01:26:40.767Z;functions.check_ted_branco;  VERIFICANDO SE TEM PIX NO FILTRO
20-07-2024 01:26:40.946Z;functions.waitForImage;  CHECANDO DADOS BANCÁRIOS PIX image found.
20-07-2024 01:26:42.956Z;functions.check_ted_branco;  PIX NÃO ENCONTRADO PARA REFERENCIA: 982240
20-07-2024 01:26:46.670Z;functions.check_ted_branco;  APERTA EM CANCELAR
20-07-2024 01:26:46.858Z;functions.waitForImage;  PRESS BUTTON OK image found.
20-07-2024 01:26:48.988Z;functions.click_ok;  PRESS BUTTON OK
20-07-2024 01:27:01.478Z;functions.waitForImage;  ERROR GENERICO image not found.
20-07-2024 01:27:06.494Z;functions.waitForImage;  ERROR FILTRO PIX image not found.
20-07-2024 01:27:10.603Z;functions.check_ted_branco;  PASSANDO PARA PRÓXIMO REGISTRO
20-07-2024 01:27:14.709Z;functions.check_ted_branco;  REFERNCIA: 978735
20-07-2024 01:27:14.709Z;functions.check_ted_branco;  CONTAGEM: 4
20-07-2024 01:27:15.010Z;functions.check_ted_branco;  ENTRANDO NO REGISTRO 
20-07-2024 01:27:21.863Z;functions.waitForImage;  INTEGRAÇÃO BANCÁRIA image found.
20-07-2024 01:27:21.986Z;functions.check_ted_branco;  CLICA EM INTEGRAÇÃO BANCÁRIA
20-07-2024 01:27:21.986Z;functions.check_ted_branco;  VERIFICANDO INFORMAÇÕES
20-07-2024 01:27:22.165Z;functions.waitForImage;  TRES PONTINHOS image found.
20-07-2024 01:27:34.807Z;functions.check_ted_branco;  VERIFICANDO SE TEM PIX NO FILTRO
20-07-2024 01:27:34.978Z;functions.waitForImage;  CHECANDO DADOS BANCÁRIOS PIX image found.
20-07-2024 01:27:36.989Z;functions.check_ted_branco;  PIX NÃO ENCONTRADO PARA REFERENCIA: 978735
20-07-2024 01:27:40.701Z;functions.check_ted_branco;  APERTA EM CANCELAR
20-07-2024 01:27:40.884Z;functions.waitForImage;  PRESS BUTTON OK image found.
20-07-2024 01:27:43.019Z;functions.click_ok;  PRESS BUTTON OK
20-07-2024 01:27:55.540Z;functions.waitForImage;  ERROR GENERICO image not found.
20-07-2024 01:28:00.587Z;functions.waitForImage;  ERROR FILTRO PIX image not found.
20-07-2024 01:28:04.693Z;functions.check_ted_branco;  PASSANDO PARA PRÓXIMO REGISTRO
20-07-2024 01:28:08.797Z;functions.check_ted_branco;  REFERNCIA: 982175
20-07-2024 01:28:08.798Z;functions.check_ted_branco;  CONTAGEM: 5
20-07-2024 01:28:09.099Z;functions.check_ted_branco;  ENTRANDO NO REGISTRO 
20-07-2024 01:28:16.010Z;functions.waitForImage;  INTEGRAÇÃO BANCÁRIA image found.
20-07-2024 01:28:16.142Z;functions.check_ted_branco;  CLICA EM INTEGRAÇÃO BANCÁRIA
20-07-2024 01:28:16.142Z;functions.check_ted_branco;  VERIFICANDO INFORMAÇÕES
20-07-2024 01:28:16.321Z;functions.waitForImage;  TRES PONTINHOS image found.
20-07-2024 01:28:28.957Z;functions.check_ted_branco;  VERIFICANDO SE TEM PIX NO FILTRO
20-07-2024 01:28:29.134Z;functions.waitForImage;  CHECANDO DADOS BANCÁRIOS PIX image found.
20-07-2024 01:28:31.145Z;functions.check_ted_branco;  PIX NÃO ENCONTRADO PARA REFERENCIA: 982175
20-07-2024 01:28:34.857Z;functions.check_ted_branco;  APERTA EM CANCELAR
20-07-2024 01:28:35.040Z;functions.waitForImage;  PRESS BUTTON OK image found.
20-07-2024 01:28:37.175Z;functions.click_ok;  PRESS BUTTON OK
20-07-2024 01:28:49.665Z;functions.waitForImage;  ERROR GENERICO image not found.
20-07-2024 01:28:54.727Z;functions.waitForImage;  ERROR FILTRO PIX image not found.
20-07-2024 01:28:58.845Z;functions.check_ted_branco;  PASSANDO PARA PRÓXIMO REGISTRO
20-07-2024 01:29:02.950Z;functions.check_ted_branco;  REFERNCIA: 980379
20-07-2024 01:29:02.950Z;functions.check_ted_branco;  CONTAGEM: 6
20-07-2024 01:29:03.252Z;functions.check_ted_branco;  ENTRANDO NO REGISTRO 
20-07-2024 01:29:10.165Z;functions.waitForImage;  INTEGRAÇÃO BANCÁRIA image found.
20-07-2024 01:29:10.298Z;functions.check_ted_branco;  CLICA EM INTEGRAÇÃO BANCÁRIA
20-07-2024 01:29:10.298Z;functions.check_ted_branco;  VERIFICANDO INFORMAÇÕES
20-07-2024 01:29:10.480Z;functions.waitForImage;  TRES PONTINHOS image found.
20-07-2024 01:29:23.113Z;functions.check_ted_branco;  VERIFICANDO SE TEM PIX NO FILTRO
20-07-2024 01:29:23.314Z;functions.waitForImage;  CHECANDO DADOS BANCÁRIOS PIX image found.
20-07-2024 01:29:25.315Z;functions.check_ted_branco;  PIX NÃO ENCONTRADO PARA REFERENCIA: 980379
20-07-2024 01:29:29.028Z;functions.check_ted_branco;  APERTA EM CANCELAR
20-07-2024 01:29:29.196Z;functions.waitForImage;  PRESS BUTTON OK image found.
20-07-2024 01:29:31.329Z;functions.click_ok;  PRESS BUTTON OK
20-07-2024 01:29:43.822Z;functions.waitForImage;  ERROR GENERICO image not found.
20-07-2024 01:29:48.868Z;functions.waitForImage;  ERROR FILTRO PIX image not found.
20-07-2024 01:29:52.983Z;functions.check_ted_branco;  PASSANDO PARA PRÓXIMO REGISTRO
20-07-2024 01:29:57.088Z;functions.check_ted_branco;  REFERNCIA: 981677
20-07-2024 01:29:57.088Z;functions.check_ted_branco;  CONTAGEM: 7
20-07-2024 01:29:57.389Z;functions.check_ted_branco;  ENTRANDO NO REGISTRO 
20-07-2024 01:30:04.274Z;functions.waitForImage;  INTEGRAÇÃO BANCÁRIA image found.
20-07-2024 01:30:04.393Z;functions.check_ted_branco;  CLICA EM INTEGRAÇÃO BANCÁRIA
20-07-2024 01:30:04.393Z;functions.check_ted_branco;  VERIFICANDO INFORMAÇÕES
20-07-2024 01:30:04.572Z;functions.waitForImage;  TRES PONTINHOS image found.
20-07-2024 01:30:17.208Z;functions.check_ted_branco;  VERIFICANDO SE TEM PIX NO FILTRO
20-07-2024 01:30:17.384Z;functions.waitForImage;  CHECANDO DADOS BANCÁRIOS PIX image found.
20-07-2024 01:30:19.398Z;functions.check_ted_branco;  PIX NÃO ENCONTRADO PARA REFERENCIA: 981677
20-07-2024 01:30:23.118Z;functions.check_ted_branco;  APERTA EM CANCELAR
20-07-2024 01:30:23.292Z;functions.waitForImage;  PRESS BUTTON OK image found.
20-07-2024 01:30:25.424Z;functions.click_ok;  PRESS BUTTON OK
20-07-2024 01:30:37.915Z;functions.waitForImage;  ERROR GENERICO image not found.
20-07-2024 01:30:42.962Z;functions.waitForImage;  ERROR FILTRO PIX image not found.
20-07-2024 01:30:47.068Z;functions.check_ted_branco;  PASSANDO PARA PRÓXIMO REGISTRO
20-07-2024 01:30:51.172Z;functions.check_ted_branco;  REFERNCIA: 981510
20-07-2024 01:30:51.172Z;functions.check_ted_branco;  CONTAGEM: 8
20-07-2024 01:30:51.474Z;functions.check_ted_branco;  ENTRANDO NO REGISTRO 
20-07-2024 01:30:58.337Z;functions.waitForImage;  INTEGRAÇÃO BANCÁRIA image found.
20-07-2024 01:30:58.454Z;functions.check_ted_branco;  CLICA EM INTEGRAÇÃO BANCÁRIA
20-07-2024 01:30:58.454Z;functions.check_ted_branco;  VERIFICANDO INFORMAÇÕES
20-07-2024 01:30:58.633Z;functions.waitForImage;  TRES PONTINHOS image found.
20-07-2024 01:31:11.270Z;functions.check_ted_branco;  VERIFICANDO SE TEM PIX NO FILTRO
20-07-2024 01:31:11.447Z;functions.waitForImage;  CHECANDO DADOS BANCÁRIOS PIX image found.
20-07-2024 01:31:13.456Z;functions.check_ted_branco;  PIX NÃO ENCONTRADO PARA REFERENCIA: 981510
20-07-2024 01:31:17.169Z;functions.check_ted_branco;  APERTA EM CANCELAR
20-07-2024 01:31:17.322Z;functions.waitForImage;  PRESS BUTTON OK image found.
20-07-2024 01:31:19.454Z;functions.click_ok;  PRESS BUTTON OK
20-07-2024 01:31:31.946Z;functions.waitForImage;  ERROR GENERICO image not found.
20-07-2024 01:31:36.993Z;functions.waitForImage;  ERROR FILTRO PIX image not found.
20-07-2024 01:31:41.102Z;functions.check_ted_branco;  PASSANDO PARA PRÓXIMO REGISTRO
20-07-2024 01:31:45.207Z;functions.check_ted_branco;  REFERNCIA: 981509
20-07-2024 01:31:45.207Z;functions.check_ted_branco;  CONTAGEM: 9
20-07-2024 01:31:45.509Z;functions.check_ted_branco;  ENTRANDO NO REGISTRO 
20-07-2024 01:31:52.368Z;functions.waitForImage;  INTEGRAÇÃO BANCÁRIA image found.
20-07-2024 01:31:52.487Z;functions.check_ted_branco;  CLICA EM INTEGRAÇÃO BANCÁRIA
20-07-2024 01:31:52.487Z;functions.check_ted_branco;  VERIFICANDO INFORMAÇÕES
20-07-2024 01:31:52.664Z;functions.waitForImage;  TRES PONTINHOS image found.
20-07-2024 01:32:05.291Z;functions.check_ted_branco;  VERIFICANDO SE TEM PIX NO FILTRO
20-07-2024 01:32:05.484Z;functions.waitForImage;  CHECANDO DADOS BANCÁRIOS PIX image found.
20-07-2024 01:32:07.484Z;functions.check_ted_branco;  PIX NÃO ENCONTRADO PARA REFERENCIA: 981509
20-07-2024 01:32:11.212Z;functions.check_ted_branco;  APERTA EM CANCELAR
20-07-2024 01:32:11.369Z;functions.waitForImage;  PRESS BUTTON OK image found.
20-07-2024 01:32:13.487Z;functions.click_ok;  PRESS BUTTON OK
20-07-2024 01:32:25.977Z;functions.waitForImage;  ERROR GENERICO image not found.
20-07-2024 01:32:31.086Z;functions.waitForImage;  ERROR FILTRO PIX image not found.
20-07-2024 01:32:35.197Z;functions.check_ted_branco;  PASSANDO PARA PRÓXIMO REGISTRO
20-07-2024 01:32:39.301Z;functions.check_ted_branco;  REFERNCIA: 753544
20-07-2024 01:32:39.302Z;functions.check_ted_branco;  CONTAGEM: 10
20-07-2024 01:32:39.603Z;functions.check_ted_branco;  ENTRANDO NO REGISTRO 
20-07-2024 01:32:46.471Z;functions.waitForImage;  INTEGRAÇÃO BANCÁRIA image found.
20-07-2024 01:32:46.582Z;functions.check_ted_branco;  CLICA EM INTEGRAÇÃO BANCÁRIA
20-07-2024 01:32:46.582Z;functions.check_ted_branco;  VERIFICANDO INFORMAÇÕES
20-07-2024 01:32:47.446Z;functions.waitForImage;  TRES PONTINHOS image found.
20-07-2024 01:33:00.081Z;functions.check_ted_branco;  VERIFICANDO SE TEM PIX NO FILTRO
20-07-2024 01:33:00.274Z;functions.waitForImage;  CHECANDO DADOS BANCÁRIOS PIX image found.
20-07-2024 01:33:02.277Z;functions.check_ted_branco;  PIX NÃO ENCONTRADO PARA REFERENCIA: 753544
20-07-2024 01:33:05.989Z;functions.check_ted_branco;  APERTA EM CANCELAR
20-07-2024 01:33:06.180Z;functions.waitForImage;  PRESS BUTTON OK image found.
20-07-2024 01:33:08.300Z;functions.click_ok;  PRESS BUTTON OK
20-07-2024 01:33:20.789Z;functions.waitForImage;  ERROR GENERICO image not found.
20-07-2024 01:33:25.837Z;functions.waitForImage;  ERROR FILTRO PIX image not found.
20-07-2024 01:33:29.948Z;functions.check_ted_branco;  PASSANDO PARA PRÓXIMO REGISTRO
20-07-2024 01:33:34.052Z;functions.check_ted_branco;  REFERNCIA: 753667
20-07-2024 01:33:34.052Z;functions.check_ted_branco;  CONTAGEM: 11
20-07-2024 01:33:34.354Z;functions.check_ted_branco;  ENTRANDO NO REGISTRO 
20-07-2024 01:33:43.368Z;functions.waitForImage;  INTEGRAÇÃO BANCÁRIA image found.
20-07-2024 01:33:43.487Z;functions.check_ted_branco;  CLICA EM INTEGRAÇÃO BANCÁRIA
20-07-2024 01:33:43.487Z;functions.check_ted_branco;  VERIFICANDO INFORMAÇÕES
20-07-2024 01:33:44.352Z;functions.waitForImage;  TRES PONTINHOS image found.
20-07-2024 01:33:56.990Z;functions.check_ted_branco;  VERIFICANDO SE TEM PIX NO FILTRO
20-07-2024 01:33:57.164Z;functions.waitForImage;  CHECANDO DADOS BANCÁRIOS PIX image found.
20-07-2024 01:33:59.174Z;functions.check_ted_branco;  PIX NÃO ENCONTRADO PARA REFERENCIA: 753667
20-07-2024 01:34:02.887Z;functions.check_ted_branco;  APERTA EM CANCELAR
20-07-2024 01:34:03.086Z;functions.waitForImage;  PRESS BUTTON OK image found.
20-07-2024 01:34:05.206Z;functions.click_ok;  PRESS BUTTON OK
20-07-2024 01:34:17.695Z;functions.waitForImage;  ERROR GENERICO image not found.
20-07-2024 01:34:22.751Z;functions.waitForImage;  ERROR FILTRO PIX image not found.
20-07-2024 01:34:26.855Z;functions.check_ted_branco;  PASSANDO PARA PRÓXIMO REGISTRO
20-07-2024 01:34:30.962Z;functions.check_ted_branco;  REFERNCIA: 753607
20-07-2024 01:34:30.962Z;functions.check_ted_branco;  CONTAGEM: 12
20-07-2024 01:34:31.264Z;functions.check_ted_branco;  ENTRANDO NO REGISTRO 
20-07-2024 01:34:37.430Z;functions.waitForImage;  INTEGRAÇÃO BANCÁRIA image found.
20-07-2024 01:34:37.548Z;functions.check_ted_branco;  CLICA EM INTEGRAÇÃO BANCÁRIA
20-07-2024 01:34:37.548Z;functions.check_ted_branco;  VERIFICANDO INFORMAÇÕES
20-07-2024 01:34:38.414Z;functions.waitForImage;  TRES PONTINHOS image found.
20-07-2024 01:34:51.045Z;functions.check_ted_branco;  VERIFICANDO SE TEM PIX NO FILTRO
20-07-2024 01:34:51.227Z;functions.waitForImage;  CHECANDO DADOS BANCÁRIOS PIX image found.
20-07-2024 01:34:53.235Z;functions.check_ted_branco;  PIX NÃO ENCONTRADO PARA REFERENCIA: 753607
20-07-2024 01:34:56.947Z;functions.check_ted_branco;  APERTA EM CANCELAR
20-07-2024 01:34:57.149Z;functions.waitForImage;  PRESS BUTTON OK image found.
20-07-2024 01:34:59.266Z;functions.click_ok;  PRESS BUTTON OK
20-07-2024 01:35:11.759Z;functions.waitForImage;  ERROR GENERICO image not found.
20-07-2024 01:35:16.850Z;functions.waitForImage;  ERROR FILTRO PIX image not found.
20-07-2024 01:35:16.850Z;functions.check_ted_branco;  FORAM VERIFICADOS: 12 REFERENCIAS NO PROCESSAMENTO FORMA DE PAGAMENTO ELETRONICA EM BRANCO
20-07-2024 01:35:20.243Z;errorhandler.__handle;  Property: Unknown Property name. [1:203: -ms-interpolation-mode]
20-07-2024 01:35:20.289Z;errorhandler.__handle;  Property: Unknown Property name. [1:353: -webkit-font-smoothing]
20-07-2024 01:35:20.289Z;errorhandler.__handle;  Property: Unknown Property name. [1:483: -ms-text-size-adjust]
20-07-2024 01:35:20.305Z;errorhandler.__handle;  Property: Unknown Property name. [1:518: -webkit-text-size-adjust]
20-07-2024 01:35:20.308Z;errorhandler.__handle;  Property: Unknown Property name. [1:612: mso-table-lspace]
20-07-2024 01:35:20.309Z;errorhandler.__handle;  Property: Unknown Property name. [1:642: mso-table-rspace]
20-07-2024 01:35:20.540Z;errorhandler.__handle;  Property: Unknown Property name. [1:4734: mso-hide]
20-07-2024 01:35:20.649Z;errorhandler.__handle;  Property: Unknown Property name. [1:13: -ms-interpolation-mode]
20-07-2024 01:35:20.649Z;errorhandler.__handle;  Property: Unknown Property name. [1:49: -webkit-font-smoothing]
20-07-2024 01:35:20.649Z;errorhandler.__handle;  Property: Unknown Property name. [1:134: -ms-text-size-adjust]
20-07-2024 01:35:20.649Z;errorhandler.__handle;  Property: Unknown Property name. [1:160: -webkit-text-size-adjust]
20-07-2024 01:35:20.649Z;errorhandler.__handle;  Property: Unknown Property name. [1:26: mso-table-lspace]
20-07-2024 01:35:20.649Z;errorhandler.__handle;  Property: Unknown Property name. [1:45: mso-table-rspace]
20-07-2024 01:35:20.696Z;errorhandler.__handle;  Property: Unknown Property name. [1:92: mso-hide]
20-07-2024 01:35:20.696Z;errorhandler.__handle;  Property: No ":" after name found: align-center [1:1: align-center]
20-07-2024 01:35:20.696Z;errorhandler.__handle;  Property: No property value found: align-center [1:1: align-center]
20-07-2024 01:35:20.696Z;errorhandler.__handle;  CSSStyleDeclaration: Syntax Error in Property: align-center
20-07-2024 01:35:20.711Z;errorhandler.__handle;  Property: Unknown Property name. [1:14: -ms-interpolation-mode]
20-07-2024 01:35:23.621Z;functions.emailFinalizado;  Warning e-mail sent.
20-07-2024 01:35:23.621Z;main.<module>;  Remessa Bancária TED CIP com filtro de pagamento eletronica em branco modificadas para pix 
 PASSO 3 FINALIZADO
20-07-2024 01:35:23.621Z;main.<module>;  O PROGRAMA SERÁ ENCERRADO
20-07-2024 01:35:25.650Z;errorhandler.__handle;  Property: Unknown Property name. [1:14: -ms-interpolation-mode]
20-07-2024 01:35:28.181Z;functions.emailFinalizado;  Warning e-mail sent.
20-07-2024 01:35:28.726Z;functions.end_RM;  RM ENCERRADO
