20-07-2024 05:01:03.860Z;functions.bot_text_art;      ____   
20-07-2024 05:01:03.861Z;functions.bot_text_art;     [____]    
20-07-2024 05:01:03.861Z;functions.bot_text_art;   |=]()()[=|  
20-07-2024 05:01:03.861Z;functions.bot_text_art;     _\==/__    _____    ____     _        _____    ___   _  __
20-07-2024 05:01:03.861Z;functions.bot_text_art;   |__|   |_|  |  _  \  / ___|   | |      |_   _| / ___| | |/ /
20-07-2024 05:01:03.862Z;functions.bot_text_art;   |_|_/\_|_|  | |  | | | |      | |        | |   | |    | ' / 
20-07-2024 05:01:03.862Z;functions.bot_text_art;   | | __ | |  | |  | | | |      | |        | |   | |    |  <  
20-07-2024 05:01:03.862Z;functions.bot_text_art;   |_|[  ]|_|  | |__| | | |____  | |____   _| |_  | |__  | . \ 
20-07-2024 05:01:03.863Z;functions.bot_text_art;   \_|_||_|_/  |_____/   \_____| |______| |_____| \ ___| |_|\_\
20-07-2024 05:01:03.863Z;functions.bot_text_art;     |_||_|                                                     
20-07-2024 05:01:03.863Z;functions.bot_text_art;     | ||_|_   
20-07-2024 05:01:03.863Z;functions.bot_text_art;   |___||___|  
20-07-2024 05:01:03.863Z;functions.bot_text_art;               
20-07-2024 05:01:03.863Z;functions.open_RM;  OPEN PROGRAM RM
20-07-2024 05:01:03.863Z;functions.caps;  DESATIVANDO CAPS
20-07-2024 05:01:03.863Z;functions.loggin_RM;  BUSCANDO LOGGIN RM
20-07-2024 05:01:20.878Z;functions.loggin_RM;  ENTER USER_NAME
20-07-2024 05:01:26.461Z;functions.loggin_RM;  ENTER PASSWORD
20-07-2024 05:01:28.994Z;functions.loggin_RM;  ENTER RM
20-07-2024 05:04:44.518Z;functions.enter_coligada;  CLICK CONTEXTO
20-07-2024 05:04:47.674Z;functions.enter_coligada;  CLICK ALTERAR MODULO DO CONTEXTO
20-07-2024 05:04:52.190Z;functions.enter_coligada;  INSERE O COLIGADA CODE = 1
20-07-2024 05:04:52.296Z;functions.enter_coligada;  APERTA TAB PARA PREENCHER O CAMPO COM A STRING: OCEANICA ENGENHARIA E CONSULTORIA S.A.
20-07-2024 05:04:54.584Z;functions.enter_coligada;  CLICK AVANÇAR NOVAMENTE
20-07-2024 05:04:55.925Z;functions.enter_coligada;  CLICK CONCLUIR
20-07-2024 05:05:16.174Z;functions.waitForImage;  TROCA COLIGADA image not found.
20-07-2024 05:05:34.129Z;functions.enter_coligada;  POP UP COLIGADA DESAPARECER
20-07-2024 05:05:35.143Z;functions.check_movimentacao_bancaria;  CLICK - TOTVS - LINHA RM
20-07-2024 05:05:37.426Z;functions.check_movimentacao_bancaria;  CLICK - BACK OFFICE
20-07-2024 05:05:40.238Z;functions.check_movimentacao_bancaria;  CLICK - GESTAO FINANCEIRA
20-07-2024 05:05:40.238Z;functions.movimentacao_bancaria;  AGUARDANDO 1
20-07-2024 05:05:45.893Z;functions.movimentacao_bancaria;  CLICA NA ABA MOVIMENTAÇÃO BANCARIA
20-07-2024 05:05:46.831Z;functions.waitForImage;  IMAGEM BORDERO image found.
20-07-2024 05:05:48.965Z;functions.movimentacao_bancaria;  IMAGEM BORDERO CLICADA.
20-07-2024 05:05:59.628Z;functions.waitForImage;  LICENCAS EXCEDIDAS image not found.
20-07-2024 05:06:00.397Z;functions.movimentacao_bancaria;  ENCONTROU O FILTRO DA MOVIMENTAÇÃO BANCÁRIA
20-07-2024 05:06:00.461Z;functions.movimentacao_bancaria;  CLICA NA ABA SUPERIOR DO FILTRO
20-07-2024 05:06:07.769Z;functions.movimentacao_bancaria;  SELECIONA O FILTRO HOJE
20-07-2024 05:06:28.143Z;functions.waitForImage;  FILTER CLEAN image not found.
20-07-2024 05:06:43.518Z;functions.waitForImage;  FILTER CLEAN image not found.
20-07-2024 05:06:58.831Z;functions.waitForImage;  FILTER CLEAN image not found.
20-07-2024 05:08:12.972Z;functions.movimentacao_bancaria;  SEM PROCESSAMENTO DE BORDERO
20-07-2024 05:08:38.268Z;functions.waitForImage;  FILTER CLEAN image not found.
20-07-2024 05:08:53.596Z;functions.waitForImage;  FILTER CLEAN image not found.
20-07-2024 05:09:08.893Z;functions.waitForImage;  FILTER CLEAN image not found.
20-07-2024 05:09:41.082Z;functions.processo_pagamento;  SEM REMESSA DE BORDERO AUTORIZADO
20-07-2024 05:09:42.186Z;functions.processo_pagamento;  FECHA ABA MOVIMENTAÇÕES BANCÁRIAS
20-07-2024 05:09:44.111Z;functions.enter_contas_a_pagar;  CLICK - TOTVS - LINHA RM
20-07-2024 05:09:46.205Z;functions.enter_contas_a_pagar;  CLICK - BACK OFFICE
20-07-2024 05:09:47.237Z;functions.enter_contas_a_pagar;  CLICK - GESTAO FINANCEIRA
20-07-2024 05:09:53.862Z;functions.enter_contas_a_pagar;  CLICK - CONTAS A PAGAR
20-07-2024 05:09:54.783Z;functions.waitForImage;  LANÇAMENTOS image found.
20-07-2024 05:09:56.902Z;functions.enter_contas_a_pagar;  CLICA EM LANÇAMENTOS
20-07-2024 05:10:12.393Z;functions.waitForImage;  LICENCAS EXCEDIDAS image not found.
20-07-2024 05:10:12.408Z;functions.obter_intervalo_data;  VERIFICANDO A HORA ATUAL 5
20-07-2024 05:10:12.425Z;functions.obter_intervalo_data;  Data Inicial BANCARIA antes da remoção: None
20-07-2024 05:10:12.425Z;functions.obter_intervalo_data;  Data Final BANCARIA antes da remoção: None
20-07-2024 05:10:12.425Z;functions.obter_intervalo_data;  Data Inicial BANCARIA após a remoção: None
20-07-2024 05:10:12.425Z;functions.obter_intervalo_data;  Data Final BANCARIA após a remoção: None
20-07-2024 05:10:12.425Z;functions.obter_intervalo_data;  hoje -  2024-07-20 05:10:12.425760
20-07-2024 05:10:12.425Z;functions.data_filter;  DATA INICIO 24-07-2024
20-07-2024 05:10:12.425Z;functions.data_filter;  DATA FIM 30-07-2024
20-07-2024 05:10:12.425Z;functions.data_filter;  CLICK - SELECIONA A DATA DE QUARTA FEIRA E DA PROXIMA TERÇA
20-07-2024 05:10:12.425Z;functions.data_filter;  QUARTA-FEIRA: 24-07-2024
20-07-2024 05:10:12.425Z;functions.data_filter;  TERCA-FEIRA: 30-07-2024
20-07-2024 05:10:29.317Z;functions.data_filter;  REMESSA BANCÁRIA - FILTRO DIGITADO
20-07-2024 05:10:30.330Z;functions.data_filter;  CLICK - BOTAO DE SELECAO DE FILTRO
20-07-2024 05:10:35.127Z;functions.data_filter;  INSERE - DATA DE QUARTA-FEIRA: 24-07-2024
20-07-2024 05:10:39.411Z;functions.data_filter;  INSERE - DATA DA PROX TERCA-FEIRA: 30-07-2024
20-07-2024 05:10:40.580Z;functions.data_filter;  CLICK - BOTAO DE EXECUTAR O FILTRO
20-07-2024 05:10:45.585Z;functions.desmark_filter;  AGUARDANDO 1
20-07-2024 05:10:49.112Z;functions.desmark_filter;  CLICK CHECKBOX LANÇAMENTOS A RECEBER
20-07-2024 05:10:51.613Z;functions.desmark_filter;  CLICK CHECKBOX LANÇAMENTOS BAIXADOS
20-07-2024 05:10:54.207Z;functions.desmark_filter;  CLICK CHECKBOX LANÇAMENTOS CANCELADOS
20-07-2024 05:10:56.955Z;functions.desmark_filter;  CLICK CHECKBOX LANÇAMENTOS FATURADOS
20-07-2024 05:10:59.914Z;functions.desmark_filter;  CLICK CHECKBOX LANÇAMENTOS FATURADOS
20-07-2024 05:11:05.080Z;functions.waitForImage;  FILTER CLEAN image found.
20-07-2024 05:11:07.190Z;functions.filter_clean;  CLICA NO BOTÃO X DO LIMPA FILTRO
20-07-2024 05:11:22.487Z;functions.waitForImage;  FILTER CLEAN image not found.
20-07-2024 05:11:37.799Z;functions.waitForImage;  FILTER CLEAN image not found.
20-07-2024 05:11:37.799Z;functions.check_table_record;  VERIFICANDO SE A TABELA ESTÁ VAZIA
20-07-2024 05:11:41.003Z;functions.check_table_record;  Texto extraido 1/66
20-07-2024 05:11:41.003Z;functions.check_table_record;  Count 66
20-07-2024 05:11:41.003Z;functions.check_table_record;  Type <class 'int'>
20-07-2024 05:11:41.003Z;functions.check_table_record;  TABELA CONTÉM REGISTROS
20-07-2024 05:11:53.237Z;functions.select_tipo_documento;  NOME DA COLUNA: Tipo de Documento
20-07-2024 05:11:55.330Z;functions.select_tipo_documento;  HOVER NOME DA COLUNA: Tipo de Documento
20-07-2024 05:11:56.198Z;functions.select_tipo_documento;  CLICA NO FILTRO PERSONALIZAR
20-07-2024 05:11:58.799Z;functions.select_tipo_documento;  CLICA PARA SELECIONAR OPÇÕES DO FILTRO
20-07-2024 05:12:05.243Z;functions.select_tipo_documento;  FILTRO "NÃO É IGUAL A INV" DEFINIDO
20-07-2024 05:12:06.330Z;functions.select_tipo_documento;  CLICK BUTTON CONFIRMAR FILTRO
20-07-2024 05:12:11.334Z;functions.filter_IPTE;  VERIFICANDO O COD DO CLIENTE EM CADA REGISTRO
20-07-2024 05:12:13.018Z;functions.filter_IPTE;  CLICA NA PRIMEIRA LINHA DA TABELA
20-07-2024 05:12:36.503Z;functions.filter_IPTE;  HOVER FILTER
20-07-2024 05:12:38.525Z;functions.filter_IPTE;  CLICK FILTER
20-07-2024 05:12:42.858Z;functions.filter_IPTE;  CLICA NO FILTRO PERSONALIZAR
20-07-2024 05:13:25.392Z;functions.filter_IPTE;  MOVIDO PRA CIMA 100 VEZES
20-07-2024 05:14:01.702Z;functions.filter_IPTE;  MOVIDO PRA CIMA MAIS 100 VEZES
20-07-2024 05:14:17.472Z;functions.filter_IPTE;  TABELA NÃO CONTÉM REGISTROS
20-07-2024 05:14:17.472Z;functions.check_table_record;  VERIFICANDO SE A TABELA ESTÁ VAZIA
20-07-2024 05:14:20.628Z;functions.check_table_record;  Texto extraido 0/0
20-07-2024 05:14:20.628Z;functions.check_table_record;  Count 0
20-07-2024 05:14:20.628Z;functions.check_table_record;  Type <class 'int'>
20-07-2024 05:14:20.628Z;functions.check_table_record;  SEM REGISTROS
20-07-2024 05:14:22.643Z;main.<module>;  SEM REMESSA BANCÁRIA
20-07-2024 05:14:22.643Z;functions.movimentacao_bancaria;  AGUARDANDO 1
20-07-2024 05:14:23.892Z;functions.movimentacao_bancaria;  CLICA NA ABA MOVIMENTAÇÃO BANCARIA
20-07-2024 05:14:24.096Z;functions.waitForImage;  IMAGEM BORDERO image found.
20-07-2024 05:14:26.205Z;functions.movimentacao_bancaria;  IMAGEM BORDERO CLICADA.
20-07-2024 05:14:36.823Z;functions.waitForImage;  LICENCAS EXCEDIDAS image not found.
20-07-2024 05:14:37.565Z;functions.movimentacao_bancaria;  ENCONTROU O FILTRO DA MOVIMENTAÇÃO BANCÁRIA
20-07-2024 05:14:37.611Z;functions.movimentacao_bancaria;  CLICA NA ABA SUPERIOR DO FILTRO
20-07-2024 05:14:44.921Z;functions.movimentacao_bancaria;  SELECIONA O FILTRO HOJE
20-07-2024 05:15:05.236Z;functions.waitForImage;  FILTER CLEAN image not found.
20-07-2024 05:15:20.549Z;functions.waitForImage;  FILTER CLEAN image not found.
20-07-2024 05:15:35.861Z;functions.waitForImage;  FILTER CLEAN image not found.
20-07-2024 05:16:49.862Z;functions.movimentacao_bancaria;  SEM PROCESSAMENTO DE BORDERO
20-07-2024 05:17:15.174Z;functions.waitForImage;  FILTER CLEAN image not found.
20-07-2024 05:17:30.502Z;functions.waitForImage;  FILTER CLEAN image not found.
20-07-2024 05:17:45.814Z;functions.waitForImage;  FILTER CLEAN image not found.
20-07-2024 05:18:17.533Z;functions.processo_pagamento;  SEM REMESSA DE BORDERO AUTORIZADO
20-07-2024 05:18:18.637Z;functions.processo_pagamento;  FECHA ABA MOVIMENTAÇÕES BANCÁRIAS
20-07-2024 05:18:19.892Z;functions.enter_contas_a_pagar;  CLICK - TOTVS - LINHA RM
20-07-2024 05:18:21.962Z;functions.enter_contas_a_pagar;  CLICK - BACK OFFICE
20-07-2024 05:18:22.986Z;functions.enter_contas_a_pagar;  CLICK - GESTAO FINANCEIRA
20-07-2024 05:18:29.205Z;functions.enter_contas_a_pagar;  CLICK - CONTAS A PAGAR
20-07-2024 05:18:30.111Z;functions.waitForImage;  LANÇAMENTOS image found.
20-07-2024 05:18:32.243Z;functions.enter_contas_a_pagar;  CLICA EM LANÇAMENTOS
20-07-2024 05:18:47.829Z;functions.waitForImage;  LICENCAS EXCEDIDAS image not found.
20-07-2024 05:18:47.829Z;functions.obter_intervalo_data;  VERIFICANDO A HORA ATUAL 5
20-07-2024 05:18:47.829Z;functions.obter_intervalo_data;  Data Inicial BANCARIA antes da remoção: None
20-07-2024 05:18:47.829Z;functions.obter_intervalo_data;  Data Final BANCARIA antes da remoção: None
20-07-2024 05:18:47.845Z;functions.obter_intervalo_data;  Data Inicial BANCARIA após a remoção: None
20-07-2024 05:18:47.845Z;functions.obter_intervalo_data;  Data Final BANCARIA após a remoção: None
20-07-2024 05:18:47.845Z;functions.obter_intervalo_data;  hoje -  2024-07-20 05:18:47.845565
20-07-2024 05:18:47.845Z;functions.data_filter;  DATA INICIO 24-07-2024
20-07-2024 05:18:47.845Z;functions.data_filter;  DATA FIM 30-07-2024
20-07-2024 05:18:47.845Z;functions.data_filter;  CLICK - SELECIONA A DATA DE QUARTA FEIRA E DA PROXIMA TERÇA
20-07-2024 05:18:47.845Z;functions.data_filter;  QUARTA-FEIRA: 24-07-2024
20-07-2024 05:18:47.845Z;functions.data_filter;  TERCA-FEIRA: 30-07-2024
20-07-2024 05:19:04.735Z;functions.data_filter;  REMESSA BANCÁRIA - FILTRO DIGITADO
20-07-2024 05:19:05.736Z;functions.data_filter;  CLICK - BOTAO DE SELECAO DE FILTRO
20-07-2024 05:19:10.440Z;functions.data_filter;  INSERE - DATA DE QUARTA-FEIRA: 24-07-2024
20-07-2024 05:19:14.751Z;functions.data_filter;  INSERE - DATA DA PROX TERCA-FEIRA: 30-07-2024
20-07-2024 05:19:15.924Z;functions.data_filter;  CLICK - BOTAO DE EXECUTAR O FILTRO
20-07-2024 05:19:20.927Z;functions.desmark_filter;  AGUARDANDO 1
20-07-2024 05:19:23.142Z;functions.desmark_filter;  CLICK CHECKBOX LANÇAMENTOS A RECEBER
20-07-2024 05:19:25.550Z;functions.desmark_filter;  CLICK CHECKBOX LANÇAMENTOS BAIXADOS
20-07-2024 05:19:28.079Z;functions.desmark_filter;  CLICK CHECKBOX LANÇAMENTOS CANCELADOS
20-07-2024 05:19:30.860Z;functions.desmark_filter;  CLICK CHECKBOX LANÇAMENTOS FATURADOS
20-07-2024 05:19:33.659Z;functions.desmark_filter;  CLICK CHECKBOX LANÇAMENTOS FATURADOS
20-07-2024 05:19:38.830Z;functions.waitForImage;  FILTER CLEAN image found.
20-07-2024 05:19:40.942Z;functions.filter_clean;  CLICA NO BOTÃO X DO LIMPA FILTRO
20-07-2024 05:19:56.236Z;functions.waitForImage;  FILTER CLEAN image not found.
20-07-2024 05:20:11.575Z;functions.waitForImage;  FILTER CLEAN image not found.
20-07-2024 05:20:12.925Z;functions.filter_forma_pagamento;  CLICA NA PRIMEIRA LINHA DA TABELA
20-07-2024 05:20:13.204Z;functions.filter_forma_pagamento;  CLICK NA PRIMEIRA LINHA E COLUNA DA TABELA
20-07-2024 05:20:29.537Z;functions.filter_forma_pagamento;  160 PASSOS PARA DIREITA NA TABELA >>
20-07-2024 05:20:35.423Z;functions.filter_forma_pagamento;  HOVER NOME DA COLUNA FORMA DE PAGAMENTO
20-07-2024 05:20:37.182Z;functions.filter_forma_pagamento;  CLICA PARA APARECER O FILTRO PERSONALIZAR
20-07-2024 05:20:40.516Z;functions.filter_forma_pagamento;  CLICA NO FILTRO PERSONALIZAR
20-07-2024 05:20:53.190Z;functions.filter_forma_pagamento;  Texto extraido 0/0
20-07-2024 05:20:53.190Z;functions.filter_forma_pagamento;  Count 0
20-07-2024 05:20:53.190Z;functions.filter_forma_pagamento;  Type <class 'int'>
20-07-2024 05:20:53.190Z;functions.filter_forma_pagamento;  SEM REGISTROS
20-07-2024 05:20:55.194Z;functions.check_table_record;  VERIFICANDO SE A TABELA ESTÁ VAZIA
20-07-2024 05:20:58.674Z;functions.check_table_record;  Texto extraido 0/0
20-07-2024 05:20:58.674Z;functions.check_table_record;  Count 0
20-07-2024 05:20:58.674Z;functions.check_table_record;  Type <class 'int'>
20-07-2024 05:20:58.674Z;functions.check_table_record;  SEM REGISTROS
20-07-2024 05:21:02.687Z;main.<module>;  SEM REMESSA DE TED CIP
20-07-2024 05:21:03.736Z;functions.enter_contas_a_pagar;  CLICK - TOTVS - LINHA RM
20-07-2024 05:21:05.767Z;functions.enter_contas_a_pagar;  CLICK - BACK OFFICE
20-07-2024 05:21:06.832Z;functions.enter_contas_a_pagar;  CLICK - GESTAO FINANCEIRA
20-07-2024 05:21:12.673Z;functions.enter_contas_a_pagar;  CLICK - CONTAS A PAGAR
20-07-2024 05:21:13.532Z;functions.waitForImage;  LANÇAMENTOS image found.
20-07-2024 05:21:15.681Z;functions.enter_contas_a_pagar;  CLICA EM LANÇAMENTOS
20-07-2024 05:21:31.236Z;functions.waitForImage;  LICENCAS EXCEDIDAS image not found.
20-07-2024 05:21:31.236Z;functions.obter_intervalo_data;  VERIFICANDO A HORA ATUAL 5
20-07-2024 05:21:31.251Z;functions.obter_intervalo_data;  Data Inicial BANCARIA antes da remoção: None
20-07-2024 05:21:31.251Z;functions.obter_intervalo_data;  Data Final BANCARIA antes da remoção: None
20-07-2024 05:21:31.251Z;functions.obter_intervalo_data;  Data Inicial BANCARIA após a remoção: None
20-07-2024 05:21:31.251Z;functions.obter_intervalo_data;  Data Final BANCARIA após a remoção: None
20-07-2024 05:21:31.251Z;functions.obter_intervalo_data;  hoje -  2024-07-20 05:21:31.251974
20-07-2024 05:21:31.251Z;functions.data_filter;  DATA INICIO 24-07-2024
20-07-2024 05:21:31.251Z;functions.data_filter;  DATA FIM 30-07-2024
20-07-2024 05:21:31.251Z;functions.data_filter;  CLICK - SELECIONA A DATA DE QUARTA FEIRA E DA PROXIMA TERÇA
20-07-2024 05:21:31.251Z;functions.data_filter;  QUARTA-FEIRA: 24-07-2024
20-07-2024 05:21:31.251Z;functions.data_filter;  TERCA-FEIRA: 30-07-2024
20-07-2024 05:21:48.210Z;functions.data_filter;  REMESSA BANCÁRIA - FILTRO DIGITADO
20-07-2024 05:21:49.236Z;functions.data_filter;  CLICK - BOTAO DE SELECAO DE FILTRO
20-07-2024 05:21:54.158Z;functions.data_filter;  INSERE - DATA DE QUARTA-FEIRA: 24-07-2024
20-07-2024 05:21:58.440Z;functions.data_filter;  INSERE - DATA DA PROX TERCA-FEIRA: 30-07-2024
20-07-2024 05:21:59.611Z;functions.data_filter;  CLICK - BOTAO DE EXECUTAR O FILTRO
20-07-2024 05:22:04.615Z;functions.desmark_filter;  AGUARDANDO 1
20-07-2024 05:22:06.864Z;functions.desmark_filter;  CLICK CHECKBOX LANÇAMENTOS A RECEBER
20-07-2024 05:22:09.237Z;functions.desmark_filter;  CLICK CHECKBOX LANÇAMENTOS BAIXADOS
20-07-2024 05:22:11.737Z;functions.desmark_filter;  CLICK CHECKBOX LANÇAMENTOS CANCELADOS
20-07-2024 05:22:14.392Z;functions.desmark_filter;  CLICK CHECKBOX LANÇAMENTOS FATURADOS
20-07-2024 05:22:17.032Z;functions.desmark_filter;  CLICK CHECKBOX LANÇAMENTOS FATURADOS
20-07-2024 05:22:22.220Z;functions.waitForImage;  FILTER CLEAN image found.
20-07-2024 05:22:24.324Z;functions.filter_clean;  CLICA NO BOTÃO X DO LIMPA FILTRO
20-07-2024 05:22:39.642Z;functions.waitForImage;  FILTER CLEAN image not found.
20-07-2024 05:22:55.048Z;functions.waitForImage;  FILTER CLEAN image not found.
20-07-2024 05:22:56.804Z;functions.filter_forma_pagamento_branco;  CLICK NA PRIMEIRA LINHA E COLUNA DA TABELA
20-07-2024 05:23:13.123Z;functions.filter_forma_pagamento_branco;  160 PASSOS PARA DIREITA NA TABELA >>
20-07-2024 05:23:19.173Z;functions.filter_forma_pagamento_branco;  HOVER NOME DA COLUNA FORMA DE PAGAMENTO
20-07-2024 05:23:21.089Z;functions.filter_forma_pagamento_branco;  CLICA PARA APARECER O FILTRO PERSONALIZAR
20-07-2024 05:23:24.424Z;functions.filter_forma_pagamento_branco;  CLICA NO FILTRO PERSONALIZAR
20-07-2024 05:23:33.440Z;functions.filter_forma_pagamento_branco;  Texto extraido 1/12
20-07-2024 05:23:33.440Z;functions.filter_forma_pagamento_branco;  Count 12
20-07-2024 05:23:33.440Z;functions.filter_forma_pagamento_branco;  Type <class 'int'>
20-07-2024 05:23:33.440Z;functions.filter_forma_pagamento_branco;  TABELA CONTÉM REGISTROS
20-07-2024 05:23:37.048Z;functions.filter_forma_pagamento_branco;  MOVIDO PRA CIMA 12 VEZES
20-07-2024 05:23:41.105Z;functions.check_table_record;  VERIFICANDO SE A TABELA ESTÁ VAZIA
20-07-2024 05:23:44.127Z;functions.check_table_record;  Texto extraido 1/12
20-07-2024 05:23:44.127Z;functions.check_table_record;  Count 12
20-07-2024 05:23:44.127Z;functions.check_table_record;  Type <class 'int'>
20-07-2024 05:23:44.127Z;functions.check_table_record;  TABELA CONTÉM REGISTROS
20-07-2024 05:23:44.127Z;functions.check_ted_branco;  VERIFICANDO O COD DO CLIENTE EM CADA REGISTRO
20-07-2024 05:23:45.860Z;functions.check_ted_branco;  CLICA NA PRIMEIRA LINHA DA TABELA
20-07-2024 05:23:49.967Z;functions.check_ted_branco;  REFERNCIA: 982153
20-07-2024 05:23:49.967Z;functions.check_ted_branco;  CONTAGEM: 1
20-07-2024 05:23:50.269Z;functions.check_ted_branco;  ENTRANDO NO REGISTRO 
20-07-2024 05:24:10.658Z;functions.waitForImage;  INTEGRAÇÃO BANCÁRIA image found.
20-07-2024 05:24:10.775Z;functions.check_ted_branco;  CLICA EM INTEGRAÇÃO BANCÁRIA
20-07-2024 05:24:10.775Z;functions.check_ted_branco;  VERIFICANDO INFORMAÇÕES
20-07-2024 05:24:10.957Z;functions.waitForImage;  TRES PONTINHOS image found.
20-07-2024 05:24:23.590Z;functions.check_ted_branco;  VERIFICANDO SE TEM PIX NO FILTRO
20-07-2024 05:24:23.767Z;functions.waitForImage;  CHECANDO DADOS BANCÁRIOS PIX image found.
20-07-2024 05:24:25.783Z;functions.check_ted_branco;  PIX NÃO ENCONTRADO PARA REFERENCIA: 982153
20-07-2024 05:24:29.495Z;functions.check_ted_branco;  APERTA EM CANCELAR
20-07-2024 05:24:29.688Z;functions.waitForImage;  PRESS BUTTON OK image found.
20-07-2024 05:24:31.805Z;functions.click_ok;  PRESS BUTTON OK
20-07-2024 05:24:44.298Z;functions.waitForImage;  ERROR GENERICO image not found.
20-07-2024 05:24:49.408Z;functions.waitForImage;  ERROR FILTRO PIX image not found.
20-07-2024 05:24:53.512Z;functions.check_ted_branco;  PASSANDO PARA PRÓXIMO REGISTRO
20-07-2024 05:24:57.617Z;functions.check_ted_branco;  REFERNCIA: 981408
20-07-2024 05:24:57.617Z;functions.check_ted_branco;  CONTAGEM: 2
20-07-2024 05:24:57.919Z;functions.check_ted_branco;  ENTRANDO NO REGISTRO 
20-07-2024 05:25:04.768Z;functions.waitForImage;  INTEGRAÇÃO BANCÁRIA image found.
20-07-2024 05:25:04.902Z;functions.check_ted_branco;  CLICA EM INTEGRAÇÃO BANCÁRIA
20-07-2024 05:25:04.902Z;functions.check_ted_branco;  VERIFICANDO INFORMAÇÕES
20-07-2024 05:25:05.766Z;functions.waitForImage;  TRES PONTINHOS image found.
20-07-2024 05:25:18.402Z;functions.check_ted_branco;  VERIFICANDO SE TEM PIX NO FILTRO
20-07-2024 05:25:18.579Z;functions.waitForImage;  CHECANDO DADOS BANCÁRIOS PIX image found.
20-07-2024 05:25:20.591Z;functions.check_ted_branco;  PIX NÃO ENCONTRADO PARA REFERENCIA: 981408
20-07-2024 05:25:24.303Z;functions.check_ted_branco;  APERTA EM CANCELAR
20-07-2024 05:25:24.501Z;functions.waitForImage;  PRESS BUTTON OK image found.
20-07-2024 05:25:26.618Z;functions.click_ok;  PRESS BUTTON OK
20-07-2024 05:25:39.111Z;functions.waitForImage;  ERROR GENERICO image not found.
20-07-2024 05:25:44.251Z;functions.waitForImage;  ERROR FILTRO PIX image not found.
20-07-2024 05:25:48.365Z;functions.check_ted_branco;  PASSANDO PARA PRÓXIMO REGISTRO
20-07-2024 05:25:52.471Z;functions.check_ted_branco;  REFERNCIA: 982240
20-07-2024 05:25:52.471Z;functions.check_ted_branco;  CONTAGEM: 3
20-07-2024 05:25:52.773Z;functions.check_ted_branco;  ENTRANDO NO REGISTRO 
20-07-2024 05:25:58.145Z;functions.waitForImage;  INTEGRAÇÃO BANCÁRIA image found.
20-07-2024 05:25:58.276Z;functions.check_ted_branco;  CLICA EM INTEGRAÇÃO BANCÁRIA
20-07-2024 05:25:58.276Z;functions.check_ted_branco;  VERIFICANDO INFORMAÇÕES
20-07-2024 05:25:59.095Z;functions.waitForImage;  TRES PONTINHOS image found.
20-07-2024 05:26:11.730Z;functions.check_ted_branco;  VERIFICANDO SE TEM PIX NO FILTRO
20-07-2024 05:26:11.892Z;functions.waitForImage;  CHECANDO DADOS BANCÁRIOS PIX image found.
20-07-2024 05:26:13.904Z;functions.check_ted_branco;  PIX NÃO ENCONTRADO PARA REFERENCIA: 982240
20-07-2024 05:26:17.616Z;functions.check_ted_branco;  APERTA EM CANCELAR
20-07-2024 05:26:17.798Z;functions.waitForImage;  PRESS BUTTON OK image found.
20-07-2024 05:26:19.933Z;functions.click_ok;  PRESS BUTTON OK
20-07-2024 05:26:32.454Z;functions.waitForImage;  ERROR GENERICO image not found.
20-07-2024 05:26:37.626Z;functions.waitForImage;  ERROR FILTRO PIX image not found.
20-07-2024 05:26:41.733Z;functions.check_ted_branco;  PASSANDO PARA PRÓXIMO REGISTRO
20-07-2024 05:26:45.838Z;functions.check_ted_branco;  REFERNCIA: 978735
20-07-2024 05:26:45.838Z;functions.check_ted_branco;  CONTAGEM: 4
20-07-2024 05:26:46.140Z;functions.check_ted_branco;  ENTRANDO NO REGISTRO 
20-07-2024 05:26:52.267Z;functions.waitForImage;  INTEGRAÇÃO BANCÁRIA image found.
20-07-2024 05:26:52.401Z;functions.check_ted_branco;  CLICA EM INTEGRAÇÃO BANCÁRIA
20-07-2024 05:26:52.401Z;functions.check_ted_branco;  VERIFICANDO INFORMAÇÕES
20-07-2024 05:26:52.579Z;functions.waitForImage;  TRES PONTINHOS image found.
20-07-2024 05:27:05.218Z;functions.check_ted_branco;  VERIFICANDO SE TEM PIX NO FILTRO
20-07-2024 05:27:05.391Z;functions.waitForImage;  CHECANDO DADOS BANCÁRIOS PIX image found.
20-07-2024 05:27:07.405Z;functions.check_ted_branco;  PIX NÃO ENCONTRADO PARA REFERENCIA: 978735
20-07-2024 05:27:11.118Z;functions.check_ted_branco;  APERTA EM CANCELAR
20-07-2024 05:27:11.298Z;functions.waitForImage;  PRESS BUTTON OK image found.
20-07-2024 05:27:13.433Z;functions.click_ok;  PRESS BUTTON OK
20-07-2024 05:27:25.954Z;functions.waitForImage;  ERROR GENERICO image not found.
20-07-2024 05:27:31.095Z;functions.waitForImage;  ERROR FILTRO PIX image not found.
20-07-2024 05:27:35.208Z;functions.check_ted_branco;  PASSANDO PARA PRÓXIMO REGISTRO
20-07-2024 05:27:39.313Z;functions.check_ted_branco;  REFERNCIA: 982175
20-07-2024 05:27:39.313Z;functions.check_ted_branco;  CONTAGEM: 5
20-07-2024 05:27:39.615Z;functions.check_ted_branco;  ENTRANDO NO REGISTRO 
20-07-2024 05:27:46.425Z;functions.waitForImage;  INTEGRAÇÃO BANCÁRIA image found.
20-07-2024 05:27:46.556Z;functions.check_ted_branco;  CLICA EM INTEGRAÇÃO BANCÁRIA
20-07-2024 05:27:46.556Z;functions.check_ted_branco;  VERIFICANDO INFORMAÇÕES
20-07-2024 05:27:46.755Z;functions.waitForImage;  TRES PONTINHOS image found.
20-07-2024 05:27:59.385Z;functions.check_ted_branco;  VERIFICANDO SE TEM PIX NO FILTRO
20-07-2024 05:27:59.548Z;functions.waitForImage;  CHECANDO DADOS BANCÁRIOS PIX image found.
20-07-2024 05:28:01.563Z;functions.check_ted_branco;  PIX NÃO ENCONTRADO PARA REFERENCIA: 982175
20-07-2024 05:28:05.275Z;functions.check_ted_branco;  APERTA EM CANCELAR
20-07-2024 05:28:05.454Z;functions.waitForImage;  PRESS BUTTON OK image found.
20-07-2024 05:28:07.588Z;functions.click_ok;  PRESS BUTTON OK
20-07-2024 05:28:20.079Z;functions.waitForImage;  ERROR GENERICO image not found.
20-07-2024 05:28:25.189Z;functions.waitForImage;  ERROR FILTRO PIX image not found.
20-07-2024 05:28:29.306Z;functions.check_ted_branco;  PASSANDO PARA PRÓXIMO REGISTRO
20-07-2024 05:28:33.411Z;functions.check_ted_branco;  REFERNCIA: 980379
20-07-2024 05:28:33.411Z;functions.check_ted_branco;  CONTAGEM: 6
20-07-2024 05:28:33.713Z;functions.check_ted_branco;  ENTRANDO NO REGISTRO 
20-07-2024 05:28:39.891Z;functions.waitForImage;  INTEGRAÇÃO BANCÁRIA image found.
20-07-2024 05:28:40.025Z;functions.check_ted_branco;  CLICA EM INTEGRAÇÃO BANCÁRIA
20-07-2024 05:28:40.025Z;functions.check_ted_branco;  VERIFICANDO INFORMAÇÕES
20-07-2024 05:28:40.182Z;functions.waitForImage;  TRES PONTINHOS image found.
20-07-2024 05:28:52.808Z;functions.check_ted_branco;  VERIFICANDO SE TEM PIX NO FILTRO
20-07-2024 05:28:52.985Z;functions.waitForImage;  CHECANDO DADOS BANCÁRIOS PIX image found.
20-07-2024 05:28:54.996Z;functions.check_ted_branco;  PIX NÃO ENCONTRADO PARA REFERENCIA: 980379
20-07-2024 05:28:58.709Z;functions.check_ted_branco;  APERTA EM CANCELAR
20-07-2024 05:28:58.891Z;functions.waitForImage;  PRESS BUTTON OK image found.
20-07-2024 05:29:01.026Z;functions.click_ok;  PRESS BUTTON OK
20-07-2024 05:29:13.516Z;functions.waitForImage;  ERROR GENERICO image not found.
20-07-2024 05:29:18.658Z;functions.waitForImage;  ERROR FILTRO PIX image not found.
20-07-2024 05:29:22.766Z;functions.check_ted_branco;  PASSANDO PARA PRÓXIMO REGISTRO
20-07-2024 05:29:26.871Z;functions.check_ted_branco;  REFERNCIA: 981677
20-07-2024 05:29:26.871Z;functions.check_ted_branco;  CONTAGEM: 7
20-07-2024 05:29:27.173Z;functions.check_ted_branco;  ENTRANDO NO REGISTRO 
20-07-2024 05:29:34.079Z;functions.waitForImage;  INTEGRAÇÃO BANCÁRIA image found.
20-07-2024 05:29:34.214Z;functions.check_ted_branco;  CLICA EM INTEGRAÇÃO BANCÁRIA
20-07-2024 05:29:34.214Z;functions.check_ted_branco;  VERIFICANDO INFORMAÇÕES
20-07-2024 05:29:34.410Z;functions.waitForImage;  TRES PONTINHOS image found.
20-07-2024 05:29:47.039Z;functions.check_ted_branco;  VERIFICANDO SE TEM PIX NO FILTRO
20-07-2024 05:29:47.204Z;functions.waitForImage;  CHECANDO DADOS BANCÁRIOS PIX image found.
20-07-2024 05:29:49.214Z;functions.check_ted_branco;  PIX NÃO ENCONTRADO PARA REFERENCIA: 981677
20-07-2024 05:29:52.927Z;functions.check_ted_branco;  APERTA EM CANCELAR
20-07-2024 05:29:53.095Z;functions.waitForImage;  PRESS BUTTON OK image found.
20-07-2024 05:29:55.215Z;functions.click_ok;  PRESS BUTTON OK
20-07-2024 05:30:07.766Z;functions.waitForImage;  ERROR GENERICO image not found.
20-07-2024 05:30:12.844Z;functions.waitForImage;  ERROR FILTRO PIX image not found.
20-07-2024 05:30:16.954Z;functions.check_ted_branco;  PASSANDO PARA PRÓXIMO REGISTRO
20-07-2024 05:30:21.059Z;functions.check_ted_branco;  REFERNCIA: 981510
20-07-2024 05:30:21.059Z;functions.check_ted_branco;  CONTAGEM: 8
20-07-2024 05:30:21.361Z;functions.check_ted_branco;  ENTRANDO NO REGISTRO 
20-07-2024 05:30:28.923Z;functions.waitForImage;  INTEGRAÇÃO BANCÁRIA image found.
20-07-2024 05:30:29.057Z;functions.check_ted_branco;  CLICA EM INTEGRAÇÃO BANCÁRIA
20-07-2024 05:30:29.057Z;functions.check_ted_branco;  VERIFICANDO INFORMAÇÕES
20-07-2024 05:30:29.256Z;functions.waitForImage;  TRES PONTINHOS image found.
20-07-2024 05:30:41.886Z;functions.check_ted_branco;  VERIFICANDO SE TEM PIX NO FILTRO
20-07-2024 05:30:42.047Z;functions.waitForImage;  CHECANDO DADOS BANCÁRIOS PIX image found.
20-07-2024 05:30:44.055Z;functions.check_ted_branco;  PIX NÃO ENCONTRADO PARA REFERENCIA: 981510
20-07-2024 05:30:47.768Z;functions.check_ted_branco;  APERTA EM CANCELAR
20-07-2024 05:30:47.955Z;functions.waitForImage;  PRESS BUTTON OK image found.
20-07-2024 05:30:50.087Z;functions.click_ok;  PRESS BUTTON OK
20-07-2024 05:31:02.517Z;functions.waitForImage;  ERROR GENERICO image not found.
20-07-2024 05:31:07.595Z;functions.waitForImage;  ERROR FILTRO PIX image not found.
20-07-2024 05:31:11.706Z;functions.check_ted_branco;  PASSANDO PARA PRÓXIMO REGISTRO
20-07-2024 05:31:15.811Z;functions.check_ted_branco;  REFERNCIA: 981509
20-07-2024 05:31:15.811Z;functions.check_ted_branco;  CONTAGEM: 9
20-07-2024 05:31:16.113Z;functions.check_ted_branco;  ENTRANDO NO REGISTRO 
20-07-2024 05:31:22.969Z;functions.waitForImage;  INTEGRAÇÃO BANCÁRIA image found.
20-07-2024 05:31:23.088Z;functions.check_ted_branco;  CLICA EM INTEGRAÇÃO BANCÁRIA
20-07-2024 05:31:23.088Z;functions.check_ted_branco;  VERIFICANDO INFORMAÇÕES
20-07-2024 05:31:23.266Z;functions.waitForImage;  TRES PONTINHOS image found.
20-07-2024 05:31:35.903Z;functions.check_ted_branco;  VERIFICANDO SE TEM PIX NO FILTRO
20-07-2024 05:31:36.094Z;functions.waitForImage;  CHECANDO DADOS BANCÁRIOS PIX image found.
20-07-2024 05:31:38.103Z;functions.check_ted_branco;  PIX NÃO ENCONTRADO PARA REFERENCIA: 981509
20-07-2024 05:31:41.816Z;functions.check_ted_branco;  APERTA EM CANCELAR
20-07-2024 05:31:42.001Z;functions.waitForImage;  PRESS BUTTON OK image found.
20-07-2024 05:31:44.120Z;functions.click_ok;  PRESS BUTTON OK
20-07-2024 05:31:56.627Z;functions.waitForImage;  ERROR GENERICO image not found.
20-07-2024 05:32:01.757Z;functions.waitForImage;  ERROR FILTRO PIX image not found.
20-07-2024 05:32:05.861Z;functions.check_ted_branco;  PASSANDO PARA PRÓXIMO REGISTRO
20-07-2024 05:32:09.965Z;functions.check_ted_branco;  REFERNCIA: 753544
20-07-2024 05:32:09.965Z;functions.check_ted_branco;  CONTAGEM: 10
20-07-2024 05:32:10.267Z;functions.check_ted_branco;  ENTRANDO NO REGISTRO 
20-07-2024 05:32:16.391Z;functions.waitForImage;  INTEGRAÇÃO BANCÁRIA image found.
20-07-2024 05:32:16.525Z;functions.check_ted_branco;  CLICA EM INTEGRAÇÃO BANCÁRIA
20-07-2024 05:32:16.525Z;functions.check_ted_branco;  VERIFICANDO INFORMAÇÕES
20-07-2024 05:32:17.376Z;functions.waitForImage;  TRES PONTINHOS image found.
20-07-2024 05:32:30.018Z;functions.check_ted_branco;  VERIFICANDO SE TEM PIX NO FILTRO
20-07-2024 05:32:30.204Z;functions.waitForImage;  CHECANDO DADOS BANCÁRIOS PIX image found.
20-07-2024 05:32:32.209Z;functions.check_ted_branco;  PIX NÃO ENCONTRADO PARA REFERENCIA: 753544
20-07-2024 05:32:35.922Z;functions.check_ted_branco;  APERTA EM CANCELAR
20-07-2024 05:32:36.110Z;functions.waitForImage;  PRESS BUTTON OK image found.
20-07-2024 05:32:38.245Z;functions.click_ok;  PRESS BUTTON OK
20-07-2024 05:32:50.735Z;functions.waitForImage;  ERROR GENERICO image not found.
20-07-2024 05:32:55.813Z;functions.waitForImage;  ERROR FILTRO PIX image not found.
20-07-2024 05:32:59.919Z;functions.check_ted_branco;  PASSANDO PARA PRÓXIMO REGISTRO
20-07-2024 05:33:04.023Z;functions.check_ted_branco;  REFERNCIA: 753667
20-07-2024 05:33:04.023Z;functions.check_ted_branco;  CONTAGEM: 11
20-07-2024 05:33:04.325Z;functions.check_ted_branco;  ENTRANDO NO REGISTRO 
20-07-2024 05:33:12.563Z;functions.waitForImage;  INTEGRAÇÃO BANCÁRIA image found.
20-07-2024 05:33:12.682Z;functions.check_ted_branco;  CLICA EM INTEGRAÇÃO BANCÁRIA
20-07-2024 05:33:12.682Z;functions.check_ted_branco;  VERIFICANDO INFORMAÇÕES
20-07-2024 05:33:13.547Z;functions.waitForImage;  TRES PONTINHOS image found.
20-07-2024 05:33:26.176Z;functions.check_ted_branco;  VERIFICANDO SE TEM PIX NO FILTRO
20-07-2024 05:33:26.359Z;functions.waitForImage;  CHECANDO DADOS BANCÁRIOS PIX image found.
20-07-2024 05:33:28.373Z;functions.check_ted_branco;  PIX NÃO ENCONTRADO PARA REFERENCIA: 753667
20-07-2024 05:33:32.086Z;functions.check_ted_branco;  APERTA EM CANCELAR
20-07-2024 05:33:32.266Z;functions.waitForImage;  PRESS BUTTON OK image found.
20-07-2024 05:33:34.401Z;functions.click_ok;  PRESS BUTTON OK
20-07-2024 05:33:46.911Z;functions.waitForImage;  ERROR GENERICO image not found.
20-07-2024 05:33:52.016Z;functions.waitForImage;  ERROR FILTRO PIX image not found.
20-07-2024 05:33:56.120Z;functions.check_ted_branco;  PASSANDO PARA PRÓXIMO REGISTRO
20-07-2024 05:34:00.225Z;functions.check_ted_branco;  REFERNCIA: 753607
20-07-2024 05:34:00.225Z;functions.check_ted_branco;  CONTAGEM: 12
20-07-2024 05:34:00.526Z;functions.check_ted_branco;  ENTRANDO NO REGISTRO 
20-07-2024 05:34:06.674Z;functions.waitForImage;  INTEGRAÇÃO BANCÁRIA image found.
20-07-2024 05:34:06.807Z;functions.check_ted_branco;  CLICA EM INTEGRAÇÃO BANCÁRIA
20-07-2024 05:34:06.807Z;functions.check_ted_branco;  VERIFICANDO INFORMAÇÕES
20-07-2024 05:34:07.688Z;functions.waitForImage;  TRES PONTINHOS image found.
20-07-2024 05:34:20.332Z;functions.check_ted_branco;  VERIFICANDO SE TEM PIX NO FILTRO
20-07-2024 05:34:20.516Z;functions.waitForImage;  CHECANDO DADOS BANCÁRIOS PIX image found.
20-07-2024 05:34:22.528Z;functions.check_ted_branco;  PIX NÃO ENCONTRADO PARA REFERENCIA: 753607
20-07-2024 05:34:26.242Z;functions.check_ted_branco;  APERTA EM CANCELAR
20-07-2024 05:34:26.423Z;functions.waitForImage;  PRESS BUTTON OK image found.
20-07-2024 05:34:28.555Z;functions.click_ok;  PRESS BUTTON OK
20-07-2024 05:34:41.016Z;functions.waitForImage;  ERROR GENERICO image not found.
20-07-2024 05:34:46.154Z;functions.waitForImage;  ERROR FILTRO PIX image not found.
20-07-2024 05:34:46.155Z;functions.check_ted_branco;  FORAM VERIFICADOS: 12 REFERENCIAS NO PROCESSAMENTO FORMA DE PAGAMENTO ELETRONICA EM BRANCO
20-07-2024 05:34:48.892Z;errorhandler.__handle;  Property: Unknown Property name. [1:203: -ms-interpolation-mode]
20-07-2024 05:34:48.923Z;errorhandler.__handle;  Property: Unknown Property name. [1:353: -webkit-font-smoothing]
20-07-2024 05:34:48.939Z;errorhandler.__handle;  Property: Unknown Property name. [1:483: -ms-text-size-adjust]
20-07-2024 05:34:48.939Z;errorhandler.__handle;  Property: Unknown Property name. [1:518: -webkit-text-size-adjust]
20-07-2024 05:34:48.939Z;errorhandler.__handle;  Property: Unknown Property name. [1:612: mso-table-lspace]
20-07-2024 05:34:48.939Z;errorhandler.__handle;  Property: Unknown Property name. [1:642: mso-table-rspace]
20-07-2024 05:34:49.174Z;errorhandler.__handle;  Property: Unknown Property name. [1:4734: mso-hide]
20-07-2024 05:34:49.283Z;errorhandler.__handle;  Property: Unknown Property name. [1:13: -ms-interpolation-mode]
20-07-2024 05:34:49.283Z;errorhandler.__handle;  Property: Unknown Property name. [1:49: -webkit-font-smoothing]
20-07-2024 05:34:49.299Z;errorhandler.__handle;  Property: Unknown Property name. [1:134: -ms-text-size-adjust]
20-07-2024 05:34:49.299Z;errorhandler.__handle;  Property: Unknown Property name. [1:160: -webkit-text-size-adjust]
20-07-2024 05:34:49.299Z;errorhandler.__handle;  Property: Unknown Property name. [1:26: mso-table-lspace]
20-07-2024 05:34:49.299Z;errorhandler.__handle;  Property: Unknown Property name. [1:45: mso-table-rspace]
20-07-2024 05:34:49.341Z;errorhandler.__handle;  Property: Unknown Property name. [1:92: mso-hide]
20-07-2024 05:34:49.354Z;errorhandler.__handle;  Property: No ":" after name found: align-center [1:1: align-center]
20-07-2024 05:34:49.355Z;errorhandler.__handle;  Property: No property value found: align-center [1:1: align-center]
20-07-2024 05:34:49.355Z;errorhandler.__handle;  CSSStyleDeclaration: Syntax Error in Property: align-center
20-07-2024 05:34:49.358Z;errorhandler.__handle;  Property: Unknown Property name. [1:14: -ms-interpolation-mode]
20-07-2024 05:34:52.156Z;functions.emailFinalizado;  Warning e-mail sent.
20-07-2024 05:34:52.156Z;main.<module>;  Remessa Bancária TED CIP com filtro de pagamento eletronica em branco modificadas para pix 
 PASSO 3 FINALIZADO
20-07-2024 05:34:52.156Z;main.<module>;  O PROGRAMA SERÁ ENCERRADO
20-07-2024 05:34:54.002Z;errorhandler.__handle;  Property: Unknown Property name. [1:14: -ms-interpolation-mode]
20-07-2024 05:34:56.517Z;functions.emailFinalizado;  Warning e-mail sent.
20-07-2024 05:34:57.078Z;functions.end_RM;  RM ENCERRADO
