20-07-2024 21:01:18.462Z;functions.bot_text_art;      ____   
20-07-2024 21:01:18.462Z;functions.bot_text_art;     [____]    
20-07-2024 21:01:18.462Z;functions.bot_text_art;   |=]()()[=|  
20-07-2024 21:01:18.462Z;functions.bot_text_art;     _\==/__    _____    ____     _        _____    ___   _  __
20-07-2024 21:01:18.462Z;functions.bot_text_art;   |__|   |_|  |  _  \  / ___|   | |      |_   _| / ___| | |/ /
20-07-2024 21:01:18.462Z;functions.bot_text_art;   |_|_/\_|_|  | |  | | | |      | |        | |   | |    | ' / 
20-07-2024 21:01:18.462Z;functions.bot_text_art;   | | __ | |  | |  | | | |      | |        | |   | |    |  <  
20-07-2024 21:01:18.462Z;functions.bot_text_art;   |_|[  ]|_|  | |__| | | |____  | |____   _| |_  | |__  | . \ 
20-07-2024 21:01:18.462Z;functions.bot_text_art;   \_|_||_|_/  |_____/   \_____| |______| |_____| \ ___| |_|\_\
20-07-2024 21:01:18.462Z;functions.bot_text_art;     |_||_|                                                     
20-07-2024 21:01:18.462Z;functions.bot_text_art;     | ||_|_   
20-07-2024 21:01:18.462Z;functions.bot_text_art;   |___||___|  
20-07-2024 21:01:18.462Z;functions.bot_text_art;               
20-07-2024 21:01:18.482Z;functions.open_RM;  OPEN PROGRAM RM
20-07-2024 21:01:18.482Z;functions.caps;  DESATIVANDO CAPS
20-07-2024 21:01:18.483Z;functions.loggin_RM;  BUSCANDO LOGGIN RM
20-07-2024 21:01:41.102Z;functions.loggin_RM;  ENTER USER_NAME
20-07-2024 21:01:45.840Z;functions.loggin_RM;  ENTER PASSWORD
20-07-2024 21:01:47.430Z;functions.loggin_RM;  ENTER RM
20-07-2024 21:05:16.992Z;functions.enter_coligada;  CLICK CONTEXTO
20-07-2024 21:05:20.274Z;functions.enter_coligada;  CLICK ALTERAR MODULO DO CONTEXTO
20-07-2024 21:05:23.883Z;functions.enter_coligada;  INSERE O COLIGADA CODE = 1
20-07-2024 21:05:23.989Z;functions.enter_coligada;  APERTA TAB PARA PREENCHER O CAMPO COM A STRING: OCEANICA ENGENHARIA E CONSULTORIA S.A.
20-07-2024 21:05:28.399Z;functions.enter_coligada;  CLICK AVANÇAR NOVAMENTE
20-07-2024 21:05:29.742Z;functions.enter_coligada;  CLICK CONCLUIR
20-07-2024 21:05:49.899Z;functions.waitForImage;  TROCA COLIGADA image not found.
20-07-2024 21:06:08.274Z;functions.enter_coligada;  POP UP COLIGADA DESAPARECER
20-07-2024 21:06:09.273Z;functions.check_movimentacao_bancaria;  CLICK - TOTVS - LINHA RM
20-07-2024 21:06:11.555Z;functions.check_movimentacao_bancaria;  CLICK - BACK OFFICE
20-07-2024 21:06:14.370Z;functions.check_movimentacao_bancaria;  CLICK - GESTAO FINANCEIRA
20-07-2024 21:06:14.370Z;functions.movimentacao_bancaria;  AGUARDANDO 1
20-07-2024 21:06:20.555Z;functions.movimentacao_bancaria;  CLICA NA ABA MOVIMENTAÇÃO BANCARIA
20-07-2024 21:06:21.493Z;functions.waitForImage;  IMAGEM BORDERO image found.
20-07-2024 21:06:23.625Z;functions.movimentacao_bancaria;  IMAGEM BORDERO CLICADA.
20-07-2024 21:06:33.742Z;functions.waitForImage;  LICENCAS EXCEDIDAS image not found.
20-07-2024 21:06:42.602Z;functions.movimentacao_bancaria;  ENCONTROU O FILTRO DA MOVIMENTAÇÃO BANCÁRIA
20-07-2024 21:06:42.648Z;functions.movimentacao_bancaria;  CLICA NA ABA SUPERIOR DO FILTRO
20-07-2024 21:06:49.959Z;functions.movimentacao_bancaria;  SELECIONA O FILTRO HOJE
20-07-2024 21:07:10.274Z;functions.waitForImage;  FILTER CLEAN image not found.
20-07-2024 21:07:25.555Z;functions.waitForImage;  FILTER CLEAN image not found.
20-07-2024 21:07:40.867Z;functions.waitForImage;  FILTER CLEAN image not found.
20-07-2024 21:08:54.495Z;functions.movimentacao_bancaria;  SEM PROCESSAMENTO DE BORDERO
20-07-2024 21:09:19.789Z;functions.waitForImage;  FILTER CLEAN image not found.
20-07-2024 21:09:35.101Z;functions.waitForImage;  FILTER CLEAN image not found.
20-07-2024 21:09:50.430Z;functions.waitForImage;  FILTER CLEAN image not found.
20-07-2024 21:10:22.180Z;functions.processo_pagamento;  SEM REMESSA DE BORDERO AUTORIZADO
20-07-2024 21:10:23.284Z;functions.processo_pagamento;  FECHA ABA MOVIMENTAÇÕES BANCÁRIAS
20-07-2024 21:10:25.179Z;functions.enter_contas_a_pagar;  CLICK - TOTVS - LINHA RM
20-07-2024 21:10:26.336Z;functions.enter_contas_a_pagar;  CLICK - BACK OFFICE
20-07-2024 21:10:27.367Z;functions.enter_contas_a_pagar;  CLICK - GESTAO FINANCEIRA
20-07-2024 21:10:33.680Z;functions.enter_contas_a_pagar;  CLICK - CONTAS A PAGAR
20-07-2024 21:10:34.555Z;functions.waitForImage;  LANÇAMENTOS image found.
20-07-2024 21:10:36.688Z;functions.enter_contas_a_pagar;  CLICA EM LANÇAMENTOS
20-07-2024 21:10:52.320Z;functions.waitForImage;  LICENCAS EXCEDIDAS image not found.
20-07-2024 21:10:52.320Z;functions.obter_intervalo_data;  VERIFICANDO A HORA ATUAL 21
20-07-2024 21:10:52.351Z;functions.obter_intervalo_data;  Data Inicial BANCARIA antes da remoção: None
20-07-2024 21:10:52.351Z;functions.obter_intervalo_data;  Data Final BANCARIA antes da remoção: None
20-07-2024 21:10:52.351Z;functions.obter_intervalo_data;  Data Inicial BANCARIA após a remoção: None
20-07-2024 21:10:52.351Z;functions.obter_intervalo_data;  Data Final BANCARIA após a remoção: None
20-07-2024 21:10:52.351Z;functions.obter_intervalo_data;  hoje -  2024-07-20 21:10:52.351855
20-07-2024 21:10:52.351Z;functions.data_filter;  DATA INICIO 24-07-2024
20-07-2024 21:10:52.351Z;functions.data_filter;  DATA FIM 30-07-2024
20-07-2024 21:10:52.351Z;functions.data_filter;  CLICK - SELECIONA A DATA DE QUARTA FEIRA E DA PROXIMA TERÇA
20-07-2024 21:10:52.351Z;functions.data_filter;  QUARTA-FEIRA: 24-07-2024
20-07-2024 21:10:52.351Z;functions.data_filter;  TERCA-FEIRA: 30-07-2024
20-07-2024 21:11:09.332Z;functions.data_filter;  REMESSA BANCÁRIA - FILTRO DIGITADO
20-07-2024 21:11:10.340Z;functions.data_filter;  CLICK - BOTAO DE SELECAO DE FILTRO
20-07-2024 21:11:15.164Z;functions.data_filter;  INSERE - DATA DE QUARTA-FEIRA: 24-07-2024
20-07-2024 21:11:19.492Z;functions.data_filter;  INSERE - DATA DA PROX TERCA-FEIRA: 30-07-2024
20-07-2024 21:11:20.648Z;functions.data_filter;  CLICK - BOTAO DE EXECUTAR O FILTRO
20-07-2024 21:11:25.653Z;functions.desmark_filter;  AGUARDANDO 1
20-07-2024 21:11:29.617Z;functions.desmark_filter;  CLICK CHECKBOX LANÇAMENTOS A RECEBER
20-07-2024 21:11:31.992Z;functions.desmark_filter;  CLICK CHECKBOX LANÇAMENTOS BAIXADOS
20-07-2024 21:11:34.642Z;functions.desmark_filter;  CLICK CHECKBOX LANÇAMENTOS CANCELADOS
20-07-2024 21:11:37.433Z;functions.desmark_filter;  CLICK CHECKBOX LANÇAMENTOS FATURADOS
20-07-2024 21:11:40.390Z;functions.desmark_filter;  CLICK CHECKBOX LANÇAMENTOS FATURADOS
20-07-2024 21:11:45.554Z;functions.waitForImage;  FILTER CLEAN image found.
20-07-2024 21:11:47.672Z;functions.filter_clean;  CLICA NO BOTÃO X DO LIMPA FILTRO
20-07-2024 21:12:02.992Z;functions.waitForImage;  FILTER CLEAN image not found.
20-07-2024 21:12:18.336Z;functions.waitForImage;  FILTER CLEAN image not found.
20-07-2024 21:12:18.336Z;functions.check_table_record;  VERIFICANDO SE A TABELA ESTÁ VAZIA
20-07-2024 21:12:21.492Z;functions.check_table_record;  Texto extraido 1/66
20-07-2024 21:12:21.492Z;functions.check_table_record;  Count 66
20-07-2024 21:12:21.492Z;functions.check_table_record;  Type <class 'int'>
20-07-2024 21:12:21.492Z;functions.check_table_record;  TABELA CONTÉM REGISTROS
20-07-2024 21:12:33.617Z;functions.select_tipo_documento;  NOME DA COLUNA: Tipo de Documento
20-07-2024 21:12:35.617Z;functions.select_tipo_documento;  HOVER NOME DA COLUNA: Tipo de Documento
20-07-2024 21:12:36.474Z;functions.select_tipo_documento;  CLICA NO FILTRO PERSONALIZAR
20-07-2024 21:12:39.023Z;functions.select_tipo_documento;  CLICA PARA SELECIONAR OPÇÕES DO FILTRO
20-07-2024 21:12:45.470Z;functions.select_tipo_documento;  FILTRO "NÃO É IGUAL A INV" DEFINIDO
20-07-2024 21:12:46.555Z;functions.select_tipo_documento;  CLICK BUTTON CONFIRMAR FILTRO
20-07-2024 21:12:51.559Z;functions.filter_IPTE;  VERIFICANDO O COD DO CLIENTE EM CADA REGISTRO
20-07-2024 21:12:53.304Z;functions.filter_IPTE;  CLICA NA PRIMEIRA LINHA DA TABELA
20-07-2024 21:13:17.101Z;functions.filter_IPTE;  HOVER FILTER
20-07-2024 21:13:18.970Z;functions.filter_IPTE;  CLICK FILTER
20-07-2024 21:13:23.304Z;functions.filter_IPTE;  CLICA NO FILTRO PERSONALIZAR
20-07-2024 21:14:05.523Z;functions.filter_IPTE;  MOVIDO PRA CIMA 100 VEZES
20-07-2024 21:14:41.757Z;functions.filter_IPTE;  MOVIDO PRA CIMA MAIS 100 VEZES
20-07-2024 21:14:57.804Z;functions.filter_IPTE;  TABELA NÃO CONTÉM REGISTROS
20-07-2024 21:14:57.804Z;functions.check_table_record;  VERIFICANDO SE A TABELA ESTÁ VAZIA
20-07-2024 21:15:00.960Z;functions.check_table_record;  Texto extraido 0/0
20-07-2024 21:15:00.960Z;functions.check_table_record;  Count 0
20-07-2024 21:15:00.960Z;functions.check_table_record;  Type <class 'int'>
20-07-2024 21:15:00.976Z;functions.check_table_record;  SEM REGISTROS
20-07-2024 21:15:02.977Z;main.<module>;  SEM REMESSA BANCÁRIA
20-07-2024 21:15:02.977Z;functions.movimentacao_bancaria;  AGUARDANDO 1
20-07-2024 21:15:04.241Z;functions.movimentacao_bancaria;  CLICA NA ABA MOVIMENTAÇÃO BANCARIA
20-07-2024 21:15:04.444Z;functions.waitForImage;  IMAGEM BORDERO image found.
20-07-2024 21:15:06.560Z;functions.movimentacao_bancaria;  IMAGEM BORDERO CLICADA.
20-07-2024 21:15:17.199Z;functions.waitForImage;  LICENCAS EXCEDIDAS image not found.
20-07-2024 21:15:18.163Z;functions.movimentacao_bancaria;  ENCONTROU O FILTRO DA MOVIMENTAÇÃO BANCÁRIA
20-07-2024 21:15:18.210Z;functions.movimentacao_bancaria;  CLICA NA ABA SUPERIOR DO FILTRO
20-07-2024 21:15:25.521Z;functions.movimentacao_bancaria;  SELECIONA O FILTRO HOJE
20-07-2024 21:15:45.992Z;functions.waitForImage;  FILTER CLEAN image not found.
20-07-2024 21:16:01.304Z;functions.waitForImage;  FILTER CLEAN image not found.
20-07-2024 21:16:16.616Z;functions.waitForImage;  FILTER CLEAN image not found.
20-07-2024 21:17:30.507Z;functions.movimentacao_bancaria;  SEM PROCESSAMENTO DE BORDERO
20-07-2024 21:17:55.835Z;functions.waitForImage;  FILTER CLEAN image not found.
20-07-2024 21:18:11.147Z;functions.waitForImage;  FILTER CLEAN image not found.
20-07-2024 21:18:26.319Z;functions.waitForImage;  FILTER CLEAN image not found.
20-07-2024 21:18:58.085Z;functions.processo_pagamento;  SEM REMESSA DE BORDERO AUTORIZADO
20-07-2024 21:18:59.190Z;functions.processo_pagamento;  FECHA ABA MOVIMENTAÇÕES BANCÁRIAS
20-07-2024 21:19:00.460Z;functions.enter_contas_a_pagar;  CLICK - TOTVS - LINHA RM
20-07-2024 21:19:01.616Z;functions.enter_contas_a_pagar;  CLICK - BACK OFFICE
20-07-2024 21:19:02.647Z;functions.enter_contas_a_pagar;  CLICK - GESTAO FINANCEIRA
20-07-2024 21:19:09.147Z;functions.enter_contas_a_pagar;  CLICK - CONTAS A PAGAR
20-07-2024 21:19:10.038Z;functions.waitForImage;  LANÇAMENTOS image found.
20-07-2024 21:19:12.155Z;functions.enter_contas_a_pagar;  CLICA EM LANÇAMENTOS
20-07-2024 21:19:27.788Z;functions.waitForImage;  LICENCAS EXCEDIDAS image not found.
20-07-2024 21:19:27.788Z;functions.obter_intervalo_data;  VERIFICANDO A HORA ATUAL 21
20-07-2024 21:19:27.820Z;functions.obter_intervalo_data;  Data Inicial BANCARIA antes da remoção: None
20-07-2024 21:19:27.820Z;functions.obter_intervalo_data;  Data Final BANCARIA antes da remoção: None
20-07-2024 21:19:27.820Z;functions.obter_intervalo_data;  Data Inicial BANCARIA após a remoção: None
20-07-2024 21:19:27.820Z;functions.obter_intervalo_data;  Data Final BANCARIA após a remoção: None
20-07-2024 21:19:27.820Z;functions.obter_intervalo_data;  hoje -  2024-07-20 21:19:27.820035
20-07-2024 21:19:27.820Z;functions.data_filter;  DATA INICIO 24-07-2024
20-07-2024 21:19:27.820Z;functions.data_filter;  DATA FIM 30-07-2024
20-07-2024 21:19:27.820Z;functions.data_filter;  CLICK - SELECIONA A DATA DE QUARTA FEIRA E DA PROXIMA TERÇA
20-07-2024 21:19:27.820Z;functions.data_filter;  QUARTA-FEIRA: 24-07-2024
20-07-2024 21:19:27.820Z;functions.data_filter;  TERCA-FEIRA: 30-07-2024
20-07-2024 21:19:44.689Z;functions.data_filter;  REMESSA BANCÁRIA - FILTRO DIGITADO
20-07-2024 21:19:45.679Z;functions.data_filter;  CLICK - BOTAO DE SELECAO DE FILTRO
20-07-2024 21:19:50.507Z;functions.data_filter;  INSERE - DATA DE QUARTA-FEIRA: 24-07-2024
20-07-2024 21:19:54.851Z;functions.data_filter;  INSERE - DATA DA PROX TERCA-FEIRA: 30-07-2024
20-07-2024 21:19:56.022Z;functions.data_filter;  CLICK - BOTAO DE EXECUTAR O FILTRO
20-07-2024 21:20:01.026Z;functions.desmark_filter;  AGUARDANDO 1
20-07-2024 21:20:03.272Z;functions.desmark_filter;  CLICK CHECKBOX LANÇAMENTOS A RECEBER
20-07-2024 21:20:05.640Z;functions.desmark_filter;  CLICK CHECKBOX LANÇAMENTOS BAIXADOS
20-07-2024 21:20:08.303Z;functions.desmark_filter;  CLICK CHECKBOX LANÇAMENTOS CANCELADOS
20-07-2024 21:20:11.167Z;functions.desmark_filter;  CLICK CHECKBOX LANÇAMENTOS FATURADOS
20-07-2024 21:20:13.741Z;functions.desmark_filter;  CLICK CHECKBOX LANÇAMENTOS FATURADOS
20-07-2024 21:20:18.929Z;functions.waitForImage;  FILTER CLEAN image found.
20-07-2024 21:20:21.046Z;functions.filter_clean;  CLICA NO BOTÃO X DO LIMPA FILTRO
20-07-2024 21:20:36.429Z;functions.waitForImage;  FILTER CLEAN image not found.
20-07-2024 21:20:51.772Z;functions.waitForImage;  FILTER CLEAN image not found.
20-07-2024 21:20:53.179Z;functions.filter_forma_pagamento;  CLICA NA PRIMEIRA LINHA DA TABELA
20-07-2024 21:20:53.460Z;functions.filter_forma_pagamento;  CLICK NA PRIMEIRA LINHA E COLUNA DA TABELA
20-07-2024 21:21:09.767Z;functions.filter_forma_pagamento;  160 PASSOS PARA DIREITA NA TABELA >>
20-07-2024 21:21:15.866Z;functions.filter_forma_pagamento;  HOVER NOME DA COLUNA FORMA DE PAGAMENTO
20-07-2024 21:21:17.874Z;functions.filter_forma_pagamento;  CLICA PARA APARECER O FILTRO PERSONALIZAR
20-07-2024 21:21:21.225Z;functions.filter_forma_pagamento;  CLICA NO FILTRO PERSONALIZAR
20-07-2024 21:21:33.726Z;functions.filter_forma_pagamento;  Texto extraido 0/0
20-07-2024 21:21:33.726Z;functions.filter_forma_pagamento;  Count 0
20-07-2024 21:21:33.726Z;functions.filter_forma_pagamento;  Type <class 'int'>
20-07-2024 21:21:33.726Z;functions.filter_forma_pagamento;  SEM REGISTROS
20-07-2024 21:21:35.738Z;functions.check_table_record;  VERIFICANDO SE A TABELA ESTÁ VAZIA
20-07-2024 21:21:38.741Z;functions.check_table_record;  Texto extraido 0/0
20-07-2024 21:21:38.741Z;functions.check_table_record;  Count 0
20-07-2024 21:21:38.741Z;functions.check_table_record;  Type <class 'int'>
20-07-2024 21:21:38.741Z;functions.check_table_record;  SEM REGISTROS
20-07-2024 21:21:42.754Z;main.<module>;  SEM REMESSA DE TED CIP
20-07-2024 21:21:43.772Z;functions.enter_contas_a_pagar;  CLICK - TOTVS - LINHA RM
20-07-2024 21:21:44.928Z;functions.enter_contas_a_pagar;  CLICK - BACK OFFICE
20-07-2024 21:21:45.991Z;functions.enter_contas_a_pagar;  CLICK - GESTAO FINANCEIRA
20-07-2024 21:21:51.866Z;functions.enter_contas_a_pagar;  CLICK - CONTAS A PAGAR
20-07-2024 21:21:52.772Z;functions.waitForImage;  LANÇAMENTOS image found.
20-07-2024 21:21:54.905Z;functions.enter_contas_a_pagar;  CLICA EM LANÇAMENTOS
20-07-2024 21:22:10.585Z;functions.waitForImage;  LICENCAS EXCEDIDAS image not found.
20-07-2024 21:22:10.585Z;functions.obter_intervalo_data;  VERIFICANDO A HORA ATUAL 21
20-07-2024 21:22:10.585Z;functions.obter_intervalo_data;  Data Inicial BANCARIA antes da remoção: None
20-07-2024 21:22:10.585Z;functions.obter_intervalo_data;  Data Final BANCARIA antes da remoção: None
20-07-2024 21:22:10.601Z;functions.obter_intervalo_data;  Data Inicial BANCARIA após a remoção: None
20-07-2024 21:22:10.601Z;functions.obter_intervalo_data;  Data Final BANCARIA após a remoção: None
20-07-2024 21:22:10.601Z;functions.obter_intervalo_data;  hoje -  2024-07-20 21:22:10.601052
20-07-2024 21:22:10.601Z;functions.data_filter;  DATA INICIO 24-07-2024
20-07-2024 21:22:10.601Z;functions.data_filter;  DATA FIM 30-07-2024
20-07-2024 21:22:10.601Z;functions.data_filter;  CLICK - SELECIONA A DATA DE QUARTA FEIRA E DA PROXIMA TERÇA
20-07-2024 21:22:10.601Z;functions.data_filter;  QUARTA-FEIRA: 24-07-2024
20-07-2024 21:22:10.601Z;functions.data_filter;  TERCA-FEIRA: 30-07-2024
20-07-2024 21:22:27.753Z;functions.data_filter;  REMESSA BANCÁRIA - FILTRO DIGITADO
20-07-2024 21:22:28.741Z;functions.data_filter;  CLICK - BOTAO DE SELECAO DE FILTRO
20-07-2024 21:22:33.569Z;functions.data_filter;  INSERE - DATA DE QUARTA-FEIRA: 24-07-2024
20-07-2024 21:22:37.944Z;functions.data_filter;  INSERE - DATA DA PROX TERCA-FEIRA: 30-07-2024
20-07-2024 21:22:39.085Z;functions.data_filter;  CLICK - BOTAO DE EXECUTAR O FILTRO
20-07-2024 21:22:44.110Z;functions.desmark_filter;  AGUARDANDO 1
20-07-2024 21:22:46.366Z;functions.desmark_filter;  CLICK CHECKBOX LANÇAMENTOS A RECEBER
20-07-2024 21:22:48.835Z;functions.desmark_filter;  CLICK CHECKBOX LANÇAMENTOS BAIXADOS
20-07-2024 21:22:51.303Z;functions.desmark_filter;  CLICK CHECKBOX LANÇAMENTOS CANCELADOS
20-07-2024 21:22:53.574Z;functions.desmark_filter;  CLICK CHECKBOX LANÇAMENTOS FATURADOS
20-07-2024 21:22:55.950Z;functions.desmark_filter;  CLICK CHECKBOX LANÇAMENTOS FATURADOS
20-07-2024 21:23:01.131Z;functions.waitForImage;  FILTER CLEAN image found.
20-07-2024 21:23:03.245Z;functions.filter_clean;  CLICA NO BOTÃO X DO LIMPA FILTRO
20-07-2024 21:23:18.553Z;functions.waitForImage;  FILTER CLEAN image not found.
20-07-2024 21:23:33.866Z;functions.waitForImage;  FILTER CLEAN image not found.
20-07-2024 21:23:35.584Z;functions.filter_forma_pagamento_branco;  CLICK NA PRIMEIRA LINHA E COLUNA DA TABELA
20-07-2024 21:23:51.914Z;functions.filter_forma_pagamento_branco;  160 PASSOS PARA DIREITA NA TABELA >>
20-07-2024 21:23:58.241Z;functions.filter_forma_pagamento_branco;  HOVER NOME DA COLUNA FORMA DE PAGAMENTO
20-07-2024 21:24:00.373Z;functions.filter_forma_pagamento_branco;  CLICA PARA APARECER O FILTRO PERSONALIZAR
20-07-2024 21:24:03.707Z;functions.filter_forma_pagamento_branco;  CLICA NO FILTRO PERSONALIZAR
20-07-2024 21:24:12.678Z;functions.filter_forma_pagamento_branco;  Texto extraido 1/12
20-07-2024 21:24:12.678Z;functions.filter_forma_pagamento_branco;  Count 12
20-07-2024 21:24:12.678Z;functions.filter_forma_pagamento_branco;  Type <class 'int'>
20-07-2024 21:24:12.678Z;functions.filter_forma_pagamento_branco;  TABELA CONTÉM REGISTROS
20-07-2024 21:24:16.225Z;functions.filter_forma_pagamento_branco;  MOVIDO PRA CIMA 12 VEZES
20-07-2024 21:24:20.284Z;functions.check_table_record;  VERIFICANDO SE A TABELA ESTÁ VAZIA
20-07-2024 21:24:23.522Z;functions.check_table_record;  Texto extraido 1/12
20-07-2024 21:24:23.522Z;functions.check_table_record;  Count 12
20-07-2024 21:24:23.522Z;functions.check_table_record;  Type <class 'int'>
20-07-2024 21:24:23.522Z;functions.check_table_record;  TABELA CONTÉM REGISTROS
20-07-2024 21:24:23.522Z;functions.check_ted_branco;  VERIFICANDO O COD DO CLIENTE EM CADA REGISTRO
20-07-2024 21:24:25.303Z;functions.check_ted_branco;  CLICA NA PRIMEIRA LINHA DA TABELA
20-07-2024 21:24:29.412Z;functions.check_ted_branco;  REFERNCIA: 982153
20-07-2024 21:24:29.412Z;functions.check_ted_branco;  CONTAGEM: 1
20-07-2024 21:24:29.714Z;functions.check_ted_branco;  ENTRANDO NO REGISTRO 
20-07-2024 21:25:09.569Z;functions.waitForImage;  INTEGRAÇÃO BANCÁRIA image found.
20-07-2024 21:25:09.718Z;functions.check_ted_branco;  CLICA EM INTEGRAÇÃO BANCÁRIA
20-07-2024 21:25:09.718Z;functions.check_ted_branco;  VERIFICANDO INFORMAÇÕES
20-07-2024 21:25:09.913Z;functions.waitForImage;  TRES PONTINHOS image found.
20-07-2024 21:25:22.540Z;functions.check_ted_branco;  VERIFICANDO SE TEM PIX NO FILTRO
20-07-2024 21:25:22.709Z;functions.waitForImage;  CHECANDO DADOS BANCÁRIOS PIX image found.
20-07-2024 21:25:24.741Z;functions.check_ted_branco;  PIX NÃO ENCONTRADO PARA REFERENCIA: 982153
20-07-2024 21:25:28.453Z;functions.check_ted_branco;  APERTA EM CANCELAR
20-07-2024 21:25:29.319Z;functions.waitForImage;  PRESS BUTTON OK image found.
20-07-2024 21:25:31.436Z;functions.click_ok;  PRESS BUTTON OK
20-07-2024 21:25:43.928Z;functions.waitForImage;  ERROR GENERICO image not found.
20-07-2024 21:25:49.006Z;functions.waitForImage;  ERROR FILTRO PIX image not found.
20-07-2024 21:25:53.117Z;functions.check_ted_branco;  PASSANDO PARA PRÓXIMO REGISTRO
20-07-2024 21:25:57.223Z;functions.check_ted_branco;  REFERNCIA: 981408
20-07-2024 21:25:57.223Z;functions.check_ted_branco;  CONTAGEM: 2
20-07-2024 21:25:57.524Z;functions.check_ted_branco;  ENTRANDO NO REGISTRO 
20-07-2024 21:26:04.397Z;functions.waitForImage;  INTEGRAÇÃO BANCÁRIA image found.
20-07-2024 21:26:04.532Z;functions.check_ted_branco;  CLICA EM INTEGRAÇÃO BANCÁRIA
20-07-2024 21:26:04.532Z;functions.check_ted_branco;  VERIFICANDO INFORMAÇÕES
20-07-2024 21:26:05.350Z;functions.waitForImage;  TRES PONTINHOS image found.
20-07-2024 21:26:17.978Z;functions.check_ted_branco;  VERIFICANDO SE TEM PIX NO FILTRO
20-07-2024 21:26:18.147Z;functions.waitForImage;  CHECANDO DADOS BANCÁRIOS PIX image found.
20-07-2024 21:26:20.161Z;functions.check_ted_branco;  PIX NÃO ENCONTRADO PARA REFERENCIA: 981408
20-07-2024 21:26:23.875Z;functions.check_ted_branco;  APERTA EM CANCELAR
20-07-2024 21:26:24.038Z;functions.waitForImage;  PRESS BUTTON OK image found.
20-07-2024 21:26:26.157Z;functions.click_ok;  PRESS BUTTON OK
20-07-2024 21:26:38.647Z;functions.waitForImage;  ERROR GENERICO image not found.
20-07-2024 21:26:43.725Z;functions.waitForImage;  ERROR FILTRO PIX image not found.
20-07-2024 21:26:47.829Z;functions.check_ted_branco;  PASSANDO PARA PRÓXIMO REGISTRO
20-07-2024 21:26:51.934Z;functions.check_ted_branco;  REFERNCIA: 982240
20-07-2024 21:26:51.934Z;functions.check_ted_branco;  CONTAGEM: 3
20-07-2024 21:26:52.235Z;functions.check_ted_branco;  ENTRANDO NO REGISTRO 
20-07-2024 21:26:59.131Z;functions.waitForImage;  INTEGRAÇÃO BANCÁRIA image found.
20-07-2024 21:26:59.249Z;functions.check_ted_branco;  CLICA EM INTEGRAÇÃO BANCÁRIA
20-07-2024 21:26:59.249Z;functions.check_ted_branco;  VERIFICANDO INFORMAÇÕES
20-07-2024 21:27:00.131Z;functions.waitForImage;  TRES PONTINHOS image found.
20-07-2024 21:27:12.765Z;functions.check_ted_branco;  VERIFICANDO SE TEM PIX NO FILTRO
20-07-2024 21:27:12.928Z;functions.waitForImage;  CHECANDO DADOS BANCÁRIOS PIX image found.
20-07-2024 21:27:14.936Z;functions.check_ted_branco;  PIX NÃO ENCONTRADO PARA REFERENCIA: 982240
20-07-2024 21:27:18.648Z;functions.check_ted_branco;  APERTA EM CANCELAR
20-07-2024 21:27:18.834Z;functions.waitForImage;  PRESS BUTTON OK image found.
20-07-2024 21:27:20.968Z;functions.click_ok;  PRESS BUTTON OK
20-07-2024 21:27:33.522Z;functions.waitForImage;  ERROR GENERICO image not found.
20-07-2024 21:27:38.631Z;functions.waitForImage;  ERROR FILTRO PIX image not found.
20-07-2024 21:27:42.734Z;functions.check_ted_branco;  PASSANDO PARA PRÓXIMO REGISTRO
20-07-2024 21:27:46.839Z;functions.check_ted_branco;  REFERNCIA: 978735
20-07-2024 21:27:46.839Z;functions.check_ted_branco;  CONTAGEM: 4
20-07-2024 21:27:47.140Z;functions.check_ted_branco;  ENTRANDO NO REGISTRO 
20-07-2024 21:27:53.240Z;functions.waitForImage;  INTEGRAÇÃO BANCÁRIA image found.
20-07-2024 21:27:53.373Z;functions.check_ted_branco;  CLICA EM INTEGRAÇÃO BANCÁRIA
20-07-2024 21:27:53.373Z;functions.check_ted_branco;  VERIFICANDO INFORMAÇÕES
20-07-2024 21:27:53.504Z;functions.waitForImage;  TRES PONTINHOS image found.
20-07-2024 21:28:06.134Z;functions.check_ted_branco;  VERIFICANDO SE TEM PIX NO FILTRO
20-07-2024 21:28:06.303Z;functions.waitForImage;  CHECANDO DADOS BANCÁRIOS PIX image found.
20-07-2024 21:28:08.314Z;functions.check_ted_branco;  PIX NÃO ENCONTRADO PARA REFERENCIA: 978735
20-07-2024 21:28:12.028Z;functions.check_ted_branco;  APERTA EM CANCELAR
20-07-2024 21:28:12.209Z;functions.waitForImage;  PRESS BUTTON OK image found.
20-07-2024 21:28:14.345Z;functions.click_ok;  PRESS BUTTON OK
20-07-2024 21:28:26.834Z;functions.waitForImage;  ERROR GENERICO image not found.
20-07-2024 21:28:31.975Z;functions.waitForImage;  ERROR FILTRO PIX image not found.
20-07-2024 21:28:36.080Z;functions.check_ted_branco;  PASSANDO PARA PRÓXIMO REGISTRO
20-07-2024 21:28:40.185Z;functions.check_ted_branco;  REFERNCIA: 982175
20-07-2024 21:28:40.185Z;functions.check_ted_branco;  CONTAGEM: 5
20-07-2024 21:28:40.486Z;functions.check_ted_branco;  ENTRANDO NO REGISTRO 
20-07-2024 21:28:47.395Z;functions.waitForImage;  INTEGRAÇÃO BANCÁRIA image found.
20-07-2024 21:28:47.499Z;functions.check_ted_branco;  CLICA EM INTEGRAÇÃO BANCÁRIA
20-07-2024 21:28:47.499Z;functions.check_ted_branco;  VERIFICANDO INFORMAÇÕES
20-07-2024 21:28:47.678Z;functions.waitForImage;  TRES PONTINHOS image found.
20-07-2024 21:29:00.310Z;functions.check_ted_branco;  VERIFICANDO SE TEM PIX NO FILTRO
20-07-2024 21:29:00.506Z;functions.waitForImage;  CHECANDO DADOS BANCÁRIOS PIX image found.
20-07-2024 21:29:02.518Z;functions.check_ted_branco;  PIX NÃO ENCONTRADO PARA REFERENCIA: 982175
20-07-2024 21:29:06.231Z;functions.check_ted_branco;  APERTA EM CANCELAR
20-07-2024 21:29:06.397Z;functions.waitForImage;  PRESS BUTTON OK image found.
20-07-2024 21:29:08.532Z;functions.click_ok;  PRESS BUTTON OK
20-07-2024 21:29:21.037Z;functions.waitForImage;  ERROR GENERICO image not found.
20-07-2024 21:29:26.100Z;functions.waitForImage;  ERROR FILTRO PIX image not found.
20-07-2024 21:29:30.217Z;functions.check_ted_branco;  PASSANDO PARA PRÓXIMO REGISTRO
20-07-2024 21:29:34.323Z;functions.check_ted_branco;  REFERNCIA: 980379
20-07-2024 21:29:34.323Z;functions.check_ted_branco;  CONTAGEM: 6
20-07-2024 21:29:34.625Z;functions.check_ted_branco;  ENTRANDO NO REGISTRO 
20-07-2024 21:29:41.459Z;functions.waitForImage;  INTEGRAÇÃO BANCÁRIA image found.
20-07-2024 21:29:41.594Z;functions.check_ted_branco;  CLICA EM INTEGRAÇÃO BANCÁRIA
20-07-2024 21:29:41.594Z;functions.check_ted_branco;  VERIFICANDO INFORMAÇÕES
20-07-2024 21:29:41.771Z;functions.waitForImage;  TRES PONTINHOS image found.
20-07-2024 21:29:54.406Z;functions.check_ted_branco;  VERIFICANDO SE TEM PIX NO FILTRO
20-07-2024 21:29:54.615Z;functions.waitForImage;  CHECANDO DADOS BANCÁRIOS PIX image found.
20-07-2024 21:29:56.619Z;functions.check_ted_branco;  PIX NÃO ENCONTRADO PARA REFERENCIA: 980379
20-07-2024 21:30:00.330Z;functions.check_ted_branco;  APERTA EM CANCELAR
20-07-2024 21:30:00.506Z;functions.waitForImage;  PRESS BUTTON OK image found.
20-07-2024 21:30:02.623Z;functions.click_ok;  PRESS BUTTON OK
20-07-2024 21:30:15.115Z;functions.waitForImage;  ERROR GENERICO image not found.
20-07-2024 21:30:20.224Z;functions.waitForImage;  ERROR FILTRO PIX image not found.
20-07-2024 21:30:24.341Z;functions.check_ted_branco;  PASSANDO PARA PRÓXIMO REGISTRO
20-07-2024 21:30:28.445Z;functions.check_ted_branco;  REFERNCIA: 981677
20-07-2024 21:30:28.445Z;functions.check_ted_branco;  CONTAGEM: 7
20-07-2024 21:30:28.747Z;functions.check_ted_branco;  ENTRANDO NO REGISTRO 
20-07-2024 21:30:36.318Z;functions.waitForImage;  INTEGRAÇÃO BANCÁRIA image found.
20-07-2024 21:30:36.438Z;functions.check_ted_branco;  CLICA EM INTEGRAÇÃO BANCÁRIA
20-07-2024 21:30:36.438Z;functions.check_ted_branco;  VERIFICANDO INFORMAÇÕES
20-07-2024 21:30:36.615Z;functions.waitForImage;  TRES PONTINHOS image found.
20-07-2024 21:30:49.256Z;functions.check_ted_branco;  VERIFICANDO SE TEM PIX NO FILTRO
20-07-2024 21:30:49.428Z;functions.waitForImage;  CHECANDO DADOS BANCÁRIOS PIX image found.
20-07-2024 21:30:51.438Z;functions.check_ted_branco;  PIX NÃO ENCONTRADO PARA REFERENCIA: 981677
20-07-2024 21:30:55.151Z;functions.check_ted_branco;  APERTA EM CANCELAR
20-07-2024 21:30:55.319Z;functions.waitForImage;  PRESS BUTTON OK image found.
20-07-2024 21:30:57.467Z;functions.click_ok;  PRESS BUTTON OK
20-07-2024 21:31:09.959Z;functions.waitForImage;  ERROR GENERICO image not found.
20-07-2024 21:31:15.099Z;functions.waitForImage;  ERROR FILTRO PIX image not found.
20-07-2024 21:31:19.208Z;functions.check_ted_branco;  PASSANDO PARA PRÓXIMO REGISTRO
20-07-2024 21:31:23.313Z;functions.check_ted_branco;  REFERNCIA: 981510
20-07-2024 21:31:23.313Z;functions.check_ted_branco;  CONTAGEM: 8
20-07-2024 21:31:23.614Z;functions.check_ted_branco;  ENTRANDO NO REGISTRO 
20-07-2024 21:31:30.370Z;functions.waitForImage;  INTEGRAÇÃO BANCÁRIA image found.
20-07-2024 21:31:30.500Z;functions.check_ted_branco;  CLICA EM INTEGRAÇÃO BANCÁRIA
20-07-2024 21:31:30.500Z;functions.check_ted_branco;  VERIFICANDO INFORMAÇÕES
20-07-2024 21:31:30.631Z;functions.waitForImage;  TRES PONTINHOS image found.
20-07-2024 21:31:43.270Z;functions.check_ted_branco;  VERIFICANDO SE TEM PIX NO FILTRO
20-07-2024 21:31:43.459Z;functions.waitForImage;  CHECANDO DADOS BANCÁRIOS PIX image found.
20-07-2024 21:31:45.467Z;functions.check_ted_branco;  PIX NÃO ENCONTRADO PARA REFERENCIA: 981510
20-07-2024 21:31:49.193Z;functions.check_ted_branco;  APERTA EM CANCELAR
20-07-2024 21:31:49.349Z;functions.waitForImage;  PRESS BUTTON OK image found.
20-07-2024 21:31:51.469Z;functions.click_ok;  PRESS BUTTON OK
20-07-2024 21:32:03.928Z;functions.waitForImage;  ERROR GENERICO image not found.
20-07-2024 21:32:08.974Z;functions.waitForImage;  ERROR FILTRO PIX image not found.
20-07-2024 21:32:13.080Z;functions.check_ted_branco;  PASSANDO PARA PRÓXIMO REGISTRO
20-07-2024 21:32:17.185Z;functions.check_ted_branco;  REFERNCIA: 981509
20-07-2024 21:32:17.185Z;functions.check_ted_branco;  CONTAGEM: 9
20-07-2024 21:32:17.487Z;functions.check_ted_branco;  ENTRANDO NO REGISTRO 
20-07-2024 21:32:24.975Z;functions.waitForImage;  INTEGRAÇÃO BANCÁRIA image found.
20-07-2024 21:32:25.092Z;functions.check_ted_branco;  CLICA EM INTEGRAÇÃO BANCÁRIA
20-07-2024 21:32:25.092Z;functions.check_ted_branco;  VERIFICANDO INFORMAÇÕES
20-07-2024 21:32:25.251Z;functions.waitForImage;  TRES PONTINHOS image found.
20-07-2024 21:32:37.891Z;functions.check_ted_branco;  VERIFICANDO SE TEM PIX NO FILTRO
20-07-2024 21:32:38.052Z;functions.waitForImage;  CHECANDO DADOS BANCÁRIOS PIX image found.
20-07-2024 21:32:40.061Z;functions.check_ted_branco;  PIX NÃO ENCONTRADO PARA REFERENCIA: 981509
20-07-2024 21:32:43.787Z;functions.check_ted_branco;  APERTA EM CANCELAR
20-07-2024 21:32:43.959Z;functions.waitForImage;  PRESS BUTTON OK image found.
20-07-2024 21:32:46.092Z;functions.click_ok;  PRESS BUTTON OK
20-07-2024 21:32:58.443Z;functions.waitForImage;  ERROR GENERICO image not found.
20-07-2024 21:33:03.537Z;functions.waitForImage;  ERROR FILTRO PIX image not found.
20-07-2024 21:33:07.646Z;functions.check_ted_branco;  PASSANDO PARA PRÓXIMO REGISTRO
20-07-2024 21:33:11.751Z;functions.check_ted_branco;  REFERNCIA: 753544
20-07-2024 21:33:11.751Z;functions.check_ted_branco;  CONTAGEM: 10
20-07-2024 21:33:12.052Z;functions.check_ted_branco;  ENTRANDO NO REGISTRO 
20-07-2024 21:33:18.896Z;functions.waitForImage;  INTEGRAÇÃO BANCÁRIA image found.
20-07-2024 21:33:19.031Z;functions.check_ted_branco;  CLICA EM INTEGRAÇÃO BANCÁRIA
20-07-2024 21:33:19.031Z;functions.check_ted_branco;  VERIFICANDO INFORMAÇÕES
20-07-2024 21:33:19.927Z;functions.waitForImage;  TRES PONTINHOS image found.
20-07-2024 21:33:32.557Z;functions.check_ted_branco;  VERIFICANDO SE TEM PIX NO FILTRO
20-07-2024 21:33:32.740Z;functions.waitForImage;  CHECANDO DADOS BANCÁRIOS PIX image found.
20-07-2024 21:33:34.750Z;functions.check_ted_branco;  PIX NÃO ENCONTRADO PARA REFERENCIA: 753544
20-07-2024 21:33:38.464Z;functions.check_ted_branco;  APERTA EM CANCELAR
20-07-2024 21:33:38.646Z;functions.waitForImage;  PRESS BUTTON OK image found.
20-07-2024 21:33:40.779Z;functions.click_ok;  PRESS BUTTON OK
20-07-2024 21:33:53.162Z;functions.waitForImage;  ERROR GENERICO image not found.
20-07-2024 21:33:58.224Z;functions.waitForImage;  ERROR FILTRO PIX image not found.
20-07-2024 21:34:02.332Z;functions.check_ted_branco;  PASSANDO PARA PRÓXIMO REGISTRO
20-07-2024 21:34:06.437Z;functions.check_ted_branco;  REFERNCIA: 753667
20-07-2024 21:34:06.437Z;functions.check_ted_branco;  CONTAGEM: 11
20-07-2024 21:34:06.739Z;functions.check_ted_branco;  ENTRANDO NO REGISTRO 
20-07-2024 21:34:14.920Z;functions.waitForImage;  INTEGRAÇÃO BANCÁRIA image found.
20-07-2024 21:34:15.031Z;functions.check_ted_branco;  CLICA EM INTEGRAÇÃO BANCÁRIA
20-07-2024 21:34:15.031Z;functions.check_ted_branco;  VERIFICANDO INFORMAÇÕES
20-07-2024 21:34:15.865Z;functions.waitForImage;  TRES PONTINHOS image found.
20-07-2024 21:34:28.495Z;functions.check_ted_branco;  VERIFICANDO SE TEM PIX NO FILTRO
20-07-2024 21:34:28.677Z;functions.waitForImage;  CHECANDO DADOS BANCÁRIOS PIX image found.
20-07-2024 21:34:30.690Z;functions.check_ted_branco;  PIX NÃO ENCONTRADO PARA REFERENCIA: 753667
20-07-2024 21:34:34.402Z;functions.check_ted_branco;  APERTA EM CANCELAR
20-07-2024 21:34:34.568Z;functions.waitForImage;  PRESS BUTTON OK image found.
20-07-2024 21:34:36.688Z;functions.click_ok;  PRESS BUTTON OK
20-07-2024 21:34:49.209Z;functions.waitForImage;  ERROR GENERICO image not found.
20-07-2024 21:34:54.255Z;functions.waitForImage;  ERROR FILTRO PIX image not found.
20-07-2024 21:34:58.360Z;functions.check_ted_branco;  PASSANDO PARA PRÓXIMO REGISTRO
20-07-2024 21:35:02.466Z;functions.check_ted_branco;  REFERNCIA: 753607
20-07-2024 21:35:02.467Z;functions.check_ted_branco;  CONTAGEM: 12
20-07-2024 21:35:02.767Z;functions.check_ted_branco;  ENTRANDO NO REGISTRO 
20-07-2024 21:35:09.474Z;functions.waitForImage;  INTEGRAÇÃO BANCÁRIA image found.
20-07-2024 21:35:09.592Z;functions.check_ted_branco;  CLICA EM INTEGRAÇÃO BANCÁRIA
20-07-2024 21:35:09.592Z;functions.check_ted_branco;  VERIFICANDO INFORMAÇÕES
20-07-2024 21:35:10.427Z;functions.waitForImage;  TRES PONTINHOS image found.
20-07-2024 21:35:23.057Z;functions.check_ted_branco;  VERIFICANDO SE TEM PIX NO FILTRO
20-07-2024 21:35:23.240Z;functions.waitForImage;  CHECANDO DADOS BANCÁRIOS PIX image found.
20-07-2024 21:35:25.252Z;functions.check_ted_branco;  PIX NÃO ENCONTRADO PARA REFERENCIA: 753607
20-07-2024 21:35:28.965Z;functions.check_ted_branco;  APERTA EM CANCELAR
20-07-2024 21:35:29.131Z;functions.waitForImage;  PRESS BUTTON OK image found.
20-07-2024 21:35:31.279Z;functions.click_ok;  PRESS BUTTON OK
20-07-2024 21:35:43.771Z;functions.waitForImage;  ERROR GENERICO image not found.
20-07-2024 21:35:48.849Z;functions.waitForImage;  ERROR FILTRO PIX image not found.
20-07-2024 21:35:48.849Z;functions.check_ted_branco;  FORAM VERIFICADOS: 12 REFERENCIAS NO PROCESSAMENTO FORMA DE PAGAMENTO ELETRONICA EM BRANCO
20-07-2024 21:35:53.536Z;errorhandler.__handle;  Property: Unknown Property name. [1:203: -ms-interpolation-mode]
20-07-2024 21:35:53.568Z;errorhandler.__handle;  Property: Unknown Property name. [1:353: -webkit-font-smoothing]
20-07-2024 21:35:53.583Z;errorhandler.__handle;  Property: Unknown Property name. [1:483: -ms-text-size-adjust]
20-07-2024 21:35:53.583Z;errorhandler.__handle;  Property: Unknown Property name. [1:518: -webkit-text-size-adjust]
20-07-2024 21:35:53.583Z;errorhandler.__handle;  Property: Unknown Property name. [1:612: mso-table-lspace]
20-07-2024 21:35:53.599Z;errorhandler.__handle;  Property: Unknown Property name. [1:642: mso-table-rspace]
20-07-2024 21:35:53.818Z;errorhandler.__handle;  Property: Unknown Property name. [1:4734: mso-hide]
20-07-2024 21:35:53.896Z;errorhandler.__handle;  Property: Unknown Property name. [1:13: -ms-interpolation-mode]
20-07-2024 21:35:53.896Z;errorhandler.__handle;  Property: Unknown Property name. [1:49: -webkit-font-smoothing]
20-07-2024 21:35:53.911Z;errorhandler.__handle;  Property: Unknown Property name. [1:134: -ms-text-size-adjust]
20-07-2024 21:35:53.911Z;errorhandler.__handle;  Property: Unknown Property name. [1:160: -webkit-text-size-adjust]
20-07-2024 21:35:53.911Z;errorhandler.__handle;  Property: Unknown Property name. [1:26: mso-table-lspace]
20-07-2024 21:35:53.911Z;errorhandler.__handle;  Property: Unknown Property name. [1:45: mso-table-rspace]
20-07-2024 21:35:53.943Z;errorhandler.__handle;  Property: Unknown Property name. [1:92: mso-hide]
20-07-2024 21:35:53.958Z;errorhandler.__handle;  Property: No ":" after name found: align-center [1:1: align-center]
20-07-2024 21:35:53.958Z;errorhandler.__handle;  Property: No property value found: align-center [1:1: align-center]
20-07-2024 21:35:53.958Z;errorhandler.__handle;  CSSStyleDeclaration: Syntax Error in Property: align-center
20-07-2024 21:35:53.958Z;errorhandler.__handle;  Property: Unknown Property name. [1:14: -ms-interpolation-mode]
20-07-2024 21:35:56.865Z;functions.emailFinalizado;  Warning e-mail sent.
20-07-2024 21:35:56.865Z;main.<module>;  Remessa Bancária TED CIP com filtro de pagamento eletronica em branco modificadas para pix 
 PASSO 3 FINALIZADO
20-07-2024 21:35:56.865Z;main.<module>;  O PROGRAMA SERÁ ENCERRADO
20-07-2024 21:35:58.771Z;errorhandler.__handle;  Property: Unknown Property name. [1:14: -ms-interpolation-mode]
20-07-2024 21:36:01.349Z;functions.emailFinalizado;  Warning e-mail sent.
20-07-2024 21:36:01.818Z;functions.end_RM;  RM ENCERRADO
