28-06-2024 07:35:00.229Z;functions.bot_text_art;      ____   
28-06-2024 07:35:00.229Z;functions.bot_text_art;     [____]    
28-06-2024 07:35:00.229Z;functions.bot_text_art;   |=]()()[=|  
28-06-2024 07:35:00.229Z;functions.bot_text_art;     _\==/__    _____    ____     _        _____    ___   _  __
28-06-2024 07:35:00.229Z;functions.bot_text_art;   |__|   |_|  |  _  \  / ___|   | |      |_   _| / ___| | |/ /
28-06-2024 07:35:00.229Z;functions.bot_text_art;   |_|_/\_|_|  | |  | | | |      | |        | |   | |    | ' / 
28-06-2024 07:35:00.229Z;functions.bot_text_art;   | | __ | |  | |  | | | |      | |        | |   | |    |  <  
28-06-2024 07:35:00.229Z;functions.bot_text_art;   |_|[  ]|_|  | |__| | | |____  | |____   _| |_  | |__  | . \ 
28-06-2024 07:35:00.229Z;functions.bot_text_art;   \_|_||_|_/  |_____/   \_____| |______| |_____| \ ___| |_|\_\
28-06-2024 07:35:00.229Z;functions.bot_text_art;     |_||_|                                                     
28-06-2024 07:35:00.229Z;functions.bot_text_art;     | ||_|_   
28-06-2024 07:35:00.229Z;functions.bot_text_art;   |___||___|  
28-06-2024 07:35:00.229Z;functions.bot_text_art;               
28-06-2024 07:35:00.244Z;functions.open_RM;  OPEN PROGRAM RM
28-06-2024 07:35:00.244Z;functions.caps;  DESATIVANDO CAPS
28-06-2024 07:35:00.244Z;functions.loggin_RM;  BUSCANDO LOGGIN RM
28-06-2024 07:35:19.260Z;functions.loggin_RM;  ENTER USER_NAME
28-06-2024 07:35:23.806Z;functions.loggin_RM;  ENTER PASSWORD
28-06-2024 07:35:25.177Z;functions.loggin_RM;  ENTER RM
28-06-2024 07:37:03.494Z;functions.enter_coligada;  CLICK CONTEXTO
28-06-2024 07:37:05.963Z;functions.enter_coligada;  CLICK ALTERAR MODULO DO CONTEXTO
28-06-2024 07:37:09.682Z;functions.enter_coligada;  INSERE O COLIGADA CODE = 1
28-06-2024 07:37:09.785Z;functions.enter_coligada;  APERTA TAB PARA PREENCHER O CAMPO COM A STRING: OCEANICA ENGENHARIA E CONSULTORIA S.A.
28-06-2024 07:37:11.775Z;functions.enter_coligada;  CLICK AVANÇAR NOVAMENTE
28-06-2024 07:37:12.994Z;functions.enter_coligada;  CLICK CONCLUIR
28-06-2024 07:37:33.010Z;functions.waitForImage;  TROCA COLIGADA image not found.
28-06-2024 07:37:50.916Z;functions.enter_coligada;  POP UP COLIGADA DESAPARECER
28-06-2024 07:37:51.806Z;functions.check_movimentacao_bancaria;  CLICK - TOTVS - LINHA RM
28-06-2024 07:37:53.463Z;functions.check_movimentacao_bancaria;  CLICK - BACK OFFICE
28-06-2024 07:37:56.088Z;functions.check_movimentacao_bancaria;  CLICK - GESTAO FINANCEIRA
28-06-2024 07:37:56.088Z;functions.movimentacao_bancaria;  AGUARDANDO 1
28-06-2024 07:38:01.775Z;functions.movimentacao_bancaria;  CLICA NA ABA MOVIMENTAÇÃO BANCARIA
28-06-2024 07:38:02.697Z;functions.waitForImage;  IMAGEM BORDERO image found.
28-06-2024 07:38:04.814Z;functions.movimentacao_bancaria;  IMAGEM BORDERO CLICADA.
28-06-2024 07:38:15.306Z;functions.waitForImage;  LICENCAS EXCEDIDAS image not found.
28-06-2024 07:38:15.979Z;functions.movimentacao_bancaria;  ENCONTROU O FILTRO DA MOVIMENTAÇÃO BANCÁRIA
28-06-2024 07:38:16.025Z;functions.movimentacao_bancaria;  CLICA NA ABA SUPERIOR DO FILTRO
28-06-2024 07:38:23.335Z;functions.movimentacao_bancaria;  SELECIONA O FILTRO HOJE
28-06-2024 07:38:28.510Z;functions.waitForImage;  FILTER CLEAN image found.
28-06-2024 07:38:30.658Z;functions.filter_clean;  CLICA NO BOTÃO X DO LIMPA FILTRO
28-06-2024 07:38:30.838Z;functions.waitForImage;  FILTER CLEAN image found.
28-06-2024 07:38:32.971Z;functions.filter_clean;  CLICA NO BOTÃO X DO LIMPA FILTRO
28-06-2024 07:38:48.447Z;functions.waitForImage;  FILTER CLEAN image not found.
28-06-2024 07:38:49.932Z;functions.movimentacao_bancaria;  CLICA NA PRIMEIRA LINHA DA TABELA MOVIMENTAÇÃO BANCÁRIA
28-06-2024 07:38:51.369Z;functions.movimentacao_bancaria;  CLICA NA PRIMEIRA LINHA DA TABELA MOVIMENTAÇÃO BANCÁRIA
28-06-2024 07:38:52.590Z;functions.movimentacao_bancaria;  12 PASSOS PARA DIREITA NA TABELA >>
28-06-2024 07:38:54.572Z;functions.movimentacao_bancaria;  HOVER FILTER
28-06-2024 07:38:55.097Z;functions.movimentacao_bancaria;  CLICK FILTER
28-06-2024 07:38:59.419Z;functions.movimentacao_bancaria;  CLICA NO FILTRO  STATUS DA REMESSA
28-06-2024 07:39:01.522Z;functions.movimentacao_bancaria;  APERTA TAB PARA ESCREVER O FILTRO
28-06-2024 07:39:03.635Z;functions.movimentacao_bancaria;  ESCREVE PENDENTE NO FILTRO
28-06-2024 07:39:05.737Z;functions.movimentacao_bancaria;  APERTA ENTER PARA SELECIONAR OS PENDENTES
28-06-2024 07:39:28.972Z;functions.movimentacao_bancaria;  SEM PROCESSAMENTO DE BORDERO PENDENTE
28-06-2024 07:39:39.135Z;functions.waitForImage;  FILTER CLEAN image found.
28-06-2024 07:39:41.283Z;functions.filter_clean;  CLICA NO BOTÃO X DO LIMPA FILTRO
28-06-2024 07:39:56.354Z;functions.waitForImage;  FILTER CLEAN image not found.
28-06-2024 07:40:11.478Z;functions.waitForImage;  FILTER CLEAN image not found.
28-06-2024 07:40:13.213Z;functions.processo_pagamento;  CLICA NA PRIMEIRA LINHA DA TABELA MOVIMENTAÇÃO BANCÁRIA
28-06-2024 07:40:15.150Z;functions.processo_pagamento;  HOVER FILTER
28-06-2024 07:40:15.667Z;functions.processo_pagamento;  CLICK FILTER
28-06-2024 07:40:19.997Z;functions.processo_pagamento;  CLICA NO FILTRO  STATUS DA REMESSA
28-06-2024 07:40:22.100Z;functions.processo_pagamento;  APERTA TAB PARA ESCREVER O FILTRO
28-06-2024 07:40:24.217Z;functions.processo_pagamento;  ESCREVE AUTORIZADO NO FILTRO
28-06-2024 07:40:26.320Z;functions.processo_pagamento;  APERTA ENTER PARA SELECIONAR OS AUTORIZADOS
28-06-2024 07:40:49.591Z;functions.processo_pagamento;  SEM REMESSA DE BORDERO AUTORIZADO
28-06-2024 07:40:50.697Z;functions.processo_pagamento;  FECHA ABA MOVIMENTAÇÕES BANCÁRIAS
28-06-2024 07:40:52.275Z;functions.enter_contas_a_pagar;  CLICK - TOTVS - LINHA RM
28-06-2024 07:40:53.650Z;functions.enter_contas_a_pagar;  CLICK - BACK OFFICE
28-06-2024 07:40:54.556Z;functions.enter_contas_a_pagar;  CLICK - GESTAO FINANCEIRA
28-06-2024 07:41:00.900Z;functions.enter_contas_a_pagar;  CLICK - CONTAS A PAGAR
28-06-2024 07:41:01.760Z;functions.waitForImage;  LANÇAMENTOS image found.
28-06-2024 07:41:03.909Z;functions.enter_contas_a_pagar;  CLICA EM LANÇAMENTOS
28-06-2024 07:41:19.338Z;functions.waitForImage;  LICENCAS EXCEDIDAS image not found.
28-06-2024 07:41:19.338Z;functions.obter_intervalo_data;  VERIFICANDO A HORA ATUAL 7
28-06-2024 07:41:19.369Z;functions.obter_intervalo_data;  Data Inicial BANCARIA antes da remoção: None
28-06-2024 07:41:19.369Z;functions.obter_intervalo_data;  Data Final BANCARIA antes da remoção: None
28-06-2024 07:41:19.369Z;functions.obter_intervalo_data;  Data Inicial BANCARIA após a remoção: None
28-06-2024 07:41:19.369Z;functions.obter_intervalo_data;  Data Final BANCARIA após a remoção: None
28-06-2024 07:41:19.369Z;functions.obter_intervalo_data;  hoje -  2024-06-28 07:41:19.369335
28-06-2024 07:41:19.369Z;functions.data_filter;  DATA INICIO 03-07-2024
28-06-2024 07:41:19.369Z;functions.data_filter;  DATA FIM 09-07-2024
28-06-2024 07:41:19.369Z;functions.data_filter;  CLICK - SELECIONA A DATA DE QUARTA FEIRA E DA PROXIMA TERÇA
28-06-2024 07:41:19.369Z;functions.data_filter;  QUARTA-FEIRA: 03-07-2024
28-06-2024 07:41:19.369Z;functions.data_filter;  TERCA-FEIRA: 09-07-2024
28-06-2024 07:41:31.869Z;functions.data_filter;  CLICK - BOTAO DE SELECAO DE FILTRO
28-06-2024 07:41:36.478Z;functions.data_filter;  INSERE - DATA DE QUARTA-FEIRA: 03-07-2024
28-06-2024 07:41:40.697Z;functions.data_filter;  INSERE - DATA DA PROX TERCA-FEIRA: 09-07-2024
28-06-2024 07:41:41.712Z;functions.data_filter;  CLICK - BOTAO DE EXECUTAR O FILTRO
28-06-2024 07:41:46.717Z;functions.desmark_filter;  AGUARDANDO 1
28-06-2024 07:41:49.619Z;functions.desmark_filter;  CLICK CHECKBOX LANÇAMENTOS A RECEBER
28-06-2024 07:41:51.791Z;functions.desmark_filter;  CLICK CHECKBOX LANÇAMENTOS BAIXADOS
28-06-2024 07:41:54.057Z;functions.desmark_filter;  CLICK CHECKBOX LANÇAMENTOS CANCELADOS
28-06-2024 07:41:56.932Z;functions.desmark_filter;  CLICK CHECKBOX LANÇAMENTOS FATURADOS
28-06-2024 07:41:59.369Z;functions.desmark_filter;  CLICK CHECKBOX LANÇAMENTOS FATURADOS
28-06-2024 07:42:04.556Z;functions.waitForImage;  FILTER CLEAN image found.
28-06-2024 07:42:06.669Z;functions.filter_clean;  CLICA NO BOTÃO X DO LIMPA FILTRO
28-06-2024 07:42:21.963Z;functions.waitForImage;  FILTER CLEAN image not found.
28-06-2024 07:42:37.259Z;functions.waitForImage;  FILTER CLEAN image not found.
28-06-2024 07:42:37.259Z;functions.check_table_record;  VERIFICANDO SE A TABELA ESTÁ VAZIA
28-06-2024 07:42:40.181Z;functions.check_table_record;  Texto extraido 1/91
28-06-2024 07:42:40.181Z;functions.check_table_record;  Count 91
28-06-2024 07:42:40.181Z;functions.check_table_record;  Type <class 'int'>
28-06-2024 07:42:40.181Z;functions.check_table_record;  TABELA CONTÉM REGISTROS
28-06-2024 07:42:52.030Z;functions.select_tipo_documento;  NOME DA COLUNA: Tipo de Documento
28-06-2024 07:42:53.822Z;functions.select_tipo_documento;  HOVER NOME DA COLUNA: Tipo de Documento
28-06-2024 07:42:54.646Z;functions.select_tipo_documento;  CLICA NO FILTRO PERSONALIZAR
28-06-2024 07:42:56.087Z;functions.select_tipo_documento;  CLICA PARA SELECIONAR OPÇÕES DO FILTRO
28-06-2024 07:43:02.529Z;functions.select_tipo_documento;  FILTRO "NÃO É IGUAL A INV" DEFINIDO
28-06-2024 07:43:03.525Z;functions.select_tipo_documento;  CLICK BUTTON CONFIRMAR FILTRO
28-06-2024 07:43:08.529Z;functions.filter_IPTE;  VERIFICANDO O COD DO CLIENTE EM CADA REGISTRO
28-06-2024 07:43:10.056Z;functions.filter_IPTE;  CLICA NA PRIMEIRA LINHA DA TABELA
28-06-2024 07:43:33.416Z;functions.filter_IPTE;  HOVER FILTER
28-06-2024 07:43:35.159Z;functions.filter_IPTE;  CLICK FILTER
28-06-2024 07:43:39.487Z;functions.filter_IPTE;  CLICA NO FILTRO PERSONALIZAR
28-06-2024 07:44:24.556Z;functions.filter_IPTE;  MOVIDO PRA CIMA 100 VEZES
28-06-2024 07:45:03.494Z;functions.filter_IPTE;  MOVIDO PRA CIMA MAIS 100 VEZES
28-06-2024 07:45:21.916Z;functions.filter_IPTE;  TABELA NÃO CONTÉM REGISTROS
28-06-2024 07:45:21.916Z;functions.check_table_record;  VERIFICANDO SE A TABELA ESTÁ VAZIA
28-06-2024 07:45:24.853Z;functions.check_table_record;  Texto extraido 0/0
28-06-2024 07:45:24.853Z;functions.check_table_record;  Count 0
28-06-2024 07:45:24.853Z;functions.check_table_record;  Type <class 'int'>
28-06-2024 07:45:24.853Z;functions.check_table_record;  SEM REGISTROS
28-06-2024 07:45:26.859Z;main.<module>;  SEM REMESSA BANCÁRIA
28-06-2024 07:45:26.859Z;functions.movimentacao_bancaria;  AGUARDANDO 1
28-06-2024 07:45:28.087Z;functions.movimentacao_bancaria;  CLICA NA ABA MOVIMENTAÇÃO BANCARIA
28-06-2024 07:45:28.291Z;functions.waitForImage;  IMAGEM BORDERO image found.
28-06-2024 07:45:30.397Z;functions.movimentacao_bancaria;  IMAGEM BORDERO CLICADA.
28-06-2024 07:45:40.900Z;functions.waitForImage;  LICENCAS EXCEDIDAS image not found.
28-06-2024 07:45:41.587Z;functions.movimentacao_bancaria;  ENCONTROU O FILTRO DA MOVIMENTAÇÃO BANCÁRIA
28-06-2024 07:45:41.650Z;functions.movimentacao_bancaria;  CLICA NA ABA SUPERIOR DO FILTRO
28-06-2024 07:45:48.960Z;functions.movimentacao_bancaria;  SELECIONA O FILTRO HOJE
28-06-2024 07:45:54.134Z;functions.waitForImage;  FILTER CLEAN image found.
28-06-2024 07:45:56.282Z;functions.filter_clean;  CLICA NO BOTÃO X DO LIMPA FILTRO
28-06-2024 07:46:11.759Z;functions.waitForImage;  FILTER CLEAN image not found.
28-06-2024 07:46:27.322Z;functions.waitForImage;  FILTER CLEAN image not found.
28-06-2024 07:46:28.868Z;functions.movimentacao_bancaria;  CLICA NA PRIMEIRA LINHA DA TABELA MOVIMENTAÇÃO BANCÁRIA
28-06-2024 07:46:30.337Z;functions.movimentacao_bancaria;  CLICA NA PRIMEIRA LINHA DA TABELA MOVIMENTAÇÃO BANCÁRIA
28-06-2024 07:46:31.568Z;functions.movimentacao_bancaria;  12 PASSOS PARA DIREITA NA TABELA >>
28-06-2024 07:46:33.634Z;functions.movimentacao_bancaria;  HOVER FILTER
28-06-2024 07:46:34.217Z;functions.movimentacao_bancaria;  CLICK FILTER
28-06-2024 07:46:38.548Z;functions.movimentacao_bancaria;  CLICA NO FILTRO  STATUS DA REMESSA
28-06-2024 07:46:40.651Z;functions.movimentacao_bancaria;  APERTA TAB PARA ESCREVER O FILTRO
28-06-2024 07:46:42.766Z;functions.movimentacao_bancaria;  ESCREVE PENDENTE NO FILTRO
28-06-2024 07:46:44.869Z;functions.movimentacao_bancaria;  APERTA ENTER PARA SELECIONAR OS PENDENTES
28-06-2024 07:47:08.166Z;functions.movimentacao_bancaria;  SEM PROCESSAMENTO DE BORDERO PENDENTE
28-06-2024 07:47:18.322Z;functions.waitForImage;  FILTER CLEAN image found.
28-06-2024 07:47:20.441Z;functions.filter_clean;  CLICA NO BOTÃO X DO LIMPA FILTRO
28-06-2024 07:47:35.946Z;functions.waitForImage;  FILTER CLEAN image not found.
28-06-2024 07:47:51.540Z;functions.waitForImage;  FILTER CLEAN image not found.
28-06-2024 07:47:53.243Z;functions.processo_pagamento;  CLICA NA PRIMEIRA LINHA DA TABELA MOVIMENTAÇÃO BANCÁRIA
28-06-2024 07:47:55.259Z;functions.processo_pagamento;  HOVER FILTER
28-06-2024 07:47:55.788Z;functions.processo_pagamento;  CLICK FILTER
28-06-2024 07:48:00.117Z;functions.processo_pagamento;  CLICA NO FILTRO  STATUS DA REMESSA
28-06-2024 07:48:02.220Z;functions.processo_pagamento;  APERTA TAB PARA ESCREVER O FILTRO
28-06-2024 07:48:04.337Z;functions.processo_pagamento;  ESCREVE AUTORIZADO NO FILTRO
28-06-2024 07:48:06.439Z;functions.processo_pagamento;  APERTA ENTER PARA SELECIONAR OS AUTORIZADOS
28-06-2024 07:48:29.665Z;functions.processo_pagamento;  SEM REMESSA DE BORDERO AUTORIZADO
28-06-2024 07:48:30.769Z;functions.processo_pagamento;  FECHA ABA MOVIMENTAÇÕES BANCÁRIAS
28-06-2024 07:48:31.837Z;functions.enter_contas_a_pagar;  CLICK - TOTVS - LINHA RM
28-06-2024 07:48:33.212Z;functions.enter_contas_a_pagar;  CLICK - BACK OFFICE
28-06-2024 07:48:34.118Z;functions.enter_contas_a_pagar;  CLICK - GESTAO FINANCEIRA
28-06-2024 07:48:40.494Z;functions.enter_contas_a_pagar;  CLICK - CONTAS A PAGAR
28-06-2024 07:48:41.353Z;functions.waitForImage;  LANÇAMENTOS image found.
28-06-2024 07:48:43.471Z;functions.enter_contas_a_pagar;  CLICA EM LANÇAMENTOS
28-06-2024 07:48:58.962Z;functions.waitForImage;  LICENCAS EXCEDIDAS image not found.
28-06-2024 07:48:58.962Z;functions.obter_intervalo_data;  VERIFICANDO A HORA ATUAL 7
28-06-2024 07:48:58.993Z;functions.obter_intervalo_data;  Data Inicial BANCARIA antes da remoção: None
28-06-2024 07:48:58.993Z;functions.obter_intervalo_data;  Data Final BANCARIA antes da remoção: None
28-06-2024 07:48:59.009Z;functions.obter_intervalo_data;  Data Inicial BANCARIA após a remoção: None
28-06-2024 07:48:59.009Z;functions.obter_intervalo_data;  Data Final BANCARIA após a remoção: None
28-06-2024 07:48:59.009Z;functions.obter_intervalo_data;  hoje -  2024-06-28 07:48:59.009499
28-06-2024 07:48:59.009Z;functions.data_filter;  DATA INICIO 03-07-2024
28-06-2024 07:48:59.009Z;functions.data_filter;  DATA FIM 09-07-2024
28-06-2024 07:48:59.009Z;functions.data_filter;  CLICK - SELECIONA A DATA DE QUARTA FEIRA E DA PROXIMA TERÇA
28-06-2024 07:48:59.009Z;functions.data_filter;  QUARTA-FEIRA: 03-07-2024
28-06-2024 07:48:59.009Z;functions.data_filter;  TERCA-FEIRA: 09-07-2024
28-06-2024 07:49:11.556Z;functions.data_filter;  CLICK - BOTAO DE SELECAO DE FILTRO
28-06-2024 07:49:16.072Z;functions.data_filter;  INSERE - DATA DE QUARTA-FEIRA: 03-07-2024
28-06-2024 07:49:20.290Z;functions.data_filter;  INSERE - DATA DA PROX TERCA-FEIRA: 09-07-2024
28-06-2024 07:49:21.368Z;functions.data_filter;  CLICK - BOTAO DE EXECUTAR O FILTRO
28-06-2024 07:49:26.372Z;functions.desmark_filter;  AGUARDANDO 1
28-06-2024 07:49:28.619Z;functions.desmark_filter;  CLICK CHECKBOX LANÇAMENTOS A RECEBER
28-06-2024 07:49:30.703Z;functions.desmark_filter;  CLICK CHECKBOX LANÇAMENTOS BAIXADOS
28-06-2024 07:49:32.900Z;functions.desmark_filter;  CLICK CHECKBOX LANÇAMENTOS CANCELADOS
28-06-2024 07:49:35.400Z;functions.desmark_filter;  CLICK CHECKBOX LANÇAMENTOS FATURADOS
28-06-2024 07:49:37.900Z;functions.desmark_filter;  CLICK CHECKBOX LANÇAMENTOS FATURADOS
28-06-2024 07:49:43.087Z;functions.waitForImage;  FILTER CLEAN image found.
28-06-2024 07:49:45.197Z;functions.filter_clean;  CLICA NO BOTÃO X DO LIMPA FILTRO
28-06-2024 07:50:00.462Z;functions.waitForImage;  FILTER CLEAN image not found.
28-06-2024 07:50:15.728Z;functions.waitForImage;  FILTER CLEAN image not found.
28-06-2024 07:50:16.952Z;functions.filter_forma_pagamento;  CLICA NA PRIMEIRA LINHA DA TABELA
28-06-2024 07:50:17.212Z;functions.filter_forma_pagamento;  CLICK NA PRIMEIRA LINHA E COLUNA DA TABELA
28-06-2024 07:50:33.498Z;functions.filter_forma_pagamento;  160 PASSOS PARA DIREITA NA TABELA >>
28-06-2024 07:50:39.087Z;functions.filter_forma_pagamento;  HOVER NOME DA COLUNA FORMA DE PAGAMENTO
28-06-2024 07:50:40.846Z;functions.filter_forma_pagamento;  CLICA PARA APARECER O FILTRO PERSONALIZAR
28-06-2024 07:50:44.176Z;functions.filter_forma_pagamento;  CLICA NO FILTRO PERSONALIZAR
28-06-2024 07:50:56.493Z;functions.filter_forma_pagamento;  Texto extraido 0/0
28-06-2024 07:50:56.493Z;functions.filter_forma_pagamento;  Count 0
28-06-2024 07:50:56.493Z;functions.filter_forma_pagamento;  Type <class 'int'>
28-06-2024 07:50:56.493Z;functions.filter_forma_pagamento;  SEM REGISTROS
28-06-2024 07:50:58.497Z;functions.check_table_record;  VERIFICANDO SE A TABELA ESTÁ VAZIA
28-06-2024 07:51:01.212Z;functions.check_table_record;  Texto extraido 0/0
28-06-2024 07:51:01.212Z;functions.check_table_record;  Count 0
28-06-2024 07:51:01.212Z;functions.check_table_record;  Type <class 'int'>
28-06-2024 07:51:01.212Z;functions.check_table_record;  SEM REGISTROS
28-06-2024 07:51:05.221Z;main.<module>;  SEM REMESSA DE TED CIP
28-06-2024 07:51:06.149Z;functions.enter_contas_a_pagar;  CLICK - TOTVS - LINHA RM
28-06-2024 07:51:07.589Z;functions.enter_contas_a_pagar;  CLICK - BACK OFFICE
28-06-2024 07:51:08.493Z;functions.enter_contas_a_pagar;  CLICK - GESTAO FINANCEIRA
28-06-2024 07:51:14.306Z;functions.enter_contas_a_pagar;  CLICK - CONTAS A PAGAR
28-06-2024 07:51:15.165Z;functions.waitForImage;  LANÇAMENTOS image found.
28-06-2024 07:51:17.282Z;functions.enter_contas_a_pagar;  CLICA EM LANÇAMENTOS
28-06-2024 07:51:32.774Z;functions.waitForImage;  LICENCAS EXCEDIDAS image not found.
28-06-2024 07:51:32.774Z;functions.obter_intervalo_data;  VERIFICANDO A HORA ATUAL 7
28-06-2024 07:51:32.790Z;functions.obter_intervalo_data;  Data Inicial BANCARIA antes da remoção: None
28-06-2024 07:51:32.790Z;functions.obter_intervalo_data;  Data Final BANCARIA antes da remoção: None
28-06-2024 07:51:32.790Z;functions.obter_intervalo_data;  Data Inicial BANCARIA após a remoção: None
28-06-2024 07:51:32.790Z;functions.obter_intervalo_data;  Data Final BANCARIA após a remoção: None
28-06-2024 07:51:32.790Z;functions.obter_intervalo_data;  hoje -  2024-06-28 07:51:32.790658
28-06-2024 07:51:32.790Z;functions.data_filter;  DATA INICIO 03-07-2024
28-06-2024 07:51:32.790Z;functions.data_filter;  DATA FIM 09-07-2024
28-06-2024 07:51:32.790Z;functions.data_filter;  CLICK - SELECIONA A DATA DE QUARTA FEIRA E DA PROXIMA TERÇA
28-06-2024 07:51:32.790Z;functions.data_filter;  QUARTA-FEIRA: 03-07-2024
28-06-2024 07:51:32.790Z;functions.data_filter;  TERCA-FEIRA: 09-07-2024
28-06-2024 07:51:45.306Z;functions.data_filter;  CLICK - BOTAO DE SELECAO DE FILTRO
28-06-2024 07:51:49.853Z;functions.data_filter;  INSERE - DATA DE QUARTA-FEIRA: 03-07-2024
28-06-2024 07:51:54.040Z;functions.data_filter;  INSERE - DATA DA PROX TERCA-FEIRA: 09-07-2024
28-06-2024 07:51:55.087Z;functions.data_filter;  CLICK - BOTAO DE EXECUTAR O FILTRO
28-06-2024 07:52:00.102Z;functions.desmark_filter;  AGUARDANDO 1
28-06-2024 07:52:02.432Z;functions.desmark_filter;  CLICK CHECKBOX LANÇAMENTOS A RECEBER
28-06-2024 07:52:04.635Z;functions.desmark_filter;  CLICK CHECKBOX LANÇAMENTOS BAIXADOS
28-06-2024 07:52:06.868Z;functions.desmark_filter;  CLICK CHECKBOX LANÇAMENTOS CANCELADOS
28-06-2024 07:52:09.021Z;functions.desmark_filter;  CLICK CHECKBOX LANÇAMENTOS FATURADOS
28-06-2024 07:52:11.399Z;functions.desmark_filter;  CLICK CHECKBOX LANÇAMENTOS FATURADOS
28-06-2024 07:52:16.587Z;functions.waitForImage;  FILTER CLEAN image found.
28-06-2024 07:52:18.698Z;functions.filter_clean;  CLICA NO BOTÃO X DO LIMPA FILTRO
28-06-2024 07:52:33.993Z;functions.waitForImage;  FILTER CLEAN image not found.
28-06-2024 07:52:49.290Z;functions.waitForImage;  FILTER CLEAN image not found.
28-06-2024 07:52:50.993Z;functions.filter_forma_pagamento_branco;  CLICK NA PRIMEIRA LINHA E COLUNA DA TABELA
28-06-2024 07:53:07.268Z;functions.filter_forma_pagamento_branco;  160 PASSOS PARA DIREITA NA TABELA >>
28-06-2024 07:53:13.040Z;functions.filter_forma_pagamento_branco;  HOVER NOME DA COLUNA FORMA DE PAGAMENTO
28-06-2024 07:53:14.876Z;functions.filter_forma_pagamento_branco;  CLICA PARA APARECER O FILTRO PERSONALIZAR
28-06-2024 07:53:18.206Z;functions.filter_forma_pagamento_branco;  CLICA NO FILTRO PERSONALIZAR
28-06-2024 07:53:26.791Z;functions.filter_forma_pagamento_branco;  Texto extraido 1/16
28-06-2024 07:53:26.791Z;functions.filter_forma_pagamento_branco;  Count 16
28-06-2024 07:53:26.791Z;functions.filter_forma_pagamento_branco;  Type <class 'int'>
28-06-2024 07:53:26.791Z;functions.filter_forma_pagamento_branco;  TABELA CONTÉM REGISTROS
28-06-2024 07:53:31.165Z;functions.filter_forma_pagamento_branco;  MOVIDO PRA CIMA 16 VEZES
28-06-2024 07:53:35.034Z;functions.check_table_record;  VERIFICANDO SE A TABELA ESTÁ VAZIA
28-06-2024 07:53:37.946Z;functions.check_table_record;  Texto extraido 1/16
28-06-2024 07:53:37.946Z;functions.check_table_record;  Count 16
28-06-2024 07:53:37.946Z;functions.check_table_record;  Type <class 'int'>
28-06-2024 07:53:37.946Z;functions.check_table_record;  TABELA CONTÉM REGISTROS
28-06-2024 07:53:37.946Z;functions.check_ted_branco;  VERIFICANDO O COD DO CLIENTE EM CADA REGISTRO
28-06-2024 07:53:39.462Z;functions.check_ted_branco;  CLICA NA PRIMEIRA LINHA DA TABELA
28-06-2024 07:53:43.569Z;functions.check_ted_branco;  REFERNCIA: 968434
28-06-2024 07:53:43.871Z;functions.check_ted_branco;  ENTRANDO NO REGISTRO 
28-06-2024 07:54:01.571Z;functions.waitForImage;  INTEGRAÇÃO BANCÁRIA image found.
28-06-2024 07:54:01.688Z;functions.check_ted_branco;  CLICA EM INTEGRAÇÃO BANCÁRIA
28-06-2024 07:54:01.688Z;functions.check_ted_branco;  VERIFICANDO INFORMAÇÕES
28-06-2024 07:54:01.860Z;functions.waitForImage;  TRES PONTINHOS image found.
28-06-2024 07:54:14.488Z;functions.check_ted_branco;  VERIFICANDO SE TEM PIX NO FILTRO
28-06-2024 07:54:14.649Z;functions.waitForImage;  CHECANDO DADOS BANCÁRIOS PIX image found.
28-06-2024 07:54:16.654Z;functions.check_ted_branco;  PIX NÃO ENCONTRADO PARA REFERENCIA: 968434
28-06-2024 07:54:20.366Z;functions.check_ted_branco;  APERTA EM CANCELAR
28-06-2024 07:54:20.524Z;functions.waitForImage;  PRESS BUTTON OK image found.
28-06-2024 07:54:22.659Z;functions.click_ok;  PRESS BUTTON OK
28-06-2024 07:54:35.149Z;functions.waitForImage;  ERROR GENERICO image not found.
28-06-2024 07:54:40.837Z;functions.waitForImage;  ERROR FILTRO PIX image not found.
28-06-2024 07:54:44.954Z;functions.check_ted_branco;  PASSANDO PARA PRÓXIMO REGISTRO
28-06-2024 07:54:49.059Z;functions.check_ted_branco;  REFERNCIA: 589662
28-06-2024 07:54:49.360Z;functions.check_ted_branco;  ENTRANDO NO REGISTRO 
28-06-2024 07:54:55.509Z;functions.waitForImage;  INTEGRAÇÃO BANCÁRIA image found.
28-06-2024 07:54:55.626Z;functions.check_ted_branco;  CLICA EM INTEGRAÇÃO BANCÁRIA
28-06-2024 07:54:55.626Z;functions.check_ted_branco;  VERIFICANDO INFORMAÇÕES
28-06-2024 07:54:56.493Z;functions.waitForImage;  TRES PONTINHOS image found.
28-06-2024 07:55:09.120Z;functions.check_ted_branco;  VERIFICANDO SE TEM PIX NO FILTRO
28-06-2024 07:55:09.306Z;functions.waitForImage;  CHECANDO DADOS BANCÁRIOS PIX image found.
28-06-2024 07:55:11.312Z;functions.check_ted_branco;  PIX NÃO ENCONTRADO PARA REFERENCIA: 589662
28-06-2024 07:55:15.024Z;functions.check_ted_branco;  APERTA EM CANCELAR
28-06-2024 07:55:15.196Z;functions.waitForImage;  PRESS BUTTON OK image found.
28-06-2024 07:55:17.315Z;functions.click_ok;  PRESS BUTTON OK
28-06-2024 07:55:29.805Z;functions.waitForImage;  ERROR GENERICO image not found.
28-06-2024 07:55:34.806Z;functions.waitForImage;  ERROR FILTRO PIX image not found.
28-06-2024 07:55:38.922Z;functions.check_ted_branco;  PASSANDO PARA PRÓXIMO REGISTRO
28-06-2024 07:55:43.026Z;functions.check_ted_branco;  REFERNCIA: 971978
28-06-2024 07:55:43.328Z;functions.check_ted_branco;  ENTRANDO NO REGISTRO 
28-06-2024 07:55:48.071Z;functions.waitForImage;  INTEGRAÇÃO BANCÁRIA image found.
28-06-2024 07:55:48.188Z;functions.check_ted_branco;  CLICA EM INTEGRAÇÃO BANCÁRIA
28-06-2024 07:55:48.188Z;functions.check_ted_branco;  VERIFICANDO INFORMAÇÕES
28-06-2024 07:55:48.369Z;functions.waitForImage;  TRES PONTINHOS image found.
28-06-2024 07:56:00.995Z;functions.check_ted_branco;  VERIFICANDO SE TEM PIX NO FILTRO
28-06-2024 07:56:01.181Z;functions.waitForImage;  CHECANDO DADOS BANCÁRIOS PIX image found.
28-06-2024 07:56:03.183Z;functions.check_ted_branco;  PIX NÃO ENCONTRADO PARA REFERENCIA: 971978
28-06-2024 07:56:06.895Z;functions.check_ted_branco;  APERTA EM CANCELAR
28-06-2024 07:56:07.087Z;functions.waitForImage;  PRESS BUTTON OK image found.
28-06-2024 07:56:09.219Z;functions.click_ok;  PRESS BUTTON OK
28-06-2024 07:56:21.696Z;functions.waitForImage;  ERROR GENERICO image not found.
28-06-2024 07:56:26.743Z;functions.waitForImage;  ERROR FILTRO PIX image not found.
28-06-2024 07:56:30.861Z;functions.check_ted_branco;  PASSANDO PARA PRÓXIMO REGISTRO
28-06-2024 07:56:34.965Z;functions.check_ted_branco;  REFERNCIA: 970297
28-06-2024 07:56:35.266Z;functions.check_ted_branco;  ENTRANDO NO REGISTRO 
28-06-2024 07:56:39.946Z;functions.waitForImage;  INTEGRAÇÃO BANCÁRIA image found.
28-06-2024 07:56:40.063Z;functions.check_ted_branco;  CLICA EM INTEGRAÇÃO BANCÁRIA
28-06-2024 07:56:40.063Z;functions.check_ted_branco;  VERIFICANDO INFORMAÇÕES
28-06-2024 07:56:40.236Z;functions.waitForImage;  TRES PONTINHOS image found.
28-06-2024 07:56:52.862Z;functions.check_ted_branco;  VERIFICANDO SE TEM PIX NO FILTRO
28-06-2024 07:56:53.024Z;functions.waitForImage;  CHECANDO DADOS BANCÁRIOS PIX image found.
28-06-2024 07:56:55.031Z;functions.check_ted_branco;  PIX NÃO ENCONTRADO PARA REFERENCIA: 970297
28-06-2024 07:56:58.744Z;functions.check_ted_branco;  APERTA EM CANCELAR
28-06-2024 07:56:58.915Z;functions.waitForImage;  PRESS BUTTON OK image found.
28-06-2024 07:57:01.034Z;functions.click_ok;  PRESS BUTTON OK
28-06-2024 07:57:13.524Z;functions.waitForImage;  ERROR GENERICO image not found.
28-06-2024 07:57:18.540Z;functions.waitForImage;  ERROR FILTRO PIX image not found.
28-06-2024 07:57:22.643Z;functions.check_ted_branco;  PASSANDO PARA PRÓXIMO REGISTRO
28-06-2024 07:57:26.763Z;functions.check_ted_branco;  REFERNCIA: 971063
28-06-2024 07:57:27.064Z;functions.check_ted_branco;  ENTRANDO NO REGISTRO 
28-06-2024 07:57:31.735Z;functions.waitForImage;  INTEGRAÇÃO BANCÁRIA image found.
28-06-2024 07:57:31.845Z;functions.check_ted_branco;  CLICA EM INTEGRAÇÃO BANCÁRIA
28-06-2024 07:57:31.845Z;functions.check_ted_branco;  VERIFICANDO INFORMAÇÕES
28-06-2024 07:57:32.024Z;functions.waitForImage;  TRES PONTINHOS image found.
28-06-2024 07:57:44.649Z;functions.check_ted_branco;  VERIFICANDO SE TEM PIX NO FILTRO
28-06-2024 07:57:44.837Z;functions.waitForImage;  CHECANDO DADOS BANCÁRIOS PIX image found.
28-06-2024 07:57:46.841Z;functions.check_ted_branco;  PIX NÃO ENCONTRADO PARA REFERENCIA: 971063
28-06-2024 07:57:50.553Z;functions.check_ted_branco;  APERTA EM CANCELAR
28-06-2024 07:57:50.727Z;functions.waitForImage;  PRESS BUTTON OK image found.
28-06-2024 07:57:52.846Z;functions.click_ok;  PRESS BUTTON OK
28-06-2024 07:58:05.321Z;functions.waitForImage;  ERROR GENERICO image not found.
28-06-2024 07:58:10.336Z;functions.waitForImage;  ERROR FILTRO PIX image not found.
28-06-2024 07:58:14.454Z;functions.check_ted_branco;  PASSANDO PARA PRÓXIMO REGISTRO
28-06-2024 07:58:18.558Z;functions.check_ted_branco;  REFERNCIA: 971068
28-06-2024 07:58:18.859Z;functions.check_ted_branco;  ENTRANDO NO REGISTRO 
28-06-2024 07:58:23.587Z;functions.waitForImage;  INTEGRAÇÃO BANCÁRIA image found.
28-06-2024 07:58:23.719Z;functions.check_ted_branco;  CLICA EM INTEGRAÇÃO BANCÁRIA
28-06-2024 07:58:23.719Z;functions.check_ted_branco;  VERIFICANDO INFORMAÇÕES
28-06-2024 07:58:23.896Z;functions.waitForImage;  TRES PONTINHOS image found.
28-06-2024 07:58:36.522Z;functions.check_ted_branco;  VERIFICANDO SE TEM PIX NO FILTRO
28-06-2024 07:58:36.711Z;functions.waitForImage;  CHECANDO DADOS BANCÁRIOS PIX image found.
28-06-2024 07:58:38.714Z;functions.check_ted_branco;  PIX NÃO ENCONTRADO PARA REFERENCIA: 971068
28-06-2024 07:58:42.427Z;functions.check_ted_branco;  APERTA EM CANCELAR
28-06-2024 07:58:42.613Z;functions.waitForImage;  PRESS BUTTON OK image found.
28-06-2024 07:58:44.721Z;functions.click_ok;  PRESS BUTTON OK
28-06-2024 07:58:57.196Z;functions.waitForImage;  ERROR GENERICO image not found.
28-06-2024 07:59:02.212Z;functions.waitForImage;  ERROR FILTRO PIX image not found.
28-06-2024 07:59:06.329Z;functions.check_ted_branco;  PASSANDO PARA PRÓXIMO REGISTRO
28-06-2024 07:59:10.434Z;functions.check_ted_branco;  REFERNCIA: 962456
28-06-2024 07:59:10.735Z;functions.check_ted_branco;  ENTRANDO NO REGISTRO 
28-06-2024 07:59:15.446Z;functions.waitForImage;  INTEGRAÇÃO BANCÁRIA image found.
28-06-2024 07:59:15.564Z;functions.check_ted_branco;  CLICA EM INTEGRAÇÃO BANCÁRIA
28-06-2024 07:59:15.564Z;functions.check_ted_branco;  VERIFICANDO INFORMAÇÕES
28-06-2024 07:59:15.743Z;functions.waitForImage;  TRES PONTINHOS image found.
28-06-2024 07:59:28.370Z;functions.check_ted_branco;  VERIFICANDO SE TEM PIX NO FILTRO
28-06-2024 07:59:28.555Z;functions.waitForImage;  CHECANDO DADOS BANCÁRIOS PIX image found.
28-06-2024 07:59:30.560Z;functions.check_ted_branco;  PIX NÃO ENCONTRADO PARA REFERENCIA: 962456
28-06-2024 07:59:34.273Z;functions.check_ted_branco;  APERTA EM CANCELAR
28-06-2024 07:59:34.430Z;functions.waitForImage;  PRESS BUTTON OK image found.
28-06-2024 07:59:36.565Z;functions.click_ok;  PRESS BUTTON OK
28-06-2024 07:59:49.055Z;functions.waitForImage;  ERROR GENERICO image not found.
28-06-2024 07:59:54.055Z;functions.waitForImage;  ERROR FILTRO PIX image not found.
28-06-2024 07:59:58.172Z;functions.check_ted_branco;  PASSANDO PARA PRÓXIMO REGISTRO
28-06-2024 08:00:02.277Z;functions.check_ted_branco;  REFERNCIA: 972265
28-06-2024 08:00:02.578Z;functions.check_ted_branco;  ENTRANDO NO REGISTRO 
28-06-2024 08:00:07.290Z;functions.waitForImage;  INTEGRAÇÃO BANCÁRIA image found.
28-06-2024 08:00:07.407Z;functions.check_ted_branco;  CLICA EM INTEGRAÇÃO BANCÁRIA
28-06-2024 08:00:07.407Z;functions.check_ted_branco;  VERIFICANDO INFORMAÇÕES
28-06-2024 08:00:08.259Z;functions.waitForImage;  TRES PONTINHOS image found.
28-06-2024 08:00:20.897Z;functions.check_ted_branco;  VERIFICANDO SE TEM PIX NO FILTRO
28-06-2024 08:00:21.087Z;functions.waitForImage;  CHECANDO DADOS BANCÁRIOS PIX image found.
28-06-2024 08:00:23.089Z;functions.check_ted_branco;  PIX NÃO ENCONTRADO PARA REFERENCIA: 972265
28-06-2024 08:00:26.800Z;functions.check_ted_branco;  APERTA EM CANCELAR
28-06-2024 08:00:26.946Z;functions.waitForImage;  PRESS BUTTON OK image found.
28-06-2024 08:00:29.063Z;functions.click_ok;  PRESS BUTTON OK
28-06-2024 08:00:41.555Z;functions.waitForImage;  ERROR GENERICO image not found.
28-06-2024 08:00:46.571Z;functions.waitForImage;  ERROR FILTRO PIX image not found.
28-06-2024 08:00:50.674Z;functions.check_ted_branco;  PASSANDO PARA PRÓXIMO REGISTRO
28-06-2024 08:00:54.778Z;functions.check_ted_branco;  REFERNCIA: 966026
28-06-2024 08:00:55.080Z;functions.check_ted_branco;  ENTRANDO NO REGISTRO 
28-06-2024 08:00:59.790Z;functions.waitForImage;  INTEGRAÇÃO BANCÁRIA image found.
28-06-2024 08:00:59.907Z;functions.check_ted_branco;  CLICA EM INTEGRAÇÃO BANCÁRIA
28-06-2024 08:00:59.907Z;functions.check_ted_branco;  VERIFICANDO INFORMAÇÕES
28-06-2024 08:01:00.092Z;functions.waitForImage;  TRES PONTINHOS image found.
28-06-2024 08:01:12.717Z;functions.check_ted_branco;  VERIFICANDO SE TEM PIX NO FILTRO
28-06-2024 08:01:12.899Z;functions.waitForImage;  CHECANDO DADOS BANCÁRIOS PIX image found.
28-06-2024 08:01:14.902Z;functions.check_ted_branco;  PIX NÃO ENCONTRADO PARA REFERENCIA: 966026
28-06-2024 08:01:18.614Z;functions.check_ted_branco;  APERTA EM CANCELAR
28-06-2024 08:01:18.805Z;functions.waitForImage;  PRESS BUTTON OK image found.
28-06-2024 08:01:20.938Z;functions.click_ok;  PRESS BUTTON OK
28-06-2024 08:01:33.430Z;functions.waitForImage;  ERROR GENERICO image not found.
28-06-2024 08:01:38.430Z;functions.waitForImage;  ERROR FILTRO PIX image not found.
28-06-2024 08:01:42.550Z;functions.check_ted_branco;  PASSANDO PARA PRÓXIMO REGISTRO
28-06-2024 08:01:46.654Z;functions.check_ted_branco;  REFERNCIA: 948071
28-06-2024 08:01:46.956Z;functions.check_ted_branco;  ENTRANDO NO REGISTRO 
28-06-2024 08:01:51.665Z;functions.waitForImage;  INTEGRAÇÃO BANCÁRIA image found.
28-06-2024 08:01:51.782Z;functions.check_ted_branco;  CLICA EM INTEGRAÇÃO BANCÁRIA
28-06-2024 08:01:51.782Z;functions.check_ted_branco;  VERIFICANDO INFORMAÇÕES
28-06-2024 08:01:51.961Z;functions.waitForImage;  TRES PONTINHOS image found.
28-06-2024 08:02:04.588Z;functions.check_ted_branco;  VERIFICANDO SE TEM PIX NO FILTRO
28-06-2024 08:02:04.774Z;functions.waitForImage;  CHECANDO DADOS BANCÁRIOS PIX image found.
28-06-2024 08:02:06.776Z;functions.check_ted_branco;  PIX NÃO ENCONTRADO PARA REFERENCIA: 948071
28-06-2024 08:02:10.489Z;functions.check_ted_branco;  APERTA EM CANCELAR
28-06-2024 08:02:10.665Z;functions.waitForImage;  PRESS BUTTON OK image found.
28-06-2024 08:02:12.782Z;functions.click_ok;  PRESS BUTTON OK
28-06-2024 08:02:25.274Z;functions.waitForImage;  ERROR GENERICO image not found.
28-06-2024 08:02:30.962Z;functions.waitForImage;  ERROR FILTRO PIX image not found.
28-06-2024 08:02:35.079Z;functions.check_ted_branco;  PASSANDO PARA PRÓXIMO REGISTRO
28-06-2024 08:02:39.184Z;functions.check_ted_branco;  REFERNCIA: 972435
28-06-2024 08:02:39.485Z;functions.check_ted_branco;  ENTRANDO NO REGISTRO 
28-06-2024 08:02:44.165Z;functions.waitForImage;  INTEGRAÇÃO BANCÁRIA image found.
28-06-2024 08:02:44.284Z;functions.check_ted_branco;  CLICA EM INTEGRAÇÃO BANCÁRIA
28-06-2024 08:02:44.284Z;functions.check_ted_branco;  VERIFICANDO INFORMAÇÕES
28-06-2024 08:02:44.465Z;functions.waitForImage;  TRES PONTINHOS image found.
28-06-2024 08:02:57.092Z;functions.check_ted_branco;  VERIFICANDO SE TEM PIX NO FILTRO
28-06-2024 08:02:57.274Z;functions.waitForImage;  CHECANDO DADOS BANCÁRIOS PIX image found.
28-06-2024 08:02:59.276Z;functions.check_ted_branco;  PIX NÃO ENCONTRADO PARA REFERENCIA: 972435
28-06-2024 08:03:02.989Z;functions.check_ted_branco;  APERTA EM CANCELAR
28-06-2024 08:03:03.164Z;functions.waitForImage;  PRESS BUTTON OK image found.
28-06-2024 08:03:05.282Z;functions.click_ok;  PRESS BUTTON OK
28-06-2024 08:03:17.774Z;functions.waitForImage;  ERROR GENERICO image not found.
28-06-2024 08:03:22.790Z;functions.waitForImage;  ERROR FILTRO PIX image not found.
28-06-2024 08:03:26.899Z;functions.check_ted_branco;  PASSANDO PARA PRÓXIMO REGISTRO
28-06-2024 08:03:31.003Z;functions.check_ted_branco;  REFERNCIA: 971969
28-06-2024 08:03:31.305Z;functions.check_ted_branco;  ENTRANDO NO REGISTRO 
28-06-2024 08:03:35.961Z;functions.waitForImage;  INTEGRAÇÃO BANCÁRIA image found.
28-06-2024 08:03:36.095Z;functions.check_ted_branco;  CLICA EM INTEGRAÇÃO BANCÁRIA
28-06-2024 08:03:36.095Z;functions.check_ted_branco;  VERIFICANDO INFORMAÇÕES
28-06-2024 08:03:36.243Z;functions.waitForImage;  TRES PONTINHOS image found.
28-06-2024 08:03:48.883Z;functions.check_ted_branco;  VERIFICANDO SE TEM PIX NO FILTRO
28-06-2024 08:03:49.055Z;functions.waitForImage;  CHECANDO DADOS BANCÁRIOS PIX image found.
28-06-2024 08:03:51.058Z;functions.check_ted_branco;  PIX NÃO ENCONTRADO PARA REFERENCIA: 971969
28-06-2024 08:03:54.770Z;functions.check_ted_branco;  APERTA EM CANCELAR
28-06-2024 08:03:54.946Z;functions.waitForImage;  PRESS BUTTON OK image found.
28-06-2024 08:03:57.096Z;functions.click_ok;  PRESS BUTTON OK
28-06-2024 08:04:09.571Z;functions.waitForImage;  ERROR GENERICO image not found.
28-06-2024 08:04:15.274Z;functions.waitForImage;  ERROR FILTRO PIX image not found.
28-06-2024 08:04:19.390Z;functions.check_ted_branco;  PASSANDO PARA PRÓXIMO REGISTRO
28-06-2024 08:04:23.495Z;functions.check_ted_branco;  REFERNCIA: 970852
28-06-2024 08:04:23.797Z;functions.check_ted_branco;  ENTRANDO NO REGISTRO 
28-06-2024 08:04:28.492Z;functions.waitForImage;  INTEGRAÇÃO BANCÁRIA image found.
28-06-2024 08:04:28.628Z;functions.check_ted_branco;  CLICA EM INTEGRAÇÃO BANCÁRIA
28-06-2024 08:04:28.628Z;functions.check_ted_branco;  VERIFICANDO INFORMAÇÕES
28-06-2024 08:04:29.445Z;functions.waitForImage;  TRES PONTINHOS image found.
28-06-2024 08:04:42.078Z;functions.check_ted_branco;  VERIFICANDO SE TEM PIX NO FILTRO
28-06-2024 08:04:42.242Z;functions.waitForImage;  CHECANDO DADOS BANCÁRIOS PIX image found.
28-06-2024 08:04:44.245Z;functions.check_ted_branco;  PIX NÃO ENCONTRADO PARA REFERENCIA: 970852
28-06-2024 08:04:47.958Z;functions.check_ted_branco;  APERTA EM CANCELAR
28-06-2024 08:04:48.133Z;functions.waitForImage;  PRESS BUTTON OK image found.
28-06-2024 08:04:50.250Z;functions.click_ok;  PRESS BUTTON OK
28-06-2024 08:05:02.743Z;functions.waitForImage;  ERROR GENERICO image not found.
28-06-2024 08:05:07.758Z;functions.waitForImage;  ERROR FILTRO PIX image not found.
28-06-2024 08:05:11.863Z;functions.check_ted_branco;  PASSANDO PARA PRÓXIMO REGISTRO
28-06-2024 08:05:15.968Z;functions.check_ted_branco;  REFERNCIA: 970321
28-06-2024 08:05:16.269Z;functions.check_ted_branco;  ENTRANDO NO REGISTRO 
28-06-2024 08:05:20.992Z;functions.waitForImage;  INTEGRAÇÃO BANCÁRIA image found.
28-06-2024 08:05:21.125Z;functions.check_ted_branco;  CLICA EM INTEGRAÇÃO BANCÁRIA
28-06-2024 08:05:21.125Z;functions.check_ted_branco;  VERIFICANDO INFORMAÇÕES
28-06-2024 08:05:21.305Z;functions.waitForImage;  TRES PONTINHOS image found.
28-06-2024 08:05:33.932Z;functions.check_ted_branco;  VERIFICANDO SE TEM PIX NO FILTRO
28-06-2024 08:05:34.117Z;functions.waitForImage;  CHECANDO DADOS BANCÁRIOS PIX image found.
28-06-2024 08:05:36.123Z;functions.check_ted_branco;  PIX NÃO ENCONTRADO PARA REFERENCIA: 970321
28-06-2024 08:05:39.834Z;functions.check_ted_branco;  APERTA EM CANCELAR
28-06-2024 08:05:40.008Z;functions.waitForImage;  PRESS BUTTON OK image found.
28-06-2024 08:05:42.125Z;functions.click_ok;  PRESS BUTTON OK
28-06-2024 08:05:54.617Z;functions.waitForImage;  ERROR GENERICO image not found.
28-06-2024 08:05:59.617Z;functions.waitForImage;  ERROR FILTRO PIX image not found.
28-06-2024 08:06:03.733Z;functions.check_ted_branco;  PASSANDO PARA PRÓXIMO REGISTRO
28-06-2024 08:06:07.836Z;functions.check_ted_branco;  REFERNCIA: 970322
28-06-2024 08:06:08.138Z;functions.check_ted_branco;  ENTRANDO NO REGISTRO 
28-06-2024 08:06:12.836Z;functions.waitForImage;  INTEGRAÇÃO BANCÁRIA image found.
28-06-2024 08:06:12.968Z;functions.check_ted_branco;  CLICA EM INTEGRAÇÃO BANCÁRIA
28-06-2024 08:06:12.968Z;functions.check_ted_branco;  VERIFICANDO INFORMAÇÕES
28-06-2024 08:06:13.117Z;functions.waitForImage;  TRES PONTINHOS image found.
28-06-2024 08:06:25.756Z;functions.check_ted_branco;  VERIFICANDO SE TEM PIX NO FILTRO
28-06-2024 08:06:25.930Z;functions.waitForImage;  CHECANDO DADOS BANCÁRIOS PIX image found.
28-06-2024 08:06:27.932Z;functions.check_ted_branco;  PIX NÃO ENCONTRADO PARA REFERENCIA: 970322
28-06-2024 08:06:31.643Z;functions.check_ted_branco;  APERTA EM CANCELAR
28-06-2024 08:06:31.789Z;functions.waitForImage;  PRESS BUTTON OK image found.
28-06-2024 08:06:33.906Z;functions.click_ok;  PRESS BUTTON OK
28-06-2024 08:06:46.383Z;functions.waitForImage;  ERROR GENERICO image not found.
28-06-2024 08:06:51.398Z;functions.waitForImage;  ERROR FILTRO PIX image not found.
28-06-2024 08:06:55.517Z;functions.check_ted_branco;  PASSANDO PARA PRÓXIMO REGISTRO
28-06-2024 08:06:59.621Z;functions.check_ted_branco;  REFERNCIA: 970799
28-06-2024 08:06:59.922Z;functions.check_ted_branco;  ENTRANDO NO REGISTRO 
28-06-2024 08:07:05.289Z;functions.waitForImage;  INTEGRAÇÃO BANCÁRIA image found.
28-06-2024 08:07:05.408Z;functions.check_ted_branco;  CLICA EM INTEGRAÇÃO BANCÁRIA
28-06-2024 08:07:05.408Z;functions.check_ted_branco;  VERIFICANDO INFORMAÇÕES
28-06-2024 08:07:05.589Z;functions.waitForImage;  TRES PONTINHOS image found.
28-06-2024 08:07:18.217Z;functions.check_ted_branco;  VERIFICANDO SE TEM PIX NO FILTRO
28-06-2024 08:07:18.398Z;functions.waitForImage;  CHECANDO DADOS BANCÁRIOS PIX image found.
28-06-2024 08:07:20.401Z;functions.check_ted_branco;  PIX NÃO ENCONTRADO PARA REFERENCIA: 970799
28-06-2024 08:07:24.113Z;functions.check_ted_branco;  APERTA EM CANCELAR
28-06-2024 08:07:24.289Z;functions.waitForImage;  PRESS BUTTON OK image found.
28-06-2024 08:07:26.408Z;functions.click_ok;  PRESS BUTTON OK
28-06-2024 08:07:38.898Z;functions.waitForImage;  ERROR GENERICO image not found.
28-06-2024 08:07:43.899Z;functions.waitForImage;  ERROR FILTRO PIX image not found.
28-06-2024 08:07:43.899Z;functions.check_ted_branco;  FORAI VERIFICADO: 16 REFERENCIAS NO PROCESSAMENTO FORMA DE PAGAMENTO ELETRONICA EM BRANCO
28-06-2024 08:07:46.180Z;errorhandler.__handle;  Property: Unknown Property name. [1:203: -ms-interpolation-mode]
28-06-2024 08:07:46.211Z;errorhandler.__handle;  Property: Unknown Property name. [1:353: -webkit-font-smoothing]
28-06-2024 08:07:46.226Z;errorhandler.__handle;  Property: Unknown Property name. [1:483: -ms-text-size-adjust]
28-06-2024 08:07:46.226Z;errorhandler.__handle;  Property: Unknown Property name. [1:518: -webkit-text-size-adjust]
28-06-2024 08:07:46.226Z;errorhandler.__handle;  Property: Unknown Property name. [1:612: mso-table-lspace]
28-06-2024 08:07:46.242Z;errorhandler.__handle;  Property: Unknown Property name. [1:642: mso-table-rspace]
28-06-2024 08:07:46.476Z;errorhandler.__handle;  Property: Unknown Property name. [1:4734: mso-hide]
28-06-2024 08:07:46.570Z;errorhandler.__handle;  Property: Unknown Property name. [1:13: -ms-interpolation-mode]
28-06-2024 08:07:46.586Z;errorhandler.__handle;  Property: Unknown Property name. [1:49: -webkit-font-smoothing]
28-06-2024 08:07:46.586Z;errorhandler.__handle;  Property: Unknown Property name. [1:134: -ms-text-size-adjust]
28-06-2024 08:07:46.586Z;errorhandler.__handle;  Property: Unknown Property name. [1:160: -webkit-text-size-adjust]
28-06-2024 08:07:46.586Z;errorhandler.__handle;  Property: Unknown Property name. [1:26: mso-table-lspace]
28-06-2024 08:07:46.586Z;errorhandler.__handle;  Property: Unknown Property name. [1:45: mso-table-rspace]
28-06-2024 08:07:46.633Z;errorhandler.__handle;  Property: Unknown Property name. [1:92: mso-hide]
28-06-2024 08:07:46.633Z;errorhandler.__handle;  Property: No ":" after name found: align-center [1:1: align-center]
28-06-2024 08:07:46.633Z;errorhandler.__handle;  Property: No property value found: align-center [1:1: align-center]
28-06-2024 08:07:46.633Z;errorhandler.__handle;  CSSStyleDeclaration: Syntax Error in Property: align-center
28-06-2024 08:07:46.648Z;errorhandler.__handle;  Property: Unknown Property name. [1:14: -ms-interpolation-mode]
28-06-2024 08:07:49.258Z;functions.emailFinalizado;  Warning e-mail sent.
28-06-2024 08:07:49.258Z;main.<module>;  Remessa Bancária TED CIP com filtro de pagamento eletronica em branco modificadas para pix 
 PASSO 3 FINALIZADO
28-06-2024 08:07:49.258Z;main.<module>;  O PROGRAMA SERÁ ENCERRADO
28-06-2024 08:07:50.446Z;errorhandler.__handle;  Property: Unknown Property name. [1:14: -ms-interpolation-mode]
28-06-2024 08:07:53.445Z;functions.emailFinalizado;  Warning e-mail sent.
28-06-2024 08:07:53.836Z;functions.end_RM;  RM ENCERRADO
