16-04-2024 07:00:19.367Z;functions.bot_text_art;      ____   
16-04-2024 07:00:19.367Z;functions.bot_text_art;     [____]    
16-04-2024 07:00:19.367Z;functions.bot_text_art;   |=]()()[=|  
16-04-2024 07:00:19.367Z;functions.bot_text_art;     _\==/__    _____    ____     _        _____    ___   _  __
16-04-2024 07:00:19.367Z;functions.bot_text_art;   |__|   |_|  |  _  \  / ___|   | |      |_   _| / ___| | |/ /
16-04-2024 07:00:19.367Z;functions.bot_text_art;   |_|_/\_|_|  | |  | | | |      | |        | |   | |    | ' / 
16-04-2024 07:00:19.367Z;functions.bot_text_art;   | | __ | |  | |  | | | |      | |        | |   | |    |  <  
16-04-2024 07:00:19.367Z;functions.bot_text_art;   |_|[  ]|_|  | |__| | | |____  | |____   _| |_  | |__  | . \ 
16-04-2024 07:00:19.367Z;functions.bot_text_art;   \_|_||_|_/  |_____/   \_____| |______| |_____| \ ___| |_|\_\
16-04-2024 07:00:19.367Z;functions.bot_text_art;     |_||_|                                                     
16-04-2024 07:00:19.367Z;functions.bot_text_art;     | ||_|_   
16-04-2024 07:00:19.367Z;functions.bot_text_art;   |___||___|  
16-04-2024 07:00:19.367Z;functions.bot_text_art;               
16-04-2024 07:00:19.367Z;functions.open_RM;  OPEN PROGRAM RM
16-04-2024 07:00:27.174Z;functions.loggin_RM;  ENTER USER_NAME
16-04-2024 07:00:31.145Z;functions.loggin_RM;  ENTER PASSWORD
16-04-2024 07:00:31.973Z;functions.loggin_RM;  ENTER RM
16-04-2024 07:01:03.927Z;functions.enter_coligada;  CLICK CONTEXTO
16-04-2024 07:01:05.447Z;functions.enter_coligada;  CLICK ALTERAR MODULO DO CONTEXTO
16-04-2024 07:01:08.024Z;functions.enter_coligada;  INSERE O COLIGADA CODE = 1
16-04-2024 07:01:08.126Z;functions.enter_coligada;  APERTA TAB PARA PREENCHER O CAMPO COM A STRING: OCEANICA ENGENHARIA E CONSULTORIA S.A.
16-04-2024 07:01:09.060Z;functions.enter_coligada;  CLICK AVANÇAR NOVAMENTE
16-04-2024 07:01:09.930Z;functions.enter_coligada;  CLICK CONCLUIR
16-04-2024 07:01:18.738Z;functions.enter_coligada;  POP UP COLIGADA DESAPARECER
16-04-2024 07:01:19.379Z;functions.check_movimentacao_bancaria;  CLICK - TOTVS - LINHA RM
16-04-2024 07:01:20.449Z;functions.check_movimentacao_bancaria;  CLICK - BACK OFFICE
16-04-2024 07:01:21.182Z;functions.check_movimentacao_bancaria;  CLICK - GESTAO FINANCEIRA
16-04-2024 07:01:23.459Z;functions.movimentacao_bancaria;  CLICA NA ABA MOVIMENTAÇÃO BANCARIA
16-04-2024 07:01:23.660Z;functions.waitForImage;  IMAGEM BORDERO image found.
16-04-2024 07:01:25.762Z;functions.movimentacao_bancaria;  IMAGEM BORDERO CLICADA.
16-04-2024 07:01:36.316Z;functions.waitForImage;  LICENCAS EXCEDIDAS image not found.
16-04-2024 07:01:36.910Z;functions.movimentacao_bancaria;  ENCONTROU O FILTRO DA MOVIMENTAÇÃO BANCÁRIA
16-04-2024 07:01:36.941Z;functions.movimentacao_bancaria;  CLICA NA ABA SUPERIOR DO FILTRO
16-04-2024 07:01:41.465Z;functions.movimentacao_bancaria;  SELECIONA O FILTRO HOJE
16-04-2024 07:01:46.574Z;functions.waitForImage;  FILTER CLEAN image found.
16-04-2024 07:01:48.703Z;functions.filter_clean;  CLICA NO BOTÃO X DO LIMPA FILTRO
16-04-2024 07:02:03.858Z;functions.waitForImage;  FILTER CLEAN image not found.
16-04-2024 07:02:19.090Z;functions.waitForImage;  FILTER CLEAN image not found.
16-04-2024 07:02:19.948Z;functions.movimentacao_bancaria;  CLICA NA PRIMEIRA LINHA DA TABELA MOVIMENTAÇÃO BANCÁRIA
16-04-2024 07:02:20.807Z;functions.movimentacao_bancaria;  CLICA NA PRIMEIRA LINHA DA TABELA MOVIMENTAÇÃO BANCÁRIA
16-04-2024 07:02:22.025Z;functions.movimentacao_bancaria;  12 PASSOS PARA DIREITA NA TABELA >>
16-04-2024 07:02:23.380Z;functions.movimentacao_bancaria;  HOVER FILTER
16-04-2024 07:02:23.749Z;functions.movimentacao_bancaria;  CLICK FILTER
16-04-2024 07:02:28.057Z;functions.movimentacao_bancaria;  CLICA NO FILTRO  STATUS DA REMESSA
16-04-2024 07:02:30.159Z;functions.movimentacao_bancaria;  APERTA TAB PARA ESCREVER O FILTRO
16-04-2024 07:02:32.263Z;functions.movimentacao_bancaria;  ESCREVE PENDENTE NO FILTRO
16-04-2024 07:02:34.364Z;functions.movimentacao_bancaria;  APERTA ENTER PARA SELECIONAR OS PENDENTES
16-04-2024 07:02:55.610Z;functions.movimentacao_bancaria;  SEM PROCESSAMENTO DE BORDERO PENDENTE
16-04-2024 07:03:05.720Z;functions.waitForImage;  FILTER CLEAN image found.
16-04-2024 07:03:07.852Z;functions.filter_clean;  CLICA NO BOTÃO X DO LIMPA FILTRO
16-04-2024 07:03:23.066Z;functions.waitForImage;  FILTER CLEAN image not found.
16-04-2024 07:03:38.226Z;functions.waitForImage;  FILTER CLEAN image not found.
16-04-2024 07:03:39.179Z;functions.processo_pagamento;  CLICA NA PRIMEIRA LINHA DA TABELA MOVIMENTAÇÃO BANCÁRIA
16-04-2024 07:03:40.580Z;functions.processo_pagamento;  HOVER FILTER
16-04-2024 07:03:40.886Z;functions.processo_pagamento;  CLICK FILTER
16-04-2024 07:03:45.199Z;functions.processo_pagamento;  CLICA NO FILTRO  STATUS DA REMESSA
16-04-2024 07:03:47.300Z;functions.processo_pagamento;  APERTA TAB PARA ESCREVER O FILTRO
16-04-2024 07:03:49.407Z;functions.processo_pagamento;  ESCREVE AUTORIZADO NO FILTRO
16-04-2024 07:03:51.508Z;functions.processo_pagamento;  APERTA ENTER PARA SELECIONAR OS AUTORIZADOS
16-04-2024 07:03:57.901Z;functions.processo_pagamento;  6 PASSOS PARA ESQUERDA NA TABELA <<
16-04-2024 07:03:58.879Z;functions.check_user_bot;  Texto extraido 1/1
16-04-2024 07:03:58.879Z;functions.check_user_bot;  Count 1
16-04-2024 07:03:58.879Z;functions.check_user_bot;  Type <class 'int'>
16-04-2024 07:04:00.993Z;functions.check_user_bot;  CHECK USER BOT 1
16-04-2024 07:04:02.993Z;functions.check_user_bot;  integracao
16-04-2024 07:04:05.699Z;functions.check_user_bot;  7 PASSOS PARA DIREITA NA TABELA >>
16-04-2024 07:04:09.802Z;functions.check_user_bot;  341 / 3212 / 02675 - FERIAS/RESCISAO
16-04-2024 07:04:09.802Z;functions.check_user_bot;  Nome SISPAG não encontrado na string.
16-04-2024 07:04:10.509Z;functions.check_user_bot;  7 PASSOS PARA ESQUERDA NA TABELA <<
16-04-2024 07:04:10.610Z;functions.check_user_bot;  COUNT1: 0
16-04-2024 07:04:11.712Z;functions.processo_pagamento;  FECHA ABA MOVIMENTAÇÕES BANCÁRIAS
16-04-2024 07:04:12.607Z;functions.enter_contas_a_pagar;  CLICK - TOTVS - LINHA RM
16-04-2024 07:04:13.606Z;functions.enter_contas_a_pagar;  CLICK - BACK OFFICE
16-04-2024 07:04:14.315Z;functions.enter_contas_a_pagar;  CLICK - GESTAO FINANCEIRA
16-04-2024 07:04:19.061Z;functions.enter_contas_a_pagar;  CLICK - CONTAS A PAGAR
16-04-2024 07:04:19.243Z;functions.waitForImage;  LANÇAMENTOS image found.
16-04-2024 07:04:21.362Z;functions.enter_contas_a_pagar;  CLICA EM LANÇAMENTOS
16-04-2024 07:04:36.849Z;functions.waitForImage;  LICENCAS EXCEDIDAS image not found.
16-04-2024 07:04:36.849Z;functions.obter_intervalo_data;  VERIFICANDO A HORA ATUAL 7
16-04-2024 07:04:36.849Z;functions.obter_intervalo_data;  Data Inicial BANCARIA antes da remoção: None
16-04-2024 07:04:36.849Z;functions.obter_intervalo_data;  Data Final BANCARIA antes da remoção: None
16-04-2024 07:04:36.849Z;functions.obter_intervalo_data;  Data Inicial BANCARIA após a remoção: None
16-04-2024 07:04:36.849Z;functions.obter_intervalo_data;  Data Final BANCARIA após a remoção: None
16-04-2024 07:04:36.849Z;functions.obter_intervalo_data;  hoje -  2024-04-16 07:04:36.849666
16-04-2024 07:04:36.849Z;functions.data_filter;  DATA INICIO 17-04-2024
16-04-2024 07:04:36.849Z;functions.data_filter;  DATA FIM 23-04-2024
16-04-2024 07:04:36.849Z;functions.data_filter;  CLICK - SELECIONA A DATA DE QUARTA FEIRA E DA PROXIMA TERÇA
16-04-2024 07:04:36.849Z;functions.data_filter;  QUARTA-FEIRA: 17-04-2024
16-04-2024 07:04:36.849Z;functions.data_filter;  TERCA-FEIRA: 23-04-2024
16-04-2024 07:04:45.415Z;functions.data_filter;  CLICK - BOTAO DE SELECAO DE FILTRO
16-04-2024 07:04:49.239Z;functions.data_filter;  INSERE - DATA DE QUARTA-FEIRA: 17-04-2024
16-04-2024 07:04:52.787Z;functions.data_filter;  INSERE - DATA DA PROX TERCA-FEIRA: 23-04-2024
16-04-2024 07:04:53.699Z;functions.data_filter;  CLICK - BOTAO DE EXECUTAR O FILTRO
16-04-2024 07:06:54.831Z;functions.desmark_filter;  CLICK CHECKBOX LANÇAMENTOS A RECEBER
16-04-2024 07:06:55.710Z;functions.desmark_filter;  CLICK CHECKBOX LANÇAMENTOS BAIXADOS
16-04-2024 07:06:56.588Z;functions.desmark_filter;  CLICK CHECKBOX LANÇAMENTOS CANCELADOS
16-04-2024 07:06:57.560Z;functions.desmark_filter;  CLICK CHECKBOX LANÇAMENTOS FATURADOS
16-04-2024 07:06:58.522Z;functions.desmark_filter;  CLICK CHECKBOX LANÇAMENTOS FATURADOS
16-04-2024 07:07:18.779Z;functions.waitForImage;  FILTER CLEAN image not found.
16-04-2024 07:07:33.989Z;functions.waitForImage;  FILTER CLEAN image not found.
16-04-2024 07:07:49.137Z;functions.waitForImage;  FILTER CLEAN image not found.
16-04-2024 07:07:49.137Z;functions.check_table_record;  VERIFICANDO SE A TABELA ESTÁ VAZIA
16-04-2024 07:07:50.122Z;functions.check_table_record;  Texto extraido 1/339
16-04-2024 07:07:50.122Z;functions.check_table_record;  Count 339
16-04-2024 07:07:50.122Z;functions.check_table_record;  Type <class 'int'>
16-04-2024 07:07:50.122Z;functions.check_table_record;  TABELA CONTÉM REGISTROS
16-04-2024 07:08:01.072Z;functions.select_tipo_documento;  NOME DA COLUNA: Tipo de Documento
16-04-2024 07:08:02.391Z;functions.select_tipo_documento;  HOVER NOME DA COLUNA: Tipo de Documento
16-04-2024 07:08:02.994Z;functions.select_tipo_documento;  CLICA NO FILTRO PERSONALIZAR
16-04-2024 07:08:03.801Z;functions.select_tipo_documento;  CLICA PARA SELECIONAR OPÇÕES DO FILTRO
16-04-2024 07:08:10.874Z;functions.select_tipo_documento;  CLICK BUTTON CONFIRMAR FILTRO
16-04-2024 07:08:15.875Z;functions.filter_IPTE;  VERIFICANDO O COD DO CLIENTE EM CADA REGISTRO
16-04-2024 07:08:16.703Z;functions.filter_IPTE;  CLICA NA PRIMEIRA LINHA DA TABELA
16-04-2024 07:08:36.618Z;functions.filter_IPTE;  HOVER FILTER
16-04-2024 07:08:37.233Z;functions.filter_IPTE;  CLICK FILTER
16-04-2024 07:08:41.545Z;functions.filter_IPTE;  CLICA NO FILTRO PERSONALIZAR
16-04-2024 07:09:02.713Z;functions.filter_IPTE;  TABELA CONTÉM REGISTROS
16-04-2024 07:09:24.235Z;functions.filter_IPTE;  MOVIDO PRA CIMA 100 VEZES
16-04-2024 07:09:40.545Z;functions.show_exception_and_exit;  'NoneType' object has no attribute 'click'
Traceback (most recent call last):
  File "C:\Projetos_Remessas\Remessa_Bancaria\main.py", line 34, in <module>
    filter_IPTE()
  File "C:\Projetos_Remessas\Remessa_Bancaria\SUBPROGRAMS\functions.py", line 407, in filter_IPTE
    caixa_selecao.click()
    ^^^^^^^^^^^^^^^^^^^
AttributeError: 'NoneType' object has no attribute 'click'
16-04-2024 07:09:40.717Z;functions.show_exception_and_exit;  PRINT SALVO
16-04-2024 07:09:40.814Z;functions.show_exception_and_exit;  RM FECHADO
16-04-2024 07:09:42.470Z;errorhandler.__handle;  Property: Unknown Property name. [1:203: -ms-interpolation-mode]
16-04-2024 07:09:42.470Z;errorhandler.__handle;  Property: Unknown Property name. [1:353: -webkit-font-smoothing]
16-04-2024 07:09:42.470Z;errorhandler.__handle;  Property: Unknown Property name. [1:483: -ms-text-size-adjust]
16-04-2024 07:09:42.470Z;errorhandler.__handle;  Property: Unknown Property name. [1:518: -webkit-text-size-adjust]
16-04-2024 07:09:42.486Z;errorhandler.__handle;  Property: Unknown Property name. [1:612: mso-table-lspace]
16-04-2024 07:09:42.486Z;errorhandler.__handle;  Property: Unknown Property name. [1:642: mso-table-rspace]
16-04-2024 07:09:42.533Z;errorhandler.__handle;  Property: Unknown Property name. [1:4734: mso-hide]
16-04-2024 07:09:42.548Z;errorhandler.__handle;  Property: Unknown Property name. [1:13: -ms-interpolation-mode]
16-04-2024 07:09:42.548Z;errorhandler.__handle;  Property: Unknown Property name. [1:49: -webkit-font-smoothing]
16-04-2024 07:09:42.564Z;errorhandler.__handle;  Property: Unknown Property name. [1:134: -ms-text-size-adjust]
16-04-2024 07:09:42.564Z;errorhandler.__handle;  Property: Unknown Property name. [1:160: -webkit-text-size-adjust]
16-04-2024 07:09:42.564Z;errorhandler.__handle;  Property: Unknown Property name. [1:26: mso-table-lspace]
16-04-2024 07:09:42.564Z;errorhandler.__handle;  Property: Unknown Property name. [1:45: mso-table-rspace]
16-04-2024 07:09:42.564Z;errorhandler.__handle;  Property: Unknown Property name. [1:92: mso-hide]
16-04-2024 07:09:42.564Z;errorhandler.__handle;  Property: No ":" after name found: align-center [1:1: align-center]
16-04-2024 07:09:42.579Z;errorhandler.__handle;  Property: No property value found: align-center [1:1: align-center]
16-04-2024 07:09:42.579Z;errorhandler.__handle;  CSSStyleDeclaration: Syntax Error in Property: align-center
16-04-2024 07:09:42.579Z;errorhandler.__handle;  Property: Unknown Property name. [1:14: -ms-interpolation-mode]
16-04-2024 07:09:46.280Z;functions.show_exception_and_exit;  EMAIL EXCEÇÃO ENVIADO
16-04-2024 07:09:46.280Z;functions.show_exception_and_exit;  ERRO - <class 'AttributeError'> / 'NoneType' object has no attribute 'click'
