21-07-2024 01:01:30.052Z;functions.bot_text_art;      ____   
21-07-2024 01:01:30.052Z;functions.bot_text_art;     [____]    
21-07-2024 01:01:30.067Z;functions.bot_text_art;   |=]()()[=|  
21-07-2024 01:01:30.067Z;functions.bot_text_art;     _\==/__    _____    ____     _        _____    ___   _  __
21-07-2024 01:01:30.067Z;functions.bot_text_art;   |__|   |_|  |  _  \  / ___|   | |      |_   _| / ___| | |/ /
21-07-2024 01:01:30.067Z;functions.bot_text_art;   |_|_/\_|_|  | |  | | | |      | |        | |   | |    | ' / 
21-07-2024 01:01:30.067Z;functions.bot_text_art;   | | __ | |  | |  | | | |      | |        | |   | |    |  <  
21-07-2024 01:01:30.067Z;functions.bot_text_art;   |_|[  ]|_|  | |__| | | |____  | |____   _| |_  | |__  | . \ 
21-07-2024 01:01:30.067Z;functions.bot_text_art;   \_|_||_|_/  |_____/   \_____| |______| |_____| \ ___| |_|\_\
21-07-2024 01:01:30.067Z;functions.bot_text_art;     |_||_|                                                     
21-07-2024 01:01:30.067Z;functions.bot_text_art;     | ||_|_   
21-07-2024 01:01:30.067Z;functions.bot_text_art;   |___||___|  
21-07-2024 01:01:30.067Z;functions.bot_text_art;               
21-07-2024 01:01:30.082Z;functions.open_RM;  OPEN PROGRAM RM
21-07-2024 01:01:30.082Z;functions.caps;  DESATIVANDO CAPS
21-07-2024 01:01:30.082Z;functions.loggin_RM;  BUSCANDO LOGGIN RM
21-07-2024 01:01:50.004Z;functions.loggin_RM;  ENTER USER_NAME
21-07-2024 01:01:55.197Z;functions.loggin_RM;  ENTER PASSWORD
21-07-2024 01:01:56.647Z;functions.loggin_RM;  ENTER RM
21-07-2024 01:05:19.379Z;functions.enter_coligada;  CLICK CONTEXTO
21-07-2024 01:05:22.629Z;functions.enter_coligada;  CLICK ALTERAR MODULO DO CONTEXTO
21-07-2024 01:05:26.738Z;functions.enter_coligada;  INSERE O COLIGADA CODE = 1
21-07-2024 01:05:26.845Z;functions.enter_coligada;  APERTA TAB PARA PREENCHER O CAMPO COM A STRING: OCEANICA ENGENHARIA E CONSULTORIA S.A.
21-07-2024 01:05:29.348Z;functions.enter_coligada;  CLICK AVANÇAR NOVAMENTE
21-07-2024 01:05:30.691Z;functions.enter_coligada;  CLICK CONCLUIR
21-07-2024 01:05:50.848Z;functions.waitForImage;  TROCA COLIGADA image not found.
21-07-2024 01:06:08.426Z;functions.enter_coligada;  POP UP COLIGADA DESAPARECER
21-07-2024 01:06:09.441Z;functions.check_movimentacao_bancaria;  CLICK - TOTVS - LINHA RM
21-07-2024 01:06:11.754Z;functions.check_movimentacao_bancaria;  CLICK - BACK OFFICE
21-07-2024 01:06:14.631Z;functions.check_movimentacao_bancaria;  CLICK - GESTAO FINANCEIRA
21-07-2024 01:06:14.631Z;functions.movimentacao_bancaria;  AGUARDANDO 1
21-07-2024 01:06:20.316Z;functions.movimentacao_bancaria;  CLICA NA ABA MOVIMENTAÇÃO BANCARIA
21-07-2024 01:06:21.238Z;functions.waitForImage;  IMAGEM BORDERO image found.
21-07-2024 01:06:23.355Z;functions.movimentacao_bancaria;  IMAGEM BORDERO CLICADA.
21-07-2024 01:06:33.847Z;functions.waitForImage;  LICENCAS EXCEDIDAS image not found.
21-07-2024 01:06:34.596Z;functions.movimentacao_bancaria;  ENCONTROU O FILTRO DA MOVIMENTAÇÃO BANCÁRIA
21-07-2024 01:06:34.664Z;functions.movimentacao_bancaria;  CLICA NA ABA SUPERIOR DO FILTRO
21-07-2024 01:06:41.975Z;functions.movimentacao_bancaria;  SELECIONA O FILTRO HOJE
21-07-2024 01:07:02.301Z;functions.waitForImage;  FILTER CLEAN image not found.
21-07-2024 01:07:17.629Z;functions.waitForImage;  FILTER CLEAN image not found.
21-07-2024 01:07:32.941Z;functions.waitForImage;  FILTER CLEAN image not found.
21-07-2024 01:08:47.051Z;functions.movimentacao_bancaria;  SEM PROCESSAMENTO DE BORDERO
21-07-2024 01:09:12.332Z;functions.waitForImage;  FILTER CLEAN image not found.
21-07-2024 01:09:27.660Z;functions.waitForImage;  FILTER CLEAN image not found.
21-07-2024 01:09:43.019Z;functions.waitForImage;  FILTER CLEAN image not found.
21-07-2024 01:10:14.640Z;functions.processo_pagamento;  SEM REMESSA DE BORDERO AUTORIZADO
21-07-2024 01:10:15.744Z;functions.processo_pagamento;  FECHA ABA MOVIMENTAÇÕES BANCÁRIAS
21-07-2024 01:10:17.628Z;functions.enter_contas_a_pagar;  CLICK - TOTVS - LINHA RM
21-07-2024 01:10:19.753Z;functions.enter_contas_a_pagar;  CLICK - BACK OFFICE
21-07-2024 01:10:20.754Z;functions.enter_contas_a_pagar;  CLICK - GESTAO FINANCEIRA
21-07-2024 01:10:26.628Z;functions.enter_contas_a_pagar;  CLICK - CONTAS A PAGAR
21-07-2024 01:10:27.519Z;functions.waitForImage;  LANÇAMENTOS image found.
21-07-2024 01:10:29.638Z;functions.enter_contas_a_pagar;  CLICA EM LANÇAMENTOS
21-07-2024 01:10:45.222Z;functions.waitForImage;  LICENCAS EXCEDIDAS image not found.
21-07-2024 01:10:45.222Z;functions.obter_intervalo_data;  VERIFICANDO A HORA ATUAL 1
21-07-2024 01:10:45.253Z;functions.obter_intervalo_data;  Data Inicial BANCARIA antes da remoção: None
21-07-2024 01:10:45.253Z;functions.obter_intervalo_data;  Data Final BANCARIA antes da remoção: None
21-07-2024 01:10:45.269Z;functions.obter_intervalo_data;  Data Inicial BANCARIA após a remoção: None
21-07-2024 01:10:45.269Z;functions.obter_intervalo_data;  Data Final BANCARIA após a remoção: None
21-07-2024 01:10:45.269Z;functions.obter_intervalo_data;  hoje -  2024-07-21 01:10:45.269527
21-07-2024 01:10:45.269Z;functions.data_filter;  DATA INICIO 24-07-2024
21-07-2024 01:10:45.269Z;functions.data_filter;  DATA FIM 30-07-2024
21-07-2024 01:10:45.269Z;functions.data_filter;  CLICK - SELECIONA A DATA DE QUARTA FEIRA E DA PROXIMA TERÇA
21-07-2024 01:10:45.269Z;functions.data_filter;  QUARTA-FEIRA: 24-07-2024
21-07-2024 01:10:45.269Z;functions.data_filter;  TERCA-FEIRA: 30-07-2024
21-07-2024 01:11:02.136Z;functions.data_filter;  REMESSA BANCÁRIA - FILTRO DIGITADO
21-07-2024 01:11:03.128Z;functions.data_filter;  CLICK - BOTAO DE SELECAO DE FILTRO
21-07-2024 01:11:07.957Z;functions.data_filter;  INSERE - DATA DE QUARTA-FEIRA: 24-07-2024
21-07-2024 01:11:12.300Z;functions.data_filter;  INSERE - DATA DA PROX TERCA-FEIRA: 30-07-2024
21-07-2024 01:11:13.472Z;functions.data_filter;  CLICK - BOTAO DE EXECUTAR O FILTRO
21-07-2024 01:11:18.477Z;functions.desmark_filter;  AGUARDANDO 1
21-07-2024 01:11:22.128Z;functions.desmark_filter;  CLICK CHECKBOX LANÇAMENTOS A RECEBER
21-07-2024 01:11:24.472Z;functions.desmark_filter;  CLICK CHECKBOX LANÇAMENTOS BAIXADOS
21-07-2024 01:11:27.089Z;functions.desmark_filter;  CLICK CHECKBOX LANÇAMENTOS CANCELADOS
21-07-2024 01:11:29.778Z;functions.desmark_filter;  CLICK CHECKBOX LANÇAMENTOS FATURADOS
21-07-2024 01:11:32.491Z;functions.desmark_filter;  CLICK CHECKBOX LANÇAMENTOS FATURADOS
21-07-2024 01:11:37.660Z;functions.waitForImage;  FILTER CLEAN image found.
21-07-2024 01:11:39.766Z;functions.filter_clean;  CLICA NO BOTÃO X DO LIMPA FILTRO
21-07-2024 01:11:55.066Z;functions.waitForImage;  FILTER CLEAN image not found.
21-07-2024 01:12:10.347Z;functions.waitForImage;  FILTER CLEAN image not found.
21-07-2024 01:12:10.347Z;functions.check_table_record;  VERIFICANDO SE A TABELA ESTÁ VAZIA
21-07-2024 01:12:13.550Z;functions.check_table_record;  Texto extraido 1/66
21-07-2024 01:12:13.550Z;functions.check_table_record;  Count 66
21-07-2024 01:12:13.550Z;functions.check_table_record;  Type <class 'int'>
21-07-2024 01:12:13.550Z;functions.check_table_record;  TABELA CONTÉM REGISTROS
21-07-2024 01:12:25.550Z;functions.select_tipo_documento;  NOME DA COLUNA: Tipo de Documento
21-07-2024 01:12:27.551Z;functions.select_tipo_documento;  HOVER NOME DA COLUNA: Tipo de Documento
21-07-2024 01:12:28.428Z;functions.select_tipo_documento;  CLICA NO FILTRO PERSONALIZAR
21-07-2024 01:12:30.941Z;functions.select_tipo_documento;  CLICA PARA SELECIONAR OPÇÕES DO FILTRO
21-07-2024 01:12:37.386Z;functions.select_tipo_documento;  FILTRO "NÃO É IGUAL A INV" DEFINIDO
21-07-2024 01:12:38.472Z;functions.select_tipo_documento;  CLICK BUTTON CONFIRMAR FILTRO
21-07-2024 01:12:43.477Z;functions.filter_IPTE;  VERIFICANDO O COD DO CLIENTE EM CADA REGISTRO
21-07-2024 01:12:45.097Z;functions.filter_IPTE;  CLICA NA PRIMEIRA LINHA DA TABELA
21-07-2024 01:13:08.692Z;functions.filter_IPTE;  HOVER FILTER
21-07-2024 01:13:10.700Z;functions.filter_IPTE;  CLICK FILTER
21-07-2024 01:13:15.031Z;functions.filter_IPTE;  CLICA NO FILTRO PERSONALIZAR
21-07-2024 01:13:57.332Z;functions.filter_IPTE;  MOVIDO PRA CIMA 100 VEZES
21-07-2024 01:14:33.535Z;functions.filter_IPTE;  MOVIDO PRA CIMA MAIS 100 VEZES
21-07-2024 01:14:49.320Z;functions.filter_IPTE;  TABELA NÃO CONTÉM REGISTROS
21-07-2024 01:14:49.320Z;functions.check_table_record;  VERIFICANDO SE A TABELA ESTÁ VAZIA
21-07-2024 01:14:52.410Z;functions.check_table_record;  Texto extraido 0/0
21-07-2024 01:14:52.410Z;functions.check_table_record;  Count 0
21-07-2024 01:14:52.410Z;functions.check_table_record;  Type <class 'int'>
21-07-2024 01:14:52.410Z;functions.check_table_record;  SEM REGISTROS
21-07-2024 01:14:54.415Z;main.<module>;  SEM REMESSA BANCÁRIA
21-07-2024 01:14:54.415Z;functions.movimentacao_bancaria;  AGUARDANDO 1
21-07-2024 01:14:55.691Z;functions.movimentacao_bancaria;  CLICA NA ABA MOVIMENTAÇÃO BANCARIA
21-07-2024 01:14:55.894Z;functions.waitForImage;  IMAGEM BORDERO image found.
21-07-2024 01:14:58.001Z;functions.movimentacao_bancaria;  IMAGEM BORDERO CLICADA.
21-07-2024 01:15:08.566Z;functions.waitForImage;  LICENCAS EXCEDIDAS image not found.
21-07-2024 01:15:09.316Z;functions.movimentacao_bancaria;  ENCONTROU O FILTRO DA MOVIMENTAÇÃO BANCÁRIA
21-07-2024 01:15:09.378Z;functions.movimentacao_bancaria;  CLICA NA ABA SUPERIOR DO FILTRO
21-07-2024 01:15:16.689Z;functions.movimentacao_bancaria;  SELECIONA O FILTRO HOJE
21-07-2024 01:15:36.940Z;functions.waitForImage;  FILTER CLEAN image not found.
21-07-2024 01:15:52.206Z;functions.waitForImage;  FILTER CLEAN image not found.
21-07-2024 01:16:07.503Z;functions.waitForImage;  FILTER CLEAN image not found.
21-07-2024 01:17:22.613Z;functions.movimentacao_bancaria;  SEM PROCESSAMENTO DE BORDERO
21-07-2024 01:17:47.862Z;functions.waitForImage;  FILTER CLEAN image not found.
21-07-2024 01:18:03.097Z;functions.waitForImage;  FILTER CLEAN image not found.
21-07-2024 01:18:18.206Z;functions.waitForImage;  FILTER CLEAN image not found.
21-07-2024 01:18:50.050Z;functions.processo_pagamento;  SEM REMESSA DE BORDERO AUTORIZADO
21-07-2024 01:18:51.155Z;functions.processo_pagamento;  FECHA ABA MOVIMENTAÇÕES BANCÁRIAS
21-07-2024 01:18:52.409Z;functions.enter_contas_a_pagar;  CLICK - TOTVS - LINHA RM
21-07-2024 01:18:54.472Z;functions.enter_contas_a_pagar;  CLICK - BACK OFFICE
21-07-2024 01:18:55.472Z;functions.enter_contas_a_pagar;  CLICK - GESTAO FINANCEIRA
21-07-2024 01:19:01.753Z;functions.enter_contas_a_pagar;  CLICK - CONTAS A PAGAR
21-07-2024 01:19:02.612Z;functions.waitForImage;  LANÇAMENTOS image found.
21-07-2024 01:19:04.732Z;functions.enter_contas_a_pagar;  CLICA EM LANÇAMENTOS
21-07-2024 01:19:20.237Z;functions.waitForImage;  LICENCAS EXCEDIDAS image not found.
21-07-2024 01:19:20.237Z;functions.obter_intervalo_data;  VERIFICANDO A HORA ATUAL 1
21-07-2024 01:19:20.253Z;functions.obter_intervalo_data;  Data Inicial BANCARIA antes da remoção: None
21-07-2024 01:19:20.253Z;functions.obter_intervalo_data;  Data Final BANCARIA antes da remoção: None
21-07-2024 01:19:20.268Z;functions.obter_intervalo_data;  Data Inicial BANCARIA após a remoção: None
21-07-2024 01:19:20.268Z;functions.obter_intervalo_data;  Data Final BANCARIA após a remoção: None
21-07-2024 01:19:20.268Z;functions.obter_intervalo_data;  hoje -  2024-07-21 01:19:20.268836
21-07-2024 01:19:20.268Z;functions.data_filter;  DATA INICIO 24-07-2024
21-07-2024 01:19:20.268Z;functions.data_filter;  DATA FIM 30-07-2024
21-07-2024 01:19:20.268Z;functions.data_filter;  CLICK - SELECIONA A DATA DE QUARTA FEIRA E DA PROXIMA TERÇA
21-07-2024 01:19:20.268Z;functions.data_filter;  QUARTA-FEIRA: 24-07-2024
21-07-2024 01:19:20.268Z;functions.data_filter;  TERCA-FEIRA: 30-07-2024
21-07-2024 01:19:37.124Z;functions.data_filter;  REMESSA BANCÁRIA - FILTRO DIGITADO
21-07-2024 01:19:38.097Z;functions.data_filter;  CLICK - BOTAO DE SELECAO DE FILTRO
21-07-2024 01:19:42.862Z;functions.data_filter;  INSERE - DATA DE QUARTA-FEIRA: 24-07-2024
21-07-2024 01:19:47.144Z;functions.data_filter;  INSERE - DATA DA PROX TERCA-FEIRA: 30-07-2024
21-07-2024 01:19:48.315Z;functions.data_filter;  CLICK - BOTAO DE EXECUTAR O FILTRO
21-07-2024 01:19:53.320Z;functions.desmark_filter;  AGUARDANDO 1
21-07-2024 01:19:55.378Z;functions.desmark_filter;  CLICK CHECKBOX LANÇAMENTOS A RECEBER
21-07-2024 01:19:57.784Z;functions.desmark_filter;  CLICK CHECKBOX LANÇAMENTOS BAIXADOS
21-07-2024 01:20:00.315Z;functions.desmark_filter;  CLICK CHECKBOX LANÇAMENTOS CANCELADOS
21-07-2024 01:20:02.815Z;functions.desmark_filter;  CLICK CHECKBOX LANÇAMENTOS FATURADOS
21-07-2024 01:20:05.583Z;functions.desmark_filter;  CLICK CHECKBOX LANÇAMENTOS FATURADOS
21-07-2024 01:20:10.753Z;functions.waitForImage;  FILTER CLEAN image found.
21-07-2024 01:20:12.888Z;functions.filter_clean;  CLICA NO BOTÃO X DO LIMPA FILTRO
21-07-2024 01:20:28.190Z;functions.waitForImage;  FILTER CLEAN image not found.
21-07-2024 01:20:43.487Z;functions.waitForImage;  FILTER CLEAN image not found.
21-07-2024 01:20:44.816Z;functions.filter_forma_pagamento;  CLICA NA PRIMEIRA LINHA DA TABELA
21-07-2024 01:20:45.065Z;functions.filter_forma_pagamento;  CLICK NA PRIMEIRA LINHA E COLUNA DA TABELA
21-07-2024 01:21:01.373Z;functions.filter_forma_pagamento;  160 PASSOS PARA DIREITA NA TABELA >>
21-07-2024 01:21:07.050Z;functions.filter_forma_pagamento;  HOVER NOME DA COLUNA FORMA DE PAGAMENTO
21-07-2024 01:21:08.886Z;functions.filter_forma_pagamento;  CLICA PARA APARECER O FILTRO PERSONALIZAR
21-07-2024 01:21:12.220Z;functions.filter_forma_pagamento;  CLICA NO FILTRO PERSONALIZAR
21-07-2024 01:21:24.796Z;functions.filter_forma_pagamento;  Texto extraido 0/0
21-07-2024 01:21:24.797Z;functions.filter_forma_pagamento;  Count 0
21-07-2024 01:21:24.797Z;functions.filter_forma_pagamento;  Type <class 'int'>
21-07-2024 01:21:24.797Z;functions.filter_forma_pagamento;  SEM REGISTROS
21-07-2024 01:21:26.798Z;functions.check_table_record;  VERIFICANDO SE A TABELA ESTÁ VAZIA
21-07-2024 01:21:29.733Z;functions.check_table_record;  Texto extraido 0/0
21-07-2024 01:21:29.733Z;functions.check_table_record;  Count 0
21-07-2024 01:21:29.734Z;functions.check_table_record;  Type <class 'int'>
21-07-2024 01:21:29.734Z;functions.check_table_record;  SEM REGISTROS
21-07-2024 01:21:33.736Z;main.<module>;  SEM REMESSA DE TED CIP
21-07-2024 01:21:34.757Z;functions.enter_contas_a_pagar;  CLICK - TOTVS - LINHA RM
21-07-2024 01:21:35.940Z;functions.enter_contas_a_pagar;  CLICK - BACK OFFICE
21-07-2024 01:21:37.284Z;functions.enter_contas_a_pagar;  CLICK - GESTAO FINANCEIRA
21-07-2024 01:21:43.190Z;functions.enter_contas_a_pagar;  CLICK - CONTAS A PAGAR
21-07-2024 01:21:44.065Z;functions.waitForImage;  LANÇAMENTOS image found.
21-07-2024 01:21:46.201Z;functions.enter_contas_a_pagar;  CLICA EM LANÇAMENTOS
21-07-2024 01:22:01.315Z;functions.waitForImage;  LICENCAS EXCEDIDAS image not found.
21-07-2024 01:22:01.315Z;functions.obter_intervalo_data;  VERIFICANDO A HORA ATUAL 1
21-07-2024 01:22:01.331Z;functions.obter_intervalo_data;  Data Inicial BANCARIA antes da remoção: None
21-07-2024 01:22:01.331Z;functions.obter_intervalo_data;  Data Final BANCARIA antes da remoção: None
21-07-2024 01:22:01.331Z;functions.obter_intervalo_data;  Data Inicial BANCARIA após a remoção: None
21-07-2024 01:22:01.331Z;functions.obter_intervalo_data;  Data Final BANCARIA após a remoção: None
21-07-2024 01:22:01.331Z;functions.obter_intervalo_data;  hoje -  2024-07-21 01:22:01.331299
21-07-2024 01:22:01.331Z;functions.data_filter;  DATA INICIO 24-07-2024
21-07-2024 01:22:01.331Z;functions.data_filter;  DATA FIM 30-07-2024
21-07-2024 01:22:01.331Z;functions.data_filter;  CLICK - SELECIONA A DATA DE QUARTA FEIRA E DA PROXIMA TERÇA
21-07-2024 01:22:01.331Z;functions.data_filter;  QUARTA-FEIRA: 24-07-2024
21-07-2024 01:22:01.331Z;functions.data_filter;  TERCA-FEIRA: 30-07-2024
21-07-2024 01:22:18.504Z;functions.data_filter;  REMESSA BANCÁRIA - FILTRO DIGITADO
21-07-2024 01:22:19.506Z;functions.data_filter;  CLICK - BOTAO DE SELECAO DE FILTRO
21-07-2024 01:22:24.268Z;functions.data_filter;  INSERE - DATA DE QUARTA-FEIRA: 24-07-2024
21-07-2024 01:22:28.456Z;functions.data_filter;  INSERE - DATA DA PROX TERCA-FEIRA: 30-07-2024
21-07-2024 01:22:29.599Z;functions.data_filter;  CLICK - BOTAO DE EXECUTAR O FILTRO
21-07-2024 01:22:34.953Z;functions.desmark_filter;  AGUARDANDO 1
21-07-2024 01:22:37.190Z;functions.desmark_filter;  CLICK CHECKBOX LANÇAMENTOS A RECEBER
21-07-2024 01:22:39.505Z;functions.desmark_filter;  CLICK CHECKBOX LANÇAMENTOS BAIXADOS
21-07-2024 01:22:41.815Z;functions.desmark_filter;  CLICK CHECKBOX LANÇAMENTOS CANCELADOS
21-07-2024 01:22:44.128Z;functions.desmark_filter;  CLICK CHECKBOX LANÇAMENTOS FATURADOS
21-07-2024 01:22:46.830Z;functions.desmark_filter;  CLICK CHECKBOX LANÇAMENTOS FATURADOS
21-07-2024 01:22:52.003Z;functions.waitForImage;  FILTER CLEAN image found.
21-07-2024 01:22:54.112Z;functions.filter_clean;  CLICA NO BOTÃO X DO LIMPA FILTRO
21-07-2024 01:23:09.362Z;functions.waitForImage;  FILTER CLEAN image not found.
21-07-2024 01:23:24.691Z;functions.waitForImage;  FILTER CLEAN image not found.
21-07-2024 01:23:26.440Z;functions.filter_forma_pagamento_branco;  CLICK NA PRIMEIRA LINHA E COLUNA DA TABELA
21-07-2024 01:23:42.752Z;functions.filter_forma_pagamento_branco;  160 PASSOS PARA DIREITA NA TABELA >>
21-07-2024 01:23:48.206Z;functions.filter_forma_pagamento_branco;  HOVER NOME DA COLUNA FORMA DE PAGAMENTO
21-07-2024 01:23:50.199Z;functions.filter_forma_pagamento_branco;  CLICA PARA APARECER O FILTRO PERSONALIZAR
21-07-2024 01:23:53.533Z;functions.filter_forma_pagamento_branco;  CLICA NO FILTRO PERSONALIZAR
21-07-2024 01:24:02.721Z;functions.filter_forma_pagamento_branco;  Texto extraido 1/12
21-07-2024 01:24:02.721Z;functions.filter_forma_pagamento_branco;  Count 12
21-07-2024 01:24:02.721Z;functions.filter_forma_pagamento_branco;  Type <class 'int'>
21-07-2024 01:24:02.721Z;functions.filter_forma_pagamento_branco;  TABELA CONTÉM REGISTROS
21-07-2024 01:24:06.299Z;functions.filter_forma_pagamento_branco;  MOVIDO PRA CIMA 12 VEZES
21-07-2024 01:24:10.297Z;functions.check_table_record;  VERIFICANDO SE A TABELA ESTÁ VAZIA
21-07-2024 01:24:13.409Z;functions.check_table_record;  Texto extraido 1/12
21-07-2024 01:24:13.409Z;functions.check_table_record;  Count 12
21-07-2024 01:24:13.409Z;functions.check_table_record;  Type <class 'int'>
21-07-2024 01:24:13.409Z;functions.check_table_record;  TABELA CONTÉM REGISTROS
21-07-2024 01:24:13.409Z;functions.check_ted_branco;  VERIFICANDO O COD DO CLIENTE EM CADA REGISTRO
21-07-2024 01:24:15.034Z;functions.check_ted_branco;  CLICA NA PRIMEIRA LINHA DA TABELA
21-07-2024 01:24:19.140Z;functions.check_ted_branco;  REFERNCIA: 982153
21-07-2024 01:24:19.140Z;functions.check_ted_branco;  CONTAGEM: 1
21-07-2024 01:24:19.443Z;functions.check_ted_branco;  ENTRANDO NO REGISTRO 
21-07-2024 01:24:40.581Z;functions.waitForImage;  INTEGRAÇÃO BANCÁRIA image found.
21-07-2024 01:24:40.699Z;functions.check_ted_branco;  CLICA EM INTEGRAÇÃO BANCÁRIA
21-07-2024 01:24:40.699Z;functions.check_ted_branco;  VERIFICANDO INFORMAÇÕES
21-07-2024 01:24:40.877Z;functions.waitForImage;  TRES PONTINHOS image found.
21-07-2024 01:24:53.523Z;functions.check_ted_branco;  VERIFICANDO SE TEM PIX NO FILTRO
21-07-2024 01:24:53.690Z;functions.waitForImage;  CHECANDO DADOS BANCÁRIOS PIX image found.
21-07-2024 01:24:55.699Z;functions.check_ted_branco;  PIX NÃO ENCONTRADO PARA REFERENCIA: 982153
21-07-2024 01:24:59.412Z;functions.check_ted_branco;  APERTA EM CANCELAR
21-07-2024 01:24:59.622Z;functions.waitForImage;  PRESS BUTTON OK image found.
21-07-2024 01:25:01.730Z;functions.click_ok;  PRESS BUTTON OK
21-07-2024 01:25:14.221Z;functions.waitForImage;  ERROR GENERICO image not found.
21-07-2024 01:25:19.268Z;functions.waitForImage;  ERROR FILTRO PIX image not found.
21-07-2024 01:25:23.382Z;functions.check_ted_branco;  PASSANDO PARA PRÓXIMO REGISTRO
21-07-2024 01:25:27.487Z;functions.check_ted_branco;  REFERNCIA: 981408
21-07-2024 01:25:27.487Z;functions.check_ted_branco;  CONTAGEM: 2
21-07-2024 01:25:27.789Z;functions.check_ted_branco;  ENTRANDO NO REGISTRO 
21-07-2024 01:25:33.924Z;functions.waitForImage;  INTEGRAÇÃO BANCÁRIA image found.
21-07-2024 01:25:34.043Z;functions.check_ted_branco;  CLICA EM INTEGRAÇÃO BANCÁRIA
21-07-2024 01:25:34.043Z;functions.check_ted_branco;  VERIFICANDO INFORMAÇÕES
21-07-2024 01:25:34.909Z;functions.waitForImage;  TRES PONTINHOS image found.
21-07-2024 01:25:47.536Z;functions.check_ted_branco;  VERIFICANDO SE TEM PIX NO FILTRO
21-07-2024 01:25:47.721Z;functions.waitForImage;  CHECANDO DADOS BANCÁRIOS PIX image found.
21-07-2024 01:25:49.733Z;functions.check_ted_branco;  PIX NÃO ENCONTRADO PARA REFERENCIA: 981408
21-07-2024 01:25:53.446Z;functions.check_ted_branco;  APERTA EM CANCELAR
21-07-2024 01:25:53.627Z;functions.waitForImage;  PRESS BUTTON OK image found.
21-07-2024 01:25:55.762Z;functions.click_ok;  PRESS BUTTON OK
21-07-2024 01:26:08.283Z;functions.waitForImage;  ERROR GENERICO image not found.
21-07-2024 01:26:13.331Z;functions.waitForImage;  ERROR FILTRO PIX image not found.
21-07-2024 01:26:17.436Z;functions.check_ted_branco;  PASSANDO PARA PRÓXIMO REGISTRO
21-07-2024 01:26:21.541Z;functions.check_ted_branco;  REFERNCIA: 982240
21-07-2024 01:26:21.541Z;functions.check_ted_branco;  CONTAGEM: 3
21-07-2024 01:26:21.843Z;functions.check_ted_branco;  ENTRANDO NO REGISTRO 
21-07-2024 01:26:27.987Z;functions.waitForImage;  INTEGRAÇÃO BANCÁRIA image found.
21-07-2024 01:26:28.105Z;functions.check_ted_branco;  CLICA EM INTEGRAÇÃO BANCÁRIA
21-07-2024 01:26:28.105Z;functions.check_ted_branco;  VERIFICANDO INFORMAÇÕES
21-07-2024 01:26:28.971Z;functions.waitForImage;  TRES PONTINHOS image found.
21-07-2024 01:26:41.605Z;functions.check_ted_branco;  VERIFICANDO SE TEM PIX NO FILTRO
21-07-2024 01:26:41.799Z;functions.waitForImage;  CHECANDO DADOS BANCÁRIOS PIX image found.
21-07-2024 01:26:43.802Z;functions.check_ted_branco;  PIX NÃO ENCONTRADO PARA REFERENCIA: 982240
21-07-2024 01:26:47.515Z;functions.check_ted_branco;  APERTA EM CANCELAR
21-07-2024 01:26:47.690Z;functions.waitForImage;  PRESS BUTTON OK image found.
21-07-2024 01:26:49.826Z;functions.click_ok;  PRESS BUTTON OK
21-07-2024 01:27:02.346Z;functions.waitForImage;  ERROR GENERICO image not found.
21-07-2024 01:27:07.393Z;functions.waitForImage;  ERROR FILTRO PIX image not found.
21-07-2024 01:27:11.497Z;functions.check_ted_branco;  PASSANDO PARA PRÓXIMO REGISTRO
21-07-2024 01:27:15.601Z;functions.check_ted_branco;  REFERNCIA: 978735
21-07-2024 01:27:15.601Z;functions.check_ted_branco;  CONTAGEM: 4
21-07-2024 01:27:15.903Z;functions.check_ted_branco;  ENTRANDO NO REGISTRO 
21-07-2024 01:27:22.768Z;functions.waitForImage;  INTEGRAÇÃO BANCÁRIA image found.
21-07-2024 01:27:22.916Z;functions.check_ted_branco;  CLICA EM INTEGRAÇÃO BANCÁRIA
21-07-2024 01:27:22.916Z;functions.check_ted_branco;  VERIFICANDO INFORMAÇÕES
21-07-2024 01:27:23.111Z;functions.waitForImage;  TRES PONTINHOS image found.
21-07-2024 01:27:35.740Z;functions.check_ted_branco;  VERIFICANDO SE TEM PIX NO FILTRO
21-07-2024 01:27:35.908Z;functions.waitForImage;  CHECANDO DADOS BANCÁRIOS PIX image found.
21-07-2024 01:27:37.923Z;functions.check_ted_branco;  PIX NÃO ENCONTRADO PARA REFERENCIA: 978735
21-07-2024 01:27:41.636Z;functions.check_ted_branco;  APERTA EM CANCELAR
21-07-2024 01:27:41.815Z;functions.waitForImage;  PRESS BUTTON OK image found.
21-07-2024 01:27:43.950Z;functions.click_ok;  PRESS BUTTON OK
21-07-2024 01:27:56.440Z;functions.waitForImage;  ERROR GENERICO image not found.
21-07-2024 01:28:01.627Z;functions.waitForImage;  ERROR FILTRO PIX image not found.
21-07-2024 01:28:05.732Z;functions.check_ted_branco;  PASSANDO PARA PRÓXIMO REGISTRO
21-07-2024 01:28:09.837Z;functions.check_ted_branco;  REFERNCIA: 982175
21-07-2024 01:28:09.837Z;functions.check_ted_branco;  CONTAGEM: 5
21-07-2024 01:28:10.139Z;functions.check_ted_branco;  ENTRANDO NO REGISTRO 
21-07-2024 01:28:17.705Z;functions.waitForImage;  INTEGRAÇÃO BANCÁRIA image found.
21-07-2024 01:28:17.824Z;functions.check_ted_branco;  CLICA EM INTEGRAÇÃO BANCÁRIA
21-07-2024 01:28:17.824Z;functions.check_ted_branco;  VERIFICANDO INFORMAÇÕES
21-07-2024 01:28:17.986Z;functions.waitForImage;  TRES PONTINHOS image found.
21-07-2024 01:28:30.616Z;functions.check_ted_branco;  VERIFICANDO SE TEM PIX NO FILTRO
21-07-2024 01:28:30.783Z;functions.waitForImage;  CHECANDO DADOS BANCÁRIOS PIX image found.
21-07-2024 01:28:32.796Z;functions.check_ted_branco;  PIX NÃO ENCONTRADO PARA REFERENCIA: 982175
21-07-2024 01:28:36.518Z;functions.check_ted_branco;  APERTA EM CANCELAR
21-07-2024 01:28:36.690Z;functions.waitForImage;  PRESS BUTTON OK image found.
21-07-2024 01:28:38.824Z;functions.click_ok;  PRESS BUTTON OK
21-07-2024 01:28:51.346Z;functions.waitForImage;  ERROR GENERICO image not found.
21-07-2024 01:28:56.440Z;functions.waitForImage;  ERROR FILTRO PIX image not found.
21-07-2024 01:29:00.547Z;functions.check_ted_branco;  PASSANDO PARA PRÓXIMO REGISTRO
21-07-2024 01:29:04.651Z;functions.check_ted_branco;  REFERNCIA: 980379
21-07-2024 01:29:04.652Z;functions.check_ted_branco;  CONTAGEM: 6
21-07-2024 01:29:04.953Z;functions.check_ted_branco;  ENTRANDO NO REGISTRO 
21-07-2024 01:29:11.799Z;functions.waitForImage;  INTEGRAÇÃO BANCÁRIA image found.
21-07-2024 01:29:11.918Z;functions.check_ted_branco;  CLICA EM INTEGRAÇÃO BANCÁRIA
21-07-2024 01:29:11.918Z;functions.check_ted_branco;  VERIFICANDO INFORMAÇÕES
21-07-2024 01:29:12.088Z;functions.waitForImage;  TRES PONTINHOS image found.
21-07-2024 01:29:24.716Z;functions.check_ted_branco;  VERIFICANDO SE TEM PIX NO FILTRO
21-07-2024 01:29:24.877Z;functions.waitForImage;  CHECANDO DADOS BANCÁRIOS PIX image found.
21-07-2024 01:29:26.888Z;functions.check_ted_branco;  PIX NÃO ENCONTRADO PARA REFERENCIA: 980379
21-07-2024 01:29:30.601Z;functions.check_ted_branco;  APERTA EM CANCELAR
21-07-2024 01:29:30.768Z;functions.waitForImage;  PRESS BUTTON OK image found.
21-07-2024 01:29:32.917Z;functions.click_ok;  PRESS BUTTON OK
21-07-2024 01:29:45.408Z;functions.waitForImage;  ERROR GENERICO image not found.
21-07-2024 01:29:50.455Z;functions.waitForImage;  ERROR FILTRO PIX image not found.
21-07-2024 01:29:54.567Z;functions.check_ted_branco;  PASSANDO PARA PRÓXIMO REGISTRO
21-07-2024 01:29:58.671Z;functions.check_ted_branco;  REFERNCIA: 981677
21-07-2024 01:29:58.671Z;functions.check_ted_branco;  CONTAGEM: 7
21-07-2024 01:29:58.973Z;functions.check_ted_branco;  ENTRANDO NO REGISTRO 
21-07-2024 01:30:05.862Z;functions.waitForImage;  INTEGRAÇÃO BANCÁRIA image found.
21-07-2024 01:30:05.979Z;functions.check_ted_branco;  CLICA EM INTEGRAÇÃO BANCÁRIA
21-07-2024 01:30:05.979Z;functions.check_ted_branco;  VERIFICANDO INFORMAÇÕES
21-07-2024 01:30:06.160Z;functions.waitForImage;  TRES PONTINHOS image found.
21-07-2024 01:30:18.795Z;functions.check_ted_branco;  VERIFICANDO SE TEM PIX NO FILTRO
21-07-2024 01:30:18.971Z;functions.waitForImage;  CHECANDO DADOS BANCÁRIOS PIX image found.
21-07-2024 01:30:20.978Z;functions.check_ted_branco;  PIX NÃO ENCONTRADO PARA REFERENCIA: 981677
21-07-2024 01:30:24.691Z;functions.check_ted_branco;  APERTA EM CANCELAR
21-07-2024 01:30:24.877Z;functions.waitForImage;  PRESS BUTTON OK image found.
21-07-2024 01:30:27.010Z;functions.click_ok;  PRESS BUTTON OK
21-07-2024 01:30:39.547Z;functions.waitForImage;  ERROR GENERICO image not found.
21-07-2024 01:30:44.654Z;functions.waitForImage;  ERROR FILTRO PIX image not found.
21-07-2024 01:30:48.757Z;functions.check_ted_branco;  PASSANDO PARA PRÓXIMO REGISTRO
21-07-2024 01:30:52.862Z;functions.check_ted_branco;  REFERNCIA: 981510
21-07-2024 01:30:52.862Z;functions.check_ted_branco;  CONTAGEM: 8
21-07-2024 01:30:53.164Z;functions.check_ted_branco;  ENTRANDO NO REGISTRO 
21-07-2024 01:31:00.049Z;functions.waitForImage;  INTEGRAÇÃO BANCÁRIA image found.
21-07-2024 01:31:00.167Z;functions.check_ted_branco;  CLICA EM INTEGRAÇÃO BANCÁRIA
21-07-2024 01:31:00.167Z;functions.check_ted_branco;  VERIFICANDO INFORMAÇÕES
21-07-2024 01:31:00.353Z;functions.waitForImage;  TRES PONTINHOS image found.
21-07-2024 01:31:12.988Z;functions.check_ted_branco;  VERIFICANDO SE TEM PIX NO FILTRO
21-07-2024 01:31:13.158Z;functions.waitForImage;  CHECANDO DADOS BANCÁRIOS PIX image found.
21-07-2024 01:31:15.166Z;functions.check_ted_branco;  PIX NÃO ENCONTRADO PARA REFERENCIA: 981510
21-07-2024 01:31:18.879Z;functions.check_ted_branco;  APERTA EM CANCELAR
21-07-2024 01:31:19.080Z;functions.waitForImage;  PRESS BUTTON OK image found.
21-07-2024 01:31:21.197Z;functions.click_ok;  PRESS BUTTON OK
21-07-2024 01:31:33.689Z;functions.waitForImage;  ERROR GENERICO image not found.
21-07-2024 01:31:38.705Z;functions.waitForImage;  ERROR FILTRO PIX image not found.
21-07-2024 01:31:42.821Z;functions.check_ted_branco;  PASSANDO PARA PRÓXIMO REGISTRO
21-07-2024 01:31:46.927Z;functions.check_ted_branco;  REFERNCIA: 981509
21-07-2024 01:31:46.927Z;functions.check_ted_branco;  CONTAGEM: 9
21-07-2024 01:31:47.229Z;functions.check_ted_branco;  ENTRANDO NO REGISTRO 
21-07-2024 01:31:54.080Z;functions.waitForImage;  INTEGRAÇÃO BANCÁRIA image found.
21-07-2024 01:31:54.197Z;functions.check_ted_branco;  CLICA EM INTEGRAÇÃO BANCÁRIA
21-07-2024 01:31:54.197Z;functions.check_ted_branco;  VERIFICANDO INFORMAÇÕES
21-07-2024 01:31:54.362Z;functions.waitForImage;  TRES PONTINHOS image found.
21-07-2024 01:32:06.997Z;functions.check_ted_branco;  VERIFICANDO SE TEM PIX NO FILTRO
21-07-2024 01:32:07.189Z;functions.waitForImage;  CHECANDO DADOS BANCÁRIOS PIX image found.
21-07-2024 01:32:09.200Z;functions.check_ted_branco;  PIX NÃO ENCONTRADO PARA REFERENCIA: 981509
21-07-2024 01:32:12.917Z;functions.check_ted_branco;  APERTA EM CANCELAR
21-07-2024 01:32:13.096Z;functions.waitForImage;  PRESS BUTTON OK image found.
21-07-2024 01:32:15.230Z;functions.click_ok;  PRESS BUTTON OK
21-07-2024 01:32:27.721Z;functions.waitForImage;  ERROR GENERICO image not found.
21-07-2024 01:32:32.799Z;functions.waitForImage;  ERROR FILTRO PIX image not found.
21-07-2024 01:32:36.904Z;functions.check_ted_branco;  PASSANDO PARA PRÓXIMO REGISTRO
21-07-2024 01:32:41.009Z;functions.check_ted_branco;  REFERNCIA: 753544
21-07-2024 01:32:41.009Z;functions.check_ted_branco;  CONTAGEM: 10
21-07-2024 01:32:41.311Z;functions.check_ted_branco;  ENTRANDO NO REGISTRO 
21-07-2024 01:32:48.143Z;functions.waitForImage;  INTEGRAÇÃO BANCÁRIA image found.
21-07-2024 01:32:48.261Z;functions.check_ted_branco;  CLICA EM INTEGRAÇÃO BANCÁRIA
21-07-2024 01:32:48.261Z;functions.check_ted_branco;  VERIFICANDO INFORMAÇÕES
21-07-2024 01:32:49.096Z;functions.waitForImage;  TRES PONTINHOS image found.
21-07-2024 01:33:01.732Z;functions.check_ted_branco;  VERIFICANDO SE TEM PIX NO FILTRO
21-07-2024 01:33:01.908Z;functions.waitForImage;  CHECANDO DADOS BANCÁRIOS PIX image found.
21-07-2024 01:33:03.913Z;functions.check_ted_branco;  PIX NÃO ENCONTRADO PARA REFERENCIA: 753544
21-07-2024 01:33:07.627Z;functions.check_ted_branco;  APERTA EM CANCELAR
21-07-2024 01:33:07.814Z;functions.waitForImage;  PRESS BUTTON OK image found.
21-07-2024 01:33:09.947Z;functions.click_ok;  PRESS BUTTON OK
21-07-2024 01:33:22.439Z;functions.waitForImage;  ERROR GENERICO image not found.
21-07-2024 01:33:27.455Z;functions.waitForImage;  ERROR FILTRO PIX image not found.
21-07-2024 01:33:31.561Z;functions.check_ted_branco;  PASSANDO PARA PRÓXIMO REGISTRO
21-07-2024 01:33:35.666Z;functions.check_ted_branco;  REFERNCIA: 753667
21-07-2024 01:33:35.666Z;functions.check_ted_branco;  CONTAGEM: 11
21-07-2024 01:33:35.968Z;functions.check_ted_branco;  ENTRANDO NO REGISTRO 
21-07-2024 01:33:44.314Z;functions.waitForImage;  INTEGRAÇÃO BANCÁRIA image found.
21-07-2024 01:33:44.451Z;functions.check_ted_branco;  CLICA EM INTEGRAÇÃO BANCÁRIA
21-07-2024 01:33:44.451Z;functions.check_ted_branco;  VERIFICANDO INFORMAÇÕES
21-07-2024 01:33:45.314Z;functions.waitForImage;  TRES PONTINHOS image found.
21-07-2024 01:33:57.955Z;functions.check_ted_branco;  VERIFICANDO SE TEM PIX NO FILTRO
21-07-2024 01:33:58.127Z;functions.waitForImage;  CHECANDO DADOS BANCÁRIOS PIX image found.
21-07-2024 01:34:00.138Z;functions.check_ted_branco;  PIX NÃO ENCONTRADO PARA REFERENCIA: 753667
21-07-2024 01:34:03.851Z;functions.check_ted_branco;  APERTA EM CANCELAR
21-07-2024 01:34:04.033Z;functions.waitForImage;  PRESS BUTTON OK image found.
21-07-2024 01:34:06.166Z;functions.click_ok;  PRESS BUTTON OK
21-07-2024 01:34:18.658Z;functions.waitForImage;  ERROR GENERICO image not found.
21-07-2024 01:34:23.705Z;functions.waitForImage;  ERROR FILTRO PIX image not found.
21-07-2024 01:34:27.813Z;functions.check_ted_branco;  PASSANDO PARA PRÓXIMO REGISTRO
21-07-2024 01:34:31.919Z;functions.check_ted_branco;  REFERNCIA: 753607
21-07-2024 01:34:31.919Z;functions.check_ted_branco;  CONTAGEM: 12
21-07-2024 01:34:32.221Z;functions.check_ted_branco;  ENTRANDO NO REGISTRO 
21-07-2024 01:34:39.095Z;functions.waitForImage;  INTEGRAÇÃO BANCÁRIA image found.
21-07-2024 01:34:39.228Z;functions.check_ted_branco;  CLICA EM INTEGRAÇÃO BANCÁRIA
21-07-2024 01:34:39.228Z;functions.check_ted_branco;  VERIFICANDO INFORMAÇÕES
21-07-2024 01:34:40.752Z;functions.waitForImage;  TRES PONTINHOS image found.
21-07-2024 01:34:53.381Z;functions.check_ted_branco;  VERIFICANDO SE TEM PIX NO FILTRO
21-07-2024 01:34:53.564Z;functions.waitForImage;  CHECANDO DADOS BANCÁRIOS PIX image found.
21-07-2024 01:34:55.574Z;functions.check_ted_branco;  PIX NÃO ENCONTRADO PARA REFERENCIA: 753607
21-07-2024 01:34:59.287Z;functions.check_ted_branco;  APERTA EM CANCELAR
21-07-2024 01:34:59.470Z;functions.waitForImage;  PRESS BUTTON OK image found.
21-07-2024 01:35:01.605Z;functions.click_ok;  PRESS BUTTON OK
21-07-2024 01:35:14.095Z;functions.waitForImage;  ERROR GENERICO image not found.
21-07-2024 01:35:19.126Z;functions.waitForImage;  ERROR FILTRO PIX image not found.
21-07-2024 01:35:19.126Z;functions.check_ted_branco;  FORAM VERIFICADOS: 12 REFERENCIAS NO PROCESSAMENTO FORMA DE PAGAMENTO ELETRONICA EM BRANCO
21-07-2024 01:35:22.408Z;errorhandler.__handle;  Property: Unknown Property name. [1:203: -ms-interpolation-mode]
21-07-2024 01:35:22.455Z;errorhandler.__handle;  Property: Unknown Property name. [1:353: -webkit-font-smoothing]
21-07-2024 01:35:22.471Z;errorhandler.__handle;  Property: Unknown Property name. [1:483: -ms-text-size-adjust]
21-07-2024 01:35:22.471Z;errorhandler.__handle;  Property: Unknown Property name. [1:518: -webkit-text-size-adjust]
21-07-2024 01:35:22.471Z;errorhandler.__handle;  Property: Unknown Property name. [1:612: mso-table-lspace]
21-07-2024 01:35:22.471Z;errorhandler.__handle;  Property: Unknown Property name. [1:642: mso-table-rspace]
21-07-2024 01:35:22.705Z;errorhandler.__handle;  Property: Unknown Property name. [1:4734: mso-hide]
21-07-2024 01:35:22.814Z;errorhandler.__handle;  Property: Unknown Property name. [1:13: -ms-interpolation-mode]
21-07-2024 01:35:22.814Z;errorhandler.__handle;  Property: Unknown Property name. [1:49: -webkit-font-smoothing]
21-07-2024 01:35:22.830Z;errorhandler.__handle;  Property: Unknown Property name. [1:134: -ms-text-size-adjust]
21-07-2024 01:35:22.830Z;errorhandler.__handle;  Property: Unknown Property name. [1:160: -webkit-text-size-adjust]
21-07-2024 01:35:22.830Z;errorhandler.__handle;  Property: Unknown Property name. [1:26: mso-table-lspace]
21-07-2024 01:35:22.830Z;errorhandler.__handle;  Property: Unknown Property name. [1:45: mso-table-rspace]
21-07-2024 01:35:22.861Z;errorhandler.__handle;  Property: Unknown Property name. [1:92: mso-hide]
21-07-2024 01:35:22.877Z;errorhandler.__handle;  Property: No ":" after name found: align-center [1:1: align-center]
21-07-2024 01:35:22.877Z;errorhandler.__handle;  Property: No property value found: align-center [1:1: align-center]
21-07-2024 01:35:22.877Z;errorhandler.__handle;  CSSStyleDeclaration: Syntax Error in Property: align-center
21-07-2024 01:35:22.877Z;errorhandler.__handle;  Property: Unknown Property name. [1:14: -ms-interpolation-mode]
21-07-2024 01:35:25.954Z;functions.emailFinalizado;  Warning e-mail sent.
21-07-2024 01:35:25.954Z;main.<module>;  Remessa Bancária TED CIP com filtro de pagamento eletronica em branco modificadas para pix 
 PASSO 3 FINALIZADO
21-07-2024 01:35:25.954Z;main.<module>;  O PROGRAMA SERÁ ENCERRADO
21-07-2024 01:35:27.564Z;errorhandler.__handle;  Property: Unknown Property name. [1:14: -ms-interpolation-mode]
21-07-2024 01:35:30.127Z;functions.emailFinalizado;  Warning e-mail sent.
21-07-2024 01:35:30.658Z;functions.end_RM;  RM ENCERRADO
