21-07-2024 05:00:33.239Z;functions.bot_text_art;      ____   
21-07-2024 05:00:33.239Z;functions.bot_text_art;     [____]    
21-07-2024 05:00:33.239Z;functions.bot_text_art;   |=]()()[=|  
21-07-2024 05:00:33.239Z;functions.bot_text_art;     _\==/__    _____    ____     _        _____    ___   _  __
21-07-2024 05:00:33.239Z;functions.bot_text_art;   |__|   |_|  |  _  \  / ___|   | |      |_   _| / ___| | |/ /
21-07-2024 05:00:33.239Z;functions.bot_text_art;   |_|_/\_|_|  | |  | | | |      | |        | |   | |    | ' / 
21-07-2024 05:00:33.239Z;functions.bot_text_art;   | | __ | |  | |  | | | |      | |        | |   | |    |  <  
21-07-2024 05:00:33.239Z;functions.bot_text_art;   |_|[  ]|_|  | |__| | | |____  | |____   _| |_  | |__  | . \ 
21-07-2024 05:00:33.239Z;functions.bot_text_art;   \_|_||_|_/  |_____/   \_____| |______| |_____| \ ___| |_|\_\
21-07-2024 05:00:33.239Z;functions.bot_text_art;     |_||_|                                                     
21-07-2024 05:00:33.239Z;functions.bot_text_art;     | ||_|_   
21-07-2024 05:00:33.239Z;functions.bot_text_art;   |___||___|  
21-07-2024 05:00:33.239Z;functions.bot_text_art;               
21-07-2024 05:00:33.255Z;functions.open_RM;  OPEN PROGRAM RM
21-07-2024 05:00:33.255Z;functions.caps;  DESATIVANDO CAPS
21-07-2024 05:00:33.255Z;functions.loggin_RM;  BUSCANDO LOGGIN RM
21-07-2024 05:00:57.801Z;functions.loggin_RM;  ENTER USER_NAME
21-07-2024 05:01:03.757Z;functions.loggin_RM;  ENTER PASSWORD
21-07-2024 05:01:05.254Z;functions.loggin_RM;  ENTER RM
21-07-2024 05:04:39.816Z;functions.enter_coligada;  CLICK CONTEXTO
21-07-2024 05:04:42.910Z;functions.enter_coligada;  CLICK ALTERAR MODULO DO CONTEXTO
21-07-2024 05:04:47.285Z;functions.enter_coligada;  INSERE O COLIGADA CODE = 1
21-07-2024 05:04:47.391Z;functions.enter_coligada;  APERTA TAB PARA PREENCHER O CAMPO COM A STRING: OCEANICA ENGENHARIA E CONSULTORIA S.A.
21-07-2024 05:04:49.879Z;functions.enter_coligada;  CLICK AVANÇAR NOVAMENTE
21-07-2024 05:04:51.254Z;functions.enter_coligada;  CLICK CONCLUIR
21-07-2024 05:05:11.457Z;functions.waitForImage;  TROCA COLIGADA image not found.
21-07-2024 05:05:28.488Z;functions.enter_coligada;  POP UP COLIGADA DESAPARECER
21-07-2024 05:05:29.504Z;functions.check_movimentacao_bancaria;  CLICK - TOTVS - LINHA RM
21-07-2024 05:05:31.847Z;functions.check_movimentacao_bancaria;  CLICK - BACK OFFICE
21-07-2024 05:05:32.847Z;functions.check_movimentacao_bancaria;  CLICK - GESTAO FINANCEIRA
21-07-2024 05:05:32.847Z;functions.movimentacao_bancaria;  AGUARDANDO 1
21-07-2024 05:05:38.504Z;functions.movimentacao_bancaria;  CLICA NA ABA MOVIMENTAÇÃO BANCARIA
21-07-2024 05:05:39.426Z;functions.waitForImage;  IMAGEM BORDERO image found.
21-07-2024 05:05:41.544Z;functions.movimentacao_bancaria;  IMAGEM BORDERO CLICADA.
21-07-2024 05:05:51.613Z;functions.waitForImage;  LICENCAS EXCEDIDAS image not found.
21-07-2024 05:05:52.379Z;functions.movimentacao_bancaria;  ENCONTROU O FILTRO DA MOVIMENTAÇÃO BANCÁRIA
21-07-2024 05:05:52.441Z;functions.movimentacao_bancaria;  CLICA NA ABA SUPERIOR DO FILTRO
21-07-2024 05:05:59.752Z;functions.movimentacao_bancaria;  SELECIONA O FILTRO HOJE
21-07-2024 05:06:20.066Z;functions.waitForImage;  FILTER CLEAN image not found.
21-07-2024 05:06:35.410Z;functions.waitForImage;  FILTER CLEAN image not found.
21-07-2024 05:06:50.722Z;functions.waitForImage;  FILTER CLEAN image not found.
21-07-2024 05:08:04.547Z;functions.movimentacao_bancaria;  SEM PROCESSAMENTO DE BORDERO
21-07-2024 05:08:29.825Z;functions.waitForImage;  FILTER CLEAN image not found.
21-07-2024 05:08:45.128Z;functions.waitForImage;  FILTER CLEAN image not found.
21-07-2024 05:09:00.441Z;functions.waitForImage;  FILTER CLEAN image not found.
21-07-2024 05:09:32.175Z;functions.processo_pagamento;  SEM REMESSA DE BORDERO AUTORIZADO
21-07-2024 05:09:33.280Z;functions.processo_pagamento;  FECHA ABA MOVIMENTAÇÕES BANCÁRIAS
21-07-2024 05:09:35.159Z;functions.enter_contas_a_pagar;  CLICK - TOTVS - LINHA RM
21-07-2024 05:09:37.284Z;functions.enter_contas_a_pagar;  CLICK - BACK OFFICE
21-07-2024 05:09:38.315Z;functions.enter_contas_a_pagar;  CLICK - GESTAO FINANCEIRA
21-07-2024 05:09:44.878Z;functions.enter_contas_a_pagar;  CLICK - CONTAS A PAGAR
21-07-2024 05:09:45.753Z;functions.waitForImage;  LANÇAMENTOS image found.
21-07-2024 05:09:47.886Z;functions.enter_contas_a_pagar;  CLICA EM LANÇAMENTOS
21-07-2024 05:10:03.534Z;functions.waitForImage;  LICENCAS EXCEDIDAS image not found.
21-07-2024 05:10:03.534Z;functions.obter_intervalo_data;  VERIFICANDO A HORA ATUAL 5
21-07-2024 05:10:03.550Z;functions.obter_intervalo_data;  Data Inicial BANCARIA antes da remoção: None
21-07-2024 05:10:03.550Z;functions.obter_intervalo_data;  Data Final BANCARIA antes da remoção: None
21-07-2024 05:10:03.566Z;functions.obter_intervalo_data;  Data Inicial BANCARIA após a remoção: None
21-07-2024 05:10:03.566Z;functions.obter_intervalo_data;  Data Final BANCARIA após a remoção: None
21-07-2024 05:10:03.566Z;functions.obter_intervalo_data;  hoje -  2024-07-21 05:10:03.566283
21-07-2024 05:10:03.566Z;functions.data_filter;  DATA INICIO 24-07-2024
21-07-2024 05:10:03.566Z;functions.data_filter;  DATA FIM 30-07-2024
21-07-2024 05:10:03.566Z;functions.data_filter;  CLICK - SELECIONA A DATA DE QUARTA FEIRA E DA PROXIMA TERÇA
21-07-2024 05:10:03.566Z;functions.data_filter;  QUARTA-FEIRA: 24-07-2024
21-07-2024 05:10:03.566Z;functions.data_filter;  TERCA-FEIRA: 30-07-2024
21-07-2024 05:10:20.441Z;functions.data_filter;  REMESSA BANCÁRIA - FILTRO DIGITADO
21-07-2024 05:10:21.441Z;functions.data_filter;  CLICK - BOTAO DE SELECAO DE FILTRO
21-07-2024 05:10:26.269Z;functions.data_filter;  INSERE - DATA DE QUARTA-FEIRA: 24-07-2024
21-07-2024 05:10:30.581Z;functions.data_filter;  INSERE - DATA DA PROX TERCA-FEIRA: 30-07-2024
21-07-2024 05:10:31.785Z;functions.data_filter;  CLICK - BOTAO DE EXECUTAR O FILTRO
21-07-2024 05:10:36.789Z;functions.desmark_filter;  AGUARDANDO 1
21-07-2024 05:10:40.316Z;functions.desmark_filter;  CLICK CHECKBOX LANÇAMENTOS A RECEBER
21-07-2024 05:10:42.691Z;functions.desmark_filter;  CLICK CHECKBOX LANÇAMENTOS BAIXADOS
21-07-2024 05:10:45.191Z;functions.desmark_filter;  CLICK CHECKBOX LANÇAMENTOS CANCELADOS
21-07-2024 05:10:47.785Z;functions.desmark_filter;  CLICK CHECKBOX LANÇAMENTOS FATURADOS
21-07-2024 05:10:50.461Z;functions.desmark_filter;  CLICK CHECKBOX LANÇAMENTOS FATURADOS
21-07-2024 05:10:55.628Z;functions.waitForImage;  FILTER CLEAN image found.
21-07-2024 05:10:57.738Z;functions.filter_clean;  CLICA NO BOTÃO X DO LIMPA FILTRO
21-07-2024 05:11:13.049Z;functions.waitForImage;  FILTER CLEAN image not found.
21-07-2024 05:11:28.378Z;functions.waitForImage;  FILTER CLEAN image not found.
21-07-2024 05:11:28.378Z;functions.check_table_record;  VERIFICANDO SE A TABELA ESTÁ VAZIA
21-07-2024 05:11:31.597Z;functions.check_table_record;  Texto extraido 1/66
21-07-2024 05:11:31.597Z;functions.check_table_record;  Count 66
21-07-2024 05:11:31.597Z;functions.check_table_record;  Type <class 'int'>
21-07-2024 05:11:31.597Z;functions.check_table_record;  TABELA CONTÉM REGISTROS
21-07-2024 05:11:43.738Z;functions.select_tipo_documento;  NOME DA COLUNA: Tipo de Documento
21-07-2024 05:11:45.659Z;functions.select_tipo_documento;  HOVER NOME DA COLUNA: Tipo de Documento
21-07-2024 05:11:46.520Z;functions.select_tipo_documento;  CLICA NO FILTRO PERSONALIZAR
21-07-2024 05:11:49.097Z;functions.select_tipo_documento;  CLICA PARA SELECIONAR OPÇÕES DO FILTRO
21-07-2024 05:11:55.543Z;functions.select_tipo_documento;  FILTRO "NÃO É IGUAL A INV" DEFINIDO
21-07-2024 05:11:56.597Z;functions.select_tipo_documento;  CLICK BUTTON CONFIRMAR FILTRO
21-07-2024 05:12:01.601Z;functions.filter_IPTE;  VERIFICANDO O COD DO CLIENTE EM CADA REGISTRO
21-07-2024 05:12:03.253Z;functions.filter_IPTE;  CLICA NA PRIMEIRA LINHA DA TABELA
21-07-2024 05:12:26.847Z;functions.filter_IPTE;  HOVER FILTER
21-07-2024 05:12:28.637Z;functions.filter_IPTE;  CLICK FILTER
21-07-2024 05:12:32.968Z;functions.filter_IPTE;  CLICA NO FILTRO PERSONALIZAR
21-07-2024 05:13:15.300Z;functions.filter_IPTE;  MOVIDO PRA CIMA 100 VEZES
21-07-2024 05:13:51.456Z;functions.filter_IPTE;  MOVIDO PRA CIMA MAIS 100 VEZES
21-07-2024 05:14:07.190Z;functions.filter_IPTE;  TABELA NÃO CONTÉM REGISTROS
21-07-2024 05:14:07.190Z;functions.check_table_record;  VERIFICANDO SE A TABELA ESTÁ VAZIA
21-07-2024 05:14:10.315Z;functions.check_table_record;  Texto extraido 0/0
21-07-2024 05:14:10.315Z;functions.check_table_record;  Count 0
21-07-2024 05:14:10.315Z;functions.check_table_record;  Type <class 'int'>
21-07-2024 05:14:10.315Z;functions.check_table_record;  SEM REGISTROS
21-07-2024 05:14:12.331Z;main.<module>;  SEM REMESSA BANCÁRIA
21-07-2024 05:14:12.331Z;functions.movimentacao_bancaria;  AGUARDANDO 1
21-07-2024 05:14:13.596Z;functions.movimentacao_bancaria;  CLICA NA ABA MOVIMENTAÇÃO BANCARIA
21-07-2024 05:14:13.800Z;functions.waitForImage;  IMAGEM BORDERO image found.
21-07-2024 05:14:15.914Z;functions.movimentacao_bancaria;  IMAGEM BORDERO CLICADA.
21-07-2024 05:14:26.581Z;functions.waitForImage;  LICENCAS EXCEDIDAS image not found.
21-07-2024 05:14:27.331Z;functions.movimentacao_bancaria;  ENCONTROU O FILTRO DA MOVIMENTAÇÃO BANCÁRIA
21-07-2024 05:14:27.378Z;functions.movimentacao_bancaria;  CLICA NA ABA SUPERIOR DO FILTRO
21-07-2024 05:14:34.690Z;functions.movimentacao_bancaria;  SELECIONA O FILTRO HOJE
21-07-2024 05:14:55.003Z;functions.waitForImage;  FILTER CLEAN image not found.
21-07-2024 05:15:10.268Z;functions.waitForImage;  FILTER CLEAN image not found.
21-07-2024 05:15:25.519Z;functions.waitForImage;  FILTER CLEAN image not found.
21-07-2024 05:16:39.503Z;functions.movimentacao_bancaria;  SEM PROCESSAMENTO DE BORDERO
21-07-2024 05:17:04.784Z;functions.waitForImage;  FILTER CLEAN image not found.
21-07-2024 05:17:19.877Z;functions.waitForImage;  FILTER CLEAN image not found.
21-07-2024 05:17:35.205Z;functions.waitForImage;  FILTER CLEAN image not found.
21-07-2024 05:18:06.565Z;functions.processo_pagamento;  SEM REMESSA DE BORDERO AUTORIZADO
21-07-2024 05:18:07.669Z;functions.processo_pagamento;  FECHA ABA MOVIMENTAÇÕES BANCÁRIAS
21-07-2024 05:18:09.002Z;functions.enter_contas_a_pagar;  CLICK - TOTVS - LINHA RM
21-07-2024 05:18:10.159Z;functions.enter_contas_a_pagar;  CLICK - BACK OFFICE
21-07-2024 05:18:11.315Z;functions.enter_contas_a_pagar;  CLICK - GESTAO FINANCEIRA
21-07-2024 05:18:17.034Z;functions.enter_contas_a_pagar;  CLICK - CONTAS A PAGAR
21-07-2024 05:18:17.206Z;functions.waitForImage;  LANÇAMENTOS image found.
21-07-2024 05:18:19.324Z;functions.enter_contas_a_pagar;  CLICA EM LANÇAMENTOS
21-07-2024 05:18:34.799Z;functions.waitForImage;  LICENCAS EXCEDIDAS image not found.
21-07-2024 05:18:34.799Z;functions.obter_intervalo_data;  VERIFICANDO A HORA ATUAL 5
21-07-2024 05:18:34.815Z;functions.obter_intervalo_data;  Data Inicial BANCARIA antes da remoção: None
21-07-2024 05:18:34.815Z;functions.obter_intervalo_data;  Data Final BANCARIA antes da remoção: None
21-07-2024 05:18:34.815Z;functions.obter_intervalo_data;  Data Inicial BANCARIA após a remoção: None
21-07-2024 05:18:34.815Z;functions.obter_intervalo_data;  Data Final BANCARIA após a remoção: None
21-07-2024 05:18:34.815Z;functions.obter_intervalo_data;  hoje -  2024-07-21 05:18:34.815059
21-07-2024 05:18:34.815Z;functions.data_filter;  DATA INICIO 24-07-2024
21-07-2024 05:18:34.815Z;functions.data_filter;  DATA FIM 30-07-2024
21-07-2024 05:18:34.815Z;functions.data_filter;  CLICK - SELECIONA A DATA DE QUARTA FEIRA E DA PROXIMA TERÇA
21-07-2024 05:18:34.815Z;functions.data_filter;  QUARTA-FEIRA: 24-07-2024
21-07-2024 05:18:34.815Z;functions.data_filter;  TERCA-FEIRA: 30-07-2024
21-07-2024 05:18:51.581Z;functions.data_filter;  REMESSA BANCÁRIA - FILTRO DIGITADO
21-07-2024 05:18:52.502Z;functions.data_filter;  CLICK - BOTAO DE SELECAO DE FILTRO
21-07-2024 05:18:57.049Z;functions.data_filter;  INSERE - DATA DE QUARTA-FEIRA: 24-07-2024
21-07-2024 05:19:01.315Z;functions.data_filter;  INSERE - DATA DA PROX TERCA-FEIRA: 30-07-2024
21-07-2024 05:19:02.346Z;functions.data_filter;  CLICK - BOTAO DE EXECUTAR O FILTRO
21-07-2024 05:19:07.351Z;functions.desmark_filter;  AGUARDANDO 1
21-07-2024 05:19:09.471Z;functions.desmark_filter;  CLICK CHECKBOX LANÇAMENTOS A RECEBER
21-07-2024 05:19:11.558Z;functions.desmark_filter;  CLICK CHECKBOX LANÇAMENTOS BAIXADOS
21-07-2024 05:19:13.940Z;functions.desmark_filter;  CLICK CHECKBOX LANÇAMENTOS CANCELADOS
21-07-2024 05:19:16.565Z;functions.desmark_filter;  CLICK CHECKBOX LANÇAMENTOS FATURADOS
21-07-2024 05:19:19.471Z;functions.desmark_filter;  CLICK CHECKBOX LANÇAMENTOS FATURADOS
21-07-2024 05:19:24.658Z;functions.waitForImage;  FILTER CLEAN image found.
21-07-2024 05:19:26.774Z;functions.filter_clean;  CLICA NO BOTÃO X DO LIMPA FILTRO
21-07-2024 05:19:42.033Z;functions.waitForImage;  FILTER CLEAN image not found.
21-07-2024 05:19:57.174Z;functions.waitForImage;  FILTER CLEAN image not found.
21-07-2024 05:19:58.346Z;functions.filter_forma_pagamento;  CLICA NA PRIMEIRA LINHA DA TABELA
21-07-2024 05:19:58.627Z;functions.filter_forma_pagamento;  CLICK NA PRIMEIRA LINHA E COLUNA DA TABELA
21-07-2024 05:20:14.949Z;functions.filter_forma_pagamento;  160 PASSOS PARA DIREITA NA TABELA >>
21-07-2024 05:20:21.065Z;functions.filter_forma_pagamento;  HOVER NOME DA COLUNA FORMA DE PAGAMENTO
21-07-2024 05:20:22.887Z;functions.filter_forma_pagamento;  CLICA PARA APARECER O FILTRO PERSONALIZAR
21-07-2024 05:20:26.218Z;functions.filter_forma_pagamento;  CLICA NO FILTRO PERSONALIZAR
21-07-2024 05:20:38.502Z;functions.filter_forma_pagamento;  Texto extraido 0/0
21-07-2024 05:20:38.502Z;functions.filter_forma_pagamento;  Count 0
21-07-2024 05:20:38.502Z;functions.filter_forma_pagamento;  Type <class 'int'>
21-07-2024 05:20:38.502Z;functions.filter_forma_pagamento;  SEM REGISTROS
21-07-2024 05:20:40.511Z;functions.check_table_record;  VERIFICANDO SE A TABELA ESTÁ VAZIA
21-07-2024 05:20:43.689Z;functions.check_table_record;  Texto extraido 0/0
21-07-2024 05:20:43.689Z;functions.check_table_record;  Count 0
21-07-2024 05:20:43.689Z;functions.check_table_record;  Type <class 'int'>
21-07-2024 05:20:43.689Z;functions.check_table_record;  SEM REGISTROS
21-07-2024 05:20:47.698Z;main.<module>;  SEM REMESSA DE TED CIP
21-07-2024 05:20:48.627Z;functions.enter_contas_a_pagar;  CLICK - TOTVS - LINHA RM
21-07-2024 05:20:50.627Z;functions.enter_contas_a_pagar;  CLICK - BACK OFFICE
21-07-2024 05:20:51.877Z;functions.enter_contas_a_pagar;  CLICK - GESTAO FINANCEIRA
21-07-2024 05:20:57.658Z;functions.enter_contas_a_pagar;  CLICK - CONTAS A PAGAR
21-07-2024 05:20:57.850Z;functions.waitForImage;  LANÇAMENTOS image found.
21-07-2024 05:20:59.983Z;functions.enter_contas_a_pagar;  CLICA EM LANÇAMENTOS
21-07-2024 05:21:15.486Z;functions.waitForImage;  LICENCAS EXCEDIDAS image not found.
21-07-2024 05:21:15.486Z;functions.obter_intervalo_data;  VERIFICANDO A HORA ATUAL 5
21-07-2024 05:21:15.502Z;functions.obter_intervalo_data;  Data Inicial BANCARIA antes da remoção: None
21-07-2024 05:21:15.502Z;functions.obter_intervalo_data;  Data Final BANCARIA antes da remoção: None
21-07-2024 05:21:15.502Z;functions.obter_intervalo_data;  Data Inicial BANCARIA após a remoção: None
21-07-2024 05:21:15.502Z;functions.obter_intervalo_data;  Data Final BANCARIA após a remoção: None
21-07-2024 05:21:15.502Z;functions.obter_intervalo_data;  hoje -  2024-07-21 05:21:15.502378
21-07-2024 05:21:15.502Z;functions.data_filter;  DATA INICIO 24-07-2024
21-07-2024 05:21:15.502Z;functions.data_filter;  DATA FIM 30-07-2024
21-07-2024 05:21:15.502Z;functions.data_filter;  CLICK - SELECIONA A DATA DE QUARTA FEIRA E DA PROXIMA TERÇA
21-07-2024 05:21:15.502Z;functions.data_filter;  QUARTA-FEIRA: 24-07-2024
21-07-2024 05:21:15.502Z;functions.data_filter;  TERCA-FEIRA: 30-07-2024
21-07-2024 05:21:32.375Z;functions.data_filter;  REMESSA BANCÁRIA - FILTRO DIGITADO
21-07-2024 05:21:33.408Z;functions.data_filter;  CLICK - BOTAO DE SELECAO DE FILTRO
21-07-2024 05:21:38.130Z;functions.data_filter;  INSERE - DATA DE QUARTA-FEIRA: 24-07-2024
21-07-2024 05:21:42.424Z;functions.data_filter;  INSERE - DATA DA PROX TERCA-FEIRA: 30-07-2024
21-07-2024 05:21:43.596Z;functions.data_filter;  CLICK - BOTAO DE EXECUTAR O FILTRO
21-07-2024 05:21:48.600Z;functions.desmark_filter;  AGUARDANDO 1
21-07-2024 05:21:50.877Z;functions.desmark_filter;  CLICK CHECKBOX LANÇAMENTOS A RECEBER
21-07-2024 05:21:52.844Z;functions.desmark_filter;  CLICK CHECKBOX LANÇAMENTOS BAIXADOS
21-07-2024 05:21:54.908Z;functions.desmark_filter;  CLICK CHECKBOX LANÇAMENTOS CANCELADOS
21-07-2024 05:21:57.178Z;functions.desmark_filter;  CLICK CHECKBOX LANÇAMENTOS FATURADOS
21-07-2024 05:21:59.805Z;functions.desmark_filter;  CLICK CHECKBOX LANÇAMENTOS FATURADOS
21-07-2024 05:22:04.971Z;functions.waitForImage;  FILTER CLEAN image found.
21-07-2024 05:22:07.083Z;functions.filter_clean;  CLICA NO BOTÃO X DO LIMPA FILTRO
21-07-2024 05:22:22.299Z;functions.waitForImage;  FILTER CLEAN image not found.
21-07-2024 05:22:37.596Z;functions.waitForImage;  FILTER CLEAN image not found.
21-07-2024 05:22:39.221Z;functions.filter_forma_pagamento_branco;  CLICK NA PRIMEIRA LINHA E COLUNA DA TABELA
21-07-2024 05:22:55.556Z;functions.filter_forma_pagamento_branco;  160 PASSOS PARA DIREITA NA TABELA >>
21-07-2024 05:23:00.940Z;functions.filter_forma_pagamento_branco;  HOVER NOME DA COLUNA FORMA DE PAGAMENTO
21-07-2024 05:23:02.761Z;functions.filter_forma_pagamento_branco;  CLICA PARA APARECER O FILTRO PERSONALIZAR
21-07-2024 05:23:06.096Z;functions.filter_forma_pagamento_branco;  CLICA NO FILTRO PERSONALIZAR
21-07-2024 05:23:15.018Z;functions.filter_forma_pagamento_branco;  Texto extraido 1/12
21-07-2024 05:23:15.018Z;functions.filter_forma_pagamento_branco;  Count 12
21-07-2024 05:23:15.018Z;functions.filter_forma_pagamento_branco;  Type <class 'int'>
21-07-2024 05:23:15.018Z;functions.filter_forma_pagamento_branco;  TABELA CONTÉM REGISTROS
21-07-2024 05:23:18.596Z;functions.filter_forma_pagamento_branco;  MOVIDO PRA CIMA 12 VEZES
21-07-2024 05:23:22.696Z;functions.check_table_record;  VERIFICANDO SE A TABELA ESTÁ VAZIA
21-07-2024 05:23:25.768Z;functions.check_table_record;  Texto extraido 1/12
21-07-2024 05:23:25.768Z;functions.check_table_record;  Count 12
21-07-2024 05:23:25.783Z;functions.check_table_record;  Type <class 'int'>
21-07-2024 05:23:25.783Z;functions.check_table_record;  TABELA CONTÉM REGISTROS
21-07-2024 05:23:25.783Z;functions.check_ted_branco;  VERIFICANDO O COD DO CLIENTE EM CADA REGISTRO
21-07-2024 05:23:27.439Z;functions.check_ted_branco;  CLICA NA PRIMEIRA LINHA DA TABELA
21-07-2024 05:23:31.547Z;functions.check_ted_branco;  REFERNCIA: 982153
21-07-2024 05:23:31.547Z;functions.check_ted_branco;  CONTAGEM: 1
21-07-2024 05:23:31.850Z;functions.check_ted_branco;  ENTRANDO NO REGISTRO 
21-07-2024 05:23:54.431Z;functions.waitForImage;  INTEGRAÇÃO BANCÁRIA image found.
21-07-2024 05:23:54.543Z;functions.check_ted_branco;  CLICA EM INTEGRAÇÃO BANCÁRIA
21-07-2024 05:23:54.543Z;functions.check_ted_branco;  VERIFICANDO INFORMAÇÕES
21-07-2024 05:23:54.720Z;functions.waitForImage;  TRES PONTINHOS image found.
21-07-2024 05:24:07.352Z;functions.check_ted_branco;  VERIFICANDO SE TEM PIX NO FILTRO
21-07-2024 05:24:07.549Z;functions.waitForImage;  CHECANDO DADOS BANCÁRIOS PIX image found.
21-07-2024 05:24:09.558Z;functions.check_ted_branco;  PIX NÃO ENCONTRADO PARA REFERENCIA: 982153
21-07-2024 05:24:13.270Z;functions.check_ted_branco;  APERTA EM CANCELAR
21-07-2024 05:24:13.502Z;functions.waitForImage;  PRESS BUTTON OK image found.
21-07-2024 05:24:15.638Z;functions.click_ok;  PRESS BUTTON OK
21-07-2024 05:24:28.141Z;functions.waitForImage;  ERROR GENERICO image not found.
21-07-2024 05:24:33.251Z;functions.waitForImage;  ERROR FILTRO PIX image not found.
21-07-2024 05:24:37.355Z;functions.check_ted_branco;  PASSANDO PARA PRÓXIMO REGISTRO
21-07-2024 05:24:41.460Z;functions.check_ted_branco;  REFERNCIA: 981408
21-07-2024 05:24:41.460Z;functions.check_ted_branco;  CONTAGEM: 2
21-07-2024 05:24:41.761Z;functions.check_ted_branco;  ENTRANDO NO REGISTRO 
21-07-2024 05:24:47.865Z;functions.waitForImage;  INTEGRAÇÃO BANCÁRIA image found.
21-07-2024 05:24:47.980Z;functions.check_ted_branco;  CLICA EM INTEGRAÇÃO BANCÁRIA
21-07-2024 05:24:47.980Z;functions.check_ted_branco;  VERIFICANDO INFORMAÇÕES
21-07-2024 05:24:48.845Z;functions.waitForImage;  TRES PONTINHOS image found.
21-07-2024 05:25:01.486Z;functions.check_ted_branco;  VERIFICANDO SE TEM PIX NO FILTRO
21-07-2024 05:25:01.658Z;functions.waitForImage;  CHECANDO DADOS BANCÁRIOS PIX image found.
21-07-2024 05:25:03.667Z;functions.check_ted_branco;  PIX NÃO ENCONTRADO PARA REFERENCIA: 981408
21-07-2024 05:25:07.379Z;functions.check_ted_branco;  APERTA EM CANCELAR
21-07-2024 05:25:07.580Z;functions.waitForImage;  PRESS BUTTON OK image found.
21-07-2024 05:25:09.702Z;functions.click_ok;  PRESS BUTTON OK
21-07-2024 05:25:22.236Z;functions.waitForImage;  ERROR GENERICO image not found.
21-07-2024 05:25:27.267Z;functions.waitForImage;  ERROR FILTRO PIX image not found.
21-07-2024 05:25:31.384Z;functions.check_ted_branco;  PASSANDO PARA PRÓXIMO REGISTRO
21-07-2024 05:25:35.489Z;functions.check_ted_branco;  REFERNCIA: 982240
21-07-2024 05:25:35.489Z;functions.check_ted_branco;  CONTAGEM: 3
21-07-2024 05:25:35.790Z;functions.check_ted_branco;  ENTRANDO NO REGISTRO 
21-07-2024 05:25:41.970Z;functions.waitForImage;  INTEGRAÇÃO BANCÁRIA image found.
21-07-2024 05:25:42.105Z;functions.check_ted_branco;  CLICA EM INTEGRAÇÃO BANCÁRIA
21-07-2024 05:25:42.105Z;functions.check_ted_branco;  VERIFICANDO INFORMAÇÕES
21-07-2024 05:25:42.971Z;functions.waitForImage;  TRES PONTINHOS image found.
21-07-2024 05:25:55.599Z;functions.check_ted_branco;  VERIFICANDO SE TEM PIX NO FILTRO
21-07-2024 05:25:55.783Z;functions.waitForImage;  CHECANDO DADOS BANCÁRIOS PIX image found.
21-07-2024 05:25:57.790Z;functions.check_ted_branco;  PIX NÃO ENCONTRADO PARA REFERENCIA: 982240
21-07-2024 05:26:01.506Z;functions.check_ted_branco;  APERTA EM CANCELAR
21-07-2024 05:26:01.673Z;functions.waitForImage;  PRESS BUTTON OK image found.
21-07-2024 05:26:03.822Z;functions.click_ok;  PRESS BUTTON OK
21-07-2024 05:26:16.345Z;functions.waitForImage;  ERROR GENERICO image not found.
21-07-2024 05:26:21.376Z;functions.waitForImage;  ERROR FILTRO PIX image not found.
21-07-2024 05:26:25.482Z;functions.check_ted_branco;  PASSANDO PARA PRÓXIMO REGISTRO
21-07-2024 05:26:29.586Z;functions.check_ted_branco;  REFERNCIA: 978735
21-07-2024 05:26:29.586Z;functions.check_ted_branco;  CONTAGEM: 4
21-07-2024 05:26:29.888Z;functions.check_ted_branco;  ENTRANDO NO REGISTRO 
21-07-2024 05:26:36.595Z;functions.waitForImage;  INTEGRAÇÃO BANCÁRIA image found.
21-07-2024 05:26:36.729Z;functions.check_ted_branco;  CLICA EM INTEGRAÇÃO BANCÁRIA
21-07-2024 05:26:36.729Z;functions.check_ted_branco;  VERIFICANDO INFORMAÇÕES
21-07-2024 05:26:36.917Z;functions.waitForImage;  TRES PONTINHOS image found.
21-07-2024 05:26:49.544Z;functions.check_ted_branco;  VERIFICANDO SE TEM PIX NO FILTRO
21-07-2024 05:26:49.720Z;functions.waitForImage;  CHECANDO DADOS BANCÁRIOS PIX image found.
21-07-2024 05:26:51.729Z;functions.check_ted_branco;  PIX NÃO ENCONTRADO PARA REFERENCIA: 978735
21-07-2024 05:26:55.441Z;functions.check_ted_branco;  APERTA EM CANCELAR
21-07-2024 05:26:55.611Z;functions.waitForImage;  PRESS BUTTON OK image found.
21-07-2024 05:26:57.728Z;functions.click_ok;  PRESS BUTTON OK
21-07-2024 05:27:10.204Z;functions.waitForImage;  ERROR GENERICO image not found.
21-07-2024 05:27:15.298Z;functions.waitForImage;  ERROR FILTRO PIX image not found.
21-07-2024 05:27:19.406Z;functions.check_ted_branco;  PASSANDO PARA PRÓXIMO REGISTRO
21-07-2024 05:27:23.511Z;functions.check_ted_branco;  REFERNCIA: 982175
21-07-2024 05:27:23.511Z;functions.check_ted_branco;  CONTAGEM: 5
21-07-2024 05:27:23.812Z;functions.check_ted_branco;  ENTRANDO NO REGISTRO 
21-07-2024 05:27:30.642Z;functions.waitForImage;  INTEGRAÇÃO BANCÁRIA image found.
21-07-2024 05:27:30.760Z;functions.check_ted_branco;  CLICA EM INTEGRAÇÃO BANCÁRIA
21-07-2024 05:27:30.760Z;functions.check_ted_branco;  VERIFICANDO INFORMAÇÕES
21-07-2024 05:27:30.939Z;functions.waitForImage;  TRES PONTINHOS image found.
21-07-2024 05:27:43.570Z;functions.check_ted_branco;  VERIFICANDO SE TEM PIX NO FILTRO
21-07-2024 05:27:43.751Z;functions.waitForImage;  CHECANDO DADOS BANCÁRIOS PIX image found.
21-07-2024 05:27:45.761Z;functions.check_ted_branco;  PIX NÃO ENCONTRADO PARA REFERENCIA: 982175
21-07-2024 05:27:49.473Z;functions.check_ted_branco;  APERTA EM CANCELAR
21-07-2024 05:27:49.657Z;functions.waitForImage;  PRESS BUTTON OK image found.
21-07-2024 05:27:51.793Z;functions.click_ok;  PRESS BUTTON OK
21-07-2024 05:28:04.282Z;functions.waitForImage;  ERROR GENERICO image not found.
21-07-2024 05:28:09.329Z;functions.waitForImage;  ERROR FILTRO PIX image not found.
21-07-2024 05:28:13.435Z;functions.check_ted_branco;  PASSANDO PARA PRÓXIMO REGISTRO
21-07-2024 05:28:17.541Z;functions.check_ted_branco;  REFERNCIA: 980379
21-07-2024 05:28:17.541Z;functions.check_ted_branco;  CONTAGEM: 6
21-07-2024 05:28:17.842Z;functions.check_ted_branco;  ENTRANDO NO REGISTRO 
21-07-2024 05:28:25.361Z;functions.waitForImage;  INTEGRAÇÃO BANCÁRIA image found.
21-07-2024 05:28:25.510Z;functions.check_ted_branco;  CLICA EM INTEGRAÇÃO BANCÁRIA
21-07-2024 05:28:25.510Z;functions.check_ted_branco;  VERIFICANDO INFORMAÇÕES
21-07-2024 05:28:25.694Z;functions.waitForImage;  TRES PONTINHOS image found.
21-07-2024 05:28:38.322Z;functions.check_ted_branco;  VERIFICANDO SE TEM PIX NO FILTRO
21-07-2024 05:28:38.501Z;functions.waitForImage;  CHECANDO DADOS BANCÁRIOS PIX image found.
21-07-2024 05:28:40.506Z;functions.check_ted_branco;  PIX NÃO ENCONTRADO PARA REFERENCIA: 980379
21-07-2024 05:28:44.217Z;functions.check_ted_branco;  APERTA EM CANCELAR
21-07-2024 05:28:44.408Z;functions.waitForImage;  PRESS BUTTON OK image found.
21-07-2024 05:28:46.542Z;functions.click_ok;  PRESS BUTTON OK
21-07-2024 05:28:59.032Z;functions.waitForImage;  ERROR GENERICO image not found.
21-07-2024 05:29:04.111Z;functions.waitForImage;  ERROR FILTRO PIX image not found.
21-07-2024 05:29:08.215Z;functions.check_ted_branco;  PASSANDO PARA PRÓXIMO REGISTRO
21-07-2024 05:29:12.320Z;functions.check_ted_branco;  REFERNCIA: 981677
21-07-2024 05:29:12.320Z;functions.check_ted_branco;  CONTAGEM: 7
21-07-2024 05:29:12.621Z;functions.check_ted_branco;  ENTRANDO NO REGISTRO 
21-07-2024 05:29:20.157Z;functions.waitForImage;  INTEGRAÇÃO BANCÁRIA image found.
21-07-2024 05:29:20.298Z;functions.check_ted_branco;  CLICA EM INTEGRAÇÃO BANCÁRIA
21-07-2024 05:29:20.298Z;functions.check_ted_branco;  VERIFICANDO INFORMAÇÕES
21-07-2024 05:29:20.470Z;functions.waitForImage;  TRES PONTINHOS image found.
21-07-2024 05:29:33.103Z;functions.check_ted_branco;  VERIFICANDO SE TEM PIX NO FILTRO
21-07-2024 05:29:33.282Z;functions.waitForImage;  CHECANDO DADOS BANCÁRIOS PIX image found.
21-07-2024 05:29:35.294Z;functions.check_ted_branco;  PIX NÃO ENCONTRADO PARA REFERENCIA: 981677
21-07-2024 05:29:39.014Z;functions.check_ted_branco;  APERTA EM CANCELAR
21-07-2024 05:29:39.173Z;functions.waitForImage;  PRESS BUTTON OK image found.
21-07-2024 05:29:41.321Z;functions.click_ok;  PRESS BUTTON OK
21-07-2024 05:29:53.845Z;functions.waitForImage;  ERROR GENERICO image not found.
21-07-2024 05:29:58.892Z;functions.waitForImage;  ERROR FILTRO PIX image not found.
21-07-2024 05:30:03.004Z;functions.check_ted_branco;  PASSANDO PARA PRÓXIMO REGISTRO
21-07-2024 05:30:07.110Z;functions.check_ted_branco;  REFERNCIA: 981510
21-07-2024 05:30:07.110Z;functions.check_ted_branco;  CONTAGEM: 8
21-07-2024 05:30:07.411Z;functions.check_ted_branco;  ENTRANDO NO REGISTRO 
21-07-2024 05:30:14.252Z;functions.waitForImage;  INTEGRAÇÃO BANCÁRIA image found.
21-07-2024 05:30:14.386Z;functions.check_ted_branco;  CLICA EM INTEGRAÇÃO BANCÁRIA
21-07-2024 05:30:14.386Z;functions.check_ted_branco;  VERIFICANDO INFORMAÇÕES
21-07-2024 05:30:14.581Z;functions.waitForImage;  TRES PONTINHOS image found.
21-07-2024 05:30:27.210Z;functions.check_ted_branco;  VERIFICANDO SE TEM PIX NO FILTRO
21-07-2024 05:30:27.376Z;functions.waitForImage;  CHECANDO DADOS BANCÁRIOS PIX image found.
21-07-2024 05:30:29.387Z;functions.check_ted_branco;  PIX NÃO ENCONTRADO PARA REFERENCIA: 981510
21-07-2024 05:30:33.100Z;functions.check_ted_branco;  APERTA EM CANCELAR
21-07-2024 05:30:33.282Z;functions.waitForImage;  PRESS BUTTON OK image found.
21-07-2024 05:30:35.418Z;functions.click_ok;  PRESS BUTTON OK
21-07-2024 05:30:47.909Z;functions.waitForImage;  ERROR GENERICO image not found.
21-07-2024 05:30:53.052Z;functions.waitForImage;  ERROR FILTRO PIX image not found.
21-07-2024 05:30:57.155Z;functions.check_ted_branco;  PASSANDO PARA PRÓXIMO REGISTRO
21-07-2024 05:31:01.260Z;functions.check_ted_branco;  REFERNCIA: 981509
21-07-2024 05:31:01.260Z;functions.check_ted_branco;  CONTAGEM: 9
21-07-2024 05:31:01.561Z;functions.check_ted_branco;  ENTRANDO NO REGISTRO 
21-07-2024 05:31:08.392Z;functions.waitForImage;  INTEGRAÇÃO BANCÁRIA image found.
21-07-2024 05:31:08.510Z;functions.check_ted_branco;  CLICA EM INTEGRAÇÃO BANCÁRIA
21-07-2024 05:31:08.510Z;functions.check_ted_branco;  VERIFICANDO INFORMAÇÕES
21-07-2024 05:31:08.691Z;functions.waitForImage;  TRES PONTINHOS image found.
21-07-2024 05:31:21.325Z;functions.check_ted_branco;  VERIFICANDO SE TEM PIX NO FILTRO
21-07-2024 05:31:21.501Z;functions.waitForImage;  CHECANDO DADOS BANCÁRIOS PIX image found.
21-07-2024 05:31:23.511Z;functions.check_ted_branco;  PIX NÃO ENCONTRADO PARA REFERENCIA: 981509
21-07-2024 05:31:27.223Z;functions.check_ted_branco;  APERTA EM CANCELAR
21-07-2024 05:31:27.407Z;functions.waitForImage;  PRESS BUTTON OK image found.
21-07-2024 05:31:29.540Z;functions.click_ok;  PRESS BUTTON OK
21-07-2024 05:31:42.032Z;functions.waitForImage;  ERROR GENERICO image not found.
21-07-2024 05:31:47.110Z;functions.waitForImage;  ERROR FILTRO PIX image not found.
21-07-2024 05:31:51.227Z;functions.check_ted_branco;  PASSANDO PARA PRÓXIMO REGISTRO
21-07-2024 05:31:55.332Z;functions.check_ted_branco;  REFERNCIA: 753544
21-07-2024 05:31:55.332Z;functions.check_ted_branco;  CONTAGEM: 10
21-07-2024 05:31:55.634Z;functions.check_ted_branco;  ENTRANDO NO REGISTRO 
21-07-2024 05:32:02.485Z;functions.waitForImage;  INTEGRAÇÃO BANCÁRIA image found.
21-07-2024 05:32:02.636Z;functions.check_ted_branco;  CLICA EM INTEGRAÇÃO BANCÁRIA
21-07-2024 05:32:02.636Z;functions.check_ted_branco;  VERIFICANDO INFORMAÇÕES
21-07-2024 05:32:03.517Z;functions.waitForImage;  TRES PONTINHOS image found.
21-07-2024 05:32:16.149Z;functions.check_ted_branco;  VERIFICANDO SE TEM PIX NO FILTRO
21-07-2024 05:32:16.313Z;functions.waitForImage;  CHECANDO DADOS BANCÁRIOS PIX image found.
21-07-2024 05:32:18.321Z;functions.check_ted_branco;  PIX NÃO ENCONTRADO PARA REFERENCIA: 753544
21-07-2024 05:32:22.035Z;functions.check_ted_branco;  APERTA EM CANCELAR
21-07-2024 05:32:22.220Z;functions.waitForImage;  PRESS BUTTON OK image found.
21-07-2024 05:32:24.356Z;functions.click_ok;  PRESS BUTTON OK
21-07-2024 05:32:36.845Z;functions.waitForImage;  ERROR GENERICO image not found.
21-07-2024 05:32:41.922Z;functions.waitForImage;  ERROR FILTRO PIX image not found.
21-07-2024 05:32:46.032Z;functions.check_ted_branco;  PASSANDO PARA PRÓXIMO REGISTRO
21-07-2024 05:32:50.138Z;functions.check_ted_branco;  REFERNCIA: 753667
21-07-2024 05:32:50.138Z;functions.check_ted_branco;  CONTAGEM: 11
21-07-2024 05:32:50.440Z;functions.check_ted_branco;  ENTRANDO NO REGISTRO 
21-07-2024 05:32:58.673Z;functions.waitForImage;  INTEGRAÇÃO BANCÁRIA image found.
21-07-2024 05:32:58.791Z;functions.check_ted_branco;  CLICA EM INTEGRAÇÃO BANCÁRIA
21-07-2024 05:32:58.791Z;functions.check_ted_branco;  VERIFICANDO INFORMAÇÕES
21-07-2024 05:32:59.610Z;functions.waitForImage;  TRES PONTINHOS image found.
21-07-2024 05:33:12.250Z;functions.check_ted_branco;  VERIFICANDO SE TEM PIX NO FILTRO
21-07-2024 05:33:12.438Z;functions.waitForImage;  CHECANDO DADOS BANCÁRIOS PIX image found.
21-07-2024 05:33:14.448Z;functions.check_ted_branco;  PIX NÃO ENCONTRADO PARA REFERENCIA: 753667
21-07-2024 05:33:18.161Z;functions.check_ted_branco;  APERTA EM CANCELAR
21-07-2024 05:33:18.360Z;functions.waitForImage;  PRESS BUTTON OK image found.
21-07-2024 05:33:20.480Z;functions.click_ok;  PRESS BUTTON OK
21-07-2024 05:33:32.985Z;functions.waitForImage;  ERROR GENERICO image not found.
21-07-2024 05:33:38.092Z;functions.waitForImage;  ERROR FILTRO PIX image not found.
21-07-2024 05:33:42.196Z;functions.check_ted_branco;  PASSANDO PARA PRÓXIMO REGISTRO
21-07-2024 05:33:46.301Z;functions.check_ted_branco;  REFERNCIA: 753607
21-07-2024 05:33:46.301Z;functions.check_ted_branco;  CONTAGEM: 12
21-07-2024 05:33:46.604Z;functions.check_ted_branco;  ENTRANDO NO REGISTRO 
21-07-2024 05:33:53.376Z;functions.waitForImage;  INTEGRAÇÃO BANCÁRIA image found.
21-07-2024 05:33:53.508Z;functions.check_ted_branco;  CLICA EM INTEGRAÇÃO BANCÁRIA
21-07-2024 05:33:53.508Z;functions.check_ted_branco;  VERIFICANDO INFORMAÇÕES
21-07-2024 05:33:54.313Z;functions.waitForImage;  TRES PONTINHOS image found.
21-07-2024 05:34:06.951Z;functions.check_ted_branco;  VERIFICANDO SE TEM PIX NO FILTRO
21-07-2024 05:34:07.126Z;functions.waitForImage;  CHECANDO DADOS BANCÁRIOS PIX image found.
21-07-2024 05:34:09.135Z;functions.check_ted_branco;  PIX NÃO ENCONTRADO PARA REFERENCIA: 753607
21-07-2024 05:34:12.847Z;functions.check_ted_branco;  APERTA EM CANCELAR
21-07-2024 05:34:13.044Z;functions.waitForImage;  PRESS BUTTON OK image found.
21-07-2024 05:34:15.167Z;functions.click_ok;  PRESS BUTTON OK
21-07-2024 05:34:27.657Z;functions.waitForImage;  ERROR GENERICO image not found.
21-07-2024 05:34:32.797Z;functions.waitForImage;  ERROR FILTRO PIX image not found.
21-07-2024 05:34:32.797Z;functions.check_ted_branco;  FORAM VERIFICADOS: 12 REFERENCIAS NO PROCESSAMENTO FORMA DE PAGAMENTO ELETRONICA EM BRANCO
21-07-2024 05:34:36.813Z;errorhandler.__handle;  Property: Unknown Property name. [1:203: -ms-interpolation-mode]
21-07-2024 05:34:36.860Z;errorhandler.__handle;  Property: Unknown Property name. [1:353: -webkit-font-smoothing]
21-07-2024 05:34:36.860Z;errorhandler.__handle;  Property: Unknown Property name. [1:483: -ms-text-size-adjust]
21-07-2024 05:34:36.860Z;errorhandler.__handle;  Property: Unknown Property name. [1:518: -webkit-text-size-adjust]
21-07-2024 05:34:36.876Z;errorhandler.__handle;  Property: Unknown Property name. [1:612: mso-table-lspace]
21-07-2024 05:34:36.876Z;errorhandler.__handle;  Property: Unknown Property name. [1:642: mso-table-rspace]
21-07-2024 05:34:37.110Z;errorhandler.__handle;  Property: Unknown Property name. [1:4734: mso-hide]
21-07-2024 05:34:37.204Z;errorhandler.__handle;  Property: Unknown Property name. [1:13: -ms-interpolation-mode]
21-07-2024 05:34:37.204Z;errorhandler.__handle;  Property: Unknown Property name. [1:49: -webkit-font-smoothing]
21-07-2024 05:34:37.219Z;errorhandler.__handle;  Property: Unknown Property name. [1:134: -ms-text-size-adjust]
21-07-2024 05:34:37.219Z;errorhandler.__handle;  Property: Unknown Property name. [1:160: -webkit-text-size-adjust]
21-07-2024 05:34:37.219Z;errorhandler.__handle;  Property: Unknown Property name. [1:26: mso-table-lspace]
21-07-2024 05:34:37.219Z;errorhandler.__handle;  Property: Unknown Property name. [1:45: mso-table-rspace]
21-07-2024 05:34:37.251Z;errorhandler.__handle;  Property: Unknown Property name. [1:92: mso-hide]
21-07-2024 05:34:37.266Z;errorhandler.__handle;  Property: No ":" after name found: align-center [1:1: align-center]
21-07-2024 05:34:37.266Z;errorhandler.__handle;  Property: No property value found: align-center [1:1: align-center]
21-07-2024 05:34:37.266Z;errorhandler.__handle;  CSSStyleDeclaration: Syntax Error in Property: align-center
21-07-2024 05:34:37.266Z;errorhandler.__handle;  Property: Unknown Property name. [1:14: -ms-interpolation-mode]
21-07-2024 05:34:40.220Z;functions.emailFinalizado;  Warning e-mail sent.
21-07-2024 05:34:40.220Z;main.<module>;  Remessa Bancária TED CIP com filtro de pagamento eletronica em branco modificadas para pix 
 PASSO 3 FINALIZADO
21-07-2024 05:34:40.220Z;main.<module>;  O PROGRAMA SERÁ ENCERRADO
21-07-2024 05:34:41.501Z;errorhandler.__handle;  Property: Unknown Property name. [1:14: -ms-interpolation-mode]
21-07-2024 05:34:44.188Z;functions.emailFinalizado;  Warning e-mail sent.
21-07-2024 05:34:44.719Z;functions.end_RM;  RM ENCERRADO
