21-07-2024 21:00:39.744Z;functions.bot_text_art;      ____   
21-07-2024 21:00:39.744Z;functions.bot_text_art;     [____]    
21-07-2024 21:00:39.744Z;functions.bot_text_art;   |=]()()[=|  
21-07-2024 21:00:39.744Z;functions.bot_text_art;     _\==/__    _____    ____     _        _____    ___   _  __
21-07-2024 21:00:39.744Z;functions.bot_text_art;   |__|   |_|  |  _  \  / ___|   | |      |_   _| / ___| | |/ /
21-07-2024 21:00:39.744Z;functions.bot_text_art;   |_|_/\_|_|  | |  | | | |      | |        | |   | |    | ' / 
21-07-2024 21:00:39.744Z;functions.bot_text_art;   | | __ | |  | |  | | | |      | |        | |   | |    |  <  
21-07-2024 21:00:39.744Z;functions.bot_text_art;   |_|[  ]|_|  | |__| | | |____  | |____   _| |_  | |__  | . \ 
21-07-2024 21:00:39.744Z;functions.bot_text_art;   \_|_||_|_/  |_____/   \_____| |______| |_____| \ ___| |_|\_\
21-07-2024 21:00:39.744Z;functions.bot_text_art;     |_||_|                                                     
21-07-2024 21:00:39.744Z;functions.bot_text_art;     | ||_|_   
21-07-2024 21:00:39.744Z;functions.bot_text_art;   |___||___|  
21-07-2024 21:00:39.744Z;functions.bot_text_art;               
21-07-2024 21:00:39.766Z;functions.open_RM;  OPEN PROGRAM RM
21-07-2024 21:00:39.766Z;functions.caps;  DESATIVANDO CAPS
21-07-2024 21:00:39.767Z;functions.loggin_RM;  BUSCANDO LOGGIN RM
21-07-2024 21:01:03.416Z;functions.loggin_RM;  ENTER USER_NAME
21-07-2024 21:01:08.215Z;functions.loggin_RM;  ENTER PASSWORD
21-07-2024 21:01:09.807Z;functions.loggin_RM;  ENTER RM
21-07-2024 21:04:48.556Z;functions.enter_coligada;  CLICK CONTEXTO
21-07-2024 21:04:51.838Z;functions.enter_coligada;  CLICK ALTERAR MODULO DO CONTEXTO
21-07-2024 21:04:56.322Z;functions.enter_coligada;  INSERE O COLIGADA CODE = 1
21-07-2024 21:04:56.427Z;functions.enter_coligada;  APERTA TAB PARA PREENCHER O CAMPO COM A STRING: OCEANICA ENGENHARIA E CONSULTORIA S.A.
21-07-2024 21:04:58.838Z;functions.enter_coligada;  CLICK AVANÇAR NOVAMENTE
21-07-2024 21:05:00.181Z;functions.enter_coligada;  CLICK CONCLUIR
21-07-2024 21:05:20.431Z;functions.waitForImage;  TROCA COLIGADA image not found.
21-07-2024 21:05:38.416Z;functions.enter_coligada;  POP UP COLIGADA DESAPARECER
21-07-2024 21:05:39.431Z;functions.check_movimentacao_bancaria;  CLICK - TOTVS - LINHA RM
21-07-2024 21:05:41.775Z;functions.check_movimentacao_bancaria;  CLICK - BACK OFFICE
21-07-2024 21:05:44.663Z;functions.check_movimentacao_bancaria;  CLICK - GESTAO FINANCEIRA
21-07-2024 21:05:44.664Z;functions.movimentacao_bancaria;  AGUARDANDO 1
21-07-2024 21:05:50.462Z;functions.movimentacao_bancaria;  CLICA NA ABA MOVIMENTAÇÃO BANCARIA
21-07-2024 21:05:51.400Z;functions.waitForImage;  IMAGEM BORDERO image found.
21-07-2024 21:05:53.541Z;functions.movimentacao_bancaria;  IMAGEM BORDERO CLICADA.
21-07-2024 21:06:03.541Z;functions.waitForImage;  LICENCAS EXCEDIDAS image not found.
21-07-2024 21:06:08.260Z;functions.movimentacao_bancaria;  ENCONTROU O FILTRO DA MOVIMENTAÇÃO BANCÁRIA
21-07-2024 21:06:08.306Z;functions.movimentacao_bancaria;  CLICA NA ABA SUPERIOR DO FILTRO
21-07-2024 21:06:15.616Z;functions.movimentacao_bancaria;  SELECIONA O FILTRO HOJE
21-07-2024 21:06:26.244Z;functions.waitForImage;  FILTER CLEAN image found.
21-07-2024 21:06:28.378Z;functions.filter_clean;  CLICA NO BOTÃO X DO LIMPA FILTRO
21-07-2024 21:06:28.556Z;functions.waitForImage;  FILTER CLEAN image found.
21-07-2024 21:06:30.690Z;functions.filter_clean;  CLICA NO BOTÃO X DO LIMPA FILTRO
21-07-2024 21:06:45.994Z;functions.waitForImage;  FILTER CLEAN image not found.
21-07-2024 21:06:47.619Z;functions.movimentacao_bancaria;  CLICA NA PRIMEIRA LINHA DA TABELA MOVIMENTAÇÃO BANCÁRIA
21-07-2024 21:06:49.119Z;functions.movimentacao_bancaria;  CLICA NA PRIMEIRA LINHA DA TABELA MOVIMENTAÇÃO BANCÁRIA
21-07-2024 21:06:50.362Z;functions.movimentacao_bancaria;  12 PASSOS PARA DIREITA NA TABELA >>
21-07-2024 21:06:52.650Z;functions.movimentacao_bancaria;  HOVER FILTER
21-07-2024 21:06:53.235Z;functions.movimentacao_bancaria;  CLICK FILTER
21-07-2024 21:06:57.563Z;functions.movimentacao_bancaria;  CLICA NO FILTRO  STATUS DA REMESSA
21-07-2024 21:06:59.667Z;functions.movimentacao_bancaria;  APERTA TAB PARA ESCREVER O FILTRO
21-07-2024 21:07:01.780Z;functions.movimentacao_bancaria;  ESCREVE PENDENTE NO FILTRO
21-07-2024 21:07:03.883Z;functions.movimentacao_bancaria;  APERTA ENTER PARA SELECIONAR OS PENDENTES
21-07-2024 21:07:24.584Z;functions.movimentacao_bancaria;  SEM PROCESSAMENTO DE BORDERO PENDENTE
21-07-2024 21:07:34.775Z;functions.waitForImage;  FILTER CLEAN image found.
21-07-2024 21:07:36.910Z;functions.filter_clean;  CLICA NO BOTÃO X DO LIMPA FILTRO
21-07-2024 21:07:52.196Z;functions.waitForImage;  FILTER CLEAN image not found.
21-07-2024 21:08:07.478Z;functions.waitForImage;  FILTER CLEAN image not found.
21-07-2024 21:08:09.306Z;functions.processo_pagamento;  CLICA NA PRIMEIRA LINHA DA TABELA MOVIMENTAÇÃO BANCÁRIA
21-07-2024 21:08:11.447Z;functions.processo_pagamento;  HOVER FILTER
21-07-2024 21:08:12.011Z;functions.processo_pagamento;  CLICK FILTER
21-07-2024 21:08:16.346Z;functions.processo_pagamento;  CLICA NO FILTRO  STATUS DA REMESSA
21-07-2024 21:08:18.450Z;functions.processo_pagamento;  APERTA TAB PARA ESCREVER O FILTRO
21-07-2024 21:08:20.568Z;functions.processo_pagamento;  ESCREVE AUTORIZADO NO FILTRO
21-07-2024 21:08:22.671Z;functions.processo_pagamento;  APERTA ENTER PARA SELECIONAR OS AUTORIZADOS
21-07-2024 21:08:43.438Z;functions.processo_pagamento;  SEM REMESSA DE BORDERO AUTORIZADO
21-07-2024 21:08:44.542Z;functions.processo_pagamento;  FECHA ABA MOVIMENTAÇÕES BANCÁRIAS
21-07-2024 21:08:46.431Z;functions.enter_contas_a_pagar;  CLICK - TOTVS - LINHA RM
21-07-2024 21:08:47.587Z;functions.enter_contas_a_pagar;  CLICK - BACK OFFICE
21-07-2024 21:08:48.619Z;functions.enter_contas_a_pagar;  CLICK - GESTAO FINANCEIRA
21-07-2024 21:08:55.056Z;functions.enter_contas_a_pagar;  CLICK - CONTAS A PAGAR
21-07-2024 21:08:55.916Z;functions.waitForImage;  LANÇAMENTOS image found.
21-07-2024 21:08:58.066Z;functions.enter_contas_a_pagar;  CLICA EM LANÇAMENTOS
21-07-2024 21:09:13.618Z;functions.waitForImage;  LICENCAS EXCEDIDAS image not found.
21-07-2024 21:09:13.618Z;functions.obter_intervalo_data;  VERIFICANDO A HORA ATUAL 21
21-07-2024 21:09:14.259Z;functions.obter_intervalo_data;  Data Inicial BANCARIA antes da remoção: None
21-07-2024 21:09:14.259Z;functions.obter_intervalo_data;  Data Final BANCARIA antes da remoção: None
21-07-2024 21:09:14.275Z;functions.obter_intervalo_data;  Data Inicial BANCARIA após a remoção: None
21-07-2024 21:09:14.275Z;functions.obter_intervalo_data;  Data Final BANCARIA após a remoção: None
21-07-2024 21:09:14.275Z;functions.obter_intervalo_data;  hoje -  2024-07-21 21:09:14.275433
21-07-2024 21:09:14.275Z;functions.data_filter;  DATA INICIO 24-07-2024
21-07-2024 21:09:14.275Z;functions.data_filter;  DATA FIM 30-07-2024
21-07-2024 21:09:14.275Z;functions.data_filter;  CLICK - SELECIONA A DATA DE QUARTA FEIRA E DA PROXIMA TERÇA
21-07-2024 21:09:14.275Z;functions.data_filter;  QUARTA-FEIRA: 24-07-2024
21-07-2024 21:09:14.275Z;functions.data_filter;  TERCA-FEIRA: 30-07-2024
21-07-2024 21:09:31.163Z;functions.data_filter;  REMESSA BANCÁRIA - FILTRO DIGITADO
21-07-2024 21:09:32.181Z;functions.data_filter;  CLICK - BOTAO DE SELECAO DE FILTRO
21-07-2024 21:09:37.072Z;functions.data_filter;  INSERE - DATA DE QUARTA-FEIRA: 24-07-2024
21-07-2024 21:09:41.384Z;functions.data_filter;  INSERE - DATA DA PROX TERCA-FEIRA: 30-07-2024
21-07-2024 21:09:42.587Z;functions.data_filter;  CLICK - BOTAO DE EXECUTAR O FILTRO
21-07-2024 21:09:47.594Z;functions.desmark_filter;  AGUARDANDO 1
21-07-2024 21:09:50.931Z;functions.desmark_filter;  CLICK CHECKBOX LANÇAMENTOS A RECEBER
21-07-2024 21:09:53.400Z;functions.desmark_filter;  CLICK CHECKBOX LANÇAMENTOS BAIXADOS
21-07-2024 21:09:55.931Z;functions.desmark_filter;  CLICK CHECKBOX LANÇAMENTOS CANCELADOS
21-07-2024 21:09:58.962Z;functions.desmark_filter;  CLICK CHECKBOX LANÇAMENTOS FATURADOS
21-07-2024 21:10:01.711Z;functions.desmark_filter;  CLICK CHECKBOX LANÇAMENTOS FATURADOS
21-07-2024 21:10:06.915Z;functions.waitForImage;  FILTER CLEAN image found.
21-07-2024 21:10:09.034Z;functions.filter_clean;  CLICA NO BOTÃO X DO LIMPA FILTRO
21-07-2024 21:10:24.337Z;functions.waitForImage;  FILTER CLEAN image not found.
21-07-2024 21:10:39.649Z;functions.waitForImage;  FILTER CLEAN image not found.
21-07-2024 21:10:39.665Z;functions.check_table_record;  VERIFICANDO SE A TABELA ESTÁ VAZIA
21-07-2024 21:10:42.790Z;functions.check_table_record;  Texto extraido 1/66
21-07-2024 21:10:42.790Z;functions.check_table_record;  Count 66
21-07-2024 21:10:42.790Z;functions.check_table_record;  Type <class 'int'>
21-07-2024 21:10:42.790Z;functions.check_table_record;  TABELA CONTÉM REGISTROS
21-07-2024 21:10:54.886Z;functions.select_tipo_documento;  NOME DA COLUNA: Tipo de Documento
21-07-2024 21:10:56.899Z;functions.select_tipo_documento;  HOVER NOME DA COLUNA: Tipo de Documento
21-07-2024 21:10:57.804Z;functions.select_tipo_documento;  CLICA NO FILTRO PERSONALIZAR
21-07-2024 21:10:59.587Z;functions.select_tipo_documento;  CLICA PARA SELECIONAR OPÇÕES DO FILTRO
21-07-2024 21:11:06.045Z;functions.select_tipo_documento;  FILTRO "NÃO É IGUAL A INV" DEFINIDO
21-07-2024 21:11:07.149Z;functions.select_tipo_documento;  CLICK BUTTON CONFIRMAR FILTRO
21-07-2024 21:11:12.154Z;functions.filter_IPTE;  VERIFICANDO O COD DO CLIENTE EM CADA REGISTRO
21-07-2024 21:11:13.931Z;functions.filter_IPTE;  CLICA NA PRIMEIRA LINHA DA TABELA
21-07-2024 21:11:37.243Z;functions.filter_IPTE;  HOVER FILTER
21-07-2024 21:11:38.876Z;functions.filter_IPTE;  CLICK FILTER
21-07-2024 21:11:43.208Z;functions.filter_IPTE;  CLICA NO FILTRO PERSONALIZAR
21-07-2024 21:12:25.524Z;functions.filter_IPTE;  MOVIDO PRA CIMA 100 VEZES
21-07-2024 21:13:01.791Z;functions.filter_IPTE;  MOVIDO PRA CIMA MAIS 100 VEZES
21-07-2024 21:13:17.540Z;functions.filter_IPTE;  TABELA NÃO CONTÉM REGISTROS
21-07-2024 21:13:17.540Z;functions.check_table_record;  VERIFICANDO SE A TABELA ESTÁ VAZIA
21-07-2024 21:13:20.571Z;functions.check_table_record;  Texto extraido 0/0
21-07-2024 21:13:20.571Z;functions.check_table_record;  Count 0
21-07-2024 21:13:20.571Z;functions.check_table_record;  Type <class 'int'>
21-07-2024 21:13:20.571Z;functions.check_table_record;  SEM REGISTROS
21-07-2024 21:13:22.583Z;main.<module>;  SEM REMESSA BANCÁRIA
21-07-2024 21:13:22.583Z;functions.movimentacao_bancaria;  AGUARDANDO 1
21-07-2024 21:13:23.836Z;functions.movimentacao_bancaria;  CLICA NA ABA MOVIMENTAÇÃO BANCARIA
21-07-2024 21:13:24.040Z;functions.waitForImage;  IMAGEM BORDERO image found.
21-07-2024 21:13:26.145Z;functions.movimentacao_bancaria;  IMAGEM BORDERO CLICADA.
21-07-2024 21:13:36.769Z;functions.waitForImage;  LICENCAS EXCEDIDAS image not found.
21-07-2024 21:13:37.541Z;functions.movimentacao_bancaria;  ENCONTROU O FILTRO DA MOVIMENTAÇÃO BANCÁRIA
21-07-2024 21:13:37.587Z;functions.movimentacao_bancaria;  CLICA NA ABA SUPERIOR DO FILTRO
21-07-2024 21:13:44.897Z;functions.movimentacao_bancaria;  SELECIONA O FILTRO HOJE
21-07-2024 21:13:50.087Z;functions.waitForImage;  FILTER CLEAN image found.
21-07-2024 21:13:52.220Z;functions.filter_clean;  CLICA NO BOTÃO X DO LIMPA FILTRO
21-07-2024 21:14:07.540Z;functions.waitForImage;  FILTER CLEAN image not found.
21-07-2024 21:14:22.852Z;functions.waitForImage;  FILTER CLEAN image not found.
21-07-2024 21:14:24.555Z;functions.movimentacao_bancaria;  CLICA NA PRIMEIRA LINHA DA TABELA MOVIMENTAÇÃO BANCÁRIA
21-07-2024 21:14:26.055Z;functions.movimentacao_bancaria;  CLICA NA PRIMEIRA LINHA DA TABELA MOVIMENTAÇÃO BANCÁRIA
21-07-2024 21:14:27.285Z;functions.movimentacao_bancaria;  12 PASSOS PARA DIREITA NA TABELA >>
21-07-2024 21:14:29.477Z;functions.movimentacao_bancaria;  HOVER FILTER
21-07-2024 21:14:30.051Z;functions.movimentacao_bancaria;  CLICK FILTER
21-07-2024 21:14:34.387Z;functions.movimentacao_bancaria;  CLICA NO FILTRO  STATUS DA REMESSA
21-07-2024 21:14:36.489Z;functions.movimentacao_bancaria;  APERTA TAB PARA ESCREVER O FILTRO
21-07-2024 21:14:38.606Z;functions.movimentacao_bancaria;  ESCREVE PENDENTE NO FILTRO
21-07-2024 21:14:40.709Z;functions.movimentacao_bancaria;  APERTA ENTER PARA SELECIONAR OS PENDENTES
21-07-2024 21:15:01.476Z;functions.movimentacao_bancaria;  SEM PROCESSAMENTO DE BORDERO PENDENTE
21-07-2024 21:15:11.651Z;functions.waitForImage;  FILTER CLEAN image found.
21-07-2024 21:15:13.782Z;functions.filter_clean;  CLICA NO BOTÃO X DO LIMPA FILTRO
21-07-2024 21:15:29.086Z;functions.waitForImage;  FILTER CLEAN image not found.
21-07-2024 21:15:44.149Z;functions.waitForImage;  FILTER CLEAN image not found.
21-07-2024 21:15:45.993Z;functions.processo_pagamento;  CLICA NA PRIMEIRA LINHA DA TABELA MOVIMENTAÇÃO BANCÁRIA
21-07-2024 21:15:48.259Z;functions.processo_pagamento;  HOVER FILTER
21-07-2024 21:15:48.822Z;functions.processo_pagamento;  CLICK FILTER
21-07-2024 21:15:53.157Z;functions.processo_pagamento;  CLICA NO FILTRO  STATUS DA REMESSA
21-07-2024 21:15:55.260Z;functions.processo_pagamento;  APERTA TAB PARA ESCREVER O FILTRO
21-07-2024 21:15:57.381Z;functions.processo_pagamento;  ESCREVE AUTORIZADO NO FILTRO
21-07-2024 21:15:59.484Z;functions.processo_pagamento;  APERTA ENTER PARA SELECIONAR OS AUTORIZADOS
21-07-2024 21:16:20.198Z;functions.processo_pagamento;  SEM REMESSA DE BORDERO AUTORIZADO
21-07-2024 21:16:21.303Z;functions.processo_pagamento;  FECHA ABA MOVIMENTAÇÕES BANCÁRIAS
21-07-2024 21:16:22.524Z;functions.enter_contas_a_pagar;  CLICK - TOTVS - LINHA RM
21-07-2024 21:16:23.680Z;functions.enter_contas_a_pagar;  CLICK - BACK OFFICE
21-07-2024 21:16:24.742Z;functions.enter_contas_a_pagar;  CLICK - GESTAO FINANCEIRA
21-07-2024 21:16:30.711Z;functions.enter_contas_a_pagar;  CLICK - CONTAS A PAGAR
21-07-2024 21:16:31.588Z;functions.waitForImage;  LANÇAMENTOS image found.
21-07-2024 21:16:33.721Z;functions.enter_contas_a_pagar;  CLICA EM LANÇAMENTOS
21-07-2024 21:16:49.258Z;functions.waitForImage;  LICENCAS EXCEDIDAS image not found.
21-07-2024 21:16:49.258Z;functions.obter_intervalo_data;  VERIFICANDO A HORA ATUAL 21
21-07-2024 21:16:49.274Z;functions.obter_intervalo_data;  Data Inicial BANCARIA antes da remoção: None
21-07-2024 21:16:49.274Z;functions.obter_intervalo_data;  Data Final BANCARIA antes da remoção: None
21-07-2024 21:16:49.274Z;functions.obter_intervalo_data;  Data Inicial BANCARIA após a remoção: None
21-07-2024 21:16:49.274Z;functions.obter_intervalo_data;  Data Final BANCARIA após a remoção: None
21-07-2024 21:16:49.274Z;functions.obter_intervalo_data;  hoje -  2024-07-21 21:16:49.274035
21-07-2024 21:16:49.274Z;functions.data_filter;  DATA INICIO 24-07-2024
21-07-2024 21:16:49.274Z;functions.data_filter;  DATA FIM 30-07-2024
21-07-2024 21:16:49.274Z;functions.data_filter;  CLICK - SELECIONA A DATA DE QUARTA FEIRA E DA PROXIMA TERÇA
21-07-2024 21:16:49.274Z;functions.data_filter;  QUARTA-FEIRA: 24-07-2024
21-07-2024 21:16:49.274Z;functions.data_filter;  TERCA-FEIRA: 30-07-2024
21-07-2024 21:17:06.162Z;functions.data_filter;  REMESSA BANCÁRIA - FILTRO DIGITADO
21-07-2024 21:17:07.180Z;functions.data_filter;  CLICK - BOTAO DE SELECAO DE FILTRO
21-07-2024 21:17:11.883Z;functions.data_filter;  INSERE - DATA DE QUARTA-FEIRA: 24-07-2024
21-07-2024 21:17:16.196Z;functions.data_filter;  INSERE - DATA DA PROX TERCA-FEIRA: 30-07-2024
21-07-2024 21:17:17.368Z;functions.data_filter;  CLICK - BOTAO DE EXECUTAR O FILTRO
21-07-2024 21:17:22.372Z;functions.desmark_filter;  AGUARDANDO 1
21-07-2024 21:17:24.617Z;functions.desmark_filter;  CLICK CHECKBOX LANÇAMENTOS A RECEBER
21-07-2024 21:17:27.109Z;functions.desmark_filter;  CLICK CHECKBOX LANÇAMENTOS BAIXADOS
21-07-2024 21:17:29.774Z;functions.desmark_filter;  CLICK CHECKBOX LANÇAMENTOS CANCELADOS
21-07-2024 21:17:32.513Z;functions.desmark_filter;  CLICK CHECKBOX LANÇAMENTOS FATURADOS
21-07-2024 21:17:35.367Z;functions.desmark_filter;  CLICK CHECKBOX LANÇAMENTOS FATURADOS
21-07-2024 21:17:40.571Z;functions.waitForImage;  FILTER CLEAN image found.
21-07-2024 21:17:42.688Z;functions.filter_clean;  CLICA NO BOTÃO X DO LIMPA FILTRO
21-07-2024 21:17:57.992Z;functions.waitForImage;  FILTER CLEAN image not found.
21-07-2024 21:18:13.305Z;functions.waitForImage;  FILTER CLEAN image not found.
21-07-2024 21:18:14.570Z;functions.filter_forma_pagamento;  CLICA NA PRIMEIRA LINHA DA TABELA
21-07-2024 21:18:14.867Z;functions.filter_forma_pagamento;  CLICK NA PRIMEIRA LINHA E COLUNA DA TABELA
21-07-2024 21:18:31.168Z;functions.filter_forma_pagamento;  160 PASSOS PARA DIREITA NA TABELA >>
21-07-2024 21:18:36.992Z;functions.filter_forma_pagamento;  HOVER NOME DA COLUNA FORMA DE PAGAMENTO
21-07-2024 21:18:38.845Z;functions.filter_forma_pagamento;  CLICA PARA APARECER O FILTRO PERSONALIZAR
21-07-2024 21:18:42.182Z;functions.filter_forma_pagamento;  CLICA NO FILTRO PERSONALIZAR
21-07-2024 21:18:54.836Z;functions.filter_forma_pagamento;  Texto extraido 0/0
21-07-2024 21:18:54.836Z;functions.filter_forma_pagamento;  Count 0
21-07-2024 21:18:54.836Z;functions.filter_forma_pagamento;  Type <class 'int'>
21-07-2024 21:18:54.836Z;functions.filter_forma_pagamento;  SEM REGISTROS
21-07-2024 21:18:56.841Z;functions.check_table_record;  VERIFICANDO SE A TABELA ESTÁ VAZIA
21-07-2024 21:19:00.008Z;functions.check_table_record;  Texto extraido 0/0
21-07-2024 21:19:00.008Z;functions.check_table_record;  Count 0
21-07-2024 21:19:00.023Z;functions.check_table_record;  Type <class 'int'>
21-07-2024 21:19:00.023Z;functions.check_table_record;  SEM REGISTROS
21-07-2024 21:19:04.025Z;main.<module>;  SEM REMESSA DE TED CIP
21-07-2024 21:19:05.055Z;functions.enter_contas_a_pagar;  CLICK - TOTVS - LINHA RM
21-07-2024 21:19:07.180Z;functions.enter_contas_a_pagar;  CLICK - BACK OFFICE
21-07-2024 21:19:08.242Z;functions.enter_contas_a_pagar;  CLICK - GESTAO FINANCEIRA
21-07-2024 21:19:14.180Z;functions.enter_contas_a_pagar;  CLICK - CONTAS A PAGAR
21-07-2024 21:19:15.054Z;functions.waitForImage;  LANÇAMENTOS image found.
21-07-2024 21:19:17.187Z;functions.enter_contas_a_pagar;  CLICA EM LANÇAMENTOS
21-07-2024 21:19:32.773Z;functions.waitForImage;  LICENCAS EXCEDIDAS image not found.
21-07-2024 21:19:32.789Z;functions.obter_intervalo_data;  VERIFICANDO A HORA ATUAL 21
21-07-2024 21:19:32.789Z;functions.obter_intervalo_data;  Data Inicial BANCARIA antes da remoção: None
21-07-2024 21:19:32.789Z;functions.obter_intervalo_data;  Data Final BANCARIA antes da remoção: None
21-07-2024 21:19:32.789Z;functions.obter_intervalo_data;  Data Inicial BANCARIA após a remoção: None
21-07-2024 21:19:32.789Z;functions.obter_intervalo_data;  Data Final BANCARIA após a remoção: None
21-07-2024 21:19:32.789Z;functions.obter_intervalo_data;  hoje -  2024-07-21 21:19:32.789730
21-07-2024 21:19:32.805Z;functions.data_filter;  DATA INICIO 24-07-2024
21-07-2024 21:19:32.805Z;functions.data_filter;  DATA FIM 30-07-2024
21-07-2024 21:19:32.805Z;functions.data_filter;  CLICK - SELECIONA A DATA DE QUARTA FEIRA E DA PROXIMA TERÇA
21-07-2024 21:19:32.805Z;functions.data_filter;  QUARTA-FEIRA: 24-07-2024
21-07-2024 21:19:32.805Z;functions.data_filter;  TERCA-FEIRA: 30-07-2024
21-07-2024 21:19:49.979Z;functions.data_filter;  REMESSA BANCÁRIA - FILTRO DIGITADO
21-07-2024 21:19:50.992Z;functions.data_filter;  CLICK - BOTAO DE SELECAO DE FILTRO
21-07-2024 21:19:55.789Z;functions.data_filter;  INSERE - DATA DE QUARTA-FEIRA: 24-07-2024
21-07-2024 21:20:00.101Z;functions.data_filter;  INSERE - DATA DA PROX TERCA-FEIRA: 30-07-2024
21-07-2024 21:20:01.273Z;functions.data_filter;  CLICK - BOTAO DE EXECUTAR O FILTRO
21-07-2024 21:20:06.276Z;functions.desmark_filter;  AGUARDANDO 1
21-07-2024 21:20:08.586Z;functions.desmark_filter;  CLICK CHECKBOX LANÇAMENTOS A RECEBER
21-07-2024 21:20:11.117Z;functions.desmark_filter;  CLICK CHECKBOX LANÇAMENTOS BAIXADOS
21-07-2024 21:20:13.742Z;functions.desmark_filter;  CLICK CHECKBOX LANÇAMENTOS CANCELADOS
21-07-2024 21:20:16.542Z;functions.desmark_filter;  CLICK CHECKBOX LANÇAMENTOS FATURADOS
21-07-2024 21:20:19.273Z;functions.desmark_filter;  CLICK CHECKBOX LANÇAMENTOS FATURADOS
21-07-2024 21:20:24.461Z;functions.waitForImage;  FILTER CLEAN image found.
21-07-2024 21:20:26.574Z;functions.filter_clean;  CLICA NO BOTÃO X DO LIMPA FILTRO
21-07-2024 21:20:41.898Z;functions.waitForImage;  FILTER CLEAN image not found.
21-07-2024 21:20:57.211Z;functions.waitForImage;  FILTER CLEAN image not found.
21-07-2024 21:20:58.867Z;functions.filter_forma_pagamento_branco;  CLICK NA PRIMEIRA LINHA E COLUNA DA TABELA
21-07-2024 21:21:15.180Z;functions.filter_forma_pagamento_branco;  160 PASSOS PARA DIREITA NA TABELA >>
21-07-2024 21:21:20.883Z;functions.filter_forma_pagamento_branco;  HOVER NOME DA COLUNA FORMA DE PAGAMENTO
21-07-2024 21:21:22.718Z;functions.filter_forma_pagamento_branco;  CLICA PARA APARECER O FILTRO PERSONALIZAR
21-07-2024 21:21:26.053Z;functions.filter_forma_pagamento_branco;  CLICA NO FILTRO PERSONALIZAR
21-07-2024 21:21:35.008Z;functions.filter_forma_pagamento_branco;  Texto extraido 1/12
21-07-2024 21:21:35.008Z;functions.filter_forma_pagamento_branco;  Count 12
21-07-2024 21:21:35.023Z;functions.filter_forma_pagamento_branco;  Type <class 'int'>
21-07-2024 21:21:35.023Z;functions.filter_forma_pagamento_branco;  TABELA CONTÉM REGISTROS
21-07-2024 21:21:38.570Z;functions.filter_forma_pagamento_branco;  MOVIDO PRA CIMA 12 VEZES
21-07-2024 21:21:42.579Z;functions.check_table_record;  VERIFICANDO SE A TABELA ESTÁ VAZIA
21-07-2024 21:21:45.649Z;functions.check_table_record;  Texto extraido 1/12
21-07-2024 21:21:45.649Z;functions.check_table_record;  Count 12
21-07-2024 21:21:45.649Z;functions.check_table_record;  Type <class 'int'>
21-07-2024 21:21:45.649Z;functions.check_table_record;  TABELA CONTÉM REGISTROS
21-07-2024 21:21:45.664Z;functions.check_ted_branco;  VERIFICANDO O COD DO CLIENTE EM CADA REGISTRO
21-07-2024 21:21:47.304Z;functions.check_ted_branco;  CLICA NA PRIMEIRA LINHA DA TABELA
21-07-2024 21:21:51.410Z;functions.check_ted_branco;  REFERNCIA: 982153
21-07-2024 21:21:51.410Z;functions.check_ted_branco;  CONTAGEM: 1
21-07-2024 21:21:51.713Z;functions.check_ted_branco;  ENTRANDO NO REGISTRO 
21-07-2024 21:22:19.851Z;functions.waitForImage;  INTEGRAÇÃO BANCÁRIA image found.
21-07-2024 21:22:19.969Z;functions.check_ted_branco;  CLICA EM INTEGRAÇÃO BANCÁRIA
21-07-2024 21:22:19.969Z;functions.check_ted_branco;  VERIFICANDO INFORMAÇÕES
21-07-2024 21:22:20.165Z;functions.waitForImage;  TRES PONTINHOS image found.
21-07-2024 21:22:32.792Z;functions.check_ted_branco;  VERIFICANDO SE TEM PIX NO FILTRO
21-07-2024 21:22:32.961Z;functions.waitForImage;  CHECANDO DADOS BANCÁRIOS PIX image found.
21-07-2024 21:22:34.967Z;functions.check_ted_branco;  PIX NÃO ENCONTRADO PARA REFERENCIA: 982153
21-07-2024 21:22:38.695Z;functions.check_ted_branco;  APERTA EM CANCELAR
21-07-2024 21:22:38.914Z;functions.waitForImage;  PRESS BUTTON OK image found.
21-07-2024 21:22:41.033Z;functions.click_ok;  PRESS BUTTON OK
21-07-2024 21:22:53.554Z;functions.waitForImage;  ERROR GENERICO image not found.
21-07-2024 21:22:58.632Z;functions.waitForImage;  ERROR FILTRO PIX image not found.
21-07-2024 21:23:02.743Z;functions.check_ted_branco;  PASSANDO PARA PRÓXIMO REGISTRO
21-07-2024 21:23:06.848Z;functions.check_ted_branco;  REFERNCIA: 981408
21-07-2024 21:23:06.848Z;functions.check_ted_branco;  CONTAGEM: 2
21-07-2024 21:23:07.150Z;functions.check_ted_branco;  ENTRANDO NO REGISTRO 
21-07-2024 21:23:14.054Z;functions.waitForImage;  INTEGRAÇÃO BANCÁRIA image found.
21-07-2024 21:23:14.189Z;functions.check_ted_branco;  CLICA EM INTEGRAÇÃO BANCÁRIA
21-07-2024 21:23:14.189Z;functions.check_ted_branco;  VERIFICANDO INFORMAÇÕES
21-07-2024 21:23:15.054Z;functions.waitForImage;  TRES PONTINHOS image found.
21-07-2024 21:23:27.691Z;functions.check_ted_branco;  VERIFICANDO SE TEM PIX NO FILTRO
21-07-2024 21:23:27.867Z;functions.waitForImage;  CHECANDO DADOS BANCÁRIOS PIX image found.
21-07-2024 21:23:29.880Z;functions.check_ted_branco;  PIX NÃO ENCONTRADO PARA REFERENCIA: 981408
21-07-2024 21:23:33.593Z;functions.check_ted_branco;  APERTA EM CANCELAR
21-07-2024 21:23:33.789Z;functions.waitForImage;  PRESS BUTTON OK image found.
21-07-2024 21:23:35.907Z;functions.click_ok;  PRESS BUTTON OK
21-07-2024 21:23:48.398Z;functions.waitForImage;  ERROR GENERICO image not found.
21-07-2024 21:23:53.476Z;functions.waitForImage;  ERROR FILTRO PIX image not found.
21-07-2024 21:23:57.584Z;functions.check_ted_branco;  PASSANDO PARA PRÓXIMO REGISTRO
21-07-2024 21:24:01.689Z;functions.check_ted_branco;  REFERNCIA: 982240
21-07-2024 21:24:01.690Z;functions.check_ted_branco;  CONTAGEM: 3
21-07-2024 21:24:01.990Z;functions.check_ted_branco;  ENTRANDO NO REGISTRO 
21-07-2024 21:24:08.820Z;functions.waitForImage;  INTEGRAÇÃO BANCÁRIA image found.
21-07-2024 21:24:08.937Z;functions.check_ted_branco;  CLICA EM INTEGRAÇÃO BANCÁRIA
21-07-2024 21:24:08.937Z;functions.check_ted_branco;  VERIFICANDO INFORMAÇÕES
21-07-2024 21:24:09.820Z;functions.waitForImage;  TRES PONTINHOS image found.
21-07-2024 21:24:22.448Z;functions.check_ted_branco;  VERIFICANDO SE TEM PIX NO FILTRO
21-07-2024 21:24:22.616Z;functions.waitForImage;  CHECANDO DADOS BANCÁRIOS PIX image found.
21-07-2024 21:24:24.625Z;functions.check_ted_branco;  PIX NÃO ENCONTRADO PARA REFERENCIA: 982240
21-07-2024 21:24:28.337Z;functions.check_ted_branco;  APERTA EM CANCELAR
21-07-2024 21:24:28.523Z;functions.waitForImage;  PRESS BUTTON OK image found.
21-07-2024 21:24:30.658Z;functions.click_ok;  PRESS BUTTON OK
21-07-2024 21:24:43.148Z;functions.waitForImage;  ERROR GENERICO image not found.
21-07-2024 21:24:48.195Z;functions.waitForImage;  ERROR FILTRO PIX image not found.
21-07-2024 21:24:52.307Z;functions.check_ted_branco;  PASSANDO PARA PRÓXIMO REGISTRO
21-07-2024 21:24:56.412Z;functions.check_ted_branco;  REFERNCIA: 978735
21-07-2024 21:24:56.412Z;functions.check_ted_branco;  CONTAGEM: 4
21-07-2024 21:24:56.714Z;functions.check_ted_branco;  ENTRANDO NO REGISTRO 
21-07-2024 21:25:03.628Z;functions.waitForImage;  INTEGRAÇÃO BANCÁRIA image found.
21-07-2024 21:25:03.752Z;functions.check_ted_branco;  CLICA EM INTEGRAÇÃO BANCÁRIA
21-07-2024 21:25:03.752Z;functions.check_ted_branco;  VERIFICANDO INFORMAÇÕES
21-07-2024 21:25:03.927Z;functions.waitForImage;  TRES PONTINHOS image found.
21-07-2024 21:25:16.555Z;functions.check_ted_branco;  VERIFICANDO SE TEM PIX NO FILTRO
21-07-2024 21:25:16.752Z;functions.waitForImage;  CHECANDO DADOS BANCÁRIOS PIX image found.
21-07-2024 21:25:18.753Z;functions.check_ted_branco;  PIX NÃO ENCONTRADO PARA REFERENCIA: 978735
21-07-2024 21:25:22.467Z;functions.check_ted_branco;  APERTA EM CANCELAR
21-07-2024 21:25:22.648Z;functions.waitForImage;  PRESS BUTTON OK image found.
21-07-2024 21:25:24.780Z;functions.click_ok;  PRESS BUTTON OK
21-07-2024 21:25:37.273Z;functions.waitForImage;  ERROR GENERICO image not found.
21-07-2024 21:25:42.335Z;functions.waitForImage;  ERROR FILTRO PIX image not found.
21-07-2024 21:25:46.439Z;functions.check_ted_branco;  PASSANDO PARA PRÓXIMO REGISTRO
21-07-2024 21:25:50.544Z;functions.check_ted_branco;  REFERNCIA: 982175
21-07-2024 21:25:50.544Z;functions.check_ted_branco;  CONTAGEM: 5
21-07-2024 21:25:50.845Z;functions.check_ted_branco;  ENTRANDO NO REGISTRO 
21-07-2024 21:25:58.398Z;functions.waitForImage;  INTEGRAÇÃO BANCÁRIA image found.
21-07-2024 21:25:58.533Z;functions.check_ted_branco;  CLICA EM INTEGRAÇÃO BANCÁRIA
21-07-2024 21:25:58.533Z;functions.check_ted_branco;  VERIFICANDO INFORMAÇÕES
21-07-2024 21:25:58.710Z;functions.waitForImage;  TRES PONTINHOS image found.
21-07-2024 21:26:11.353Z;functions.check_ted_branco;  VERIFICANDO SE TEM PIX NO FILTRO
21-07-2024 21:26:11.539Z;functions.waitForImage;  CHECANDO DADOS BANCÁRIOS PIX image found.
21-07-2024 21:26:13.541Z;functions.check_ted_branco;  PIX NÃO ENCONTRADO PARA REFERENCIA: 982175
21-07-2024 21:26:17.255Z;functions.check_ted_branco;  APERTA EM CANCELAR
21-07-2024 21:26:17.413Z;functions.waitForImage;  PRESS BUTTON OK image found.
21-07-2024 21:26:19.533Z;functions.click_ok;  PRESS BUTTON OK
21-07-2024 21:26:32.038Z;functions.waitForImage;  ERROR GENERICO image not found.
21-07-2024 21:26:37.132Z;functions.waitForImage;  ERROR FILTRO PIX image not found.
21-07-2024 21:26:41.243Z;functions.check_ted_branco;  PASSANDO PARA PRÓXIMO REGISTRO
21-07-2024 21:26:45.347Z;functions.check_ted_branco;  REFERNCIA: 980379
21-07-2024 21:26:45.347Z;functions.check_ted_branco;  CONTAGEM: 6
21-07-2024 21:26:45.649Z;functions.check_ted_branco;  ENTRANDO NO REGISTRO 
21-07-2024 21:26:52.539Z;functions.waitForImage;  INTEGRAÇÃO BANCÁRIA image found.
21-07-2024 21:26:52.657Z;functions.check_ted_branco;  CLICA EM INTEGRAÇÃO BANCÁRIA
21-07-2024 21:26:52.657Z;functions.check_ted_branco;  VERIFICANDO INFORMAÇÕES
21-07-2024 21:26:52.835Z;functions.waitForImage;  TRES PONTINHOS image found.
21-07-2024 21:27:05.470Z;functions.check_ted_branco;  VERIFICANDO SE TEM PIX NO FILTRO
21-07-2024 21:27:05.648Z;functions.waitForImage;  CHECANDO DADOS BANCÁRIOS PIX image found.
21-07-2024 21:27:07.658Z;functions.check_ted_branco;  PIX NÃO ENCONTRADO PARA REFERENCIA: 980379
21-07-2024 21:27:11.372Z;functions.check_ted_branco;  APERTA EM CANCELAR
21-07-2024 21:27:11.556Z;functions.waitForImage;  PRESS BUTTON OK image found.
21-07-2024 21:27:13.687Z;functions.click_ok;  PRESS BUTTON OK
21-07-2024 21:27:26.179Z;functions.waitForImage;  ERROR GENERICO image not found.
21-07-2024 21:27:31.319Z;functions.waitForImage;  ERROR FILTRO PIX image not found.
21-07-2024 21:27:35.426Z;functions.check_ted_branco;  PASSANDO PARA PRÓXIMO REGISTRO
21-07-2024 21:27:39.531Z;functions.check_ted_branco;  REFERNCIA: 981677
21-07-2024 21:27:39.531Z;functions.check_ted_branco;  CONTAGEM: 7
21-07-2024 21:27:39.833Z;functions.check_ted_branco;  ENTRANDO NO REGISTRO 
21-07-2024 21:27:47.382Z;functions.waitForImage;  INTEGRAÇÃO BANCÁRIA image found.
21-07-2024 21:27:47.507Z;functions.check_ted_branco;  CLICA EM INTEGRAÇÃO BANCÁRIA
21-07-2024 21:27:47.507Z;functions.check_ted_branco;  VERIFICANDO INFORMAÇÕES
21-07-2024 21:27:47.672Z;functions.waitForImage;  TRES PONTINHOS image found.
21-07-2024 21:28:00.299Z;functions.check_ted_branco;  VERIFICANDO SE TEM PIX NO FILTRO
21-07-2024 21:28:00.507Z;functions.waitForImage;  CHECANDO DADOS BANCÁRIOS PIX image found.
21-07-2024 21:28:02.517Z;functions.check_ted_branco;  PIX NÃO ENCONTRADO PARA REFERENCIA: 981677
21-07-2024 21:28:06.230Z;functions.check_ted_branco;  APERTA EM CANCELAR
21-07-2024 21:28:06.397Z;functions.waitForImage;  PRESS BUTTON OK image found.
21-07-2024 21:28:08.530Z;functions.click_ok;  PRESS BUTTON OK
21-07-2024 21:28:21.054Z;functions.waitForImage;  ERROR GENERICO image not found.
21-07-2024 21:28:26.163Z;functions.waitForImage;  ERROR FILTRO PIX image not found.
21-07-2024 21:28:30.270Z;functions.check_ted_branco;  PASSANDO PARA PRÓXIMO REGISTRO
21-07-2024 21:28:34.375Z;functions.check_ted_branco;  REFERNCIA: 981510
21-07-2024 21:28:34.375Z;functions.check_ted_branco;  CONTAGEM: 8
21-07-2024 21:28:34.676Z;functions.check_ted_branco;  ENTRANDO NO REGISTRO 
21-07-2024 21:28:41.510Z;functions.waitForImage;  INTEGRAÇÃO BANCÁRIA image found.
21-07-2024 21:28:41.625Z;functions.check_ted_branco;  CLICA EM INTEGRAÇÃO BANCÁRIA
21-07-2024 21:28:41.625Z;functions.check_ted_branco;  VERIFICANDO INFORMAÇÕES
21-07-2024 21:28:41.789Z;functions.waitForImage;  TRES PONTINHOS image found.
21-07-2024 21:28:54.426Z;functions.check_ted_branco;  VERIFICANDO SE TEM PIX NO FILTRO
21-07-2024 21:28:54.616Z;functions.waitForImage;  CHECANDO DADOS BANCÁRIOS PIX image found.
21-07-2024 21:28:56.624Z;functions.check_ted_branco;  PIX NÃO ENCONTRADO PARA REFERENCIA: 981510
21-07-2024 21:29:00.337Z;functions.check_ted_branco;  APERTA EM CANCELAR
21-07-2024 21:29:00.538Z;functions.waitForImage;  PRESS BUTTON OK image found.
21-07-2024 21:29:02.655Z;functions.click_ok;  PRESS BUTTON OK
21-07-2024 21:29:15.116Z;functions.waitForImage;  ERROR GENERICO image not found.
21-07-2024 21:29:20.132Z;functions.waitForImage;  ERROR FILTRO PIX image not found.
21-07-2024 21:29:24.237Z;functions.check_ted_branco;  PASSANDO PARA PRÓXIMO REGISTRO
21-07-2024 21:29:28.342Z;functions.check_ted_branco;  REFERNCIA: 981509
21-07-2024 21:29:28.342Z;functions.check_ted_branco;  CONTAGEM: 9
21-07-2024 21:29:28.644Z;functions.check_ted_branco;  ENTRANDO NO REGISTRO 
21-07-2024 21:29:36.913Z;functions.waitForImage;  INTEGRAÇÃO BANCÁRIA image found.
21-07-2024 21:29:37.032Z;functions.check_ted_branco;  CLICA EM INTEGRAÇÃO BANCÁRIA
21-07-2024 21:29:37.032Z;functions.check_ted_branco;  VERIFICANDO INFORMAÇÕES
21-07-2024 21:29:37.223Z;functions.waitForImage;  TRES PONTINHOS image found.
21-07-2024 21:29:49.852Z;functions.check_ted_branco;  VERIFICANDO SE TEM PIX NO FILTRO
21-07-2024 21:29:50.022Z;functions.waitForImage;  CHECANDO DADOS BANCÁRIOS PIX image found.
21-07-2024 21:29:52.034Z;functions.check_ted_branco;  PIX NÃO ENCONTRADO PARA REFERENCIA: 981509
21-07-2024 21:29:55.751Z;functions.check_ted_branco;  APERTA EM CANCELAR
21-07-2024 21:29:55.928Z;functions.waitForImage;  PRESS BUTTON OK image found.
21-07-2024 21:29:58.064Z;functions.click_ok;  PRESS BUTTON OK
21-07-2024 21:30:10.553Z;functions.waitForImage;  ERROR GENERICO image not found.
21-07-2024 21:30:15.600Z;functions.waitForImage;  ERROR FILTRO PIX image not found.
21-07-2024 21:30:19.711Z;functions.check_ted_branco;  PASSANDO PARA PRÓXIMO REGISTRO
21-07-2024 21:30:23.816Z;functions.check_ted_branco;  REFERNCIA: 753544
21-07-2024 21:30:23.816Z;functions.check_ted_branco;  CONTAGEM: 10
21-07-2024 21:30:24.117Z;functions.check_ted_branco;  ENTRANDO NO REGISTRO 
21-07-2024 21:30:31.575Z;functions.waitForImage;  INTEGRAÇÃO BANCÁRIA image found.
21-07-2024 21:30:31.689Z;functions.check_ted_branco;  CLICA EM INTEGRAÇÃO BANCÁRIA
21-07-2024 21:30:31.689Z;functions.check_ted_branco;  VERIFICANDO INFORMAÇÕES
21-07-2024 21:30:32.569Z;functions.waitForImage;  TRES PONTINHOS image found.
21-07-2024 21:30:45.211Z;functions.check_ted_branco;  VERIFICANDO SE TEM PIX NO FILTRO
21-07-2024 21:30:45.413Z;functions.waitForImage;  CHECANDO DADOS BANCÁRIOS PIX image found.
21-07-2024 21:30:47.418Z;functions.check_ted_branco;  PIX NÃO ENCONTRADO PARA REFERENCIA: 753544
21-07-2024 21:30:51.131Z;functions.check_ted_branco;  APERTA EM CANCELAR
21-07-2024 21:30:51.288Z;functions.waitForImage;  PRESS BUTTON OK image found.
21-07-2024 21:30:53.408Z;functions.click_ok;  PRESS BUTTON OK
21-07-2024 21:31:05.897Z;functions.waitForImage;  ERROR GENERICO image not found.
21-07-2024 21:31:10.960Z;functions.waitForImage;  ERROR FILTRO PIX image not found.
21-07-2024 21:31:15.074Z;functions.check_ted_branco;  PASSANDO PARA PRÓXIMO REGISTRO
21-07-2024 21:31:19.179Z;functions.check_ted_branco;  REFERNCIA: 753667
21-07-2024 21:31:19.179Z;functions.check_ted_branco;  CONTAGEM: 11
21-07-2024 21:31:19.481Z;functions.check_ted_branco;  ENTRANDO NO REGISTRO 
21-07-2024 21:31:29.069Z;functions.waitForImage;  INTEGRAÇÃO BANCÁRIA image found.
21-07-2024 21:31:29.185Z;functions.check_ted_branco;  CLICA EM INTEGRAÇÃO BANCÁRIA
21-07-2024 21:31:29.185Z;functions.check_ted_branco;  VERIFICANDO INFORMAÇÕES
21-07-2024 21:31:30.022Z;functions.waitForImage;  TRES PONTINHOS image found.
21-07-2024 21:31:42.653Z;functions.check_ted_branco;  VERIFICANDO SE TEM PIX NO FILTRO
21-07-2024 21:31:42.834Z;functions.waitForImage;  CHECANDO DADOS BANCÁRIOS PIX image found.
21-07-2024 21:31:44.843Z;functions.check_ted_branco;  PIX NÃO ENCONTRADO PARA REFERENCIA: 753667
21-07-2024 21:31:48.556Z;functions.check_ted_branco;  APERTA EM CANCELAR
21-07-2024 21:31:48.740Z;functions.waitForImage;  PRESS BUTTON OK image found.
21-07-2024 21:31:50.874Z;functions.click_ok;  PRESS BUTTON OK
21-07-2024 21:32:03.366Z;functions.waitForImage;  ERROR GENERICO image not found.
21-07-2024 21:32:08.428Z;functions.waitForImage;  ERROR FILTRO PIX image not found.
21-07-2024 21:32:12.536Z;functions.check_ted_branco;  PASSANDO PARA PRÓXIMO REGISTRO
21-07-2024 21:32:16.643Z;functions.check_ted_branco;  REFERNCIA: 753607
21-07-2024 21:32:16.644Z;functions.check_ted_branco;  CONTAGEM: 12
21-07-2024 21:32:16.944Z;functions.check_ted_branco;  ENTRANDO NO REGISTRO 
21-07-2024 21:32:25.115Z;functions.waitForImage;  INTEGRAÇÃO BANCÁRIA image found.
21-07-2024 21:32:25.249Z;functions.check_ted_branco;  CLICA EM INTEGRAÇÃO BANCÁRIA
21-07-2024 21:32:25.249Z;functions.check_ted_branco;  VERIFICANDO INFORMAÇÕES
21-07-2024 21:32:26.100Z;functions.waitForImage;  TRES PONTINHOS image found.
21-07-2024 21:32:38.741Z;functions.check_ted_branco;  VERIFICANDO SE TEM PIX NO FILTRO
21-07-2024 21:32:38.928Z;functions.waitForImage;  CHECANDO DADOS BANCÁRIOS PIX image found.
21-07-2024 21:32:40.943Z;functions.check_ted_branco;  PIX NÃO ENCONTRADO PARA REFERENCIA: 753607
21-07-2024 21:32:44.656Z;functions.check_ted_branco;  APERTA EM CANCELAR
21-07-2024 21:32:44.834Z;functions.waitForImage;  PRESS BUTTON OK image found.
21-07-2024 21:32:46.967Z;functions.click_ok;  PRESS BUTTON OK
21-07-2024 21:32:59.459Z;functions.waitForImage;  ERROR GENERICO image not found.
21-07-2024 21:33:04.569Z;functions.waitForImage;  ERROR FILTRO PIX image not found.
21-07-2024 21:33:04.569Z;functions.check_ted_branco;  FORAM VERIFICADOS: 12 REFERENCIAS NO PROCESSAMENTO FORMA DE PAGAMENTO ELETRONICA EM BRANCO
21-07-2024 21:33:21.565Z;errorhandler.__handle;  Property: Unknown Property name. [1:203: -ms-interpolation-mode]
21-07-2024 21:33:21.607Z;errorhandler.__handle;  Property: Unknown Property name. [1:353: -webkit-font-smoothing]
21-07-2024 21:33:21.619Z;errorhandler.__handle;  Property: Unknown Property name. [1:483: -ms-text-size-adjust]
21-07-2024 21:33:21.619Z;errorhandler.__handle;  Property: Unknown Property name. [1:518: -webkit-text-size-adjust]
21-07-2024 21:33:21.619Z;errorhandler.__handle;  Property: Unknown Property name. [1:612: mso-table-lspace]
21-07-2024 21:33:21.619Z;errorhandler.__handle;  Property: Unknown Property name. [1:642: mso-table-rspace]
21-07-2024 21:33:21.850Z;errorhandler.__handle;  Property: Unknown Property name. [1:4734: mso-hide]
21-07-2024 21:33:21.959Z;errorhandler.__handle;  Property: Unknown Property name. [1:13: -ms-interpolation-mode]
21-07-2024 21:33:21.959Z;errorhandler.__handle;  Property: Unknown Property name. [1:49: -webkit-font-smoothing]
21-07-2024 21:33:21.959Z;errorhandler.__handle;  Property: Unknown Property name. [1:134: -ms-text-size-adjust]
21-07-2024 21:33:21.959Z;errorhandler.__handle;  Property: Unknown Property name. [1:160: -webkit-text-size-adjust]
21-07-2024 21:33:21.975Z;errorhandler.__handle;  Property: Unknown Property name. [1:26: mso-table-lspace]
21-07-2024 21:33:21.975Z;errorhandler.__handle;  Property: Unknown Property name. [1:45: mso-table-rspace]
21-07-2024 21:33:22.006Z;errorhandler.__handle;  Property: Unknown Property name. [1:92: mso-hide]
21-07-2024 21:33:22.022Z;errorhandler.__handle;  Property: No ":" after name found: align-center [1:1: align-center]
21-07-2024 21:33:22.022Z;errorhandler.__handle;  Property: No property value found: align-center [1:1: align-center]
21-07-2024 21:33:22.022Z;errorhandler.__handle;  CSSStyleDeclaration: Syntax Error in Property: align-center
21-07-2024 21:33:22.022Z;errorhandler.__handle;  Property: Unknown Property name. [1:14: -ms-interpolation-mode]
21-07-2024 21:33:24.868Z;functions.emailFinalizado;  Warning e-mail sent.
21-07-2024 21:33:24.868Z;main.<module>;  Remessa Bancária TED CIP com filtro de pagamento eletronica em branco modificadas para pix 
 PASSO 3 FINALIZADO
21-07-2024 21:33:24.868Z;main.<module>;  O PROGRAMA SERÁ ENCERRADO
21-07-2024 21:33:26.631Z;errorhandler.__handle;  Property: Unknown Property name. [1:14: -ms-interpolation-mode]
21-07-2024 21:33:29.147Z;functions.emailFinalizado;  Warning e-mail sent.
21-07-2024 21:33:29.694Z;functions.end_RM;  RM ENCERRADO
