26-11-2023 14:09:59.335Z;functions.bot_text_art;      ____   
26-11-2023 14:09:59.336Z;functions.bot_text_art;     [____]    
26-11-2023 14:09:59.337Z;functions.bot_text_art;   |=]()()[=|  
26-11-2023 14:09:59.338Z;functions.bot_text_art;     _\==/__    _____    ____     _        _____    ___   _  __
26-11-2023 14:09:59.339Z;functions.bot_text_art;   |__|   |_|  |  _  \  / ___|   | |      |_   _| / ___| | |/ /
26-11-2023 14:09:59.339Z;functions.bot_text_art;   |_|_/\_|_|  | |  | | | |      | |        | |   | |    | ' / 
26-11-2023 14:09:59.340Z;functions.bot_text_art;   | | __ | |  | |  | | | |      | |        | |   | |    |  <  
26-11-2023 14:09:59.341Z;functions.bot_text_art;   |_|[  ]|_|  | |__| | | |____  | |____   _| |_  | |__  | . \ 
26-11-2023 14:09:59.344Z;functions.bot_text_art;   \_|_||_|_/  |_____/   \_____| |______| |_____| \ ___| |_|\_\
26-11-2023 14:09:59.346Z;functions.bot_text_art;     |_||_|                                                     
26-11-2023 14:09:59.347Z;functions.bot_text_art;     | ||_|_   
26-11-2023 14:09:59.348Z;functions.bot_text_art;   |___||___|  
26-11-2023 14:09:59.349Z;functions.bot_text_art;               
26-11-2023 14:10:00.032Z;functions.open_RM;  OPEN PROGRAM RM
26-11-2023 14:13:56.468Z;functions.loggin_RM;  ENTER USER_NAME
26-11-2023 14:13:57.870Z;functions.loggin_RM;  ENTER PASSWORD
26-11-2023 14:13:59.019Z;functions.loggin_RM;  ENTER RM
26-11-2023 14:14:33.774Z;functions.enter_coligada;  CLICK CONTEXTO
26-11-2023 14:14:38.927Z;functions.enter_coligada;  CLICK COLIGADA 1
26-11-2023 14:14:41.108Z;functions.enter_coligada;  CLICK AVANÇAR
26-11-2023 14:14:43.849Z;functions.enter_coligada;  INSERE O COLIGADA CODE = 1
26-11-2023 14:14:43.968Z;functions.enter_coligada;  APERTA TAB PARA PREENCHER O CAMPO COM A STRING: OCEANICA ENGENHARIA E CONSULTORIA S.A.
26-11-2023 14:14:45.331Z;functions.enter_coligada;  CLICK AVANÇAR NOVAMENTE
26-11-2023 14:14:46.591Z;functions.enter_coligada;  CLICK CONCLUIR
26-11-2023 14:15:09.837Z;functions.enter_coligada;  POP UP COLIGADA DESAPARECER
26-11-2023 14:15:10.669Z;functions.enter_contas_a_pagar;  CLICK - TOTVS - LINHA RM
26-11-2023 14:15:12.381Z;functions.enter_contas_a_pagar;  CLICK - BACK OFFICE
26-11-2023 14:15:15.171Z;functions.enter_contas_a_pagar;  CLICK - GESTAO FINANCEIRA
26-11-2023 14:15:21.958Z;functions.enter_contas_a_pagar;  CLICK - CONTAS A PAGAR
26-11-2023 14:15:22.883Z;functions.waitForImage;  LANÇAMENTOS image found.
26-11-2023 14:15:25.000Z;functions.enter_contas_a_pagar;  CLICA EM LANÇAMENTOS
26-11-2023 14:15:27.004Z;functions.data_filter;  CLICK - SELECIONA A DATA DE QUARTA FEIRA E DA PROXIMA TERÇA
26-11-2023 14:15:27.005Z;functions.data_filter;  QUARTA-FEIRA: 29-11-2023
26-11-2023 14:15:27.006Z;functions.data_filter;  TERCA-FEIRA: 05-12-2023
26-11-2023 14:15:47.326Z;functions.data_filter;  ESCREVE REMESSA BANCÁRIA NO FILTRO
26-11-2023 14:15:49.617Z;functions.data_filter;  CLICK - BUTÃO DE SELECAO DE FILTRO
26-11-2023 14:15:52.553Z;functions.data_filter;  INSERE - DATA DE QUARTA-FEIRA: 29-11-2023
26-11-2023 14:15:54.958Z;functions.data_filter;  INSERE - DATA DA PROX TERCA-FEIRA: 05-12-2023
26-11-2023 14:15:55.876Z;functions.data_filter;  CLICK - BUTÃO DE EXECUTAR O FILTRO
26-11-2023 14:16:07.261Z;functions.desmark_filter;  CLICK CHECKBOX LANÇAMENTOS A RECEBER
26-11-2023 14:16:09.198Z;functions.desmark_filter;  CLICK CHECKBOX LANÇAMENTOS BAIXADOS
26-11-2023 14:16:11.252Z;functions.desmark_filter;  CLICK CHECKBOX LANÇAMENTOS CANCELADOS
26-11-2023 14:16:13.555Z;functions.desmark_filter;  CLICK CHECKBOX LANÇAMENTOS FATURADOS
26-11-2023 14:16:15.891Z;functions.desmark_filter;  CLICK CHECKBOX LANÇAMENTOS FATURADOS
26-11-2023 14:16:21.094Z;functions.waitForImage;  FILTER CLEAN image found.
26-11-2023 14:16:23.197Z;functions.filter_clean;  CLICA NO BOTÃO X DO LIMPA FILTRO
26-11-2023 14:16:26.952Z;functions.select_tipo_documento;  NOME DA COLUNA: Tipo de Documento
26-11-2023 14:16:28.679Z;functions.select_tipo_documento;  HOVER NOME DA COLUNA: Tipo de Documento
26-11-2023 14:16:28.832Z;functions.select_tipo_documento;  CLICA PARA APARECER O FILTRO PERSONALIZAR
26-11-2023 14:16:29.154Z;functions.select_tipo_documento;  CLICA NO FILTRO PERSONALIZAR
26-11-2023 14:16:31.424Z;functions.select_tipo_documento;  CLICA PARA SELECIONAR OPÇÕES DO FILTRO
26-11-2023 14:16:38.710Z;functions.select_tipo_documento;  CLICK BUTTON CONFIRMAR FILTRO
26-11-2023 14:16:40.567Z;functions.filter_IPTE;  CLICK NA PRIMEIRA LINHA E COLUNA DA TABELA
26-11-2023 14:16:55.543Z;functions.filter_IPTE;  147 PASSOS PARA DIREITA NA TABELA >>
26-11-2023 14:17:00.829Z;functions.filter_IPTE;  HOVER FILTER
26-11-2023 14:17:00.948Z;functions.filter_IPTE;  CLICK FILTER
26-11-2023 14:17:05.281Z;functions.filter_IPTE;  CLICA NO FILTRO PERSONALIZAR
26-11-2023 14:17:22.038Z;functions.filter_IPTE;  147 PASSOS PARA ESQUERDA NA TABELA <<
26-11-2023 14:17:22.039Z;functions.check_table_record;  VERIFICANDO SE A TABELA ESTÁ VAZIA
26-11-2023 14:17:34.984Z;functions.check_table_record;  ATENÇÃO: 

Este processo exige que seja selecionado ao menos um registro para sua execução.
Como não foi feita nenhuma seleção, você deseja executá-lo para TODOS os 3 registros?
26-11-2023 14:17:36.988Z;functions.show_exception_and_exit;  invalid literal for int() with base 10: 'A'
Traceback (most recent call last):
  File "c:\Projetos\Remessas_Bancarias\main.py", line 19, in <module>
    result_boleto = check_table_record()
                    ^^^^^^^^^^^^^^^^^^^^
  File "c:\Projetos\Remessas_Bancarias\SUBPROGRAMS\functions.py", line 327, in check_table_record
    rows_int = int(number_rows[0])
               ^^^^^^^^^^^^^^^^^^^
ValueError: invalid literal for int() with base 10: 'A'
26-11-2023 14:17:39.703Z;errorhandler.__handle;  Property: Unknown Property name. [1:203: -ms-interpolation-mode]
26-11-2023 14:17:39.748Z;errorhandler.__handle;  Property: Unknown Property name. [1:353: -webkit-font-smoothing]
26-11-2023 14:17:39.764Z;errorhandler.__handle;  Property: Unknown Property name. [1:483: -ms-text-size-adjust]
26-11-2023 14:17:39.768Z;errorhandler.__handle;  Property: Unknown Property name. [1:518: -webkit-text-size-adjust]
26-11-2023 14:17:39.775Z;errorhandler.__handle;  Property: Unknown Property name. [1:612: mso-table-lspace]
26-11-2023 14:17:39.780Z;errorhandler.__handle;  Property: Unknown Property name. [1:642: mso-table-rspace]
26-11-2023 14:17:40.129Z;errorhandler.__handle;  Property: Unknown Property name. [1:4734: mso-hide]
26-11-2023 14:17:40.266Z;errorhandler.__handle;  Property: Unknown Property name. [1:13: -ms-interpolation-mode]
26-11-2023 14:17:40.273Z;errorhandler.__handle;  Property: Unknown Property name. [1:49: -webkit-font-smoothing]
26-11-2023 14:17:40.281Z;errorhandler.__handle;  Property: Unknown Property name. [1:134: -ms-text-size-adjust]
26-11-2023 14:17:40.286Z;errorhandler.__handle;  Property: Unknown Property name. [1:160: -webkit-text-size-adjust]
26-11-2023 14:17:40.293Z;errorhandler.__handle;  Property: Unknown Property name. [1:26: mso-table-lspace]
26-11-2023 14:17:40.297Z;errorhandler.__handle;  Property: Unknown Property name. [1:45: mso-table-rspace]
26-11-2023 14:17:40.341Z;errorhandler.__handle;  Property: Unknown Property name. [1:92: mso-hide]
26-11-2023 14:17:40.355Z;errorhandler.__handle;  Property: No ":" after name found: align-center [1:1: align-center]
26-11-2023 14:17:40.358Z;errorhandler.__handle;  Property: No property value found: align-center [1:1: align-center]
26-11-2023 14:17:40.360Z;errorhandler.__handle;  CSSStyleDeclaration: Syntax Error in Property: align-center
26-11-2023 14:17:40.365Z;errorhandler.__handle;  Property: Unknown Property name. [1:14: -ms-interpolation-mode]
