26-11-2023 20:33:06.105Z;functions.bot_text_art;      ____   
26-11-2023 20:33:06.105Z;functions.bot_text_art;     [____]    
26-11-2023 20:33:06.106Z;functions.bot_text_art;   |=]()()[=|  
26-11-2023 20:33:06.106Z;functions.bot_text_art;     _\==/__    _____    ____     _        _____    ___   _  __
26-11-2023 20:33:06.107Z;functions.bot_text_art;   |__|   |_|  |  _  \  / ___|   | |      |_   _| / ___| | |/ /
26-11-2023 20:33:06.107Z;functions.bot_text_art;   |_|_/\_|_|  | |  | | | |      | |        | |   | |    | ' / 
26-11-2023 20:33:06.108Z;functions.bot_text_art;   | | __ | |  | |  | | | |      | |        | |   | |    |  <  
26-11-2023 20:33:06.108Z;functions.bot_text_art;   |_|[  ]|_|  | |__| | | |____  | |____   _| |_  | |__  | . \ 
26-11-2023 20:33:06.110Z;functions.bot_text_art;   \_|_||_|_/  |_____/   \_____| |______| |_____| \ ___| |_|\_\
26-11-2023 20:33:06.111Z;functions.bot_text_art;     |_||_|                                                     
26-11-2023 20:33:06.112Z;functions.bot_text_art;     | ||_|_   
26-11-2023 20:33:06.113Z;functions.bot_text_art;   |___||___|  
26-11-2023 20:33:06.113Z;functions.bot_text_art;               
26-11-2023 20:33:06.131Z;functions.open_RM;  OPEN PROGRAM RM
26-11-2023 20:33:18.373Z;functions.loggin_RM;  ENTER USER_NAME
26-11-2023 20:33:19.757Z;functions.loggin_RM;  ENTER PASSWORD
26-11-2023 20:33:20.938Z;functions.loggin_RM;  ENTER RM
26-11-2023 20:33:55.587Z;functions.enter_coligada;  CLICK CONTEXTO
26-11-2023 20:34:00.784Z;functions.enter_coligada;  CLICK COLIGADA 1
26-11-2023 20:34:02.917Z;functions.enter_coligada;  CLICK AVANÇAR
26-11-2023 20:34:05.717Z;functions.enter_coligada;  INSERE O COLIGADA CODE = 1
26-11-2023 20:34:05.888Z;functions.enter_coligada;  APERTA TAB PARA PREENCHER O CAMPO COM A STRING: OCEANICA ENGENHARIA E CONSULTORIA S.A.
26-11-2023 20:34:07.234Z;functions.enter_coligada;  CLICK AVANÇAR NOVAMENTE
26-11-2023 20:34:08.491Z;functions.enter_coligada;  CLICK CONCLUIR
26-11-2023 20:34:32.669Z;functions.enter_coligada;  POP UP COLIGADA DESAPARECER
26-11-2023 20:34:33.534Z;functions.enter_contas_a_pagar;  CLICK - TOTVS - LINHA RM
26-11-2023 20:34:35.351Z;functions.enter_contas_a_pagar;  CLICK - BACK OFFICE
26-11-2023 20:34:38.139Z;functions.enter_contas_a_pagar;  CLICK - GESTAO FINANCEIRA
26-11-2023 20:34:45.020Z;functions.enter_contas_a_pagar;  CLICK - CONTAS A PAGAR
26-11-2023 20:34:45.915Z;functions.waitForImage;  LANÇAMENTOS image found.
26-11-2023 20:34:48.029Z;functions.enter_contas_a_pagar;  CLICA EM LANÇAMENTOS
26-11-2023 20:34:50.031Z;functions.data_filter;  DATA INICIO 22-11-2023
26-11-2023 20:34:50.032Z;functions.data_filter;  DATA FIM 28-11-2023
26-11-2023 20:34:50.033Z;functions.data_filter;  CLICK - SELECIONA A DATA DE QUARTA FEIRA E DA PROXIMA TERÇA
26-11-2023 20:34:50.034Z;functions.data_filter;  QUARTA-FEIRA: 22-11-2023
26-11-2023 20:34:50.035Z;functions.data_filter;  TERCA-FEIRA: 28-11-2023
26-11-2023 20:34:57.193Z;functions.data_filter;  ESCREVE REMESSA BANCÁRIA NO FILTRO
26-11-2023 20:34:59.447Z;functions.data_filter;  CLICK - BUTÃO DE SELECAO DE FILTRO
26-11-2023 20:35:02.366Z;functions.data_filter;  INSERE - DATA DE QUARTA-FEIRA: 22-11-2023
26-11-2023 20:35:04.786Z;functions.data_filter;  INSERE - DATA DA PROX TERCA-FEIRA: 28-11-2023
26-11-2023 20:35:05.705Z;functions.data_filter;  CLICK - BUTÃO DE EXECUTAR O FILTRO
26-11-2023 20:36:19.589Z;functions.desmark_filter;  CLICK CHECKBOX LANÇAMENTOS A RECEBER
26-11-2023 20:36:21.888Z;functions.desmark_filter;  CLICK CHECKBOX LANÇAMENTOS BAIXADOS
26-11-2023 20:36:23.923Z;functions.desmark_filter;  CLICK CHECKBOX LANÇAMENTOS CANCELADOS
26-11-2023 20:36:26.111Z;functions.desmark_filter;  CLICK CHECKBOX LANÇAMENTOS FATURADOS
26-11-2023 20:36:28.476Z;functions.desmark_filter;  CLICK CHECKBOX LANÇAMENTOS FATURADOS
26-11-2023 20:36:33.479Z;functions.check_table_record;  VERIFICANDO SE A TABELA ESTÁ VAZIA
26-11-2023 20:36:46.471Z;functions.check_table_record;  ATENÇÃO: 

Este processo exige que seja selecionado ao menos um registro para sua execução.
Como não foi feita nenhuma seleção, você deseja executá-lo para TODOS os 75 registros?
26-11-2023 20:36:48.476Z;functions.check_table_record;  TIPO: <class 'list'>
26-11-2023 20:36:48.477Z;functions.check_table_record;  NUMERO DE TUPLAS: 75
26-11-2023 20:36:48.479Z;functions.check_table_record;  TABELA CONTÉM REGISTROS
26-11-2023 20:36:52.397Z;functions.check_table_record;  CLICK NÃO
26-11-2023 20:37:17.588Z;functions.waitForImage;  FILTER CLEAN image found.
26-11-2023 20:37:19.708Z;functions.filter_clean;  CLICA NO BOTÃO X DO LIMPA FILTRO
26-11-2023 20:37:23.412Z;functions.select_tipo_documento;  NOME DA COLUNA: Tipo de Documento
26-11-2023 20:37:25.244Z;functions.select_tipo_documento;  HOVER NOME DA COLUNA: Tipo de Documento
26-11-2023 20:37:25.388Z;functions.select_tipo_documento;  CLICA PARA APARECER O FILTRO PERSONALIZAR
26-11-2023 20:37:25.896Z;functions.select_tipo_documento;  CLICA NO FILTRO PERSONALIZAR
26-11-2023 20:37:27.879Z;functions.select_tipo_documento;  CLICA PARA SELECIONAR OPÇÕES DO FILTRO
26-11-2023 20:37:35.143Z;functions.select_tipo_documento;  CLICK BUTTON CONFIRMAR FILTRO
26-11-2023 20:37:36.898Z;functions.filter_IPTE;  CLICK NA PRIMEIRA LINHA E COLUNA DA TABELA
26-11-2023 20:37:51.886Z;functions.filter_IPTE;  147 PASSOS PARA DIREITA NA TABELA >>
26-11-2023 20:37:56.762Z;functions.filter_IPTE;  HOVER FILTER
26-11-2023 20:37:56.898Z;functions.filter_IPTE;  CLICK FILTER
26-11-2023 20:38:01.267Z;functions.filter_IPTE;  CLICA NO FILTRO PERSONALIZAR
26-11-2023 20:38:18.212Z;functions.filter_IPTE;  147 PASSOS PARA ESQUERDA NA TABELA <<
26-11-2023 20:38:18.213Z;functions.check_table_record;  VERIFICANDO SE A TABELA ESTÁ VAZIA
26-11-2023 20:38:31.395Z;functions.check_table_record;  Para este processo é necessário que existam registros na visão.
26-11-2023 20:38:33.398Z;functions.check_table_record;  TIPO: <class 'list'>
26-11-2023 20:38:33.399Z;functions.show_exception_and_exit;  list index out of range
Traceback (most recent call last):
  File "c:\Projetos\Remessas_Bancarias\main.py", line 26, in <module>
    result = check_table_record()
             ^^^^^^^^^^^^^^^^^^^^
  File "c:\Projetos\Remessas_Bancarias\SUBPROGRAMS\functions.py", line 295, in check_table_record
    rows_int = int(number_rows[0])
                   ~~~~~~~~~~~^^^
IndexError: list index out of range
26-11-2023 20:38:35.632Z;errorhandler.__handle;  Property: Unknown Property name. [1:203: -ms-interpolation-mode]
26-11-2023 20:38:35.679Z;errorhandler.__handle;  Property: Unknown Property name. [1:353: -webkit-font-smoothing]
26-11-2023 20:38:35.695Z;errorhandler.__handle;  Property: Unknown Property name. [1:483: -ms-text-size-adjust]
26-11-2023 20:38:35.700Z;errorhandler.__handle;  Property: Unknown Property name. [1:518: -webkit-text-size-adjust]
26-11-2023 20:38:35.708Z;errorhandler.__handle;  Property: Unknown Property name. [1:612: mso-table-lspace]
26-11-2023 20:38:35.712Z;errorhandler.__handle;  Property: Unknown Property name. [1:642: mso-table-rspace]
26-11-2023 20:38:36.094Z;errorhandler.__handle;  Property: Unknown Property name. [1:4734: mso-hide]
26-11-2023 20:38:36.179Z;errorhandler.__handle;  Property: Unknown Property name. [1:13: -ms-interpolation-mode]
26-11-2023 20:38:36.184Z;errorhandler.__handle;  Property: Unknown Property name. [1:49: -webkit-font-smoothing]
26-11-2023 20:38:36.190Z;errorhandler.__handle;  Property: Unknown Property name. [1:134: -ms-text-size-adjust]
26-11-2023 20:38:36.194Z;errorhandler.__handle;  Property: Unknown Property name. [1:160: -webkit-text-size-adjust]
26-11-2023 20:38:36.198Z;errorhandler.__handle;  Property: Unknown Property name. [1:26: mso-table-lspace]
26-11-2023 20:38:36.200Z;errorhandler.__handle;  Property: Unknown Property name. [1:45: mso-table-rspace]
26-11-2023 20:38:36.237Z;errorhandler.__handle;  Property: Unknown Property name. [1:92: mso-hide]
26-11-2023 20:38:36.248Z;errorhandler.__handle;  Property: No ":" after name found: align-center [1:1: align-center]
26-11-2023 20:38:36.251Z;errorhandler.__handle;  Property: No property value found: align-center [1:1: align-center]
26-11-2023 20:38:36.255Z;errorhandler.__handle;  CSSStyleDeclaration: Syntax Error in Property: align-center
26-11-2023 20:38:36.259Z;errorhandler.__handle;  Property: Unknown Property name. [1:14: -ms-interpolation-mode]
