26-11-2023 20:56:09.908Z;functions.bot_text_art;      ____   
26-11-2023 20:56:09.909Z;functions.bot_text_art;     [____]    
26-11-2023 20:56:09.909Z;functions.bot_text_art;   |=]()()[=|  
26-11-2023 20:56:09.910Z;functions.bot_text_art;     _\==/__    _____    ____     _        _____    ___   _  __
26-11-2023 20:56:09.911Z;functions.bot_text_art;   |__|   |_|  |  _  \  / ___|   | |      |_   _| / ___| | |/ /
26-11-2023 20:56:09.911Z;functions.bot_text_art;   |_|_/\_|_|  | |  | | | |      | |        | |   | |    | ' / 
26-11-2023 20:56:09.912Z;functions.bot_text_art;   | | __ | |  | |  | | | |      | |        | |   | |    |  <  
26-11-2023 20:56:09.913Z;functions.bot_text_art;   |_|[  ]|_|  | |__| | | |____  | |____   _| |_  | |__  | . \ 
26-11-2023 20:56:09.916Z;functions.bot_text_art;   \_|_||_|_/  |_____/   \_____| |______| |_____| \ ___| |_|\_\
26-11-2023 20:56:09.917Z;functions.bot_text_art;     |_||_|                                                     
26-11-2023 20:56:09.918Z;functions.bot_text_art;     | ||_|_   
26-11-2023 20:56:09.919Z;functions.bot_text_art;   |___||___|  
26-11-2023 20:56:09.920Z;functions.bot_text_art;               
26-11-2023 20:56:09.931Z;functions.open_RM;  OPEN PROGRAM RM
26-11-2023 20:56:22.803Z;functions.loggin_RM;  ENTER USER_NAME
26-11-2023 20:56:24.235Z;functions.loggin_RM;  ENTER PASSWORD
26-11-2023 20:56:25.438Z;functions.loggin_RM;  ENTER RM
26-11-2023 20:56:58.871Z;functions.enter_coligada;  CLICK CONTEXTO
26-11-2023 20:57:04.062Z;functions.enter_coligada;  CLICK COLIGADA 1
26-11-2023 20:57:06.257Z;functions.enter_coligada;  CLICK AVANÇAR
26-11-2023 20:57:09.130Z;functions.enter_coligada;  INSERE O COLIGADA CODE = 1
26-11-2023 20:57:09.311Z;functions.enter_coligada;  APERTA TAB PARA PREENCHER O CAMPO COM A STRING: OCEANICA ENGENHARIA E CONSULTORIA S.A.
26-11-2023 20:57:10.654Z;functions.enter_coligada;  CLICK AVANÇAR NOVAMENTE
26-11-2023 20:57:11.930Z;functions.enter_coligada;  CLICK CONCLUIR
26-11-2023 20:57:35.005Z;functions.enter_coligada;  POP UP COLIGADA DESAPARECER
26-11-2023 20:57:35.821Z;functions.enter_contas_a_pagar;  CLICK - TOTVS - LINHA RM
26-11-2023 20:57:37.631Z;functions.enter_contas_a_pagar;  CLICK - BACK OFFICE
26-11-2023 20:57:40.405Z;functions.enter_contas_a_pagar;  CLICK - GESTAO FINANCEIRA
26-11-2023 20:57:47.201Z;functions.enter_contas_a_pagar;  CLICK - CONTAS A PAGAR
26-11-2023 20:57:48.119Z;functions.waitForImage;  LANÇAMENTOS image found.
26-11-2023 20:57:50.242Z;functions.enter_contas_a_pagar;  CLICA EM LANÇAMENTOS
26-11-2023 20:57:52.244Z;functions.data_filter;  DATA INICIO 22-11-2023
26-11-2023 20:57:52.246Z;functions.data_filter;  DATA FIM 28-11-2023
26-11-2023 20:57:52.247Z;functions.data_filter;  CLICK - SELECIONA A DATA DE QUARTA FEIRA E DA PROXIMA TERÇA
26-11-2023 20:57:52.248Z;functions.data_filter;  QUARTA-FEIRA: 22-11-2023
26-11-2023 20:57:52.249Z;functions.data_filter;  TERCA-FEIRA: 28-11-2023
26-11-2023 20:57:59.148Z;functions.data_filter;  ESCREVE REMESSA BANCÁRIA NO FILTRO
26-11-2023 20:58:01.287Z;functions.data_filter;  CLICK - BUTÃO DE SELECAO DE FILTRO
26-11-2023 20:58:04.279Z;functions.data_filter;  INSERE - DATA DE QUARTA-FEIRA: 22-11-2023
26-11-2023 20:58:06.701Z;functions.data_filter;  INSERE - DATA DA PROX TERCA-FEIRA: 28-11-2023
26-11-2023 20:58:07.618Z;functions.data_filter;  CLICK - BUTÃO DE EXECUTAR O FILTRO
26-11-2023 20:59:15.830Z;functions.desmark_filter;  CLICK CHECKBOX LANÇAMENTOS A RECEBER
26-11-2023 20:59:17.725Z;functions.desmark_filter;  CLICK CHECKBOX LANÇAMENTOS BAIXADOS
26-11-2023 20:59:19.799Z;functions.desmark_filter;  CLICK CHECKBOX LANÇAMENTOS CANCELADOS
26-11-2023 20:59:22.050Z;functions.desmark_filter;  CLICK CHECKBOX LANÇAMENTOS FATURADOS
26-11-2023 20:59:24.502Z;functions.desmark_filter;  CLICK CHECKBOX LANÇAMENTOS FATURADOS
26-11-2023 20:59:29.506Z;functions.check_table_record;  VERIFICANDO SE A TABELA ESTÁ VAZIA
26-11-2023 20:59:42.466Z;functions.check_table_record;  Para este processo é necessário que existam registros na visão.
26-11-2023 20:59:46.470Z;functions.check_table_record;  SEM REMESSAS PIX
26-11-2023 20:59:48.578Z;main.<module>;  SEM REMESSA BANCÁRIA
26-11-2023 20:59:48.584Z;main.<module>;  ENCERRANDO O RM
26-11-2023 20:59:48.798Z;functions.end_RM;  FECHA O PROGRAMA
26-11-2023 20:59:50.906Z;functions.end_RM;  RM ENCERRADO
26-11-2023 20:59:53.255Z;errorhandler.__handle;  CSSStyleDeclaration: Unexpected token, ignoring upto '{        border: none;'. [1:174: {]
26-11-2023 20:59:53.257Z;errorhandler.__handle;  Property: Unknown Property name. [1:204: -ms-interpolation-mode]
26-11-2023 20:59:53.260Z;errorhandler.__handle;  CSSStyleDeclaration: Unexpected token, ignoring upto '}'. [1:267: }]
26-11-2023 20:59:53.263Z;errorhandler.__handle;  CSSStyleDeclaration: Unexpected token, ignoring upto '{        background-color: #f6f6f6;'. [1:281: {]
26-11-2023 20:59:53.271Z;errorhandler.__handle;  Property: Unknown Property name. [1:356: -webkit-font-smoothing]
26-11-2023 20:59:53.281Z;errorhandler.__handle;  Property: Unknown Property name. [1:486: -ms-text-size-adjust]
26-11-2023 20:59:53.284Z;errorhandler.__handle;  Property: Unknown Property name. [1:521: -webkit-text-size-adjust]
26-11-2023 20:59:53.286Z;errorhandler.__handle;  CSSStyleDeclaration: Unexpected token, ignoring upto '}'. [1:559: }]
26-11-2023 20:59:53.288Z;errorhandler.__handle;  CSSStyleDeclaration: Unexpected token, ignoring upto '{        border-collapse: separate;'. [1:574: {]
26-11-2023 20:59:53.292Z;errorhandler.__handle;  Property: Unknown Property name. [1:617: mso-table-lspace]
26-11-2023 20:59:53.295Z;errorhandler.__handle;  Property: Unknown Property name. [1:647: mso-table-rspace]
26-11-2023 20:59:53.300Z;errorhandler.__handle;  CSSStyleDeclaration: Unexpected token, ignoring upto '}'. [1:690: }]
26-11-2023 20:59:53.302Z;errorhandler.__handle;  CSSStyleDeclaration: Unexpected token, ignoring upto '{          font-family: sans-serif;'. [1:710: {]
26-11-2023 20:59:53.306Z;errorhandler.__handle;  CSSStyleDeclaration: Unexpected token, ignoring upto '}'. [1:808: }]
26-11-2023 20:59:53.308Z;errorhandler.__handle;  CSSStyleDeclaration: Unexpected token, ignoring upto '{        background-color: #f6f6f6;'. [1:941: {]
26-11-2023 20:59:53.311Z;errorhandler.__handle;  CSSStyleDeclaration: Unexpected token, ignoring upto '}'. [1:1003: }]
26-11-2023 20:59:53.313Z;errorhandler.__handle;  CSSStyleDeclaration: Unexpected token, ignoring upto '{        display: block;'. [1:1178: {]
26-11-2023 20:59:53.316Z;errorhandler.__handle;  CSSStyleDeclaration: Unexpected token, ignoring upto '}'. [1:1342: }]
26-11-2023 20:59:53.318Z;errorhandler.__handle;  CSSStyleDeclaration: Unexpected token, ignoring upto '{        box-sizing: border-box;'. [1:1452: {]
26-11-2023 20:59:53.323Z;errorhandler.__handle;  CSSStyleDeclaration: Unexpected token, ignoring upto '}'. [1:1584: }]
26-11-2023 20:59:53.361Z;errorhandler.__handle;  CSSStyleDeclaration: Unexpected token, ignoring upto '{        background: #ffffff;'. [1:1721: {]
26-11-2023 20:59:53.408Z;errorhandler.__handle;  CSSStyleDeclaration: Unexpected token, ignoring upto '}'. [1:1804: }]
26-11-2023 20:59:53.429Z;errorhandler.__handle;  CSSStyleDeclaration: Unexpected token, ignoring upto '{        box-sizing: border-box;'. [1:1822: {]
26-11-2023 20:59:53.439Z;errorhandler.__handle;  CSSStyleDeclaration: Unexpected token, ignoring upto '}'. [1:1883: }]
26-11-2023 20:59:53.442Z;errorhandler.__handle;  CSSStyleDeclaration: Unexpected token, ignoring upto '{        padding-bottom: 10px;'. [1:1907: {]
26-11-2023 20:59:53.455Z;errorhandler.__handle;  CSSStyleDeclaration: Unexpected token, ignoring upto '}'. [1:1969: }]
26-11-2023 20:59:53.482Z;errorhandler.__handle;  CSSStyleDeclaration: Unexpected token, ignoring upto '{        clear: both;'. [1:1986: {]
26-11-2023 20:59:53.487Z;errorhandler.__handle;  CSSStyleDeclaration: Unexpected token, ignoring upto '}'. [1:2086: }]
26-11-2023 20:59:53.495Z;errorhandler.__handle;  CSSStyleDeclaration: Unexpected token, ignoring upto '{          color: #999999;'. [1:2165: {]
26-11-2023 20:59:53.506Z;errorhandler.__handle;  CSSStyleDeclaration: Unexpected token, ignoring upto '}'. [1:2253: }]
26-11-2023 20:59:53.514Z;errorhandler.__handle;  CSSStyleDeclaration: Unexpected token, ignoring upto '{        color: #000000;'. [1:2404: {]
26-11-2023 20:59:53.519Z;errorhandler.__handle;  CSSStyleDeclaration: Unexpected token, ignoring upto '}'. [1:2563: }]
26-11-2023 20:59:53.523Z;errorhandler.__handle;  CSSStyleDeclaration: Unexpected token, ignoring upto '{        font-size: 35px;'. [1:2575: {]
26-11-2023 20:59:53.529Z;errorhandler.__handle;  CSSStyleDeclaration: Unexpected token, ignoring upto '}'. [1:2694: }]
26-11-2023 20:59:53.538Z;errorhandler.__handle;  CSSStyleDeclaration: Unexpected token, ignoring upto '{        font-family: sans-serif;'. [1:2723: {]
26-11-2023 20:59:53.544Z;errorhandler.__handle;  CSSStyleDeclaration: Unexpected token, ignoring upto '}'. [1:2861: }]
26-11-2023 20:59:53.545Z;errorhandler.__handle;  CSSStyleDeclaration: Unexpected token, ignoring upto '{          list-style-position: inside;'. [1:2905: {]
26-11-2023 20:59:53.548Z;errorhandler.__handle;  CSSStyleDeclaration: Unexpected token, ignoring upto '}'. [1:2978: }]
26-11-2023 20:59:53.550Z;errorhandler.__handle;  CSSStyleDeclaration: Unexpected token, ignoring upto '{        color: #3498db;'. [1:2989: {]
26-11-2023 20:59:53.552Z;errorhandler.__handle;  CSSStyleDeclaration: Unexpected token, ignoring upto '}'. [1:3055: }]
26-11-2023 20:59:53.554Z;errorhandler.__handle;  CSSStyleDeclaration: Unexpected token, ignoring upto '{        box-sizing: border-box;'. [1:3178: {]
26-11-2023 20:59:53.556Z;errorhandler.__handle;  CSSStyleDeclaration: Unexpected token, ignoring upto '}'. [1:3231: }]
26-11-2023 20:59:53.558Z;errorhandler.__handle;  CSSStyleDeclaration: Unexpected token, ignoring upto '{          padding-bottom: 15px;'. [1:3265: {]
26-11-2023 20:59:53.560Z;errorhandler.__handle;  CSSStyleDeclaration: Unexpected token, ignoring upto '}'. [1:3298: }]
26-11-2023 20:59:53.562Z;errorhandler.__handle;  CSSStyleDeclaration: Unexpected token, ignoring upto '{          width: auto;'. [1:3320: {]
26-11-2023 20:59:53.564Z;errorhandler.__handle;  CSSStyleDeclaration: Unexpected token, ignoring upto '}'. [1:3350: }]
26-11-2023 20:59:53.566Z;errorhandler.__handle;  CSSStyleDeclaration: Unexpected token, ignoring upto '{          background-color: #ffffff;'. [1:3375: {]
26-11-2023 20:59:53.569Z;errorhandler.__handle;  CSSStyleDeclaration: Unexpected token, ignoring upto '}'. [1:3477: }]
26-11-2023 20:59:53.572Z;errorhandler.__handle;  CSSStyleDeclaration: Unexpected token, ignoring upto '{          background-color: #ffffff;'. [1:3495: {]
26-11-2023 20:59:53.698Z;errorhandler.__handle;  CSSStyleDeclaration: Unexpected token, ignoring upto '}'. [1:3892: }]
26-11-2023 20:59:53.700Z;errorhandler.__handle;  CSSStyleDeclaration: Unexpected token, ignoring upto '{        background-color: #3498db;'. [1:3923: {]
26-11-2023 20:59:53.702Z;errorhandler.__handle;  CSSStyleDeclaration: Unexpected token, ignoring upto '}'. [1:3965: }]
26-11-2023 20:59:53.703Z;errorhandler.__handle;  CSSStyleDeclaration: Unexpected token, ignoring upto '{        background-color: #3498db;'. [1:3989: {]
26-11-2023 20:59:53.734Z;errorhandler.__handle;  CSSStyleDeclaration: Unexpected token, ignoring upto '}'. [1:4084: }]
26-11-2023 20:59:53.737Z;errorhandler.__handle;  CSSStyleDeclaration: Unexpected token, ignoring upto '{        margin-bottom: 0;'. [1:4234: {]
26-11-2023 20:59:53.738Z;errorhandler.__handle;  CSSStyleDeclaration: Unexpected token, ignoring upto '}'. [1:4267: }]
26-11-2023 20:59:53.740Z;errorhandler.__handle;  CSSStyleDeclaration: Unexpected token, ignoring upto '{        margin-top: 0;'. [1:4283: {]
26-11-2023 20:59:53.742Z;errorhandler.__handle;  CSSStyleDeclaration: Unexpected token, ignoring upto '}'. [1:4313: }]
26-11-2023 20:59:53.744Z;errorhandler.__handle;  CSSStyleDeclaration: Unexpected token, ignoring upto '{        text-align: center;'. [1:4336: {]
26-11-2023 20:59:53.746Z;errorhandler.__handle;  CSSStyleDeclaration: Unexpected token, ignoring upto '}'. [1:4371: }]
26-11-2023 20:59:53.748Z;errorhandler.__handle;  CSSStyleDeclaration: Unexpected token, ignoring upto '{        text-align: right;'. [1:4393: {]
26-11-2023 20:59:53.752Z;errorhandler.__handle;  CSSStyleDeclaration: Unexpected token, ignoring upto '}'. [1:4427: }]
26-11-2023 20:59:53.754Z;errorhandler.__handle;  CSSStyleDeclaration: Unexpected token, ignoring upto '{        text-align: left;'. [1:4448: {]
26-11-2023 20:59:53.756Z;errorhandler.__handle;  CSSStyleDeclaration: Unexpected token, ignoring upto '}'. [1:4481: }]
26-11-2023 20:59:53.758Z;errorhandler.__handle;  CSSStyleDeclaration: Unexpected token, ignoring upto '{        clear: both;'. [1:4497: {]
26-11-2023 20:59:53.760Z;errorhandler.__handle;  CSSStyleDeclaration: Unexpected token, ignoring upto '}'. [1:4525: }]
26-11-2023 20:59:53.779Z;errorhandler.__handle;  CSSStyleDeclaration: Unexpected token, ignoring upto '{        margin-top: 0;'. [1:4539: {]
26-11-2023 20:59:53.785Z;errorhandler.__handle;  CSSStyleDeclaration: Unexpected token, ignoring upto '}'. [1:4569: }]
26-11-2023 20:59:53.787Z;errorhandler.__handle;  CSSStyleDeclaration: Unexpected token, ignoring upto '{        margin-bottom: 0;'. [1:4583: {]
26-11-2023 20:59:53.789Z;errorhandler.__handle;  CSSStyleDeclaration: Unexpected token, ignoring upto '}'. [1:4616: }]
26-11-2023 20:59:53.791Z;errorhandler.__handle;  CSSStyleDeclaration: Unexpected token, ignoring upto '{        color: transparent;'. [1:4636: {]
26-11-2023 20:59:53.796Z;errorhandler.__handle;  Property: Unknown Property name. [1:4799: mso-hide]
26-11-2023 20:59:53.805Z;errorhandler.__handle;  CSSStyleDeclaration: Unexpected token, ignoring upto '}'. [1:4864: }]
26-11-2023 20:59:53.807Z;errorhandler.__handle;  CSSStyleDeclaration: Unexpected token, ignoring upto '{        text-decoration: none;'. [1:4887: {]
26-11-2023 20:59:53.808Z;errorhandler.__handle;  CSSStyleDeclaration: Unexpected token, ignoring upto '}'. [1:4925: }]
26-11-2023 20:59:53.810Z;errorhandler.__handle;  CSSStyleDeclaration: Unexpected token, ignoring upto '{        border: 0;'. [1:4937: {]
26-11-2023 20:59:53.818Z;errorhandler.__handle;  CSSStyleDeclaration: Unexpected token, ignoring upto '}'. [1:5027: }]
26-11-2023 20:59:53.827Z;errorhandler.__handle;  CSSStyleRule: No selector found: '{        table.body h1 {{          font-size: 28px !important;          margin-bottom: 10px !important;         }}        table.body p,        table.body ul,        table.body ol,        table.body td,        table.body span,        table.body a {{          font-size: 16px !important;         }}        table.body .wrapper,        table.body .article {{          padding: 10px !important;         }}        table.body .content {{          padding: 0 !important;         }}        table.body .container {{          padding: 0 !important;          width: 100% !important;         }}        table.body .main {{          border-left-width: 0 !important;          border-radius: 0 !important;          border-right-width: 0 !important;         }}        table.body .btn table {{          width: 100% !important;         }}        table.body .btn a {{          width: 100% !important;         }}        table.body .img-responsive {{          height: auto !important;          max-width: 100% !important;          width: auto !important;         }}      }'. [1:5217: {]
26-11-2023 20:59:53.847Z;errorhandler.__handle;  SelectorList: Unknown Syntax: ''
26-11-2023 20:59:53.850Z;errorhandler.__handle;  Property: No ":" after name found: table.body h1 {{          font-size: 28px !important;          margin-bottom: 10px !important;         }}        table.body p,        table.body ul,        table.body ol,        table.body td,        table.body span,        table.body a {{          font-size: 16px !important;         }}        table.body .wrapper,        table.body .article {{          padding: 10px !important;         }}        table.body .content {{          padding: 0 !important;         }}        table.body .container {{          padding: 0 !important;          width: 100% !important;         }}        table.body .main {{          border-left-width: 0 !important;          border-radius: 0 !important;          border-right-width: 0 !important;         }}        table.body .btn table {{          width: 100% !important;         }}        table.body .btn a {{          width: 100% !important;         }}        table.body .img-responsive {{          height: auto !important;          max-width: 100% !important;          width: auto !important;         }}       [1:6259:       ]
26-11-2023 20:59:53.859Z;errorhandler.__handle;  Property: No property value found: table.body h1 {{          font-size: 28px !important;          margin-bottom: 10px !important;         }}        table.body p,        table.body ul,        table.body ol,        table.body td,        table.body span,        table.body a {{          font-size: 16px !important;         }}        table.body .wrapper,        table.body .article {{          padding: 10px !important;         }}        table.body .content {{          padding: 0 !important;         }}        table.body .container {{          padding: 0 !important;          width: 100% !important;         }}        table.body .main {{          border-left-width: 0 !important;          border-radius: 0 !important;          border-right-width: 0 !important;         }}        table.body .btn table {{          width: 100% !important;         }}        table.body .btn a {{          width: 100% !important;         }}        table.body .img-responsive {{          height: auto !important;          max-width: 100% !important;          width: auto !important;         }}       [1:6259:       ]
26-11-2023 20:59:53.873Z;errorhandler.__handle;  CSSStyleDeclaration: Syntax Error in Property: table.body h1 {{          font-size: 28px !important;          margin-bottom: 10px !important;         }}        table.body p,        table.body ul,        table.body ol,        table.body td,        table.body span,        table.body a {{          font-size: 16px !important;         }}        table.body .wrapper,        table.body .article {{          padding: 10px !important;         }}        table.body .content {{          padding: 0 !important;         }}        table.body .container {{          padding: 0 !important;          width: 100% !important;         }}        table.body .main {{          border-left-width: 0 !important;          border-radius: 0 !important;          border-right-width: 0 !important;         }}        table.body .btn table {{          width: 100% !important;         }}        table.body .btn a {{          width: 100% !important;         }}        table.body .img-responsive {{          height: auto !important;          max-width: 100% !important;          width: auto !important;         }}      
26-11-2023 20:59:53.887Z;errorhandler.__handle;  CSSStyleRule: No selector found: '{        .ExternalClass {{          width: 100%;         }}        .ExternalClass,        .ExternalClass p,        .ExternalClass span,        .ExternalClass font,        .ExternalClass td,        .ExternalClass div {{          line-height: 100%;         }}        .apple-link a {{          color: inherit !important;          font-family: inherit !important;          font-size: inherit !important;          font-weight: inherit !important;          line-height: inherit !important;          text-decoration: none !important;         }}        #MessageViewBody a {{          color: inherit;          text-decoration: none;          font-size: inherit;          font-family: inherit;          font-weight: inherit;          line-height: inherit;        }}        .btn-primary table td:hover {{          background-color: #34495e !important;         }}        .btn-primary a:hover {{          background-color: #34495e !important;          border-color: #34495e !important;         }}       }'. [1:6420: {]
26-11-2023 20:59:53.894Z;errorhandler.__handle;  SelectorList: Unknown Syntax: ''
26-11-2023 20:59:53.896Z;errorhandler.__handle;  CSSStyleDeclaration: Unexpected token, ignoring upto '.ExternalClass {{          width: 100%;         }}        .ExternalClass,        .ExternalClass p,        .ExternalClass span,        .ExternalClass font,        .ExternalClass td,        .ExternalClass div {{          line-height: 100%;         }}        .apple-link a {{          color: inherit !important;          font-family: inherit !important;          font-size: inherit !important;          font-weight: inherit !important;          line-height: inherit !important;          text-decoration: none !important;         }}        #MessageViewBody a {{          color: inherit;          text-decoration: none;          font-size: inherit;          font-family: inherit;          font-weight: inherit;          line-height: inherit;        }}        .btn-primary table td:hover {{          background-color: #34495e !important;         }}        .btn-primary a:hover {{          background-color: #34495e !important;          border-color: #34495e !important;         }}       '. [1:6429: .]
26-11-2023 20:59:53.912Z;errorhandler.__handle;  Property: Unknown Property name. [1:1: -ms-interpolation-mode]
26-11-2023 20:59:53.915Z;errorhandler.__handle;  Property: Unknown Property name. [1:24: -webkit-font-smoothing]
26-11-2023 20:59:53.918Z;errorhandler.__handle;  Property: Unknown Property name. [1:109: -ms-text-size-adjust]
26-11-2023 20:59:53.920Z;errorhandler.__handle;  Property: Unknown Property name. [1:135: -webkit-text-size-adjust]
26-11-2023 20:59:53.922Z;errorhandler.__handle;  Property: Unknown Property name. [1:1: mso-table-lspace]
26-11-2023 20:59:53.923Z;errorhandler.__handle;  Property: Unknown Property name. [1:20: mso-table-rspace]
26-11-2023 20:59:53.947Z;errorhandler.__handle;  Property: Unknown Property name. [1:74: mso-hide]
26-11-2023 20:59:53.954Z;errorhandler.__handle;  Property: No ":" after name found: align-center [1:1: align-center]
26-11-2023 20:59:53.956Z;errorhandler.__handle;  Property: No property value found: align-center [1:1: align-center]
26-11-2023 20:59:53.958Z;errorhandler.__handle;  CSSStyleDeclaration: Syntax Error in Property: align-center
26-11-2023 20:59:53.966Z;errorhandler.__handle;  Property: Unknown Property name. [1:1: -ms-interpolation-mode]
26-11-2023 20:59:55.910Z;functions.emailSuccess;  Success e-mail sent.
