26-11-2023 22:44:32.739Z;functions.bot_text_art;      ____   
26-11-2023 22:44:32.740Z;functions.bot_text_art;     [____]    
26-11-2023 22:44:32.741Z;functions.bot_text_art;   |=]()()[=|  
26-11-2023 22:44:32.741Z;functions.bot_text_art;     _\==/__    _____    ____     _        _____    ___   _  __
26-11-2023 22:44:32.742Z;functions.bot_text_art;   |__|   |_|  |  _  \  / ___|   | |      |_   _| / ___| | |/ /
26-11-2023 22:44:32.742Z;functions.bot_text_art;   |_|_/\_|_|  | |  | | | |      | |        | |   | |    | ' / 
26-11-2023 22:44:32.743Z;functions.bot_text_art;   | | __ | |  | |  | | | |      | |        | |   | |    |  <  
26-11-2023 22:44:32.743Z;functions.bot_text_art;   |_|[  ]|_|  | |__| | | |____  | |____   _| |_  | |__  | . \ 
26-11-2023 22:44:32.746Z;functions.bot_text_art;   \_|_||_|_/  |_____/   \_____| |______| |_____| \ ___| |_|\_\
26-11-2023 22:44:32.747Z;functions.bot_text_art;     |_||_|                                                     
26-11-2023 22:44:32.749Z;functions.bot_text_art;     | ||_|_   
26-11-2023 22:44:32.749Z;functions.bot_text_art;   |___||___|  
26-11-2023 22:44:32.750Z;functions.bot_text_art;               
26-11-2023 22:44:32.761Z;functions.open_RM;  OPEN PROGRAM RM
26-11-2023 22:44:45.449Z;functions.loggin_RM;  ENTER USER_NAME
26-11-2023 22:44:46.825Z;functions.loggin_RM;  ENTER PASSWORD
26-11-2023 22:44:47.998Z;functions.loggin_RM;  ENTER RM
26-11-2023 22:45:22.632Z;functions.enter_coligada;  CLICK CONTEXTO
26-11-2023 22:45:27.834Z;functions.enter_coligada;  CLICK COLIGADA 1
26-11-2023 22:45:30.118Z;functions.enter_coligada;  CLICK AVANÇAR
26-11-2023 22:45:32.844Z;functions.enter_coligada;  INSERE O COLIGADA CODE = 1
26-11-2023 22:45:32.999Z;functions.enter_coligada;  APERTA TAB PARA PREENCHER O CAMPO COM A STRING: OCEANICA ENGENHARIA E CONSULTORIA S.A.
26-11-2023 22:45:34.334Z;functions.enter_coligada;  CLICK AVANÇAR NOVAMENTE
26-11-2023 22:45:35.581Z;functions.enter_coligada;  CLICK CONCLUIR
26-11-2023 22:45:59.216Z;functions.enter_coligada;  POP UP COLIGADA DESAPARECER
26-11-2023 22:46:00.274Z;functions.enter_contas_a_pagar;  CLICK - TOTVS - LINHA RM
26-11-2023 22:46:02.010Z;functions.enter_contas_a_pagar;  CLICK - BACK OFFICE
26-11-2023 22:46:04.796Z;functions.enter_contas_a_pagar;  CLICK - GESTAO FINANCEIRA
26-11-2023 22:46:11.631Z;functions.enter_contas_a_pagar;  CLICK - CONTAS A PAGAR
26-11-2023 22:46:12.573Z;functions.waitForImage;  LANÇAMENTOS image found.
26-11-2023 22:46:14.687Z;functions.enter_contas_a_pagar;  CLICA EM LANÇAMENTOS
26-11-2023 22:46:16.690Z;functions.data_filter;  DATA INICIO 22-11-2023
26-11-2023 22:46:16.691Z;functions.data_filter;  DATA FIM 28-11-2023
26-11-2023 22:46:16.692Z;functions.data_filter;  CLICK - SELECIONA A DATA DE QUARTA FEIRA E DA PROXIMA TERÇA
26-11-2023 22:46:16.693Z;functions.data_filter;  QUARTA-FEIRA: 22-11-2023
26-11-2023 22:46:16.694Z;functions.data_filter;  TERCA-FEIRA: 28-11-2023
26-11-2023 22:46:23.858Z;functions.data_filter;  ESCREVE REMESSA BANCÁRIA NO FILTRO
26-11-2023 22:46:26.062Z;functions.data_filter;  CLICK - BUTÃO DE SELECAO DE FILTRO
26-11-2023 22:46:29.073Z;functions.data_filter;  INSERE - DATA DE QUARTA-FEIRA: 22-11-2023
26-11-2023 22:46:31.324Z;functions.data_filter;  INSERE - DATA DA PROX TERCA-FEIRA: 28-11-2023
26-11-2023 22:46:32.232Z;functions.data_filter;  CLICK - BUTÃO DE EXECUTAR O FILTRO
26-11-2023 22:47:40.965Z;functions.desmark_filter;  CLICK CHECKBOX LANÇAMENTOS A RECEBER
26-11-2023 22:47:42.872Z;functions.desmark_filter;  CLICK CHECKBOX LANÇAMENTOS BAIXADOS
26-11-2023 22:47:44.866Z;functions.desmark_filter;  CLICK CHECKBOX LANÇAMENTOS CANCELADOS
26-11-2023 22:47:47.122Z;functions.desmark_filter;  CLICK CHECKBOX LANÇAMENTOS FATURADOS
26-11-2023 22:47:49.511Z;functions.desmark_filter;  CLICK CHECKBOX LANÇAMENTOS FATURADOS
26-11-2023 22:48:04.702Z;functions.waitForImage;  FILTER CLEAN image found.
26-11-2023 22:48:06.837Z;functions.filter_clean;  CLICA NO BOTÃO X DO LIMPA FILTRO
26-11-2023 22:48:08.840Z;functions.check_table_record;  VERIFICANDO SE A TABELA ESTÁ VAZIA
26-11-2023 22:48:21.849Z;functions.check_table_record;  ATENÇÃO: 

Este processo exige que seja selecionado ao menos um registro para sua execução.
Como não foi feita nenhuma seleção, você deseja executá-lo para TODOS os 102 registros?
26-11-2023 22:48:23.853Z;functions.check_table_record;  TIPO: <class 'list'>
26-11-2023 22:48:23.854Z;functions.check_table_record;  NUMERO DE TUPLAS: 102
26-11-2023 22:48:23.856Z;functions.check_table_record;  TABELA CONTÉM REGISTROS
26-11-2023 22:48:27.777Z;functions.check_table_record;  CLICK NÃO
26-11-2023 22:49:43.027Z;functions.waitForImage;  FILTER CLEAN image not found.
26-11-2023 22:49:54.770Z;functions.select_tipo_documento;  NOME DA COLUNA: Tipo de Documento
26-11-2023 22:49:56.617Z;functions.select_tipo_documento;  HOVER NOME DA COLUNA: Tipo de Documento
26-11-2023 22:49:56.750Z;functions.select_tipo_documento;  CLICA PARA APARECER O FILTRO PERSONALIZAR
26-11-2023 22:49:57.075Z;functions.select_tipo_documento;  CLICA NO FILTRO PERSONALIZAR
26-11-2023 22:49:58.778Z;functions.select_tipo_documento;  CLICA PARA SELECIONAR OPÇÕES DO FILTRO
26-11-2023 22:50:06.066Z;functions.select_tipo_documento;  CLICK BUTTON CONFIRMAR FILTRO
26-11-2023 22:50:28.487Z;functions.show_exception_and_exit;  'NoneType' object has no attribute 'click'
Traceback (most recent call last):
  File "c:\Projetos\Remessas_Bancarias\main.py", line 27, in <module>
    filter_IPTE()
  File "c:\Projetos\Remessas_Bancarias\SUBPROGRAMS\functions.py", line 242, in filter_IPTE
    row_select.click()
    ^^^^^^^^^^^^^^^^
AttributeError: 'NoneType' object has no attribute 'click'
26-11-2023 22:50:30.655Z;errorhandler.__handle;  Property: Unknown Property name. [1:203: -ms-interpolation-mode]
26-11-2023 22:50:30.699Z;errorhandler.__handle;  Property: Unknown Property name. [1:353: -webkit-font-smoothing]
26-11-2023 22:50:30.713Z;errorhandler.__handle;  Property: Unknown Property name. [1:483: -ms-text-size-adjust]
26-11-2023 22:50:30.716Z;errorhandler.__handle;  Property: Unknown Property name. [1:518: -webkit-text-size-adjust]
26-11-2023 22:50:30.721Z;errorhandler.__handle;  Property: Unknown Property name. [1:612: mso-table-lspace]
26-11-2023 22:50:30.723Z;errorhandler.__handle;  Property: Unknown Property name. [1:642: mso-table-rspace]
26-11-2023 22:50:30.964Z;errorhandler.__handle;  Property: Unknown Property name. [1:4734: mso-hide]
26-11-2023 22:50:31.064Z;errorhandler.__handle;  Property: Unknown Property name. [1:13: -ms-interpolation-mode]
26-11-2023 22:50:31.069Z;errorhandler.__handle;  Property: Unknown Property name. [1:49: -webkit-font-smoothing]
26-11-2023 22:50:31.074Z;errorhandler.__handle;  Property: Unknown Property name. [1:134: -ms-text-size-adjust]
26-11-2023 22:50:31.077Z;errorhandler.__handle;  Property: Unknown Property name. [1:160: -webkit-text-size-adjust]
26-11-2023 22:50:31.082Z;errorhandler.__handle;  Property: Unknown Property name. [1:26: mso-table-lspace]
26-11-2023 22:50:31.084Z;errorhandler.__handle;  Property: Unknown Property name. [1:45: mso-table-rspace]
26-11-2023 22:50:31.124Z;errorhandler.__handle;  Property: Unknown Property name. [1:92: mso-hide]
26-11-2023 22:50:31.141Z;errorhandler.__handle;  Property: No ":" after name found: align-center [1:1: align-center]
26-11-2023 22:50:31.144Z;errorhandler.__handle;  Property: No property value found: align-center [1:1: align-center]
26-11-2023 22:50:31.146Z;errorhandler.__handle;  CSSStyleDeclaration: Syntax Error in Property: align-center
26-11-2023 22:50:31.152Z;errorhandler.__handle;  Property: Unknown Property name. [1:14: -ms-interpolation-mode]
