07-02-2024 17:18:28.645Z;functions.bot_text_art;      ____   
07-02-2024 17:18:28.645Z;functions.bot_text_art;     [____]    
07-02-2024 17:18:28.645Z;functions.bot_text_art;   |=]()()[=|  
07-02-2024 17:18:28.645Z;functions.bot_text_art;     _\==/__    _____    ____     _        _____    ___   _  __
07-02-2024 17:18:28.645Z;functions.bot_text_art;   |__|   |_|  |  _  \  / ___|   | |      |_   _| / ___| | |/ /
07-02-2024 17:18:28.645Z;functions.bot_text_art;   |_|_/\_|_|  | |  | | | |      | |        | |   | |    | ' / 
07-02-2024 17:18:28.645Z;functions.bot_text_art;   | | __ | |  | |  | | | |      | |        | |   | |    |  <  
07-02-2024 17:18:28.645Z;functions.bot_text_art;   |_|[  ]|_|  | |__| | | |____  | |____   _| |_  | |__  | . \ 
07-02-2024 17:18:28.645Z;functions.bot_text_art;   \_|_||_|_/  |_____/   \_____| |______| |_____| \ ___| |_|\_\
07-02-2024 17:18:28.645Z;functions.bot_text_art;     |_||_|                                                     
07-02-2024 17:18:28.645Z;functions.bot_text_art;     | ||_|_   
07-02-2024 17:18:28.645Z;functions.bot_text_art;   |___||___|  
07-02-2024 17:18:28.645Z;functions.bot_text_art;               
07-02-2024 17:18:28.645Z;functions.open_RM;  OPEN PROGRAM RM
07-02-2024 17:18:35.019Z;functions.loggin_RM;  ENTER USER_NAME
07-02-2024 17:18:35.848Z;functions.loggin_RM;  ENTER PASSWORD
07-02-2024 17:18:36.549Z;functions.loggin_RM;  ENTER RM
07-02-2024 17:19:00.582Z;functions.enter_coligada;  CLICK CONTEXTO
07-02-2024 17:19:04.488Z;functions.enter_coligada;  CLICK COLIGADA 1
07-02-2024 17:19:05.613Z;functions.enter_coligada;  CLICK AVANÇAR
07-02-2024 17:19:07.169Z;functions.enter_coligada;  INSERE O COLIGADA CODE = 1
07-02-2024 17:19:07.271Z;functions.enter_coligada;  APERTA TAB PARA PREENCHER O CAMPO COM A STRING: OCEANICA ENGENHARIA E CONSULTORIA S.A.
07-02-2024 17:19:08.081Z;functions.enter_coligada;  CLICK AVANÇAR NOVAMENTE
07-02-2024 17:19:08.863Z;functions.enter_coligada;  CLICK CONCLUIR
07-02-2024 17:19:18.254Z;functions.enter_coligada;  POP UP COLIGADA DESAPARECER
07-02-2024 17:19:18.863Z;functions.check_movimentacao_bancaria;  CLICK - TOTVS - LINHA RM
07-02-2024 17:19:19.956Z;functions.check_movimentacao_bancaria;  CLICK - BACK OFFICE
07-02-2024 17:19:20.644Z;functions.check_movimentacao_bancaria;  CLICK - GESTAO FINANCEIRA
07-02-2024 17:19:22.863Z;functions.movimentacao_bancaria;  CLICA NA ABA MOVIMENTAÇÃO BANCARIA
07-02-2024 17:19:22.956Z;functions.waitForImage;  IMAGEM BORDERO image found.
07-02-2024 17:19:25.061Z;functions.movimentacao_bancaria;  IMAGEM BORDERO CLICADA.
07-02-2024 17:19:35.347Z;functions.waitForImage;  LICENCAS EXCEDIDAS image not found.
07-02-2024 17:19:35.925Z;functions.movimentacao_bancaria;  CLICA NA ABA SUPERIOR DO FILTRO
07-02-2024 17:19:42.131Z;functions.movimentacao_bancaria;  SELECIONA O FILTRO HOJE
07-02-2024 17:20:17.628Z;functions.waitForImage;  FILTER CLEAN image not found.
07-02-2024 17:20:48.104Z;functions.waitForImage;  FILTER CLEAN image not found.
07-02-2024 17:21:18.566Z;functions.waitForImage;  FILTER CLEAN image not found.
07-02-2024 17:21:19.363Z;functions.movimentacao_bancaria;  CLICA NA PRIMEIRA LINHA DA TABELA MOVIMENTAÇÃO BANCÁRIA
07-02-2024 17:21:20.585Z;functions.movimentacao_bancaria;  12 PASSOS PARA DIREITA NA TABELA >>
07-02-2024 17:21:21.831Z;functions.movimentacao_bancaria;  HOVER FILTER
07-02-2024 17:21:22.121Z;functions.movimentacao_bancaria;  CLICK FILTER
07-02-2024 17:21:26.429Z;functions.movimentacao_bancaria;  CLICA NO FILTRO  STATUS DA REMESSA
07-02-2024 17:21:28.531Z;functions.movimentacao_bancaria;  APERTA TAB PARA ESCREVER O FILTRO
07-02-2024 17:21:30.636Z;functions.movimentacao_bancaria;  ESCREVE PENDENTE NO FILTRO
07-02-2024 17:21:32.738Z;functions.movimentacao_bancaria;  APERTA ENTER PARA SELECIONAR OS PENDENTES
07-02-2024 17:21:53.738Z;functions.movimentacao_bancaria;  SEM PROCESSAMENTO DE BORDERO PENDENTE
07-02-2024 17:22:03.816Z;functions.waitForImage;  FILTER CLEAN image found.
07-02-2024 17:22:06.933Z;functions.filter_clean;  CLICA NO BOTÃO X DO LIMPA FILTRO
07-02-2024 17:22:38.948Z;functions.waitForImage;  FILTER CLEAN image not found.
07-02-2024 17:23:09.410Z;functions.waitForImage;  FILTER CLEAN image not found.
07-02-2024 17:23:10.207Z;functions.processo_pagamento;  CLICA NA PRIMEIRA LINHA DA TABELA MOVIMENTAÇÃO BANCÁRIA
07-02-2024 17:23:11.488Z;functions.processo_pagamento;  HOVER FILTER
07-02-2024 17:23:11.755Z;functions.processo_pagamento;  CLICK FILTER
07-02-2024 17:23:16.069Z;functions.processo_pagamento;  CLICA NO FILTRO  STATUS DA REMESSA
07-02-2024 17:23:18.170Z;functions.processo_pagamento;  APERTA TAB PARA ESCREVER O FILTRO
07-02-2024 17:23:20.277Z;functions.processo_pagamento;  ESCREVE AUTORIZADO NO FILTRO
07-02-2024 17:23:22.378Z;functions.processo_pagamento;  APERTA ENTER PARA SELECIONAR OS AUTORIZADOS
07-02-2024 17:23:43.301Z;functions.processo_pagamento;  SEM REMESSA DE BORDERO AUTORIZADO
07-02-2024 17:23:43.928Z;functions.enter_contas_a_pagar;  CLICK - TOTVS - LINHA RM
07-02-2024 17:23:44.925Z;functions.enter_contas_a_pagar;  CLICK - BACK OFFICE
07-02-2024 17:23:45.644Z;functions.enter_contas_a_pagar;  CLICK - GESTAO FINANCEIRA
07-02-2024 17:23:53.019Z;functions.enter_contas_a_pagar;  CLICK - CONTAS A PAGAR
07-02-2024 17:23:53.119Z;functions.waitForImage;  LANÇAMENTOS image found.
07-02-2024 17:23:55.246Z;functions.enter_contas_a_pagar;  CLICA EM LANÇAMENTOS
07-02-2024 17:24:10.503Z;functions.waitForImage;  LICENCAS EXCEDIDAS image not found.
07-02-2024 17:24:10.503Z;functions.data_filter;  DATA INICIO 14-02-2024
07-02-2024 17:24:10.503Z;functions.data_filter;  DATA FIM 20-02-2024
07-02-2024 17:24:10.503Z;functions.data_filter;  CLICK - SELECIONA A DATA DE QUARTA FEIRA E DA PROXIMA TERÇA
07-02-2024 17:24:10.503Z;functions.data_filter;  QUARTA-FEIRA: 14-02-2024
07-02-2024 17:24:10.503Z;functions.data_filter;  TERCA-FEIRA: 20-02-2024
07-02-2024 17:24:11.192Z;functions.data_filter;  ESCREVE REMESSA BANCÁRIA NO FILTRO
07-02-2024 17:24:11.863Z;functions.data_filter;  CLICK - BUTÃO DE SELECAO DE FILTRO
07-02-2024 17:24:13.679Z;functions.data_filter;  INSERE - DATA DE QUARTA-FEIRA: 14-02-2024
07-02-2024 17:24:15.207Z;functions.data_filter;  INSERE - DATA DA PROX TERCA-FEIRA: 20-02-2024
07-02-2024 17:24:15.832Z;functions.data_filter;  CLICK - BUTÃO DE EXECUTAR O FILTRO
07-02-2024 17:27:26.956Z;functions.desmark_filter;  CLICK CHECKBOX LANÇAMENTOS A RECEBER
07-02-2024 17:27:27.738Z;functions.desmark_filter;  CLICK CHECKBOX LANÇAMENTOS BAIXADOS
07-02-2024 17:27:28.566Z;functions.desmark_filter;  CLICK CHECKBOX LANÇAMENTOS CANCELADOS
07-02-2024 17:27:29.425Z;functions.desmark_filter;  CLICK CHECKBOX LANÇAMENTOS FATURADOS
07-02-2024 17:27:30.316Z;functions.desmark_filter;  CLICK CHECKBOX LANÇAMENTOS FATURADOS
07-02-2024 17:27:35.379Z;functions.waitForImage;  FILTER CLEAN image found.
07-02-2024 17:27:38.495Z;functions.filter_clean;  CLICA NO BOTÃO X DO LIMPA FILTRO
07-02-2024 17:28:10.972Z;functions.waitForImage;  FILTER CLEAN image not found.
07-02-2024 17:28:41.441Z;functions.waitForImage;  FILTER CLEAN image not found.
07-02-2024 17:28:41.441Z;functions.check_table_record;  VERIFICANDO SE A TABELA ESTÁ VAZIA
07-02-2024 17:28:54.166Z;functions.check_table_record;  ATENÇÃO: 

Este processo exige que seja selecionado ao menos um registro para sua execução.
Como não foi feita nenhuma seleção, você deseja executá-lo para TODOS os 581 registros?
07-02-2024 17:28:56.167Z;functions.check_table_record;  NUMERO DE TUPLAS: 2
07-02-2024 17:28:56.167Z;functions.check_table_record;  TABELA CONTÉM REGISTROS
07-02-2024 17:28:59.859Z;functions.check_table_record;  CLICK NÃO
07-02-2024 17:29:15.660Z;functions.select_tipo_documento;  NOME DA COLUNA: Tipo de Documento
07-02-2024 17:29:16.910Z;functions.select_tipo_documento;  HOVER NOME DA COLUNA: Tipo de Documento
07-02-2024 17:29:17.494Z;functions.select_tipo_documento;  CLICA NO FILTRO PERSONALIZAR
07-02-2024 17:29:18.207Z;functions.select_tipo_documento;  CLICA PARA SELECIONAR OPÇÕES DO FILTRO
07-02-2024 17:29:25.238Z;functions.select_tipo_documento;  CLICK BUTTON CONFIRMAR FILTRO
07-02-2024 17:29:30.241Z;functions.filter_IPTE;  VERIFICANDO O COD DO CLIENTE EM CADA REGISTRO
07-02-2024 17:29:30.988Z;functions.filter_IPTE;  CLICA NA PRIMEIRA LINHA DA TABELA
07-02-2024 17:29:50.863Z;functions.filter_IPTE;  HOVER FILTER
07-02-2024 17:29:51.464Z;functions.filter_IPTE;  CLICK FILTER
07-02-2024 17:29:55.785Z;functions.filter_IPTE;  CLICA NO FILTRO PERSONALIZAR
07-02-2024 17:30:03.682Z;functions.check_table_record;  VERIFICANDO SE A TABELA ESTÁ VAZIA
07-02-2024 17:30:16.387Z;functions.check_table_record;  ATENÇÃO: 

Este processo exige que seja selecionado ao menos um registro para sua execução.
Como não foi feita nenhuma seleção, você deseja executá-lo para TODOS os 131 registros?
07-02-2024 17:30:18.402Z;functions.check_table_record;  NUMERO DE TUPLAS: 2
07-02-2024 17:30:18.402Z;functions.check_table_record;  TABELA CONTÉM REGISTROS
07-02-2024 17:30:22.137Z;functions.check_table_record;  CLICK NÃO
07-02-2024 17:30:32.138Z;functions.select_all_func;  SELECIONA TODOS OS REGISTROS
07-02-2024 17:30:32.138Z;functions.check_payment_type;  VERIFICANDO O COD DO CLIENTE EM CADA REGISTRO
07-02-2024 17:30:32.894Z;functions.check_payment_type;  CLICA NA PRIMEIRA LINHA DA TABELA
07-02-2024 17:30:40.998Z;functions.check_payment_type;  REF. LANÇAMENTO: 915162
07-02-2024 17:30:41.101Z;functions.check_payment_type;  ENTRANDO NO REGISTRO
07-02-2024 17:30:45.535Z;functions.waitForImage;  INTEGRAÇÃO BANCÁRIA image found.
07-02-2024 17:30:47.683Z;functions.check_payment_type;  CLICA EM INTEGRAÇÃO BANCÁRIA
07-02-2024 17:30:47.683Z;functions.check_payment_type;  VERIFICANDO INFORMAÇÕES
07-02-2024 17:30:50.754Z;functions.waitForImage;  DADOS BANCARIOS image found.
07-02-2024 17:30:50.871Z;functions.check_payment_type;  CLICK EM INTEGRAÇÃO BANCÁRIA
07-02-2024 17:30:52.871Z;functions.check_payment_type;  ENTROU DADOS BANCÁRIOS
07-02-2024 17:30:52.973Z;functions.check_payment_type;  APERTA TAB
07-02-2024 17:30:55.074Z;functions.check_payment_type;  CTRL C
07-02-2024 17:30:56.075Z;functions.check_payment_type;  DESCRICAO CORRETA BOLETO
07-02-2024 17:31:11.441Z;functions.waitForImage;  FORMA DE PAGAMENTO image not found.
07-02-2024 17:31:11.441Z;functions.check_payment_type;  FORMA DE PAGAMENTO NÃO É BOLETO
07-02-2024 17:31:30.379Z;functions.waitForImage;  PRESS BUTTON OK image found.
07-02-2024 17:31:32.495Z;functions.check_payment_type;  PRESS BUTTON OK
07-02-2024 17:31:34.566Z;functions.waitForImage;  PRESS BUTTON OK 2 image found.
07-02-2024 17:31:36.683Z;functions.check_payment_type;  PRESS BUTTON OK 2
07-02-2024 17:31:45.887Z;functions.check_payment_type;  PASSANDO PARA PRÓXIMO REGISTRO
07-02-2024 17:31:55.990Z;functions.check_payment_type;  REF. LANÇAMENTO: 915283
07-02-2024 17:31:56.092Z;functions.check_payment_type;  ENTRANDO NO REGISTRO
07-02-2024 17:31:58.753Z;functions.waitForImage;  INTEGRAÇÃO BANCÁRIA image found.
07-02-2024 17:32:00.870Z;functions.check_payment_type;  CLICA EM INTEGRAÇÃO BANCÁRIA
07-02-2024 17:32:00.870Z;functions.check_payment_type;  VERIFICANDO INFORMAÇÕES
07-02-2024 17:32:03.950Z;functions.waitForImage;  DADOS BANCARIOS image found.
07-02-2024 17:32:04.057Z;functions.check_payment_type;  CLICK EM INTEGRAÇÃO BANCÁRIA
07-02-2024 17:32:06.058Z;functions.check_payment_type;  ENTROU DADOS BANCÁRIOS
07-02-2024 17:32:06.159Z;functions.check_payment_type;  APERTA TAB
07-02-2024 17:32:08.261Z;functions.check_payment_type;  CTRL C
07-02-2024 17:32:09.262Z;functions.check_payment_type;  DESCRICAO CORRETA BOLETO
07-02-2024 17:32:09.316Z;functions.waitForImage;  FORMA DE PAGAMENTO image found.
07-02-2024 17:32:11.331Z;functions.check_payment_type;  FORMA DE PAGAMENTO: TITULO DE COBRANÇA (BOLETO)
07-02-2024 17:32:13.410Z;functions.waitForImage;  PRESS BUTTON OK image found.
07-02-2024 17:32:15.535Z;functions.check_payment_type;  PRESS BUTTON OK
07-02-2024 17:32:17.597Z;functions.waitForImage;  PRESS BUTTON OK 2 image found.
07-02-2024 17:32:19.719Z;functions.check_payment_type;  PRESS BUTTON OK 2
07-02-2024 17:32:28.923Z;functions.check_payment_type;  PASSANDO PARA PRÓXIMO REGISTRO
07-02-2024 17:32:35.644Z;functions.process_lancamentos;  CLICA PARA APARECER CONTA/CAIXA
07-02-2024 17:32:36.363Z;functions.process_lancamentos;  SELECIONA CONTA/CAIXA
07-02-2024 17:32:37.081Z;functions.process_lancamentos;  CLICA NO BOTÃO [...]
07-02-2024 17:32:42.188Z;functions.process_lancamentos;  CLICA NO CAMPO PESQUISA E DIGITA: %3212
07-02-2024 17:32:42.863Z;functions.process_lancamentos;  CLICA NO BOTÃO DO FILTRO
07-02-2024 17:32:43.613Z;functions.process_lancamentos;  CLICA NO BOTÃO OK
07-02-2024 17:32:44.301Z;functions.process_lancamentos;  CLICA NO BOTÃO EXECUTAR
07-02-2024 17:32:59.660Z;functions.waitForImage;  PRESS BUTTON OK image found.
07-02-2024 17:33:01.672Z;functions.process_lancamentos;  O PROCESSAMENTO FOI EXECUTADO COM SUCESSO.
07-02-2024 17:33:04.425Z;functions.process_lancamentos;  CLICK NO LOG APÓS A EXECUÇÃO
07-02-2024 17:33:06.584Z;functions.process_lancamentos;  Lançamento Ref. 915162: Convênio alterado para o convênio default '7' da conta Caixa '02675-5' .
Lançamento Ref. 915283: Convênio alterado para o convênio default '7' da conta Caixa '02675-5' .
Alteração Global de Lançamentos executada com sucesso

07-02-2024 17:33:07.192Z;functions.process_lancamentos;  CLICK EM FECHAR.
07-02-2024 17:35:43.380Z;functions.show_exception_and_exit;  'NoneType' object has no attribute 'click'
Traceback (most recent call last):
  File "C:\Projetos_Remessas\Remessa_Bancaria\main.py", line 158, in <module>
    result = process_lancamentos()
             ^^^^^^^^^^^^^^^^^^^^^
  File "C:\Projetos_Remessas\Remessa_Bancaria\SUBPROGRAMS\functions.py", line 548, in process_lancamentos
    proccess_bordero()
  File "C:\Projetos_Remessas\Remessa_Bancaria\SUBPROGRAMS\functions.py", line 632, in proccess_bordero
    menuitem_inclusao_bordero.click()
    ^^^^^^^^^^^^^^^^^^^^^^^^^^^^^^^
AttributeError: 'NoneType' object has no attribute 'click'
