14-07-2024 01:01:05.375Z;functions.bot_text_art;      ____   
14-07-2024 01:01:05.375Z;functions.bot_text_art;     [____]    
14-07-2024 01:01:05.375Z;functions.bot_text_art;   |=]()()[=|  
14-07-2024 01:01:05.375Z;functions.bot_text_art;     _\==/__    _____    ____     _        _____    ___   _  __
14-07-2024 01:01:05.375Z;functions.bot_text_art;   |__|   |_|  |  _  \  / ___|   | |      |_   _| / ___| | |/ /
14-07-2024 01:01:05.375Z;functions.bot_text_art;   |_|_/\_|_|  | |  | | | |      | |        | |   | |    | ' / 
14-07-2024 01:01:05.375Z;functions.bot_text_art;   | | __ | |  | |  | | | |      | |        | |   | |    |  <  
14-07-2024 01:01:05.375Z;functions.bot_text_art;   |_|[  ]|_|  | |__| | | |____  | |____   _| |_  | |__  | . \ 
14-07-2024 01:01:05.391Z;functions.bot_text_art;   \_|_||_|_/  |_____/   \_____| |______| |_____| \ ___| |_|\_\
14-07-2024 01:01:05.391Z;functions.bot_text_art;     |_||_|                                                     
14-07-2024 01:01:05.391Z;functions.bot_text_art;     | ||_|_   
14-07-2024 01:01:05.391Z;functions.bot_text_art;   |___||___|  
14-07-2024 01:01:05.391Z;functions.bot_text_art;               
14-07-2024 01:01:05.406Z;functions.open_RM;  OPEN PROGRAM RM
14-07-2024 01:01:05.406Z;functions.caps;  DESATIVANDO CAPS
14-07-2024 01:01:05.406Z;functions.loggin_RM;  BUSCANDO LOGGIN RM
14-07-2024 01:01:24.703Z;functions.loggin_RM;  ENTER USER_NAME
14-07-2024 01:01:29.392Z;functions.loggin_RM;  ENTER PASSWORD
14-07-2024 01:01:31.203Z;functions.loggin_RM;  ENTER RM
14-07-2024 01:03:23.891Z;functions.enter_coligada;  CLICK CONTEXTO
14-07-2024 01:03:26.859Z;functions.enter_coligada;  CLICK ALTERAR MODULO DO CONTEXTO
14-07-2024 01:03:31.281Z;functions.enter_coligada;  INSERE O COLIGADA CODE = 1
14-07-2024 01:03:31.388Z;functions.enter_coligada;  APERTA TAB PARA PREENCHER O CAMPO COM A STRING: OCEANICA ENGENHARIA E CONSULTORIA S.A.
14-07-2024 01:03:33.328Z;functions.enter_coligada;  CLICK AVANÇAR NOVAMENTE
14-07-2024 01:03:34.578Z;functions.enter_coligada;  CLICK CONCLUIR
14-07-2024 01:03:54.672Z;functions.waitForImage;  TROCA COLIGADA image not found.
14-07-2024 01:04:12.156Z;functions.enter_coligada;  POP UP COLIGADA DESAPARECER
14-07-2024 01:04:13.109Z;functions.check_movimentacao_bancaria;  CLICK - TOTVS - LINHA RM
14-07-2024 01:04:15.172Z;functions.check_movimentacao_bancaria;  CLICK - BACK OFFICE
14-07-2024 01:04:17.922Z;functions.check_movimentacao_bancaria;  CLICK - GESTAO FINANCEIRA
14-07-2024 01:04:17.922Z;functions.movimentacao_bancaria;  AGUARDANDO 1
14-07-2024 01:04:23.484Z;functions.movimentacao_bancaria;  CLICA NA ABA MOVIMENTAÇÃO BANCARIA
14-07-2024 01:04:24.375Z;functions.waitForImage;  IMAGEM BORDERO image found.
14-07-2024 01:04:26.492Z;functions.movimentacao_bancaria;  IMAGEM BORDERO CLICADA.
14-07-2024 01:04:37.156Z;functions.waitForImage;  LICENCAS EXCEDIDAS image not found.
14-07-2024 01:04:37.859Z;functions.movimentacao_bancaria;  ENCONTROU O FILTRO DA MOVIMENTAÇÃO BANCÁRIA
14-07-2024 01:04:37.953Z;functions.movimentacao_bancaria;  CLICA NA ABA SUPERIOR DO FILTRO
14-07-2024 01:04:45.262Z;functions.movimentacao_bancaria;  SELECIONA O FILTRO HOJE
14-07-2024 01:04:50.453Z;functions.waitForImage;  FILTER CLEAN image found.
14-07-2024 01:04:52.586Z;functions.filter_clean;  CLICA NO BOTÃO X DO LIMPA FILTRO
14-07-2024 01:04:52.766Z;functions.waitForImage;  FILTER CLEAN image found.
14-07-2024 01:04:54.899Z;functions.filter_clean;  CLICA NO BOTÃO X DO LIMPA FILTRO
14-07-2024 01:05:10.234Z;functions.waitForImage;  FILTER CLEAN image not found.
14-07-2024 01:06:23.470Z;functions.movimentacao_bancaria;  SEM PROCESSAMENTO DE BORDERO
14-07-2024 01:06:48.766Z;functions.waitForImage;  FILTER CLEAN image not found.
14-07-2024 01:07:04.047Z;functions.waitForImage;  FILTER CLEAN image not found.
14-07-2024 01:07:19.359Z;functions.waitForImage;  FILTER CLEAN image not found.
14-07-2024 01:07:50.578Z;functions.processo_pagamento;  SEM REMESSA DE BORDERO AUTORIZADO
14-07-2024 01:07:51.683Z;functions.processo_pagamento;  FECHA ABA MOVIMENTAÇÕES BANCÁRIAS
14-07-2024 01:07:53.578Z;functions.enter_contas_a_pagar;  CLICK - TOTVS - LINHA RM
14-07-2024 01:07:55.390Z;functions.enter_contas_a_pagar;  CLICK - BACK OFFICE
14-07-2024 01:07:58.141Z;functions.enter_contas_a_pagar;  CLICK - GESTAO FINANCEIRA
14-07-2024 01:08:03.984Z;functions.enter_contas_a_pagar;  CLICK - CONTAS A PAGAR
14-07-2024 01:08:04.859Z;functions.waitForImage;  LANÇAMENTOS image found.
14-07-2024 01:08:06.992Z;functions.enter_contas_a_pagar;  CLICA EM LANÇAMENTOS
14-07-2024 01:08:22.062Z;functions.waitForImage;  LICENCAS EXCEDIDAS image not found.
14-07-2024 01:08:22.062Z;functions.obter_intervalo_data;  VERIFICANDO A HORA ATUAL 1
14-07-2024 01:08:22.078Z;functions.obter_intervalo_data;  Data Inicial BANCARIA antes da remoção: None
14-07-2024 01:08:22.078Z;functions.obter_intervalo_data;  Data Final BANCARIA antes da remoção: None
14-07-2024 01:08:22.078Z;functions.obter_intervalo_data;  Data Inicial BANCARIA após a remoção: None
14-07-2024 01:08:22.093Z;functions.obter_intervalo_data;  Data Final BANCARIA após a remoção: None
14-07-2024 01:08:22.093Z;functions.obter_intervalo_data;  hoje -  2024-07-14 01:08:22.093956
14-07-2024 01:08:22.093Z;functions.data_filter;  DATA INICIO 17-07-2024
14-07-2024 01:08:22.093Z;functions.data_filter;  DATA FIM 23-07-2024
14-07-2024 01:08:22.093Z;functions.data_filter;  CLICK - SELECIONA A DATA DE QUARTA FEIRA E DA PROXIMA TERÇA
14-07-2024 01:08:22.093Z;functions.data_filter;  QUARTA-FEIRA: 17-07-2024
14-07-2024 01:08:22.093Z;functions.data_filter;  TERCA-FEIRA: 23-07-2024
14-07-2024 01:08:38.935Z;functions.data_filter;  REMESSA BANCÁRIA - FILTRO DIGITADO
14-07-2024 01:08:39.890Z;functions.data_filter;  CLICK - BOTAO DE SELECAO DE FILTRO
14-07-2024 01:08:44.687Z;functions.data_filter;  INSERE - DATA DE QUARTA-FEIRA: 17-07-2024
14-07-2024 01:08:48.893Z;functions.data_filter;  INSERE - DATA DA PROX TERCA-FEIRA: 23-07-2024
14-07-2024 01:08:49.953Z;functions.data_filter;  CLICK - BOTAO DE EXECUTAR O FILTRO
14-07-2024 01:08:54.957Z;functions.desmark_filter;  AGUARDANDO 1
14-07-2024 01:08:57.141Z;functions.desmark_filter;  CLICK CHECKBOX LANÇAMENTOS A RECEBER
14-07-2024 01:08:59.453Z;functions.desmark_filter;  CLICK CHECKBOX LANÇAMENTOS BAIXADOS
14-07-2024 01:09:01.984Z;functions.desmark_filter;  CLICK CHECKBOX LANÇAMENTOS CANCELADOS
14-07-2024 01:09:04.547Z;functions.desmark_filter;  CLICK CHECKBOX LANÇAMENTOS FATURADOS
14-07-2024 01:09:07.203Z;functions.desmark_filter;  CLICK CHECKBOX LANÇAMENTOS FATURADOS
14-07-2024 01:09:12.391Z;functions.waitForImage;  FILTER CLEAN image found.
14-07-2024 01:09:14.525Z;functions.filter_clean;  CLICA NO BOTÃO X DO LIMPA FILTRO
14-07-2024 01:09:29.828Z;functions.waitForImage;  FILTER CLEAN image not found.
14-07-2024 01:09:45.140Z;functions.waitForImage;  FILTER CLEAN image not found.
14-07-2024 01:09:45.140Z;functions.check_table_record;  VERIFICANDO SE A TABELA ESTÁ VAZIA
14-07-2024 01:09:48.313Z;functions.check_table_record;  Texto extraido 0/0
14-07-2024 01:09:48.313Z;functions.check_table_record;  Count 0
14-07-2024 01:09:48.313Z;functions.check_table_record;  Type <class 'int'>
14-07-2024 01:09:48.313Z;functions.check_table_record;  SEM REGISTROS
14-07-2024 01:09:50.317Z;functions.movimentacao_bancaria;  AGUARDANDO 1
14-07-2024 01:09:51.516Z;functions.movimentacao_bancaria;  CLICA NA ABA MOVIMENTAÇÃO BANCARIA
14-07-2024 01:09:51.719Z;functions.waitForImage;  IMAGEM BORDERO image found.
14-07-2024 01:09:53.836Z;functions.movimentacao_bancaria;  IMAGEM BORDERO CLICADA.
14-07-2024 01:10:04.469Z;functions.waitForImage;  LICENCAS EXCEDIDAS image not found.
14-07-2024 01:10:05.188Z;functions.movimentacao_bancaria;  ENCONTROU O FILTRO DA MOVIMENTAÇÃO BANCÁRIA
14-07-2024 01:10:05.234Z;functions.movimentacao_bancaria;  CLICA NA ABA SUPERIOR DO FILTRO
14-07-2024 01:10:12.544Z;functions.movimentacao_bancaria;  SELECIONA O FILTRO HOJE
14-07-2024 01:10:32.781Z;functions.waitForImage;  FILTER CLEAN image not found.
14-07-2024 01:10:48.142Z;functions.waitForImage;  FILTER CLEAN image not found.
14-07-2024 01:11:03.437Z;functions.waitForImage;  FILTER CLEAN image not found.
14-07-2024 01:12:16.959Z;functions.movimentacao_bancaria;  SEM PROCESSAMENTO DE BORDERO
14-07-2024 01:12:42.266Z;functions.waitForImage;  FILTER CLEAN image not found.
14-07-2024 01:12:57.578Z;functions.waitForImage;  FILTER CLEAN image not found.
14-07-2024 01:13:12.891Z;functions.waitForImage;  FILTER CLEAN image not found.
14-07-2024 01:13:44.484Z;functions.processo_pagamento;  SEM REMESSA DE BORDERO AUTORIZADO
14-07-2024 01:13:45.589Z;functions.processo_pagamento;  FECHA ABA MOVIMENTAÇÕES BANCÁRIAS
14-07-2024 01:13:45.589Z;main.<module>;  SEM REMESSA BANCÁRIA
14-07-2024 01:13:45.589Z;main.<module>;  ENCERRANDO O RM
14-07-2024 01:13:48.297Z;errorhandler.__handle;  Property: Unknown Property name. [1:203: -ms-interpolation-mode]
14-07-2024 01:13:48.344Z;errorhandler.__handle;  Property: Unknown Property name. [1:353: -webkit-font-smoothing]
14-07-2024 01:13:48.359Z;errorhandler.__handle;  Property: Unknown Property name. [1:483: -ms-text-size-adjust]
14-07-2024 01:13:48.359Z;errorhandler.__handle;  Property: Unknown Property name. [1:518: -webkit-text-size-adjust]
14-07-2024 01:13:48.359Z;errorhandler.__handle;  Property: Unknown Property name. [1:612: mso-table-lspace]
14-07-2024 01:13:48.359Z;errorhandler.__handle;  Property: Unknown Property name. [1:642: mso-table-rspace]
14-07-2024 01:13:48.594Z;errorhandler.__handle;  Property: Unknown Property name. [1:4734: mso-hide]
14-07-2024 01:13:48.703Z;errorhandler.__handle;  Property: Unknown Property name. [1:13: -ms-interpolation-mode]
14-07-2024 01:13:48.703Z;errorhandler.__handle;  Property: Unknown Property name. [1:49: -webkit-font-smoothing]
14-07-2024 01:13:48.703Z;errorhandler.__handle;  Property: Unknown Property name. [1:134: -ms-text-size-adjust]
14-07-2024 01:13:48.703Z;errorhandler.__handle;  Property: Unknown Property name. [1:160: -webkit-text-size-adjust]
14-07-2024 01:13:48.703Z;errorhandler.__handle;  Property: Unknown Property name. [1:26: mso-table-lspace]
14-07-2024 01:13:48.719Z;errorhandler.__handle;  Property: Unknown Property name. [1:45: mso-table-rspace]
14-07-2024 01:13:48.750Z;errorhandler.__handle;  Property: Unknown Property name. [1:92: mso-hide]
14-07-2024 01:13:48.766Z;errorhandler.__handle;  Property: No ":" after name found: align-center [1:1: align-center]
14-07-2024 01:13:48.766Z;errorhandler.__handle;  Property: No property value found: align-center [1:1: align-center]
14-07-2024 01:13:48.766Z;errorhandler.__handle;  CSSStyleDeclaration: Syntax Error in Property: align-center
14-07-2024 01:13:48.766Z;errorhandler.__handle;  Property: Unknown Property name. [1:14: -ms-interpolation-mode]
14-07-2024 01:13:51.610Z;functions.emailFinalizado;  Warning e-mail sent.
14-07-2024 01:13:51.610Z;main.<module>;  FECHA O PROGRAMA
14-07-2024 01:13:53.624Z;main.<module>;  RM ENCERRADO
