14-08-2024 09:00:59.205Z;functions.bot_text_art;      ____   
14-08-2024 09:00:59.205Z;functions.bot_text_art;     [____]    
14-08-2024 09:00:59.205Z;functions.bot_text_art;   |=]()()[=|  
14-08-2024 09:00:59.205Z;functions.bot_text_art;     _\==/__    _____    ____     _        _____    ___   _  __
14-08-2024 09:00:59.205Z;functions.bot_text_art;   |__|   |_|  |  _  \  / ___|   | |      |_   _| / ___| | |/ /
14-08-2024 09:00:59.205Z;functions.bot_text_art;   |_|_/\_|_|  | |  | | | |      | |        | |   | |    | ' / 
14-08-2024 09:00:59.205Z;functions.bot_text_art;   | | __ | |  | |  | | | |      | |        | |   | |    |  <  
14-08-2024 09:00:59.205Z;functions.bot_text_art;   |_|[  ]|_|  | |__| | | |____  | |____   _| |_  | |__  | . \ 
14-08-2024 09:00:59.221Z;functions.bot_text_art;   \_|_||_|_/  |_____/   \_____| |______| |_____| \ ___| |_|\_\
14-08-2024 09:00:59.221Z;functions.bot_text_art;     |_||_|                                                     
14-08-2024 09:00:59.221Z;functions.bot_text_art;     | ||_|_   
14-08-2024 09:00:59.221Z;functions.bot_text_art;   |___||___|  
14-08-2024 09:00:59.221Z;functions.bot_text_art;               
14-08-2024 09:00:59.221Z;functions.open_RM;  OPEN PROGRAM RM
14-08-2024 09:00:59.221Z;functions.caps;  DESATIVANDO CAPS
14-08-2024 09:00:59.221Z;functions.loggin_RM;  BUSCANDO LOGGIN RM
14-08-2024 09:01:09.955Z;functions.loggin_RM;  ENTER USER_NAME
14-08-2024 09:01:14.161Z;functions.loggin_RM;  ENTER PASSWORD
14-08-2024 09:01:15.174Z;functions.loggin_RM;  ENTER RM
14-08-2024 09:01:38.862Z;functions.enter_coligada;  CLICK CONTEXTO
14-08-2024 09:01:43.611Z;functions.enter_coligada;  CLICK ALTERAR MODULO DO CONTEXTO
14-08-2024 09:01:46.440Z;functions.enter_coligada;  INSERE O COLIGADA CODE = 1
14-08-2024 09:01:46.542Z;functions.enter_coligada;  APERTA TAB PARA PREENCHER O CAMPO COM A STRING: OCEANICA ENGENHARIA E CONSULTORIA S.A.
14-08-2024 09:01:47.861Z;functions.enter_coligada;  CLICK AVANÇAR NOVAMENTE
14-08-2024 09:01:48.895Z;functions.enter_coligada;  CLICK CONCLUIR
14-08-2024 09:02:08.971Z;functions.waitForImage;  TROCA COLIGADA image not found.
14-08-2024 09:02:18.002Z;functions.enter_coligada;  POP UP COLIGADA DESAPARECER
14-08-2024 09:02:18.768Z;functions.check_movimentacao_bancaria;  CLICK - TOTVS - LINHA RM
14-08-2024 09:02:20.080Z;functions.check_movimentacao_bancaria;  CLICK - BACK OFFICE
14-08-2024 09:02:22.549Z;functions.check_movimentacao_bancaria;  CLICK - GESTAO FINANCEIRA
14-08-2024 09:02:22.549Z;functions.movimentacao_bancaria;  AGUARDANDO 1
14-08-2024 09:02:28.205Z;functions.movimentacao_bancaria;  CLICA NA ABA MOVIMENTAÇÃO BANCARIA
14-08-2024 09:02:28.900Z;functions.waitForImage;  IMAGEM BORDERO image found.
14-08-2024 09:02:31.025Z;functions.movimentacao_bancaria;  IMAGEM BORDERO CLICADA.
14-08-2024 09:02:41.205Z;functions.waitForImage;  LICENCAS EXCEDIDAS image not found.
14-08-2024 09:02:41.846Z;functions.movimentacao_bancaria;  ENCONTROU O FILTRO DA MOVIMENTAÇÃO BANCÁRIA
14-08-2024 09:02:41.893Z;functions.movimentacao_bancaria;  CLICA NA ABA SUPERIOR DO FILTRO
14-08-2024 09:02:49.200Z;functions.movimentacao_bancaria;  SELECIONA O FILTRO HOJE
14-08-2024 09:02:54.252Z;functions.waitForImage;  FILTER CLEAN image found.
14-08-2024 09:02:56.369Z;functions.filter_clean;  CLICA NO BOTÃO X DO LIMPA FILTRO
14-08-2024 09:03:11.815Z;functions.waitForImage;  FILTER CLEAN image not found.
14-08-2024 09:03:26.908Z;functions.waitForImage;  FILTER CLEAN image not found.
14-08-2024 09:03:28.111Z;functions.movimentacao_bancaria;  CLICA NA PRIMEIRA LINHA DA TABELA MOVIMENTAÇÃO BANCÁRIA
14-08-2024 09:03:29.127Z;functions.movimentacao_bancaria;  CLICA NA PRIMEIRA LINHA DA TABELA MOVIMENTAÇÃO BANCÁRIA
14-08-2024 09:03:30.340Z;functions.movimentacao_bancaria;  12 PASSOS PARA DIREITA NA TABELA >>
14-08-2024 09:03:31.939Z;functions.movimentacao_bancaria;  HOVER FILTER
14-08-2024 09:03:32.338Z;functions.movimentacao_bancaria;  CLICK FILTER
14-08-2024 09:03:36.658Z;functions.movimentacao_bancaria;  CLICA NO FILTRO  STATUS DA REMESSA
14-08-2024 09:03:38.761Z;functions.movimentacao_bancaria;  APERTA TAB PARA ESCREVER O FILTRO
14-08-2024 09:03:40.866Z;functions.movimentacao_bancaria;  ESCREVE PENDENTE NO FILTRO
14-08-2024 09:03:42.969Z;functions.movimentacao_bancaria;  APERTA ENTER PARA SELECIONAR OS PENDENTES
14-08-2024 09:04:05.221Z;functions.movimentacao_bancaria;  SEM PROCESSAMENTO DE BORDERO PENDENTE
14-08-2024 09:04:15.283Z;functions.waitForImage;  FILTER CLEAN image found.
14-08-2024 09:04:17.399Z;functions.filter_clean;  CLICA NO BOTÃO X DO LIMPA FILTRO
14-08-2024 09:04:32.596Z;functions.waitForImage;  FILTER CLEAN image not found.
14-08-2024 09:04:47.783Z;functions.waitForImage;  FILTER CLEAN image not found.
14-08-2024 09:04:48.988Z;functions.processo_pagamento;  CLICA NA PRIMEIRA LINHA DA TABELA MOVIMENTAÇÃO BANCÁRIA
14-08-2024 09:04:50.486Z;functions.processo_pagamento;  HOVER FILTER
14-08-2024 09:04:50.888Z;functions.processo_pagamento;  CLICK FILTER
14-08-2024 09:04:55.205Z;functions.processo_pagamento;  CLICA NO FILTRO  STATUS DA REMESSA
14-08-2024 09:04:57.307Z;functions.processo_pagamento;  APERTA TAB PARA ESCREVER O FILTRO
14-08-2024 09:04:59.414Z;functions.processo_pagamento;  ESCREVE AUTORIZADO NO FILTRO
14-08-2024 09:05:01.516Z;functions.processo_pagamento;  APERTA ENTER PARA SELECIONAR OS AUTORIZADOS
14-08-2024 09:05:23.752Z;functions.processo_pagamento;  SEM REMESSA DE BORDERO AUTORIZADO
14-08-2024 09:05:24.854Z;functions.processo_pagamento;  FECHA ABA MOVIMENTAÇÕES BANCÁRIAS
14-08-2024 09:05:25.861Z;functions.enter_contas_a_pagar;  CLICK - TOTVS - LINHA RM
14-08-2024 09:05:27.080Z;functions.enter_contas_a_pagar;  CLICK - BACK OFFICE
14-08-2024 09:05:27.892Z;functions.enter_contas_a_pagar;  CLICK - GESTAO FINANCEIRA
14-08-2024 09:05:35.455Z;functions.enter_contas_a_pagar;  CLICK - CONTAS A PAGAR
14-08-2024 09:05:35.533Z;functions.waitForImage;  LANÇAMENTOS image found.
14-08-2024 09:05:37.650Z;functions.enter_contas_a_pagar;  CLICA EM LANÇAMENTOS
14-08-2024 09:05:52.815Z;functions.waitForImage;  LICENCAS EXCEDIDAS image not found.
14-08-2024 09:05:52.815Z;functions.obter_intervalo_data;  VERIFICANDO A HORA ATUAL 9
14-08-2024 09:05:52.830Z;functions.obter_intervalo_data;  Data Inicial BANCARIA antes da remoção: None
14-08-2024 09:05:52.830Z;functions.obter_intervalo_data;  Data Final BANCARIA antes da remoção: None
14-08-2024 09:05:52.846Z;functions.obter_intervalo_data;  Data Inicial BANCARIA após a remoção: None
14-08-2024 09:05:52.846Z;functions.obter_intervalo_data;  Data Final BANCARIA após a remoção: None
14-08-2024 09:05:52.846Z;functions.obter_intervalo_data;  hoje -  2024-08-14 09:05:52.846254
14-08-2024 09:05:52.846Z;functions.data_filter;  DATA INICIO 21-08-2024
14-08-2024 09:05:52.846Z;functions.data_filter;  DATA FIM 27-08-2024
14-08-2024 09:05:52.846Z;functions.data_filter;  CLICK - SELECIONA A DATA DE QUARTA FEIRA E DA PROXIMA TERÇA
14-08-2024 09:05:52.846Z;functions.data_filter;  QUARTA-FEIRA: 21-08-2024
14-08-2024 09:05:52.846Z;functions.data_filter;  TERCA-FEIRA: 27-08-2024
14-08-2024 09:06:09.352Z;functions.data_filter;  REMESSA BANCÁRIA - FILTRO DIGITADO
14-08-2024 09:06:10.142Z;functions.data_filter;  CLICK - BOTAO DE SELECAO DE FILTRO
14-08-2024 09:06:14.220Z;functions.data_filter;  INSERE - DATA DE QUARTA-FEIRA: 21-08-2024
14-08-2024 09:06:18.064Z;functions.data_filter;  INSERE - DATA DA PROX TERCA-FEIRA: 27-08-2024
14-08-2024 09:06:18.955Z;functions.data_filter;  CLICK - BOTAO DE EXECUTAR O FILTRO
14-08-2024 09:06:23.957Z;functions.desmark_filter;  AGUARDANDO 1
14-08-2024 09:06:25.361Z;functions.desmark_filter;  CLICK CHECKBOX LANÇAMENTOS A RECEBER
14-08-2024 09:06:26.752Z;functions.desmark_filter;  CLICK CHECKBOX LANÇAMENTOS BAIXADOS
14-08-2024 09:06:28.041Z;functions.desmark_filter;  CLICK CHECKBOX LANÇAMENTOS CANCELADOS
14-08-2024 09:06:29.643Z;functions.desmark_filter;  CLICK CHECKBOX LANÇAMENTOS FATURADOS
14-08-2024 09:06:31.197Z;functions.desmark_filter;  CLICK CHECKBOX LANÇAMENTOS FATURADOS
14-08-2024 09:06:36.252Z;functions.waitForImage;  FILTER CLEAN image found.
14-08-2024 09:06:38.368Z;functions.filter_clean;  CLICA NO BOTÃO X DO LIMPA FILTRO
14-08-2024 09:06:53.783Z;functions.waitForImage;  FILTER CLEAN image not found.
14-08-2024 09:07:09.142Z;functions.waitForImage;  FILTER CLEAN image not found.
14-08-2024 09:07:09.142Z;functions.check_table_record;  VERIFICANDO SE A TABELA ESTÁ VAZIA
14-08-2024 09:07:10.986Z;functions.check_table_record;  Texto extraido 1/55
14-08-2024 09:07:10.986Z;functions.check_table_record;  Count 55
14-08-2024 09:07:10.986Z;functions.check_table_record;  Type <class 'int'>
14-08-2024 09:07:10.986Z;functions.check_table_record;  TABELA CONTÉM REGISTROS
14-08-2024 09:07:22.321Z;functions.select_tipo_documento;  NOME DA COLUNA: Tipo de Documento
14-08-2024 09:07:23.846Z;functions.select_tipo_documento;  HOVER NOME DA COLUNA: Tipo de Documento
14-08-2024 09:07:24.556Z;functions.select_tipo_documento;  CLICA NO FILTRO PERSONALIZAR
14-08-2024 09:07:25.549Z;functions.select_tipo_documento;  CLICA PARA SELECIONAR OPÇÕES DO FILTRO
14-08-2024 09:07:31.968Z;functions.select_tipo_documento;  FILTRO "NÃO É IGUAL A INV" DEFINIDO
14-08-2024 09:07:32.799Z;functions.select_tipo_documento;  CLICK BUTTON CONFIRMAR FILTRO
14-08-2024 09:07:37.801Z;functions.filter_IPTE;  VERIFICANDO O COD DO CLIENTE EM CADA REGISTRO
14-08-2024 09:07:38.924Z;functions.filter_IPTE;  CLICA NA PRIMEIRA LINHA DA TABELA
14-08-2024 09:07:59.752Z;functions.filter_IPTE;  HOVER FILTER
14-08-2024 09:08:00.619Z;functions.filter_IPTE;  CLICK FILTER
14-08-2024 09:08:04.934Z;functions.filter_IPTE;  CLICA NO FILTRO PERSONALIZAR
14-08-2024 09:08:10.856Z;functions.filter_IPTE;  TABELA CONTÉM REGISTROS
14-08-2024 09:08:13.258Z;functions.check_table_record;  VERIFICANDO SE A TABELA ESTÁ VAZIA
14-08-2024 09:08:15.017Z;functions.check_table_record;  Texto extraido 1/2
14-08-2024 09:08:15.017Z;functions.check_table_record;  Count 2
14-08-2024 09:08:15.017Z;functions.check_table_record;  Type <class 'int'>
14-08-2024 09:08:15.017Z;functions.check_table_record;  TABELA CONTÉM REGISTROS
14-08-2024 09:08:15.017Z;functions.check_payment_type;  VERIFICANDO O COD DO CLIENTE EM CADA REGISTRO
14-08-2024 09:08:16.048Z;functions.check_payment_type;  CLICA NA PRIMEIRA LINHA DA TABELA
14-08-2024 09:08:16.048Z;functions.check_payment_type;  CONTAGEM: 1
14-08-2024 09:08:20.153Z;functions.check_payment_type;  REF. LANÇAMENTO: 992287
14-08-2024 09:08:24.065Z;functions.check_payment_type;  DATA PREVISÃO DE BAIXA: 21/08/2024
14-08-2024 09:08:26.877Z;functions.check_payment_type;  {'referencia': '992287', 'data': '21/08/2024'}
14-08-2024 09:08:26.979Z;functions.check_payment_type;  ENTRANDO NO REGISTRO
14-08-2024 09:08:36.392Z;functions.waitForImage;  INTEGRAÇÃO BANCÁRIA image found.
14-08-2024 09:08:38.525Z;functions.check_payment_type;  CLICA EM INTEGRAÇÃO BANCÁRIA
14-08-2024 09:08:38.525Z;functions.check_payment_type;  VERIFICANDO INFORMAÇÕES
14-08-2024 09:08:41.611Z;functions.waitForImage;  DADOS BANCARIOS image found.
14-08-2024 09:08:41.744Z;functions.check_payment_type;  DADOS BANCARIOS
14-08-2024 09:08:51.745Z;functions.check_payment_type;  ENTROU DADOS BANCÁRIOS
14-08-2024 09:08:51.847Z;functions.check_payment_type;  APERTA TAB
14-08-2024 09:08:53.959Z;functions.check_payment_type;  ESCREVE BOLETO
14-08-2024 09:08:54.048Z;functions.waitForImage;  PRESS BUTTON OK image found.
14-08-2024 09:08:56.180Z;functions.click_ok;  PRESS BUTTON OK
14-08-2024 09:09:00.267Z;functions.waitForImage;  PRESS BUTTON OK image found.
14-08-2024 09:09:02.401Z;functions.click_ok;  PRESS BUTTON OK
14-08-2024 09:09:04.503Z;functions.check_payment_type;  INCLUIDOS: 992287 REFERENCIAS NO PROCESSAMENTO
14-08-2024 09:09:06.605Z;functions.check_payment_type;  PASSANDO PARA PRÓXIMO REGISTRO
14-08-2024 09:09:08.605Z;functions.check_payment_type;  CONTAGEM: 2
14-08-2024 09:09:12.709Z;functions.check_payment_type;  REF. LANÇAMENTO: 992301
14-08-2024 09:09:16.634Z;functions.check_payment_type;  DATA PREVISÃO DE BAIXA: 21/08/2024
14-08-2024 09:09:19.445Z;functions.check_payment_type;  {'referencia': '992301', 'data': '21/08/2024'}
14-08-2024 09:09:19.547Z;functions.check_payment_type;  ENTRANDO NO REGISTRO
14-08-2024 09:09:23.642Z;functions.waitForImage;  INTEGRAÇÃO BANCÁRIA image found.
14-08-2024 09:09:25.775Z;functions.check_payment_type;  CLICA EM INTEGRAÇÃO BANCÁRIA
14-08-2024 09:09:25.775Z;functions.check_payment_type;  VERIFICANDO INFORMAÇÕES
14-08-2024 09:09:28.845Z;functions.waitForImage;  DADOS BANCARIOS image found.
14-08-2024 09:09:28.962Z;functions.check_payment_type;  DADOS BANCARIOS
14-08-2024 09:09:38.963Z;functions.check_payment_type;  ENTROU DADOS BANCÁRIOS
14-08-2024 09:09:39.064Z;functions.check_payment_type;  APERTA TAB
14-08-2024 09:09:41.176Z;functions.check_payment_type;  ESCREVE BOLETO
14-08-2024 09:09:41.252Z;functions.waitForImage;  PRESS BUTTON OK image found.
14-08-2024 09:09:43.368Z;functions.click_ok;  PRESS BUTTON OK
14-08-2024 09:09:47.439Z;functions.waitForImage;  PRESS BUTTON OK image found.
14-08-2024 09:09:49.556Z;functions.click_ok;  PRESS BUTTON OK
14-08-2024 09:09:51.658Z;functions.check_payment_type;  INCLUIDOS: 992301 REFERENCIAS NO PROCESSAMENTO
14-08-2024 09:09:51.658Z;functions.check_payment_type;  FORAM INCLUIDOS: 2 REFERENCIAS NO PROCESSAMENTO
14-08-2024 09:09:56.549Z;functions.process_lancamentos;  CLICA PARA APARECER CONTA/CAIXA
14-08-2024 09:09:57.456Z;functions.process_lancamentos;  SELECIONA CONTA/CAIXA
14-08-2024 09:09:58.423Z;functions.process_lancamentos;  CLICA NO BOTÃO [...]
14-08-2024 09:09:59.986Z;functions.process_lancamentos;  CLICA NA CAIXA DE SELEÇÃO
14-08-2024 09:10:00.986Z;functions.process_lancamentos;  CLICA EM CODIGO
14-08-2024 09:10:06.090Z;functions.process_lancamentos;  CLICA NO CAMPO PESQUISA E DIGITA: %3212
14-08-2024 09:10:07.048Z;functions.process_lancamentos;  CLICA NO BOTÃO DO FILTRO
14-08-2024 09:10:08.049Z;functions.process_lancamentos;  CLICA NO BOTÃO OK
14-08-2024 09:10:08.986Z;functions.process_lancamentos;  CLICA NO BOTÃO EXECUTAR
14-08-2024 09:10:20.954Z;functions.waitForImage;  PRESS BUTTON OK image found.
14-08-2024 09:10:22.961Z;functions.process_lancamentos;  O PROCESSAMENTO FOI EXECUTADO COM SUCESSO.
14-08-2024 09:10:30.255Z;functions.process_lancamentos;  LOG: Lançamento Ref. 992287: Convênio alterado para o convênio default '13' da conta Caixa '13001867-9' .
Lançamento Ref. 992301: Convênio alterado para o convênio default '13' da conta Caixa '13001867-9' .
Alteração Global de Lançamentos executada com sucesso

14-08-2024 09:10:31.052Z;functions.process_lancamentos;  CLICK EM FECHAR.
14-08-2024 09:10:57.376Z;functions.proccess_bordero;  ctrl+p
14-08-2024 09:10:59.478Z;functions.proccess_bordero;  down
14-08-2024 09:11:01.579Z;functions.proccess_bordero;  down
14-08-2024 09:11:03.681Z;functions.proccess_bordero;  right
14-08-2024 09:11:05.783Z;functions.proccess_bordero;  enter
14-08-2024 09:11:07.784Z;functions.proccess_bordero;  SELECIONAR INCLUSÃO DE BORDERO
14-08-2024 09:11:27.894Z;functions.waitForImage;  PRESS BUTON SIM image not found.
14-08-2024 09:12:30.111Z;functions.proccess_bordero;  CLICA EM EXECUTAR NA INCLUSÃO DO BORDÊRO
14-08-2024 09:12:50.111Z;functions.waitForImage;  PRESS BUTTON OK image found.
14-08-2024 09:12:52.123Z;functions.proccess_bordero;  O PROCESSAMENTO DO BORDERO FOI EXECUTADO COM SUCESSO.
14-08-2024 09:12:55.454Z;functions.proccess_bordero;  COPIA O LOG DO PROCESSAMENTO DO BORDERO
14-08-2024 09:12:55.454Z;functions.proccess_bordero;  Borderô gerado com sucesso.

14-08-2024 09:12:58.267Z;functions.proccess_bordero;  CLICK EM FECHAR.
14-08-2024 09:13:00.269Z;functions.movimentacao_bancaria;  AGUARDANDO 1
14-08-2024 09:13:02.017Z;functions.movimentacao_bancaria;  CLICA NA ABA MOVIMENTAÇÃO BANCARIA
14-08-2024 09:13:02.111Z;functions.waitForImage;  IMAGEM BORDERO image found.
14-08-2024 09:13:04.244Z;functions.movimentacao_bancaria;  IMAGEM BORDERO CLICADA.
14-08-2024 09:13:14.423Z;functions.waitForImage;  LICENCAS EXCEDIDAS image not found.
14-08-2024 09:13:15.048Z;functions.movimentacao_bancaria;  ENCONTROU O FILTRO DA MOVIMENTAÇÃO BANCÁRIA
14-08-2024 09:13:15.080Z;functions.movimentacao_bancaria;  CLICA NA ABA SUPERIOR DO FILTRO
14-08-2024 09:13:22.385Z;functions.movimentacao_bancaria;  SELECIONA O FILTRO HOJE
14-08-2024 09:13:27.439Z;functions.waitForImage;  FILTER CLEAN image found.
14-08-2024 09:13:29.556Z;functions.filter_clean;  CLICA NO BOTÃO X DO LIMPA FILTRO
14-08-2024 09:13:44.751Z;functions.waitForImage;  FILTER CLEAN image not found.
14-08-2024 09:13:59.908Z;functions.waitForImage;  FILTER CLEAN image not found.
14-08-2024 09:14:01.048Z;functions.movimentacao_bancaria;  CLICA NA PRIMEIRA LINHA DA TABELA MOVIMENTAÇÃO BANCÁRIA
14-08-2024 09:14:02.167Z;functions.movimentacao_bancaria;  CLICA NA PRIMEIRA LINHA DA TABELA MOVIMENTAÇÃO BANCÁRIA
14-08-2024 09:14:03.385Z;functions.movimentacao_bancaria;  12 PASSOS PARA DIREITA NA TABELA >>
14-08-2024 09:14:05.001Z;functions.movimentacao_bancaria;  HOVER FILTER
14-08-2024 09:14:05.430Z;functions.movimentacao_bancaria;  CLICK FILTER
14-08-2024 09:14:09.746Z;functions.movimentacao_bancaria;  CLICA NO FILTRO  STATUS DA REMESSA
14-08-2024 09:14:11.847Z;functions.movimentacao_bancaria;  APERTA TAB PARA ESCREVER O FILTRO
14-08-2024 09:14:13.954Z;functions.movimentacao_bancaria;  ESCREVE PENDENTE NO FILTRO
14-08-2024 09:14:16.055Z;functions.movimentacao_bancaria;  APERTA ENTER PARA SELECIONAR OS PENDENTES
14-08-2024 09:14:23.018Z;functions.movimentacao_bancaria;  SELECIONA TODAS AS TUPLAS COM STATUS PENDENTE
14-08-2024 09:14:25.121Z;functions.movimentacao_bancaria;  CLICA EM PROCESSOS
14-08-2024 09:14:27.222Z;functions.movimentacao_bancaria;  APERTA PARA BAIXO
14-08-2024 09:14:29.324Z;functions.movimentacao_bancaria;  APERTA ENTER
14-08-2024 09:14:32.204Z;functions.movimentacao_bancaria;  CLICK EM EXECUTAR BORDERO DE PAGAMENTO
14-08-2024 09:14:46.017Z;functions.waitForImage;  PRESS BUTTON OK image found.
14-08-2024 09:14:46.017Z;functions.movimentacao_bancaria;  O PROCESSAMENTO DE AUTORIZAÇÃO DO BORDERO FOI EXECUTADO COM SUCESSO.
14-08-2024 09:14:46.830Z;functions.movimentacao_bancaria;  CLICK EM FECHAR.
14-08-2024 09:14:56.907Z;functions.waitForImage;  FILTER CLEAN image found.
14-08-2024 09:14:59.056Z;functions.filter_clean;  CLICA NO BOTÃO X DO LIMPA FILTRO
14-08-2024 09:15:14.283Z;functions.waitForImage;  FILTER CLEAN image not found.
14-08-2024 09:15:29.314Z;functions.waitForImage;  FILTER CLEAN image not found.
14-08-2024 09:15:48.513Z;functions.processo_pagamento;  12 PASSOS PARA ESQUERDA NA TABELA >>
14-08-2024 09:15:50.173Z;functions.processo_pagamento;  HOVER FILTER
14-08-2024 09:15:50.568Z;functions.processo_pagamento;  CLICK FILTER
14-08-2024 09:15:54.882Z;functions.processo_pagamento;  CLICA NO FILTRO  STATUS DA REMESSA
14-08-2024 09:15:56.984Z;functions.processo_pagamento;  APERTA TAB PARA ESCREVER O FILTRO
14-08-2024 09:15:59.092Z;functions.processo_pagamento;  ESCREVE AUTORIZADO NO FILTRO
14-08-2024 09:16:01.193Z;functions.processo_pagamento;  APERTA ENTER PARA SELECIONAR OS AUTORIZADOS
14-08-2024 09:16:07.833Z;functions.processo_pagamento;  6 PASSOS PARA ESQUERDA NA TABELA <<
14-08-2024 09:16:09.532Z;functions.check_user_bot;  Texto extraido 1/1
14-08-2024 09:16:09.532Z;functions.check_user_bot;  Count 1
14-08-2024 09:16:09.532Z;functions.check_user_bot;  Type <class 'int'>
14-08-2024 09:16:11.649Z;functions.check_user_bot;  CHECK USER BOT 1
14-08-2024 09:16:13.649Z;functions.check_user_bot;  dclick
14-08-2024 09:16:16.358Z;functions.check_user_bot;  7 PASSOS PARA DIREITA NA TABELA >>
14-08-2024 09:16:20.461Z;functions.check_user_bot;  033 / 4418 / 130018679 - SANTANDER
14-08-2024 09:16:20.461Z;functions.check_user_bot;  033 ENCONTRADO
14-08-2024 09:16:22.665Z;functions.check_user_bot;  CLICA EM PROCESSOS
14-08-2024 09:16:24.767Z;functions.check_user_bot;  APERTA PARA BAIXO 1
14-08-2024 09:16:26.868Z;functions.check_user_bot;  APERTA PARA BAIXO 2
14-08-2024 09:16:28.969Z;functions.check_user_bot;  APERTA PARA BAIXO 3
14-08-2024 09:16:31.071Z;functions.check_user_bot;  APERTA ENTER
14-08-2024 09:16:33.954Z;functions.check_user_bot;  CLICA EM REMESSAS DE PAGAMENTO
14-08-2024 09:16:48.517Z;functions.check_user_bot;  CLICA EM AVANÇAR
14-08-2024 09:16:49.423Z;functions.check_user_bot;  DESMARCA CHECKBOX PARA SALVAR ARQUIVO DE REMESSA
14-08-2024 09:16:50.267Z;functions.check_user_bot;  CLICA EM AVANCAR PARA CONCLUIR
14-08-2024 09:16:51.298Z;functions.check_user_bot;  CLICA EM EXECUTAR
14-08-2024 09:17:07.423Z;functions.waitForImage;  PRESS BUTTON OK image found.
14-08-2024 09:17:09.425Z;functions.check_user_bot;  O PROCESSAMENTO DE AUTORIZAÇÃO DO BORDERO FOI EXECUTADO COM SUCESSO.
14-08-2024 09:17:13.126Z;functions.check_user_bot;  ===========================================================================================================
LANÇAMENTOS ENVIADOS PARA REMESSA PAGAMENTO
Coligada: 1
ID Remessa: 11
Convênio: 13
Data: 14/08/2024 09:17:05
Borderô remetidos: 1
===========================================================================================================
Borderô: 1-10714

Lançamentos remetidos no Borderô:
Lancamento 1-992287
Lancamento 1-992301
----------------------------------------------------------------------------------------------------------


14-08-2024 09:17:19.331Z;functions.check_user_bot;  ENTER EM FECHAR.
14-08-2024 09:17:21.332Z;functions.obter_intervalo_data;  VERIFICANDO A HORA ATUAL 9
14-08-2024 09:17:21.332Z;functions.obter_intervalo_data;  Data Inicial BANCARIA antes da remoção: None
14-08-2024 09:17:21.332Z;functions.obter_intervalo_data;  Data Final BANCARIA antes da remoção: None
14-08-2024 09:17:21.332Z;functions.obter_intervalo_data;  Data Inicial BANCARIA após a remoção: None
14-08-2024 09:17:21.332Z;functions.obter_intervalo_data;  Data Final BANCARIA após a remoção: None
14-08-2024 09:17:21.332Z;functions.obter_intervalo_data;  hoje -  2024-08-14 09:17:21.332104
14-08-2024 09:17:21.332Z;functions.rename_arq;  CLICK - SELECIONA A DATA DE QUARTA FEIRA E DA PROXIMA TERÇA
14-08-2024 09:17:21.332Z;functions.rename_arq;  QUARTA-FEIRA: 21-08-2024
14-08-2024 09:17:21.332Z;functions.rename_arq;  TERCA-FEIRA: 27-08-2024
14-08-2024 09:17:21.407Z;functions.rename_arq;  A PRÓXIMA LETRA SERÁ: B
14-08-2024 09:17:21.407Z;functions.rename_arq;  NOME ARQUIVO: B212724B.txt
14-08-2024 09:17:21.407Z;functions.rename_arq;  Arquivo renomeado com sucesso para SANT212724B.txt
14-08-2024 09:17:21.423Z;functions.excel;  Criando EXCEL
14-08-2024 09:17:21.423Z;functions.excel;  Referencia - Data Prev Baixa
14-08-2024 09:17:21.439Z;functions.excel;  EXCEL Criado
14-08-2024 09:17:23.845Z;errorhandler.__handle;  Selector: Unexpected CHAR. [1:1: <]
14-08-2024 09:17:23.845Z;errorhandler.__handle;  Selector: Unexpected CHAR. [1:108: <]
14-08-2024 09:17:23.860Z;errorhandler.__handle;  SelectorList: Invalid Selector: <br>        /* ------------------------------------- GLOBAL RESETS ------------------------------------- */<br>        img 
14-08-2024 09:17:23.860Z;errorhandler.__handle;  CSSStyleDeclaration: Unexpected token, ignoring upto '<br>            border: none;'. [1:125: <]
14-08-2024 09:17:23.860Z;errorhandler.__handle;  CSSStyleDeclaration: Unexpected token, ignoring upto '<br>            -ms-interpolation-mode: bicubic;'. [1:154: <]
14-08-2024 09:17:23.860Z;errorhandler.__handle;  CSSStyleDeclaration: Unexpected token, ignoring upto '<br>            max-width: 100%;'. [1:202: <]
14-08-2024 09:17:23.860Z;errorhandler.__handle;  CSSStyleDeclaration: Unexpected token, ignoring upto '<br>        '. [1:234: <]
14-08-2024 09:17:23.860Z;errorhandler.__handle;  Selector: Unexpected CHAR. [1:247: <]
14-08-2024 09:17:23.860Z;errorhandler.__handle;  Selector: Unexpected CHAR. [1:251: <]
14-08-2024 09:17:23.860Z;errorhandler.__handle;  SelectorList: Invalid Selector: <br><br>        body 
14-08-2024 09:17:23.860Z;errorhandler.__handle;  CSSStyleDeclaration: Unexpected token, ignoring upto '<br>            background-color: #f6f6f6;'. [1:269: <]
14-08-2024 09:17:23.860Z;errorhandler.__handle;  CSSStyleDeclaration: Unexpected token, ignoring upto '<br>            font-family: sans-serif;'. [1:311: <]
14-08-2024 09:17:23.860Z;errorhandler.__handle;  CSSStyleDeclaration: Unexpected token, ignoring upto '<br>            -webkit-font-smoothing: antialiased;'. [1:351: <]
14-08-2024 09:17:23.860Z;errorhandler.__handle;  CSSStyleDeclaration: Unexpected token, ignoring upto '<br>            font-size: 14px;'. [1:403: <]
14-08-2024 09:17:23.860Z;errorhandler.__handle;  CSSStyleDeclaration: Unexpected token, ignoring upto '<br>            line-height: 1.4;'. [1:435: <]
14-08-2024 09:17:23.860Z;errorhandler.__handle;  CSSStyleDeclaration: Unexpected token, ignoring upto '<br>            margin: 0;'. [1:468: <]
14-08-2024 09:17:23.860Z;errorhandler.__handle;  CSSStyleDeclaration: Unexpected token, ignoring upto '<br>            padding: 0;'. [1:494: <]
14-08-2024 09:17:23.860Z;errorhandler.__handle;  CSSStyleDeclaration: Unexpected token, ignoring upto '<br>            -ms-text-size-adjust: 100%;'. [1:521: <]
14-08-2024 09:17:23.860Z;errorhandler.__handle;  CSSStyleDeclaration: Unexpected token, ignoring upto '<br>            -webkit-text-size-adjust: 100%;'. [1:564: <]
14-08-2024 09:17:23.860Z;errorhandler.__handle;  CSSStyleDeclaration: Unexpected token, ignoring upto '<br>        '. [1:611: <]
14-08-2024 09:17:23.860Z;errorhandler.__handle;  Selector: Unexpected CHAR. [1:624: <]
14-08-2024 09:17:23.860Z;errorhandler.__handle;  Selector: Unexpected CHAR. [1:628: <]
14-08-2024 09:17:23.860Z;errorhandler.__handle;  SelectorList: Invalid Selector: <br><br>        table 
14-08-2024 09:17:23.860Z;errorhandler.__handle;  CSSStyleDeclaration: Unexpected token, ignoring upto '<br>            border-collapse: separate;'. [1:647: <]
14-08-2024 09:17:23.860Z;errorhandler.__handle;  CSSStyleDeclaration: Unexpected token, ignoring upto '<br>            mso-table-lspace: 0pt;'. [1:689: <]
14-08-2024 09:17:23.860Z;errorhandler.__handle;  CSSStyleDeclaration: Unexpected token, ignoring upto '<br>            mso-table-rspace: 0pt;'. [1:727: <]
14-08-2024 09:17:23.860Z;errorhandler.__handle;  CSSStyleDeclaration: Unexpected token, ignoring upto '<br>            width: 100%;'. [1:765: <]
14-08-2024 09:17:23.860Z;errorhandler.__handle;  CSSStyleDeclaration: Unexpected token, ignoring upto '<br>        '. [1:793: <]
14-08-2024 09:17:23.860Z;errorhandler.__handle;  Selector: Unexpected CHAR. [1:806: <]
14-08-2024 09:17:23.860Z;errorhandler.__handle;  Selector: Unexpected CHAR. [1:810: <]
14-08-2024 09:17:23.860Z;errorhandler.__handle;  SelectorList: Invalid Selector: <br><br>        table td 
14-08-2024 09:17:23.860Z;errorhandler.__handle;  CSSStyleDeclaration: Unexpected token, ignoring upto '<br>            font-family: sans-serif;'. [1:832: <]
14-08-2024 09:17:23.860Z;errorhandler.__handle;  CSSStyleDeclaration: Unexpected token, ignoring upto '<br>            font-size: 14px;'. [1:872: <]
14-08-2024 09:17:23.860Z;errorhandler.__handle;  CSSStyleDeclaration: Unexpected token, ignoring upto '<br>            vertical-align: top;'. [1:904: <]
14-08-2024 09:17:23.860Z;errorhandler.__handle;  CSSStyleDeclaration: Unexpected token, ignoring upto '<br>        '. [1:940: <]
14-08-2024 09:17:23.860Z;errorhandler.__handle;  Selector: Unexpected CHAR. [1:953: <]
14-08-2024 09:17:23.860Z;errorhandler.__handle;  Selector: Unexpected CHAR. [1:957: <]
14-08-2024 09:17:23.860Z;errorhandler.__handle;  Selector: Unexpected CHAR. [1:1067: <]
14-08-2024 09:17:23.860Z;errorhandler.__handle;  SelectorList: Invalid Selector: <br><br>        /* ------------------------------------- BODY & CONTAINER ------------------------------------- */<br>        .body 
14-08-2024 09:17:23.860Z;errorhandler.__handle;  CSSStyleDeclaration: Unexpected token, ignoring upto '<br>            background-color: #f6f6f6;'. [1:1086: <]
14-08-2024 09:17:23.860Z;errorhandler.__handle;  CSSStyleDeclaration: Unexpected token, ignoring upto '<br>            width: 100%;'. [1:1128: <]
14-08-2024 09:17:23.860Z;errorhandler.__handle;  CSSStyleDeclaration: Unexpected token, ignoring upto '<br>        '. [1:1156: <]
14-08-2024 09:17:23.860Z;errorhandler.__handle;  Selector: Unexpected CHAR. [1:1169: <]
14-08-2024 09:17:23.860Z;errorhandler.__handle;  Selector: Unexpected CHAR. [1:1173: <]
14-08-2024 09:17:23.860Z;errorhandler.__handle;  SelectorList: Invalid Selector: <br><br>        .container 
14-08-2024 09:17:23.860Z;errorhandler.__handle;  CSSStyleDeclaration: Unexpected token, ignoring upto '<br>            display: block;'. [1:1197: <]
14-08-2024 09:17:23.860Z;errorhandler.__handle;  CSSStyleDeclaration: Unexpected token, ignoring upto '<br>            margin: 0 auto !'. [1:1228: <]
14-08-2024 09:17:23.860Z;errorhandler.__handle;  Property: No ":" after name found: important [1:1260: important]
14-08-2024 09:17:23.860Z;errorhandler.__handle;  Property: No property value found: important [1:1260: important]
14-08-2024 09:17:23.860Z;errorhandler.__handle;  CSSStyleDeclaration: Syntax Error in Property: important
14-08-2024 09:17:23.860Z;errorhandler.__handle;  CSSStyleDeclaration: Unexpected token, ignoring upto '<br>            /* makes it centered */<br>            max-width: 580px;'. [1:1270: <]
14-08-2024 09:17:23.860Z;errorhandler.__handle;  CSSStyleDeclaration: Unexpected token, ignoring upto '<br>            padding: 10px;'. [1:1342: <]
14-08-2024 09:17:23.860Z;errorhandler.__handle;  CSSStyleDeclaration: Unexpected token, ignoring upto '<br>            width: 580px;'. [1:1372: <]
14-08-2024 09:17:23.860Z;errorhandler.__handle;  CSSStyleDeclaration: Unexpected token, ignoring upto '<br>        '. [1:1401: <]
14-08-2024 09:17:23.860Z;errorhandler.__handle;  Selector: Unexpected CHAR. [1:1414: <]
14-08-2024 09:17:23.860Z;errorhandler.__handle;  Selector: Unexpected CHAR. [1:1418: <]
14-08-2024 09:17:23.860Z;errorhandler.__handle;  SelectorList: Invalid Selector: <br><br>        .content 
14-08-2024 09:17:23.860Z;errorhandler.__handle;  CSSStyleDeclaration: Unexpected token, ignoring upto '<br>            box-sizing: border-box;'. [1:1440: <]
14-08-2024 09:17:23.860Z;errorhandler.__handle;  CSSStyleDeclaration: Unexpected token, ignoring upto '<br>            display: block;'. [1:1479: <]
14-08-2024 09:17:23.860Z;errorhandler.__handle;  CSSStyleDeclaration: Unexpected token, ignoring upto '<br>            margin: 0 auto;'. [1:1510: <]
14-08-2024 09:17:23.860Z;errorhandler.__handle;  CSSStyleDeclaration: Unexpected token, ignoring upto '<br>            max-width: 580px;'. [1:1541: <]
14-08-2024 09:17:23.860Z;errorhandler.__handle;  CSSStyleDeclaration: Unexpected token, ignoring upto '<br>            padding: 10px;'. [1:1574: <]
14-08-2024 09:17:23.860Z;errorhandler.__handle;  CSSStyleDeclaration: Unexpected token, ignoring upto '<br>        '. [1:1604: <]
14-08-2024 09:17:23.860Z;errorhandler.__handle;  Selector: Unexpected CHAR. [1:1617: <]
14-08-2024 09:17:23.860Z;errorhandler.__handle;  Selector: Unexpected CHAR. [1:1621: <]
14-08-2024 09:17:23.860Z;errorhandler.__handle;  Selector: Unexpected CHAR. [1:1735: <]
14-08-2024 09:17:23.860Z;errorhandler.__handle;  SelectorList: Invalid Selector: <br><br>        /* ------------------------------------- HEADER, FOOTER, MAIN ------------------------------------- */<br>        .main 
14-08-2024 09:17:23.860Z;errorhandler.__handle;  CSSStyleDeclaration: Unexpected token, ignoring upto '<br>            background: #ffffff;'. [1:1754: <]
14-08-2024 09:17:23.860Z;errorhandler.__handle;  CSSStyleDeclaration: Unexpected token, ignoring upto '<br>            border-radius: 3px;'. [1:1790: <]
14-08-2024 09:17:23.860Z;errorhandler.__handle;  CSSStyleDeclaration: Unexpected token, ignoring upto '<br>            width: 100%;'. [1:1825: <]
14-08-2024 09:17:23.860Z;errorhandler.__handle;  CSSStyleDeclaration: Unexpected token, ignoring upto '<br>        '. [1:1853: <]
14-08-2024 09:17:23.860Z;errorhandler.__handle;  Selector: Unexpected CHAR. [1:1866: <]
14-08-2024 09:17:23.860Z;errorhandler.__handle;  Selector: Unexpected CHAR. [1:1870: <]
14-08-2024 09:17:23.860Z;errorhandler.__handle;  SelectorList: Invalid Selector: <br><br>        .wrapper 
14-08-2024 09:17:23.860Z;errorhandler.__handle;  CSSStyleDeclaration: Unexpected token, ignoring upto '<br>            box-sizing: border-box;'. [1:1892: <]
14-08-2024 09:17:23.860Z;errorhandler.__handle;  CSSStyleDeclaration: Unexpected token, ignoring upto '<br>            padding: 20px;'. [1:1931: <]
14-08-2024 09:17:23.860Z;errorhandler.__handle;  CSSStyleDeclaration: Unexpected token, ignoring upto '<br>        '. [1:1961: <]
14-08-2024 09:17:23.860Z;errorhandler.__handle;  Selector: Unexpected CHAR. [1:1974: <]
14-08-2024 09:17:23.860Z;errorhandler.__handle;  Selector: Unexpected CHAR. [1:1978: <]
14-08-2024 09:17:23.860Z;errorhandler.__handle;  SelectorList: Invalid Selector: <br><br>        .content-block 
14-08-2024 09:17:23.860Z;errorhandler.__handle;  CSSStyleDeclaration: Unexpected token, ignoring upto '<br>            padding-bottom: 10px;'. [1:2006: <]
14-08-2024 09:17:23.860Z;errorhandler.__handle;  CSSStyleDeclaration: Unexpected token, ignoring upto '<br>            padding-top: 10px;'. [1:2043: <]
14-08-2024 09:17:23.860Z;errorhandler.__handle;  CSSStyleDeclaration: Unexpected token, ignoring upto '<br>        '. [1:2077: <]
14-08-2024 09:17:23.860Z;errorhandler.__handle;  Selector: Unexpected CHAR. [1:2090: <]
14-08-2024 09:17:23.860Z;errorhandler.__handle;  Selector: Unexpected CHAR. [1:2094: <]
14-08-2024 09:17:23.860Z;errorhandler.__handle;  SelectorList: Invalid Selector: <br><br>        .footer 
14-08-2024 09:17:23.860Z;errorhandler.__handle;  CSSStyleDeclaration: Unexpected token, ignoring upto '<br>            clear: both;'. [1:2115: <]
14-08-2024 09:17:23.860Z;errorhandler.__handle;  CSSStyleDeclaration: Unexpected token, ignoring upto '<br>            margin-top: 10px;'. [1:2143: <]
14-08-2024 09:17:23.860Z;errorhandler.__handle;  CSSStyleDeclaration: Unexpected token, ignoring upto '<br>            text-align: center;'. [1:2176: <]
14-08-2024 09:17:23.860Z;errorhandler.__handle;  CSSStyleDeclaration: Unexpected token, ignoring upto '<br>            width: 100%;'. [1:2211: <]
14-08-2024 09:17:23.860Z;errorhandler.__handle;  CSSStyleDeclaration: Unexpected token, ignoring upto '<br>        '. [1:2239: <]
14-08-2024 09:17:23.860Z;errorhandler.__handle;  Selector: Unexpected CHAR. [1:2252: <]
14-08-2024 09:17:23.860Z;errorhandler.__handle;  Selector: Unexpected CHAR. [1:2256: <]
14-08-2024 09:17:23.860Z;errorhandler.__handle;  SelectorList: Invalid Selector: <br><br>        .footer td
14-08-2024 09:17:23.860Z;errorhandler.__handle;  Selector: Unexpected CHAR. [1:2279: <]
14-08-2024 09:17:23.860Z;errorhandler.__handle;  SelectorList: Invalid Selector: <br>        .footer p
14-08-2024 09:17:23.860Z;errorhandler.__handle;  Selector: Unexpected CHAR. [1:2301: <]
14-08-2024 09:17:23.860Z;errorhandler.__handle;  SelectorList: Invalid Selector: <br>        .footer span
14-08-2024 09:17:23.860Z;errorhandler.__handle;  Selector: Unexpected CHAR. [1:2326: <]
14-08-2024 09:17:23.860Z;errorhandler.__handle;  SelectorList: Invalid Selector: <br>        .footer a 
14-08-2024 09:17:23.860Z;errorhandler.__handle;  CSSStyleDeclaration: Unexpected token, ignoring upto '<br>            color: #999999;'. [1:2349: <]
14-08-2024 09:17:23.860Z;errorhandler.__handle;  CSSStyleDeclaration: Unexpected token, ignoring upto '<br>            font-size: 12px;'. [1:2380: <]
14-08-2024 09:17:23.860Z;errorhandler.__handle;  CSSStyleDeclaration: Unexpected token, ignoring upto '<br>            text-align: center;'. [1:2412: <]
14-08-2024 09:17:23.860Z;errorhandler.__handle;  CSSStyleDeclaration: Unexpected token, ignoring upto '<br>        '. [1:2447: <]
14-08-2024 09:17:23.860Z;errorhandler.__handle;  Selector: Unexpected CHAR. [1:2460: <]
14-08-2024 09:17:23.860Z;errorhandler.__handle;  Selector: Unexpected CHAR. [1:2464: <]
14-08-2024 09:17:23.860Z;errorhandler.__handle;  Selector: Unexpected CHAR. [1:2568: <]
14-08-2024 09:17:23.860Z;errorhandler.__handle;  SelectorList: Invalid Selector: <br><br>        /* ------------------------------------- TYPOGRAPHY ------------------------------------- */<br>        h1
14-08-2024 09:17:23.860Z;errorhandler.__handle;  Selector: Unexpected CHAR. [1:2583: <]
14-08-2024 09:17:23.860Z;errorhandler.__handle;  SelectorList: Invalid Selector: <br>        h2
14-08-2024 09:17:23.860Z;errorhandler.__handle;  Selector: Unexpected CHAR. [1:2598: <]
14-08-2024 09:17:23.860Z;errorhandler.__handle;  SelectorList: Invalid Selector: <br>        h3
14-08-2024 09:17:23.860Z;errorhandler.__handle;  Selector: Unexpected CHAR. [1:2613: <]
14-08-2024 09:17:23.860Z;errorhandler.__handle;  SelectorList: Invalid Selector: <br>        h4 
14-08-2024 09:17:23.860Z;errorhandler.__handle;  CSSStyleDeclaration: Unexpected token, ignoring upto '<br>            color: #000000;'. [1:2629: <]
14-08-2024 09:17:23.860Z;errorhandler.__handle;  CSSStyleDeclaration: Unexpected token, ignoring upto '<br>            font-family: sans-serif;'. [1:2660: <]
14-08-2024 09:17:23.860Z;errorhandler.__handle;  CSSStyleDeclaration: Unexpected token, ignoring upto '<br>            font-weight: 400;'. [1:2700: <]
14-08-2024 09:17:23.860Z;errorhandler.__handle;  CSSStyleDeclaration: Unexpected token, ignoring upto '<br>            line-height: 1.4;'. [1:2733: <]
14-08-2024 09:17:23.860Z;errorhandler.__handle;  CSSStyleDeclaration: Unexpected token, ignoring upto '<br>            margin: 0;'. [1:2766: <]
14-08-2024 09:17:23.860Z;errorhandler.__handle;  CSSStyleDeclaration: Unexpected token, ignoring upto '<br>            margin-bottom: 30px;'. [1:2792: <]
14-08-2024 09:17:23.860Z;errorhandler.__handle;  CSSStyleDeclaration: Unexpected token, ignoring upto '<br>        '. [1:2828: <]
14-08-2024 09:17:23.860Z;errorhandler.__handle;  Selector: Unexpected CHAR. [1:2841: <]
14-08-2024 09:17:23.860Z;errorhandler.__handle;  Selector: Unexpected CHAR. [1:2845: <]
14-08-2024 09:17:23.860Z;errorhandler.__handle;  SelectorList: Invalid Selector: <br><br>        h1 
14-08-2024 09:17:23.860Z;errorhandler.__handle;  CSSStyleDeclaration: Unexpected token, ignoring upto '<br>            font-size: 35px;'. [1:2861: <]
14-08-2024 09:17:23.860Z;errorhandler.__handle;  CSSStyleDeclaration: Unexpected token, ignoring upto '<br>            font-weight: 300;'. [1:2893: <]
14-08-2024 09:17:23.860Z;errorhandler.__handle;  CSSStyleDeclaration: Unexpected token, ignoring upto '<br>            text-align: center;'. [1:2926: <]
14-08-2024 09:17:23.860Z;errorhandler.__handle;  CSSStyleDeclaration: Unexpected token, ignoring upto '<br>            text-transform: capitalize;'. [1:2961: <]
14-08-2024 09:17:23.860Z;errorhandler.__handle;  CSSStyleDeclaration: Unexpected token, ignoring upto '<br>        '. [1:3004: <]
14-08-2024 09:17:23.860Z;errorhandler.__handle;  Selector: Unexpected CHAR. [1:3017: <]
14-08-2024 09:17:23.860Z;errorhandler.__handle;  Selector: Unexpected CHAR. [1:3021: <]
14-08-2024 09:17:23.860Z;errorhandler.__handle;  SelectorList: Invalid Selector: <br><br>        p
14-08-2024 09:17:23.860Z;errorhandler.__handle;  Selector: Unexpected CHAR. [1:3035: <]
14-08-2024 09:17:23.860Z;errorhandler.__handle;  SelectorList: Invalid Selector: <br>        ul
14-08-2024 09:17:23.860Z;errorhandler.__handle;  Selector: Unexpected CHAR. [1:3050: <]
14-08-2024 09:17:23.860Z;errorhandler.__handle;  SelectorList: Invalid Selector: <br>        ol 
14-08-2024 09:17:23.860Z;errorhandler.__handle;  CSSStyleDeclaration: Unexpected token, ignoring upto '<br>            font-family: sans-serif;'. [1:3066: <]
14-08-2024 09:17:23.860Z;errorhandler.__handle;  CSSStyleDeclaration: Unexpected token, ignoring upto '<br>            font-size: 14px;'. [1:3106: <]
14-08-2024 09:17:23.860Z;errorhandler.__handle;  CSSStyleDeclaration: Unexpected token, ignoring upto '<br>            font-weight: normal;'. [1:3138: <]
14-08-2024 09:17:23.860Z;errorhandler.__handle;  CSSStyleDeclaration: Unexpected token, ignoring upto '<br>            margin: 0;'. [1:3174: <]
14-08-2024 09:17:23.860Z;errorhandler.__handle;  CSSStyleDeclaration: Unexpected token, ignoring upto '<br>            margin-bottom: 15px;'. [1:3200: <]
14-08-2024 09:17:23.860Z;errorhandler.__handle;  CSSStyleDeclaration: Unexpected token, ignoring upto '<br>        '. [1:3236: <]
14-08-2024 09:17:23.876Z;errorhandler.__handle;  Selector: Unexpected CHAR. [1:3249: <]
14-08-2024 09:17:23.876Z;errorhandler.__handle;  Selector: Unexpected CHAR. [1:3253: <]
14-08-2024 09:17:23.876Z;errorhandler.__handle;  SelectorList: Invalid Selector: <br><br>        p li
14-08-2024 09:17:23.876Z;errorhandler.__handle;  Selector: Unexpected CHAR. [1:3270: <]
14-08-2024 09:17:23.876Z;errorhandler.__handle;  SelectorList: Invalid Selector: <br>        ul li
14-08-2024 09:17:23.876Z;errorhandler.__handle;  Selector: Unexpected CHAR. [1:3288: <]
14-08-2024 09:17:23.876Z;errorhandler.__handle;  SelectorList: Invalid Selector: <br>        ol li 
14-08-2024 09:17:23.876Z;errorhandler.__handle;  CSSStyleDeclaration: Unexpected token, ignoring upto '<br>            list-style-position: inside;'. [1:3307: <]
14-08-2024 09:17:23.876Z;errorhandler.__handle;  CSSStyleDeclaration: Unexpected token, ignoring upto '<br>            margin-left: 5px;'. [1:3351: <]
14-08-2024 09:17:23.876Z;errorhandler.__handle;  CSSStyleDeclaration: Unexpected token, ignoring upto '<br>        '. [1:3384: <]
14-08-2024 09:17:23.876Z;errorhandler.__handle;  Selector: Unexpected CHAR. [1:3397: <]
14-08-2024 09:17:23.876Z;errorhandler.__handle;  Selector: Unexpected CHAR. [1:3401: <]
14-08-2024 09:17:23.876Z;errorhandler.__handle;  SelectorList: Invalid Selector: <br><br>        a 
14-08-2024 09:17:23.876Z;errorhandler.__handle;  CSSStyleDeclaration: Unexpected token, ignoring upto '<br>            color: #3498db;'. [1:3416: <]
14-08-2024 09:17:23.876Z;errorhandler.__handle;  CSSStyleDeclaration: Unexpected token, ignoring upto '<br>            text-decoration: underline;'. [1:3447: <]
14-08-2024 09:17:23.876Z;errorhandler.__handle;  CSSStyleDeclaration: Unexpected token, ignoring upto '<br>        '. [1:3490: <]
14-08-2024 09:17:23.876Z;errorhandler.__handle;  Selector: Unexpected CHAR. [1:3503: <]
14-08-2024 09:17:23.876Z;errorhandler.__handle;  Selector: Unexpected CHAR. [1:3507: <]
14-08-2024 09:17:23.876Z;errorhandler.__handle;  Selector: Unexpected CHAR. [1:3608: <]
14-08-2024 09:17:23.876Z;errorhandler.__handle;  SelectorList: Invalid Selector: <br><br>        /* ------------------------------------- BUTTONS ------------------------------------- */<br>        .btn 
14-08-2024 09:17:23.876Z;errorhandler.__handle;  CSSStyleDeclaration: Unexpected token, ignoring upto '<br>            box-sizing: border-box;'. [1:3626: <]
14-08-2024 09:17:23.876Z;errorhandler.__handle;  CSSStyleDeclaration: Unexpected token, ignoring upto '<br>            width: 100%;'. [1:3665: <]
14-08-2024 09:17:23.876Z;errorhandler.__handle;  CSSStyleDeclaration: Unexpected token, ignoring upto '<br>        '. [1:3693: <]
14-08-2024 09:17:23.876Z;errorhandler.__handle;  Selector: Unexpected CHAR. [1:3706: <]
14-08-2024 09:17:23.876Z;errorhandler.__handle;  Selector: Unexpected CHAR. [1:3710: <]
14-08-2024 09:17:23.876Z;errorhandler.__handle;  SelectorList: Invalid Selector: <br><br>        .btn>tbody>tr>td 
14-08-2024 09:17:23.876Z;errorhandler.__handle;  CSSStyleDeclaration: Unexpected token, ignoring upto '<br>            padding-bottom: 15px;'. [1:3740: <]
14-08-2024 09:17:23.876Z;errorhandler.__handle;  CSSStyleDeclaration: Unexpected token, ignoring upto '<br>        '. [1:3777: <]
14-08-2024 09:17:23.876Z;errorhandler.__handle;  Selector: Unexpected CHAR. [1:3790: <]
14-08-2024 09:17:23.876Z;errorhandler.__handle;  Selector: Unexpected CHAR. [1:3794: <]
14-08-2024 09:17:23.876Z;errorhandler.__handle;  SelectorList: Invalid Selector: <br><br>        .btn table 
14-08-2024 09:17:23.876Z;errorhandler.__handle;  CSSStyleDeclaration: Unexpected token, ignoring upto '<br>            width: auto;'. [1:3818: <]
14-08-2024 09:17:23.876Z;errorhandler.__handle;  CSSStyleDeclaration: Unexpected token, ignoring upto '<br>        '. [1:3846: <]
14-08-2024 09:17:23.876Z;errorhandler.__handle;  Selector: Unexpected CHAR. [1:3859: <]
14-08-2024 09:17:23.876Z;errorhandler.__handle;  Selector: Unexpected CHAR. [1:3863: <]
14-08-2024 09:17:23.876Z;errorhandler.__handle;  SelectorList: Invalid Selector: <br><br>        .btn table td 
14-08-2024 09:17:23.876Z;errorhandler.__handle;  CSSStyleDeclaration: Unexpected token, ignoring upto '<br>            background-color: #ffffff;'. [1:3890: <]
14-08-2024 09:17:23.876Z;errorhandler.__handle;  CSSStyleDeclaration: Unexpected token, ignoring upto '<br>            border-radius: 5px;'. [1:3932: <]
14-08-2024 09:17:23.876Z;errorhandler.__handle;  CSSStyleDeclaration: Unexpected token, ignoring upto '<br>            text-align: center;'. [1:3967: <]
14-08-2024 09:17:23.876Z;errorhandler.__handle;  CSSStyleDeclaration: Unexpected token, ignoring upto '<br>        '. [1:4002: <]
14-08-2024 09:17:23.876Z;errorhandler.__handle;  Selector: Unexpected CHAR. [1:4015: <]
14-08-2024 09:17:23.876Z;errorhandler.__handle;  Selector: Unexpected CHAR. [1:4019: <]
14-08-2024 09:17:23.876Z;errorhandler.__handle;  SelectorList: Invalid Selector: <br><br>        .btn a 
14-08-2024 09:17:23.876Z;errorhandler.__handle;  CSSStyleDeclaration: Unexpected token, ignoring upto '<br>            background-color: #ffffff;'. [1:4039: <]
14-08-2024 09:17:23.876Z;errorhandler.__handle;  CSSStyleDeclaration: Unexpected token, ignoring upto '<br>            border: solid 1px #3498db;'. [1:4081: <]
14-08-2024 09:17:23.876Z;errorhandler.__handle;  CSSStyleDeclaration: Unexpected token, ignoring upto '<br>            border-radius: 5px;'. [1:4123: <]
14-08-2024 09:17:23.876Z;errorhandler.__handle;  CSSStyleDeclaration: Unexpected token, ignoring upto '<br>            box-sizing: border-box;'. [1:4158: <]
14-08-2024 09:17:23.876Z;errorhandler.__handle;  CSSStyleDeclaration: Unexpected token, ignoring upto '<br>            color: #3498db;'. [1:4197: <]
14-08-2024 09:17:23.876Z;errorhandler.__handle;  CSSStyleDeclaration: Unexpected token, ignoring upto '<br>            cursor: pointer;'. [1:4228: <]
14-08-2024 09:17:23.876Z;errorhandler.__handle;  CSSStyleDeclaration: Unexpected token, ignoring upto '<br>            display: inline-block;'. [1:4260: <]
14-08-2024 09:17:23.876Z;errorhandler.__handle;  CSSStyleDeclaration: Unexpected token, ignoring upto '<br>            font-size: 14px;'. [1:4298: <]
14-08-2024 09:17:23.876Z;errorhandler.__handle;  CSSStyleDeclaration: Unexpected token, ignoring upto '<br>            font-weight: bold;'. [1:4330: <]
14-08-2024 09:17:23.876Z;errorhandler.__handle;  CSSStyleDeclaration: Unexpected token, ignoring upto '<br>            margin: 0;'. [1:4364: <]
14-08-2024 09:17:23.876Z;errorhandler.__handle;  CSSStyleDeclaration: Unexpected token, ignoring upto '<br>            padding: 12px 25px;'. [1:4390: <]
14-08-2024 09:17:23.876Z;errorhandler.__handle;  CSSStyleDeclaration: Unexpected token, ignoring upto '<br>            text-decoration: none;'. [1:4425: <]
14-08-2024 09:17:23.876Z;errorhandler.__handle;  CSSStyleDeclaration: Unexpected token, ignoring upto '<br>            text-transform: capitalize;'. [1:4463: <]
14-08-2024 09:17:23.876Z;errorhandler.__handle;  CSSStyleDeclaration: Unexpected token, ignoring upto '<br>        '. [1:4506: <]
14-08-2024 09:17:23.876Z;errorhandler.__handle;  Selector: Unexpected CHAR. [1:4519: <]
14-08-2024 09:17:23.876Z;errorhandler.__handle;  Selector: Unexpected CHAR. [1:4523: <]
14-08-2024 09:17:23.876Z;errorhandler.__handle;  SelectorList: Invalid Selector: <br><br>        .btn-primary table td 
14-08-2024 09:17:23.876Z;errorhandler.__handle;  CSSStyleDeclaration: Unexpected token, ignoring upto '<br>            background-color: #3498db;'. [1:4558: <]
14-08-2024 09:17:23.876Z;errorhandler.__handle;  CSSStyleDeclaration: Unexpected token, ignoring upto '<br>        '. [1:4600: <]
14-08-2024 09:17:23.876Z;errorhandler.__handle;  Selector: Unexpected CHAR. [1:4613: <]
14-08-2024 09:17:23.876Z;errorhandler.__handle;  Selector: Unexpected CHAR. [1:4617: <]
14-08-2024 09:17:23.876Z;errorhandler.__handle;  SelectorList: Invalid Selector: <br><br>        .btn-primary a 
14-08-2024 09:17:23.876Z;errorhandler.__handle;  CSSStyleDeclaration: Unexpected token, ignoring upto '<br>            background-color: #3498db;'. [1:4645: <]
14-08-2024 09:17:23.876Z;errorhandler.__handle;  CSSStyleDeclaration: Unexpected token, ignoring upto '<br>            border-color: #3498db;'. [1:4687: <]
14-08-2024 09:17:23.876Z;errorhandler.__handle;  CSSStyleDeclaration: Unexpected token, ignoring upto '<br>            color: #ffffff;'. [1:4725: <]
14-08-2024 09:17:23.876Z;errorhandler.__handle;  CSSStyleDeclaration: Unexpected token, ignoring upto '<br>        '. [1:4756: <]
14-08-2024 09:17:23.876Z;errorhandler.__handle;  Selector: Unexpected CHAR. [1:4769: <]
14-08-2024 09:17:23.876Z;errorhandler.__handle;  Selector: Unexpected CHAR. [1:4773: <]
14-08-2024 09:17:23.876Z;errorhandler.__handle;  Selector: Unexpected CHAR. [1:4900: <]
14-08-2024 09:17:23.876Z;errorhandler.__handle;  SelectorList: Invalid Selector: <br><br>        /* ------------------------------------- OTHER STYLES THAT MIGHT BE USEFUL ------------------------------------- */<br>        .last 
14-08-2024 09:17:23.876Z;errorhandler.__handle;  CSSStyleDeclaration: Unexpected token, ignoring upto '<br>            margin-bottom: 0;'. [1:4919: <]
14-08-2024 09:17:23.876Z;errorhandler.__handle;  CSSStyleDeclaration: Unexpected token, ignoring upto '<br>        '. [1:4952: <]
14-08-2024 09:17:23.876Z;errorhandler.__handle;  Selector: Unexpected CHAR. [1:4965: <]
14-08-2024 09:17:23.876Z;errorhandler.__handle;  Selector: Unexpected CHAR. [1:4969: <]
14-08-2024 09:17:23.876Z;errorhandler.__handle;  SelectorList: Invalid Selector: <br><br>        .first 
14-08-2024 09:17:23.876Z;errorhandler.__handle;  CSSStyleDeclaration: Unexpected token, ignoring upto '<br>            margin-top: 0;'. [1:4989: <]
14-08-2024 09:17:23.876Z;errorhandler.__handle;  CSSStyleDeclaration: Unexpected token, ignoring upto '<br>        '. [1:5019: <]
14-08-2024 09:17:23.876Z;errorhandler.__handle;  Selector: Unexpected CHAR. [1:5032: <]
14-08-2024 09:17:23.876Z;errorhandler.__handle;  Selector: Unexpected CHAR. [1:5036: <]
14-08-2024 09:17:23.876Z;errorhandler.__handle;  SelectorList: Invalid Selector: <br><br>        .align-center 
14-08-2024 09:17:23.876Z;errorhandler.__handle;  CSSStyleDeclaration: Unexpected token, ignoring upto '<br>            text-align: center;'. [1:5063: <]
14-08-2024 09:17:23.876Z;errorhandler.__handle;  CSSStyleDeclaration: Unexpected token, ignoring upto '<br>        '. [1:5098: <]
14-08-2024 09:17:23.876Z;errorhandler.__handle;  Selector: Unexpected CHAR. [1:5111: <]
14-08-2024 09:17:23.876Z;errorhandler.__handle;  Selector: Unexpected CHAR. [1:5115: <]
14-08-2024 09:17:23.876Z;errorhandler.__handle;  SelectorList: Invalid Selector: <br><br>        .align-right 
14-08-2024 09:17:23.876Z;errorhandler.__handle;  CSSStyleDeclaration: Unexpected token, ignoring upto '<br>            text-align: right;'. [1:5141: <]
14-08-2024 09:17:23.876Z;errorhandler.__handle;  CSSStyleDeclaration: Unexpected token, ignoring upto '<br>        '. [1:5175: <]
14-08-2024 09:17:23.876Z;errorhandler.__handle;  Selector: Unexpected CHAR. [1:5188: <]
14-08-2024 09:17:23.876Z;errorhandler.__handle;  Selector: Unexpected CHAR. [1:5192: <]
14-08-2024 09:17:23.876Z;errorhandler.__handle;  SelectorList: Invalid Selector: <br><br>        .align-left 
14-08-2024 09:17:23.876Z;errorhandler.__handle;  CSSStyleDeclaration: Unexpected token, ignoring upto '<br>            text-align: left;'. [1:5217: <]
14-08-2024 09:17:23.876Z;errorhandler.__handle;  CSSStyleDeclaration: Unexpected token, ignoring upto '<br>        '. [1:5250: <]
14-08-2024 09:17:23.876Z;errorhandler.__handle;  Selector: Unexpected CHAR. [1:5263: <]
14-08-2024 09:17:23.876Z;errorhandler.__handle;  Selector: Unexpected CHAR. [1:5267: <]
14-08-2024 09:17:23.876Z;errorhandler.__handle;  SelectorList: Invalid Selector: <br><br>        .clear 
14-08-2024 09:17:23.876Z;errorhandler.__handle;  CSSStyleDeclaration: Unexpected token, ignoring upto '<br>            clear: both;'. [1:5287: <]
14-08-2024 09:17:23.876Z;errorhandler.__handle;  CSSStyleDeclaration: Unexpected token, ignoring upto '<br>        '. [1:5315: <]
14-08-2024 09:17:23.876Z;errorhandler.__handle;  Selector: Unexpected CHAR. [1:5328: <]
14-08-2024 09:17:23.876Z;errorhandler.__handle;  Selector: Unexpected CHAR. [1:5332: <]
14-08-2024 09:17:23.876Z;errorhandler.__handle;  SelectorList: Invalid Selector: <br><br>        .mt0 
14-08-2024 09:17:23.876Z;errorhandler.__handle;  CSSStyleDeclaration: Unexpected token, ignoring upto '<br>            margin-top: 0;'. [1:5350: <]
14-08-2024 09:17:23.876Z;errorhandler.__handle;  CSSStyleDeclaration: Unexpected token, ignoring upto '<br>        '. [1:5380: <]
14-08-2024 09:17:23.876Z;errorhandler.__handle;  Selector: Unexpected CHAR. [1:5393: <]
14-08-2024 09:17:23.876Z;errorhandler.__handle;  Selector: Unexpected CHAR. [1:5397: <]
14-08-2024 09:17:23.876Z;errorhandler.__handle;  SelectorList: Invalid Selector: <br><br>        .mb0 
14-08-2024 09:17:23.876Z;errorhandler.__handle;  CSSStyleDeclaration: Unexpected token, ignoring upto '<br>            margin-bottom: 0;'. [1:5415: <]
14-08-2024 09:17:23.876Z;errorhandler.__handle;  CSSStyleDeclaration: Unexpected token, ignoring upto '<br>        '. [1:5448: <]
14-08-2024 09:17:23.876Z;errorhandler.__handle;  Selector: Unexpected CHAR. [1:5461: <]
14-08-2024 09:17:23.876Z;errorhandler.__handle;  Selector: Unexpected CHAR. [1:5465: <]
14-08-2024 09:17:23.876Z;errorhandler.__handle;  SelectorList: Invalid Selector: <br><br>        .preheader 
14-08-2024 09:17:23.876Z;errorhandler.__handle;  CSSStyleDeclaration: Unexpected token, ignoring upto '<br>            color: transparent;'. [1:5489: <]
14-08-2024 09:17:23.876Z;errorhandler.__handle;  CSSStyleDeclaration: Unexpected token, ignoring upto '<br>            display: none;'. [1:5524: <]
14-08-2024 09:17:23.876Z;errorhandler.__handle;  CSSStyleDeclaration: Unexpected token, ignoring upto '<br>            height: 0;'. [1:5554: <]
14-08-2024 09:17:23.876Z;errorhandler.__handle;  CSSStyleDeclaration: Unexpected token, ignoring upto '<br>            max-height: 0;'. [1:5580: <]
14-08-2024 09:17:23.876Z;errorhandler.__handle;  CSSStyleDeclaration: Unexpected token, ignoring upto '<br>            max-width: 0;'. [1:5610: <]
14-08-2024 09:17:23.876Z;errorhandler.__handle;  CSSStyleDeclaration: Unexpected token, ignoring upto '<br>            opacity: 0;'. [1:5639: <]
14-08-2024 09:17:23.876Z;errorhandler.__handle;  CSSStyleDeclaration: Unexpected token, ignoring upto '<br>            overflow: hidden;'. [1:5666: <]
14-08-2024 09:17:23.876Z;errorhandler.__handle;  CSSStyleDeclaration: Unexpected token, ignoring upto '<br>            mso-hide: all;'. [1:5699: <]
14-08-2024 09:17:23.876Z;errorhandler.__handle;  CSSStyleDeclaration: Unexpected token, ignoring upto '<br>            visibility: hidden;'. [1:5729: <]
14-08-2024 09:17:23.876Z;errorhandler.__handle;  CSSStyleDeclaration: Unexpected token, ignoring upto '<br>            width: 0;'. [1:5764: <]
14-08-2024 09:17:23.876Z;errorhandler.__handle;  CSSStyleDeclaration: Unexpected token, ignoring upto '<br>        '. [1:5789: <]
14-08-2024 09:17:23.876Z;errorhandler.__handle;  Selector: Unexpected CHAR. [1:5802: <]
14-08-2024 09:17:23.876Z;errorhandler.__handle;  Selector: Unexpected CHAR. [1:5806: <]
14-08-2024 09:17:23.876Z;errorhandler.__handle;  SelectorList: Invalid Selector: <br><br>        .powered-by a 
14-08-2024 09:17:23.876Z;errorhandler.__handle;  CSSStyleDeclaration: Unexpected token, ignoring upto '<br>            text-decoration: none;'. [1:5833: <]
14-08-2024 09:17:23.876Z;errorhandler.__handle;  CSSStyleDeclaration: Unexpected token, ignoring upto '<br>        '. [1:5871: <]
14-08-2024 09:17:23.876Z;errorhandler.__handle;  Selector: Unexpected CHAR. [1:5884: <]
14-08-2024 09:17:23.876Z;errorhandler.__handle;  Selector: Unexpected CHAR. [1:5888: <]
14-08-2024 09:17:23.876Z;errorhandler.__handle;  SelectorList: Invalid Selector: <br><br>        hr 
14-08-2024 09:17:23.876Z;errorhandler.__handle;  CSSStyleDeclaration: Unexpected token, ignoring upto '<br>            border: 0;'. [1:5904: <]
14-08-2024 09:17:23.876Z;errorhandler.__handle;  CSSStyleDeclaration: Unexpected token, ignoring upto '<br>            border-bottom: 1px solid #f6f6f6;'. [1:5930: <]
14-08-2024 09:17:23.876Z;errorhandler.__handle;  CSSStyleDeclaration: Unexpected token, ignoring upto '<br>            margin: 20px 0;'. [1:5979: <]
14-08-2024 09:17:23.876Z;errorhandler.__handle;  CSSStyleDeclaration: Unexpected token, ignoring upto '<br>        '. [1:6010: <]
14-08-2024 09:17:23.892Z;errorhandler.__handle;  Selector: Unexpected CHAR. [1:6023: <]
14-08-2024 09:17:23.892Z;errorhandler.__handle;  Selector: Unexpected CHAR. [1:6027: <]
14-08-2024 09:17:23.892Z;errorhandler.__handle;  Selector: Unexpected CHAR. [1:6158: <]
14-08-2024 09:17:23.892Z;errorhandler.__handle;  Unexpected token (MEDIA_SYM, @media, 1, 6170)
14-08-2024 09:17:23.892Z;errorhandler.__handle;  Selector: Unexpected CHAR. [1:6193: (]
14-08-2024 09:17:23.892Z;errorhandler.__handle;  Selector: Unexpected CHAR. [1:6203: :]
14-08-2024 09:17:23.892Z;errorhandler.__handle;  Selector: Unexpected DIMENSION. [1:6205: 620px]
14-08-2024 09:17:23.892Z;errorhandler.__handle;  Selector: Unexpected CHAR. [1:6210: )]
14-08-2024 09:17:23.892Z;errorhandler.__handle;  SelectorList: Invalid Selector: <br><br>        /* ------------------------------------- RESPONSIVE AND MOBILE FRIENDLY STYLES ------------------------------------- */<br>        @media only screen and (max-width: 620px) 
14-08-2024 09:17:23.892Z;errorhandler.__handle;  CSSStyleDeclaration: Unexpected token, ignoring upto '<br>            table.body h1 {<br>                font-size: 28px !important;<br>                margin-bottom: 10px !important;<br>            }<br><br>            table.body p,<br>            table.body ul,<br>            table.body ol,<br>            table.body td,<br>            table.body span,<br>            table.body a {<br>                font-size: 16px !important;<br>            }<br><br>            table.body .wrapper,<br>            table.body .article {<br>                padding: 10px !important;<br>            }<br><br>            table.body .content {<br>                padding: 0 !important;<br>            }<br><br>            table.body .container {<br>                padding: 0 !important;<br>                width: 100% !important;<br>            }<br><br>            table.body .main {<br>                border-left-width: 0 !important;<br>                border-radius: 0 !important;<br>                border-right-width: 0 !important;<br>            }<br><br>            table.body .btn table {<br>                width: 100% !important;<br>            }<br><br>            table.body .btn a {<br>                width: 100% !important;<br>            }<br><br>            table.body .img-responsive {<br>                height: auto !important;<br>                max-width: 100% !important;<br>                width: auto !important;<br>            }<br>        '. [1:6213: <]
14-08-2024 09:17:23.892Z;errorhandler.__handle;  Selector: Unexpected CHAR. [1:7614: <]
14-08-2024 09:17:23.892Z;errorhandler.__handle;  Selector: Unexpected CHAR. [1:7618: <]
14-08-2024 09:17:23.892Z;errorhandler.__handle;  Selector: Unexpected CHAR. [1:7745: <]
14-08-2024 09:17:23.892Z;errorhandler.__handle;  Unexpected token (MEDIA_SYM, @media, 1, 7757)
14-08-2024 09:17:23.892Z;errorhandler.__handle;  SelectorList: Invalid Selector: <br><br>        /* ------------------------------------- PRESERVE THESE STYLES IN THE HEAD ------------------------------------- */<br>        @media all 
14-08-2024 09:17:23.892Z;errorhandler.__handle;  CSSStyleDeclaration: Unexpected token, ignoring upto '<br>            .ExternalClass {<br>                width: 100%;<br>            }<br><br>            .ExternalClass,<br>            .ExternalClass p,<br>            .ExternalClass span,<br>            .ExternalClass font,<br>            .ExternalClass td,<br>            .ExternalClass div {<br>                line-height: 100%;<br>            }<br><br>            .apple-link a {<br>                color: inherit !important;<br>                font-family: inherit !important;<br>                font-size: inherit !important;<br>                font-weight: inherit !important;<br>                line-height: inherit !important;<br>                text-decoration: none !important;<br>            }<br><br>            #MessageViewBody a {<br>                color: inherit;<br>                text-decoration: none;<br>                font-size: inherit;<br>                font-family: inherit;<br>                font-weight: inherit;<br>                line-height: inherit;<br>            }<br><br>            .btn-primary table td:hover {<br>                background-color: #34495e !important;<br>            }<br><br>            .btn-primary a:hover {<br>                background-color: #34495e !important;<br>                border-color: #34495e !important;<br>            }<br>        '. [1:7769: <]
14-08-2024 09:17:23.892Z;errorhandler.__handle;  CSSStyleRule: No start { of style declaration found: '<br>    ' [1:9081: ]
14-08-2024 09:17:23.892Z;errorhandler.__handle;  Selector: Unexpected CHAR. [1:9073: <]
14-08-2024 09:17:23.892Z;errorhandler.__handle;  Selector: Cannot end with combinator: <br>    
14-08-2024 09:17:23.892Z;errorhandler.__handle;  SelectorList: Invalid Selector: <br>    
14-08-2024 09:17:23.892Z;errorhandler.__handle;  CSSStyleRule: No style declaration or "}" found: '<br>    '
14-08-2024 09:17:26.860Z;functions.emailSuccess;  Success e-mail sent.
14-08-2024 09:17:27.969Z;functions.processo_pagamento;  FECHA ABA MOVIMENTAÇÕES BANCÁRIAS
14-08-2024 09:17:28.798Z;functions.enter_contas_a_pagar;  CLICK - TOTVS - LINHA RM
14-08-2024 09:17:29.642Z;functions.enter_contas_a_pagar;  CLICK - BACK OFFICE
14-08-2024 09:17:30.423Z;functions.enter_contas_a_pagar;  CLICK - GESTAO FINANCEIRA
14-08-2024 09:17:37.768Z;functions.enter_contas_a_pagar;  CLICK - CONTAS A PAGAR
14-08-2024 09:17:37.858Z;functions.waitForImage;  LANÇAMENTOS image found.
14-08-2024 09:17:39.965Z;functions.enter_contas_a_pagar;  CLICA EM LANÇAMENTOS
14-08-2024 09:17:54.985Z;functions.waitForImage;  LICENCAS EXCEDIDAS image not found.
14-08-2024 09:17:54.985Z;functions.obter_intervalo_data;  VERIFICANDO A HORA ATUAL 9
14-08-2024 09:17:54.985Z;functions.obter_intervalo_data;  Data Inicial BANCARIA antes da remoção: None
14-08-2024 09:17:54.985Z;functions.obter_intervalo_data;  Data Final BANCARIA antes da remoção: None
14-08-2024 09:17:54.985Z;functions.obter_intervalo_data;  Data Inicial BANCARIA após a remoção: None
14-08-2024 09:17:54.985Z;functions.obter_intervalo_data;  Data Final BANCARIA após a remoção: None
14-08-2024 09:17:54.985Z;functions.obter_intervalo_data;  hoje -  2024-08-14 09:17:54.985672
14-08-2024 09:17:54.985Z;functions.data_filter;  DATA INICIO 21-08-2024
14-08-2024 09:17:54.985Z;functions.data_filter;  DATA FIM 27-08-2024
14-08-2024 09:17:54.985Z;functions.data_filter;  CLICK - SELECIONA A DATA DE QUARTA FEIRA E DA PROXIMA TERÇA
14-08-2024 09:17:54.985Z;functions.data_filter;  QUARTA-FEIRA: 21-08-2024
14-08-2024 09:17:54.985Z;functions.data_filter;  TERCA-FEIRA: 27-08-2024
14-08-2024 09:18:11.535Z;functions.data_filter;  REMESSA BANCÁRIA - FILTRO DIGITADO
14-08-2024 09:18:12.329Z;functions.data_filter;  CLICK - BOTAO DE SELECAO DE FILTRO
14-08-2024 09:18:16.423Z;functions.data_filter;  INSERE - DATA DE QUARTA-FEIRA: 21-08-2024
14-08-2024 09:18:20.329Z;functions.data_filter;  INSERE - DATA DA PROX TERCA-FEIRA: 27-08-2024
14-08-2024 09:18:21.204Z;functions.data_filter;  CLICK - BOTAO DE EXECUTAR O FILTRO
14-08-2024 09:18:26.205Z;functions.desmark_filter;  AGUARDANDO 1
14-08-2024 09:18:27.548Z;functions.desmark_filter;  CLICK CHECKBOX LANÇAMENTOS A RECEBER
14-08-2024 09:18:29.048Z;functions.desmark_filter;  CLICK CHECKBOX LANÇAMENTOS BAIXADOS
14-08-2024 09:18:30.579Z;functions.desmark_filter;  CLICK CHECKBOX LANÇAMENTOS CANCELADOS
14-08-2024 09:18:32.204Z;functions.desmark_filter;  CLICK CHECKBOX LANÇAMENTOS FATURADOS
14-08-2024 09:18:33.735Z;functions.desmark_filter;  CLICK CHECKBOX LANÇAMENTOS FATURADOS
14-08-2024 09:18:38.829Z;functions.waitForImage;  FILTER CLEAN image found.
14-08-2024 09:18:40.932Z;functions.filter_clean;  CLICA NO BOTÃO X DO LIMPA FILTRO
14-08-2024 09:18:56.095Z;functions.waitForImage;  FILTER CLEAN image not found.
14-08-2024 09:19:11.439Z;functions.waitForImage;  FILTER CLEAN image not found.
14-08-2024 09:19:12.376Z;functions.filter_forma_pagamento;  CLICA NA PRIMEIRA LINHA DA TABELA
14-08-2024 09:19:12.548Z;functions.filter_forma_pagamento;  CLICK NA PRIMEIRA LINHA E COLUNA DA TABELA
14-08-2024 09:19:28.773Z;functions.filter_forma_pagamento;  160 PASSOS PARA DIREITA NA TABELA >>
14-08-2024 09:19:31.985Z;functions.filter_forma_pagamento;  HOVER NOME DA COLUNA FORMA DE PAGAMENTO
14-08-2024 09:19:32.931Z;functions.filter_forma_pagamento;  CLICA PARA APARECER O FILTRO PERSONALIZAR
14-08-2024 09:19:36.245Z;functions.filter_forma_pagamento;  CLICA NO FILTRO PERSONALIZAR
14-08-2024 09:19:47.485Z;functions.filter_forma_pagamento;  Texto extraido 0/0
14-08-2024 09:19:47.485Z;functions.filter_forma_pagamento;  Count 0
14-08-2024 09:19:47.485Z;functions.filter_forma_pagamento;  Type <class 'int'>
14-08-2024 09:19:47.485Z;functions.filter_forma_pagamento;  SEM REGISTROS
14-08-2024 09:19:49.495Z;functions.check_table_record;  VERIFICANDO SE A TABELA ESTÁ VAZIA
14-08-2024 09:19:51.370Z;functions.check_table_record;  Texto extraido 0/0
14-08-2024 09:19:51.370Z;functions.check_table_record;  Count 0
14-08-2024 09:19:51.370Z;functions.check_table_record;  Type <class 'int'>
14-08-2024 09:19:51.370Z;functions.check_table_record;  SEM REGISTROS
14-08-2024 09:19:55.374Z;main.<module>;  SEM REMESSA DE TED CIP
14-08-2024 09:19:56.141Z;functions.enter_contas_a_pagar;  CLICK - TOTVS - LINHA RM
14-08-2024 09:19:57.329Z;functions.enter_contas_a_pagar;  CLICK - BACK OFFICE
14-08-2024 09:19:58.110Z;functions.enter_contas_a_pagar;  CLICK - GESTAO FINANCEIRA
14-08-2024 09:20:05.735Z;functions.enter_contas_a_pagar;  CLICK - CONTAS A PAGAR
14-08-2024 09:20:05.814Z;functions.waitForImage;  LANÇAMENTOS image found.
14-08-2024 09:20:07.931Z;functions.enter_contas_a_pagar;  CLICA EM LANÇAMENTOS
14-08-2024 09:20:23.048Z;functions.waitForImage;  LICENCAS EXCEDIDAS image not found.
14-08-2024 09:20:23.049Z;functions.obter_intervalo_data;  VERIFICANDO A HORA ATUAL 9
14-08-2024 09:20:23.052Z;functions.obter_intervalo_data;  Data Inicial BANCARIA antes da remoção: None
14-08-2024 09:20:23.052Z;functions.obter_intervalo_data;  Data Final BANCARIA antes da remoção: None
14-08-2024 09:20:23.056Z;functions.obter_intervalo_data;  Data Inicial BANCARIA após a remoção: None
14-08-2024 09:20:23.057Z;functions.obter_intervalo_data;  Data Final BANCARIA após a remoção: None
14-08-2024 09:20:23.057Z;functions.obter_intervalo_data;  hoje -  2024-08-14 09:20:23.057606
14-08-2024 09:20:23.057Z;functions.data_filter;  DATA INICIO 21-08-2024
14-08-2024 09:20:23.057Z;functions.data_filter;  DATA FIM 27-08-2024
14-08-2024 09:20:23.057Z;functions.data_filter;  CLICK - SELECIONA A DATA DE QUARTA FEIRA E DA PROXIMA TERÇA
14-08-2024 09:20:23.057Z;functions.data_filter;  QUARTA-FEIRA: 21-08-2024
14-08-2024 09:20:23.057Z;functions.data_filter;  TERCA-FEIRA: 27-08-2024
14-08-2024 09:20:39.535Z;functions.data_filter;  REMESSA BANCÁRIA - FILTRO DIGITADO
14-08-2024 09:20:40.516Z;functions.data_filter;  CLICK - BOTAO DE SELECAO DE FILTRO
14-08-2024 09:20:44.610Z;functions.data_filter;  INSERE - DATA DE QUARTA-FEIRA: 21-08-2024
14-08-2024 09:20:48.454Z;functions.data_filter;  INSERE - DATA DA PROX TERCA-FEIRA: 27-08-2024
14-08-2024 09:20:49.329Z;functions.data_filter;  CLICK - BOTAO DE EXECUTAR O FILTRO
14-08-2024 09:20:54.331Z;functions.desmark_filter;  AGUARDANDO 1
14-08-2024 09:20:55.767Z;functions.desmark_filter;  CLICK CHECKBOX LANÇAMENTOS A RECEBER
14-08-2024 09:20:57.048Z;functions.desmark_filter;  CLICK CHECKBOX LANÇAMENTOS BAIXADOS
14-08-2024 09:20:58.548Z;functions.desmark_filter;  CLICK CHECKBOX LANÇAMENTOS CANCELADOS
14-08-2024 09:21:00.173Z;functions.desmark_filter;  CLICK CHECKBOX LANÇAMENTOS FATURADOS
14-08-2024 09:21:01.891Z;functions.desmark_filter;  CLICK CHECKBOX LANÇAMENTOS FATURADOS
14-08-2024 09:21:06.969Z;functions.waitForImage;  FILTER CLEAN image found.
14-08-2024 09:21:09.084Z;functions.filter_clean;  CLICA NO BOTÃO X DO LIMPA FILTRO
14-08-2024 09:21:24.376Z;functions.waitForImage;  FILTER CLEAN image not found.
14-08-2024 09:21:39.548Z;functions.waitForImage;  FILTER CLEAN image not found.
14-08-2024 09:21:42.688Z;functions.filter_forma_pagamento_branco;  MOVIDO PRA CIMA 10 VEZES
14-08-2024 09:21:43.798Z;functions.filter_forma_pagamento_branco;  CLICK NA PRIMEIRA LINHA E COLUNA DA TABELA
14-08-2024 09:21:59.988Z;functions.filter_forma_pagamento_branco;  160 PASSOS PARA DIREITA NA TABELA >>
14-08-2024 09:22:03.454Z;functions.filter_forma_pagamento_branco;  HOVER NOME DA COLUNA FORMA DE PAGAMENTO
14-08-2024 09:22:04.398Z;functions.filter_forma_pagamento_branco;  CLICA PARA APARECER O FILTRO PERSONALIZAR
14-08-2024 09:22:07.714Z;functions.filter_forma_pagamento_branco;  CLICA NO FILTRO PERSONALIZAR
14-08-2024 09:22:15.001Z;functions.filter_forma_pagamento_branco;  Texto extraido 1/1
14-08-2024 09:22:15.001Z;functions.filter_forma_pagamento_branco;  Count 1
14-08-2024 09:22:15.001Z;functions.filter_forma_pagamento_branco;  Type <class 'int'>
14-08-2024 09:22:15.001Z;functions.filter_forma_pagamento_branco;  TABELA CONTÉM REGISTROS
14-08-2024 09:22:16.313Z;functions.filter_forma_pagamento_branco;  MOVIDO PRA CIMA 1 VEZES
14-08-2024 09:22:19.672Z;functions.check_table_record;  VERIFICANDO SE A TABELA ESTÁ VAZIA
14-08-2024 09:22:21.501Z;functions.check_table_record;  Texto extraido 1/1
14-08-2024 09:22:21.501Z;functions.check_table_record;  Count 1
14-08-2024 09:22:21.501Z;functions.check_table_record;  Type <class 'int'>
14-08-2024 09:22:21.501Z;functions.check_table_record;  TABELA CONTÉM REGISTROS
14-08-2024 09:22:21.501Z;functions.check_ted_branco;  VERIFICANDO O COD DO CLIENTE EM CADA REGISTRO
14-08-2024 09:22:22.861Z;functions.check_ted_branco;  CLICA NA PRIMEIRA LINHA DA TABELA
14-08-2024 09:22:26.964Z;functions.check_ted_branco;  REFERNCIA: 971428
14-08-2024 09:22:26.964Z;functions.check_ted_branco;  CONTAGEM: 1
14-08-2024 09:22:27.265Z;functions.check_ted_branco;  ENTRANDO NO REGISTRO 
14-08-2024 09:22:30.454Z;functions.waitForImage;  INTEGRAÇÃO BANCÁRIA image found.
14-08-2024 09:22:30.587Z;functions.check_ted_branco;  CLICA EM INTEGRAÇÃO BANCÁRIA
14-08-2024 09:22:30.587Z;functions.check_ted_branco;  VERIFICANDO INFORMAÇÕES
14-08-2024 09:22:31.220Z;functions.waitForImage;  TRES PONTINHOS image found.
14-08-2024 09:22:43.856Z;functions.check_ted_branco;  VERIFICANDO SE TEM PIX NO FILTRO
14-08-2024 09:22:43.907Z;functions.waitForImage;  CHECANDO DADOS BANCÁRIOS PIX image found.
14-08-2024 09:22:45.921Z;functions.check_ted_branco;  PIX NÃO ENCONTRADO PARA REFERENCIA: 971428
14-08-2024 09:22:49.636Z;functions.check_ted_branco;  APERTA EM CANCELAR
14-08-2024 09:22:49.704Z;functions.waitForImage;  PRESS BUTTON OK image found.
14-08-2024 09:22:51.836Z;functions.click_ok;  PRESS BUTTON OK
14-08-2024 09:23:04.157Z;functions.waitForImage;  ERROR GENERICO image not found.
14-08-2024 09:23:09.579Z;functions.waitForImage;  ERROR FILTRO PIX image not found.
14-08-2024 09:23:09.579Z;functions.check_ted_branco;  FORAM VERIFICADOS: 1 REFERENCIAS NO PROCESSAMENTO FORMA DE PAGAMENTO ELETRONICA EM BRANCO
14-08-2024 09:23:11.422Z;errorhandler.__handle;  Property: Unknown Property name. [1:203: -ms-interpolation-mode]
14-08-2024 09:23:11.438Z;errorhandler.__handle;  Property: Unknown Property name. [1:353: -webkit-font-smoothing]
14-08-2024 09:23:11.438Z;errorhandler.__handle;  Property: Unknown Property name. [1:483: -ms-text-size-adjust]
14-08-2024 09:23:11.438Z;errorhandler.__handle;  Property: Unknown Property name. [1:518: -webkit-text-size-adjust]
14-08-2024 09:23:11.438Z;errorhandler.__handle;  Property: Unknown Property name. [1:612: mso-table-lspace]
14-08-2024 09:23:11.438Z;errorhandler.__handle;  Property: Unknown Property name. [1:642: mso-table-rspace]
14-08-2024 09:23:11.485Z;errorhandler.__handle;  Property: Unknown Property name. [1:4734: mso-hide]
14-08-2024 09:23:11.516Z;errorhandler.__handle;  Property: Unknown Property name. [1:13: -ms-interpolation-mode]
14-08-2024 09:23:11.516Z;errorhandler.__handle;  Property: Unknown Property name. [1:49: -webkit-font-smoothing]
14-08-2024 09:23:11.516Z;errorhandler.__handle;  Property: Unknown Property name. [1:134: -ms-text-size-adjust]
14-08-2024 09:23:11.516Z;errorhandler.__handle;  Property: Unknown Property name. [1:160: -webkit-text-size-adjust]
14-08-2024 09:23:11.516Z;errorhandler.__handle;  Property: Unknown Property name. [1:26: mso-table-lspace]
14-08-2024 09:23:11.516Z;errorhandler.__handle;  Property: Unknown Property name. [1:45: mso-table-rspace]
14-08-2024 09:23:11.532Z;errorhandler.__handle;  Property: Unknown Property name. [1:92: mso-hide]
14-08-2024 09:23:11.532Z;errorhandler.__handle;  Property: No ":" after name found: align-center [1:1: align-center]
14-08-2024 09:23:11.532Z;errorhandler.__handle;  Property: No property value found: align-center [1:1: align-center]
14-08-2024 09:23:11.532Z;errorhandler.__handle;  CSSStyleDeclaration: Syntax Error in Property: align-center
14-08-2024 09:23:11.532Z;errorhandler.__handle;  Property: Unknown Property name. [1:14: -ms-interpolation-mode]
14-08-2024 09:23:14.329Z;functions.emailFinalizado;  Warning e-mail sent.
14-08-2024 09:23:14.329Z;main.<module>;  Remessa Bancária TED CIP com filtro de pagamento eletronica em branco modificadas para pix 
 PASSO 3 FINALIZADO
14-08-2024 09:23:14.329Z;main.<module>;  O PROGRAMA SERÁ ENCERRADO
14-08-2024 09:23:16.016Z;errorhandler.__handle;  Property: Unknown Property name. [1:14: -ms-interpolation-mode]
14-08-2024 09:23:18.782Z;functions.emailFinalizado;  Warning e-mail sent.
14-08-2024 09:23:18.938Z;functions.end_RM;  RM ENCERRADO
