25-04-2024 18:23:05.311Z;functions.bot_text_art;      ____   
25-04-2024 18:23:05.311Z;functions.bot_text_art;     [____]    
25-04-2024 18:23:05.311Z;functions.bot_text_art;   |=]()()[=|  
25-04-2024 18:23:05.311Z;functions.bot_text_art;     _\==/__    _____    ____     _        _____    ___   _  __
25-04-2024 18:23:05.311Z;functions.bot_text_art;   |__|   |_|  |  _  \  / ___|   | |      |_   _| / ___| | |/ /
25-04-2024 18:23:05.311Z;functions.bot_text_art;   |_|_/\_|_|  | |  | | | |      | |        | |   | |    | ' / 
25-04-2024 18:23:05.311Z;functions.bot_text_art;   | | __ | |  | |  | | | |      | |        | |   | |    |  <  
25-04-2024 18:23:05.311Z;functions.bot_text_art;   |_|[  ]|_|  | |__| | | |____  | |____   _| |_  | |__  | . \ 
25-04-2024 18:23:05.311Z;functions.bot_text_art;   \_|_||_|_/  |_____/   \_____| |______| |_____| \ ___| |_|\_\
25-04-2024 18:23:05.311Z;functions.bot_text_art;     |_||_|                                                     
25-04-2024 18:23:05.311Z;functions.bot_text_art;     | ||_|_   
25-04-2024 18:23:05.311Z;functions.bot_text_art;   |___||___|  
25-04-2024 18:23:05.311Z;functions.bot_text_art;               
25-04-2024 18:23:05.545Z;functions.open_RM;  OPEN PROGRAM RM
25-04-2024 18:23:26.499Z;functions.loggin_RM;  ENTER USER_NAME
25-04-2024 18:23:30.359Z;functions.loggin_RM;  ENTER PASSWORD
25-04-2024 18:23:31.049Z;functions.loggin_RM;  ENTER RM
25-04-2024 18:24:29.655Z;functions.enter_coligada;  CLICK CONTEXTO
25-04-2024 18:24:33.861Z;functions.enter_coligada;  CLICK ALTERAR MODULO DO CONTEXTO
25-04-2024 18:24:39.104Z;functions.enter_coligada;  INSERE O COLIGADA CODE = 1
25-04-2024 18:24:39.205Z;functions.enter_coligada;  APERTA TAB PARA PREENCHER O CAMPO COM A STRING: OCEANICA ENGENHARIA E CONSULTORIA S.A.
25-04-2024 18:24:41.624Z;functions.enter_coligada;  CLICK AVANÇAR NOVAMENTE
25-04-2024 18:24:43.051Z;functions.enter_coligada;  CLICK CONCLUIR
25-04-2024 18:25:02.672Z;functions.enter_coligada;  POP UP COLIGADA DESAPARECER
25-04-2024 18:25:03.281Z;functions.check_movimentacao_bancaria;  CLICK - TOTVS - LINHA RM
25-04-2024 18:25:04.327Z;functions.check_movimentacao_bancaria;  CLICK - BACK OFFICE
25-04-2024 18:25:06.624Z;functions.check_movimentacao_bancaria;  CLICK - GESTAO FINANCEIRA
25-04-2024 18:25:15.041Z;functions.movimentacao_bancaria;  CLICA NA ABA MOVIMENTAÇÃO BANCARIA
25-04-2024 18:25:15.812Z;functions.waitForImage;  IMAGEM BORDERO image found.
25-04-2024 18:25:17.944Z;functions.movimentacao_bancaria;  IMAGEM BORDERO CLICADA.
25-04-2024 18:25:28.454Z;functions.waitForImage;  LICENCAS EXCEDIDAS image not found.
25-04-2024 18:25:29.046Z;functions.movimentacao_bancaria;  ENCONTROU O FILTRO DA MOVIMENTAÇÃO BANCÁRIA
25-04-2024 18:25:29.077Z;functions.movimentacao_bancaria;  CLICA NA ABA SUPERIOR DO FILTRO
25-04-2024 18:25:33.585Z;functions.movimentacao_bancaria;  SELECIONA O FILTRO HOJE
25-04-2024 18:25:38.687Z;functions.waitForImage;  FILTER CLEAN image found.
25-04-2024 18:25:40.807Z;functions.filter_clean;  CLICA NO BOTÃO X DO LIMPA FILTRO
25-04-2024 18:25:55.910Z;functions.waitForImage;  FILTER CLEAN image not found.
25-04-2024 18:26:11.107Z;functions.waitForImage;  FILTER CLEAN image not found.
25-04-2024 18:26:11.921Z;functions.movimentacao_bancaria;  CLICA NA PRIMEIRA LINHA DA TABELA MOVIMENTAÇÃO BANCÁRIA
25-04-2024 18:26:12.656Z;functions.movimentacao_bancaria;  CLICA NA PRIMEIRA LINHA DA TABELA MOVIMENTAÇÃO BANCÁRIA
25-04-2024 18:26:13.869Z;functions.movimentacao_bancaria;  12 PASSOS PARA DIREITA NA TABELA >>
25-04-2024 18:26:15.123Z;functions.movimentacao_bancaria;  HOVER FILTER
25-04-2024 18:26:15.470Z;functions.movimentacao_bancaria;  CLICK FILTER
25-04-2024 18:26:19.779Z;functions.movimentacao_bancaria;  CLICA NO FILTRO  STATUS DA REMESSA
25-04-2024 18:26:21.880Z;functions.movimentacao_bancaria;  APERTA TAB PARA ESCREVER O FILTRO
25-04-2024 18:26:23.984Z;functions.movimentacao_bancaria;  ESCREVE PENDENTE NO FILTRO
25-04-2024 18:26:26.087Z;functions.movimentacao_bancaria;  APERTA ENTER PARA SELECIONAR OS PENDENTES
25-04-2024 18:26:46.977Z;functions.movimentacao_bancaria;  SEM PROCESSAMENTO DE BORDERO PENDENTE
25-04-2024 18:26:57.071Z;functions.waitForImage;  FILTER CLEAN image found.
25-04-2024 18:26:59.191Z;functions.filter_clean;  CLICA NO BOTÃO X DO LIMPA FILTRO
25-04-2024 18:27:14.303Z;functions.waitForImage;  FILTER CLEAN image not found.
25-04-2024 18:27:29.474Z;functions.waitForImage;  FILTER CLEAN image not found.
25-04-2024 18:27:30.266Z;functions.processo_pagamento;  CLICA NA PRIMEIRA LINHA DA TABELA MOVIMENTAÇÃO BANCÁRIA
25-04-2024 18:27:31.515Z;functions.processo_pagamento;  HOVER FILTER
25-04-2024 18:27:31.807Z;functions.processo_pagamento;  CLICK FILTER
25-04-2024 18:27:36.118Z;functions.processo_pagamento;  CLICA NO FILTRO  STATUS DA REMESSA
25-04-2024 18:27:38.219Z;functions.processo_pagamento;  APERTA TAB PARA ESCREVER O FILTRO
25-04-2024 18:27:40.326Z;functions.processo_pagamento;  ESCREVE AUTORIZADO NO FILTRO
25-04-2024 18:27:42.427Z;functions.processo_pagamento;  APERTA ENTER PARA SELECIONAR OS AUTORIZADOS
25-04-2024 18:28:03.349Z;functions.processo_pagamento;  SEM REMESSA DE BORDERO AUTORIZADO
25-04-2024 18:28:04.451Z;functions.processo_pagamento;  FECHA ABA MOVIMENTAÇÕES BANCÁRIAS
25-04-2024 18:28:06.014Z;functions.enter_contas_a_pagar;  CLICK - TOTVS - LINHA RM
25-04-2024 18:28:06.968Z;functions.enter_contas_a_pagar;  CLICK - BACK OFFICE
25-04-2024 18:28:07.656Z;functions.enter_contas_a_pagar;  CLICK - GESTAO FINANCEIRA
25-04-2024 18:28:20.034Z;functions.enter_contas_a_pagar;  CLICK - CONTAS A PAGAR
25-04-2024 18:28:20.188Z;functions.waitForImage;  LANÇAMENTOS image found.
25-04-2024 18:28:22.294Z;functions.enter_contas_a_pagar;  CLICA EM LANÇAMENTOS
25-04-2024 18:28:37.711Z;functions.waitForImage;  LICENCAS EXCEDIDAS image not found.
25-04-2024 18:28:37.711Z;functions.obter_intervalo_data;  VERIFICANDO A HORA ATUAL 18
25-04-2024 18:28:37.726Z;functions.obter_intervalo_data;  Data Inicial BANCARIA antes da remoção: None
25-04-2024 18:28:37.726Z;functions.obter_intervalo_data;  Data Final BANCARIA antes da remoção: None
25-04-2024 18:28:37.726Z;functions.obter_intervalo_data;  Data Inicial BANCARIA após a remoção: None
25-04-2024 18:28:37.726Z;functions.obter_intervalo_data;  Data Final BANCARIA após a remoção: None
25-04-2024 18:28:37.726Z;functions.obter_intervalo_data;  hoje -  2024-04-25 18:28:37.726826
25-04-2024 18:28:37.726Z;functions.data_filter;  DATA INICIO 01-05-2024
25-04-2024 18:28:37.726Z;functions.data_filter;  DATA FIM 07-05-2024
25-04-2024 18:28:37.726Z;functions.data_filter;  CLICK - SELECIONA A DATA DE QUARTA FEIRA E DA PROXIMA TERÇA
25-04-2024 18:28:37.726Z;functions.data_filter;  QUARTA-FEIRA: 01-05-2024
25-04-2024 18:28:37.726Z;functions.data_filter;  TERCA-FEIRA: 07-05-2024
25-04-2024 18:28:46.228Z;functions.data_filter;  CLICK - BOTAO DE SELECAO DE FILTRO
25-04-2024 18:28:50.468Z;functions.data_filter;  INSERE - DATA DE QUARTA-FEIRA: 01-05-2024
25-04-2024 18:28:53.937Z;functions.data_filter;  INSERE - DATA DA PROX TERCA-FEIRA: 07-05-2024
25-04-2024 18:28:54.562Z;functions.data_filter;  CLICK - BOTAO DE EXECUTAR O FILTRO
25-04-2024 18:38:48.173Z;functions.desmark_filter;  CLICK CHECKBOX LANÇAMENTOS A RECEBER
25-04-2024 18:38:48.973Z;functions.desmark_filter;  CLICK CHECKBOX LANÇAMENTOS BAIXADOS
25-04-2024 18:38:49.780Z;functions.desmark_filter;  CLICK CHECKBOX LANÇAMENTOS CANCELADOS
25-04-2024 18:38:50.624Z;functions.desmark_filter;  CLICK CHECKBOX LANÇAMENTOS FATURADOS
25-04-2024 18:38:51.515Z;functions.desmark_filter;  CLICK CHECKBOX LANÇAMENTOS FATURADOS
25-04-2024 18:38:56.610Z;functions.waitForImage;  FILTER CLEAN image found.
25-04-2024 18:38:58.721Z;functions.filter_clean;  CLICA NO BOTÃO X DO LIMPA FILTRO
25-04-2024 18:39:13.876Z;functions.waitForImage;  FILTER CLEAN image not found.
25-04-2024 18:39:28.961Z;functions.waitForImage;  FILTER CLEAN image not found.
25-04-2024 18:39:28.961Z;functions.check_table_record;  VERIFICANDO SE A TABELA ESTÁ VAZIA
25-04-2024 18:39:29.875Z;functions.check_table_record;  Texto extraido 1/620
25-04-2024 18:39:29.875Z;functions.check_table_record;  Count 620
25-04-2024 18:39:29.875Z;functions.check_table_record;  Type <class 'int'>
25-04-2024 18:39:29.875Z;functions.check_table_record;  TABELA CONTÉM REGISTROS
25-04-2024 18:39:40.718Z;functions.select_tipo_documento;  NOME DA COLUNA: Tipo de Documento
25-04-2024 18:39:41.938Z;functions.select_tipo_documento;  HOVER NOME DA COLUNA: Tipo de Documento
25-04-2024 18:39:42.526Z;functions.select_tipo_documento;  CLICA NO FILTRO PERSONALIZAR
25-04-2024 18:39:43.234Z;functions.select_tipo_documento;  CLICA PARA SELECIONAR OPÇÕES DO FILTRO
25-04-2024 18:39:50.265Z;functions.select_tipo_documento;  CLICK BUTTON CONFIRMAR FILTRO
25-04-2024 18:39:55.268Z;functions.filter_IPTE;  VERIFICANDO O COD DO CLIENTE EM CADA REGISTRO
25-04-2024 18:39:56.002Z;functions.filter_IPTE;  CLICA NA PRIMEIRA LINHA DA TABELA
25-04-2024 18:40:15.765Z;functions.filter_IPTE;  HOVER FILTER
25-04-2024 18:40:16.367Z;functions.filter_IPTE;  CLICK FILTER
25-04-2024 18:40:20.678Z;functions.filter_IPTE;  CLICA NO FILTRO PERSONALIZAR
25-04-2024 18:40:28.562Z;functions.check_table_record;  VERIFICANDO SE A TABELA ESTÁ VAZIA
25-04-2024 18:40:29.499Z;functions.check_table_record;  Texto extraido 1/94
25-04-2024 18:40:29.499Z;functions.check_table_record;  Count 94
25-04-2024 18:40:29.499Z;functions.check_table_record;  Type <class 'int'>
25-04-2024 18:40:29.499Z;functions.check_table_record;  TABELA CONTÉM REGISTROS
25-04-2024 18:40:29.499Z;functions.check_payment_type;  VERIFICANDO O COD DO CLIENTE EM CADA REGISTRO
25-04-2024 18:40:30.219Z;functions.check_payment_type;  CLICA NA PRIMEIRA LINHA DA TABELA
25-04-2024 18:40:38.323Z;functions.check_payment_type;  REF. LANÇAMENTO: 936321
25-04-2024 18:40:38.425Z;functions.check_payment_type;  ENTRANDO NO REGISTRO
25-04-2024 18:40:57.091Z;functions.waitForImage;  INTEGRAÇÃO BANCÁRIA image found.
25-04-2024 18:40:59.212Z;functions.check_payment_type;  CLICA EM INTEGRAÇÃO BANCÁRIA
25-04-2024 18:40:59.212Z;functions.check_payment_type;  VERIFICANDO INFORMAÇÕES
25-04-2024 18:41:02.313Z;functions.waitForImage;  DADOS BANCARIOS image found.
25-04-2024 18:41:02.424Z;functions.check_payment_type;  DADOS BANCARIOS
25-04-2024 18:41:04.424Z;functions.check_payment_type;  ENTROU DADOS BANCÁRIOS
25-04-2024 18:41:04.526Z;functions.check_payment_type;  APERTA TAB
25-04-2024 18:41:08.729Z;functions.waitForImage;  PRESS BUTTON OK image found.
25-04-2024 18:41:10.851Z;functions.click_ok;  PRESS BUTTON OK
25-04-2024 18:41:14.945Z;functions.waitForImage;  PRESS BUTTON OK image found.
25-04-2024 18:41:17.081Z;functions.click_ok;  PRESS BUTTON OK
25-04-2024 18:41:21.187Z;functions.check_payment_type;  INCLUIDOS: 936321 REFERENCIAS NO PROCESSAMENTO
25-04-2024 18:41:23.288Z;functions.check_payment_type;  PASSANDO PARA PRÓXIMO REGISTRO
25-04-2024 18:41:33.391Z;functions.check_payment_type;  REF. LANÇAMENTO: 936747
25-04-2024 18:41:33.493Z;functions.check_payment_type;  ENTRANDO NO REGISTRO
25-04-2024 18:41:39.866Z;functions.waitForImage;  INTEGRAÇÃO BANCÁRIA image found.
25-04-2024 18:41:41.998Z;functions.check_payment_type;  CLICA EM INTEGRAÇÃO BANCÁRIA
25-04-2024 18:41:41.998Z;functions.check_payment_type;  VERIFICANDO INFORMAÇÕES
25-04-2024 18:41:45.093Z;functions.waitForImage;  DADOS BANCARIOS image found.
25-04-2024 18:41:45.210Z;functions.check_payment_type;  DADOS BANCARIOS
25-04-2024 18:41:47.210Z;functions.check_payment_type;  ENTROU DADOS BANCÁRIOS
25-04-2024 18:41:47.311Z;functions.check_payment_type;  APERTA TAB
25-04-2024 18:41:51.516Z;functions.waitForImage;  PRESS BUTTON OK image found.
25-04-2024 18:41:53.641Z;functions.click_ok;  PRESS BUTTON OK
25-04-2024 18:41:57.749Z;functions.waitForImage;  PRESS BUTTON OK image found.
25-04-2024 18:41:59.880Z;functions.click_ok;  PRESS BUTTON OK
25-04-2024 18:42:03.987Z;functions.check_payment_type;  INCLUIDOS: 936747 REFERENCIAS NO PROCESSAMENTO
25-04-2024 18:42:06.089Z;functions.check_payment_type;  PASSANDO PARA PRÓXIMO REGISTRO
25-04-2024 18:42:16.191Z;functions.check_payment_type;  REF. LANÇAMENTO: 938876
25-04-2024 18:42:16.293Z;functions.check_payment_type;  ENTRANDO NO REGISTRO
25-04-2024 18:42:23.327Z;functions.waitForImage;  INTEGRAÇÃO BANCÁRIA image found.
25-04-2024 18:42:25.458Z;functions.check_payment_type;  CLICA EM INTEGRAÇÃO BANCÁRIA
25-04-2024 18:42:25.458Z;functions.check_payment_type;  VERIFICANDO INFORMAÇÕES
25-04-2024 18:42:28.553Z;functions.waitForImage;  DADOS BANCARIOS image found.
25-04-2024 18:42:28.686Z;functions.check_payment_type;  DADOS BANCARIOS
25-04-2024 18:42:30.686Z;functions.check_payment_type;  ENTROU DADOS BANCÁRIOS
25-04-2024 18:42:30.788Z;functions.check_payment_type;  APERTA TAB
25-04-2024 18:42:34.993Z;functions.waitForImage;  PRESS BUTTON OK image found.
25-04-2024 18:42:37.126Z;functions.click_ok;  PRESS BUTTON OK
25-04-2024 18:42:41.250Z;functions.waitForImage;  PRESS BUTTON OK image found.
25-04-2024 18:42:43.369Z;functions.click_ok;  PRESS BUTTON OK
25-04-2024 18:42:47.477Z;functions.check_payment_type;  INCLUIDOS: 938876 REFERENCIAS NO PROCESSAMENTO
25-04-2024 18:42:49.578Z;functions.check_payment_type;  PASSANDO PARA PRÓXIMO REGISTRO
25-04-2024 18:42:59.681Z;functions.check_payment_type;  REF. LANÇAMENTO: 941060
25-04-2024 18:42:59.783Z;functions.check_payment_type;  ENTRANDO NO REGISTRO
25-04-2024 18:43:05.542Z;functions.waitForImage;  INTEGRAÇÃO BANCÁRIA image found.
25-04-2024 18:43:07.695Z;functions.check_payment_type;  CLICA EM INTEGRAÇÃO BANCÁRIA
25-04-2024 18:43:07.695Z;functions.check_payment_type;  VERIFICANDO INFORMAÇÕES
25-04-2024 18:43:10.790Z;functions.waitForImage;  DADOS BANCARIOS image found.
25-04-2024 18:43:10.907Z;functions.check_payment_type;  DADOS BANCARIOS
25-04-2024 18:43:12.908Z;functions.check_payment_type;  ENTROU DADOS BANCÁRIOS
25-04-2024 18:43:13.009Z;functions.check_payment_type;  APERTA TAB
25-04-2024 18:43:17.250Z;functions.waitForImage;  PRESS BUTTON OK image found.
25-04-2024 18:43:19.374Z;functions.click_ok;  PRESS BUTTON OK
25-04-2024 18:43:23.484Z;functions.waitForImage;  PRESS BUTTON OK image found.
25-04-2024 18:43:25.603Z;functions.click_ok;  PRESS BUTTON OK
25-04-2024 18:43:29.716Z;functions.check_payment_type;  INCLUIDOS: 941060 REFERENCIAS NO PROCESSAMENTO
25-04-2024 18:43:31.817Z;functions.check_payment_type;  PASSANDO PARA PRÓXIMO REGISTRO
25-04-2024 18:43:41.920Z;functions.check_payment_type;  REF. LANÇAMENTO: 945061
25-04-2024 18:43:42.022Z;functions.check_payment_type;  ENTRANDO NO REGISTRO
25-04-2024 18:43:49.624Z;functions.waitForImage;  INTEGRAÇÃO BANCÁRIA image found.
25-04-2024 18:43:51.746Z;functions.check_payment_type;  CLICA EM INTEGRAÇÃO BANCÁRIA
25-04-2024 18:43:51.746Z;functions.check_payment_type;  VERIFICANDO INFORMAÇÕES
25-04-2024 18:43:54.841Z;functions.waitForImage;  DADOS BANCARIOS image found.
25-04-2024 18:43:54.974Z;functions.check_payment_type;  DADOS BANCARIOS
25-04-2024 18:43:56.974Z;functions.check_payment_type;  ENTROU DADOS BANCÁRIOS
25-04-2024 18:43:57.076Z;functions.check_payment_type;  APERTA TAB
25-04-2024 18:44:01.281Z;functions.waitForImage;  PRESS BUTTON OK image found.
25-04-2024 18:44:03.406Z;functions.click_ok;  PRESS BUTTON OK
25-04-2024 18:44:07.497Z;functions.waitForImage;  PRESS BUTTON OK image found.
25-04-2024 18:44:09.616Z;functions.click_ok;  PRESS BUTTON OK
25-04-2024 18:44:13.725Z;functions.check_payment_type;  INCLUIDOS: 945061 REFERENCIAS NO PROCESSAMENTO
25-04-2024 18:44:15.826Z;functions.check_payment_type;  PASSANDO PARA PRÓXIMO REGISTRO
25-04-2024 18:44:25.929Z;functions.check_payment_type;  REF. LANÇAMENTO: 944502
25-04-2024 18:44:26.032Z;functions.check_payment_type;  ENTRANDO NO REGISTRO
25-04-2024 18:44:31.789Z;functions.waitForImage;  INTEGRAÇÃO BANCÁRIA image found.
25-04-2024 18:44:33.920Z;functions.check_payment_type;  CLICA EM INTEGRAÇÃO BANCÁRIA
25-04-2024 18:44:33.920Z;functions.check_payment_type;  VERIFICANDO INFORMAÇÕES
25-04-2024 18:44:37.015Z;functions.waitForImage;  DADOS BANCARIOS image found.
25-04-2024 18:44:37.147Z;functions.check_payment_type;  DADOS BANCARIOS
25-04-2024 18:44:39.148Z;functions.check_payment_type;  ENTROU DADOS BANCÁRIOS
25-04-2024 18:44:39.249Z;functions.check_payment_type;  APERTA TAB
25-04-2024 18:44:43.454Z;functions.waitForImage;  PRESS BUTTON OK image found.
25-04-2024 18:44:45.576Z;functions.click_ok;  PRESS BUTTON OK
25-04-2024 18:44:49.671Z;functions.waitForImage;  PRESS BUTTON OK image found.
25-04-2024 18:44:51.795Z;functions.click_ok;  PRESS BUTTON OK
25-04-2024 18:44:55.907Z;functions.check_payment_type;  INCLUIDOS: 944502 REFERENCIAS NO PROCESSAMENTO
25-04-2024 18:44:58.008Z;functions.check_payment_type;  PASSANDO PARA PRÓXIMO REGISTRO
25-04-2024 18:45:08.110Z;functions.check_payment_type;  REF. LANÇAMENTO: 945101
25-04-2024 18:45:08.213Z;functions.check_payment_type;  ENTRANDO NO REGISTRO
25-04-2024 18:45:15.204Z;functions.waitForImage;  INTEGRAÇÃO BANCÁRIA image found.
25-04-2024 18:45:17.322Z;functions.check_payment_type;  CLICA EM INTEGRAÇÃO BANCÁRIA
25-04-2024 18:45:17.322Z;functions.check_payment_type;  VERIFICANDO INFORMAÇÕES
25-04-2024 18:45:20.417Z;functions.waitForImage;  DADOS BANCARIOS image found.
25-04-2024 18:45:20.533Z;functions.check_payment_type;  DADOS BANCARIOS
25-04-2024 18:45:22.535Z;functions.check_payment_type;  ENTROU DADOS BANCÁRIOS
25-04-2024 18:45:22.636Z;functions.check_payment_type;  APERTA TAB
25-04-2024 18:45:26.841Z;functions.waitForImage;  PRESS BUTTON OK image found.
25-04-2024 18:45:28.964Z;functions.click_ok;  PRESS BUTTON OK
25-04-2024 18:45:33.058Z;functions.waitForImage;  PRESS BUTTON OK image found.
25-04-2024 18:45:35.187Z;functions.click_ok;  PRESS BUTTON OK
25-04-2024 18:45:39.307Z;functions.check_payment_type;  INCLUIDOS: 945101 REFERENCIAS NO PROCESSAMENTO
25-04-2024 18:45:41.409Z;functions.check_payment_type;  PASSANDO PARA PRÓXIMO REGISTRO
25-04-2024 18:45:51.511Z;functions.check_payment_type;  REF. LANÇAMENTO: 647091
25-04-2024 18:45:51.613Z;functions.check_payment_type;  ENTRANDO NO REGISTRO
25-04-2024 18:45:57.382Z;functions.waitForImage;  INTEGRAÇÃO BANCÁRIA image found.
25-04-2024 18:45:59.499Z;functions.check_payment_type;  CLICA EM INTEGRAÇÃO BANCÁRIA
25-04-2024 18:45:59.499Z;functions.check_payment_type;  VERIFICANDO INFORMAÇÕES
25-04-2024 18:46:02.578Z;functions.waitForImage;  DADOS BANCARIOS image found.
25-04-2024 18:46:02.695Z;functions.check_payment_type;  DADOS BANCARIOS
25-04-2024 18:46:04.695Z;functions.check_payment_type;  ENTROU DADOS BANCÁRIOS
25-04-2024 18:46:04.797Z;functions.check_payment_type;  APERTA TAB
25-04-2024 18:46:09.001Z;functions.waitForImage;  PRESS BUTTON OK image found.
25-04-2024 18:46:11.125Z;functions.click_ok;  PRESS BUTTON OK
25-04-2024 18:46:15.234Z;functions.waitForImage;  PRESS BUTTON OK image found.
25-04-2024 18:46:17.369Z;functions.click_ok;  PRESS BUTTON OK
25-04-2024 18:46:21.472Z;functions.check_payment_type;  INCLUIDOS: 647091 REFERENCIAS NO PROCESSAMENTO
25-04-2024 18:46:23.573Z;functions.check_payment_type;  PASSANDO PARA PRÓXIMO REGISTRO
25-04-2024 18:46:33.676Z;functions.check_payment_type;  REF. LANÇAMENTO: 664132
25-04-2024 18:46:33.778Z;functions.check_payment_type;  ENTRANDO NO REGISTRO
25-04-2024 18:46:40.791Z;functions.waitForImage;  INTEGRAÇÃO BANCÁRIA image found.
25-04-2024 18:46:42.920Z;functions.check_payment_type;  CLICA EM INTEGRAÇÃO BANCÁRIA
25-04-2024 18:46:42.920Z;functions.check_payment_type;  VERIFICANDO INFORMAÇÕES
25-04-2024 18:46:46.015Z;functions.waitForImage;  DADOS BANCARIOS image found.
25-04-2024 18:46:46.132Z;functions.check_payment_type;  DADOS BANCARIOS
25-04-2024 18:46:48.132Z;functions.check_payment_type;  ENTROU DADOS BANCÁRIOS
25-04-2024 18:46:48.233Z;functions.check_payment_type;  APERTA TAB
25-04-2024 18:46:52.435Z;functions.waitForImage;  PRESS BUTTON OK image found.
25-04-2024 18:46:54.554Z;functions.click_ok;  PRESS BUTTON OK
25-04-2024 18:46:58.648Z;functions.waitForImage;  PRESS BUTTON OK image found.
25-04-2024 18:47:00.774Z;functions.click_ok;  PRESS BUTTON OK
25-04-2024 18:47:04.884Z;functions.check_payment_type;  INCLUIDOS: 664132 REFERENCIAS NO PROCESSAMENTO
25-04-2024 18:47:06.986Z;functions.check_payment_type;  PASSANDO PARA PRÓXIMO REGISTRO
25-04-2024 18:47:17.088Z;functions.check_payment_type;  REF. LANÇAMENTO: 938915
25-04-2024 18:47:17.190Z;functions.check_payment_type;  ENTRANDO NO REGISTRO
25-04-2024 18:47:22.970Z;functions.waitForImage;  INTEGRAÇÃO BANCÁRIA image found.
25-04-2024 18:47:25.098Z;functions.check_payment_type;  CLICA EM INTEGRAÇÃO BANCÁRIA
25-04-2024 18:47:25.098Z;functions.check_payment_type;  VERIFICANDO INFORMAÇÕES
25-04-2024 18:47:28.188Z;functions.waitForImage;  DADOS BANCARIOS image found.
25-04-2024 18:47:28.320Z;functions.check_payment_type;  DADOS BANCARIOS
25-04-2024 18:47:30.321Z;functions.check_payment_type;  ENTROU DADOS BANCÁRIOS
25-04-2024 18:47:30.422Z;functions.check_payment_type;  APERTA TAB
25-04-2024 18:47:34.626Z;functions.waitForImage;  PRESS BUTTON OK image found.
25-04-2024 18:47:36.750Z;functions.click_ok;  PRESS BUTTON OK
25-04-2024 18:47:40.844Z;functions.waitForImage;  PRESS BUTTON OK image found.
25-04-2024 18:47:42.969Z;functions.click_ok;  PRESS BUTTON OK
25-04-2024 18:47:47.080Z;functions.check_payment_type;  INCLUIDOS: 938915 REFERENCIAS NO PROCESSAMENTO
25-04-2024 18:47:49.181Z;functions.check_payment_type;  PASSANDO PARA PRÓXIMO REGISTRO
25-04-2024 18:47:59.283Z;functions.check_payment_type;  REF. LANÇAMENTO: 938922
25-04-2024 18:47:59.386Z;functions.check_payment_type;  ENTRANDO NO REGISTRO
25-04-2024 18:48:06.974Z;functions.waitForImage;  INTEGRAÇÃO BANCÁRIA image found.
25-04-2024 18:48:09.107Z;functions.check_payment_type;  CLICA EM INTEGRAÇÃO BANCÁRIA
25-04-2024 18:48:09.107Z;functions.check_payment_type;  VERIFICANDO INFORMAÇÕES
25-04-2024 18:48:12.203Z;functions.waitForImage;  DADOS BANCARIOS image found.
25-04-2024 18:48:12.335Z;functions.check_payment_type;  DADOS BANCARIOS
25-04-2024 18:48:14.335Z;functions.check_payment_type;  ENTROU DADOS BANCÁRIOS
25-04-2024 18:48:14.437Z;functions.check_payment_type;  APERTA TAB
25-04-2024 18:48:18.642Z;functions.waitForImage;  PRESS BUTTON OK image found.
25-04-2024 18:48:20.768Z;functions.click_ok;  PRESS BUTTON OK
25-04-2024 18:48:24.878Z;functions.waitForImage;  PRESS BUTTON OK image found.
25-04-2024 18:48:26.998Z;functions.click_ok;  PRESS BUTTON OK
25-04-2024 18:48:31.109Z;functions.check_payment_type;  INCLUIDOS: 938922 REFERENCIAS NO PROCESSAMENTO
25-04-2024 18:48:33.211Z;functions.check_payment_type;  PASSANDO PARA PRÓXIMO REGISTRO
25-04-2024 18:48:43.313Z;functions.check_payment_type;  REF. LANÇAMENTO: 937610
25-04-2024 18:48:43.415Z;functions.check_payment_type;  ENTRANDO NO REGISTRO
25-04-2024 18:48:49.204Z;functions.waitForImage;  INTEGRAÇÃO BANCÁRIA image found.
25-04-2024 18:48:51.328Z;functions.check_payment_type;  CLICA EM INTEGRAÇÃO BANCÁRIA
25-04-2024 18:48:51.328Z;functions.check_payment_type;  VERIFICANDO INFORMAÇÕES
25-04-2024 18:48:54.423Z;functions.waitForImage;  DADOS BANCARIOS image found.
25-04-2024 18:48:54.540Z;functions.check_payment_type;  DADOS BANCARIOS
25-04-2024 18:48:56.541Z;functions.check_payment_type;  ENTROU DADOS BANCÁRIOS
25-04-2024 18:48:56.642Z;functions.check_payment_type;  APERTA TAB
25-04-2024 18:49:00.846Z;functions.waitForImage;  PRESS BUTTON OK image found.
25-04-2024 18:49:02.969Z;functions.click_ok;  PRESS BUTTON OK
25-04-2024 18:49:07.079Z;functions.waitForImage;  PRESS BUTTON OK image found.
25-04-2024 18:49:09.202Z;functions.click_ok;  PRESS BUTTON OK
25-04-2024 18:49:13.305Z;functions.check_payment_type;  INCLUIDOS: 937610 REFERENCIAS NO PROCESSAMENTO
25-04-2024 18:49:15.406Z;functions.check_payment_type;  PASSANDO PARA PRÓXIMO REGISTRO
25-04-2024 18:49:25.508Z;functions.check_payment_type;  REF. LANÇAMENTO: 944250
25-04-2024 18:49:25.611Z;functions.check_payment_type;  ENTRANDO NO REGISTRO
25-04-2024 18:49:33.250Z;functions.waitForImage;  INTEGRAÇÃO BANCÁRIA image found.
25-04-2024 18:49:35.377Z;functions.check_payment_type;  CLICA EM INTEGRAÇÃO BANCÁRIA
25-04-2024 18:49:35.377Z;functions.check_payment_type;  VERIFICANDO INFORMAÇÕES
25-04-2024 18:49:38.472Z;functions.waitForImage;  DADOS BANCARIOS image found.
25-04-2024 18:49:38.604Z;functions.check_payment_type;  DADOS BANCARIOS
25-04-2024 18:49:40.605Z;functions.check_payment_type;  ENTROU DADOS BANCÁRIOS
25-04-2024 18:49:40.706Z;functions.check_payment_type;  APERTA TAB
25-04-2024 18:49:44.911Z;functions.waitForImage;  PRESS BUTTON OK image found.
25-04-2024 18:49:47.034Z;functions.click_ok;  PRESS BUTTON OK
25-04-2024 18:49:51.140Z;functions.waitForImage;  PRESS BUTTON OK image found.
25-04-2024 18:49:53.275Z;functions.click_ok;  PRESS BUTTON OK
25-04-2024 18:49:57.394Z;functions.check_payment_type;  INCLUIDOS: 944250 REFERENCIAS NO PROCESSAMENTO
25-04-2024 18:49:59.496Z;functions.check_payment_type;  PASSANDO PARA PRÓXIMO REGISTRO
25-04-2024 18:50:09.598Z;functions.check_payment_type;  REF. LANÇAMENTO: 944253
25-04-2024 18:50:09.700Z;functions.check_payment_type;  ENTRANDO NO REGISTRO
25-04-2024 18:50:15.461Z;functions.waitForImage;  INTEGRAÇÃO BANCÁRIA image found.
25-04-2024 18:50:17.592Z;functions.check_payment_type;  CLICA EM INTEGRAÇÃO BANCÁRIA
25-04-2024 18:50:17.592Z;functions.check_payment_type;  VERIFICANDO INFORMAÇÕES
25-04-2024 18:50:20.686Z;functions.waitForImage;  DADOS BANCARIOS image found.
25-04-2024 18:50:20.803Z;functions.check_payment_type;  DADOS BANCARIOS
25-04-2024 18:50:22.803Z;functions.check_payment_type;  ENTROU DADOS BANCÁRIOS
25-04-2024 18:50:22.904Z;functions.check_payment_type;  APERTA TAB
25-04-2024 18:50:27.114Z;functions.waitForImage;  PRESS BUTTON OK image found.
25-04-2024 18:50:29.241Z;functions.click_ok;  PRESS BUTTON OK
25-04-2024 18:50:33.336Z;functions.waitForImage;  PRESS BUTTON OK image found.
25-04-2024 18:50:35.457Z;functions.click_ok;  PRESS BUTTON OK
25-04-2024 18:50:39.570Z;functions.check_payment_type;  INCLUIDOS: 944253 REFERENCIAS NO PROCESSAMENTO
25-04-2024 18:50:41.671Z;functions.check_payment_type;  PASSANDO PARA PRÓXIMO REGISTRO
25-04-2024 18:50:51.774Z;functions.check_payment_type;  REF. LANÇAMENTO: 944255
25-04-2024 18:50:51.876Z;functions.check_payment_type;  ENTRANDO NO REGISTRO
25-04-2024 18:50:59.553Z;functions.waitForImage;  INTEGRAÇÃO BANCÁRIA image found.
25-04-2024 18:51:01.681Z;functions.check_payment_type;  CLICA EM INTEGRAÇÃO BANCÁRIA
25-04-2024 18:51:01.681Z;functions.check_payment_type;  VERIFICANDO INFORMAÇÕES
25-04-2024 18:51:04.776Z;functions.waitForImage;  DADOS BANCARIOS image found.
25-04-2024 18:51:04.893Z;functions.check_payment_type;  DADOS BANCARIOS
25-04-2024 18:51:06.894Z;functions.check_payment_type;  ENTROU DADOS BANCÁRIOS
25-04-2024 18:51:06.995Z;functions.check_payment_type;  APERTA TAB
25-04-2024 18:51:11.203Z;functions.waitForImage;  PRESS BUTTON OK image found.
25-04-2024 18:51:13.325Z;functions.click_ok;  PRESS BUTTON OK
25-04-2024 18:51:17.446Z;functions.waitForImage;  PRESS BUTTON OK image found.
25-04-2024 18:51:19.563Z;functions.click_ok;  PRESS BUTTON OK
25-04-2024 18:51:23.675Z;functions.check_payment_type;  INCLUIDOS: 944255 REFERENCIAS NO PROCESSAMENTO
25-04-2024 18:51:25.776Z;functions.check_payment_type;  PASSANDO PARA PRÓXIMO REGISTRO
25-04-2024 18:51:35.878Z;functions.check_payment_type;  REF. LANÇAMENTO: 928841
25-04-2024 18:51:35.980Z;functions.check_payment_type;  ENTRANDO NO REGISTRO
25-04-2024 18:51:41.730Z;functions.waitForImage;  INTEGRAÇÃO BANCÁRIA image found.
25-04-2024 18:51:43.863Z;functions.check_payment_type;  CLICA EM INTEGRAÇÃO BANCÁRIA
25-04-2024 18:51:43.863Z;functions.check_payment_type;  VERIFICANDO INFORMAÇÕES
25-04-2024 18:51:46.958Z;functions.waitForImage;  DADOS BANCARIOS image found.
25-04-2024 18:51:47.090Z;functions.check_payment_type;  DADOS BANCARIOS
25-04-2024 18:51:49.091Z;functions.check_payment_type;  ENTROU DADOS BANCÁRIOS
25-04-2024 18:51:49.192Z;functions.check_payment_type;  APERTA TAB
25-04-2024 18:51:53.397Z;functions.waitForImage;  PRESS BUTTON OK image found.
25-04-2024 18:51:55.520Z;functions.click_ok;  PRESS BUTTON OK
25-04-2024 18:51:59.614Z;functions.waitForImage;  PRESS BUTTON OK image found.
25-04-2024 18:52:01.736Z;functions.click_ok;  PRESS BUTTON OK
25-04-2024 18:52:05.843Z;functions.check_payment_type;  INCLUIDOS: 928841 REFERENCIAS NO PROCESSAMENTO
25-04-2024 18:52:07.945Z;functions.check_payment_type;  PASSANDO PARA PRÓXIMO REGISTRO
25-04-2024 18:52:18.047Z;functions.check_payment_type;  REF. LANÇAMENTO: 927933
25-04-2024 18:52:18.149Z;functions.check_payment_type;  ENTRANDO NO REGISTRO
25-04-2024 18:52:25.822Z;functions.waitForImage;  INTEGRAÇÃO BANCÁRIA image found.
25-04-2024 18:52:27.955Z;functions.check_payment_type;  CLICA EM INTEGRAÇÃO BANCÁRIA
25-04-2024 18:52:27.955Z;functions.check_payment_type;  VERIFICANDO INFORMAÇÕES
25-04-2024 18:52:31.050Z;functions.waitForImage;  DADOS BANCARIOS image found.
25-04-2024 18:52:31.167Z;functions.check_payment_type;  DADOS BANCARIOS
25-04-2024 18:52:33.167Z;functions.check_payment_type;  ENTROU DADOS BANCÁRIOS
25-04-2024 18:52:33.269Z;functions.check_payment_type;  APERTA TAB
25-04-2024 18:52:37.485Z;functions.waitForImage;  PRESS BUTTON OK image found.
25-04-2024 18:52:39.603Z;functions.click_ok;  PRESS BUTTON OK
25-04-2024 18:52:43.697Z;functions.waitForImage;  PRESS BUTTON OK image found.
25-04-2024 18:52:45.822Z;functions.click_ok;  PRESS BUTTON OK
25-04-2024 18:52:49.931Z;functions.check_payment_type;  INCLUIDOS: 927933 REFERENCIAS NO PROCESSAMENTO
25-04-2024 18:52:52.033Z;functions.check_payment_type;  PASSANDO PARA PRÓXIMO REGISTRO
25-04-2024 18:53:02.135Z;functions.check_payment_type;  REF. LANÇAMENTO: 942127
25-04-2024 18:53:02.237Z;functions.check_payment_type;  ENTRANDO NO REGISTRO
25-04-2024 18:53:08.647Z;functions.waitForImage;  INTEGRAÇÃO BANCÁRIA image found.
25-04-2024 18:53:10.779Z;functions.check_payment_type;  CLICA EM INTEGRAÇÃO BANCÁRIA
25-04-2024 18:53:10.779Z;functions.check_payment_type;  VERIFICANDO INFORMAÇÕES
25-04-2024 18:53:13.873Z;functions.waitForImage;  DADOS BANCARIOS image found.
25-04-2024 18:53:13.991Z;functions.check_payment_type;  DADOS BANCARIOS
25-04-2024 18:53:15.991Z;functions.check_payment_type;  ENTROU DADOS BANCÁRIOS
25-04-2024 18:53:16.093Z;functions.check_payment_type;  APERTA TAB
25-04-2024 18:53:20.297Z;functions.waitForImage;  PRESS BUTTON OK image found.
25-04-2024 18:53:22.419Z;functions.click_ok;  PRESS BUTTON OK
25-04-2024 18:53:26.513Z;functions.waitForImage;  PRESS BUTTON OK image found.
25-04-2024 18:53:28.636Z;functions.click_ok;  PRESS BUTTON OK
25-04-2024 18:53:32.748Z;functions.check_payment_type;  INCLUIDOS: 942127 REFERENCIAS NO PROCESSAMENTO
25-04-2024 18:53:34.849Z;functions.check_payment_type;  PASSANDO PARA PRÓXIMO REGISTRO
25-04-2024 18:53:44.952Z;functions.check_payment_type;  REF. LANÇAMENTO: 942156
25-04-2024 18:53:45.054Z;functions.check_payment_type;  ENTRANDO NO REGISTRO
25-04-2024 18:53:52.082Z;functions.waitForImage;  INTEGRAÇÃO BANCÁRIA image found.
25-04-2024 18:53:54.207Z;functions.check_payment_type;  CLICA EM INTEGRAÇÃO BANCÁRIA
25-04-2024 18:53:54.207Z;functions.check_payment_type;  VERIFICANDO INFORMAÇÕES
25-04-2024 18:53:57.313Z;functions.waitForImage;  DADOS BANCARIOS image found.
25-04-2024 18:53:57.436Z;functions.check_payment_type;  DADOS BANCARIOS
25-04-2024 18:53:59.437Z;functions.check_payment_type;  ENTROU DADOS BANCÁRIOS
25-04-2024 18:53:59.538Z;functions.check_payment_type;  APERTA TAB
25-04-2024 18:54:03.740Z;functions.waitForImage;  PRESS BUTTON OK image found.
25-04-2024 18:54:05.864Z;functions.click_ok;  PRESS BUTTON OK
25-04-2024 18:54:09.974Z;functions.waitForImage;  PRESS BUTTON OK image found.
25-04-2024 18:54:12.091Z;functions.click_ok;  PRESS BUTTON OK
25-04-2024 18:54:16.203Z;functions.check_payment_type;  INCLUIDOS: 942156 REFERENCIAS NO PROCESSAMENTO
25-04-2024 18:54:18.304Z;functions.check_payment_type;  PASSANDO PARA PRÓXIMO REGISTRO
25-04-2024 18:54:28.407Z;functions.check_payment_type;  REF. LANÇAMENTO: 939494
25-04-2024 18:54:28.509Z;functions.check_payment_type;  ENTRANDO NO REGISTRO
25-04-2024 18:54:34.922Z;functions.waitForImage;  INTEGRAÇÃO BANCÁRIA image found.
25-04-2024 18:54:37.040Z;functions.check_payment_type;  CLICA EM INTEGRAÇÃO BANCÁRIA
25-04-2024 18:54:37.040Z;functions.check_payment_type;  VERIFICANDO INFORMAÇÕES
25-04-2024 18:54:40.140Z;functions.waitForImage;  DADOS BANCARIOS image found.
25-04-2024 18:54:40.258Z;functions.check_payment_type;  DADOS BANCARIOS
25-04-2024 18:54:42.259Z;functions.check_payment_type;  ENTROU DADOS BANCÁRIOS
25-04-2024 18:54:42.360Z;functions.check_payment_type;  APERTA TAB
25-04-2024 18:54:46.564Z;functions.waitForImage;  PRESS BUTTON OK image found.
25-04-2024 18:54:48.687Z;functions.click_ok;  PRESS BUTTON OK
25-04-2024 18:54:52.781Z;functions.waitForImage;  PRESS BUTTON OK image found.
25-04-2024 18:54:54.904Z;functions.click_ok;  PRESS BUTTON OK
25-04-2024 18:54:59.006Z;functions.check_payment_type;  INCLUIDOS: 939494 REFERENCIAS NO PROCESSAMENTO
25-04-2024 18:55:01.107Z;functions.check_payment_type;  PASSANDO PARA PRÓXIMO REGISTRO
25-04-2024 18:55:11.209Z;functions.check_payment_type;  REF. LANÇAMENTO: 944213
25-04-2024 18:55:11.312Z;functions.check_payment_type;  ENTRANDO NO REGISTRO
25-04-2024 18:55:22.063Z;functions.waitForImage;  INTEGRAÇÃO BANCÁRIA image found.
25-04-2024 18:55:24.191Z;functions.check_payment_type;  CLICA EM INTEGRAÇÃO BANCÁRIA
25-04-2024 18:55:24.191Z;functions.check_payment_type;  VERIFICANDO INFORMAÇÕES
25-04-2024 18:55:27.293Z;functions.waitForImage;  DADOS BANCARIOS image found.
25-04-2024 18:55:27.406Z;functions.check_payment_type;  DADOS BANCARIOS
25-04-2024 18:55:29.406Z;functions.check_payment_type;  ENTROU DADOS BANCÁRIOS
25-04-2024 18:55:29.508Z;functions.check_payment_type;  APERTA TAB
25-04-2024 18:55:33.713Z;functions.waitForImage;  PRESS BUTTON OK image found.
25-04-2024 18:55:35.838Z;functions.click_ok;  PRESS BUTTON OK
25-04-2024 18:55:39.933Z;functions.waitForImage;  PRESS BUTTON OK image found.
25-04-2024 18:55:42.059Z;functions.click_ok;  PRESS BUTTON OK
25-04-2024 18:55:46.170Z;functions.check_payment_type;  INCLUIDOS: 944213 REFERENCIAS NO PROCESSAMENTO
25-04-2024 18:55:48.272Z;functions.check_payment_type;  PASSANDO PARA PRÓXIMO REGISTRO
25-04-2024 18:55:58.391Z;functions.check_payment_type;  REF. LANÇAMENTO: 944233
25-04-2024 18:55:58.493Z;functions.check_payment_type;  ENTRANDO NO REGISTRO
25-04-2024 18:56:04.907Z;functions.waitForImage;  INTEGRAÇÃO BANCÁRIA image found.
25-04-2024 18:56:07.039Z;functions.check_payment_type;  CLICA EM INTEGRAÇÃO BANCÁRIA
25-04-2024 18:56:07.039Z;functions.check_payment_type;  VERIFICANDO INFORMAÇÕES
25-04-2024 18:56:10.140Z;functions.waitForImage;  DADOS BANCARIOS image found.
25-04-2024 18:56:10.258Z;functions.check_payment_type;  DADOS BANCARIOS
25-04-2024 18:56:12.258Z;functions.check_payment_type;  ENTROU DADOS BANCÁRIOS
25-04-2024 18:56:12.359Z;functions.check_payment_type;  APERTA TAB
25-04-2024 18:56:16.564Z;functions.waitForImage;  PRESS BUTTON OK image found.
25-04-2024 18:56:18.687Z;functions.click_ok;  PRESS BUTTON OK
25-04-2024 18:56:22.797Z;functions.waitForImage;  PRESS BUTTON OK image found.
25-04-2024 18:56:24.918Z;functions.click_ok;  PRESS BUTTON OK
25-04-2024 18:56:29.021Z;functions.check_payment_type;  INCLUIDOS: 944233 REFERENCIAS NO PROCESSAMENTO
25-04-2024 18:56:31.123Z;functions.check_payment_type;  PASSANDO PARA PRÓXIMO REGISTRO
25-04-2024 18:56:41.225Z;functions.check_payment_type;  REF. LANÇAMENTO: 944922
25-04-2024 18:56:41.327Z;functions.check_payment_type;  ENTRANDO NO REGISTRO
25-04-2024 18:56:49.582Z;functions.waitForImage;  INTEGRAÇÃO BANCÁRIA image found.
25-04-2024 18:56:51.704Z;functions.check_payment_type;  CLICA EM INTEGRAÇÃO BANCÁRIA
25-04-2024 18:56:51.704Z;functions.check_payment_type;  VERIFICANDO INFORMAÇÕES
25-04-2024 18:56:54.799Z;functions.waitForImage;  DADOS BANCARIOS image found.
25-04-2024 18:56:54.916Z;functions.check_payment_type;  DADOS BANCARIOS
25-04-2024 18:56:56.917Z;functions.check_payment_type;  ENTROU DADOS BANCÁRIOS
25-04-2024 18:56:57.018Z;functions.check_payment_type;  APERTA TAB
25-04-2024 18:57:01.221Z;functions.waitForImage;  PRESS BUTTON OK image found.
25-04-2024 18:57:03.353Z;functions.click_ok;  PRESS BUTTON OK
25-04-2024 18:57:07.467Z;functions.waitForImage;  PRESS BUTTON OK image found.
25-04-2024 18:57:09.586Z;functions.click_ok;  PRESS BUTTON OK
25-04-2024 18:57:13.689Z;functions.check_payment_type;  INCLUIDOS: 944922 REFERENCIAS NO PROCESSAMENTO
25-04-2024 18:57:15.790Z;functions.check_payment_type;  PASSANDO PARA PRÓXIMO REGISTRO
25-04-2024 18:57:25.893Z;functions.check_payment_type;  REF. LANÇAMENTO: 940678
25-04-2024 18:57:25.996Z;functions.check_payment_type;  ENTRANDO NO REGISTRO
25-04-2024 18:57:31.762Z;functions.waitForImage;  INTEGRAÇÃO BANCÁRIA image found.
25-04-2024 18:57:33.893Z;functions.check_payment_type;  CLICA EM INTEGRAÇÃO BANCÁRIA
25-04-2024 18:57:33.893Z;functions.check_payment_type;  VERIFICANDO INFORMAÇÕES
25-04-2024 18:57:36.988Z;functions.waitForImage;  DADOS BANCARIOS image found.
25-04-2024 18:57:37.105Z;functions.check_payment_type;  DADOS BANCARIOS
25-04-2024 18:57:39.105Z;functions.check_payment_type;  ENTROU DADOS BANCÁRIOS
25-04-2024 18:57:39.206Z;functions.check_payment_type;  APERTA TAB
25-04-2024 18:57:43.411Z;functions.waitForImage;  PRESS BUTTON OK image found.
25-04-2024 18:57:45.533Z;functions.click_ok;  PRESS BUTTON OK
25-04-2024 18:57:49.628Z;functions.waitForImage;  PRESS BUTTON OK image found.
25-04-2024 18:57:51.749Z;functions.click_ok;  PRESS BUTTON OK
25-04-2024 18:57:55.857Z;functions.check_payment_type;  INCLUIDOS: 940678 REFERENCIAS NO PROCESSAMENTO
25-04-2024 18:57:57.958Z;functions.check_payment_type;  PASSANDO PARA PRÓXIMO REGISTRO
25-04-2024 18:58:08.061Z;functions.check_payment_type;  REF. LANÇAMENTO: 931426
25-04-2024 18:58:08.164Z;functions.check_payment_type;  ENTRANDO NO REGISTRO
25-04-2024 18:58:15.188Z;functions.waitForImage;  INTEGRAÇÃO BANCÁRIA image found.
25-04-2024 18:58:17.312Z;functions.check_payment_type;  CLICA EM INTEGRAÇÃO BANCÁRIA
25-04-2024 18:58:17.312Z;functions.check_payment_type;  VERIFICANDO INFORMAÇÕES
25-04-2024 18:58:20.406Z;functions.waitForImage;  DADOS BANCARIOS image found.
25-04-2024 18:58:20.523Z;functions.check_payment_type;  DADOS BANCARIOS
25-04-2024 18:58:22.524Z;functions.check_payment_type;  ENTROU DADOS BANCÁRIOS
25-04-2024 18:58:22.625Z;functions.check_payment_type;  APERTA TAB
25-04-2024 18:58:26.830Z;functions.waitForImage;  PRESS BUTTON OK image found.
25-04-2024 18:58:28.954Z;functions.click_ok;  PRESS BUTTON OK
25-04-2024 18:58:33.048Z;functions.waitForImage;  PRESS BUTTON OK image found.
25-04-2024 18:58:35.190Z;functions.click_ok;  PRESS BUTTON OK
25-04-2024 18:58:39.297Z;functions.check_payment_type;  INCLUIDOS: 931426 REFERENCIAS NO PROCESSAMENTO
25-04-2024 18:58:41.398Z;functions.check_payment_type;  PASSANDO PARA PRÓXIMO REGISTRO
25-04-2024 18:58:51.501Z;functions.check_payment_type;  REF. LANÇAMENTO: 943097
25-04-2024 18:58:51.603Z;functions.check_payment_type;  ENTRANDO NO REGISTRO
25-04-2024 18:58:57.408Z;functions.waitForImage;  INTEGRAÇÃO BANCÁRIA image found.
25-04-2024 18:58:59.531Z;functions.check_payment_type;  CLICA EM INTEGRAÇÃO BANCÁRIA
25-04-2024 18:58:59.531Z;functions.check_payment_type;  VERIFICANDO INFORMAÇÕES
25-04-2024 18:59:02.641Z;functions.waitForImage;  DADOS BANCARIOS image found.
25-04-2024 18:59:02.758Z;functions.check_payment_type;  DADOS BANCARIOS
25-04-2024 18:59:04.758Z;functions.check_payment_type;  ENTROU DADOS BANCÁRIOS
25-04-2024 18:59:04.860Z;functions.check_payment_type;  APERTA TAB
25-04-2024 18:59:09.064Z;functions.waitForImage;  PRESS BUTTON OK image found.
25-04-2024 18:59:11.186Z;functions.click_ok;  PRESS BUTTON OK
25-04-2024 18:59:15.281Z;functions.waitForImage;  PRESS BUTTON OK image found.
25-04-2024 18:59:17.412Z;functions.click_ok;  PRESS BUTTON OK
25-04-2024 18:59:21.516Z;functions.check_payment_type;  INCLUIDOS: 943097 REFERENCIAS NO PROCESSAMENTO
25-04-2024 18:59:23.617Z;functions.check_payment_type;  PASSANDO PARA PRÓXIMO REGISTRO
25-04-2024 18:59:33.720Z;functions.check_payment_type;  REF. LANÇAMENTO: 943117
25-04-2024 18:59:33.822Z;functions.check_payment_type;  ENTRANDO NO REGISTRO
25-04-2024 18:59:40.872Z;functions.waitForImage;  INTEGRAÇÃO BANCÁRIA image found.
25-04-2024 18:59:43.000Z;functions.check_payment_type;  CLICA EM INTEGRAÇÃO BANCÁRIA
25-04-2024 18:59:43.000Z;functions.check_payment_type;  VERIFICANDO INFORMAÇÕES
25-04-2024 18:59:46.101Z;functions.waitForImage;  DADOS BANCARIOS image found.
25-04-2024 18:59:46.226Z;functions.check_payment_type;  DADOS BANCARIOS
25-04-2024 18:59:48.227Z;functions.check_payment_type;  ENTROU DADOS BANCÁRIOS
25-04-2024 18:59:48.328Z;functions.check_payment_type;  APERTA TAB
25-04-2024 18:59:52.571Z;functions.waitForImage;  PRESS BUTTON OK image found.
25-04-2024 18:59:54.688Z;functions.click_ok;  PRESS BUTTON OK
25-04-2024 18:59:58.783Z;functions.waitForImage;  PRESS BUTTON OK image found.
25-04-2024 19:00:00.904Z;functions.click_ok;  PRESS BUTTON OK
25-04-2024 19:00:05.015Z;functions.check_payment_type;  INCLUIDOS: 943117 REFERENCIAS NO PROCESSAMENTO
25-04-2024 19:00:07.116Z;functions.check_payment_type;  PASSANDO PARA PRÓXIMO REGISTRO
25-04-2024 19:00:17.218Z;functions.check_payment_type;  REF. LANÇAMENTO: 940293
25-04-2024 19:00:17.320Z;functions.check_payment_type;  ENTRANDO NO REGISTRO
25-04-2024 19:00:23.120Z;functions.waitForImage;  INTEGRAÇÃO BANCÁRIA image found.
25-04-2024 19:00:25.242Z;functions.check_payment_type;  CLICA EM INTEGRAÇÃO BANCÁRIA
25-04-2024 19:00:25.242Z;functions.check_payment_type;  VERIFICANDO INFORMAÇÕES
25-04-2024 19:00:28.336Z;functions.waitForImage;  DADOS BANCARIOS image found.
25-04-2024 19:00:28.468Z;functions.check_payment_type;  DADOS BANCARIOS
25-04-2024 19:00:30.469Z;functions.check_payment_type;  ENTROU DADOS BANCÁRIOS
25-04-2024 19:00:30.570Z;functions.check_payment_type;  APERTA TAB
25-04-2024 19:00:34.775Z;functions.waitForImage;  PRESS BUTTON OK image found.
25-04-2024 19:00:36.896Z;functions.click_ok;  PRESS BUTTON OK
25-04-2024 19:00:40.991Z;functions.waitForImage;  PRESS BUTTON OK image found.
25-04-2024 19:00:43.126Z;functions.click_ok;  PRESS BUTTON OK
25-04-2024 19:00:47.229Z;functions.check_payment_type;  INCLUIDOS: 940293 REFERENCIAS NO PROCESSAMENTO
25-04-2024 19:00:49.330Z;functions.check_payment_type;  PASSANDO PARA PRÓXIMO REGISTRO
25-04-2024 19:00:59.432Z;functions.check_payment_type;  REF. LANÇAMENTO: 944706
25-04-2024 19:00:59.535Z;functions.check_payment_type;  ENTRANDO NO REGISTRO
25-04-2024 19:01:06.502Z;functions.waitForImage;  INTEGRAÇÃO BANCÁRIA image found.
25-04-2024 19:01:08.634Z;functions.check_payment_type;  CLICA EM INTEGRAÇÃO BANCÁRIA
25-04-2024 19:01:08.634Z;functions.check_payment_type;  VERIFICANDO INFORMAÇÕES
25-04-2024 19:01:11.729Z;functions.waitForImage;  DADOS BANCARIOS image found.
25-04-2024 19:01:11.846Z;functions.check_payment_type;  DADOS BANCARIOS
25-04-2024 19:01:13.847Z;functions.check_payment_type;  ENTROU DADOS BANCÁRIOS
25-04-2024 19:01:13.949Z;functions.check_payment_type;  APERTA TAB
25-04-2024 19:01:18.156Z;functions.waitForImage;  PRESS BUTTON OK image found.
25-04-2024 19:01:20.277Z;functions.click_ok;  PRESS BUTTON OK
25-04-2024 19:01:24.402Z;functions.waitForImage;  PRESS BUTTON OK image found.
25-04-2024 19:01:26.523Z;functions.click_ok;  PRESS BUTTON OK
25-04-2024 19:01:30.633Z;functions.check_payment_type;  INCLUIDOS: 944706 REFERENCIAS NO PROCESSAMENTO
25-04-2024 19:01:32.734Z;functions.check_payment_type;  PASSANDO PARA PRÓXIMO REGISTRO
25-04-2024 19:01:42.836Z;functions.check_payment_type;  REF. LANÇAMENTO: 939894
25-04-2024 19:01:42.939Z;functions.check_payment_type;  ENTRANDO NO REGISTRO
25-04-2024 19:01:49.335Z;functions.waitForImage;  INTEGRAÇÃO BANCÁRIA image found.
25-04-2024 19:01:51.466Z;functions.check_payment_type;  CLICA EM INTEGRAÇÃO BANCÁRIA
25-04-2024 19:01:51.466Z;functions.check_payment_type;  VERIFICANDO INFORMAÇÕES
25-04-2024 19:01:54.561Z;functions.waitForImage;  DADOS BANCARIOS image found.
25-04-2024 19:01:54.693Z;functions.check_payment_type;  DADOS BANCARIOS
25-04-2024 19:01:56.694Z;functions.check_payment_type;  ENTROU DADOS BANCÁRIOS
25-04-2024 19:01:56.795Z;functions.check_payment_type;  APERTA TAB
25-04-2024 19:02:01.000Z;functions.waitForImage;  PRESS BUTTON OK image found.
25-04-2024 19:02:03.124Z;functions.click_ok;  PRESS BUTTON OK
25-04-2024 19:02:07.251Z;functions.waitForImage;  PRESS BUTTON OK image found.
25-04-2024 19:02:09.370Z;functions.click_ok;  PRESS BUTTON OK
25-04-2024 19:02:13.482Z;functions.check_payment_type;  INCLUIDOS: 939894 REFERENCIAS NO PROCESSAMENTO
25-04-2024 19:02:15.583Z;functions.check_payment_type;  PASSANDO PARA PRÓXIMO REGISTRO
25-04-2024 19:02:25.686Z;functions.check_payment_type;  REF. LANÇAMENTO: 944008
25-04-2024 19:02:25.788Z;functions.check_payment_type;  ENTRANDO NO REGISTRO
25-04-2024 19:02:33.443Z;functions.waitForImage;  INTEGRAÇÃO BANCÁRIA image found.
25-04-2024 19:02:35.570Z;functions.check_payment_type;  CLICA EM INTEGRAÇÃO BANCÁRIA
25-04-2024 19:02:35.570Z;functions.check_payment_type;  VERIFICANDO INFORMAÇÕES
25-04-2024 19:02:38.665Z;functions.waitForImage;  DADOS BANCARIOS image found.
25-04-2024 19:02:38.782Z;functions.check_payment_type;  DADOS BANCARIOS
25-04-2024 19:02:40.783Z;functions.check_payment_type;  ENTROU DADOS BANCÁRIOS
25-04-2024 19:02:40.884Z;functions.check_payment_type;  APERTA TAB
25-04-2024 19:02:45.089Z;functions.waitForImage;  PRESS BUTTON OK image found.
25-04-2024 19:02:47.213Z;functions.click_ok;  PRESS BUTTON OK
25-04-2024 19:02:51.307Z;functions.waitForImage;  PRESS BUTTON OK image found.
25-04-2024 19:02:53.429Z;functions.click_ok;  PRESS BUTTON OK
25-04-2024 19:02:57.538Z;functions.check_payment_type;  INCLUIDOS: 944008 REFERENCIAS NO PROCESSAMENTO
25-04-2024 19:02:59.639Z;functions.check_payment_type;  PASSANDO PARA PRÓXIMO REGISTRO
25-04-2024 19:03:09.742Z;functions.check_payment_type;  REF. LANÇAMENTO: 938505
25-04-2024 19:03:09.844Z;functions.check_payment_type;  ENTRANDO NO REGISTRO
25-04-2024 19:03:16.252Z;functions.waitForImage;  INTEGRAÇÃO BANCÁRIA image found.
25-04-2024 19:03:18.384Z;functions.check_payment_type;  CLICA EM INTEGRAÇÃO BANCÁRIA
25-04-2024 19:03:18.384Z;functions.check_payment_type;  VERIFICANDO INFORMAÇÕES
25-04-2024 19:03:21.479Z;functions.waitForImage;  DADOS BANCARIOS image found.
25-04-2024 19:03:21.596Z;functions.check_payment_type;  DADOS BANCARIOS
25-04-2024 19:03:23.597Z;functions.check_payment_type;  ENTROU DADOS BANCÁRIOS
25-04-2024 19:03:23.698Z;functions.check_payment_type;  APERTA TAB
25-04-2024 19:03:27.902Z;functions.waitForImage;  PRESS BUTTON OK image found.
25-04-2024 19:03:30.026Z;functions.click_ok;  PRESS BUTTON OK
25-04-2024 19:03:34.124Z;functions.waitForImage;  PRESS BUTTON OK image found.
25-04-2024 19:03:36.252Z;functions.click_ok;  PRESS BUTTON OK
25-04-2024 19:03:40.357Z;functions.check_payment_type;  INCLUIDOS: 938505 REFERENCIAS NO PROCESSAMENTO
25-04-2024 19:03:42.459Z;functions.check_payment_type;  PASSANDO PARA PRÓXIMO REGISTRO
25-04-2024 19:03:52.561Z;functions.check_payment_type;  REF. LANÇAMENTO: 939996
25-04-2024 19:03:52.663Z;functions.check_payment_type;  ENTRANDO NO REGISTRO
25-04-2024 19:03:59.658Z;functions.waitForImage;  INTEGRAÇÃO BANCÁRIA image found.
25-04-2024 19:04:01.787Z;functions.check_payment_type;  CLICA EM INTEGRAÇÃO BANCÁRIA
25-04-2024 19:04:01.787Z;functions.check_payment_type;  VERIFICANDO INFORMAÇÕES
25-04-2024 19:04:04.882Z;functions.waitForImage;  DADOS BANCARIOS image found.
25-04-2024 19:04:05.014Z;functions.check_payment_type;  DADOS BANCARIOS
25-04-2024 19:04:07.015Z;functions.check_payment_type;  ENTROU DADOS BANCÁRIOS
25-04-2024 19:04:07.116Z;functions.check_payment_type;  APERTA TAB
25-04-2024 19:04:11.321Z;functions.waitForImage;  PRESS BUTTON OK image found.
25-04-2024 19:04:13.446Z;functions.click_ok;  PRESS BUTTON OK
25-04-2024 19:04:17.541Z;functions.waitForImage;  PRESS BUTTON OK image found.
25-04-2024 19:04:19.659Z;functions.click_ok;  PRESS BUTTON OK
25-04-2024 19:04:23.768Z;functions.check_payment_type;  INCLUIDOS: 939996 REFERENCIAS NO PROCESSAMENTO
25-04-2024 19:04:25.870Z;functions.check_payment_type;  PASSANDO PARA PRÓXIMO REGISTRO
25-04-2024 19:04:35.973Z;functions.check_payment_type;  REF. LANÇAMENTO: 940199
25-04-2024 19:04:36.075Z;functions.check_payment_type;  ENTRANDO NO REGISTRO
25-04-2024 19:04:41.863Z;functions.waitForImage;  INTEGRAÇÃO BANCÁRIA image found.
25-04-2024 19:04:43.995Z;functions.check_payment_type;  CLICA EM INTEGRAÇÃO BANCÁRIA
25-04-2024 19:04:43.995Z;functions.check_payment_type;  VERIFICANDO INFORMAÇÕES
25-04-2024 19:04:47.090Z;functions.waitForImage;  DADOS BANCARIOS image found.
25-04-2024 19:04:47.206Z;functions.check_payment_type;  DADOS BANCARIOS
25-04-2024 19:04:49.206Z;functions.check_payment_type;  ENTROU DADOS BANCÁRIOS
25-04-2024 19:04:49.308Z;functions.check_payment_type;  APERTA TAB
25-04-2024 19:04:53.512Z;functions.waitForImage;  PRESS BUTTON OK image found.
25-04-2024 19:04:55.634Z;functions.click_ok;  PRESS BUTTON OK
25-04-2024 19:04:59.729Z;functions.waitForImage;  PRESS BUTTON OK image found.
25-04-2024 19:05:01.853Z;functions.click_ok;  PRESS BUTTON OK
25-04-2024 19:05:05.965Z;functions.check_payment_type;  INCLUIDOS: 940199 REFERENCIAS NO PROCESSAMENTO
25-04-2024 19:05:08.066Z;functions.check_payment_type;  PASSANDO PARA PRÓXIMO REGISTRO
25-04-2024 19:05:18.168Z;functions.check_payment_type;  REF. LANÇAMENTO: 942128
25-04-2024 19:05:18.270Z;functions.check_payment_type;  ENTRANDO NO REGISTRO
25-04-2024 19:05:25.280Z;functions.waitForImage;  INTEGRAÇÃO BANCÁRIA image found.
25-04-2024 19:05:27.405Z;functions.check_payment_type;  CLICA EM INTEGRAÇÃO BANCÁRIA
25-04-2024 19:05:27.405Z;functions.check_payment_type;  VERIFICANDO INFORMAÇÕES
25-04-2024 19:05:30.500Z;functions.waitForImage;  DADOS BANCARIOS image found.
25-04-2024 19:05:30.616Z;functions.check_payment_type;  DADOS BANCARIOS
25-04-2024 19:05:32.617Z;functions.check_payment_type;  ENTROU DADOS BANCÁRIOS
25-04-2024 19:05:32.718Z;functions.check_payment_type;  APERTA TAB
25-04-2024 19:05:36.923Z;functions.waitForImage;  PRESS BUTTON OK image found.
25-04-2024 19:05:39.046Z;functions.click_ok;  PRESS BUTTON OK
25-04-2024 19:05:43.145Z;functions.waitForImage;  PRESS BUTTON OK image found.
25-04-2024 19:05:45.256Z;functions.click_ok;  PRESS BUTTON OK
25-04-2024 19:05:49.365Z;functions.check_payment_type;  INCLUIDOS: 942128 REFERENCIAS NO PROCESSAMENTO
25-04-2024 19:05:51.466Z;functions.check_payment_type;  PASSANDO PARA PRÓXIMO REGISTRO
25-04-2024 19:06:01.569Z;functions.check_payment_type;  REF. LANÇAMENTO: 942135
25-04-2024 19:06:01.671Z;functions.check_payment_type;  ENTRANDO NO REGISTRO
25-04-2024 19:06:08.046Z;functions.waitForImage;  INTEGRAÇÃO BANCÁRIA image found.
25-04-2024 19:06:10.178Z;functions.check_payment_type;  CLICA EM INTEGRAÇÃO BANCÁRIA
25-04-2024 19:06:10.178Z;functions.check_payment_type;  VERIFICANDO INFORMAÇÕES
25-04-2024 19:06:13.273Z;functions.waitForImage;  DADOS BANCARIOS image found.
25-04-2024 19:06:13.405Z;functions.check_payment_type;  DADOS BANCARIOS
25-04-2024 19:06:15.406Z;functions.check_payment_type;  ENTROU DADOS BANCÁRIOS
25-04-2024 19:06:15.507Z;functions.check_payment_type;  APERTA TAB
25-04-2024 19:06:19.712Z;functions.waitForImage;  PRESS BUTTON OK image found.
25-04-2024 19:06:21.834Z;functions.click_ok;  PRESS BUTTON OK
25-04-2024 19:06:25.929Z;functions.waitForImage;  PRESS BUTTON OK image found.
25-04-2024 19:06:28.052Z;functions.click_ok;  PRESS BUTTON OK
25-04-2024 19:06:32.157Z;functions.check_payment_type;  INCLUIDOS: 942135 REFERENCIAS NO PROCESSAMENTO
25-04-2024 19:06:34.259Z;functions.check_payment_type;  PASSANDO PARA PRÓXIMO REGISTRO
25-04-2024 19:06:44.361Z;functions.check_payment_type;  REF. LANÇAMENTO: 942565
25-04-2024 19:06:44.463Z;functions.check_payment_type;  ENTRANDO NO REGISTRO
25-04-2024 19:06:51.487Z;functions.waitForImage;  INTEGRAÇÃO BANCÁRIA image found.
25-04-2024 19:06:53.606Z;functions.check_payment_type;  CLICA EM INTEGRAÇÃO BANCÁRIA
25-04-2024 19:06:53.606Z;functions.check_payment_type;  VERIFICANDO INFORMAÇÕES
25-04-2024 19:06:56.700Z;functions.waitForImage;  DADOS BANCARIOS image found.
25-04-2024 19:06:56.833Z;functions.check_payment_type;  DADOS BANCARIOS
25-04-2024 19:06:58.833Z;functions.check_payment_type;  ENTROU DADOS BANCÁRIOS
25-04-2024 19:06:58.935Z;functions.check_payment_type;  APERTA TAB
25-04-2024 19:07:03.146Z;functions.waitForImage;  PRESS BUTTON OK image found.
25-04-2024 19:07:05.273Z;functions.click_ok;  PRESS BUTTON OK
25-04-2024 19:07:09.399Z;functions.waitForImage;  PRESS BUTTON OK image found.
25-04-2024 19:07:11.516Z;functions.click_ok;  PRESS BUTTON OK
25-04-2024 19:07:15.625Z;functions.check_payment_type;  INCLUIDOS: 942565 REFERENCIAS NO PROCESSAMENTO
25-04-2024 19:07:17.726Z;functions.check_payment_type;  PASSANDO PARA PRÓXIMO REGISTRO
25-04-2024 19:07:27.829Z;functions.check_payment_type;  REF. LANÇAMENTO: 943112
25-04-2024 19:07:27.932Z;functions.check_payment_type;  ENTRANDO NO REGISTRO
25-04-2024 19:07:33.690Z;functions.waitForImage;  INTEGRAÇÃO BANCÁRIA image found.
25-04-2024 19:07:35.820Z;functions.check_payment_type;  CLICA EM INTEGRAÇÃO BANCÁRIA
25-04-2024 19:07:35.820Z;functions.check_payment_type;  VERIFICANDO INFORMAÇÕES
25-04-2024 19:07:38.915Z;functions.waitForImage;  DADOS BANCARIOS image found.
25-04-2024 19:07:39.032Z;functions.check_payment_type;  DADOS BANCARIOS
25-04-2024 19:07:41.033Z;functions.check_payment_type;  ENTROU DADOS BANCÁRIOS
25-04-2024 19:07:41.134Z;functions.check_payment_type;  APERTA TAB
25-04-2024 19:07:45.338Z;functions.waitForImage;  PRESS BUTTON OK image found.
25-04-2024 19:07:47.451Z;functions.click_ok;  PRESS BUTTON OK
25-04-2024 19:07:51.546Z;functions.waitForImage;  PRESS BUTTON OK image found.
25-04-2024 19:07:53.669Z;functions.click_ok;  PRESS BUTTON OK
25-04-2024 19:07:57.785Z;functions.check_payment_type;  INCLUIDOS: 943112 REFERENCIAS NO PROCESSAMENTO
25-04-2024 19:07:59.886Z;functions.check_payment_type;  PASSANDO PARA PRÓXIMO REGISTRO
25-04-2024 19:08:09.989Z;functions.check_payment_type;  REF. LANÇAMENTO: 943104
25-04-2024 19:08:10.090Z;functions.check_payment_type;  ENTRANDO NO REGISTRO
25-04-2024 19:08:17.101Z;functions.waitForImage;  INTEGRAÇÃO BANCÁRIA image found.
25-04-2024 19:08:19.220Z;functions.check_payment_type;  CLICA EM INTEGRAÇÃO BANCÁRIA
25-04-2024 19:08:19.220Z;functions.check_payment_type;  VERIFICANDO INFORMAÇÕES
25-04-2024 19:08:22.322Z;functions.waitForImage;  DADOS BANCARIOS image found.
25-04-2024 19:08:22.451Z;functions.check_payment_type;  DADOS BANCARIOS
25-04-2024 19:08:24.451Z;functions.check_payment_type;  ENTROU DADOS BANCÁRIOS
25-04-2024 19:08:24.552Z;functions.check_payment_type;  APERTA TAB
25-04-2024 19:08:28.757Z;functions.waitForImage;  PRESS BUTTON OK image found.
25-04-2024 19:08:30.881Z;functions.click_ok;  PRESS BUTTON OK
25-04-2024 19:08:34.975Z;functions.waitForImage;  PRESS BUTTON OK image found.
25-04-2024 19:08:37.097Z;functions.click_ok;  PRESS BUTTON OK
25-04-2024 19:08:41.213Z;functions.check_payment_type;  INCLUIDOS: 943104 REFERENCIAS NO PROCESSAMENTO
25-04-2024 19:08:43.315Z;functions.check_payment_type;  PASSANDO PARA PRÓXIMO REGISTRO
25-04-2024 19:08:53.417Z;functions.check_payment_type;  REF. LANÇAMENTO: 944533
25-04-2024 19:08:53.519Z;functions.check_payment_type;  ENTRANDO NO REGISTRO
25-04-2024 19:08:58.716Z;functions.waitForImage;  INTEGRAÇÃO BANCÁRIA image found.
25-04-2024 19:09:00.848Z;functions.check_payment_type;  CLICA EM INTEGRAÇÃO BANCÁRIA
25-04-2024 19:09:00.848Z;functions.check_payment_type;  VERIFICANDO INFORMAÇÕES
25-04-2024 19:09:03.943Z;functions.waitForImage;  DADOS BANCARIOS image found.
25-04-2024 19:09:04.060Z;functions.check_payment_type;  DADOS BANCARIOS
25-04-2024 19:09:06.061Z;functions.check_payment_type;  ENTROU DADOS BANCÁRIOS
25-04-2024 19:09:06.162Z;functions.check_payment_type;  APERTA TAB
25-04-2024 19:09:10.367Z;functions.waitForImage;  PRESS BUTTON OK image found.
25-04-2024 19:09:12.497Z;functions.click_ok;  PRESS BUTTON OK
25-04-2024 19:09:16.592Z;functions.waitForImage;  PRESS BUTTON OK image found.
25-04-2024 19:09:18.716Z;functions.click_ok;  PRESS BUTTON OK
25-04-2024 19:09:22.825Z;functions.check_payment_type;  INCLUIDOS: 944533 REFERENCIAS NO PROCESSAMENTO
25-04-2024 19:09:24.927Z;functions.check_payment_type;  PASSANDO PARA PRÓXIMO REGISTRO
25-04-2024 19:09:35.030Z;functions.check_payment_type;  REF. LANÇAMENTO: 937904
25-04-2024 19:09:35.132Z;functions.check_payment_type;  ENTRANDO NO REGISTRO
25-04-2024 19:09:42.141Z;functions.waitForImage;  INTEGRAÇÃO BANCÁRIA image found.
25-04-2024 19:09:44.257Z;functions.check_payment_type;  CLICA EM INTEGRAÇÃO BANCÁRIA
25-04-2024 19:09:44.258Z;functions.check_payment_type;  VERIFICANDO INFORMAÇÕES
25-04-2024 19:09:47.360Z;functions.waitForImage;  DADOS BANCARIOS image found.
25-04-2024 19:09:47.469Z;functions.check_payment_type;  DADOS BANCARIOS
25-04-2024 19:09:49.469Z;functions.check_payment_type;  ENTROU DADOS BANCÁRIOS
25-04-2024 19:09:49.571Z;functions.check_payment_type;  APERTA TAB
25-04-2024 19:09:53.775Z;functions.waitForImage;  PRESS BUTTON OK image found.
25-04-2024 19:09:55.899Z;functions.click_ok;  PRESS BUTTON OK
25-04-2024 19:09:59.994Z;functions.waitForImage;  PRESS BUTTON OK image found.
25-04-2024 19:10:02.121Z;functions.click_ok;  PRESS BUTTON OK
25-04-2024 19:10:06.223Z;functions.check_payment_type;  INCLUIDOS: 937904 REFERENCIAS NO PROCESSAMENTO
25-04-2024 19:10:08.324Z;functions.check_payment_type;  PASSANDO PARA PRÓXIMO REGISTRO
25-04-2024 19:10:18.427Z;functions.check_payment_type;  REF. LANÇAMENTO: 937712
25-04-2024 19:10:18.530Z;functions.check_payment_type;  ENTRANDO NO REGISTRO
25-04-2024 19:10:24.336Z;functions.waitForImage;  INTEGRAÇÃO BANCÁRIA image found.
25-04-2024 19:10:26.468Z;functions.check_payment_type;  CLICA EM INTEGRAÇÃO BANCÁRIA
25-04-2024 19:10:26.468Z;functions.check_payment_type;  VERIFICANDO INFORMAÇÕES
25-04-2024 19:10:29.562Z;functions.waitForImage;  DADOS BANCARIOS image found.
25-04-2024 19:10:29.679Z;functions.check_payment_type;  DADOS BANCARIOS
25-04-2024 19:10:31.680Z;functions.check_payment_type;  ENTROU DADOS BANCÁRIOS
25-04-2024 19:10:31.781Z;functions.check_payment_type;  APERTA TAB
25-04-2024 19:10:35.986Z;functions.waitForImage;  PRESS BUTTON OK image found.
25-04-2024 19:10:38.110Z;functions.click_ok;  PRESS BUTTON OK
25-04-2024 19:10:42.219Z;functions.waitForImage;  PRESS BUTTON OK image found.
25-04-2024 19:10:44.345Z;functions.click_ok;  PRESS BUTTON OK
25-04-2024 19:10:48.453Z;functions.check_payment_type;  INCLUIDOS: 937712 REFERENCIAS NO PROCESSAMENTO
25-04-2024 19:10:50.555Z;functions.check_payment_type;  PASSANDO PARA PRÓXIMO REGISTRO
25-04-2024 19:11:00.657Z;functions.check_payment_type;  REF. LANÇAMENTO: 939848
25-04-2024 19:11:00.759Z;functions.check_payment_type;  ENTRANDO NO REGISTRO
25-04-2024 19:11:08.368Z;functions.waitForImage;  INTEGRAÇÃO BANCÁRIA image found.
25-04-2024 19:11:10.497Z;functions.check_payment_type;  CLICA EM INTEGRAÇÃO BANCÁRIA
25-04-2024 19:11:10.497Z;functions.check_payment_type;  VERIFICANDO INFORMAÇÕES
25-04-2024 19:11:13.591Z;functions.waitForImage;  DADOS BANCARIOS image found.
25-04-2024 19:11:13.708Z;functions.check_payment_type;  DADOS BANCARIOS
25-04-2024 19:11:15.709Z;functions.check_payment_type;  ENTROU DADOS BANCÁRIOS
25-04-2024 19:11:15.810Z;functions.check_payment_type;  APERTA TAB
25-04-2024 19:11:20.015Z;functions.waitForImage;  PRESS BUTTON OK image found.
25-04-2024 19:11:22.140Z;functions.click_ok;  PRESS BUTTON OK
25-04-2024 19:11:26.236Z;functions.waitForImage;  PRESS BUTTON OK image found.
25-04-2024 19:11:28.362Z;functions.click_ok;  PRESS BUTTON OK
25-04-2024 19:11:32.475Z;functions.check_payment_type;  INCLUIDOS: 939848 REFERENCIAS NO PROCESSAMENTO
25-04-2024 19:11:34.577Z;functions.check_payment_type;  PASSANDO PARA PRÓXIMO REGISTRO
25-04-2024 19:11:44.679Z;functions.check_payment_type;  REF. LANÇAMENTO: 939857
25-04-2024 19:11:44.781Z;functions.check_payment_type;  ENTRANDO NO REGISTRO
25-04-2024 19:11:50.564Z;functions.waitForImage;  INTEGRAÇÃO BANCÁRIA image found.
25-04-2024 19:11:52.696Z;functions.check_payment_type;  CLICA EM INTEGRAÇÃO BANCÁRIA
25-04-2024 19:11:52.696Z;functions.check_payment_type;  VERIFICANDO INFORMAÇÕES
25-04-2024 19:11:55.791Z;functions.waitForImage;  DADOS BANCARIOS image found.
25-04-2024 19:11:55.923Z;functions.check_payment_type;  DADOS BANCARIOS
25-04-2024 19:11:57.924Z;functions.check_payment_type;  ENTROU DADOS BANCÁRIOS
25-04-2024 19:11:58.025Z;functions.check_payment_type;  APERTA TAB
25-04-2024 19:12:02.234Z;functions.waitForImage;  PRESS BUTTON OK image found.
25-04-2024 19:12:04.355Z;functions.click_ok;  PRESS BUTTON OK
25-04-2024 19:12:08.449Z;functions.waitForImage;  PRESS BUTTON OK image found.
25-04-2024 19:12:10.574Z;functions.click_ok;  PRESS BUTTON OK
25-04-2024 19:12:14.677Z;functions.check_payment_type;  INCLUIDOS: 939857 REFERENCIAS NO PROCESSAMENTO
25-04-2024 19:12:16.778Z;functions.check_payment_type;  PASSANDO PARA PRÓXIMO REGISTRO
25-04-2024 19:12:26.881Z;functions.check_payment_type;  REF. LANÇAMENTO: 939538
25-04-2024 19:12:26.983Z;functions.check_payment_type;  ENTRANDO NO REGISTRO
25-04-2024 19:12:34.568Z;functions.waitForImage;  INTEGRAÇÃO BANCÁRIA image found.
25-04-2024 19:12:36.699Z;functions.check_payment_type;  CLICA EM INTEGRAÇÃO BANCÁRIA
25-04-2024 19:12:36.699Z;functions.check_payment_type;  VERIFICANDO INFORMAÇÕES
25-04-2024 19:12:39.795Z;functions.waitForImage;  DADOS BANCARIOS image found.
25-04-2024 19:12:39.928Z;functions.check_payment_type;  DADOS BANCARIOS
25-04-2024 19:12:41.928Z;functions.check_payment_type;  ENTROU DADOS BANCÁRIOS
25-04-2024 19:12:42.029Z;functions.check_payment_type;  APERTA TAB
25-04-2024 19:12:46.282Z;functions.waitForImage;  PRESS BUTTON OK image found.
25-04-2024 19:12:48.400Z;functions.click_ok;  PRESS BUTTON OK
25-04-2024 19:12:52.513Z;functions.waitForImage;  PRESS BUTTON OK image found.
25-04-2024 19:12:54.634Z;functions.click_ok;  PRESS BUTTON OK
25-04-2024 19:12:58.745Z;functions.check_payment_type;  INCLUIDOS: 939538 REFERENCIAS NO PROCESSAMENTO
25-04-2024 19:13:00.846Z;functions.check_payment_type;  PASSANDO PARA PRÓXIMO REGISTRO
25-04-2024 19:13:10.949Z;functions.check_payment_type;  REF. LANÇAMENTO: 939814
25-04-2024 19:13:11.051Z;functions.check_payment_type;  ENTRANDO NO REGISTRO
25-04-2024 19:13:16.855Z;functions.waitForImage;  INTEGRAÇÃO BANCÁRIA image found.
25-04-2024 19:13:18.973Z;functions.check_payment_type;  CLICA EM INTEGRAÇÃO BANCÁRIA
25-04-2024 19:13:18.973Z;functions.check_payment_type;  VERIFICANDO INFORMAÇÕES
25-04-2024 19:13:22.068Z;functions.waitForImage;  DADOS BANCARIOS image found.
25-04-2024 19:13:22.185Z;functions.check_payment_type;  DADOS BANCARIOS
25-04-2024 19:13:24.186Z;functions.check_payment_type;  ENTROU DADOS BANCÁRIOS
25-04-2024 19:13:24.287Z;functions.check_payment_type;  APERTA TAB
25-04-2024 19:13:28.492Z;functions.waitForImage;  PRESS BUTTON OK image found.
25-04-2024 19:13:30.616Z;functions.click_ok;  PRESS BUTTON OK
25-04-2024 19:13:34.710Z;functions.waitForImage;  PRESS BUTTON OK image found.
25-04-2024 19:13:36.835Z;functions.click_ok;  PRESS BUTTON OK
25-04-2024 19:13:40.937Z;functions.check_payment_type;  INCLUIDOS: 939814 REFERENCIAS NO PROCESSAMENTO
25-04-2024 19:13:43.039Z;functions.check_payment_type;  PASSANDO PARA PRÓXIMO REGISTRO
25-04-2024 19:13:53.141Z;functions.check_payment_type;  REF. LANÇAMENTO: 939820
25-04-2024 19:13:53.243Z;functions.check_payment_type;  ENTRANDO NO REGISTRO
25-04-2024 19:14:00.234Z;functions.waitForImage;  INTEGRAÇÃO BANCÁRIA image found.
25-04-2024 19:14:02.367Z;functions.check_payment_type;  CLICA EM INTEGRAÇÃO BANCÁRIA
25-04-2024 19:14:02.367Z;functions.check_payment_type;  VERIFICANDO INFORMAÇÕES
25-04-2024 19:14:05.462Z;functions.waitForImage;  DADOS BANCARIOS image found.
25-04-2024 19:14:05.579Z;functions.check_payment_type;  DADOS BANCARIOS
25-04-2024 19:14:07.579Z;functions.check_payment_type;  ENTROU DADOS BANCÁRIOS
25-04-2024 19:14:07.680Z;functions.check_payment_type;  APERTA TAB
25-04-2024 19:14:11.885Z;functions.waitForImage;  PRESS BUTTON OK image found.
25-04-2024 19:14:14.010Z;functions.click_ok;  PRESS BUTTON OK
25-04-2024 19:14:18.111Z;functions.waitForImage;  PRESS BUTTON OK image found.
25-04-2024 19:14:20.244Z;functions.click_ok;  PRESS BUTTON OK
25-04-2024 19:14:24.346Z;functions.check_payment_type;  INCLUIDOS: 939820 REFERENCIAS NO PROCESSAMENTO
25-04-2024 19:14:26.447Z;functions.check_payment_type;  PASSANDO PARA PRÓXIMO REGISTRO
25-04-2024 19:14:36.550Z;functions.check_payment_type;  REF. LANÇAMENTO: 939837
25-04-2024 19:14:36.652Z;functions.check_payment_type;  ENTRANDO NO REGISTRO
25-04-2024 19:14:41.828Z;functions.waitForImage;  INTEGRAÇÃO BANCÁRIA image found.
25-04-2024 19:14:43.949Z;functions.check_payment_type;  CLICA EM INTEGRAÇÃO BANCÁRIA
25-04-2024 19:14:43.949Z;functions.check_payment_type;  VERIFICANDO INFORMAÇÕES
25-04-2024 19:14:47.044Z;functions.waitForImage;  DADOS BANCARIOS image found.
25-04-2024 19:14:47.177Z;functions.check_payment_type;  DADOS BANCARIOS
25-04-2024 19:14:49.177Z;functions.check_payment_type;  ENTROU DADOS BANCÁRIOS
25-04-2024 19:14:49.278Z;functions.check_payment_type;  APERTA TAB
25-04-2024 19:14:53.482Z;functions.waitForImage;  PRESS BUTTON OK image found.
25-04-2024 19:14:55.607Z;functions.click_ok;  PRESS BUTTON OK
25-04-2024 19:14:59.702Z;functions.waitForImage;  PRESS BUTTON OK image found.
25-04-2024 19:15:01.824Z;functions.click_ok;  PRESS BUTTON OK
25-04-2024 19:15:05.932Z;functions.check_payment_type;  INCLUIDOS: 939837 REFERENCIAS NO PROCESSAMENTO
25-04-2024 19:15:08.034Z;functions.check_payment_type;  PASSANDO PARA PRÓXIMO REGISTRO
25-04-2024 19:15:18.136Z;functions.check_payment_type;  REF. LANÇAMENTO: 939812
25-04-2024 19:15:18.237Z;functions.check_payment_type;  ENTRANDO NO REGISTRO
25-04-2024 19:15:25.234Z;functions.waitForImage;  INTEGRAÇÃO BANCÁRIA image found.
25-04-2024 19:15:27.365Z;functions.check_payment_type;  CLICA EM INTEGRAÇÃO BANCÁRIA
25-04-2024 19:15:27.365Z;functions.check_payment_type;  VERIFICANDO INFORMAÇÕES
25-04-2024 19:15:30.459Z;functions.waitForImage;  DADOS BANCARIOS image found.
25-04-2024 19:15:30.576Z;functions.check_payment_type;  DADOS BANCARIOS
25-04-2024 19:15:32.576Z;functions.check_payment_type;  ENTROU DADOS BANCÁRIOS
25-04-2024 19:15:32.677Z;functions.check_payment_type;  APERTA TAB
25-04-2024 19:15:36.882Z;functions.waitForImage;  PRESS BUTTON OK image found.
25-04-2024 19:15:39.008Z;functions.click_ok;  PRESS BUTTON OK
25-04-2024 19:15:43.110Z;functions.waitForImage;  PRESS BUTTON OK image found.
25-04-2024 19:15:45.251Z;functions.click_ok;  PRESS BUTTON OK
25-04-2024 19:15:49.360Z;functions.check_payment_type;  INCLUIDOS: 939812 REFERENCIAS NO PROCESSAMENTO
25-04-2024 19:15:51.461Z;functions.check_payment_type;  PASSANDO PARA PRÓXIMO REGISTRO
25-04-2024 19:16:01.564Z;functions.check_payment_type;  REF. LANÇAMENTO: 944983
25-04-2024 19:16:01.666Z;functions.check_payment_type;  ENTRANDO NO REGISTRO
25-04-2024 19:16:08.068Z;functions.waitForImage;  INTEGRAÇÃO BANCÁRIA image found.
25-04-2024 19:16:10.199Z;functions.check_payment_type;  CLICA EM INTEGRAÇÃO BANCÁRIA
25-04-2024 19:16:10.200Z;functions.check_payment_type;  VERIFICANDO INFORMAÇÕES
25-04-2024 19:16:13.294Z;functions.waitForImage;  DADOS BANCARIOS image found.
25-04-2024 19:16:13.426Z;functions.check_payment_type;  DADOS BANCARIOS
25-04-2024 19:16:15.427Z;functions.check_payment_type;  ENTROU DADOS BANCÁRIOS
25-04-2024 19:16:15.528Z;functions.check_payment_type;  APERTA TAB
25-04-2024 19:16:19.731Z;functions.waitForImage;  PRESS BUTTON OK image found.
25-04-2024 19:16:21.853Z;functions.click_ok;  PRESS BUTTON OK
25-04-2024 19:16:25.948Z;functions.waitForImage;  PRESS BUTTON OK image found.
25-04-2024 19:16:28.073Z;functions.click_ok;  PRESS BUTTON OK
25-04-2024 19:16:32.176Z;functions.check_payment_type;  INCLUIDOS: 944983 REFERENCIAS NO PROCESSAMENTO
25-04-2024 19:16:32.176Z;functions.check_payment_type;  FORAM INCLUIDOS: 50 REFERENCIAS NO PROCESSAMENTO
25-04-2024 19:16:39.703Z;functions.process_lancamentos;  CLICA PARA APARECER CONTA/CAIXA
25-04-2024 19:16:40.360Z;functions.process_lancamentos;  SELECIONA CONTA/CAIXA
25-04-2024 19:16:41.061Z;functions.process_lancamentos;  CLICA NO BOTÃO [...]
25-04-2024 19:16:46.166Z;functions.process_lancamentos;  CLICA NO CAMPO PESQUISA E DIGITA: %3212
25-04-2024 19:16:46.806Z;functions.process_lancamentos;  CLICA NO BOTÃO DO FILTRO
25-04-2024 19:16:47.800Z;functions.process_lancamentos;  CLICA NO BOTÃO OK
25-04-2024 19:16:48.704Z;functions.process_lancamentos;  CLICA NO BOTÃO EXECUTAR
25-04-2024 19:17:35.829Z;functions.waitForImage;  PRESS BUTTON OK image found.
25-04-2024 19:17:37.839Z;functions.process_lancamentos;  O PROCESSAMENTO FOI EXECUTADO COM SUCESSO.
25-04-2024 19:17:44.735Z;functions.process_lancamentos;  ERRO: Lançamento Ref. 647091: Convênio alterado para o convênio default '7' da conta Caixa '02675-5' .
Lançamento Ref. 664132: Convênio alterado para o convênio default '7' da conta Caixa '02675-5' .
Lançamento Ref. 927933: Convênio alterado para o convênio default '7' da conta Caixa '02675-5' .
Lançamento Ref. 928841: Convênio alterado para o convênio default '7' da conta Caixa '02675-5' .
Lançamento Ref. 931426: Convênio alterado para o convênio default '7' da conta Caixa '02675-5' .
Lançamento Ref. 936321: Convênio alterado para o convênio default '7' da conta Caixa '02675-5' .
Lançamento Ref. 936747: Convênio alterado para o convênio default '7' da conta Caixa '02675-5' .
Lançamento Ref. 937610: Convênio alterado para o convênio default '7' da conta Caixa '02675-5' .
Lançamento Ref. 937712: Convênio alterado para o convênio default '7' da conta Caixa '02675-5' .
Lançamento Ref. 937904: Convênio alterado para o convênio default '7' da conta Caixa '02675-5' .
Lançamento Ref. 938505: Convênio alterado para o convênio default '7' da conta Caixa '02675-5' .
Lançamento Ref. 938876: Convênio alterado para o convênio default '7' da conta Caixa '02675-5' .
Lançamento Ref. 938915: Convênio alterado para o convênio default '7' da conta Caixa '02675-5' .
Lançamento Ref. 938922: Convênio alterado para o convênio default '7' da conta Caixa '02675-5' .
Lançamento Ref. 939494: Convênio alterado para o convênio default '7' da conta Caixa '02675-5' .
Lançamento Ref. 939538: Convênio alterado para o convênio default '7' da conta Caixa '02675-5' .
Lançamento Ref. 939812: Convênio alterado para o convênio default '7' da conta Caixa '02675-5' .
Lançamento Ref. 939814: Convênio alterado para o convênio default '7' da conta Caixa '02675-5' .
Lançamento Ref. 939820: Convênio alterado para o convênio default '7' da conta Caixa '02675-5' .
Lançamento Ref. 939837: Convênio alterado para o convênio default '7' da conta Caixa '02675-5' .
Lançamento Ref. 939848: Convênio alterado para o convênio default '7' da conta Caixa '02675-5' .
Lançamento Ref. 939857: Convênio alterado para o convênio default '7' da conta Caixa '02675-5' .
Lançamento Ref. 939894: Convênio alterado para o convênio default '7' da conta Caixa '02675-5' .
Lançamento Ref. 939996: Convênio alterado para o convênio default '7' da conta Caixa '02675-5' .
Lançamento Ref. 940199: Convênio alterado para o convênio default '7' da conta Caixa '02675-5' .
Lançamento Ref. 940293: Convênio alterado para o convênio default '7' da conta Caixa '02675-5' .
Lançamento Ref. 940678: Convênio alterado para o convênio default '7' da conta Caixa '02675-5' .
Lançamento Ref. 941060: Convênio alterado para o convênio default '7' da conta Caixa '02675-5' .
Lançamento Ref. 942127: Convênio alterado para o convênio default '7' da conta Caixa '02675-5' .
Lançamento Ref. 942128: Convênio alterado para o convênio default '7' da conta Caixa '02675-5' .
Lançamento Ref. 942135: Convênio alterado para o convênio default '7' da conta Caixa '02675-5' .
Lançamento Ref. 942156: Convênio alterado para o convênio default '7' da conta Caixa '02675-5' .
Lançamento Ref. 942565: Convênio alterado para o convênio default '7' da conta Caixa '02675-5' .
Lançamento Ref. 943097: Convênio alterado para o convênio default '7' da conta Caixa '02675-5' .
Lançamento Ref. 943104: Convênio alterado para o convênio default '7' da conta Caixa '02675-5' .
Lançamento Ref. 943112: Convênio alterado para o convênio default '7' da conta Caixa '02675-5' .
Lançamento Ref. 943117: Convênio alterado para o convênio default '7' da conta Caixa '02675-5' .
Lançamento Ref. 944008: Convênio alterado para o convênio default '7' da conta Caixa '02675-5' .
Lançamento Ref. 944213: Convênio alterado para o convênio default '7' da conta Caixa '02675-5' .
Lançamento Ref. 944233: Convênio alterado para o convênio default '7' da conta Caixa '02675-5' .
Lançamento Ref. 944250: Convênio alterado para o convênio default '7' da conta Caixa '02675-5' .
Lançamento Ref. 944253: Convênio alterado para o convênio default '7' da conta Caixa '02675-5' .
Lançamento Ref. 944255: Convênio alterado para o convênio default '7' da conta Caixa '02675-5' .
Lançamento Ref. 944502: Convênio alterado para o convênio default '7' da conta Caixa '02675-5' .
Lançamento Ref. 944533: Convênio alterado para o convênio default '7' da conta Caixa '02675-5' .
Lançamento Ref. 944706: Convênio alterado para o convênio default '7' da conta Caixa '02675-5' .
Lançamento Ref. 944922: Convênio alterado para o convênio default '7' da conta Caixa '02675-5' .
Lançamento Ref. 944983: Convênio alterado para o convênio default '7' da conta Caixa '02675-5' .
Lançamento Ref. 945061: Convênio alterado para o convênio default '7' da conta Caixa '02675-5' .
Lançamento Ref. 945101: Convênio alterado para o convênio default '7' da conta Caixa '02675-5' .
Alteração Global de Lançamentos executada com sucesso

25-04-2024 19:17:45.313Z;functions.process_lancamentos;  CLICK EM FECHAR.
25-04-2024 19:30:05.962Z;functions.proccess_bordero;  SELECIONAR INCLUSÃO DE BORDERO
25-04-2024 19:30:26.440Z;functions.waitForImage;  PRESS BUTON SIM image not found.
25-04-2024 19:32:37.361Z;functions.show_exception_and_exit;  'NoneType' object has no attribute 'click'
Traceback (most recent call last):
  File "C:\Projetos_Remessas\Remessa_Bancaria\main.py", line 156, in <module>
    result = process_lancamentos()
             ^^^^^^^^^^^^^^^^^^^^^
  File "C:\Projetos_Remessas\Remessa_Bancaria\SUBPROGRAMS\functions.py", line 669, in process_lancamentos
    proccess_bordero()
  File "C:\Projetos_Remessas\Remessa_Bancaria\SUBPROGRAMS\functions.py", line 813, in proccess_bordero
    menuitem_inclusao_bordero.click()
    ^^^^^^^^^^^^^^^^^^^^^^^^^^^^^^^
AttributeError: 'NoneType' object has no attribute 'click'
25-04-2024 19:32:37.689Z;functions.show_exception_and_exit;  PRINT SALVO
25-04-2024 19:32:37.763Z;functions.show_exception_and_exit;  RM FECHADO
25-04-2024 19:32:41.551Z;errorhandler.__handle;  Property: Unknown Property name. [1:203: -ms-interpolation-mode]
25-04-2024 19:32:41.567Z;errorhandler.__handle;  Property: Unknown Property name. [1:353: -webkit-font-smoothing]
25-04-2024 19:32:41.567Z;errorhandler.__handle;  Property: Unknown Property name. [1:483: -ms-text-size-adjust]
25-04-2024 19:32:41.567Z;errorhandler.__handle;  Property: Unknown Property name. [1:518: -webkit-text-size-adjust]
25-04-2024 19:32:41.567Z;errorhandler.__handle;  Property: Unknown Property name. [1:612: mso-table-lspace]
25-04-2024 19:32:41.567Z;errorhandler.__handle;  Property: Unknown Property name. [1:642: mso-table-rspace]
25-04-2024 19:32:41.614Z;errorhandler.__handle;  Property: Unknown Property name. [1:4734: mso-hide]
25-04-2024 19:32:41.629Z;errorhandler.__handle;  Property: Unknown Property name. [1:13: -ms-interpolation-mode]
25-04-2024 19:32:41.629Z;errorhandler.__handle;  Property: Unknown Property name. [1:49: -webkit-font-smoothing]
25-04-2024 19:32:41.629Z;errorhandler.__handle;  Property: Unknown Property name. [1:134: -ms-text-size-adjust]
25-04-2024 19:32:41.629Z;errorhandler.__handle;  Property: Unknown Property name. [1:160: -webkit-text-size-adjust]
25-04-2024 19:32:41.629Z;errorhandler.__handle;  Property: Unknown Property name. [1:26: mso-table-lspace]
25-04-2024 19:32:41.645Z;errorhandler.__handle;  Property: Unknown Property name. [1:45: mso-table-rspace]
25-04-2024 19:32:41.645Z;errorhandler.__handle;  Property: Unknown Property name. [1:92: mso-hide]
25-04-2024 19:32:41.645Z;errorhandler.__handle;  Property: No ":" after name found: align-center [1:1: align-center]
25-04-2024 19:32:41.645Z;errorhandler.__handle;  Property: No property value found: align-center [1:1: align-center]
25-04-2024 19:32:41.645Z;errorhandler.__handle;  CSSStyleDeclaration: Syntax Error in Property: align-center
25-04-2024 19:32:41.645Z;errorhandler.__handle;  Property: Unknown Property name. [1:14: -ms-interpolation-mode]
25-04-2024 19:32:47.118Z;functions.show_exception_and_exit;  EMAIL EXCEÇÃO ENVIADO
25-04-2024 19:32:47.118Z;functions.show_exception_and_exit;  ERRO - <class 'AttributeError'> / 'NoneType' object has no attribute 'click'
