26-04-2024 15:00:19.349Z;functions.bot_text_art;      ____   
26-04-2024 15:00:19.349Z;functions.bot_text_art;     [____]    
26-04-2024 15:00:19.349Z;functions.bot_text_art;   |=]()()[=|  
26-04-2024 15:00:19.349Z;functions.bot_text_art;     _\==/__    _____    ____     _        _____    ___   _  __
26-04-2024 15:00:19.349Z;functions.bot_text_art;   |__|   |_|  |  _  \  / ___|   | |      |_   _| / ___| | |/ /
26-04-2024 15:00:19.349Z;functions.bot_text_art;   |_|_/\_|_|  | |  | | | |      | |        | |   | |    | ' / 
26-04-2024 15:00:19.349Z;functions.bot_text_art;   | | __ | |  | |  | | | |      | |        | |   | |    |  <  
26-04-2024 15:00:19.349Z;functions.bot_text_art;   |_|[  ]|_|  | |__| | | |____  | |____   _| |_  | |__  | . \ 
26-04-2024 15:00:19.349Z;functions.bot_text_art;   \_|_||_|_/  |_____/   \_____| |______| |_____| \ ___| |_|\_\
26-04-2024 15:00:19.349Z;functions.bot_text_art;     |_||_|                                                     
26-04-2024 15:00:19.349Z;functions.bot_text_art;     | ||_|_   
26-04-2024 15:00:19.349Z;functions.bot_text_art;   |___||___|  
26-04-2024 15:00:19.349Z;functions.bot_text_art;               
26-04-2024 15:00:19.349Z;functions.open_RM;  OPEN PROGRAM RM
26-04-2024 15:00:31.721Z;functions.loggin_RM;  ENTER USER_NAME
26-04-2024 15:00:35.567Z;functions.loggin_RM;  ENTER PASSWORD
26-04-2024 15:00:36.239Z;functions.loggin_RM;  ENTER RM
26-04-2024 15:02:43.911Z;functions.enter_coligada;  CLICK CONTEXTO
26-04-2024 15:02:45.569Z;functions.enter_coligada;  CLICK ALTERAR MODULO DO CONTEXTO
26-04-2024 15:02:48.896Z;functions.enter_coligada;  INSERE O COLIGADA CODE = 1
26-04-2024 15:02:48.997Z;functions.enter_coligada;  APERTA TAB PARA PREENCHER O CAMPO COM A STRING: OCEANICA ENGENHARIA E CONSULTORIA S.A.
26-04-2024 15:02:50.911Z;functions.enter_coligada;  CLICK AVANÇAR NOVAMENTE
26-04-2024 15:02:52.365Z;functions.enter_coligada;  CLICK CONCLUIR
26-04-2024 15:03:11.786Z;functions.enter_coligada;  POP UP COLIGADA DESAPARECER
26-04-2024 15:03:12.396Z;functions.check_movimentacao_bancaria;  CLICK - TOTVS - LINHA RM
26-04-2024 15:03:13.458Z;functions.check_movimentacao_bancaria;  CLICK - BACK OFFICE
26-04-2024 15:03:15.770Z;functions.check_movimentacao_bancaria;  CLICK - GESTAO FINANCEIRA
26-04-2024 15:03:23.911Z;functions.movimentacao_bancaria;  CLICA NA ABA MOVIMENTAÇÃO BANCARIA
26-04-2024 15:03:24.046Z;functions.waitForImage;  IMAGEM BORDERO image found.
26-04-2024 15:03:26.165Z;functions.movimentacao_bancaria;  IMAGEM BORDERO CLICADA.
26-04-2024 15:03:36.576Z;functions.waitForImage;  LICENCAS EXCEDIDAS image not found.
26-04-2024 15:03:37.129Z;functions.movimentacao_bancaria;  ENCONTROU O FILTRO DA MOVIMENTAÇÃO BANCÁRIA
26-04-2024 15:03:37.160Z;functions.movimentacao_bancaria;  CLICA NA ABA SUPERIOR DO FILTRO
26-04-2024 15:03:41.668Z;functions.movimentacao_bancaria;  SELECIONA O FILTRO HOJE
26-04-2024 15:03:46.762Z;functions.waitForImage;  FILTER CLEAN image found.
26-04-2024 15:03:48.881Z;functions.filter_clean;  CLICA NO BOTÃO X DO LIMPA FILTRO
26-04-2024 15:04:03.989Z;functions.waitForImage;  FILTER CLEAN image not found.
26-04-2024 15:04:19.040Z;functions.waitForImage;  FILTER CLEAN image not found.
26-04-2024 15:04:19.806Z;functions.movimentacao_bancaria;  CLICA NA PRIMEIRA LINHA DA TABELA MOVIMENTAÇÃO BANCÁRIA
26-04-2024 15:04:20.536Z;functions.movimentacao_bancaria;  CLICA NA PRIMEIRA LINHA DA TABELA MOVIMENTAÇÃO BANCÁRIA
26-04-2024 15:04:21.747Z;functions.movimentacao_bancaria;  12 PASSOS PARA DIREITA NA TABELA >>
26-04-2024 15:04:23.020Z;functions.movimentacao_bancaria;  HOVER FILTER
26-04-2024 15:04:23.407Z;functions.movimentacao_bancaria;  CLICK FILTER
26-04-2024 15:04:27.717Z;functions.movimentacao_bancaria;  CLICA NO FILTRO  STATUS DA REMESSA
26-04-2024 15:04:29.818Z;functions.movimentacao_bancaria;  APERTA TAB PARA ESCREVER O FILTRO
26-04-2024 15:04:31.923Z;functions.movimentacao_bancaria;  ESCREVE PENDENTE NO FILTRO
26-04-2024 15:04:34.026Z;functions.movimentacao_bancaria;  APERTA ENTER PARA SELECIONAR OS PENDENTES
26-04-2024 15:04:55.020Z;functions.movimentacao_bancaria;  SEM PROCESSAMENTO DE BORDERO PENDENTE
26-04-2024 15:05:05.115Z;functions.waitForImage;  FILTER CLEAN image found.
26-04-2024 15:05:07.240Z;functions.filter_clean;  CLICA NO BOTÃO X DO LIMPA FILTRO
26-04-2024 15:05:22.298Z;functions.waitForImage;  FILTER CLEAN image not found.
26-04-2024 15:05:37.410Z;functions.waitForImage;  FILTER CLEAN image not found.
26-04-2024 15:05:38.270Z;functions.processo_pagamento;  CLICA NA PRIMEIRA LINHA DA TABELA MOVIMENTAÇÃO BANCÁRIA
26-04-2024 15:05:39.535Z;functions.processo_pagamento;  HOVER FILTER
26-04-2024 15:05:39.829Z;functions.processo_pagamento;  CLICK FILTER
26-04-2024 15:05:44.142Z;functions.processo_pagamento;  CLICA NO FILTRO  STATUS DA REMESSA
26-04-2024 15:05:46.244Z;functions.processo_pagamento;  APERTA TAB PARA ESCREVER O FILTRO
26-04-2024 15:05:48.351Z;functions.processo_pagamento;  ESCREVE AUTORIZADO NO FILTRO
26-04-2024 15:05:50.452Z;functions.processo_pagamento;  APERTA ENTER PARA SELECIONAR OS AUTORIZADOS
26-04-2024 15:06:11.480Z;functions.processo_pagamento;  SEM REMESSA DE BORDERO AUTORIZADO
26-04-2024 15:06:12.582Z;functions.processo_pagamento;  FECHA ABA MOVIMENTAÇÕES BANCÁRIAS
26-04-2024 15:06:13.996Z;functions.enter_contas_a_pagar;  CLICK - TOTVS - LINHA RM
26-04-2024 15:06:14.974Z;functions.enter_contas_a_pagar;  CLICK - BACK OFFICE
26-04-2024 15:06:15.670Z;functions.enter_contas_a_pagar;  CLICK - GESTAO FINANCEIRA
26-04-2024 15:06:27.521Z;functions.enter_contas_a_pagar;  CLICK - CONTAS A PAGAR
26-04-2024 15:06:27.611Z;functions.waitForImage;  LANÇAMENTOS image found.
26-04-2024 15:06:29.728Z;functions.enter_contas_a_pagar;  CLICA EM LANÇAMENTOS
26-04-2024 15:06:45.101Z;functions.waitForImage;  LICENCAS EXCEDIDAS image not found.
26-04-2024 15:06:45.101Z;functions.obter_intervalo_data;  VERIFICANDO A HORA ATUAL 15
26-04-2024 15:06:45.101Z;functions.obter_intervalo_data;  Data Inicial BANCARIA antes da remoção: None
26-04-2024 15:06:45.101Z;functions.obter_intervalo_data;  Data Final BANCARIA antes da remoção: None
26-04-2024 15:06:45.101Z;functions.obter_intervalo_data;  Data Inicial BANCARIA após a remoção: None
26-04-2024 15:06:45.101Z;functions.obter_intervalo_data;  Data Final BANCARIA após a remoção: None
26-04-2024 15:06:45.101Z;functions.obter_intervalo_data;  hoje -  2024-04-26 15:06:45.101099
26-04-2024 15:06:45.101Z;functions.data_filter;  DATA INICIO 01-05-2024
26-04-2024 15:06:45.101Z;functions.data_filter;  DATA FIM 07-05-2024
26-04-2024 15:06:45.101Z;functions.data_filter;  CLICK - SELECIONA A DATA DE QUARTA FEIRA E DA PROXIMA TERÇA
26-04-2024 15:06:45.101Z;functions.data_filter;  QUARTA-FEIRA: 01-05-2024
26-04-2024 15:06:45.101Z;functions.data_filter;  TERCA-FEIRA: 07-05-2024
26-04-2024 15:06:53.551Z;functions.data_filter;  CLICK - BOTAO DE SELECAO DE FILTRO
26-04-2024 15:06:57.285Z;functions.data_filter;  INSERE - DATA DE QUARTA-FEIRA: 01-05-2024
26-04-2024 15:07:00.776Z;functions.data_filter;  INSERE - DATA DA PROX TERCA-FEIRA: 07-05-2024
26-04-2024 15:07:01.411Z;functions.data_filter;  CLICK - BOTAO DE EXECUTAR O FILTRO
26-04-2024 15:15:00.614Z;functions.desmark_filter;  CLICK CHECKBOX LANÇAMENTOS A RECEBER
26-04-2024 15:15:01.410Z;functions.desmark_filter;  CLICK CHECKBOX LANÇAMENTOS BAIXADOS
26-04-2024 15:15:02.255Z;functions.desmark_filter;  CLICK CHECKBOX LANÇAMENTOS CANCELADOS
26-04-2024 15:15:03.114Z;functions.desmark_filter;  CLICK CHECKBOX LANÇAMENTOS FATURADOS
26-04-2024 15:15:04.021Z;functions.desmark_filter;  CLICK CHECKBOX LANÇAMENTOS FATURADOS
26-04-2024 15:15:09.117Z;functions.waitForImage;  FILTER CLEAN image found.
26-04-2024 15:15:11.224Z;functions.filter_clean;  CLICA NO BOTÃO X DO LIMPA FILTRO
26-04-2024 15:15:26.286Z;functions.waitForImage;  FILTER CLEAN image not found.
26-04-2024 15:15:41.378Z;functions.waitForImage;  FILTER CLEAN image not found.
26-04-2024 15:15:41.378Z;functions.check_table_record;  VERIFICANDO SE A TABELA ESTÁ VAZIA
26-04-2024 15:15:42.301Z;functions.check_table_record;  Texto extraido 1/432
26-04-2024 15:15:42.301Z;functions.check_table_record;  Count 432
26-04-2024 15:15:42.301Z;functions.check_table_record;  Type <class 'int'>
26-04-2024 15:15:42.301Z;functions.check_table_record;  TABELA CONTÉM REGISTROS
26-04-2024 15:15:53.161Z;functions.select_tipo_documento;  NOME DA COLUNA: Tipo de Documento
26-04-2024 15:15:54.379Z;functions.select_tipo_documento;  HOVER NOME DA COLUNA: Tipo de Documento
26-04-2024 15:15:54.962Z;functions.select_tipo_documento;  CLICA NO FILTRO PERSONALIZAR
26-04-2024 15:15:55.677Z;functions.select_tipo_documento;  CLICA PARA SELECIONAR OPÇÕES DO FILTRO
26-04-2024 15:16:02.700Z;functions.select_tipo_documento;  CLICK BUTTON CONFIRMAR FILTRO
26-04-2024 15:16:07.702Z;functions.filter_IPTE;  VERIFICANDO O COD DO CLIENTE EM CADA REGISTRO
26-04-2024 15:16:08.442Z;functions.filter_IPTE;  CLICA NA PRIMEIRA LINHA DA TABELA
26-04-2024 15:16:28.240Z;functions.filter_IPTE;  HOVER FILTER
26-04-2024 15:16:28.817Z;functions.filter_IPTE;  CLICK FILTER
26-04-2024 15:16:33.128Z;functions.filter_IPTE;  CLICA NO FILTRO PERSONALIZAR
26-04-2024 15:16:41.047Z;functions.check_table_record;  VERIFICANDO SE A TABELA ESTÁ VAZIA
26-04-2024 15:16:41.990Z;functions.check_table_record;  Texto extraido 1/51
26-04-2024 15:16:41.990Z;functions.check_table_record;  Count 51
26-04-2024 15:16:41.990Z;functions.check_table_record;  Type <class 'int'>
26-04-2024 15:16:41.990Z;functions.check_table_record;  TABELA CONTÉM REGISTROS
26-04-2024 15:16:41.990Z;functions.check_payment_type;  VERIFICANDO O COD DO CLIENTE EM CADA REGISTRO
26-04-2024 15:16:42.740Z;functions.check_payment_type;  CLICA NA PRIMEIRA LINHA DA TABELA
26-04-2024 15:16:50.843Z;functions.check_payment_type;  REF. LANÇAMENTO: 922633
26-04-2024 15:16:50.946Z;functions.check_payment_type;  ENTRANDO NO REGISTRO
26-04-2024 15:17:07.045Z;functions.waitForImage;  INTEGRAÇÃO BANCÁRIA image found.
26-04-2024 15:17:09.175Z;functions.check_payment_type;  CLICA EM INTEGRAÇÃO BANCÁRIA
26-04-2024 15:17:09.175Z;functions.check_payment_type;  VERIFICANDO INFORMAÇÕES
26-04-2024 15:17:12.269Z;functions.waitForImage;  DADOS BANCARIOS image found.
26-04-2024 15:17:12.386Z;functions.check_payment_type;  DADOS BANCARIOS
26-04-2024 15:17:14.387Z;functions.check_payment_type;  ENTROU DADOS BANCÁRIOS
26-04-2024 15:17:14.488Z;functions.check_payment_type;  APERTA TAB
26-04-2024 15:17:18.692Z;functions.waitForImage;  PRESS BUTTON OK image found.
26-04-2024 15:17:20.814Z;functions.click_ok;  PRESS BUTTON OK
26-04-2024 15:17:24.909Z;functions.waitForImage;  PRESS BUTTON OK image found.
26-04-2024 15:17:27.027Z;functions.click_ok;  PRESS BUTTON OK
26-04-2024 15:17:31.134Z;functions.check_payment_type;  INCLUIDOS: 922633 REFERENCIAS NO PROCESSAMENTO
26-04-2024 15:17:33.236Z;functions.check_payment_type;  PASSANDO PARA PRÓXIMO REGISTRO
26-04-2024 15:17:43.338Z;functions.check_payment_type;  REF. LANÇAMENTO: 936808
26-04-2024 15:17:43.440Z;functions.check_payment_type;  ENTRANDO NO REGISTRO
26-04-2024 15:17:50.424Z;functions.waitForImage;  INTEGRAÇÃO BANCÁRIA image found.
26-04-2024 15:17:52.551Z;functions.check_payment_type;  CLICA EM INTEGRAÇÃO BANCÁRIA
26-04-2024 15:17:52.551Z;functions.check_payment_type;  VERIFICANDO INFORMAÇÕES
26-04-2024 15:17:55.645Z;functions.waitForImage;  DADOS BANCARIOS image found.
26-04-2024 15:17:55.779Z;functions.check_payment_type;  DADOS BANCARIOS
26-04-2024 15:17:57.779Z;functions.check_payment_type;  ENTROU DADOS BANCÁRIOS
26-04-2024 15:17:57.881Z;functions.check_payment_type;  APERTA TAB
26-04-2024 15:18:02.085Z;functions.waitForImage;  PRESS BUTTON OK image found.
26-04-2024 15:18:04.208Z;functions.click_ok;  PRESS BUTTON OK
26-04-2024 15:18:08.303Z;functions.waitForImage;  PRESS BUTTON OK image found.
26-04-2024 15:18:10.436Z;functions.click_ok;  PRESS BUTTON OK
26-04-2024 15:18:14.545Z;functions.check_payment_type;  INCLUIDOS: 936808 REFERENCIAS NO PROCESSAMENTO
26-04-2024 15:18:16.647Z;functions.check_payment_type;  PASSANDO PARA PRÓXIMO REGISTRO
26-04-2024 15:18:26.749Z;functions.check_payment_type;  REF. LANÇAMENTO: 936810
26-04-2024 15:18:26.852Z;functions.check_payment_type;  ENTRANDO NO REGISTRO
26-04-2024 15:18:33.873Z;functions.waitForImage;  INTEGRAÇÃO BANCÁRIA image found.
26-04-2024 15:18:35.994Z;functions.check_payment_type;  CLICA EM INTEGRAÇÃO BANCÁRIA
26-04-2024 15:18:35.994Z;functions.check_payment_type;  VERIFICANDO INFORMAÇÕES
26-04-2024 15:18:39.089Z;functions.waitForImage;  DADOS BANCARIOS image found.
26-04-2024 15:18:39.206Z;functions.check_payment_type;  DADOS BANCARIOS
26-04-2024 15:18:41.207Z;functions.check_payment_type;  ENTROU DADOS BANCÁRIOS
26-04-2024 15:18:41.308Z;functions.check_payment_type;  APERTA TAB
26-04-2024 15:18:45.513Z;functions.waitForImage;  PRESS BUTTON OK image found.
26-04-2024 15:18:47.634Z;functions.click_ok;  PRESS BUTTON OK
26-04-2024 15:18:51.728Z;functions.waitForImage;  PRESS BUTTON OK image found.
26-04-2024 15:18:53.859Z;functions.click_ok;  PRESS BUTTON OK
26-04-2024 15:18:57.962Z;functions.check_payment_type;  INCLUIDOS: 936810 REFERENCIAS NO PROCESSAMENTO
26-04-2024 15:19:00.063Z;functions.check_payment_type;  PASSANDO PARA PRÓXIMO REGISTRO
26-04-2024 15:19:10.166Z;functions.check_payment_type;  REF. LANÇAMENTO: 937651
26-04-2024 15:19:10.268Z;functions.check_payment_type;  ENTRANDO NO REGISTRO
26-04-2024 15:19:16.046Z;functions.waitForImage;  INTEGRAÇÃO BANCÁRIA image found.
26-04-2024 15:19:18.170Z;functions.check_payment_type;  CLICA EM INTEGRAÇÃO BANCÁRIA
26-04-2024 15:19:18.170Z;functions.check_payment_type;  VERIFICANDO INFORMAÇÕES
26-04-2024 15:19:21.265Z;functions.waitForImage;  DADOS BANCARIOS image found.
26-04-2024 15:19:21.381Z;functions.check_payment_type;  DADOS BANCARIOS
26-04-2024 15:19:23.382Z;functions.check_payment_type;  ENTROU DADOS BANCÁRIOS
26-04-2024 15:19:23.483Z;functions.check_payment_type;  APERTA TAB
26-04-2024 15:19:27.688Z;functions.waitForImage;  PRESS BUTTON OK image found.
26-04-2024 15:19:29.809Z;functions.click_ok;  PRESS BUTTON OK
26-04-2024 15:19:33.911Z;functions.waitForImage;  PRESS BUTTON OK image found.
26-04-2024 15:19:36.034Z;functions.click_ok;  PRESS BUTTON OK
26-04-2024 15:19:40.143Z;functions.check_payment_type;  INCLUIDOS: 937651 REFERENCIAS NO PROCESSAMENTO
26-04-2024 15:19:42.244Z;functions.check_payment_type;  PASSANDO PARA PRÓXIMO REGISTRO
26-04-2024 15:19:52.347Z;functions.check_payment_type;  REF. LANÇAMENTO: 938049
26-04-2024 15:19:52.450Z;functions.check_payment_type;  ENTRANDO NO REGISTRO
26-04-2024 15:20:00.067Z;functions.waitForImage;  INTEGRAÇÃO BANCÁRIA image found.
26-04-2024 15:20:02.191Z;functions.check_payment_type;  CLICA EM INTEGRAÇÃO BANCÁRIA
26-04-2024 15:20:02.191Z;functions.check_payment_type;  VERIFICANDO INFORMAÇÕES
26-04-2024 15:20:05.286Z;functions.waitForImage;  DADOS BANCARIOS image found.
26-04-2024 15:20:05.403Z;functions.check_payment_type;  DADOS BANCARIOS
26-04-2024 15:20:07.403Z;functions.check_payment_type;  ENTROU DADOS BANCÁRIOS
26-04-2024 15:20:07.505Z;functions.check_payment_type;  APERTA TAB
26-04-2024 15:20:11.710Z;functions.waitForImage;  PRESS BUTTON OK image found.
26-04-2024 15:20:13.835Z;functions.click_ok;  PRESS BUTTON OK
26-04-2024 15:20:17.928Z;functions.waitForImage;  PRESS BUTTON OK image found.
26-04-2024 15:20:20.046Z;functions.click_ok;  PRESS BUTTON OK
26-04-2024 15:20:24.149Z;functions.check_payment_type;  INCLUIDOS: 938049 REFERENCIAS NO PROCESSAMENTO
26-04-2024 15:20:26.251Z;functions.check_payment_type;  PASSANDO PARA PRÓXIMO REGISTRO
26-04-2024 15:20:36.353Z;functions.check_payment_type;  REF. LANÇAMENTO: 938906
26-04-2024 15:20:36.456Z;functions.check_payment_type;  ENTRANDO NO REGISTRO
26-04-2024 15:20:42.812Z;functions.waitForImage;  INTEGRAÇÃO BANCÁRIA image found.
26-04-2024 15:20:44.939Z;functions.check_payment_type;  CLICA EM INTEGRAÇÃO BANCÁRIA
26-04-2024 15:20:44.939Z;functions.check_payment_type;  VERIFICANDO INFORMAÇÕES
26-04-2024 15:20:48.033Z;functions.waitForImage;  DADOS BANCARIOS image found.
26-04-2024 15:20:48.150Z;functions.check_payment_type;  DADOS BANCARIOS
26-04-2024 15:20:50.151Z;functions.check_payment_type;  ENTROU DADOS BANCÁRIOS
26-04-2024 15:20:50.252Z;functions.check_payment_type;  APERTA TAB
26-04-2024 15:20:54.457Z;functions.waitForImage;  PRESS BUTTON OK image found.
26-04-2024 15:20:56.581Z;functions.click_ok;  PRESS BUTTON OK
26-04-2024 15:21:00.675Z;functions.waitForImage;  PRESS BUTTON OK image found.
26-04-2024 15:21:02.796Z;functions.click_ok;  PRESS BUTTON OK
26-04-2024 15:21:06.905Z;functions.check_payment_type;  INCLUIDOS: 938906 REFERENCIAS NO PROCESSAMENTO
26-04-2024 15:21:09.007Z;functions.check_payment_type;  PASSANDO PARA PRÓXIMO REGISTRO
26-04-2024 15:21:19.109Z;functions.check_payment_type;  REF. LANÇAMENTO: 939732
26-04-2024 15:21:19.212Z;functions.check_payment_type;  ENTRANDO NO REGISTRO
26-04-2024 15:21:26.177Z;functions.waitForImage;  INTEGRAÇÃO BANCÁRIA image found.
26-04-2024 15:21:28.306Z;functions.check_payment_type;  CLICA EM INTEGRAÇÃO BANCÁRIA
26-04-2024 15:21:28.306Z;functions.check_payment_type;  VERIFICANDO INFORMAÇÕES
26-04-2024 15:21:31.401Z;functions.waitForImage;  DADOS BANCARIOS image found.
26-04-2024 15:21:31.518Z;functions.check_payment_type;  DADOS BANCARIOS
26-04-2024 15:21:33.519Z;functions.check_payment_type;  ENTROU DADOS BANCÁRIOS
26-04-2024 15:21:33.620Z;functions.check_payment_type;  APERTA TAB
26-04-2024 15:21:37.826Z;functions.waitForImage;  PRESS BUTTON OK image found.
26-04-2024 15:21:39.956Z;functions.click_ok;  PRESS BUTTON OK
26-04-2024 15:21:44.051Z;functions.waitForImage;  PRESS BUTTON OK image found.
26-04-2024 15:21:46.171Z;functions.click_ok;  PRESS BUTTON OK
26-04-2024 15:21:50.280Z;functions.check_payment_type;  INCLUIDOS: 939732 REFERENCIAS NO PROCESSAMENTO
26-04-2024 15:21:52.381Z;functions.check_payment_type;  PASSANDO PARA PRÓXIMO REGISTRO
26-04-2024 15:22:02.484Z;functions.check_payment_type;  REF. LANÇAMENTO: 939733
26-04-2024 15:22:02.586Z;functions.check_payment_type;  ENTRANDO NO REGISTRO
26-04-2024 15:22:08.943Z;functions.waitForImage;  INTEGRAÇÃO BANCÁRIA image found.
26-04-2024 15:22:11.067Z;functions.check_payment_type;  CLICA EM INTEGRAÇÃO BANCÁRIA
26-04-2024 15:22:11.067Z;functions.check_payment_type;  VERIFICANDO INFORMAÇÕES
26-04-2024 15:22:14.162Z;functions.waitForImage;  DADOS BANCARIOS image found.
26-04-2024 15:22:14.278Z;functions.check_payment_type;  DADOS BANCARIOS
26-04-2024 15:22:16.279Z;functions.check_payment_type;  ENTROU DADOS BANCÁRIOS
26-04-2024 15:22:16.380Z;functions.check_payment_type;  APERTA TAB
26-04-2024 15:22:20.585Z;functions.waitForImage;  PRESS BUTTON OK image found.
26-04-2024 15:22:22.708Z;functions.click_ok;  PRESS BUTTON OK
26-04-2024 15:22:26.803Z;functions.waitForImage;  PRESS BUTTON OK image found.
26-04-2024 15:22:28.923Z;functions.click_ok;  PRESS BUTTON OK
26-04-2024 15:22:33.025Z;functions.check_payment_type;  INCLUIDOS: 939733 REFERENCIAS NO PROCESSAMENTO
26-04-2024 15:22:35.126Z;functions.check_payment_type;  PASSANDO PARA PRÓXIMO REGISTRO
26-04-2024 15:22:45.229Z;functions.check_payment_type;  REF. LANÇAMENTO: 939843
26-04-2024 15:22:45.331Z;functions.check_payment_type;  ENTRANDO NO REGISTRO
26-04-2024 15:22:52.927Z;functions.waitForImage;  INTEGRAÇÃO BANCÁRIA image found.
26-04-2024 15:22:55.060Z;functions.check_payment_type;  CLICA EM INTEGRAÇÃO BANCÁRIA
26-04-2024 15:22:55.060Z;functions.check_payment_type;  VERIFICANDO INFORMAÇÕES
26-04-2024 15:22:58.154Z;functions.waitForImage;  DADOS BANCARIOS image found.
26-04-2024 15:22:58.271Z;functions.check_payment_type;  DADOS BANCARIOS
26-04-2024 15:23:00.272Z;functions.check_payment_type;  ENTROU DADOS BANCÁRIOS
26-04-2024 15:23:00.374Z;functions.check_payment_type;  APERTA TAB
26-04-2024 15:23:04.579Z;functions.waitForImage;  PRESS BUTTON OK image found.
26-04-2024 15:23:06.699Z;functions.click_ok;  PRESS BUTTON OK
26-04-2024 15:23:10.794Z;functions.waitForImage;  PRESS BUTTON OK image found.
26-04-2024 15:23:12.918Z;functions.click_ok;  PRESS BUTTON OK
26-04-2024 15:23:17.022Z;functions.check_payment_type;  INCLUIDOS: 939843 REFERENCIAS NO PROCESSAMENTO
26-04-2024 15:23:19.124Z;functions.check_payment_type;  PASSANDO PARA PRÓXIMO REGISTRO
26-04-2024 15:23:29.226Z;functions.check_payment_type;  REF. LANÇAMENTO: 939873
26-04-2024 15:23:29.328Z;functions.check_payment_type;  ENTRANDO NO REGISTRO
26-04-2024 15:23:35.090Z;functions.waitForImage;  INTEGRAÇÃO BANCÁRIA image found.
26-04-2024 15:23:37.208Z;functions.check_payment_type;  CLICA EM INTEGRAÇÃO BANCÁRIA
26-04-2024 15:23:37.208Z;functions.check_payment_type;  VERIFICANDO INFORMAÇÕES
26-04-2024 15:23:40.302Z;functions.waitForImage;  DADOS BANCARIOS image found.
26-04-2024 15:23:40.434Z;functions.check_payment_type;  DADOS BANCARIOS
26-04-2024 15:23:42.435Z;functions.check_payment_type;  ENTROU DADOS BANCÁRIOS
26-04-2024 15:23:42.536Z;functions.check_payment_type;  APERTA TAB
26-04-2024 15:23:46.741Z;functions.waitForImage;  PRESS BUTTON OK image found.
26-04-2024 15:23:48.865Z;functions.click_ok;  PRESS BUTTON OK
26-04-2024 15:23:52.975Z;functions.waitForImage;  PRESS BUTTON OK image found.
26-04-2024 15:23:55.100Z;functions.click_ok;  PRESS BUTTON OK
26-04-2024 15:23:59.218Z;functions.check_payment_type;  INCLUIDOS: 939873 REFERENCIAS NO PROCESSAMENTO
26-04-2024 15:24:01.319Z;functions.check_payment_type;  PASSANDO PARA PRÓXIMO REGISTRO
26-04-2024 15:24:11.422Z;functions.check_payment_type;  REF. LANÇAMENTO: 944203
26-04-2024 15:24:11.524Z;functions.check_payment_type;  ENTRANDO NO REGISTRO
26-04-2024 15:24:19.139Z;functions.waitForImage;  INTEGRAÇÃO BANCÁRIA image found.
26-04-2024 15:24:21.265Z;functions.check_payment_type;  CLICA EM INTEGRAÇÃO BANCÁRIA
26-04-2024 15:24:21.265Z;functions.check_payment_type;  VERIFICANDO INFORMAÇÕES
26-04-2024 15:24:24.359Z;functions.waitForImage;  DADOS BANCARIOS image found.
26-04-2024 15:24:24.476Z;functions.check_payment_type;  DADOS BANCARIOS
26-04-2024 15:24:26.476Z;functions.check_payment_type;  ENTROU DADOS BANCÁRIOS
26-04-2024 15:24:26.578Z;functions.check_payment_type;  APERTA TAB
26-04-2024 15:24:30.783Z;functions.waitForImage;  PRESS BUTTON OK image found.
26-04-2024 15:24:32.906Z;functions.click_ok;  PRESS BUTTON OK
26-04-2024 15:24:37.032Z;functions.waitForImage;  PRESS BUTTON OK image found.
26-04-2024 15:24:39.160Z;functions.click_ok;  PRESS BUTTON OK
26-04-2024 15:24:43.269Z;functions.check_payment_type;  INCLUIDOS: 944203 REFERENCIAS NO PROCESSAMENTO
26-04-2024 15:24:45.371Z;functions.check_payment_type;  PASSANDO PARA PRÓXIMO REGISTRO
26-04-2024 15:24:55.473Z;functions.check_payment_type;  REF. LANÇAMENTO: 944204
26-04-2024 15:24:55.575Z;functions.check_payment_type;  ENTRANDO NO REGISTRO
26-04-2024 15:25:01.332Z;functions.waitForImage;  INTEGRAÇÃO BANCÁRIA image found.
26-04-2024 15:25:03.462Z;functions.check_payment_type;  CLICA EM INTEGRAÇÃO BANCÁRIA
26-04-2024 15:25:03.462Z;functions.check_payment_type;  VERIFICANDO INFORMAÇÕES
26-04-2024 15:25:06.557Z;functions.waitForImage;  DADOS BANCARIOS image found.
26-04-2024 15:25:06.673Z;functions.check_payment_type;  DADOS BANCARIOS
26-04-2024 15:25:08.674Z;functions.check_payment_type;  ENTROU DADOS BANCÁRIOS
26-04-2024 15:25:08.775Z;functions.check_payment_type;  APERTA TAB
26-04-2024 15:25:12.989Z;functions.waitForImage;  PRESS BUTTON OK image found.
26-04-2024 15:25:15.121Z;functions.click_ok;  PRESS BUTTON OK
26-04-2024 15:25:19.215Z;functions.waitForImage;  PRESS BUTTON OK image found.
26-04-2024 15:25:21.339Z;functions.click_ok;  PRESS BUTTON OK
26-04-2024 15:25:25.444Z;functions.check_payment_type;  INCLUIDOS: 944204 REFERENCIAS NO PROCESSAMENTO
26-04-2024 15:25:27.545Z;functions.check_payment_type;  PASSANDO PARA PRÓXIMO REGISTRO
26-04-2024 15:25:37.648Z;functions.check_payment_type;  REF. LANÇAMENTO: 944718
26-04-2024 15:25:37.751Z;functions.check_payment_type;  ENTRANDO NO REGISTRO
26-04-2024 15:25:45.333Z;functions.waitForImage;  INTEGRAÇÃO BANCÁRIA image found.
26-04-2024 15:25:47.452Z;functions.check_payment_type;  CLICA EM INTEGRAÇÃO BANCÁRIA
26-04-2024 15:25:47.452Z;functions.check_payment_type;  VERIFICANDO INFORMAÇÕES
26-04-2024 15:25:50.547Z;functions.waitForImage;  DADOS BANCARIOS image found.
26-04-2024 15:25:50.664Z;functions.check_payment_type;  DADOS BANCARIOS
26-04-2024 15:25:52.665Z;functions.check_payment_type;  ENTROU DADOS BANCÁRIOS
26-04-2024 15:25:52.767Z;functions.check_payment_type;  APERTA TAB
26-04-2024 15:25:56.973Z;functions.waitForImage;  PRESS BUTTON OK image found.
26-04-2024 15:25:59.098Z;functions.click_ok;  PRESS BUTTON OK
26-04-2024 15:26:03.193Z;functions.waitForImage;  PRESS BUTTON OK image found.
26-04-2024 15:26:05.316Z;functions.click_ok;  PRESS BUTTON OK
26-04-2024 15:26:09.430Z;functions.check_payment_type;  INCLUIDOS: 944718 REFERENCIAS NO PROCESSAMENTO
26-04-2024 15:26:11.531Z;functions.check_payment_type;  PASSANDO PARA PRÓXIMO REGISTRO
26-04-2024 15:26:21.633Z;functions.check_payment_type;  REF. LANÇAMENTO: 944753
26-04-2024 15:26:21.736Z;functions.check_payment_type;  ENTRANDO NO REGISTRO
26-04-2024 15:26:28.159Z;functions.waitForImage;  INTEGRAÇÃO BANCÁRIA image found.
26-04-2024 15:26:30.282Z;functions.check_payment_type;  CLICA EM INTEGRAÇÃO BANCÁRIA
26-04-2024 15:26:30.282Z;functions.check_payment_type;  VERIFICANDO INFORMAÇÕES
26-04-2024 15:26:33.377Z;functions.waitForImage;  DADOS BANCARIOS image found.
26-04-2024 15:26:33.494Z;functions.check_payment_type;  DADOS BANCARIOS
26-04-2024 15:26:35.494Z;functions.check_payment_type;  ENTROU DADOS BANCÁRIOS
26-04-2024 15:26:35.596Z;functions.check_payment_type;  APERTA TAB
26-04-2024 15:26:39.803Z;functions.waitForImage;  PRESS BUTTON OK image found.
26-04-2024 15:26:41.924Z;functions.click_ok;  PRESS BUTTON OK
26-04-2024 15:26:46.034Z;functions.waitForImage;  PRESS BUTTON OK image found.
26-04-2024 15:26:48.154Z;functions.click_ok;  PRESS BUTTON OK
26-04-2024 15:26:52.265Z;functions.check_payment_type;  INCLUIDOS: 944753 REFERENCIAS NO PROCESSAMENTO
26-04-2024 15:26:54.366Z;functions.check_payment_type;  PASSANDO PARA PRÓXIMO REGISTRO
26-04-2024 15:27:04.469Z;functions.check_payment_type;  REF. LANÇAMENTO: 944983
26-04-2024 15:27:04.571Z;functions.check_payment_type;  ENTRANDO NO REGISTRO
26-04-2024 15:27:15.208Z;functions.waitForImage;  INTEGRAÇÃO BANCÁRIA image found.
26-04-2024 15:27:17.337Z;functions.check_payment_type;  CLICA EM INTEGRAÇÃO BANCÁRIA
26-04-2024 15:27:17.337Z;functions.check_payment_type;  VERIFICANDO INFORMAÇÕES
26-04-2024 15:27:20.431Z;functions.waitForImage;  DADOS BANCARIOS image found.
26-04-2024 15:27:20.548Z;functions.check_payment_type;  DADOS BANCARIOS
26-04-2024 15:27:22.549Z;functions.check_payment_type;  ENTROU DADOS BANCÁRIOS
26-04-2024 15:27:22.650Z;functions.check_payment_type;  APERTA TAB
26-04-2024 15:27:26.864Z;functions.waitForImage;  PRESS BUTTON OK image found.
26-04-2024 15:27:28.984Z;functions.click_ok;  PRESS BUTTON OK
26-04-2024 15:27:33.079Z;functions.waitForImage;  PRESS BUTTON OK image found.
26-04-2024 15:27:35.208Z;functions.click_ok;  PRESS BUTTON OK
26-04-2024 15:27:39.314Z;functions.check_payment_type;  INCLUIDOS: 944983 REFERENCIAS NO PROCESSAMENTO
26-04-2024 15:27:41.416Z;functions.check_payment_type;  PASSANDO PARA PRÓXIMO REGISTRO
26-04-2024 15:27:51.519Z;functions.check_payment_type;  REF. LANÇAMENTO: 945200
26-04-2024 15:27:51.621Z;functions.check_payment_type;  ENTRANDO NO REGISTRO
26-04-2024 15:27:58.619Z;functions.waitForImage;  INTEGRAÇÃO BANCÁRIA image found.
26-04-2024 15:28:00.737Z;functions.check_payment_type;  CLICA EM INTEGRAÇÃO BANCÁRIA
26-04-2024 15:28:00.737Z;functions.check_payment_type;  VERIFICANDO INFORMAÇÕES
26-04-2024 15:28:03.832Z;functions.waitForImage;  DADOS BANCARIOS image found.
26-04-2024 15:28:03.964Z;functions.check_payment_type;  DADOS BANCARIOS
26-04-2024 15:28:05.964Z;functions.check_payment_type;  ENTROU DADOS BANCÁRIOS
26-04-2024 15:28:06.066Z;functions.check_payment_type;  APERTA TAB
26-04-2024 15:28:10.275Z;functions.waitForImage;  PRESS BUTTON OK image found.
26-04-2024 15:28:12.393Z;functions.click_ok;  PRESS BUTTON OK
26-04-2024 15:28:16.488Z;functions.waitForImage;  PRESS BUTTON OK image found.
26-04-2024 15:28:18.610Z;functions.click_ok;  PRESS BUTTON OK
26-04-2024 15:28:22.720Z;functions.check_payment_type;  INCLUIDOS: 945200 REFERENCIAS NO PROCESSAMENTO
26-04-2024 15:28:24.822Z;functions.check_payment_type;  PASSANDO PARA PRÓXIMO REGISTRO
26-04-2024 15:28:34.925Z;functions.check_payment_type;  REF. LANÇAMENTO: 945279
26-04-2024 15:28:35.027Z;functions.check_payment_type;  ENTRANDO NO REGISTRO
26-04-2024 15:28:42.599Z;functions.waitForImage;  INTEGRAÇÃO BANCÁRIA image found.
26-04-2024 15:28:44.728Z;functions.check_payment_type;  CLICA EM INTEGRAÇÃO BANCÁRIA
26-04-2024 15:28:44.728Z;functions.check_payment_type;  VERIFICANDO INFORMAÇÕES
26-04-2024 15:28:47.823Z;functions.waitForImage;  DADOS BANCARIOS image found.
26-04-2024 15:28:47.940Z;functions.check_payment_type;  DADOS BANCARIOS
26-04-2024 15:28:49.940Z;functions.check_payment_type;  ENTROU DADOS BANCÁRIOS
26-04-2024 15:28:50.041Z;functions.check_payment_type;  APERTA TAB
26-04-2024 15:28:54.246Z;functions.waitForImage;  PRESS BUTTON OK image found.
26-04-2024 15:28:56.370Z;functions.click_ok;  PRESS BUTTON OK
26-04-2024 15:29:00.465Z;functions.waitForImage;  PRESS BUTTON OK image found.
26-04-2024 15:29:02.587Z;functions.click_ok;  PRESS BUTTON OK
26-04-2024 15:29:06.697Z;functions.check_payment_type;  INCLUIDOS: 945279 REFERENCIAS NO PROCESSAMENTO
26-04-2024 15:29:08.798Z;functions.check_payment_type;  PASSANDO PARA PRÓXIMO REGISTRO
26-04-2024 15:29:18.901Z;functions.check_payment_type;  REF. LANÇAMENTO: 945283
26-04-2024 15:29:19.003Z;functions.check_payment_type;  ENTRANDO NO REGISTRO
26-04-2024 15:29:25.988Z;functions.waitForImage;  INTEGRAÇÃO BANCÁRIA image found.
26-04-2024 15:29:28.120Z;functions.check_payment_type;  CLICA EM INTEGRAÇÃO BANCÁRIA
26-04-2024 15:29:28.120Z;functions.check_payment_type;  VERIFICANDO INFORMAÇÕES
26-04-2024 15:29:31.215Z;functions.waitForImage;  DADOS BANCARIOS image found.
26-04-2024 15:29:31.332Z;functions.check_payment_type;  DADOS BANCARIOS
26-04-2024 15:29:33.333Z;functions.check_payment_type;  ENTROU DADOS BANCÁRIOS
26-04-2024 15:29:33.434Z;functions.check_payment_type;  APERTA TAB
26-04-2024 15:29:37.639Z;functions.waitForImage;  PRESS BUTTON OK image found.
26-04-2024 15:29:39.761Z;functions.click_ok;  PRESS BUTTON OK
26-04-2024 15:29:43.864Z;functions.waitForImage;  PRESS BUTTON OK image found.
26-04-2024 15:29:45.996Z;functions.click_ok;  PRESS BUTTON OK
26-04-2024 15:29:50.103Z;functions.check_payment_type;  INCLUIDOS: 945283 REFERENCIAS NO PROCESSAMENTO
26-04-2024 15:29:52.204Z;functions.check_payment_type;  PASSANDO PARA PRÓXIMO REGISTRO
26-04-2024 15:30:02.306Z;functions.check_payment_type;  REF. LANÇAMENTO: 945358
26-04-2024 15:30:02.408Z;functions.check_payment_type;  ENTRANDO NO REGISTRO
26-04-2024 15:30:10.574Z;functions.waitForImage;  INTEGRAÇÃO BANCÁRIA image found.
26-04-2024 15:30:12.704Z;functions.check_payment_type;  CLICA EM INTEGRAÇÃO BANCÁRIA
26-04-2024 15:30:12.704Z;functions.check_payment_type;  VERIFICANDO INFORMAÇÕES
26-04-2024 15:30:15.798Z;functions.waitForImage;  DADOS BANCARIOS image found.
26-04-2024 15:30:15.916Z;functions.check_payment_type;  DADOS BANCARIOS
26-04-2024 15:30:17.916Z;functions.check_payment_type;  ENTROU DADOS BANCÁRIOS
26-04-2024 15:30:18.017Z;functions.check_payment_type;  APERTA TAB
26-04-2024 15:30:22.222Z;functions.waitForImage;  PRESS BUTTON OK image found.
26-04-2024 15:30:24.344Z;functions.click_ok;  PRESS BUTTON OK
26-04-2024 15:30:28.439Z;functions.waitForImage;  PRESS BUTTON OK image found.
26-04-2024 15:30:30.571Z;functions.click_ok;  PRESS BUTTON OK
26-04-2024 15:30:34.678Z;functions.check_payment_type;  INCLUIDOS: 945358 REFERENCIAS NO PROCESSAMENTO
26-04-2024 15:30:36.779Z;functions.check_payment_type;  PASSANDO PARA PRÓXIMO REGISTRO
26-04-2024 15:30:46.881Z;functions.check_payment_type;  REF. LANÇAMENTO: 945380
26-04-2024 15:30:46.983Z;functions.check_payment_type;  ENTRANDO NO REGISTRO
26-04-2024 15:30:53.373Z;functions.waitForImage;  INTEGRAÇÃO BANCÁRIA image found.
26-04-2024 15:30:55.507Z;functions.check_payment_type;  CLICA EM INTEGRAÇÃO BANCÁRIA
26-04-2024 15:30:55.507Z;functions.check_payment_type;  VERIFICANDO INFORMAÇÕES
26-04-2024 15:30:58.602Z;functions.waitForImage;  DADOS BANCARIOS image found.
26-04-2024 15:30:58.719Z;functions.check_payment_type;  DADOS BANCARIOS
26-04-2024 15:31:00.719Z;functions.check_payment_type;  ENTROU DADOS BANCÁRIOS
26-04-2024 15:31:00.821Z;functions.check_payment_type;  APERTA TAB
26-04-2024 15:31:05.045Z;functions.waitForImage;  PRESS BUTTON OK image found.
26-04-2024 15:31:07.163Z;functions.click_ok;  PRESS BUTTON OK
26-04-2024 15:31:11.258Z;functions.waitForImage;  PRESS BUTTON OK image found.
26-04-2024 15:31:13.384Z;functions.click_ok;  PRESS BUTTON OK
26-04-2024 15:31:17.493Z;functions.check_payment_type;  INCLUIDOS: 945380 REFERENCIAS NO PROCESSAMENTO
26-04-2024 15:31:19.594Z;functions.check_payment_type;  PASSANDO PARA PRÓXIMO REGISTRO
26-04-2024 15:31:29.697Z;functions.check_payment_type;  REF. LANÇAMENTO: 937661
26-04-2024 15:31:29.799Z;functions.check_payment_type;  ENTRANDO NO REGISTRO
26-04-2024 15:31:37.958Z;functions.waitForImage;  INTEGRAÇÃO BANCÁRIA image found.
26-04-2024 15:31:40.081Z;functions.check_payment_type;  CLICA EM INTEGRAÇÃO BANCÁRIA
26-04-2024 15:31:40.081Z;functions.check_payment_type;  VERIFICANDO INFORMAÇÕES
26-04-2024 15:31:43.175Z;functions.waitForImage;  DADOS BANCARIOS image found.
26-04-2024 15:31:43.292Z;functions.check_payment_type;  DADOS BANCARIOS
26-04-2024 15:31:45.293Z;functions.check_payment_type;  ENTROU DADOS BANCÁRIOS
26-04-2024 15:31:45.394Z;functions.check_payment_type;  APERTA TAB
26-04-2024 15:31:49.599Z;functions.waitForImage;  PRESS BUTTON OK image found.
26-04-2024 15:31:51.719Z;functions.click_ok;  PRESS BUTTON OK
26-04-2024 15:31:55.829Z;functions.waitForImage;  PRESS BUTTON OK image found.
26-04-2024 15:31:57.954Z;functions.click_ok;  PRESS BUTTON OK
26-04-2024 15:32:02.057Z;functions.check_payment_type;  INCLUIDOS: 937661 REFERENCIAS NO PROCESSAMENTO
26-04-2024 15:32:04.158Z;functions.check_payment_type;  PASSANDO PARA PRÓXIMO REGISTRO
26-04-2024 15:32:14.261Z;functions.check_payment_type;  REF. LANÇAMENTO: 937664
26-04-2024 15:32:14.364Z;functions.check_payment_type;  ENTRANDO NO REGISTRO
26-04-2024 15:32:20.743Z;functions.waitForImage;  INTEGRAÇÃO BANCÁRIA image found.
26-04-2024 15:32:22.875Z;functions.check_payment_type;  CLICA EM INTEGRAÇÃO BANCÁRIA
26-04-2024 15:32:22.875Z;functions.check_payment_type;  VERIFICANDO INFORMAÇÕES
26-04-2024 15:32:25.974Z;functions.waitForImage;  DADOS BANCARIOS image found.
26-04-2024 15:32:26.091Z;functions.check_payment_type;  DADOS BANCARIOS
26-04-2024 15:32:28.091Z;functions.check_payment_type;  ENTROU DADOS BANCÁRIOS
26-04-2024 15:32:28.193Z;functions.check_payment_type;  APERTA TAB
26-04-2024 15:32:32.397Z;functions.waitForImage;  PRESS BUTTON OK image found.
26-04-2024 15:32:34.521Z;functions.click_ok;  PRESS BUTTON OK
26-04-2024 15:32:38.616Z;functions.waitForImage;  PRESS BUTTON OK image found.
26-04-2024 15:32:40.739Z;functions.click_ok;  PRESS BUTTON OK
26-04-2024 15:32:44.846Z;functions.check_payment_type;  INCLUIDOS: 937664 REFERENCIAS NO PROCESSAMENTO
26-04-2024 15:32:46.947Z;functions.check_payment_type;  PASSANDO PARA PRÓXIMO REGISTRO
26-04-2024 15:32:57.050Z;functions.check_payment_type;  REF. LANÇAMENTO: 938393
26-04-2024 15:32:57.152Z;functions.check_payment_type;  ENTRANDO NO REGISTRO
26-04-2024 15:33:06.601Z;functions.waitForImage;  INTEGRAÇÃO BANCÁRIA image found.
26-04-2024 15:33:08.734Z;functions.check_payment_type;  CLICA EM INTEGRAÇÃO BANCÁRIA
26-04-2024 15:33:08.734Z;functions.check_payment_type;  VERIFICANDO INFORMAÇÕES
26-04-2024 15:33:11.828Z;functions.waitForImage;  DADOS BANCARIOS image found.
26-04-2024 15:33:11.961Z;functions.check_payment_type;  DADOS BANCARIOS
26-04-2024 15:33:13.961Z;functions.check_payment_type;  ENTROU DADOS BANCÁRIOS
26-04-2024 15:33:14.062Z;functions.check_payment_type;  APERTA TAB
26-04-2024 15:33:18.283Z;functions.waitForImage;  PRESS BUTTON OK image found.
26-04-2024 15:33:20.404Z;functions.click_ok;  PRESS BUTTON OK
26-04-2024 15:33:24.499Z;functions.waitForImage;  PRESS BUTTON OK image found.
26-04-2024 15:33:26.621Z;functions.click_ok;  PRESS BUTTON OK
26-04-2024 15:33:30.730Z;functions.check_payment_type;  INCLUIDOS: 938393 REFERENCIAS NO PROCESSAMENTO
26-04-2024 15:33:32.831Z;functions.check_payment_type;  PASSANDO PARA PRÓXIMO REGISTRO
26-04-2024 15:33:42.933Z;functions.check_payment_type;  REF. LANÇAMENTO: 938959
26-04-2024 15:33:43.035Z;functions.check_payment_type;  ENTRANDO NO REGISTRO
26-04-2024 15:33:49.418Z;functions.waitForImage;  INTEGRAÇÃO BANCÁRIA image found.
26-04-2024 15:33:51.536Z;functions.check_payment_type;  CLICA EM INTEGRAÇÃO BANCÁRIA
26-04-2024 15:33:51.536Z;functions.check_payment_type;  VERIFICANDO INFORMAÇÕES
26-04-2024 15:33:54.630Z;functions.waitForImage;  DADOS BANCARIOS image found.
26-04-2024 15:33:54.747Z;functions.check_payment_type;  DADOS BANCARIOS
26-04-2024 15:33:56.748Z;functions.check_payment_type;  ENTROU DADOS BANCÁRIOS
26-04-2024 15:33:56.849Z;functions.check_payment_type;  APERTA TAB
26-04-2024 15:34:01.070Z;functions.waitForImage;  PRESS BUTTON OK image found.
26-04-2024 15:34:03.190Z;functions.click_ok;  PRESS BUTTON OK
26-04-2024 15:34:07.285Z;functions.waitForImage;  PRESS BUTTON OK image found.
26-04-2024 15:34:09.422Z;functions.click_ok;  PRESS BUTTON OK
26-04-2024 15:34:13.526Z;functions.check_payment_type;  INCLUIDOS: 938959 REFERENCIAS NO PROCESSAMENTO
26-04-2024 15:34:15.627Z;functions.check_payment_type;  PASSANDO PARA PRÓXIMO REGISTRO
26-04-2024 15:34:25.730Z;functions.check_payment_type;  REF. LANÇAMENTO: 939044
26-04-2024 15:34:25.833Z;functions.check_payment_type;  ENTRANDO NO REGISTRO
26-04-2024 15:34:33.415Z;functions.waitForImage;  INTEGRAÇÃO BANCÁRIA image found.
26-04-2024 15:34:35.547Z;functions.check_payment_type;  CLICA EM INTEGRAÇÃO BANCÁRIA
26-04-2024 15:34:35.547Z;functions.check_payment_type;  VERIFICANDO INFORMAÇÕES
26-04-2024 15:34:38.642Z;functions.waitForImage;  DADOS BANCARIOS image found.
26-04-2024 15:34:38.774Z;functions.check_payment_type;  DADOS BANCARIOS
26-04-2024 15:34:40.775Z;functions.check_payment_type;  ENTROU DADOS BANCÁRIOS
26-04-2024 15:34:40.876Z;functions.check_payment_type;  APERTA TAB
26-04-2024 15:34:45.067Z;functions.waitForImage;  PRESS BUTTON OK image found.
26-04-2024 15:34:47.200Z;functions.click_ok;  PRESS BUTTON OK
26-04-2024 15:34:51.294Z;functions.waitForImage;  PRESS BUTTON OK image found.
26-04-2024 15:34:53.422Z;functions.click_ok;  PRESS BUTTON OK
26-04-2024 15:34:57.525Z;functions.check_payment_type;  INCLUIDOS: 939044 REFERENCIAS NO PROCESSAMENTO
26-04-2024 15:34:59.626Z;functions.check_payment_type;  PASSANDO PARA PRÓXIMO REGISTRO
26-04-2024 15:35:09.728Z;functions.check_payment_type;  REF. LANÇAMENTO: 939179
26-04-2024 15:35:09.831Z;functions.check_payment_type;  ENTRANDO NO REGISTRO
26-04-2024 15:35:16.792Z;functions.waitForImage;  INTEGRAÇÃO BANCÁRIA image found.
26-04-2024 15:35:18.922Z;functions.check_payment_type;  CLICA EM INTEGRAÇÃO BANCÁRIA
26-04-2024 15:35:18.922Z;functions.check_payment_type;  VERIFICANDO INFORMAÇÕES
26-04-2024 15:35:22.017Z;functions.waitForImage;  DADOS BANCARIOS image found.
26-04-2024 15:35:22.150Z;functions.check_payment_type;  DADOS BANCARIOS
26-04-2024 15:35:24.151Z;functions.check_payment_type;  ENTROU DADOS BANCÁRIOS
26-04-2024 15:35:24.252Z;functions.check_payment_type;  APERTA TAB
26-04-2024 15:35:28.457Z;functions.waitForImage;  PRESS BUTTON OK image found.
26-04-2024 15:35:30.581Z;functions.click_ok;  PRESS BUTTON OK
26-04-2024 15:35:34.676Z;functions.waitForImage;  PRESS BUTTON OK image found.
26-04-2024 15:35:36.800Z;functions.click_ok;  PRESS BUTTON OK
26-04-2024 15:35:40.904Z;functions.check_payment_type;  INCLUIDOS: 939179 REFERENCIAS NO PROCESSAMENTO
26-04-2024 15:35:43.006Z;functions.check_payment_type;  PASSANDO PARA PRÓXIMO REGISTRO
26-04-2024 15:35:53.109Z;functions.check_payment_type;  REF. LANÇAMENTO: 939497
26-04-2024 15:35:53.211Z;functions.check_payment_type;  ENTRANDO NO REGISTRO
26-04-2024 15:36:00.799Z;functions.waitForImage;  INTEGRAÇÃO BANCÁRIA image found.
26-04-2024 15:36:02.931Z;functions.check_payment_type;  CLICA EM INTEGRAÇÃO BANCÁRIA
26-04-2024 15:36:02.931Z;functions.check_payment_type;  VERIFICANDO INFORMAÇÕES
26-04-2024 15:36:06.026Z;functions.waitForImage;  DADOS BANCARIOS image found.
26-04-2024 15:36:06.158Z;functions.check_payment_type;  DADOS BANCARIOS
26-04-2024 15:36:08.158Z;functions.check_payment_type;  ENTROU DADOS BANCÁRIOS
26-04-2024 15:36:08.260Z;functions.check_payment_type;  APERTA TAB
26-04-2024 15:36:12.464Z;functions.waitForImage;  PRESS BUTTON OK image found.
26-04-2024 15:36:14.588Z;functions.click_ok;  PRESS BUTTON OK
26-04-2024 15:36:18.682Z;functions.waitForImage;  PRESS BUTTON OK image found.
26-04-2024 15:36:20.809Z;functions.click_ok;  PRESS BUTTON OK
26-04-2024 15:36:24.920Z;functions.check_payment_type;  INCLUIDOS: 939497 REFERENCIAS NO PROCESSAMENTO
26-04-2024 15:36:27.021Z;functions.check_payment_type;  PASSANDO PARA PRÓXIMO REGISTRO
26-04-2024 15:36:37.124Z;functions.check_payment_type;  REF. LANÇAMENTO: 939837
26-04-2024 15:36:37.226Z;functions.check_payment_type;  ENTRANDO NO REGISTRO
26-04-2024 15:36:43.595Z;functions.waitForImage;  INTEGRAÇÃO BANCÁRIA image found.
26-04-2024 15:36:45.725Z;functions.check_payment_type;  CLICA EM INTEGRAÇÃO BANCÁRIA
26-04-2024 15:36:45.725Z;functions.check_payment_type;  VERIFICANDO INFORMAÇÕES
26-04-2024 15:36:48.820Z;functions.waitForImage;  DADOS BANCARIOS image found.
26-04-2024 15:36:48.952Z;functions.check_payment_type;  DADOS BANCARIOS
26-04-2024 15:36:50.952Z;functions.check_payment_type;  ENTROU DADOS BANCÁRIOS
26-04-2024 15:36:51.054Z;functions.check_payment_type;  APERTA TAB
26-04-2024 15:36:55.268Z;functions.waitForImage;  PRESS BUTTON OK image found.
26-04-2024 15:36:57.385Z;functions.click_ok;  PRESS BUTTON OK
26-04-2024 15:37:01.495Z;functions.waitForImage;  PRESS BUTTON OK image found.
26-04-2024 15:37:03.616Z;functions.click_ok;  PRESS BUTTON OK
26-04-2024 15:37:07.731Z;functions.check_payment_type;  INCLUIDOS: 939837 REFERENCIAS NO PROCESSAMENTO
26-04-2024 15:37:09.832Z;functions.check_payment_type;  PASSANDO PARA PRÓXIMO REGISTRO
26-04-2024 15:37:19.935Z;functions.check_payment_type;  REF. LANÇAMENTO: 939900
26-04-2024 15:37:20.037Z;functions.check_payment_type;  ENTRANDO NO REGISTRO
26-04-2024 15:37:27.663Z;functions.waitForImage;  INTEGRAÇÃO BANCÁRIA image found.
26-04-2024 15:37:29.795Z;functions.check_payment_type;  CLICA EM INTEGRAÇÃO BANCÁRIA
26-04-2024 15:37:29.795Z;functions.check_payment_type;  VERIFICANDO INFORMAÇÕES
26-04-2024 15:37:32.881Z;functions.waitForImage;  DADOS BANCARIOS image found.
26-04-2024 15:37:32.997Z;functions.check_payment_type;  DADOS BANCARIOS
26-04-2024 15:37:34.998Z;functions.check_payment_type;  ENTROU DADOS BANCÁRIOS
26-04-2024 15:37:35.099Z;functions.check_payment_type;  APERTA TAB
26-04-2024 15:37:39.304Z;functions.waitForImage;  PRESS BUTTON OK image found.
26-04-2024 15:37:41.428Z;functions.click_ok;  PRESS BUTTON OK
26-04-2024 15:37:45.554Z;functions.waitForImage;  PRESS BUTTON OK image found.
26-04-2024 15:37:47.674Z;functions.click_ok;  PRESS BUTTON OK
26-04-2024 15:37:51.783Z;functions.check_payment_type;  INCLUIDOS: 939900 REFERENCIAS NO PROCESSAMENTO
26-04-2024 15:37:53.885Z;functions.check_payment_type;  PASSANDO PARA PRÓXIMO REGISTRO
26-04-2024 15:38:03.987Z;functions.check_payment_type;  REF. LANÇAMENTO: 939905
26-04-2024 15:38:04.089Z;functions.check_payment_type;  ENTRANDO NO REGISTRO
26-04-2024 15:38:10.471Z;functions.waitForImage;  INTEGRAÇÃO BANCÁRIA image found.
26-04-2024 15:38:12.603Z;functions.check_payment_type;  CLICA EM INTEGRAÇÃO BANCÁRIA
26-04-2024 15:38:12.603Z;functions.check_payment_type;  VERIFICANDO INFORMAÇÕES
26-04-2024 15:38:15.698Z;functions.waitForImage;  DADOS BANCARIOS image found.
26-04-2024 15:38:15.815Z;functions.check_payment_type;  DADOS BANCARIOS
26-04-2024 15:38:17.816Z;functions.check_payment_type;  ENTROU DADOS BANCÁRIOS
26-04-2024 15:38:17.917Z;functions.check_payment_type;  APERTA TAB
26-04-2024 15:38:22.122Z;functions.waitForImage;  PRESS BUTTON OK image found.
26-04-2024 15:38:24.245Z;functions.click_ok;  PRESS BUTTON OK
26-04-2024 15:38:28.340Z;functions.waitForImage;  PRESS BUTTON OK image found.
26-04-2024 15:38:30.460Z;functions.click_ok;  PRESS BUTTON OK
26-04-2024 15:38:34.564Z;functions.check_payment_type;  INCLUIDOS: 939905 REFERENCIAS NO PROCESSAMENTO
26-04-2024 15:38:36.666Z;functions.check_payment_type;  PASSANDO PARA PRÓXIMO REGISTRO
26-04-2024 15:38:46.768Z;functions.check_payment_type;  REF. LANÇAMENTO: 943140
26-04-2024 15:38:46.871Z;functions.check_payment_type;  ENTRANDO NO REGISTRO
26-04-2024 15:38:55.067Z;functions.waitForImage;  INTEGRAÇÃO BANCÁRIA image found.
26-04-2024 15:38:57.199Z;functions.check_payment_type;  CLICA EM INTEGRAÇÃO BANCÁRIA
26-04-2024 15:38:57.199Z;functions.check_payment_type;  VERIFICANDO INFORMAÇÕES
26-04-2024 15:39:00.286Z;functions.waitForImage;  DADOS BANCARIOS image found.
26-04-2024 15:39:00.403Z;functions.check_payment_type;  DADOS BANCARIOS
26-04-2024 15:39:02.404Z;functions.check_payment_type;  ENTROU DADOS BANCÁRIOS
26-04-2024 15:39:02.505Z;functions.check_payment_type;  APERTA TAB
26-04-2024 15:39:06.710Z;functions.waitForImage;  PRESS BUTTON OK image found.
26-04-2024 15:39:08.832Z;functions.click_ok;  PRESS BUTTON OK
26-04-2024 15:39:12.927Z;functions.waitForImage;  PRESS BUTTON OK image found.
26-04-2024 15:39:15.035Z;functions.click_ok;  PRESS BUTTON OK
26-04-2024 15:39:19.148Z;functions.check_payment_type;  INCLUIDOS: 943140 REFERENCIAS NO PROCESSAMENTO
26-04-2024 15:39:21.250Z;functions.check_payment_type;  PASSANDO PARA PRÓXIMO REGISTRO
26-04-2024 15:39:31.352Z;functions.check_payment_type;  REF. LANÇAMENTO: 943674
26-04-2024 15:39:31.454Z;functions.check_payment_type;  ENTRANDO NO REGISTRO
26-04-2024 15:39:37.826Z;functions.waitForImage;  INTEGRAÇÃO BANCÁRIA image found.
26-04-2024 15:39:39.972Z;functions.check_payment_type;  CLICA EM INTEGRAÇÃO BANCÁRIA
26-04-2024 15:39:39.972Z;functions.check_payment_type;  VERIFICANDO INFORMAÇÕES
26-04-2024 15:39:43.067Z;functions.waitForImage;  DADOS BANCARIOS image found.
26-04-2024 15:39:43.199Z;functions.check_payment_type;  DADOS BANCARIOS
26-04-2024 15:39:45.199Z;functions.check_payment_type;  ENTROU DADOS BANCÁRIOS
26-04-2024 15:39:45.301Z;functions.check_payment_type;  APERTA TAB
26-04-2024 15:39:49.506Z;functions.waitForImage;  PRESS BUTTON OK image found.
26-04-2024 15:39:51.630Z;functions.click_ok;  PRESS BUTTON OK
26-04-2024 15:39:55.740Z;functions.waitForImage;  PRESS BUTTON OK image found.
26-04-2024 15:39:57.862Z;functions.click_ok;  PRESS BUTTON OK
26-04-2024 15:40:01.967Z;functions.check_payment_type;  INCLUIDOS: 943674 REFERENCIAS NO PROCESSAMENTO
26-04-2024 15:40:04.068Z;functions.check_payment_type;  PASSANDO PARA PRÓXIMO REGISTRO
26-04-2024 15:40:14.171Z;functions.check_payment_type;  REF. LANÇAMENTO: 943837
26-04-2024 15:40:14.274Z;functions.check_payment_type;  ENTRANDO NO REGISTRO
26-04-2024 15:40:21.880Z;functions.waitForImage;  INTEGRAÇÃO BANCÁRIA image found.
26-04-2024 15:40:23.997Z;functions.check_payment_type;  CLICA EM INTEGRAÇÃO BANCÁRIA
26-04-2024 15:40:23.997Z;functions.check_payment_type;  VERIFICANDO INFORMAÇÕES
26-04-2024 15:40:27.092Z;functions.waitForImage;  DADOS BANCARIOS image found.
26-04-2024 15:40:27.225Z;functions.check_payment_type;  DADOS BANCARIOS
26-04-2024 15:40:29.225Z;functions.check_payment_type;  ENTROU DADOS BANCÁRIOS
26-04-2024 15:40:29.326Z;functions.check_payment_type;  APERTA TAB
26-04-2024 15:40:33.531Z;functions.waitForImage;  PRESS BUTTON OK image found.
26-04-2024 15:40:35.658Z;functions.click_ok;  PRESS BUTTON OK
26-04-2024 15:40:39.753Z;functions.waitForImage;  PRESS BUTTON OK image found.
26-04-2024 15:40:41.881Z;functions.click_ok;  PRESS BUTTON OK
26-04-2024 15:40:45.991Z;functions.check_payment_type;  INCLUIDOS: 943837 REFERENCIAS NO PROCESSAMENTO
26-04-2024 15:40:48.092Z;functions.check_payment_type;  PASSANDO PARA PRÓXIMO REGISTRO
26-04-2024 15:40:58.195Z;functions.check_payment_type;  REF. LANÇAMENTO: 944652
26-04-2024 15:40:58.297Z;functions.check_payment_type;  ENTRANDO NO REGISTRO
26-04-2024 15:41:04.039Z;functions.waitForImage;  INTEGRAÇÃO BANCÁRIA image found.
26-04-2024 15:41:06.170Z;functions.check_payment_type;  CLICA EM INTEGRAÇÃO BANCÁRIA
26-04-2024 15:41:06.170Z;functions.check_payment_type;  VERIFICANDO INFORMAÇÕES
26-04-2024 15:41:09.264Z;functions.waitForImage;  DADOS BANCARIOS image found.
26-04-2024 15:41:09.381Z;functions.check_payment_type;  DADOS BANCARIOS
26-04-2024 15:41:11.381Z;functions.check_payment_type;  ENTROU DADOS BANCÁRIOS
26-04-2024 15:41:11.483Z;functions.check_payment_type;  APERTA TAB
26-04-2024 15:41:15.688Z;functions.waitForImage;  PRESS BUTTON OK image found.
26-04-2024 15:41:17.811Z;functions.click_ok;  PRESS BUTTON OK
26-04-2024 15:41:21.896Z;functions.waitForImage;  PRESS BUTTON OK image found.
26-04-2024 15:41:24.033Z;functions.click_ok;  PRESS BUTTON OK
26-04-2024 15:41:28.142Z;functions.check_payment_type;  INCLUIDOS: 944652 REFERENCIAS NO PROCESSAMENTO
26-04-2024 15:41:30.244Z;functions.check_payment_type;  PASSANDO PARA PRÓXIMO REGISTRO
26-04-2024 15:41:40.346Z;functions.check_payment_type;  REF. LANÇAMENTO: 944660
26-04-2024 15:41:40.448Z;functions.check_payment_type;  ENTRANDO NO REGISTRO
26-04-2024 15:41:48.633Z;functions.waitForImage;  INTEGRAÇÃO BANCÁRIA image found.
26-04-2024 15:41:50.763Z;functions.check_payment_type;  CLICA EM INTEGRAÇÃO BANCÁRIA
26-04-2024 15:41:50.763Z;functions.check_payment_type;  VERIFICANDO INFORMAÇÕES
26-04-2024 15:41:53.865Z;functions.waitForImage;  DADOS BANCARIOS image found.
26-04-2024 15:41:53.974Z;functions.check_payment_type;  DADOS BANCARIOS
26-04-2024 15:41:55.975Z;functions.check_payment_type;  ENTROU DADOS BANCÁRIOS
26-04-2024 15:41:56.076Z;functions.check_payment_type;  APERTA TAB
26-04-2024 15:42:00.270Z;functions.waitForImage;  PRESS BUTTON OK image found.
26-04-2024 15:42:02.401Z;functions.click_ok;  PRESS BUTTON OK
26-04-2024 15:42:06.496Z;functions.waitForImage;  PRESS BUTTON OK image found.
26-04-2024 15:42:08.617Z;functions.click_ok;  PRESS BUTTON OK
26-04-2024 15:42:12.731Z;functions.check_payment_type;  INCLUIDOS: 944660 REFERENCIAS NO PROCESSAMENTO
26-04-2024 15:42:14.833Z;functions.check_payment_type;  PASSANDO PARA PRÓXIMO REGISTRO
26-04-2024 15:42:24.936Z;functions.check_payment_type;  REF. LANÇAMENTO: 944937
26-04-2024 15:42:25.038Z;functions.check_payment_type;  ENTRANDO NO REGISTRO
26-04-2024 15:42:31.450Z;functions.waitForImage;  INTEGRAÇÃO BANCÁRIA image found.
26-04-2024 15:42:33.579Z;functions.check_payment_type;  CLICA EM INTEGRAÇÃO BANCÁRIA
26-04-2024 15:42:33.579Z;functions.check_payment_type;  VERIFICANDO INFORMAÇÕES
26-04-2024 15:42:36.674Z;functions.waitForImage;  DADOS BANCARIOS image found.
26-04-2024 15:42:36.791Z;functions.check_payment_type;  DADOS BANCARIOS
26-04-2024 15:42:38.791Z;functions.check_payment_type;  ENTROU DADOS BANCÁRIOS
26-04-2024 15:42:38.892Z;functions.check_payment_type;  APERTA TAB
26-04-2024 15:42:43.097Z;functions.waitForImage;  PRESS BUTTON OK image found.
26-04-2024 15:42:45.231Z;functions.click_ok;  PRESS BUTTON OK
26-04-2024 15:42:49.357Z;functions.waitForImage;  PRESS BUTTON OK image found.
26-04-2024 15:42:51.476Z;functions.click_ok;  PRESS BUTTON OK
26-04-2024 15:42:55.588Z;functions.check_payment_type;  INCLUIDOS: 944937 REFERENCIAS NO PROCESSAMENTO
26-04-2024 15:42:57.689Z;functions.check_payment_type;  PASSANDO PARA PRÓXIMO REGISTRO
26-04-2024 15:43:07.792Z;functions.check_payment_type;  REF. LANÇAMENTO: 945382
26-04-2024 15:43:07.894Z;functions.check_payment_type;  ENTRANDO NO REGISTRO
26-04-2024 15:43:15.506Z;functions.waitForImage;  INTEGRAÇÃO BANCÁRIA image found.
26-04-2024 15:43:17.635Z;functions.check_payment_type;  CLICA EM INTEGRAÇÃO BANCÁRIA
26-04-2024 15:43:17.635Z;functions.check_payment_type;  VERIFICANDO INFORMAÇÕES
26-04-2024 15:43:20.730Z;functions.waitForImage;  DADOS BANCARIOS image found.
26-04-2024 15:43:20.847Z;functions.check_payment_type;  DADOS BANCARIOS
26-04-2024 15:43:22.847Z;functions.check_payment_type;  ENTROU DADOS BANCÁRIOS
26-04-2024 15:43:22.948Z;functions.check_payment_type;  APERTA TAB
26-04-2024 15:43:27.153Z;functions.waitForImage;  PRESS BUTTON OK image found.
26-04-2024 15:43:29.278Z;functions.click_ok;  PRESS BUTTON OK
26-04-2024 15:43:33.373Z;functions.waitForImage;  PRESS BUTTON OK image found.
26-04-2024 15:43:35.495Z;functions.click_ok;  PRESS BUTTON OK
26-04-2024 15:43:39.602Z;functions.check_payment_type;  INCLUIDOS: 945382 REFERENCIAS NO PROCESSAMENTO
26-04-2024 15:43:41.703Z;functions.check_payment_type;  PASSANDO PARA PRÓXIMO REGISTRO
26-04-2024 15:43:51.806Z;functions.check_payment_type;  REF. LANÇAMENTO: 938324
26-04-2024 15:43:51.908Z;functions.check_payment_type;  ENTRANDO NO REGISTRO
26-04-2024 15:43:59.533Z;functions.waitForImage;  INTEGRAÇÃO BANCÁRIA image found.
26-04-2024 15:44:01.662Z;functions.check_payment_type;  CLICA EM INTEGRAÇÃO BANCÁRIA
26-04-2024 15:44:01.662Z;functions.check_payment_type;  VERIFICANDO INFORMAÇÕES
26-04-2024 15:44:04.757Z;functions.waitForImage;  DADOS BANCARIOS image found.
26-04-2024 15:44:04.875Z;functions.check_payment_type;  DADOS BANCARIOS
26-04-2024 15:44:06.876Z;functions.check_payment_type;  ENTROU DADOS BANCÁRIOS
26-04-2024 15:44:06.977Z;functions.check_payment_type;  APERTA TAB
26-04-2024 15:44:11.182Z;functions.waitForImage;  PRESS BUTTON OK image found.
26-04-2024 15:44:13.307Z;functions.click_ok;  PRESS BUTTON OK
26-04-2024 15:44:17.402Z;functions.waitForImage;  PRESS BUTTON OK image found.
26-04-2024 15:44:19.524Z;functions.click_ok;  PRESS BUTTON OK
26-04-2024 15:44:23.630Z;functions.check_payment_type;  INCLUIDOS: 938324 REFERENCIAS NO PROCESSAMENTO
26-04-2024 15:44:25.731Z;functions.check_payment_type;  PASSANDO PARA PRÓXIMO REGISTRO
26-04-2024 15:44:35.834Z;functions.check_payment_type;  REF. LANÇAMENTO: 938332
26-04-2024 15:44:35.937Z;functions.check_payment_type;  ENTRANDO NO REGISTRO
26-04-2024 15:44:44.216Z;functions.waitForImage;  INTEGRAÇÃO BANCÁRIA image found.
26-04-2024 15:44:46.347Z;functions.check_payment_type;  CLICA EM INTEGRAÇÃO BANCÁRIA
26-04-2024 15:44:46.347Z;functions.check_payment_type;  VERIFICANDO INFORMAÇÕES
26-04-2024 15:44:49.441Z;functions.waitForImage;  DADOS BANCARIOS image found.
26-04-2024 15:44:49.558Z;functions.check_payment_type;  DADOS BANCARIOS
26-04-2024 15:44:51.559Z;functions.check_payment_type;  ENTROU DADOS BANCÁRIOS
26-04-2024 15:44:51.660Z;functions.check_payment_type;  APERTA TAB
26-04-2024 15:44:55.875Z;functions.waitForImage;  PRESS BUTTON OK image found.
26-04-2024 15:44:57.996Z;functions.click_ok;  PRESS BUTTON OK
26-04-2024 15:45:02.091Z;functions.waitForImage;  PRESS BUTTON OK image found.
26-04-2024 15:45:04.216Z;functions.click_ok;  PRESS BUTTON OK
26-04-2024 15:45:08.325Z;functions.check_payment_type;  INCLUIDOS: 938332 REFERENCIAS NO PROCESSAMENTO
26-04-2024 15:45:10.427Z;functions.check_payment_type;  PASSANDO PARA PRÓXIMO REGISTRO
26-04-2024 15:45:20.530Z;functions.check_payment_type;  REF. LANÇAMENTO: 939812
26-04-2024 15:45:20.632Z;functions.check_payment_type;  ENTRANDO NO REGISTRO
26-04-2024 15:45:28.269Z;functions.waitForImage;  INTEGRAÇÃO BANCÁRIA image found.
26-04-2024 15:45:30.403Z;functions.check_payment_type;  CLICA EM INTEGRAÇÃO BANCÁRIA
26-04-2024 15:45:30.403Z;functions.check_payment_type;  VERIFICANDO INFORMAÇÕES
26-04-2024 15:45:33.498Z;functions.waitForImage;  DADOS BANCARIOS image found.
26-04-2024 15:45:33.614Z;functions.check_payment_type;  DADOS BANCARIOS
26-04-2024 15:45:35.615Z;functions.check_payment_type;  ENTROU DADOS BANCÁRIOS
26-04-2024 15:45:35.716Z;functions.check_payment_type;  APERTA TAB
26-04-2024 15:45:39.935Z;functions.waitForImage;  PRESS BUTTON OK image found.
26-04-2024 15:45:42.052Z;functions.click_ok;  PRESS BUTTON OK
26-04-2024 15:45:46.147Z;functions.waitForImage;  PRESS BUTTON OK image found.
26-04-2024 15:45:48.267Z;functions.click_ok;  PRESS BUTTON OK
26-04-2024 15:45:52.378Z;functions.check_payment_type;  INCLUIDOS: 939812 REFERENCIAS NO PROCESSAMENTO
26-04-2024 15:45:54.479Z;functions.check_payment_type;  PASSANDO PARA PRÓXIMO REGISTRO
26-04-2024 15:46:04.582Z;functions.check_payment_type;  REF. LANÇAMENTO: 941621
26-04-2024 15:46:04.684Z;functions.check_payment_type;  ENTRANDO NO REGISTRO
26-04-2024 15:46:12.895Z;functions.waitForImage;  INTEGRAÇÃO BANCÁRIA image found.
26-04-2024 15:46:15.004Z;functions.check_payment_type;  CLICA EM INTEGRAÇÃO BANCÁRIA
26-04-2024 15:46:15.004Z;functions.check_payment_type;  VERIFICANDO INFORMAÇÕES
26-04-2024 15:46:18.098Z;functions.waitForImage;  DADOS BANCARIOS image found.
26-04-2024 15:46:18.215Z;functions.check_payment_type;  DADOS BANCARIOS
26-04-2024 15:46:20.216Z;functions.check_payment_type;  ENTROU DADOS BANCÁRIOS
26-04-2024 15:46:20.317Z;functions.check_payment_type;  APERTA TAB
26-04-2024 15:46:24.522Z;functions.waitForImage;  PRESS BUTTON OK image found.
26-04-2024 15:46:26.645Z;functions.click_ok;  PRESS BUTTON OK
26-04-2024 15:46:30.740Z;functions.waitForImage;  PRESS BUTTON OK image found.
26-04-2024 15:46:32.876Z;functions.click_ok;  PRESS BUTTON OK
26-04-2024 15:46:36.979Z;functions.check_payment_type;  INCLUIDOS: 941621 REFERENCIAS NO PROCESSAMENTO
26-04-2024 15:46:39.080Z;functions.check_payment_type;  PASSANDO PARA PRÓXIMO REGISTRO
26-04-2024 15:46:49.183Z;functions.check_payment_type;  REF. LANÇAMENTO: 941790
26-04-2024 15:46:49.285Z;functions.check_payment_type;  ENTRANDO NO REGISTRO
26-04-2024 15:46:55.673Z;functions.waitForImage;  INTEGRAÇÃO BANCÁRIA image found.
26-04-2024 15:46:57.805Z;functions.check_payment_type;  CLICA EM INTEGRAÇÃO BANCÁRIA
26-04-2024 15:46:57.805Z;functions.check_payment_type;  VERIFICANDO INFORMAÇÕES
26-04-2024 15:47:00.896Z;functions.waitForImage;  DADOS BANCARIOS image found.
26-04-2024 15:47:01.013Z;functions.check_payment_type;  DADOS BANCARIOS
26-04-2024 15:47:03.014Z;functions.check_payment_type;  ENTROU DADOS BANCÁRIOS
26-04-2024 15:47:03.115Z;functions.check_payment_type;  APERTA TAB
26-04-2024 15:47:07.321Z;functions.waitForImage;  PRESS BUTTON OK image found.
26-04-2024 15:47:09.444Z;functions.click_ok;  PRESS BUTTON OK
26-04-2024 15:47:13.554Z;functions.waitForImage;  PRESS BUTTON OK image found.
26-04-2024 15:47:15.678Z;functions.click_ok;  PRESS BUTTON OK
26-04-2024 15:47:19.791Z;functions.check_payment_type;  INCLUIDOS: 941790 REFERENCIAS NO PROCESSAMENTO
26-04-2024 15:47:21.893Z;functions.check_payment_type;  PASSANDO PARA PRÓXIMO REGISTRO
26-04-2024 15:47:31.996Z;functions.check_payment_type;  REF. LANÇAMENTO: 943221
26-04-2024 15:47:32.097Z;functions.check_payment_type;  ENTRANDO NO REGISTRO
26-04-2024 15:47:40.333Z;functions.waitForImage;  INTEGRAÇÃO BANCÁRIA image found.
26-04-2024 15:47:42.461Z;functions.check_payment_type;  CLICA EM INTEGRAÇÃO BANCÁRIA
26-04-2024 15:47:42.461Z;functions.check_payment_type;  VERIFICANDO INFORMAÇÕES
26-04-2024 15:47:45.556Z;functions.waitForImage;  DADOS BANCARIOS image found.
26-04-2024 15:47:45.673Z;functions.check_payment_type;  DADOS BANCARIOS
26-04-2024 15:47:47.674Z;functions.check_payment_type;  ENTROU DADOS BANCÁRIOS
26-04-2024 15:47:47.775Z;functions.check_payment_type;  APERTA TAB
26-04-2024 15:47:51.990Z;functions.waitForImage;  PRESS BUTTON OK image found.
26-04-2024 15:47:54.115Z;functions.click_ok;  PRESS BUTTON OK
26-04-2024 15:47:58.209Z;functions.waitForImage;  PRESS BUTTON OK image found.
26-04-2024 15:48:00.333Z;functions.click_ok;  PRESS BUTTON OK
26-04-2024 15:48:04.450Z;functions.check_payment_type;  INCLUIDOS: 943221 REFERENCIAS NO PROCESSAMENTO
26-04-2024 15:48:06.551Z;functions.check_payment_type;  PASSANDO PARA PRÓXIMO REGISTRO
26-04-2024 15:48:16.654Z;functions.check_payment_type;  REF. LANÇAMENTO: 943711
26-04-2024 15:48:16.757Z;functions.check_payment_type;  ENTRANDO NO REGISTRO
26-04-2024 15:48:23.122Z;functions.waitForImage;  INTEGRAÇÃO BANCÁRIA image found.
26-04-2024 15:48:25.246Z;functions.check_payment_type;  CLICA EM INTEGRAÇÃO BANCÁRIA
26-04-2024 15:48:25.246Z;functions.check_payment_type;  VERIFICANDO INFORMAÇÕES
26-04-2024 15:48:28.340Z;functions.waitForImage;  DADOS BANCARIOS image found.
26-04-2024 15:48:28.458Z;functions.check_payment_type;  DADOS BANCARIOS
26-04-2024 15:48:30.458Z;functions.check_payment_type;  ENTROU DADOS BANCÁRIOS
26-04-2024 15:48:30.559Z;functions.check_payment_type;  APERTA TAB
26-04-2024 15:48:34.764Z;functions.waitForImage;  PRESS BUTTON OK image found.
26-04-2024 15:48:36.887Z;functions.click_ok;  PRESS BUTTON OK
26-04-2024 15:48:40.993Z;functions.waitForImage;  PRESS BUTTON OK image found.
26-04-2024 15:48:43.112Z;functions.click_ok;  PRESS BUTTON OK
26-04-2024 15:48:47.223Z;functions.check_payment_type;  INCLUIDOS: 943711 REFERENCIAS NO PROCESSAMENTO
26-04-2024 15:48:49.324Z;functions.check_payment_type;  PASSANDO PARA PRÓXIMO REGISTRO
26-04-2024 15:48:59.426Z;functions.check_payment_type;  REF. LANÇAMENTO: 944723
26-04-2024 15:48:59.529Z;functions.check_payment_type;  ENTRANDO NO REGISTRO
26-04-2024 15:49:07.711Z;functions.waitForImage;  INTEGRAÇÃO BANCÁRIA image found.
26-04-2024 15:49:09.842Z;functions.check_payment_type;  CLICA EM INTEGRAÇÃO BANCÁRIA
26-04-2024 15:49:09.842Z;functions.check_payment_type;  VERIFICANDO INFORMAÇÕES
26-04-2024 15:49:12.927Z;functions.waitForImage;  DADOS BANCARIOS image found.
26-04-2024 15:49:13.059Z;functions.check_payment_type;  DADOS BANCARIOS
26-04-2024 15:49:15.060Z;functions.check_payment_type;  ENTROU DADOS BANCÁRIOS
26-04-2024 15:49:15.161Z;functions.check_payment_type;  APERTA TAB
26-04-2024 15:49:19.367Z;functions.waitForImage;  PRESS BUTTON OK image found.
26-04-2024 15:49:21.488Z;functions.click_ok;  PRESS BUTTON OK
26-04-2024 15:49:25.583Z;functions.waitForImage;  PRESS BUTTON OK image found.
26-04-2024 15:49:27.707Z;functions.click_ok;  PRESS BUTTON OK
26-04-2024 15:49:31.816Z;functions.check_payment_type;  INCLUIDOS: 944723 REFERENCIAS NO PROCESSAMENTO
26-04-2024 15:49:33.917Z;functions.check_payment_type;  PASSANDO PARA PRÓXIMO REGISTRO
26-04-2024 15:49:44.020Z;functions.check_payment_type;  REF. LANÇAMENTO: 931194
26-04-2024 15:49:44.122Z;functions.check_payment_type;  ENTRANDO NO REGISTRO
26-04-2024 15:49:51.099Z;functions.waitForImage;  INTEGRAÇÃO BANCÁRIA image found.
26-04-2024 15:49:53.225Z;functions.check_payment_type;  CLICA EM INTEGRAÇÃO BANCÁRIA
26-04-2024 15:49:53.225Z;functions.check_payment_type;  VERIFICANDO INFORMAÇÕES
26-04-2024 15:49:56.320Z;functions.waitForImage;  DADOS BANCARIOS image found.
26-04-2024 15:49:56.436Z;functions.check_payment_type;  DADOS BANCARIOS
26-04-2024 15:49:58.437Z;functions.check_payment_type;  ENTROU DADOS BANCÁRIOS
26-04-2024 15:49:58.538Z;functions.check_payment_type;  APERTA TAB
26-04-2024 15:50:02.743Z;functions.waitForImage;  PRESS BUTTON OK image found.
26-04-2024 15:50:04.867Z;functions.click_ok;  PRESS BUTTON OK
26-04-2024 15:50:08.974Z;functions.waitForImage;  PRESS BUTTON OK image found.
26-04-2024 15:50:11.098Z;functions.click_ok;  PRESS BUTTON OK
26-04-2024 15:50:15.201Z;functions.check_payment_type;  INCLUIDOS: 931194 REFERENCIAS NO PROCESSAMENTO
26-04-2024 15:50:17.303Z;functions.check_payment_type;  PASSANDO PARA PRÓXIMO REGISTRO
26-04-2024 15:50:27.405Z;functions.check_payment_type;  REF. LANÇAMENTO: 942310
26-04-2024 15:50:27.508Z;functions.check_payment_type;  ENTRANDO NO REGISTRO
26-04-2024 15:50:35.683Z;functions.waitForImage;  INTEGRAÇÃO BANCÁRIA image found.
26-04-2024 15:50:37.815Z;functions.check_payment_type;  CLICA EM INTEGRAÇÃO BANCÁRIA
26-04-2024 15:50:37.815Z;functions.check_payment_type;  VERIFICANDO INFORMAÇÕES
26-04-2024 15:50:40.911Z;functions.waitForImage;  DADOS BANCARIOS image found.
26-04-2024 15:50:41.028Z;functions.check_payment_type;  DADOS BANCARIOS
26-04-2024 15:50:43.029Z;functions.check_payment_type;  ENTROU DADOS BANCÁRIOS
26-04-2024 15:50:43.130Z;functions.check_payment_type;  APERTA TAB
26-04-2024 15:50:47.335Z;functions.waitForImage;  PRESS BUTTON OK image found.
26-04-2024 15:50:49.456Z;functions.click_ok;  PRESS BUTTON OK
26-04-2024 15:50:53.550Z;functions.waitForImage;  PRESS BUTTON OK image found.
26-04-2024 15:50:55.672Z;functions.click_ok;  PRESS BUTTON OK
26-04-2024 15:50:59.781Z;functions.check_payment_type;  INCLUIDOS: 942310 REFERENCIAS NO PROCESSAMENTO
26-04-2024 15:51:01.883Z;functions.check_payment_type;  PASSANDO PARA PRÓXIMO REGISTRO
26-04-2024 15:51:11.985Z;functions.check_payment_type;  REF. LANÇAMENTO: 943476
26-04-2024 15:51:12.088Z;functions.check_payment_type;  ENTRANDO NO REGISTRO
26-04-2024 15:51:17.851Z;functions.waitForImage;  INTEGRAÇÃO BANCÁRIA image found.
26-04-2024 15:51:19.958Z;functions.check_payment_type;  CLICA EM INTEGRAÇÃO BANCÁRIA
26-04-2024 15:51:19.958Z;functions.check_payment_type;  VERIFICANDO INFORMAÇÕES
26-04-2024 15:51:23.083Z;functions.waitForImage;  DADOS BANCARIOS image found.
26-04-2024 15:51:23.200Z;functions.check_payment_type;  DADOS BANCARIOS
26-04-2024 15:51:25.201Z;functions.check_payment_type;  ENTROU DADOS BANCÁRIOS
26-04-2024 15:51:25.302Z;functions.check_payment_type;  APERTA TAB
26-04-2024 15:51:29.508Z;functions.waitForImage;  PRESS BUTTON OK image found.
26-04-2024 15:51:31.633Z;functions.click_ok;  PRESS BUTTON OK
26-04-2024 15:51:35.728Z;functions.waitForImage;  PRESS BUTTON OK image found.
26-04-2024 15:51:37.857Z;functions.click_ok;  PRESS BUTTON OK
26-04-2024 15:51:41.959Z;functions.check_payment_type;  INCLUIDOS: 943476 REFERENCIAS NO PROCESSAMENTO
26-04-2024 15:51:44.060Z;functions.check_payment_type;  PASSANDO PARA PRÓXIMO REGISTRO
26-04-2024 15:51:54.163Z;functions.check_payment_type;  REF. LANÇAMENTO: 943680
26-04-2024 15:51:54.266Z;functions.check_payment_type;  ENTRANDO NO REGISTRO
26-04-2024 15:52:01.875Z;functions.waitForImage;  INTEGRAÇÃO BANCÁRIA image found.
26-04-2024 15:52:03.980Z;functions.check_payment_type;  CLICA EM INTEGRAÇÃO BANCÁRIA
26-04-2024 15:52:03.980Z;functions.check_payment_type;  VERIFICANDO INFORMAÇÕES
26-04-2024 15:52:07.074Z;functions.waitForImage;  DADOS BANCARIOS image found.
26-04-2024 15:52:07.191Z;functions.check_payment_type;  DADOS BANCARIOS
26-04-2024 15:52:09.192Z;functions.check_payment_type;  ENTROU DADOS BANCÁRIOS
26-04-2024 15:52:09.293Z;functions.check_payment_type;  APERTA TAB
26-04-2024 15:52:13.498Z;functions.waitForImage;  PRESS BUTTON OK image found.
26-04-2024 15:52:15.622Z;functions.click_ok;  PRESS BUTTON OK
26-04-2024 15:52:19.716Z;functions.waitForImage;  PRESS BUTTON OK image found.
26-04-2024 15:52:21.838Z;functions.click_ok;  PRESS BUTTON OK
26-04-2024 15:52:25.953Z;functions.check_payment_type;  INCLUIDOS: 943680 REFERENCIAS NO PROCESSAMENTO
26-04-2024 15:52:28.054Z;functions.check_payment_type;  PASSANDO PARA PRÓXIMO REGISTRO
26-04-2024 15:52:38.156Z;functions.check_payment_type;  REF. LANÇAMENTO: 944762
26-04-2024 15:52:38.259Z;functions.check_payment_type;  ENTRANDO NO REGISTRO
26-04-2024 15:52:44.662Z;functions.waitForImage;  INTEGRAÇÃO BANCÁRIA image found.
26-04-2024 15:52:46.787Z;functions.check_payment_type;  CLICA EM INTEGRAÇÃO BANCÁRIA
26-04-2024 15:52:46.787Z;functions.check_payment_type;  VERIFICANDO INFORMAÇÕES
26-04-2024 15:52:49.897Z;functions.waitForImage;  DADOS BANCARIOS image found.
26-04-2024 15:52:50.009Z;functions.check_payment_type;  DADOS BANCARIOS
26-04-2024 15:52:52.010Z;functions.check_payment_type;  ENTROU DADOS BANCÁRIOS
26-04-2024 15:52:52.111Z;functions.check_payment_type;  APERTA TAB
26-04-2024 15:52:56.315Z;functions.waitForImage;  PRESS BUTTON OK image found.
26-04-2024 15:52:58.437Z;functions.click_ok;  PRESS BUTTON OK
26-04-2024 15:53:02.531Z;functions.waitForImage;  PRESS BUTTON OK image found.
26-04-2024 15:53:04.669Z;functions.click_ok;  PRESS BUTTON OK
26-04-2024 15:53:08.781Z;functions.check_payment_type;  INCLUIDOS: 944762 REFERENCIAS NO PROCESSAMENTO
26-04-2024 15:53:08.781Z;functions.check_payment_type;  FORAM INCLUIDOS: 50 REFERENCIAS NO PROCESSAMENTO
26-04-2024 15:53:16.545Z;functions.process_lancamentos;  CLICA PARA APARECER CONTA/CAIXA
26-04-2024 15:53:17.249Z;functions.process_lancamentos;  SELECIONA CONTA/CAIXA
26-04-2024 15:53:17.942Z;functions.process_lancamentos;  CLICA NO BOTÃO [...]
26-04-2024 15:53:23.047Z;functions.process_lancamentos;  CLICA NO CAMPO PESQUISA E DIGITA: %3212
26-04-2024 15:53:23.719Z;functions.process_lancamentos;  CLICA NO BOTÃO DO FILTRO
26-04-2024 15:53:24.722Z;functions.process_lancamentos;  CLICA NO BOTÃO OK
26-04-2024 15:53:25.647Z;functions.process_lancamentos;  CLICA NO BOTÃO EXECUTAR
26-04-2024 15:54:25.505Z;functions.waitForImage;  PRESS BUTTON OK image found.
26-04-2024 15:54:27.509Z;functions.process_lancamentos;  O PROCESSAMENTO FOI EXECUTADO COM SUCESSO.
26-04-2024 15:54:34.412Z;functions.process_lancamentos;  ERRO: Lançamento Ref. 922633: Convênio alterado para o convênio default '7' da conta Caixa '02675-5' .
Lançamento Ref. 931194: Convênio alterado para o convênio default '7' da conta Caixa '02675-5' .
Lançamento Ref. 936808: Convênio alterado para o convênio default '7' da conta Caixa '02675-5' .
Lançamento Ref. 936810: Convênio alterado para o convênio default '7' da conta Caixa '02675-5' .
Lançamento Ref. 937651: Convênio alterado para o convênio default '7' da conta Caixa '02675-5' .
Lançamento Ref. 937661: Convênio alterado para o convênio default '7' da conta Caixa '02675-5' .
Lançamento Ref. 937664: Convênio alterado para o convênio default '7' da conta Caixa '02675-5' .
Lançamento Ref. 938049: Convênio alterado para o convênio default '7' da conta Caixa '02675-5' .
Lançamento Ref. 938324: Convênio alterado para o convênio default '7' da conta Caixa '02675-5' .
Lançamento Ref. 938332: Convênio alterado para o convênio default '7' da conta Caixa '02675-5' .
Lançamento Ref. 938393: Convênio alterado para o convênio default '7' da conta Caixa '02675-5' .
Lançamento Ref. 938906: Convênio alterado para o convênio default '7' da conta Caixa '02675-5' .
Lançamento Ref. 938959: Convênio alterado para o convênio default '7' da conta Caixa '02675-5' .
Lançamento Ref. 939044: Convênio alterado para o convênio default '7' da conta Caixa '02675-5' .
Lançamento Ref. 939179: Convênio alterado para o convênio default '7' da conta Caixa '02675-5' .
Lançamento Ref. 939497: Convênio alterado para o convênio default '7' da conta Caixa '02675-5' .
Lançamento Ref. 939732: Convênio alterado para o convênio default '7' da conta Caixa '02675-5' .
Lançamento Ref. 939733: Convênio alterado para o convênio default '7' da conta Caixa '02675-5' .
Lançamento Ref. 939812: Convênio alterado para o convênio default '7' da conta Caixa '02675-5' .
Lançamento Ref. 939837: Convênio alterado para o convênio default '7' da conta Caixa '02675-5' .
Lançamento Ref. 939843: Convênio alterado para o convênio default '7' da conta Caixa '02675-5' .
Lançamento Ref. 939873: Convênio alterado para o convênio default '7' da conta Caixa '02675-5' .
Lançamento Ref. 939900: Convênio alterado para o convênio default '7' da conta Caixa '02675-5' .
Lançamento Ref. 939905: Convênio alterado para o convênio default '7' da conta Caixa '02675-5' .
Lançamento Ref. 941621: Convênio alterado para o convênio default '7' da conta Caixa '02675-5' .
Lançamento Ref. 941790: Convênio alterado para o convênio default '7' da conta Caixa '02675-5' .
Lançamento Ref. 942310: Convênio alterado para o convênio default '7' da conta Caixa '02675-5' .
Lançamento Ref. 943140: Convênio alterado para o convênio default '7' da conta Caixa '02675-5' .
Lançamento Ref. 943221: Convênio alterado para o convênio default '7' da conta Caixa '02675-5' .
Lançamento Ref. 943476: Convênio alterado para o convênio default '7' da conta Caixa '02675-5' .
Lançamento Ref. 943674: Convênio alterado para o convênio default '7' da conta Caixa '02675-5' .
Lançamento Ref. 943680: Convênio alterado para o convênio default '7' da conta Caixa '02675-5' .
Lançamento Ref. 943711: Convênio alterado para o convênio default '7' da conta Caixa '02675-5' .
Lançamento Ref. 943837: Convênio alterado para o convênio default '7' da conta Caixa '02675-5' .
Lançamento Ref. 944203: Convênio alterado para o convênio default '7' da conta Caixa '02675-5' .
Lançamento Ref. 944204: Convênio alterado para o convênio default '7' da conta Caixa '02675-5' .
Lançamento Ref. 944652: Convênio alterado para o convênio default '7' da conta Caixa '02675-5' .
Lançamento Ref. 944660: Convênio alterado para o convênio default '7' da conta Caixa '02675-5' .
Lançamento Ref. 944718: Convênio alterado para o convênio default '7' da conta Caixa '02675-5' .
Lançamento Ref. 944723: Convênio alterado para o convênio default '7' da conta Caixa '02675-5' .
Lançamento Ref. 944753: Convênio alterado para o convênio default '7' da conta Caixa '02675-5' .
Lançamento Ref. 944762: Convênio alterado para o convênio default '7' da conta Caixa '02675-5' .
Lançamento Ref. 944937: Convênio alterado para o convênio default '7' da conta Caixa '02675-5' .
Lançamento Ref. 944983: Convênio alterado para o convênio default '7' da conta Caixa '02675-5' .
Lançamento Ref. 945200: Convênio alterado para o convênio default '7' da conta Caixa '02675-5' .
Lançamento Ref. 945279: Convênio alterado para o convênio default '7' da conta Caixa '02675-5' .
Lançamento Ref. 945283: Convênio alterado para o convênio default '7' da conta Caixa '02675-5' .
Lançamento Ref. 945358: Convênio alterado para o convênio default '7' da conta Caixa '02675-5' .
Lançamento Ref. 945380: Convênio alterado para o convênio default '7' da conta Caixa '02675-5' .
Lançamento Ref. 945382: Convênio alterado para o convênio default '7' da conta Caixa '02675-5' .
Alteração Global de Lançamentos executada com sucesso

26-04-2024 15:54:35.239Z;functions.process_lancamentos;  CLICK EM FECHAR.
26-04-2024 16:06:51.512Z;functions.proccess_bordero;  SELECIONAR INCLUSÃO DE BORDERO
26-04-2024 16:07:11.974Z;functions.waitForImage;  PRESS BUTON SIM image not found.
26-04-2024 16:09:19.637Z;functions.show_exception_and_exit;  'NoneType' object has no attribute 'click'
Traceback (most recent call last):
  File "C:\Projetos_Remessas\Remessa_Bancaria\main.py", line 156, in <module>
    result = process_lancamentos()
             ^^^^^^^^^^^^^^^^^^^^^
  File "C:\Projetos_Remessas\Remessa_Bancaria\SUBPROGRAMS\functions.py", line 675, in process_lancamentos
    proccess_bordero()
  File "C:\Projetos_Remessas\Remessa_Bancaria\SUBPROGRAMS\functions.py", line 819, in proccess_bordero
    menuitem_inclusao_bordero.click()
    ^^^^^^^^^^^^^^^^^^^^^^^^^^^^^^^
AttributeError: 'NoneType' object has no attribute 'click'
26-04-2024 16:09:19.830Z;functions.show_exception_and_exit;  PRINT SALVO
26-04-2024 16:09:19.952Z;functions.show_exception_and_exit;  RM FECHADO
26-04-2024 16:09:22.224Z;errorhandler.__handle;  Property: Unknown Property name. [1:203: -ms-interpolation-mode]
26-04-2024 16:09:22.224Z;errorhandler.__handle;  Property: Unknown Property name. [1:353: -webkit-font-smoothing]
26-04-2024 16:09:22.224Z;errorhandler.__handle;  Property: Unknown Property name. [1:483: -ms-text-size-adjust]
26-04-2024 16:09:22.224Z;errorhandler.__handle;  Property: Unknown Property name. [1:518: -webkit-text-size-adjust]
26-04-2024 16:09:22.224Z;errorhandler.__handle;  Property: Unknown Property name. [1:612: mso-table-lspace]
26-04-2024 16:09:22.224Z;errorhandler.__handle;  Property: Unknown Property name. [1:642: mso-table-rspace]
26-04-2024 16:09:22.287Z;errorhandler.__handle;  Property: Unknown Property name. [1:4734: mso-hide]
26-04-2024 16:09:22.302Z;errorhandler.__handle;  Property: Unknown Property name. [1:13: -ms-interpolation-mode]
26-04-2024 16:09:22.302Z;errorhandler.__handle;  Property: Unknown Property name. [1:49: -webkit-font-smoothing]
26-04-2024 16:09:22.302Z;errorhandler.__handle;  Property: Unknown Property name. [1:134: -ms-text-size-adjust]
26-04-2024 16:09:22.302Z;errorhandler.__handle;  Property: Unknown Property name. [1:160: -webkit-text-size-adjust]
26-04-2024 16:09:22.302Z;errorhandler.__handle;  Property: Unknown Property name. [1:26: mso-table-lspace]
26-04-2024 16:09:22.302Z;errorhandler.__handle;  Property: Unknown Property name. [1:45: mso-table-rspace]
26-04-2024 16:09:22.318Z;errorhandler.__handle;  Property: Unknown Property name. [1:92: mso-hide]
26-04-2024 16:09:22.318Z;errorhandler.__handle;  Property: No ":" after name found: align-center [1:1: align-center]
26-04-2024 16:09:22.318Z;errorhandler.__handle;  Property: No property value found: align-center [1:1: align-center]
26-04-2024 16:09:22.318Z;errorhandler.__handle;  CSSStyleDeclaration: Syntax Error in Property: align-center
26-04-2024 16:09:22.318Z;errorhandler.__handle;  Property: Unknown Property name. [1:14: -ms-interpolation-mode]
26-04-2024 16:09:26.021Z;functions.show_exception_and_exit;  EMAIL EXCEÇÃO ENVIADO
26-04-2024 16:09:26.021Z;functions.show_exception_and_exit;  ERRO - <class 'AttributeError'> / 'NoneType' object has no attribute 'click'
