26-04-2024 21:00:15.290Z;functions.bot_text_art;      ____   
26-04-2024 21:00:15.290Z;functions.bot_text_art;     [____]    
26-04-2024 21:00:15.290Z;functions.bot_text_art;   |=]()()[=|  
26-04-2024 21:00:15.290Z;functions.bot_text_art;     _\==/__    _____    ____     _        _____    ___   _  __
26-04-2024 21:00:15.290Z;functions.bot_text_art;   |__|   |_|  |  _  \  / ___|   | |      |_   _| / ___| | |/ /
26-04-2024 21:00:15.290Z;functions.bot_text_art;   |_|_/\_|_|  | |  | | | |      | |        | |   | |    | ' / 
26-04-2024 21:00:15.290Z;functions.bot_text_art;   | | __ | |  | |  | | | |      | |        | |   | |    |  <  
26-04-2024 21:00:15.290Z;functions.bot_text_art;   |_|[  ]|_|  | |__| | | |____  | |____   _| |_  | |__  | . \ 
26-04-2024 21:00:15.290Z;functions.bot_text_art;   \_|_||_|_/  |_____/   \_____| |______| |_____| \ ___| |_|\_\
26-04-2024 21:00:15.290Z;functions.bot_text_art;     |_||_|                                                     
26-04-2024 21:00:15.290Z;functions.bot_text_art;     | ||_|_   
26-04-2024 21:00:15.290Z;functions.bot_text_art;   |___||___|  
26-04-2024 21:00:15.290Z;functions.bot_text_art;               
26-04-2024 21:00:15.290Z;functions.open_RM;  OPEN PROGRAM RM
26-04-2024 21:00:27.509Z;functions.loggin_RM;  ENTER USER_NAME
26-04-2024 21:00:31.321Z;functions.loggin_RM;  ENTER PASSWORD
26-04-2024 21:00:31.977Z;functions.loggin_RM;  ENTER RM
26-04-2024 21:02:37.805Z;functions.enter_coligada;  CLICK CONTEXTO
26-04-2024 21:02:39.464Z;functions.enter_coligada;  CLICK ALTERAR MODULO DO CONTEXTO
26-04-2024 21:02:42.749Z;functions.enter_coligada;  INSERE O COLIGADA CODE = 1
26-04-2024 21:02:42.850Z;functions.enter_coligada;  APERTA TAB PARA PREENCHER O CAMPO COM A STRING: OCEANICA ENGENHARIA E CONSULTORIA S.A.
26-04-2024 21:02:44.790Z;functions.enter_coligada;  CLICK AVANÇAR NOVAMENTE
26-04-2024 21:02:46.227Z;functions.enter_coligada;  CLICK CONCLUIR
26-04-2024 21:03:05.774Z;functions.enter_coligada;  POP UP COLIGADA DESAPARECER
26-04-2024 21:03:06.367Z;functions.check_movimentacao_bancaria;  CLICK - TOTVS - LINHA RM
26-04-2024 21:03:07.418Z;functions.check_movimentacao_bancaria;  CLICK - BACK OFFICE
26-04-2024 21:03:09.696Z;functions.check_movimentacao_bancaria;  CLICK - GESTAO FINANCEIRA
26-04-2024 21:03:18.087Z;functions.movimentacao_bancaria;  CLICA NA ABA MOVIMENTAÇÃO BANCARIA
26-04-2024 21:03:18.223Z;functions.waitForImage;  IMAGEM BORDERO image found.
26-04-2024 21:03:20.347Z;functions.movimentacao_bancaria;  IMAGEM BORDERO CLICADA.
26-04-2024 21:03:30.784Z;functions.waitForImage;  LICENCAS EXCEDIDAS image not found.
26-04-2024 21:03:31.331Z;functions.movimentacao_bancaria;  ENCONTROU O FILTRO DA MOVIMENTAÇÃO BANCÁRIA
26-04-2024 21:03:31.347Z;functions.movimentacao_bancaria;  CLICA NA ABA SUPERIOR DO FILTRO
26-04-2024 21:03:35.854Z;functions.movimentacao_bancaria;  SELECIONA O FILTRO HOJE
26-04-2024 21:03:40.949Z;functions.waitForImage;  FILTER CLEAN image found.
26-04-2024 21:03:43.075Z;functions.filter_clean;  CLICA NO BOTÃO X DO LIMPA FILTRO
26-04-2024 21:03:58.202Z;functions.waitForImage;  FILTER CLEAN image not found.
26-04-2024 21:04:13.236Z;functions.waitForImage;  FILTER CLEAN image not found.
26-04-2024 21:04:13.989Z;functions.movimentacao_bancaria;  CLICA NA PRIMEIRA LINHA DA TABELA MOVIMENTAÇÃO BANCÁRIA
26-04-2024 21:04:14.712Z;functions.movimentacao_bancaria;  CLICA NA PRIMEIRA LINHA DA TABELA MOVIMENTAÇÃO BANCÁRIA
26-04-2024 21:04:15.926Z;functions.movimentacao_bancaria;  12 PASSOS PARA DIREITA NA TABELA >>
26-04-2024 21:04:17.196Z;functions.movimentacao_bancaria;  HOVER FILTER
26-04-2024 21:04:17.548Z;functions.movimentacao_bancaria;  CLICK FILTER
26-04-2024 21:04:21.858Z;functions.movimentacao_bancaria;  CLICA NO FILTRO  STATUS DA REMESSA
26-04-2024 21:04:23.959Z;functions.movimentacao_bancaria;  APERTA TAB PARA ESCREVER O FILTRO
26-04-2024 21:04:26.064Z;functions.movimentacao_bancaria;  ESCREVE PENDENTE NO FILTRO
26-04-2024 21:04:28.165Z;functions.movimentacao_bancaria;  APERTA ENTER PARA SELECIONAR OS PENDENTES
26-04-2024 21:04:49.117Z;functions.movimentacao_bancaria;  SEM PROCESSAMENTO DE BORDERO PENDENTE
26-04-2024 21:04:59.212Z;functions.waitForImage;  FILTER CLEAN image found.
26-04-2024 21:05:01.334Z;functions.filter_clean;  CLICA NO BOTÃO X DO LIMPA FILTRO
26-04-2024 21:05:16.372Z;functions.waitForImage;  FILTER CLEAN image not found.
26-04-2024 21:05:31.381Z;functions.waitForImage;  FILTER CLEAN image not found.
26-04-2024 21:05:32.165Z;functions.processo_pagamento;  CLICA NA PRIMEIRA LINHA DA TABELA MOVIMENTAÇÃO BANCÁRIA
26-04-2024 21:05:33.414Z;functions.processo_pagamento;  HOVER FILTER
26-04-2024 21:05:33.703Z;functions.processo_pagamento;  CLICK FILTER
26-04-2024 21:05:38.014Z;functions.processo_pagamento;  CLICA NO FILTRO  STATUS DA REMESSA
26-04-2024 21:05:40.116Z;functions.processo_pagamento;  APERTA TAB PARA ESCREVER O FILTRO
26-04-2024 21:05:42.222Z;functions.processo_pagamento;  ESCREVE AUTORIZADO NO FILTRO
26-04-2024 21:05:44.323Z;functions.processo_pagamento;  APERTA ENTER PARA SELECIONAR OS AUTORIZADOS
26-04-2024 21:06:05.218Z;functions.processo_pagamento;  SEM REMESSA DE BORDERO AUTORIZADO
26-04-2024 21:06:06.320Z;functions.processo_pagamento;  FECHA ABA MOVIMENTAÇÕES BANCÁRIAS
26-04-2024 21:06:07.306Z;functions.enter_contas_a_pagar;  CLICK - TOTVS - LINHA RM
26-04-2024 21:06:08.290Z;functions.enter_contas_a_pagar;  CLICK - BACK OFFICE
26-04-2024 21:06:08.976Z;functions.enter_contas_a_pagar;  CLICK - GESTAO FINANCEIRA
26-04-2024 21:06:20.852Z;functions.enter_contas_a_pagar;  CLICK - CONTAS A PAGAR
26-04-2024 21:06:20.972Z;functions.waitForImage;  LANÇAMENTOS image found.
26-04-2024 21:06:23.077Z;functions.enter_contas_a_pagar;  CLICA EM LANÇAMENTOS
26-04-2024 21:06:38.403Z;functions.waitForImage;  LICENCAS EXCEDIDAS image not found.
26-04-2024 21:06:38.403Z;functions.obter_intervalo_data;  VERIFICANDO A HORA ATUAL 21
26-04-2024 21:06:38.403Z;functions.obter_intervalo_data;  Data Inicial BANCARIA antes da remoção: None
26-04-2024 21:06:38.403Z;functions.obter_intervalo_data;  Data Final BANCARIA antes da remoção: None
26-04-2024 21:06:38.403Z;functions.obter_intervalo_data;  Data Inicial BANCARIA após a remoção: None
26-04-2024 21:06:38.403Z;functions.obter_intervalo_data;  Data Final BANCARIA após a remoção: None
26-04-2024 21:06:38.403Z;functions.obter_intervalo_data;  hoje -  2024-04-26 21:06:38.403958
26-04-2024 21:06:38.403Z;functions.data_filter;  DATA INICIO 01-05-2024
26-04-2024 21:06:38.403Z;functions.data_filter;  DATA FIM 07-05-2024
26-04-2024 21:06:38.403Z;functions.data_filter;  CLICK - SELECIONA A DATA DE QUARTA FEIRA E DA PROXIMA TERÇA
26-04-2024 21:06:38.403Z;functions.data_filter;  QUARTA-FEIRA: 01-05-2024
26-04-2024 21:06:38.403Z;functions.data_filter;  TERCA-FEIRA: 07-05-2024
26-04-2024 21:06:46.821Z;functions.data_filter;  CLICK - BOTAO DE SELECAO DE FILTRO
26-04-2024 21:06:50.550Z;functions.data_filter;  INSERE - DATA DE QUARTA-FEIRA: 01-05-2024
26-04-2024 21:06:53.993Z;functions.data_filter;  INSERE - DATA DA PROX TERCA-FEIRA: 07-05-2024
26-04-2024 21:06:54.618Z;functions.data_filter;  CLICK - BOTAO DE EXECUTAR O FILTRO
26-04-2024 21:17:01.118Z;functions.show_exception_and_exit;  'NoneType' object has no attribute 'click'
Traceback (most recent call last):
  File "C:\Projetos_Remessas\Remessa_Bancaria\main.py", line 18, in <module>
    desmark_filter()
  File "C:\Projetos_Remessas\Remessa_Bancaria\SUBPROGRAMS\functions.py", line 304, in desmark_filter
    check_lancamentos_receber.click()
    ^^^^^^^^^^^^^^^^^^^^^^^^^^^^^^^
AttributeError: 'NoneType' object has no attribute 'click'
26-04-2024 21:17:01.477Z;functions.show_exception_and_exit;  PRINT SALVO
26-04-2024 21:17:01.589Z;functions.show_exception_and_exit;  RM FECHADO
26-04-2024 21:17:03.118Z;errorhandler.__handle;  Property: Unknown Property name. [1:203: -ms-interpolation-mode]
26-04-2024 21:17:03.118Z;errorhandler.__handle;  Property: Unknown Property name. [1:353: -webkit-font-smoothing]
26-04-2024 21:17:03.133Z;errorhandler.__handle;  Property: Unknown Property name. [1:483: -ms-text-size-adjust]
26-04-2024 21:17:03.133Z;errorhandler.__handle;  Property: Unknown Property name. [1:518: -webkit-text-size-adjust]
26-04-2024 21:17:03.133Z;errorhandler.__handle;  Property: Unknown Property name. [1:612: mso-table-lspace]
26-04-2024 21:17:03.133Z;errorhandler.__handle;  Property: Unknown Property name. [1:642: mso-table-rspace]
26-04-2024 21:17:03.180Z;errorhandler.__handle;  Property: Unknown Property name. [1:4734: mso-hide]
26-04-2024 21:17:03.212Z;errorhandler.__handle;  Property: Unknown Property name. [1:13: -ms-interpolation-mode]
26-04-2024 21:17:03.212Z;errorhandler.__handle;  Property: Unknown Property name. [1:49: -webkit-font-smoothing]
26-04-2024 21:17:03.212Z;errorhandler.__handle;  Property: Unknown Property name. [1:134: -ms-text-size-adjust]
26-04-2024 21:17:03.212Z;errorhandler.__handle;  Property: Unknown Property name. [1:160: -webkit-text-size-adjust]
26-04-2024 21:17:03.212Z;errorhandler.__handle;  Property: Unknown Property name. [1:26: mso-table-lspace]
26-04-2024 21:17:03.212Z;errorhandler.__handle;  Property: Unknown Property name. [1:45: mso-table-rspace]
26-04-2024 21:17:03.212Z;errorhandler.__handle;  Property: Unknown Property name. [1:92: mso-hide]
26-04-2024 21:17:03.227Z;errorhandler.__handle;  Property: No ":" after name found: align-center [1:1: align-center]
26-04-2024 21:17:03.227Z;errorhandler.__handle;  Property: No property value found: align-center [1:1: align-center]
26-04-2024 21:17:03.227Z;errorhandler.__handle;  CSSStyleDeclaration: Syntax Error in Property: align-center
26-04-2024 21:17:03.227Z;errorhandler.__handle;  Property: Unknown Property name. [1:14: -ms-interpolation-mode]
26-04-2024 21:17:08.680Z;functions.show_exception_and_exit;  EMAIL EXCEÇÃO ENVIADO
26-04-2024 21:17:08.680Z;functions.show_exception_and_exit;  ERRO - <class 'AttributeError'> / 'NoneType' object has no attribute 'click'
