15-04-2024 07:00:17.530Z;functions.bot_text_art;      ____   
15-04-2024 07:00:17.530Z;functions.bot_text_art;     [____]    
15-04-2024 07:00:17.530Z;functions.bot_text_art;   |=]()()[=|  
15-04-2024 07:00:17.530Z;functions.bot_text_art;     _\==/__    _____    ____     _        _____    ___   _  __
15-04-2024 07:00:17.530Z;functions.bot_text_art;   |__|   |_|  |  _  \  / ___|   | |      |_   _| / ___| | |/ /
15-04-2024 07:00:17.530Z;functions.bot_text_art;   |_|_/\_|_|  | |  | | | |      | |        | |   | |    | ' / 
15-04-2024 07:00:17.530Z;functions.bot_text_art;   | | __ | |  | |  | | | |      | |        | |   | |    |  <  
15-04-2024 07:00:17.530Z;functions.bot_text_art;   |_|[  ]|_|  | |__| | | |____  | |____   _| |_  | |__  | . \ 
15-04-2024 07:00:17.561Z;functions.bot_text_art;   \_|_||_|_/  |_____/   \_____| |______| |_____| \ ___| |_|\_\
15-04-2024 07:00:17.561Z;functions.bot_text_art;     |_||_|                                                     
15-04-2024 07:00:17.561Z;functions.bot_text_art;     | ||_|_   
15-04-2024 07:00:17.561Z;functions.bot_text_art;   |___||___|  
15-04-2024 07:00:17.561Z;functions.bot_text_art;               
15-04-2024 07:00:17.561Z;functions.open_RM;  OPEN PROGRAM RM
15-04-2024 07:00:25.228Z;functions.loggin_RM;  ENTER USER_NAME
15-04-2024 07:00:29.123Z;functions.loggin_RM;  ENTER PASSWORD
15-04-2024 07:00:29.858Z;functions.loggin_RM;  ENTER RM
15-04-2024 07:01:01.468Z;functions.enter_coligada;  CLICK CONTEXTO
15-04-2024 07:01:02.907Z;functions.enter_coligada;  CLICK ALTERAR MODULO DO CONTEXTO
15-04-2024 07:01:05.327Z;functions.enter_coligada;  INSERE O COLIGADA CODE = 1
15-04-2024 07:01:05.428Z;functions.enter_coligada;  APERTA TAB PARA PREENCHER O CAMPO COM A STRING: OCEANICA ENGENHARIA E CONSULTORIA S.A.
15-04-2024 07:01:06.295Z;functions.enter_coligada;  CLICK AVANÇAR NOVAMENTE
15-04-2024 07:01:07.113Z;functions.enter_coligada;  CLICK CONCLUIR
15-04-2024 07:01:15.562Z;functions.enter_coligada;  POP UP COLIGADA DESAPARECER
15-04-2024 07:01:16.205Z;functions.check_movimentacao_bancaria;  CLICK - TOTVS - LINHA RM
15-04-2024 07:01:17.273Z;functions.check_movimentacao_bancaria;  CLICK - BACK OFFICE
15-04-2024 07:01:17.976Z;functions.check_movimentacao_bancaria;  CLICK - GESTAO FINANCEIRA
15-04-2024 07:01:20.233Z;functions.movimentacao_bancaria;  CLICA NA ABA MOVIMENTAÇÃO BANCARIA
15-04-2024 07:01:20.420Z;functions.waitForImage;  IMAGEM BORDERO image found.
15-04-2024 07:01:22.528Z;functions.movimentacao_bancaria;  IMAGEM BORDERO CLICADA.
15-04-2024 07:01:33.105Z;functions.waitForImage;  LICENCAS EXCEDIDAS image not found.
15-04-2024 07:01:33.670Z;functions.movimentacao_bancaria;  ENCONTROU O FILTRO DA MOVIMENTAÇÃO BANCÁRIA
15-04-2024 07:01:33.685Z;functions.movimentacao_bancaria;  CLICA NA ABA SUPERIOR DO FILTRO
15-04-2024 07:01:38.193Z;functions.movimentacao_bancaria;  SELECIONA O FILTRO HOJE
15-04-2024 07:01:43.326Z;functions.waitForImage;  FILTER CLEAN image found.
15-04-2024 07:01:45.445Z;functions.filter_clean;  CLICA NO BOTÃO X DO LIMPA FILTRO
15-04-2024 07:02:00.680Z;functions.waitForImage;  FILTER CLEAN image not found.
15-04-2024 07:02:15.934Z;functions.waitForImage;  FILTER CLEAN image not found.
15-04-2024 07:02:16.764Z;functions.movimentacao_bancaria;  CLICA NA PRIMEIRA LINHA DA TABELA MOVIMENTAÇÃO BANCÁRIA
15-04-2024 07:02:17.560Z;functions.movimentacao_bancaria;  CLICA NA PRIMEIRA LINHA DA TABELA MOVIMENTAÇÃO BANCÁRIA
15-04-2024 07:02:18.773Z;functions.movimentacao_bancaria;  12 PASSOS PARA DIREITA NA TABELA >>
15-04-2024 07:02:20.092Z;functions.movimentacao_bancaria;  HOVER FILTER
15-04-2024 07:02:20.432Z;functions.movimentacao_bancaria;  CLICK FILTER
15-04-2024 07:02:24.741Z;functions.movimentacao_bancaria;  CLICA NO FILTRO  STATUS DA REMESSA
15-04-2024 07:02:26.842Z;functions.movimentacao_bancaria;  APERTA TAB PARA ESCREVER O FILTRO
15-04-2024 07:02:28.947Z;functions.movimentacao_bancaria;  ESCREVE PENDENTE NO FILTRO
15-04-2024 07:02:31.049Z;functions.movimentacao_bancaria;  APERTA ENTER PARA SELECIONAR OS PENDENTES
15-04-2024 07:02:52.170Z;functions.movimentacao_bancaria;  SEM PROCESSAMENTO DE BORDERO PENDENTE
15-04-2024 07:03:02.295Z;functions.waitForImage;  FILTER CLEAN image found.
15-04-2024 07:03:04.415Z;functions.filter_clean;  CLICA NO BOTÃO X DO LIMPA FILTRO
15-04-2024 07:03:19.637Z;functions.waitForImage;  FILTER CLEAN image not found.
15-04-2024 07:03:34.832Z;functions.waitForImage;  FILTER CLEAN image not found.
15-04-2024 07:03:35.685Z;functions.processo_pagamento;  CLICA NA PRIMEIRA LINHA DA TABELA MOVIMENTAÇÃO BANCÁRIA
15-04-2024 07:03:36.998Z;functions.processo_pagamento;  HOVER FILTER
15-04-2024 07:03:37.297Z;functions.processo_pagamento;  CLICK FILTER
15-04-2024 07:03:41.609Z;functions.processo_pagamento;  CLICA NO FILTRO  STATUS DA REMESSA
15-04-2024 07:03:43.711Z;functions.processo_pagamento;  APERTA TAB PARA ESCREVER O FILTRO
15-04-2024 07:03:45.817Z;functions.processo_pagamento;  ESCREVE AUTORIZADO NO FILTRO
15-04-2024 07:03:47.918Z;functions.processo_pagamento;  APERTA ENTER PARA SELECIONAR OS AUTORIZADOS
15-04-2024 07:03:54.274Z;functions.processo_pagamento;  6 PASSOS PARA ESQUERDA NA TABELA <<
15-04-2024 07:03:55.208Z;functions.check_user_bot;  Texto extraido 1/1
15-04-2024 07:03:55.208Z;functions.check_user_bot;  Count 1
15-04-2024 07:03:55.208Z;functions.check_user_bot;  Type <class 'int'>
15-04-2024 07:03:57.311Z;functions.check_user_bot;  CHECK USER BOT 1
15-04-2024 07:03:59.312Z;functions.check_user_bot;  integracao
15-04-2024 07:04:02.019Z;functions.check_user_bot;  7 PASSOS PARA DIREITA NA TABELA >>
15-04-2024 07:04:06.121Z;functions.check_user_bot;  341 / 3212 / 02675 - FERIAS/RESCISAO
15-04-2024 07:04:06.121Z;functions.check_user_bot;  Nome SISPAG não encontrado na string.
15-04-2024 07:04:06.827Z;functions.check_user_bot;  7 PASSOS PARA ESQUERDA NA TABELA <<
15-04-2024 07:04:06.929Z;functions.check_user_bot;  COUNT1: 0
15-04-2024 07:04:08.030Z;functions.processo_pagamento;  FECHA ABA MOVIMENTAÇÕES BANCÁRIAS
15-04-2024 07:04:08.838Z;functions.enter_contas_a_pagar;  CLICK - TOTVS - LINHA RM
15-04-2024 07:04:09.827Z;functions.enter_contas_a_pagar;  CLICK - BACK OFFICE
15-04-2024 07:04:10.545Z;functions.enter_contas_a_pagar;  CLICK - GESTAO FINANCEIRA
15-04-2024 07:04:15.295Z;functions.enter_contas_a_pagar;  CLICK - CONTAS A PAGAR
15-04-2024 07:04:16.051Z;functions.waitForImage;  LANÇAMENTOS image found.
15-04-2024 07:04:18.170Z;functions.enter_contas_a_pagar;  CLICA EM LANÇAMENTOS
15-04-2024 07:04:33.653Z;functions.waitForImage;  LICENCAS EXCEDIDAS image not found.
15-04-2024 07:04:33.653Z;functions.obter_intervalo_data;  VERIFICANDO A HORA ATUAL 7
15-04-2024 07:04:33.668Z;functions.obter_intervalo_data;  Data Inicial BANCARIA antes da remoção: None
15-04-2024 07:04:33.668Z;functions.obter_intervalo_data;  Data Final BANCARIA antes da remoção: None
15-04-2024 07:04:33.668Z;functions.obter_intervalo_data;  Data Inicial BANCARIA após a remoção: None
15-04-2024 07:04:33.668Z;functions.obter_intervalo_data;  Data Final BANCARIA após a remoção: None
15-04-2024 07:04:33.668Z;functions.obter_intervalo_data;  hoje -  2024-04-15 07:04:33.668892
15-04-2024 07:04:33.668Z;functions.data_filter;  DATA INICIO 17-04-2024
15-04-2024 07:04:33.668Z;functions.data_filter;  DATA FIM 23-04-2024
15-04-2024 07:04:33.668Z;functions.data_filter;  CLICK - SELECIONA A DATA DE QUARTA FEIRA E DA PROXIMA TERÇA
15-04-2024 07:04:33.668Z;functions.data_filter;  QUARTA-FEIRA: 17-04-2024
15-04-2024 07:04:33.668Z;functions.data_filter;  TERCA-FEIRA: 23-04-2024
15-04-2024 07:04:42.281Z;functions.data_filter;  CLICK - BOTAO DE SELECAO DE FILTRO
15-04-2024 07:04:46.062Z;functions.data_filter;  INSERE - DATA DE QUARTA-FEIRA: 17-04-2024
15-04-2024 07:04:49.561Z;functions.data_filter;  INSERE - DATA DA PROX TERCA-FEIRA: 23-04-2024
15-04-2024 07:04:50.249Z;functions.data_filter;  CLICK - BOTAO DE EXECUTAR O FILTRO
15-04-2024 07:06:33.266Z;functions.desmark_filter;  CLICK CHECKBOX LANÇAMENTOS A RECEBER
15-04-2024 07:06:34.113Z;functions.desmark_filter;  CLICK CHECKBOX LANÇAMENTOS BAIXADOS
15-04-2024 07:06:34.967Z;functions.desmark_filter;  CLICK CHECKBOX LANÇAMENTOS CANCELADOS
15-04-2024 07:06:35.858Z;functions.desmark_filter;  CLICK CHECKBOX LANÇAMENTOS FATURADOS
15-04-2024 07:06:36.795Z;functions.desmark_filter;  CLICK CHECKBOX LANÇAMENTOS FATURADOS
15-04-2024 07:06:56.970Z;functions.waitForImage;  FILTER CLEAN image not found.
15-04-2024 07:07:12.134Z;functions.waitForImage;  FILTER CLEAN image not found.
15-04-2024 07:07:27.294Z;functions.waitForImage;  FILTER CLEAN image not found.
15-04-2024 07:07:27.294Z;functions.check_table_record;  VERIFICANDO SE A TABELA ESTÁ VAZIA
15-04-2024 07:07:28.274Z;functions.check_table_record;  Texto extraido 1/267
15-04-2024 07:07:28.274Z;functions.check_table_record;  Count 267
15-04-2024 07:07:28.274Z;functions.check_table_record;  Type <class 'int'>
15-04-2024 07:07:28.274Z;functions.check_table_record;  TABELA CONTÉM REGISTROS
15-04-2024 07:07:39.186Z;functions.select_tipo_documento;  NOME DA COLUNA: Tipo de Documento
15-04-2024 07:07:40.466Z;functions.select_tipo_documento;  HOVER NOME DA COLUNA: Tipo de Documento
15-04-2024 07:07:41.061Z;functions.select_tipo_documento;  CLICA NO FILTRO PERSONALIZAR
15-04-2024 07:07:41.811Z;functions.select_tipo_documento;  CLICA PARA SELECIONAR OPÇÕES DO FILTRO
15-04-2024 07:07:48.865Z;functions.select_tipo_documento;  CLICK BUTTON CONFIRMAR FILTRO
15-04-2024 07:07:53.866Z;functions.filter_IPTE;  VERIFICANDO O COD DO CLIENTE EM CADA REGISTRO
15-04-2024 07:07:54.669Z;functions.filter_IPTE;  CLICA NA PRIMEIRA LINHA DA TABELA
15-04-2024 07:08:14.514Z;functions.filter_IPTE;  HOVER FILTER
15-04-2024 07:08:15.090Z;functions.filter_IPTE;  CLICK FILTER
15-04-2024 07:08:19.401Z;functions.filter_IPTE;  CLICA NO FILTRO PERSONALIZAR
15-04-2024 07:08:27.345Z;functions.check_table_record;  VERIFICANDO SE A TABELA ESTÁ VAZIA
15-04-2024 07:08:28.296Z;functions.check_table_record;  Texto extraido 1/1
15-04-2024 07:08:28.296Z;functions.check_table_record;  Count 1
15-04-2024 07:08:28.296Z;functions.check_table_record;  Type <class 'int'>
15-04-2024 07:08:28.296Z;functions.check_table_record;  TABELA CONTÉM REGISTROS
15-04-2024 07:08:28.296Z;functions.check_payment_type;  VERIFICANDO O COD DO CLIENTE EM CADA REGISTRO
15-04-2024 07:08:29.115Z;functions.check_payment_type;  CLICA NA PRIMEIRA LINHA DA TABELA
15-04-2024 07:08:37.217Z;functions.check_payment_type;  REF. LANÇAMENTO: 939646
15-04-2024 07:08:37.320Z;functions.check_payment_type;  ENTRANDO NO REGISTRO
15-04-2024 07:08:45.875Z;functions.waitForImage;  INTEGRAÇÃO BANCÁRIA image found.
15-04-2024 07:08:47.999Z;functions.check_payment_type;  CLICA EM INTEGRAÇÃO BANCÁRIA
15-04-2024 07:08:47.999Z;functions.check_payment_type;  VERIFICANDO INFORMAÇÕES
15-04-2024 07:08:51.110Z;functions.waitForImage;  DADOS BANCARIOS image found.
15-04-2024 07:08:51.242Z;functions.check_payment_type;  DADOS BANCARIOS
15-04-2024 07:08:53.242Z;functions.check_payment_type;  ENTROU DADOS BANCÁRIOS
15-04-2024 07:08:53.344Z;functions.check_payment_type;  APERTA TAB
15-04-2024 07:08:57.562Z;functions.waitForImage;  PRESS BUTTON OK image found.
15-04-2024 07:08:59.691Z;functions.click_ok;  PRESS BUTTON OK
15-04-2024 07:09:03.801Z;functions.waitForImage;  PRESS BUTTON OK image found.
15-04-2024 07:09:05.932Z;functions.click_ok;  PRESS BUTTON OK
15-04-2024 07:09:10.041Z;functions.check_payment_type;  INCLUIDOS: 939646 REFERENCIAS NO PROCESSAMENTO
15-04-2024 07:09:10.041Z;functions.check_payment_type;  FORAM INCLUIDOS: 1 REFERENCIAS NO PROCESSAMENTO
15-04-2024 07:09:14.779Z;functions.process_lancamentos;  CLICA PARA APARECER CONTA/CAIXA
15-04-2024 07:09:15.520Z;functions.process_lancamentos;  SELECIONA CONTA/CAIXA
15-04-2024 07:09:16.274Z;functions.process_lancamentos;  CLICA NO BOTÃO [...]
15-04-2024 07:09:21.378Z;functions.process_lancamentos;  CLICA NO CAMPO PESQUISA E DIGITA: %3212
15-04-2024 07:09:22.081Z;functions.process_lancamentos;  CLICA NO BOTÃO DO FILTRO
15-04-2024 07:09:22.861Z;functions.process_lancamentos;  CLICA NO BOTÃO OK
15-04-2024 07:09:23.592Z;functions.process_lancamentos;  CLICA NO BOTÃO EXECUTAR
15-04-2024 07:09:37.482Z;functions.waitForImage;  PRESS BUTTON OK image found.
15-04-2024 07:09:39.496Z;functions.process_lancamentos;  O PROCESSAMENTO FOI EXECUTADO COM SUCESSO.
15-04-2024 07:09:46.477Z;functions.process_lancamentos;  ERRO: Lançamento Ref. 939646: Convênio alterado para o convênio default '7' da conta Caixa '02675-5' .
Alteração Global de Lançamentos executada com sucesso

15-04-2024 07:09:47.087Z;functions.process_lancamentos;  CLICK EM FECHAR.
15-04-2024 07:12:03.337Z;functions.proccess_bordero;  SELECIONAR INCLUSÃO DE BORDERO
15-04-2024 07:12:23.621Z;functions.waitForImage;  PRESS BUTON SIM image not found.
15-04-2024 07:12:24.357Z;functions.proccess_bordero;  CLICA EM CONVÊNIO TRÊS PONTINHOS
15-04-2024 07:12:25.342Z;functions.proccess_bordero;  CLICA EM COMBOBOX PARA SELECIONAR O ID DO CONVÊNIO
15-04-2024 07:12:26.128Z;functions.proccess_bordero;  CLICA EM ID DO CONVÊNIO
15-04-2024 07:12:28.231Z;functions.proccess_bordero;  APERTA TAB PARA ESCREVER O ID
15-04-2024 07:12:30.332Z;functions.proccess_bordero;  ESCREVE O ID 7
15-04-2024 07:12:32.434Z;functions.proccess_bordero;  APERTA ENTER PARA SELECIONAR O ID 7 - SISPAG FORNECEDOR
15-04-2024 07:12:34.535Z;functions.proccess_bordero;  APERTA ENTER PARA ESCOLHER O ID 7 - SISPAG FORNECEDOR
15-04-2024 07:12:37.177Z;functions.proccess_bordero;  CLICA EM EXECUTAR NA INCLUSÃO DO BORDÊRO
15-04-2024 07:12:50.604Z;functions.waitForImage;  PRESS BUTTON OK image not found.
15-04-2024 07:12:55.812Z;functions.proccess_bordero;  ERRO: Existem inconsistências em alguns lançamentos, favor verificar e executar novamente o processo.

********* ERRO(S) NO(S) LANÇAMENTO(S)***********
Lançamento Ref.: 1-939646  - O movimento do lançamento não pode estar bloqueado




15-04-2024 07:12:56.435Z;functions.proccess_bordero;  CLICK EM FECHAR.
15-04-2024 07:12:57.857Z;errorhandler.__handle;  Property: Unknown Property name. [1:203: -ms-interpolation-mode]
15-04-2024 07:12:57.872Z;errorhandler.__handle;  Property: Unknown Property name. [1:353: -webkit-font-smoothing]
15-04-2024 07:12:57.872Z;errorhandler.__handle;  Property: Unknown Property name. [1:483: -ms-text-size-adjust]
15-04-2024 07:12:57.872Z;errorhandler.__handle;  Property: Unknown Property name. [1:518: -webkit-text-size-adjust]
15-04-2024 07:12:57.872Z;errorhandler.__handle;  Property: Unknown Property name. [1:612: mso-table-lspace]
15-04-2024 07:12:57.872Z;errorhandler.__handle;  Property: Unknown Property name. [1:642: mso-table-rspace]
15-04-2024 07:12:57.919Z;errorhandler.__handle;  Property: Unknown Property name. [1:4734: mso-hide]
15-04-2024 07:12:57.935Z;errorhandler.__handle;  Property: Unknown Property name. [1:13: -ms-interpolation-mode]
15-04-2024 07:12:57.950Z;errorhandler.__handle;  Property: Unknown Property name. [1:49: -webkit-font-smoothing]
15-04-2024 07:12:57.950Z;errorhandler.__handle;  Property: Unknown Property name. [1:134: -ms-text-size-adjust]
15-04-2024 07:12:57.950Z;errorhandler.__handle;  Property: Unknown Property name. [1:160: -webkit-text-size-adjust]
15-04-2024 07:12:57.950Z;errorhandler.__handle;  Property: Unknown Property name. [1:26: mso-table-lspace]
15-04-2024 07:12:57.950Z;errorhandler.__handle;  Property: Unknown Property name. [1:45: mso-table-rspace]
15-04-2024 07:12:57.950Z;errorhandler.__handle;  Property: Unknown Property name. [1:92: mso-hide]
15-04-2024 07:12:57.966Z;errorhandler.__handle;  Property: No ":" after name found: align-center [1:1: align-center]
15-04-2024 07:12:57.966Z;errorhandler.__handle;  Property: No property value found: align-center [1:1: align-center]
15-04-2024 07:12:57.966Z;errorhandler.__handle;  CSSStyleDeclaration: Syntax Error in Property: align-center
15-04-2024 07:12:57.966Z;errorhandler.__handle;  Property: Unknown Property name. [1:14: -ms-interpolation-mode]
15-04-2024 07:13:00.341Z;functions.emailErro;  Warning e-mail sent.
15-04-2024 07:13:00.341Z;functions.proccess_bordero;  CORRESPONDENCIA ['939646']
15-04-2024 07:13:00.341Z;functions.proccess_bordero;  NUMERO DE REFERENCIAS QUE SERÃO TIRADOS DA REMESSA ['939646']
15-04-2024 07:13:00.341Z;functions.proccess_bordero;  CHAMANDO A FUNÇÃO REMOVE_SEND
15-04-2024 07:14:42.199Z;functions.remove_send;  CLICA NA PRIMEIRA LINHA DA TABELA
15-04-2024 07:14:49.303Z;functions.remove_send;  ref_num_atual: 939646
15-04-2024 07:14:49.303Z;functions.remove_send;  num_de_ref: ['939646']
15-04-2024 07:14:53.405Z;functions.remove_send;  Retirando a referencia: 939646
15-04-2024 07:14:53.405Z;functions.remove_send;  SAINDO DO REMOVE_SEND E LIMPANDO O VETOR num_de_ref
15-04-2024 07:15:09.627Z;functions.proccess_bordero;  SELECIONAR INCLUSÃO DE BORDERO
15-04-2024 07:15:29.984Z;functions.waitForImage;  PRESS BUTON SIM image not found.
15-04-2024 07:16:36.169Z;functions.show_exception_and_exit;  'NoneType' object has no attribute 'click'
Traceback (most recent call last):
  File "C:\Projetos_Remessas\Remessa_Bancaria\main.py", line 156, in <module>
    result = process_lancamentos()
             ^^^^^^^^^^^^^^^^^^^^^
  File "C:\Projetos_Remessas\Remessa_Bancaria\SUBPROGRAMS\functions.py", line 669, in process_lancamentos
    proccess_bordero()
  File "C:\Projetos_Remessas\Remessa_Bancaria\SUBPROGRAMS\functions.py", line 882, in proccess_bordero
    proccess_bordero()
  File "C:\Projetos_Remessas\Remessa_Bancaria\SUBPROGRAMS\functions.py", line 806, in proccess_bordero
    menuitem_inclusao_bordero.click()
    ^^^^^^^^^^^^^^^^^^^^^^^^^^^^^^^
AttributeError: 'NoneType' object has no attribute 'click'
15-04-2024 07:16:36.357Z;functions.show_exception_and_exit;  PRINT SALVO
15-04-2024 07:16:36.454Z;functions.show_exception_and_exit;  RM FECHADO
15-04-2024 07:16:38.138Z;errorhandler.__handle;  Property: Unknown Property name. [1:14: -ms-interpolation-mode]
15-04-2024 07:16:41.098Z;functions.show_exception_and_exit;  EMAIL EXCEÇÃO ENVIADO
15-04-2024 07:16:41.098Z;functions.show_exception_and_exit;  ERRO - <class 'AttributeError'> / 'NoneType' object has no attribute 'click'
