23-07-2024 01:01:56.525Z;functions.bot_text_art;      ____   
23-07-2024 01:01:56.525Z;functions.bot_text_art;     [____]    
23-07-2024 01:01:56.525Z;functions.bot_text_art;   |=]()()[=|  
23-07-2024 01:01:56.525Z;functions.bot_text_art;     _\==/__    _____    ____     _        _____    ___   _  __
23-07-2024 01:01:56.525Z;functions.bot_text_art;   |__|   |_|  |  _  \  / ___|   | |      |_   _| / ___| | |/ /
23-07-2024 01:01:56.525Z;functions.bot_text_art;   |_|_/\_|_|  | |  | | | |      | |        | |   | |    | ' / 
23-07-2024 01:01:56.525Z;functions.bot_text_art;   | | __ | |  | |  | | | |      | |        | |   | |    |  <  
23-07-2024 01:01:56.525Z;functions.bot_text_art;   |_|[  ]|_|  | |__| | | |____  | |____   _| |_  | |__  | . \ 
23-07-2024 01:01:56.541Z;functions.bot_text_art;   \_|_||_|_/  |_____/   \_____| |______| |_____| \ ___| |_|\_\
23-07-2024 01:01:56.541Z;functions.bot_text_art;     |_||_|                                                     
23-07-2024 01:01:56.541Z;functions.bot_text_art;     | ||_|_   
23-07-2024 01:01:56.541Z;functions.bot_text_art;   |___||___|  
23-07-2024 01:01:56.541Z;functions.bot_text_art;               
23-07-2024 01:01:56.556Z;functions.open_RM;  OPEN PROGRAM RM
23-07-2024 01:01:56.556Z;functions.caps;  DESATIVANDO CAPS
23-07-2024 01:01:56.556Z;functions.loggin_RM;  BUSCANDO LOGGIN RM
23-07-2024 01:02:25.666Z;functions.loggin_RM;  ENTER USER_NAME
23-07-2024 01:02:30.464Z;functions.loggin_RM;  ENTER PASSWORD
23-07-2024 01:02:32.053Z;functions.loggin_RM;  ENTER RM
23-07-2024 01:06:10.024Z;functions.enter_coligada;  CLICK CONTEXTO
23-07-2024 01:06:13.336Z;functions.enter_coligada;  CLICK ALTERAR MODULO DO CONTEXTO
23-07-2024 01:06:18.269Z;functions.enter_coligada;  INSERE O COLIGADA CODE = 1
23-07-2024 01:06:18.375Z;functions.enter_coligada;  APERTA TAB PARA PREENCHER O CAMPO COM A STRING: OCEANICA ENGENHARIA E CONSULTORIA S.A.
23-07-2024 01:06:20.805Z;functions.enter_coligada;  CLICK AVANÇAR NOVAMENTE
23-07-2024 01:06:22.180Z;functions.enter_coligada;  CLICK CONCLUIR
23-07-2024 01:06:42.305Z;functions.waitForImage;  TROCA COLIGADA image not found.
23-07-2024 01:06:59.429Z;functions.enter_coligada;  POP UP COLIGADA DESAPARECER
23-07-2024 01:07:00.461Z;functions.check_movimentacao_bancaria;  CLICK - TOTVS - LINHA RM
23-07-2024 01:07:02.836Z;functions.check_movimentacao_bancaria;  CLICK - BACK OFFICE
23-07-2024 01:07:05.690Z;functions.check_movimentacao_bancaria;  CLICK - GESTAO FINANCEIRA
23-07-2024 01:07:05.691Z;functions.movimentacao_bancaria;  AGUARDANDO 1
23-07-2024 01:07:11.493Z;functions.movimentacao_bancaria;  CLICA NA ABA MOVIMENTAÇÃO BANCARIA
23-07-2024 01:07:12.399Z;functions.waitForImage;  IMAGEM BORDERO image found.
23-07-2024 01:07:14.533Z;functions.movimentacao_bancaria;  IMAGEM BORDERO CLICADA.
23-07-2024 01:07:25.118Z;functions.waitForImage;  LICENCAS EXCEDIDAS image not found.
23-07-2024 01:07:25.852Z;functions.movimentacao_bancaria;  ENCONTROU O FILTRO DA MOVIMENTAÇÃO BANCÁRIA
23-07-2024 01:07:25.899Z;functions.movimentacao_bancaria;  CLICA NA ABA SUPERIOR DO FILTRO
23-07-2024 01:07:33.210Z;functions.movimentacao_bancaria;  SELECIONA O FILTRO HOJE
23-07-2024 01:07:38.399Z;functions.waitForImage;  FILTER CLEAN image found.
23-07-2024 01:07:40.532Z;functions.filter_clean;  CLICA NO BOTÃO X DO LIMPA FILTRO
23-07-2024 01:07:40.729Z;functions.waitForImage;  FILTER CLEAN image found.
23-07-2024 01:07:42.846Z;functions.filter_clean;  CLICA NO BOTÃO X DO LIMPA FILTRO
23-07-2024 01:07:58.102Z;functions.waitForImage;  FILTER CLEAN image not found.
23-07-2024 01:09:12.164Z;functions.movimentacao_bancaria;  SEM PROCESSAMENTO DE BORDERO
23-07-2024 01:09:37.445Z;functions.waitForImage;  FILTER CLEAN image not found.
23-07-2024 01:09:52.742Z;functions.waitForImage;  FILTER CLEAN image not found.
23-07-2024 01:10:07.992Z;functions.waitForImage;  FILTER CLEAN image not found.
23-07-2024 01:10:39.914Z;functions.processo_pagamento;  SEM REMESSA DE BORDERO AUTORIZADO
23-07-2024 01:10:41.019Z;functions.processo_pagamento;  FECHA ABA MOVIMENTAÇÕES BANCÁRIAS
23-07-2024 01:10:43.055Z;functions.enter_contas_a_pagar;  CLICK - TOTVS - LINHA RM
23-07-2024 01:10:45.305Z;functions.enter_contas_a_pagar;  CLICK - BACK OFFICE
23-07-2024 01:10:46.335Z;functions.enter_contas_a_pagar;  CLICK - GESTAO FINANCEIRA
23-07-2024 01:10:53.279Z;functions.enter_contas_a_pagar;  CLICK - CONTAS A PAGAR
23-07-2024 01:10:54.148Z;functions.waitForImage;  LANÇAMENTOS image found.
23-07-2024 01:10:56.281Z;functions.enter_contas_a_pagar;  CLICA EM LANÇAMENTOS
23-07-2024 01:11:11.742Z;functions.waitForImage;  LICENCAS EXCEDIDAS image not found.
23-07-2024 01:11:11.757Z;functions.obter_intervalo_data;  VERIFICANDO A HORA ATUAL 1
23-07-2024 01:11:11.773Z;functions.obter_intervalo_data;  Data Inicial BANCARIA antes da remoção: None
23-07-2024 01:11:11.773Z;functions.obter_intervalo_data;  Data Final BANCARIA antes da remoção: None
23-07-2024 01:11:11.773Z;functions.obter_intervalo_data;  Data Inicial BANCARIA após a remoção: None
23-07-2024 01:11:11.773Z;functions.obter_intervalo_data;  Data Final BANCARIA após a remoção: None
23-07-2024 01:11:11.773Z;functions.obter_intervalo_data;  hoje -  2024-07-23 01:11:11.773589
23-07-2024 01:11:11.773Z;functions.data_filter;  DATA INICIO 24-07-2024
23-07-2024 01:11:11.789Z;functions.data_filter;  DATA FIM 30-07-2024
23-07-2024 01:11:11.789Z;functions.data_filter;  CLICK - SELECIONA A DATA DE QUARTA FEIRA E DA PROXIMA TERÇA
23-07-2024 01:11:11.789Z;functions.data_filter;  QUARTA-FEIRA: 24-07-2024
23-07-2024 01:11:11.789Z;functions.data_filter;  TERCA-FEIRA: 30-07-2024
23-07-2024 01:11:28.718Z;functions.data_filter;  REMESSA BANCÁRIA - FILTRO DIGITADO
23-07-2024 01:11:29.742Z;functions.data_filter;  CLICK - BOTAO DE SELECAO DE FILTRO
23-07-2024 01:11:34.664Z;functions.data_filter;  INSERE - DATA DE QUARTA-FEIRA: 24-07-2024
23-07-2024 01:11:39.226Z;functions.data_filter;  INSERE - DATA DA PROX TERCA-FEIRA: 30-07-2024
23-07-2024 01:11:40.429Z;functions.data_filter;  CLICK - BOTAO DE EXECUTAR O FILTRO
23-07-2024 01:11:45.434Z;functions.desmark_filter;  AGUARDANDO 1
23-07-2024 01:11:48.554Z;functions.desmark_filter;  CLICK CHECKBOX LANÇAMENTOS A RECEBER
23-07-2024 01:11:51.307Z;functions.desmark_filter;  CLICK CHECKBOX LANÇAMENTOS BAIXADOS
23-07-2024 01:11:53.930Z;functions.desmark_filter;  CLICK CHECKBOX LANÇAMENTOS CANCELADOS
23-07-2024 01:11:56.762Z;functions.desmark_filter;  CLICK CHECKBOX LANÇAMENTOS FATURADOS
23-07-2024 01:11:59.638Z;functions.desmark_filter;  CLICK CHECKBOX LANÇAMENTOS FATURADOS
23-07-2024 01:12:04.804Z;functions.waitForImage;  FILTER CLEAN image found.
23-07-2024 01:12:06.915Z;functions.filter_clean;  CLICA NO BOTÃO X DO LIMPA FILTRO
23-07-2024 01:12:22.210Z;functions.waitForImage;  FILTER CLEAN image not found.
23-07-2024 01:12:37.523Z;functions.waitForImage;  FILTER CLEAN image not found.
23-07-2024 01:12:37.523Z;functions.check_table_record;  VERIFICANDO SE A TABELA ESTÁ VAZIA
23-07-2024 01:12:40.773Z;functions.check_table_record;  Texto extraido 1/28
23-07-2024 01:12:40.773Z;functions.check_table_record;  Count 28
23-07-2024 01:12:40.773Z;functions.check_table_record;  Type <class 'int'>
23-07-2024 01:12:40.773Z;functions.check_table_record;  TABELA CONTÉM REGISTROS
23-07-2024 01:12:52.960Z;functions.select_tipo_documento;  NOME DA COLUNA: Tipo de Documento
23-07-2024 01:12:55.007Z;functions.select_tipo_documento;  HOVER NOME DA COLUNA: Tipo de Documento
23-07-2024 01:12:55.880Z;functions.select_tipo_documento;  CLICA NO FILTRO PERSONALIZAR
23-07-2024 01:12:58.491Z;functions.select_tipo_documento;  CLICA PARA SELECIONAR OPÇÕES DO FILTRO
23-07-2024 01:13:04.938Z;functions.select_tipo_documento;  FILTRO "NÃO É IGUAL A INV" DEFINIDO
23-07-2024 01:13:06.023Z;functions.select_tipo_documento;  CLICK BUTTON CONFIRMAR FILTRO
23-07-2024 01:13:11.027Z;functions.filter_IPTE;  VERIFICANDO O COD DO CLIENTE EM CADA REGISTRO
23-07-2024 01:13:12.898Z;functions.filter_IPTE;  CLICA NA PRIMEIRA LINHA DA TABELA
23-07-2024 01:13:36.929Z;functions.filter_IPTE;  HOVER FILTER
23-07-2024 01:13:38.749Z;functions.filter_IPTE;  CLICK FILTER
23-07-2024 01:13:43.082Z;functions.filter_IPTE;  CLICA NO FILTRO PERSONALIZAR
23-07-2024 01:14:25.554Z;functions.filter_IPTE;  MOVIDO PRA CIMA 100 VEZES
23-07-2024 01:15:01.819Z;functions.filter_IPTE;  MOVIDO PRA CIMA MAIS 100 VEZES
23-07-2024 01:15:17.570Z;functions.filter_IPTE;  TABELA NÃO CONTÉM REGISTROS
23-07-2024 01:15:17.570Z;functions.check_table_record;  VERIFICANDO SE A TABELA ESTÁ VAZIA
23-07-2024 01:15:20.726Z;functions.check_table_record;  Texto extraido 0/0
23-07-2024 01:15:20.726Z;functions.check_table_record;  Count 0
23-07-2024 01:15:20.726Z;functions.check_table_record;  Type <class 'int'>
23-07-2024 01:15:20.726Z;functions.check_table_record;  SEM REGISTROS
23-07-2024 01:15:22.730Z;main.<module>;  SEM REMESSA BANCÁRIA
23-07-2024 01:15:22.730Z;functions.movimentacao_bancaria;  AGUARDANDO 1
23-07-2024 01:15:24.023Z;functions.movimentacao_bancaria;  CLICA NA ABA MOVIMENTAÇÃO BANCARIA
23-07-2024 01:15:24.241Z;functions.waitForImage;  IMAGEM BORDERO image found.
23-07-2024 01:15:26.351Z;functions.movimentacao_bancaria;  IMAGEM BORDERO CLICADA.
23-07-2024 01:15:36.866Z;functions.waitForImage;  LICENCAS EXCEDIDAS image not found.
23-07-2024 01:15:37.616Z;functions.movimentacao_bancaria;  ENCONTROU O FILTRO DA MOVIMENTAÇÃO BANCÁRIA
23-07-2024 01:15:37.679Z;functions.movimentacao_bancaria;  CLICA NA ABA SUPERIOR DO FILTRO
23-07-2024 01:15:44.989Z;functions.movimentacao_bancaria;  SELECIONA O FILTRO HOJE
23-07-2024 01:16:05.303Z;functions.waitForImage;  FILTER CLEAN image not found.
23-07-2024 01:16:20.616Z;functions.waitForImage;  FILTER CLEAN image not found.
23-07-2024 01:16:35.991Z;functions.waitForImage;  FILTER CLEAN image not found.
23-07-2024 01:17:50.100Z;functions.movimentacao_bancaria;  SEM PROCESSAMENTO DE BORDERO
23-07-2024 01:18:15.366Z;functions.waitForImage;  FILTER CLEAN image not found.
23-07-2024 01:18:30.678Z;functions.waitForImage;  FILTER CLEAN image not found.
23-07-2024 01:18:45.991Z;functions.waitForImage;  FILTER CLEAN image not found.
23-07-2024 01:19:18.066Z;functions.processo_pagamento;  SEM REMESSA DE BORDERO AUTORIZADO
23-07-2024 01:19:19.171Z;functions.processo_pagamento;  FECHA ABA MOVIMENTAÇÕES BANCÁRIAS
23-07-2024 01:19:20.490Z;functions.enter_contas_a_pagar;  CLICK - TOTVS - LINHA RM
23-07-2024 01:19:21.647Z;functions.enter_contas_a_pagar;  CLICK - BACK OFFICE
23-07-2024 01:19:22.678Z;functions.enter_contas_a_pagar;  CLICK - GESTAO FINANCEIRA
23-07-2024 01:19:28.740Z;functions.enter_contas_a_pagar;  CLICK - CONTAS A PAGAR
23-07-2024 01:19:28.928Z;functions.waitForImage;  LANÇAMENTOS image found.
23-07-2024 01:19:31.067Z;functions.enter_contas_a_pagar;  CLICA EM LANÇAMENTOS
23-07-2024 01:19:46.568Z;functions.waitForImage;  LICENCAS EXCEDIDAS image not found.
23-07-2024 01:19:46.568Z;functions.obter_intervalo_data;  VERIFICANDO A HORA ATUAL 1
23-07-2024 01:19:46.584Z;functions.obter_intervalo_data;  Data Inicial BANCARIA antes da remoção: None
23-07-2024 01:19:46.584Z;functions.obter_intervalo_data;  Data Final BANCARIA antes da remoção: None
23-07-2024 01:19:46.600Z;functions.obter_intervalo_data;  Data Inicial BANCARIA após a remoção: None
23-07-2024 01:19:46.600Z;functions.obter_intervalo_data;  Data Final BANCARIA após a remoção: None
23-07-2024 01:19:46.600Z;functions.obter_intervalo_data;  hoje -  2024-07-23 01:19:46.600114
23-07-2024 01:19:46.600Z;functions.data_filter;  DATA INICIO 24-07-2024
23-07-2024 01:19:46.600Z;functions.data_filter;  DATA FIM 30-07-2024
23-07-2024 01:19:46.600Z;functions.data_filter;  CLICK - SELECIONA A DATA DE QUARTA FEIRA E DA PROXIMA TERÇA
23-07-2024 01:19:46.600Z;functions.data_filter;  QUARTA-FEIRA: 24-07-2024
23-07-2024 01:19:46.600Z;functions.data_filter;  TERCA-FEIRA: 30-07-2024
23-07-2024 01:20:03.536Z;functions.data_filter;  REMESSA BANCÁRIA - FILTRO DIGITADO
23-07-2024 01:20:04.553Z;functions.data_filter;  CLICK - BOTAO DE SELECAO DE FILTRO
23-07-2024 01:20:09.506Z;functions.data_filter;  INSERE - DATA DE QUARTA-FEIRA: 24-07-2024
23-07-2024 01:20:14.006Z;functions.data_filter;  INSERE - DATA DA PROX TERCA-FEIRA: 30-07-2024
23-07-2024 01:20:15.178Z;functions.data_filter;  CLICK - BOTAO DE EXECUTAR O FILTRO
23-07-2024 01:20:20.182Z;functions.desmark_filter;  AGUARDANDO 1
23-07-2024 01:20:22.459Z;functions.desmark_filter;  CLICK CHECKBOX LANÇAMENTOS A RECEBER
23-07-2024 01:20:24.861Z;functions.desmark_filter;  CLICK CHECKBOX LANÇAMENTOS BAIXADOS
23-07-2024 01:20:27.490Z;functions.desmark_filter;  CLICK CHECKBOX LANÇAMENTOS CANCELADOS
23-07-2024 01:20:30.393Z;functions.desmark_filter;  CLICK CHECKBOX LANÇAMENTOS FATURADOS
23-07-2024 01:20:33.240Z;functions.desmark_filter;  CLICK CHECKBOX LANÇAMENTOS FATURADOS
23-07-2024 01:20:38.427Z;functions.waitForImage;  FILTER CLEAN image found.
23-07-2024 01:20:40.539Z;functions.filter_clean;  CLICA NO BOTÃO X DO LIMPA FILTRO
23-07-2024 01:20:55.834Z;functions.waitForImage;  FILTER CLEAN image not found.
23-07-2024 01:21:11.149Z;functions.waitForImage;  FILTER CLEAN image not found.
23-07-2024 01:21:12.568Z;functions.filter_forma_pagamento;  CLICA NA PRIMEIRA LINHA DA TABELA
23-07-2024 01:21:12.896Z;functions.filter_forma_pagamento;  CLICK NA PRIMEIRA LINHA E COLUNA DA TABELA
23-07-2024 01:21:29.221Z;functions.filter_forma_pagamento;  160 PASSOS PARA DIREITA NA TABELA >>
23-07-2024 01:21:35.709Z;functions.filter_forma_pagamento;  HOVER NOME DA COLUNA FORMA DE PAGAMENTO
23-07-2024 01:21:37.716Z;functions.filter_forma_pagamento;  CLICA PARA APARECER O FILTRO PERSONALIZAR
23-07-2024 01:21:41.050Z;functions.filter_forma_pagamento;  CLICA NO FILTRO PERSONALIZAR
23-07-2024 01:21:53.771Z;functions.filter_forma_pagamento;  Texto extraido 0/0
23-07-2024 01:21:53.771Z;functions.filter_forma_pagamento;  Count 0
23-07-2024 01:21:53.771Z;functions.filter_forma_pagamento;  Type <class 'int'>
23-07-2024 01:21:53.771Z;functions.filter_forma_pagamento;  SEM REGISTROS
23-07-2024 01:21:55.784Z;functions.check_table_record;  VERIFICANDO SE A TABELA ESTÁ VAZIA
23-07-2024 01:21:58.896Z;functions.check_table_record;  Texto extraido 0/0
23-07-2024 01:21:58.896Z;functions.check_table_record;  Count 0
23-07-2024 01:21:58.896Z;functions.check_table_record;  Type <class 'int'>
23-07-2024 01:21:58.896Z;functions.check_table_record;  SEM REGISTROS
23-07-2024 01:22:02.909Z;main.<module>;  SEM REMESSA DE TED CIP
23-07-2024 01:22:04.146Z;functions.enter_contas_a_pagar;  CLICK - TOTVS - LINHA RM
23-07-2024 01:22:06.272Z;functions.enter_contas_a_pagar;  CLICK - BACK OFFICE
23-07-2024 01:22:07.334Z;functions.enter_contas_a_pagar;  CLICK - GESTAO FINANCEIRA
23-07-2024 01:22:13.552Z;functions.enter_contas_a_pagar;  CLICK - CONTAS A PAGAR
23-07-2024 01:22:14.427Z;functions.waitForImage;  LANÇAMENTOS image found.
23-07-2024 01:22:16.561Z;functions.enter_contas_a_pagar;  CLICA EM LANÇAMENTOS
23-07-2024 01:22:32.099Z;functions.waitForImage;  LICENCAS EXCEDIDAS image not found.
23-07-2024 01:22:32.099Z;functions.obter_intervalo_data;  VERIFICANDO A HORA ATUAL 1
23-07-2024 01:22:32.099Z;functions.obter_intervalo_data;  Data Inicial BANCARIA antes da remoção: None
23-07-2024 01:22:32.099Z;functions.obter_intervalo_data;  Data Final BANCARIA antes da remoção: None
23-07-2024 01:22:32.115Z;functions.obter_intervalo_data;  Data Inicial BANCARIA após a remoção: None
23-07-2024 01:22:32.115Z;functions.obter_intervalo_data;  Data Final BANCARIA após a remoção: None
23-07-2024 01:22:32.115Z;functions.obter_intervalo_data;  hoje -  2024-07-23 01:22:32.115435
23-07-2024 01:22:32.115Z;functions.data_filter;  DATA INICIO 24-07-2024
23-07-2024 01:22:32.115Z;functions.data_filter;  DATA FIM 30-07-2024
23-07-2024 01:22:32.115Z;functions.data_filter;  CLICK - SELECIONA A DATA DE QUARTA FEIRA E DA PROXIMA TERÇA
23-07-2024 01:22:32.115Z;functions.data_filter;  QUARTA-FEIRA: 24-07-2024
23-07-2024 01:22:32.115Z;functions.data_filter;  TERCA-FEIRA: 30-07-2024
23-07-2024 01:22:49.033Z;functions.data_filter;  REMESSA BANCÁRIA - FILTRO DIGITADO
23-07-2024 01:22:50.115Z;functions.data_filter;  CLICK - BOTAO DE SELECAO DE FILTRO
23-07-2024 01:22:55.068Z;functions.data_filter;  INSERE - DATA DE QUARTA-FEIRA: 24-07-2024
23-07-2024 01:22:59.568Z;functions.data_filter;  INSERE - DATA DA PROX TERCA-FEIRA: 30-07-2024
23-07-2024 01:23:00.802Z;functions.data_filter;  CLICK - BOTAO DE EXECUTAR O FILTRO
23-07-2024 01:23:05.807Z;functions.desmark_filter;  AGUARDANDO 1
23-07-2024 01:23:08.114Z;functions.desmark_filter;  CLICK CHECKBOX LANÇAMENTOS A RECEBER
23-07-2024 01:23:10.584Z;functions.desmark_filter;  CLICK CHECKBOX LANÇAMENTOS BAIXADOS
23-07-2024 01:23:13.240Z;functions.desmark_filter;  CLICK CHECKBOX LANÇAMENTOS CANCELADOS
23-07-2024 01:23:15.990Z;functions.desmark_filter;  CLICK CHECKBOX LANÇAMENTOS FATURADOS
23-07-2024 01:23:18.791Z;functions.desmark_filter;  CLICK CHECKBOX LANÇAMENTOS FATURADOS
23-07-2024 01:23:23.958Z;functions.waitForImage;  FILTER CLEAN image found.
23-07-2024 01:23:26.072Z;functions.filter_clean;  CLICA NO BOTÃO X DO LIMPA FILTRO
23-07-2024 01:23:41.369Z;functions.waitForImage;  FILTER CLEAN image not found.
23-07-2024 01:23:56.677Z;functions.waitForImage;  FILTER CLEAN image not found.
23-07-2024 01:23:58.458Z;functions.filter_forma_pagamento_branco;  CLICK NA PRIMEIRA LINHA E COLUNA DA TABELA
23-07-2024 01:24:14.774Z;functions.filter_forma_pagamento_branco;  160 PASSOS PARA DIREITA NA TABELA >>
23-07-2024 01:24:21.164Z;functions.filter_forma_pagamento_branco;  HOVER NOME DA COLUNA FORMA DE PAGAMENTO
23-07-2024 01:24:23.249Z;functions.filter_forma_pagamento_branco;  CLICA PARA APARECER O FILTRO PERSONALIZAR
23-07-2024 01:24:26.584Z;functions.filter_forma_pagamento_branco;  CLICA NO FILTRO PERSONALIZAR
23-07-2024 01:24:35.661Z;functions.filter_forma_pagamento_branco;  Texto extraido 6/9
23-07-2024 01:24:35.661Z;functions.filter_forma_pagamento_branco;  Count 9
23-07-2024 01:24:35.661Z;functions.filter_forma_pagamento_branco;  Type <class 'int'>
23-07-2024 01:24:35.661Z;functions.filter_forma_pagamento_branco;  TABELA CONTÉM REGISTROS
23-07-2024 01:24:38.614Z;functions.filter_forma_pagamento_branco;  MOVIDO PRA CIMA 9 VEZES
23-07-2024 01:24:42.645Z;functions.check_table_record;  VERIFICANDO SE A TABELA ESTÁ VAZIA
23-07-2024 01:24:46.127Z;functions.check_table_record;  Texto extraido 1/9
23-07-2024 01:24:46.127Z;functions.check_table_record;  Count 9
23-07-2024 01:24:46.128Z;functions.check_table_record;  Type <class 'int'>
23-07-2024 01:24:46.128Z;functions.check_table_record;  TABELA CONTÉM REGISTROS
23-07-2024 01:24:46.129Z;functions.check_ted_branco;  VERIFICANDO O COD DO CLIENTE EM CADA REGISTRO
23-07-2024 01:24:47.833Z;functions.check_ted_branco;  CLICA NA PRIMEIRA LINHA DA TABELA
23-07-2024 01:24:51.944Z;functions.check_ted_branco;  REFERNCIA: 978735
23-07-2024 01:24:51.944Z;functions.check_ted_branco;  CONTAGEM: 1
23-07-2024 01:24:52.246Z;functions.check_ted_branco;  ENTRANDO NO REGISTRO 
23-07-2024 01:25:13.895Z;functions.waitForImage;  INTEGRAÇÃO BANCÁRIA image found.
23-07-2024 01:25:14.032Z;functions.check_ted_branco;  CLICA EM INTEGRAÇÃO BANCÁRIA
23-07-2024 01:25:14.032Z;functions.check_ted_branco;  VERIFICANDO INFORMAÇÕES
23-07-2024 01:25:14.199Z;functions.waitForImage;  TRES PONTINHOS image found.
23-07-2024 01:25:26.827Z;functions.check_ted_branco;  VERIFICANDO SE TEM PIX NO FILTRO
23-07-2024 01:25:26.989Z;functions.waitForImage;  CHECANDO DADOS BANCÁRIOS PIX image found.
23-07-2024 01:25:29.002Z;functions.check_ted_branco;  PIX NÃO ENCONTRADO PARA REFERENCIA: 978735
23-07-2024 01:25:32.715Z;functions.check_ted_branco;  APERTA EM CANCELAR
23-07-2024 01:25:32.896Z;functions.waitForImage;  PRESS BUTTON OK image found.
23-07-2024 01:25:35.028Z;functions.click_ok;  PRESS BUTTON OK
23-07-2024 01:25:47.521Z;functions.waitForImage;  ERROR GENERICO image not found.
23-07-2024 01:25:52.536Z;functions.waitForImage;  ERROR FILTRO PIX image not found.
23-07-2024 01:25:56.642Z;functions.check_ted_branco;  PASSANDO PARA PRÓXIMO REGISTRO
23-07-2024 01:26:00.748Z;functions.check_ted_branco;  REFERNCIA: 982175
23-07-2024 01:26:00.748Z;functions.check_ted_branco;  CONTAGEM: 2
23-07-2024 01:26:01.049Z;functions.check_ted_branco;  ENTRANDO NO REGISTRO 
23-07-2024 01:26:07.899Z;functions.waitForImage;  INTEGRAÇÃO BANCÁRIA image found.
23-07-2024 01:26:08.033Z;functions.check_ted_branco;  CLICA EM INTEGRAÇÃO BANCÁRIA
23-07-2024 01:26:08.033Z;functions.check_ted_branco;  VERIFICANDO INFORMAÇÕES
23-07-2024 01:26:08.208Z;functions.waitForImage;  TRES PONTINHOS image found.
23-07-2024 01:26:20.842Z;functions.check_ted_branco;  VERIFICANDO SE TEM PIX NO FILTRO
23-07-2024 01:26:21.020Z;functions.waitForImage;  CHECANDO DADOS BANCÁRIOS PIX image found.
23-07-2024 01:26:23.030Z;functions.check_ted_branco;  PIX NÃO ENCONTRADO PARA REFERENCIA: 982175
23-07-2024 01:26:26.743Z;functions.check_ted_branco;  APERTA EM CANCELAR
23-07-2024 01:26:26.927Z;functions.waitForImage;  PRESS BUTTON OK image found.
23-07-2024 01:26:29.060Z;functions.click_ok;  PRESS BUTTON OK
23-07-2024 01:26:41.552Z;functions.waitForImage;  ERROR GENERICO image not found.
23-07-2024 01:26:46.568Z;functions.waitForImage;  ERROR FILTRO PIX image not found.
23-07-2024 01:26:50.678Z;functions.check_ted_branco;  PASSANDO PARA PRÓXIMO REGISTRO
23-07-2024 01:26:54.783Z;functions.check_ted_branco;  REFERNCIA: 980379
23-07-2024 01:26:54.783Z;functions.check_ted_branco;  CONTAGEM: 3
23-07-2024 01:26:55.085Z;functions.check_ted_branco;  ENTRANDO NO REGISTRO 
23-07-2024 01:27:02.676Z;functions.waitForImage;  INTEGRAÇÃO BANCÁRIA image found.
23-07-2024 01:27:02.811Z;functions.check_ted_branco;  CLICA EM INTEGRAÇÃO BANCÁRIA
23-07-2024 01:27:02.811Z;functions.check_ted_branco;  VERIFICANDO INFORMAÇÕES
23-07-2024 01:27:02.989Z;functions.waitForImage;  TRES PONTINHOS image found.
23-07-2024 01:27:15.627Z;functions.check_ted_branco;  VERIFICANDO SE TEM PIX NO FILTRO
23-07-2024 01:27:15.802Z;functions.waitForImage;  CHECANDO DADOS BANCÁRIOS PIX image found.
23-07-2024 01:27:17.814Z;functions.check_ted_branco;  PIX NÃO ENCONTRADO PARA REFERENCIA: 980379
23-07-2024 01:27:21.527Z;functions.check_ted_branco;  APERTA EM CANCELAR
23-07-2024 01:27:21.708Z;functions.waitForImage;  PRESS BUTTON OK image found.
23-07-2024 01:27:23.844Z;functions.click_ok;  PRESS BUTTON OK
23-07-2024 01:27:36.348Z;functions.waitForImage;  ERROR GENERICO image not found.
23-07-2024 01:27:41.358Z;functions.waitForImage;  ERROR FILTRO PIX image not found.
23-07-2024 01:27:45.461Z;functions.check_ted_branco;  PASSANDO PARA PRÓXIMO REGISTRO
23-07-2024 01:27:49.566Z;functions.check_ted_branco;  REFERNCIA: 981677
23-07-2024 01:27:49.566Z;functions.check_ted_branco;  CONTAGEM: 4
23-07-2024 01:27:49.868Z;functions.check_ted_branco;  ENTRANDO NO REGISTRO 
23-07-2024 01:27:56.739Z;functions.waitForImage;  INTEGRAÇÃO BANCÁRIA image found.
23-07-2024 01:27:56.872Z;functions.check_ted_branco;  CLICA EM INTEGRAÇÃO BANCÁRIA
23-07-2024 01:27:56.872Z;functions.check_ted_branco;  VERIFICANDO INFORMAÇÕES
23-07-2024 01:27:57.020Z;functions.waitForImage;  TRES PONTINHOS image found.
23-07-2024 01:28:09.659Z;functions.check_ted_branco;  VERIFICANDO SE TEM PIX NO FILTRO
23-07-2024 01:28:09.833Z;functions.waitForImage;  CHECANDO DADOS BANCÁRIOS PIX image found.
23-07-2024 01:28:11.844Z;functions.check_ted_branco;  PIX NÃO ENCONTRADO PARA REFERENCIA: 981677
23-07-2024 01:28:15.558Z;functions.check_ted_branco;  APERTA EM CANCELAR
23-07-2024 01:28:15.755Z;functions.waitForImage;  PRESS BUTTON OK image found.
23-07-2024 01:28:17.873Z;functions.click_ok;  PRESS BUTTON OK
23-07-2024 01:28:30.332Z;functions.waitForImage;  ERROR GENERICO image not found.
23-07-2024 01:28:35.380Z;functions.waitForImage;  ERROR FILTRO PIX image not found.
23-07-2024 01:28:39.491Z;functions.check_ted_branco;  PASSANDO PARA PRÓXIMO REGISTRO
23-07-2024 01:28:43.596Z;functions.check_ted_branco;  REFERNCIA: 981510
23-07-2024 01:28:43.596Z;functions.check_ted_branco;  CONTAGEM: 5
23-07-2024 01:28:43.898Z;functions.check_ted_branco;  ENTRANDO NO REGISTRO 
23-07-2024 01:28:50.754Z;functions.waitForImage;  INTEGRAÇÃO BANCÁRIA image found.
23-07-2024 01:28:50.871Z;functions.check_ted_branco;  CLICA EM INTEGRAÇÃO BANCÁRIA
23-07-2024 01:28:50.871Z;functions.check_ted_branco;  VERIFICANDO INFORMAÇÕES
23-07-2024 01:28:51.029Z;functions.waitForImage;  TRES PONTINHOS image found.
23-07-2024 01:29:03.669Z;functions.check_ted_branco;  VERIFICANDO SE TEM PIX NO FILTRO
23-07-2024 01:29:03.832Z;functions.waitForImage;  CHECANDO DADOS BANCÁRIOS PIX image found.
23-07-2024 01:29:05.843Z;functions.check_ted_branco;  PIX NÃO ENCONTRADO PARA REFERENCIA: 981510
23-07-2024 01:29:09.556Z;functions.check_ted_branco;  APERTA EM CANCELAR
23-07-2024 01:29:09.739Z;functions.waitForImage;  PRESS BUTTON OK image found.
23-07-2024 01:29:11.872Z;functions.click_ok;  PRESS BUTTON OK
23-07-2024 01:29:24.301Z;functions.waitForImage;  ERROR GENERICO image not found.
23-07-2024 01:29:29.317Z;functions.waitForImage;  ERROR FILTRO PIX image not found.
23-07-2024 01:29:33.431Z;functions.check_ted_branco;  PASSANDO PARA PRÓXIMO REGISTRO
23-07-2024 01:29:37.536Z;functions.check_ted_branco;  REFERNCIA: 981509
23-07-2024 01:29:37.536Z;functions.check_ted_branco;  CONTAGEM: 6
23-07-2024 01:29:37.838Z;functions.check_ted_branco;  ENTRANDO NO REGISTRO 
23-07-2024 01:29:45.410Z;functions.waitForImage;  INTEGRAÇÃO BANCÁRIA image found.
23-07-2024 01:29:45.528Z;functions.check_ted_branco;  CLICA EM INTEGRAÇÃO BANCÁRIA
23-07-2024 01:29:45.528Z;functions.check_ted_branco;  VERIFICANDO INFORMAÇÕES
23-07-2024 01:29:45.715Z;functions.waitForImage;  TRES PONTINHOS image found.
23-07-2024 01:29:58.364Z;functions.check_ted_branco;  VERIFICANDO SE TEM PIX NO FILTRO
23-07-2024 01:29:58.614Z;functions.waitForImage;  CHECANDO DADOS BANCÁRIOS PIX image found.
23-07-2024 01:30:00.621Z;functions.check_ted_branco;  PIX NÃO ENCONTRADO PARA REFERENCIA: 981509
23-07-2024 01:30:04.335Z;functions.check_ted_branco;  APERTA EM CANCELAR
23-07-2024 01:30:04.504Z;functions.waitForImage;  PRESS BUTTON OK image found.
23-07-2024 01:30:06.623Z;functions.click_ok;  PRESS BUTTON OK
23-07-2024 01:30:19.113Z;functions.waitForImage;  ERROR GENERICO image not found.
23-07-2024 01:30:24.129Z;functions.waitForImage;  ERROR FILTRO PIX image not found.
23-07-2024 01:30:28.233Z;functions.check_ted_branco;  PASSANDO PARA PRÓXIMO REGISTRO
23-07-2024 01:30:32.338Z;functions.check_ted_branco;  REFERNCIA: 753544
23-07-2024 01:30:32.338Z;functions.check_ted_branco;  CONTAGEM: 7
23-07-2024 01:30:32.641Z;functions.check_ted_branco;  ENTRANDO NO REGISTRO 
23-07-2024 01:30:39.520Z;functions.waitForImage;  INTEGRAÇÃO BANCÁRIA image found.
23-07-2024 01:30:39.655Z;functions.check_ted_branco;  CLICA EM INTEGRAÇÃO BANCÁRIA
23-07-2024 01:30:39.655Z;functions.check_ted_branco;  VERIFICANDO INFORMAÇÕES
23-07-2024 01:30:40.489Z;functions.waitForImage;  TRES PONTINHOS image found.
23-07-2024 01:30:53.125Z;functions.check_ted_branco;  VERIFICANDO SE TEM PIX NO FILTRO
23-07-2024 01:30:53.301Z;functions.waitForImage;  CHECANDO DADOS BANCÁRIOS PIX image found.
23-07-2024 01:30:55.312Z;functions.check_ted_branco;  PIX NÃO ENCONTRADO PARA REFERENCIA: 753544
23-07-2024 01:30:59.026Z;functions.check_ted_branco;  APERTA EM CANCELAR
23-07-2024 01:30:59.207Z;functions.waitForImage;  PRESS BUTTON OK image found.
23-07-2024 01:31:01.340Z;functions.click_ok;  PRESS BUTTON OK
23-07-2024 01:31:13.832Z;functions.waitForImage;  ERROR GENERICO image not found.
23-07-2024 01:31:18.848Z;functions.waitForImage;  ERROR FILTRO PIX image not found.
23-07-2024 01:31:22.957Z;functions.check_ted_branco;  PASSANDO PARA PRÓXIMO REGISTRO
23-07-2024 01:31:27.062Z;functions.check_ted_branco;  REFERNCIA: 753667
23-07-2024 01:31:27.062Z;functions.check_ted_branco;  CONTAGEM: 8
23-07-2024 01:31:27.364Z;functions.check_ted_branco;  ENTRANDO NO REGISTRO 
23-07-2024 01:31:35.567Z;functions.waitForImage;  INTEGRAÇÃO BANCÁRIA image found.
23-07-2024 01:31:35.685Z;functions.check_ted_branco;  CLICA EM INTEGRAÇÃO BANCÁRIA
23-07-2024 01:31:35.685Z;functions.check_ted_branco;  VERIFICANDO INFORMAÇÕES
23-07-2024 01:31:36.519Z;functions.waitForImage;  TRES PONTINHOS image found.
23-07-2024 01:31:49.161Z;functions.check_ted_branco;  VERIFICANDO SE TEM PIX NO FILTRO
23-07-2024 01:31:49.332Z;functions.waitForImage;  CHECANDO DADOS BANCÁRIOS PIX image found.
23-07-2024 01:31:51.342Z;functions.check_ted_branco;  PIX NÃO ENCONTRADO PARA REFERENCIA: 753667
23-07-2024 01:31:55.056Z;functions.check_ted_branco;  APERTA EM CANCELAR
23-07-2024 01:31:55.238Z;functions.waitForImage;  PRESS BUTTON OK image found.
23-07-2024 01:31:57.374Z;functions.click_ok;  PRESS BUTTON OK
23-07-2024 01:32:09.863Z;functions.waitForImage;  ERROR GENERICO image not found.
23-07-2024 01:32:14.879Z;functions.waitForImage;  ERROR FILTRO PIX image not found.
23-07-2024 01:32:18.985Z;functions.check_ted_branco;  PASSANDO PARA PRÓXIMO REGISTRO
23-07-2024 01:32:23.089Z;functions.check_ted_branco;  REFERNCIA: 753607
23-07-2024 01:32:23.089Z;functions.check_ted_branco;  CONTAGEM: 9
23-07-2024 01:32:23.391Z;functions.check_ted_branco;  ENTRANDO NO REGISTRO 
23-07-2024 01:32:30.972Z;functions.waitForImage;  INTEGRAÇÃO BANCÁRIA image found.
23-07-2024 01:32:31.091Z;functions.check_ted_branco;  CLICA EM INTEGRAÇÃO BANCÁRIA
23-07-2024 01:32:31.091Z;functions.check_ted_branco;  VERIFICANDO INFORMAÇÕES
23-07-2024 01:32:31.941Z;functions.waitForImage;  TRES PONTINHOS image found.
23-07-2024 01:32:44.571Z;functions.check_ted_branco;  VERIFICANDO SE TEM PIX NO FILTRO
23-07-2024 01:32:44.738Z;functions.waitForImage;  CHECANDO DADOS BANCÁRIOS PIX image found.
23-07-2024 01:32:46.747Z;functions.check_ted_branco;  PIX NÃO ENCONTRADO PARA REFERENCIA: 753607
23-07-2024 01:32:50.460Z;functions.check_ted_branco;  APERTA EM CANCELAR
23-07-2024 01:32:50.660Z;functions.waitForImage;  PRESS BUTTON OK image found.
23-07-2024 01:32:52.777Z;functions.click_ok;  PRESS BUTTON OK
23-07-2024 01:33:05.269Z;functions.waitForImage;  ERROR GENERICO image not found.
23-07-2024 01:33:10.316Z;functions.waitForImage;  ERROR FILTRO PIX image not found.
23-07-2024 01:33:10.316Z;functions.check_ted_branco;  FORAM VERIFICADOS: 9 REFERENCIAS NO PROCESSAMENTO FORMA DE PAGAMENTO ELETRONICA EM BRANCO
23-07-2024 01:33:13.863Z;errorhandler.__handle;  Property: Unknown Property name. [1:203: -ms-interpolation-mode]
23-07-2024 01:33:13.895Z;errorhandler.__handle;  Property: Unknown Property name. [1:353: -webkit-font-smoothing]
23-07-2024 01:33:13.895Z;errorhandler.__handle;  Property: Unknown Property name. [1:483: -ms-text-size-adjust]
23-07-2024 01:33:13.895Z;errorhandler.__handle;  Property: Unknown Property name. [1:518: -webkit-text-size-adjust]
23-07-2024 01:33:13.910Z;errorhandler.__handle;  Property: Unknown Property name. [1:612: mso-table-lspace]
23-07-2024 01:33:13.910Z;errorhandler.__handle;  Property: Unknown Property name. [1:642: mso-table-rspace]
23-07-2024 01:33:14.113Z;errorhandler.__handle;  Property: Unknown Property name. [1:4734: mso-hide]
23-07-2024 01:33:14.223Z;errorhandler.__handle;  Property: Unknown Property name. [1:13: -ms-interpolation-mode]
23-07-2024 01:33:14.223Z;errorhandler.__handle;  Property: Unknown Property name. [1:49: -webkit-font-smoothing]
23-07-2024 01:33:14.223Z;errorhandler.__handle;  Property: Unknown Property name. [1:134: -ms-text-size-adjust]
23-07-2024 01:33:14.223Z;errorhandler.__handle;  Property: Unknown Property name. [1:160: -webkit-text-size-adjust]
23-07-2024 01:33:14.238Z;errorhandler.__handle;  Property: Unknown Property name. [1:26: mso-table-lspace]
23-07-2024 01:33:14.238Z;errorhandler.__handle;  Property: Unknown Property name. [1:45: mso-table-rspace]
23-07-2024 01:33:14.270Z;errorhandler.__handle;  Property: Unknown Property name. [1:92: mso-hide]
23-07-2024 01:33:14.285Z;errorhandler.__handle;  Property: No ":" after name found: align-center [1:1: align-center]
23-07-2024 01:33:14.285Z;errorhandler.__handle;  Property: No property value found: align-center [1:1: align-center]
23-07-2024 01:33:14.285Z;errorhandler.__handle;  CSSStyleDeclaration: Syntax Error in Property: align-center
23-07-2024 01:33:14.285Z;errorhandler.__handle;  Property: Unknown Property name. [1:14: -ms-interpolation-mode]
23-07-2024 01:33:17.160Z;functions.emailFinalizado;  Warning e-mail sent.
23-07-2024 01:33:17.176Z;main.<module>;  Remessa Bancária TED CIP com filtro de pagamento eletronica em branco modificadas para pix 
 PASSO 3 FINALIZADO
23-07-2024 01:33:17.176Z;main.<module>;  O PROGRAMA SERÁ ENCERRADO
23-07-2024 01:33:18.394Z;errorhandler.__handle;  Property: Unknown Property name. [1:14: -ms-interpolation-mode]
23-07-2024 01:33:20.902Z;functions.emailFinalizado;  Warning e-mail sent.
23-07-2024 01:33:21.522Z;functions.end_RM;  RM ENCERRADO
