23-07-2024 05:00:43.291Z;functions.bot_text_art;      ____   
23-07-2024 05:00:43.291Z;functions.bot_text_art;     [____]    
23-07-2024 05:00:43.291Z;functions.bot_text_art;   |=]()()[=|  
23-07-2024 05:00:43.291Z;functions.bot_text_art;     _\==/__    _____    ____     _        _____    ___   _  __
23-07-2024 05:00:43.291Z;functions.bot_text_art;   |__|   |_|  |  _  \  / ___|   | |      |_   _| / ___| | |/ /
23-07-2024 05:00:43.291Z;functions.bot_text_art;   |_|_/\_|_|  | |  | | | |      | |        | |   | |    | ' / 
23-07-2024 05:00:43.291Z;functions.bot_text_art;   | | __ | |  | |  | | | |      | |        | |   | |    |  <  
23-07-2024 05:00:43.291Z;functions.bot_text_art;   |_|[  ]|_|  | |__| | | |____  | |____   _| |_  | |__  | . \ 
23-07-2024 05:00:43.307Z;functions.bot_text_art;   \_|_||_|_/  |_____/   \_____| |______| |_____| \ ___| |_|\_\
23-07-2024 05:00:43.307Z;functions.bot_text_art;     |_||_|                                                     
23-07-2024 05:00:43.307Z;functions.bot_text_art;     | ||_|_   
23-07-2024 05:00:43.307Z;functions.bot_text_art;   |___||___|  
23-07-2024 05:00:43.307Z;functions.bot_text_art;               
23-07-2024 05:00:43.307Z;functions.open_RM;  OPEN PROGRAM RM
23-07-2024 05:00:43.307Z;functions.caps;  DESATIVANDO CAPS
23-07-2024 05:00:43.307Z;functions.loggin_RM;  BUSCANDO LOGGIN RM
23-07-2024 05:01:02.022Z;functions.loggin_RM;  ENTER USER_NAME
23-07-2024 05:01:07.777Z;functions.loggin_RM;  ENTER PASSWORD
23-07-2024 05:01:10.275Z;functions.loggin_RM;  ENTER RM
23-07-2024 05:04:29.775Z;functions.enter_coligada;  CLICK CONTEXTO
23-07-2024 05:04:33.057Z;functions.enter_coligada;  CLICK ALTERAR MODULO DO CONTEXTO
23-07-2024 05:04:37.822Z;functions.enter_coligada;  INSERE O COLIGADA CODE = 1
23-07-2024 05:04:37.928Z;functions.enter_coligada;  APERTA TAB PARA PREENCHER O CAMPO COM A STRING: OCEANICA ENGENHARIA E CONSULTORIA S.A.
23-07-2024 05:04:40.182Z;functions.enter_coligada;  CLICK AVANÇAR NOVAMENTE
23-07-2024 05:04:41.556Z;functions.enter_coligada;  CLICK CONCLUIR
23-07-2024 05:05:01.900Z;functions.waitForImage;  TROCA COLIGADA image not found.
23-07-2024 05:05:20.119Z;functions.enter_coligada;  POP UP COLIGADA DESAPARECER
23-07-2024 05:05:21.150Z;functions.check_movimentacao_bancaria;  CLICK - TOTVS - LINHA RM
23-07-2024 05:05:23.556Z;functions.check_movimentacao_bancaria;  CLICK - BACK OFFICE
23-07-2024 05:05:26.435Z;functions.check_movimentacao_bancaria;  CLICK - GESTAO FINANCEIRA
23-07-2024 05:05:26.436Z;functions.movimentacao_bancaria;  AGUARDANDO 1
23-07-2024 05:05:32.275Z;functions.movimentacao_bancaria;  CLICA NA ABA MOVIMENTAÇÃO BANCARIA
23-07-2024 05:05:33.213Z;functions.waitForImage;  IMAGEM BORDERO image found.
23-07-2024 05:05:35.347Z;functions.movimentacao_bancaria;  IMAGEM BORDERO CLICADA.
23-07-2024 05:05:45.947Z;functions.waitForImage;  LICENCAS EXCEDIDAS image not found.
23-07-2024 05:05:46.713Z;functions.movimentacao_bancaria;  ENCONTROU O FILTRO DA MOVIMENTAÇÃO BANCÁRIA
23-07-2024 05:05:46.775Z;functions.movimentacao_bancaria;  CLICA NA ABA SUPERIOR DO FILTRO
23-07-2024 05:05:54.087Z;functions.movimentacao_bancaria;  SELECIONA O FILTRO HOJE
23-07-2024 05:06:14.463Z;functions.waitForImage;  FILTER CLEAN image not found.
23-07-2024 05:06:29.869Z;functions.waitForImage;  FILTER CLEAN image not found.
23-07-2024 05:06:45.197Z;functions.waitForImage;  FILTER CLEAN image not found.
23-07-2024 05:07:59.088Z;functions.movimentacao_bancaria;  SEM PROCESSAMENTO DE BORDERO
23-07-2024 05:08:24.400Z;functions.waitForImage;  FILTER CLEAN image not found.
23-07-2024 05:08:39.728Z;functions.waitForImage;  FILTER CLEAN image not found.
23-07-2024 05:08:55.056Z;functions.waitForImage;  FILTER CLEAN image not found.
23-07-2024 05:09:26.900Z;functions.processo_pagamento;  SEM REMESSA DE BORDERO AUTORIZADO
23-07-2024 05:09:28.005Z;functions.processo_pagamento;  FECHA ABA MOVIMENTAÇÕES BANCÁRIAS
23-07-2024 05:09:29.900Z;functions.enter_contas_a_pagar;  CLICK - TOTVS - LINHA RM
23-07-2024 05:09:32.087Z;functions.enter_contas_a_pagar;  CLICK - BACK OFFICE
23-07-2024 05:09:35.400Z;functions.enter_contas_a_pagar;  CLICK - GESTAO FINANCEIRA
23-07-2024 05:09:41.400Z;functions.enter_contas_a_pagar;  CLICK - CONTAS A PAGAR
23-07-2024 05:09:42.274Z;functions.waitForImage;  LANÇAMENTOS image found.
23-07-2024 05:09:44.408Z;functions.enter_contas_a_pagar;  CLICA EM LANÇAMENTOS
23-07-2024 05:09:59.983Z;functions.waitForImage;  LICENCAS EXCEDIDAS image not found.
23-07-2024 05:09:59.984Z;functions.obter_intervalo_data;  VERIFICANDO A HORA ATUAL 5
23-07-2024 05:10:00.013Z;functions.obter_intervalo_data;  Data Inicial BANCARIA antes da remoção: None
23-07-2024 05:10:00.013Z;functions.obter_intervalo_data;  Data Final BANCARIA antes da remoção: None
23-07-2024 05:10:00.021Z;functions.obter_intervalo_data;  Data Inicial BANCARIA após a remoção: None
23-07-2024 05:10:00.022Z;functions.obter_intervalo_data;  Data Final BANCARIA após a remoção: None
23-07-2024 05:10:00.022Z;functions.obter_intervalo_data;  hoje -  2024-07-23 05:10:00.022309
23-07-2024 05:10:00.023Z;functions.data_filter;  DATA INICIO 24-07-2024
23-07-2024 05:10:00.024Z;functions.data_filter;  DATA FIM 30-07-2024
23-07-2024 05:10:00.025Z;functions.data_filter;  CLICK - SELECIONA A DATA DE QUARTA FEIRA E DA PROXIMA TERÇA
23-07-2024 05:10:00.025Z;functions.data_filter;  QUARTA-FEIRA: 24-07-2024
23-07-2024 05:10:00.026Z;functions.data_filter;  TERCA-FEIRA: 30-07-2024
23-07-2024 05:10:16.965Z;functions.data_filter;  REMESSA BANCÁRIA - FILTRO DIGITADO
23-07-2024 05:10:17.962Z;functions.data_filter;  CLICK - BOTAO DE SELECAO DE FILTRO
23-07-2024 05:10:22.931Z;functions.data_filter;  INSERE - DATA DE QUARTA-FEIRA: 24-07-2024
23-07-2024 05:10:27.353Z;functions.data_filter;  INSERE - DATA DA PROX TERCA-FEIRA: 30-07-2024
23-07-2024 05:10:28.493Z;functions.data_filter;  CLICK - BOTAO DE EXECUTAR O FILTRO
23-07-2024 05:10:33.499Z;functions.desmark_filter;  AGUARDANDO 1
23-07-2024 05:10:36.743Z;functions.desmark_filter;  CLICK CHECKBOX LANÇAMENTOS A RECEBER
23-07-2024 05:10:39.212Z;functions.desmark_filter;  CLICK CHECKBOX LANÇAMENTOS BAIXADOS
23-07-2024 05:10:41.821Z;functions.desmark_filter;  CLICK CHECKBOX LANÇAMENTOS CANCELADOS
23-07-2024 05:10:44.480Z;functions.desmark_filter;  CLICK CHECKBOX LANÇAMENTOS FATURADOS
23-07-2024 05:10:47.306Z;functions.desmark_filter;  CLICK CHECKBOX LANÇAMENTOS FATURADOS
23-07-2024 05:10:52.493Z;functions.waitForImage;  FILTER CLEAN image found.
23-07-2024 05:10:54.607Z;functions.filter_clean;  CLICA NO BOTÃO X DO LIMPA FILTRO
23-07-2024 05:11:09.931Z;functions.waitForImage;  FILTER CLEAN image not found.
23-07-2024 05:11:25.743Z;functions.waitForImage;  FILTER CLEAN image not found.
23-07-2024 05:11:25.743Z;functions.check_table_record;  VERIFICANDO SE A TABELA ESTÁ VAZIA
23-07-2024 05:11:28.884Z;functions.check_table_record;  Texto extraido 1/28
23-07-2024 05:11:28.884Z;functions.check_table_record;  Count 28
23-07-2024 05:11:28.884Z;functions.check_table_record;  Type <class 'int'>
23-07-2024 05:11:28.884Z;functions.check_table_record;  TABELA CONTÉM REGISTROS
23-07-2024 05:11:41.024Z;functions.select_tipo_documento;  NOME DA COLUNA: Tipo de Documento
23-07-2024 05:11:43.087Z;functions.select_tipo_documento;  HOVER NOME DA COLUNA: Tipo de Documento
23-07-2024 05:11:43.947Z;functions.select_tipo_documento;  CLICA NO FILTRO PERSONALIZAR
23-07-2024 05:11:46.556Z;functions.select_tipo_documento;  CLICA PARA SELECIONAR OPÇÕES DO FILTRO
23-07-2024 05:11:53.000Z;functions.select_tipo_documento;  FILTRO "NÃO É IGUAL A INV" DEFINIDO
23-07-2024 05:11:54.087Z;functions.select_tipo_documento;  CLICK BUTTON CONFIRMAR FILTRO
23-07-2024 05:11:59.091Z;functions.filter_IPTE;  VERIFICANDO O COD DO CLIENTE EM CADA REGISTRO
23-07-2024 05:12:00.868Z;functions.filter_IPTE;  CLICA NA PRIMEIRA LINHA DA TABELA
23-07-2024 05:12:23.884Z;functions.filter_IPTE;  HOVER FILTER
23-07-2024 05:12:25.595Z;functions.filter_IPTE;  CLICK FILTER
23-07-2024 05:12:29.932Z;functions.filter_IPTE;  CLICA NO FILTRO PERSONALIZAR
23-07-2024 05:13:12.259Z;functions.filter_IPTE;  MOVIDO PRA CIMA 100 VEZES
23-07-2024 05:13:48.415Z;functions.filter_IPTE;  MOVIDO PRA CIMA MAIS 100 VEZES
23-07-2024 05:14:04.250Z;functions.filter_IPTE;  TABELA NÃO CONTÉM REGISTROS
23-07-2024 05:14:04.250Z;functions.check_table_record;  VERIFICANDO SE A TABELA ESTÁ VAZIA
23-07-2024 05:14:07.431Z;functions.check_table_record;  Texto extraido 0/0
23-07-2024 05:14:07.431Z;functions.check_table_record;  Count 0
23-07-2024 05:14:07.431Z;functions.check_table_record;  Type <class 'int'>
23-07-2024 05:14:07.431Z;functions.check_table_record;  SEM REGISTROS
23-07-2024 05:14:09.437Z;main.<module>;  SEM REMESSA BANCÁRIA
23-07-2024 05:14:09.437Z;functions.movimentacao_bancaria;  AGUARDANDO 1
23-07-2024 05:14:10.712Z;functions.movimentacao_bancaria;  CLICA NA ABA MOVIMENTAÇÃO BANCARIA
23-07-2024 05:14:10.931Z;functions.waitForImage;  IMAGEM BORDERO image found.
23-07-2024 05:14:13.035Z;functions.movimentacao_bancaria;  IMAGEM BORDERO CLICADA.
23-07-2024 05:14:23.259Z;functions.waitForImage;  LICENCAS EXCEDIDAS image not found.
23-07-2024 05:14:24.009Z;functions.movimentacao_bancaria;  ENCONTROU O FILTRO DA MOVIMENTAÇÃO BANCÁRIA
23-07-2024 05:14:24.055Z;functions.movimentacao_bancaria;  CLICA NA ABA SUPERIOR DO FILTRO
23-07-2024 05:14:31.367Z;functions.movimentacao_bancaria;  SELECIONA O FILTRO HOJE
23-07-2024 05:14:51.774Z;functions.waitForImage;  FILTER CLEAN image not found.
23-07-2024 05:15:07.118Z;functions.waitForImage;  FILTER CLEAN image not found.
23-07-2024 05:15:22.462Z;functions.waitForImage;  FILTER CLEAN image not found.
23-07-2024 05:16:36.352Z;functions.movimentacao_bancaria;  SEM PROCESSAMENTO DE BORDERO
23-07-2024 05:17:01.649Z;functions.waitForImage;  FILTER CLEAN image not found.
23-07-2024 05:17:17.102Z;functions.waitForImage;  FILTER CLEAN image not found.
23-07-2024 05:17:32.587Z;functions.waitForImage;  FILTER CLEAN image not found.
23-07-2024 05:18:04.509Z;functions.processo_pagamento;  SEM REMESSA DE BORDERO AUTORIZADO
23-07-2024 05:18:05.614Z;functions.processo_pagamento;  FECHA ABA MOVIMENTAÇÕES BANCÁRIAS
23-07-2024 05:18:06.868Z;functions.enter_contas_a_pagar;  CLICK - TOTVS - LINHA RM
23-07-2024 05:18:09.055Z;functions.enter_contas_a_pagar;  CLICK - BACK OFFICE
23-07-2024 05:18:10.055Z;functions.enter_contas_a_pagar;  CLICK - GESTAO FINANCEIRA
23-07-2024 05:18:16.024Z;functions.enter_contas_a_pagar;  CLICK - CONTAS A PAGAR
23-07-2024 05:18:16.211Z;functions.waitForImage;  LANÇAMENTOS image found.
23-07-2024 05:18:18.345Z;functions.enter_contas_a_pagar;  CLICA EM LANÇAMENTOS
23-07-2024 05:18:33.352Z;functions.waitForImage;  LICENCAS EXCEDIDAS image not found.
23-07-2024 05:18:33.352Z;functions.obter_intervalo_data;  VERIFICANDO A HORA ATUAL 5
23-07-2024 05:18:33.368Z;functions.obter_intervalo_data;  Data Inicial BANCARIA antes da remoção: None
23-07-2024 05:18:33.368Z;functions.obter_intervalo_data;  Data Final BANCARIA antes da remoção: None
23-07-2024 05:18:33.383Z;functions.obter_intervalo_data;  Data Inicial BANCARIA após a remoção: None
23-07-2024 05:18:33.383Z;functions.obter_intervalo_data;  Data Final BANCARIA após a remoção: None
23-07-2024 05:18:33.383Z;functions.obter_intervalo_data;  hoje -  2024-07-23 05:18:33.383934
23-07-2024 05:18:33.383Z;functions.data_filter;  DATA INICIO 24-07-2024
23-07-2024 05:18:33.383Z;functions.data_filter;  DATA FIM 30-07-2024
23-07-2024 05:18:33.383Z;functions.data_filter;  CLICK - SELECIONA A DATA DE QUARTA FEIRA E DA PROXIMA TERÇA
23-07-2024 05:18:33.383Z;functions.data_filter;  QUARTA-FEIRA: 24-07-2024
23-07-2024 05:18:33.383Z;functions.data_filter;  TERCA-FEIRA: 30-07-2024
23-07-2024 05:18:50.276Z;functions.data_filter;  REMESSA BANCÁRIA - FILTRO DIGITADO
23-07-2024 05:18:51.336Z;functions.data_filter;  CLICK - BOTAO DE SELECAO DE FILTRO
23-07-2024 05:18:56.321Z;functions.data_filter;  INSERE - DATA DE QUARTA-FEIRA: 24-07-2024
23-07-2024 05:19:00.852Z;functions.data_filter;  INSERE - DATA DA PROX TERCA-FEIRA: 30-07-2024
23-07-2024 05:19:02.055Z;functions.data_filter;  CLICK - BOTAO DE EXECUTAR O FILTRO
23-07-2024 05:19:07.060Z;functions.desmark_filter;  AGUARDANDO 1
23-07-2024 05:19:09.369Z;functions.desmark_filter;  CLICK CHECKBOX LANÇAMENTOS A RECEBER
23-07-2024 05:19:11.899Z;functions.desmark_filter;  CLICK CHECKBOX LANÇAMENTOS BAIXADOS
23-07-2024 05:19:14.433Z;functions.desmark_filter;  CLICK CHECKBOX LANÇAMENTOS CANCELADOS
23-07-2024 05:19:16.993Z;functions.desmark_filter;  CLICK CHECKBOX LANÇAMENTOS FATURADOS
23-07-2024 05:19:19.821Z;functions.desmark_filter;  CLICK CHECKBOX LANÇAMENTOS FATURADOS
23-07-2024 05:19:25.024Z;functions.waitForImage;  FILTER CLEAN image found.
23-07-2024 05:19:27.141Z;functions.filter_clean;  CLICA NO BOTÃO X DO LIMPA FILTRO
23-07-2024 05:19:42.461Z;functions.waitForImage;  FILTER CLEAN image not found.
23-07-2024 05:19:57.837Z;functions.waitForImage;  FILTER CLEAN image not found.
23-07-2024 05:19:59.195Z;functions.filter_forma_pagamento;  CLICA NA PRIMEIRA LINHA DA TABELA
23-07-2024 05:19:59.558Z;functions.filter_forma_pagamento;  CLICK NA PRIMEIRA LINHA E COLUNA DA TABELA
23-07-2024 05:20:15.884Z;functions.filter_forma_pagamento;  160 PASSOS PARA DIREITA NA TABELA >>
23-07-2024 05:20:21.555Z;functions.filter_forma_pagamento;  HOVER NOME DA COLUNA FORMA DE PAGAMENTO
23-07-2024 05:20:23.531Z;functions.filter_forma_pagamento;  CLICA PARA APARECER O FILTRO PERSONALIZAR
23-07-2024 05:20:26.866Z;functions.filter_forma_pagamento;  CLICA NO FILTRO PERSONALIZAR
23-07-2024 05:20:39.462Z;functions.filter_forma_pagamento;  Texto extraido 0/0
23-07-2024 05:20:39.462Z;functions.filter_forma_pagamento;  Count 0
23-07-2024 05:20:39.462Z;functions.filter_forma_pagamento;  Type <class 'int'>
23-07-2024 05:20:39.462Z;functions.filter_forma_pagamento;  SEM REGISTROS
23-07-2024 05:20:41.470Z;functions.check_table_record;  VERIFICANDO SE A TABELA ESTÁ VAZIA
23-07-2024 05:20:44.680Z;functions.check_table_record;  Texto extraido 0/0
23-07-2024 05:20:44.680Z;functions.check_table_record;  Count 0
23-07-2024 05:20:44.680Z;functions.check_table_record;  Type <class 'int'>
23-07-2024 05:20:44.680Z;functions.check_table_record;  SEM REGISTROS
23-07-2024 05:20:48.700Z;main.<module>;  SEM REMESSA DE TED CIP
23-07-2024 05:20:49.743Z;functions.enter_contas_a_pagar;  CLICK - TOTVS - LINHA RM
23-07-2024 05:20:52.055Z;functions.enter_contas_a_pagar;  CLICK - BACK OFFICE
23-07-2024 05:20:53.086Z;functions.enter_contas_a_pagar;  CLICK - GESTAO FINANCEIRA
23-07-2024 05:20:59.024Z;functions.enter_contas_a_pagar;  CLICK - CONTAS A PAGAR
23-07-2024 05:20:59.211Z;functions.waitForImage;  LANÇAMENTOS image found.
23-07-2024 05:21:01.347Z;functions.enter_contas_a_pagar;  CLICA EM LANÇAMENTOS
23-07-2024 05:21:17.008Z;functions.waitForImage;  LICENCAS EXCEDIDAS image not found.
23-07-2024 05:21:17.008Z;functions.obter_intervalo_data;  VERIFICANDO A HORA ATUAL 5
23-07-2024 05:21:17.008Z;functions.obter_intervalo_data;  Data Inicial BANCARIA antes da remoção: None
23-07-2024 05:21:17.008Z;functions.obter_intervalo_data;  Data Final BANCARIA antes da remoção: None
23-07-2024 05:21:17.023Z;functions.obter_intervalo_data;  Data Inicial BANCARIA após a remoção: None
23-07-2024 05:21:17.023Z;functions.obter_intervalo_data;  Data Final BANCARIA após a remoção: None
23-07-2024 05:21:17.023Z;functions.obter_intervalo_data;  hoje -  2024-07-23 05:21:17.023958
23-07-2024 05:21:17.023Z;functions.data_filter;  DATA INICIO 24-07-2024
23-07-2024 05:21:17.023Z;functions.data_filter;  DATA FIM 30-07-2024
23-07-2024 05:21:17.023Z;functions.data_filter;  CLICK - SELECIONA A DATA DE QUARTA FEIRA E DA PROXIMA TERÇA
23-07-2024 05:21:17.023Z;functions.data_filter;  QUARTA-FEIRA: 24-07-2024
23-07-2024 05:21:17.023Z;functions.data_filter;  TERCA-FEIRA: 30-07-2024
23-07-2024 05:21:34.183Z;functions.data_filter;  REMESSA BANCÁRIA - FILTRO DIGITADO
23-07-2024 05:21:35.211Z;functions.data_filter;  CLICK - BOTAO DE SELECAO DE FILTRO
23-07-2024 05:21:40.164Z;functions.data_filter;  INSERE - DATA DE QUARTA-FEIRA: 24-07-2024
23-07-2024 05:21:44.665Z;functions.data_filter;  INSERE - DATA DA PROX TERCA-FEIRA: 30-07-2024
23-07-2024 05:21:45.867Z;functions.data_filter;  CLICK - BOTAO DE EXECUTAR O FILTRO
23-07-2024 05:21:50.872Z;functions.desmark_filter;  AGUARDANDO 1
23-07-2024 05:21:53.180Z;functions.desmark_filter;  CLICK CHECKBOX LANÇAMENTOS A RECEBER
23-07-2024 05:21:55.699Z;functions.desmark_filter;  CLICK CHECKBOX LANÇAMENTOS BAIXADOS
23-07-2024 05:21:58.461Z;functions.desmark_filter;  CLICK CHECKBOX LANÇAMENTOS CANCELADOS
23-07-2024 05:22:01.133Z;functions.desmark_filter;  CLICK CHECKBOX LANÇAMENTOS FATURADOS
23-07-2024 05:22:04.079Z;functions.desmark_filter;  CLICK CHECKBOX LANÇAMENTOS FATURADOS
23-07-2024 05:22:09.289Z;functions.waitForImage;  FILTER CLEAN image found.
23-07-2024 05:22:11.391Z;functions.filter_clean;  CLICA NO BOTÃO X DO LIMPA FILTRO
23-07-2024 05:22:26.680Z;functions.waitForImage;  FILTER CLEAN image not found.
23-07-2024 05:22:42.055Z;functions.waitForImage;  FILTER CLEAN image not found.
23-07-2024 05:22:43.867Z;functions.filter_forma_pagamento_branco;  CLICK NA PRIMEIRA LINHA E COLUNA DA TABELA
23-07-2024 05:23:00.201Z;functions.filter_forma_pagamento_branco;  160 PASSOS PARA DIREITA NA TABELA >>
23-07-2024 05:23:05.680Z;functions.filter_forma_pagamento_branco;  HOVER NOME DA COLUNA FORMA DE PAGAMENTO
23-07-2024 05:23:07.720Z;functions.filter_forma_pagamento_branco;  CLICA PARA APARECER O FILTRO PERSONALIZAR
23-07-2024 05:23:11.054Z;functions.filter_forma_pagamento_branco;  CLICA NO FILTRO PERSONALIZAR
23-07-2024 05:23:19.914Z;functions.filter_forma_pagamento_branco;  Texto extraido 6/9
23-07-2024 05:23:19.914Z;functions.filter_forma_pagamento_branco;  Count 9
23-07-2024 05:23:19.914Z;functions.filter_forma_pagamento_branco;  Type <class 'int'>
23-07-2024 05:23:19.914Z;functions.filter_forma_pagamento_branco;  TABELA CONTÉM REGISTROS
23-07-2024 05:23:22.867Z;functions.filter_forma_pagamento_branco;  MOVIDO PRA CIMA 9 VEZES
23-07-2024 05:23:26.812Z;functions.check_table_record;  VERIFICANDO SE A TABELA ESTÁ VAZIA
23-07-2024 05:23:29.453Z;functions.check_table_record;  Texto extraido 1/9
23-07-2024 05:23:29.453Z;functions.check_table_record;  Count 9
23-07-2024 05:23:29.453Z;functions.check_table_record;  Type <class 'int'>
23-07-2024 05:23:29.453Z;functions.check_table_record;  TABELA CONTÉM REGISTROS
23-07-2024 05:23:29.454Z;functions.check_ted_branco;  VERIFICANDO O COD DO CLIENTE EM CADA REGISTRO
23-07-2024 05:23:31.024Z;functions.check_ted_branco;  CLICA NA PRIMEIRA LINHA DA TABELA
23-07-2024 05:23:35.131Z;functions.check_ted_branco;  REFERNCIA: 978735
23-07-2024 05:23:35.131Z;functions.check_ted_branco;  CONTAGEM: 1
23-07-2024 05:23:35.434Z;functions.check_ted_branco;  ENTRANDO NO REGISTRO 
23-07-2024 05:23:57.793Z;functions.waitForImage;  INTEGRAÇÃO BANCÁRIA image found.
23-07-2024 05:23:57.907Z;functions.check_ted_branco;  CLICA EM INTEGRAÇÃO BANCÁRIA
23-07-2024 05:23:57.907Z;functions.check_ted_branco;  VERIFICANDO INFORMAÇÕES
23-07-2024 05:23:58.097Z;functions.waitForImage;  TRES PONTINHOS image found.
23-07-2024 05:24:10.739Z;functions.check_ted_branco;  VERIFICANDO SE TEM PIX NO FILTRO
23-07-2024 05:24:10.945Z;functions.waitForImage;  CHECANDO DADOS BANCÁRIOS PIX image found.
23-07-2024 05:24:12.953Z;functions.check_ted_branco;  PIX NÃO ENCONTRADO PARA REFERENCIA: 978735
23-07-2024 05:24:16.666Z;functions.check_ted_branco;  APERTA EM CANCELAR
23-07-2024 05:24:16.852Z;functions.waitForImage;  PRESS BUTTON OK image found.
23-07-2024 05:24:18.970Z;functions.click_ok;  PRESS BUTTON OK
23-07-2024 05:24:31.461Z;functions.waitForImage;  ERROR GENERICO image not found.
23-07-2024 05:24:36.633Z;functions.waitForImage;  ERROR FILTRO PIX image not found.
23-07-2024 05:24:40.745Z;functions.check_ted_branco;  PASSANDO PARA PRÓXIMO REGISTRO
23-07-2024 05:24:44.850Z;functions.check_ted_branco;  REFERNCIA: 982175
23-07-2024 05:24:44.850Z;functions.check_ted_branco;  CONTAGEM: 2
23-07-2024 05:24:45.152Z;functions.check_ted_branco;  ENTRANDO NO REGISTRO 
23-07-2024 05:24:52.070Z;functions.waitForImage;  INTEGRAÇÃO BANCÁRIA image found.
23-07-2024 05:24:52.189Z;functions.check_ted_branco;  CLICA EM INTEGRAÇÃO BANCÁRIA
23-07-2024 05:24:52.189Z;functions.check_ted_branco;  VERIFICANDO INFORMAÇÕES
23-07-2024 05:24:52.380Z;functions.waitForImage;  TRES PONTINHOS image found.
23-07-2024 05:25:05.009Z;functions.check_ted_branco;  VERIFICANDO SE TEM PIX NO FILTRO
23-07-2024 05:25:05.211Z;functions.waitForImage;  CHECANDO DADOS BANCÁRIOS PIX image found.
23-07-2024 05:25:07.212Z;functions.check_ted_branco;  PIX NÃO ENCONTRADO PARA REFERENCIA: 982175
23-07-2024 05:25:10.925Z;functions.check_ted_branco;  APERTA EM CANCELAR
23-07-2024 05:25:11.117Z;functions.waitForImage;  PRESS BUTTON OK image found.
23-07-2024 05:25:13.252Z;functions.click_ok;  PRESS BUTTON OK
23-07-2024 05:25:25.774Z;functions.waitForImage;  ERROR GENERICO image not found.
23-07-2024 05:25:30.914Z;functions.waitForImage;  ERROR FILTRO PIX image not found.
23-07-2024 05:25:35.023Z;functions.check_ted_branco;  PASSANDO PARA PRÓXIMO REGISTRO
23-07-2024 05:25:39.129Z;functions.check_ted_branco;  REFERNCIA: 980379
23-07-2024 05:25:39.129Z;functions.check_ted_branco;  CONTAGEM: 3
23-07-2024 05:25:39.431Z;functions.check_ted_branco;  ENTRANDO NO REGISTRO 
23-07-2024 05:25:46.320Z;functions.waitForImage;  INTEGRAÇÃO BANCÁRIA image found.
23-07-2024 05:25:46.439Z;functions.check_ted_branco;  CLICA EM INTEGRAÇÃO BANCÁRIA
23-07-2024 05:25:46.439Z;functions.check_ted_branco;  VERIFICANDO INFORMAÇÕES
23-07-2024 05:25:46.639Z;functions.waitForImage;  TRES PONTINHOS image found.
23-07-2024 05:25:59.267Z;functions.check_ted_branco;  VERIFICANDO SE TEM PIX NO FILTRO
23-07-2024 05:25:59.447Z;functions.waitForImage;  CHECANDO DADOS BANCÁRIOS PIX image found.
23-07-2024 05:26:01.448Z;functions.check_ted_branco;  PIX NÃO ENCONTRADO PARA REFERENCIA: 980379
23-07-2024 05:26:05.162Z;functions.check_ted_branco;  APERTA EM CANCELAR
23-07-2024 05:26:05.336Z;functions.waitForImage;  PRESS BUTTON OK image found.
23-07-2024 05:26:07.470Z;functions.click_ok;  PRESS BUTTON OK
23-07-2024 05:26:19.961Z;functions.waitForImage;  ERROR GENERICO image not found.
23-07-2024 05:26:25.102Z;functions.waitForImage;  ERROR FILTRO PIX image not found.
23-07-2024 05:26:29.217Z;functions.check_ted_branco;  PASSANDO PARA PRÓXIMO REGISTRO
23-07-2024 05:26:33.322Z;functions.check_ted_branco;  REFERNCIA: 981677
23-07-2024 05:26:33.322Z;functions.check_ted_branco;  CONTAGEM: 4
23-07-2024 05:26:33.624Z;functions.check_ted_branco;  ENTRANDO NO REGISTRO 
23-07-2024 05:26:41.226Z;functions.waitForImage;  INTEGRAÇÃO BANCÁRIA image found.
23-07-2024 05:26:41.379Z;functions.check_ted_branco;  CLICA EM INTEGRAÇÃO BANCÁRIA
23-07-2024 05:26:41.379Z;functions.check_ted_branco;  VERIFICANDO INFORMAÇÕES
23-07-2024 05:26:41.578Z;functions.waitForImage;  TRES PONTINHOS image found.
23-07-2024 05:26:54.214Z;functions.check_ted_branco;  VERIFICANDO SE TEM PIX NO FILTRO
23-07-2024 05:26:54.416Z;functions.waitForImage;  CHECANDO DADOS BANCÁRIOS PIX image found.
23-07-2024 05:26:56.417Z;functions.check_ted_branco;  PIX NÃO ENCONTRADO PARA REFERENCIA: 981677
23-07-2024 05:27:00.131Z;functions.check_ted_branco;  APERTA EM CANCELAR
23-07-2024 05:27:00.304Z;functions.waitForImage;  PRESS BUTTON OK image found.
23-07-2024 05:27:02.438Z;functions.click_ok;  PRESS BUTTON OK
23-07-2024 05:27:14.929Z;functions.waitForImage;  ERROR GENERICO image not found.
23-07-2024 05:27:20.070Z;functions.waitForImage;  ERROR FILTRO PIX image not found.
23-07-2024 05:27:24.182Z;functions.check_ted_branco;  PASSANDO PARA PRÓXIMO REGISTRO
23-07-2024 05:27:28.287Z;functions.check_ted_branco;  REFERNCIA: 981510
23-07-2024 05:27:28.287Z;functions.check_ted_branco;  CONTAGEM: 5
23-07-2024 05:27:28.588Z;functions.check_ted_branco;  ENTRANDO NO REGISTRO 
23-07-2024 05:27:36.210Z;functions.waitForImage;  INTEGRAÇÃO BANCÁRIA image found.
23-07-2024 05:27:36.344Z;functions.check_ted_branco;  CLICA EM INTEGRAÇÃO BANCÁRIA
23-07-2024 05:27:36.344Z;functions.check_ted_branco;  VERIFICANDO INFORMAÇÕES
23-07-2024 05:27:36.523Z;functions.waitForImage;  TRES PONTINHOS image found.
23-07-2024 05:27:49.163Z;functions.check_ted_branco;  VERIFICANDO SE TEM PIX NO FILTRO
23-07-2024 05:27:49.349Z;functions.waitForImage;  CHECANDO DADOS BANCÁRIOS PIX image found.
23-07-2024 05:27:51.351Z;functions.check_ted_branco;  PIX NÃO ENCONTRADO PARA REFERENCIA: 981510
23-07-2024 05:27:55.065Z;functions.check_ted_branco;  APERTA EM CANCELAR
23-07-2024 05:27:55.242Z;functions.waitForImage;  PRESS BUTTON OK image found.
23-07-2024 05:27:57.374Z;functions.click_ok;  PRESS BUTTON OK
23-07-2024 05:28:09.883Z;functions.waitForImage;  ERROR GENERICO image not found.
23-07-2024 05:28:14.977Z;functions.waitForImage;  ERROR FILTRO PIX image not found.
23-07-2024 05:28:19.088Z;functions.check_ted_branco;  PASSANDO PARA PRÓXIMO REGISTRO
23-07-2024 05:28:23.193Z;functions.check_ted_branco;  REFERNCIA: 981509
23-07-2024 05:28:23.193Z;functions.check_ted_branco;  CONTAGEM: 6
23-07-2024 05:28:23.495Z;functions.check_ted_branco;  ENTRANDO NO REGISTRO 
23-07-2024 05:28:30.398Z;functions.waitForImage;  INTEGRAÇÃO BANCÁRIA image found.
23-07-2024 05:28:30.531Z;functions.check_ted_branco;  CLICA EM INTEGRAÇÃO BANCÁRIA
23-07-2024 05:28:30.531Z;functions.check_ted_branco;  VERIFICANDO INFORMAÇÕES
23-07-2024 05:28:30.710Z;functions.waitForImage;  TRES PONTINHOS image found.
23-07-2024 05:28:43.349Z;functions.check_ted_branco;  VERIFICANDO SE TEM PIX NO FILTRO
23-07-2024 05:28:43.523Z;functions.waitForImage;  CHECANDO DADOS BANCÁRIOS PIX image found.
23-07-2024 05:28:45.538Z;functions.check_ted_branco;  PIX NÃO ENCONTRADO PARA REFERENCIA: 981509
23-07-2024 05:28:49.250Z;functions.check_ted_branco;  APERTA EM CANCELAR
23-07-2024 05:28:49.446Z;functions.waitForImage;  PRESS BUTTON OK image found.
23-07-2024 05:28:51.564Z;functions.click_ok;  PRESS BUTTON OK
23-07-2024 05:29:04.116Z;functions.waitForImage;  ERROR GENERICO image not found.
23-07-2024 05:29:09.226Z;functions.waitForImage;  ERROR FILTRO PIX image not found.
23-07-2024 05:29:13.351Z;functions.check_ted_branco;  PASSANDO PARA PRÓXIMO REGISTRO
23-07-2024 05:29:17.457Z;functions.check_ted_branco;  REFERNCIA: 753544
23-07-2024 05:29:17.457Z;functions.check_ted_branco;  CONTAGEM: 7
23-07-2024 05:29:17.758Z;functions.check_ted_branco;  ENTRANDO NO REGISTRO 
23-07-2024 05:29:24.625Z;functions.waitForImage;  INTEGRAÇÃO BANCÁRIA image found.
23-07-2024 05:29:24.754Z;functions.check_ted_branco;  CLICA EM INTEGRAÇÃO BANCÁRIA
23-07-2024 05:29:24.754Z;functions.check_ted_branco;  VERIFICANDO INFORMAÇÕES
23-07-2024 05:29:25.648Z;functions.waitForImage;  TRES PONTINHOS image found.
23-07-2024 05:29:38.286Z;functions.check_ted_branco;  VERIFICANDO SE TEM PIX NO FILTRO
23-07-2024 05:29:38.476Z;functions.waitForImage;  CHECANDO DADOS BANCÁRIOS PIX image found.
23-07-2024 05:29:40.484Z;functions.check_ted_branco;  PIX NÃO ENCONTRADO PARA REFERENCIA: 753544
23-07-2024 05:29:44.197Z;functions.check_ted_branco;  APERTA EM CANCELAR
23-07-2024 05:29:44.368Z;functions.waitForImage;  PRESS BUTTON OK image found.
23-07-2024 05:29:46.499Z;functions.click_ok;  PRESS BUTTON OK
23-07-2024 05:29:59.101Z;functions.waitForImage;  ERROR GENERICO image not found.
23-07-2024 05:30:04.257Z;functions.waitForImage;  ERROR FILTRO PIX image not found.
23-07-2024 05:30:08.368Z;functions.check_ted_branco;  PASSANDO PARA PRÓXIMO REGISTRO
23-07-2024 05:30:12.473Z;functions.check_ted_branco;  REFERNCIA: 753667
23-07-2024 05:30:12.473Z;functions.check_ted_branco;  CONTAGEM: 8
23-07-2024 05:30:12.775Z;functions.check_ted_branco;  ENTRANDO NO REGISTRO 
23-07-2024 05:30:23.257Z;functions.waitForImage;  INTEGRAÇÃO BANCÁRIA image found.
23-07-2024 05:30:23.378Z;functions.check_ted_branco;  CLICA EM INTEGRAÇÃO BANCÁRIA
23-07-2024 05:30:23.378Z;functions.check_ted_branco;  VERIFICANDO INFORMAÇÕES
23-07-2024 05:30:24.257Z;functions.waitForImage;  TRES PONTINHOS image found.
23-07-2024 05:30:36.899Z;functions.check_ted_branco;  VERIFICANDO SE TEM PIX NO FILTRO
23-07-2024 05:30:37.101Z;functions.waitForImage;  CHECANDO DADOS BANCÁRIOS PIX image found.
23-07-2024 05:30:39.104Z;functions.check_ted_branco;  PIX NÃO ENCONTRADO PARA REFERENCIA: 753667
23-07-2024 05:30:42.830Z;functions.check_ted_branco;  APERTA EM CANCELAR
23-07-2024 05:30:43.023Z;functions.waitForImage;  PRESS BUTTON OK image found.
23-07-2024 05:30:45.158Z;functions.click_ok;  PRESS BUTTON OK
23-07-2024 05:30:57.648Z;functions.waitForImage;  ERROR GENERICO image not found.
23-07-2024 05:31:02.820Z;functions.waitForImage;  ERROR FILTRO PIX image not found.
23-07-2024 05:31:06.931Z;functions.check_ted_branco;  PASSANDO PARA PRÓXIMO REGISTRO
23-07-2024 05:31:11.036Z;functions.check_ted_branco;  REFERNCIA: 753607
23-07-2024 05:31:11.036Z;functions.check_ted_branco;  CONTAGEM: 9
23-07-2024 05:31:11.338Z;functions.check_ted_branco;  ENTRANDO NO REGISTRO 
23-07-2024 05:31:19.657Z;functions.waitForImage;  INTEGRAÇÃO BANCÁRIA image found.
23-07-2024 05:31:19.784Z;functions.check_ted_branco;  CLICA EM INTEGRAÇÃO BANCÁRIA
23-07-2024 05:31:19.784Z;functions.check_ted_branco;  VERIFICANDO INFORMAÇÕES
23-07-2024 05:31:20.647Z;functions.waitForImage;  TRES PONTINHOS image found.
23-07-2024 05:31:33.287Z;functions.check_ted_branco;  VERIFICANDO SE TEM PIX NO FILTRO
23-07-2024 05:31:33.460Z;functions.waitForImage;  CHECANDO DADOS BANCÁRIOS PIX image found.
23-07-2024 05:31:35.475Z;functions.check_ted_branco;  PIX NÃO ENCONTRADO PARA REFERENCIA: 753607
23-07-2024 05:31:39.188Z;functions.check_ted_branco;  APERTA EM CANCELAR
23-07-2024 05:31:39.378Z;functions.waitForImage;  PRESS BUTTON OK image found.
23-07-2024 05:31:41.502Z;functions.click_ok;  PRESS BUTTON OK
23-07-2024 05:31:54.023Z;functions.waitForImage;  ERROR GENERICO image not found.
23-07-2024 05:31:59.132Z;functions.waitForImage;  ERROR FILTRO PIX image not found.
23-07-2024 05:31:59.132Z;functions.check_ted_branco;  FORAM VERIFICADOS: 9 REFERENCIAS NO PROCESSAMENTO FORMA DE PAGAMENTO ELETRONICA EM BRANCO
23-07-2024 05:32:01.867Z;errorhandler.__handle;  Property: Unknown Property name. [1:203: -ms-interpolation-mode]
23-07-2024 05:32:01.898Z;errorhandler.__handle;  Property: Unknown Property name. [1:353: -webkit-font-smoothing]
23-07-2024 05:32:01.898Z;errorhandler.__handle;  Property: Unknown Property name. [1:483: -ms-text-size-adjust]
23-07-2024 05:32:01.898Z;errorhandler.__handle;  Property: Unknown Property name. [1:518: -webkit-text-size-adjust]
23-07-2024 05:32:01.898Z;errorhandler.__handle;  Property: Unknown Property name. [1:612: mso-table-lspace]
23-07-2024 05:32:01.898Z;errorhandler.__handle;  Property: Unknown Property name. [1:642: mso-table-rspace]
23-07-2024 05:32:02.054Z;errorhandler.__handle;  Property: Unknown Property name. [1:4734: mso-hide]
23-07-2024 05:32:02.132Z;errorhandler.__handle;  Property: Unknown Property name. [1:13: -ms-interpolation-mode]
23-07-2024 05:32:02.132Z;errorhandler.__handle;  Property: Unknown Property name. [1:49: -webkit-font-smoothing]
23-07-2024 05:32:02.132Z;errorhandler.__handle;  Property: Unknown Property name. [1:134: -ms-text-size-adjust]
23-07-2024 05:32:02.132Z;errorhandler.__handle;  Property: Unknown Property name. [1:160: -webkit-text-size-adjust]
23-07-2024 05:32:02.132Z;errorhandler.__handle;  Property: Unknown Property name. [1:26: mso-table-lspace]
23-07-2024 05:32:02.132Z;errorhandler.__handle;  Property: Unknown Property name. [1:45: mso-table-rspace]
23-07-2024 05:32:02.163Z;errorhandler.__handle;  Property: Unknown Property name. [1:92: mso-hide]
23-07-2024 05:32:02.179Z;errorhandler.__handle;  Property: No ":" after name found: align-center [1:1: align-center]
23-07-2024 05:32:02.179Z;errorhandler.__handle;  Property: No property value found: align-center [1:1: align-center]
23-07-2024 05:32:02.179Z;errorhandler.__handle;  CSSStyleDeclaration: Syntax Error in Property: align-center
23-07-2024 05:32:02.179Z;errorhandler.__handle;  Property: Unknown Property name. [1:14: -ms-interpolation-mode]
23-07-2024 05:32:05.101Z;functions.emailFinalizado;  Warning e-mail sent.
23-07-2024 05:32:05.101Z;main.<module>;  Remessa Bancária TED CIP com filtro de pagamento eletronica em branco modificadas para pix 
 PASSO 3 FINALIZADO
23-07-2024 05:32:05.117Z;main.<module>;  O PROGRAMA SERÁ ENCERRADO
23-07-2024 05:32:07.132Z;errorhandler.__handle;  Property: Unknown Property name. [1:14: -ms-interpolation-mode]
23-07-2024 05:32:09.960Z;functions.emailFinalizado;  Warning e-mail sent.
23-07-2024 05:32:10.460Z;functions.end_RM;  RM ENCERRADO
