23-07-2024 19:59:17.409Z;functions.bot_text_art;      ____   
23-07-2024 19:59:17.409Z;functions.bot_text_art;     [____]    
23-07-2024 19:59:17.409Z;functions.bot_text_art;   |=]()()[=|  
23-07-2024 19:59:17.425Z;functions.bot_text_art;     _\==/__    _____    ____     _        _____    ___   _  __
23-07-2024 19:59:17.425Z;functions.bot_text_art;   |__|   |_|  |  _  \  / ___|   | |      |_   _| / ___| | |/ /
23-07-2024 19:59:17.425Z;functions.bot_text_art;   |_|_/\_|_|  | |  | | | |      | |        | |   | |    | ' / 
23-07-2024 19:59:17.425Z;functions.bot_text_art;   | | __ | |  | |  | | | |      | |        | |   | |    |  <  
23-07-2024 19:59:17.425Z;functions.bot_text_art;   |_|[  ]|_|  | |__| | | |____  | |____   _| |_  | |__  | . \ 
23-07-2024 19:59:17.425Z;functions.bot_text_art;   \_|_||_|_/  |_____/   \_____| |______| |_____| \ ___| |_|\_\
23-07-2024 19:59:17.425Z;functions.bot_text_art;     |_||_|                                                     
23-07-2024 19:59:17.425Z;functions.bot_text_art;     | ||_|_   
23-07-2024 19:59:17.425Z;functions.bot_text_art;   |___||___|  
23-07-2024 19:59:17.425Z;functions.bot_text_art;               
23-07-2024 19:59:17.440Z;functions.open_RM;  OPEN PROGRAM RM
23-07-2024 19:59:17.440Z;functions.caps;  DESATIVANDO CAPS
23-07-2024 19:59:17.440Z;functions.loggin_RM;  BUSCANDO LOGGIN RM
23-07-2024 19:59:46.190Z;functions.loggin_RM;  ENTER USER_NAME
23-07-2024 19:59:52.239Z;functions.loggin_RM;  ENTER PASSWORD
23-07-2024 19:59:55.061Z;functions.loggin_RM;  ENTER RM
23-07-2024 20:03:22.111Z;functions.enter_coligada;  CLICK CONTEXTO
23-07-2024 20:03:25.548Z;functions.enter_coligada;  CLICK ALTERAR MODULO DO CONTEXTO
23-07-2024 20:03:30.634Z;functions.enter_coligada;  INSERE O COLIGADA CODE = 1
23-07-2024 20:03:30.740Z;functions.enter_coligada;  APERTA TAB PARA PREENCHER O CAMPO COM A STRING: OCEANICA ENGENHARIA E CONSULTORIA S.A.
23-07-2024 20:03:33.111Z;functions.enter_coligada;  CLICK AVANÇAR NOVAMENTE
23-07-2024 20:03:34.518Z;functions.enter_coligada;  CLICK CONCLUIR
23-07-2024 20:03:54.642Z;functions.waitForImage;  TROCA COLIGADA image not found.
23-07-2024 20:04:13.081Z;functions.enter_coligada;  POP UP COLIGADA DESAPARECER
23-07-2024 20:04:14.111Z;functions.check_movimentacao_bancaria;  CLICK - TOTVS - LINHA RM
23-07-2024 20:04:16.580Z;functions.check_movimentacao_bancaria;  CLICK - BACK OFFICE
23-07-2024 20:04:19.705Z;functions.check_movimentacao_bancaria;  CLICK - GESTAO FINANCEIRA
23-07-2024 20:04:19.705Z;functions.movimentacao_bancaria;  AGUARDANDO 1
23-07-2024 20:04:25.424Z;functions.movimentacao_bancaria;  CLICA NA ABA MOVIMENTAÇÃO BANCARIA
23-07-2024 20:04:26.299Z;functions.waitForImage;  IMAGEM BORDERO image found.
23-07-2024 20:04:28.433Z;functions.movimentacao_bancaria;  IMAGEM BORDERO CLICADA.
23-07-2024 20:04:39.002Z;functions.waitForImage;  LICENCAS EXCEDIDAS image not found.
23-07-2024 20:04:43.830Z;functions.movimentacao_bancaria;  ENCONTROU O FILTRO DA MOVIMENTAÇÃO BANCÁRIA
23-07-2024 20:04:43.893Z;functions.movimentacao_bancaria;  CLICA NA ABA SUPERIOR DO FILTRO
23-07-2024 20:04:51.205Z;functions.movimentacao_bancaria;  SELECIONA O FILTRO HOJE
23-07-2024 20:04:56.408Z;functions.waitForImage;  FILTER CLEAN image found.
23-07-2024 20:04:58.525Z;functions.filter_clean;  CLICA NO BOTÃO X DO LIMPA FILTRO
23-07-2024 20:04:58.705Z;functions.waitForImage;  FILTER CLEAN image found.
23-07-2024 20:05:00.839Z;functions.filter_clean;  CLICA NO BOTÃO X DO LIMPA FILTRO
23-07-2024 20:05:15.877Z;functions.waitForImage;  FILTER CLEAN image not found.
23-07-2024 20:05:17.830Z;functions.movimentacao_bancaria;  CLICA NA PRIMEIRA LINHA DA TABELA MOVIMENTAÇÃO BANCÁRIA
23-07-2024 20:05:19.384Z;functions.movimentacao_bancaria;  CLICA NA PRIMEIRA LINHA DA TABELA MOVIMENTAÇÃO BANCÁRIA
23-07-2024 20:05:20.607Z;functions.movimentacao_bancaria;  12 PASSOS PARA DIREITA NA TABELA >>
23-07-2024 20:05:23.002Z;functions.movimentacao_bancaria;  HOVER FILTER
23-07-2024 20:05:23.600Z;functions.movimentacao_bancaria;  CLICK FILTER
23-07-2024 20:05:27.927Z;functions.movimentacao_bancaria;  CLICA NO FILTRO  STATUS DA REMESSA
23-07-2024 20:05:30.030Z;functions.movimentacao_bancaria;  APERTA TAB PARA ESCREVER O FILTRO
23-07-2024 20:05:32.145Z;functions.movimentacao_bancaria;  ESCREVE PENDENTE NO FILTRO
23-07-2024 20:05:34.249Z;functions.movimentacao_bancaria;  APERTA ENTER PARA SELECIONAR OS PENDENTES
23-07-2024 20:05:55.189Z;functions.movimentacao_bancaria;  SEM PROCESSAMENTO DE BORDERO PENDENTE
23-07-2024 20:06:05.361Z;functions.waitForImage;  FILTER CLEAN image found.
23-07-2024 20:06:07.493Z;functions.filter_clean;  CLICA NO BOTÃO X DO LIMPA FILTRO
23-07-2024 20:06:22.814Z;functions.waitForImage;  FILTER CLEAN image not found.
23-07-2024 20:06:37.986Z;functions.waitForImage;  FILTER CLEAN image not found.
23-07-2024 20:06:40.048Z;functions.processo_pagamento;  CLICA NA PRIMEIRA LINHA DA TABELA MOVIMENTAÇÃO BANCÁRIA
23-07-2024 20:06:42.407Z;functions.processo_pagamento;  HOVER FILTER
23-07-2024 20:06:43.002Z;functions.processo_pagamento;  CLICK FILTER
23-07-2024 20:06:47.339Z;functions.processo_pagamento;  CLICA NO FILTRO  STATUS DA REMESSA
23-07-2024 20:06:49.443Z;functions.processo_pagamento;  APERTA TAB PARA ESCREVER O FILTRO
23-07-2024 20:06:51.564Z;functions.processo_pagamento;  ESCREVE AUTORIZADO NO FILTRO
23-07-2024 20:06:53.667Z;functions.processo_pagamento;  APERTA ENTER PARA SELECIONAR OS AUTORIZADOS
23-07-2024 20:07:00.866Z;functions.processo_pagamento;  6 PASSOS PARA ESQUERDA NA TABELA <<
23-07-2024 20:07:01.886Z;functions.processo_pagamento;  10 PASSOS PARA cima NA TABELA <<
23-07-2024 20:07:04.861Z;functions.check_user_bot;  Texto extraido 1/2
23-07-2024 20:07:04.861Z;functions.check_user_bot;  Count 2
23-07-2024 20:07:04.861Z;functions.check_user_bot;  Type <class 'int'>
23-07-2024 20:07:06.980Z;functions.check_user_bot;  CHECK USER BOT 1
23-07-2024 20:07:08.981Z;functions.check_user_bot;  dclick
23-07-2024 20:07:11.698Z;functions.check_user_bot;  7 PASSOS PARA DIREITA NA TABELA >>
23-07-2024 20:07:15.803Z;functions.check_user_bot;  341 / 3212 / 02675 SISPAG FORNECEDOR
23-07-2024 20:07:15.803Z;functions.check_user_bot;  NOME SISPAG ENCONTRADO
23-07-2024 20:07:18.013Z;functions.check_user_bot;  CLICA EM PROCESSOS
23-07-2024 20:07:20.116Z;functions.check_user_bot;  APERTA PARA BAIXO 1
23-07-2024 20:07:22.219Z;functions.check_user_bot;  APERTA PARA BAIXO 2
23-07-2024 20:07:24.322Z;functions.check_user_bot;  APERTA PARA BAIXO 3
23-07-2024 20:07:26.425Z;functions.check_user_bot;  APERTA ENTER
23-07-2024 20:07:29.579Z;functions.check_user_bot;  CLICA EM REMESSAS DE PAGAMENTO
23-07-2024 20:07:44.486Z;functions.check_user_bot;  CLICA EM AVANÇAR
23-07-2024 20:07:45.892Z;functions.check_user_bot;  DESMARCA CHECKBOX PARA SALVAR ARQUIVO DE REMESSA
23-07-2024 20:07:47.079Z;functions.check_user_bot;  CLICA EM AVANCAR PARA CONCLUIR
23-07-2024 20:07:48.673Z;functions.check_user_bot;  CLICA EM EXECUTAR
23-07-2024 20:08:05.798Z;functions.waitForImage;  PRESS BUTTON OK image found.
23-07-2024 20:08:07.806Z;functions.check_user_bot;  O PROCESSAMENTO DE AUTORIZAÇÃO DO BORDERO FOI EXECUTADO COM SUCESSO.
23-07-2024 20:08:13.017Z;functions.check_user_bot;  ===========================================================================================================
LANÇAMENTOS ENVIADOS PARA REMESSA PAGAMENTO
Coligada: 1
ID Remessa: 10
Convênio: 7
Data: 23/07/2024 20:08:03
Borderô remetidos: 1
===========================================================================================================
Borderô: 1-10310

Lançamentos remetidos no Borderô:
Lancamento 1-977356
Lancamento 1-977815
Lancamento 1-979016
Lancamento 1-980113
----------------------------------------------------------------------------------------------------------


23-07-2024 20:08:19.228Z;functions.check_user_bot;  ENTER EM FECHAR.
23-07-2024 20:08:21.228Z;functions.obter_intervalo_data;  VERIFICANDO A HORA ATUAL 20
23-07-2024 20:08:21.244Z;functions.obter_intervalo_data;  Data Inicial BANCARIA antes da remoção: None
23-07-2024 20:08:21.244Z;functions.obter_intervalo_data;  Data Final BANCARIA antes da remoção: None
23-07-2024 20:08:21.244Z;functions.obter_intervalo_data;  Data Inicial BANCARIA após a remoção: None
23-07-2024 20:08:21.244Z;functions.obter_intervalo_data;  Data Final BANCARIA após a remoção: None
23-07-2024 20:08:21.244Z;functions.obter_intervalo_data;  hoje -  2024-07-23 20:08:21.244695
23-07-2024 20:08:21.260Z;functions.rename_arq;  CLICK - SELECIONA A DATA DE QUARTA FEIRA E DA PROXIMA TERÇA
23-07-2024 20:08:21.260Z;functions.rename_arq;  QUARTA-FEIRA: 31-07-2024
23-07-2024 20:08:21.260Z;functions.rename_arq;  TERCA-FEIRA: 06-08-2024
23-07-2024 20:08:21.369Z;functions.rename_arq;  A PRÓXIMA LETRA SERÁ: B
23-07-2024 20:08:21.369Z;functions.rename_arq;  NOME ARQUIVO: B310624B.txt
23-07-2024 20:08:21.416Z;functions.rename_arq;  Arquivo renomeado com sucesso para B310624B.txt
23-07-2024 20:08:23.813Z;errorhandler.__handle;  Selector: Unexpected CHAR. [1:1: <]
23-07-2024 20:08:23.813Z;errorhandler.__handle;  Selector: Unexpected CHAR. [1:108: <]
23-07-2024 20:08:23.829Z;errorhandler.__handle;  SelectorList: Invalid Selector: <br>        /* ------------------------------------- GLOBAL RESETS ------------------------------------- */<br>        img 
23-07-2024 20:08:23.829Z;errorhandler.__handle;  CSSStyleDeclaration: Unexpected token, ignoring upto '<br>            border: none;'. [1:125: <]
23-07-2024 20:08:23.829Z;errorhandler.__handle;  CSSStyleDeclaration: Unexpected token, ignoring upto '<br>            -ms-interpolation-mode: bicubic;'. [1:154: <]
23-07-2024 20:08:23.829Z;errorhandler.__handle;  CSSStyleDeclaration: Unexpected token, ignoring upto '<br>            max-width: 100%;'. [1:202: <]
23-07-2024 20:08:23.829Z;errorhandler.__handle;  CSSStyleDeclaration: Unexpected token, ignoring upto '<br>        '. [1:234: <]
23-07-2024 20:08:23.829Z;errorhandler.__handle;  Selector: Unexpected CHAR. [1:247: <]
23-07-2024 20:08:23.829Z;errorhandler.__handle;  Selector: Unexpected CHAR. [1:251: <]
23-07-2024 20:08:23.829Z;errorhandler.__handle;  SelectorList: Invalid Selector: <br><br>        body 
23-07-2024 20:08:23.829Z;errorhandler.__handle;  CSSStyleDeclaration: Unexpected token, ignoring upto '<br>            background-color: #f6f6f6;'. [1:269: <]
23-07-2024 20:08:23.829Z;errorhandler.__handle;  CSSStyleDeclaration: Unexpected token, ignoring upto '<br>            font-family: sans-serif;'. [1:311: <]
23-07-2024 20:08:23.829Z;errorhandler.__handle;  CSSStyleDeclaration: Unexpected token, ignoring upto '<br>            -webkit-font-smoothing: antialiased;'. [1:351: <]
23-07-2024 20:08:23.829Z;errorhandler.__handle;  CSSStyleDeclaration: Unexpected token, ignoring upto '<br>            font-size: 14px;'. [1:403: <]
23-07-2024 20:08:23.829Z;errorhandler.__handle;  CSSStyleDeclaration: Unexpected token, ignoring upto '<br>            line-height: 1.4;'. [1:435: <]
23-07-2024 20:08:23.829Z;errorhandler.__handle;  CSSStyleDeclaration: Unexpected token, ignoring upto '<br>            margin: 0;'. [1:468: <]
23-07-2024 20:08:23.829Z;errorhandler.__handle;  CSSStyleDeclaration: Unexpected token, ignoring upto '<br>            padding: 0;'. [1:494: <]
23-07-2024 20:08:23.829Z;errorhandler.__handle;  CSSStyleDeclaration: Unexpected token, ignoring upto '<br>            -ms-text-size-adjust: 100%;'. [1:521: <]
23-07-2024 20:08:23.829Z;errorhandler.__handle;  CSSStyleDeclaration: Unexpected token, ignoring upto '<br>            -webkit-text-size-adjust: 100%;'. [1:564: <]
23-07-2024 20:08:23.829Z;errorhandler.__handle;  CSSStyleDeclaration: Unexpected token, ignoring upto '<br>        '. [1:611: <]
23-07-2024 20:08:23.829Z;errorhandler.__handle;  Selector: Unexpected CHAR. [1:624: <]
23-07-2024 20:08:23.829Z;errorhandler.__handle;  Selector: Unexpected CHAR. [1:628: <]
23-07-2024 20:08:23.829Z;errorhandler.__handle;  SelectorList: Invalid Selector: <br><br>        table 
23-07-2024 20:08:23.829Z;errorhandler.__handle;  CSSStyleDeclaration: Unexpected token, ignoring upto '<br>            border-collapse: separate;'. [1:647: <]
23-07-2024 20:08:23.829Z;errorhandler.__handle;  CSSStyleDeclaration: Unexpected token, ignoring upto '<br>            mso-table-lspace: 0pt;'. [1:689: <]
23-07-2024 20:08:23.829Z;errorhandler.__handle;  CSSStyleDeclaration: Unexpected token, ignoring upto '<br>            mso-table-rspace: 0pt;'. [1:727: <]
23-07-2024 20:08:23.829Z;errorhandler.__handle;  CSSStyleDeclaration: Unexpected token, ignoring upto '<br>            width: 100%;'. [1:765: <]
23-07-2024 20:08:23.829Z;errorhandler.__handle;  CSSStyleDeclaration: Unexpected token, ignoring upto '<br>        '. [1:793: <]
23-07-2024 20:08:23.829Z;errorhandler.__handle;  Selector: Unexpected CHAR. [1:806: <]
23-07-2024 20:08:23.829Z;errorhandler.__handle;  Selector: Unexpected CHAR. [1:810: <]
23-07-2024 20:08:23.829Z;errorhandler.__handle;  SelectorList: Invalid Selector: <br><br>        table td 
23-07-2024 20:08:23.829Z;errorhandler.__handle;  CSSStyleDeclaration: Unexpected token, ignoring upto '<br>            font-family: sans-serif;'. [1:832: <]
23-07-2024 20:08:23.829Z;errorhandler.__handle;  CSSStyleDeclaration: Unexpected token, ignoring upto '<br>            font-size: 14px;'. [1:872: <]
23-07-2024 20:08:23.829Z;errorhandler.__handle;  CSSStyleDeclaration: Unexpected token, ignoring upto '<br>            vertical-align: top;'. [1:904: <]
23-07-2024 20:08:23.829Z;errorhandler.__handle;  CSSStyleDeclaration: Unexpected token, ignoring upto '<br>        '. [1:940: <]
23-07-2024 20:08:23.829Z;errorhandler.__handle;  Selector: Unexpected CHAR. [1:953: <]
23-07-2024 20:08:23.845Z;errorhandler.__handle;  Selector: Unexpected CHAR. [1:957: <]
23-07-2024 20:08:23.845Z;errorhandler.__handle;  Selector: Unexpected CHAR. [1:1067: <]
23-07-2024 20:08:23.845Z;errorhandler.__handle;  SelectorList: Invalid Selector: <br><br>        /* ------------------------------------- BODY & CONTAINER ------------------------------------- */<br>        .body 
23-07-2024 20:08:23.845Z;errorhandler.__handle;  CSSStyleDeclaration: Unexpected token, ignoring upto '<br>            background-color: #f6f6f6;'. [1:1086: <]
23-07-2024 20:08:23.845Z;errorhandler.__handle;  CSSStyleDeclaration: Unexpected token, ignoring upto '<br>            width: 100%;'. [1:1128: <]
23-07-2024 20:08:23.845Z;errorhandler.__handle;  CSSStyleDeclaration: Unexpected token, ignoring upto '<br>        '. [1:1156: <]
23-07-2024 20:08:23.845Z;errorhandler.__handle;  Selector: Unexpected CHAR. [1:1169: <]
23-07-2024 20:08:23.845Z;errorhandler.__handle;  Selector: Unexpected CHAR. [1:1173: <]
23-07-2024 20:08:23.845Z;errorhandler.__handle;  SelectorList: Invalid Selector: <br><br>        .container 
23-07-2024 20:08:23.845Z;errorhandler.__handle;  CSSStyleDeclaration: Unexpected token, ignoring upto '<br>            display: block;'. [1:1197: <]
23-07-2024 20:08:23.845Z;errorhandler.__handle;  CSSStyleDeclaration: Unexpected token, ignoring upto '<br>            margin: 0 auto !'. [1:1228: <]
23-07-2024 20:08:23.845Z;errorhandler.__handle;  Property: No ":" after name found: important [1:1260: important]
23-07-2024 20:08:23.845Z;errorhandler.__handle;  Property: No property value found: important [1:1260: important]
23-07-2024 20:08:23.845Z;errorhandler.__handle;  CSSStyleDeclaration: Syntax Error in Property: important
23-07-2024 20:08:23.845Z;errorhandler.__handle;  CSSStyleDeclaration: Unexpected token, ignoring upto '<br>            /* makes it centered */<br>            max-width: 580px;'. [1:1270: <]
23-07-2024 20:08:23.845Z;errorhandler.__handle;  CSSStyleDeclaration: Unexpected token, ignoring upto '<br>            padding: 10px;'. [1:1342: <]
23-07-2024 20:08:23.845Z;errorhandler.__handle;  CSSStyleDeclaration: Unexpected token, ignoring upto '<br>            width: 580px;'. [1:1372: <]
23-07-2024 20:08:23.845Z;errorhandler.__handle;  CSSStyleDeclaration: Unexpected token, ignoring upto '<br>        '. [1:1401: <]
23-07-2024 20:08:23.845Z;errorhandler.__handle;  Selector: Unexpected CHAR. [1:1414: <]
23-07-2024 20:08:23.845Z;errorhandler.__handle;  Selector: Unexpected CHAR. [1:1418: <]
23-07-2024 20:08:23.845Z;errorhandler.__handle;  SelectorList: Invalid Selector: <br><br>        .content 
23-07-2024 20:08:23.845Z;errorhandler.__handle;  CSSStyleDeclaration: Unexpected token, ignoring upto '<br>            box-sizing: border-box;'. [1:1440: <]
23-07-2024 20:08:23.845Z;errorhandler.__handle;  CSSStyleDeclaration: Unexpected token, ignoring upto '<br>            display: block;'. [1:1479: <]
23-07-2024 20:08:23.845Z;errorhandler.__handle;  CSSStyleDeclaration: Unexpected token, ignoring upto '<br>            margin: 0 auto;'. [1:1510: <]
23-07-2024 20:08:23.845Z;errorhandler.__handle;  CSSStyleDeclaration: Unexpected token, ignoring upto '<br>            max-width: 580px;'. [1:1541: <]
23-07-2024 20:08:23.845Z;errorhandler.__handle;  CSSStyleDeclaration: Unexpected token, ignoring upto '<br>            padding: 10px;'. [1:1574: <]
23-07-2024 20:08:23.845Z;errorhandler.__handle;  CSSStyleDeclaration: Unexpected token, ignoring upto '<br>        '. [1:1604: <]
23-07-2024 20:08:23.845Z;errorhandler.__handle;  Selector: Unexpected CHAR. [1:1617: <]
23-07-2024 20:08:23.845Z;errorhandler.__handle;  Selector: Unexpected CHAR. [1:1621: <]
23-07-2024 20:08:23.845Z;errorhandler.__handle;  Selector: Unexpected CHAR. [1:1735: <]
23-07-2024 20:08:23.845Z;errorhandler.__handle;  SelectorList: Invalid Selector: <br><br>        /* ------------------------------------- HEADER, FOOTER, MAIN ------------------------------------- */<br>        .main 
23-07-2024 20:08:23.845Z;errorhandler.__handle;  CSSStyleDeclaration: Unexpected token, ignoring upto '<br>            background: #ffffff;'. [1:1754: <]
23-07-2024 20:08:23.845Z;errorhandler.__handle;  CSSStyleDeclaration: Unexpected token, ignoring upto '<br>            border-radius: 3px;'. [1:1790: <]
23-07-2024 20:08:23.845Z;errorhandler.__handle;  CSSStyleDeclaration: Unexpected token, ignoring upto '<br>            width: 100%;'. [1:1825: <]
23-07-2024 20:08:23.845Z;errorhandler.__handle;  CSSStyleDeclaration: Unexpected token, ignoring upto '<br>        '. [1:1853: <]
23-07-2024 20:08:23.845Z;errorhandler.__handle;  Selector: Unexpected CHAR. [1:1866: <]
23-07-2024 20:08:23.860Z;errorhandler.__handle;  Selector: Unexpected CHAR. [1:1870: <]
23-07-2024 20:08:23.860Z;errorhandler.__handle;  SelectorList: Invalid Selector: <br><br>        .wrapper 
23-07-2024 20:08:23.860Z;errorhandler.__handle;  CSSStyleDeclaration: Unexpected token, ignoring upto '<br>            box-sizing: border-box;'. [1:1892: <]
23-07-2024 20:08:23.860Z;errorhandler.__handle;  CSSStyleDeclaration: Unexpected token, ignoring upto '<br>            padding: 20px;'. [1:1931: <]
23-07-2024 20:08:23.860Z;errorhandler.__handle;  CSSStyleDeclaration: Unexpected token, ignoring upto '<br>        '. [1:1961: <]
23-07-2024 20:08:23.860Z;errorhandler.__handle;  Selector: Unexpected CHAR. [1:1974: <]
23-07-2024 20:08:23.860Z;errorhandler.__handle;  Selector: Unexpected CHAR. [1:1978: <]
23-07-2024 20:08:23.860Z;errorhandler.__handle;  SelectorList: Invalid Selector: <br><br>        .content-block 
23-07-2024 20:08:23.860Z;errorhandler.__handle;  CSSStyleDeclaration: Unexpected token, ignoring upto '<br>            padding-bottom: 10px;'. [1:2006: <]
23-07-2024 20:08:23.860Z;errorhandler.__handle;  CSSStyleDeclaration: Unexpected token, ignoring upto '<br>            padding-top: 10px;'. [1:2043: <]
23-07-2024 20:08:23.860Z;errorhandler.__handle;  CSSStyleDeclaration: Unexpected token, ignoring upto '<br>        '. [1:2077: <]
23-07-2024 20:08:23.860Z;errorhandler.__handle;  Selector: Unexpected CHAR. [1:2090: <]
23-07-2024 20:08:23.860Z;errorhandler.__handle;  Selector: Unexpected CHAR. [1:2094: <]
23-07-2024 20:08:23.860Z;errorhandler.__handle;  SelectorList: Invalid Selector: <br><br>        .footer 
23-07-2024 20:08:23.860Z;errorhandler.__handle;  CSSStyleDeclaration: Unexpected token, ignoring upto '<br>            clear: both;'. [1:2115: <]
23-07-2024 20:08:23.860Z;errorhandler.__handle;  CSSStyleDeclaration: Unexpected token, ignoring upto '<br>            margin-top: 10px;'. [1:2143: <]
23-07-2024 20:08:23.860Z;errorhandler.__handle;  CSSStyleDeclaration: Unexpected token, ignoring upto '<br>            text-align: center;'. [1:2176: <]
23-07-2024 20:08:23.860Z;errorhandler.__handle;  CSSStyleDeclaration: Unexpected token, ignoring upto '<br>            width: 100%;'. [1:2211: <]
23-07-2024 20:08:23.860Z;errorhandler.__handle;  CSSStyleDeclaration: Unexpected token, ignoring upto '<br>        '. [1:2239: <]
23-07-2024 20:08:23.860Z;errorhandler.__handle;  Selector: Unexpected CHAR. [1:2252: <]
23-07-2024 20:08:23.860Z;errorhandler.__handle;  Selector: Unexpected CHAR. [1:2256: <]
23-07-2024 20:08:23.860Z;errorhandler.__handle;  SelectorList: Invalid Selector: <br><br>        .footer td
23-07-2024 20:08:23.860Z;errorhandler.__handle;  Selector: Unexpected CHAR. [1:2279: <]
23-07-2024 20:08:23.860Z;errorhandler.__handle;  SelectorList: Invalid Selector: <br>        .footer p
23-07-2024 20:08:23.860Z;errorhandler.__handle;  Selector: Unexpected CHAR. [1:2301: <]
23-07-2024 20:08:23.860Z;errorhandler.__handle;  SelectorList: Invalid Selector: <br>        .footer span
23-07-2024 20:08:23.860Z;errorhandler.__handle;  Selector: Unexpected CHAR. [1:2326: <]
23-07-2024 20:08:23.860Z;errorhandler.__handle;  SelectorList: Invalid Selector: <br>        .footer a 
23-07-2024 20:08:23.860Z;errorhandler.__handle;  CSSStyleDeclaration: Unexpected token, ignoring upto '<br>            color: #999999;'. [1:2349: <]
23-07-2024 20:08:23.860Z;errorhandler.__handle;  CSSStyleDeclaration: Unexpected token, ignoring upto '<br>            font-size: 12px;'. [1:2380: <]
23-07-2024 20:08:23.860Z;errorhandler.__handle;  CSSStyleDeclaration: Unexpected token, ignoring upto '<br>            text-align: center;'. [1:2412: <]
23-07-2024 20:08:23.860Z;errorhandler.__handle;  CSSStyleDeclaration: Unexpected token, ignoring upto '<br>        '. [1:2447: <]
23-07-2024 20:08:23.860Z;errorhandler.__handle;  Selector: Unexpected CHAR. [1:2460: <]
23-07-2024 20:08:23.876Z;errorhandler.__handle;  Selector: Unexpected CHAR. [1:2464: <]
23-07-2024 20:08:23.876Z;errorhandler.__handle;  Selector: Unexpected CHAR. [1:2568: <]
23-07-2024 20:08:23.876Z;errorhandler.__handle;  SelectorList: Invalid Selector: <br><br>        /* ------------------------------------- TYPOGRAPHY ------------------------------------- */<br>        h1
23-07-2024 20:08:23.876Z;errorhandler.__handle;  Selector: Unexpected CHAR. [1:2583: <]
23-07-2024 20:08:23.876Z;errorhandler.__handle;  SelectorList: Invalid Selector: <br>        h2
23-07-2024 20:08:23.876Z;errorhandler.__handle;  Selector: Unexpected CHAR. [1:2598: <]
23-07-2024 20:08:23.876Z;errorhandler.__handle;  SelectorList: Invalid Selector: <br>        h3
23-07-2024 20:08:23.876Z;errorhandler.__handle;  Selector: Unexpected CHAR. [1:2613: <]
23-07-2024 20:08:23.876Z;errorhandler.__handle;  SelectorList: Invalid Selector: <br>        h4 
23-07-2024 20:08:23.876Z;errorhandler.__handle;  CSSStyleDeclaration: Unexpected token, ignoring upto '<br>            color: #000000;'. [1:2629: <]
23-07-2024 20:08:23.876Z;errorhandler.__handle;  CSSStyleDeclaration: Unexpected token, ignoring upto '<br>            font-family: sans-serif;'. [1:2660: <]
23-07-2024 20:08:23.876Z;errorhandler.__handle;  CSSStyleDeclaration: Unexpected token, ignoring upto '<br>            font-weight: 400;'. [1:2700: <]
23-07-2024 20:08:23.876Z;errorhandler.__handle;  CSSStyleDeclaration: Unexpected token, ignoring upto '<br>            line-height: 1.4;'. [1:2733: <]
23-07-2024 20:08:23.876Z;errorhandler.__handle;  CSSStyleDeclaration: Unexpected token, ignoring upto '<br>            margin: 0;'. [1:2766: <]
23-07-2024 20:08:23.876Z;errorhandler.__handle;  CSSStyleDeclaration: Unexpected token, ignoring upto '<br>            margin-bottom: 30px;'. [1:2792: <]
23-07-2024 20:08:23.876Z;errorhandler.__handle;  CSSStyleDeclaration: Unexpected token, ignoring upto '<br>        '. [1:2828: <]
23-07-2024 20:08:23.876Z;errorhandler.__handle;  Selector: Unexpected CHAR. [1:2841: <]
23-07-2024 20:08:23.876Z;errorhandler.__handle;  Selector: Unexpected CHAR. [1:2845: <]
23-07-2024 20:08:23.876Z;errorhandler.__handle;  SelectorList: Invalid Selector: <br><br>        h1 
23-07-2024 20:08:23.876Z;errorhandler.__handle;  CSSStyleDeclaration: Unexpected token, ignoring upto '<br>            font-size: 35px;'. [1:2861: <]
23-07-2024 20:08:23.876Z;errorhandler.__handle;  CSSStyleDeclaration: Unexpected token, ignoring upto '<br>            font-weight: 300;'. [1:2893: <]
23-07-2024 20:08:23.876Z;errorhandler.__handle;  CSSStyleDeclaration: Unexpected token, ignoring upto '<br>            text-align: center;'. [1:2926: <]
23-07-2024 20:08:23.876Z;errorhandler.__handle;  CSSStyleDeclaration: Unexpected token, ignoring upto '<br>            text-transform: capitalize;'. [1:2961: <]
23-07-2024 20:08:23.876Z;errorhandler.__handle;  CSSStyleDeclaration: Unexpected token, ignoring upto '<br>        '. [1:3004: <]
23-07-2024 20:08:23.876Z;errorhandler.__handle;  Selector: Unexpected CHAR. [1:3017: <]
23-07-2024 20:08:23.876Z;errorhandler.__handle;  Selector: Unexpected CHAR. [1:3021: <]
23-07-2024 20:08:23.876Z;errorhandler.__handle;  SelectorList: Invalid Selector: <br><br>        p
23-07-2024 20:08:23.876Z;errorhandler.__handle;  Selector: Unexpected CHAR. [1:3035: <]
23-07-2024 20:08:23.876Z;errorhandler.__handle;  SelectorList: Invalid Selector: <br>        ul
23-07-2024 20:08:23.876Z;errorhandler.__handle;  Selector: Unexpected CHAR. [1:3050: <]
23-07-2024 20:08:23.876Z;errorhandler.__handle;  SelectorList: Invalid Selector: <br>        ol 
23-07-2024 20:08:23.876Z;errorhandler.__handle;  CSSStyleDeclaration: Unexpected token, ignoring upto '<br>            font-family: sans-serif;'. [1:3066: <]
23-07-2024 20:08:23.876Z;errorhandler.__handle;  CSSStyleDeclaration: Unexpected token, ignoring upto '<br>            font-size: 14px;'. [1:3106: <]
23-07-2024 20:08:23.876Z;errorhandler.__handle;  CSSStyleDeclaration: Unexpected token, ignoring upto '<br>            font-weight: normal;'. [1:3138: <]
23-07-2024 20:08:23.876Z;errorhandler.__handle;  CSSStyleDeclaration: Unexpected token, ignoring upto '<br>            margin: 0;'. [1:3174: <]
23-07-2024 20:08:23.876Z;errorhandler.__handle;  CSSStyleDeclaration: Unexpected token, ignoring upto '<br>            margin-bottom: 15px;'. [1:3200: <]
23-07-2024 20:08:23.876Z;errorhandler.__handle;  CSSStyleDeclaration: Unexpected token, ignoring upto '<br>        '. [1:3236: <]
23-07-2024 20:08:23.876Z;errorhandler.__handle;  Selector: Unexpected CHAR. [1:3249: <]
23-07-2024 20:08:23.876Z;errorhandler.__handle;  Selector: Unexpected CHAR. [1:3253: <]
23-07-2024 20:08:23.891Z;errorhandler.__handle;  SelectorList: Invalid Selector: <br><br>        p li
23-07-2024 20:08:23.891Z;errorhandler.__handle;  Selector: Unexpected CHAR. [1:3270: <]
23-07-2024 20:08:23.891Z;errorhandler.__handle;  SelectorList: Invalid Selector: <br>        ul li
23-07-2024 20:08:23.891Z;errorhandler.__handle;  Selector: Unexpected CHAR. [1:3288: <]
23-07-2024 20:08:23.891Z;errorhandler.__handle;  SelectorList: Invalid Selector: <br>        ol li 
23-07-2024 20:08:23.891Z;errorhandler.__handle;  CSSStyleDeclaration: Unexpected token, ignoring upto '<br>            list-style-position: inside;'. [1:3307: <]
23-07-2024 20:08:23.891Z;errorhandler.__handle;  CSSStyleDeclaration: Unexpected token, ignoring upto '<br>            margin-left: 5px;'. [1:3351: <]
23-07-2024 20:08:23.891Z;errorhandler.__handle;  CSSStyleDeclaration: Unexpected token, ignoring upto '<br>        '. [1:3384: <]
23-07-2024 20:08:23.891Z;errorhandler.__handle;  Selector: Unexpected CHAR. [1:3397: <]
23-07-2024 20:08:23.891Z;errorhandler.__handle;  Selector: Unexpected CHAR. [1:3401: <]
23-07-2024 20:08:23.891Z;errorhandler.__handle;  SelectorList: Invalid Selector: <br><br>        a 
23-07-2024 20:08:23.891Z;errorhandler.__handle;  CSSStyleDeclaration: Unexpected token, ignoring upto '<br>            color: #3498db;'. [1:3416: <]
23-07-2024 20:08:23.891Z;errorhandler.__handle;  CSSStyleDeclaration: Unexpected token, ignoring upto '<br>            text-decoration: underline;'. [1:3447: <]
23-07-2024 20:08:23.891Z;errorhandler.__handle;  CSSStyleDeclaration: Unexpected token, ignoring upto '<br>        '. [1:3490: <]
23-07-2024 20:08:23.891Z;errorhandler.__handle;  Selector: Unexpected CHAR. [1:3503: <]
23-07-2024 20:08:23.891Z;errorhandler.__handle;  Selector: Unexpected CHAR. [1:3507: <]
23-07-2024 20:08:23.891Z;errorhandler.__handle;  Selector: Unexpected CHAR. [1:3608: <]
23-07-2024 20:08:23.891Z;errorhandler.__handle;  SelectorList: Invalid Selector: <br><br>        /* ------------------------------------- BUTTONS ------------------------------------- */<br>        .btn 
23-07-2024 20:08:23.891Z;errorhandler.__handle;  CSSStyleDeclaration: Unexpected token, ignoring upto '<br>            box-sizing: border-box;'. [1:3626: <]
23-07-2024 20:08:23.891Z;errorhandler.__handle;  CSSStyleDeclaration: Unexpected token, ignoring upto '<br>            width: 100%;'. [1:3665: <]
23-07-2024 20:08:23.891Z;errorhandler.__handle;  CSSStyleDeclaration: Unexpected token, ignoring upto '<br>        '. [1:3693: <]
23-07-2024 20:08:23.891Z;errorhandler.__handle;  Selector: Unexpected CHAR. [1:3706: <]
23-07-2024 20:08:23.891Z;errorhandler.__handle;  Selector: Unexpected CHAR. [1:3710: <]
23-07-2024 20:08:23.891Z;errorhandler.__handle;  SelectorList: Invalid Selector: <br><br>        .btn>tbody>tr>td 
23-07-2024 20:08:23.891Z;errorhandler.__handle;  CSSStyleDeclaration: Unexpected token, ignoring upto '<br>            padding-bottom: 15px;'. [1:3740: <]
23-07-2024 20:08:23.891Z;errorhandler.__handle;  CSSStyleDeclaration: Unexpected token, ignoring upto '<br>        '. [1:3777: <]
23-07-2024 20:08:23.891Z;errorhandler.__handle;  Selector: Unexpected CHAR. [1:3790: <]
23-07-2024 20:08:23.891Z;errorhandler.__handle;  Selector: Unexpected CHAR. [1:3794: <]
23-07-2024 20:08:23.891Z;errorhandler.__handle;  SelectorList: Invalid Selector: <br><br>        .btn table 
23-07-2024 20:08:23.891Z;errorhandler.__handle;  CSSStyleDeclaration: Unexpected token, ignoring upto '<br>            width: auto;'. [1:3818: <]
23-07-2024 20:08:23.891Z;errorhandler.__handle;  CSSStyleDeclaration: Unexpected token, ignoring upto '<br>        '. [1:3846: <]
23-07-2024 20:08:23.891Z;errorhandler.__handle;  Selector: Unexpected CHAR. [1:3859: <]
23-07-2024 20:08:23.891Z;errorhandler.__handle;  Selector: Unexpected CHAR. [1:3863: <]
23-07-2024 20:08:23.891Z;errorhandler.__handle;  SelectorList: Invalid Selector: <br><br>        .btn table td 
23-07-2024 20:08:23.891Z;errorhandler.__handle;  CSSStyleDeclaration: Unexpected token, ignoring upto '<br>            background-color: #ffffff;'. [1:3890: <]
23-07-2024 20:08:23.907Z;errorhandler.__handle;  CSSStyleDeclaration: Unexpected token, ignoring upto '<br>            border-radius: 5px;'. [1:3932: <]
23-07-2024 20:08:23.907Z;errorhandler.__handle;  CSSStyleDeclaration: Unexpected token, ignoring upto '<br>            text-align: center;'. [1:3967: <]
23-07-2024 20:08:23.907Z;errorhandler.__handle;  CSSStyleDeclaration: Unexpected token, ignoring upto '<br>        '. [1:4002: <]
23-07-2024 20:08:23.907Z;errorhandler.__handle;  Selector: Unexpected CHAR. [1:4015: <]
23-07-2024 20:08:23.907Z;errorhandler.__handle;  Selector: Unexpected CHAR. [1:4019: <]
23-07-2024 20:08:23.907Z;errorhandler.__handle;  SelectorList: Invalid Selector: <br><br>        .btn a 
23-07-2024 20:08:23.907Z;errorhandler.__handle;  CSSStyleDeclaration: Unexpected token, ignoring upto '<br>            background-color: #ffffff;'. [1:4039: <]
23-07-2024 20:08:23.907Z;errorhandler.__handle;  CSSStyleDeclaration: Unexpected token, ignoring upto '<br>            border: solid 1px #3498db;'. [1:4081: <]
23-07-2024 20:08:23.907Z;errorhandler.__handle;  CSSStyleDeclaration: Unexpected token, ignoring upto '<br>            border-radius: 5px;'. [1:4123: <]
23-07-2024 20:08:23.907Z;errorhandler.__handle;  CSSStyleDeclaration: Unexpected token, ignoring upto '<br>            box-sizing: border-box;'. [1:4158: <]
23-07-2024 20:08:23.907Z;errorhandler.__handle;  CSSStyleDeclaration: Unexpected token, ignoring upto '<br>            color: #3498db;'. [1:4197: <]
23-07-2024 20:08:23.907Z;errorhandler.__handle;  CSSStyleDeclaration: Unexpected token, ignoring upto '<br>            cursor: pointer;'. [1:4228: <]
23-07-2024 20:08:23.907Z;errorhandler.__handle;  CSSStyleDeclaration: Unexpected token, ignoring upto '<br>            display: inline-block;'. [1:4260: <]
23-07-2024 20:08:23.907Z;errorhandler.__handle;  CSSStyleDeclaration: Unexpected token, ignoring upto '<br>            font-size: 14px;'. [1:4298: <]
23-07-2024 20:08:23.907Z;errorhandler.__handle;  CSSStyleDeclaration: Unexpected token, ignoring upto '<br>            font-weight: bold;'. [1:4330: <]
23-07-2024 20:08:23.907Z;errorhandler.__handle;  CSSStyleDeclaration: Unexpected token, ignoring upto '<br>            margin: 0;'. [1:4364: <]
23-07-2024 20:08:23.907Z;errorhandler.__handle;  CSSStyleDeclaration: Unexpected token, ignoring upto '<br>            padding: 12px 25px;'. [1:4390: <]
23-07-2024 20:08:23.907Z;errorhandler.__handle;  CSSStyleDeclaration: Unexpected token, ignoring upto '<br>            text-decoration: none;'. [1:4425: <]
23-07-2024 20:08:23.907Z;errorhandler.__handle;  CSSStyleDeclaration: Unexpected token, ignoring upto '<br>            text-transform: capitalize;'. [1:4463: <]
23-07-2024 20:08:23.907Z;errorhandler.__handle;  CSSStyleDeclaration: Unexpected token, ignoring upto '<br>        '. [1:4506: <]
23-07-2024 20:08:23.907Z;errorhandler.__handle;  Selector: Unexpected CHAR. [1:4519: <]
23-07-2024 20:08:23.907Z;errorhandler.__handle;  Selector: Unexpected CHAR. [1:4523: <]
23-07-2024 20:08:23.907Z;errorhandler.__handle;  SelectorList: Invalid Selector: <br><br>        .btn-primary table td 
23-07-2024 20:08:23.907Z;errorhandler.__handle;  CSSStyleDeclaration: Unexpected token, ignoring upto '<br>            background-color: #3498db;'. [1:4558: <]
23-07-2024 20:08:23.907Z;errorhandler.__handle;  CSSStyleDeclaration: Unexpected token, ignoring upto '<br>        '. [1:4600: <]
23-07-2024 20:08:23.907Z;errorhandler.__handle;  Selector: Unexpected CHAR. [1:4613: <]
23-07-2024 20:08:23.907Z;errorhandler.__handle;  Selector: Unexpected CHAR. [1:4617: <]
23-07-2024 20:08:23.907Z;errorhandler.__handle;  SelectorList: Invalid Selector: <br><br>        .btn-primary a 
23-07-2024 20:08:23.907Z;errorhandler.__handle;  CSSStyleDeclaration: Unexpected token, ignoring upto '<br>            background-color: #3498db;'. [1:4645: <]
23-07-2024 20:08:23.907Z;errorhandler.__handle;  CSSStyleDeclaration: Unexpected token, ignoring upto '<br>            border-color: #3498db;'. [1:4687: <]
23-07-2024 20:08:23.907Z;errorhandler.__handle;  CSSStyleDeclaration: Unexpected token, ignoring upto '<br>            color: #ffffff;'. [1:4725: <]
23-07-2024 20:08:23.907Z;errorhandler.__handle;  CSSStyleDeclaration: Unexpected token, ignoring upto '<br>        '. [1:4756: <]
23-07-2024 20:08:23.907Z;errorhandler.__handle;  Selector: Unexpected CHAR. [1:4769: <]
23-07-2024 20:08:23.907Z;errorhandler.__handle;  Selector: Unexpected CHAR. [1:4773: <]
23-07-2024 20:08:23.907Z;errorhandler.__handle;  Selector: Unexpected CHAR. [1:4900: <]
23-07-2024 20:08:23.923Z;errorhandler.__handle;  SelectorList: Invalid Selector: <br><br>        /* ------------------------------------- OTHER STYLES THAT MIGHT BE USEFUL ------------------------------------- */<br>        .last 
23-07-2024 20:08:23.923Z;errorhandler.__handle;  CSSStyleDeclaration: Unexpected token, ignoring upto '<br>            margin-bottom: 0;'. [1:4919: <]
23-07-2024 20:08:23.923Z;errorhandler.__handle;  CSSStyleDeclaration: Unexpected token, ignoring upto '<br>        '. [1:4952: <]
23-07-2024 20:08:23.923Z;errorhandler.__handle;  Selector: Unexpected CHAR. [1:4965: <]
23-07-2024 20:08:23.923Z;errorhandler.__handle;  Selector: Unexpected CHAR. [1:4969: <]
23-07-2024 20:08:23.923Z;errorhandler.__handle;  SelectorList: Invalid Selector: <br><br>        .first 
23-07-2024 20:08:23.923Z;errorhandler.__handle;  CSSStyleDeclaration: Unexpected token, ignoring upto '<br>            margin-top: 0;'. [1:4989: <]
23-07-2024 20:08:23.923Z;errorhandler.__handle;  CSSStyleDeclaration: Unexpected token, ignoring upto '<br>        '. [1:5019: <]
23-07-2024 20:08:23.923Z;errorhandler.__handle;  Selector: Unexpected CHAR. [1:5032: <]
23-07-2024 20:08:23.923Z;errorhandler.__handle;  Selector: Unexpected CHAR. [1:5036: <]
23-07-2024 20:08:23.923Z;errorhandler.__handle;  SelectorList: Invalid Selector: <br><br>        .align-center 
23-07-2024 20:08:23.923Z;errorhandler.__handle;  CSSStyleDeclaration: Unexpected token, ignoring upto '<br>            text-align: center;'. [1:5063: <]
23-07-2024 20:08:23.923Z;errorhandler.__handle;  CSSStyleDeclaration: Unexpected token, ignoring upto '<br>        '. [1:5098: <]
23-07-2024 20:08:23.923Z;errorhandler.__handle;  Selector: Unexpected CHAR. [1:5111: <]
23-07-2024 20:08:23.923Z;errorhandler.__handle;  Selector: Unexpected CHAR. [1:5115: <]
23-07-2024 20:08:23.923Z;errorhandler.__handle;  SelectorList: Invalid Selector: <br><br>        .align-right 
23-07-2024 20:08:23.923Z;errorhandler.__handle;  CSSStyleDeclaration: Unexpected token, ignoring upto '<br>            text-align: right;'. [1:5141: <]
23-07-2024 20:08:23.923Z;errorhandler.__handle;  CSSStyleDeclaration: Unexpected token, ignoring upto '<br>        '. [1:5175: <]
23-07-2024 20:08:23.923Z;errorhandler.__handle;  Selector: Unexpected CHAR. [1:5188: <]
23-07-2024 20:08:23.923Z;errorhandler.__handle;  Selector: Unexpected CHAR. [1:5192: <]
23-07-2024 20:08:23.923Z;errorhandler.__handle;  SelectorList: Invalid Selector: <br><br>        .align-left 
23-07-2024 20:08:23.923Z;errorhandler.__handle;  CSSStyleDeclaration: Unexpected token, ignoring upto '<br>            text-align: left;'. [1:5217: <]
23-07-2024 20:08:23.923Z;errorhandler.__handle;  CSSStyleDeclaration: Unexpected token, ignoring upto '<br>        '. [1:5250: <]
23-07-2024 20:08:23.923Z;errorhandler.__handle;  Selector: Unexpected CHAR. [1:5263: <]
23-07-2024 20:08:23.923Z;errorhandler.__handle;  Selector: Unexpected CHAR. [1:5267: <]
23-07-2024 20:08:23.923Z;errorhandler.__handle;  SelectorList: Invalid Selector: <br><br>        .clear 
23-07-2024 20:08:23.923Z;errorhandler.__handle;  CSSStyleDeclaration: Unexpected token, ignoring upto '<br>            clear: both;'. [1:5287: <]
23-07-2024 20:08:23.923Z;errorhandler.__handle;  CSSStyleDeclaration: Unexpected token, ignoring upto '<br>        '. [1:5315: <]
23-07-2024 20:08:23.923Z;errorhandler.__handle;  Selector: Unexpected CHAR. [1:5328: <]
23-07-2024 20:08:23.923Z;errorhandler.__handle;  Selector: Unexpected CHAR. [1:5332: <]
23-07-2024 20:08:23.923Z;errorhandler.__handle;  SelectorList: Invalid Selector: <br><br>        .mt0 
23-07-2024 20:08:23.923Z;errorhandler.__handle;  CSSStyleDeclaration: Unexpected token, ignoring upto '<br>            margin-top: 0;'. [1:5350: <]
23-07-2024 20:08:23.923Z;errorhandler.__handle;  CSSStyleDeclaration: Unexpected token, ignoring upto '<br>        '. [1:5380: <]
23-07-2024 20:08:23.923Z;errorhandler.__handle;  Selector: Unexpected CHAR. [1:5393: <]
23-07-2024 20:08:23.923Z;errorhandler.__handle;  Selector: Unexpected CHAR. [1:5397: <]
23-07-2024 20:08:23.938Z;errorhandler.__handle;  SelectorList: Invalid Selector: <br><br>        .mb0 
23-07-2024 20:08:23.938Z;errorhandler.__handle;  CSSStyleDeclaration: Unexpected token, ignoring upto '<br>            margin-bottom: 0;'. [1:5415: <]
23-07-2024 20:08:23.938Z;errorhandler.__handle;  CSSStyleDeclaration: Unexpected token, ignoring upto '<br>        '. [1:5448: <]
23-07-2024 20:08:23.938Z;errorhandler.__handle;  Selector: Unexpected CHAR. [1:5461: <]
23-07-2024 20:08:23.938Z;errorhandler.__handle;  Selector: Unexpected CHAR. [1:5465: <]
23-07-2024 20:08:23.938Z;errorhandler.__handle;  SelectorList: Invalid Selector: <br><br>        .preheader 
23-07-2024 20:08:23.938Z;errorhandler.__handle;  CSSStyleDeclaration: Unexpected token, ignoring upto '<br>            color: transparent;'. [1:5489: <]
23-07-2024 20:08:23.938Z;errorhandler.__handle;  CSSStyleDeclaration: Unexpected token, ignoring upto '<br>            display: none;'. [1:5524: <]
23-07-2024 20:08:23.938Z;errorhandler.__handle;  CSSStyleDeclaration: Unexpected token, ignoring upto '<br>            height: 0;'. [1:5554: <]
23-07-2024 20:08:23.938Z;errorhandler.__handle;  CSSStyleDeclaration: Unexpected token, ignoring upto '<br>            max-height: 0;'. [1:5580: <]
23-07-2024 20:08:23.938Z;errorhandler.__handle;  CSSStyleDeclaration: Unexpected token, ignoring upto '<br>            max-width: 0;'. [1:5610: <]
23-07-2024 20:08:23.938Z;errorhandler.__handle;  CSSStyleDeclaration: Unexpected token, ignoring upto '<br>            opacity: 0;'. [1:5639: <]
23-07-2024 20:08:23.938Z;errorhandler.__handle;  CSSStyleDeclaration: Unexpected token, ignoring upto '<br>            overflow: hidden;'. [1:5666: <]
23-07-2024 20:08:23.938Z;errorhandler.__handle;  CSSStyleDeclaration: Unexpected token, ignoring upto '<br>            mso-hide: all;'. [1:5699: <]
23-07-2024 20:08:23.938Z;errorhandler.__handle;  CSSStyleDeclaration: Unexpected token, ignoring upto '<br>            visibility: hidden;'. [1:5729: <]
23-07-2024 20:08:23.938Z;errorhandler.__handle;  CSSStyleDeclaration: Unexpected token, ignoring upto '<br>            width: 0;'. [1:5764: <]
23-07-2024 20:08:23.938Z;errorhandler.__handle;  CSSStyleDeclaration: Unexpected token, ignoring upto '<br>        '. [1:5789: <]
23-07-2024 20:08:23.938Z;errorhandler.__handle;  Selector: Unexpected CHAR. [1:5802: <]
23-07-2024 20:08:23.938Z;errorhandler.__handle;  Selector: Unexpected CHAR. [1:5806: <]
23-07-2024 20:08:23.938Z;errorhandler.__handle;  SelectorList: Invalid Selector: <br><br>        .powered-by a 
23-07-2024 20:08:23.938Z;errorhandler.__handle;  CSSStyleDeclaration: Unexpected token, ignoring upto '<br>            text-decoration: none;'. [1:5833: <]
23-07-2024 20:08:23.938Z;errorhandler.__handle;  CSSStyleDeclaration: Unexpected token, ignoring upto '<br>        '. [1:5871: <]
23-07-2024 20:08:23.938Z;errorhandler.__handle;  Selector: Unexpected CHAR. [1:5884: <]
23-07-2024 20:08:23.938Z;errorhandler.__handle;  Selector: Unexpected CHAR. [1:5888: <]
23-07-2024 20:08:23.938Z;errorhandler.__handle;  SelectorList: Invalid Selector: <br><br>        hr 
23-07-2024 20:08:23.938Z;errorhandler.__handle;  CSSStyleDeclaration: Unexpected token, ignoring upto '<br>            border: 0;'. [1:5904: <]
23-07-2024 20:08:23.938Z;errorhandler.__handle;  CSSStyleDeclaration: Unexpected token, ignoring upto '<br>            border-bottom: 1px solid #f6f6f6;'. [1:5930: <]
23-07-2024 20:08:23.938Z;errorhandler.__handle;  CSSStyleDeclaration: Unexpected token, ignoring upto '<br>            margin: 20px 0;'. [1:5979: <]
23-07-2024 20:08:23.938Z;errorhandler.__handle;  CSSStyleDeclaration: Unexpected token, ignoring upto '<br>        '. [1:6010: <]
23-07-2024 20:08:23.954Z;errorhandler.__handle;  Selector: Unexpected CHAR. [1:6023: <]
23-07-2024 20:08:23.954Z;errorhandler.__handle;  Selector: Unexpected CHAR. [1:6027: <]
23-07-2024 20:08:23.954Z;errorhandler.__handle;  Selector: Unexpected CHAR. [1:6158: <]
23-07-2024 20:08:23.954Z;errorhandler.__handle;  Unexpected token (MEDIA_SYM, @media, 1, 6170)
23-07-2024 20:08:23.954Z;errorhandler.__handle;  Selector: Unexpected CHAR. [1:6193: (]
23-07-2024 20:08:23.954Z;errorhandler.__handle;  Selector: Unexpected CHAR. [1:6203: :]
23-07-2024 20:08:23.954Z;errorhandler.__handle;  Selector: Unexpected DIMENSION. [1:6205: 620px]
23-07-2024 20:08:23.954Z;errorhandler.__handle;  Selector: Unexpected CHAR. [1:6210: )]
23-07-2024 20:08:23.954Z;errorhandler.__handle;  SelectorList: Invalid Selector: <br><br>        /* ------------------------------------- RESPONSIVE AND MOBILE FRIENDLY STYLES ------------------------------------- */<br>        @media only screen and (max-width: 620px) 
23-07-2024 20:08:23.954Z;errorhandler.__handle;  CSSStyleDeclaration: Unexpected token, ignoring upto '<br>            table.body h1 {<br>                font-size: 28px !important;<br>                margin-bottom: 10px !important;<br>            }<br><br>            table.body p,<br>            table.body ul,<br>            table.body ol,<br>            table.body td,<br>            table.body span,<br>            table.body a {<br>                font-size: 16px !important;<br>            }<br><br>            table.body .wrapper,<br>            table.body .article {<br>                padding: 10px !important;<br>            }<br><br>            table.body .content {<br>                padding: 0 !important;<br>            }<br><br>            table.body .container {<br>                padding: 0 !important;<br>                width: 100% !important;<br>            }<br><br>            table.body .main {<br>                border-left-width: 0 !important;<br>                border-radius: 0 !important;<br>                border-right-width: 0 !important;<br>            }<br><br>            table.body .btn table {<br>                width: 100% !important;<br>            }<br><br>            table.body .btn a {<br>                width: 100% !important;<br>            }<br><br>            table.body .img-responsive {<br>                height: auto !important;<br>                max-width: 100% !important;<br>                width: auto !important;<br>            }<br>        '. [1:6213: <]
23-07-2024 20:08:23.970Z;errorhandler.__handle;  Selector: Unexpected CHAR. [1:7614: <]
23-07-2024 20:08:23.970Z;errorhandler.__handle;  Selector: Unexpected CHAR. [1:7618: <]
23-07-2024 20:08:23.970Z;errorhandler.__handle;  Selector: Unexpected CHAR. [1:7745: <]
23-07-2024 20:08:23.970Z;errorhandler.__handle;  Unexpected token (MEDIA_SYM, @media, 1, 7757)
23-07-2024 20:08:23.970Z;errorhandler.__handle;  SelectorList: Invalid Selector: <br><br>        /* ------------------------------------- PRESERVE THESE STYLES IN THE HEAD ------------------------------------- */<br>        @media all 
23-07-2024 20:08:23.970Z;errorhandler.__handle;  CSSStyleDeclaration: Unexpected token, ignoring upto '<br>            .ExternalClass {<br>                width: 100%;<br>            }<br><br>            .ExternalClass,<br>            .ExternalClass p,<br>            .ExternalClass span,<br>            .ExternalClass font,<br>            .ExternalClass td,<br>            .ExternalClass div {<br>                line-height: 100%;<br>            }<br><br>            .apple-link a {<br>                color: inherit !important;<br>                font-family: inherit !important;<br>                font-size: inherit !important;<br>                font-weight: inherit !important;<br>                line-height: inherit !important;<br>                text-decoration: none !important;<br>            }<br><br>            #MessageViewBody a {<br>                color: inherit;<br>                text-decoration: none;<br>                font-size: inherit;<br>                font-family: inherit;<br>                font-weight: inherit;<br>                line-height: inherit;<br>            }<br><br>            .btn-primary table td:hover {<br>                background-color: #34495e !important;<br>            }<br><br>            .btn-primary a:hover {<br>                background-color: #34495e !important;<br>                border-color: #34495e !important;<br>            }<br>        '. [1:7769: <]
23-07-2024 20:08:23.970Z;errorhandler.__handle;  CSSStyleRule: No start { of style declaration found: '<br>    ' [1:9081: ]
23-07-2024 20:08:23.970Z;errorhandler.__handle;  Selector: Unexpected CHAR. [1:9073: <]
23-07-2024 20:08:23.970Z;errorhandler.__handle;  Selector: Cannot end with combinator: <br>    
23-07-2024 20:08:23.970Z;errorhandler.__handle;  SelectorList: Invalid Selector: <br>    
23-07-2024 20:08:23.970Z;errorhandler.__handle;  CSSStyleRule: No style declaration or "}" found: '<br>    '
23-07-2024 20:08:26.564Z;functions.emailSuccess;  Success e-mail sent.
23-07-2024 20:08:27.668Z;functions.processo_pagamento;  FECHA ABA MOVIMENTAÇÕES BANCÁRIAS
23-07-2024 20:08:29.391Z;functions.enter_contas_a_pagar;  CLICK - TOTVS - LINHA RM
23-07-2024 20:08:30.610Z;functions.enter_contas_a_pagar;  CLICK - BACK OFFICE
23-07-2024 20:08:33.454Z;functions.enter_contas_a_pagar;  CLICK - GESTAO FINANCEIRA
23-07-2024 20:08:40.079Z;functions.enter_contas_a_pagar;  CLICK - CONTAS A PAGAR
23-07-2024 20:08:40.267Z;functions.waitForImage;  LANÇAMENTOS image found.
23-07-2024 20:08:42.401Z;functions.enter_contas_a_pagar;  CLICA EM LANÇAMENTOS
23-07-2024 20:08:57.439Z;functions.waitForImage;  LICENCAS EXCEDIDAS image not found.
23-07-2024 20:08:57.439Z;functions.obter_intervalo_data;  VERIFICANDO A HORA ATUAL 20
23-07-2024 20:08:57.439Z;functions.obter_intervalo_data;  Data Inicial BANCARIA antes da remoção: None
23-07-2024 20:08:57.439Z;functions.obter_intervalo_data;  Data Final BANCARIA antes da remoção: None
23-07-2024 20:08:57.454Z;functions.obter_intervalo_data;  Data Inicial BANCARIA após a remoção: None
23-07-2024 20:08:57.454Z;functions.obter_intervalo_data;  Data Final BANCARIA após a remoção: None
23-07-2024 20:08:57.454Z;functions.obter_intervalo_data;  hoje -  2024-07-23 20:08:57.454322
23-07-2024 20:08:57.454Z;functions.data_filter;  DATA INICIO 31-07-2024
23-07-2024 20:08:57.454Z;functions.data_filter;  DATA FIM 06-08-2024
23-07-2024 20:08:57.454Z;functions.data_filter;  CLICK - SELECIONA A DATA DE QUARTA FEIRA E DA PROXIMA TERÇA
23-07-2024 20:08:57.454Z;functions.data_filter;  QUARTA-FEIRA: 31-07-2024
23-07-2024 20:08:57.454Z;functions.data_filter;  TERCA-FEIRA: 06-08-2024
23-07-2024 20:09:14.371Z;functions.data_filter;  REMESSA BANCÁRIA - FILTRO DIGITADO
23-07-2024 20:09:15.423Z;functions.data_filter;  CLICK - BOTAO DE SELECAO DE FILTRO
23-07-2024 20:09:20.501Z;functions.data_filter;  INSERE - DATA DE QUARTA-FEIRA: 31-07-2024
23-07-2024 20:09:25.001Z;functions.data_filter;  INSERE - DATA DA PROX TERCA-FEIRA: 06-08-2024
23-07-2024 20:09:26.204Z;functions.data_filter;  CLICK - BOTAO DE EXECUTAR O FILTRO
23-07-2024 20:09:31.209Z;functions.desmark_filter;  AGUARDANDO 1
23-07-2024 20:09:38.517Z;functions.desmark_filter;  CLICK CHECKBOX LANÇAMENTOS A RECEBER
23-07-2024 20:09:40.970Z;functions.desmark_filter;  CLICK CHECKBOX LANÇAMENTOS BAIXADOS
23-07-2024 20:09:43.672Z;functions.desmark_filter;  CLICK CHECKBOX LANÇAMENTOS CANCELADOS
23-07-2024 20:09:46.454Z;functions.desmark_filter;  CLICK CHECKBOX LANÇAMENTOS FATURADOS
23-07-2024 20:09:49.258Z;functions.desmark_filter;  CLICK CHECKBOX LANÇAMENTOS FATURADOS
23-07-2024 20:10:09.516Z;functions.waitForImage;  FILTER CLEAN image not found.
23-07-2024 20:10:24.829Z;functions.waitForImage;  FILTER CLEAN image not found.
23-07-2024 20:10:40.048Z;functions.waitForImage;  FILTER CLEAN image not found.
23-07-2024 20:10:40.048Z;functions.check_table_record;  VERIFICANDO SE A TABELA ESTÁ VAZIA
23-07-2024 20:10:43.423Z;functions.check_table_record;  Texto extraido 1/430
23-07-2024 20:10:43.423Z;functions.check_table_record;  Count 430
23-07-2024 20:10:43.423Z;functions.check_table_record;  Type <class 'int'>
23-07-2024 20:10:43.423Z;functions.check_table_record;  TABELA CONTÉM REGISTROS
23-07-2024 20:10:55.651Z;functions.select_tipo_documento;  NOME DA COLUNA: Tipo de Documento
23-07-2024 20:10:57.751Z;functions.select_tipo_documento;  HOVER NOME DA COLUNA: Tipo de Documento
23-07-2024 20:10:58.661Z;functions.select_tipo_documento;  CLICA NO FILTRO PERSONALIZAR
23-07-2024 20:11:00.485Z;functions.select_tipo_documento;  CLICA PARA SELECIONAR OPÇÕES DO FILTRO
23-07-2024 20:11:06.933Z;functions.select_tipo_documento;  FILTRO "NÃO É IGUAL A INV" DEFINIDO
23-07-2024 20:11:07.985Z;functions.select_tipo_documento;  CLICK BUTTON CONFIRMAR FILTRO
23-07-2024 20:11:12.989Z;functions.filter_IPTE;  VERIFICANDO O COD DO CLIENTE EM CADA REGISTRO
23-07-2024 20:11:14.860Z;functions.filter_IPTE;  CLICA NA PRIMEIRA LINHA DA TABELA
23-07-2024 20:11:39.110Z;functions.filter_IPTE;  HOVER FILTER
23-07-2024 20:11:41.026Z;functions.filter_IPTE;  CLICK FILTER
23-07-2024 20:11:45.358Z;functions.filter_IPTE;  CLICA NO FILTRO PERSONALIZAR
23-07-2024 20:11:51.751Z;functions.filter_IPTE;  TABELA CONTÉM REGISTROS
23-07-2024 20:11:54.519Z;functions.check_table_record;  VERIFICANDO SE A TABELA ESTÁ VAZIA
23-07-2024 20:11:57.750Z;functions.check_table_record;  Texto extraido 1/10
23-07-2024 20:11:57.750Z;functions.check_table_record;  Count 10
23-07-2024 20:11:57.750Z;functions.check_table_record;  Type <class 'int'>
23-07-2024 20:11:57.750Z;functions.check_table_record;  TABELA CONTÉM REGISTROS
23-07-2024 20:11:57.750Z;functions.check_payment_type;  VERIFICANDO O COD DO CLIENTE EM CADA REGISTRO
23-07-2024 20:11:59.516Z;functions.check_payment_type;  CLICA NA PRIMEIRA LINHA DA TABELA
23-07-2024 20:12:03.626Z;functions.check_payment_type;  REF. LANÇAMENTO: 981418
23-07-2024 20:12:03.626Z;functions.check_payment_type;  CONTAGEM: 1
23-07-2024 20:12:03.731Z;functions.check_payment_type;  ENTRANDO NO REGISTRO
23-07-2024 20:12:29.262Z;functions.waitForImage;  INTEGRAÇÃO BANCÁRIA image found.
23-07-2024 20:12:31.369Z;functions.check_payment_type;  CLICA EM INTEGRAÇÃO BANCÁRIA
23-07-2024 20:12:31.369Z;functions.check_payment_type;  VERIFICANDO INFORMAÇÕES
23-07-2024 20:12:34.547Z;functions.waitForImage;  DADOS BANCARIOS image found.
23-07-2024 20:12:34.680Z;functions.check_payment_type;  DADOS BANCARIOS
23-07-2024 20:12:44.681Z;functions.check_payment_type;  ENTROU DADOS BANCÁRIOS
23-07-2024 20:12:44.784Z;functions.check_payment_type;  APERTA TAB
23-07-2024 20:12:46.917Z;functions.check_payment_type;  ESCREVE BOLETO
23-07-2024 20:12:47.110Z;functions.waitForImage;  PRESS BUTTON OK image found.
23-07-2024 20:12:49.243Z;functions.click_ok;  PRESS BUTTON OK
23-07-2024 20:12:53.422Z;functions.waitForImage;  PRESS BUTTON OK image found.
23-07-2024 20:12:55.557Z;functions.click_ok;  PRESS BUTTON OK
23-07-2024 20:12:57.661Z;functions.check_payment_type;  INCLUIDOS: 981418 REFERENCIAS NO PROCESSAMENTO
23-07-2024 20:12:59.764Z;functions.check_payment_type;  PASSANDO PARA PRÓXIMO REGISTRO
23-07-2024 20:13:05.869Z;functions.check_payment_type;  REF. LANÇAMENTO: 975864
23-07-2024 20:13:05.869Z;functions.check_payment_type;  CONTAGEM: 2
23-07-2024 20:13:05.975Z;functions.check_payment_type;  ENTRANDO NO REGISTRO
23-07-2024 20:13:13.745Z;functions.waitForImage;  INTEGRAÇÃO BANCÁRIA image found.
23-07-2024 20:13:15.867Z;functions.check_payment_type;  CLICA EM INTEGRAÇÃO BANCÁRIA
23-07-2024 20:13:15.867Z;functions.check_payment_type;  VERIFICANDO INFORMAÇÕES
23-07-2024 20:13:19.047Z;functions.waitForImage;  DADOS BANCARIOS image found.
23-07-2024 20:13:19.182Z;functions.check_payment_type;  DADOS BANCARIOS
23-07-2024 20:13:29.184Z;functions.check_payment_type;  ENTROU DADOS BANCÁRIOS
23-07-2024 20:13:29.286Z;functions.check_payment_type;  APERTA TAB
23-07-2024 20:13:31.418Z;functions.check_payment_type;  ESCREVE BOLETO
23-07-2024 20:13:31.619Z;functions.waitForImage;  PRESS BUTTON OK image found.
23-07-2024 20:13:33.745Z;functions.click_ok;  PRESS BUTTON OK
23-07-2024 20:13:37.922Z;functions.waitForImage;  PRESS BUTTON OK image found.
23-07-2024 20:13:40.055Z;functions.click_ok;  PRESS BUTTON OK
23-07-2024 20:13:42.159Z;functions.check_payment_type;  INCLUIDOS: 975864 REFERENCIAS NO PROCESSAMENTO
23-07-2024 20:13:44.262Z;functions.check_payment_type;  PASSANDO PARA PRÓXIMO REGISTRO
23-07-2024 20:13:50.367Z;functions.check_payment_type;  REF. LANÇAMENTO: 963534
23-07-2024 20:13:50.367Z;functions.check_payment_type;  CONTAGEM: 3
23-07-2024 20:13:50.473Z;functions.check_payment_type;  ENTRANDO NO REGISTRO
23-07-2024 20:13:58.281Z;functions.waitForImage;  INTEGRAÇÃO BANCÁRIA image found.
23-07-2024 20:14:00.399Z;functions.check_payment_type;  CLICA EM INTEGRAÇÃO BANCÁRIA
23-07-2024 20:14:00.399Z;functions.check_payment_type;  VERIFICANDO INFORMAÇÕES
23-07-2024 20:14:03.578Z;functions.waitForImage;  DADOS BANCARIOS image found.
23-07-2024 20:14:03.713Z;functions.check_payment_type;  DADOS BANCARIOS
23-07-2024 20:14:13.714Z;functions.check_payment_type;  ENTROU DADOS BANCÁRIOS
23-07-2024 20:14:13.817Z;functions.check_payment_type;  APERTA TAB
23-07-2024 20:14:15.950Z;functions.check_payment_type;  ESCREVE BOLETO
23-07-2024 20:14:16.141Z;functions.waitForImage;  PRESS BUTTON OK image found.
23-07-2024 20:14:18.274Z;functions.click_ok;  PRESS BUTTON OK
23-07-2024 20:14:22.484Z;functions.waitForImage;  PRESS BUTTON OK image found.
23-07-2024 20:14:24.620Z;functions.click_ok;  PRESS BUTTON OK
23-07-2024 20:14:26.724Z;functions.check_payment_type;  INCLUIDOS: 963534 REFERENCIAS NO PROCESSAMENTO
23-07-2024 20:14:28.828Z;functions.check_payment_type;  PASSANDO PARA PRÓXIMO REGISTRO
23-07-2024 20:14:34.932Z;functions.check_payment_type;  REF. LANÇAMENTO: 983497
23-07-2024 20:14:34.932Z;functions.check_payment_type;  CONTAGEM: 4
23-07-2024 20:14:35.037Z;functions.check_payment_type;  ENTRANDO NO REGISTRO
23-07-2024 20:14:42.750Z;functions.waitForImage;  INTEGRAÇÃO BANCÁRIA image found.
23-07-2024 20:14:44.899Z;functions.check_payment_type;  CLICA EM INTEGRAÇÃO BANCÁRIA
23-07-2024 20:14:44.899Z;functions.check_payment_type;  VERIFICANDO INFORMAÇÕES
23-07-2024 20:14:48.078Z;functions.waitForImage;  DADOS BANCARIOS image found.
23-07-2024 20:14:48.212Z;functions.check_payment_type;  DADOS BANCARIOS
23-07-2024 20:14:58.213Z;functions.check_payment_type;  ENTROU DADOS BANCÁRIOS
23-07-2024 20:14:58.316Z;functions.check_payment_type;  APERTA TAB
23-07-2024 20:15:00.447Z;functions.check_payment_type;  ESCREVE BOLETO
23-07-2024 20:15:00.610Z;functions.waitForImage;  PRESS BUTTON OK image found.
23-07-2024 20:15:02.745Z;functions.click_ok;  PRESS BUTTON OK
23-07-2024 20:15:06.922Z;functions.waitForImage;  PRESS BUTTON OK image found.
23-07-2024 20:15:09.057Z;functions.click_ok;  PRESS BUTTON OK
23-07-2024 20:15:11.161Z;functions.check_payment_type;  INCLUIDOS: 983497 REFERENCIAS NO PROCESSAMENTO
23-07-2024 20:15:13.264Z;functions.check_payment_type;  PASSANDO PARA PRÓXIMO REGISTRO
23-07-2024 20:15:19.370Z;functions.check_payment_type;  REF. LANÇAMENTO: 983479
23-07-2024 20:15:19.370Z;functions.check_payment_type;  CONTAGEM: 5
23-07-2024 20:15:19.475Z;functions.check_payment_type;  ENTRANDO NO REGISTRO
23-07-2024 20:15:27.266Z;functions.waitForImage;  INTEGRAÇÃO BANCÁRIA image found.
23-07-2024 20:15:29.399Z;functions.check_payment_type;  CLICA EM INTEGRAÇÃO BANCÁRIA
23-07-2024 20:15:29.399Z;functions.check_payment_type;  VERIFICANDO INFORMAÇÕES
23-07-2024 20:15:32.578Z;functions.waitForImage;  DADOS BANCARIOS image found.
23-07-2024 20:15:32.714Z;functions.check_payment_type;  DADOS BANCARIOS
23-07-2024 20:15:42.715Z;functions.check_payment_type;  ENTROU DADOS BANCÁRIOS
23-07-2024 20:15:42.817Z;functions.check_payment_type;  APERTA TAB
23-07-2024 20:15:44.950Z;functions.check_payment_type;  ESCREVE BOLETO
23-07-2024 20:15:45.140Z;functions.waitForImage;  PRESS BUTTON OK image found.
23-07-2024 20:15:47.274Z;functions.click_ok;  PRESS BUTTON OK
23-07-2024 20:15:51.473Z;functions.waitForImage;  PRESS BUTTON OK image found.
23-07-2024 20:15:53.588Z;functions.click_ok;  PRESS BUTTON OK
23-07-2024 20:15:55.692Z;functions.check_payment_type;  INCLUIDOS: 983479 REFERENCIAS NO PROCESSAMENTO
23-07-2024 20:15:57.795Z;functions.check_payment_type;  PASSANDO PARA PRÓXIMO REGISTRO
23-07-2024 20:16:03.901Z;functions.check_payment_type;  REF. LANÇAMENTO: 983331
23-07-2024 20:16:03.901Z;functions.check_payment_type;  CONTAGEM: 6
23-07-2024 20:16:04.006Z;functions.check_payment_type;  ENTRANDO NO REGISTRO
23-07-2024 20:16:11.000Z;functions.waitForImage;  INTEGRAÇÃO BANCÁRIA image found.
23-07-2024 20:16:13.117Z;functions.check_payment_type;  CLICA EM INTEGRAÇÃO BANCÁRIA
23-07-2024 20:16:13.117Z;functions.check_payment_type;  VERIFICANDO INFORMAÇÕES
23-07-2024 20:16:16.297Z;functions.waitForImage;  DADOS BANCARIOS image found.
23-07-2024 20:16:16.433Z;functions.check_payment_type;  DADOS BANCARIOS
23-07-2024 20:16:26.434Z;functions.check_payment_type;  ENTROU DADOS BANCÁRIOS
23-07-2024 20:16:26.537Z;functions.check_payment_type;  APERTA TAB
23-07-2024 20:16:28.670Z;functions.check_payment_type;  ESCREVE BOLETO
23-07-2024 20:16:28.859Z;functions.waitForImage;  PRESS BUTTON OK image found.
23-07-2024 20:16:30.992Z;functions.click_ok;  PRESS BUTTON OK
23-07-2024 20:16:35.172Z;functions.waitForImage;  PRESS BUTTON OK image found.
23-07-2024 20:16:37.307Z;functions.click_ok;  PRESS BUTTON OK
23-07-2024 20:16:39.411Z;functions.check_payment_type;  INCLUIDOS: 983331 REFERENCIAS NO PROCESSAMENTO
23-07-2024 20:16:41.514Z;functions.check_payment_type;  PASSANDO PARA PRÓXIMO REGISTRO
23-07-2024 20:16:47.620Z;functions.check_payment_type;  REF. LANÇAMENTO: 983335
23-07-2024 20:16:47.620Z;functions.check_payment_type;  CONTAGEM: 7
23-07-2024 20:16:47.726Z;functions.check_payment_type;  ENTRANDO NO REGISTRO
23-07-2024 20:16:54.055Z;functions.waitForImage;  INTEGRAÇÃO BANCÁRIA image found.
23-07-2024 20:16:56.182Z;functions.check_payment_type;  CLICA EM INTEGRAÇÃO BANCÁRIA
23-07-2024 20:16:56.182Z;functions.check_payment_type;  VERIFICANDO INFORMAÇÕES
23-07-2024 20:16:59.359Z;functions.waitForImage;  DADOS BANCARIOS image found.
23-07-2024 20:16:59.493Z;functions.check_payment_type;  DADOS BANCARIOS
23-07-2024 20:17:09.494Z;functions.check_payment_type;  ENTROU DADOS BANCÁRIOS
23-07-2024 20:17:09.598Z;functions.check_payment_type;  APERTA TAB
23-07-2024 20:17:11.735Z;functions.check_payment_type;  ESCREVE BOLETO
23-07-2024 20:17:11.922Z;functions.waitForImage;  PRESS BUTTON OK image found.
23-07-2024 20:17:14.057Z;functions.click_ok;  PRESS BUTTON OK
23-07-2024 20:17:18.235Z;functions.waitForImage;  PRESS BUTTON OK image found.
23-07-2024 20:17:20.369Z;functions.click_ok;  PRESS BUTTON OK
23-07-2024 20:17:22.475Z;functions.check_payment_type;  INCLUIDOS: 983335 REFERENCIAS NO PROCESSAMENTO
23-07-2024 20:17:24.578Z;functions.check_payment_type;  PASSANDO PARA PRÓXIMO REGISTRO
23-07-2024 20:17:30.684Z;functions.check_payment_type;  REF. LANÇAMENTO: 983345
23-07-2024 20:17:30.684Z;functions.check_payment_type;  CONTAGEM: 8
23-07-2024 20:17:30.790Z;functions.check_payment_type;  ENTRANDO NO REGISTRO
23-07-2024 20:17:38.562Z;functions.waitForImage;  INTEGRAÇÃO BANCÁRIA image found.
23-07-2024 20:17:40.682Z;functions.check_payment_type;  CLICA EM INTEGRAÇÃO BANCÁRIA
23-07-2024 20:17:40.682Z;functions.check_payment_type;  VERIFICANDO INFORMAÇÕES
23-07-2024 20:17:43.859Z;functions.waitForImage;  DADOS BANCARIOS image found.
23-07-2024 20:17:43.992Z;functions.check_payment_type;  DADOS BANCARIOS
23-07-2024 20:17:53.993Z;functions.check_payment_type;  ENTROU DADOS BANCÁRIOS
23-07-2024 20:17:54.096Z;functions.check_payment_type;  APERTA TAB
23-07-2024 20:17:56.229Z;functions.check_payment_type;  ESCREVE BOLETO
23-07-2024 20:17:56.423Z;functions.waitForImage;  PRESS BUTTON OK image found.
23-07-2024 20:17:58.555Z;functions.click_ok;  PRESS BUTTON OK
23-07-2024 20:18:02.735Z;functions.waitForImage;  PRESS BUTTON OK image found.
23-07-2024 20:18:04.867Z;functions.click_ok;  PRESS BUTTON OK
23-07-2024 20:18:06.972Z;functions.check_payment_type;  INCLUIDOS: 983345 REFERENCIAS NO PROCESSAMENTO
23-07-2024 20:18:09.075Z;functions.check_payment_type;  PASSANDO PARA PRÓXIMO REGISTRO
23-07-2024 20:18:15.181Z;functions.check_payment_type;  REF. LANÇAMENTO: 982726
23-07-2024 20:18:15.181Z;functions.check_payment_type;  CONTAGEM: 9
23-07-2024 20:18:15.286Z;functions.check_payment_type;  ENTRANDO NO REGISTRO
23-07-2024 20:18:23.047Z;functions.waitForImage;  INTEGRAÇÃO BANCÁRIA image found.
23-07-2024 20:18:25.182Z;functions.check_payment_type;  CLICA EM INTEGRAÇÃO BANCÁRIA
23-07-2024 20:18:25.182Z;functions.check_payment_type;  VERIFICANDO INFORMAÇÕES
23-07-2024 20:18:28.343Z;functions.waitForImage;  DADOS BANCARIOS image found.
23-07-2024 20:18:28.461Z;functions.check_payment_type;  DADOS BANCARIOS
23-07-2024 20:18:38.462Z;functions.check_payment_type;  ENTROU DADOS BANCÁRIOS
23-07-2024 20:18:38.565Z;functions.check_payment_type;  APERTA TAB
23-07-2024 20:18:40.705Z;functions.check_payment_type;  ESCREVE BOLETO
23-07-2024 20:18:40.890Z;functions.waitForImage;  PRESS BUTTON OK image found.
23-07-2024 20:18:43.023Z;functions.click_ok;  PRESS BUTTON OK
23-07-2024 20:18:47.203Z;functions.waitForImage;  PRESS BUTTON OK image found.
23-07-2024 20:18:49.337Z;functions.click_ok;  PRESS BUTTON OK
23-07-2024 20:18:51.441Z;functions.check_payment_type;  INCLUIDOS: 982726 REFERENCIAS NO PROCESSAMENTO
23-07-2024 20:18:53.544Z;functions.check_payment_type;  PASSANDO PARA PRÓXIMO REGISTRO
23-07-2024 20:18:59.650Z;functions.check_payment_type;  REF. LANÇAMENTO: 977894
23-07-2024 20:18:59.650Z;functions.check_payment_type;  CONTAGEM: 10
23-07-2024 20:18:59.755Z;functions.check_payment_type;  ENTRANDO NO REGISTRO
23-07-2024 20:19:06.719Z;functions.waitForImage;  INTEGRAÇÃO BANCÁRIA image found.
23-07-2024 20:19:08.840Z;functions.check_payment_type;  CLICA EM INTEGRAÇÃO BANCÁRIA
23-07-2024 20:19:08.840Z;functions.check_payment_type;  VERIFICANDO INFORMAÇÕES
23-07-2024 20:19:12.015Z;functions.waitForImage;  DADOS BANCARIOS image found.
23-07-2024 20:19:12.150Z;functions.check_payment_type;  DADOS BANCARIOS
23-07-2024 20:19:22.151Z;functions.check_payment_type;  ENTROU DADOS BANCÁRIOS
23-07-2024 20:19:22.254Z;functions.check_payment_type;  APERTA TAB
23-07-2024 20:19:24.387Z;functions.check_payment_type;  ESCREVE BOLETO
23-07-2024 20:19:24.578Z;functions.waitForImage;  PRESS BUTTON OK image found.
23-07-2024 20:19:26.714Z;functions.click_ok;  PRESS BUTTON OK
23-07-2024 20:19:30.890Z;functions.waitForImage;  PRESS BUTTON OK image found.
23-07-2024 20:19:33.023Z;functions.click_ok;  PRESS BUTTON OK
23-07-2024 20:19:35.127Z;functions.check_payment_type;  INCLUIDOS: 977894 REFERENCIAS NO PROCESSAMENTO
23-07-2024 20:19:35.127Z;functions.check_payment_type;  FORAM INCLUIDOS: 10 REFERENCIAS NO PROCESSAMENTO
23-07-2024 20:19:41.265Z;functions.process_lancamentos;  CLICA PARA APARECER CONTA/CAIXA
23-07-2024 20:19:42.765Z;functions.process_lancamentos;  SELECIONA CONTA/CAIXA
23-07-2024 20:19:44.421Z;functions.process_lancamentos;  CLICA NO BOTÃO [...]
23-07-2024 20:19:49.536Z;functions.process_lancamentos;  CLICA NO CAMPO PESQUISA E DIGITA: %3212
23-07-2024 20:19:50.921Z;functions.process_lancamentos;  CLICA NO BOTÃO DO FILTRO
23-07-2024 20:19:52.359Z;functions.process_lancamentos;  CLICA NO BOTÃO OK
23-07-2024 20:19:53.734Z;functions.process_lancamentos;  CLICA NO BOTÃO EXECUTAR
23-07-2024 20:20:23.890Z;functions.waitForImage;  PRESS BUTTON OK image not found.
23-07-2024 20:20:23.890Z;functions.process_lancamentos;  LANÇAMENTO COM ERRO
23-07-2024 20:20:31.792Z;functions.process_lancamentos;  ERRO: Lançamento Ref. 963534: Convênio alterado para o convênio default '7' da conta Caixa '02675-5' .
Lançamento Ref. 975864: Convênio alterado para o convênio default '7' da conta Caixa '02675-5' .
Lançamento Ref. 977894: Convênio alterado para o convênio default '7' da conta Caixa '02675-5' .
Lançamento Ref. 981418: Convênio alterado para o convênio default '7' da conta Caixa '02675-5' .
Lançamento Ref. 982726: Convênio alterado para o convênio default '7' da conta Caixa '02675-5' .
Lançamento Ref. 983331: Convênio alterado para o convênio default '7' da conta Caixa '02675-5' .
Lançamento Ref. 983335: Convênio alterado para o convênio default '7' da conta Caixa '02675-5' .
Lançamento Ref. 983345: Convênio alterado para o convênio default '7' da conta Caixa '02675-5' .
Lançamento Ref. 983479: Convênio alterado para o convênio default '7' da conta Caixa '02675-5' .
Lançamento Ref. 983497: Convênio alterado para o convênio default '7' da conta Caixa '02675-5' .
Não foi possível alterar o lançamento 1-963534:
O cliente/fornecedor "013755" está inativo.

   at RM.Fin.CliFor.FinCFOMod.ValidaCliFor(IFinCFOValidacaoPar cliFor)
   at RM.Fin.Lan.Manutencao.FinLanManutencaoValidacaoObj.ConsisteCliFor(FinLanCxt lanCxt, FinLanValidateEnum autorizaLan, Boolean validaDadosCliFor, DateTime dataSistema)
   at RM.Fin.Lan.Manutencao.FinLanManutencaoValidacaoObj.ConsisteCamposDefaultPreenchimento(FinLanCxt context)
   at RM.Fin.Lan.Manutencao.FinLanMasterSbc`1.DoValidateContext(TContext context)
   at RM.Fin.Lan.Alteracao.FinLanMasterSbc`1.DoValidateContext(TContext context)
   at RM.Lib.Subscriber.RMSSubscriberSimple`1.ValidateContext(TContext context)
   at RM.Lib.Subscriber.RMSSubscriberController`2.DoPrepareSubscriber(List`1 contextList, Boolean initializeSubscriber)
   at RM.Lib.Subscriber.RMSSubscriberController`2.ExecuteOneLog(List`1 listParam, Int32 lenPackageCxt, Object ownerData)
*********************************************






23-07-2024 20:20:31.792Z;functions.process_lancamentos;  CORRESPONDENCIA ['963534']
23-07-2024 20:20:31.792Z;functions.process_lancamentos;  NUMERO DE REFERENCIAS QUE SERÃO TIRADOS DA REMESSA ['963534']
23-07-2024 20:20:32.859Z;functions.process_lancamentos;  CLICK EM FECHAR.
23-07-2024 20:20:43.140Z;functions.remove_send;  AGUARDANDO 1
23-07-2024 20:20:44.906Z;functions.remove_send;  CLICK CHECKBOX LANÇAMENTOS A RECEBER
23-07-2024 20:20:57.733Z;functions.remove_send;  CLICA NA PRIMEIRA LINHA DA TABELA
23-07-2024 20:21:04.842Z;functions.remove_send;  ref_num_atual: 981418
23-07-2024 20:21:04.842Z;functions.remove_send;  num_de_ref: ['963534']
23-07-2024 20:21:19.052Z;functions.remove_send;  ref_num_atual: 975864
23-07-2024 20:21:19.052Z;functions.remove_send;  num_de_ref: ['963534']
23-07-2024 20:21:33.263Z;functions.remove_send;  ref_num_atual: 983497
23-07-2024 20:21:33.263Z;functions.remove_send;  num_de_ref: ['963534']
23-07-2024 20:21:47.474Z;functions.remove_send;  ref_num_atual: 963534
23-07-2024 20:21:47.474Z;functions.remove_send;  num_de_ref: ['963534']
23-07-2024 20:21:51.580Z;functions.remove_send;  Retirando a referencia: 963534
23-07-2024 20:21:51.580Z;functions.remove_send;  SAINDO DO REMOVE_SEND E LIMPANDO O VETOR num_de_ref
23-07-2024 20:21:57.015Z;functions.process_lancamentos;  CLICA PARA APARECER CONTA/CAIXA
23-07-2024 20:21:58.546Z;functions.process_lancamentos;  SELECIONA CONTA/CAIXA
23-07-2024 20:22:00.234Z;functions.process_lancamentos;  CLICA NO BOTÃO [...]
23-07-2024 20:22:05.352Z;functions.process_lancamentos;  CLICA NO CAMPO PESQUISA E DIGITA: %3212
23-07-2024 20:22:06.765Z;functions.process_lancamentos;  CLICA NO BOTÃO DO FILTRO
23-07-2024 20:22:08.171Z;functions.process_lancamentos;  CLICA NO BOTÃO OK
23-07-2024 20:22:09.515Z;functions.process_lancamentos;  CLICA NO BOTÃO EXECUTAR
23-07-2024 20:22:24.514Z;functions.waitForImage;  PRESS BUTTON OK image found.
23-07-2024 20:22:26.520Z;functions.process_lancamentos;  O PROCESSAMENTO FOI EXECUTADO COM SUCESSO.
23-07-2024 20:22:34.417Z;functions.process_lancamentos;  ERRO: Lançamento Ref. 975864: Convênio alterado para o convênio default '7' da conta Caixa '02675-5' .
Lançamento Ref. 977894: Convênio alterado para o convênio default '7' da conta Caixa '02675-5' .
Lançamento Ref. 981418: Convênio alterado para o convênio default '7' da conta Caixa '02675-5' .
Lançamento Ref. 982726: Convênio alterado para o convênio default '7' da conta Caixa '02675-5' .
Lançamento Ref. 983331: Convênio alterado para o convênio default '7' da conta Caixa '02675-5' .
Lançamento Ref. 983335: Convênio alterado para o convênio default '7' da conta Caixa '02675-5' .
Lançamento Ref. 983345: Convênio alterado para o convênio default '7' da conta Caixa '02675-5' .
Lançamento Ref. 983479: Convênio alterado para o convênio default '7' da conta Caixa '02675-5' .
Lançamento Ref. 983497: Convênio alterado para o convênio default '7' da conta Caixa '02675-5' .
Alteração Global de Lançamentos executada com sucesso

23-07-2024 20:22:35.499Z;functions.process_lancamentos;  CLICK EM FECHAR.
23-07-2024 20:23:02.390Z;functions.proccess_bordero;  ctrl+p
23-07-2024 20:23:04.493Z;functions.proccess_bordero;  down
23-07-2024 20:23:06.596Z;functions.proccess_bordero;  down
23-07-2024 20:23:08.699Z;functions.proccess_bordero;  right
23-07-2024 20:23:10.802Z;functions.proccess_bordero;  enter
23-07-2024 20:23:12.803Z;functions.proccess_bordero;  SELECIONAR INCLUSÃO DE BORDERO
23-07-2024 20:23:32.952Z;functions.waitForImage;  PRESS BUTON SIM image not found.
23-07-2024 20:24:46.705Z;functions.proccess_bordero;  CLICA EM CONVÊNIO TRÊS PONTINHOS
23-07-2024 20:24:49.264Z;functions.proccess_bordero;  CLICA EM COMBOBOX PARA SELECIONAR O ID DO CONVÊNIO
23-07-2024 20:24:50.983Z;functions.proccess_bordero;  CLICA EM ID DO CONVÊNIO
23-07-2024 20:24:53.090Z;functions.proccess_bordero;  APERTA TAB PARA ESCREVER O ID
23-07-2024 20:24:55.193Z;functions.proccess_bordero;  ESCREVE O ID 7
23-07-2024 20:24:57.297Z;functions.proccess_bordero;  APERTA ENTER PARA SELECIONAR O ID 7 - SISPAG FORNECEDOR
23-07-2024 20:24:59.400Z;functions.proccess_bordero;  APERTA ENTER PARA ESCOLHER O ID 7 - SISPAG FORNECEDOR
23-07-2024 20:25:02.577Z;functions.proccess_bordero;  CLICA EM EXECUTAR NA INCLUSÃO DO BORDÊRO
23-07-2024 20:25:19.905Z;functions.waitForImage;  PRESS BUTTON OK image not found.
23-07-2024 20:25:25.762Z;functions.proccess_bordero;  ERRO: A data da baixa encontra-se fora do período para baixa.
Data Inicial: 01/01/2012
Data Final:   31/12/2024



23-07-2024 20:25:26.826Z;functions.proccess_bordero;  CLICK EM FECHAR.
23-07-2024 20:25:29.092Z;errorhandler.__handle;  Property: Unknown Property name. [1:203: -ms-interpolation-mode]
23-07-2024 20:25:29.124Z;errorhandler.__handle;  Property: Unknown Property name. [1:353: -webkit-font-smoothing]
23-07-2024 20:25:29.139Z;errorhandler.__handle;  Property: Unknown Property name. [1:483: -ms-text-size-adjust]
23-07-2024 20:25:29.139Z;errorhandler.__handle;  Property: Unknown Property name. [1:518: -webkit-text-size-adjust]
23-07-2024 20:25:29.139Z;errorhandler.__handle;  Property: Unknown Property name. [1:612: mso-table-lspace]
23-07-2024 20:25:29.139Z;errorhandler.__handle;  Property: Unknown Property name. [1:642: mso-table-rspace]
23-07-2024 20:25:29.374Z;errorhandler.__handle;  Property: Unknown Property name. [1:4734: mso-hide]
23-07-2024 20:25:29.483Z;errorhandler.__handle;  Property: Unknown Property name. [1:13: -ms-interpolation-mode]
23-07-2024 20:25:29.499Z;errorhandler.__handle;  Property: Unknown Property name. [1:49: -webkit-font-smoothing]
23-07-2024 20:25:29.499Z;errorhandler.__handle;  Property: Unknown Property name. [1:134: -ms-text-size-adjust]
23-07-2024 20:25:29.499Z;errorhandler.__handle;  Property: Unknown Property name. [1:160: -webkit-text-size-adjust]
23-07-2024 20:25:29.499Z;errorhandler.__handle;  Property: Unknown Property name. [1:26: mso-table-lspace]
23-07-2024 20:25:29.499Z;errorhandler.__handle;  Property: Unknown Property name. [1:45: mso-table-rspace]
23-07-2024 20:25:29.546Z;errorhandler.__handle;  Property: Unknown Property name. [1:92: mso-hide]
23-07-2024 20:25:29.546Z;errorhandler.__handle;  Property: No ":" after name found: align-center [1:1: align-center]
23-07-2024 20:25:29.561Z;errorhandler.__handle;  Property: No property value found: align-center [1:1: align-center]
23-07-2024 20:25:29.561Z;errorhandler.__handle;  CSSStyleDeclaration: Syntax Error in Property: align-center
23-07-2024 20:25:29.561Z;errorhandler.__handle;  Property: Unknown Property name. [1:14: -ms-interpolation-mode]
23-07-2024 20:25:32.421Z;functions.emailErro;  Warning e-mail sent.
23-07-2024 20:25:32.421Z;functions.proccess_bordero;  CORRESPONDENCIA []
23-07-2024 20:25:34.451Z;errorhandler.__handle;  Property: Unknown Property name. [1:14: -ms-interpolation-mode]
23-07-2024 20:25:37.327Z;functions.emailErro;  Warning e-mail sent.
23-07-2024 20:25:37.327Z;functions.process_lancamentos;  PASSAR PARA MOVIMENTAÇÃO BANCÁRIA
23-07-2024 20:25:37.327Z;functions.movimentacao_bancaria;  AGUARDANDO 1
23-07-2024 20:25:38.639Z;functions.movimentacao_bancaria;  CLICA NA ABA MOVIMENTAÇÃO BANCARIA
23-07-2024 20:25:38.842Z;functions.waitForImage;  IMAGEM BORDERO image found.
23-07-2024 20:25:40.953Z;functions.movimentacao_bancaria;  IMAGEM BORDERO CLICADA.
23-07-2024 20:25:51.536Z;functions.waitForImage;  LICENCAS EXCEDIDAS image not found.
23-07-2024 20:25:52.327Z;functions.movimentacao_bancaria;  ENCONTROU O FILTRO DA MOVIMENTAÇÃO BANCÁRIA
23-07-2024 20:25:52.389Z;functions.movimentacao_bancaria;  CLICA NA ABA SUPERIOR DO FILTRO
23-07-2024 20:25:59.701Z;functions.movimentacao_bancaria;  SELECIONA O FILTRO HOJE
23-07-2024 20:26:04.905Z;functions.waitForImage;  FILTER CLEAN image found.
23-07-2024 20:26:07.022Z;functions.filter_clean;  CLICA NO BOTÃO X DO LIMPA FILTRO
23-07-2024 20:26:22.358Z;functions.waitForImage;  FILTER CLEAN image not found.
23-07-2024 20:26:37.576Z;functions.waitForImage;  FILTER CLEAN image not found.
23-07-2024 20:26:39.451Z;functions.movimentacao_bancaria;  CLICA NA PRIMEIRA LINHA DA TABELA MOVIMENTAÇÃO BANCÁRIA
23-07-2024 20:26:41.440Z;functions.movimentacao_bancaria;  CLICA NA PRIMEIRA LINHA DA TABELA MOVIMENTAÇÃO BANCÁRIA
23-07-2024 20:26:42.666Z;functions.movimentacao_bancaria;  12 PASSOS PARA DIREITA NA TABELA >>
23-07-2024 20:26:45.076Z;functions.movimentacao_bancaria;  HOVER FILTER
23-07-2024 20:26:45.689Z;functions.movimentacao_bancaria;  CLICK FILTER
23-07-2024 20:26:50.024Z;functions.movimentacao_bancaria;  CLICA NO FILTRO  STATUS DA REMESSA
23-07-2024 20:26:52.126Z;functions.movimentacao_bancaria;  APERTA TAB PARA ESCREVER O FILTRO
23-07-2024 20:26:54.243Z;functions.movimentacao_bancaria;  ESCREVE PENDENTE NO FILTRO
23-07-2024 20:26:56.346Z;functions.movimentacao_bancaria;  APERTA ENTER PARA SELECIONAR OS PENDENTES
23-07-2024 20:27:17.342Z;functions.movimentacao_bancaria;  SEM PROCESSAMENTO DE BORDERO PENDENTE
23-07-2024 20:27:27.529Z;functions.waitForImage;  FILTER CLEAN image found.
23-07-2024 20:27:29.649Z;functions.filter_clean;  CLICA NO BOTÃO X DO LIMPA FILTRO
23-07-2024 20:27:44.951Z;functions.waitForImage;  FILTER CLEAN image not found.
23-07-2024 20:28:00.232Z;functions.waitForImage;  FILTER CLEAN image not found.
23-07-2024 20:28:02.201Z;functions.processo_pagamento;  CLICA NA PRIMEIRA LINHA DA TABELA MOVIMENTAÇÃO BANCÁRIA
23-07-2024 20:28:04.514Z;functions.processo_pagamento;  HOVER FILTER
23-07-2024 20:28:05.101Z;functions.processo_pagamento;  CLICK FILTER
23-07-2024 20:28:09.437Z;functions.processo_pagamento;  CLICA NO FILTRO  STATUS DA REMESSA
23-07-2024 20:28:11.539Z;functions.processo_pagamento;  APERTA TAB PARA ESCREVER O FILTRO
23-07-2024 20:28:13.658Z;functions.processo_pagamento;  ESCREVE AUTORIZADO NO FILTRO
23-07-2024 20:28:15.761Z;functions.processo_pagamento;  APERTA ENTER PARA SELECIONAR OS AUTORIZADOS
23-07-2024 20:28:23.003Z;functions.processo_pagamento;  6 PASSOS PARA ESQUERDA NA TABELA <<
23-07-2024 20:28:24.024Z;functions.processo_pagamento;  10 PASSOS PARA cima NA TABELA <<
23-07-2024 20:28:26.547Z;functions.check_user_bot;  Texto extraido 1/1
23-07-2024 20:28:26.547Z;functions.check_user_bot;  Count 1
23-07-2024 20:28:26.547Z;functions.check_user_bot;  Type <class 'int'>
23-07-2024 20:28:28.653Z;functions.check_user_bot;  CHECK USER BOT 1
23-07-2024 20:28:30.654Z;functions.check_user_bot;  dclick
23-07-2024 20:28:33.369Z;functions.check_user_bot;  7 PASSOS PARA DIREITA NA TABELA >>
23-07-2024 20:28:37.474Z;functions.check_user_bot;  341 / 3212 / 02675 - FERIAS/RESCISAO
23-07-2024 20:28:37.474Z;functions.check_user_bot;  Nome SISPAG não encontrado na string.
23-07-2024 20:28:38.189Z;functions.check_user_bot;  7 PASSOS PARA ESQUERDA NA TABELA <<
23-07-2024 20:28:38.291Z;functions.check_user_bot;  COUNT1: 0
23-07-2024 20:28:39.396Z;functions.processo_pagamento;  FECHA ABA MOVIMENTAÇÕES BANCÁRIAS
23-07-2024 20:28:40.764Z;functions.enter_contas_a_pagar;  CLICK - TOTVS - LINHA RM
23-07-2024 20:28:43.014Z;functions.enter_contas_a_pagar;  CLICK - BACK OFFICE
23-07-2024 20:28:44.076Z;functions.enter_contas_a_pagar;  CLICK - GESTAO FINANCEIRA
23-07-2024 20:28:50.232Z;functions.enter_contas_a_pagar;  CLICK - CONTAS A PAGAR
23-07-2024 20:28:51.108Z;functions.waitForImage;  LANÇAMENTOS image found.
23-07-2024 20:28:53.242Z;functions.enter_contas_a_pagar;  CLICA EM LANÇAMENTOS
23-07-2024 20:29:08.873Z;functions.waitForImage;  LICENCAS EXCEDIDAS image not found.
23-07-2024 20:29:08.873Z;functions.obter_intervalo_data;  VERIFICANDO A HORA ATUAL 20
23-07-2024 20:29:08.889Z;functions.obter_intervalo_data;  Data Inicial BANCARIA antes da remoção: None
23-07-2024 20:29:08.889Z;functions.obter_intervalo_data;  Data Final BANCARIA antes da remoção: None
23-07-2024 20:29:08.889Z;functions.obter_intervalo_data;  Data Inicial BANCARIA após a remoção: None
23-07-2024 20:29:08.889Z;functions.obter_intervalo_data;  Data Final BANCARIA após a remoção: None
23-07-2024 20:29:08.889Z;functions.obter_intervalo_data;  hoje -  2024-07-23 20:29:08.889169
23-07-2024 20:29:08.889Z;functions.data_filter;  DATA INICIO 31-07-2024
23-07-2024 20:29:08.904Z;functions.data_filter;  DATA FIM 06-08-2024
23-07-2024 20:29:08.904Z;functions.data_filter;  CLICK - SELECIONA A DATA DE QUARTA FEIRA E DA PROXIMA TERÇA
23-07-2024 20:29:08.904Z;functions.data_filter;  QUARTA-FEIRA: 31-07-2024
23-07-2024 20:29:08.904Z;functions.data_filter;  TERCA-FEIRA: 06-08-2024
23-07-2024 20:29:25.815Z;functions.data_filter;  REMESSA BANCÁRIA - FILTRO DIGITADO
23-07-2024 20:29:26.857Z;functions.data_filter;  CLICK - BOTAO DE SELECAO DE FILTRO
23-07-2024 20:29:31.873Z;functions.data_filter;  INSERE - DATA DE QUARTA-FEIRA: 31-07-2024
23-07-2024 20:29:36.433Z;functions.data_filter;  INSERE - DATA DA PROX TERCA-FEIRA: 06-08-2024
23-07-2024 20:29:37.670Z;functions.data_filter;  CLICK - BOTAO DE EXECUTAR O FILTRO
23-07-2024 20:29:42.674Z;functions.desmark_filter;  AGUARDANDO 1
23-07-2024 20:29:47.826Z;functions.desmark_filter;  CLICK CHECKBOX LANÇAMENTOS A RECEBER
23-07-2024 20:29:50.333Z;functions.desmark_filter;  CLICK CHECKBOX LANÇAMENTOS BAIXADOS
23-07-2024 20:29:52.998Z;functions.desmark_filter;  CLICK CHECKBOX LANÇAMENTOS CANCELADOS
23-07-2024 20:29:55.976Z;functions.desmark_filter;  CLICK CHECKBOX LANÇAMENTOS FATURADOS
23-07-2024 20:29:59.158Z;functions.desmark_filter;  CLICK CHECKBOX LANÇAMENTOS FATURADOS
23-07-2024 20:30:04.326Z;functions.waitForImage;  FILTER CLEAN image found.
23-07-2024 20:30:06.458Z;functions.filter_clean;  CLICA NO BOTÃO X DO LIMPA FILTRO
23-07-2024 20:30:21.763Z;functions.waitForImage;  FILTER CLEAN image not found.
23-07-2024 20:30:37.014Z;functions.waitForImage;  FILTER CLEAN image not found.
23-07-2024 20:30:38.435Z;functions.filter_forma_pagamento;  CLICA NA PRIMEIRA LINHA DA TABELA
23-07-2024 20:30:38.763Z;functions.filter_forma_pagamento;  CLICK NA PRIMEIRA LINHA E COLUNA DA TABELA
23-07-2024 20:30:55.097Z;functions.filter_forma_pagamento;  160 PASSOS PARA DIREITA NA TABELA >>
23-07-2024 20:31:01.627Z;functions.filter_forma_pagamento;  HOVER NOME DA COLUNA FORMA DE PAGAMENTO
23-07-2024 20:31:03.521Z;functions.filter_forma_pagamento;  CLICA PARA APARECER O FILTRO PERSONALIZAR
23-07-2024 20:31:06.856Z;functions.filter_forma_pagamento;  CLICA NO FILTRO PERSONALIZAR
23-07-2024 20:31:19.639Z;functions.filter_forma_pagamento;  Texto extraido 0/0
23-07-2024 20:31:19.639Z;functions.filter_forma_pagamento;  Count 0
23-07-2024 20:31:19.639Z;functions.filter_forma_pagamento;  Type <class 'int'>
23-07-2024 20:31:19.639Z;functions.filter_forma_pagamento;  SEM REGISTROS
23-07-2024 20:31:21.641Z;functions.check_table_record;  VERIFICANDO SE A TABELA ESTÁ VAZIA
23-07-2024 20:31:24.951Z;functions.check_table_record;  Texto extraido 0/0
23-07-2024 20:31:24.951Z;functions.check_table_record;  Count 0
23-07-2024 20:31:24.951Z;functions.check_table_record;  Type <class 'int'>
23-07-2024 20:31:24.951Z;functions.check_table_record;  SEM REGISTROS
23-07-2024 20:31:28.962Z;main.<module>;  SEM REMESSA DE TED CIP
23-07-2024 20:31:30.013Z;functions.enter_contas_a_pagar;  CLICK - TOTVS - LINHA RM
23-07-2024 20:31:32.263Z;functions.enter_contas_a_pagar;  CLICK - BACK OFFICE
23-07-2024 20:31:35.357Z;functions.enter_contas_a_pagar;  CLICK - GESTAO FINANCEIRA
23-07-2024 20:31:41.763Z;functions.enter_contas_a_pagar;  CLICK - CONTAS A PAGAR
23-07-2024 20:31:42.638Z;functions.waitForImage;  LANÇAMENTOS image found.
23-07-2024 20:31:44.771Z;functions.enter_contas_a_pagar;  CLICA EM LANÇAMENTOS
23-07-2024 20:32:00.404Z;functions.waitForImage;  LICENCAS EXCEDIDAS image not found.
23-07-2024 20:32:00.404Z;functions.obter_intervalo_data;  VERIFICANDO A HORA ATUAL 20
23-07-2024 20:32:00.404Z;functions.obter_intervalo_data;  Data Inicial BANCARIA antes da remoção: None
23-07-2024 20:32:00.404Z;functions.obter_intervalo_data;  Data Final BANCARIA antes da remoção: None
23-07-2024 20:32:00.420Z;functions.obter_intervalo_data;  Data Inicial BANCARIA após a remoção: None
23-07-2024 20:32:00.420Z;functions.obter_intervalo_data;  Data Final BANCARIA após a remoção: None
23-07-2024 20:32:00.420Z;functions.obter_intervalo_data;  hoje -  2024-07-23 20:32:00.420088
23-07-2024 20:32:00.420Z;functions.data_filter;  DATA INICIO 31-07-2024
23-07-2024 20:32:00.420Z;functions.data_filter;  DATA FIM 06-08-2024
23-07-2024 20:32:00.420Z;functions.data_filter;  CLICK - SELECIONA A DATA DE QUARTA FEIRA E DA PROXIMA TERÇA
23-07-2024 20:32:00.420Z;functions.data_filter;  QUARTA-FEIRA: 31-07-2024
23-07-2024 20:32:00.420Z;functions.data_filter;  TERCA-FEIRA: 06-08-2024
23-07-2024 20:32:17.367Z;functions.data_filter;  REMESSA BANCÁRIA - FILTRO DIGITADO
23-07-2024 20:32:18.420Z;functions.data_filter;  CLICK - BOTAO DE SELECAO DE FILTRO
23-07-2024 20:32:23.404Z;functions.data_filter;  INSERE - DATA DE QUARTA-FEIRA: 31-07-2024
23-07-2024 20:32:27.810Z;functions.data_filter;  INSERE - DATA DA PROX TERCA-FEIRA: 06-08-2024
23-07-2024 20:32:28.951Z;functions.data_filter;  CLICK - BOTAO DE EXECUTAR O FILTRO
23-07-2024 20:32:33.956Z;functions.desmark_filter;  AGUARDANDO 1
23-07-2024 20:32:39.575Z;functions.desmark_filter;  CLICK CHECKBOX LANÇAMENTOS A RECEBER
23-07-2024 20:32:42.004Z;functions.desmark_filter;  CLICK CHECKBOX LANÇAMENTOS BAIXADOS
23-07-2024 20:32:44.685Z;functions.desmark_filter;  CLICK CHECKBOX LANÇAMENTOS CANCELADOS
23-07-2024 20:32:47.627Z;functions.desmark_filter;  CLICK CHECKBOX LANÇAMENTOS FATURADOS
23-07-2024 20:32:50.919Z;functions.desmark_filter;  CLICK CHECKBOX LANÇAMENTOS FATURADOS
23-07-2024 20:32:56.107Z;functions.waitForImage;  FILTER CLEAN image found.
23-07-2024 20:32:58.224Z;functions.filter_clean;  CLICA NO BOTÃO X DO LIMPA FILTRO
23-07-2024 20:33:13.513Z;functions.waitForImage;  FILTER CLEAN image not found.
23-07-2024 20:33:28.826Z;functions.waitForImage;  FILTER CLEAN image not found.
23-07-2024 20:33:30.669Z;functions.filter_forma_pagamento_branco;  CLICK NA PRIMEIRA LINHA E COLUNA DA TABELA
23-07-2024 20:33:47.014Z;functions.filter_forma_pagamento_branco;  160 PASSOS PARA DIREITA NA TABELA >>
23-07-2024 20:33:54.091Z;functions.filter_forma_pagamento_branco;  HOVER NOME DA COLUNA FORMA DE PAGAMENTO
23-07-2024 20:33:56.179Z;functions.filter_forma_pagamento_branco;  CLICA PARA APARECER O FILTRO PERSONALIZAR
23-07-2024 20:33:59.513Z;functions.filter_forma_pagamento_branco;  CLICA NO FILTRO PERSONALIZAR
23-07-2024 20:34:08.466Z;functions.filter_forma_pagamento_branco;  Texto extraido 4/5
23-07-2024 20:34:08.466Z;functions.filter_forma_pagamento_branco;  Count 5
23-07-2024 20:34:08.466Z;functions.filter_forma_pagamento_branco;  Type <class 'int'>
23-07-2024 20:34:08.466Z;functions.filter_forma_pagamento_branco;  TABELA CONTÉM REGISTROS
23-07-2024 20:34:10.607Z;functions.filter_forma_pagamento_branco;  MOVIDO PRA CIMA 5 VEZES
23-07-2024 20:34:14.698Z;functions.check_table_record;  VERIFICANDO SE A TABELA ESTÁ VAZIA
23-07-2024 20:34:17.966Z;functions.check_table_record;  Texto extraido 1/5
23-07-2024 20:34:17.966Z;functions.check_table_record;  Count 5
23-07-2024 20:34:17.966Z;functions.check_table_record;  Type <class 'int'>
23-07-2024 20:34:17.966Z;functions.check_table_record;  TABELA CONTÉM REGISTROS
23-07-2024 20:34:17.966Z;functions.check_ted_branco;  VERIFICANDO O COD DO CLIENTE EM CADA REGISTRO
23-07-2024 20:34:19.700Z;functions.check_ted_branco;  CLICA NA PRIMEIRA LINHA DA TABELA
23-07-2024 20:34:23.809Z;functions.check_ted_branco;  REFERNCIA: 979101
23-07-2024 20:34:23.809Z;functions.check_ted_branco;  CONTAGEM: 1
23-07-2024 20:34:24.111Z;functions.check_ted_branco;  ENTRANDO NO REGISTRO 
23-07-2024 20:34:31.717Z;functions.waitForImage;  INTEGRAÇÃO BANCÁRIA image found.
23-07-2024 20:34:31.835Z;functions.check_ted_branco;  CLICA EM INTEGRAÇÃO BANCÁRIA
23-07-2024 20:34:31.835Z;functions.check_ted_branco;  VERIFICANDO INFORMAÇÕES
23-07-2024 20:34:32.026Z;functions.waitForImage;  TRES PONTINHOS image found.
23-07-2024 20:34:44.658Z;functions.check_ted_branco;  VERIFICANDO SE TEM PIX NO FILTRO
23-07-2024 20:34:44.825Z;functions.waitForImage;  CHECANDO DADOS BANCÁRIOS PIX image found.
23-07-2024 20:34:46.837Z;functions.check_ted_branco;  PIX NÃO ENCONTRADO PARA REFERENCIA: 979101
23-07-2024 20:34:50.552Z;functions.check_ted_branco;  APERTA EM CANCELAR
23-07-2024 20:34:50.747Z;functions.waitForImage;  PRESS BUTTON OK image found.
23-07-2024 20:34:52.864Z;functions.click_ok;  PRESS BUTTON OK
23-07-2024 20:35:05.388Z;functions.waitForImage;  ERROR GENERICO image not found.
23-07-2024 20:35:10.404Z;functions.waitForImage;  ERROR FILTRO PIX image not found.
23-07-2024 20:35:14.514Z;functions.check_ted_branco;  PASSANDO PARA PRÓXIMO REGISTRO
23-07-2024 20:35:18.618Z;functions.check_ted_branco;  REFERNCIA: 979675
23-07-2024 20:35:18.618Z;functions.check_ted_branco;  CONTAGEM: 2
23-07-2024 20:35:18.920Z;functions.check_ted_branco;  ENTRANDO NO REGISTRO 
23-07-2024 20:35:25.857Z;functions.waitForImage;  INTEGRAÇÃO BANCÁRIA image found.
23-07-2024 20:35:25.996Z;functions.check_ted_branco;  CLICA EM INTEGRAÇÃO BANCÁRIA
23-07-2024 20:35:25.996Z;functions.check_ted_branco;  VERIFICANDO INFORMAÇÕES
23-07-2024 20:35:26.169Z;functions.waitForImage;  TRES PONTINHOS image found.
23-07-2024 20:35:38.806Z;functions.check_ted_branco;  VERIFICANDO SE TEM PIX NO FILTRO
23-07-2024 20:35:49.294Z;functions.waitForImage;  CHECANDO DADOS BANCÁRIOS PIX image not found.
23-07-2024 20:35:49.294Z;functions.check_ted_branco;  PIX ENCONTRADO
23-07-2024 20:35:52.713Z;functions.check_ted_branco;  APERTA TAB
23-07-2024 20:35:54.888Z;functions.waitForImage;  DADOS BANCARIOS image found.
23-07-2024 20:35:55.021Z;functions.check_ted_branco;  CLICK EM DADOS BANCARIOS
23-07-2024 20:35:55.127Z;functions.check_ted_branco;  APERTA TAB
23-07-2024 20:35:57.872Z;functions.waitForImage;  CHECANDO DADOS BANCÁRIOS PIX image found.
23-07-2024 20:35:59.886Z;functions.check_ted_branco;  FORMA DE PAGAMENTO PIX SELECIONADA PARA O REGISTRO: 979675
23-07-2024 20:36:00.075Z;functions.waitForImage;  PRESS BUTTON OK image found.
23-07-2024 20:36:02.210Z;functions.click_ok;  PRESS BUTTON OK
23-07-2024 20:36:04.211Z;functions.check_ted_branco;  PRIMEIRO OK
23-07-2024 20:36:04.404Z;functions.waitForImage;  PRESS BUTTON OK image found.
23-07-2024 20:36:06.520Z;functions.click_ok;  PRESS BUTTON OK
23-07-2024 20:36:19.044Z;functions.waitForImage;  ERROR GENERICO image not found.
23-07-2024 20:36:24.153Z;functions.waitForImage;  ERROR FILTRO PIX image not found.
23-07-2024 20:36:28.267Z;functions.check_ted_branco;  PASSANDO PARA PRÓXIMO REGISTRO
23-07-2024 20:36:32.372Z;functions.check_ted_branco;  REFERNCIA: ---------------------------
RM
---------------------------
O registro foi cadastrado com sucesso, entretanto, o mesmo não atende as condições do filtro aplicado na visão. Para visualizá-lo utilize um filtro que retorne os dados do registro.
---------------------------
OK   
---------------------------

23-07-2024 20:36:32.372Z;functions.check_ted_branco;  CONTAGEM: 3
23-07-2024 20:36:32.675Z;functions.check_ted_branco;  ENTRANDO NO REGISTRO 
23-07-2024 20:37:36.278Z;functions.waitForImage;  INTEGRAÇÃO BANCÁRIA image not found.
23-07-2024 20:37:36.278Z;functions.check_ted_branco;  VERIFICANDO INFORMAÇÕES
23-07-2024 20:37:56.391Z;functions.waitForImage;  TRES PONTINHOS image not found.
23-07-2024 20:37:56.391Z;functions.check_ted_branco;  SEM FILTRO PIX
23-07-2024 20:38:06.903Z;functions.waitForImage;  PRESS BUTTON OK image not found.
23-07-2024 20:38:17.356Z;functions.waitForImage;  PRESS BUTTON OK 2 image not found.
23-07-2024 20:38:27.793Z;functions.waitForImage;  ERROR GENERICO image not found.
23-07-2024 20:38:32.825Z;functions.waitForImage;  ERROR FILTRO PIX image not found.
23-07-2024 20:38:36.935Z;functions.check_ted_branco;  PASSANDO PARA PRÓXIMO REGISTRO
23-07-2024 20:38:41.041Z;functions.check_ted_branco;  REFERNCIA: 975044
23-07-2024 20:38:41.041Z;functions.check_ted_branco;  CONTAGEM: 4
23-07-2024 20:38:41.343Z;functions.check_ted_branco;  ENTRANDO NO REGISTRO 
23-07-2024 20:38:48.888Z;functions.waitForImage;  INTEGRAÇÃO BANCÁRIA image found.
23-07-2024 20:38:49.023Z;functions.check_ted_branco;  CLICA EM INTEGRAÇÃO BANCÁRIA
23-07-2024 20:38:49.023Z;functions.check_ted_branco;  VERIFICANDO INFORMAÇÕES
23-07-2024 20:38:49.202Z;functions.waitForImage;  TRES PONTINHOS image found.
23-07-2024 20:39:01.830Z;functions.check_ted_branco;  VERIFICANDO SE TEM PIX NO FILTRO
23-07-2024 20:39:02.012Z;functions.waitForImage;  CHECANDO DADOS BANCÁRIOS PIX image found.
23-07-2024 20:39:04.019Z;functions.check_ted_branco;  PIX NÃO ENCONTRADO PARA REFERENCIA: 975044
23-07-2024 20:39:07.733Z;functions.check_ted_branco;  APERTA EM CANCELAR
23-07-2024 20:39:07.934Z;functions.waitForImage;  PRESS BUTTON OK image found.
23-07-2024 20:39:10.053Z;functions.click_ok;  PRESS BUTTON OK
23-07-2024 20:39:22.512Z;functions.waitForImage;  ERROR GENERICO image not found.
23-07-2024 20:39:27.559Z;functions.waitForImage;  ERROR FILTRO PIX image not found.
23-07-2024 20:39:31.665Z;functions.check_ted_branco;  PASSANDO PARA PRÓXIMO REGISTRO
23-07-2024 20:39:35.770Z;functions.check_ted_branco;  REFERNCIA: 983159
23-07-2024 20:39:35.770Z;functions.check_ted_branco;  CONTAGEM: 5
23-07-2024 20:39:36.072Z;functions.check_ted_branco;  ENTRANDO NO REGISTRO 
23-07-2024 20:39:43.528Z;functions.waitForImage;  INTEGRAÇÃO BANCÁRIA image found.
23-07-2024 20:39:43.644Z;functions.check_ted_branco;  CLICA EM INTEGRAÇÃO BANCÁRIA
23-07-2024 20:39:43.644Z;functions.check_ted_branco;  VERIFICANDO INFORMAÇÕES
23-07-2024 20:39:44.450Z;functions.waitForImage;  TRES PONTINHOS image found.
23-07-2024 20:39:57.092Z;functions.check_ted_branco;  VERIFICANDO SE TEM PIX NO FILTRO
23-07-2024 20:40:07.574Z;functions.waitForImage;  CHECANDO DADOS BANCÁRIOS PIX image not found.
23-07-2024 20:40:07.574Z;functions.check_ted_branco;  PIX ENCONTRADO
23-07-2024 20:40:10.998Z;functions.check_ted_branco;  APERTA TAB
23-07-2024 20:40:13.168Z;functions.waitForImage;  DADOS BANCARIOS image found.
23-07-2024 20:40:13.303Z;functions.check_ted_branco;  CLICK EM DADOS BANCARIOS
23-07-2024 20:40:13.407Z;functions.check_ted_branco;  APERTA TAB
23-07-2024 20:40:16.137Z;functions.waitForImage;  CHECANDO DADOS BANCÁRIOS PIX image found.
23-07-2024 20:40:18.144Z;functions.check_ted_branco;  FORMA DE PAGAMENTO PIX SELECIONADA PARA O REGISTRO: 983159
23-07-2024 20:40:18.324Z;functions.waitForImage;  PRESS BUTTON OK image found.
23-07-2024 20:40:20.459Z;functions.click_ok;  PRESS BUTTON OK
23-07-2024 20:40:22.460Z;functions.check_ted_branco;  PRIMEIRO OK
23-07-2024 20:40:22.637Z;functions.waitForImage;  PRESS BUTTON OK image found.
23-07-2024 20:40:24.770Z;functions.click_ok;  PRESS BUTTON OK
23-07-2024 20:40:37.215Z;functions.waitForImage;  ERROR GENERICO image not found.
23-07-2024 20:40:42.324Z;functions.waitForImage;  ERROR FILTRO PIX image not found.
23-07-2024 20:40:42.324Z;functions.check_ted_branco;  FORAM VERIFICADOS: 5 REFERENCIAS NO PROCESSAMENTO FORMA DE PAGAMENTO ELETRONICA EM BRANCO
23-07-2024 20:40:43.621Z;errorhandler.__handle;  Property: Unknown Property name. [1:14: -ms-interpolation-mode]
23-07-2024 20:40:46.524Z;functions.emailFinalizado;  Warning e-mail sent.
23-07-2024 20:40:46.524Z;main.<module>;  Remessa Bancária TED CIP com filtro de pagamento eletronica em branco modificadas para pix 
 PASSO 3 FINALIZADO
23-07-2024 20:40:46.525Z;main.<module>;  O PROGRAMA SERÁ ENCERRADO
23-07-2024 20:40:47.575Z;errorhandler.__handle;  Property: Unknown Property name. [1:14: -ms-interpolation-mode]
23-07-2024 20:40:50.496Z;functions.emailFinalizado;  Warning e-mail sent.
23-07-2024 20:40:51.074Z;functions.end_RM;  RM ENCERRADO
