04-05-2024 07:00:20.105Z;functions.bot_text_art;      ____   
04-05-2024 07:00:20.105Z;functions.bot_text_art;     [____]    
04-05-2024 07:00:20.105Z;functions.bot_text_art;   |=]()()[=|  
04-05-2024 07:00:20.105Z;functions.bot_text_art;     _\==/__    _____    ____     _        _____    ___   _  __
04-05-2024 07:00:20.105Z;functions.bot_text_art;   |__|   |_|  |  _  \  / ___|   | |      |_   _| / ___| | |/ /
04-05-2024 07:00:20.105Z;functions.bot_text_art;   |_|_/\_|_|  | |  | | | |      | |        | |   | |    | ' / 
04-05-2024 07:00:20.105Z;functions.bot_text_art;   | | __ | |  | |  | | | |      | |        | |   | |    |  <  
04-05-2024 07:00:20.105Z;functions.bot_text_art;   |_|[  ]|_|  | |__| | | |____  | |____   _| |_  | |__  | . \ 
04-05-2024 07:00:20.105Z;functions.bot_text_art;   \_|_||_|_/  |_____/   \_____| |______| |_____| \ ___| |_|\_\
04-05-2024 07:00:20.105Z;functions.bot_text_art;     |_||_|                                                     
04-05-2024 07:00:20.105Z;functions.bot_text_art;     | ||_|_   
04-05-2024 07:00:20.105Z;functions.bot_text_art;   |___||___|  
04-05-2024 07:00:20.105Z;functions.bot_text_art;               
04-05-2024 07:00:20.105Z;functions.open_RM;  OPEN PROGRAM RM
04-05-2024 07:00:27.402Z;functions.loggin_RM;  ENTER USER_NAME
04-05-2024 07:00:31.214Z;functions.loggin_RM;  ENTER PASSWORD
04-05-2024 07:00:31.871Z;functions.loggin_RM;  ENTER RM
04-05-2024 07:02:38.762Z;functions.enter_coligada;  CLICK CONTEXTO
04-05-2024 07:02:40.199Z;functions.enter_coligada;  CLICK ALTERAR MODULO DO CONTEXTO
04-05-2024 07:02:42.497Z;functions.enter_coligada;  INSERE O COLIGADA CODE = 1
04-05-2024 07:02:42.598Z;functions.enter_coligada;  APERTA TAB PARA PREENCHER O CAMPO COM A STRING: OCEANICA ENGENHARIA E CONSULTORIA S.A.
04-05-2024 07:02:43.684Z;functions.enter_coligada;  CLICK AVANÇAR NOVAMENTE
04-05-2024 07:02:44.470Z;functions.enter_coligada;  CLICK CONCLUIR
04-05-2024 07:02:57.011Z;functions.enter_coligada;  POP UP COLIGADA DESAPARECER
04-05-2024 07:02:57.636Z;functions.check_movimentacao_bancaria;  CLICK - TOTVS - LINHA RM
04-05-2024 07:02:58.687Z;functions.check_movimentacao_bancaria;  CLICK - BACK OFFICE
04-05-2024 07:03:00.996Z;functions.check_movimentacao_bancaria;  CLICK - GESTAO FINANCEIRA
04-05-2024 07:03:03.308Z;functions.movimentacao_bancaria;  CLICA NA ABA MOVIMENTAÇÃO BANCARIA
04-05-2024 07:03:04.037Z;functions.waitForImage;  IMAGEM BORDERO image found.
04-05-2024 07:03:06.159Z;functions.movimentacao_bancaria;  IMAGEM BORDERO CLICADA.
04-05-2024 07:03:16.664Z;functions.waitForImage;  LICENCAS EXCEDIDAS image not found.
04-05-2024 07:03:17.216Z;functions.movimentacao_bancaria;  ENCONTROU O FILTRO DA MOVIMENTAÇÃO BANCÁRIA
04-05-2024 07:03:17.247Z;functions.movimentacao_bancaria;  CLICA NA ABA SUPERIOR DO FILTRO
04-05-2024 07:03:21.755Z;functions.movimentacao_bancaria;  SELECIONA O FILTRO HOJE
04-05-2024 07:03:26.853Z;functions.waitForImage;  FILTER CLEAN image found.
04-05-2024 07:03:28.978Z;functions.filter_clean;  CLICA NO BOTÃO X DO LIMPA FILTRO
04-05-2024 07:03:44.222Z;functions.waitForImage;  FILTER CLEAN image not found.
04-05-2024 07:03:59.502Z;functions.waitForImage;  FILTER CLEAN image not found.
04-05-2024 07:04:00.261Z;functions.movimentacao_bancaria;  CLICA NA PRIMEIRA LINHA DA TABELA MOVIMENTAÇÃO BANCÁRIA
04-05-2024 07:04:00.988Z;functions.movimentacao_bancaria;  CLICA NA PRIMEIRA LINHA DA TABELA MOVIMENTAÇÃO BANCÁRIA
04-05-2024 07:04:02.202Z;functions.movimentacao_bancaria;  12 PASSOS PARA DIREITA NA TABELA >>
04-05-2024 07:04:03.466Z;functions.movimentacao_bancaria;  HOVER FILTER
04-05-2024 07:04:03.802Z;functions.movimentacao_bancaria;  CLICK FILTER
04-05-2024 07:04:08.112Z;functions.movimentacao_bancaria;  CLICA NO FILTRO  STATUS DA REMESSA
04-05-2024 07:04:10.214Z;functions.movimentacao_bancaria;  APERTA TAB PARA ESCREVER O FILTRO
04-05-2024 07:04:12.319Z;functions.movimentacao_bancaria;  ESCREVE PENDENTE NO FILTRO
04-05-2024 07:04:14.421Z;functions.movimentacao_bancaria;  APERTA ENTER PARA SELECIONAR OS PENDENTES
04-05-2024 07:04:35.387Z;functions.movimentacao_bancaria;  SEM PROCESSAMENTO DE BORDERO PENDENTE
04-05-2024 07:04:45.481Z;functions.waitForImage;  FILTER CLEAN image found.
04-05-2024 07:04:47.606Z;functions.filter_clean;  CLICA NO BOTÃO X DO LIMPA FILTRO
04-05-2024 07:05:02.840Z;functions.waitForImage;  FILTER CLEAN image not found.
04-05-2024 07:05:18.099Z;functions.waitForImage;  FILTER CLEAN image not found.
04-05-2024 07:05:18.933Z;functions.processo_pagamento;  CLICA NA PRIMEIRA LINHA DA TABELA MOVIMENTAÇÃO BANCÁRIA
04-05-2024 07:05:20.247Z;functions.processo_pagamento;  HOVER FILTER
04-05-2024 07:05:20.534Z;functions.processo_pagamento;  CLICK FILTER
04-05-2024 07:05:24.846Z;functions.processo_pagamento;  CLICA NO FILTRO  STATUS DA REMESSA
04-05-2024 07:05:26.947Z;functions.processo_pagamento;  APERTA TAB PARA ESCREVER O FILTRO
04-05-2024 07:05:29.054Z;functions.processo_pagamento;  ESCREVE AUTORIZADO NO FILTRO
04-05-2024 07:05:31.155Z;functions.processo_pagamento;  APERTA ENTER PARA SELECIONAR OS AUTORIZADOS
04-05-2024 07:05:52.090Z;functions.processo_pagamento;  SEM REMESSA DE BORDERO AUTORIZADO
04-05-2024 07:05:53.192Z;functions.processo_pagamento;  FECHA ABA MOVIMENTAÇÕES BANCÁRIAS
04-05-2024 07:05:54.043Z;functions.enter_contas_a_pagar;  CLICK - TOTVS - LINHA RM
04-05-2024 07:05:54.996Z;functions.enter_contas_a_pagar;  CLICK - BACK OFFICE
04-05-2024 07:05:55.704Z;functions.enter_contas_a_pagar;  CLICK - GESTAO FINANCEIRA
04-05-2024 07:06:00.340Z;functions.enter_contas_a_pagar;  CLICK - CONTAS A PAGAR
04-05-2024 07:06:00.490Z;functions.waitForImage;  LANÇAMENTOS image found.
04-05-2024 07:06:02.619Z;functions.enter_contas_a_pagar;  CLICA EM LANÇAMENTOS
04-05-2024 07:06:18.068Z;functions.waitForImage;  LICENCAS EXCEDIDAS image not found.
04-05-2024 07:06:18.068Z;functions.obter_intervalo_data;  VERIFICANDO A HORA ATUAL 7
04-05-2024 07:06:18.083Z;functions.obter_intervalo_data;  Data Inicial BANCARIA antes da remoção: None
04-05-2024 07:06:18.083Z;functions.obter_intervalo_data;  Data Final BANCARIA antes da remoção: None
04-05-2024 07:06:18.083Z;functions.obter_intervalo_data;  Data Inicial BANCARIA após a remoção: None
04-05-2024 07:06:18.083Z;functions.obter_intervalo_data;  Data Final BANCARIA após a remoção: None
04-05-2024 07:06:18.083Z;functions.obter_intervalo_data;  hoje -  2024-05-04 07:06:18.083735
04-05-2024 07:06:18.083Z;functions.data_filter;  DATA INICIO 08-05-2024
04-05-2024 07:06:18.083Z;functions.data_filter;  DATA FIM 14-05-2024
04-05-2024 07:06:18.083Z;functions.data_filter;  CLICK - SELECIONA A DATA DE QUARTA FEIRA E DA PROXIMA TERÇA
04-05-2024 07:06:18.083Z;functions.data_filter;  QUARTA-FEIRA: 08-05-2024
04-05-2024 07:06:18.083Z;functions.data_filter;  TERCA-FEIRA: 14-05-2024
04-05-2024 07:06:26.487Z;functions.data_filter;  CLICK - BOTAO DE SELECAO DE FILTRO
04-05-2024 07:06:30.231Z;functions.data_filter;  INSERE - DATA DE QUARTA-FEIRA: 08-05-2024
04-05-2024 07:06:33.699Z;functions.data_filter;  INSERE - DATA DA PROX TERCA-FEIRA: 14-05-2024
04-05-2024 07:06:34.322Z;functions.data_filter;  CLICK - BOTAO DE EXECUTAR O FILTRO
04-05-2024 07:07:13.809Z;functions.desmark_filter;  CLICK CHECKBOX LANÇAMENTOS A RECEBER
04-05-2024 07:07:14.611Z;functions.desmark_filter;  CLICK CHECKBOX LANÇAMENTOS BAIXADOS
04-05-2024 07:07:15.434Z;functions.desmark_filter;  CLICK CHECKBOX LANÇAMENTOS CANCELADOS
04-05-2024 07:07:16.278Z;functions.desmark_filter;  CLICK CHECKBOX LANÇAMENTOS FATURADOS
04-05-2024 07:07:17.168Z;functions.desmark_filter;  CLICK CHECKBOX LANÇAMENTOS FATURADOS
04-05-2024 07:07:22.267Z;functions.waitForImage;  FILTER CLEAN image found.
04-05-2024 07:07:24.396Z;functions.filter_clean;  CLICA NO BOTÃO X DO LIMPA FILTRO
04-05-2024 07:07:39.659Z;functions.waitForImage;  FILTER CLEAN image not found.
04-05-2024 07:07:54.943Z;functions.waitForImage;  FILTER CLEAN image not found.
04-05-2024 07:07:54.943Z;functions.check_table_record;  VERIFICANDO SE A TABELA ESTÁ VAZIA
04-05-2024 07:07:55.872Z;functions.check_table_record;  Texto extraido 1/97
04-05-2024 07:07:55.872Z;functions.check_table_record;  Count 97
04-05-2024 07:07:55.872Z;functions.check_table_record;  Type <class 'int'>
04-05-2024 07:07:55.872Z;functions.check_table_record;  TABELA CONTÉM REGISTROS
04-05-2024 07:08:06.672Z;functions.select_tipo_documento;  NOME DA COLUNA: Tipo de Documento
04-05-2024 07:08:07.871Z;functions.select_tipo_documento;  HOVER NOME DA COLUNA: Tipo de Documento
04-05-2024 07:08:08.459Z;functions.select_tipo_documento;  CLICA NO FILTRO PERSONALIZAR
04-05-2024 07:08:09.183Z;functions.select_tipo_documento;  CLICA PARA SELECIONAR OPÇÕES DO FILTRO
04-05-2024 07:08:16.215Z;functions.select_tipo_documento;  CLICK BUTTON CONFIRMAR FILTRO
04-05-2024 07:08:21.217Z;functions.filter_IPTE;  VERIFICANDO O COD DO CLIENTE EM CADA REGISTRO
04-05-2024 07:08:21.965Z;functions.filter_IPTE;  CLICA NA PRIMEIRA LINHA DA TABELA
04-05-2024 07:08:41.887Z;functions.filter_IPTE;  HOVER FILTER
04-05-2024 07:08:42.455Z;functions.filter_IPTE;  CLICK FILTER
04-05-2024 07:08:46.766Z;functions.filter_IPTE;  CLICA NO FILTRO PERSONALIZAR
04-05-2024 07:08:54.642Z;functions.check_table_record;  VERIFICANDO SE A TABELA ESTÁ VAZIA
04-05-2024 07:08:55.550Z;functions.check_table_record;  Texto extraido 1/1
04-05-2024 07:08:55.550Z;functions.check_table_record;  Count 1
04-05-2024 07:08:55.550Z;functions.check_table_record;  Type <class 'int'>
04-05-2024 07:08:55.550Z;functions.check_table_record;  TABELA CONTÉM REGISTROS
04-05-2024 07:08:55.550Z;functions.check_payment_type;  VERIFICANDO O COD DO CLIENTE EM CADA REGISTRO
04-05-2024 07:08:56.296Z;functions.check_payment_type;  CLICA NA PRIMEIRA LINHA DA TABELA
04-05-2024 07:09:04.399Z;functions.check_payment_type;  REF. LANÇAMENTO: 943671
04-05-2024 07:09:04.501Z;functions.check_payment_type;  ENTRANDO NO REGISTRO
04-05-2024 07:09:12.195Z;functions.waitForImage;  INTEGRAÇÃO BANCÁRIA image found.
04-05-2024 07:09:14.318Z;functions.check_payment_type;  CLICA EM INTEGRAÇÃO BANCÁRIA
04-05-2024 07:09:14.318Z;functions.check_payment_type;  VERIFICANDO INFORMAÇÕES
04-05-2024 07:09:17.413Z;functions.waitForImage;  DADOS BANCARIOS image found.
04-05-2024 07:09:17.545Z;functions.check_payment_type;  DADOS BANCARIOS
04-05-2024 07:09:19.546Z;functions.check_payment_type;  ENTROU DADOS BANCÁRIOS
04-05-2024 07:09:19.647Z;functions.check_payment_type;  APERTA TAB
04-05-2024 07:09:23.866Z;functions.waitForImage;  PRESS BUTTON OK image found.
04-05-2024 07:09:25.984Z;functions.click_ok;  PRESS BUTTON OK
04-05-2024 07:09:30.094Z;functions.waitForImage;  PRESS BUTTON OK image found.
04-05-2024 07:09:32.271Z;functions.click_ok;  PRESS BUTTON OK
04-05-2024 07:09:36.374Z;functions.check_payment_type;  INCLUIDOS: 943671 REFERENCIAS NO PROCESSAMENTO
04-05-2024 07:09:36.374Z;functions.check_payment_type;  FORAM INCLUIDOS: 1 REFERENCIAS NO PROCESSAMENTO
04-05-2024 07:09:41.089Z;functions.process_lancamentos;  CLICA PARA APARECER CONTA/CAIXA
04-05-2024 07:09:41.783Z;functions.process_lancamentos;  SELECIONA CONTA/CAIXA
04-05-2024 07:09:42.478Z;functions.process_lancamentos;  CLICA NO BOTÃO [...]
04-05-2024 07:09:47.582Z;functions.process_lancamentos;  CLICA NO CAMPO PESQUISA E DIGITA: %3212
04-05-2024 07:09:48.254Z;functions.process_lancamentos;  CLICA NO BOTÃO DO FILTRO
04-05-2024 07:09:48.984Z;functions.process_lancamentos;  CLICA NO BOTÃO OK
04-05-2024 07:09:49.675Z;functions.process_lancamentos;  CLICA NO BOTÃO EXECUTAR
04-05-2024 07:10:14.311Z;functions.waitForImage;  PRESS BUTTON OK image not found.
04-05-2024 07:10:14.311Z;functions.process_lancamentos;  LANÇAMENTO COM ERRO
04-05-2024 07:10:21.232Z;functions.process_lancamentos;  ERRO: Lançamento Ref. 943671: Convênio alterado para o convênio default '7' da conta Caixa '02675-5' .
Não foi possível alterar o lançamento 1-943671:
O cliente/fornecedor "010331" está inativo.

   at RM.Fin.CliFor.FinCFOMod.ValidaCliFor(IFinCFOValidacaoPar cliFor)
   at RM.Fin.Lan.Manutencao.FinLanManutencaoValidacaoObj.ConsisteCliFor(FinLanCxt lanCxt, FinLanValidateEnum autorizaLan, Boolean validaDadosCliFor, DateTime dataSistema)
   at RM.Fin.Lan.Manutencao.FinLanManutencaoValidacaoObj.ConsisteCamposDefaultPreenchimento(FinLanCxt context)
   at RM.Fin.Lan.Manutencao.FinLanMasterSbc`1.DoValidateContext(TContext context)
   at RM.Fin.Lan.Alteracao.FinLanMasterSbc`1.DoValidateContext(TContext context)
   at RM.Lib.Subscriber.RMSSubscriberSimple`1.ValidateContext(TContext context)
   at RM.Lib.Subscriber.RMSSubscriberController`2.DoPrepareSubscriber(List`1 contextList, Boolean initializeSubscriber)
   at RM.Lib.Subscriber.RMSSubscriberController`2.ExecuteOneLog(List`1 listParam, Int32 lenPackageCxt, Object ownerData)
*********************************************






04-05-2024 07:10:21.232Z;functions.process_lancamentos;  CORRESPONDENCIA ['943671']
04-05-2024 07:10:21.232Z;functions.process_lancamentos;  NUMERO DE REFERENCIAS QUE SERÃO TIRADOS DA REMESSA ['943671']
04-05-2024 07:10:21.825Z;functions.process_lancamentos;  CLICK EM FECHAR.
04-05-2024 07:11:00.762Z;functions.process_lancamentos;  NUMERO DE REFERENCIAS QUE SERAO TIRADOS IGUAL AO NUMERO DE REGISTROS
04-05-2024 07:11:00.762Z;functions.process_lancamentos;  PASSAR PARA O PRÓXIMO LANCAMENTO
04-05-2024 07:11:01.417Z;functions.movimentacao_bancaria;  CLICA NA ABA MOVIMENTAÇÃO BANCARIA
04-05-2024 07:11:01.583Z;functions.waitForImage;  IMAGEM BORDERO image found.
04-05-2024 07:11:03.688Z;functions.movimentacao_bancaria;  IMAGEM BORDERO CLICADA.
04-05-2024 07:11:14.197Z;functions.waitForImage;  LICENCAS EXCEDIDAS image not found.
04-05-2024 07:11:14.746Z;functions.movimentacao_bancaria;  ENCONTROU O FILTRO DA MOVIMENTAÇÃO BANCÁRIA
04-05-2024 07:11:14.762Z;functions.movimentacao_bancaria;  CLICA NA ABA SUPERIOR DO FILTRO
04-05-2024 07:11:19.270Z;functions.movimentacao_bancaria;  SELECIONA O FILTRO HOJE
04-05-2024 07:11:24.364Z;functions.waitForImage;  FILTER CLEAN image found.
04-05-2024 07:11:26.491Z;functions.filter_clean;  CLICA NO BOTÃO X DO LIMPA FILTRO
04-05-2024 07:11:41.793Z;functions.waitForImage;  FILTER CLEAN image not found.
04-05-2024 07:11:57.093Z;functions.waitForImage;  FILTER CLEAN image not found.
04-05-2024 07:11:57.871Z;functions.movimentacao_bancaria;  CLICA NA PRIMEIRA LINHA DA TABELA MOVIMENTAÇÃO BANCÁRIA
04-05-2024 07:11:58.605Z;functions.movimentacao_bancaria;  CLICA NA PRIMEIRA LINHA DA TABELA MOVIMENTAÇÃO BANCÁRIA
04-05-2024 07:11:59.824Z;functions.movimentacao_bancaria;  12 PASSOS PARA DIREITA NA TABELA >>
04-05-2024 07:12:01.090Z;functions.movimentacao_bancaria;  HOVER FILTER
04-05-2024 07:12:01.393Z;functions.movimentacao_bancaria;  CLICK FILTER
04-05-2024 07:12:05.706Z;functions.movimentacao_bancaria;  CLICA NO FILTRO  STATUS DA REMESSA
04-05-2024 07:12:07.806Z;functions.movimentacao_bancaria;  APERTA TAB PARA ESCREVER O FILTRO
04-05-2024 07:12:09.912Z;functions.movimentacao_bancaria;  ESCREVE PENDENTE NO FILTRO
04-05-2024 07:12:12.013Z;functions.movimentacao_bancaria;  APERTA ENTER PARA SELECIONAR OS PENDENTES
04-05-2024 07:12:32.987Z;functions.movimentacao_bancaria;  SEM PROCESSAMENTO DE BORDERO PENDENTE
04-05-2024 07:12:43.106Z;functions.waitForImage;  FILTER CLEAN image found.
04-05-2024 07:12:45.224Z;functions.filter_clean;  CLICA NO BOTÃO X DO LIMPA FILTRO
04-05-2024 07:13:00.464Z;functions.waitForImage;  FILTER CLEAN image not found.
04-05-2024 07:13:15.718Z;functions.waitForImage;  FILTER CLEAN image not found.
04-05-2024 07:13:16.544Z;functions.processo_pagamento;  CLICA NA PRIMEIRA LINHA DA TABELA MOVIMENTAÇÃO BANCÁRIA
04-05-2024 07:13:17.808Z;functions.processo_pagamento;  HOVER FILTER
04-05-2024 07:13:18.113Z;functions.processo_pagamento;  CLICK FILTER
04-05-2024 07:13:22.427Z;functions.processo_pagamento;  CLICA NO FILTRO  STATUS DA REMESSA
04-05-2024 07:13:24.528Z;functions.processo_pagamento;  APERTA TAB PARA ESCREVER O FILTRO
04-05-2024 07:13:26.635Z;functions.processo_pagamento;  ESCREVE AUTORIZADO NO FILTRO
04-05-2024 07:13:28.737Z;functions.processo_pagamento;  APERTA ENTER PARA SELECIONAR OS AUTORIZADOS
04-05-2024 07:13:49.716Z;functions.processo_pagamento;  SEM REMESSA DE BORDERO AUTORIZADO
04-05-2024 07:13:50.819Z;functions.processo_pagamento;  FECHA ABA MOVIMENTAÇÕES BANCÁRIAS
04-05-2024 07:13:51.441Z;functions.enter_contas_a_pagar;  CLICK - TOTVS - LINHA RM
04-05-2024 07:13:52.374Z;functions.enter_contas_a_pagar;  CLICK - BACK OFFICE
04-05-2024 07:13:53.082Z;functions.enter_contas_a_pagar;  CLICK - GESTAO FINANCEIRA
04-05-2024 07:13:57.825Z;functions.enter_contas_a_pagar;  CLICK - CONTAS A PAGAR
04-05-2024 07:13:57.970Z;functions.waitForImage;  LANÇAMENTOS image found.
04-05-2024 07:14:00.088Z;functions.enter_contas_a_pagar;  CLICA EM LANÇAMENTOS
04-05-2024 07:14:15.569Z;functions.waitForImage;  LICENCAS EXCEDIDAS image not found.
04-05-2024 07:14:15.569Z;functions.obter_intervalo_data;  VERIFICANDO A HORA ATUAL 7
04-05-2024 07:14:15.585Z;functions.obter_intervalo_data;  Data Inicial BANCARIA antes da remoção: None
04-05-2024 07:14:15.585Z;functions.obter_intervalo_data;  Data Final BANCARIA antes da remoção: None
04-05-2024 07:14:15.585Z;functions.obter_intervalo_data;  Data Inicial BANCARIA após a remoção: None
04-05-2024 07:14:15.585Z;functions.obter_intervalo_data;  Data Final BANCARIA após a remoção: None
04-05-2024 07:14:15.585Z;functions.obter_intervalo_data;  hoje -  2024-05-04 07:14:15.585174
04-05-2024 07:14:15.585Z;functions.data_filter;  DATA INICIO 08-05-2024
04-05-2024 07:14:15.585Z;functions.data_filter;  DATA FIM 14-05-2024
04-05-2024 07:14:15.585Z;functions.data_filter;  CLICK - SELECIONA A DATA DE QUARTA FEIRA E DA PROXIMA TERÇA
04-05-2024 07:14:15.585Z;functions.data_filter;  QUARTA-FEIRA: 08-05-2024
04-05-2024 07:14:15.585Z;functions.data_filter;  TERCA-FEIRA: 14-05-2024
04-05-2024 07:14:24.058Z;functions.data_filter;  CLICK - BOTAO DE SELECAO DE FILTRO
04-05-2024 07:14:27.793Z;functions.data_filter;  INSERE - DATA DE QUARTA-FEIRA: 08-05-2024
04-05-2024 07:14:31.261Z;functions.data_filter;  INSERE - DATA DA PROX TERCA-FEIRA: 14-05-2024
04-05-2024 07:14:31.887Z;functions.data_filter;  CLICK - BOTAO DE EXECUTAR O FILTRO
04-05-2024 07:15:11.746Z;functions.desmark_filter;  CLICK CHECKBOX LANÇAMENTOS A RECEBER
04-05-2024 07:15:12.594Z;functions.desmark_filter;  CLICK CHECKBOX LANÇAMENTOS BAIXADOS
04-05-2024 07:15:13.418Z;functions.desmark_filter;  CLICK CHECKBOX LANÇAMENTOS CANCELADOS
04-05-2024 07:15:14.278Z;functions.desmark_filter;  CLICK CHECKBOX LANÇAMENTOS FATURADOS
04-05-2024 07:15:15.168Z;functions.desmark_filter;  CLICK CHECKBOX LANÇAMENTOS FATURADOS
04-05-2024 07:15:20.272Z;functions.waitForImage;  FILTER CLEAN image found.
04-05-2024 07:15:22.384Z;functions.filter_clean;  CLICA NO BOTÃO X DO LIMPA FILTRO
04-05-2024 07:15:37.626Z;functions.waitForImage;  FILTER CLEAN image not found.
04-05-2024 07:15:52.880Z;functions.waitForImage;  FILTER CLEAN image not found.
04-05-2024 07:15:53.543Z;functions.filter_forma_pagamento;  CLICA NA PRIMEIRA LINHA DA TABELA
04-05-2024 07:15:53.627Z;functions.filter_forma_pagamento;  CLICK NA PRIMEIRA LINHA E COLUNA DA TABELA
04-05-2024 07:16:09.773Z;functions.filter_forma_pagamento;  160 PASSOS PARA DIREITA NA TABELA >>
04-05-2024 07:16:12.121Z;functions.filter_forma_pagamento;  HOVER NOME DA COLUNA FORMA DE PAGAMENTO
04-05-2024 07:16:12.741Z;functions.filter_forma_pagamento;  CLICA PARA APARECER O FILTRO PERSONALIZAR
04-05-2024 07:16:16.054Z;functions.filter_forma_pagamento;  CLICA NO FILTRO PERSONALIZAR
04-05-2024 07:16:26.388Z;functions.filter_forma_pagamento;  Texto extraido 0/0
04-05-2024 07:16:26.388Z;functions.filter_forma_pagamento;  Count 0
04-05-2024 07:16:26.388Z;functions.filter_forma_pagamento;  Type <class 'int'>
04-05-2024 07:16:26.388Z;functions.filter_forma_pagamento;  SEM REGISTROS
04-05-2024 07:16:28.399Z;functions.check_table_record;  VERIFICANDO SE A TABELA ESTÁ VAZIA
04-05-2024 07:16:29.325Z;functions.check_table_record;  Texto extraido 0/0
04-05-2024 07:16:29.325Z;functions.check_table_record;  Count 0
04-05-2024 07:16:29.325Z;functions.check_table_record;  Type <class 'int'>
04-05-2024 07:16:29.325Z;functions.check_table_record;  SEM REGISTROS
04-05-2024 07:16:33.331Z;main.<module>;  SEM REMESSA DE TED CIP
04-05-2024 07:16:33.934Z;functions.enter_contas_a_pagar;  CLICK - TOTVS - LINHA RM
04-05-2024 07:16:34.891Z;functions.enter_contas_a_pagar;  CLICK - BACK OFFICE
04-05-2024 07:16:35.778Z;functions.enter_contas_a_pagar;  CLICK - GESTAO FINANCEIRA
04-05-2024 07:16:40.494Z;functions.enter_contas_a_pagar;  CLICK - CONTAS A PAGAR
04-05-2024 07:16:40.630Z;functions.waitForImage;  LANÇAMENTOS image found.
04-05-2024 07:16:42.757Z;functions.enter_contas_a_pagar;  CLICA EM LANÇAMENTOS
04-05-2024 07:16:58.231Z;functions.waitForImage;  LICENCAS EXCEDIDAS image not found.
04-05-2024 07:16:58.231Z;functions.obter_intervalo_data;  VERIFICANDO A HORA ATUAL 7
04-05-2024 07:16:58.233Z;functions.obter_intervalo_data;  Data Inicial BANCARIA antes da remoção: None
04-05-2024 07:16:58.233Z;functions.obter_intervalo_data;  Data Final BANCARIA antes da remoção: None
04-05-2024 07:16:58.233Z;functions.obter_intervalo_data;  Data Inicial BANCARIA após a remoção: None
04-05-2024 07:16:58.234Z;functions.obter_intervalo_data;  Data Final BANCARIA após a remoção: None
04-05-2024 07:16:58.234Z;functions.obter_intervalo_data;  hoje -  2024-05-04 07:16:58.234439
04-05-2024 07:16:58.234Z;functions.data_filter;  DATA INICIO 08-05-2024
04-05-2024 07:16:58.234Z;functions.data_filter;  DATA FIM 14-05-2024
04-05-2024 07:16:58.234Z;functions.data_filter;  CLICK - SELECIONA A DATA DE QUARTA FEIRA E DA PROXIMA TERÇA
04-05-2024 07:16:58.234Z;functions.data_filter;  QUARTA-FEIRA: 08-05-2024
04-05-2024 07:16:58.234Z;functions.data_filter;  TERCA-FEIRA: 14-05-2024
04-05-2024 07:17:06.653Z;functions.data_filter;  CLICK - BOTAO DE SELECAO DE FILTRO
04-05-2024 07:17:10.355Z;functions.data_filter;  INSERE - DATA DE QUARTA-FEIRA: 08-05-2024
04-05-2024 07:17:13.824Z;functions.data_filter;  INSERE - DATA DA PROX TERCA-FEIRA: 14-05-2024
04-05-2024 07:17:14.449Z;functions.data_filter;  CLICK - BOTAO DE EXECUTAR O FILTRO
04-05-2024 07:17:55.762Z;functions.desmark_filter;  CLICK CHECKBOX LANÇAMENTOS A RECEBER
04-05-2024 07:17:56.578Z;functions.desmark_filter;  CLICK CHECKBOX LANÇAMENTOS BAIXADOS
04-05-2024 07:17:57.419Z;functions.desmark_filter;  CLICK CHECKBOX LANÇAMENTOS CANCELADOS
04-05-2024 07:17:58.337Z;functions.desmark_filter;  CLICK CHECKBOX LANÇAMENTOS FATURADOS
04-05-2024 07:17:59.246Z;functions.desmark_filter;  CLICK CHECKBOX LANÇAMENTOS FATURADOS
04-05-2024 07:18:04.353Z;functions.waitForImage;  FILTER CLEAN image found.
04-05-2024 07:18:06.463Z;functions.filter_clean;  CLICA NO BOTÃO X DO LIMPA FILTRO
04-05-2024 07:18:21.689Z;functions.waitForImage;  FILTER CLEAN image not found.
04-05-2024 07:18:36.920Z;functions.waitForImage;  FILTER CLEAN image not found.
04-05-2024 07:18:37.670Z;functions.filter_forma_pagamento_branco;  CLICK NA PRIMEIRA LINHA E COLUNA DA TABELA
04-05-2024 07:18:53.810Z;functions.filter_forma_pagamento_branco;  160 PASSOS PARA DIREITA NA TABELA >>
04-05-2024 07:18:56.137Z;functions.filter_forma_pagamento_branco;  HOVER NOME DA COLUNA FORMA DE PAGAMENTO
04-05-2024 07:18:56.782Z;functions.filter_forma_pagamento_branco;  CLICA PARA APARECER O FILTRO PERSONALIZAR
04-05-2024 07:19:00.094Z;functions.filter_forma_pagamento_branco;  CLICA NO FILTRO PERSONALIZAR
04-05-2024 07:19:06.606Z;functions.filter_forma_pagamento_branco;  Texto extraido 1/21
04-05-2024 07:19:06.606Z;functions.filter_forma_pagamento_branco;  Count 21
04-05-2024 07:19:06.606Z;functions.filter_forma_pagamento_branco;  Type <class 'int'>
04-05-2024 07:19:06.606Z;functions.filter_forma_pagamento_branco;  TABELA CONTÉM REGISTROS
04-05-2024 07:19:11.997Z;functions.filter_forma_pagamento_branco;  MOVIDO PRA CIMA 21 VEZES
04-05-2024 07:19:14.908Z;functions.check_table_record;  VERIFICANDO SE A TABELA ESTÁ VAZIA
04-05-2024 07:19:15.871Z;functions.check_table_record;  Texto extraido 1/21
04-05-2024 07:19:15.871Z;functions.check_table_record;  Count 21
04-05-2024 07:19:15.871Z;functions.check_table_record;  Type <class 'int'>
04-05-2024 07:19:15.871Z;functions.check_table_record;  TABELA CONTÉM REGISTROS
04-05-2024 07:19:15.871Z;functions.check_ted_branco;  VERIFICANDO O COD DO CLIENTE EM CADA REGISTRO
04-05-2024 07:19:16.637Z;functions.check_ted_branco;  CLICA NA PRIMEIRA LINHA DA TABELA
04-05-2024 07:19:20.740Z;functions.check_ted_branco;  REFERNCIA: 589660
04-05-2024 07:19:21.041Z;functions.check_ted_branco;  ENTRANDO NO REGISTRO 
04-05-2024 07:19:24.253Z;functions.waitForImage;  INTEGRAÇÃO BANCÁRIA image found.
04-05-2024 07:19:24.385Z;functions.check_ted_branco;  CLICA EM INTEGRAÇÃO BANCÁRIA
04-05-2024 07:19:24.385Z;functions.check_ted_branco;  VERIFICANDO INFORMAÇÕES
04-05-2024 07:19:25.111Z;functions.waitForImage;  TRES PONTINHOS image found.
04-05-2024 07:19:35.638Z;functions.check_ted_branco;  VERIFICANDO SE TEM PIX NO FILTRO
04-05-2024 07:19:35.745Z;functions.waitForImage;  CHECANDO DADOS BANCÁRIOS PIX image found.
04-05-2024 07:19:37.746Z;functions.check_ted_branco;  PIX NÃO ENCONTRADO PARA REFERENCIA: 589660
04-05-2024 07:19:41.452Z;functions.check_ted_branco;  APERTA EM CANCELAR
04-05-2024 07:19:41.546Z;functions.waitForImage;  PRESS BUTTON OK image found.
04-05-2024 07:19:43.688Z;functions.click_ok;  PRESS BUTTON OK
04-05-2024 07:19:56.104Z;functions.waitForImage;  ERROR GENERICO image not found.
04-05-2024 07:20:01.157Z;functions.waitForImage;  ERROR FILTRO PIX image not found.
04-05-2024 07:20:05.266Z;functions.check_ted_branco;  PASSANDO PARA PRÓXIMO REGISTRO
04-05-2024 07:20:09.368Z;functions.check_ted_branco;  REFERNCIA: 946923
04-05-2024 07:20:09.669Z;functions.check_ted_branco;  ENTRANDO NO REGISTRO 
04-05-2024 07:20:12.881Z;functions.waitForImage;  INTEGRAÇÃO BANCÁRIA image found.
04-05-2024 07:20:13.014Z;functions.check_ted_branco;  CLICA EM INTEGRAÇÃO BANCÁRIA
04-05-2024 07:20:13.014Z;functions.check_ted_branco;  VERIFICANDO INFORMAÇÕES
04-05-2024 07:20:13.747Z;functions.waitForImage;  TRES PONTINHOS image found.
04-05-2024 07:20:24.269Z;functions.check_ted_branco;  VERIFICANDO SE TEM PIX NO FILTRO
04-05-2024 07:20:24.363Z;functions.waitForImage;  CHECANDO DADOS BANCÁRIOS PIX image found.
04-05-2024 07:20:26.373Z;functions.check_ted_branco;  PIX NÃO ENCONTRADO PARA REFERENCIA: 946923
04-05-2024 07:20:30.081Z;functions.check_ted_branco;  APERTA EM CANCELAR
04-05-2024 07:20:30.175Z;functions.waitForImage;  PRESS BUTTON OK image found.
04-05-2024 07:20:32.311Z;functions.click_ok;  PRESS BUTTON OK
04-05-2024 07:20:44.728Z;functions.waitForImage;  ERROR GENERICO image not found.
04-05-2024 07:20:49.746Z;functions.waitForImage;  ERROR FILTRO PIX image not found.
04-05-2024 07:20:53.859Z;functions.check_ted_branco;  PASSANDO PARA PRÓXIMO REGISTRO
04-05-2024 07:20:57.961Z;functions.check_ted_branco;  REFERNCIA: 947339
04-05-2024 07:20:58.262Z;functions.check_ted_branco;  ENTRANDO NO REGISTRO 
04-05-2024 07:21:01.473Z;functions.waitForImage;  INTEGRAÇÃO BANCÁRIA image found.
04-05-2024 07:21:01.606Z;functions.check_ted_branco;  CLICA EM INTEGRAÇÃO BANCÁRIA
04-05-2024 07:21:01.606Z;functions.check_ted_branco;  VERIFICANDO INFORMAÇÕES
04-05-2024 07:21:02.310Z;functions.waitForImage;  TRES PONTINHOS image found.
04-05-2024 07:21:12.834Z;functions.check_ted_branco;  VERIFICANDO SE TEM PIX NO FILTRO
04-05-2024 07:21:12.928Z;functions.waitForImage;  CHECANDO DADOS BANCÁRIOS PIX image found.
04-05-2024 07:21:14.938Z;functions.check_ted_branco;  PIX NÃO ENCONTRADO PARA REFERENCIA: 947339
04-05-2024 07:21:18.646Z;functions.check_ted_branco;  APERTA EM CANCELAR
04-05-2024 07:21:18.747Z;functions.waitForImage;  PRESS BUTTON OK image found.
04-05-2024 07:21:20.881Z;functions.click_ok;  PRESS BUTTON OK
04-05-2024 07:21:33.304Z;functions.waitForImage;  ERROR GENERICO image not found.
04-05-2024 07:21:38.340Z;functions.waitForImage;  ERROR FILTRO PIX image not found.
04-05-2024 07:21:42.444Z;functions.check_ted_branco;  PASSANDO PARA PRÓXIMO REGISTRO
04-05-2024 07:21:46.546Z;functions.check_ted_branco;  REFERNCIA: 947550
04-05-2024 07:21:46.847Z;functions.check_ted_branco;  ENTRANDO NO REGISTRO 
04-05-2024 07:21:50.059Z;functions.waitForImage;  INTEGRAÇÃO BANCÁRIA image found.
04-05-2024 07:21:50.175Z;functions.check_ted_branco;  CLICA EM INTEGRAÇÃO BANCÁRIA
04-05-2024 07:21:50.175Z;functions.check_ted_branco;  VERIFICANDO INFORMAÇÕES
04-05-2024 07:21:50.880Z;functions.waitForImage;  TRES PONTINHOS image found.
04-05-2024 07:22:01.404Z;functions.check_ted_branco;  VERIFICANDO SE TEM PIX NO FILTRO
04-05-2024 07:22:01.498Z;functions.waitForImage;  CHECANDO DADOS BANCÁRIOS PIX image found.
04-05-2024 07:22:03.508Z;functions.check_ted_branco;  PIX NÃO ENCONTRADO PARA REFERENCIA: 947550
04-05-2024 07:22:07.214Z;functions.check_ted_branco;  APERTA EM CANCELAR
04-05-2024 07:22:07.308Z;functions.waitForImage;  PRESS BUTTON OK image found.
04-05-2024 07:22:09.436Z;functions.click_ok;  PRESS BUTTON OK
04-05-2024 07:22:21.778Z;functions.waitForImage;  ERROR GENERICO image not found.
04-05-2024 07:22:26.826Z;functions.waitForImage;  ERROR FILTRO PIX image not found.
04-05-2024 07:22:30.932Z;functions.check_ted_branco;  PASSANDO PARA PRÓXIMO REGISTRO
04-05-2024 07:22:35.034Z;functions.check_ted_branco;  REFERNCIA: 947564
04-05-2024 07:22:35.335Z;functions.check_ted_branco;  ENTRANDO NO REGISTRO 
04-05-2024 07:22:38.544Z;functions.waitForImage;  INTEGRAÇÃO BANCÁRIA image found.
04-05-2024 07:22:38.660Z;functions.check_ted_branco;  CLICA EM INTEGRAÇÃO BANCÁRIA
04-05-2024 07:22:38.660Z;functions.check_ted_branco;  VERIFICANDO INFORMAÇÕES
04-05-2024 07:22:38.794Z;functions.waitForImage;  TRES PONTINHOS image found.
04-05-2024 07:22:49.315Z;functions.check_ted_branco;  VERIFICANDO SE TEM PIX NO FILTRO
04-05-2024 07:22:49.408Z;functions.waitForImage;  CHECANDO DADOS BANCÁRIOS PIX image found.
04-05-2024 07:22:51.420Z;functions.check_ted_branco;  PIX NÃO ENCONTRADO PARA REFERENCIA: 947564
04-05-2024 07:22:55.127Z;functions.check_ted_branco;  APERTA EM CANCELAR
04-05-2024 07:22:55.220Z;functions.waitForImage;  PRESS BUTTON OK image found.
04-05-2024 07:22:57.347Z;functions.click_ok;  PRESS BUTTON OK
04-05-2024 07:23:09.746Z;functions.waitForImage;  ERROR GENERICO image not found.
04-05-2024 07:23:14.747Z;functions.waitForImage;  ERROR FILTRO PIX image not found.
04-05-2024 07:23:18.851Z;functions.check_ted_branco;  PASSANDO PARA PRÓXIMO REGISTRO
04-05-2024 07:23:22.953Z;functions.check_ted_branco;  REFERNCIA: 947589
04-05-2024 07:23:23.253Z;functions.check_ted_branco;  ENTRANDO NO REGISTRO 
04-05-2024 07:23:26.465Z;functions.waitForImage;  INTEGRAÇÃO BANCÁRIA image found.
04-05-2024 07:23:26.597Z;functions.check_ted_branco;  CLICA EM INTEGRAÇÃO BANCÁRIA
04-05-2024 07:23:26.597Z;functions.check_ted_branco;  VERIFICANDO INFORMAÇÕES
04-05-2024 07:23:26.732Z;functions.waitForImage;  TRES PONTINHOS image found.
04-05-2024 07:23:37.244Z;functions.check_ted_branco;  VERIFICANDO SE TEM PIX NO FILTRO
04-05-2024 07:23:37.338Z;functions.waitForImage;  CHECANDO DADOS BANCÁRIOS PIX image found.
04-05-2024 07:23:39.349Z;functions.check_ted_branco;  PIX NÃO ENCONTRADO PARA REFERENCIA: 947589
04-05-2024 07:23:43.056Z;functions.check_ted_branco;  APERTA EM CANCELAR
04-05-2024 07:23:43.180Z;functions.waitForImage;  PRESS BUTTON OK image found.
04-05-2024 07:23:45.301Z;functions.click_ok;  PRESS BUTTON OK
04-05-2024 07:23:57.731Z;functions.waitForImage;  ERROR GENERICO image not found.
04-05-2024 07:24:02.747Z;functions.waitForImage;  ERROR FILTRO PIX image not found.
04-05-2024 07:24:06.862Z;functions.check_ted_branco;  PASSANDO PARA PRÓXIMO REGISTRO
04-05-2024 07:24:10.965Z;functions.check_ted_branco;  REFERNCIA: 947662
04-05-2024 07:24:11.266Z;functions.check_ted_branco;  ENTRANDO NO REGISTRO 
04-05-2024 07:24:14.477Z;functions.waitForImage;  INTEGRAÇÃO BANCÁRIA image found.
04-05-2024 07:24:14.593Z;functions.check_ted_branco;  CLICA EM INTEGRAÇÃO BANCÁRIA
04-05-2024 07:24:14.593Z;functions.check_ted_branco;  VERIFICANDO INFORMAÇÕES
04-05-2024 07:24:14.732Z;functions.waitForImage;  TRES PONTINHOS image found.
04-05-2024 07:24:25.245Z;functions.check_ted_branco;  VERIFICANDO SE TEM PIX NO FILTRO
04-05-2024 07:24:25.339Z;functions.waitForImage;  CHECANDO DADOS BANCÁRIOS PIX image found.
04-05-2024 07:24:27.350Z;functions.check_ted_branco;  PIX NÃO ENCONTRADO PARA REFERENCIA: 947662
04-05-2024 07:24:31.056Z;functions.check_ted_branco;  APERTA EM CANCELAR
04-05-2024 07:24:31.150Z;functions.waitForImage;  PRESS BUTTON OK image found.
04-05-2024 07:24:33.276Z;functions.click_ok;  PRESS BUTTON OK
04-05-2024 07:24:45.655Z;functions.waitForImage;  ERROR GENERICO image not found.
04-05-2024 07:24:50.675Z;functions.waitForImage;  ERROR FILTRO PIX image not found.
04-05-2024 07:24:54.792Z;functions.check_ted_branco;  PASSANDO PARA PRÓXIMO REGISTRO
04-05-2024 07:24:58.894Z;functions.check_ted_branco;  REFERNCIA: 947730
04-05-2024 07:24:59.195Z;functions.check_ted_branco;  ENTRANDO NO REGISTRO 
04-05-2024 07:25:02.406Z;functions.waitForImage;  INTEGRAÇÃO BANCÁRIA image found.
04-05-2024 07:25:02.539Z;functions.check_ted_branco;  CLICA EM INTEGRAÇÃO BANCÁRIA
04-05-2024 07:25:02.539Z;functions.check_ted_branco;  VERIFICANDO INFORMAÇÕES
04-05-2024 07:25:03.263Z;functions.waitForImage;  TRES PONTINHOS image found.
04-05-2024 07:25:13.789Z;functions.check_ted_branco;  VERIFICANDO SE TEM PIX NO FILTRO
04-05-2024 07:25:13.883Z;functions.waitForImage;  CHECANDO DADOS BANCÁRIOS PIX image found.
04-05-2024 07:25:15.894Z;functions.check_ted_branco;  PIX NÃO ENCONTRADO PARA REFERENCIA: 947730
04-05-2024 07:25:19.600Z;functions.check_ted_branco;  APERTA EM CANCELAR
04-05-2024 07:25:19.702Z;functions.waitForImage;  PRESS BUTTON OK image found.
04-05-2024 07:25:21.833Z;functions.click_ok;  PRESS BUTTON OK
04-05-2024 07:25:34.212Z;functions.waitForImage;  ERROR GENERICO image not found.
04-05-2024 07:25:39.216Z;functions.waitForImage;  ERROR FILTRO PIX image not found.
04-05-2024 07:25:43.320Z;functions.check_ted_branco;  PASSANDO PARA PRÓXIMO REGISTRO
04-05-2024 07:25:47.422Z;functions.check_ted_branco;  REFERNCIA: 941356
04-05-2024 07:25:47.723Z;functions.check_ted_branco;  ENTRANDO NO REGISTRO 
04-05-2024 07:25:50.934Z;functions.waitForImage;  INTEGRAÇÃO BANCÁRIA image found.
04-05-2024 07:25:51.066Z;functions.check_ted_branco;  CLICA EM INTEGRAÇÃO BANCÁRIA
04-05-2024 07:25:51.067Z;functions.check_ted_branco;  VERIFICANDO INFORMAÇÕES
04-05-2024 07:25:51.192Z;functions.waitForImage;  TRES PONTINHOS image found.
04-05-2024 07:26:01.709Z;functions.check_ted_branco;  VERIFICANDO SE TEM PIX NO FILTRO
04-05-2024 07:26:01.809Z;functions.waitForImage;  CHECANDO DADOS BANCÁRIOS PIX image found.
04-05-2024 07:26:03.820Z;functions.check_ted_branco;  PIX NÃO ENCONTRADO PARA REFERENCIA: 941356
04-05-2024 07:26:07.526Z;functions.check_ted_branco;  APERTA EM CANCELAR
04-05-2024 07:26:07.620Z;functions.waitForImage;  PRESS BUTTON OK image found.
04-05-2024 07:26:09.752Z;functions.click_ok;  PRESS BUTTON OK
04-05-2024 07:26:22.157Z;functions.waitForImage;  ERROR GENERICO image not found.
04-05-2024 07:26:27.162Z;functions.waitForImage;  ERROR FILTRO PIX image not found.
04-05-2024 07:26:31.265Z;functions.check_ted_branco;  PASSANDO PARA PRÓXIMO REGISTRO
04-05-2024 07:26:35.367Z;functions.check_ted_branco;  REFERNCIA: 938650
04-05-2024 07:26:35.668Z;functions.check_ted_branco;  ENTRANDO NO REGISTRO 
04-05-2024 07:26:38.880Z;functions.waitForImage;  INTEGRAÇÃO BANCÁRIA image found.
04-05-2024 07:26:39.012Z;functions.check_ted_branco;  CLICA EM INTEGRAÇÃO BANCÁRIA
04-05-2024 07:26:39.012Z;functions.check_ted_branco;  VERIFICANDO INFORMAÇÕES
04-05-2024 07:26:39.725Z;functions.waitForImage;  TRES PONTINHOS image found.
04-05-2024 07:26:50.239Z;functions.check_ted_branco;  VERIFICANDO SE TEM PIX NO FILTRO
04-05-2024 07:26:50.332Z;functions.waitForImage;  CHECANDO DADOS BANCÁRIOS PIX image found.
04-05-2024 07:26:52.345Z;functions.check_ted_branco;  PIX NÃO ENCONTRADO PARA REFERENCIA: 938650
04-05-2024 07:26:56.051Z;functions.check_ted_branco;  APERTA EM CANCELAR
04-05-2024 07:26:56.145Z;functions.waitForImage;  PRESS BUTTON OK image found.
04-05-2024 07:26:58.301Z;functions.click_ok;  PRESS BUTTON OK
04-05-2024 07:27:10.659Z;functions.waitForImage;  ERROR GENERICO image not found.
04-05-2024 07:27:15.702Z;functions.waitForImage;  ERROR FILTRO PIX image not found.
04-05-2024 07:27:19.804Z;functions.check_ted_branco;  PASSANDO PARA PRÓXIMO REGISTRO
04-05-2024 07:27:23.906Z;functions.check_ted_branco;  REFERNCIA: 946313
04-05-2024 07:27:24.207Z;functions.check_ted_branco;  ENTRANDO NO REGISTRO 
04-05-2024 07:27:27.419Z;functions.waitForImage;  INTEGRAÇÃO BANCÁRIA image found.
04-05-2024 07:27:27.552Z;functions.check_ted_branco;  CLICA EM INTEGRAÇÃO BANCÁRIA
04-05-2024 07:27:27.552Z;functions.check_ted_branco;  VERIFICANDO INFORMAÇÕES
04-05-2024 07:27:27.683Z;functions.waitForImage;  TRES PONTINHOS image found.
04-05-2024 07:27:38.207Z;functions.check_ted_branco;  VERIFICANDO SE TEM PIX NO FILTRO
04-05-2024 07:27:38.325Z;functions.waitForImage;  CHECANDO DADOS BANCÁRIOS PIX image found.
04-05-2024 07:27:40.326Z;functions.check_ted_branco;  PIX NÃO ENCONTRADO PARA REFERENCIA: 946313
04-05-2024 07:27:44.032Z;functions.check_ted_branco;  APERTA EM CANCELAR
04-05-2024 07:27:44.126Z;functions.waitForImage;  PRESS BUTTON OK image found.
04-05-2024 07:27:46.255Z;functions.click_ok;  PRESS BUTTON OK
04-05-2024 07:27:58.703Z;functions.waitForImage;  ERROR GENERICO image not found.
04-05-2024 07:28:03.763Z;functions.waitForImage;  ERROR FILTRO PIX image not found.
04-05-2024 07:28:07.877Z;functions.check_ted_branco;  PASSANDO PARA PRÓXIMO REGISTRO
04-05-2024 07:28:11.979Z;functions.check_ted_branco;  REFERNCIA: 946317
04-05-2024 07:28:12.280Z;functions.check_ted_branco;  ENTRANDO NO REGISTRO 
04-05-2024 07:28:15.524Z;functions.waitForImage;  INTEGRAÇÃO BANCÁRIA image found.
04-05-2024 07:28:15.656Z;functions.check_ted_branco;  CLICA EM INTEGRAÇÃO BANCÁRIA
04-05-2024 07:28:15.656Z;functions.check_ted_branco;  VERIFICANDO INFORMAÇÕES
04-05-2024 07:28:15.794Z;functions.waitForImage;  TRES PONTINHOS image found.
04-05-2024 07:28:26.310Z;functions.check_ted_branco;  VERIFICANDO SE TEM PIX NO FILTRO
04-05-2024 07:28:26.420Z;functions.waitForImage;  CHECANDO DADOS BANCÁRIOS PIX image found.
04-05-2024 07:28:28.421Z;functions.check_ted_branco;  PIX NÃO ENCONTRADO PARA REFERENCIA: 946317
04-05-2024 07:28:32.128Z;functions.check_ted_branco;  APERTA EM CANCELAR
04-05-2024 07:28:32.222Z;functions.waitForImage;  PRESS BUTTON OK image found.
04-05-2024 07:28:34.349Z;functions.click_ok;  PRESS BUTTON OK
04-05-2024 07:28:46.746Z;functions.waitForImage;  ERROR GENERICO image not found.
04-05-2024 07:28:51.794Z;functions.waitForImage;  ERROR FILTRO PIX image not found.
04-05-2024 07:28:55.903Z;functions.check_ted_branco;  PASSANDO PARA PRÓXIMO REGISTRO
04-05-2024 07:29:00.005Z;functions.check_ted_branco;  REFERNCIA: 946748
04-05-2024 07:29:00.306Z;functions.check_ted_branco;  ENTRANDO NO REGISTRO 
04-05-2024 07:29:03.512Z;functions.waitForImage;  INTEGRAÇÃO BANCÁRIA image found.
04-05-2024 07:29:03.629Z;functions.check_ted_branco;  CLICA EM INTEGRAÇÃO BANCÁRIA
04-05-2024 07:29:03.629Z;functions.check_ted_branco;  VERIFICANDO INFORMAÇÕES
04-05-2024 07:29:04.349Z;functions.waitForImage;  TRES PONTINHOS image found.
04-05-2024 07:29:14.875Z;functions.check_ted_branco;  VERIFICANDO SE TEM PIX NO FILTRO
04-05-2024 07:29:14.969Z;functions.waitForImage;  CHECANDO DADOS BANCÁRIOS PIX image found.
04-05-2024 07:29:16.980Z;functions.check_ted_branco;  PIX NÃO ENCONTRADO PARA REFERENCIA: 946748
04-05-2024 07:29:20.686Z;functions.check_ted_branco;  APERTA EM CANCELAR
04-05-2024 07:29:20.778Z;functions.waitForImage;  PRESS BUTTON OK image found.
04-05-2024 07:29:22.909Z;functions.click_ok;  PRESS BUTTON OK
04-05-2024 07:29:35.303Z;functions.waitForImage;  ERROR GENERICO image not found.
04-05-2024 07:29:40.336Z;functions.waitForImage;  ERROR FILTRO PIX image not found.
04-05-2024 07:29:44.439Z;functions.check_ted_branco;  PASSANDO PARA PRÓXIMO REGISTRO
04-05-2024 07:29:48.541Z;functions.check_ted_branco;  REFERNCIA: 947162
04-05-2024 07:29:48.842Z;functions.check_ted_branco;  ENTRANDO NO REGISTRO 
04-05-2024 07:29:52.053Z;functions.waitForImage;  INTEGRAÇÃO BANCÁRIA image found.
04-05-2024 07:29:52.185Z;functions.check_ted_branco;  CLICA EM INTEGRAÇÃO BANCÁRIA
04-05-2024 07:29:52.185Z;functions.check_ted_branco;  VERIFICANDO INFORMAÇÕES
04-05-2024 07:29:52.907Z;functions.waitForImage;  TRES PONTINHOS image found.
04-05-2024 07:30:03.430Z;functions.check_ted_branco;  VERIFICANDO SE TEM PIX NO FILTRO
04-05-2024 07:30:03.528Z;functions.waitForImage;  CHECANDO DADOS BANCÁRIOS PIX image found.
04-05-2024 07:30:05.534Z;functions.check_ted_branco;  PIX NÃO ENCONTRADO PARA REFERENCIA: 947162
04-05-2024 07:30:09.243Z;functions.check_ted_branco;  APERTA EM CANCELAR
04-05-2024 07:30:09.337Z;functions.waitForImage;  PRESS BUTTON OK image found.
04-05-2024 07:30:11.466Z;functions.click_ok;  PRESS BUTTON OK
04-05-2024 07:30:23.889Z;functions.waitForImage;  ERROR GENERICO image not found.
04-05-2024 07:30:28.912Z;functions.waitForImage;  ERROR FILTRO PIX image not found.
04-05-2024 07:30:33.016Z;functions.check_ted_branco;  PASSANDO PARA PRÓXIMO REGISTRO
04-05-2024 07:30:37.119Z;functions.check_ted_branco;  REFERNCIA: 947310
04-05-2024 07:30:37.420Z;functions.check_ted_branco;  ENTRANDO NO REGISTRO 
04-05-2024 07:30:40.631Z;functions.waitForImage;  INTEGRAÇÃO BANCÁRIA image found.
04-05-2024 07:30:40.763Z;functions.check_ted_branco;  CLICA EM INTEGRAÇÃO BANCÁRIA
04-05-2024 07:30:40.763Z;functions.check_ted_branco;  VERIFICANDO INFORMAÇÕES
04-05-2024 07:30:40.899Z;functions.waitForImage;  TRES PONTINHOS image found.
04-05-2024 07:30:51.416Z;functions.check_ted_branco;  VERIFICANDO SE TEM PIX NO FILTRO
04-05-2024 07:30:51.510Z;functions.waitForImage;  CHECANDO DADOS BANCÁRIOS PIX image found.
04-05-2024 07:30:53.519Z;functions.check_ted_branco;  PIX NÃO ENCONTRADO PARA REFERENCIA: 947310
04-05-2024 07:30:57.226Z;functions.check_ted_branco;  APERTA EM CANCELAR
04-05-2024 07:30:57.320Z;functions.waitForImage;  PRESS BUTTON OK image found.
04-05-2024 07:30:59.449Z;functions.click_ok;  PRESS BUTTON OK
04-05-2024 07:31:11.825Z;functions.waitForImage;  ERROR GENERICO image not found.
04-05-2024 07:31:16.862Z;functions.waitForImage;  ERROR FILTRO PIX image not found.
04-05-2024 07:31:20.965Z;functions.check_ted_branco;  PASSANDO PARA PRÓXIMO REGISTRO
04-05-2024 07:31:25.069Z;functions.check_ted_branco;  REFERNCIA: 947444
04-05-2024 07:31:25.370Z;functions.check_ted_branco;  ENTRANDO NO REGISTRO 
04-05-2024 07:31:28.582Z;functions.waitForImage;  INTEGRAÇÃO BANCÁRIA image found.
04-05-2024 07:31:28.715Z;functions.check_ted_branco;  CLICA EM INTEGRAÇÃO BANCÁRIA
04-05-2024 07:31:28.715Z;functions.check_ted_branco;  VERIFICANDO INFORMAÇÕES
04-05-2024 07:31:28.841Z;functions.waitForImage;  TRES PONTINHOS image found.
04-05-2024 07:31:39.361Z;functions.check_ted_branco;  VERIFICANDO SE TEM PIX NO FILTRO
04-05-2024 07:31:39.455Z;functions.waitForImage;  CHECANDO DADOS BANCÁRIOS PIX image found.
04-05-2024 07:31:41.466Z;functions.check_ted_branco;  PIX NÃO ENCONTRADO PARA REFERENCIA: 947444
04-05-2024 07:31:45.173Z;functions.check_ted_branco;  APERTA EM CANCELAR
04-05-2024 07:31:45.267Z;functions.waitForImage;  PRESS BUTTON OK image found.
04-05-2024 07:31:47.400Z;functions.click_ok;  PRESS BUTTON OK
04-05-2024 07:31:59.809Z;functions.waitForImage;  ERROR GENERICO image not found.
04-05-2024 07:32:04.840Z;functions.waitForImage;  ERROR FILTRO PIX image not found.
04-05-2024 07:32:08.942Z;functions.check_ted_branco;  PASSANDO PARA PRÓXIMO REGISTRO
04-05-2024 07:32:13.045Z;functions.check_ted_branco;  REFERNCIA: 947445
04-05-2024 07:32:13.346Z;functions.check_ted_branco;  ENTRANDO NO REGISTRO 
04-05-2024 07:32:16.558Z;functions.waitForImage;  INTEGRAÇÃO BANCÁRIA image found.
04-05-2024 07:32:16.691Z;functions.check_ted_branco;  CLICA EM INTEGRAÇÃO BANCÁRIA
04-05-2024 07:32:16.691Z;functions.check_ted_branco;  VERIFICANDO INFORMAÇÕES
04-05-2024 07:32:16.825Z;functions.waitForImage;  TRES PONTINHOS image found.
04-05-2024 07:32:27.344Z;functions.check_ted_branco;  VERIFICANDO SE TEM PIX NO FILTRO
04-05-2024 07:32:27.437Z;functions.waitForImage;  CHECANDO DADOS BANCÁRIOS PIX image found.
04-05-2024 07:32:29.448Z;functions.check_ted_branco;  PIX NÃO ENCONTRADO PARA REFERENCIA: 947445
04-05-2024 07:32:33.154Z;functions.check_ted_branco;  APERTA EM CANCELAR
04-05-2024 07:32:33.262Z;functions.waitForImage;  PRESS BUTTON OK image found.
04-05-2024 07:32:35.389Z;functions.click_ok;  PRESS BUTTON OK
04-05-2024 07:32:47.747Z;functions.waitForImage;  ERROR GENERICO image not found.
04-05-2024 07:32:52.810Z;functions.waitForImage;  ERROR FILTRO PIX image not found.
04-05-2024 07:32:56.917Z;functions.check_ted_branco;  PASSANDO PARA PRÓXIMO REGISTRO
04-05-2024 07:33:01.020Z;functions.check_ted_branco;  REFERNCIA: 947446
04-05-2024 07:33:01.321Z;functions.check_ted_branco;  ENTRANDO NO REGISTRO 
04-05-2024 07:33:04.532Z;functions.waitForImage;  INTEGRAÇÃO BANCÁRIA image found.
04-05-2024 07:33:04.665Z;functions.check_ted_branco;  CLICA EM INTEGRAÇÃO BANCÁRIA
04-05-2024 07:33:04.665Z;functions.check_ted_branco;  VERIFICANDO INFORMAÇÕES
04-05-2024 07:33:05.369Z;functions.waitForImage;  TRES PONTINHOS image found.
04-05-2024 07:33:15.894Z;functions.check_ted_branco;  VERIFICANDO SE TEM PIX NO FILTRO
04-05-2024 07:33:15.988Z;functions.waitForImage;  CHECANDO DADOS BANCÁRIOS PIX image found.
04-05-2024 07:33:17.999Z;functions.check_ted_branco;  PIX NÃO ENCONTRADO PARA REFERENCIA: 947446
04-05-2024 07:33:21.706Z;functions.check_ted_branco;  APERTA EM CANCELAR
04-05-2024 07:33:21.809Z;functions.waitForImage;  PRESS BUTTON OK image found.
04-05-2024 07:33:23.937Z;functions.click_ok;  PRESS BUTTON OK
04-05-2024 07:33:36.329Z;functions.waitForImage;  ERROR GENERICO image not found.
04-05-2024 07:33:41.364Z;functions.waitForImage;  ERROR FILTRO PIX image not found.
04-05-2024 07:33:45.476Z;functions.check_ted_branco;  PASSANDO PARA PRÓXIMO REGISTRO
04-05-2024 07:33:49.578Z;functions.check_ted_branco;  REFERNCIA: 947447
04-05-2024 07:33:49.879Z;functions.check_ted_branco;  ENTRANDO NO REGISTRO 
04-05-2024 07:33:53.104Z;functions.waitForImage;  INTEGRAÇÃO BANCÁRIA image found.
04-05-2024 07:33:53.230Z;functions.check_ted_branco;  CLICA EM INTEGRAÇÃO BANCÁRIA
04-05-2024 07:33:53.230Z;functions.check_ted_branco;  VERIFICANDO INFORMAÇÕES
04-05-2024 07:33:53.349Z;functions.waitForImage;  TRES PONTINHOS image found.
04-05-2024 07:34:03.862Z;functions.check_ted_branco;  VERIFICANDO SE TEM PIX NO FILTRO
04-05-2024 07:34:03.955Z;functions.waitForImage;  CHECANDO DADOS BANCÁRIOS PIX image found.
04-05-2024 07:34:05.967Z;functions.check_ted_branco;  PIX NÃO ENCONTRADO PARA REFERENCIA: 947447
04-05-2024 07:34:09.675Z;functions.check_ted_branco;  APERTA EM CANCELAR
04-05-2024 07:34:09.779Z;functions.waitForImage;  PRESS BUTTON OK image found.
04-05-2024 07:34:11.899Z;functions.click_ok;  PRESS BUTTON OK
04-05-2024 07:34:24.291Z;functions.waitForImage;  ERROR GENERICO image not found.
04-05-2024 07:34:29.344Z;functions.waitForImage;  ERROR FILTRO PIX image not found.
04-05-2024 07:34:33.452Z;functions.check_ted_branco;  PASSANDO PARA PRÓXIMO REGISTRO
04-05-2024 07:34:37.554Z;functions.check_ted_branco;  REFERNCIA: 947641
04-05-2024 07:34:37.854Z;functions.check_ted_branco;  ENTRANDO NO REGISTRO 
04-05-2024 07:34:41.066Z;functions.waitForImage;  INTEGRAÇÃO BANCÁRIA image found.
04-05-2024 07:34:41.183Z;functions.check_ted_branco;  CLICA EM INTEGRAÇÃO BANCÁRIA
04-05-2024 07:34:41.183Z;functions.check_ted_branco;  VERIFICANDO INFORMAÇÕES
04-05-2024 07:34:41.312Z;functions.waitForImage;  TRES PONTINHOS image found.
04-05-2024 07:34:51.827Z;functions.check_ted_branco;  VERIFICANDO SE TEM PIX NO FILTRO
04-05-2024 07:34:51.921Z;functions.waitForImage;  CHECANDO DADOS BANCÁRIOS PIX image found.
04-05-2024 07:34:53.933Z;functions.check_ted_branco;  PIX NÃO ENCONTRADO PARA REFERENCIA: 947641
04-05-2024 07:34:57.640Z;functions.check_ted_branco;  APERTA EM CANCELAR
04-05-2024 07:34:57.743Z;functions.waitForImage;  PRESS BUTTON OK image found.
04-05-2024 07:34:59.850Z;functions.click_ok;  PRESS BUTTON OK
04-05-2024 07:35:12.268Z;functions.waitForImage;  ERROR GENERICO image not found.
04-05-2024 07:35:17.297Z;functions.waitForImage;  ERROR FILTRO PIX image not found.
04-05-2024 07:35:21.404Z;functions.check_ted_branco;  PASSANDO PARA PRÓXIMO REGISTRO
04-05-2024 07:35:25.506Z;functions.check_ted_branco;  REFERNCIA: 947642
04-05-2024 07:35:25.807Z;functions.check_ted_branco;  ENTRANDO NO REGISTRO 
04-05-2024 07:35:29.019Z;functions.waitForImage;  INTEGRAÇÃO BANCÁRIA image found.
04-05-2024 07:35:29.152Z;functions.check_ted_branco;  CLICA EM INTEGRAÇÃO BANCÁRIA
04-05-2024 07:35:29.152Z;functions.check_ted_branco;  VERIFICANDO INFORMAÇÕES
04-05-2024 07:35:29.859Z;functions.waitForImage;  TRES PONTINHOS image found.
04-05-2024 07:35:40.383Z;functions.check_ted_branco;  VERIFICANDO SE TEM PIX NO FILTRO
04-05-2024 07:35:40.477Z;functions.waitForImage;  CHECANDO DADOS BANCÁRIOS PIX image found.
04-05-2024 07:35:42.486Z;functions.check_ted_branco;  PIX NÃO ENCONTRADO PARA REFERENCIA: 947642
04-05-2024 07:35:46.193Z;functions.check_ted_branco;  APERTA EM CANCELAR
04-05-2024 07:35:46.287Z;functions.waitForImage;  PRESS BUTTON OK image found.
04-05-2024 07:35:48.429Z;functions.click_ok;  PRESS BUTTON OK
04-05-2024 07:36:00.462Z;functions.waitForImage;  ERROR GENERICO image not found.
04-05-2024 07:36:05.628Z;functions.waitForImage;  ERROR FILTRO PIX image not found.
04-05-2024 07:36:05.628Z;functions.check_ted_branco;  FORAI VERIFICADO: 21 REFERENCIAS NO PROCESSAMENTO FORMA DE PAGAMENTO ELETRONICA EM BRANCO
04-05-2024 07:36:07.434Z;errorhandler.__handle;  Property: Unknown Property name. [1:203: -ms-interpolation-mode]
04-05-2024 07:36:07.450Z;errorhandler.__handle;  Property: Unknown Property name. [1:353: -webkit-font-smoothing]
04-05-2024 07:36:07.450Z;errorhandler.__handle;  Property: Unknown Property name. [1:483: -ms-text-size-adjust]
04-05-2024 07:36:07.450Z;errorhandler.__handle;  Property: Unknown Property name. [1:518: -webkit-text-size-adjust]
04-05-2024 07:36:07.450Z;errorhandler.__handle;  Property: Unknown Property name. [1:612: mso-table-lspace]
04-05-2024 07:36:07.450Z;errorhandler.__handle;  Property: Unknown Property name. [1:642: mso-table-rspace]
04-05-2024 07:36:07.497Z;errorhandler.__handle;  Property: Unknown Property name. [1:4734: mso-hide]
04-05-2024 07:36:07.528Z;errorhandler.__handle;  Property: Unknown Property name. [1:13: -ms-interpolation-mode]
04-05-2024 07:36:07.528Z;errorhandler.__handle;  Property: Unknown Property name. [1:49: -webkit-font-smoothing]
04-05-2024 07:36:07.528Z;errorhandler.__handle;  Property: Unknown Property name. [1:134: -ms-text-size-adjust]
04-05-2024 07:36:07.528Z;errorhandler.__handle;  Property: Unknown Property name. [1:160: -webkit-text-size-adjust]
04-05-2024 07:36:07.528Z;errorhandler.__handle;  Property: Unknown Property name. [1:26: mso-table-lspace]
04-05-2024 07:36:07.528Z;errorhandler.__handle;  Property: Unknown Property name. [1:45: mso-table-rspace]
04-05-2024 07:36:07.528Z;errorhandler.__handle;  Property: Unknown Property name. [1:92: mso-hide]
04-05-2024 07:36:07.543Z;errorhandler.__handle;  Property: No ":" after name found: align-center [1:1: align-center]
04-05-2024 07:36:07.543Z;errorhandler.__handle;  Property: No property value found: align-center [1:1: align-center]
04-05-2024 07:36:07.543Z;errorhandler.__handle;  CSSStyleDeclaration: Syntax Error in Property: align-center
04-05-2024 07:36:07.543Z;errorhandler.__handle;  Property: Unknown Property name. [1:14: -ms-interpolation-mode]
04-05-2024 07:36:09.717Z;functions.emailFinalizado;  Warning e-mail sent.
04-05-2024 07:36:09.717Z;main.<module>;  Remessa Bancária TED CIP com filtro de pagamento eletronica em branco modificadas para pix 
 PASSO 3 FINALIZADO
04-05-2024 07:36:09.717Z;main.<module>;  O PROGRAMA SERÁ ENCERRADO
04-05-2024 07:36:10.656Z;errorhandler.__handle;  Property: Unknown Property name. [1:14: -ms-interpolation-mode]
04-05-2024 07:36:12.637Z;functions.emailFinalizado;  Warning e-mail sent.
04-05-2024 07:36:12.735Z;functions.end_RM;  RM ENCERRADO
