04-05-2024 15:00:21.121Z;functions.bot_text_art;      ____   
04-05-2024 15:00:21.121Z;functions.bot_text_art;     [____]    
04-05-2024 15:00:21.121Z;functions.bot_text_art;   |=]()()[=|  
04-05-2024 15:00:21.121Z;functions.bot_text_art;     _\==/__    _____    ____     _        _____    ___   _  __
04-05-2024 15:00:21.121Z;functions.bot_text_art;   |__|   |_|  |  _  \  / ___|   | |      |_   _| / ___| | |/ /
04-05-2024 15:00:21.121Z;functions.bot_text_art;   |_|_/\_|_|  | |  | | | |      | |        | |   | |    | ' / 
04-05-2024 15:00:21.121Z;functions.bot_text_art;   | | __ | |  | |  | | | |      | |        | |   | |    |  <  
04-05-2024 15:00:21.121Z;functions.bot_text_art;   |_|[  ]|_|  | |__| | | |____  | |____   _| |_  | |__  | . \ 
04-05-2024 15:00:21.121Z;functions.bot_text_art;   \_|_||_|_/  |_____/   \_____| |______| |_____| \ ___| |_|\_\
04-05-2024 15:00:21.121Z;functions.bot_text_art;     |_||_|                                                     
04-05-2024 15:00:21.121Z;functions.bot_text_art;     | ||_|_   
04-05-2024 15:00:21.121Z;functions.bot_text_art;   |___||___|  
04-05-2024 15:00:21.121Z;functions.bot_text_art;               
04-05-2024 15:00:21.121Z;functions.open_RM;  OPEN PROGRAM RM
04-05-2024 15:00:28.432Z;functions.loggin_RM;  ENTER USER_NAME
04-05-2024 15:00:32.262Z;functions.loggin_RM;  ENTER PASSWORD
04-05-2024 15:00:32.948Z;functions.loggin_RM;  ENTER RM
04-05-2024 15:02:39.293Z;functions.enter_coligada;  CLICK CONTEXTO
04-05-2024 15:02:40.761Z;functions.enter_coligada;  CLICK ALTERAR MODULO DO CONTEXTO
04-05-2024 15:02:43.060Z;functions.enter_coligada;  INSERE O COLIGADA CODE = 1
04-05-2024 15:02:43.162Z;functions.enter_coligada;  APERTA TAB PARA PREENCHER O CAMPO COM A STRING: OCEANICA ENGENHARIA E CONSULTORIA S.A.
04-05-2024 15:02:44.026Z;functions.enter_coligada;  CLICK AVANÇAR NOVAMENTE
04-05-2024 15:02:44.839Z;functions.enter_coligada;  CLICK CONCLUIR
04-05-2024 15:02:57.355Z;functions.enter_coligada;  POP UP COLIGADA DESAPARECER
04-05-2024 15:02:57.955Z;functions.check_movimentacao_bancaria;  CLICK - TOTVS - LINHA RM
04-05-2024 15:02:59.011Z;functions.check_movimentacao_bancaria;  CLICK - BACK OFFICE
04-05-2024 15:03:01.325Z;functions.check_movimentacao_bancaria;  CLICK - GESTAO FINANCEIRA
04-05-2024 15:03:04.012Z;functions.movimentacao_bancaria;  CLICA NA ABA MOVIMENTAÇÃO BANCARIA
04-05-2024 15:03:04.179Z;functions.waitForImage;  IMAGEM BORDERO image found.
04-05-2024 15:03:06.292Z;functions.movimentacao_bancaria;  IMAGEM BORDERO CLICADA.
04-05-2024 15:03:16.401Z;functions.waitForImage;  LICENCAS EXCEDIDAS image not found.
04-05-2024 15:03:16.964Z;functions.movimentacao_bancaria;  ENCONTROU O FILTRO DA MOVIMENTAÇÃO BANCÁRIA
04-05-2024 15:03:16.980Z;functions.movimentacao_bancaria;  CLICA NA ABA SUPERIOR DO FILTRO
04-05-2024 15:03:21.488Z;functions.movimentacao_bancaria;  SELECIONA O FILTRO HOJE
04-05-2024 15:03:26.601Z;functions.waitForImage;  FILTER CLEAN image found.
04-05-2024 15:03:28.722Z;functions.filter_clean;  CLICA NO BOTÃO X DO LIMPA FILTRO
04-05-2024 15:03:44.067Z;functions.waitForImage;  FILTER CLEAN image not found.
04-05-2024 15:03:59.446Z;functions.waitForImage;  FILTER CLEAN image not found.
04-05-2024 15:04:00.228Z;functions.movimentacao_bancaria;  CLICA NA PRIMEIRA LINHA DA TABELA MOVIMENTAÇÃO BANCÁRIA
04-05-2024 15:04:00.932Z;functions.movimentacao_bancaria;  CLICA NA PRIMEIRA LINHA DA TABELA MOVIMENTAÇÃO BANCÁRIA
04-05-2024 15:04:02.161Z;functions.movimentacao_bancaria;  12 PASSOS PARA DIREITA NA TABELA >>
04-05-2024 15:04:03.417Z;functions.movimentacao_bancaria;  HOVER FILTER
04-05-2024 15:04:03.751Z;functions.movimentacao_bancaria;  CLICK FILTER
04-05-2024 15:04:08.060Z;functions.movimentacao_bancaria;  CLICA NO FILTRO  STATUS DA REMESSA
04-05-2024 15:04:10.161Z;functions.movimentacao_bancaria;  APERTA TAB PARA ESCREVER O FILTRO
04-05-2024 15:04:12.266Z;functions.movimentacao_bancaria;  ESCREVE PENDENTE NO FILTRO
04-05-2024 15:04:14.367Z;functions.movimentacao_bancaria;  APERTA ENTER PARA SELECIONAR OS PENDENTES
04-05-2024 15:04:35.283Z;functions.movimentacao_bancaria;  SEM PROCESSAMENTO DE BORDERO PENDENTE
04-05-2024 15:04:45.393Z;functions.waitForImage;  FILTER CLEAN image found.
04-05-2024 15:04:47.523Z;functions.filter_clean;  CLICA NO BOTÃO X DO LIMPA FILTRO
04-05-2024 15:05:02.749Z;functions.waitForImage;  FILTER CLEAN image not found.
04-05-2024 15:05:18.043Z;functions.waitForImage;  FILTER CLEAN image not found.
04-05-2024 15:05:18.855Z;functions.processo_pagamento;  CLICA NA PRIMEIRA LINHA DA TABELA MOVIMENTAÇÃO BANCÁRIA
04-05-2024 15:05:20.108Z;functions.processo_pagamento;  HOVER FILTER
04-05-2024 15:05:20.399Z;functions.processo_pagamento;  CLICK FILTER
04-05-2024 15:05:24.712Z;functions.processo_pagamento;  CLICA NO FILTRO  STATUS DA REMESSA
04-05-2024 15:05:26.814Z;functions.processo_pagamento;  APERTA TAB PARA ESCREVER O FILTRO
04-05-2024 15:05:28.920Z;functions.processo_pagamento;  ESCREVE AUTORIZADO NO FILTRO
04-05-2024 15:05:31.021Z;functions.processo_pagamento;  APERTA ENTER PARA SELECIONAR OS AUTORIZADOS
04-05-2024 15:05:51.949Z;functions.processo_pagamento;  SEM REMESSA DE BORDERO AUTORIZADO
04-05-2024 15:05:53.050Z;functions.processo_pagamento;  FECHA ABA MOVIMENTAÇÕES BANCÁRIAS
04-05-2024 15:05:53.866Z;functions.enter_contas_a_pagar;  CLICK - TOTVS - LINHA RM
04-05-2024 15:05:54.808Z;functions.enter_contas_a_pagar;  CLICK - BACK OFFICE
04-05-2024 15:05:55.518Z;functions.enter_contas_a_pagar;  CLICK - GESTAO FINANCEIRA
04-05-2024 15:06:00.230Z;functions.enter_contas_a_pagar;  CLICK - CONTAS A PAGAR
04-05-2024 15:06:00.365Z;functions.waitForImage;  LANÇAMENTOS image found.
04-05-2024 15:06:02.495Z;functions.enter_contas_a_pagar;  CLICA EM LANÇAMENTOS
04-05-2024 15:06:18.034Z;functions.waitForImage;  LICENCAS EXCEDIDAS image not found.
04-05-2024 15:06:18.034Z;functions.obter_intervalo_data;  VERIFICANDO A HORA ATUAL 15
04-05-2024 15:06:18.034Z;functions.obter_intervalo_data;  Data Inicial BANCARIA antes da remoção: None
04-05-2024 15:06:18.034Z;functions.obter_intervalo_data;  Data Final BANCARIA antes da remoção: None
04-05-2024 15:06:18.034Z;functions.obter_intervalo_data;  Data Inicial BANCARIA após a remoção: None
04-05-2024 15:06:18.034Z;functions.obter_intervalo_data;  Data Final BANCARIA após a remoção: None
04-05-2024 15:06:18.034Z;functions.obter_intervalo_data;  hoje -  2024-05-04 15:06:18.034654
04-05-2024 15:06:18.034Z;functions.data_filter;  DATA INICIO 08-05-2024
04-05-2024 15:06:18.034Z;functions.data_filter;  DATA FIM 14-05-2024
04-05-2024 15:06:18.034Z;functions.data_filter;  CLICK - SELECIONA A DATA DE QUARTA FEIRA E DA PROXIMA TERÇA
04-05-2024 15:06:18.034Z;functions.data_filter;  QUARTA-FEIRA: 08-05-2024
04-05-2024 15:06:18.034Z;functions.data_filter;  TERCA-FEIRA: 14-05-2024
04-05-2024 15:06:26.533Z;functions.data_filter;  CLICK - BOTAO DE SELECAO DE FILTRO
04-05-2024 15:06:30.277Z;functions.data_filter;  INSERE - DATA DE QUARTA-FEIRA: 08-05-2024
04-05-2024 15:06:33.746Z;functions.data_filter;  INSERE - DATA DA PROX TERCA-FEIRA: 14-05-2024
04-05-2024 15:06:34.355Z;functions.data_filter;  CLICK - BOTAO DE EXECUTAR O FILTRO
04-05-2024 15:07:16.563Z;functions.desmark_filter;  CLICK CHECKBOX LANÇAMENTOS A RECEBER
04-05-2024 15:07:17.356Z;functions.desmark_filter;  CLICK CHECKBOX LANÇAMENTOS BAIXADOS
04-05-2024 15:07:18.168Z;functions.desmark_filter;  CLICK CHECKBOX LANÇAMENTOS CANCELADOS
04-05-2024 15:07:19.027Z;functions.desmark_filter;  CLICK CHECKBOX LANÇAMENTOS FATURADOS
04-05-2024 15:07:19.886Z;functions.desmark_filter;  CLICK CHECKBOX LANÇAMENTOS FATURADOS
04-05-2024 15:07:25.009Z;functions.waitForImage;  FILTER CLEAN image found.
04-05-2024 15:07:27.130Z;functions.filter_clean;  CLICA NO BOTÃO X DO LIMPA FILTRO
04-05-2024 15:07:42.357Z;functions.waitForImage;  FILTER CLEAN image not found.
04-05-2024 15:07:57.596Z;functions.waitForImage;  FILTER CLEAN image not found.
04-05-2024 15:07:57.596Z;functions.check_table_record;  VERIFICANDO SE A TABELA ESTÁ VAZIA
04-05-2024 15:07:58.496Z;functions.check_table_record;  Texto extraido 1/97
04-05-2024 15:07:58.496Z;functions.check_table_record;  Count 97
04-05-2024 15:07:58.496Z;functions.check_table_record;  Type <class 'int'>
04-05-2024 15:07:58.496Z;functions.check_table_record;  TABELA CONTÉM REGISTROS
04-05-2024 15:08:09.323Z;functions.select_tipo_documento;  NOME DA COLUNA: Tipo de Documento
04-05-2024 15:08:10.574Z;functions.select_tipo_documento;  HOVER NOME DA COLUNA: Tipo de Documento
04-05-2024 15:08:11.147Z;functions.select_tipo_documento;  CLICA NO FILTRO PERSONALIZAR
04-05-2024 15:08:12.110Z;functions.select_tipo_documento;  CLICA PARA SELECIONAR OPÇÕES DO FILTRO
04-05-2024 15:08:19.152Z;functions.select_tipo_documento;  CLICK BUTTON CONFIRMAR FILTRO
04-05-2024 15:08:24.153Z;functions.filter_IPTE;  VERIFICANDO O COD DO CLIENTE EM CADA REGISTRO
04-05-2024 15:08:24.880Z;functions.filter_IPTE;  CLICA NA PRIMEIRA LINHA DA TABELA
04-05-2024 15:08:44.668Z;functions.filter_IPTE;  HOVER FILTER
04-05-2024 15:08:45.231Z;functions.filter_IPTE;  CLICK FILTER
04-05-2024 15:08:49.542Z;functions.filter_IPTE;  CLICA NO FILTRO PERSONALIZAR
04-05-2024 15:08:57.403Z;functions.check_table_record;  VERIFICANDO SE A TABELA ESTÁ VAZIA
04-05-2024 15:08:58.315Z;functions.check_table_record;  Texto extraido 1/1
04-05-2024 15:08:58.315Z;functions.check_table_record;  Count 1
04-05-2024 15:08:58.315Z;functions.check_table_record;  Type <class 'int'>
04-05-2024 15:08:58.315Z;functions.check_table_record;  TABELA CONTÉM REGISTROS
04-05-2024 15:08:58.315Z;functions.check_payment_type;  VERIFICANDO O COD DO CLIENTE EM CADA REGISTRO
04-05-2024 15:08:59.081Z;functions.check_payment_type;  CLICA NA PRIMEIRA LINHA DA TABELA
04-05-2024 15:09:07.185Z;functions.check_payment_type;  REF. LANÇAMENTO: 943671
04-05-2024 15:09:07.287Z;functions.check_payment_type;  ENTRANDO NO REGISTRO
04-05-2024 15:09:14.980Z;functions.waitForImage;  INTEGRAÇÃO BANCÁRIA image found.
04-05-2024 15:09:17.103Z;functions.check_payment_type;  CLICA EM INTEGRAÇÃO BANCÁRIA
04-05-2024 15:09:17.103Z;functions.check_payment_type;  VERIFICANDO INFORMAÇÕES
04-05-2024 15:09:20.198Z;functions.waitForImage;  DADOS BANCARIOS image found.
04-05-2024 15:09:20.331Z;functions.check_payment_type;  DADOS BANCARIOS
04-05-2024 15:09:22.331Z;functions.check_payment_type;  ENTROU DADOS BANCÁRIOS
04-05-2024 15:09:22.432Z;functions.check_payment_type;  APERTA TAB
04-05-2024 15:09:26.637Z;functions.waitForImage;  PRESS BUTTON OK image found.
04-05-2024 15:09:28.768Z;functions.click_ok;  PRESS BUTTON OK
04-05-2024 15:09:32.862Z;functions.waitForImage;  PRESS BUTTON OK image found.
04-05-2024 15:09:34.992Z;functions.click_ok;  PRESS BUTTON OK
04-05-2024 15:09:39.099Z;functions.check_payment_type;  INCLUIDOS: 943671 REFERENCIAS NO PROCESSAMENTO
04-05-2024 15:09:39.099Z;functions.check_payment_type;  FORAM INCLUIDOS: 1 REFERENCIAS NO PROCESSAMENTO
04-05-2024 15:09:43.824Z;functions.process_lancamentos;  CLICA PARA APARECER CONTA/CAIXA
04-05-2024 15:09:44.520Z;functions.process_lancamentos;  SELECIONA CONTA/CAIXA
04-05-2024 15:09:45.231Z;functions.process_lancamentos;  CLICA NO BOTÃO [...]
04-05-2024 15:09:50.336Z;functions.process_lancamentos;  CLICA NO CAMPO PESQUISA E DIGITA: %3212
04-05-2024 15:09:51.027Z;functions.process_lancamentos;  CLICA NO BOTÃO DO FILTRO
04-05-2024 15:09:51.746Z;functions.process_lancamentos;  CLICA NO BOTÃO OK
04-05-2024 15:09:52.437Z;functions.process_lancamentos;  CLICA NO BOTÃO EXECUTAR
04-05-2024 15:10:25.723Z;functions.waitForImage;  PRESS BUTTON OK image not found.
04-05-2024 15:10:25.723Z;functions.process_lancamentos;  LANÇAMENTO COM ERRO
04-05-2024 15:10:32.632Z;functions.process_lancamentos;  ERRO: Lançamento Ref. 943671: Convênio alterado para o convênio default '7' da conta Caixa '02675-5' .
Não foi possível alterar o lançamento 1-943671:
O cliente/fornecedor "010331" está inativo.

   at RM.Fin.CliFor.FinCFOMod.ValidaCliFor(IFinCFOValidacaoPar cliFor)
   at RM.Fin.Lan.Manutencao.FinLanManutencaoValidacaoObj.ConsisteCliFor(FinLanCxt lanCxt, FinLanValidateEnum autorizaLan, Boolean validaDadosCliFor, DateTime dataSistema)
   at RM.Fin.Lan.Manutencao.FinLanManutencaoValidacaoObj.ConsisteCamposDefaultPreenchimento(FinLanCxt context)
   at RM.Fin.Lan.Manutencao.FinLanMasterSbc`1.DoValidateContext(TContext context)
   at RM.Fin.Lan.Alteracao.FinLanMasterSbc`1.DoValidateContext(TContext context)
   at RM.Lib.Subscriber.RMSSubscriberSimple`1.ValidateContext(TContext context)
   at RM.Lib.Subscriber.RMSSubscriberController`2.DoPrepareSubscriber(List`1 contextList, Boolean initializeSubscriber)
   at RM.Lib.Subscriber.RMSSubscriberController`2.ExecuteOneLog(List`1 listParam, Int32 lenPackageCxt, Object ownerData)
*********************************************






04-05-2024 15:10:32.632Z;functions.process_lancamentos;  CORRESPONDENCIA ['943671']
04-05-2024 15:10:32.632Z;functions.process_lancamentos;  NUMERO DE REFERENCIAS QUE SERÃO TIRADOS DA REMESSA ['943671']
04-05-2024 15:10:33.226Z;functions.process_lancamentos;  CLICK EM FECHAR.
04-05-2024 15:11:15.026Z;functions.process_lancamentos;  NUMERO DE REFERENCIAS QUE SERAO TIRADOS IGUAL AO NUMERO DE REGISTROS
04-05-2024 15:11:15.026Z;functions.process_lancamentos;  PASSAR PARA O PRÓXIMO LANCAMENTO
04-05-2024 15:11:15.716Z;functions.movimentacao_bancaria;  CLICA NA ABA MOVIMENTAÇÃO BANCARIA
04-05-2024 15:11:15.853Z;functions.waitForImage;  IMAGEM BORDERO image found.
04-05-2024 15:11:17.954Z;functions.movimentacao_bancaria;  IMAGEM BORDERO CLICADA.
04-05-2024 15:11:28.461Z;functions.waitForImage;  LICENCAS EXCEDIDAS image not found.
04-05-2024 15:11:29.011Z;functions.movimentacao_bancaria;  ENCONTROU O FILTRO DA MOVIMENTAÇÃO BANCÁRIA
04-05-2024 15:11:29.027Z;functions.movimentacao_bancaria;  CLICA NA ABA SUPERIOR DO FILTRO
04-05-2024 15:11:33.536Z;functions.movimentacao_bancaria;  SELECIONA O FILTRO HOJE
04-05-2024 15:11:38.636Z;functions.waitForImage;  FILTER CLEAN image found.
04-05-2024 15:11:40.761Z;functions.filter_clean;  CLICA NO BOTÃO X DO LIMPA FILTRO
04-05-2024 15:11:56.057Z;functions.waitForImage;  FILTER CLEAN image not found.
04-05-2024 15:12:11.347Z;functions.waitForImage;  FILTER CLEAN image not found.
04-05-2024 15:12:12.121Z;functions.movimentacao_bancaria;  CLICA NA PRIMEIRA LINHA DA TABELA MOVIMENTAÇÃO BANCÁRIA
04-05-2024 15:12:12.839Z;functions.movimentacao_bancaria;  CLICA NA PRIMEIRA LINHA DA TABELA MOVIMENTAÇÃO BANCÁRIA
04-05-2024 15:12:14.061Z;functions.movimentacao_bancaria;  12 PASSOS PARA DIREITA NA TABELA >>
04-05-2024 15:12:15.355Z;functions.movimentacao_bancaria;  HOVER FILTER
04-05-2024 15:12:15.653Z;functions.movimentacao_bancaria;  CLICK FILTER
04-05-2024 15:12:19.965Z;functions.movimentacao_bancaria;  CLICA NO FILTRO  STATUS DA REMESSA
04-05-2024 15:12:22.066Z;functions.movimentacao_bancaria;  APERTA TAB PARA ESCREVER O FILTRO
04-05-2024 15:12:24.172Z;functions.movimentacao_bancaria;  ESCREVE PENDENTE NO FILTRO
04-05-2024 15:12:26.274Z;functions.movimentacao_bancaria;  APERTA ENTER PARA SELECIONAR OS PENDENTES
04-05-2024 15:12:47.245Z;functions.movimentacao_bancaria;  SEM PROCESSAMENTO DE BORDERO PENDENTE
04-05-2024 15:12:57.340Z;functions.waitForImage;  FILTER CLEAN image found.
04-05-2024 15:12:59.468Z;functions.filter_clean;  CLICA NO BOTÃO X DO LIMPA FILTRO
04-05-2024 15:13:14.801Z;functions.waitForImage;  FILTER CLEAN image not found.
04-05-2024 15:13:30.171Z;functions.waitForImage;  FILTER CLEAN image not found.
04-05-2024 15:13:31.027Z;functions.processo_pagamento;  CLICA NA PRIMEIRA LINHA DA TABELA MOVIMENTAÇÃO BANCÁRIA
04-05-2024 15:13:32.308Z;functions.processo_pagamento;  HOVER FILTER
04-05-2024 15:13:32.598Z;functions.processo_pagamento;  CLICK FILTER
04-05-2024 15:13:36.912Z;functions.processo_pagamento;  CLICA NO FILTRO  STATUS DA REMESSA
04-05-2024 15:13:39.013Z;functions.processo_pagamento;  APERTA TAB PARA ESCREVER O FILTRO
04-05-2024 15:13:41.120Z;functions.processo_pagamento;  ESCREVE AUTORIZADO NO FILTRO
04-05-2024 15:13:43.222Z;functions.processo_pagamento;  APERTA ENTER PARA SELECIONAR OS AUTORIZADOS
04-05-2024 15:14:04.199Z;functions.processo_pagamento;  SEM REMESSA DE BORDERO AUTORIZADO
04-05-2024 15:14:05.301Z;functions.processo_pagamento;  FECHA ABA MOVIMENTAÇÕES BANCÁRIAS
04-05-2024 15:14:05.930Z;functions.enter_contas_a_pagar;  CLICK - TOTVS - LINHA RM
04-05-2024 15:14:06.902Z;functions.enter_contas_a_pagar;  CLICK - BACK OFFICE
04-05-2024 15:14:07.621Z;functions.enter_contas_a_pagar;  CLICK - GESTAO FINANCEIRA
04-05-2024 15:14:12.450Z;functions.enter_contas_a_pagar;  CLICK - CONTAS A PAGAR
04-05-2024 15:14:12.605Z;functions.waitForImage;  LANÇAMENTOS image found.
04-05-2024 15:14:14.737Z;functions.enter_contas_a_pagar;  CLICA EM LANÇAMENTOS
04-05-2024 15:14:30.231Z;functions.waitForImage;  LICENCAS EXCEDIDAS image not found.
04-05-2024 15:14:30.231Z;functions.obter_intervalo_data;  VERIFICANDO A HORA ATUAL 15
04-05-2024 15:14:30.231Z;functions.obter_intervalo_data;  Data Inicial BANCARIA antes da remoção: None
04-05-2024 15:14:30.231Z;functions.obter_intervalo_data;  Data Final BANCARIA antes da remoção: None
04-05-2024 15:14:30.231Z;functions.obter_intervalo_data;  Data Inicial BANCARIA após a remoção: None
04-05-2024 15:14:30.231Z;functions.obter_intervalo_data;  Data Final BANCARIA após a remoção: None
04-05-2024 15:14:30.231Z;functions.obter_intervalo_data;  hoje -  2024-05-04 15:14:30.231124
04-05-2024 15:14:30.231Z;functions.data_filter;  DATA INICIO 08-05-2024
04-05-2024 15:14:30.231Z;functions.data_filter;  DATA FIM 14-05-2024
04-05-2024 15:14:30.231Z;functions.data_filter;  CLICK - SELECIONA A DATA DE QUARTA FEIRA E DA PROXIMA TERÇA
04-05-2024 15:14:30.231Z;functions.data_filter;  QUARTA-FEIRA: 08-05-2024
04-05-2024 15:14:30.231Z;functions.data_filter;  TERCA-FEIRA: 14-05-2024
04-05-2024 15:14:38.699Z;functions.data_filter;  CLICK - BOTAO DE SELECAO DE FILTRO
04-05-2024 15:14:42.422Z;functions.data_filter;  INSERE - DATA DE QUARTA-FEIRA: 08-05-2024
04-05-2024 15:14:45.909Z;functions.data_filter;  INSERE - DATA DA PROX TERCA-FEIRA: 14-05-2024
04-05-2024 15:14:46.542Z;functions.data_filter;  CLICK - BOTAO DE EXECUTAR O FILTRO
04-05-2024 15:15:25.340Z;functions.desmark_filter;  CLICK CHECKBOX LANÇAMENTOS A RECEBER
04-05-2024 15:15:26.152Z;functions.desmark_filter;  CLICK CHECKBOX LANÇAMENTOS BAIXADOS
04-05-2024 15:15:26.980Z;functions.desmark_filter;  CLICK CHECKBOX LANÇAMENTOS CANCELADOS
04-05-2024 15:15:27.855Z;functions.desmark_filter;  CLICK CHECKBOX LANÇAMENTOS FATURADOS
04-05-2024 15:15:28.745Z;functions.desmark_filter;  CLICK CHECKBOX LANÇAMENTOS FATURADOS
04-05-2024 15:15:33.848Z;functions.waitForImage;  FILTER CLEAN image found.
04-05-2024 15:15:35.973Z;functions.filter_clean;  CLICA NO BOTÃO X DO LIMPA FILTRO
04-05-2024 15:15:51.245Z;functions.waitForImage;  FILTER CLEAN image not found.
04-05-2024 15:16:06.592Z;functions.waitForImage;  FILTER CLEAN image not found.
04-05-2024 15:16:07.276Z;functions.filter_forma_pagamento;  CLICA NA PRIMEIRA LINHA DA TABELA
04-05-2024 15:16:07.355Z;functions.filter_forma_pagamento;  CLICK NA PRIMEIRA LINHA E COLUNA DA TABELA
04-05-2024 15:16:23.495Z;functions.filter_forma_pagamento;  160 PASSOS PARA DIREITA NA TABELA >>
04-05-2024 15:16:25.829Z;functions.filter_forma_pagamento;  HOVER NOME DA COLUNA FORMA DE PAGAMENTO
04-05-2024 15:16:26.469Z;functions.filter_forma_pagamento;  CLICA PARA APARECER O FILTRO PERSONALIZAR
04-05-2024 15:16:29.781Z;functions.filter_forma_pagamento;  CLICA NO FILTRO PERSONALIZAR
04-05-2024 15:16:40.372Z;functions.filter_forma_pagamento;  Texto extraido 0/0
04-05-2024 15:16:40.372Z;functions.filter_forma_pagamento;  Count 0
04-05-2024 15:16:40.372Z;functions.filter_forma_pagamento;  Type <class 'int'>
04-05-2024 15:16:40.372Z;functions.filter_forma_pagamento;  SEM REGISTROS
04-05-2024 15:16:42.375Z;functions.check_table_record;  VERIFICANDO SE A TABELA ESTÁ VAZIA
04-05-2024 15:16:43.323Z;functions.check_table_record;  Texto extraido 0/0
04-05-2024 15:16:43.323Z;functions.check_table_record;  Count 0
04-05-2024 15:16:43.323Z;functions.check_table_record;  Type <class 'int'>
04-05-2024 15:16:43.323Z;functions.check_table_record;  SEM REGISTROS
04-05-2024 15:16:47.327Z;main.<module>;  SEM REMESSA DE TED CIP
04-05-2024 15:16:47.934Z;functions.enter_contas_a_pagar;  CLICK - TOTVS - LINHA RM
04-05-2024 15:16:48.902Z;functions.enter_contas_a_pagar;  CLICK - BACK OFFICE
04-05-2024 15:16:49.621Z;functions.enter_contas_a_pagar;  CLICK - GESTAO FINANCEIRA
04-05-2024 15:16:54.417Z;functions.enter_contas_a_pagar;  CLICK - CONTAS A PAGAR
04-05-2024 15:16:54.520Z;functions.waitForImage;  LANÇAMENTOS image found.
04-05-2024 15:16:56.641Z;functions.enter_contas_a_pagar;  CLICA EM LANÇAMENTOS
04-05-2024 15:17:12.195Z;functions.waitForImage;  LICENCAS EXCEDIDAS image not found.
04-05-2024 15:17:12.195Z;functions.obter_intervalo_data;  VERIFICANDO A HORA ATUAL 15
04-05-2024 15:17:12.195Z;functions.obter_intervalo_data;  Data Inicial BANCARIA antes da remoção: None
04-05-2024 15:17:12.195Z;functions.obter_intervalo_data;  Data Final BANCARIA antes da remoção: None
04-05-2024 15:17:12.195Z;functions.obter_intervalo_data;  Data Inicial BANCARIA após a remoção: None
04-05-2024 15:17:12.195Z;functions.obter_intervalo_data;  Data Final BANCARIA após a remoção: None
04-05-2024 15:17:12.195Z;functions.obter_intervalo_data;  hoje -  2024-05-04 15:17:12.195279
04-05-2024 15:17:12.195Z;functions.data_filter;  DATA INICIO 08-05-2024
04-05-2024 15:17:12.195Z;functions.data_filter;  DATA FIM 14-05-2024
04-05-2024 15:17:12.195Z;functions.data_filter;  CLICK - SELECIONA A DATA DE QUARTA FEIRA E DA PROXIMA TERÇA
04-05-2024 15:17:12.195Z;functions.data_filter;  QUARTA-FEIRA: 08-05-2024
04-05-2024 15:17:12.195Z;functions.data_filter;  TERCA-FEIRA: 14-05-2024
04-05-2024 15:17:20.683Z;functions.data_filter;  CLICK - BOTAO DE SELECAO DE FILTRO
04-05-2024 15:17:24.435Z;functions.data_filter;  INSERE - DATA DE QUARTA-FEIRA: 08-05-2024
04-05-2024 15:17:27.917Z;functions.data_filter;  INSERE - DATA DA PROX TERCA-FEIRA: 14-05-2024
04-05-2024 15:17:28.574Z;functions.data_filter;  CLICK - BOTAO DE EXECUTAR O FILTRO
04-05-2024 15:18:08.230Z;functions.desmark_filter;  CLICK CHECKBOX LANÇAMENTOS A RECEBER
04-05-2024 15:18:09.027Z;functions.desmark_filter;  CLICK CHECKBOX LANÇAMENTOS BAIXADOS
04-05-2024 15:18:09.886Z;functions.desmark_filter;  CLICK CHECKBOX LANÇAMENTOS CANCELADOS
04-05-2024 15:18:10.792Z;functions.desmark_filter;  CLICK CHECKBOX LANÇAMENTOS FATURADOS
04-05-2024 15:18:11.716Z;functions.desmark_filter;  CLICK CHECKBOX LANÇAMENTOS FATURADOS
04-05-2024 15:18:16.832Z;functions.waitForImage;  FILTER CLEAN image found.
04-05-2024 15:18:18.943Z;functions.filter_clean;  CLICA NO BOTÃO X DO LIMPA FILTRO
04-05-2024 15:18:34.191Z;functions.waitForImage;  FILTER CLEAN image not found.
04-05-2024 15:18:49.400Z;functions.waitForImage;  FILTER CLEAN image not found.
04-05-2024 15:18:50.152Z;functions.filter_forma_pagamento_branco;  CLICK NA PRIMEIRA LINHA E COLUNA DA TABELA
04-05-2024 15:19:06.315Z;functions.filter_forma_pagamento_branco;  160 PASSOS PARA DIREITA NA TABELA >>
04-05-2024 15:19:08.605Z;functions.filter_forma_pagamento_branco;  HOVER NOME DA COLUNA FORMA DE PAGAMENTO
04-05-2024 15:19:09.211Z;functions.filter_forma_pagamento_branco;  CLICA PARA APARECER O FILTRO PERSONALIZAR
04-05-2024 15:19:12.524Z;functions.filter_forma_pagamento_branco;  CLICA NO FILTRO PERSONALIZAR
04-05-2024 15:19:19.012Z;functions.filter_forma_pagamento_branco;  Texto extraido 1/21
04-05-2024 15:19:19.012Z;functions.filter_forma_pagamento_branco;  Count 21
04-05-2024 15:19:19.012Z;functions.filter_forma_pagamento_branco;  Type <class 'int'>
04-05-2024 15:19:19.012Z;functions.filter_forma_pagamento_branco;  TABELA CONTÉM REGISTROS
04-05-2024 15:19:24.418Z;functions.filter_forma_pagamento_branco;  MOVIDO PRA CIMA 21 VEZES
04-05-2024 15:19:27.347Z;functions.check_table_record;  VERIFICANDO SE A TABELA ESTÁ VAZIA
04-05-2024 15:19:28.496Z;functions.check_table_record;  Texto extraido 1/21
04-05-2024 15:19:28.496Z;functions.check_table_record;  Count 21
04-05-2024 15:19:28.496Z;functions.check_table_record;  Type <class 'int'>
04-05-2024 15:19:28.496Z;functions.check_table_record;  TABELA CONTÉM REGISTROS
04-05-2024 15:19:28.496Z;functions.check_ted_branco;  VERIFICANDO O COD DO CLIENTE EM CADA REGISTRO
04-05-2024 15:19:29.249Z;functions.check_ted_branco;  CLICA NA PRIMEIRA LINHA DA TABELA
04-05-2024 15:19:33.352Z;functions.check_ted_branco;  REFERNCIA: 589660
04-05-2024 15:19:33.653Z;functions.check_ted_branco;  ENTRANDO NO REGISTRO 
04-05-2024 15:19:36.881Z;functions.waitForImage;  INTEGRAÇÃO BANCÁRIA image found.
04-05-2024 15:19:37.014Z;functions.check_ted_branco;  CLICA EM INTEGRAÇÃO BANCÁRIA
04-05-2024 15:19:37.014Z;functions.check_ted_branco;  VERIFICANDO INFORMAÇÕES
04-05-2024 15:19:37.144Z;functions.waitForImage;  TRES PONTINHOS image found.
04-05-2024 15:19:47.667Z;functions.check_ted_branco;  VERIFICANDO SE TEM PIX NO FILTRO
04-05-2024 15:19:47.761Z;functions.waitForImage;  CHECANDO DADOS BANCÁRIOS PIX image found.
04-05-2024 15:19:49.776Z;functions.check_ted_branco;  PIX NÃO ENCONTRADO PARA REFERENCIA: 589660
04-05-2024 15:19:53.484Z;functions.check_ted_branco;  APERTA EM CANCELAR
04-05-2024 15:19:53.589Z;functions.waitForImage;  PRESS BUTTON OK image found.
04-05-2024 15:19:55.740Z;functions.click_ok;  PRESS BUTTON OK
04-05-2024 15:20:08.193Z;functions.waitForImage;  ERROR GENERICO image not found.
04-05-2024 15:20:13.204Z;functions.waitForImage;  ERROR FILTRO PIX image not found.
04-05-2024 15:20:17.312Z;functions.check_ted_branco;  PASSANDO PARA PRÓXIMO REGISTRO
04-05-2024 15:20:21.414Z;functions.check_ted_branco;  REFERNCIA: 946923
04-05-2024 15:20:21.715Z;functions.check_ted_branco;  ENTRANDO NO REGISTRO 
04-05-2024 15:20:24.943Z;functions.waitForImage;  INTEGRAÇÃO BANCÁRIA image found.
04-05-2024 15:20:25.075Z;functions.check_ted_branco;  CLICA EM INTEGRAÇÃO BANCÁRIA
04-05-2024 15:20:25.075Z;functions.check_ted_branco;  VERIFICANDO INFORMAÇÕES
04-05-2024 15:20:25.793Z;functions.waitForImage;  TRES PONTINHOS image found.
04-05-2024 15:20:36.308Z;functions.check_ted_branco;  VERIFICANDO SE TEM PIX NO FILTRO
04-05-2024 15:20:36.402Z;functions.waitForImage;  CHECANDO DADOS BANCÁRIOS PIX image found.
04-05-2024 15:20:38.415Z;functions.check_ted_branco;  PIX NÃO ENCONTRADO PARA REFERENCIA: 946923
04-05-2024 15:20:42.122Z;functions.check_ted_branco;  APERTA EM CANCELAR
04-05-2024 15:20:42.215Z;functions.waitForImage;  PRESS BUTTON OK image found.
04-05-2024 15:20:44.347Z;functions.click_ok;  PRESS BUTTON OK
04-05-2024 15:20:56.777Z;functions.waitForImage;  ERROR GENERICO image not found.
04-05-2024 15:21:01.823Z;functions.waitForImage;  ERROR FILTRO PIX image not found.
04-05-2024 15:21:05.930Z;functions.check_ted_branco;  PASSANDO PARA PRÓXIMO REGISTRO
04-05-2024 15:21:10.032Z;functions.check_ted_branco;  REFERNCIA: 947339
04-05-2024 15:21:10.333Z;functions.check_ted_branco;  ENTRANDO NO REGISTRO 
04-05-2024 15:21:13.545Z;functions.waitForImage;  INTEGRAÇÃO BANCÁRIA image found.
04-05-2024 15:21:13.680Z;functions.check_ted_branco;  CLICA EM INTEGRAÇÃO BANCÁRIA
04-05-2024 15:21:13.680Z;functions.check_ted_branco;  VERIFICANDO INFORMAÇÕES
04-05-2024 15:21:14.416Z;functions.waitForImage;  TRES PONTINHOS image found.
04-05-2024 15:21:24.929Z;functions.check_ted_branco;  VERIFICANDO SE TEM PIX NO FILTRO
04-05-2024 15:21:25.023Z;functions.waitForImage;  CHECANDO DADOS BANCÁRIOS PIX image found.
04-05-2024 15:21:27.037Z;functions.check_ted_branco;  PIX NÃO ENCONTRADO PARA REFERENCIA: 947339
04-05-2024 15:21:30.743Z;functions.check_ted_branco;  APERTA EM CANCELAR
04-05-2024 15:21:30.840Z;functions.waitForImage;  PRESS BUTTON OK image found.
04-05-2024 15:21:32.962Z;functions.click_ok;  PRESS BUTTON OK
04-05-2024 15:21:45.403Z;functions.waitForImage;  ERROR GENERICO image not found.
04-05-2024 15:21:50.480Z;functions.waitForImage;  ERROR FILTRO PIX image not found.
04-05-2024 15:21:54.585Z;functions.check_ted_branco;  PASSANDO PARA PRÓXIMO REGISTRO
04-05-2024 15:21:58.686Z;functions.check_ted_branco;  REFERNCIA: 947550
04-05-2024 15:21:58.987Z;functions.check_ted_branco;  ENTRANDO NO REGISTRO 
04-05-2024 15:22:02.199Z;functions.waitForImage;  INTEGRAÇÃO BANCÁRIA image found.
04-05-2024 15:22:02.315Z;functions.check_ted_branco;  CLICA EM INTEGRAÇÃO BANCÁRIA
04-05-2024 15:22:02.315Z;functions.check_ted_branco;  VERIFICANDO INFORMAÇÕES
04-05-2024 15:22:03.018Z;functions.waitForImage;  TRES PONTINHOS image found.
04-05-2024 15:22:13.541Z;functions.check_ted_branco;  VERIFICANDO SE TEM PIX NO FILTRO
04-05-2024 15:22:13.637Z;functions.waitForImage;  CHECANDO DADOS BANCÁRIOS PIX image found.
04-05-2024 15:22:15.650Z;functions.check_ted_branco;  PIX NÃO ENCONTRADO PARA REFERENCIA: 947550
04-05-2024 15:22:19.358Z;functions.check_ted_branco;  APERTA EM CANCELAR
04-05-2024 15:22:19.452Z;functions.waitForImage;  PRESS BUTTON OK image found.
04-05-2024 15:22:21.606Z;functions.click_ok;  PRESS BUTTON OK
04-05-2024 15:22:34.079Z;functions.waitForImage;  ERROR GENERICO image not found.
04-05-2024 15:22:39.109Z;functions.waitForImage;  ERROR FILTRO PIX image not found.
04-05-2024 15:22:43.225Z;functions.check_ted_branco;  PASSANDO PARA PRÓXIMO REGISTRO
04-05-2024 15:22:47.327Z;functions.check_ted_branco;  REFERNCIA: 947564
04-05-2024 15:22:47.628Z;functions.check_ted_branco;  ENTRANDO NO REGISTRO 
04-05-2024 15:22:50.847Z;functions.waitForImage;  INTEGRAÇÃO BANCÁRIA image found.
04-05-2024 15:22:50.965Z;functions.check_ted_branco;  CLICA EM INTEGRAÇÃO BANCÁRIA
04-05-2024 15:22:50.966Z;functions.check_ted_branco;  VERIFICANDO INFORMAÇÕES
04-05-2024 15:22:51.105Z;functions.waitForImage;  TRES PONTINHOS image found.
04-05-2024 15:23:01.629Z;functions.check_ted_branco;  VERIFICANDO SE TEM PIX NO FILTRO
04-05-2024 15:23:01.770Z;functions.waitForImage;  CHECANDO DADOS BANCÁRIOS PIX image found.
04-05-2024 15:23:03.780Z;functions.check_ted_branco;  PIX NÃO ENCONTRADO PARA REFERENCIA: 947564
04-05-2024 15:23:07.488Z;functions.check_ted_branco;  APERTA EM CANCELAR
04-05-2024 15:23:07.594Z;functions.waitForImage;  PRESS BUTTON OK image found.
04-05-2024 15:23:09.708Z;functions.click_ok;  PRESS BUTTON OK
04-05-2024 15:23:22.120Z;functions.waitForImage;  ERROR GENERICO image not found.
04-05-2024 15:23:27.156Z;functions.waitForImage;  ERROR FILTRO PIX image not found.
04-05-2024 15:23:31.258Z;functions.check_ted_branco;  PASSANDO PARA PRÓXIMO REGISTRO
04-05-2024 15:23:35.360Z;functions.check_ted_branco;  REFERNCIA: 947589
04-05-2024 15:23:35.660Z;functions.check_ted_branco;  ENTRANDO NO REGISTRO 
04-05-2024 15:23:38.872Z;functions.waitForImage;  INTEGRAÇÃO BANCÁRIA image found.
04-05-2024 15:23:39.005Z;functions.check_ted_branco;  CLICA EM INTEGRAÇÃO BANCÁRIA
04-05-2024 15:23:39.005Z;functions.check_ted_branco;  VERIFICANDO INFORMAÇÕES
04-05-2024 15:23:39.183Z;functions.waitForImage;  TRES PONTINHOS image found.
04-05-2024 15:23:49.700Z;functions.check_ted_branco;  VERIFICANDO SE TEM PIX NO FILTRO
04-05-2024 15:23:49.793Z;functions.waitForImage;  CHECANDO DADOS BANCÁRIOS PIX image found.
04-05-2024 15:23:51.803Z;functions.check_ted_branco;  PIX NÃO ENCONTRADO PARA REFERENCIA: 947589
04-05-2024 15:23:55.510Z;functions.check_ted_branco;  APERTA EM CANCELAR
04-05-2024 15:23:55.614Z;functions.waitForImage;  PRESS BUTTON OK image found.
04-05-2024 15:23:57.738Z;functions.click_ok;  PRESS BUTTON OK
04-05-2024 15:24:10.144Z;functions.waitForImage;  ERROR GENERICO image not found.
04-05-2024 15:24:15.165Z;functions.waitForImage;  ERROR FILTRO PIX image not found.
04-05-2024 15:24:19.271Z;functions.check_ted_branco;  PASSANDO PARA PRÓXIMO REGISTRO
04-05-2024 15:24:23.372Z;functions.check_ted_branco;  REFERNCIA: 947662
04-05-2024 15:24:23.673Z;functions.check_ted_branco;  ENTRANDO NO REGISTRO 
04-05-2024 15:24:26.884Z;functions.waitForImage;  INTEGRAÇÃO BANCÁRIA image found.
04-05-2024 15:24:27.001Z;functions.check_ted_branco;  CLICA EM INTEGRAÇÃO BANCÁRIA
04-05-2024 15:24:27.001Z;functions.check_ted_branco;  VERIFICANDO INFORMAÇÕES
04-05-2024 15:24:27.704Z;functions.waitForImage;  TRES PONTINHOS image found.
04-05-2024 15:24:38.226Z;functions.check_ted_branco;  VERIFICANDO SE TEM PIX NO FILTRO
04-05-2024 15:24:38.320Z;functions.waitForImage;  CHECANDO DADOS BANCÁRIOS PIX image found.
04-05-2024 15:24:40.330Z;functions.check_ted_branco;  PIX NÃO ENCONTRADO PARA REFERENCIA: 947662
04-05-2024 15:24:44.036Z;functions.check_ted_branco;  APERTA EM CANCELAR
04-05-2024 15:24:44.130Z;functions.waitForImage;  PRESS BUTTON OK image found.
04-05-2024 15:24:46.255Z;functions.click_ok;  PRESS BUTTON OK
04-05-2024 15:24:58.636Z;functions.waitForImage;  ERROR GENERICO image not found.
04-05-2024 15:25:03.653Z;functions.waitForImage;  ERROR FILTRO PIX image not found.
04-05-2024 15:25:07.755Z;functions.check_ted_branco;  PASSANDO PARA PRÓXIMO REGISTRO
04-05-2024 15:25:11.857Z;functions.check_ted_branco;  REFERNCIA: 947730
04-05-2024 15:25:12.158Z;functions.check_ted_branco;  ENTRANDO NO REGISTRO 
04-05-2024 15:25:15.369Z;functions.waitForImage;  INTEGRAÇÃO BANCÁRIA image found.
04-05-2024 15:25:15.487Z;functions.check_ted_branco;  CLICA EM INTEGRAÇÃO BANCÁRIA
04-05-2024 15:25:15.488Z;functions.check_ted_branco;  VERIFICANDO INFORMAÇÕES
04-05-2024 15:25:16.190Z;functions.waitForImage;  TRES PONTINHOS image found.
04-05-2024 15:25:26.708Z;functions.check_ted_branco;  VERIFICANDO SE TEM PIX NO FILTRO
04-05-2024 15:25:26.802Z;functions.waitForImage;  CHECANDO DADOS BANCÁRIOS PIX image found.
04-05-2024 15:25:28.810Z;functions.check_ted_branco;  PIX NÃO ENCONTRADO PARA REFERENCIA: 947730
04-05-2024 15:25:32.517Z;functions.check_ted_branco;  APERTA EM CANCELAR
04-05-2024 15:25:32.606Z;functions.waitForImage;  PRESS BUTTON OK image found.
04-05-2024 15:25:34.740Z;functions.click_ok;  PRESS BUTTON OK
04-05-2024 15:25:47.139Z;functions.waitForImage;  ERROR GENERICO image not found.
04-05-2024 15:25:52.148Z;functions.waitForImage;  ERROR FILTRO PIX image not found.
04-05-2024 15:25:56.263Z;functions.check_ted_branco;  PASSANDO PARA PRÓXIMO REGISTRO
04-05-2024 15:26:00.365Z;functions.check_ted_branco;  REFERNCIA: 941356
04-05-2024 15:26:00.666Z;functions.check_ted_branco;  ENTRANDO NO REGISTRO 
04-05-2024 15:26:03.878Z;functions.waitForImage;  INTEGRAÇÃO BANCÁRIA image found.
04-05-2024 15:26:03.994Z;functions.check_ted_branco;  CLICA EM INTEGRAÇÃO BANCÁRIA
04-05-2024 15:26:03.994Z;functions.check_ted_branco;  VERIFICANDO INFORMAÇÕES
04-05-2024 15:26:04.712Z;functions.waitForImage;  TRES PONTINHOS image found.
04-05-2024 15:26:15.233Z;functions.check_ted_branco;  VERIFICANDO SE TEM PIX NO FILTRO
04-05-2024 15:26:15.342Z;functions.waitForImage;  CHECANDO DADOS BANCÁRIOS PIX image found.
04-05-2024 15:26:17.353Z;functions.check_ted_branco;  PIX NÃO ENCONTRADO PARA REFERENCIA: 941356
04-05-2024 15:26:21.060Z;functions.check_ted_branco;  APERTA EM CANCELAR
04-05-2024 15:26:21.167Z;functions.waitForImage;  PRESS BUTTON OK image found.
04-05-2024 15:26:23.293Z;functions.click_ok;  PRESS BUTTON OK
04-05-2024 15:26:35.652Z;functions.waitForImage;  ERROR GENERICO image not found.
04-05-2024 15:26:40.684Z;functions.waitForImage;  ERROR FILTRO PIX image not found.
04-05-2024 15:26:44.793Z;functions.check_ted_branco;  PASSANDO PARA PRÓXIMO REGISTRO
04-05-2024 15:26:48.895Z;functions.check_ted_branco;  REFERNCIA: 938650
04-05-2024 15:26:49.196Z;functions.check_ted_branco;  ENTRANDO NO REGISTRO 
04-05-2024 15:26:52.408Z;functions.waitForImage;  INTEGRAÇÃO BANCÁRIA image found.
04-05-2024 15:26:52.525Z;functions.check_ted_branco;  CLICA EM INTEGRAÇÃO BANCÁRIA
04-05-2024 15:26:52.525Z;functions.check_ted_branco;  VERIFICANDO INFORMAÇÕES
04-05-2024 15:26:53.284Z;functions.waitForImage;  TRES PONTINHOS image found.
04-05-2024 15:27:03.806Z;functions.check_ted_branco;  VERIFICANDO SE TEM PIX NO FILTRO
04-05-2024 15:27:03.900Z;functions.waitForImage;  CHECANDO DADOS BANCÁRIOS PIX image found.
04-05-2024 15:27:05.909Z;functions.check_ted_branco;  PIX NÃO ENCONTRADO PARA REFERENCIA: 938650
04-05-2024 15:27:09.616Z;functions.check_ted_branco;  APERTA EM CANCELAR
04-05-2024 15:27:09.709Z;functions.waitForImage;  PRESS BUTTON OK image found.
04-05-2024 15:27:11.835Z;functions.click_ok;  PRESS BUTTON OK
04-05-2024 15:27:24.226Z;functions.waitForImage;  ERROR GENERICO image not found.
04-05-2024 15:27:29.241Z;functions.waitForImage;  ERROR FILTRO PIX image not found.
04-05-2024 15:27:33.345Z;functions.check_ted_branco;  PASSANDO PARA PRÓXIMO REGISTRO
04-05-2024 15:27:37.447Z;functions.check_ted_branco;  REFERNCIA: 946313
04-05-2024 15:27:37.748Z;functions.check_ted_branco;  ENTRANDO NO REGISTRO 
04-05-2024 15:27:40.950Z;functions.waitForImage;  INTEGRAÇÃO BANCÁRIA image found.
04-05-2024 15:27:41.068Z;functions.check_ted_branco;  CLICA EM INTEGRAÇÃO BANCÁRIA
04-05-2024 15:27:41.068Z;functions.check_ted_branco;  VERIFICANDO INFORMAÇÕES
04-05-2024 15:27:41.775Z;functions.waitForImage;  TRES PONTINHOS image found.
04-05-2024 15:27:52.296Z;functions.check_ted_branco;  VERIFICANDO SE TEM PIX NO FILTRO
04-05-2024 15:27:52.390Z;functions.waitForImage;  CHECANDO DADOS BANCÁRIOS PIX image found.
04-05-2024 15:27:54.398Z;functions.check_ted_branco;  PIX NÃO ENCONTRADO PARA REFERENCIA: 946313
04-05-2024 15:27:58.105Z;functions.check_ted_branco;  APERTA EM CANCELAR
04-05-2024 15:27:58.199Z;functions.waitForImage;  PRESS BUTTON OK image found.
04-05-2024 15:28:00.346Z;functions.click_ok;  PRESS BUTTON OK
04-05-2024 15:28:12.736Z;functions.waitForImage;  ERROR GENERICO image not found.
04-05-2024 15:28:17.773Z;functions.waitForImage;  ERROR FILTRO PIX image not found.
04-05-2024 15:28:21.875Z;functions.check_ted_branco;  PASSANDO PARA PRÓXIMO REGISTRO
04-05-2024 15:28:25.977Z;functions.check_ted_branco;  REFERNCIA: 946317
04-05-2024 15:28:26.278Z;functions.check_ted_branco;  ENTRANDO NO REGISTRO 
04-05-2024 15:28:29.490Z;functions.waitForImage;  INTEGRAÇÃO BANCÁRIA image found.
04-05-2024 15:28:29.607Z;functions.check_ted_branco;  CLICA EM INTEGRAÇÃO BANCÁRIA
04-05-2024 15:28:29.607Z;functions.check_ted_branco;  VERIFICANDO INFORMAÇÕES
04-05-2024 15:28:30.306Z;functions.waitForImage;  TRES PONTINHOS image found.
04-05-2024 15:28:40.826Z;functions.check_ted_branco;  VERIFICANDO SE TEM PIX NO FILTRO
04-05-2024 15:28:40.918Z;functions.waitForImage;  CHECANDO DADOS BANCÁRIOS PIX image found.
04-05-2024 15:28:42.919Z;functions.check_ted_branco;  PIX NÃO ENCONTRADO PARA REFERENCIA: 946317
04-05-2024 15:28:46.626Z;functions.check_ted_branco;  APERTA EM CANCELAR
04-05-2024 15:28:46.719Z;functions.waitForImage;  PRESS BUTTON OK image found.
04-05-2024 15:28:48.846Z;functions.click_ok;  PRESS BUTTON OK
04-05-2024 15:29:01.230Z;functions.waitForImage;  ERROR GENERICO image not found.
04-05-2024 15:29:06.262Z;functions.waitForImage;  ERROR FILTRO PIX image not found.
04-05-2024 15:29:10.372Z;functions.check_ted_branco;  PASSANDO PARA PRÓXIMO REGISTRO
04-05-2024 15:29:14.474Z;functions.check_ted_branco;  REFERNCIA: 946748
04-05-2024 15:29:14.775Z;functions.check_ted_branco;  ENTRANDO NO REGISTRO 
04-05-2024 15:29:17.988Z;functions.waitForImage;  INTEGRAÇÃO BANCÁRIA image found.
04-05-2024 15:29:18.104Z;functions.check_ted_branco;  CLICA EM INTEGRAÇÃO BANCÁRIA
04-05-2024 15:29:18.104Z;functions.check_ted_branco;  VERIFICANDO INFORMAÇÕES
04-05-2024 15:29:18.216Z;functions.waitForImage;  TRES PONTINHOS image found.
04-05-2024 15:29:28.729Z;functions.check_ted_branco;  VERIFICANDO SE TEM PIX NO FILTRO
04-05-2024 15:29:28.823Z;functions.waitForImage;  CHECANDO DADOS BANCÁRIOS PIX image found.
04-05-2024 15:29:30.833Z;functions.check_ted_branco;  PIX NÃO ENCONTRADO PARA REFERENCIA: 946748
04-05-2024 15:29:34.540Z;functions.check_ted_branco;  APERTA EM CANCELAR
04-05-2024 15:29:34.638Z;functions.waitForImage;  PRESS BUTTON OK image found.
04-05-2024 15:29:36.761Z;functions.click_ok;  PRESS BUTTON OK
04-05-2024 15:29:49.147Z;functions.waitForImage;  ERROR GENERICO image not found.
04-05-2024 15:29:54.192Z;functions.waitForImage;  ERROR FILTRO PIX image not found.
04-05-2024 15:29:58.299Z;functions.check_ted_branco;  PASSANDO PARA PRÓXIMO REGISTRO
04-05-2024 15:30:02.401Z;functions.check_ted_branco;  REFERNCIA: 947162
04-05-2024 15:30:02.701Z;functions.check_ted_branco;  ENTRANDO NO REGISTRO 
04-05-2024 15:30:05.930Z;functions.waitForImage;  INTEGRAÇÃO BANCÁRIA image found.
04-05-2024 15:30:06.057Z;functions.check_ted_branco;  CLICA EM INTEGRAÇÃO BANCÁRIA
04-05-2024 15:30:06.057Z;functions.check_ted_branco;  VERIFICANDO INFORMAÇÕES
04-05-2024 15:30:06.768Z;functions.waitForImage;  TRES PONTINHOS image found.
04-05-2024 15:30:17.291Z;functions.check_ted_branco;  VERIFICANDO SE TEM PIX NO FILTRO
04-05-2024 15:30:17.384Z;functions.waitForImage;  CHECANDO DADOS BANCÁRIOS PIX image found.
04-05-2024 15:30:19.399Z;functions.check_ted_branco;  PIX NÃO ENCONTRADO PARA REFERENCIA: 947162
04-05-2024 15:30:23.105Z;functions.check_ted_branco;  APERTA EM CANCELAR
04-05-2024 15:30:23.199Z;functions.waitForImage;  PRESS BUTTON OK image found.
04-05-2024 15:30:25.338Z;functions.click_ok;  PRESS BUTTON OK
04-05-2024 15:30:37.803Z;functions.waitForImage;  ERROR GENERICO image not found.
04-05-2024 15:30:42.878Z;functions.waitForImage;  ERROR FILTRO PIX image not found.
04-05-2024 15:30:46.985Z;functions.check_ted_branco;  PASSANDO PARA PRÓXIMO REGISTRO
04-05-2024 15:30:51.087Z;functions.check_ted_branco;  REFERNCIA: 947310
04-05-2024 15:30:51.388Z;functions.check_ted_branco;  ENTRANDO NO REGISTRO 
04-05-2024 15:30:54.606Z;functions.waitForImage;  INTEGRAÇÃO BANCÁRIA image found.
04-05-2024 15:30:54.723Z;functions.check_ted_branco;  CLICA EM INTEGRAÇÃO BANCÁRIA
04-05-2024 15:30:54.723Z;functions.check_ted_branco;  VERIFICANDO INFORMAÇÕES
04-05-2024 15:30:55.444Z;functions.waitForImage;  TRES PONTINHOS image found.
04-05-2024 15:31:05.970Z;functions.check_ted_branco;  VERIFICANDO SE TEM PIX NO FILTRO
04-05-2024 15:31:06.090Z;functions.waitForImage;  CHECANDO DADOS BANCÁRIOS PIX image found.
04-05-2024 15:31:08.092Z;functions.check_ted_branco;  PIX NÃO ENCONTRADO PARA REFERENCIA: 947310
04-05-2024 15:31:11.802Z;functions.check_ted_branco;  APERTA EM CANCELAR
04-05-2024 15:31:11.896Z;functions.waitForImage;  PRESS BUTTON OK image found.
04-05-2024 15:31:14.030Z;functions.click_ok;  PRESS BUTTON OK
04-05-2024 15:31:26.472Z;functions.waitForImage;  ERROR GENERICO image not found.
04-05-2024 15:31:31.520Z;functions.waitForImage;  ERROR FILTRO PIX image not found.
04-05-2024 15:31:35.623Z;functions.check_ted_branco;  PASSANDO PARA PRÓXIMO REGISTRO
04-05-2024 15:31:39.726Z;functions.check_ted_branco;  REFERNCIA: 947444
04-05-2024 15:31:40.027Z;functions.check_ted_branco;  ENTRANDO NO REGISTRO 
04-05-2024 15:31:43.239Z;functions.waitForImage;  INTEGRAÇÃO BANCÁRIA image found.
04-05-2024 15:31:43.355Z;functions.check_ted_branco;  CLICA EM INTEGRAÇÃO BANCÁRIA
04-05-2024 15:31:43.355Z;functions.check_ted_branco;  VERIFICANDO INFORMAÇÕES
04-05-2024 15:31:44.078Z;functions.waitForImage;  TRES PONTINHOS image found.
04-05-2024 15:31:54.604Z;functions.check_ted_branco;  VERIFICANDO SE TEM PIX NO FILTRO
04-05-2024 15:31:54.715Z;functions.waitForImage;  CHECANDO DADOS BANCÁRIOS PIX image found.
04-05-2024 15:31:56.727Z;functions.check_ted_branco;  PIX NÃO ENCONTRADO PARA REFERENCIA: 947444
04-05-2024 15:32:00.433Z;functions.check_ted_branco;  APERTA EM CANCELAR
04-05-2024 15:32:00.527Z;functions.waitForImage;  PRESS BUTTON OK image found.
04-05-2024 15:32:02.655Z;functions.click_ok;  PRESS BUTTON OK
04-05-2024 15:32:15.023Z;functions.waitForImage;  ERROR GENERICO image not found.
04-05-2024 15:32:20.074Z;functions.waitForImage;  ERROR FILTRO PIX image not found.
04-05-2024 15:32:24.186Z;functions.check_ted_branco;  PASSANDO PARA PRÓXIMO REGISTRO
04-05-2024 15:32:28.289Z;functions.check_ted_branco;  REFERNCIA: 947445
04-05-2024 15:32:28.590Z;functions.check_ted_branco;  ENTRANDO NO REGISTRO 
04-05-2024 15:32:31.801Z;functions.waitForImage;  INTEGRAÇÃO BANCÁRIA image found.
04-05-2024 15:32:31.918Z;functions.check_ted_branco;  CLICA EM INTEGRAÇÃO BANCÁRIA
04-05-2024 15:32:31.918Z;functions.check_ted_branco;  VERIFICANDO INFORMAÇÕES
04-05-2024 15:32:32.622Z;functions.waitForImage;  TRES PONTINHOS image found.
04-05-2024 15:32:43.148Z;functions.check_ted_branco;  VERIFICANDO SE TEM PIX NO FILTRO
04-05-2024 15:32:43.242Z;functions.waitForImage;  CHECANDO DADOS BANCÁRIOS PIX image found.
04-05-2024 15:32:45.256Z;functions.check_ted_branco;  PIX NÃO ENCONTRADO PARA REFERENCIA: 947445
04-05-2024 15:32:48.962Z;functions.check_ted_branco;  APERTA EM CANCELAR
04-05-2024 15:32:49.055Z;functions.waitForImage;  PRESS BUTTON OK image found.
04-05-2024 15:32:51.192Z;functions.click_ok;  PRESS BUTTON OK
04-05-2024 15:33:03.622Z;functions.waitForImage;  ERROR GENERICO image not found.
04-05-2024 15:33:08.669Z;functions.waitForImage;  ERROR FILTRO PIX image not found.
04-05-2024 15:33:12.772Z;functions.check_ted_branco;  PASSANDO PARA PRÓXIMO REGISTRO
04-05-2024 15:33:16.874Z;functions.check_ted_branco;  REFERNCIA: 947446
04-05-2024 15:33:17.175Z;functions.check_ted_branco;  ENTRANDO NO REGISTRO 
04-05-2024 15:33:20.387Z;functions.waitForImage;  INTEGRAÇÃO BANCÁRIA image found.
04-05-2024 15:33:20.505Z;functions.check_ted_branco;  CLICA EM INTEGRAÇÃO BANCÁRIA
04-05-2024 15:33:20.505Z;functions.check_ted_branco;  VERIFICANDO INFORMAÇÕES
04-05-2024 15:33:21.246Z;functions.waitForImage;  TRES PONTINHOS image found.
04-05-2024 15:33:31.766Z;functions.check_ted_branco;  VERIFICANDO SE TEM PIX NO FILTRO
04-05-2024 15:33:31.860Z;functions.waitForImage;  CHECANDO DADOS BANCÁRIOS PIX image found.
04-05-2024 15:33:33.873Z;functions.check_ted_branco;  PIX NÃO ENCONTRADO PARA REFERENCIA: 947446
04-05-2024 15:33:37.581Z;functions.check_ted_branco;  APERTA EM CANCELAR
04-05-2024 15:33:37.683Z;functions.waitForImage;  PRESS BUTTON OK image found.
04-05-2024 15:33:39.812Z;functions.click_ok;  PRESS BUTTON OK
04-05-2024 15:33:52.216Z;functions.waitForImage;  ERROR GENERICO image not found.
04-05-2024 15:33:57.231Z;functions.waitForImage;  ERROR FILTRO PIX image not found.
04-05-2024 15:34:01.337Z;functions.check_ted_branco;  PASSANDO PARA PRÓXIMO REGISTRO
04-05-2024 15:34:05.439Z;functions.check_ted_branco;  REFERNCIA: 947447
04-05-2024 15:34:05.740Z;functions.check_ted_branco;  ENTRANDO NO REGISTRO 
04-05-2024 15:34:08.951Z;functions.waitForImage;  INTEGRAÇÃO BANCÁRIA image found.
04-05-2024 15:34:09.083Z;functions.check_ted_branco;  CLICA EM INTEGRAÇÃO BANCÁRIA
04-05-2024 15:34:09.083Z;functions.check_ted_branco;  VERIFICANDO INFORMAÇÕES
04-05-2024 15:34:09.829Z;functions.waitForImage;  TRES PONTINHOS image found.
04-05-2024 15:34:20.354Z;functions.check_ted_branco;  VERIFICANDO SE TEM PIX NO FILTRO
04-05-2024 15:34:20.448Z;functions.waitForImage;  CHECANDO DADOS BANCÁRIOS PIX image found.
04-05-2024 15:34:22.462Z;functions.check_ted_branco;  PIX NÃO ENCONTRADO PARA REFERENCIA: 947447
04-05-2024 15:34:26.169Z;functions.check_ted_branco;  APERTA EM CANCELAR
04-05-2024 15:34:26.262Z;functions.waitForImage;  PRESS BUTTON OK image found.
04-05-2024 15:34:28.403Z;functions.click_ok;  PRESS BUTTON OK
04-05-2024 15:34:40.871Z;functions.waitForImage;  ERROR GENERICO image not found.
04-05-2024 15:34:45.899Z;functions.waitForImage;  ERROR FILTRO PIX image not found.
04-05-2024 15:34:50.001Z;functions.check_ted_branco;  PASSANDO PARA PRÓXIMO REGISTRO
04-05-2024 15:34:54.103Z;functions.check_ted_branco;  REFERNCIA: 947641
04-05-2024 15:34:54.404Z;functions.check_ted_branco;  ENTRANDO NO REGISTRO 
04-05-2024 15:34:57.622Z;functions.waitForImage;  INTEGRAÇÃO BANCÁRIA image found.
04-05-2024 15:34:57.754Z;functions.check_ted_branco;  CLICA EM INTEGRAÇÃO BANCÁRIA
04-05-2024 15:34:57.754Z;functions.check_ted_branco;  VERIFICANDO INFORMAÇÕES
04-05-2024 15:34:57.897Z;functions.waitForImage;  TRES PONTINHOS image found.
04-05-2024 15:35:08.420Z;functions.check_ted_branco;  VERIFICANDO SE TEM PIX NO FILTRO
04-05-2024 15:35:08.514Z;functions.waitForImage;  CHECANDO DADOS BANCÁRIOS PIX image found.
04-05-2024 15:35:10.529Z;functions.check_ted_branco;  PIX NÃO ENCONTRADO PARA REFERENCIA: 947641
04-05-2024 15:35:14.236Z;functions.check_ted_branco;  APERTA EM CANCELAR
04-05-2024 15:35:14.329Z;functions.waitForImage;  PRESS BUTTON OK image found.
04-05-2024 15:35:16.461Z;functions.click_ok;  PRESS BUTTON OK
04-05-2024 15:35:28.857Z;functions.waitForImage;  ERROR GENERICO image not found.
04-05-2024 15:35:33.924Z;functions.waitForImage;  ERROR FILTRO PIX image not found.
04-05-2024 15:35:38.027Z;functions.check_ted_branco;  PASSANDO PARA PRÓXIMO REGISTRO
04-05-2024 15:35:42.130Z;functions.check_ted_branco;  REFERNCIA: 947642
04-05-2024 15:35:42.431Z;functions.check_ted_branco;  ENTRANDO NO REGISTRO 
04-05-2024 15:35:45.652Z;functions.waitForImage;  INTEGRAÇÃO BANCÁRIA image found.
04-05-2024 15:35:45.769Z;functions.check_ted_branco;  CLICA EM INTEGRAÇÃO BANCÁRIA
04-05-2024 15:35:45.769Z;functions.check_ted_branco;  VERIFICANDO INFORMAÇÕES
04-05-2024 15:35:46.521Z;functions.waitForImage;  TRES PONTINHOS image found.
04-05-2024 15:35:57.039Z;functions.check_ted_branco;  VERIFICANDO SE TEM PIX NO FILTRO
04-05-2024 15:35:57.133Z;functions.waitForImage;  CHECANDO DADOS BANCÁRIOS PIX image found.
04-05-2024 15:35:59.147Z;functions.check_ted_branco;  PIX NÃO ENCONTRADO PARA REFERENCIA: 947642
04-05-2024 15:36:02.853Z;functions.check_ted_branco;  APERTA EM CANCELAR
04-05-2024 15:36:02.963Z;functions.waitForImage;  PRESS BUTTON OK image found.
04-05-2024 15:36:05.089Z;functions.click_ok;  PRESS BUTTON OK
04-05-2024 15:36:17.520Z;functions.waitForImage;  ERROR GENERICO image not found.
04-05-2024 15:36:22.579Z;functions.waitForImage;  ERROR FILTRO PIX image not found.
04-05-2024 15:36:22.579Z;functions.check_ted_branco;  FORAI VERIFICADO: 21 REFERENCIAS NO PROCESSAMENTO FORMA DE PAGAMENTO ELETRONICA EM BRANCO
04-05-2024 15:36:24.809Z;errorhandler.__handle;  Property: Unknown Property name. [1:203: -ms-interpolation-mode]
04-05-2024 15:36:24.824Z;errorhandler.__handle;  Property: Unknown Property name. [1:353: -webkit-font-smoothing]
04-05-2024 15:36:24.824Z;errorhandler.__handle;  Property: Unknown Property name. [1:483: -ms-text-size-adjust]
04-05-2024 15:36:24.824Z;errorhandler.__handle;  Property: Unknown Property name. [1:518: -webkit-text-size-adjust]
04-05-2024 15:36:24.824Z;errorhandler.__handle;  Property: Unknown Property name. [1:612: mso-table-lspace]
04-05-2024 15:36:24.824Z;errorhandler.__handle;  Property: Unknown Property name. [1:642: mso-table-rspace]
04-05-2024 15:36:24.871Z;errorhandler.__handle;  Property: Unknown Property name. [1:4734: mso-hide]
04-05-2024 15:36:24.902Z;errorhandler.__handle;  Property: Unknown Property name. [1:13: -ms-interpolation-mode]
04-05-2024 15:36:24.902Z;errorhandler.__handle;  Property: Unknown Property name. [1:49: -webkit-font-smoothing]
04-05-2024 15:36:24.902Z;errorhandler.__handle;  Property: Unknown Property name. [1:134: -ms-text-size-adjust]
04-05-2024 15:36:24.902Z;errorhandler.__handle;  Property: Unknown Property name. [1:160: -webkit-text-size-adjust]
04-05-2024 15:36:24.902Z;errorhandler.__handle;  Property: Unknown Property name. [1:26: mso-table-lspace]
04-05-2024 15:36:24.902Z;errorhandler.__handle;  Property: Unknown Property name. [1:45: mso-table-rspace]
04-05-2024 15:36:24.902Z;errorhandler.__handle;  Property: Unknown Property name. [1:92: mso-hide]
04-05-2024 15:36:24.918Z;errorhandler.__handle;  Property: No ":" after name found: align-center [1:1: align-center]
04-05-2024 15:36:24.918Z;errorhandler.__handle;  Property: No property value found: align-center [1:1: align-center]
04-05-2024 15:36:24.918Z;errorhandler.__handle;  CSSStyleDeclaration: Syntax Error in Property: align-center
04-05-2024 15:36:24.918Z;errorhandler.__handle;  Property: Unknown Property name. [1:14: -ms-interpolation-mode]
04-05-2024 15:36:26.997Z;functions.emailFinalizado;  Warning e-mail sent.
04-05-2024 15:36:26.997Z;main.<module>;  Remessa Bancária TED CIP com filtro de pagamento eletronica em branco modificadas para pix 
 PASSO 3 FINALIZADO
04-05-2024 15:36:26.997Z;main.<module>;  O PROGRAMA SERÁ ENCERRADO
04-05-2024 15:36:28.762Z;errorhandler.__handle;  Property: Unknown Property name. [1:14: -ms-interpolation-mode]
04-05-2024 15:36:30.722Z;functions.emailFinalizado;  Warning e-mail sent.
04-05-2024 15:36:30.822Z;functions.end_RM;  RM ENCERRADO
