25-03-2024 15:56:56.533Z;functions.bot_text_art;      ____   
25-03-2024 15:56:56.548Z;functions.bot_text_art;     [____]    
25-03-2024 15:56:56.548Z;functions.bot_text_art;   |=]()()[=|  
25-03-2024 15:56:56.548Z;functions.bot_text_art;     _\==/__    _____    ____     _        _____    ___   _  __
25-03-2024 15:56:56.548Z;functions.bot_text_art;   |__|   |_|  |  _  \  / ___|   | |      |_   _| / ___| | |/ /
25-03-2024 15:56:56.548Z;functions.bot_text_art;   |_|_/\_|_|  | |  | | | |      | |        | |   | |    | ' / 
25-03-2024 15:56:56.548Z;functions.bot_text_art;   | | __ | |  | |  | | | |      | |        | |   | |    |  <  
25-03-2024 15:56:56.548Z;functions.bot_text_art;   |_|[  ]|_|  | |__| | | |____  | |____   _| |_  | |__  | . \ 
25-03-2024 15:56:56.548Z;functions.bot_text_art;   \_|_||_|_/  |_____/   \_____| |______| |_____| \ ___| |_|\_\
25-03-2024 15:56:56.548Z;functions.bot_text_art;     |_||_|                                                     
25-03-2024 15:56:56.548Z;functions.bot_text_art;     | ||_|_   
25-03-2024 15:56:56.548Z;functions.bot_text_art;   |___||___|  
25-03-2024 15:56:56.548Z;functions.bot_text_art;               
25-03-2024 15:56:57.222Z;functions.open_RM;  OPEN PROGRAM RM
25-03-2024 15:57:21.221Z;functions.loggin_RM;  ENTER USER_NAME
25-03-2024 15:57:25.613Z;functions.loggin_RM;  ENTER PASSWORD
25-03-2024 15:57:26.830Z;functions.loggin_RM;  ENTER RM
25-03-2024 15:58:35.865Z;functions.enter_coligada;  CLICK CONTEXTO
25-03-2024 15:58:41.236Z;functions.enter_coligada;  CLICK ALTERAR MODULO DO CONTEXTO
25-03-2024 15:58:45.265Z;functions.enter_coligada;  INSERE O COLIGADA CODE = 1
25-03-2024 15:58:45.367Z;functions.enter_coligada;  APERTA TAB PARA PREENCHER O CAMPO COM A STRING: OCEANICA ENGENHARIA E CONSULTORIA S.A.
25-03-2024 15:58:47.971Z;functions.enter_coligada;  CLICK AVANÇAR NOVAMENTE
25-03-2024 15:58:49.423Z;functions.enter_coligada;  CLICK CONCLUIR
25-03-2024 15:59:19.908Z;functions.enter_coligada;  POP UP COLIGADA DESAPARECER
25-03-2024 15:59:20.736Z;functions.check_movimentacao_bancaria;  CLICK - TOTVS - LINHA RM
25-03-2024 15:59:22.423Z;functions.check_movimentacao_bancaria;  CLICK - BACK OFFICE
25-03-2024 15:59:25.174Z;functions.check_movimentacao_bancaria;  CLICK - GESTAO FINANCEIRA
25-03-2024 15:59:37.626Z;functions.movimentacao_bancaria;  CLICA NA ABA MOVIMENTAÇÃO BANCARIA
25-03-2024 15:59:38.971Z;functions.waitForImage;  IMAGEM BORDERO image found.
25-03-2024 15:59:41.119Z;functions.movimentacao_bancaria;  IMAGEM BORDERO CLICADA.
25-03-2024 15:59:45.127Z;functions.waitForImage;  LICENCAS EXCEDIDAS image found.
25-03-2024 15:59:45.127Z;functions.movimentacao_bancaria;  LICENCAS EXCEDIDAS
25-03-2024 15:59:45.127Z;functions.movimentacao_bancaria;  TENTANDO NOVAMENTE - 1
25-03-2024 16:00:05.614Z;functions.waitForImage;  IMAGEM BORDERO image found.
25-03-2024 16:00:07.740Z;functions.movimentacao_bancaria;  IMAGEM BORDERO CLICADA.
25-03-2024 16:00:09.860Z;functions.waitForImage;  LICENCAS EXCEDIDAS image found.
25-03-2024 16:00:09.860Z;functions.movimentacao_bancaria;  LICENCAS EXCEDIDAS
25-03-2024 16:00:09.860Z;functions.movimentacao_bancaria;  TENTANDO NOVAMENTE - 2
25-03-2024 16:00:30.346Z;functions.waitForImage;  IMAGEM BORDERO image found.
25-03-2024 16:00:32.481Z;functions.movimentacao_bancaria;  IMAGEM BORDERO CLICADA.
25-03-2024 16:00:34.595Z;functions.waitForImage;  LICENCAS EXCEDIDAS image found.
25-03-2024 16:00:34.595Z;functions.movimentacao_bancaria;  LICENCAS EXCEDIDAS
25-03-2024 16:00:34.595Z;functions.movimentacao_bancaria;  TENTANDO NOVAMENTE - 3
25-03-2024 16:00:55.063Z;functions.waitForImage;  IMAGEM BORDERO image found.
25-03-2024 16:00:57.198Z;functions.movimentacao_bancaria;  IMAGEM BORDERO CLICADA.
25-03-2024 16:00:59.350Z;functions.waitForImage;  LICENCAS EXCEDIDAS image found.
25-03-2024 16:00:59.350Z;functions.movimentacao_bancaria;  LICENCAS EXCEDIDAS
25-03-2024 16:00:59.350Z;functions.movimentacao_bancaria;  TENTANDO NOVAMENTE - 4
25-03-2024 16:01:19.906Z;functions.waitForImage;  IMAGEM BORDERO image found.
25-03-2024 16:01:22.027Z;functions.movimentacao_bancaria;  IMAGEM BORDERO CLICADA.
25-03-2024 16:01:24.125Z;functions.waitForImage;  LICENCAS EXCEDIDAS image found.
25-03-2024 16:01:24.125Z;functions.movimentacao_bancaria;  LICENCAS EXCEDIDAS
25-03-2024 16:01:24.125Z;functions.movimentacao_bancaria;  TENTANDO NOVAMENTE - 5
25-03-2024 16:01:44.591Z;functions.waitForImage;  IMAGEM BORDERO image found.
25-03-2024 16:01:46.723Z;functions.movimentacao_bancaria;  IMAGEM BORDERO CLICADA.
25-03-2024 16:01:48.873Z;functions.waitForImage;  LICENCAS EXCEDIDAS image found.
25-03-2024 16:01:48.874Z;functions.movimentacao_bancaria;  LICENCAS EXCEDIDAS
25-03-2024 16:01:48.874Z;functions.movimentacao_bancaria;  TENTANDO NOVAMENTE - 6
25-03-2024 16:02:09.359Z;functions.waitForImage;  IMAGEM BORDERO image found.
25-03-2024 16:02:11.481Z;functions.movimentacao_bancaria;  IMAGEM BORDERO CLICADA.
25-03-2024 16:02:13.596Z;functions.waitForImage;  LICENCAS EXCEDIDAS image found.
25-03-2024 16:02:13.596Z;functions.movimentacao_bancaria;  LICENCAS EXCEDIDAS
25-03-2024 16:02:13.596Z;functions.movimentacao_bancaria;  TENTANDO NOVAMENTE - 7
25-03-2024 16:02:34.031Z;functions.waitForImage;  IMAGEM BORDERO image found.
25-03-2024 16:02:36.152Z;functions.movimentacao_bancaria;  IMAGEM BORDERO CLICADA.
25-03-2024 16:02:38.256Z;functions.waitForImage;  LICENCAS EXCEDIDAS image found.
25-03-2024 16:02:38.256Z;functions.movimentacao_bancaria;  LICENCAS EXCEDIDAS
25-03-2024 16:02:38.256Z;functions.movimentacao_bancaria;  TENTANDO NOVAMENTE - 8
25-03-2024 16:02:58.725Z;functions.waitForImage;  IMAGEM BORDERO image found.
25-03-2024 16:03:00.875Z;functions.movimentacao_bancaria;  IMAGEM BORDERO CLICADA.
25-03-2024 16:03:03.016Z;functions.waitForImage;  LICENCAS EXCEDIDAS image found.
25-03-2024 16:03:03.016Z;functions.movimentacao_bancaria;  LICENCAS EXCEDIDAS
25-03-2024 16:03:03.016Z;functions.movimentacao_bancaria;  TENTANDO NOVAMENTE - 9
25-03-2024 16:03:23.516Z;functions.waitForImage;  IMAGEM BORDERO image found.
25-03-2024 16:03:25.647Z;functions.movimentacao_bancaria;  IMAGEM BORDERO CLICADA.
25-03-2024 16:03:27.832Z;functions.waitForImage;  LICENCAS EXCEDIDAS image found.
25-03-2024 16:03:27.832Z;functions.movimentacao_bancaria;  LICENCAS EXCEDIDAS
25-03-2024 16:03:27.833Z;functions.movimentacao_bancaria;  TENTANDO NOVAMENTE - 10
25-03-2024 16:03:48.295Z;functions.waitForImage;  IMAGEM BORDERO image found.
25-03-2024 16:03:50.428Z;functions.movimentacao_bancaria;  IMAGEM BORDERO CLICADA.
25-03-2024 16:03:52.547Z;functions.waitForImage;  LICENCAS EXCEDIDAS image found.
25-03-2024 16:03:52.547Z;functions.movimentacao_bancaria;  LICENCAS EXCEDIDAS
25-03-2024 16:03:52.547Z;functions.movimentacao_bancaria;  TENTANDO NOVAMENTE - 11
25-03-2024 16:04:12.984Z;functions.waitForImage;  IMAGEM BORDERO image found.
25-03-2024 16:04:15.108Z;functions.movimentacao_bancaria;  IMAGEM BORDERO CLICADA.
25-03-2024 16:04:17.245Z;functions.waitForImage;  LICENCAS EXCEDIDAS image found.
25-03-2024 16:04:17.245Z;functions.movimentacao_bancaria;  LICENCAS EXCEDIDAS
25-03-2024 16:04:17.245Z;functions.movimentacao_bancaria;  TENTANDO NOVAMENTE - 12
25-03-2024 16:04:37.723Z;functions.waitForImage;  IMAGEM BORDERO image found.
25-03-2024 16:04:39.843Z;functions.movimentacao_bancaria;  IMAGEM BORDERO CLICADA.
25-03-2024 16:04:42.061Z;functions.waitForImage;  LICENCAS EXCEDIDAS image found.
25-03-2024 16:04:42.061Z;functions.movimentacao_bancaria;  LICENCAS EXCEDIDAS
25-03-2024 16:04:42.061Z;functions.movimentacao_bancaria;  TENTANDO NOVAMENTE - 13
25-03-2024 16:05:02.566Z;functions.waitForImage;  IMAGEM BORDERO image found.
25-03-2024 16:05:04.697Z;functions.movimentacao_bancaria;  IMAGEM BORDERO CLICADA.
25-03-2024 16:05:06.936Z;functions.waitForImage;  LICENCAS EXCEDIDAS image found.
25-03-2024 16:05:06.936Z;functions.movimentacao_bancaria;  LICENCAS EXCEDIDAS
25-03-2024 16:05:06.936Z;functions.movimentacao_bancaria;  TENTANDO NOVAMENTE - 14
25-03-2024 16:05:27.429Z;functions.waitForImage;  IMAGEM BORDERO image found.
25-03-2024 16:05:29.551Z;functions.movimentacao_bancaria;  IMAGEM BORDERO CLICADA.
25-03-2024 16:05:31.719Z;functions.waitForImage;  LICENCAS EXCEDIDAS image found.
25-03-2024 16:05:31.719Z;functions.movimentacao_bancaria;  LICENCAS EXCEDIDAS
25-03-2024 16:05:31.719Z;functions.movimentacao_bancaria;  TENTANDO NOVAMENTE - 15
25-03-2024 16:05:52.233Z;functions.waitForImage;  IMAGEM BORDERO image found.
25-03-2024 16:05:54.361Z;functions.movimentacao_bancaria;  IMAGEM BORDERO CLICADA.
25-03-2024 16:05:56.530Z;functions.waitForImage;  LICENCAS EXCEDIDAS image found.
25-03-2024 16:05:56.530Z;functions.movimentacao_bancaria;  LICENCAS EXCEDIDAS
25-03-2024 16:05:56.530Z;functions.movimentacao_bancaria;  TENTANDO NOVAMENTE - 16
25-03-2024 16:06:17.029Z;functions.waitForImage;  IMAGEM BORDERO image found.
25-03-2024 16:06:19.147Z;functions.movimentacao_bancaria;  IMAGEM BORDERO CLICADA.
25-03-2024 16:06:21.281Z;functions.waitForImage;  LICENCAS EXCEDIDAS image found.
25-03-2024 16:06:21.296Z;functions.movimentacao_bancaria;  LICENCAS EXCEDIDAS
25-03-2024 16:06:21.296Z;functions.movimentacao_bancaria;  TENTANDO NOVAMENTE - 17
25-03-2024 16:06:41.782Z;functions.waitForImage;  IMAGEM BORDERO image found.
25-03-2024 16:06:43.907Z;functions.movimentacao_bancaria;  IMAGEM BORDERO CLICADA.
25-03-2024 16:06:46.109Z;functions.waitForImage;  LICENCAS EXCEDIDAS image found.
25-03-2024 16:06:46.109Z;functions.movimentacao_bancaria;  LICENCAS EXCEDIDAS
25-03-2024 16:06:46.109Z;functions.movimentacao_bancaria;  TENTANDO NOVAMENTE - 18
25-03-2024 16:07:06.624Z;functions.waitForImage;  IMAGEM BORDERO image found.
25-03-2024 16:07:08.744Z;functions.movimentacao_bancaria;  IMAGEM BORDERO CLICADA.
25-03-2024 16:07:10.953Z;functions.waitForImage;  LICENCAS EXCEDIDAS image found.
25-03-2024 16:07:10.953Z;functions.movimentacao_bancaria;  LICENCAS EXCEDIDAS
25-03-2024 16:07:10.953Z;functions.movimentacao_bancaria;  TENTANDO NOVAMENTE - 19
25-03-2024 16:07:31.467Z;functions.waitForImage;  IMAGEM BORDERO image found.
25-03-2024 16:07:33.588Z;functions.movimentacao_bancaria;  IMAGEM BORDERO CLICADA.
25-03-2024 16:07:35.552Z;functions.waitForImage;  LICENCAS EXCEDIDAS image found.
25-03-2024 16:07:35.552Z;functions.movimentacao_bancaria;  LICENCAS EXCEDIDAS
25-03-2024 16:07:35.552Z;functions.movimentacao_bancaria;  TENTANDO NOVAMENTE - 20
25-03-2024 16:07:56.085Z;functions.waitForImage;  IMAGEM BORDERO image found.
25-03-2024 16:07:58.203Z;functions.movimentacao_bancaria;  IMAGEM BORDERO CLICADA.
25-03-2024 16:08:00.351Z;functions.waitForImage;  LICENCAS EXCEDIDAS image found.
25-03-2024 16:08:00.351Z;functions.movimentacao_bancaria;  LICENCAS EXCEDIDAS
25-03-2024 16:08:00.351Z;functions.movimentacao_bancaria;  TENTANDO NOVAMENTE - 21
25-03-2024 16:10:23.623Z;functions.waitForImage;  IMAGEM BORDERO image found.
25-03-2024 16:10:25.742Z;functions.movimentacao_bancaria;  IMAGEM BORDERO CLICADA.
25-03-2024 16:10:27.903Z;functions.waitForImage;  LICENCAS EXCEDIDAS image found.
25-03-2024 16:10:27.903Z;functions.movimentacao_bancaria;  LICENCAS EXCEDIDAS
25-03-2024 16:10:27.903Z;functions.movimentacao_bancaria;  TENTANDO NOVAMENTE - 1
25-03-2024 16:10:48.394Z;functions.waitForImage;  IMAGEM BORDERO image found.
25-03-2024 16:10:50.526Z;functions.movimentacao_bancaria;  IMAGEM BORDERO CLICADA.
25-03-2024 16:10:52.677Z;functions.waitForImage;  LICENCAS EXCEDIDAS image found.
25-03-2024 16:10:52.677Z;functions.movimentacao_bancaria;  LICENCAS EXCEDIDAS
25-03-2024 16:10:52.677Z;functions.movimentacao_bancaria;  TENTANDO NOVAMENTE - 2
25-03-2024 16:11:13.138Z;functions.waitForImage;  IMAGEM BORDERO image found.
25-03-2024 16:11:15.261Z;functions.movimentacao_bancaria;  IMAGEM BORDERO CLICADA.
25-03-2024 16:11:17.352Z;functions.waitForImage;  LICENCAS EXCEDIDAS image found.
25-03-2024 16:11:17.352Z;functions.movimentacao_bancaria;  LICENCAS EXCEDIDAS
25-03-2024 16:11:17.352Z;functions.movimentacao_bancaria;  TENTANDO NOVAMENTE - 3
25-03-2024 16:11:37.840Z;functions.waitForImage;  IMAGEM BORDERO image found.
25-03-2024 16:11:39.960Z;functions.movimentacao_bancaria;  IMAGEM BORDERO CLICADA.
25-03-2024 16:11:42.137Z;functions.waitForImage;  LICENCAS EXCEDIDAS image found.
25-03-2024 16:11:42.137Z;functions.movimentacao_bancaria;  LICENCAS EXCEDIDAS
25-03-2024 16:11:42.137Z;functions.movimentacao_bancaria;  TENTANDO NOVAMENTE - 4
25-03-2024 16:12:02.628Z;functions.waitForImage;  IMAGEM BORDERO image found.
25-03-2024 16:12:04.751Z;functions.movimentacao_bancaria;  IMAGEM BORDERO CLICADA.
25-03-2024 16:12:06.951Z;functions.waitForImage;  LICENCAS EXCEDIDAS image found.
25-03-2024 16:12:06.951Z;functions.movimentacao_bancaria;  LICENCAS EXCEDIDAS
25-03-2024 16:12:06.951Z;functions.movimentacao_bancaria;  TENTANDO NOVAMENTE - 5
25-03-2024 16:12:27.428Z;functions.waitForImage;  IMAGEM BORDERO image found.
25-03-2024 16:12:29.556Z;functions.movimentacao_bancaria;  IMAGEM BORDERO CLICADA.
25-03-2024 16:12:31.707Z;functions.waitForImage;  LICENCAS EXCEDIDAS image found.
25-03-2024 16:12:31.707Z;functions.movimentacao_bancaria;  LICENCAS EXCEDIDAS
25-03-2024 16:12:31.707Z;functions.movimentacao_bancaria;  TENTANDO NOVAMENTE - 6
25-03-2024 16:12:52.210Z;functions.waitForImage;  IMAGEM BORDERO image found.
25-03-2024 16:12:54.330Z;functions.movimentacao_bancaria;  IMAGEM BORDERO CLICADA.
25-03-2024 16:12:56.528Z;functions.waitForImage;  LICENCAS EXCEDIDAS image found.
25-03-2024 16:12:56.528Z;functions.movimentacao_bancaria;  LICENCAS EXCEDIDAS
25-03-2024 16:12:56.528Z;functions.movimentacao_bancaria;  TENTANDO NOVAMENTE - 7
25-03-2024 16:13:17.029Z;functions.waitForImage;  IMAGEM BORDERO image found.
25-03-2024 16:13:19.153Z;functions.movimentacao_bancaria;  IMAGEM BORDERO CLICADA.
25-03-2024 16:13:21.293Z;functions.waitForImage;  LICENCAS EXCEDIDAS image found.
25-03-2024 16:13:21.293Z;functions.movimentacao_bancaria;  LICENCAS EXCEDIDAS
25-03-2024 16:13:21.293Z;functions.movimentacao_bancaria;  TENTANDO NOVAMENTE - 8
25-03-2024 16:13:41.773Z;functions.waitForImage;  IMAGEM BORDERO image found.
25-03-2024 16:13:43.895Z;functions.movimentacao_bancaria;  IMAGEM BORDERO CLICADA.
25-03-2024 16:13:46.098Z;functions.waitForImage;  LICENCAS EXCEDIDAS image found.
25-03-2024 16:13:46.098Z;functions.movimentacao_bancaria;  LICENCAS EXCEDIDAS
25-03-2024 16:13:46.098Z;functions.movimentacao_bancaria;  TENTANDO NOVAMENTE - 9
25-03-2024 16:14:06.606Z;functions.waitForImage;  IMAGEM BORDERO image found.
25-03-2024 16:14:08.725Z;functions.movimentacao_bancaria;  IMAGEM BORDERO CLICADA.
25-03-2024 16:14:10.951Z;functions.waitForImage;  LICENCAS EXCEDIDAS image found.
25-03-2024 16:14:10.951Z;functions.movimentacao_bancaria;  LICENCAS EXCEDIDAS
25-03-2024 16:14:10.951Z;functions.movimentacao_bancaria;  TENTANDO NOVAMENTE - 10
25-03-2024 16:14:31.433Z;functions.waitForImage;  IMAGEM BORDERO image found.
25-03-2024 16:14:33.563Z;functions.movimentacao_bancaria;  IMAGEM BORDERO CLICADA.
25-03-2024 16:14:35.635Z;functions.waitForImage;  LICENCAS EXCEDIDAS image found.
25-03-2024 16:14:35.635Z;functions.movimentacao_bancaria;  LICENCAS EXCEDIDAS
25-03-2024 16:14:35.635Z;functions.movimentacao_bancaria;  TENTANDO NOVAMENTE - 11
25-03-2024 16:14:56.246Z;functions.waitForImage;  IMAGEM BORDERO image found.
25-03-2024 16:14:58.366Z;functions.movimentacao_bancaria;  IMAGEM BORDERO CLICADA.
25-03-2024 16:15:00.415Z;functions.waitForImage;  LICENCAS EXCEDIDAS image found.
25-03-2024 16:15:00.415Z;functions.movimentacao_bancaria;  LICENCAS EXCEDIDAS
25-03-2024 16:15:00.415Z;functions.movimentacao_bancaria;  TENTANDO NOVAMENTE - 12
25-03-2024 16:15:20.939Z;functions.waitForImage;  IMAGEM BORDERO image found.
25-03-2024 16:15:23.062Z;functions.movimentacao_bancaria;  IMAGEM BORDERO CLICADA.
25-03-2024 16:15:25.151Z;functions.waitForImage;  LICENCAS EXCEDIDAS image found.
25-03-2024 16:15:25.151Z;functions.movimentacao_bancaria;  LICENCAS EXCEDIDAS
25-03-2024 16:15:25.151Z;functions.movimentacao_bancaria;  TENTANDO NOVAMENTE - 13
25-03-2024 16:15:45.622Z;functions.waitForImage;  IMAGEM BORDERO image found.
25-03-2024 16:15:47.748Z;functions.movimentacao_bancaria;  IMAGEM BORDERO CLICADA.
25-03-2024 16:15:49.851Z;functions.waitForImage;  LICENCAS EXCEDIDAS image found.
25-03-2024 16:15:49.851Z;functions.movimentacao_bancaria;  LICENCAS EXCEDIDAS
25-03-2024 16:15:49.851Z;functions.movimentacao_bancaria;  TENTANDO NOVAMENTE - 14
25-03-2024 16:16:10.330Z;functions.waitForImage;  IMAGEM BORDERO image found.
25-03-2024 16:16:12.454Z;functions.movimentacao_bancaria;  IMAGEM BORDERO CLICADA.
25-03-2024 16:16:14.582Z;functions.waitForImage;  LICENCAS EXCEDIDAS image found.
25-03-2024 16:16:14.582Z;functions.movimentacao_bancaria;  LICENCAS EXCEDIDAS
25-03-2024 16:16:14.582Z;functions.movimentacao_bancaria;  TENTANDO NOVAMENTE - 15
25-03-2024 16:16:35.058Z;functions.waitForImage;  IMAGEM BORDERO image found.
25-03-2024 16:16:37.184Z;functions.movimentacao_bancaria;  IMAGEM BORDERO CLICADA.
25-03-2024 16:16:39.295Z;functions.waitForImage;  LICENCAS EXCEDIDAS image found.
25-03-2024 16:16:39.295Z;functions.movimentacao_bancaria;  LICENCAS EXCEDIDAS
25-03-2024 16:16:39.295Z;functions.movimentacao_bancaria;  TENTANDO NOVAMENTE - 16
25-03-2024 16:16:59.767Z;functions.waitForImage;  IMAGEM BORDERO image found.
25-03-2024 16:17:01.899Z;functions.movimentacao_bancaria;  IMAGEM BORDERO CLICADA.
25-03-2024 16:17:04.058Z;functions.waitForImage;  LICENCAS EXCEDIDAS image found.
25-03-2024 16:17:04.058Z;functions.movimentacao_bancaria;  LICENCAS EXCEDIDAS
25-03-2024 16:17:04.058Z;functions.movimentacao_bancaria;  TENTANDO NOVAMENTE - 17
25-03-2024 16:17:24.575Z;functions.waitForImage;  IMAGEM BORDERO image found.
25-03-2024 16:17:26.695Z;functions.movimentacao_bancaria;  IMAGEM BORDERO CLICADA.
25-03-2024 16:17:28.770Z;functions.waitForImage;  LICENCAS EXCEDIDAS image found.
25-03-2024 16:17:28.770Z;functions.movimentacao_bancaria;  LICENCAS EXCEDIDAS
25-03-2024 16:17:28.770Z;functions.movimentacao_bancaria;  TENTANDO NOVAMENTE - 18
25-03-2024 16:17:49.245Z;functions.waitForImage;  IMAGEM BORDERO image found.
25-03-2024 16:17:51.380Z;functions.movimentacao_bancaria;  IMAGEM BORDERO CLICADA.
25-03-2024 16:17:53.500Z;functions.waitForImage;  LICENCAS EXCEDIDAS image found.
25-03-2024 16:17:53.500Z;functions.movimentacao_bancaria;  LICENCAS EXCEDIDAS
25-03-2024 16:17:53.500Z;functions.movimentacao_bancaria;  TENTANDO NOVAMENTE - 19
25-03-2024 16:18:13.979Z;functions.waitForImage;  IMAGEM BORDERO image found.
25-03-2024 16:18:16.110Z;functions.movimentacao_bancaria;  IMAGEM BORDERO CLICADA.
25-03-2024 16:18:18.252Z;functions.waitForImage;  LICENCAS EXCEDIDAS image found.
25-03-2024 16:18:18.252Z;functions.movimentacao_bancaria;  LICENCAS EXCEDIDAS
25-03-2024 16:18:18.252Z;functions.movimentacao_bancaria;  TENTANDO NOVAMENTE - 20
25-03-2024 16:18:38.734Z;functions.waitForImage;  IMAGEM BORDERO image found.
25-03-2024 16:18:40.867Z;functions.movimentacao_bancaria;  IMAGEM BORDERO CLICADA.
25-03-2024 16:18:43.041Z;functions.waitForImage;  LICENCAS EXCEDIDAS image found.
25-03-2024 16:18:43.041Z;functions.movimentacao_bancaria;  LICENCAS EXCEDIDAS
25-03-2024 16:18:43.041Z;functions.movimentacao_bancaria;  TENTANDO NOVAMENTE - 21
25-03-2024 16:21:04.665Z;functions.waitForImage;  IMAGEM BORDERO image found.
25-03-2024 16:21:06.797Z;functions.movimentacao_bancaria;  IMAGEM BORDERO CLICADA.
25-03-2024 16:21:08.854Z;functions.waitForImage;  LICENCAS EXCEDIDAS image found.
25-03-2024 16:21:08.854Z;functions.movimentacao_bancaria;  LICENCAS EXCEDIDAS
25-03-2024 16:21:08.854Z;functions.movimentacao_bancaria;  TENTANDO NOVAMENTE - 1
25-03-2024 16:21:29.352Z;functions.waitForImage;  IMAGEM BORDERO image found.
25-03-2024 16:21:31.474Z;functions.movimentacao_bancaria;  IMAGEM BORDERO CLICADA.
25-03-2024 16:21:33.530Z;functions.waitForImage;  LICENCAS EXCEDIDAS image found.
25-03-2024 16:21:33.530Z;functions.movimentacao_bancaria;  LICENCAS EXCEDIDAS
25-03-2024 16:21:33.530Z;functions.movimentacao_bancaria;  TENTANDO NOVAMENTE - 2
25-03-2024 16:21:54.009Z;functions.waitForImage;  IMAGEM BORDERO image found.
25-03-2024 16:21:56.132Z;functions.movimentacao_bancaria;  IMAGEM BORDERO CLICADA.
25-03-2024 16:21:58.238Z;functions.waitForImage;  LICENCAS EXCEDIDAS image found.
25-03-2024 16:21:58.238Z;functions.movimentacao_bancaria;  LICENCAS EXCEDIDAS
25-03-2024 16:21:58.238Z;functions.movimentacao_bancaria;  TENTANDO NOVAMENTE - 3
25-03-2024 16:22:18.726Z;functions.waitForImage;  IMAGEM BORDERO image found.
25-03-2024 16:22:20.853Z;functions.movimentacao_bancaria;  IMAGEM BORDERO CLICADA.
25-03-2024 16:22:22.885Z;functions.waitForImage;  LICENCAS EXCEDIDAS image found.
25-03-2024 16:22:22.885Z;functions.movimentacao_bancaria;  LICENCAS EXCEDIDAS
25-03-2024 16:22:22.885Z;functions.movimentacao_bancaria;  TENTANDO NOVAMENTE - 4
25-03-2024 16:22:43.380Z;functions.waitForImage;  IMAGEM BORDERO image found.
25-03-2024 16:22:45.501Z;functions.movimentacao_bancaria;  IMAGEM BORDERO CLICADA.
25-03-2024 16:22:47.634Z;functions.waitForImage;  LICENCAS EXCEDIDAS image found.
25-03-2024 16:22:47.634Z;functions.movimentacao_bancaria;  LICENCAS EXCEDIDAS
25-03-2024 16:22:47.634Z;functions.movimentacao_bancaria;  TENTANDO NOVAMENTE - 5
25-03-2024 16:23:08.120Z;functions.waitForImage;  IMAGEM BORDERO image found.
25-03-2024 16:23:10.247Z;functions.movimentacao_bancaria;  IMAGEM BORDERO CLICADA.
25-03-2024 16:23:12.349Z;functions.waitForImage;  LICENCAS EXCEDIDAS image found.
25-03-2024 16:23:12.349Z;functions.movimentacao_bancaria;  LICENCAS EXCEDIDAS
25-03-2024 16:23:12.349Z;functions.movimentacao_bancaria;  TENTANDO NOVAMENTE - 6
25-03-2024 16:23:32.867Z;functions.waitForImage;  IMAGEM BORDERO image found.
25-03-2024 16:23:35.000Z;functions.movimentacao_bancaria;  IMAGEM BORDERO CLICADA.
25-03-2024 16:23:37.165Z;functions.waitForImage;  LICENCAS EXCEDIDAS image found.
25-03-2024 16:23:37.165Z;functions.movimentacao_bancaria;  LICENCAS EXCEDIDAS
25-03-2024 16:23:37.165Z;functions.movimentacao_bancaria;  TENTANDO NOVAMENTE - 7
25-03-2024 16:23:57.611Z;functions.waitForImage;  IMAGEM BORDERO image found.
25-03-2024 16:23:59.730Z;functions.movimentacao_bancaria;  IMAGEM BORDERO CLICADA.
25-03-2024 16:24:01.883Z;functions.waitForImage;  LICENCAS EXCEDIDAS image found.
25-03-2024 16:24:01.883Z;functions.movimentacao_bancaria;  LICENCAS EXCEDIDAS
25-03-2024 16:24:01.883Z;functions.movimentacao_bancaria;  TENTANDO NOVAMENTE - 8
25-03-2024 16:24:22.343Z;functions.waitForImage;  IMAGEM BORDERO image found.
25-03-2024 16:24:24.470Z;functions.movimentacao_bancaria;  IMAGEM BORDERO CLICADA.
25-03-2024 16:24:26.571Z;functions.waitForImage;  LICENCAS EXCEDIDAS image found.
25-03-2024 16:24:26.571Z;functions.movimentacao_bancaria;  LICENCAS EXCEDIDAS
25-03-2024 16:24:26.571Z;functions.movimentacao_bancaria;  TENTANDO NOVAMENTE - 9
25-03-2024 16:24:47.040Z;functions.waitForImage;  IMAGEM BORDERO image found.
25-03-2024 16:24:49.168Z;functions.movimentacao_bancaria;  IMAGEM BORDERO CLICADA.
25-03-2024 16:24:51.258Z;functions.waitForImage;  LICENCAS EXCEDIDAS image found.
25-03-2024 16:24:51.258Z;functions.movimentacao_bancaria;  LICENCAS EXCEDIDAS
25-03-2024 16:24:51.258Z;functions.movimentacao_bancaria;  TENTANDO NOVAMENTE - 10
25-03-2024 16:25:11.713Z;functions.waitForImage;  IMAGEM BORDERO image found.
25-03-2024 16:25:13.846Z;functions.movimentacao_bancaria;  IMAGEM BORDERO CLICADA.
25-03-2024 16:25:16.054Z;functions.waitForImage;  LICENCAS EXCEDIDAS image found.
25-03-2024 16:25:16.054Z;functions.movimentacao_bancaria;  LICENCAS EXCEDIDAS
25-03-2024 16:25:16.054Z;functions.movimentacao_bancaria;  TENTANDO NOVAMENTE - 11
25-03-2024 16:25:36.531Z;functions.waitForImage;  IMAGEM BORDERO image found.
25-03-2024 16:25:38.661Z;functions.movimentacao_bancaria;  IMAGEM BORDERO CLICADA.
25-03-2024 16:25:40.759Z;functions.waitForImage;  LICENCAS EXCEDIDAS image found.
25-03-2024 16:25:40.759Z;functions.movimentacao_bancaria;  LICENCAS EXCEDIDAS
25-03-2024 16:25:40.759Z;functions.movimentacao_bancaria;  TENTANDO NOVAMENTE - 12
25-03-2024 16:26:01.289Z;functions.waitForImage;  IMAGEM BORDERO image found.
25-03-2024 16:26:03.416Z;functions.movimentacao_bancaria;  IMAGEM BORDERO CLICADA.
25-03-2024 16:26:05.522Z;functions.waitForImage;  LICENCAS EXCEDIDAS image found.
25-03-2024 16:26:05.522Z;functions.movimentacao_bancaria;  LICENCAS EXCEDIDAS
25-03-2024 16:26:05.522Z;functions.movimentacao_bancaria;  TENTANDO NOVAMENTE - 13
25-03-2024 16:26:26.054Z;functions.waitForImage;  IMAGEM BORDERO image found.
25-03-2024 16:26:28.184Z;functions.movimentacao_bancaria;  IMAGEM BORDERO CLICADA.
25-03-2024 16:26:30.258Z;functions.waitForImage;  LICENCAS EXCEDIDAS image found.
25-03-2024 16:26:30.258Z;functions.movimentacao_bancaria;  LICENCAS EXCEDIDAS
25-03-2024 16:26:30.258Z;functions.movimentacao_bancaria;  TENTANDO NOVAMENTE - 14
25-03-2024 16:26:50.780Z;functions.waitForImage;  IMAGEM BORDERO image found.
25-03-2024 16:26:52.913Z;functions.movimentacao_bancaria;  IMAGEM BORDERO CLICADA.
25-03-2024 16:26:55.023Z;functions.waitForImage;  LICENCAS EXCEDIDAS image found.
25-03-2024 16:26:55.023Z;functions.movimentacao_bancaria;  LICENCAS EXCEDIDAS
25-03-2024 16:26:55.023Z;functions.movimentacao_bancaria;  TENTANDO NOVAMENTE - 15
25-03-2024 16:27:15.496Z;functions.waitForImage;  IMAGEM BORDERO image found.
25-03-2024 16:27:17.624Z;functions.movimentacao_bancaria;  IMAGEM BORDERO CLICADA.
25-03-2024 16:27:38.425Z;functions.waitForImage;  LICENCAS EXCEDIDAS image not found.
25-03-2024 16:29:39.225Z;functions.show_exception_and_exit;  'NoneType' object has no attribute 'click'
Traceback (most recent call last):
  File "C:\Projetos_Remessas\Remessa_Bancaria\main.py", line 15, in <module>
    check_movimentacao_bancaria()
  File "C:\Projetos_Remessas\Remessa_Bancaria\SUBPROGRAMS\functions.py", line 133, in check_movimentacao_bancaria
    movimentacao_bancaria()
  File "C:\Projetos_Remessas\Remessa_Bancaria\SUBPROGRAMS\functions.py", line 946, in movimentacao_bancaria
    filtro_movimentacao.click()
    ^^^^^^^^^^^^^^^^^^^^^^^^^
AttributeError: 'NoneType' object has no attribute 'click'
25-03-2024 16:29:40.115Z;functions.show_exception_and_exit;  PRINT SALVO
25-03-2024 16:29:40.589Z;functions.show_exception_and_exit;  RM FECHADO
25-03-2024 16:29:43.179Z;errorhandler.__handle;  Property: Unknown Property name. [1:203: -ms-interpolation-mode]
25-03-2024 16:29:43.226Z;errorhandler.__handle;  Property: Unknown Property name. [1:353: -webkit-font-smoothing]
25-03-2024 16:29:43.241Z;errorhandler.__handle;  Property: Unknown Property name. [1:483: -ms-text-size-adjust]
25-03-2024 16:29:43.241Z;errorhandler.__handle;  Property: Unknown Property name. [1:518: -webkit-text-size-adjust]
25-03-2024 16:29:43.241Z;errorhandler.__handle;  Property: Unknown Property name. [1:612: mso-table-lspace]
25-03-2024 16:29:43.241Z;errorhandler.__handle;  Property: Unknown Property name. [1:642: mso-table-rspace]
25-03-2024 16:29:43.491Z;errorhandler.__handle;  Property: Unknown Property name. [1:4734: mso-hide]
25-03-2024 16:29:43.601Z;errorhandler.__handle;  Property: Unknown Property name. [1:13: -ms-interpolation-mode]
25-03-2024 16:29:43.601Z;errorhandler.__handle;  Property: Unknown Property name. [1:49: -webkit-font-smoothing]
25-03-2024 16:29:43.616Z;errorhandler.__handle;  Property: Unknown Property name. [1:134: -ms-text-size-adjust]
25-03-2024 16:29:43.616Z;errorhandler.__handle;  Property: Unknown Property name. [1:160: -webkit-text-size-adjust]
25-03-2024 16:29:43.616Z;errorhandler.__handle;  Property: Unknown Property name. [1:26: mso-table-lspace]
25-03-2024 16:29:43.616Z;errorhandler.__handle;  Property: Unknown Property name. [1:45: mso-table-rspace]
25-03-2024 16:29:43.648Z;errorhandler.__handle;  Property: Unknown Property name. [1:92: mso-hide]
25-03-2024 16:29:43.663Z;errorhandler.__handle;  Property: No ":" after name found: align-center [1:1: align-center]
25-03-2024 16:29:43.663Z;errorhandler.__handle;  Property: No property value found: align-center [1:1: align-center]
25-03-2024 16:29:43.663Z;errorhandler.__handle;  CSSStyleDeclaration: Syntax Error in Property: align-center
25-03-2024 16:29:43.679Z;errorhandler.__handle;  Property: Unknown Property name. [1:14: -ms-interpolation-mode]
25-03-2024 16:29:48.819Z;functions.show_exception_and_exit;  EMAIL EXCEÇÃO ENVIADO
25-03-2024 16:29:48.819Z;functions.show_exception_and_exit;  ERRO - <class 'AttributeError'> / 'NoneType' object has no attribute 'click'
