25-03-2024 21:00:24.904Z;functions.bot_text_art;      ____   
25-03-2024 21:00:24.904Z;functions.bot_text_art;     [____]    
25-03-2024 21:00:24.904Z;functions.bot_text_art;   |=]()()[=|  
25-03-2024 21:00:24.904Z;functions.bot_text_art;     _\==/__    _____    ____     _        _____    ___   _  __
25-03-2024 21:00:24.904Z;functions.bot_text_art;   |__|   |_|  |  _  \  / ___|   | |      |_   _| / ___| | |/ /
25-03-2024 21:00:24.904Z;functions.bot_text_art;   |_|_/\_|_|  | |  | | | |      | |        | |   | |    | ' / 
25-03-2024 21:00:24.904Z;functions.bot_text_art;   | | __ | |  | |  | | | |      | |        | |   | |    |  <  
25-03-2024 21:00:24.904Z;functions.bot_text_art;   |_|[  ]|_|  | |__| | | |____  | |____   _| |_  | |__  | . \ 
25-03-2024 21:00:24.920Z;functions.bot_text_art;   \_|_||_|_/  |_____/   \_____| |______| |_____| \ ___| |_|\_\
25-03-2024 21:00:24.920Z;functions.bot_text_art;     |_||_|                                                     
25-03-2024 21:00:24.920Z;functions.bot_text_art;     | ||_|_   
25-03-2024 21:00:24.920Z;functions.bot_text_art;   |___||___|  
25-03-2024 21:00:24.920Z;functions.bot_text_art;               
25-03-2024 21:00:24.920Z;functions.open_RM;  OPEN PROGRAM RM
25-03-2024 21:00:42.200Z;functions.loggin_RM;  ENTER USER_NAME
25-03-2024 21:00:46.694Z;functions.loggin_RM;  ENTER PASSWORD
25-03-2024 21:00:47.825Z;functions.loggin_RM;  ENTER RM
25-03-2024 21:01:35.107Z;functions.enter_coligada;  CLICK CONTEXTO
25-03-2024 21:01:40.545Z;functions.enter_coligada;  CLICK ALTERAR MODULO DO CONTEXTO
25-03-2024 21:01:44.240Z;functions.enter_coligada;  INSERE O COLIGADA CODE = 1
25-03-2024 21:01:44.353Z;functions.enter_coligada;  APERTA TAB PARA PREENCHER O CAMPO COM A STRING: OCEANICA ENGENHARIA E CONSULTORIA S.A.
25-03-2024 21:01:45.638Z;functions.enter_coligada;  CLICK AVANÇAR NOVAMENTE
25-03-2024 21:01:46.826Z;functions.enter_coligada;  CLICK CONCLUIR
25-03-2024 21:02:11.138Z;functions.enter_coligada;  POP UP COLIGADA DESAPARECER
25-03-2024 21:02:11.981Z;functions.check_movimentacao_bancaria;  CLICK - TOTVS - LINHA RM
25-03-2024 21:02:13.685Z;functions.check_movimentacao_bancaria;  CLICK - BACK OFFICE
25-03-2024 21:02:16.434Z;functions.check_movimentacao_bancaria;  CLICK - GESTAO FINANCEIRA
25-03-2024 21:02:27.258Z;functions.movimentacao_bancaria;  CLICA NA ABA MOVIMENTAÇÃO BANCARIA
25-03-2024 21:02:28.512Z;functions.waitForImage;  IMAGEM BORDERO image found.
25-03-2024 21:02:30.633Z;functions.movimentacao_bancaria;  IMAGEM BORDERO CLICADA.
25-03-2024 21:02:50.818Z;functions.waitForImage;  LICENCAS EXCEDIDAS image not found.
25-03-2024 21:02:51.497Z;functions.movimentacao_bancaria;  ENCONTROU O FILTRO DA MOVIMENTAÇÃO BANCÁRIA
25-03-2024 21:02:51.528Z;functions.movimentacao_bancaria;  CLICA NA ABA SUPERIOR DO FILTRO
25-03-2024 21:02:54.741Z;functions.movimentacao_bancaria;  SELECIONA O FILTRO HOJE
25-03-2024 21:03:00.119Z;functions.waitForImage;  FILTER CLEAN image found.
25-03-2024 21:03:02.255Z;functions.filter_clean;  CLICA NO BOTÃO X DO LIMPA FILTRO
25-03-2024 21:03:02.590Z;functions.waitForImage;  FILTER CLEAN image found.
25-03-2024 21:03:04.715Z;functions.filter_clean;  CLICA NO BOTÃO X DO LIMPA FILTRO
25-03-2024 21:03:20.030Z;functions.waitForImage;  FILTER CLEAN image not found.
25-03-2024 21:03:21.450Z;functions.movimentacao_bancaria;  CLICA NA PRIMEIRA LINHA DA TABELA MOVIMENTAÇÃO BANCÁRIA
25-03-2024 21:03:22.689Z;functions.movimentacao_bancaria;  12 PASSOS PARA DIREITA NA TABELA >>
25-03-2024 21:03:24.684Z;functions.movimentacao_bancaria;  HOVER FILTER
25-03-2024 21:03:25.155Z;functions.movimentacao_bancaria;  CLICK FILTER
25-03-2024 21:03:29.483Z;functions.movimentacao_bancaria;  CLICA NO FILTRO  STATUS DA REMESSA
25-03-2024 21:03:31.586Z;functions.movimentacao_bancaria;  APERTA TAB PARA ESCREVER O FILTRO
25-03-2024 21:03:33.699Z;functions.movimentacao_bancaria;  ESCREVE PENDENTE NO FILTRO
25-03-2024 21:03:35.803Z;functions.movimentacao_bancaria;  APERTA ENTER PARA SELECIONAR OS PENDENTES
25-03-2024 21:03:58.529Z;functions.movimentacao_bancaria;  SEM PROCESSAMENTO DE BORDERO PENDENTE
25-03-2024 21:04:08.843Z;functions.waitForImage;  FILTER CLEAN image found.
25-03-2024 21:04:10.976Z;functions.filter_clean;  CLICA NO BOTÃO X DO LIMPA FILTRO
25-03-2024 21:04:26.340Z;functions.waitForImage;  FILTER CLEAN image not found.
25-03-2024 21:04:41.675Z;functions.waitForImage;  FILTER CLEAN image not found.
25-03-2024 21:04:43.340Z;functions.processo_pagamento;  CLICA NA PRIMEIRA LINHA DA TABELA MOVIMENTAÇÃO BANCÁRIA
25-03-2024 21:04:45.262Z;functions.processo_pagamento;  HOVER FILTER
25-03-2024 21:04:45.729Z;functions.processo_pagamento;  CLICK FILTER
25-03-2024 21:04:50.063Z;functions.processo_pagamento;  CLICA NO FILTRO  STATUS DA REMESSA
25-03-2024 21:04:52.166Z;functions.processo_pagamento;  APERTA TAB PARA ESCREVER O FILTRO
25-03-2024 21:04:54.286Z;functions.processo_pagamento;  ESCREVE AUTORIZADO NO FILTRO
25-03-2024 21:04:56.389Z;functions.processo_pagamento;  APERTA ENTER PARA SELECIONAR OS AUTORIZADOS
25-03-2024 21:05:19.074Z;functions.processo_pagamento;  SEM REMESSA DE BORDERO AUTORIZADO
25-03-2024 21:05:20.179Z;functions.processo_pagamento;  FECHA ABA MOVIMENTAÇÕES BANCÁRIAS
25-03-2024 21:05:22.090Z;functions.enter_contas_a_pagar;  CLICK - TOTVS - LINHA RM
25-03-2024 21:05:23.560Z;functions.enter_contas_a_pagar;  CLICK - BACK OFFICE
25-03-2024 21:05:24.512Z;functions.enter_contas_a_pagar;  CLICK - GESTAO FINANCEIRA
25-03-2024 21:05:32.997Z;functions.enter_contas_a_pagar;  CLICK - CONTAS A PAGAR
25-03-2024 21:05:34.200Z;functions.waitForImage;  LANÇAMENTOS image found.
25-03-2024 21:05:36.333Z;functions.enter_contas_a_pagar;  CLICA EM LANÇAMENTOS
25-03-2024 21:05:51.913Z;functions.waitForImage;  LICENCAS EXCEDIDAS image not found.
25-03-2024 21:05:51.913Z;functions.obter_intervalo_data;  VERIFICANDO A HORA ATUAL 21
25-03-2024 21:05:51.928Z;functions.obter_intervalo_data;  Data Inicial BANCARIA antes da remoção: None
25-03-2024 21:05:51.928Z;functions.obter_intervalo_data;  Data Final BANCARIA antes da remoção: None
25-03-2024 21:05:51.928Z;functions.obter_intervalo_data;  Data Inicial BANCARIA após a remoção: None
25-03-2024 21:05:51.928Z;functions.obter_intervalo_data;  Data Final BANCARIA após a remoção: None
25-03-2024 21:05:51.928Z;functions.obter_intervalo_data;  hoje -  2024-03-25 21:05:51.928897
25-03-2024 21:05:51.928Z;functions.data_filter;  DATA INICIO 27-03-2024
25-03-2024 21:05:51.928Z;functions.data_filter;  DATA FIM 02-04-2024
25-03-2024 21:05:51.928Z;functions.data_filter;  CLICK - SELECIONA A DATA DE QUARTA FEIRA E DA PROXIMA TERÇA
25-03-2024 21:05:51.928Z;functions.data_filter;  QUARTA-FEIRA: 27-03-2024
25-03-2024 21:05:51.928Z;functions.data_filter;  TERCA-FEIRA: 02-04-2024
25-03-2024 21:06:54.262Z;functions.show_exception_and_exit;  'NoneType' object has no attribute 'click'
Traceback (most recent call last):
  File "C:\Projetos_Remessas\Remessa_Bancaria\main.py", line 17, in <module>
    data_filter()
  File "C:\Projetos_Remessas\Remessa_Bancaria\SUBPROGRAMS\functions.py", line 203, in data_filter
    select_filter.click()
    ^^^^^^^^^^^^^^^^^^^
AttributeError: 'NoneType' object has no attribute 'click'
25-03-2024 21:06:54.934Z;functions.show_exception_and_exit;  PRINT SALVO
25-03-2024 21:06:55.374Z;functions.show_exception_and_exit;  RM FECHADO
25-03-2024 21:06:58.668Z;errorhandler.__handle;  Property: Unknown Property name. [1:203: -ms-interpolation-mode]
25-03-2024 21:06:58.715Z;errorhandler.__handle;  Property: Unknown Property name. [1:353: -webkit-font-smoothing]
25-03-2024 21:06:58.730Z;errorhandler.__handle;  Property: Unknown Property name. [1:483: -ms-text-size-adjust]
25-03-2024 21:06:58.730Z;errorhandler.__handle;  Property: Unknown Property name. [1:518: -webkit-text-size-adjust]
25-03-2024 21:06:58.730Z;errorhandler.__handle;  Property: Unknown Property name. [1:612: mso-table-lspace]
25-03-2024 21:06:58.730Z;errorhandler.__handle;  Property: Unknown Property name. [1:642: mso-table-rspace]
25-03-2024 21:06:58.980Z;errorhandler.__handle;  Property: Unknown Property name. [1:4734: mso-hide]
25-03-2024 21:06:59.090Z;errorhandler.__handle;  Property: Unknown Property name. [1:13: -ms-interpolation-mode]
25-03-2024 21:06:59.105Z;errorhandler.__handle;  Property: Unknown Property name. [1:49: -webkit-font-smoothing]
25-03-2024 21:06:59.105Z;errorhandler.__handle;  Property: Unknown Property name. [1:134: -ms-text-size-adjust]
25-03-2024 21:06:59.105Z;errorhandler.__handle;  Property: Unknown Property name. [1:160: -webkit-text-size-adjust]
25-03-2024 21:06:59.105Z;errorhandler.__handle;  Property: Unknown Property name. [1:26: mso-table-lspace]
25-03-2024 21:06:59.105Z;errorhandler.__handle;  Property: Unknown Property name. [1:45: mso-table-rspace]
25-03-2024 21:06:59.156Z;errorhandler.__handle;  Property: Unknown Property name. [1:92: mso-hide]
25-03-2024 21:06:59.171Z;errorhandler.__handle;  Property: No ":" after name found: align-center [1:1: align-center]
25-03-2024 21:06:59.172Z;errorhandler.__handle;  Property: No property value found: align-center [1:1: align-center]
25-03-2024 21:06:59.172Z;errorhandler.__handle;  CSSStyleDeclaration: Syntax Error in Property: align-center
25-03-2024 21:06:59.175Z;errorhandler.__handle;  Property: Unknown Property name. [1:14: -ms-interpolation-mode]
25-03-2024 21:07:03.934Z;functions.show_exception_and_exit;  EMAIL EXCEÇÃO ENVIADO
25-03-2024 21:07:03.934Z;functions.show_exception_and_exit;  ERRO - <class 'AttributeError'> / 'NoneType' object has no attribute 'click'
