27-11-2023 21:46:01.727Z;functions.bot_text_art;      ____   
27-11-2023 21:46:01.728Z;functions.bot_text_art;     [____]    
27-11-2023 21:46:01.730Z;functions.bot_text_art;   |=]()()[=|  
27-11-2023 21:46:01.730Z;functions.bot_text_art;     _\==/__    _____    ____     _        _____    ___   _  __
27-11-2023 21:46:01.731Z;functions.bot_text_art;   |__|   |_|  |  _  \  / ___|   | |      |_   _| / ___| | |/ /
27-11-2023 21:46:01.733Z;functions.bot_text_art;   |_|_/\_|_|  | |  | | | |      | |        | |   | |    | ' / 
27-11-2023 21:46:01.734Z;functions.bot_text_art;   | | __ | |  | |  | | | |      | |        | |   | |    |  <  
27-11-2023 21:46:01.735Z;functions.bot_text_art;   |_|[  ]|_|  | |__| | | |____  | |____   _| |_  | |__  | . \ 
27-11-2023 21:46:01.737Z;functions.bot_text_art;   \_|_||_|_/  |_____/   \_____| |______| |_____| \ ___| |_|\_\
27-11-2023 21:46:01.738Z;functions.bot_text_art;     |_||_|                                                     
27-11-2023 21:46:01.739Z;functions.bot_text_art;     | ||_|_   
27-11-2023 21:46:01.740Z;functions.bot_text_art;   |___||___|  
27-11-2023 21:46:01.741Z;functions.bot_text_art;               
27-11-2023 21:46:01.753Z;functions.open_RM;  OPEN PROGRAM RM
27-11-2023 21:46:13.806Z;functions.loggin_RM;  ENTER USER_NAME
27-11-2023 21:46:15.215Z;functions.loggin_RM;  ENTER PASSWORD
27-11-2023 21:46:16.389Z;functions.loggin_RM;  ENTER RM
27-11-2023 21:46:51.671Z;functions.enter_coligada;  CLICK CONTEXTO
27-11-2023 21:46:56.797Z;functions.enter_coligada;  CLICK COLIGADA 1
27-11-2023 21:46:59.071Z;functions.enter_coligada;  CLICK AVANÇAR
27-11-2023 21:47:01.821Z;functions.enter_coligada;  INSERE O COLIGADA CODE = 1
27-11-2023 21:47:02.014Z;functions.enter_coligada;  APERTA TAB PARA PREENCHER O CAMPO COM A STRING: OCEANICA ENGENHARIA E CONSULTORIA S.A.
27-11-2023 21:47:03.882Z;functions.enter_coligada;  CLICK AVANÇAR NOVAMENTE
27-11-2023 21:47:05.186Z;functions.enter_coligada;  CLICK CONCLUIR
27-11-2023 21:47:28.286Z;functions.enter_coligada;  POP UP COLIGADA DESAPARECER
27-11-2023 21:47:29.152Z;functions.enter_contas_a_pagar;  CLICK - TOTVS - LINHA RM
27-11-2023 21:47:30.999Z;functions.enter_contas_a_pagar;  CLICK - BACK OFFICE
27-11-2023 21:47:33.801Z;functions.enter_contas_a_pagar;  CLICK - GESTAO FINANCEIRA
27-11-2023 21:47:40.883Z;functions.enter_contas_a_pagar;  CLICK - CONTAS A PAGAR
27-11-2023 21:47:41.880Z;functions.waitForImage;  LANÇAMENTOS image found.
27-11-2023 21:47:44.002Z;functions.enter_contas_a_pagar;  CLICA EM LANÇAMENTOS
27-11-2023 21:47:46.004Z;functions.data_filter;  DATA INICIO 22-11-2023
27-11-2023 21:47:46.005Z;functions.data_filter;  DATA FIM 28-11-2023
27-11-2023 21:47:46.006Z;functions.data_filter;  CLICK - SELECIONA A DATA DE QUARTA FEIRA E DA PROXIMA TERÇA
27-11-2023 21:47:46.007Z;functions.data_filter;  QUARTA-FEIRA: 22-11-2023
27-11-2023 21:47:46.008Z;functions.data_filter;  TERCA-FEIRA: 28-11-2023
27-11-2023 21:47:53.045Z;functions.data_filter;  ESCREVE REMESSA BANCÁRIA NO FILTRO
27-11-2023 21:47:55.309Z;functions.data_filter;  CLICK - BUTÃO DE SELECAO DE FILTRO
27-11-2023 21:47:58.336Z;functions.data_filter;  INSERE - DATA DE QUARTA-FEIRA: 22-11-2023
27-11-2023 21:48:00.731Z;functions.data_filter;  INSERE - DATA DA PROX TERCA-FEIRA: 28-11-2023
27-11-2023 21:48:01.665Z;functions.data_filter;  CLICK - BUTÃO DE EXECUTAR O FILTRO
27-11-2023 21:48:10.604Z;functions.desmark_filter;  CLICK CHECKBOX LANÇAMENTOS A RECEBER
27-11-2023 21:48:12.126Z;functions.desmark_filter;  CLICK CHECKBOX LANÇAMENTOS BAIXADOS
27-11-2023 21:48:13.962Z;functions.desmark_filter;  CLICK CHECKBOX LANÇAMENTOS CANCELADOS
27-11-2023 21:48:16.271Z;functions.desmark_filter;  CLICK CHECKBOX LANÇAMENTOS FATURADOS
27-11-2023 21:48:18.521Z;functions.desmark_filter;  CLICK CHECKBOX LANÇAMENTOS FATURADOS
27-11-2023 21:49:33.758Z;functions.waitForImage;  FILTER CLEAN image not found.
27-11-2023 21:49:33.759Z;functions.check_table_record;  VERIFICANDO SE A TABELA ESTÁ VAZIA
27-11-2023 21:49:46.739Z;functions.check_table_record;  ATENÇÃO: 

Este processo exige que seja selecionado ao menos um registro para sua execução.
Como não foi feita nenhuma seleção, você deseja executá-lo para TODOS os 8 registros?
27-11-2023 21:49:48.743Z;functions.check_table_record;  TIPO: <class 'list'>
27-11-2023 21:49:48.744Z;functions.check_table_record;  NUMERO DE TUPLAS: 8
27-11-2023 21:49:48.746Z;functions.check_table_record;  TABELA CONTÉM REGISTROS
27-11-2023 21:49:52.678Z;functions.check_table_record;  CLICK NÃO
27-11-2023 21:50:09.388Z;functions.select_tipo_documento;  NOME DA COLUNA: Tipo de Documento
27-11-2023 21:50:11.210Z;functions.select_tipo_documento;  HOVER NOME DA COLUNA: Tipo de Documento
27-11-2023 21:50:11.328Z;functions.select_tipo_documento;  CLICA PARA APARECER O FILTRO PERSONALIZAR
27-11-2023 21:50:11.714Z;functions.select_tipo_documento;  CLICA NO FILTRO PERSONALIZAR
27-11-2023 21:50:14.084Z;functions.select_tipo_documento;  CLICA PARA SELECIONAR OPÇÕES DO FILTRO
27-11-2023 21:50:21.389Z;functions.select_tipo_documento;  CLICK BUTTON CONFIRMAR FILTRO
27-11-2023 21:50:27.759Z;functions.filter_IPTE;  CLICK NA PRIMEIRA LINHA E COLUNA DA TABELA
27-11-2023 21:50:42.736Z;functions.filter_IPTE;  147 PASSOS PARA DIREITA NA TABELA >>
27-11-2023 21:50:47.856Z;functions.filter_IPTE;  HOVER FILTER
27-11-2023 21:50:48.003Z;functions.filter_IPTE;  CLICK FILTER
27-11-2023 21:50:52.337Z;functions.filter_IPTE;  CLICA NO FILTRO PERSONALIZAR
27-11-2023 21:51:09.291Z;functions.filter_IPTE;  147 PASSOS PARA ESQUERDA NA TABELA <<
27-11-2023 21:51:09.292Z;functions.check_table_record;  VERIFICANDO SE A TABELA ESTÁ VAZIA
27-11-2023 21:51:22.221Z;functions.check_table_record;  Para este processo é necessário que existam registros na visão.
27-11-2023 21:51:26.225Z;functions.check_table_record;  SEM REMESSAS BANCARIA
27-11-2023 21:51:28.328Z;main.<module>;  SEM REMESSA BANCÁRIA
27-11-2023 21:51:30.525Z;errorhandler.__handle;  Property: Unknown Property name. [1:203: -ms-interpolation-mode]
27-11-2023 21:51:30.572Z;errorhandler.__handle;  Property: Unknown Property name. [1:353: -webkit-font-smoothing]
27-11-2023 21:51:30.589Z;errorhandler.__handle;  Property: Unknown Property name. [1:483: -ms-text-size-adjust]
27-11-2023 21:51:30.591Z;errorhandler.__handle;  Property: Unknown Property name. [1:518: -webkit-text-size-adjust]
27-11-2023 21:51:30.597Z;errorhandler.__handle;  Property: Unknown Property name. [1:612: mso-table-lspace]
27-11-2023 21:51:30.600Z;errorhandler.__handle;  Property: Unknown Property name. [1:642: mso-table-rspace]
27-11-2023 21:51:31.056Z;errorhandler.__handle;  Property: Unknown Property name. [1:4734: mso-hide]
27-11-2023 21:51:31.134Z;errorhandler.__handle;  Property: Unknown Property name. [1:13: -ms-interpolation-mode]
27-11-2023 21:51:31.138Z;errorhandler.__handle;  Property: Unknown Property name. [1:49: -webkit-font-smoothing]
27-11-2023 21:51:31.142Z;errorhandler.__handle;  Property: Unknown Property name. [1:134: -ms-text-size-adjust]
27-11-2023 21:51:31.145Z;errorhandler.__handle;  Property: Unknown Property name. [1:160: -webkit-text-size-adjust]
27-11-2023 21:51:31.149Z;errorhandler.__handle;  Property: Unknown Property name. [1:26: mso-table-lspace]
27-11-2023 21:51:31.151Z;errorhandler.__handle;  Property: Unknown Property name. [1:45: mso-table-rspace]
27-11-2023 21:51:31.180Z;errorhandler.__handle;  Property: Unknown Property name. [1:92: mso-hide]
27-11-2023 21:51:31.194Z;errorhandler.__handle;  Property: No ":" after name found: align-center [1:1: align-center]
27-11-2023 21:51:31.197Z;errorhandler.__handle;  Property: No property value found: align-center [1:1: align-center]
27-11-2023 21:51:31.199Z;errorhandler.__handle;  CSSStyleDeclaration: Syntax Error in Property: align-center
27-11-2023 21:51:31.202Z;errorhandler.__handle;  Property: Unknown Property name. [1:14: -ms-interpolation-mode]
27-11-2023 21:51:33.141Z;functions.emailSuccess;  Success e-mail sent.
27-11-2023 21:51:34.001Z;functions.enter_contas_a_pagar;  CLICK - TOTVS - LINHA RM
27-11-2023 21:51:35.520Z;functions.enter_contas_a_pagar;  CLICK - BACK OFFICE
27-11-2023 21:51:36.479Z;functions.enter_contas_a_pagar;  CLICK - GESTAO FINANCEIRA
27-11-2023 21:51:43.376Z;functions.enter_contas_a_pagar;  CLICK - CONTAS A PAGAR
27-11-2023 21:51:44.368Z;functions.waitForImage;  LANÇAMENTOS image found.
27-11-2023 21:51:46.493Z;functions.enter_contas_a_pagar;  CLICA EM LANÇAMENTOS
27-11-2023 21:51:48.514Z;functions.data_filter;  DATA INICIO 22-11-2023
27-11-2023 21:51:48.569Z;functions.data_filter;  DATA FIM 28-11-2023
27-11-2023 21:51:48.585Z;functions.data_filter;  CLICK - SELECIONA A DATA DE QUARTA FEIRA E DA PROXIMA TERÇA
27-11-2023 21:51:48.592Z;functions.data_filter;  QUARTA-FEIRA: 22-11-2023
27-11-2023 21:51:48.601Z;functions.data_filter;  TERCA-FEIRA: 28-11-2023
27-11-2023 21:51:49.448Z;functions.data_filter;  ESCREVE REMESSA BANCÁRIA NO FILTRO
27-11-2023 21:51:50.834Z;functions.data_filter;  CLICK - BUTÃO DE SELECAO DE FILTRO
27-11-2023 21:51:53.870Z;functions.data_filter;  INSERE - DATA DE QUARTA-FEIRA: 22-11-2023
27-11-2023 21:51:56.423Z;functions.data_filter;  INSERE - DATA DA PROX TERCA-FEIRA: 28-11-2023
27-11-2023 21:51:57.340Z;functions.data_filter;  CLICK - BUTÃO DE EXECUTAR O FILTRO
27-11-2023 21:52:04.152Z;functions.desmark_filter;  CLICK CHECKBOX LANÇAMENTOS A RECEBER
27-11-2023 21:52:06.112Z;functions.desmark_filter;  CLICK CHECKBOX LANÇAMENTOS BAIXADOS
27-11-2023 21:52:08.208Z;functions.desmark_filter;  CLICK CHECKBOX LANÇAMENTOS CANCELADOS
27-11-2023 21:52:10.486Z;functions.desmark_filter;  CLICK CHECKBOX LANÇAMENTOS FATURADOS
27-11-2023 21:52:12.867Z;functions.desmark_filter;  CLICK CHECKBOX LANÇAMENTOS FATURADOS
27-11-2023 21:53:28.519Z;functions.waitForImage;  FILTER CLEAN image not found.
27-11-2023 21:53:30.212Z;functions.filter_forma_pagamento;  CLICK NA PRIMEIRA LINHA E COLUNA DA TABELA
27-11-2023 21:53:46.704Z;functions.filter_forma_pagamento;  162 PASSOS PARA DIREITA NA TABELA >>
27-11-2023 21:53:51.899Z;functions.filter_forma_pagamento;  HOVER NOME DA COLUNA FORMA DE PAGAMENTO
27-11-2023 21:53:52.033Z;functions.filter_forma_pagamento;  CLICA PARA APARECER O FILTRO PERSONALIZAR
27-11-2023 21:53:55.362Z;functions.filter_forma_pagamento;  CLICA NO FILTRO PERSONALIZAR
27-11-2023 21:54:16.303Z;functions.filter_forma_pagamento;  162 PASSOS PARA ESQUERDA NA TABELA <<
27-11-2023 21:54:16.305Z;functions.check_table_record;  VERIFICANDO SE A TABELA ESTÁ VAZIA
27-11-2023 21:54:29.276Z;functions.check_table_record;  ATENÇÃO: 

Este processo exige que seja selecionado ao menos um registro para sua execução.
Como não foi feita nenhuma seleção, você deseja executá-lo para TODOS os 1 registros?
27-11-2023 21:54:31.280Z;functions.check_table_record;  TIPO: <class 'list'>
27-11-2023 21:54:31.281Z;functions.check_table_record;  NUMERO DE TUPLAS: 1
27-11-2023 21:54:31.282Z;functions.check_table_record;  TABELA CONTÉM REGISTROS
27-11-2023 21:54:35.249Z;functions.check_table_record;  CLICK NÃO
27-11-2023 21:54:51.433Z;functions.select_all_func;  SELECIONA TODOS OS REGISTROS
27-11-2023 21:54:51.436Z;functions.check_ted_register;  VERIFICANDO O COD DO CLIENTE EM CADA REGISTRO
27-11-2023 21:54:53.028Z;functions.check_ted_register;  CLICA NA PRIMEIRA LINHA DA TABELA
27-11-2023 21:54:53.136Z;functions.check_ted_register;  2 PASSOS PARA DIREITA >>
27-11-2023 21:54:53.257Z;functions.check_ted_register;  2 PASSOS PARA DIREITA >>
27-11-2023 21:55:02.516Z;functions.check_ted_register;  3 PASSOS PARA DIREITA >>
27-11-2023 21:55:02.619Z;functions.check_ted_register;  3 PASSOS PARA DIREITA >>
27-11-2023 21:55:02.723Z;functions.check_ted_register;  3 PASSOS PARA DIREITA >>
27-11-2023 21:55:11.830Z;functions.check_ted_register;  REFERENCIA LANÇAMENTO: 856679
27-11-2023 21:55:11.831Z;functions.check_ted_register;  CLIENTE: 006530
27-11-2023 21:55:11.935Z;functions.check_ted_register;  3 PASSOS PARA ESQUERDA <<
27-11-2023 21:55:12.038Z;functions.check_ted_register;  3 PASSOS PARA ESQUERDA <<
27-11-2023 21:55:12.142Z;functions.check_ted_register;  3 PASSOS PARA ESQUERDA <<
27-11-2023 21:55:14.144Z;functions.check_ted_register;  CLIENTE CONTIDO NA LISTA A REFERENCIA: 856679 NÃO SERÁ MODIFICADO PARA PIX
27-11-2023 21:55:16.248Z;functions.check_ted_register;  VERIFICANDO OS DADOS DE TED CIP
27-11-2023 21:55:21.359Z;functions.check_ted_register;  VERIFICANDO INFORMAÇÕES
27-11-2023 21:55:36.466Z;functions.check_ted_register;  ENTROU DADOS BANCÁRIOS
27-11-2023 21:55:36.570Z;functions.check_ted_register;  APERTA TAB
27-11-2023 21:56:05.010Z;functions.show_exception_and_exit;  
Traceback (most recent call last):
  File "c:\Projetos\Remessa_Bancaria\main.py", line 65, in <module>
    check_ted_register()
  File "c:\Projetos\Remessa_Bancaria\SUBPROGRAMS\functions.py", line 918, in check_ted_register
    select_integracao_bancaria = waitForImage(image = forma_pag_ted_cip, timeout=30, name = 'FORMA DE PAGAMENTO TED CIP')
                                 ^^^^^^^^^^^^^^^^^^^^^^^^^^^^^^^^^^^^^^^^^^^^^^^^^^^^^^^^^^^^^^^^^^^^^^^^^^^^^^^^^^^^^^^^
  File "c:\Projetos\Remessa_Bancaria\SUBPROGRAMS\functions.py", line 1229, in waitForImage
    time.sleep(0.5)
KeyboardInterrupt
27-11-2023 21:56:06.079Z;errorhandler.__handle;  Property: Unknown Property name. [1:14: -ms-interpolation-mode]
