06-03-2024 09:23:58.536Z;functions.check_ted_branco;  VERIFICANDO O COD DO CLIENTE EM CADA REGISTRO
06-03-2024 09:24:01.639Z;functions.check_ted_branco;  CLICA NA PRIMEIRA LINHA DA TABELA
06-03-2024 09:24:06.044Z;functions.check_ted_branco;  ENTRANDO NO REGISTRO 
06-03-2024 09:24:13.538Z;functions.waitForImage;  INTEGRAÇÃO BANCÁRIA image found.
06-03-2024 09:24:13.672Z;functions.check_ted_branco;  CLICA EM INTEGRAÇÃO BANCÁRIA
06-03-2024 09:24:13.673Z;functions.check_ted_branco;  VERIFICANDO INFORMAÇÕES
06-03-2024 09:24:14.116Z;functions.waitForImage;  TRES PONTINHOS image found.
06-03-2024 09:24:24.640Z;functions.check_ted_branco;  VERIFICANDO SE TEM PIX NO FILTRO
06-03-2024 09:24:25.153Z;functions.waitForImage;  CHECANDO DADOS BANCÁRIOS PIX image found.
06-03-2024 09:24:27.156Z;functions.check_ted_branco;  PIX NÃO ENCONTRADO PARA REFERENCIA: 925804
06-03-2024 09:24:30.922Z;functions.check_ted_branco;  APERTA EM CANCELAR
06-03-2024 09:24:31.413Z;functions.waitForImage;  PRESS BUTTON OK image found.
06-03-2024 09:24:33.546Z;functions.click_ok;  PRESS BUTTON OK
06-03-2024 09:24:55.696Z;functions.waitForImage;  ERROR FILTRO PIX image not found.
06-03-2024 09:24:56.195Z;functions.waitForImage;  ERROR FILTRO PIX image found.
06-03-2024 09:25:09.855Z;functions.check_ted_branco;  PASSANDO PARA PRÓXIMO REGISTRO
06-03-2024 09:25:14.260Z;functions.check_ted_branco;  ENTRANDO NO REGISTRO 
06-03-2024 09:25:22.132Z;functions.waitForImage;  INTEGRAÇÃO BANCÁRIA image found.
06-03-2024 09:25:22.319Z;functions.check_ted_branco;  CLICA EM INTEGRAÇÃO BANCÁRIA
06-03-2024 09:25:22.326Z;functions.check_ted_branco;  VERIFICANDO INFORMAÇÕES
06-03-2024 09:25:22.882Z;functions.waitForImage;  TRES PONTINHOS image found.
06-03-2024 09:25:33.406Z;functions.check_ted_branco;  VERIFICANDO SE TEM PIX NO FILTRO
06-03-2024 09:25:34.086Z;functions.waitForImage;  CHECANDO DADOS BANCÁRIOS PIX image found.
06-03-2024 09:25:36.088Z;functions.check_ted_branco;  PIX NÃO ENCONTRADO PARA REFERENCIA: 925805
06-03-2024 09:25:39.885Z;functions.check_ted_branco;  APERTA EM CANCELAR
06-03-2024 09:25:40.351Z;functions.waitForImage;  PRESS BUTTON OK image found.
06-03-2024 09:25:42.484Z;functions.click_ok;  PRESS BUTTON OK
06-03-2024 09:26:04.492Z;functions.waitForImage;  ERROR FILTRO PIX image not found.
06-03-2024 09:26:05.007Z;functions.waitForImage;  ERROR FILTRO PIX image found.
06-03-2024 09:26:18.651Z;functions.check_ted_branco;  PASSANDO PARA PRÓXIMO REGISTRO
06-03-2024 09:26:23.057Z;functions.check_ted_branco;  ENTRANDO NO REGISTRO 
06-03-2024 09:26:30.661Z;functions.waitForImage;  INTEGRAÇÃO BANCÁRIA image found.
06-03-2024 09:26:30.787Z;functions.check_ted_branco;  CLICA EM INTEGRAÇÃO BANCÁRIA
06-03-2024 09:26:30.872Z;functions.check_ted_branco;  VERIFICANDO INFORMAÇÕES
06-03-2024 09:26:31.382Z;functions.waitForImage;  TRES PONTINHOS image found.
06-03-2024 09:26:41.909Z;functions.check_ted_branco;  VERIFICANDO SE TEM PIX NO FILTRO
06-03-2024 09:26:42.416Z;functions.waitForImage;  CHECANDO DADOS BANCÁRIOS PIX image found.
06-03-2024 09:26:44.418Z;functions.check_ted_branco;  PIX NÃO ENCONTRADO PARA REFERENCIA: 925806
06-03-2024 09:26:48.181Z;functions.check_ted_branco;  APERTA EM CANCELAR
06-03-2024 09:26:48.788Z;functions.waitForImage;  PRESS BUTTON OK image found.
06-03-2024 09:26:50.922Z;functions.click_ok;  PRESS BUTTON OK
06-03-2024 09:27:13.633Z;functions.waitForImage;  ERROR FILTRO PIX image not found.
06-03-2024 09:27:14.148Z;functions.waitForImage;  ERROR FILTRO PIX image found.
