08-11-2023 16:43:55.928Z;functions.bot_text_art;      ____   
08-11-2023 16:43:55.928Z;functions.bot_text_art;     [____]    
08-11-2023 16:43:55.928Z;functions.bot_text_art;   |=]()()[=|  
08-11-2023 16:43:55.929Z;functions.bot_text_art;     _\==/__    _____    ____     _        _____    ___   _  __
08-11-2023 16:43:55.929Z;functions.bot_text_art;   |__|   |_|  |  _  \  / ___|   | |      |_   _| / ___| | |/ /
08-11-2023 16:43:55.929Z;functions.bot_text_art;   |_|_/\_|_|  | |  | | | |      | |        | |   | |    | ' / 
08-11-2023 16:43:55.929Z;functions.bot_text_art;   | | __ | |  | |  | | | |      | |        | |   | |    |  <  
08-11-2023 16:43:55.929Z;functions.bot_text_art;   |_|[  ]|_|  | |__| | | |____  | |____   _| |_  | |__  | . \ 
08-11-2023 16:43:55.931Z;functions.bot_text_art;   \_|_||_|_/  |_____/   \_____| |______| |_____| \ ___| |_|\_\
08-11-2023 16:43:55.931Z;functions.bot_text_art;     |_||_|                                                     
08-11-2023 16:43:55.931Z;functions.bot_text_art;     | ||_|_   
08-11-2023 16:43:55.931Z;functions.bot_text_art;   |___||___|  
08-11-2023 16:43:55.931Z;functions.bot_text_art;               
08-11-2023 16:43:55.935Z;functions.open_RM;  OPEN PROGRAM RM
08-11-2023 16:44:03.154Z;functions.loggin_RM;  ENTER USER_NAME
08-11-2023 16:44:03.976Z;functions.loggin_RM;  ENTER PASSWORD
08-11-2023 16:44:04.649Z;functions.loggin_RM;  ENTER RM
08-11-2023 16:44:24.405Z;functions.enter_coligada;  CLICK CONTEXTO
08-11-2023 16:44:28.415Z;functions.enter_coligada;  CLICK COLIGADA 1
08-11-2023 16:44:29.554Z;functions.enter_coligada;  CLICK AVANÇAR
08-11-2023 16:44:31.328Z;functions.enter_coligada;  INSERE O COLIGADA CODE = 1
08-11-2023 16:44:31.430Z;functions.enter_coligada;  APERTA TAB PARA PREENCHER O CAMPO COM A STRING: OCEANICA ENGENHARIA E CONSULTORIA S.A.
08-11-2023 16:44:32.394Z;functions.enter_coligada;  CLICK AVANÇAR NOVAMENTE
08-11-2023 16:44:33.260Z;functions.enter_coligada;  CLICK CONCLUIR
08-11-2023 16:44:43.910Z;functions.enter_coligada;  POP UP COLIGADA DESAPARECER
08-11-2023 16:44:44.515Z;functions.enter_contas_a_pagar;  CLICK - TOTVS - LINHA RM
08-11-2023 16:44:45.577Z;functions.enter_contas_a_pagar;  CLICK - BACK OFFICE
08-11-2023 16:44:47.863Z;functions.enter_contas_a_pagar;  CLICK - GESTAO FINANCEIRA
08-11-2023 16:44:53.028Z;functions.enter_contas_a_pagar;  CLICK - CONTAS A PAGAR
08-11-2023 16:44:53.136Z;functions.waitForImage;  LANÇAMENTOS image found.
08-11-2023 16:44:55.256Z;functions.enter_contas_a_pagar;  CLICA EM LANÇAMENTOS
08-11-2023 16:44:57.257Z;functions.data_filter;  CLICK - SELECIONA A DATA DE QUARTA FEIRA E DA PROXIMA TERÇA
08-11-2023 16:44:57.257Z;functions.data_filter;  QUARTA-FEIRA: 08-11-2023
08-11-2023 16:44:57.258Z;functions.data_filter;  TERCA-FEIRA: 14-11-2023
08-11-2023 16:45:02.894Z;functions.data_filter;  ESCREVE REMESSA BANCÁRIA NO FILTRO
08-11-2023 16:45:03.511Z;functions.data_filter;  CLICK - BUTÃO DE SELECAO DE FILTRO
08-11-2023 16:45:05.447Z;functions.data_filter;  INSERE - DATA DE QUARTA-FEIRA: 08-11-2023
08-11-2023 16:45:07.049Z;functions.data_filter;  INSERE - DATA DA PROX TERCA-FEIRA: 14-11-2023
08-11-2023 16:45:07.684Z;functions.data_filter;  CLICK - BUTÃO DE EXECUTAR O FILTRO
08-11-2023 16:45:25.221Z;functions.select_tipo_documento;  NOME DA COLUNA: Tipo de Documento
08-11-2023 16:45:55.518Z;functions.waitForImage;  FILTER CLEAN image not found.
08-11-2023 16:45:56.328Z;functions.select_tipo_documento;  NOME DA COLUNA: Tipo de Documento
08-11-2023 16:45:57.545Z;functions.select_tipo_documento;  HOVER NOME DA COLUNA: Tipo de Documento
08-11-2023 16:45:57.677Z;functions.select_tipo_documento;  CLICA PARA APARECER O FILTRO PERSONALIZAR
08-11-2023 16:45:57.985Z;functions.select_tipo_documento;  CLICA NO FILTRO PERSONALIZAR
08-11-2023 16:45:58.827Z;functions.select_tipo_documento;  CLICA PARA SELECIONAR OPÇÕES DO FILTRO
08-11-2023 16:46:05.846Z;functions.select_tipo_documento;  CLICK BUTTON CONFIRMAR FILTRO
08-11-2023 16:46:07.028Z;functions.desmark_filter;  CLICK CHECKBOX LANÇAMENTOS A RECEBER
08-11-2023 16:46:07.857Z;functions.desmark_filter;  CLICK CHECKBOX LANÇAMENTOS BAIXADOS
08-11-2023 16:46:08.704Z;functions.desmark_filter;  CLICK CHECKBOX LANÇAMENTOS CANCELADOS
08-11-2023 16:46:09.580Z;functions.desmark_filter;  CLICK CHECKBOX LANÇAMENTOS FATURADOS
08-11-2023 16:46:10.468Z;functions.desmark_filter;  CLICK CHECKBOX LANÇAMENTOS FATURADOS
08-11-2023 16:46:11.302Z;functions.filter_IPTE;  CLICK NA PRIMEIRA LINHA E COLUNA DA TABELA
08-11-2023 16:46:26.153Z;functions.filter_IPTE;  147 PASSOS PARA DIREITA NA TABELA >>
08-11-2023 16:46:28.228Z;functions.filter_IPTE;  HOVER FILTER
08-11-2023 16:46:28.360Z;functions.filter_IPTE;  CLICK FILTER
08-11-2023 16:46:32.671Z;functions.filter_IPTE;  CLICA NO FILTRO PERSONALIZAR
08-11-2023 16:46:38.841Z;functions.check_table_record;  Para este processo é necessário que existam registros na visão.
08-11-2023 16:46:38.841Z;functions.check_table_record;  NÃO TEMOS REGISTROS DE BOLETOS BANCÁRIOS
08-11-2023 16:46:54.467Z;functions.show_exception_and_exit;  'NoneType' object has no attribute 'click'
Traceback (most recent call last):
  File "c:\Projetos\Remessas_Bancarias\main.py", line 19, in <module>
    check_table_record()
  File "c:\Projetos\Remessas_Bancarias\SUBPROGRAMS\functions.py", line 319, in check_table_record
    click_no.click()
    ^^^^^^^^^^^^^^
AttributeError: 'NoneType' object has no attribute 'click'
