08-11-2023 18:22:05.229Z;functions.bot_text_art;      ____   
08-11-2023 18:22:05.229Z;functions.bot_text_art;     [____]    
08-11-2023 18:22:05.229Z;functions.bot_text_art;   |=]()()[=|  
08-11-2023 18:22:05.230Z;functions.bot_text_art;     _\==/__    _____    ____     _        _____    ___   _  __
08-11-2023 18:22:05.231Z;functions.bot_text_art;   |__|   |_|  |  _  \  / ___|   | |      |_   _| / ___| | |/ /
08-11-2023 18:22:05.231Z;functions.bot_text_art;   |_|_/\_|_|  | |  | | | |      | |        | |   | |    | ' / 
08-11-2023 18:22:05.231Z;functions.bot_text_art;   | | __ | |  | |  | | | |      | |        | |   | |    |  <  
08-11-2023 18:22:05.232Z;functions.bot_text_art;   |_|[  ]|_|  | |__| | | |____  | |____   _| |_  | |__  | . \ 
08-11-2023 18:22:05.233Z;functions.bot_text_art;   \_|_||_|_/  |_____/   \_____| |______| |_____| \ ___| |_|\_\
08-11-2023 18:22:05.233Z;functions.bot_text_art;     |_||_|                                                     
08-11-2023 18:22:05.233Z;functions.bot_text_art;     | ||_|_   
08-11-2023 18:22:05.233Z;functions.bot_text_art;   |___||___|  
08-11-2023 18:22:05.233Z;functions.bot_text_art;               
08-11-2023 18:22:05.237Z;functions.open_RM;  OPEN PROGRAM RM
08-11-2023 18:22:12.237Z;functions.loggin_RM;  ENTER USER_NAME
08-11-2023 18:22:13.041Z;functions.loggin_RM;  ENTER PASSWORD
08-11-2023 18:22:13.709Z;functions.loggin_RM;  ENTER RM
08-11-2023 18:22:33.653Z;functions.enter_coligada;  CLICK CONTEXTO
08-11-2023 18:22:37.553Z;functions.enter_coligada;  CLICK COLIGADA 1
08-11-2023 18:22:38.695Z;functions.enter_coligada;  CLICK AVANÇAR
08-11-2023 18:22:40.507Z;functions.enter_coligada;  INSERE O COLIGADA CODE = 1
08-11-2023 18:22:40.608Z;functions.enter_coligada;  APERTA TAB PARA PREENCHER O CAMPO COM A STRING: OCEANICA ENGENHARIA E CONSULTORIA S.A.
08-11-2023 18:22:41.587Z;functions.enter_coligada;  CLICK AVANÇAR NOVAMENTE
08-11-2023 18:22:42.465Z;functions.enter_coligada;  CLICK CONCLUIR
08-11-2023 18:22:52.766Z;functions.enter_coligada;  POP UP COLIGADA DESAPARECER
08-11-2023 18:22:53.397Z;functions.enter_contas_a_pagar;  CLICK - TOTVS - LINHA RM
08-11-2023 18:22:54.490Z;functions.enter_contas_a_pagar;  CLICK - BACK OFFICE
08-11-2023 18:22:56.813Z;functions.enter_contas_a_pagar;  CLICK - GESTAO FINANCEIRA
08-11-2023 18:23:01.993Z;functions.enter_contas_a_pagar;  CLICK - CONTAS A PAGAR
08-11-2023 18:23:02.101Z;functions.waitForImage;  LANÇAMENTOS image found.
08-11-2023 18:23:04.230Z;functions.enter_contas_a_pagar;  CLICA EM LANÇAMENTOS
08-11-2023 18:23:06.232Z;functions.data_filter;  CLICK - SELECIONA A DATA DE QUARTA FEIRA E DA PROXIMA TERÇA
08-11-2023 18:23:06.232Z;functions.data_filter;  QUARTA-FEIRA: 08-11-2023
08-11-2023 18:23:06.232Z;functions.data_filter;  TERCA-FEIRA: 14-11-2023
08-11-2023 18:23:12.018Z;functions.data_filter;  ESCREVE REMESSA BANCÁRIA NO FILTRO
08-11-2023 18:23:12.638Z;functions.data_filter;  CLICK - BUTÃO DE SELECAO DE FILTRO
08-11-2023 18:23:14.609Z;functions.data_filter;  INSERE - DATA DE QUARTA-FEIRA: 08-11-2023
08-11-2023 18:23:16.256Z;functions.data_filter;  INSERE - DATA DA PROX TERCA-FEIRA: 14-11-2023
08-11-2023 18:23:16.890Z;functions.data_filter;  CLICK - BUTÃO DE EXECUTAR O FILTRO
08-11-2023 18:23:33.575Z;functions.select_tipo_documento;  NOME DA COLUNA: Tipo de Documento
08-11-2023 18:23:33.656Z;functions.waitForImage;  FILTER CLEAN image found.
08-11-2023 18:23:35.789Z;functions.filter_clean;  CLICA NO BOTÃO X DO LIMPA FILTRO
08-11-2023 18:23:38.623Z;functions.select_tipo_documento;  NOME DA COLUNA: Tipo de Documento
08-11-2023 18:23:39.854Z;functions.select_tipo_documento;  HOVER NOME DA COLUNA: Tipo de Documento
08-11-2023 18:23:39.988Z;functions.select_tipo_documento;  CLICA PARA APARECER O FILTRO PERSONALIZAR
08-11-2023 18:23:40.301Z;functions.select_tipo_documento;  CLICA NO FILTRO PERSONALIZAR
08-11-2023 18:23:41.208Z;functions.select_tipo_documento;  CLICA PARA SELECIONAR OPÇÕES DO FILTRO
08-11-2023 18:23:48.221Z;functions.select_tipo_documento;  CLICK BUTTON CONFIRMAR FILTRO
08-11-2023 18:23:49.253Z;functions.desmark_filter;  CLICK CHECKBOX LANÇAMENTOS A RECEBER
08-11-2023 18:23:50.078Z;functions.desmark_filter;  CLICK CHECKBOX LANÇAMENTOS BAIXADOS
08-11-2023 18:23:50.933Z;functions.desmark_filter;  CLICK CHECKBOX LANÇAMENTOS CANCELADOS
08-11-2023 18:23:51.843Z;functions.desmark_filter;  CLICK CHECKBOX LANÇAMENTOS FATURADOS
08-11-2023 18:23:52.791Z;functions.desmark_filter;  CLICK CHECKBOX LANÇAMENTOS FATURADOS
08-11-2023 18:23:53.664Z;functions.filter_IPTE;  CLICK NA PRIMEIRA LINHA E COLUNA DA TABELA
08-11-2023 18:24:08.537Z;functions.filter_IPTE;  147 PASSOS PARA DIREITA NA TABELA >>
08-11-2023 18:24:10.721Z;functions.filter_IPTE;  HOVER FILTER
08-11-2023 18:24:10.852Z;functions.filter_IPTE;  CLICK FILTER
08-11-2023 18:24:15.165Z;functions.filter_IPTE;  CLICA NO FILTRO PERSONALIZAR
08-11-2023 18:24:17.166Z;functions.tabela_vazia;  VERIFICANDO SE A TABELA ESTÁ VAZIA
08-11-2023 18:24:29.875Z;functions.tabela_vazia;  Para este processo é necessário que existam registros na visão.
08-11-2023 18:24:32.491Z;functions.tabela_vazia;  ABERTA BOTÃO OK
08-11-2023 18:24:34.493Z;functions.tabela_vazia;  SEM REMESSA DE FÉRIAS/RESCISÃO
08-11-2023 18:24:36.595Z;functions.tabela_vazia;  FECHA A TABELA
08-11-2023 18:24:38.595Z;main.<module>;  SEM REMESSA BOLETO
08-11-2023 18:24:39.224Z;functions.enter_contas_a_pagar;  CLICK - TOTVS - LINHA RM
08-11-2023 18:24:40.508Z;functions.enter_contas_a_pagar;  CLICK - BACK OFFICE
08-11-2023 18:24:41.218Z;functions.enter_contas_a_pagar;  CLICK - GESTAO FINANCEIRA
08-11-2023 18:24:46.717Z;functions.enter_contas_a_pagar;  CLICK - CONTAS A PAGAR
08-11-2023 18:24:46.818Z;functions.waitForImage;  LANÇAMENTOS image found.
08-11-2023 18:24:48.938Z;functions.enter_contas_a_pagar;  CLICA EM LANÇAMENTOS
08-11-2023 18:24:50.939Z;functions.data_filter;  CLICK - SELECIONA A DATA DE QUARTA FEIRA E DA PROXIMA TERÇA
08-11-2023 18:24:50.939Z;functions.data_filter;  QUARTA-FEIRA: 08-11-2023
08-11-2023 18:24:50.940Z;functions.data_filter;  TERCA-FEIRA: 14-11-2023
08-11-2023 18:24:54.316Z;functions.data_filter;  ESCREVE REMESSA BANCÁRIA NO FILTRO
08-11-2023 18:24:55.172Z;functions.data_filter;  CLICK - BUTÃO DE SELECAO DE FILTRO
08-11-2023 18:24:57.125Z;functions.data_filter;  INSERE - DATA DE QUARTA-FEIRA: 08-11-2023
08-11-2023 18:24:58.739Z;functions.data_filter;  INSERE - DATA DA PROX TERCA-FEIRA: 14-11-2023
08-11-2023 18:24:59.388Z;functions.data_filter;  CLICK - BUTÃO DE EXECUTAR O FILTRO
08-11-2023 18:25:16.377Z;functions.waitForImage;  FILTER CLEAN image found.
08-11-2023 18:25:18.480Z;functions.filter_clean;  CLICA NO BOTÃO X DO LIMPA FILTRO
08-11-2023 18:25:21.212Z;functions.filter_forma_pagamento;  CLICK NA PRIMEIRA LINHA E COLUNA DA TABELA
08-11-2023 18:25:32.529Z;functions.filter_forma_pagamento;  113 PASSOS PARA DIREITA NA TABELA >>
08-11-2023 18:25:34.479Z;functions.filter_forma_pagamento;  HOVER NOME DA COLUNA FORMA DE PAGAMENTO
08-11-2023 18:25:34.613Z;functions.filter_forma_pagamento;  CLICA PARA APARECER O FILTRO PERSONALIZAR
08-11-2023 18:25:37.925Z;functions.filter_forma_pagamento;  CLICA NO FILTRO PERSONALIZAR
08-11-2023 18:25:42.343Z;functions.tabela_vazia;  VERIFICANDO SE A TABELA ESTÁ VAZIA
08-11-2023 18:25:55.043Z;functions.tabela_vazia;  Para este processo é necessário que existam registros na visão.
08-11-2023 18:25:57.638Z;functions.tabela_vazia;  ABERTA BOTÃO OK
08-11-2023 18:25:59.640Z;functions.tabela_vazia;  SEM REMESSA DE FÉRIAS/RESCISÃO
08-11-2023 18:26:01.743Z;functions.tabela_vazia;  FECHA A TABELA
08-11-2023 18:26:05.746Z;main.<module>;  SEM REMESSA DE TED CIP
08-11-2023 18:26:05.849Z;main.<module>;  FECHA O PROGRAMA
08-11-2023 18:26:07.953Z;main.<module>;  RM ENCERRADO
