09-06-2024 04:21:39.787Z;functions.bot_text_art;      ____   
09-06-2024 04:21:39.787Z;functions.bot_text_art;     [____]    
09-06-2024 04:21:39.787Z;functions.bot_text_art;   |=]()()[=|  
09-06-2024 04:21:39.787Z;functions.bot_text_art;     _\==/__    _____    ____     _        _____    ___   _  __
09-06-2024 04:21:39.787Z;functions.bot_text_art;   |__|   |_|  |  _  \  / ___|   | |      |_   _| / ___| | |/ /
09-06-2024 04:21:39.787Z;functions.bot_text_art;   |_|_/\_|_|  | |  | | | |      | |        | |   | |    | ' / 
09-06-2024 04:21:39.803Z;functions.bot_text_art;   | | __ | |  | |  | | | |      | |        | |   | |    |  <  
09-06-2024 04:21:39.803Z;functions.bot_text_art;   |_|[  ]|_|  | |__| | | |____  | |____   _| |_  | |__  | . \ 
09-06-2024 04:21:39.803Z;functions.bot_text_art;   \_|_||_|_/  |_____/   \_____| |______| |_____| \ ___| |_|\_\
09-06-2024 04:21:39.803Z;functions.bot_text_art;     |_||_|                                                     
09-06-2024 04:21:39.803Z;functions.bot_text_art;     | ||_|_   
09-06-2024 04:21:39.803Z;functions.bot_text_art;   |___||___|  
09-06-2024 04:21:39.803Z;functions.bot_text_art;               
09-06-2024 04:21:39.818Z;functions.open_RM;  OPEN PROGRAM RM
09-06-2024 04:21:53.522Z;functions.loggin_RM;  ENTER USER_NAME
09-06-2024 04:21:58.396Z;functions.loggin_RM;  ENTER PASSWORD
09-06-2024 04:21:59.901Z;functions.loggin_RM;  ENTER RM
09-06-2024 04:24:30.818Z;functions.enter_coligada;  CLICK CONTEXTO
09-06-2024 04:24:33.572Z;functions.enter_coligada;  CLICK ALTERAR MODULO DO CONTEXTO
09-06-2024 04:24:37.521Z;functions.enter_coligada;  INSERE O COLIGADA CODE = 1
09-06-2024 04:24:37.739Z;functions.enter_coligada;  APERTA TAB PARA PREENCHER O CAMPO COM A STRING: OCEANICA ENGENHARIA E CONSULTORIA S.A.
09-06-2024 04:24:39.756Z;functions.enter_coligada;  CLICK AVANÇAR NOVAMENTE
09-06-2024 04:24:41.130Z;functions.enter_coligada;  CLICK CONCLUIR
09-06-2024 04:26:04.880Z;functions.enter_coligada;  POP UP COLIGADA DESAPARECER
09-06-2024 04:26:05.881Z;functions.check_movimentacao_bancaria;  CLICK - TOTVS - LINHA RM
09-06-2024 04:26:07.756Z;functions.check_movimentacao_bancaria;  CLICK - BACK OFFICE
09-06-2024 04:26:10.537Z;functions.check_movimentacao_bancaria;  CLICK - GESTAO FINANCEIRA
09-06-2024 04:26:10.537Z;functions.movimentacao_bancaria;  AGUARDANDO 1
09-06-2024 04:26:16.787Z;functions.movimentacao_bancaria;  CLICA NA ABA MOVIMENTAÇÃO BANCARIA
09-06-2024 04:26:17.599Z;functions.waitForImage;  IMAGEM BORDERO image found.
09-06-2024 04:26:19.732Z;functions.movimentacao_bancaria;  IMAGEM BORDERO CLICADA.
09-06-2024 04:26:29.912Z;functions.waitForImage;  LICENCAS EXCEDIDAS image not found.
09-06-2024 04:26:30.615Z;functions.movimentacao_bancaria;  ENCONTROU O FILTRO DA MOVIMENTAÇÃO BANCÁRIA
09-06-2024 04:26:30.662Z;functions.movimentacao_bancaria;  CLICA NA ABA SUPERIOR DO FILTRO
09-06-2024 04:26:37.984Z;functions.movimentacao_bancaria;  SELECIONA O FILTRO HOJE
09-06-2024 04:26:43.224Z;functions.waitForImage;  FILTER CLEAN image found.
09-06-2024 04:26:45.357Z;functions.filter_clean;  CLICA NO BOTÃO X DO LIMPA FILTRO
09-06-2024 04:26:45.693Z;functions.waitForImage;  FILTER CLEAN image found.
09-06-2024 04:26:47.833Z;functions.filter_clean;  CLICA NO BOTÃO X DO LIMPA FILTRO
09-06-2024 04:27:02.943Z;functions.waitForImage;  FILTER CLEAN image not found.
09-06-2024 04:27:04.099Z;functions.movimentacao_bancaria;  CLICA NA PRIMEIRA LINHA DA TABELA MOVIMENTAÇÃO BANCÁRIA
09-06-2024 04:27:05.130Z;functions.movimentacao_bancaria;  CLICA NA PRIMEIRA LINHA DA TABELA MOVIMENTAÇÃO BANCÁRIA
09-06-2024 04:27:06.370Z;functions.movimentacao_bancaria;  12 PASSOS PARA DIREITA NA TABELA >>
09-06-2024 04:27:08.427Z;functions.movimentacao_bancaria;  HOVER FILTER
09-06-2024 04:27:08.941Z;functions.movimentacao_bancaria;  CLICK FILTER
09-06-2024 04:27:13.270Z;functions.movimentacao_bancaria;  CLICA NO FILTRO  STATUS DA REMESSA
09-06-2024 04:27:15.374Z;functions.movimentacao_bancaria;  APERTA TAB PARA ESCREVER O FILTRO
09-06-2024 04:27:17.489Z;functions.movimentacao_bancaria;  ESCREVE PENDENTE NO FILTRO
09-06-2024 04:27:19.595Z;functions.movimentacao_bancaria;  APERTA ENTER PARA SELECIONAR OS PENDENTES
09-06-2024 04:27:40.318Z;functions.movimentacao_bancaria;  SEM PROCESSAMENTO DE BORDERO PENDENTE
09-06-2024 04:27:50.521Z;functions.waitForImage;  FILTER CLEAN image found.
09-06-2024 04:27:52.638Z;functions.filter_clean;  CLICA NO BOTÃO X DO LIMPA FILTRO
09-06-2024 04:28:07.756Z;functions.waitForImage;  FILTER CLEAN image not found.
09-06-2024 04:28:22.787Z;functions.waitForImage;  FILTER CLEAN image not found.
09-06-2024 04:28:24.630Z;functions.processo_pagamento;  CLICA NA PRIMEIRA LINHA DA TABELA MOVIMENTAÇÃO BANCÁRIA
09-06-2024 04:28:26.833Z;functions.processo_pagamento;  HOVER FILTER
09-06-2024 04:28:27.382Z;functions.processo_pagamento;  CLICK FILTER
09-06-2024 04:28:31.699Z;functions.processo_pagamento;  CLICA NO FILTRO  STATUS DA REMESSA
09-06-2024 04:28:33.804Z;functions.processo_pagamento;  APERTA TAB PARA ESCREVER O FILTRO
09-06-2024 04:28:35.915Z;functions.processo_pagamento;  ESCREVE AUTORIZADO NO FILTRO
09-06-2024 04:28:38.043Z;functions.processo_pagamento;  APERTA ENTER PARA SELECIONAR OS AUTORIZADOS
09-06-2024 04:29:01.521Z;functions.processo_pagamento;  SEM REMESSA DE BORDERO AUTORIZADO
09-06-2024 04:29:02.624Z;functions.processo_pagamento;  FECHA ABA MOVIMENTAÇÕES BANCÁRIAS
09-06-2024 04:29:04.505Z;functions.enter_contas_a_pagar;  CLICK - TOTVS - LINHA RM
09-06-2024 04:29:05.474Z;functions.enter_contas_a_pagar;  CLICK - BACK OFFICE
09-06-2024 04:29:06.443Z;functions.enter_contas_a_pagar;  CLICK - GESTAO FINANCEIRA
09-06-2024 04:29:12.724Z;functions.enter_contas_a_pagar;  CLICK - CONTAS A PAGAR
09-06-2024 04:29:13.693Z;functions.waitForImage;  LANÇAMENTOS image found.
09-06-2024 04:29:15.826Z;functions.enter_contas_a_pagar;  CLICA EM LANÇAMENTOS
09-06-2024 04:29:31.240Z;functions.waitForImage;  LICENCAS EXCEDIDAS image not found.
09-06-2024 04:29:31.240Z;functions.obter_intervalo_data;  VERIFICANDO A HORA ATUAL 4
09-06-2024 04:29:31.287Z;functions.obter_intervalo_data;  Data Inicial BANCARIA antes da remoção: None
09-06-2024 04:29:31.287Z;functions.obter_intervalo_data;  Data Final BANCARIA antes da remoção: None
09-06-2024 04:29:31.287Z;functions.obter_intervalo_data;  Data Inicial BANCARIA após a remoção: None
09-06-2024 04:29:31.287Z;functions.obter_intervalo_data;  Data Final BANCARIA após a remoção: None
09-06-2024 04:29:31.302Z;functions.obter_intervalo_data;  hoje -  2024-06-09 04:29:31.287184
09-06-2024 04:29:31.302Z;functions.data_filter;  DATA INICIO 12-06-2024
09-06-2024 04:29:31.302Z;functions.data_filter;  DATA FIM 18-06-2024
09-06-2024 04:29:31.302Z;functions.data_filter;  CLICK - SELECIONA A DATA DE QUARTA FEIRA E DA PROXIMA TERÇA
09-06-2024 04:29:31.302Z;functions.data_filter;  QUARTA-FEIRA: 12-06-2024
09-06-2024 04:29:31.302Z;functions.data_filter;  TERCA-FEIRA: 18-06-2024
09-06-2024 04:29:41.193Z;functions.data_filter;  CLICK - BOTAO DE SELECAO DE FILTRO
09-06-2024 04:29:45.927Z;functions.data_filter;  INSERE - DATA DE QUARTA-FEIRA: 12-06-2024
09-06-2024 04:29:50.334Z;functions.data_filter;  INSERE - DATA DA PROX TERCA-FEIRA: 18-06-2024
09-06-2024 04:29:51.443Z;functions.data_filter;  CLICK - BOTAO DE EXECUTAR O FILTRO
09-06-2024 04:29:56.449Z;functions.desmark_filter;  AGUARDANDO 1
09-06-2024 04:32:29.498Z;functions.desmark_filter;  apertou up
09-06-2024 04:32:29.500Z;functions.desmark_filter;  AGUARDANDO 2
09-06-2024 04:33:36.880Z;functions.desmark_filter;  CLICK CHECKBOX LANÇAMENTOS A RECEBER
09-06-2024 04:33:39.521Z;functions.desmark_filter;  CLICK CHECKBOX LANÇAMENTOS BAIXADOS
09-06-2024 04:33:42.349Z;functions.desmark_filter;  CLICK CHECKBOX LANÇAMENTOS CANCELADOS
09-06-2024 04:33:44.817Z;functions.desmark_filter;  CLICK CHECKBOX LANÇAMENTOS FATURADOS
09-06-2024 04:33:47.472Z;functions.desmark_filter;  CLICK CHECKBOX LANÇAMENTOS FATURADOS
09-06-2024 04:33:52.708Z;functions.waitForImage;  FILTER CLEAN image found.
09-06-2024 04:33:54.814Z;functions.filter_clean;  CLICA NO BOTÃO X DO LIMPA FILTRO
09-06-2024 04:34:10.364Z;functions.waitForImage;  FILTER CLEAN image not found.
09-06-2024 04:34:25.927Z;functions.waitForImage;  FILTER CLEAN image not found.
09-06-2024 04:34:25.927Z;functions.check_table_record;  VERIFICANDO SE A TABELA ESTÁ VAZIA
09-06-2024 04:34:29.373Z;functions.check_table_record;  Texto extraido 1/705
09-06-2024 04:34:29.375Z;functions.check_table_record;  Count 705
09-06-2024 04:34:29.376Z;functions.check_table_record;  Type <class 'int'>
09-06-2024 04:34:29.377Z;functions.check_table_record;  TABELA CONTÉM REGISTROS
09-06-2024 04:34:41.599Z;functions.select_tipo_documento;  NOME DA COLUNA: Tipo de Documento
09-06-2024 04:34:43.708Z;functions.select_tipo_documento;  HOVER NOME DA COLUNA: Tipo de Documento
09-06-2024 04:34:44.597Z;functions.select_tipo_documento;  CLICA NO FILTRO PERSONALIZAR
09-06-2024 04:34:46.286Z;functions.select_tipo_documento;  CLICA PARA SELECIONAR OPÇÕES DO FILTRO
09-06-2024 04:34:53.786Z;functions.select_tipo_documento;  CLICK BUTTON CONFIRMAR FILTRO
09-06-2024 04:34:58.792Z;functions.filter_IPTE;  VERIFICANDO O COD DO CLIENTE EM CADA REGISTRO
09-06-2024 04:35:00.630Z;functions.filter_IPTE;  CLICA NA PRIMEIRA LINHA DA TABELA
09-06-2024 04:35:25.130Z;functions.filter_IPTE;  HOVER FILTER
09-06-2024 04:35:27.138Z;functions.filter_IPTE;  CLICK FILTER
09-06-2024 04:35:31.454Z;functions.filter_IPTE;  CLICA NO FILTRO PERSONALIZAR
09-06-2024 04:35:52.401Z;functions.filter_IPTE;  TABELA CONTÉM REGISTROS
09-06-2024 04:36:13.958Z;functions.filter_IPTE;  MOVIDO PRA CIMA 100 VEZES
09-06-2024 04:36:29.770Z;functions.show_exception_and_exit;  'NoneType' object has no attribute 'click'
Traceback (most recent call last):
  File "c:\Projetos_Remessas\Remessa_Bancaria\main.py", line 35, in <module>
    filter_IPTE()
  File "c:\Projetos_Remessas\Remessa_Bancaria\SUBPROGRAMS\functions.py", line 471, in filter_IPTE
    caixa_selecao.click()
    ^^^^^^^^^^^^^^^^^^^
AttributeError: 'NoneType' object has no attribute 'click'
09-06-2024 04:36:30.130Z;functions.show_exception_and_exit;  PRINT SALVO
09-06-2024 04:36:30.661Z;functions.show_exception_and_exit;  RM FECHADO
