19-03-2024 21:42:48.889Z;functions.bot_text_art;      ____   
19-03-2024 21:42:48.889Z;functions.bot_text_art;     [____]    
19-03-2024 21:42:48.889Z;functions.bot_text_art;   |=]()()[=|  
19-03-2024 21:42:48.889Z;functions.bot_text_art;     _\==/__    _____    ____     _        _____    ___   _  __
19-03-2024 21:42:48.889Z;functions.bot_text_art;   |__|   |_|  |  _  \  / ___|   | |      |_   _| / ___| | |/ /
19-03-2024 21:42:48.889Z;functions.bot_text_art;   |_|_/\_|_|  | |  | | | |      | |        | |   | |    | ' / 
19-03-2024 21:42:48.889Z;functions.bot_text_art;   | | __ | |  | |  | | | |      | |        | |   | |    |  <  
19-03-2024 21:42:48.889Z;functions.bot_text_art;   |_|[  ]|_|  | |__| | | |____  | |____   _| |_  | |__  | . \ 
19-03-2024 21:42:48.889Z;functions.bot_text_art;   \_|_||_|_/  |_____/   \_____| |______| |_____| \ ___| |_|\_\
19-03-2024 21:42:48.889Z;functions.bot_text_art;     |_||_|                                                     
19-03-2024 21:42:48.889Z;functions.bot_text_art;     | ||_|_   
19-03-2024 21:42:48.889Z;functions.bot_text_art;   |___||___|  
19-03-2024 21:42:48.889Z;functions.bot_text_art;               
19-03-2024 21:42:48.904Z;functions.open_RM;  OPEN PROGRAM RM
19-03-2024 21:43:35.247Z;functions.loggin_RM;  ENTER USER_NAME
19-03-2024 21:43:39.765Z;functions.loggin_RM;  ENTER PASSWORD
19-03-2024 21:43:41.030Z;functions.loggin_RM;  ENTER RM
19-03-2024 21:46:16.716Z;functions.enter_coligada;  CLICK CONTEXTO
19-03-2024 21:46:23.373Z;functions.enter_coligada;  CLICK ALTERAR MODULO DO CONTEXTO
19-03-2024 21:46:34.828Z;functions.enter_coligada;  INSERE O COLIGADA CODE = 1
19-03-2024 21:46:34.949Z;functions.enter_coligada;  APERTA TAB PARA PREENCHER O CAMPO COM A STRING: OCEANICA ENGENHARIA E CONSULTORIA S.A.
19-03-2024 21:46:43.612Z;functions.enter_coligada;  CLICK AVANÇAR NOVAMENTE
19-03-2024 21:46:49.387Z;functions.enter_coligada;  CLICK CONCLUIR
19-03-2024 21:47:11.153Z;functions.enter_coligada;  POP UP COLIGADA DESAPARECER
19-03-2024 21:47:46.700Z;functions.check_movimentacao_bancaria;  CLICK - TOTVS - LINHA RM
19-03-2024 21:47:50.978Z;functions.check_movimentacao_bancaria;  CLICK - BACK OFFICE
19-03-2024 21:47:52.252Z;functions.check_movimentacao_bancaria;  CLICK - GESTAO FINANCEIRA
19-03-2024 21:48:42.077Z;functions.movimentacao_bancaria;  CLICA NA ABA MOVIMENTAÇÃO BANCARIA
19-03-2024 21:48:43.388Z;functions.waitForImage;  IMAGEM BORDERO image found.
19-03-2024 21:48:45.523Z;functions.movimentacao_bancaria;  IMAGEM BORDERO CLICADA.
19-03-2024 21:49:05.910Z;functions.waitForImage;  LICENCAS EXCEDIDAS image not found.
19-03-2024 21:49:08.419Z;functions.movimentacao_bancaria;  ENCONTROU O FILTRO DA MOVIMENTAÇÃO BANCÁRIA
19-03-2024 21:49:08.466Z;functions.movimentacao_bancaria;  CLICA NA ABA SUPERIOR DO FILTRO
19-03-2024 21:49:11.678Z;functions.movimentacao_bancaria;  SELECIONA O FILTRO HOJE
19-03-2024 21:49:32.342Z;functions.waitForImage;  FILTER CLEAN image not found.
19-03-2024 21:49:48.106Z;functions.waitForImage;  FILTER CLEAN image not found.
19-03-2024 21:50:03.891Z;functions.waitForImage;  FILTER CLEAN image not found.
19-03-2024 21:50:05.418Z;functions.movimentacao_bancaria;  CLICA NA PRIMEIRA LINHA DA TABELA MOVIMENTAÇÃO BANCÁRIA
19-03-2024 21:50:06.645Z;functions.movimentacao_bancaria;  12 PASSOS PARA DIREITA NA TABELA >>
19-03-2024 21:50:08.715Z;functions.movimentacao_bancaria;  HOVER FILTER
19-03-2024 21:50:09.260Z;functions.movimentacao_bancaria;  CLICK FILTER
19-03-2024 21:50:13.586Z;functions.movimentacao_bancaria;  CLICA NO FILTRO  STATUS DA REMESSA
19-03-2024 21:50:15.689Z;functions.movimentacao_bancaria;  APERTA TAB PARA ESCREVER O FILTRO
19-03-2024 21:50:17.805Z;functions.movimentacao_bancaria;  ESCREVE PENDENTE NO FILTRO
19-03-2024 21:50:19.907Z;functions.movimentacao_bancaria;  APERTA ENTER PARA SELECIONAR OS PENDENTES
19-03-2024 21:50:42.872Z;functions.movimentacao_bancaria;  SEM PROCESSAMENTO DE BORDERO PENDENTE
19-03-2024 21:50:53.262Z;functions.waitForImage;  FILTER CLEAN image found.
19-03-2024 21:50:55.383Z;functions.filter_clean;  CLICA NO BOTÃO X DO LIMPA FILTRO
19-03-2024 21:51:11.001Z;functions.waitForImage;  FILTER CLEAN image not found.
19-03-2024 21:51:26.620Z;functions.waitForImage;  FILTER CLEAN image not found.
19-03-2024 21:51:28.450Z;functions.processo_pagamento;  CLICA NA PRIMEIRA LINHA DA TABELA MOVIMENTAÇÃO BANCÁRIA
19-03-2024 21:51:30.466Z;functions.processo_pagamento;  HOVER FILTER
19-03-2024 21:51:30.945Z;functions.processo_pagamento;  CLICK FILTER
19-03-2024 21:51:35.281Z;functions.processo_pagamento;  CLICA NO FILTRO  STATUS DA REMESSA
19-03-2024 21:51:37.384Z;functions.processo_pagamento;  APERTA TAB PARA ESCREVER O FILTRO
19-03-2024 21:51:39.503Z;functions.processo_pagamento;  ESCREVE AUTORIZADO NO FILTRO
19-03-2024 21:51:41.606Z;functions.processo_pagamento;  APERTA ENTER PARA SELECIONAR OS AUTORIZADOS
19-03-2024 21:52:04.607Z;functions.processo_pagamento;  SEM REMESSA DE BORDERO AUTORIZADO
19-03-2024 21:52:05.712Z;functions.processo_pagamento;  FECHA ABA MOVIMENTAÇÕES BANCÁRIAS
19-03-2024 21:52:09.106Z;functions.enter_contas_a_pagar;  CLICK - TOTVS - LINHA RM
19-03-2024 21:52:10.858Z;functions.enter_contas_a_pagar;  CLICK - BACK OFFICE
19-03-2024 21:52:11.854Z;functions.enter_contas_a_pagar;  CLICK - GESTAO FINANCEIRA
19-03-2024 21:52:41.903Z;functions.enter_contas_a_pagar;  CLICK - CONTAS A PAGAR
19-03-2024 21:52:43.184Z;functions.waitForImage;  LANÇAMENTOS image found.
19-03-2024 21:52:45.305Z;functions.enter_contas_a_pagar;  CLICA EM LANÇAMENTOS
19-03-2024 21:53:00.544Z;functions.waitForImage;  LICENCAS EXCEDIDAS image not found.
19-03-2024 21:53:00.544Z;functions.obter_intervalo_data;  VERIFICANDO A HORA ATUAL 21
19-03-2024 21:53:00.560Z;functions.obter_intervalo_data;  Data Inicial BANCARIA antes da remoção: None
19-03-2024 21:53:00.560Z;functions.obter_intervalo_data;  Data Final BANCARIA antes da remoção: None
19-03-2024 21:53:00.560Z;functions.obter_intervalo_data;  Data Inicial BANCARIA após a remoção: None
19-03-2024 21:53:00.560Z;functions.obter_intervalo_data;  Data Final BANCARIA após a remoção: None
19-03-2024 21:53:00.560Z;functions.obter_intervalo_data;  hoje -  2024-03-19 21:53:00.560042
19-03-2024 21:53:00.560Z;functions.data_filter;  DATA INICIO 27-03-2024
19-03-2024 21:53:00.560Z;functions.data_filter;  DATA FIM 02-04-2024
19-03-2024 21:53:00.560Z;functions.data_filter;  CLICK - SELECIONA A DATA DE QUARTA FEIRA E DA PROXIMA TERÇA
19-03-2024 21:53:00.560Z;functions.data_filter;  QUARTA-FEIRA: 27-03-2024
19-03-2024 21:53:00.560Z;functions.data_filter;  TERCA-FEIRA: 02-04-2024
19-03-2024 21:53:03.461Z;functions.data_filter;  ESCREVE REMESSA BANCÁRIA NO FILTRO
19-03-2024 21:53:06.873Z;functions.data_filter;  CLICK - BOTAO DE SELECAO DE FILTRO
19-03-2024 21:53:11.652Z;functions.data_filter;  INSERE - DATA DE QUARTA-FEIRA: 27-03-2024
19-03-2024 21:53:15.777Z;functions.data_filter;  INSERE - DATA DA PROX TERCA-FEIRA: 02-04-2024
19-03-2024 21:53:16.732Z;functions.data_filter;  CLICK - BOTAO DE EXECUTAR O FILTRO
19-03-2024 21:53:30.576Z;functions.desmark_filter;  CLICK CHECKBOX LANÇAMENTOS A RECEBER
19-03-2024 21:53:32.653Z;functions.desmark_filter;  CLICK CHECKBOX LANÇAMENTOS BAIXADOS
19-03-2024 21:53:34.677Z;functions.desmark_filter;  CLICK CHECKBOX LANÇAMENTOS CANCELADOS
19-03-2024 21:53:36.857Z;functions.desmark_filter;  CLICK CHECKBOX LANÇAMENTOS FATURADOS
19-03-2024 21:53:39.029Z;functions.desmark_filter;  CLICK CHECKBOX LANÇAMENTOS FATURADOS
19-03-2024 21:53:44.418Z;functions.waitForImage;  FILTER CLEAN image found.
19-03-2024 21:53:46.540Z;functions.filter_clean;  CLICA NO BOTÃO X DO LIMPA FILTRO
19-03-2024 21:54:02.082Z;functions.waitForImage;  FILTER CLEAN image not found.
19-03-2024 21:54:17.550Z;functions.waitForImage;  FILTER CLEAN image not found.
19-03-2024 21:54:17.550Z;functions.check_table_record;  VERIFICANDO SE A TABELA ESTÁ VAZIA
19-03-2024 21:54:20.043Z;functions.check_table_record;  Texto extraido 0/0
19-03-2024 21:54:20.043Z;functions.check_table_record;  Count 0
19-03-2024 21:54:20.043Z;functions.check_table_record;  Type <class 'int'>
19-03-2024 21:54:20.043Z;functions.check_table_record;  SEM REGISTROS
19-03-2024 21:54:23.184Z;functions.movimentacao_bancaria;  CLICA NA ABA MOVIMENTAÇÃO BANCARIA
19-03-2024 21:54:24.450Z;functions.waitForImage;  IMAGEM BORDERO image found.
19-03-2024 21:54:26.567Z;functions.movimentacao_bancaria;  IMAGEM BORDERO CLICADA.
19-03-2024 21:54:47.026Z;functions.waitForImage;  LICENCAS EXCEDIDAS image not found.
19-03-2024 21:54:47.715Z;functions.movimentacao_bancaria;  ENCONTROU O FILTRO DA MOVIMENTAÇÃO BANCÁRIA
19-03-2024 21:54:47.778Z;functions.movimentacao_bancaria;  CLICA NA ABA SUPERIOR DO FILTRO
19-03-2024 21:54:50.991Z;functions.movimentacao_bancaria;  SELECIONA O FILTRO HOJE
19-03-2024 21:54:58.043Z;functions.waitForImage;  FILTER CLEAN image found.
19-03-2024 21:55:00.178Z;functions.filter_clean;  CLICA NO BOTÃO X DO LIMPA FILTRO
19-03-2024 21:55:15.765Z;functions.waitForImage;  FILTER CLEAN image not found.
19-03-2024 21:55:31.529Z;functions.waitForImage;  FILTER CLEAN image not found.
19-03-2024 21:55:33.018Z;functions.movimentacao_bancaria;  CLICA NA PRIMEIRA LINHA DA TABELA MOVIMENTAÇÃO BANCÁRIA
19-03-2024 21:55:34.246Z;functions.movimentacao_bancaria;  12 PASSOS PARA DIREITA NA TABELA >>
19-03-2024 21:55:36.388Z;functions.movimentacao_bancaria;  HOVER FILTER
19-03-2024 21:55:36.884Z;functions.movimentacao_bancaria;  CLICK FILTER
19-03-2024 21:55:41.221Z;functions.movimentacao_bancaria;  CLICA NO FILTRO  STATUS DA REMESSA
19-03-2024 21:55:43.323Z;functions.movimentacao_bancaria;  APERTA TAB PARA ESCREVER O FILTRO
19-03-2024 21:55:45.440Z;functions.movimentacao_bancaria;  ESCREVE PENDENTE NO FILTRO
19-03-2024 21:55:47.543Z;functions.movimentacao_bancaria;  APERTA ENTER PARA SELECIONAR OS PENDENTES
19-03-2024 21:56:10.574Z;functions.movimentacao_bancaria;  SEM PROCESSAMENTO DE BORDERO PENDENTE
19-03-2024 21:56:20.903Z;functions.waitForImage;  FILTER CLEAN image found.
19-03-2024 21:56:23.026Z;functions.filter_clean;  CLICA NO BOTÃO X DO LIMPA FILTRO
19-03-2024 21:56:38.629Z;functions.waitForImage;  FILTER CLEAN image not found.
19-03-2024 21:56:54.383Z;functions.waitForImage;  FILTER CLEAN image not found.
19-03-2024 21:56:56.185Z;functions.processo_pagamento;  CLICA NA PRIMEIRA LINHA DA TABELA MOVIMENTAÇÃO BANCÁRIA
19-03-2024 21:56:58.200Z;functions.processo_pagamento;  HOVER FILTER
19-03-2024 21:56:58.696Z;functions.processo_pagamento;  CLICK FILTER
19-03-2024 21:57:03.033Z;functions.processo_pagamento;  CLICA NO FILTRO  STATUS DA REMESSA
19-03-2024 21:57:05.136Z;functions.processo_pagamento;  APERTA TAB PARA ESCREVER O FILTRO
19-03-2024 21:57:07.256Z;functions.processo_pagamento;  ESCREVE AUTORIZADO NO FILTRO
19-03-2024 21:57:09.365Z;functions.processo_pagamento;  APERTA ENTER PARA SELECIONAR OS AUTORIZADOS
19-03-2024 21:57:32.293Z;functions.processo_pagamento;  SEM REMESSA DE BORDERO AUTORIZADO
19-03-2024 21:57:33.397Z;functions.processo_pagamento;  FECHA ABA MOVIMENTAÇÕES BANCÁRIAS
19-03-2024 21:57:33.397Z;main.<module>;  SEM REMESSA BANCÁRIA
19-03-2024 21:57:33.397Z;main.<module>;  ENCERRANDO O RM
19-03-2024 21:57:36.950Z;errorhandler.__handle;  Property: Unknown Property name. [1:203: -ms-interpolation-mode]
19-03-2024 21:57:36.994Z;errorhandler.__handle;  Property: Unknown Property name. [1:353: -webkit-font-smoothing]
19-03-2024 21:57:37.007Z;errorhandler.__handle;  Property: Unknown Property name. [1:483: -ms-text-size-adjust]
19-03-2024 21:57:37.007Z;errorhandler.__handle;  Property: Unknown Property name. [1:518: -webkit-text-size-adjust]
19-03-2024 21:57:37.010Z;errorhandler.__handle;  Property: Unknown Property name. [1:612: mso-table-lspace]
19-03-2024 21:57:37.011Z;errorhandler.__handle;  Property: Unknown Property name. [1:642: mso-table-rspace]
19-03-2024 21:57:37.231Z;errorhandler.__handle;  Property: Unknown Property name. [1:4734: mso-hide]
19-03-2024 21:57:37.341Z;errorhandler.__handle;  Property: Unknown Property name. [1:13: -ms-interpolation-mode]
19-03-2024 21:57:37.341Z;errorhandler.__handle;  Property: Unknown Property name. [1:49: -webkit-font-smoothing]
19-03-2024 21:57:37.356Z;errorhandler.__handle;  Property: Unknown Property name. [1:134: -ms-text-size-adjust]
19-03-2024 21:57:37.356Z;errorhandler.__handle;  Property: Unknown Property name. [1:160: -webkit-text-size-adjust]
19-03-2024 21:57:37.356Z;errorhandler.__handle;  Property: Unknown Property name. [1:26: mso-table-lspace]
19-03-2024 21:57:37.356Z;errorhandler.__handle;  Property: Unknown Property name. [1:45: mso-table-rspace]
19-03-2024 21:57:37.388Z;errorhandler.__handle;  Property: Unknown Property name. [1:92: mso-hide]
19-03-2024 21:57:37.403Z;errorhandler.__handle;  Property: No ":" after name found: align-center [1:1: align-center]
19-03-2024 21:57:37.403Z;errorhandler.__handle;  Property: No property value found: align-center [1:1: align-center]
19-03-2024 21:57:37.403Z;errorhandler.__handle;  CSSStyleDeclaration: Syntax Error in Property: align-center
19-03-2024 21:57:37.419Z;errorhandler.__handle;  Property: Unknown Property name. [1:14: -ms-interpolation-mode]
19-03-2024 21:57:40.167Z;functions.emailFinalizado;  Warning e-mail sent.
19-03-2024 21:57:40.167Z;main.<module>;  FECHA O PROGRAMA
19-03-2024 21:57:42.171Z;main.<module>;  RM ENCERRADO
