17-03-2024 21:00:24.213Z;functions.bot_text_art;      ____   
17-03-2024 21:00:24.213Z;functions.bot_text_art;     [____]    
17-03-2024 21:00:24.213Z;functions.bot_text_art;   |=]()()[=|  
17-03-2024 21:00:24.213Z;functions.bot_text_art;     _\==/__    _____    ____     _        _____    ___   _  __
17-03-2024 21:00:24.213Z;functions.bot_text_art;   |__|   |_|  |  _  \  / ___|   | |      |_   _| / ___| | |/ /
17-03-2024 21:00:24.213Z;functions.bot_text_art;   |_|_/\_|_|  | |  | | | |      | |        | |   | |    | ' / 
17-03-2024 21:00:24.213Z;functions.bot_text_art;   | | __ | |  | |  | | | |      | |        | |   | |    |  <  
17-03-2024 21:00:24.213Z;functions.bot_text_art;   |_|[  ]|_|  | |__| | | |____  | |____   _| |_  | |__  | . \ 
17-03-2024 21:00:24.213Z;functions.bot_text_art;   \_|_||_|_/  |_____/   \_____| |______| |_____| \ ___| |_|\_\
17-03-2024 21:00:24.213Z;functions.bot_text_art;     |_||_|                                                     
17-03-2024 21:00:24.213Z;functions.bot_text_art;     | ||_|_   
17-03-2024 21:00:24.213Z;functions.bot_text_art;   |___||___|  
17-03-2024 21:00:24.213Z;functions.bot_text_art;               
17-03-2024 21:00:24.229Z;functions.open_RM;  OPEN PROGRAM RM
17-03-2024 21:00:37.307Z;functions.loggin_RM;  ENTER USER_NAME
17-03-2024 21:00:41.596Z;functions.loggin_RM;  ENTER PASSWORD
17-03-2024 21:00:42.856Z;functions.loggin_RM;  ENTER RM
17-03-2024 21:01:15.776Z;functions.enter_coligada;  CLICK CONTEXTO
17-03-2024 21:01:21.103Z;functions.enter_coligada;  CLICK COLIGADA 1
17-03-2024 21:01:23.478Z;functions.enter_coligada;  CLICK AVANÇAR
17-03-2024 21:01:26.053Z;functions.enter_coligada;  INSERE O COLIGADA CODE = 1
17-03-2024 21:01:26.159Z;functions.enter_coligada;  APERTA TAB PARA PREENCHER O CAMPO COM A STRING: OCEANICA ENGENHARIA E CONSULTORIA S.A.
17-03-2024 21:01:27.463Z;functions.enter_coligada;  CLICK AVANÇAR NOVAMENTE
17-03-2024 21:01:28.610Z;functions.enter_coligada;  CLICK CONCLUIR
17-03-2024 21:01:54.790Z;functions.enter_coligada;  POP UP COLIGADA DESAPARECER
17-03-2024 21:01:55.650Z;functions.check_movimentacao_bancaria;  CLICK - TOTVS - LINHA RM
17-03-2024 21:01:57.557Z;functions.check_movimentacao_bancaria;  CLICK - BACK OFFICE
17-03-2024 21:02:00.384Z;functions.check_movimentacao_bancaria;  CLICK - GESTAO FINANCEIRA
17-03-2024 21:02:08.697Z;functions.movimentacao_bancaria;  CLICA NA ABA MOVIMENTAÇÃO BANCARIA
17-03-2024 21:02:09.946Z;functions.waitForImage;  IMAGEM BORDERO image found.
17-03-2024 21:02:12.067Z;functions.movimentacao_bancaria;  IMAGEM BORDERO CLICADA.
17-03-2024 21:02:32.228Z;functions.waitForImage;  LICENCAS EXCEDIDAS image not found.
17-03-2024 21:02:32.915Z;functions.movimentacao_bancaria;  ENCONTROU O FILTRO DA MOVIMENTAÇÃO BANCÁRIA
17-03-2024 21:02:32.978Z;functions.movimentacao_bancaria;  CLICA NA ABA SUPERIOR DO FILTRO
17-03-2024 21:02:36.191Z;functions.movimentacao_bancaria;  SELECIONA O FILTRO HOJE
17-03-2024 21:02:41.520Z;functions.waitForImage;  FILTER CLEAN image found.
17-03-2024 21:02:43.645Z;functions.filter_clean;  CLICA NO BOTÃO X DO LIMPA FILTRO
17-03-2024 21:02:43.978Z;functions.waitForImage;  FILTER CLEAN image found.
17-03-2024 21:02:46.103Z;functions.filter_clean;  CLICA NO BOTÃO X DO LIMPA FILTRO
17-03-2024 21:03:01.451Z;functions.waitForImage;  FILTER CLEAN image not found.
17-03-2024 21:03:19.509Z;functions.movimentacao_bancaria;  SEM PROCESSAMENTO DE BORDERO
17-03-2024 21:03:45.209Z;functions.waitForImage;  FILTER CLEAN image not found.
17-03-2024 21:04:00.739Z;functions.waitForImage;  FILTER CLEAN image not found.
17-03-2024 21:04:15.855Z;functions.waitForImage;  FILTER CLEAN image not found.
17-03-2024 21:04:51.900Z;functions.processo_pagamento;  SEM REMESSA DE BORDERO AUTORIZADO
17-03-2024 21:04:53.005Z;functions.processo_pagamento;  FECHA ABA MOVIMENTAÇÕES BANCÁRIAS
17-03-2024 21:04:54.975Z;functions.enter_contas_a_pagar;  CLICK - TOTVS - LINHA RM
17-03-2024 21:04:56.635Z;functions.enter_contas_a_pagar;  CLICK - BACK OFFICE
17-03-2024 21:04:59.463Z;functions.enter_contas_a_pagar;  CLICK - GESTAO FINANCEIRA
17-03-2024 21:05:06.915Z;functions.enter_contas_a_pagar;  CLICK - CONTAS A PAGAR
17-03-2024 21:05:08.134Z;functions.waitForImage;  LANÇAMENTOS image found.
17-03-2024 21:05:10.266Z;functions.enter_contas_a_pagar;  CLICA EM LANÇAMENTOS
17-03-2024 21:05:25.467Z;functions.waitForImage;  LICENCAS EXCEDIDAS image not found.
17-03-2024 21:05:25.467Z;functions.obter_intervalo_data;  VERIFICANDO A HORA ATUAL 21
17-03-2024 21:05:25.482Z;functions.obter_intervalo_data;  Data Inicial BANCARIA antes da remoção: None
17-03-2024 21:05:25.482Z;functions.obter_intervalo_data;  Data Final BANCARIA antes da remoção: None
17-03-2024 21:05:25.482Z;functions.obter_intervalo_data;  Data Inicial BANCARIA após a remoção: None
17-03-2024 21:05:25.482Z;functions.obter_intervalo_data;  Data Final BANCARIA após a remoção: None
17-03-2024 21:05:25.482Z;functions.obter_intervalo_data;  hoje -  2024-03-17 21:05:25.482996
17-03-2024 21:05:25.482Z;functions.data_filter;  DATA INICIO 20-03-2024
17-03-2024 21:05:25.482Z;functions.data_filter;  DATA FIM 26-03-2024
17-03-2024 21:05:25.482Z;functions.data_filter;  CLICK - SELECIONA A DATA DE QUARTA FEIRA E DA PROXIMA TERÇA
17-03-2024 21:05:25.482Z;functions.data_filter;  QUARTA-FEIRA: 20-03-2024
17-03-2024 21:05:25.482Z;functions.data_filter;  TERCA-FEIRA: 26-03-2024
17-03-2024 21:05:28.408Z;functions.data_filter;  ESCREVE REMESSA BANCÁRIA NO FILTRO
17-03-2024 21:05:29.947Z;functions.data_filter;  CLICK - BOTAO DE SELECAO DE FILTRO
17-03-2024 21:05:34.834Z;functions.data_filter;  INSERE - DATA DE QUARTA-FEIRA: 20-03-2024
17-03-2024 21:05:39.182Z;functions.data_filter;  INSERE - DATA DA PROX TERCA-FEIRA: 26-03-2024
17-03-2024 21:05:40.166Z;functions.data_filter;  CLICK - BOTAO DE EXECUTAR O FILTRO
17-03-2024 21:08:31.119Z;functions.desmark_filter;  CLICK CHECKBOX LANÇAMENTOS A RECEBER
17-03-2024 21:08:32.665Z;functions.desmark_filter;  CLICK CHECKBOX LANÇAMENTOS BAIXADOS
17-03-2024 21:08:34.697Z;functions.desmark_filter;  CLICK CHECKBOX LANÇAMENTOS CANCELADOS
17-03-2024 21:08:36.840Z;functions.desmark_filter;  CLICK CHECKBOX LANÇAMENTOS FATURADOS
17-03-2024 21:08:39.072Z;functions.desmark_filter;  CLICK CHECKBOX LANÇAMENTOS FATURADOS
17-03-2024 21:08:44.471Z;functions.waitForImage;  FILTER CLEAN image found.
17-03-2024 21:08:46.590Z;functions.filter_clean;  CLICA NO BOTÃO X DO LIMPA FILTRO
17-03-2024 21:09:01.868Z;functions.waitForImage;  FILTER CLEAN image not found.
17-03-2024 21:09:17.010Z;functions.waitForImage;  FILTER CLEAN image not found.
17-03-2024 21:09:17.010Z;functions.check_table_record;  VERIFICANDO SE A TABELA ESTÁ VAZIA
17-03-2024 21:09:19.697Z;functions.check_table_record;  Texto extraido 1/98
17-03-2024 21:09:19.697Z;functions.check_table_record;  Count 98
17-03-2024 21:09:19.697Z;functions.check_table_record;  Type <class 'int'>
17-03-2024 21:09:19.697Z;functions.check_table_record;  TABELA CONTÉM REGISTROS
17-03-2024 21:09:31.650Z;functions.select_tipo_documento;  NOME DA COLUNA: Tipo de Documento
17-03-2024 21:09:33.588Z;functions.select_tipo_documento;  HOVER NOME DA COLUNA: Tipo de Documento
17-03-2024 21:09:34.413Z;functions.select_tipo_documento;  CLICA NO FILTRO PERSONALIZAR
17-03-2024 21:09:37.151Z;functions.select_tipo_documento;  CLICA PARA SELECIONAR OPÇÕES DO FILTRO
17-03-2024 21:09:44.541Z;functions.select_tipo_documento;  CLICK BUTTON CONFIRMAR FILTRO
17-03-2024 21:09:49.546Z;functions.filter_IPTE;  VERIFICANDO O COD DO CLIENTE EM CADA REGISTRO
17-03-2024 21:09:51.119Z;functions.filter_IPTE;  CLICA NA PRIMEIRA LINHA DA TABELA
17-03-2024 21:10:15.290Z;functions.filter_IPTE;  HOVER FILTER
17-03-2024 21:10:17.170Z;functions.filter_IPTE;  CLICK FILTER
17-03-2024 21:10:21.514Z;functions.filter_IPTE;  CLICA NO FILTRO PERSONALIZAR
17-03-2024 21:10:55.400Z;functions.show_exception_and_exit;  'NoneType' object has no attribute 'click'
Traceback (most recent call last):
  File "C:\Projetos_Remessas\Remessa_Bancaria\main.py", line 35, in <module>
    filter_IPTE()
  File "C:\Projetos_Remessas\Remessa_Bancaria\SUBPROGRAMS\functions.py", line 378, in filter_IPTE
    caixa_selecao.click()
    ^^^^^^^^^^^^^^^^^^^
AttributeError: 'NoneType' object has no attribute 'click'
17-03-2024 21:10:56.057Z;functions.show_exception_and_exit;  PRINT SALVO
17-03-2024 21:10:56.428Z;functions.show_exception_and_exit;  RM FECHADO
17-03-2024 21:11:01.948Z;errorhandler.__handle;  Property: Unknown Property name. [1:203: -ms-interpolation-mode]
17-03-2024 21:11:01.979Z;errorhandler.__handle;  Property: Unknown Property name. [1:353: -webkit-font-smoothing]
17-03-2024 21:11:01.979Z;errorhandler.__handle;  Property: Unknown Property name. [1:483: -ms-text-size-adjust]
17-03-2024 21:11:01.979Z;errorhandler.__handle;  Property: Unknown Property name. [1:518: -webkit-text-size-adjust]
17-03-2024 21:11:01.979Z;errorhandler.__handle;  Property: Unknown Property name. [1:612: mso-table-lspace]
17-03-2024 21:11:01.979Z;errorhandler.__handle;  Property: Unknown Property name. [1:642: mso-table-rspace]
17-03-2024 21:11:02.229Z;errorhandler.__handle;  Property: Unknown Property name. [1:4734: mso-hide]
17-03-2024 21:11:02.354Z;errorhandler.__handle;  Property: Unknown Property name. [1:13: -ms-interpolation-mode]
17-03-2024 21:11:02.354Z;errorhandler.__handle;  Property: Unknown Property name. [1:49: -webkit-font-smoothing]
17-03-2024 21:11:02.369Z;errorhandler.__handle;  Property: Unknown Property name. [1:134: -ms-text-size-adjust]
17-03-2024 21:11:02.369Z;errorhandler.__handle;  Property: Unknown Property name. [1:160: -webkit-text-size-adjust]
17-03-2024 21:11:02.369Z;errorhandler.__handle;  Property: Unknown Property name. [1:26: mso-table-lspace]
17-03-2024 21:11:02.369Z;errorhandler.__handle;  Property: Unknown Property name. [1:45: mso-table-rspace]
17-03-2024 21:11:02.401Z;errorhandler.__handle;  Property: Unknown Property name. [1:92: mso-hide]
17-03-2024 21:11:02.416Z;errorhandler.__handle;  Property: No ":" after name found: align-center [1:1: align-center]
17-03-2024 21:11:02.432Z;errorhandler.__handle;  Property: No property value found: align-center [1:1: align-center]
17-03-2024 21:11:02.432Z;errorhandler.__handle;  CSSStyleDeclaration: Syntax Error in Property: align-center
17-03-2024 21:11:02.432Z;errorhandler.__handle;  Property: Unknown Property name. [1:14: -ms-interpolation-mode]
17-03-2024 21:11:06.494Z;functions.show_exception_and_exit;  EMAIL EXCEÇÃO ENVIADO
17-03-2024 21:11:06.509Z;functions.show_exception_and_exit;  ERRO - <class 'AttributeError'> / 'NoneType' object has no attribute 'click'
