17-03-2024 23:58:37.457Z;functions.bot_text_art;      ____   
17-03-2024 23:58:37.457Z;functions.bot_text_art;     [____]    
17-03-2024 23:58:37.457Z;functions.bot_text_art;   |=]()()[=|  
17-03-2024 23:58:37.457Z;functions.bot_text_art;     _\==/__    _____    ____     _        _____    ___   _  __
17-03-2024 23:58:37.457Z;functions.bot_text_art;   |__|   |_|  |  _  \  / ___|   | |      |_   _| / ___| | |/ /
17-03-2024 23:58:37.457Z;functions.bot_text_art;   |_|_/\_|_|  | |  | | | |      | |        | |   | |    | ' / 
17-03-2024 23:58:37.457Z;functions.bot_text_art;   | | __ | |  | |  | | | |      | |        | |   | |    |  <  
17-03-2024 23:58:37.457Z;functions.bot_text_art;   |_|[  ]|_|  | |__| | | |____  | |____   _| |_  | |__  | . \ 
17-03-2024 23:58:37.473Z;functions.bot_text_art;   \_|_||_|_/  |_____/   \_____| |______| |_____| \ ___| |_|\_\
17-03-2024 23:58:37.473Z;functions.bot_text_art;     |_||_|                                                     
17-03-2024 23:58:37.473Z;functions.bot_text_art;     | ||_|_   
17-03-2024 23:58:37.473Z;functions.bot_text_art;   |___||___|  
17-03-2024 23:58:37.473Z;functions.bot_text_art;               
17-03-2024 23:58:37.473Z;functions.open_RM;  OPEN PROGRAM RM
17-03-2024 23:58:52.801Z;functions.loggin_RM;  ENTER USER_NAME
17-03-2024 23:58:57.332Z;functions.loggin_RM;  ENTER PASSWORD
17-03-2024 23:58:58.546Z;functions.loggin_RM;  ENTER RM
17-03-2024 23:59:36.112Z;functions.enter_coligada;  CLICK CONTEXTO
17-03-2024 23:59:41.269Z;functions.enter_coligada;  CLICK COLIGADA 1
17-03-2024 23:59:43.910Z;functions.enter_coligada;  CLICK AVANÇAR
17-03-2024 23:59:46.475Z;functions.enter_coligada;  INSERE O COLIGADA CODE = 1
17-03-2024 23:59:46.590Z;functions.enter_coligada;  APERTA TAB PARA PREENCHER O CAMPO COM A STRING: OCEANICA ENGENHARIA E CONSULTORIA S.A.
17-03-2024 23:59:48.300Z;functions.enter_coligada;  CLICK AVANÇAR NOVAMENTE
17-03-2024 23:59:49.472Z;functions.enter_coligada;  CLICK CONCLUIR
18-03-2024 00:00:16.909Z;functions.enter_coligada;  POP UP COLIGADA DESAPARECER
18-03-2024 00:00:17.785Z;functions.check_movimentacao_bancaria;  CLICK - TOTVS - LINHA RM
18-03-2024 00:00:19.691Z;functions.check_movimentacao_bancaria;  CLICK - BACK OFFICE
18-03-2024 00:00:20.691Z;functions.check_movimentacao_bancaria;  CLICK - GESTAO FINANCEIRA
18-03-2024 00:00:27.789Z;functions.movimentacao_bancaria;  CLICA NA ABA MOVIMENTAÇÃO BANCARIA
18-03-2024 00:00:28.910Z;functions.waitForImage;  IMAGEM BORDERO image found.
18-03-2024 00:00:31.034Z;functions.movimentacao_bancaria;  IMAGEM BORDERO CLICADA.
18-03-2024 00:00:51.179Z;functions.waitForImage;  LICENCAS EXCEDIDAS image not found.
18-03-2024 00:00:51.878Z;functions.movimentacao_bancaria;  ENCONTROU O FILTRO DA MOVIMENTAÇÃO BANCÁRIA
18-03-2024 00:00:51.925Z;functions.movimentacao_bancaria;  CLICA NA ABA SUPERIOR DO FILTRO
18-03-2024 00:00:55.145Z;functions.movimentacao_bancaria;  SELECIONA O FILTRO HOJE
18-03-2024 00:01:15.309Z;functions.waitForImage;  FILTER CLEAN image not found.
18-03-2024 00:01:30.384Z;functions.waitForImage;  FILTER CLEAN image not found.
18-03-2024 00:01:45.507Z;functions.waitForImage;  FILTER CLEAN image not found.
18-03-2024 00:02:03.550Z;functions.movimentacao_bancaria;  SEM PROCESSAMENTO DE BORDERO
18-03-2024 00:02:29.348Z;functions.waitForImage;  FILTER CLEAN image not found.
18-03-2024 00:02:44.550Z;functions.waitForImage;  FILTER CLEAN image not found.
18-03-2024 00:02:59.800Z;functions.waitForImage;  FILTER CLEAN image not found.
18-03-2024 00:03:35.785Z;functions.processo_pagamento;  SEM REMESSA DE BORDERO AUTORIZADO
18-03-2024 00:03:36.890Z;functions.processo_pagamento;  FECHA ABA MOVIMENTAÇÕES BANCÁRIAS
18-03-2024 00:03:38.957Z;functions.enter_contas_a_pagar;  CLICK - TOTVS - LINHA RM
18-03-2024 00:03:40.519Z;functions.enter_contas_a_pagar;  CLICK - BACK OFFICE
18-03-2024 00:03:41.501Z;functions.enter_contas_a_pagar;  CLICK - GESTAO FINANCEIRA
18-03-2024 00:03:49.973Z;functions.enter_contas_a_pagar;  CLICK - CONTAS A PAGAR
18-03-2024 00:03:51.185Z;functions.waitForImage;  LANÇAMENTOS image found.
18-03-2024 00:03:53.306Z;functions.enter_contas_a_pagar;  CLICA EM LANÇAMENTOS
18-03-2024 00:04:08.817Z;functions.waitForImage;  LICENCAS EXCEDIDAS image not found.
18-03-2024 00:04:08.817Z;functions.obter_intervalo_data;  VERIFICANDO A HORA ATUAL 0
18-03-2024 00:04:08.833Z;functions.obter_intervalo_data;  Data Inicial BANCARIA antes da remoção: None
18-03-2024 00:04:08.833Z;functions.obter_intervalo_data;  Data Final BANCARIA antes da remoção: None
18-03-2024 00:04:08.833Z;functions.obter_intervalo_data;  Data Inicial BANCARIA após a remoção: None
18-03-2024 00:04:08.833Z;functions.obter_intervalo_data;  Data Final BANCARIA após a remoção: None
18-03-2024 00:04:08.833Z;functions.obter_intervalo_data;  hoje -  2024-03-18 00:04:08.833436
18-03-2024 00:04:08.833Z;functions.data_filter;  DATA INICIO 20-03-2024
18-03-2024 00:04:08.833Z;functions.data_filter;  DATA FIM 26-03-2024
18-03-2024 00:04:08.833Z;functions.data_filter;  CLICK - SELECIONA A DATA DE QUARTA FEIRA E DA PROXIMA TERÇA
18-03-2024 00:04:08.833Z;functions.data_filter;  QUARTA-FEIRA: 20-03-2024
18-03-2024 00:04:08.833Z;functions.data_filter;  TERCA-FEIRA: 26-03-2024
18-03-2024 00:04:11.716Z;functions.data_filter;  ESCREVE REMESSA BANCÁRIA NO FILTRO
18-03-2024 00:04:13.879Z;functions.data_filter;  CLICK - BOTAO DE SELECAO DE FILTRO
18-03-2024 00:04:18.910Z;functions.data_filter;  INSERE - DATA DE QUARTA-FEIRA: 20-03-2024
18-03-2024 00:04:22.960Z;functions.data_filter;  INSERE - DATA DA PROX TERCA-FEIRA: 26-03-2024
18-03-2024 00:04:23.973Z;functions.data_filter;  CLICK - BOTAO DE EXECUTAR O FILTRO
18-03-2024 00:04:30.488Z;functions.desmark_filter;  CLICK CHECKBOX LANÇAMENTOS A RECEBER
18-03-2024 00:04:32.238Z;functions.desmark_filter;  CLICK CHECKBOX LANÇAMENTOS BAIXADOS
18-03-2024 00:04:34.238Z;functions.desmark_filter;  CLICK CHECKBOX LANÇAMENTOS CANCELADOS
18-03-2024 00:04:36.348Z;functions.desmark_filter;  CLICK CHECKBOX LANÇAMENTOS FATURADOS
18-03-2024 00:04:38.629Z;functions.desmark_filter;  CLICK CHECKBOX LANÇAMENTOS FATURADOS
18-03-2024 00:04:43.942Z;functions.waitForImage;  FILTER CLEAN image found.
18-03-2024 00:04:46.053Z;functions.filter_clean;  CLICA NO BOTÃO X DO LIMPA FILTRO
18-03-2024 00:05:01.355Z;functions.waitForImage;  FILTER CLEAN image not found.
18-03-2024 00:05:16.817Z;functions.waitForImage;  FILTER CLEAN image not found.
18-03-2024 00:05:16.817Z;functions.check_table_record;  VERIFICANDO SE A TABELA ESTÁ VAZIA
18-03-2024 00:05:19.379Z;functions.check_table_record;  Texto extraido 0/0
18-03-2024 00:05:19.379Z;functions.check_table_record;  Count 0
18-03-2024 00:05:19.379Z;functions.check_table_record;  Type <class 'int'>
18-03-2024 00:05:19.379Z;functions.check_table_record;  SEM REGISTROS
18-03-2024 00:05:22.410Z;functions.movimentacao_bancaria;  CLICA NA ABA MOVIMENTAÇÃO BANCARIA
18-03-2024 00:05:22.801Z;functions.waitForImage;  IMAGEM BORDERO image found.
18-03-2024 00:05:24.904Z;functions.movimentacao_bancaria;  IMAGEM BORDERO CLICADA.
18-03-2024 00:05:45.552Z;functions.waitForImage;  LICENCAS EXCEDIDAS image not found.
18-03-2024 00:05:46.222Z;functions.movimentacao_bancaria;  ENCONTROU O FILTRO DA MOVIMENTAÇÃO BANCÁRIA
18-03-2024 00:05:46.269Z;functions.movimentacao_bancaria;  CLICA NA ABA SUPERIOR DO FILTRO
18-03-2024 00:05:49.481Z;functions.movimentacao_bancaria;  SELECIONA O FILTRO HOJE
18-03-2024 00:06:09.879Z;functions.waitForImage;  FILTER CLEAN image not found.
18-03-2024 00:06:25.173Z;functions.waitForImage;  FILTER CLEAN image not found.
18-03-2024 00:06:40.738Z;functions.waitForImage;  FILTER CLEAN image not found.
18-03-2024 00:06:58.473Z;functions.movimentacao_bancaria;  SEM PROCESSAMENTO DE BORDERO
18-03-2024 00:07:23.935Z;functions.waitForImage;  FILTER CLEAN image not found.
18-03-2024 00:07:39.264Z;functions.waitForImage;  FILTER CLEAN image not found.
18-03-2024 00:07:54.770Z;functions.waitForImage;  FILTER CLEAN image not found.
18-03-2024 00:08:30.434Z;functions.processo_pagamento;  SEM REMESSA DE BORDERO AUTORIZADO
18-03-2024 00:08:31.540Z;functions.processo_pagamento;  FECHA ABA MOVIMENTAÇÕES BANCÁRIAS
18-03-2024 00:08:31.540Z;main.<module>;  SEM REMESSA BANCÁRIA
18-03-2024 00:08:31.540Z;main.<module>;  ENCERRANDO O RM
18-03-2024 00:08:35.083Z;errorhandler.__handle;  Property: Unknown Property name. [1:203: -ms-interpolation-mode]
18-03-2024 00:08:35.130Z;errorhandler.__handle;  Property: Unknown Property name. [1:353: -webkit-font-smoothing]
18-03-2024 00:08:35.145Z;errorhandler.__handle;  Property: Unknown Property name. [1:483: -ms-text-size-adjust]
18-03-2024 00:08:35.145Z;errorhandler.__handle;  Property: Unknown Property name. [1:518: -webkit-text-size-adjust]
18-03-2024 00:08:35.145Z;errorhandler.__handle;  Property: Unknown Property name. [1:612: mso-table-lspace]
18-03-2024 00:08:35.145Z;errorhandler.__handle;  Property: Unknown Property name. [1:642: mso-table-rspace]
18-03-2024 00:08:35.364Z;errorhandler.__handle;  Property: Unknown Property name. [1:4734: mso-hide]
18-03-2024 00:08:35.473Z;errorhandler.__handle;  Property: Unknown Property name. [1:13: -ms-interpolation-mode]
18-03-2024 00:08:35.473Z;errorhandler.__handle;  Property: Unknown Property name. [1:49: -webkit-font-smoothing]
18-03-2024 00:08:35.473Z;errorhandler.__handle;  Property: Unknown Property name. [1:134: -ms-text-size-adjust]
18-03-2024 00:08:35.473Z;errorhandler.__handle;  Property: Unknown Property name. [1:160: -webkit-text-size-adjust]
18-03-2024 00:08:35.489Z;errorhandler.__handle;  Property: Unknown Property name. [1:26: mso-table-lspace]
18-03-2024 00:08:35.489Z;errorhandler.__handle;  Property: Unknown Property name. [1:45: mso-table-rspace]
18-03-2024 00:08:35.520Z;errorhandler.__handle;  Property: Unknown Property name. [1:92: mso-hide]
18-03-2024 00:08:35.536Z;errorhandler.__handle;  Property: No ":" after name found: align-center [1:1: align-center]
18-03-2024 00:08:35.536Z;errorhandler.__handle;  Property: No property value found: align-center [1:1: align-center]
18-03-2024 00:08:35.536Z;errorhandler.__handle;  CSSStyleDeclaration: Syntax Error in Property: align-center
18-03-2024 00:08:35.536Z;errorhandler.__handle;  Property: Unknown Property name. [1:14: -ms-interpolation-mode]
18-03-2024 00:08:39.239Z;functions.emailFinalizado;  Warning e-mail sent.
18-03-2024 00:08:39.239Z;functions.show_exception_and_exit;  name 'processo_inicio' is not defined
Traceback (most recent call last):
  File "C:\Projetos_Remessas\Remessa_Bancaria\main.py", line 28, in <module>
    processo_inicio.terminate()
    ^^^^^^^^^^^^^^^
NameError: name 'processo_inicio' is not defined
18-03-2024 00:08:39.581Z;functions.show_exception_and_exit;  PRINT SALVO
18-03-2024 00:08:39.948Z;functions.show_exception_and_exit;  RM FECHADO
18-03-2024 00:08:41.051Z;errorhandler.__handle;  Property: Unknown Property name. [1:14: -ms-interpolation-mode]
18-03-2024 00:08:44.039Z;functions.show_exception_and_exit;  EMAIL EXCEÇÃO ENVIADO
18-03-2024 00:08:44.039Z;functions.show_exception_and_exit;  ERRO - <class 'NameError'> / name 'processo_inicio' is not defined
