11-07-2024 18:44:35.930Z;functions.bot_text_art;      ____   
11-07-2024 18:44:35.931Z;functions.bot_text_art;     [____]    
11-07-2024 18:44:35.932Z;functions.bot_text_art;   |=]()()[=|  
11-07-2024 18:44:35.933Z;functions.bot_text_art;     _\==/__    _____    ____     _        _____    ___   _  __
11-07-2024 18:44:35.934Z;functions.bot_text_art;   |__|   |_|  |  _  \  / ___|   | |      |_   _| / ___| | |/ /
11-07-2024 18:44:35.935Z;functions.bot_text_art;   |_|_/\_|_|  | |  | | | |      | |        | |   | |    | ' / 
11-07-2024 18:44:35.936Z;functions.bot_text_art;   | | __ | |  | |  | | | |      | |        | |   | |    |  <  
11-07-2024 18:44:35.937Z;functions.bot_text_art;   |_|[  ]|_|  | |__| | | |____  | |____   _| |_  | |__  | . \ 
11-07-2024 18:44:35.941Z;functions.bot_text_art;   \_|_||_|_/  |_____/   \_____| |______| |_____| \ ___| |_|\_\
11-07-2024 18:44:35.941Z;functions.bot_text_art;     |_||_|                                                     
11-07-2024 18:44:35.942Z;functions.bot_text_art;     | ||_|_   
11-07-2024 18:44:35.943Z;functions.bot_text_art;   |___||___|  
11-07-2024 18:44:35.944Z;functions.bot_text_art;               
11-07-2024 18:44:35.959Z;functions.open_RM;  OPEN PROGRAM RM
11-07-2024 18:44:35.960Z;functions.caps;  DESATIVANDO CAPS
11-07-2024 18:44:35.961Z;functions.loggin_RM;  BUSCANDO LOGGIN RM
11-07-2024 18:45:22.796Z;functions.loggin_RM;  ENTER USER_NAME
11-07-2024 18:45:27.735Z;functions.loggin_RM;  ENTER PASSWORD
11-07-2024 18:45:29.374Z;functions.loggin_RM;  ENTER RM
11-07-2024 18:47:38.280Z;functions.enter_coligada;  CLICK CONTEXTO
11-07-2024 18:47:41.406Z;functions.enter_coligada;  CLICK ALTERAR MODULO DO CONTEXTO
11-07-2024 18:47:45.655Z;functions.enter_coligada;  INSERE O COLIGADA CODE = 1
11-07-2024 18:47:45.758Z;functions.enter_coligada;  APERTA TAB PARA PREENCHER O CAMPO COM A STRING: OCEANICA ENGENHARIA E CONSULTORIA S.A.
11-07-2024 18:47:47.718Z;functions.enter_coligada;  CLICK AVANÇAR NOVAMENTE
11-07-2024 18:47:49.187Z;functions.enter_coligada;  CLICK CONCLUIR
