11-07-2024 18:55:40.170Z;functions.bot_text_art;      ____   
11-07-2024 18:55:40.170Z;functions.bot_text_art;     [____]    
11-07-2024 18:55:40.170Z;functions.bot_text_art;   |=]()()[=|  
11-07-2024 18:55:40.170Z;functions.bot_text_art;     _\==/__    _____    ____     _        _____    ___   _  __
11-07-2024 18:55:40.170Z;functions.bot_text_art;   |__|   |_|  |  _  \  / ___|   | |      |_   _| / ___| | |/ /
11-07-2024 18:55:40.170Z;functions.bot_text_art;   |_|_/\_|_|  | |  | | | |      | |        | |   | |    | ' / 
11-07-2024 18:55:40.170Z;functions.bot_text_art;   | | __ | |  | |  | | | |      | |        | |   | |    |  <  
11-07-2024 18:55:40.170Z;functions.bot_text_art;   |_|[  ]|_|  | |__| | | |____  | |____   _| |_  | |__  | . \ 
11-07-2024 18:55:40.170Z;functions.bot_text_art;   \_|_||_|_/  |_____/   \_____| |______| |_____| \ ___| |_|\_\
11-07-2024 18:55:40.170Z;functions.bot_text_art;     |_||_|                                                     
11-07-2024 18:55:40.170Z;functions.bot_text_art;     | ||_|_   
11-07-2024 18:55:40.170Z;functions.bot_text_art;   |___||___|  
11-07-2024 18:55:40.170Z;functions.bot_text_art;               
11-07-2024 18:55:40.186Z;functions.open_RM;  OPEN PROGRAM RM
11-07-2024 18:55:40.186Z;functions.caps;  DESATIVANDO CAPS
11-07-2024 18:55:40.186Z;functions.loggin_RM;  BUSCANDO LOGGIN RM
11-07-2024 18:55:57.295Z;functions.loggin_RM;  ENTER USER_NAME
11-07-2024 18:56:01.562Z;functions.loggin_RM;  ENTER PASSWORD
11-07-2024 18:56:02.967Z;functions.loggin_RM;  ENTER RM
11-07-2024 18:57:48.498Z;functions.enter_coligada;  CLICK CONTEXTO
11-07-2024 18:57:51.373Z;functions.enter_coligada;  CLICK ALTERAR MODULO DO CONTEXTO
11-07-2024 18:57:55.483Z;functions.enter_coligada;  INSERE O COLIGADA CODE = 1
11-07-2024 18:57:55.588Z;functions.enter_coligada;  APERTA TAB PARA PREENCHER O CAMPO COM A STRING: OCEANICA ENGENHARIA E CONSULTORIA S.A.
11-07-2024 18:57:57.655Z;functions.enter_coligada;  CLICK AVANÇAR NOVAMENTE
11-07-2024 18:57:58.936Z;functions.enter_coligada;  CLICK CONCLUIR
11-07-2024 18:58:19.092Z;functions.waitForImage;  TROCA COLIGADA image not found.
11-07-2024 18:58:36.484Z;functions.enter_coligada;  POP UP COLIGADA DESAPARECER
11-07-2024 18:58:37.655Z;functions.check_movimentacao_bancaria;  CLICK - TOTVS - LINHA RM
11-07-2024 18:58:39.623Z;functions.check_movimentacao_bancaria;  CLICK - BACK OFFICE
11-07-2024 18:58:42.342Z;functions.check_movimentacao_bancaria;  CLICK - GESTAO FINANCEIRA
11-07-2024 18:58:42.342Z;functions.movimentacao_bancaria;  AGUARDANDO 1
11-07-2024 18:58:48.030Z;functions.movimentacao_bancaria;  CLICA NA ABA MOVIMENTAÇÃO BANCARIA
11-07-2024 18:58:48.904Z;functions.waitForImage;  IMAGEM BORDERO image found.
11-07-2024 18:58:51.038Z;functions.movimentacao_bancaria;  IMAGEM BORDERO CLICADA.
11-07-2024 18:59:01.514Z;functions.waitForImage;  LICENCAS EXCEDIDAS image not found.
11-07-2024 18:59:02.202Z;functions.movimentacao_bancaria;  ENCONTROU O FILTRO DA MOVIMENTAÇÃO BANCÁRIA
11-07-2024 18:59:02.248Z;functions.movimentacao_bancaria;  CLICA NA ABA SUPERIOR DO FILTRO
11-07-2024 18:59:09.558Z;functions.movimentacao_bancaria;  SELECIONA O FILTRO HOJE
11-07-2024 18:59:14.748Z;functions.waitForImage;  FILTER CLEAN image found.
11-07-2024 18:59:16.881Z;functions.filter_clean;  CLICA NO BOTÃO X DO LIMPA FILTRO
11-07-2024 18:59:17.045Z;functions.waitForImage;  FILTER CLEAN image found.
11-07-2024 18:59:19.162Z;functions.filter_clean;  CLICA NO BOTÃO X DO LIMPA FILTRO
11-07-2024 18:59:34.467Z;functions.waitForImage;  FILTER CLEAN image not found.
11-07-2024 18:59:36.030Z;functions.movimentacao_bancaria;  CLICA NA PRIMEIRA LINHA DA TABELA MOVIMENTAÇÃO BANCÁRIA
11-07-2024 18:59:37.467Z;functions.movimentacao_bancaria;  CLICA NA PRIMEIRA LINHA DA TABELA MOVIMENTAÇÃO BANCÁRIA
11-07-2024 18:59:38.692Z;functions.movimentacao_bancaria;  12 PASSOS PARA DIREITA NA TABELA >>
11-07-2024 18:59:40.842Z;functions.movimentacao_bancaria;  HOVER FILTER
11-07-2024 18:59:41.396Z;functions.movimentacao_bancaria;  CLICK FILTER
11-07-2024 18:59:45.721Z;functions.movimentacao_bancaria;  CLICA NO FILTRO  STATUS DA REMESSA
11-07-2024 18:59:47.824Z;functions.movimentacao_bancaria;  APERTA TAB PARA ESCREVER O FILTRO
11-07-2024 18:59:49.936Z;functions.movimentacao_bancaria;  ESCREVE PENDENTE NO FILTRO
11-07-2024 18:59:52.040Z;functions.movimentacao_bancaria;  APERTA ENTER PARA SELECIONAR OS PENDENTES
11-07-2024 18:59:59.748Z;functions.movimentacao_bancaria;  SELECIONA TODAS AS TUPLAS COM STATUS PENDENTE
11-07-2024 19:00:01.856Z;functions.movimentacao_bancaria;  CLICA EM PROCESSOS
11-07-2024 19:00:03.958Z;functions.movimentacao_bancaria;  APERTA PARA BAIXO
11-07-2024 19:00:06.061Z;functions.movimentacao_bancaria;  APERTA ENTER
11-07-2024 19:00:09.123Z;functions.movimentacao_bancaria;  CLICK EM EXECUTAR BORDERO DE PAGAMENTO
11-07-2024 19:00:30.202Z;functions.waitForImage;  PRESS BUTTON OK image found.
11-07-2024 19:00:30.202Z;functions.movimentacao_bancaria;  O PROCESSAMENTO DE AUTORIZAÇÃO DO BORDERO FOI EXECUTADO COM SUCESSO.
11-07-2024 19:00:31.185Z;functions.movimentacao_bancaria;  CLICK EM FECHAR.
11-07-2024 19:00:41.373Z;functions.waitForImage;  FILTER CLEAN image found.
11-07-2024 19:00:43.509Z;functions.filter_clean;  CLICA NO BOTÃO X DO LIMPA FILTRO
11-07-2024 19:00:58.811Z;functions.waitForImage;  FILTER CLEAN image not found.
11-07-2024 19:01:14.123Z;functions.waitForImage;  FILTER CLEAN image not found.
11-07-2024 19:01:34.285Z;functions.processo_pagamento;  12 PASSOS PARA ESQUERDA NA TABELA >>
11-07-2024 19:01:36.420Z;functions.processo_pagamento;  HOVER FILTER
11-07-2024 19:01:36.974Z;functions.processo_pagamento;  CLICK FILTER
11-07-2024 19:01:41.306Z;functions.processo_pagamento;  CLICA NO FILTRO  STATUS DA REMESSA
11-07-2024 19:01:43.409Z;functions.processo_pagamento;  APERTA TAB PARA ESCREVER O FILTRO
11-07-2024 19:01:45.527Z;functions.processo_pagamento;  ESCREVE AUTORIZADO NO FILTRO
11-07-2024 19:01:47.629Z;functions.processo_pagamento;  APERTA ENTER PARA SELECIONAR OS AUTORIZADOS
11-07-2024 19:01:54.719Z;functions.processo_pagamento;  6 PASSOS PARA ESQUERDA NA TABELA <<
11-07-2024 19:01:57.529Z;functions.check_user_bot;  Texto extraido 1/1
11-07-2024 19:01:57.529Z;functions.check_user_bot;  Count 1
11-07-2024 19:01:57.529Z;functions.check_user_bot;  Type <class 'int'>
11-07-2024 19:01:59.645Z;functions.check_user_bot;  CHECK USER BOT 1
11-07-2024 19:02:01.646Z;functions.check_user_bot;  croliveira3
11-07-2024 19:02:01.646Z;functions.check_user_bot;  O USUÁRIO NÃO É INTEGRAÇÃO PARA ESSA REMESSA PARA PARA DE BAIXO
11-07-2024 19:02:01.751Z;functions.check_user_bot;  COUNT1: 0
11-07-2024 19:02:02.855Z;functions.processo_pagamento;  FECHA ABA MOVIMENTAÇÕES BANCÁRIAS
11-07-2024 19:02:04.467Z;functions.enter_contas_a_pagar;  CLICK - TOTVS - LINHA RM
11-07-2024 19:02:06.185Z;functions.enter_contas_a_pagar;  CLICK - BACK OFFICE
11-07-2024 19:02:07.123Z;functions.enter_contas_a_pagar;  CLICK - GESTAO FINANCEIRA
11-07-2024 19:02:12.842Z;functions.enter_contas_a_pagar;  CLICK - CONTAS A PAGAR
11-07-2024 19:02:13.701Z;functions.waitForImage;  LANÇAMENTOS image found.
11-07-2024 19:02:15.849Z;functions.enter_contas_a_pagar;  CLICA EM LANÇAMENTOS
11-07-2024 19:02:31.326Z;functions.waitForImage;  LICENCAS EXCEDIDAS image not found.
11-07-2024 19:02:31.326Z;functions.obter_intervalo_data;  VERIFICANDO A HORA ATUAL 19
11-07-2024 19:02:31.358Z;functions.obter_intervalo_data;  Data Inicial BANCARIA antes da remoção: None
11-07-2024 19:02:31.358Z;functions.obter_intervalo_data;  Data Final BANCARIA antes da remoção: None
11-07-2024 19:02:31.358Z;functions.obter_intervalo_data;  Data Inicial BANCARIA após a remoção: None
11-07-2024 19:02:31.358Z;functions.obter_intervalo_data;  Data Final BANCARIA após a remoção: None
11-07-2024 19:02:31.358Z;functions.obter_intervalo_data;  hoje -  2024-07-11 19:02:31.358148
11-07-2024 19:02:31.358Z;functions.data_filter;  DATA INICIO 17-07-2024
11-07-2024 19:02:31.373Z;functions.data_filter;  DATA FIM 23-07-2024
11-07-2024 19:02:31.373Z;functions.data_filter;  CLICK - SELECIONA A DATA DE QUARTA FEIRA E DA PROXIMA TERÇA
11-07-2024 19:02:31.373Z;functions.data_filter;  QUARTA-FEIRA: 17-07-2024
11-07-2024 19:02:31.373Z;functions.data_filter;  TERCA-FEIRA: 23-07-2024
11-07-2024 19:02:49.186Z;functions.data_filter;  CLICK - BOTAO DE SELECAO DE FILTRO
11-07-2024 19:02:53.920Z;functions.data_filter;  INSERE - DATA DE QUARTA-FEIRA: 17-07-2024
11-07-2024 19:02:58.201Z;functions.data_filter;  INSERE - DATA DA PROX TERCA-FEIRA: 23-07-2024
11-07-2024 19:02:59.310Z;functions.data_filter;  CLICK - BOTAO DE EXECUTAR O FILTRO
11-07-2024 19:03:04.313Z;functions.desmark_filter;  AGUARDANDO 1
11-07-2024 19:03:06.435Z;functions.desmark_filter;  CLICK CHECKBOX LANÇAMENTOS A RECEBER
11-07-2024 19:03:08.842Z;functions.desmark_filter;  CLICK CHECKBOX LANÇAMENTOS BAIXADOS
11-07-2024 19:03:11.311Z;functions.desmark_filter;  CLICK CHECKBOX LANÇAMENTOS CANCELADOS
11-07-2024 19:03:13.873Z;functions.desmark_filter;  CLICK CHECKBOX LANÇAMENTOS FATURADOS
11-07-2024 19:03:16.623Z;functions.desmark_filter;  CLICK CHECKBOX LANÇAMENTOS FATURADOS
11-07-2024 19:03:36.889Z;functions.waitForImage;  FILTER CLEAN image not found.
11-07-2024 19:03:52.216Z;functions.waitForImage;  FILTER CLEAN image not found.
11-07-2024 19:04:07.529Z;functions.waitForImage;  FILTER CLEAN image not found.
11-07-2024 19:04:07.529Z;functions.check_table_record;  VERIFICANDO SE A TABELA ESTÁ VAZIA
11-07-2024 19:04:10.686Z;functions.check_table_record;  Texto extraido 1/3
11-07-2024 19:04:10.686Z;functions.check_table_record;  Count 3
11-07-2024 19:04:10.686Z;functions.check_table_record;  Type <class 'int'>
11-07-2024 19:04:10.686Z;functions.check_table_record;  TABELA CONTÉM REGISTROS
11-07-2024 19:04:22.585Z;functions.select_tipo_documento;  NOME DA COLUNA: Tipo de Documento
11-07-2024 19:04:24.591Z;functions.select_tipo_documento;  HOVER NOME DA COLUNA: Tipo de Documento
11-07-2024 19:04:25.430Z;functions.select_tipo_documento;  CLICA NO FILTRO PERSONALIZAR
11-07-2024 19:04:26.998Z;functions.select_tipo_documento;  CLICA PARA SELECIONAR OPÇÕES DO FILTRO
11-07-2024 19:04:33.438Z;functions.select_tipo_documento;  FILTRO "NÃO É IGUAL A INV" DEFINIDO
11-07-2024 19:04:34.435Z;functions.select_tipo_documento;  CLICK BUTTON CONFIRMAR FILTRO
11-07-2024 19:04:39.439Z;functions.filter_IPTE;  VERIFICANDO O COD DO CLIENTE EM CADA REGISTRO
11-07-2024 19:04:41.029Z;functions.filter_IPTE;  CLICA NA PRIMEIRA LINHA DA TABELA
11-07-2024 19:05:04.717Z;functions.filter_IPTE;  HOVER FILTER
11-07-2024 19:05:06.507Z;functions.filter_IPTE;  CLICK FILTER
11-07-2024 19:05:10.838Z;functions.filter_IPTE;  CLICA NO FILTRO PERSONALIZAR
11-07-2024 19:05:55.951Z;functions.filter_IPTE;  MOVIDO PRA CIMA 100 VEZES
11-07-2024 19:06:34.857Z;functions.filter_IPTE;  MOVIDO PRA CIMA MAIS 100 VEZES
11-07-2024 19:06:53.279Z;functions.filter_IPTE;  TABELA NÃO CONTÉM REGISTROS
11-07-2024 19:06:53.279Z;functions.check_table_record;  VERIFICANDO SE A TABELA ESTÁ VAZIA
11-07-2024 19:06:56.060Z;functions.check_table_record;  Texto extraido 0/0
11-07-2024 19:06:56.060Z;functions.check_table_record;  Count 0
11-07-2024 19:06:56.060Z;functions.check_table_record;  Type <class 'int'>
11-07-2024 19:06:56.060Z;functions.check_table_record;  SEM REGISTROS
11-07-2024 19:06:58.072Z;main.<module>;  SEM REMESSA BANCÁRIA
11-07-2024 19:06:58.072Z;functions.movimentacao_bancaria;  AGUARDANDO 1
11-07-2024 19:06:59.248Z;functions.movimentacao_bancaria;  CLICA NA ABA MOVIMENTAÇÃO BANCARIA
11-07-2024 19:06:59.451Z;functions.waitForImage;  IMAGEM BORDERO image found.
11-07-2024 19:07:01.567Z;functions.movimentacao_bancaria;  IMAGEM BORDERO CLICADA.
11-07-2024 19:07:12.123Z;functions.waitForImage;  LICENCAS EXCEDIDAS image not found.
11-07-2024 19:07:12.843Z;functions.movimentacao_bancaria;  ENCONTROU O FILTRO DA MOVIMENTAÇÃO BANCÁRIA
11-07-2024 19:07:12.906Z;functions.movimentacao_bancaria;  CLICA NA ABA SUPERIOR DO FILTRO
11-07-2024 19:07:20.214Z;functions.movimentacao_bancaria;  SELECIONA O FILTRO HOJE
11-07-2024 19:07:25.404Z;functions.waitForImage;  FILTER CLEAN image found.
11-07-2024 19:07:27.537Z;functions.filter_clean;  CLICA NO BOTÃO X DO LIMPA FILTRO
11-07-2024 19:07:42.842Z;functions.waitForImage;  FILTER CLEAN image not found.
11-07-2024 19:07:58.154Z;functions.waitForImage;  FILTER CLEAN image not found.
11-07-2024 19:07:59.779Z;functions.movimentacao_bancaria;  CLICA NA PRIMEIRA LINHA DA TABELA MOVIMENTAÇÃO BANCÁRIA
11-07-2024 19:08:01.247Z;functions.movimentacao_bancaria;  CLICA NA PRIMEIRA LINHA DA TABELA MOVIMENTAÇÃO BANCÁRIA
11-07-2024 19:08:02.472Z;functions.movimentacao_bancaria;  12 PASSOS PARA DIREITA NA TABELA >>
11-07-2024 19:08:04.654Z;functions.movimentacao_bancaria;  HOVER FILTER
11-07-2024 19:08:05.205Z;functions.movimentacao_bancaria;  CLICK FILTER
11-07-2024 19:08:09.539Z;functions.movimentacao_bancaria;  CLICA NO FILTRO  STATUS DA REMESSA
11-07-2024 19:08:11.642Z;functions.movimentacao_bancaria;  APERTA TAB PARA ESCREVER O FILTRO
11-07-2024 19:08:13.757Z;functions.movimentacao_bancaria;  ESCREVE PENDENTE NO FILTRO
11-07-2024 19:08:15.860Z;functions.movimentacao_bancaria;  APERTA ENTER PARA SELECIONAR OS PENDENTES
11-07-2024 19:08:39.404Z;functions.movimentacao_bancaria;  SEM PROCESSAMENTO DE BORDERO PENDENTE
11-07-2024 19:08:49.575Z;functions.waitForImage;  FILTER CLEAN image found.
11-07-2024 19:08:51.724Z;functions.filter_clean;  CLICA NO BOTÃO X DO LIMPA FILTRO
11-07-2024 19:09:07.029Z;functions.waitForImage;  FILTER CLEAN image not found.
11-07-2024 19:09:22.341Z;functions.waitForImage;  FILTER CLEAN image not found.
11-07-2024 19:09:24.216Z;functions.processo_pagamento;  CLICA NA PRIMEIRA LINHA DA TABELA MOVIMENTAÇÃO BANCÁRIA
11-07-2024 19:09:26.325Z;functions.processo_pagamento;  HOVER FILTER
11-07-2024 19:09:26.891Z;functions.processo_pagamento;  CLICK FILTER
11-07-2024 19:09:31.224Z;functions.processo_pagamento;  CLICA NO FILTRO  STATUS DA REMESSA
11-07-2024 19:09:33.327Z;functions.processo_pagamento;  APERTA TAB PARA ESCREVER O FILTRO
11-07-2024 19:09:35.445Z;functions.processo_pagamento;  ESCREVE AUTORIZADO NO FILTRO
11-07-2024 19:09:37.548Z;functions.processo_pagamento;  APERTA ENTER PARA SELECIONAR OS AUTORIZADOS
11-07-2024 19:09:44.537Z;functions.processo_pagamento;  6 PASSOS PARA ESQUERDA NA TABELA <<
11-07-2024 19:09:45.553Z;functions.processo_pagamento;  10 PASSOS PARA cima NA TABELA <<
11-07-2024 19:09:48.263Z;functions.check_user_bot;  Texto extraido 1/1
11-07-2024 19:09:48.263Z;functions.check_user_bot;  Count 1
11-07-2024 19:09:48.263Z;functions.check_user_bot;  Type <class 'int'>
11-07-2024 19:09:50.370Z;functions.check_user_bot;  CHECK USER BOT 1
11-07-2024 19:09:52.372Z;functions.check_user_bot;  croliveira3
11-07-2024 19:09:52.372Z;functions.check_user_bot;  O USUÁRIO NÃO É INTEGRAÇÃO PARA ESSA REMESSA PARA PARA DE BAIXO
11-07-2024 19:09:52.475Z;functions.check_user_bot;  COUNT1: 0
11-07-2024 19:09:53.579Z;functions.processo_pagamento;  FECHA ABA MOVIMENTAÇÕES BANCÁRIAS
11-07-2024 19:09:54.747Z;functions.enter_contas_a_pagar;  CLICK - TOTVS - LINHA RM
11-07-2024 19:09:56.497Z;functions.enter_contas_a_pagar;  CLICK - BACK OFFICE
11-07-2024 19:09:57.466Z;functions.enter_contas_a_pagar;  CLICK - GESTAO FINANCEIRA
11-07-2024 19:10:03.310Z;functions.enter_contas_a_pagar;  CLICK - CONTAS A PAGAR
11-07-2024 19:10:04.169Z;functions.waitForImage;  LANÇAMENTOS image found.
11-07-2024 19:10:06.286Z;functions.enter_contas_a_pagar;  CLICA EM LANÇAMENTOS
11-07-2024 19:10:21.841Z;functions.waitForImage;  LICENCAS EXCEDIDAS image not found.
11-07-2024 19:10:21.841Z;functions.obter_intervalo_data;  VERIFICANDO A HORA ATUAL 19
11-07-2024 19:10:21.872Z;functions.obter_intervalo_data;  Data Inicial BANCARIA antes da remoção: None
11-07-2024 19:10:21.872Z;functions.obter_intervalo_data;  Data Final BANCARIA antes da remoção: None
11-07-2024 19:10:21.872Z;functions.obter_intervalo_data;  Data Inicial BANCARIA após a remoção: None
11-07-2024 19:10:21.888Z;functions.obter_intervalo_data;  Data Final BANCARIA após a remoção: None
11-07-2024 19:10:21.888Z;functions.obter_intervalo_data;  hoje -  2024-07-11 19:10:21.888635
11-07-2024 19:10:21.888Z;functions.data_filter;  DATA INICIO 17-07-2024
11-07-2024 19:10:21.888Z;functions.data_filter;  DATA FIM 23-07-2024
11-07-2024 19:10:21.888Z;functions.data_filter;  CLICK - SELECIONA A DATA DE QUARTA FEIRA E DA PROXIMA TERÇA
11-07-2024 19:10:21.888Z;functions.data_filter;  QUARTA-FEIRA: 17-07-2024
11-07-2024 19:10:21.888Z;functions.data_filter;  TERCA-FEIRA: 23-07-2024
11-07-2024 19:10:39.685Z;functions.data_filter;  CLICK - BOTAO DE SELECAO DE FILTRO
11-07-2024 19:10:44.388Z;functions.data_filter;  INSERE - DATA DE QUARTA-FEIRA: 17-07-2024
11-07-2024 19:10:48.669Z;functions.data_filter;  INSERE - DATA DA PROX TERCA-FEIRA: 23-07-2024
11-07-2024 19:10:49.778Z;functions.data_filter;  CLICK - BOTAO DE EXECUTAR O FILTRO
11-07-2024 19:10:54.781Z;functions.desmark_filter;  AGUARDANDO 1
11-07-2024 19:11:07.873Z;functions.desmark_filter;  CLICK CHECKBOX LANÇAMENTOS A RECEBER
11-07-2024 19:11:10.185Z;functions.desmark_filter;  CLICK CHECKBOX LANÇAMENTOS BAIXADOS
11-07-2024 19:11:12.497Z;functions.desmark_filter;  CLICK CHECKBOX LANÇAMENTOS CANCELADOS
11-07-2024 19:11:15.185Z;functions.desmark_filter;  CLICK CHECKBOX LANÇAMENTOS FATURADOS
11-07-2024 19:11:18.062Z;functions.desmark_filter;  CLICK CHECKBOX LANÇAMENTOS FATURADOS
11-07-2024 19:11:38.372Z;functions.waitForImage;  FILTER CLEAN image not found.
11-07-2024 19:11:53.669Z;functions.waitForImage;  FILTER CLEAN image not found.
11-07-2024 19:12:09.028Z;functions.waitForImage;  FILTER CLEAN image not found.
11-07-2024 19:12:10.278Z;functions.filter_forma_pagamento;  CLICA NA PRIMEIRA LINHA DA TABELA
11-07-2024 19:12:10.559Z;functions.filter_forma_pagamento;  CLICK NA PRIMEIRA LINHA E COLUNA DA TABELA
11-07-2024 19:12:26.868Z;functions.filter_forma_pagamento;  160 PASSOS PARA DIREITA NA TABELA >>
11-07-2024 19:12:32.529Z;functions.filter_forma_pagamento;  HOVER NOME DA COLUNA FORMA DE PAGAMENTO
11-07-2024 19:12:34.350Z;functions.filter_forma_pagamento;  CLICA PARA APARECER O FILTRO PERSONALIZAR
11-07-2024 19:12:37.683Z;functions.filter_forma_pagamento;  CLICA NO FILTRO PERSONALIZAR
11-07-2024 19:12:50.122Z;functions.filter_forma_pagamento;  Texto extraido 1/3
11-07-2024 19:12:50.122Z;functions.filter_forma_pagamento;  Count 3
11-07-2024 19:12:50.122Z;functions.filter_forma_pagamento;  Type <class 'int'>
11-07-2024 19:12:50.122Z;functions.filter_forma_pagamento;  TABELA CONTÉM REGISTROS
11-07-2024 19:12:51.857Z;functions.filter_forma_pagamento;  MOVIDO PRA CIMA 3 VEZES
11-07-2024 19:12:55.832Z;functions.check_table_record;  VERIFICANDO SE A TABELA ESTÁ VAZIA
11-07-2024 19:12:58.779Z;functions.check_table_record;  Texto extraido 1/3
11-07-2024 19:12:58.779Z;functions.check_table_record;  Count 3
11-07-2024 19:12:58.779Z;functions.check_table_record;  Type <class 'int'>
11-07-2024 19:12:58.779Z;functions.check_table_record;  TABELA CONTÉM REGISTROS
11-07-2024 19:12:58.779Z;functions.check_ted_cip;  VERIFICANDO O COD DO CLIENTE EM CADA REGISTRO
11-07-2024 19:13:00.341Z;functions.check_ted_cip;  CLICA NA PRIMEIRA LINHA DA TABELA
11-07-2024 19:13:00.341Z;functions.check_ted_cip;  rows_int check_ted_cip(): 3
11-07-2024 19:13:09.551Z;functions.check_ted_cip;  0 PASSOS PARA DIREITA >>
11-07-2024 19:13:09.653Z;functions.check_ted_cip;  1 PASSOS PARA DIREITA >>
11-07-2024 19:13:09.756Z;functions.check_ted_cip;  2 PASSOS PARA DIREITA >>
11-07-2024 19:13:18.862Z;functions.check_ted_cip;  REFERENCIA LANÇAMENTO: 978007
11-07-2024 19:13:18.862Z;functions.check_ted_cip;  CLIENTE: 014144
11-07-2024 19:13:18.966Z;functions.check_ted_cip;  3 PASSOS PARA ESQUERDA <<
11-07-2024 19:13:19.068Z;functions.check_ted_cip;  3 PASSOS PARA ESQUERDA <<
11-07-2024 19:13:19.171Z;functions.check_ted_cip;  3 PASSOS PARA ESQUERDA <<
11-07-2024 19:13:21.172Z;functions.check_ted_cip;  CLIENTE NÃO CONTIDO NA LISTA O LANÇAMENTO SERÁ MODIFICADO PARA PIX
11-07-2024 19:13:39.950Z;functions.waitForImage;  INTEGRAÇÃO BANCÁRIA image found.
11-07-2024 19:13:42.099Z;functions.check_ted_cip;  CLICA EM INTEGRAÇÃO BANCÁRIA
11-07-2024 19:13:42.099Z;functions.check_ted_cip;  VERIFICANDO INFORMAÇÕES
11-07-2024 19:13:47.278Z;functions.waitForImage;  DADOS BANCARIOS image found.
11-07-2024 19:13:47.411Z;functions.check_ted_cip;  CLICK EM DADOS BANCARIOS
11-07-2024 19:13:52.412Z;functions.check_ted_cip;  ENTROU DADOS BANCÁRIOS
11-07-2024 19:13:52.515Z;functions.check_ted_cip;  APERTA TAB
11-07-2024 19:13:54.619Z;functions.check_ted_cip;  CLICOU ctrl+c
11-07-2024 19:13:55.732Z;functions.check_ted_cip;  DIGITOU PIX
11-07-2024 19:13:56.834Z;functions.check_ted_cip;  TAB CLICADO 0
11-07-2024 19:13:57.937Z;functions.check_ted_cip;  TAB CLICADO 1
11-07-2024 19:13:59.040Z;functions.check_ted_cip;  TAB CLICADO 2
11-07-2024 19:14:00.143Z;functions.check_ted_cip;  TAB CLICADO 3
11-07-2024 19:14:01.246Z;functions.check_ted_cip;  DOWN CLIACADO 0
11-07-2024 19:14:02.349Z;functions.check_ted_cip;  DOWN CLIACADO 1
11-07-2024 19:14:03.452Z;functions.check_ted_cip;  DOWN CLIACADO 2
11-07-2024 19:14:04.555Z;functions.check_ted_cip;  DOWN CLIACADO 3
11-07-2024 19:14:05.658Z;functions.check_ted_cip;  DOWN CLIACADO 4
11-07-2024 19:14:06.760Z;functions.check_ted_cip;  DOWN CLIACADO 5
11-07-2024 19:14:07.863Z;functions.check_ted_cip;  DOWN CLIACADO 6
11-07-2024 19:14:08.965Z;functions.check_ted_cip;  DOWN CLIACADO 7
11-07-2024 19:14:10.068Z;functions.check_ted_cip;  DOWN CLIACADO 8
11-07-2024 19:14:11.170Z;functions.check_ted_cip;  DOWN CLIACADO 9
11-07-2024 19:14:12.273Z;functions.check_ted_cip;  DOWN CLIACADO 10
11-07-2024 19:14:13.376Z;functions.check_ted_cip;  DOWN CLIACADO 11
11-07-2024 19:14:14.479Z;functions.check_ted_cip;  DOWN CLIACADO 12
11-07-2024 19:14:15.582Z;functions.check_ted_cip;  DOWN CLIACADO 13
11-07-2024 19:14:16.684Z;functions.check_ted_cip;  DOWN CLIACADO 14
11-07-2024 19:14:17.787Z;functions.check_ted_cip;  DOWN CLIACADO 15
11-07-2024 19:14:18.891Z;functions.check_ted_cip;  DOWN CLIACADO 16
11-07-2024 19:14:19.994Z;functions.check_ted_cip;  DOWN CLIACADO 17
11-07-2024 19:14:21.097Z;functions.check_ted_cip;  DOWN CLIACADO 18
11-07-2024 19:14:22.200Z;functions.check_ted_cip;  DOWN CLIACADO 19
11-07-2024 19:14:23.303Z;functions.check_ted_cip;  DOWN CLIACADO 20
11-07-2024 19:14:26.606Z;functions.waitForImage;  PRESS BUTTON OK image found.
11-07-2024 19:14:28.724Z;functions.click_ok;  PRESS BUTTON OK
11-07-2024 19:14:30.888Z;functions.waitForImage;  PRESS BUTTON OK image found.
11-07-2024 19:14:33.008Z;functions.click_ok;  PRESS BUTTON OK
11-07-2024 19:14:37.009Z;functions.check_ted_cip;  RETIRANDO A REFERENCIA: 978007 DO PROCESSAMENTO TED CIP TRANSFORMANDO PARA PIX
11-07-2024 19:14:41.113Z;functions.check_ted_cip;  PASSANDO PARA PRÓXIMO REGISTRO
11-07-2024 19:14:52.321Z;functions.check_ted_cip;  0 PASSOS PARA DIREITA >>
11-07-2024 19:14:52.425Z;functions.check_ted_cip;  1 PASSOS PARA DIREITA >>
11-07-2024 19:14:52.527Z;functions.check_ted_cip;  2 PASSOS PARA DIREITA >>
11-07-2024 19:15:01.632Z;functions.check_ted_cip;  REFERENCIA LANÇAMENTO: 978098
11-07-2024 19:15:01.632Z;functions.check_ted_cip;  CLIENTE: 011146
11-07-2024 19:15:01.735Z;functions.check_ted_cip;  3 PASSOS PARA ESQUERDA <<
11-07-2024 19:15:01.838Z;functions.check_ted_cip;  3 PASSOS PARA ESQUERDA <<
11-07-2024 19:15:01.940Z;functions.check_ted_cip;  3 PASSOS PARA ESQUERDA <<
11-07-2024 19:15:03.941Z;functions.check_ted_cip;  CLIENTE NÃO CONTIDO NA LISTA O LANÇAMENTO SERÁ MODIFICADO PARA PIX
11-07-2024 19:15:09.965Z;functions.waitForImage;  INTEGRAÇÃO BANCÁRIA image found.
11-07-2024 19:15:12.099Z;functions.check_ted_cip;  CLICA EM INTEGRAÇÃO BANCÁRIA
11-07-2024 19:15:12.099Z;functions.check_ted_cip;  VERIFICANDO INFORMAÇÕES
11-07-2024 19:15:17.278Z;functions.waitForImage;  DADOS BANCARIOS image found.
11-07-2024 19:15:17.412Z;functions.check_ted_cip;  CLICK EM DADOS BANCARIOS
11-07-2024 19:15:22.414Z;functions.check_ted_cip;  ENTROU DADOS BANCÁRIOS
11-07-2024 19:15:22.516Z;functions.check_ted_cip;  APERTA TAB
11-07-2024 19:15:24.620Z;functions.check_ted_cip;  CLICOU ctrl+c
11-07-2024 19:15:25.734Z;functions.check_ted_cip;  DIGITOU PIX
11-07-2024 19:15:26.837Z;functions.check_ted_cip;  TAB CLICADO 0
11-07-2024 19:15:27.940Z;functions.check_ted_cip;  TAB CLICADO 1
11-07-2024 19:15:29.043Z;functions.check_ted_cip;  TAB CLICADO 2
11-07-2024 19:15:30.146Z;functions.check_ted_cip;  TAB CLICADO 3
11-07-2024 19:15:31.248Z;functions.check_ted_cip;  DOWN CLIACADO 0
11-07-2024 19:15:32.350Z;functions.check_ted_cip;  DOWN CLIACADO 1
11-07-2024 19:15:33.453Z;functions.check_ted_cip;  DOWN CLIACADO 2
11-07-2024 19:15:34.556Z;functions.check_ted_cip;  DOWN CLIACADO 3
11-07-2024 19:15:35.659Z;functions.check_ted_cip;  DOWN CLIACADO 4
11-07-2024 19:15:36.763Z;functions.check_ted_cip;  DOWN CLIACADO 5
11-07-2024 19:15:37.865Z;functions.check_ted_cip;  DOWN CLIACADO 6
11-07-2024 19:15:38.968Z;functions.check_ted_cip;  DOWN CLIACADO 7
11-07-2024 19:15:40.071Z;functions.check_ted_cip;  DOWN CLIACADO 8
11-07-2024 19:15:41.174Z;functions.check_ted_cip;  DOWN CLIACADO 9
11-07-2024 19:15:42.277Z;functions.check_ted_cip;  DOWN CLIACADO 10
11-07-2024 19:15:43.380Z;functions.check_ted_cip;  DOWN CLIACADO 11
11-07-2024 19:15:44.482Z;functions.check_ted_cip;  DOWN CLIACADO 12
11-07-2024 19:15:45.585Z;functions.check_ted_cip;  DOWN CLIACADO 13
11-07-2024 19:15:46.688Z;functions.check_ted_cip;  DOWN CLIACADO 14
11-07-2024 19:15:47.791Z;functions.check_ted_cip;  DOWN CLIACADO 15
11-07-2024 19:15:48.894Z;functions.check_ted_cip;  DOWN CLIACADO 16
11-07-2024 19:15:49.997Z;functions.check_ted_cip;  DOWN CLIACADO 17
11-07-2024 19:15:51.100Z;functions.check_ted_cip;  DOWN CLIACADO 18
11-07-2024 19:15:52.202Z;functions.check_ted_cip;  DOWN CLIACADO 19
11-07-2024 19:15:53.305Z;functions.check_ted_cip;  DOWN CLIACADO 20
11-07-2024 19:15:56.591Z;functions.waitForImage;  PRESS BUTTON OK image found.
11-07-2024 19:15:58.723Z;functions.click_ok;  PRESS BUTTON OK
11-07-2024 19:16:00.888Z;functions.waitForImage;  PRESS BUTTON OK image found.
11-07-2024 19:16:03.004Z;functions.click_ok;  PRESS BUTTON OK
11-07-2024 19:16:07.006Z;functions.check_ted_cip;  RETIRANDO A REFERENCIA: 978098 DO PROCESSAMENTO TED CIP TRANSFORMANDO PARA PIX
11-07-2024 19:16:11.109Z;functions.check_ted_cip;  PASSANDO PARA PRÓXIMO REGISTRO
11-07-2024 19:16:22.317Z;functions.check_ted_cip;  0 PASSOS PARA DIREITA >>
11-07-2024 19:16:22.420Z;functions.check_ted_cip;  1 PASSOS PARA DIREITA >>
11-07-2024 19:16:22.522Z;functions.check_ted_cip;  2 PASSOS PARA DIREITA >>
11-07-2024 19:16:31.628Z;functions.check_ted_cip;  REFERENCIA LANÇAMENTO: 978099
11-07-2024 19:16:31.628Z;functions.check_ted_cip;  CLIENTE: 010949
11-07-2024 19:16:31.731Z;functions.check_ted_cip;  3 PASSOS PARA ESQUERDA <<
11-07-2024 19:16:31.833Z;functions.check_ted_cip;  3 PASSOS PARA ESQUERDA <<
11-07-2024 19:16:31.936Z;functions.check_ted_cip;  3 PASSOS PARA ESQUERDA <<
11-07-2024 19:16:33.936Z;functions.check_ted_cip;  CLIENTE NÃO CONTIDO NA LISTA O LANÇAMENTO SERÁ MODIFICADO PARA PIX
11-07-2024 19:16:39.950Z;functions.waitForImage;  INTEGRAÇÃO BANCÁRIA image found.
11-07-2024 19:16:42.067Z;functions.check_ted_cip;  CLICA EM INTEGRAÇÃO BANCÁRIA
11-07-2024 19:16:42.067Z;functions.check_ted_cip;  VERIFICANDO INFORMAÇÕES
11-07-2024 19:16:47.247Z;functions.waitForImage;  DADOS BANCARIOS image found.
11-07-2024 19:16:47.380Z;functions.check_ted_cip;  CLICK EM DADOS BANCARIOS
11-07-2024 19:16:52.381Z;functions.check_ted_cip;  ENTROU DADOS BANCÁRIOS
11-07-2024 19:16:52.483Z;functions.check_ted_cip;  APERTA TAB
11-07-2024 19:16:54.587Z;functions.check_ted_cip;  CLICOU ctrl+c
11-07-2024 19:16:55.702Z;functions.check_ted_cip;  DIGITOU PIX
11-07-2024 19:16:56.805Z;functions.check_ted_cip;  TAB CLICADO 0
11-07-2024 19:16:57.908Z;functions.check_ted_cip;  TAB CLICADO 1
11-07-2024 19:16:59.011Z;functions.check_ted_cip;  TAB CLICADO 2
11-07-2024 19:17:00.114Z;functions.check_ted_cip;  TAB CLICADO 3
11-07-2024 19:17:01.217Z;functions.check_ted_cip;  DOWN CLIACADO 0
11-07-2024 19:17:02.320Z;functions.check_ted_cip;  DOWN CLIACADO 1
11-07-2024 19:17:03.422Z;functions.check_ted_cip;  DOWN CLIACADO 2
11-07-2024 19:17:04.525Z;functions.check_ted_cip;  DOWN CLIACADO 3
11-07-2024 19:17:05.628Z;functions.check_ted_cip;  DOWN CLIACADO 4
11-07-2024 19:17:06.731Z;functions.check_ted_cip;  DOWN CLIACADO 5
11-07-2024 19:17:07.835Z;functions.check_ted_cip;  DOWN CLIACADO 6
11-07-2024 19:17:08.937Z;functions.check_ted_cip;  DOWN CLIACADO 7
11-07-2024 19:17:10.040Z;functions.check_ted_cip;  DOWN CLIACADO 8
11-07-2024 19:17:11.143Z;functions.check_ted_cip;  DOWN CLIACADO 9
11-07-2024 19:17:12.246Z;functions.check_ted_cip;  DOWN CLIACADO 10
11-07-2024 19:17:13.349Z;functions.check_ted_cip;  DOWN CLIACADO 11
11-07-2024 19:17:14.451Z;functions.check_ted_cip;  DOWN CLIACADO 12
11-07-2024 19:17:15.554Z;functions.check_ted_cip;  DOWN CLIACADO 13
11-07-2024 19:17:16.657Z;functions.check_ted_cip;  DOWN CLIACADO 14
11-07-2024 19:17:17.759Z;functions.check_ted_cip;  DOWN CLIACADO 15
11-07-2024 19:17:18.862Z;functions.check_ted_cip;  DOWN CLIACADO 16
11-07-2024 19:17:19.965Z;functions.check_ted_cip;  DOWN CLIACADO 17
11-07-2024 19:17:21.068Z;functions.check_ted_cip;  DOWN CLIACADO 18
11-07-2024 19:17:22.171Z;functions.check_ted_cip;  DOWN CLIACADO 19
11-07-2024 19:17:23.274Z;functions.check_ted_cip;  DOWN CLIACADO 20
11-07-2024 19:17:26.559Z;functions.waitForImage;  PRESS BUTTON OK image found.
11-07-2024 19:17:28.692Z;functions.click_ok;  PRESS BUTTON OK
11-07-2024 19:17:30.872Z;functions.waitForImage;  PRESS BUTTON OK image found.
11-07-2024 19:17:33.005Z;functions.click_ok;  PRESS BUTTON OK
11-07-2024 19:17:37.007Z;functions.check_ted_cip;  RETIRANDO A REFERENCIA: 978099 DO PROCESSAMENTO TED CIP TRANSFORMANDO PARA PIX
11-07-2024 19:17:41.110Z;functions.check_ted_cip;  PASSANDO PARA PRÓXIMO REGISTRO
11-07-2024 19:17:46.090Z;functions.enter_contas_a_pagar;  CLICK - TOTVS - LINHA RM
11-07-2024 19:17:47.842Z;functions.enter_contas_a_pagar;  CLICK - BACK OFFICE
11-07-2024 19:17:48.809Z;functions.enter_contas_a_pagar;  CLICK - GESTAO FINANCEIRA
11-07-2024 19:17:54.684Z;functions.enter_contas_a_pagar;  CLICK - CONTAS A PAGAR
11-07-2024 19:17:55.559Z;functions.waitForImage;  LANÇAMENTOS image found.
11-07-2024 19:17:57.692Z;functions.enter_contas_a_pagar;  CLICA EM LANÇAMENTOS
11-07-2024 19:18:13.200Z;functions.waitForImage;  LICENCAS EXCEDIDAS image not found.
11-07-2024 19:18:13.200Z;functions.obter_intervalo_data;  VERIFICANDO A HORA ATUAL 19
11-07-2024 19:18:13.200Z;functions.obter_intervalo_data;  Data Inicial BANCARIA antes da remoção: None
11-07-2024 19:18:13.200Z;functions.obter_intervalo_data;  Data Final BANCARIA antes da remoção: None
11-07-2024 19:18:13.215Z;functions.obter_intervalo_data;  Data Inicial BANCARIA após a remoção: None
11-07-2024 19:18:13.215Z;functions.obter_intervalo_data;  Data Final BANCARIA após a remoção: None
11-07-2024 19:18:13.215Z;functions.obter_intervalo_data;  hoje -  2024-07-11 19:18:13.215687
11-07-2024 19:18:13.215Z;functions.data_filter;  DATA INICIO 17-07-2024
11-07-2024 19:18:13.215Z;functions.data_filter;  DATA FIM 23-07-2024
11-07-2024 19:18:13.215Z;functions.data_filter;  CLICK - SELECIONA A DATA DE QUARTA FEIRA E DA PROXIMA TERÇA
11-07-2024 19:18:13.215Z;functions.data_filter;  QUARTA-FEIRA: 17-07-2024
11-07-2024 19:18:13.215Z;functions.data_filter;  TERCA-FEIRA: 23-07-2024
11-07-2024 19:18:31.121Z;functions.data_filter;  CLICK - BOTAO DE SELECAO DE FILTRO
11-07-2024 19:18:35.887Z;functions.data_filter;  INSERE - DATA DE QUARTA-FEIRA: 17-07-2024
11-07-2024 19:18:40.168Z;functions.data_filter;  INSERE - DATA DA PROX TERCA-FEIRA: 23-07-2024
11-07-2024 19:18:41.278Z;functions.data_filter;  CLICK - BOTAO DE EXECUTAR O FILTRO
11-07-2024 19:18:46.281Z;functions.desmark_filter;  AGUARDANDO 1
11-07-2024 19:18:48.434Z;functions.desmark_filter;  CLICK CHECKBOX LANÇAMENTOS A RECEBER
11-07-2024 19:18:50.711Z;functions.desmark_filter;  CLICK CHECKBOX LANÇAMENTOS BAIXADOS
11-07-2024 19:18:53.215Z;functions.desmark_filter;  CLICK CHECKBOX LANÇAMENTOS CANCELADOS
11-07-2024 19:18:55.684Z;functions.desmark_filter;  CLICK CHECKBOX LANÇAMENTOS FATURADOS
11-07-2024 19:18:58.335Z;functions.desmark_filter;  CLICK CHECKBOX LANÇAMENTOS FATURADOS
11-07-2024 19:19:18.637Z;functions.waitForImage;  FILTER CLEAN image not found.
11-07-2024 19:19:33.965Z;functions.waitForImage;  FILTER CLEAN image not found.
11-07-2024 19:19:49.278Z;functions.waitForImage;  FILTER CLEAN image not found.
11-07-2024 19:19:50.871Z;functions.filter_forma_pagamento_branco;  CLICK NA PRIMEIRA LINHA E COLUNA DA TABELA
11-07-2024 19:20:07.159Z;functions.filter_forma_pagamento_branco;  160 PASSOS PARA DIREITA NA TABELA >>
11-07-2024 19:20:12.889Z;functions.filter_forma_pagamento_branco;  HOVER NOME DA COLUNA FORMA DE PAGAMENTO
11-07-2024 19:20:14.693Z;functions.filter_forma_pagamento_branco;  CLICA PARA APARECER O FILTRO PERSONALIZAR
11-07-2024 19:20:18.025Z;functions.filter_forma_pagamento_branco;  CLICA NO FILTRO PERSONALIZAR
11-07-2024 19:20:26.278Z;functions.filter_forma_pagamento_branco;  Texto extraido 0/0
11-07-2024 19:20:26.278Z;functions.filter_forma_pagamento_branco;  Count 0
11-07-2024 19:20:26.278Z;functions.filter_forma_pagamento_branco;  Type <class 'int'>
11-07-2024 19:20:26.278Z;functions.filter_forma_pagamento_branco;  SEM REGISTROS
11-07-2024 19:20:28.292Z;functions.check_table_record;  VERIFICANDO SE A TABELA ESTÁ VAZIA
11-07-2024 19:20:31.106Z;functions.check_table_record;  Texto extraido 0/0
11-07-2024 19:20:31.106Z;functions.check_table_record;  Count 0
11-07-2024 19:20:31.106Z;functions.check_table_record;  Type <class 'int'>
11-07-2024 19:20:31.106Z;functions.check_table_record;  SEM REGISTROS
11-07-2024 19:20:35.114Z;main.<module>;  SEM REMESSA FORMA DE PAGAMENTO TED CIP EM BRANCO
11-07-2024 19:20:37.384Z;errorhandler.__handle;  Property: Unknown Property name. [1:203: -ms-interpolation-mode]
11-07-2024 19:20:37.415Z;errorhandler.__handle;  Property: Unknown Property name. [1:353: -webkit-font-smoothing]
11-07-2024 19:20:37.431Z;errorhandler.__handle;  Property: Unknown Property name. [1:483: -ms-text-size-adjust]
11-07-2024 19:20:37.431Z;errorhandler.__handle;  Property: Unknown Property name. [1:518: -webkit-text-size-adjust]
11-07-2024 19:20:37.431Z;errorhandler.__handle;  Property: Unknown Property name. [1:612: mso-table-lspace]
11-07-2024 19:20:37.431Z;errorhandler.__handle;  Property: Unknown Property name. [1:642: mso-table-rspace]
11-07-2024 19:20:37.665Z;errorhandler.__handle;  Property: Unknown Property name. [1:4734: mso-hide]
11-07-2024 19:20:37.780Z;errorhandler.__handle;  Property: Unknown Property name. [1:13: -ms-interpolation-mode]
11-07-2024 19:20:37.780Z;errorhandler.__handle;  Property: Unknown Property name. [1:49: -webkit-font-smoothing]
11-07-2024 19:20:37.792Z;errorhandler.__handle;  Property: Unknown Property name. [1:134: -ms-text-size-adjust]
11-07-2024 19:20:37.793Z;errorhandler.__handle;  Property: Unknown Property name. [1:160: -webkit-text-size-adjust]
11-07-2024 19:20:37.796Z;errorhandler.__handle;  Property: Unknown Property name. [1:26: mso-table-lspace]
11-07-2024 19:20:37.797Z;errorhandler.__handle;  Property: Unknown Property name. [1:45: mso-table-rspace]
11-07-2024 19:20:37.838Z;errorhandler.__handle;  Property: Unknown Property name. [1:92: mso-hide]
11-07-2024 19:20:37.841Z;errorhandler.__handle;  Property: No ":" after name found: align-center [1:1: align-center]
11-07-2024 19:20:37.851Z;errorhandler.__handle;  Property: No property value found: align-center [1:1: align-center]
11-07-2024 19:20:37.851Z;errorhandler.__handle;  CSSStyleDeclaration: Syntax Error in Property: align-center
11-07-2024 19:20:37.854Z;errorhandler.__handle;  Property: Unknown Property name. [1:14: -ms-interpolation-mode]
11-07-2024 19:20:40.387Z;functions.emailFinalizado;  Warning e-mail sent.
11-07-2024 19:20:40.387Z;main.<module>;  Sem Remessa Bancária com filtro forma de pagamento eletronica em branco 
 PASSO 3 FINALIZADO
11-07-2024 19:20:40.387Z;main.<module>;  O PROGRAMA SERÁ ENCERRADO
11-07-2024 19:20:41.934Z;errorhandler.__handle;  Property: Unknown Property name. [1:14: -ms-interpolation-mode]
11-07-2024 19:20:44.528Z;functions.emailFinalizado;  Warning e-mail sent.
11-07-2024 19:20:45.012Z;functions.end_RM;  RM ENCERRADO
