15-06-2024 21:00:37.160Z;functions.bot_text_art;      ____   
15-06-2024 21:00:37.160Z;functions.bot_text_art;     [____]    
15-06-2024 21:00:37.160Z;functions.bot_text_art;   |=]()()[=|  
15-06-2024 21:00:37.160Z;functions.bot_text_art;     _\==/__    _____    ____     _        _____    ___   _  __
15-06-2024 21:00:37.160Z;functions.bot_text_art;   |__|   |_|  |  _  \  / ___|   | |      |_   _| / ___| | |/ /
15-06-2024 21:00:37.160Z;functions.bot_text_art;   |_|_/\_|_|  | |  | | | |      | |        | |   | |    | ' / 
15-06-2024 21:00:37.160Z;functions.bot_text_art;   | | __ | |  | |  | | | |      | |        | |   | |    |  <  
15-06-2024 21:00:37.160Z;functions.bot_text_art;   |_|[  ]|_|  | |__| | | |____  | |____   _| |_  | |__  | . \ 
15-06-2024 21:00:37.785Z;functions.bot_text_art;   \_|_||_|_/  |_____/   \_____| |______| |_____| \ ___| |_|\_\
15-06-2024 21:00:37.785Z;functions.bot_text_art;     |_||_|                                                     
15-06-2024 21:00:37.785Z;functions.bot_text_art;     | ||_|_   
15-06-2024 21:00:37.785Z;functions.bot_text_art;   |___||___|  
15-06-2024 21:00:37.785Z;functions.bot_text_art;               
15-06-2024 21:00:37.801Z;functions.open_RM;  OPEN PROGRAM RM
15-06-2024 21:00:37.801Z;functions.caps;  DESATIVANDO CAPS
15-06-2024 21:00:37.801Z;functions.loggin_RM;  BUSCANDO LOGGIN RM
15-06-2024 21:00:56.363Z;functions.loggin_RM;  ENTER USER_NAME
15-06-2024 21:01:00.816Z;functions.loggin_RM;  ENTER PASSWORD
15-06-2024 21:01:02.129Z;functions.loggin_RM;  ENTER RM
15-06-2024 21:03:34.503Z;functions.enter_coligada;  CLICK CONTEXTO
15-06-2024 21:03:37.034Z;functions.enter_coligada;  CLICK ALTERAR MODULO DO CONTEXTO
15-06-2024 21:03:40.489Z;functions.enter_coligada;  INSERE O COLIGADA CODE = 1
15-06-2024 21:03:40.593Z;functions.enter_coligada;  APERTA TAB PARA PREENCHER O CAMPO COM A STRING: OCEANICA ENGENHARIA E CONSULTORIA S.A.
15-06-2024 21:03:42.659Z;functions.enter_coligada;  CLICK AVANÇAR NOVAMENTE
15-06-2024 21:03:44.065Z;functions.enter_coligada;  CLICK CONCLUIR
15-06-2024 21:04:51.629Z;functions.enter_coligada;  POP UP COLIGADA DESAPARECER
15-06-2024 21:04:52.534Z;functions.check_movimentacao_bancaria;  CLICK - TOTVS - LINHA RM
15-06-2024 21:04:54.159Z;functions.check_movimentacao_bancaria;  CLICK - BACK OFFICE
15-06-2024 21:04:56.783Z;functions.check_movimentacao_bancaria;  CLICK - GESTAO FINANCEIRA
15-06-2024 21:04:56.783Z;functions.movimentacao_bancaria;  AGUARDANDO 1
15-06-2024 21:05:03.627Z;functions.movimentacao_bancaria;  CLICA NA ABA MOVIMENTAÇÃO BANCARIA
15-06-2024 21:05:04.549Z;functions.waitForImage;  IMAGEM BORDERO image found.
15-06-2024 21:05:06.668Z;functions.movimentacao_bancaria;  IMAGEM BORDERO CLICADA.
15-06-2024 21:05:17.158Z;functions.waitForImage;  LICENCAS EXCEDIDAS image not found.
15-06-2024 21:05:17.847Z;functions.movimentacao_bancaria;  ENCONTROU O FILTRO DA MOVIMENTAÇÃO BANCÁRIA
15-06-2024 21:05:17.909Z;functions.movimentacao_bancaria;  CLICA NA ABA SUPERIOR DO FILTRO
15-06-2024 21:05:25.217Z;functions.movimentacao_bancaria;  SELECIONA O FILTRO HOJE
15-06-2024 21:05:45.643Z;functions.waitForImage;  FILTER CLEAN image not found.
15-06-2024 21:06:01.174Z;functions.waitForImage;  FILTER CLEAN image not found.
15-06-2024 21:06:16.768Z;functions.waitForImage;  FILTER CLEAN image not found.
15-06-2024 21:07:35.189Z;functions.movimentacao_bancaria;  SEM PROCESSAMENTO DE BORDERO
15-06-2024 21:08:00.611Z;functions.waitForImage;  FILTER CLEAN image not found.
15-06-2024 21:08:15.892Z;functions.waitForImage;  FILTER CLEAN image not found.
15-06-2024 21:08:31.173Z;functions.waitForImage;  FILTER CLEAN image not found.
15-06-2024 21:09:07.581Z;functions.processo_pagamento;  SEM REMESSA DE BORDERO AUTORIZADO
15-06-2024 21:09:08.685Z;functions.processo_pagamento;  FECHA ABA MOVIMENTAÇÕES BANCÁRIAS
15-06-2024 21:09:10.407Z;functions.enter_contas_a_pagar;  CLICK - TOTVS - LINHA RM
15-06-2024 21:09:11.845Z;functions.enter_contas_a_pagar;  CLICK - BACK OFFICE
15-06-2024 21:09:14.438Z;functions.enter_contas_a_pagar;  CLICK - GESTAO FINANCEIRA
15-06-2024 21:09:21.032Z;functions.enter_contas_a_pagar;  CLICK - CONTAS A PAGAR
15-06-2024 21:09:21.892Z;functions.waitForImage;  LANÇAMENTOS image found.
15-06-2024 21:09:24.008Z;functions.enter_contas_a_pagar;  CLICA EM LANÇAMENTOS
15-06-2024 21:09:39.469Z;functions.waitForImage;  LICENCAS EXCEDIDAS image not found.
15-06-2024 21:09:39.469Z;functions.obter_intervalo_data;  VERIFICANDO A HORA ATUAL 21
15-06-2024 21:09:39.501Z;functions.obter_intervalo_data;  Data Inicial BANCARIA antes da remoção: None
15-06-2024 21:09:39.501Z;functions.obter_intervalo_data;  Data Final BANCARIA antes da remoção: None
15-06-2024 21:09:39.501Z;functions.obter_intervalo_data;  Data Inicial BANCARIA após a remoção: None
15-06-2024 21:09:39.501Z;functions.obter_intervalo_data;  Data Final BANCARIA após a remoção: None
15-06-2024 21:09:39.501Z;functions.obter_intervalo_data;  hoje -  2024-06-15 21:09:39.501070
15-06-2024 21:09:39.501Z;functions.data_filter;  DATA INICIO 19-06-2024
15-06-2024 21:09:39.501Z;functions.data_filter;  DATA FIM 25-06-2024
15-06-2024 21:09:39.501Z;functions.data_filter;  CLICK - SELECIONA A DATA DE QUARTA FEIRA E DA PROXIMA TERÇA
15-06-2024 21:09:39.501Z;functions.data_filter;  QUARTA-FEIRA: 19-06-2024
15-06-2024 21:09:39.501Z;functions.data_filter;  TERCA-FEIRA: 25-06-2024
15-06-2024 21:09:48.751Z;functions.data_filter;  CLICK - BOTAO DE SELECAO DE FILTRO
15-06-2024 21:09:53.172Z;functions.data_filter;  INSERE - DATA DE QUARTA-FEIRA: 19-06-2024
15-06-2024 21:09:57.173Z;functions.data_filter;  INSERE - DATA DA PROX TERCA-FEIRA: 25-06-2024
15-06-2024 21:09:58.188Z;functions.data_filter;  CLICK - BOTAO DE EXECUTAR O FILTRO
15-06-2024 21:10:03.191Z;functions.desmark_filter;  AGUARDANDO 1
15-06-2024 21:10:16.032Z;functions.desmark_filter;  CLICK CHECKBOX LANÇAMENTOS A RECEBER
15-06-2024 21:10:18.179Z;functions.desmark_filter;  CLICK CHECKBOX LANÇAMENTOS BAIXADOS
15-06-2024 21:10:20.557Z;functions.desmark_filter;  CLICK CHECKBOX LANÇAMENTOS CANCELADOS
15-06-2024 21:10:23.052Z;functions.desmark_filter;  CLICK CHECKBOX LANÇAMENTOS FATURADOS
15-06-2024 21:10:25.622Z;functions.desmark_filter;  CLICK CHECKBOX LANÇAMENTOS FATURADOS
15-06-2024 21:10:30.813Z;functions.waitForImage;  FILTER CLEAN image found.
15-06-2024 21:10:32.920Z;functions.filter_clean;  CLICA NO BOTÃO X DO LIMPA FILTRO
15-06-2024 21:10:48.219Z;functions.waitForImage;  FILTER CLEAN image not found.
15-06-2024 21:11:03.531Z;functions.waitForImage;  FILTER CLEAN image not found.
15-06-2024 21:11:03.531Z;functions.check_table_record;  VERIFICANDO SE A TABELA ESTÁ VAZIA
15-06-2024 21:11:06.500Z;functions.check_table_record;  Texto extraido 1/401
15-06-2024 21:11:06.500Z;functions.check_table_record;  Count 401
15-06-2024 21:11:06.500Z;functions.check_table_record;  Type <class 'int'>
15-06-2024 21:11:06.500Z;functions.check_table_record;  TABELA CONTÉM REGISTROS
15-06-2024 21:11:18.445Z;functions.select_tipo_documento;  NOME DA COLUNA: Tipo de Documento
15-06-2024 21:11:20.234Z;functions.select_tipo_documento;  HOVER NOME DA COLUNA: Tipo de Documento
15-06-2024 21:11:21.044Z;functions.select_tipo_documento;  CLICA NO FILTRO PERSONALIZAR
15-06-2024 21:11:23.344Z;functions.select_tipo_documento;  CLICA PARA SELECIONAR OPÇÕES DO FILTRO
15-06-2024 21:11:29.784Z;functions.select_tipo_documento;  FILTRO "NÃO É IGUAL A INV" DEFINIDO
15-06-2024 21:11:30.937Z;functions.select_tipo_documento;  CLICK BUTTON CONFIRMAR FILTRO
15-06-2024 21:11:35.940Z;functions.filter_IPTE;  VERIFICANDO O COD DO CLIENTE EM CADA REGISTRO
15-06-2024 21:11:37.375Z;functions.filter_IPTE;  CLICA NA PRIMEIRA LINHA DA TABELA
15-06-2024 21:12:00.906Z;functions.filter_IPTE;  HOVER FILTER
15-06-2024 21:12:02.664Z;functions.filter_IPTE;  CLICK FILTER
15-06-2024 21:12:06.993Z;functions.filter_IPTE;  CLICA NO FILTRO PERSONALIZAR
15-06-2024 21:12:30.234Z;functions.filter_IPTE;  TABELA CONTÉM REGISTROS
15-06-2024 21:12:51.781Z;functions.filter_IPTE;  MOVIDO PRA CIMA 100 VEZES
15-06-2024 21:13:09.952Z;functions.show_exception_and_exit;  'NoneType' object has no attribute 'click'
Traceback (most recent call last):
  File "C:\Projetos_Remessas\Remessa_Bancaria\main.py", line 35, in <module>
    filter_IPTE()
  File "C:\Projetos_Remessas\Remessa_Bancaria\SUBPROGRAMS\functions.py", line 480, in filter_IPTE
    caixa_selecao.click()
    ^^^^^^^^^^^^^^^^^^^
AttributeError: 'NoneType' object has no attribute 'click'
15-06-2024 21:13:10.312Z;functions.show_exception_and_exit;  PRINT SALVO
15-06-2024 21:13:10.703Z;functions.show_exception_and_exit;  RM FECHADO
15-06-2024 21:13:13.765Z;errorhandler.__handle;  Property: Unknown Property name. [1:203: -ms-interpolation-mode]
15-06-2024 21:13:13.812Z;errorhandler.__handle;  Property: Unknown Property name. [1:353: -webkit-font-smoothing]
15-06-2024 21:13:13.812Z;errorhandler.__handle;  Property: Unknown Property name. [1:483: -ms-text-size-adjust]
15-06-2024 21:13:13.812Z;errorhandler.__handle;  Property: Unknown Property name. [1:518: -webkit-text-size-adjust]
15-06-2024 21:13:13.828Z;errorhandler.__handle;  Property: Unknown Property name. [1:612: mso-table-lspace]
15-06-2024 21:13:13.828Z;errorhandler.__handle;  Property: Unknown Property name. [1:642: mso-table-rspace]
15-06-2024 21:13:14.062Z;errorhandler.__handle;  Property: Unknown Property name. [1:4734: mso-hide]
15-06-2024 21:13:14.156Z;errorhandler.__handle;  Property: Unknown Property name. [1:13: -ms-interpolation-mode]
15-06-2024 21:13:14.171Z;errorhandler.__handle;  Property: Unknown Property name. [1:49: -webkit-font-smoothing]
15-06-2024 21:13:14.171Z;errorhandler.__handle;  Property: Unknown Property name. [1:134: -ms-text-size-adjust]
15-06-2024 21:13:14.171Z;errorhandler.__handle;  Property: Unknown Property name. [1:160: -webkit-text-size-adjust]
15-06-2024 21:13:14.171Z;errorhandler.__handle;  Property: Unknown Property name. [1:26: mso-table-lspace]
15-06-2024 21:13:14.171Z;errorhandler.__handle;  Property: Unknown Property name. [1:45: mso-table-rspace]
15-06-2024 21:13:14.218Z;errorhandler.__handle;  Property: Unknown Property name. [1:92: mso-hide]
15-06-2024 21:13:14.218Z;errorhandler.__handle;  Property: No ":" after name found: align-center [1:1: align-center]
15-06-2024 21:13:14.218Z;errorhandler.__handle;  Property: No property value found: align-center [1:1: align-center]
15-06-2024 21:13:14.218Z;errorhandler.__handle;  CSSStyleDeclaration: Syntax Error in Property: align-center
15-06-2024 21:13:14.234Z;errorhandler.__handle;  Property: Unknown Property name. [1:14: -ms-interpolation-mode]
15-06-2024 21:13:17.499Z;functions.show_exception_and_exit;  EMAIL EXCEÇÃO ENVIADO
