06-11-2023 17:23:13.946Z;functions.bot_text_art;      ____   
06-11-2023 17:23:13.946Z;functions.bot_text_art;     [____]    
06-11-2023 17:23:13.946Z;functions.bot_text_art;   |=]()()[=|  
06-11-2023 17:23:13.946Z;functions.bot_text_art;     _\==/__    _____    ____     _        _____    ___   _  __
06-11-2023 17:23:13.947Z;functions.bot_text_art;   |__|   |_|  |  _  \  / ___|   | |      |_   _| / ___| | |/ /
06-11-2023 17:23:13.947Z;functions.bot_text_art;   |_|_/\_|_|  | |  | | | |      | |        | |   | |    | ' / 
06-11-2023 17:23:13.947Z;functions.bot_text_art;   | | __ | |  | |  | | | |      | |        | |   | |    |  <  
06-11-2023 17:23:13.948Z;functions.bot_text_art;   |_|[  ]|_|  | |__| | | |____  | |____   _| |_  | |__  | . \ 
06-11-2023 17:23:13.949Z;functions.bot_text_art;   \_|_||_|_/  |_____/   \_____| |______| |_____| \ ___| |_|\_\
06-11-2023 17:23:13.949Z;functions.bot_text_art;     |_||_|                                                     
06-11-2023 17:23:13.950Z;functions.bot_text_art;     | ||_|_   
06-11-2023 17:23:13.950Z;functions.bot_text_art;   |___||___|  
06-11-2023 17:23:13.950Z;functions.bot_text_art;               
06-11-2023 17:23:13.954Z;functions.open_RM;  OPEN PROGRAM RM
06-11-2023 17:23:20.999Z;functions.loggin_RM;  ENTER USER_NAME
06-11-2023 17:23:21.799Z;functions.loggin_RM;  ENTER PASSWORD
06-11-2023 17:23:22.465Z;functions.loggin_RM;  ENTER RM
06-11-2023 17:23:42.505Z;functions.enter_coligada;  CLICK CONTEXTO
06-11-2023 17:23:46.365Z;functions.enter_coligada;  CLICK COLIGADA 1
06-11-2023 17:23:47.525Z;functions.enter_coligada;  CLICK AVANÇAR
06-11-2023 17:23:49.300Z;functions.enter_coligada;  INSERE O COLIGADA CODE = 1
06-11-2023 17:23:49.401Z;functions.enter_coligada;  APERTA TAB PARA PREENCHER O CAMPO COM A STRING: OCEANICA ENGENHARIA E CONSULTORIA S.A.
06-11-2023 17:23:50.369Z;functions.enter_coligada;  CLICK AVANÇAR NOVAMENTE
06-11-2023 17:23:51.247Z;functions.enter_coligada;  CLICK CONCLUIR
06-11-2023 17:24:01.840Z;functions.enter_coligada;  POP UP COLIGADA DESAPARECER
06-11-2023 17:24:02.460Z;functions.enter_contas_a_pagar;  CLICK - TOTVS - LINHA RM
06-11-2023 17:24:03.533Z;functions.enter_contas_a_pagar;  CLICK - BACK OFFICE
06-11-2023 17:24:05.852Z;functions.enter_contas_a_pagar;  CLICK - GESTAO FINANCEIRA
06-11-2023 17:24:11.113Z;functions.enter_contas_a_pagar;  CLICK - CONTAS A PAGAR
06-11-2023 17:24:11.219Z;functions.waitForImage;  LANÇAMENTOS image found.
06-11-2023 17:24:13.321Z;functions.enter_contas_a_pagar;  CLICA EM LANÇAMENTOS
06-11-2023 17:24:15.322Z;functions.data_filter;  CLICK - SELECIONA A DATA DE QUARTA FEIRA E DA PROXIMA TERÇA
06-11-2023 17:24:15.323Z;functions.data_filter;  QUARTA-FEIRA: 08-11-2023
06-11-2023 17:24:15.323Z;functions.data_filter;  TERCA-FEIRA: 14-11-2023
06-11-2023 17:24:20.884Z;functions.data_filter;  ESCREVE REMESSA BANCÁRIA NO FILTRO
06-11-2023 17:24:21.503Z;functions.data_filter;  CLICK - BUTÃO DE SELECAO DE FILTRO
06-11-2023 17:24:23.448Z;functions.data_filter;  INSERE - DATA DE QUARTA-FEIRA: 08-11-2023
06-11-2023 17:24:25.041Z;functions.data_filter;  INSERE - DATA DA PROX TERCA-FEIRA: 14-11-2023
06-11-2023 17:24:25.660Z;functions.data_filter;  CLICK - BUTÃO DE EXECUTAR O FILTRO
06-11-2023 17:24:50.761Z;functions.select_tipo_documento;  NOME DA COLUNA: Tipo de Documento
06-11-2023 17:24:50.812Z;functions.waitForImage;  FILTER CLEAN image found.
06-11-2023 17:24:52.937Z;functions.filter_clean;  CLICA NO BOTÃO X DO LIMPA FILTRO
06-11-2023 17:24:55.733Z;functions.select_tipo_documento;  NOME DA COLUNA: Tipo de Documento
06-11-2023 17:24:56.963Z;functions.select_tipo_documento;  HOVER NOME DA COLUNA: Tipo de Documento
06-11-2023 17:24:57.095Z;functions.select_tipo_documento;  CLICA PARA APARECER O FILTRO PERSONALIZAR
06-11-2023 17:24:57.403Z;functions.select_tipo_documento;  CLICA NO FILTRO PERSONALIZAR
06-11-2023 17:24:58.263Z;functions.select_tipo_documento;  CLICA PARA SELECIONAR OPÇÕES DO FILTRO
06-11-2023 17:25:05.288Z;functions.select_tipo_documento;  CLICK BUTTON CONFIRMAR FILTRO
06-11-2023 17:25:06.231Z;functions.desmark_filter;  CLICK CHECKBOX LANÇAMENTOS A RECEBER
06-11-2023 17:25:07.009Z;functions.desmark_filter;  CLICK CHECKBOX LANÇAMENTOS BAIXADOS
06-11-2023 17:25:07.839Z;functions.desmark_filter;  CLICK CHECKBOX LANÇAMENTOS CANCELADOS
06-11-2023 17:25:08.720Z;functions.desmark_filter;  CLICK CHECKBOX LANÇAMENTOS FATURADOS
06-11-2023 17:25:09.586Z;functions.desmark_filter;  CLICK CHECKBOX LANÇAMENTOS FATURADOS
06-11-2023 17:25:10.413Z;functions.filter_IPTE;  CLICK NA PRIMEIRA LINHA E COLUNA DA TABELA
06-11-2023 17:25:25.300Z;functions.filter_IPTE;  147 PASSOS PARA DIREITA NA TABELA >>
06-11-2023 17:25:27.309Z;functions.filter_IPTE;  HOVER FILTER
06-11-2023 17:25:27.442Z;functions.filter_IPTE;  CLICK FILTER
06-11-2023 17:25:31.752Z;functions.filter_IPTE;  CLICA NO FILTRO PERSONALIZAR
06-11-2023 17:25:38.537Z;functions.check_table_record;  APERTA NÃO
06-11-2023 17:25:38.538Z;functions.check_table_record;  FOI ENCONTRADO REGISTROS DE BOLETO BANCÁRIO
06-11-2023 17:25:38.539Z;functions.check_table_record;  ['28']
06-11-2023 17:25:39.296Z;functions.check_table_record;  SELECIONA TODOS OS LANÇAMENTOS PARA SEREM PROCESSADOS
06-11-2023 17:25:40.321Z;functions.check_table_record;  ABRE A NOTA
06-11-2023 17:25:45.215Z;functions.waitForImage;  INTEGRAÇÃO BANCÁRIA image found.
06-11-2023 17:25:47.333Z;functions.check_payment_type;  CLICA EM INTEGRAÇÃO BANCÁRIA
06-11-2023 17:25:49.398Z;functions.waitForImage;  BOLETO image found.
06-11-2023 17:25:51.529Z;functions.check_payment_type;  CLICA NO BOLETO
06-11-2023 17:25:53.590Z;functions.waitForImage;  PRESS BUTTON OK image found.
06-11-2023 17:25:55.591Z;functions.check_payment_type;  FORMA DE PAGAMENTO: TITULO DE COBRANÇA (BOLETO)
06-11-2023 17:25:57.651Z;functions.waitForImage;  PRESS BUTTON OK image found.
06-11-2023 17:25:59.770Z;functions.check_payment_type;  PRESS BUTTON OK
06-11-2023 17:26:01.822Z;functions.waitForImage;  PRESS BUTTON OK 2 image found.
06-11-2023 17:26:03.930Z;functions.check_payment_type;  PRESS BUTTON OK 2
06-11-2023 17:26:24.299Z;functions.waitForImage;  PRESS BUTTON OK 2 image not found.
06-11-2023 17:26:26.404Z;functions.check_table_record;  PRESS BUTTON DOWN
06-11-2023 17:26:28.509Z;functions.check_table_record;  ENTRANDO NO PRÓXIMO BOLETO
06-11-2023 17:26:32.576Z;functions.waitForImage;  INTEGRAÇÃO BANCÁRIA image found.
06-11-2023 17:26:34.691Z;functions.check_payment_type;  CLICA EM INTEGRAÇÃO BANCÁRIA
06-11-2023 17:26:36.751Z;functions.waitForImage;  BOLETO image found.
06-11-2023 17:26:38.873Z;functions.check_payment_type;  CLICA NO BOLETO
06-11-2023 17:26:40.936Z;functions.waitForImage;  PRESS BUTTON OK image found.
06-11-2023 17:26:42.936Z;functions.check_payment_type;  FORMA DE PAGAMENTO: TITULO DE COBRANÇA (BOLETO)
06-11-2023 17:26:44.995Z;functions.waitForImage;  PRESS BUTTON OK image found.
06-11-2023 17:26:47.125Z;functions.check_payment_type;  PRESS BUTTON OK
06-11-2023 17:26:49.196Z;functions.waitForImage;  PRESS BUTTON OK 2 image found.
06-11-2023 17:26:51.312Z;functions.check_payment_type;  PRESS BUTTON OK 2
06-11-2023 17:27:11.627Z;functions.waitForImage;  PRESS BUTTON OK 2 image not found.
06-11-2023 17:27:13.731Z;functions.check_table_record;  PRESS BUTTON DOWN
06-11-2023 17:27:15.835Z;functions.check_table_record;  ENTRANDO NO PRÓXIMO BOLETO
06-11-2023 17:27:19.938Z;functions.waitForImage;  INTEGRAÇÃO BANCÁRIA image found.
06-11-2023 17:27:22.069Z;functions.check_payment_type;  CLICA EM INTEGRAÇÃO BANCÁRIA
06-11-2023 17:27:24.137Z;functions.waitForImage;  BOLETO image found.
06-11-2023 17:27:26.260Z;functions.check_payment_type;  CLICA NO BOLETO
06-11-2023 17:27:28.329Z;functions.waitForImage;  PRESS BUTTON OK image found.
06-11-2023 17:27:30.329Z;functions.check_payment_type;  FORMA DE PAGAMENTO: TITULO DE COBRANÇA (BOLETO)
06-11-2023 17:27:32.403Z;functions.waitForImage;  PRESS BUTTON OK image found.
06-11-2023 17:27:34.536Z;functions.check_payment_type;  PRESS BUTTON OK
06-11-2023 17:27:36.587Z;functions.waitForImage;  PRESS BUTTON OK 2 image found.
06-11-2023 17:27:38.713Z;functions.check_payment_type;  PRESS BUTTON OK 2
06-11-2023 17:27:59.101Z;functions.waitForImage;  PRESS BUTTON OK 2 image not found.
06-11-2023 17:28:01.205Z;functions.check_table_record;  PRESS BUTTON DOWN
06-11-2023 17:28:03.307Z;functions.check_table_record;  ENTRANDO NO PRÓXIMO BOLETO
06-11-2023 17:28:07.370Z;functions.waitForImage;  INTEGRAÇÃO BANCÁRIA image found.
06-11-2023 17:28:09.501Z;functions.check_payment_type;  CLICA EM INTEGRAÇÃO BANCÁRIA
06-11-2023 17:28:11.558Z;functions.waitForImage;  BOLETO image found.
06-11-2023 17:28:13.678Z;functions.check_payment_type;  CLICA NO BOLETO
06-11-2023 17:28:15.750Z;functions.waitForImage;  PRESS BUTTON OK image found.
06-11-2023 17:28:17.751Z;functions.check_payment_type;  FORMA DE PAGAMENTO: TITULO DE COBRANÇA (BOLETO)
06-11-2023 17:28:19.812Z;functions.waitForImage;  PRESS BUTTON OK image found.
06-11-2023 17:28:21.946Z;functions.check_payment_type;  PRESS BUTTON OK
06-11-2023 17:28:23.990Z;functions.waitForImage;  PRESS BUTTON OK 2 image found.
06-11-2023 17:28:26.106Z;functions.check_payment_type;  PRESS BUTTON OK 2
06-11-2023 17:28:46.566Z;functions.waitForImage;  PRESS BUTTON OK 2 image not found.
06-11-2023 17:28:48.670Z;functions.check_table_record;  PRESS BUTTON DOWN
06-11-2023 17:28:50.773Z;functions.check_table_record;  ENTRANDO NO PRÓXIMO BOLETO
06-11-2023 17:28:54.822Z;functions.waitForImage;  INTEGRAÇÃO BANCÁRIA image found.
06-11-2023 17:28:56.949Z;functions.check_payment_type;  CLICA EM INTEGRAÇÃO BANCÁRIA
06-11-2023 17:28:59.006Z;functions.waitForImage;  BOLETO image found.
06-11-2023 17:29:01.124Z;functions.check_payment_type;  CLICA NO BOLETO
06-11-2023 17:29:03.193Z;functions.waitForImage;  PRESS BUTTON OK image found.
06-11-2023 17:29:05.194Z;functions.check_payment_type;  FORMA DE PAGAMENTO: TITULO DE COBRANÇA (BOLETO)
06-11-2023 17:29:07.261Z;functions.waitForImage;  PRESS BUTTON OK image found.
06-11-2023 17:29:09.386Z;functions.check_payment_type;  PRESS BUTTON OK
06-11-2023 17:29:11.442Z;functions.waitForImage;  PRESS BUTTON OK 2 image found.
06-11-2023 17:29:13.574Z;functions.check_payment_type;  PRESS BUTTON OK 2
06-11-2023 17:29:34.012Z;functions.waitForImage;  PRESS BUTTON OK 2 image not found.
06-11-2023 17:29:36.117Z;functions.check_table_record;  PRESS BUTTON DOWN
06-11-2023 17:29:38.220Z;functions.check_table_record;  ENTRANDO NO PRÓXIMO BOLETO
06-11-2023 17:29:42.289Z;functions.waitForImage;  INTEGRAÇÃO BANCÁRIA image found.
06-11-2023 17:29:44.394Z;functions.check_payment_type;  CLICA EM INTEGRAÇÃO BANCÁRIA
06-11-2023 17:29:46.457Z;functions.waitForImage;  BOLETO image found.
06-11-2023 17:29:48.588Z;functions.check_payment_type;  CLICA NO BOLETO
06-11-2023 17:29:50.650Z;functions.waitForImage;  PRESS BUTTON OK image found.
06-11-2023 17:29:52.652Z;functions.check_payment_type;  FORMA DE PAGAMENTO: TITULO DE COBRANÇA (BOLETO)
06-11-2023 17:29:54.714Z;functions.waitForImage;  PRESS BUTTON OK image found.
06-11-2023 17:29:56.834Z;functions.check_payment_type;  PRESS BUTTON OK
06-11-2023 17:29:58.902Z;functions.waitForImage;  PRESS BUTTON OK 2 image found.
06-11-2023 17:30:01.018Z;functions.check_payment_type;  PRESS BUTTON OK 2
06-11-2023 17:30:21.319Z;functions.waitForImage;  PRESS BUTTON OK 2 image not found.
06-11-2023 17:30:23.423Z;functions.check_table_record;  PRESS BUTTON DOWN
06-11-2023 17:30:25.526Z;functions.check_table_record;  ENTRANDO NO PRÓXIMO BOLETO
06-11-2023 17:30:29.589Z;functions.waitForImage;  INTEGRAÇÃO BANCÁRIA image found.
06-11-2023 17:30:31.695Z;functions.check_payment_type;  CLICA EM INTEGRAÇÃO BANCÁRIA
06-11-2023 17:30:33.761Z;functions.waitForImage;  BOLETO image found.
06-11-2023 17:30:35.881Z;functions.check_payment_type;  CLICA NO BOLETO
06-11-2023 17:30:37.951Z;functions.waitForImage;  PRESS BUTTON OK image found.
06-11-2023 17:30:39.952Z;functions.check_payment_type;  FORMA DE PAGAMENTO: TITULO DE COBRANÇA (BOLETO)
06-11-2023 17:30:42.012Z;functions.waitForImage;  PRESS BUTTON OK image found.
06-11-2023 17:30:44.132Z;functions.check_payment_type;  PRESS BUTTON OK
06-11-2023 17:30:46.199Z;functions.waitForImage;  PRESS BUTTON OK 2 image found.
06-11-2023 17:30:48.317Z;functions.check_payment_type;  PRESS BUTTON OK 2
06-11-2023 17:31:08.627Z;functions.waitForImage;  PRESS BUTTON OK 2 image not found.
06-11-2023 17:31:08.629Z;functions.show_exception_and_exit;  Error code from Windows: 0 - A operação foi concluída com êxito.
Traceback (most recent call last):
  File "c:\Projetos\Remessas_Bancarias\main.py", line 19, in <module>
    check_table_record()
  File "c:\Projetos\Remessas_Bancarias\SUBPROGRAMS\functions.py", line 339, in check_table_record
    check_payment_type()
  File "c:\Projetos\Remessas_Bancarias\SUBPROGRAMS\functions.py", line 441, in check_payment_type
    window.activate()
  File "C:\Projetos\Remessas_Bancarias\venv\Lib\site-packages\pygetwindow\_pygetwindow_win.py", line 246, in activate
    _raiseWithLastError()
  File "C:\Projetos\Remessas_Bancarias\venv\Lib\site-packages\pygetwindow\_pygetwindow_win.py", line 99, in _raiseWithLastError
    raise PyGetWindowException('Error code from Windows: %s - %s' % (errorCode, _formatMessage(errorCode)))
pygetwindow.PyGetWindowException: Error code from Windows: 0 - A operação foi concluída com êxito.
