06-11-2023 17:46:25.360Z;functions.bot_text_art;      ____   
06-11-2023 17:46:25.360Z;functions.bot_text_art;     [____]    
06-11-2023 17:46:25.360Z;functions.bot_text_art;   |=]()()[=|  
06-11-2023 17:46:25.360Z;functions.bot_text_art;     _\==/__    _____    ____     _        _____    ___   _  __
06-11-2023 17:46:25.360Z;functions.bot_text_art;   |__|   |_|  |  _  \  / ___|   | |      |_   _| / ___| | |/ /
06-11-2023 17:46:25.361Z;functions.bot_text_art;   |_|_/\_|_|  | |  | | | |      | |        | |   | |    | ' / 
06-11-2023 17:46:25.361Z;functions.bot_text_art;   | | __ | |  | |  | | | |      | |        | |   | |    |  <  
06-11-2023 17:46:25.361Z;functions.bot_text_art;   |_|[  ]|_|  | |__| | | |____  | |____   _| |_  | |__  | . \ 
06-11-2023 17:46:25.362Z;functions.bot_text_art;   \_|_||_|_/  |_____/   \_____| |______| |_____| \ ___| |_|\_\
06-11-2023 17:46:25.363Z;functions.bot_text_art;     |_||_|                                                     
06-11-2023 17:46:25.363Z;functions.bot_text_art;     | ||_|_   
06-11-2023 17:46:25.364Z;functions.bot_text_art;   |___||___|  
06-11-2023 17:46:25.364Z;functions.bot_text_art;               
06-11-2023 17:46:25.367Z;functions.open_RM;  OPEN PROGRAM RM
06-11-2023 17:46:32.304Z;functions.loggin_RM;  ENTER USER_NAME
06-11-2023 17:46:33.125Z;functions.loggin_RM;  ENTER PASSWORD
06-11-2023 17:46:33.800Z;functions.loggin_RM;  ENTER RM
06-11-2023 17:46:53.976Z;functions.enter_coligada;  CLICK CONTEXTO
06-11-2023 17:46:57.874Z;functions.enter_coligada;  CLICK COLIGADA 1
06-11-2023 17:46:59.272Z;functions.enter_coligada;  CLICK AVANÇAR
06-11-2023 17:47:01.041Z;functions.enter_coligada;  INSERE O COLIGADA CODE = 1
06-11-2023 17:47:01.142Z;functions.enter_coligada;  APERTA TAB PARA PREENCHER O CAMPO COM A STRING: OCEANICA ENGENHARIA E CONSULTORIA S.A.
06-11-2023 17:47:02.102Z;functions.enter_coligada;  CLICK AVANÇAR NOVAMENTE
06-11-2023 17:47:02.995Z;functions.enter_coligada;  CLICK CONCLUIR
06-11-2023 17:47:13.628Z;functions.enter_coligada;  POP UP COLIGADA DESAPARECER
06-11-2023 17:47:14.245Z;functions.enter_contas_a_pagar;  CLICK - TOTVS - LINHA RM
06-11-2023 17:47:15.299Z;functions.enter_contas_a_pagar;  CLICK - BACK OFFICE
06-11-2023 17:47:17.605Z;functions.enter_contas_a_pagar;  CLICK - GESTAO FINANCEIRA
06-11-2023 17:47:22.813Z;functions.enter_contas_a_pagar;  CLICK - CONTAS A PAGAR
06-11-2023 17:47:22.904Z;functions.waitForImage;  LANÇAMENTOS image found.
06-11-2023 17:47:25.006Z;functions.enter_contas_a_pagar;  CLICA EM LANÇAMENTOS
06-11-2023 17:47:27.008Z;functions.data_filter;  CLICK - SELECIONA A DATA DE QUARTA FEIRA E DA PROXIMA TERÇA
06-11-2023 17:47:27.008Z;functions.data_filter;  QUARTA-FEIRA: 08-11-2023
06-11-2023 17:47:27.008Z;functions.data_filter;  TERCA-FEIRA: 14-11-2023
06-11-2023 17:47:32.582Z;functions.data_filter;  ESCREVE REMESSA BANCÁRIA NO FILTRO
06-11-2023 17:47:33.200Z;functions.data_filter;  CLICK - BUTÃO DE SELECAO DE FILTRO
06-11-2023 17:47:35.125Z;functions.data_filter;  INSERE - DATA DE QUARTA-FEIRA: 08-11-2023
06-11-2023 17:47:36.739Z;functions.data_filter;  INSERE - DATA DA PROX TERCA-FEIRA: 14-11-2023
06-11-2023 17:47:37.357Z;functions.data_filter;  CLICK - BUTÃO DE EXECUTAR O FILTRO
06-11-2023 17:48:00.264Z;functions.select_tipo_documento;  NOME DA COLUNA: Tipo de Documento
06-11-2023 17:48:00.314Z;functions.waitForImage;  FILTER CLEAN image found.
06-11-2023 17:48:02.422Z;functions.filter_clean;  CLICA NO BOTÃO X DO LIMPA FILTRO
06-11-2023 17:48:05.207Z;functions.select_tipo_documento;  NOME DA COLUNA: Tipo de Documento
06-11-2023 17:48:06.409Z;functions.select_tipo_documento;  HOVER NOME DA COLUNA: Tipo de Documento
06-11-2023 17:48:06.540Z;functions.select_tipo_documento;  CLICA PARA APARECER O FILTRO PERSONALIZAR
06-11-2023 17:48:06.884Z;functions.select_tipo_documento;  CLICA NO FILTRO PERSONALIZAR
06-11-2023 17:48:07.742Z;functions.select_tipo_documento;  CLICA PARA SELECIONAR OPÇÕES DO FILTRO
06-11-2023 17:48:14.769Z;functions.select_tipo_documento;  CLICK BUTTON CONFIRMAR FILTRO
06-11-2023 17:48:15.715Z;functions.desmark_filter;  CLICK CHECKBOX LANÇAMENTOS A RECEBER
06-11-2023 17:48:16.524Z;functions.desmark_filter;  CLICK CHECKBOX LANÇAMENTOS BAIXADOS
06-11-2023 17:48:17.349Z;functions.desmark_filter;  CLICK CHECKBOX LANÇAMENTOS CANCELADOS
06-11-2023 17:48:18.211Z;functions.desmark_filter;  CLICK CHECKBOX LANÇAMENTOS FATURADOS
06-11-2023 17:48:19.115Z;functions.desmark_filter;  CLICK CHECKBOX LANÇAMENTOS FATURADOS
06-11-2023 17:48:19.954Z;functions.filter_IPTE;  CLICK NA PRIMEIRA LINHA E COLUNA DA TABELA
06-11-2023 17:48:34.829Z;functions.filter_IPTE;  147 PASSOS PARA DIREITA NA TABELA >>
06-11-2023 17:48:36.909Z;functions.filter_IPTE;  HOVER FILTER
06-11-2023 17:48:37.042Z;functions.filter_IPTE;  CLICK FILTER
06-11-2023 17:48:41.353Z;functions.filter_IPTE;  CLICA NO FILTRO PERSONALIZAR
06-11-2023 17:48:48.118Z;functions.check_table_record;  APERTA NÃO
06-11-2023 17:48:48.119Z;functions.check_table_record;  FOI ENCONTRADO REGISTROS DE BOLETO BANCÁRIO
06-11-2023 17:48:48.120Z;functions.check_table_record;  ['28']
06-11-2023 17:48:48.924Z;functions.check_table_record;  SELECIONA TODOS OS LANÇAMENTOS PARA SEREM PROCESSADOS
06-11-2023 17:48:49.885Z;functions.check_table_record;  ABRE A NOTA
06-11-2023 17:48:54.821Z;functions.waitForImage;  INTEGRAÇÃO BANCÁRIA image found.
06-11-2023 17:48:56.931Z;functions.check_payment_type;  CLICA EM INTEGRAÇÃO BANCÁRIA
06-11-2023 17:48:58.999Z;functions.waitForImage;  BOLETO image found.
06-11-2023 17:49:01.122Z;functions.check_payment_type;  CLICA NO BOLETO
06-11-2023 17:49:03.189Z;functions.waitForImage;  PRESS BUTTON OK image found.
06-11-2023 17:49:05.190Z;functions.check_payment_type;  FORMA DE PAGAMENTO: TITULO DE COBRANÇA (BOLETO)
06-11-2023 17:49:07.256Z;functions.waitForImage;  PRESS BUTTON OK image found.
06-11-2023 17:49:09.360Z;functions.check_payment_type;  PRESS BUTTON OK
06-11-2023 17:49:11.431Z;functions.waitForImage;  PRESS BUTTON OK 2 image found.
06-11-2023 17:49:13.535Z;functions.check_payment_type;  PRESS BUTTON OK 2
06-11-2023 17:49:20.639Z;functions.check_table_record;  PRESS BUTTON DOWN
06-11-2023 17:49:22.743Z;functions.check_table_record;  ENTRANDO NO PRÓXIMO BOLETO
06-11-2023 17:49:26.801Z;functions.waitForImage;  INTEGRAÇÃO BANCÁRIA image found.
06-11-2023 17:49:28.929Z;functions.check_payment_type;  CLICA EM INTEGRAÇÃO BANCÁRIA
06-11-2023 17:49:31.002Z;functions.waitForImage;  BOLETO image found.
06-11-2023 17:49:33.127Z;functions.check_payment_type;  CLICA NO BOLETO
06-11-2023 17:49:35.191Z;functions.waitForImage;  PRESS BUTTON OK image found.
06-11-2023 17:49:37.191Z;functions.check_payment_type;  FORMA DE PAGAMENTO: TITULO DE COBRANÇA (BOLETO)
06-11-2023 17:49:39.254Z;functions.waitForImage;  PRESS BUTTON OK image found.
06-11-2023 17:49:41.381Z;functions.check_payment_type;  PRESS BUTTON OK
06-11-2023 17:49:43.450Z;functions.waitForImage;  PRESS BUTTON OK 2 image found.
06-11-2023 17:49:45.559Z;functions.check_payment_type;  PRESS BUTTON OK 2
06-11-2023 17:49:52.664Z;functions.check_table_record;  PRESS BUTTON DOWN
06-11-2023 17:49:54.767Z;functions.check_table_record;  ENTRANDO NO PRÓXIMO BOLETO
06-11-2023 17:49:58.843Z;functions.waitForImage;  INTEGRAÇÃO BANCÁRIA image found.
06-11-2023 17:50:00.976Z;functions.check_payment_type;  CLICA EM INTEGRAÇÃO BANCÁRIA
06-11-2023 17:50:03.072Z;functions.waitForImage;  BOLETO image found.
06-11-2023 17:50:05.194Z;functions.check_payment_type;  CLICA NO BOLETO
06-11-2023 17:50:07.261Z;functions.waitForImage;  PRESS BUTTON OK image found.
06-11-2023 17:50:09.262Z;functions.check_payment_type;  FORMA DE PAGAMENTO: TITULO DE COBRANÇA (BOLETO)
06-11-2023 17:50:11.328Z;functions.waitForImage;  PRESS BUTTON OK image found.
06-11-2023 17:50:13.456Z;functions.check_payment_type;  PRESS BUTTON OK
06-11-2023 17:50:15.526Z;functions.waitForImage;  PRESS BUTTON OK 2 image found.
06-11-2023 17:50:17.643Z;functions.check_payment_type;  PRESS BUTTON OK 2
06-11-2023 17:50:24.748Z;functions.check_table_record;  PRESS BUTTON DOWN
06-11-2023 17:50:26.851Z;functions.check_table_record;  ENTRANDO NO PRÓXIMO BOLETO
06-11-2023 17:50:30.922Z;functions.waitForImage;  INTEGRAÇÃO BANCÁRIA image found.
06-11-2023 17:50:33.051Z;functions.check_payment_type;  CLICA EM INTEGRAÇÃO BANCÁRIA
06-11-2023 17:50:35.123Z;functions.waitForImage;  BOLETO image found.
06-11-2023 17:50:37.252Z;functions.check_payment_type;  CLICA NO BOLETO
06-11-2023 17:50:39.320Z;functions.waitForImage;  PRESS BUTTON OK image found.
06-11-2023 17:50:41.321Z;functions.check_payment_type;  FORMA DE PAGAMENTO: TITULO DE COBRANÇA (BOLETO)
06-11-2023 17:50:43.393Z;functions.waitForImage;  PRESS BUTTON OK image found.
06-11-2023 17:50:45.514Z;functions.check_payment_type;  PRESS BUTTON OK
06-11-2023 17:50:47.573Z;functions.waitForImage;  PRESS BUTTON OK 2 image found.
06-11-2023 17:50:49.697Z;functions.check_payment_type;  PRESS BUTTON OK 2
06-11-2023 17:50:56.803Z;functions.check_table_record;  PRESS BUTTON DOWN
06-11-2023 17:50:58.906Z;functions.check_table_record;  ENTRANDO NO PRÓXIMO BOLETO
06-11-2023 17:51:02.983Z;functions.waitForImage;  INTEGRAÇÃO BANCÁRIA image found.
06-11-2023 17:51:05.093Z;functions.check_payment_type;  CLICA EM INTEGRAÇÃO BANCÁRIA
06-11-2023 17:51:07.163Z;functions.waitForImage;  BOLETO image found.
06-11-2023 17:51:09.294Z;functions.check_payment_type;  CLICA NO BOLETO
06-11-2023 17:51:11.373Z;functions.waitForImage;  PRESS BUTTON OK image found.
06-11-2023 17:51:13.375Z;functions.check_payment_type;  FORMA DE PAGAMENTO: TITULO DE COBRANÇA (BOLETO)
06-11-2023 17:51:15.439Z;functions.waitForImage;  PRESS BUTTON OK image found.
06-11-2023 17:51:17.572Z;functions.check_payment_type;  PRESS BUTTON OK
06-11-2023 17:51:19.618Z;functions.waitForImage;  PRESS BUTTON OK 2 image found.
06-11-2023 17:51:21.738Z;functions.check_payment_type;  PRESS BUTTON OK 2
06-11-2023 17:51:28.847Z;functions.check_table_record;  PRESS BUTTON DOWN
06-11-2023 17:51:30.951Z;functions.check_table_record;  ENTRANDO NO PRÓXIMO BOLETO
06-11-2023 17:51:35.006Z;functions.waitForImage;  INTEGRAÇÃO BANCÁRIA image found.
06-11-2023 17:51:37.116Z;functions.check_payment_type;  CLICA EM INTEGRAÇÃO BANCÁRIA
06-11-2023 17:51:39.181Z;functions.waitForImage;  BOLETO image found.
06-11-2023 17:51:41.300Z;functions.check_payment_type;  CLICA NO BOLETO
06-11-2023 17:51:43.365Z;functions.waitForImage;  PRESS BUTTON OK image found.
06-11-2023 17:51:45.367Z;functions.check_payment_type;  FORMA DE PAGAMENTO: TITULO DE COBRANÇA (BOLETO)
06-11-2023 17:51:47.434Z;functions.waitForImage;  PRESS BUTTON OK image found.
06-11-2023 17:51:49.564Z;functions.check_payment_type;  PRESS BUTTON OK
06-11-2023 17:51:51.615Z;functions.waitForImage;  PRESS BUTTON OK 2 image found.
06-11-2023 17:51:53.723Z;functions.check_payment_type;  PRESS BUTTON OK 2
06-11-2023 17:52:00.830Z;functions.check_table_record;  PRESS BUTTON DOWN
06-11-2023 17:52:02.932Z;functions.check_table_record;  ENTRANDO NO PRÓXIMO BOLETO
06-11-2023 17:52:06.995Z;functions.waitForImage;  INTEGRAÇÃO BANCÁRIA image found.
06-11-2023 17:52:09.100Z;functions.check_payment_type;  CLICA EM INTEGRAÇÃO BANCÁRIA
06-11-2023 17:52:11.166Z;functions.waitForImage;  BOLETO image found.
06-11-2023 17:52:13.291Z;functions.check_payment_type;  CLICA NO BOLETO
06-11-2023 17:52:15.354Z;functions.waitForImage;  PRESS BUTTON OK image found.
06-11-2023 17:52:17.355Z;functions.check_payment_type;  FORMA DE PAGAMENTO: TITULO DE COBRANÇA (BOLETO)
06-11-2023 17:52:19.432Z;functions.waitForImage;  PRESS BUTTON OK image found.
06-11-2023 17:52:21.550Z;functions.check_payment_type;  PRESS BUTTON OK
06-11-2023 17:52:23.609Z;functions.waitForImage;  PRESS BUTTON OK 2 image found.
06-11-2023 17:52:25.723Z;functions.check_payment_type;  PRESS BUTTON OK 2
06-11-2023 17:52:32.827Z;functions.check_table_record;  PRESS BUTTON DOWN
06-11-2023 17:52:34.930Z;functions.check_table_record;  ENTRANDO NO PRÓXIMO BOLETO
06-11-2023 17:52:38.996Z;functions.waitForImage;  INTEGRAÇÃO BANCÁRIA image found.
06-11-2023 17:52:41.114Z;functions.check_payment_type;  CLICA EM INTEGRAÇÃO BANCÁRIA
06-11-2023 17:52:43.185Z;functions.waitForImage;  BOLETO image found.
06-11-2023 17:52:45.316Z;functions.check_payment_type;  CLICA NO BOLETO
06-11-2023 17:52:47.381Z;functions.waitForImage;  PRESS BUTTON OK image found.
06-11-2023 17:52:49.383Z;functions.check_payment_type;  FORMA DE PAGAMENTO: TITULO DE COBRANÇA (BOLETO)
06-11-2023 17:52:51.449Z;functions.waitForImage;  PRESS BUTTON OK image found.
06-11-2023 17:52:53.581Z;functions.check_payment_type;  PRESS BUTTON OK
06-11-2023 17:52:55.630Z;functions.waitForImage;  PRESS BUTTON OK 2 image found.
06-11-2023 17:52:57.759Z;functions.check_payment_type;  PRESS BUTTON OK 2
06-11-2023 17:53:04.864Z;functions.check_table_record;  PRESS BUTTON DOWN
06-11-2023 17:53:06.968Z;functions.check_table_record;  ENTRANDO NO PRÓXIMO BOLETO
06-11-2023 17:53:11.017Z;functions.waitForImage;  INTEGRAÇÃO BANCÁRIA image found.
06-11-2023 17:53:13.146Z;functions.check_payment_type;  CLICA EM INTEGRAÇÃO BANCÁRIA
06-11-2023 17:53:15.217Z;functions.waitForImage;  BOLETO image found.
06-11-2023 17:53:17.340Z;functions.check_payment_type;  CLICA NO BOLETO
06-11-2023 17:53:19.415Z;functions.waitForImage;  PRESS BUTTON OK image found.
06-11-2023 17:53:21.416Z;functions.check_payment_type;  FORMA DE PAGAMENTO: TITULO DE COBRANÇA (BOLETO)
06-11-2023 17:53:23.488Z;functions.waitForImage;  PRESS BUTTON OK image found.
06-11-2023 17:53:25.621Z;functions.check_payment_type;  PRESS BUTTON OK
06-11-2023 17:53:27.689Z;functions.waitForImage;  PRESS BUTTON OK 2 image found.
06-11-2023 17:53:29.800Z;functions.check_payment_type;  PRESS BUTTON OK 2
06-11-2023 17:53:36.904Z;functions.check_table_record;  PRESS BUTTON DOWN
06-11-2023 17:53:39.007Z;functions.check_table_record;  ENTRANDO NO PRÓXIMO BOLETO
06-11-2023 17:53:43.051Z;functions.waitForImage;  INTEGRAÇÃO BANCÁRIA image found.
06-11-2023 17:53:45.159Z;functions.check_payment_type;  CLICA EM INTEGRAÇÃO BANCÁRIA
06-11-2023 17:53:47.230Z;functions.waitForImage;  BOLETO image found.
06-11-2023 17:53:49.363Z;functions.check_payment_type;  CLICA NO BOLETO
06-11-2023 17:53:51.426Z;functions.waitForImage;  PRESS BUTTON OK image found.
06-11-2023 17:53:53.428Z;functions.check_payment_type;  FORMA DE PAGAMENTO: TITULO DE COBRANÇA (BOLETO)
06-11-2023 17:53:55.491Z;functions.waitForImage;  PRESS BUTTON OK image found.
06-11-2023 17:53:57.612Z;functions.check_payment_type;  PRESS BUTTON OK
06-11-2023 17:53:59.682Z;functions.waitForImage;  PRESS BUTTON OK 2 image found.
06-11-2023 17:54:01.805Z;functions.check_payment_type;  PRESS BUTTON OK 2
06-11-2023 17:54:08.910Z;functions.check_table_record;  PRESS BUTTON DOWN
06-11-2023 17:54:11.013Z;functions.check_table_record;  ENTRANDO NO PRÓXIMO BOLETO
06-11-2023 17:54:15.094Z;functions.waitForImage;  INTEGRAÇÃO BANCÁRIA image found.
06-11-2023 17:54:17.212Z;functions.check_payment_type;  CLICA EM INTEGRAÇÃO BANCÁRIA
06-11-2023 17:54:19.275Z;functions.waitForImage;  BOLETO image found.
06-11-2023 17:54:21.393Z;functions.check_payment_type;  CLICA NO BOLETO
06-11-2023 17:54:23.451Z;functions.waitForImage;  PRESS BUTTON OK image found.
06-11-2023 17:54:25.452Z;functions.check_payment_type;  FORMA DE PAGAMENTO: TITULO DE COBRANÇA (BOLETO)
06-11-2023 17:54:27.527Z;functions.waitForImage;  PRESS BUTTON OK image found.
06-11-2023 17:54:29.640Z;functions.check_payment_type;  PRESS BUTTON OK
06-11-2023 17:54:31.711Z;functions.waitForImage;  PRESS BUTTON OK 2 image found.
06-11-2023 17:54:33.865Z;functions.check_payment_type;  PRESS BUTTON OK 2
06-11-2023 17:54:40.978Z;functions.check_table_record;  PRESS BUTTON DOWN
06-11-2023 17:54:43.080Z;functions.check_table_record;  ENTRANDO NO PRÓXIMO BOLETO
06-11-2023 17:54:47.139Z;functions.waitForImage;  INTEGRAÇÃO BANCÁRIA image found.
06-11-2023 17:54:49.242Z;functions.check_payment_type;  CLICA EM INTEGRAÇÃO BANCÁRIA
06-11-2023 17:54:51.306Z;functions.waitForImage;  BOLETO image found.
06-11-2023 17:54:53.434Z;functions.check_payment_type;  CLICA NO BOLETO
06-11-2023 17:54:55.499Z;functions.waitForImage;  PRESS BUTTON OK image found.
06-11-2023 17:54:57.500Z;functions.check_payment_type;  FORMA DE PAGAMENTO: TITULO DE COBRANÇA (BOLETO)
06-11-2023 17:54:59.566Z;functions.waitForImage;  PRESS BUTTON OK image found.
06-11-2023 17:55:01.686Z;functions.check_payment_type;  PRESS BUTTON OK
06-11-2023 17:55:03.757Z;functions.waitForImage;  PRESS BUTTON OK 2 image found.
06-11-2023 17:55:05.866Z;functions.check_payment_type;  PRESS BUTTON OK 2
06-11-2023 17:55:12.969Z;functions.check_table_record;  PRESS BUTTON DOWN
06-11-2023 17:55:15.072Z;functions.check_table_record;  ENTRANDO NO PRÓXIMO BOLETO
06-11-2023 17:55:19.137Z;functions.waitForImage;  INTEGRAÇÃO BANCÁRIA image found.
06-11-2023 17:55:21.253Z;functions.check_payment_type;  CLICA EM INTEGRAÇÃO BANCÁRIA
06-11-2023 17:55:23.325Z;functions.waitForImage;  BOLETO image found.
06-11-2023 17:55:25.456Z;functions.check_payment_type;  CLICA NO BOLETO
06-11-2023 17:55:27.518Z;functions.waitForImage;  PRESS BUTTON OK image found.
06-11-2023 17:55:29.519Z;functions.check_payment_type;  FORMA DE PAGAMENTO: TITULO DE COBRANÇA (BOLETO)
06-11-2023 17:55:31.577Z;functions.waitForImage;  PRESS BUTTON OK image found.
06-11-2023 17:55:33.702Z;functions.check_payment_type;  PRESS BUTTON OK
06-11-2023 17:55:35.756Z;functions.waitForImage;  PRESS BUTTON OK 2 image found.
06-11-2023 17:55:37.870Z;functions.check_payment_type;  PRESS BUTTON OK 2
06-11-2023 17:55:44.976Z;functions.check_table_record;  PRESS BUTTON DOWN
06-11-2023 17:55:47.079Z;functions.check_table_record;  ENTRANDO NO PRÓXIMO BOLETO
06-11-2023 17:55:51.143Z;functions.waitForImage;  INTEGRAÇÃO BANCÁRIA image found.
06-11-2023 17:55:53.261Z;functions.check_payment_type;  CLICA EM INTEGRAÇÃO BANCÁRIA
06-11-2023 17:56:05.440Z;functions.waitForImage;  BOLETO image not found.
06-11-2023 17:56:15.740Z;functions.waitForImage;  BOLETO MINUSCULO image not found.
06-11-2023 17:56:26.018Z;functions.waitForImage;  BOLETO MINUSCULO HABILITADO image not found.
06-11-2023 17:57:12.897Z;functions.waitForImage;  PRESS BUTTON OK image not found.
06-11-2023 17:57:12.898Z;functions.check_payment_type;  FORMA DE PAGAMENTO NÃO É BOLETO
06-11-2023 17:57:12.948Z;functions.waitForImage;  PRESS BUTTON OK image found.
06-11-2023 17:57:15.080Z;functions.check_payment_type;  PRESS BUTTON OK
06-11-2023 17:57:27.367Z;functions.waitForImage;  PRESS BUTTON OK 2 image not found.
06-11-2023 17:57:29.472Z;functions.check_table_record;  PRESS BUTTON DOWN
06-11-2023 17:57:31.577Z;functions.check_table_record;  ENTRANDO NO PRÓXIMO BOLETO
06-11-2023 17:57:35.678Z;functions.waitForImage;  INTEGRAÇÃO BANCÁRIA image found.
06-11-2023 17:57:37.796Z;functions.check_payment_type;  CLICA EM INTEGRAÇÃO BANCÁRIA
06-11-2023 17:57:39.853Z;functions.waitForImage;  BOLETO image found.
06-11-2023 17:57:41.985Z;functions.check_payment_type;  CLICA NO BOLETO
06-11-2023 17:57:44.053Z;functions.waitForImage;  PRESS BUTTON OK image found.
06-11-2023 17:57:46.054Z;functions.check_payment_type;  FORMA DE PAGAMENTO: TITULO DE COBRANÇA (BOLETO)
06-11-2023 17:57:48.117Z;functions.waitForImage;  PRESS BUTTON OK image found.
06-11-2023 17:57:50.248Z;functions.check_payment_type;  PRESS BUTTON OK
06-11-2023 17:57:52.317Z;functions.waitForImage;  PRESS BUTTON OK 2 image found.
06-11-2023 17:57:54.453Z;functions.check_payment_type;  PRESS BUTTON OK 2
06-11-2023 17:58:01.572Z;functions.check_table_record;  PRESS BUTTON DOWN
06-11-2023 17:58:03.676Z;functions.check_table_record;  ENTRANDO NO PRÓXIMO BOLETO
06-11-2023 17:58:07.745Z;functions.waitForImage;  INTEGRAÇÃO BANCÁRIA image found.
06-11-2023 17:58:09.859Z;functions.check_payment_type;  CLICA EM INTEGRAÇÃO BANCÁRIA
06-11-2023 17:58:11.927Z;functions.waitForImage;  BOLETO image found.
06-11-2023 17:58:14.046Z;functions.check_payment_type;  CLICA NO BOLETO
06-11-2023 17:58:16.103Z;functions.waitForImage;  PRESS BUTTON OK image found.
06-11-2023 17:58:18.104Z;functions.check_payment_type;  FORMA DE PAGAMENTO: TITULO DE COBRANÇA (BOLETO)
06-11-2023 17:58:20.160Z;functions.waitForImage;  PRESS BUTTON OK image found.
06-11-2023 17:58:22.291Z;functions.check_payment_type;  PRESS BUTTON OK
06-11-2023 17:58:26.046Z;functions.show_exception_and_exit;  
Traceback (most recent call last):
  File "c:\Projetos\Remessas_Bancarias\main.py", line 19, in <module>
    check_table_record()
  File "c:\Projetos\Remessas_Bancarias\SUBPROGRAMS\functions.py", line 339, in check_table_record
    check_payment_type()
  File "c:\Projetos\Remessas_Bancarias\SUBPROGRAMS\functions.py", line 423, in check_payment_type
    btt_ok_2 = waitForImage(image = button_ok_2, timeout=10, name = 'PRESS BUTTON OK 2')
               ^^^^^^^^^^^^^^^^^^^^^^^^^^^^^^^^^^^^^^^^^^^^^^^^^^^^^^^^^^^^^^^^^^^^^^^^^
  File "c:\Projetos\Remessas_Bancarias\SUBPROGRAMS\functions.py", line 915, in waitForImage
    time.sleep(0.5)
KeyboardInterrupt
