08-04-2024 18:22:04.499Z;functions.bot_text_art;      ____   
08-04-2024 18:22:04.514Z;functions.bot_text_art;     [____]    
08-04-2024 18:22:04.514Z;functions.bot_text_art;   |=]()()[=|  
08-04-2024 18:22:04.514Z;functions.bot_text_art;     _\==/__    _____    ____     _        _____    ___   _  __
08-04-2024 18:22:04.514Z;functions.bot_text_art;   |__|   |_|  |  _  \  / ___|   | |      |_   _| / ___| | |/ /
08-04-2024 18:22:04.514Z;functions.bot_text_art;   |_|_/\_|_|  | |  | | | |      | |        | |   | |    | ' / 
08-04-2024 18:22:04.514Z;functions.bot_text_art;   | | __ | |  | |  | | | |      | |        | |   | |    |  <  
08-04-2024 18:22:04.514Z;functions.bot_text_art;   |_|[  ]|_|  | |__| | | |____  | |____   _| |_  | |__  | . \ 
08-04-2024 18:22:04.514Z;functions.bot_text_art;   \_|_||_|_/  |_____/   \_____| |______| |_____| \ ___| |_|\_\
08-04-2024 18:22:04.514Z;functions.bot_text_art;     |_||_|                                                     
08-04-2024 18:22:04.514Z;functions.bot_text_art;     | ||_|_   
08-04-2024 18:22:04.514Z;functions.bot_text_art;   |___||___|  
08-04-2024 18:22:04.514Z;functions.bot_text_art;               
08-04-2024 18:22:04.514Z;functions.open_RM;  OPEN PROGRAM RM
08-04-2024 18:22:11.794Z;functions.loggin_RM;  ENTER USER_NAME
08-04-2024 18:22:15.608Z;functions.loggin_RM;  ENTER PASSWORD
08-04-2024 18:22:16.280Z;functions.loggin_RM;  ENTER RM
08-04-2024 18:22:48.436Z;functions.enter_coligada;  CLICK CONTEXTO
08-04-2024 18:22:51.030Z;functions.enter_coligada;  CLICK ALTERAR MODULO DO CONTEXTO
08-04-2024 18:22:53.327Z;functions.enter_coligada;  INSERE O COLIGADA CODE = 1
08-04-2024 18:22:53.432Z;functions.enter_coligada;  APERTA TAB PARA PREENCHER O CAMPO COM A STRING: OCEANICA ENGENHARIA E CONSULTORIA S.A.
08-04-2024 18:22:54.249Z;functions.enter_coligada;  CLICK AVANÇAR NOVAMENTE
08-04-2024 18:22:55.280Z;functions.enter_coligada;  CLICK CONCLUIR
08-04-2024 18:23:03.936Z;functions.enter_coligada;  POP UP COLIGADA DESAPARECER
08-04-2024 18:23:04.530Z;functions.check_movimentacao_bancaria;  CLICK - TOTVS - LINHA RM
08-04-2024 18:23:05.594Z;functions.check_movimentacao_bancaria;  CLICK - BACK OFFICE
08-04-2024 18:23:07.873Z;functions.check_movimentacao_bancaria;  CLICK - GESTAO FINANCEIRA
08-04-2024 18:23:12.436Z;functions.movimentacao_bancaria;  CLICA NA ABA MOVIMENTAÇÃO BANCARIA
08-04-2024 18:23:12.639Z;functions.waitForImage;  IMAGEM BORDERO image found.
08-04-2024 18:23:14.740Z;functions.movimentacao_bancaria;  IMAGEM BORDERO CLICADA.
08-04-2024 18:23:25.233Z;functions.waitForImage;  LICENCAS EXCEDIDAS image not found.
08-04-2024 18:23:25.797Z;functions.movimentacao_bancaria;  ENCONTROU O FILTRO DA MOVIMENTAÇÃO BANCÁRIA
08-04-2024 18:23:25.811Z;functions.movimentacao_bancaria;  CLICA NA ABA SUPERIOR DO FILTRO
08-04-2024 18:23:29.016Z;functions.movimentacao_bancaria;  SELECIONA O FILTRO HOJE
08-04-2024 18:23:34.123Z;functions.waitForImage;  FILTER CLEAN image found.
08-04-2024 18:23:36.264Z;functions.filter_clean;  CLICA NO BOTÃO X DO LIMPA FILTRO
08-04-2024 18:23:51.373Z;functions.waitForImage;  FILTER CLEAN image not found.
08-04-2024 18:24:06.498Z;functions.waitForImage;  FILTER CLEAN image not found.
08-04-2024 18:24:07.279Z;functions.movimentacao_bancaria;  CLICA NA PRIMEIRA LINHA DA TABELA MOVIMENTAÇÃO BANCÁRIA
08-04-2024 18:24:08.492Z;functions.movimentacao_bancaria;  12 PASSOS PARA DIREITA NA TABELA >>
08-04-2024 18:24:09.748Z;functions.movimentacao_bancaria;  HOVER FILTER
08-04-2024 18:24:10.013Z;functions.movimentacao_bancaria;  CLICK FILTER
08-04-2024 18:24:14.322Z;functions.movimentacao_bancaria;  CLICA NO FILTRO  STATUS DA REMESSA
08-04-2024 18:24:16.423Z;functions.movimentacao_bancaria;  APERTA TAB PARA ESCREVER O FILTRO
08-04-2024 18:24:18.528Z;functions.movimentacao_bancaria;  ESCREVE PENDENTE NO FILTRO
08-04-2024 18:24:20.629Z;functions.movimentacao_bancaria;  APERTA ENTER PARA SELECIONAR OS PENDENTES
08-04-2024 18:24:41.529Z;functions.movimentacao_bancaria;  SEM PROCESSAMENTO DE BORDERO PENDENTE
08-04-2024 18:24:51.654Z;functions.waitForImage;  FILTER CLEAN image found.
08-04-2024 18:24:53.787Z;functions.filter_clean;  CLICA NO BOTÃO X DO LIMPA FILTRO
08-04-2024 18:25:08.904Z;functions.waitForImage;  FILTER CLEAN image not found.
08-04-2024 18:25:24.029Z;functions.waitForImage;  FILTER CLEAN image not found.
08-04-2024 18:25:24.841Z;functions.processo_pagamento;  CLICA NA PRIMEIRA LINHA DA TABELA MOVIMENTAÇÃO BANCÁRIA
08-04-2024 18:25:26.091Z;functions.processo_pagamento;  HOVER FILTER
08-04-2024 18:25:26.352Z;functions.processo_pagamento;  CLICK FILTER
08-04-2024 18:25:30.665Z;functions.processo_pagamento;  CLICA NO FILTRO  STATUS DA REMESSA
08-04-2024 18:25:32.766Z;functions.processo_pagamento;  APERTA TAB PARA ESCREVER O FILTRO
08-04-2024 18:25:34.873Z;functions.processo_pagamento;  ESCREVE AUTORIZADO NO FILTRO
08-04-2024 18:25:36.974Z;functions.processo_pagamento;  APERTA ENTER PARA SELECIONAR OS AUTORIZADOS
08-04-2024 18:25:57.872Z;functions.processo_pagamento;  SEM REMESSA DE BORDERO AUTORIZADO
08-04-2024 18:25:58.974Z;functions.processo_pagamento;  FECHA ABA MOVIMENTAÇÕES BANCÁRIAS
08-04-2024 18:25:59.811Z;functions.enter_contas_a_pagar;  CLICK - TOTVS - LINHA RM
08-04-2024 18:26:00.748Z;functions.enter_contas_a_pagar;  CLICK - BACK OFFICE
08-04-2024 18:26:01.435Z;functions.enter_contas_a_pagar;  CLICK - GESTAO FINANCEIRA
08-04-2024 18:26:06.247Z;functions.enter_contas_a_pagar;  CLICK - CONTAS A PAGAR
08-04-2024 18:26:06.372Z;functions.waitForImage;  LANÇAMENTOS image found.
08-04-2024 18:26:08.505Z;functions.enter_contas_a_pagar;  CLICA EM LANÇAMENTOS
08-04-2024 18:26:23.810Z;functions.waitForImage;  LICENCAS EXCEDIDAS image not found.
08-04-2024 18:26:23.810Z;functions.obter_intervalo_data;  VERIFICANDO A HORA ATUAL 18
08-04-2024 18:26:23.810Z;functions.obter_intervalo_data;  Data Inicial BANCARIA antes da remoção: None
08-04-2024 18:26:23.810Z;functions.obter_intervalo_data;  Data Final BANCARIA antes da remoção: None
08-04-2024 18:26:23.810Z;functions.obter_intervalo_data;  Data Inicial BANCARIA após a remoção: None
08-04-2024 18:26:23.810Z;functions.obter_intervalo_data;  Data Final BANCARIA após a remoção: None
08-04-2024 18:26:23.810Z;functions.obter_intervalo_data;  hoje -  2024-04-08 18:26:23.810639
08-04-2024 18:26:23.810Z;functions.data_filter;  DATA INICIO 10-04-2024
08-04-2024 18:26:23.810Z;functions.data_filter;  DATA FIM 16-04-2024
08-04-2024 18:26:23.810Z;functions.data_filter;  CLICK - SELECIONA A DATA DE QUARTA FEIRA E DA PROXIMA TERÇA
08-04-2024 18:26:23.810Z;functions.data_filter;  QUARTA-FEIRA: 10-04-2024
08-04-2024 18:26:23.810Z;functions.data_filter;  TERCA-FEIRA: 16-04-2024
08-04-2024 18:26:32.247Z;functions.data_filter;  CLICK - BOTAO DE SELECAO DE FILTRO
08-04-2024 18:26:35.950Z;functions.data_filter;  INSERE - DATA DE QUARTA-FEIRA: 10-04-2024
08-04-2024 18:26:39.419Z;functions.data_filter;  INSERE - DATA DA PROX TERCA-FEIRA: 16-04-2024
08-04-2024 18:26:40.061Z;functions.data_filter;  CLICK - BOTAO DE EXECUTAR O FILTRO
08-04-2024 18:28:48.434Z;functions.desmark_filter;  CLICK CHECKBOX LANÇAMENTOS A RECEBER
08-04-2024 18:28:49.215Z;functions.desmark_filter;  CLICK CHECKBOX LANÇAMENTOS BAIXADOS
08-04-2024 18:28:50.041Z;functions.desmark_filter;  CLICK CHECKBOX LANÇAMENTOS CANCELADOS
08-04-2024 18:28:50.871Z;functions.desmark_filter;  CLICK CHECKBOX LANÇAMENTOS FATURADOS
08-04-2024 18:28:51.743Z;functions.desmark_filter;  CLICK CHECKBOX LANÇAMENTOS FATURADOS
08-04-2024 18:28:56.871Z;functions.waitForImage;  FILTER CLEAN image found.
08-04-2024 18:28:59.004Z;functions.filter_clean;  CLICA NO BOTÃO X DO LIMPA FILTRO
08-04-2024 18:29:14.121Z;functions.waitForImage;  FILTER CLEAN image not found.
08-04-2024 18:29:29.246Z;functions.waitForImage;  FILTER CLEAN image not found.
08-04-2024 18:29:29.246Z;functions.check_table_record;  VERIFICANDO SE A TABELA ESTÁ VAZIA
08-04-2024 18:29:30.215Z;functions.check_table_record;  Texto extraido 1/270
08-04-2024 18:29:30.215Z;functions.check_table_record;  Count 270
08-04-2024 18:29:30.215Z;functions.check_table_record;  Type <class 'int'>
08-04-2024 18:29:30.215Z;functions.check_table_record;  TABELA CONTÉM REGISTROS
08-04-2024 18:29:41.011Z;functions.select_tipo_documento;  NOME DA COLUNA: Tipo de Documento
08-04-2024 18:29:42.215Z;functions.select_tipo_documento;  HOVER NOME DA COLUNA: Tipo de Documento
08-04-2024 18:29:42.783Z;functions.select_tipo_documento;  CLICA NO FILTRO PERSONALIZAR
08-04-2024 18:29:43.496Z;functions.select_tipo_documento;  CLICA PARA SELECIONAR OPÇÕES DO FILTRO
08-04-2024 18:29:50.527Z;functions.select_tipo_documento;  CLICK BUTTON CONFIRMAR FILTRO
08-04-2024 18:29:55.530Z;functions.filter_IPTE;  VERIFICANDO O COD DO CLIENTE EM CADA REGISTRO
08-04-2024 18:29:56.277Z;functions.filter_IPTE;  CLICA NA PRIMEIRA LINHA DA TABELA
08-04-2024 18:30:16.058Z;functions.filter_IPTE;  HOVER FILTER
08-04-2024 18:30:16.628Z;functions.filter_IPTE;  CLICK FILTER
08-04-2024 18:30:20.939Z;functions.filter_IPTE;  CLICA NO FILTRO PERSONALIZAR
08-04-2024 18:30:28.807Z;functions.check_table_record;  VERIFICANDO SE A TABELA ESTÁ VAZIA
08-04-2024 18:30:29.699Z;functions.check_table_record;  Texto extraido 1/75
08-04-2024 18:30:29.699Z;functions.check_table_record;  Count 75
08-04-2024 18:30:29.699Z;functions.check_table_record;  Type <class 'int'>
08-04-2024 18:30:29.699Z;functions.check_table_record;  TABELA CONTÉM REGISTROS
08-04-2024 18:30:29.699Z;functions.check_payment_type;  VERIFICANDO O COD DO CLIENTE EM CADA REGISTRO
08-04-2024 18:30:30.433Z;functions.check_payment_type;  CLICA NA PRIMEIRA LINHA DA TABELA
08-04-2024 18:30:38.537Z;functions.check_payment_type;  REF. LANÇAMENTO: 932409
08-04-2024 18:30:38.639Z;functions.check_payment_type;  ENTRANDO NO REGISTRO
08-04-2024 18:30:42.642Z;functions.waitForImage;  INTEGRAÇÃO BANCÁRIA image found.
08-04-2024 18:30:44.753Z;functions.check_payment_type;  CLICA EM INTEGRAÇÃO BANCÁRIA
08-04-2024 18:30:44.753Z;functions.check_payment_type;  VERIFICANDO INFORMAÇÕES
08-04-2024 18:30:47.870Z;functions.waitForImage;  DADOS BANCARIOS image found.
08-04-2024 18:30:48.003Z;functions.check_payment_type;  DADOS BANCARIOS
08-04-2024 18:30:50.003Z;functions.check_payment_type;  ENTROU DADOS BANCÁRIOS
08-04-2024 18:30:50.104Z;functions.check_payment_type;  APERTA TAB
08-04-2024 18:30:54.339Z;functions.waitForImage;  PRESS BUTTON OK image found.
08-04-2024 18:30:56.471Z;functions.click_ok;  PRESS BUTTON OK
08-04-2024 18:31:00.589Z;functions.waitForImage;  PRESS BUTTON OK image found.
08-04-2024 18:31:02.722Z;functions.click_ok;  PRESS BUTTON OK
08-04-2024 18:31:06.825Z;functions.check_payment_type;  INCLUIDOS: 932409 REFERENCIAS NO PROCESSAMENTO
08-04-2024 18:31:08.926Z;functions.check_payment_type;  PASSANDO PARA PRÓXIMO REGISTRO
08-04-2024 18:31:19.029Z;functions.check_payment_type;  REF. LANÇAMENTO: 934617
08-04-2024 18:31:19.131Z;functions.check_payment_type;  ENTRANDO NO REGISTRO
08-04-2024 18:31:21.261Z;functions.waitForImage;  INTEGRAÇÃO BANCÁRIA image found.
08-04-2024 18:31:23.378Z;functions.check_payment_type;  CLICA EM INTEGRAÇÃO BANCÁRIA
08-04-2024 18:31:23.378Z;functions.check_payment_type;  VERIFICANDO INFORMAÇÕES
08-04-2024 18:31:26.495Z;functions.waitForImage;  DADOS BANCARIOS image found.
08-04-2024 18:31:26.628Z;functions.check_payment_type;  DADOS BANCARIOS
08-04-2024 18:31:28.629Z;functions.check_payment_type;  ENTROU DADOS BANCÁRIOS
08-04-2024 18:31:28.730Z;functions.check_payment_type;  APERTA TAB
08-04-2024 18:31:32.964Z;functions.waitForImage;  PRESS BUTTON OK image found.
08-04-2024 18:31:35.096Z;functions.click_ok;  PRESS BUTTON OK
08-04-2024 18:31:39.214Z;functions.waitForImage;  PRESS BUTTON OK image found.
08-04-2024 18:31:41.347Z;functions.click_ok;  PRESS BUTTON OK
08-04-2024 18:31:45.449Z;functions.check_payment_type;  INCLUIDOS: 934617 REFERENCIAS NO PROCESSAMENTO
08-04-2024 18:31:47.551Z;functions.check_payment_type;  PASSANDO PARA PRÓXIMO REGISTRO
08-04-2024 18:31:57.653Z;functions.check_payment_type;  REF. LANÇAMENTO: 938373
08-04-2024 18:31:57.755Z;functions.check_payment_type;  ENTRANDO NO REGISTRO
08-04-2024 18:32:00.573Z;functions.waitForImage;  INTEGRAÇÃO BANCÁRIA image found.
08-04-2024 18:32:02.691Z;functions.check_payment_type;  CLICA EM INTEGRAÇÃO BANCÁRIA
08-04-2024 18:32:02.691Z;functions.check_payment_type;  VERIFICANDO INFORMAÇÕES
08-04-2024 18:32:05.810Z;functions.waitForImage;  DADOS BANCARIOS image found.
08-04-2024 18:32:05.941Z;functions.check_payment_type;  DADOS BANCARIOS
08-04-2024 18:32:07.942Z;functions.check_payment_type;  ENTROU DADOS BANCÁRIOS
08-04-2024 18:32:08.043Z;functions.check_payment_type;  APERTA TAB
08-04-2024 18:32:12.277Z;functions.waitForImage;  PRESS BUTTON OK image found.
08-04-2024 18:32:14.409Z;functions.click_ok;  PRESS BUTTON OK
08-04-2024 18:32:18.527Z;functions.waitForImage;  PRESS BUTTON OK image found.
08-04-2024 18:32:20.661Z;functions.click_ok;  PRESS BUTTON OK
08-04-2024 18:32:24.772Z;functions.check_payment_type;  INCLUIDOS: 938373 REFERENCIAS NO PROCESSAMENTO
08-04-2024 18:32:26.873Z;functions.check_payment_type;  PASSANDO PARA PRÓXIMO REGISTRO
08-04-2024 18:32:36.976Z;functions.check_payment_type;  REF. LANÇAMENTO: 938398
08-04-2024 18:32:37.078Z;functions.check_payment_type;  ENTRANDO NO REGISTRO
08-04-2024 18:32:39.199Z;functions.waitForImage;  INTEGRAÇÃO BANCÁRIA image found.
08-04-2024 18:32:41.316Z;functions.check_payment_type;  CLICA EM INTEGRAÇÃO BANCÁRIA
08-04-2024 18:32:41.316Z;functions.check_payment_type;  VERIFICANDO INFORMAÇÕES
08-04-2024 18:32:44.434Z;functions.waitForImage;  DADOS BANCARIOS image found.
08-04-2024 18:32:44.566Z;functions.check_payment_type;  DADOS BANCARIOS
08-04-2024 18:32:46.566Z;functions.check_payment_type;  ENTROU DADOS BANCÁRIOS
08-04-2024 18:32:46.667Z;functions.check_payment_type;  APERTA TAB
08-04-2024 18:32:50.902Z;functions.waitForImage;  PRESS BUTTON OK image found.
08-04-2024 18:32:53.035Z;functions.click_ok;  PRESS BUTTON OK
08-04-2024 18:32:57.152Z;functions.waitForImage;  PRESS BUTTON OK image found.
08-04-2024 18:32:59.285Z;functions.click_ok;  PRESS BUTTON OK
08-04-2024 18:33:03.388Z;functions.check_payment_type;  INCLUIDOS: 938398 REFERENCIAS NO PROCESSAMENTO
08-04-2024 18:33:05.490Z;functions.check_payment_type;  PASSANDO PARA PRÓXIMO REGISTRO
08-04-2024 18:33:15.595Z;functions.check_payment_type;  REF. LANÇAMENTO: 938398
08-04-2024 18:33:15.696Z;functions.check_payment_type;  ENTRANDO NO REGISTRO
08-04-2024 18:33:17.696Z;functions.show_exception_and_exit;  screen grab failed
Traceback (most recent call last):
  File "C:\Projetos_Remessas\Remessa_Bancaria\main.py", line 155, in <module>
    check_payment_type()
  File "C:\Projetos_Remessas\Remessa_Bancaria\SUBPROGRAMS\functions.py", line 529, in check_payment_type
    select_integracao_bancaria = waitForImage(image = integracao_bancaria, timeout=20, name = 'INTEGRAÇÃO BANCÁRIA')
                                 ^^^^^^^^^^^^^^^^^^^^^^^^^^^^^^^^^^^^^^^^^^^^^^^^^^^^^^^^^^^^^^^^^^^^^^^^^^^^^^^^^^^
  File "C:\Projetos_Remessas\Remessa_Bancaria\SUBPROGRAMS\functions.py", line 2249, in waitForImage
    location = pyautogui.locateOnScreen(image=image, confidence=0.9)
               ^^^^^^^^^^^^^^^^^^^^^^^^^^^^^^^^^^^^^^^^^^^^^^^^^^^^^
  File "C:\Projetos_Remessas\Remessa_Bancaria\venv\Lib\site-packages\pyautogui\__init__.py", line 172, in wrapper
    return wrappedFunction(*args, **kwargs)
           ^^^^^^^^^^^^^^^^^^^^^^^^^^^^^^^^
  File "C:\Projetos_Remessas\Remessa_Bancaria\venv\Lib\site-packages\pyautogui\__init__.py", line 210, in locateOnScreen
    return pyscreeze.locateOnScreen(*args, **kwargs)
           ^^^^^^^^^^^^^^^^^^^^^^^^^^^^^^^^^^^^^^^^^
  File "C:\Projetos_Remessas\Remessa_Bancaria\venv\Lib\site-packages\pyscreeze\__init__.py", line 375, in locateOnScreen
    screenshotIm = screenshot(
                   ^^^^^^^^^^^
  File "C:\Projetos_Remessas\Remessa_Bancaria\venv\Lib\site-packages\pyscreeze\__init__.py", line 512, in _screenshot_win32
    im = ImageGrab.grab()
         ^^^^^^^^^^^^^^^^
  File "C:\Projetos_Remessas\Remessa_Bancaria\venv\Lib\site-packages\PIL\ImageGrab.py", line 47, in grab
    offset, size, data = Image.core.grabscreen_win32(
                         ^^^^^^^^^^^^^^^^^^^^^^^^^^^^
OSError: screen grab failed
