11-06-2024 15:03:02.761Z;functions.bot_text_art;      ____   
11-06-2024 15:03:02.761Z;functions.bot_text_art;     [____]    
11-06-2024 15:03:02.776Z;functions.bot_text_art;   |=]()()[=|  
11-06-2024 15:03:02.776Z;functions.bot_text_art;     _\==/__    _____    ____     _        _____    ___   _  __
11-06-2024 15:03:02.776Z;functions.bot_text_art;   |__|   |_|  |  _  \  / ___|   | |      |_   _| / ___| | |/ /
11-06-2024 15:03:02.776Z;functions.bot_text_art;   |_|_/\_|_|  | |  | | | |      | |        | |   | |    | ' / 
11-06-2024 15:03:02.776Z;functions.bot_text_art;   | | __ | |  | |  | | | |      | |        | |   | |    |  <  
11-06-2024 15:03:02.776Z;functions.bot_text_art;   |_|[  ]|_|  | |__| | | |____  | |____   _| |_  | |__  | . \ 
11-06-2024 15:03:02.776Z;functions.bot_text_art;   \_|_||_|_/  |_____/   \_____| |______| |_____| \ ___| |_|\_\
11-06-2024 15:03:02.776Z;functions.bot_text_art;     |_||_|                                                     
11-06-2024 15:03:02.776Z;functions.bot_text_art;     | ||_|_   
11-06-2024 15:03:02.776Z;functions.bot_text_art;   |___||___|  
11-06-2024 15:03:02.776Z;functions.bot_text_art;               
11-06-2024 15:03:02.792Z;functions.open_RM;  OPEN PROGRAM RM
11-06-2024 15:03:02.792Z;functions.caps;  DESATIVANDO CAPS
11-06-2024 15:03:02.792Z;functions.loggin_RM;  BUSCANDO LOGGIN RM
11-06-2024 15:03:23.605Z;functions.loggin_RM;  ENTER USER_NAME
11-06-2024 15:03:28.432Z;functions.loggin_RM;  ENTER PASSWORD
11-06-2024 15:03:29.964Z;functions.loggin_RM;  ENTER RM
11-06-2024 15:05:56.714Z;functions.enter_coligada;  CLICK CONTEXTO
11-06-2024 15:05:59.182Z;functions.enter_coligada;  CLICK ALTERAR MODULO DO CONTEXTO
11-06-2024 15:06:03.667Z;functions.enter_coligada;  INSERE O COLIGADA CODE = 1
11-06-2024 15:06:03.772Z;functions.enter_coligada;  APERTA TAB PARA PREENCHER O CAMPO COM A STRING: OCEANICA ENGENHARIA E CONSULTORIA S.A.
11-06-2024 15:06:06.932Z;functions.enter_coligada;  CLICK AVANÇAR NOVAMENTE
11-06-2024 15:06:08.620Z;functions.enter_coligada;  CLICK CONCLUIR
11-06-2024 15:07:23.073Z;functions.enter_coligada;  POP UP COLIGADA DESAPARECER
11-06-2024 15:07:24.088Z;functions.check_movimentacao_bancaria;  CLICK - TOTVS - LINHA RM
11-06-2024 15:07:25.807Z;functions.check_movimentacao_bancaria;  CLICK - BACK OFFICE
11-06-2024 15:07:28.588Z;functions.check_movimentacao_bancaria;  CLICK - GESTAO FINANCEIRA
11-06-2024 15:07:28.588Z;functions.movimentacao_bancaria;  AGUARDANDO 1
11-06-2024 15:07:38.619Z;functions.movimentacao_bancaria;  CLICA NA ABA MOVIMENTAÇÃO BANCARIA
11-06-2024 15:07:40.729Z;functions.waitForImage;  IMAGEM BORDERO image found.
11-06-2024 15:07:42.846Z;functions.movimentacao_bancaria;  IMAGEM BORDERO CLICADA.
11-06-2024 15:07:53.167Z;functions.waitForImage;  LICENCAS EXCEDIDAS image not found.
11-06-2024 15:07:53.854Z;functions.movimentacao_bancaria;  ENCONTROU O FILTRO DA MOVIMENTAÇÃO BANCÁRIA
11-06-2024 15:07:53.901Z;functions.movimentacao_bancaria;  CLICA NA ABA SUPERIOR DO FILTRO
11-06-2024 15:08:01.210Z;functions.movimentacao_bancaria;  SELECIONA O FILTRO HOJE
11-06-2024 15:08:07.151Z;functions.waitForImage;  FILTER CLEAN image found.
11-06-2024 15:08:09.285Z;functions.filter_clean;  CLICA NO BOTÃO X DO LIMPA FILTRO
11-06-2024 15:08:09.495Z;functions.waitForImage;  FILTER CLEAN image found.
11-06-2024 15:08:11.628Z;functions.filter_clean;  CLICA NO BOTÃO X DO LIMPA FILTRO
11-06-2024 15:08:26.932Z;functions.waitForImage;  FILTER CLEAN image not found.
11-06-2024 15:08:28.745Z;functions.movimentacao_bancaria;  CLICA NA PRIMEIRA LINHA DA TABELA MOVIMENTAÇÃO BANCÁRIA
11-06-2024 15:08:30.494Z;functions.movimentacao_bancaria;  CLICA NA PRIMEIRA LINHA DA TABELA MOVIMENTAÇÃO BANCÁRIA
11-06-2024 15:08:31.720Z;functions.movimentacao_bancaria;  12 PASSOS PARA DIREITA NA TABELA >>
11-06-2024 15:08:34.010Z;functions.movimentacao_bancaria;  HOVER FILTER
11-06-2024 15:08:34.658Z;functions.movimentacao_bancaria;  CLICK FILTER
11-06-2024 15:08:38.984Z;functions.movimentacao_bancaria;  CLICA NO FILTRO  STATUS DA REMESSA
11-06-2024 15:08:41.087Z;functions.movimentacao_bancaria;  APERTA TAB PARA ESCREVER O FILTRO
11-06-2024 15:08:43.201Z;functions.movimentacao_bancaria;  ESCREVE PENDENTE NO FILTRO
11-06-2024 15:08:45.303Z;functions.movimentacao_bancaria;  APERTA ENTER PARA SELECIONAR OS PENDENTES
11-06-2024 15:08:53.182Z;functions.movimentacao_bancaria;  SELECIONA TODAS AS TUPLAS COM STATUS PENDENTE
11-06-2024 15:08:55.298Z;functions.movimentacao_bancaria;  CLICA EM PROCESSOS
11-06-2024 15:08:57.401Z;functions.movimentacao_bancaria;  APERTA PARA BAIXO
11-06-2024 15:08:59.504Z;functions.movimentacao_bancaria;  APERTA ENTER
11-06-2024 15:09:02.869Z;functions.movimentacao_bancaria;  CLICK EM EXECUTAR BORDERO DE PAGAMENTO
11-06-2024 15:09:33.198Z;functions.waitForImage;  PRESS BUTTON OK image not found.
11-06-2024 15:09:33.198Z;functions.movimentacao_bancaria;  O PROCESSAMENTO DE AUTORIZAÇÃO DO BORDERO FOI EXECUTADO COM ERRO FAVOR VERIFICAR.
11-06-2024 15:09:34.278Z;functions.movimentacao_bancaria;  CLICK EM FECHAR.
11-06-2024 15:09:44.494Z;functions.waitForImage;  FILTER CLEAN image found.
11-06-2024 15:09:46.629Z;functions.filter_clean;  CLICA NO BOTÃO X DO LIMPA FILTRO
11-06-2024 15:10:01.932Z;functions.waitForImage;  FILTER CLEAN image not found.
11-06-2024 15:10:17.244Z;functions.waitForImage;  FILTER CLEAN image not found.
11-06-2024 15:10:35.691Z;functions.processo_pagamento;  12 PASSOS PARA ESQUERDA NA TABELA >>
11-06-2024 15:10:37.963Z;functions.processo_pagamento;  HOVER FILTER
11-06-2024 15:10:38.564Z;functions.processo_pagamento;  CLICK FILTER
11-06-2024 15:10:42.897Z;functions.processo_pagamento;  CLICA NO FILTRO  STATUS DA REMESSA
11-06-2024 15:10:45.000Z;functions.processo_pagamento;  APERTA TAB PARA ESCREVER O FILTRO
11-06-2024 15:10:47.119Z;functions.processo_pagamento;  ESCREVE AUTORIZADO NO FILTRO
11-06-2024 15:10:49.222Z;functions.processo_pagamento;  APERTA ENTER PARA SELECIONAR OS AUTORIZADOS
11-06-2024 15:11:09.885Z;functions.processo_pagamento;  SEM REMESSA DE BORDERO AUTORIZADO
11-06-2024 15:11:10.992Z;functions.processo_pagamento;  FECHA ABA MOVIMENTAÇÕES BANCÁRIAS
11-06-2024 15:11:12.963Z;functions.enter_contas_a_pagar;  CLICK - TOTVS - LINHA RM
11-06-2024 15:11:14.400Z;functions.enter_contas_a_pagar;  CLICK - BACK OFFICE
11-06-2024 15:11:17.088Z;functions.enter_contas_a_pagar;  CLICK - GESTAO FINANCEIRA
11-06-2024 15:11:26.338Z;functions.enter_contas_a_pagar;  CLICK - CONTAS A PAGAR
11-06-2024 15:11:27.338Z;functions.waitForImage;  LANÇAMENTOS image found.
11-06-2024 15:11:29.472Z;functions.enter_contas_a_pagar;  CLICA EM LANÇAMENTOS
11-06-2024 15:11:44.807Z;functions.waitForImage;  LICENCAS EXCEDIDAS image not found.
11-06-2024 15:11:44.807Z;functions.obter_intervalo_data;  VERIFICANDO A HORA ATUAL 15
11-06-2024 15:11:44.838Z;functions.obter_intervalo_data;  Data Inicial BANCARIA antes da remoção: None
11-06-2024 15:11:44.838Z;functions.obter_intervalo_data;  Data Final BANCARIA antes da remoção: None
11-06-2024 15:11:44.838Z;functions.obter_intervalo_data;  Data Inicial BANCARIA após a remoção: None
11-06-2024 15:11:44.838Z;functions.obter_intervalo_data;  Data Final BANCARIA após a remoção: None
11-06-2024 15:11:44.838Z;functions.obter_intervalo_data;  hoje -  2024-06-11 15:11:44.838534
11-06-2024 15:11:44.838Z;functions.data_filter;  DATA INICIO 19-06-2024
11-06-2024 15:11:44.838Z;functions.data_filter;  DATA FIM 25-06-2024
11-06-2024 15:11:44.838Z;functions.data_filter;  CLICK - SELECIONA A DATA DE QUARTA FEIRA E DA PROXIMA TERÇA
11-06-2024 15:11:44.838Z;functions.data_filter;  QUARTA-FEIRA: 19-06-2024
11-06-2024 15:11:44.838Z;functions.data_filter;  TERCA-FEIRA: 25-06-2024
11-06-2024 15:11:54.588Z;functions.data_filter;  CLICK - BOTAO DE SELECAO DE FILTRO
11-06-2024 15:11:59.447Z;functions.data_filter;  INSERE - DATA DE QUARTA-FEIRA: 19-06-2024
11-06-2024 15:12:03.822Z;functions.data_filter;  INSERE - DATA DA PROX TERCA-FEIRA: 25-06-2024
11-06-2024 15:12:04.932Z;functions.data_filter;  CLICK - BOTAO DE EXECUTAR O FILTRO
11-06-2024 15:12:09.937Z;functions.desmark_filter;  AGUARDANDO 1
