19-04-2024 07:00:13.696Z;functions.bot_text_art;      ____   
19-04-2024 07:00:13.696Z;functions.bot_text_art;     [____]    
19-04-2024 07:00:13.696Z;functions.bot_text_art;   |=]()()[=|  
19-04-2024 07:00:13.696Z;functions.bot_text_art;     _\==/__    _____    ____     _        _____    ___   _  __
19-04-2024 07:00:13.696Z;functions.bot_text_art;   |__|   |_|  |  _  \  / ___|   | |      |_   _| / ___| | |/ /
19-04-2024 07:00:13.696Z;functions.bot_text_art;   |_|_/\_|_|  | |  | | | |      | |        | |   | |    | ' / 
19-04-2024 07:00:13.712Z;functions.bot_text_art;   | | __ | |  | |  | | | |      | |        | |   | |    |  <  
19-04-2024 07:00:13.712Z;functions.bot_text_art;   |_|[  ]|_|  | |__| | | |____  | |____   _| |_  | |__  | . \ 
19-04-2024 07:00:13.712Z;functions.bot_text_art;   \_|_||_|_/  |_____/   \_____| |______| |_____| \ ___| |_|\_\
19-04-2024 07:00:13.712Z;functions.bot_text_art;     |_||_|                                                     
19-04-2024 07:00:13.712Z;functions.bot_text_art;     | ||_|_   
19-04-2024 07:00:13.712Z;functions.bot_text_art;   |___||___|  
19-04-2024 07:00:13.712Z;functions.bot_text_art;               
19-04-2024 07:00:13.712Z;functions.open_RM;  OPEN PROGRAM RM
19-04-2024 07:00:21.149Z;functions.loggin_RM;  ENTER USER_NAME
19-04-2024 07:00:25.024Z;functions.loggin_RM;  ENTER PASSWORD
19-04-2024 07:00:25.727Z;functions.loggin_RM;  ENTER RM
19-04-2024 07:00:58.039Z;functions.enter_coligada;  CLICK CONTEXTO
19-04-2024 07:00:59.620Z;functions.enter_coligada;  CLICK ALTERAR MODULO DO CONTEXTO
19-04-2024 07:01:01.962Z;functions.enter_coligada;  INSERE O COLIGADA CODE = 1
19-04-2024 07:01:02.064Z;functions.enter_coligada;  APERTA TAB PARA PREENCHER O CAMPO COM A STRING: OCEANICA ENGENHARIA E CONSULTORIA S.A.
19-04-2024 07:01:02.914Z;functions.enter_coligada;  CLICK AVANÇAR NOVAMENTE
19-04-2024 07:01:03.742Z;functions.enter_coligada;  CLICK CONCLUIR
19-04-2024 07:01:12.399Z;functions.enter_coligada;  POP UP COLIGADA DESAPARECER
19-04-2024 07:01:13.024Z;functions.check_movimentacao_bancaria;  CLICK - TOTVS - LINHA RM
19-04-2024 07:01:14.070Z;functions.check_movimentacao_bancaria;  CLICK - BACK OFFICE
19-04-2024 07:01:14.791Z;functions.check_movimentacao_bancaria;  CLICK - GESTAO FINANCEIRA
19-04-2024 07:01:19.714Z;functions.movimentacao_bancaria;  CLICA NA ABA MOVIMENTAÇÃO BANCARIA
19-04-2024 07:01:19.888Z;functions.waitForImage;  IMAGEM BORDERO image found.
19-04-2024 07:01:21.990Z;functions.movimentacao_bancaria;  IMAGEM BORDERO CLICADA.
19-04-2024 07:01:32.384Z;functions.waitForImage;  LICENCAS EXCEDIDAS image not found.
19-04-2024 07:01:32.945Z;functions.movimentacao_bancaria;  ENCONTROU O FILTRO DA MOVIMENTAÇÃO BANCÁRIA
19-04-2024 07:01:32.961Z;functions.movimentacao_bancaria;  CLICA NA ABA SUPERIOR DO FILTRO
19-04-2024 07:01:37.468Z;functions.movimentacao_bancaria;  SELECIONA O FILTRO HOJE
19-04-2024 07:01:42.578Z;functions.waitForImage;  FILTER CLEAN image found.
19-04-2024 07:01:44.701Z;functions.filter_clean;  CLICA NO BOTÃO X DO LIMPA FILTRO
19-04-2024 07:02:00.241Z;functions.waitForImage;  FILTER CLEAN image not found.
19-04-2024 07:02:15.848Z;functions.waitForImage;  FILTER CLEAN image not found.
19-04-2024 07:02:16.632Z;functions.movimentacao_bancaria;  CLICA NA PRIMEIRA LINHA DA TABELA MOVIMENTAÇÃO BANCÁRIA
19-04-2024 07:02:17.397Z;functions.movimentacao_bancaria;  CLICA NA PRIMEIRA LINHA DA TABELA MOVIMENTAÇÃO BANCÁRIA
19-04-2024 07:02:18.619Z;functions.movimentacao_bancaria;  12 PASSOS PARA DIREITA NA TABELA >>
19-04-2024 07:02:19.912Z;functions.movimentacao_bancaria;  HOVER FILTER
19-04-2024 07:02:20.263Z;functions.movimentacao_bancaria;  CLICK FILTER
19-04-2024 07:02:24.571Z;functions.movimentacao_bancaria;  CLICA NO FILTRO  STATUS DA REMESSA
19-04-2024 07:02:26.673Z;functions.movimentacao_bancaria;  APERTA TAB PARA ESCREVER O FILTRO
19-04-2024 07:02:28.778Z;functions.movimentacao_bancaria;  ESCREVE PENDENTE NO FILTRO
19-04-2024 07:02:30.880Z;functions.movimentacao_bancaria;  APERTA ENTER PARA SELECIONAR OS PENDENTES
19-04-2024 07:02:51.912Z;functions.movimentacao_bancaria;  SEM PROCESSAMENTO DE BORDERO PENDENTE
19-04-2024 07:03:02.022Z;functions.waitForImage;  FILTER CLEAN image found.
19-04-2024 07:03:04.144Z;functions.filter_clean;  CLICA NO BOTÃO X DO LIMPA FILTRO
19-04-2024 07:03:19.724Z;functions.waitForImage;  FILTER CLEAN image not found.
19-04-2024 07:03:35.314Z;functions.waitForImage;  FILTER CLEAN image not found.
19-04-2024 07:03:36.146Z;functions.processo_pagamento;  CLICA NA PRIMEIRA LINHA DA TABELA MOVIMENTAÇÃO BANCÁRIA
19-04-2024 07:03:37.458Z;functions.processo_pagamento;  HOVER FILTER
19-04-2024 07:03:37.756Z;functions.processo_pagamento;  CLICK FILTER
19-04-2024 07:03:42.068Z;functions.processo_pagamento;  CLICA NO FILTRO  STATUS DA REMESSA
19-04-2024 07:03:44.170Z;functions.processo_pagamento;  APERTA TAB PARA ESCREVER O FILTRO
19-04-2024 07:03:46.277Z;functions.processo_pagamento;  ESCREVE AUTORIZADO NO FILTRO
19-04-2024 07:03:48.378Z;functions.processo_pagamento;  APERTA ENTER PARA SELECIONAR OS AUTORIZADOS
19-04-2024 07:04:09.333Z;functions.processo_pagamento;  SEM REMESSA DE BORDERO AUTORIZADO
19-04-2024 07:04:10.435Z;functions.processo_pagamento;  FECHA ABA MOVIMENTAÇÕES BANCÁRIAS
19-04-2024 07:04:11.286Z;functions.enter_contas_a_pagar;  CLICK - TOTVS - LINHA RM
19-04-2024 07:04:12.222Z;functions.enter_contas_a_pagar;  CLICK - BACK OFFICE
19-04-2024 07:04:12.911Z;functions.enter_contas_a_pagar;  CLICK - GESTAO FINANCEIRA
19-04-2024 07:04:17.660Z;functions.enter_contas_a_pagar;  CLICK - CONTAS A PAGAR
19-04-2024 07:04:17.811Z;functions.waitForImage;  LANÇAMENTOS image found.
19-04-2024 07:04:19.937Z;functions.enter_contas_a_pagar;  CLICA EM LANÇAMENTOS
19-04-2024 07:04:35.283Z;functions.waitForImage;  LICENCAS EXCEDIDAS image not found.
19-04-2024 07:04:35.283Z;functions.obter_intervalo_data;  VERIFICANDO A HORA ATUAL 7
19-04-2024 07:04:35.283Z;functions.obter_intervalo_data;  Data Inicial BANCARIA antes da remoção: None
19-04-2024 07:04:35.283Z;functions.obter_intervalo_data;  Data Final BANCARIA antes da remoção: None
19-04-2024 07:04:35.283Z;functions.obter_intervalo_data;  Data Inicial BANCARIA após a remoção: None
19-04-2024 07:04:35.283Z;functions.obter_intervalo_data;  Data Final BANCARIA após a remoção: None
19-04-2024 07:04:35.283Z;functions.obter_intervalo_data;  hoje -  2024-04-19 07:04:35.283693
19-04-2024 07:04:35.283Z;functions.data_filter;  DATA INICIO 24-04-2024
19-04-2024 07:04:35.283Z;functions.data_filter;  DATA FIM 30-04-2024
19-04-2024 07:04:35.283Z;functions.data_filter;  CLICK - SELECIONA A DATA DE QUARTA FEIRA E DA PROXIMA TERÇA
19-04-2024 07:04:35.283Z;functions.data_filter;  QUARTA-FEIRA: 24-04-2024
19-04-2024 07:04:35.283Z;functions.data_filter;  TERCA-FEIRA: 30-04-2024
19-04-2024 07:04:43.714Z;functions.data_filter;  CLICK - BOTAO DE SELECAO DE FILTRO
19-04-2024 07:04:47.511Z;functions.data_filter;  INSERE - DATA DE QUARTA-FEIRA: 24-04-2024
19-04-2024 07:04:50.988Z;functions.data_filter;  INSERE - DATA DA PROX TERCA-FEIRA: 30-04-2024
19-04-2024 07:04:51.643Z;functions.data_filter;  CLICK - BOTAO DE EXECUTAR O FILTRO
19-04-2024 07:05:58.507Z;functions.desmark_filter;  CLICK CHECKBOX LANÇAMENTOS A RECEBER
19-04-2024 07:05:59.319Z;functions.desmark_filter;  CLICK CHECKBOX LANÇAMENTOS BAIXADOS
19-04-2024 07:06:00.179Z;functions.desmark_filter;  CLICK CHECKBOX LANÇAMENTOS CANCELADOS
19-04-2024 07:06:01.055Z;functions.desmark_filter;  CLICK CHECKBOX LANÇAMENTOS FATURADOS
19-04-2024 07:06:01.946Z;functions.desmark_filter;  CLICK CHECKBOX LANÇAMENTOS FATURADOS
19-04-2024 07:06:07.071Z;functions.waitForImage;  FILTER CLEAN image found.
19-04-2024 07:06:09.199Z;functions.filter_clean;  CLICA NO BOTÃO X DO LIMPA FILTRO
19-04-2024 07:06:24.781Z;functions.waitForImage;  FILTER CLEAN image not found.
19-04-2024 07:06:40.322Z;functions.waitForImage;  FILTER CLEAN image not found.
19-04-2024 07:06:40.322Z;functions.check_table_record;  VERIFICANDO SE A TABELA ESTÁ VAZIA
19-04-2024 07:06:41.260Z;functions.check_table_record;  Texto extraido 1/141
19-04-2024 07:06:41.260Z;functions.check_table_record;  Count 141
19-04-2024 07:06:41.260Z;functions.check_table_record;  Type <class 'int'>
19-04-2024 07:06:41.260Z;functions.check_table_record;  TABELA CONTÉM REGISTROS
19-04-2024 07:06:52.089Z;functions.select_tipo_documento;  NOME DA COLUNA: Tipo de Documento
19-04-2024 07:06:53.339Z;functions.select_tipo_documento;  HOVER NOME DA COLUNA: Tipo de Documento
19-04-2024 07:06:53.924Z;functions.select_tipo_documento;  CLICA NO FILTRO PERSONALIZAR
19-04-2024 07:06:54.665Z;functions.select_tipo_documento;  CLICA PARA SELECIONAR OPÇÕES DO FILTRO
19-04-2024 07:07:01.699Z;functions.select_tipo_documento;  CLICK BUTTON CONFIRMAR FILTRO
19-04-2024 07:07:06.701Z;functions.filter_IPTE;  VERIFICANDO O COD DO CLIENTE EM CADA REGISTRO
19-04-2024 07:07:07.450Z;functions.filter_IPTE;  CLICA NA PRIMEIRA LINHA DA TABELA
19-04-2024 07:07:27.419Z;functions.filter_IPTE;  HOVER FILTER
19-04-2024 07:07:27.988Z;functions.filter_IPTE;  CLICK FILTER
19-04-2024 07:07:32.299Z;functions.filter_IPTE;  CLICA NO FILTRO PERSONALIZAR
19-04-2024 07:07:40.211Z;functions.check_table_record;  VERIFICANDO SE A TABELA ESTÁ VAZIA
19-04-2024 07:07:41.139Z;functions.check_table_record;  Texto extraido 1/1
19-04-2024 07:07:41.139Z;functions.check_table_record;  Count 1
19-04-2024 07:07:41.139Z;functions.check_table_record;  Type <class 'int'>
19-04-2024 07:07:41.139Z;functions.check_table_record;  TABELA CONTÉM REGISTROS
19-04-2024 07:07:41.139Z;functions.check_payment_type;  VERIFICANDO O COD DO CLIENTE EM CADA REGISTRO
19-04-2024 07:07:41.904Z;functions.check_payment_type;  CLICA NA PRIMEIRA LINHA DA TABELA
19-04-2024 07:07:50.008Z;functions.check_payment_type;  REF. LANÇAMENTO: 942410
19-04-2024 07:07:50.111Z;functions.check_payment_type;  ENTRANDO NO REGISTRO
19-04-2024 07:07:54.740Z;functions.waitForImage;  INTEGRAÇÃO BANCÁRIA image found.
19-04-2024 07:07:56.859Z;functions.check_payment_type;  CLICA EM INTEGRAÇÃO BANCÁRIA
19-04-2024 07:07:56.859Z;functions.check_payment_type;  VERIFICANDO INFORMAÇÕES
19-04-2024 07:07:59.985Z;functions.waitForImage;  DADOS BANCARIOS image found.
19-04-2024 07:08:00.102Z;functions.check_payment_type;  DADOS BANCARIOS
19-04-2024 07:08:02.103Z;functions.check_payment_type;  ENTROU DADOS BANCÁRIOS
19-04-2024 07:08:02.204Z;functions.check_payment_type;  APERTA TAB
19-04-2024 07:08:06.423Z;functions.waitForImage;  PRESS BUTTON OK image found.
19-04-2024 07:08:08.541Z;functions.click_ok;  PRESS BUTTON OK
19-04-2024 07:08:12.651Z;functions.waitForImage;  PRESS BUTTON OK image found.
19-04-2024 07:08:14.777Z;functions.click_ok;  PRESS BUTTON OK
19-04-2024 07:08:18.879Z;functions.check_payment_type;  INCLUIDOS: 942410 REFERENCIAS NO PROCESSAMENTO
19-04-2024 07:08:18.879Z;functions.check_payment_type;  FORAM INCLUIDOS: 1 REFERENCIAS NO PROCESSAMENTO
19-04-2024 07:08:23.591Z;functions.process_lancamentos;  CLICA PARA APARECER CONTA/CAIXA
19-04-2024 07:08:24.517Z;functions.process_lancamentos;  SELECIONA CONTA/CAIXA
19-04-2024 07:08:25.219Z;functions.process_lancamentos;  CLICA NO BOTÃO [...]
19-04-2024 07:08:30.324Z;functions.process_lancamentos;  CLICA NO CAMPO PESQUISA E DIGITA: %3212
19-04-2024 07:08:31.017Z;functions.process_lancamentos;  CLICA NO BOTÃO DO FILTRO
19-04-2024 07:08:31.752Z;functions.process_lancamentos;  CLICA NO BOTÃO OK
19-04-2024 07:08:32.455Z;functions.process_lancamentos;  CLICA NO BOTÃO EXECUTAR
19-04-2024 07:08:52.658Z;functions.waitForImage;  PRESS BUTTON OK image found.
19-04-2024 07:08:54.662Z;functions.process_lancamentos;  O PROCESSAMENTO FOI EXECUTADO COM SUCESSO.
19-04-2024 07:09:01.599Z;functions.process_lancamentos;  ERRO: Lançamento Ref. 942410: Convênio alterado para o convênio default '7' da conta Caixa '02675-5' .
Alteração Global de Lançamentos executada com sucesso

19-04-2024 07:09:02.222Z;functions.process_lancamentos;  CLICK EM FECHAR.
19-04-2024 07:11:18.417Z;functions.proccess_bordero;  SELECIONAR INCLUSÃO DE BORDERO
19-04-2024 07:11:38.948Z;functions.waitForImage;  PRESS BUTON SIM image not found.
19-04-2024 07:11:39.651Z;functions.proccess_bordero;  CLICA EM CONVÊNIO TRÊS PONTINHOS
19-04-2024 07:11:40.639Z;functions.proccess_bordero;  CLICA EM COMBOBOX PARA SELECIONAR O ID DO CONVÊNIO
19-04-2024 07:11:41.362Z;functions.proccess_bordero;  CLICA EM ID DO CONVÊNIO
19-04-2024 07:11:43.464Z;functions.proccess_bordero;  APERTA TAB PARA ESCREVER O ID
19-04-2024 07:11:45.565Z;functions.proccess_bordero;  ESCREVE O ID 7
19-04-2024 07:11:47.667Z;functions.proccess_bordero;  APERTA ENTER PARA SELECIONAR O ID 7 - SISPAG FORNECEDOR
19-04-2024 07:11:49.768Z;functions.proccess_bordero;  APERTA ENTER PARA ESCOLHER O ID 7 - SISPAG FORNECEDOR
19-04-2024 07:11:52.400Z;functions.proccess_bordero;  CLICA EM EXECUTAR NA INCLUSÃO DO BORDÊRO
19-04-2024 07:12:06.899Z;functions.waitForImage;  PRESS BUTTON OK image not found.
19-04-2024 07:12:11.811Z;functions.proccess_bordero;  ERRO: Existem inconsistências em alguns lançamentos, favor verificar e executar novamente o processo.

********* ERRO(S) NO(S) LANÇAMENTO(S)***********
Lançamento Ref.: 1-942410  - O movimento do lançamento não pode estar bloqueado




19-04-2024 07:12:12.402Z;functions.proccess_bordero;  CLICK EM FECHAR.
19-04-2024 07:12:14.043Z;errorhandler.__handle;  Property: Unknown Property name. [1:203: -ms-interpolation-mode]
19-04-2024 07:12:14.058Z;errorhandler.__handle;  Property: Unknown Property name. [1:353: -webkit-font-smoothing]
19-04-2024 07:12:14.058Z;errorhandler.__handle;  Property: Unknown Property name. [1:483: -ms-text-size-adjust]
19-04-2024 07:12:14.058Z;errorhandler.__handle;  Property: Unknown Property name. [1:518: -webkit-text-size-adjust]
19-04-2024 07:12:14.058Z;errorhandler.__handle;  Property: Unknown Property name. [1:612: mso-table-lspace]
19-04-2024 07:12:14.058Z;errorhandler.__handle;  Property: Unknown Property name. [1:642: mso-table-rspace]
19-04-2024 07:12:14.105Z;errorhandler.__handle;  Property: Unknown Property name. [1:4734: mso-hide]
19-04-2024 07:12:14.136Z;errorhandler.__handle;  Property: Unknown Property name. [1:13: -ms-interpolation-mode]
19-04-2024 07:12:14.136Z;errorhandler.__handle;  Property: Unknown Property name. [1:49: -webkit-font-smoothing]
19-04-2024 07:12:14.136Z;errorhandler.__handle;  Property: Unknown Property name. [1:134: -ms-text-size-adjust]
19-04-2024 07:12:14.136Z;errorhandler.__handle;  Property: Unknown Property name. [1:160: -webkit-text-size-adjust]
19-04-2024 07:12:14.136Z;errorhandler.__handle;  Property: Unknown Property name. [1:26: mso-table-lspace]
19-04-2024 07:12:14.136Z;errorhandler.__handle;  Property: Unknown Property name. [1:45: mso-table-rspace]
19-04-2024 07:12:14.152Z;errorhandler.__handle;  Property: Unknown Property name. [1:92: mso-hide]
19-04-2024 07:12:14.152Z;errorhandler.__handle;  Property: No ":" after name found: align-center [1:1: align-center]
19-04-2024 07:12:14.152Z;errorhandler.__handle;  Property: No property value found: align-center [1:1: align-center]
19-04-2024 07:12:14.152Z;errorhandler.__handle;  CSSStyleDeclaration: Syntax Error in Property: align-center
19-04-2024 07:12:14.152Z;errorhandler.__handle;  Property: Unknown Property name. [1:14: -ms-interpolation-mode]
19-04-2024 07:12:16.917Z;functions.emailErro;  Warning e-mail sent.
19-04-2024 07:12:16.917Z;functions.proccess_bordero;  CORRESPONDENCIA ['942410']
19-04-2024 07:12:16.917Z;functions.proccess_bordero;  NUMERO DE REFERENCIAS QUE SERÃO TIRADOS DA REMESSA ['942410']
19-04-2024 07:12:16.917Z;functions.proccess_bordero;  CHAMANDO A FUNÇÃO REMOVE_SEND
19-04-2024 07:13:24.044Z;functions.remove_send;  CLICA NA PRIMEIRA LINHA DA TABELA
19-04-2024 07:13:31.147Z;functions.remove_send;  ref_num_atual: 942410
19-04-2024 07:13:31.147Z;functions.remove_send;  num_de_ref: ['942410']
19-04-2024 07:13:35.250Z;functions.remove_send;  Retirando a referencia: 942410
19-04-2024 07:13:35.250Z;functions.remove_send;  SAINDO DO REMOVE_SEND E LIMPANDO O VETOR num_de_ref
19-04-2024 07:13:51.458Z;functions.proccess_bordero;  SELECIONAR INCLUSÃO DE BORDERO
19-04-2024 07:14:12.046Z;functions.waitForImage;  PRESS BUTON SIM image not found.
19-04-2024 07:15:17.803Z;functions.show_exception_and_exit;  'NoneType' object has no attribute 'click'
Traceback (most recent call last):
  File "C:\Projetos_Remessas\Remessa_Bancaria\main.py", line 156, in <module>
    result = process_lancamentos()
             ^^^^^^^^^^^^^^^^^^^^^
  File "C:\Projetos_Remessas\Remessa_Bancaria\SUBPROGRAMS\functions.py", line 669, in process_lancamentos
    proccess_bordero()
  File "C:\Projetos_Remessas\Remessa_Bancaria\SUBPROGRAMS\functions.py", line 882, in proccess_bordero
    proccess_bordero()
  File "C:\Projetos_Remessas\Remessa_Bancaria\SUBPROGRAMS\functions.py", line 806, in proccess_bordero
    menuitem_inclusao_bordero.click()
    ^^^^^^^^^^^^^^^^^^^^^^^^^^^^^^^
AttributeError: 'NoneType' object has no attribute 'click'
19-04-2024 07:15:17.970Z;functions.show_exception_and_exit;  PRINT SALVO
19-04-2024 07:15:18.053Z;functions.show_exception_and_exit;  RM FECHADO
19-04-2024 07:15:19.172Z;errorhandler.__handle;  Property: Unknown Property name. [1:14: -ms-interpolation-mode]
19-04-2024 07:15:22.375Z;functions.show_exception_and_exit;  EMAIL EXCEÇÃO ENVIADO
19-04-2024 07:15:22.375Z;functions.show_exception_and_exit;  ERRO - <class 'AttributeError'> / 'NoneType' object has no attribute 'click'
