22-08-2024 23:34:43.894Z;functions.bot_text_art;      ____   
22-08-2024 23:34:43.894Z;functions.bot_text_art;     [____]    
22-08-2024 23:34:43.894Z;functions.bot_text_art;   |=]()()[=|  
22-08-2024 23:34:43.894Z;functions.bot_text_art;     _\==/__    _____    ____     _        _____    ___   _  __
22-08-2024 23:34:43.894Z;functions.bot_text_art;   |__|   |_|  |  _  \  / ___|   | |      |_   _| / ___| | |/ /
22-08-2024 23:34:43.894Z;functions.bot_text_art;   |_|_/\_|_|  | |  | | | |      | |        | |   | |    | ' / 
22-08-2024 23:34:43.894Z;functions.bot_text_art;   | | __ | |  | |  | | | |      | |        | |   | |    |  <  
22-08-2024 23:34:43.894Z;functions.bot_text_art;   |_|[  ]|_|  | |__| | | |____  | |____   _| |_  | |__  | . \ 
22-08-2024 23:34:43.894Z;functions.bot_text_art;   \_|_||_|_/  |_____/   \_____| |______| |_____| \ ___| |_|\_\
22-08-2024 23:34:43.894Z;functions.bot_text_art;     |_||_|                                                     
22-08-2024 23:34:43.894Z;functions.bot_text_art;     | ||_|_   
22-08-2024 23:34:43.894Z;functions.bot_text_art;   |___||___|  
22-08-2024 23:34:43.894Z;functions.bot_text_art;               
22-08-2024 23:34:43.894Z;functions.open_RM;  OPEN PROGRAM RM
22-08-2024 23:34:43.894Z;functions.caps;  DESATIVANDO CAPS
22-08-2024 23:34:43.894Z;functions.loggin_RM;  BUSCANDO LOGGIN RM
22-08-2024 23:34:54.691Z;functions.loggin_RM;  ENTER USER_NAME
22-08-2024 23:34:58.943Z;functions.loggin_RM;  ENTER PASSWORD
22-08-2024 23:35:00.105Z;functions.loggin_RM;  ENTER RM
22-08-2024 23:35:24.020Z;functions.enter_coligada;  CLICK CONTEXTO
22-08-2024 23:35:28.176Z;functions.enter_coligada;  CLICK ALTERAR MODULO DO CONTEXTO
22-08-2024 23:35:30.879Z;functions.enter_coligada;  INSERE O COLIGADA CODE = 1
22-08-2024 23:35:30.980Z;functions.enter_coligada;  APERTA TAB PARA PREENCHER O CAMPO COM A STRING: OCEANICA ENGENHARIA E CONSULTORIA S.A.
22-08-2024 23:35:32.457Z;functions.enter_coligada;  CLICK AVANÇAR NOVAMENTE
22-08-2024 23:35:33.519Z;functions.enter_coligada;  CLICK CONCLUIR
22-08-2024 23:35:53.738Z;functions.waitForImage;  TROCA COLIGADA image not found.
22-08-2024 23:36:03.129Z;functions.enter_coligada;  POP UP COLIGADA DESAPARECER
22-08-2024 23:36:03.926Z;functions.check_movimentacao_bancaria;  CLICK - TOTVS - LINHA RM
22-08-2024 23:36:05.269Z;functions.check_movimentacao_bancaria;  CLICK - BACK OFFICE
22-08-2024 23:36:07.769Z;functions.check_movimentacao_bancaria;  CLICK - GESTAO FINANCEIRA
22-08-2024 23:36:07.769Z;functions.movimentacao_bancaria;  AGUARDANDO 1
22-08-2024 23:36:12.738Z;functions.movimentacao_bancaria;  CLICA NA ABA MOVIMENTAÇÃO BANCARIA
22-08-2024 23:36:12.831Z;functions.waitForImage;  IMAGEM BORDERO image found.
22-08-2024 23:36:14.964Z;functions.movimentacao_bancaria;  IMAGEM BORDERO CLICADA.
22-08-2024 23:36:25.144Z;functions.waitForImage;  LICENCAS EXCEDIDAS image not found.
22-08-2024 23:36:25.785Z;functions.movimentacao_bancaria;  ENCONTROU O FILTRO DA MOVIMENTAÇÃO BANCÁRIA
22-08-2024 23:36:25.831Z;functions.movimentacao_bancaria;  CLICA NA ABA SUPERIOR DO FILTRO
22-08-2024 23:36:33.139Z;functions.movimentacao_bancaria;  SELECIONA O FILTRO HOJE
22-08-2024 23:36:38.206Z;functions.waitForImage;  FILTER CLEAN image found.
22-08-2024 23:36:40.338Z;functions.filter_clean;  CLICA NO BOTÃO X DO LIMPA FILTRO
22-08-2024 23:36:55.847Z;functions.waitForImage;  FILTER CLEAN image not found.
22-08-2024 23:37:11.394Z;functions.waitForImage;  FILTER CLEAN image not found.
22-08-2024 23:37:12.644Z;functions.movimentacao_bancaria;  CLICA NA PRIMEIRA LINHA DA TABELA MOVIMENTAÇÃO BANCÁRIA
22-08-2024 23:37:13.675Z;functions.movimentacao_bancaria;  CLICA NA PRIMEIRA LINHA DA TABELA MOVIMENTAÇÃO BANCÁRIA
22-08-2024 23:37:14.901Z;functions.movimentacao_bancaria;  12 PASSOS PARA DIREITA NA TABELA >>
22-08-2024 23:37:16.581Z;functions.movimentacao_bancaria;  HOVER FILTER
22-08-2024 23:37:17.014Z;functions.movimentacao_bancaria;  CLICK FILTER
22-08-2024 23:37:21.327Z;functions.movimentacao_bancaria;  CLICA NO FILTRO  STATUS DA REMESSA
22-08-2024 23:37:23.429Z;functions.movimentacao_bancaria;  APERTA TAB PARA ESCREVER O FILTRO
22-08-2024 23:37:25.536Z;functions.movimentacao_bancaria;  ESCREVE PENDENTE NO FILTRO
22-08-2024 23:37:27.638Z;functions.movimentacao_bancaria;  APERTA ENTER PARA SELECIONAR OS PENDENTES
22-08-2024 23:37:50.143Z;functions.movimentacao_bancaria;  SEM PROCESSAMENTO DE BORDERO PENDENTE
22-08-2024 23:38:00.237Z;functions.waitForImage;  FILTER CLEAN image found.
22-08-2024 23:38:02.369Z;functions.filter_clean;  CLICA NO BOTÃO X DO LIMPA FILTRO
22-08-2024 23:38:17.831Z;functions.waitForImage;  FILTER CLEAN image not found.
22-08-2024 23:38:33.300Z;functions.waitForImage;  FILTER CLEAN image not found.
22-08-2024 23:38:34.706Z;functions.processo_pagamento;  CLICA NA PRIMEIRA LINHA DA TABELA MOVIMENTAÇÃO BANCÁRIA
22-08-2024 23:38:36.393Z;functions.processo_pagamento;  HOVER FILTER
22-08-2024 23:38:36.795Z;functions.processo_pagamento;  CLICK FILTER
22-08-2024 23:38:41.114Z;functions.processo_pagamento;  CLICA NO FILTRO  STATUS DA REMESSA
22-08-2024 23:38:43.216Z;functions.processo_pagamento;  APERTA TAB PARA ESCREVER O FILTRO
22-08-2024 23:38:45.324Z;functions.processo_pagamento;  ESCREVE AUTORIZADO NO FILTRO
22-08-2024 23:38:47.426Z;functions.processo_pagamento;  APERTA ENTER PARA SELECIONAR OS AUTORIZADOS
22-08-2024 23:39:09.971Z;functions.processo_pagamento;  SEM REMESSA DE BORDERO AUTORIZADO
22-08-2024 23:39:11.073Z;functions.processo_pagamento;  FECHA ABA MOVIMENTAÇÕES BANCÁRIAS
22-08-2024 23:39:12.205Z;functions.enter_contas_a_pagar;  CLICK - TOTVS - LINHA RM
22-08-2024 23:39:13.487Z;functions.enter_contas_a_pagar;  CLICK - BACK OFFICE
22-08-2024 23:39:14.299Z;functions.enter_contas_a_pagar;  CLICK - GESTAO FINANCEIRA
22-08-2024 23:39:21.549Z;functions.enter_contas_a_pagar;  CLICK - CONTAS A PAGAR
22-08-2024 23:39:21.643Z;functions.waitForImage;  LANÇAMENTOS image found.
22-08-2024 23:39:23.775Z;functions.enter_contas_a_pagar;  CLICA EM LANÇAMENTOS
22-08-2024 23:39:38.955Z;functions.waitForImage;  LICENCAS EXCEDIDAS image not found.
22-08-2024 23:39:38.955Z;functions.obter_intervalo_data;  VERIFICANDO A HORA ATUAL 23
22-08-2024 23:39:38.955Z;functions.obter_intervalo_data;  Data Inicial BANCARIA antes da remoção: None
22-08-2024 23:39:38.955Z;functions.obter_intervalo_data;  Data Final BANCARIA antes da remoção: None
22-08-2024 23:39:38.971Z;functions.obter_intervalo_data;  Data Inicial BANCARIA após a remoção: None
22-08-2024 23:39:38.971Z;functions.obter_intervalo_data;  Data Final BANCARIA após a remoção: None
22-08-2024 23:39:38.971Z;functions.obter_intervalo_data;  hoje -  2024-08-22 23:39:38.971284
22-08-2024 23:39:38.971Z;functions.data_filter;  DATA INICIO 28-08-2024
22-08-2024 23:39:38.971Z;functions.data_filter;  DATA FIM 03-09-2024
22-08-2024 23:39:38.971Z;functions.data_filter;  CLICK - SELECIONA A DATA DE QUARTA FEIRA E DA PROXIMA TERÇA
22-08-2024 23:39:38.971Z;functions.data_filter;  QUARTA-FEIRA: 28-08-2024
22-08-2024 23:39:38.971Z;functions.data_filter;  TERCA-FEIRA: 03-09-2024
22-08-2024 23:39:55.512Z;functions.data_filter;  REMESSA BANCÁRIA - FILTRO DIGITADO
22-08-2024 23:39:56.330Z;functions.data_filter;  CLICK - BOTAO DE SELECAO DE FILTRO
22-08-2024 23:40:00.533Z;functions.data_filter;  INSERE - DATA DE QUARTA-FEIRA: 28-08-2024
22-08-2024 23:40:04.517Z;functions.data_filter;  INSERE - DATA DA PROX TERCA-FEIRA: 03-09-2024
22-08-2024 23:40:05.424Z;functions.data_filter;  CLICK - BOTAO DE EXECUTAR O FILTRO
22-08-2024 23:40:10.426Z;functions.desmark_filter;  AGUARDANDO 1
22-08-2024 23:40:27.393Z;functions.desmark_filter;  CLICK CHECKBOX LANÇAMENTOS A RECEBER
22-08-2024 23:40:28.827Z;functions.desmark_filter;  CLICK CHECKBOX LANÇAMENTOS BAIXADOS
22-08-2024 23:40:30.131Z;functions.desmark_filter;  CLICK CHECKBOX LANÇAMENTOS CANCELADOS
22-08-2024 23:40:31.642Z;functions.desmark_filter;  CLICK CHECKBOX LANÇAMENTOS FATURADOS
22-08-2024 23:40:33.267Z;functions.desmark_filter;  CLICK CHECKBOX LANÇAMENTOS FATURADOS
22-08-2024 23:40:38.361Z;functions.waitForImage;  FILTER CLEAN image found.
22-08-2024 23:40:40.494Z;functions.filter_clean;  CLICA NO BOTÃO X DO LIMPA FILTRO
22-08-2024 23:40:55.985Z;functions.waitForImage;  FILTER CLEAN image not found.
22-08-2024 23:41:11.408Z;functions.waitForImage;  FILTER CLEAN image not found.
22-08-2024 23:41:11.408Z;functions.check_table_record;  VERIFICANDO SE A TABELA ESTÁ VAZIA
22-08-2024 23:41:13.345Z;functions.check_table_record;  Texto extraido 1/924
22-08-2024 23:41:13.345Z;functions.check_table_record;  Count 924
22-08-2024 23:41:13.361Z;functions.check_table_record;  Type <class 'int'>
22-08-2024 23:41:13.361Z;functions.check_table_record;  TABELA CONTÉM REGISTROS
22-08-2024 23:41:24.815Z;functions.select_tipo_documento;  NOME DA COLUNA: Tipo de Documento
22-08-2024 23:41:26.345Z;functions.select_tipo_documento;  HOVER NOME DA COLUNA: Tipo de Documento
22-08-2024 23:41:27.103Z;functions.select_tipo_documento;  CLICA NO FILTRO PERSONALIZAR
22-08-2024 23:41:28.205Z;functions.select_tipo_documento;  CLICA PARA SELECIONAR OPÇÕES DO FILTRO
22-08-2024 23:41:34.627Z;functions.select_tipo_documento;  FILTRO "NÃO É IGUAL A INV" DEFINIDO
22-08-2024 23:41:35.486Z;functions.select_tipo_documento;  CLICK BUTTON CONFIRMAR FILTRO
22-08-2024 23:41:40.488Z;functions.filter_IPTE;  VERIFICANDO O COD DO CLIENTE EM CADA REGISTRO
22-08-2024 23:41:41.673Z;functions.filter_IPTE;  CLICA NA PRIMEIRA LINHA DA TABELA
22-08-2024 23:42:02.564Z;functions.filter_IPTE;  HOVER FILTER
22-08-2024 23:42:03.462Z;functions.filter_IPTE;  CLICK FILTER
22-08-2024 23:42:07.787Z;functions.filter_IPTE;  CLICA NO FILTRO PERSONALIZAR
22-08-2024 23:42:51.766Z;functions.filter_IPTE;  MOVIDO PRA CIMA 100 VEZES
22-08-2024 23:43:29.673Z;functions.filter_IPTE;  MOVIDO PRA CIMA MAIS 100 VEZES
22-08-2024 23:43:47.173Z;functions.filter_IPTE;  TABELA NÃO CONTÉM REGISTROS
22-08-2024 23:43:47.173Z;functions.check_table_record;  VERIFICANDO SE A TABELA ESTÁ VAZIA
22-08-2024 23:43:49.172Z;functions.check_table_record;  Texto extraido 0/0
22-08-2024 23:43:49.172Z;functions.check_table_record;  Count 0
22-08-2024 23:43:49.172Z;functions.check_table_record;  Type <class 'int'>
22-08-2024 23:43:49.172Z;functions.check_table_record;  SEM REGISTROS
22-08-2024 23:43:51.175Z;main.<module>;  SEM REMESSA BANCÁRIA
22-08-2024 23:43:51.175Z;functions.movimentacao_bancaria;  AGUARDANDO 1
22-08-2024 23:43:52.110Z;functions.movimentacao_bancaria;  CLICA NA ABA MOVIMENTAÇÃO BANCARIA
22-08-2024 23:43:52.220Z;functions.waitForImage;  IMAGEM BORDERO image found.
22-08-2024 23:43:54.329Z;functions.movimentacao_bancaria;  IMAGEM BORDERO CLICADA.
22-08-2024 23:44:04.579Z;functions.waitForImage;  LICENCAS EXCEDIDAS image not found.
22-08-2024 23:44:05.219Z;functions.movimentacao_bancaria;  ENCONTROU O FILTRO DA MOVIMENTAÇÃO BANCÁRIA
22-08-2024 23:44:05.266Z;functions.movimentacao_bancaria;  CLICA NA ABA SUPERIOR DO FILTRO
22-08-2024 23:44:12.573Z;functions.movimentacao_bancaria;  SELECIONA O FILTRO HOJE
22-08-2024 23:44:17.672Z;functions.waitForImage;  FILTER CLEAN image found.
22-08-2024 23:44:19.806Z;functions.filter_clean;  CLICA NO BOTÃO X DO LIMPA FILTRO
22-08-2024 23:44:35.126Z;functions.waitForImage;  FILTER CLEAN image not found.
22-08-2024 23:44:50.485Z;functions.waitForImage;  FILTER CLEAN image not found.
22-08-2024 23:44:51.672Z;functions.movimentacao_bancaria;  CLICA NA PRIMEIRA LINHA DA TABELA MOVIMENTAÇÃO BANCÁRIA
22-08-2024 23:44:52.766Z;functions.movimentacao_bancaria;  CLICA NA PRIMEIRA LINHA DA TABELA MOVIMENTAÇÃO BANCÁRIA
22-08-2024 23:44:53.985Z;functions.movimentacao_bancaria;  12 PASSOS PARA DIREITA NA TABELA >>
22-08-2024 23:44:55.688Z;functions.movimentacao_bancaria;  HOVER FILTER
22-08-2024 23:44:56.148Z;functions.movimentacao_bancaria;  CLICK FILTER
22-08-2024 23:45:00.464Z;functions.movimentacao_bancaria;  CLICA NO FILTRO  STATUS DA REMESSA
22-08-2024 23:45:02.565Z;functions.movimentacao_bancaria;  APERTA TAB PARA ESCREVER O FILTRO
22-08-2024 23:45:04.672Z;functions.movimentacao_bancaria;  ESCREVE PENDENTE NO FILTRO
22-08-2024 23:45:06.774Z;functions.movimentacao_bancaria;  APERTA ENTER PARA SELECIONAR OS PENDENTES
22-08-2024 23:45:29.328Z;functions.movimentacao_bancaria;  SEM PROCESSAMENTO DE BORDERO PENDENTE
22-08-2024 23:45:39.406Z;functions.waitForImage;  FILTER CLEAN image found.
22-08-2024 23:45:41.523Z;functions.filter_clean;  CLICA NO BOTÃO X DO LIMPA FILTRO
22-08-2024 23:45:56.953Z;functions.waitForImage;  FILTER CLEAN image not found.
22-08-2024 23:46:12.344Z;functions.waitForImage;  FILTER CLEAN image not found.
22-08-2024 23:46:13.672Z;functions.processo_pagamento;  CLICA NA PRIMEIRA LINHA DA TABELA MOVIMENTAÇÃO BANCÁRIA
22-08-2024 23:46:15.234Z;functions.processo_pagamento;  HOVER FILTER
22-08-2024 23:46:15.650Z;functions.processo_pagamento;  CLICK FILTER
22-08-2024 23:46:19.965Z;functions.processo_pagamento;  CLICA NO FILTRO  STATUS DA REMESSA
22-08-2024 23:46:22.066Z;functions.processo_pagamento;  APERTA TAB PARA ESCREVER O FILTRO
22-08-2024 23:46:24.175Z;functions.processo_pagamento;  ESCREVE AUTORIZADO NO FILTRO
22-08-2024 23:46:26.276Z;functions.processo_pagamento;  APERTA ENTER PARA SELECIONAR OS AUTORIZADOS
22-08-2024 23:46:48.781Z;functions.processo_pagamento;  SEM REMESSA DE BORDERO AUTORIZADO
22-08-2024 23:46:49.883Z;functions.processo_pagamento;  FECHA ABA MOVIMENTAÇÕES BANCÁRIAS
22-08-2024 23:46:50.734Z;functions.enter_contas_a_pagar;  CLICK - TOTVS - LINHA RM
22-08-2024 23:46:51.578Z;functions.enter_contas_a_pagar;  CLICK - BACK OFFICE
22-08-2024 23:46:52.390Z;functions.enter_contas_a_pagar;  CLICK - GESTAO FINANCEIRA
22-08-2024 23:46:59.702Z;functions.enter_contas_a_pagar;  CLICK - CONTAS A PAGAR
22-08-2024 23:46:59.797Z;functions.waitForImage;  LANÇAMENTOS image found.
22-08-2024 23:47:01.929Z;functions.enter_contas_a_pagar;  CLICA EM LANÇAMENTOS
22-08-2024 23:47:17.109Z;functions.waitForImage;  LICENCAS EXCEDIDAS image not found.
22-08-2024 23:47:17.109Z;functions.obter_intervalo_data;  VERIFICANDO A HORA ATUAL 23
22-08-2024 23:47:17.109Z;functions.obter_intervalo_data;  Data Inicial BANCARIA antes da remoção: None
22-08-2024 23:47:17.109Z;functions.obter_intervalo_data;  Data Final BANCARIA antes da remoção: None
22-08-2024 23:47:17.109Z;functions.obter_intervalo_data;  Data Inicial BANCARIA após a remoção: None
22-08-2024 23:47:17.109Z;functions.obter_intervalo_data;  Data Final BANCARIA após a remoção: None
22-08-2024 23:47:17.109Z;functions.obter_intervalo_data;  hoje -  2024-08-22 23:47:17.109398
22-08-2024 23:47:17.109Z;functions.data_filter;  DATA INICIO 28-08-2024
22-08-2024 23:47:17.109Z;functions.data_filter;  DATA FIM 03-09-2024
22-08-2024 23:47:17.109Z;functions.data_filter;  CLICK - SELECIONA A DATA DE QUARTA FEIRA E DA PROXIMA TERÇA
22-08-2024 23:47:17.109Z;functions.data_filter;  QUARTA-FEIRA: 28-08-2024
22-08-2024 23:47:17.109Z;functions.data_filter;  TERCA-FEIRA: 03-09-2024
22-08-2024 23:47:33.660Z;functions.data_filter;  REMESSA BANCÁRIA - FILTRO DIGITADO
22-08-2024 23:47:34.484Z;functions.data_filter;  CLICK - BOTAO DE SELECAO DE FILTRO
22-08-2024 23:47:38.640Z;functions.data_filter;  INSERE - DATA DE QUARTA-FEIRA: 28-08-2024
22-08-2024 23:47:42.640Z;functions.data_filter;  INSERE - DATA DA PROX TERCA-FEIRA: 03-09-2024
22-08-2024 23:47:43.546Z;functions.data_filter;  CLICK - BOTAO DE EXECUTAR O FILTRO
22-08-2024 23:47:48.549Z;functions.desmark_filter;  AGUARDANDO 1
22-08-2024 23:48:01.983Z;functions.desmark_filter;  CLICK CHECKBOX LANÇAMENTOS A RECEBER
22-08-2024 23:48:03.533Z;functions.desmark_filter;  CLICK CHECKBOX LANÇAMENTOS BAIXADOS
22-08-2024 23:48:05.140Z;functions.desmark_filter;  CLICK CHECKBOX LANÇAMENTOS CANCELADOS
22-08-2024 23:48:06.761Z;functions.desmark_filter;  CLICK CHECKBOX LANÇAMENTOS FATURADOS
22-08-2024 23:48:08.442Z;functions.desmark_filter;  CLICK CHECKBOX LANÇAMENTOS FATURADOS
22-08-2024 23:48:13.499Z;functions.waitForImage;  FILTER CLEAN image found.
22-08-2024 23:48:15.615Z;functions.filter_clean;  CLICA NO BOTÃO X DO LIMPA FILTRO
22-08-2024 23:48:31.107Z;functions.waitForImage;  FILTER CLEAN image not found.
22-08-2024 23:48:46.577Z;functions.waitForImage;  FILTER CLEAN image not found.
22-08-2024 23:48:47.624Z;functions.filter_forma_pagamento;  CLICA NA PRIMEIRA LINHA DA TABELA
22-08-2024 23:48:47.796Z;functions.filter_forma_pagamento;  CLICK NA PRIMEIRA LINHA E COLUNA DA TABELA
22-08-2024 23:49:04.041Z;functions.filter_forma_pagamento;  160 PASSOS PARA DIREITA NA TABELA >>
22-08-2024 23:49:07.436Z;functions.filter_forma_pagamento;  HOVER NOME DA COLUNA FORMA DE PAGAMENTO
22-08-2024 23:49:08.429Z;functions.filter_forma_pagamento;  CLICA PARA APARECER O FILTRO PERSONALIZAR
22-08-2024 23:49:11.746Z;functions.filter_forma_pagamento;  CLICA NO FILTRO PERSONALIZAR
22-08-2024 23:49:23.077Z;functions.filter_forma_pagamento;  Texto extraido 0/0
22-08-2024 23:49:23.077Z;functions.filter_forma_pagamento;  Count 0
22-08-2024 23:49:23.077Z;functions.filter_forma_pagamento;  Type <class 'int'>
22-08-2024 23:49:23.077Z;functions.filter_forma_pagamento;  SEM REGISTROS
22-08-2024 23:49:25.084Z;functions.check_table_record;  VERIFICANDO SE A TABELA ESTÁ VAZIA
22-08-2024 23:49:27.092Z;functions.check_table_record;  Texto extraido 0/0
22-08-2024 23:49:27.092Z;functions.check_table_record;  Count 0
22-08-2024 23:49:27.092Z;functions.check_table_record;  Type <class 'int'>
22-08-2024 23:49:27.092Z;functions.check_table_record;  SEM REGISTROS
22-08-2024 23:49:31.097Z;main.<module>;  SEM REMESSA DE TED CIP
22-08-2024 23:49:31.920Z;functions.enter_contas_a_pagar;  CLICK - TOTVS - LINHA RM
22-08-2024 23:49:33.233Z;functions.enter_contas_a_pagar;  CLICK - BACK OFFICE
22-08-2024 23:49:34.045Z;functions.enter_contas_a_pagar;  CLICK - GESTAO FINANCEIRA
22-08-2024 23:49:41.327Z;functions.enter_contas_a_pagar;  CLICK - CONTAS A PAGAR
22-08-2024 23:49:41.405Z;functions.waitForImage;  LANÇAMENTOS image found.
22-08-2024 23:49:43.522Z;functions.enter_contas_a_pagar;  CLICA EM LANÇAMENTOS
22-08-2024 23:49:58.702Z;functions.waitForImage;  LICENCAS EXCEDIDAS image not found.
22-08-2024 23:49:58.702Z;functions.obter_intervalo_data;  VERIFICANDO A HORA ATUAL 23
22-08-2024 23:49:58.702Z;functions.obter_intervalo_data;  Data Inicial BANCARIA antes da remoção: None
22-08-2024 23:49:58.702Z;functions.obter_intervalo_data;  Data Final BANCARIA antes da remoção: None
22-08-2024 23:49:58.702Z;functions.obter_intervalo_data;  Data Inicial BANCARIA após a remoção: None
22-08-2024 23:49:58.702Z;functions.obter_intervalo_data;  Data Final BANCARIA após a remoção: None
22-08-2024 23:49:58.702Z;functions.obter_intervalo_data;  hoje -  2024-08-22 23:49:58.702014
22-08-2024 23:49:58.702Z;functions.data_filter;  DATA INICIO 28-08-2024
22-08-2024 23:49:58.702Z;functions.data_filter;  DATA FIM 03-09-2024
22-08-2024 23:49:58.702Z;functions.data_filter;  CLICK - SELECIONA A DATA DE QUARTA FEIRA E DA PROXIMA TERÇA
22-08-2024 23:49:58.702Z;functions.data_filter;  QUARTA-FEIRA: 28-08-2024
22-08-2024 23:49:58.702Z;functions.data_filter;  TERCA-FEIRA: 03-09-2024
22-08-2024 23:50:15.252Z;functions.data_filter;  REMESSA BANCÁRIA - FILTRO DIGITADO
22-08-2024 23:50:16.078Z;functions.data_filter;  CLICK - BOTAO DE SELECAO DE FILTRO
22-08-2024 23:50:20.233Z;functions.data_filter;  INSERE - DATA DE QUARTA-FEIRA: 28-08-2024
22-08-2024 23:50:24.233Z;functions.data_filter;  INSERE - DATA DA PROX TERCA-FEIRA: 03-09-2024
22-08-2024 23:50:25.170Z;functions.data_filter;  CLICK - BOTAO DE EXECUTAR O FILTRO
22-08-2024 23:50:30.174Z;functions.desmark_filter;  AGUARDANDO 1
22-08-2024 23:50:42.639Z;functions.desmark_filter;  CLICK CHECKBOX LANÇAMENTOS A RECEBER
22-08-2024 23:50:44.170Z;functions.desmark_filter;  CLICK CHECKBOX LANÇAMENTOS BAIXADOS
22-08-2024 23:50:45.759Z;functions.desmark_filter;  CLICK CHECKBOX LANÇAMENTOS CANCELADOS
22-08-2024 23:50:47.358Z;functions.desmark_filter;  CLICK CHECKBOX LANÇAMENTOS FATURADOS
22-08-2024 23:50:48.982Z;functions.desmark_filter;  CLICK CHECKBOX LANÇAMENTOS FATURADOS
22-08-2024 23:50:54.076Z;functions.waitForImage;  FILTER CLEAN image found.
22-08-2024 23:50:56.186Z;functions.filter_clean;  CLICA NO BOTÃO X DO LIMPA FILTRO
22-08-2024 23:51:11.529Z;functions.waitForImage;  FILTER CLEAN image not found.
22-08-2024 23:51:26.904Z;functions.waitForImage;  FILTER CLEAN image not found.
22-08-2024 23:51:30.060Z;functions.filter_forma_pagamento_branco;  MOVIDO PRA CIMA 10 VEZES
22-08-2024 23:51:31.263Z;functions.filter_forma_pagamento_branco;  CLICK NA PRIMEIRA LINHA E COLUNA DA TABELA
22-08-2024 23:51:47.484Z;functions.filter_forma_pagamento_branco;  160 PASSOS PARA DIREITA NA TABELA >>
22-08-2024 23:51:50.826Z;functions.filter_forma_pagamento_branco;  HOVER NOME DA COLUNA FORMA DE PAGAMENTO
22-08-2024 23:51:51.803Z;functions.filter_forma_pagamento_branco;  CLICA PARA APARECER O FILTRO PERSONALIZAR
22-08-2024 23:51:55.119Z;functions.filter_forma_pagamento_branco;  CLICA NO FILTRO PERSONALIZAR
22-08-2024 23:52:02.654Z;functions.filter_forma_pagamento_branco;  Texto extraido 1/44
22-08-2024 23:52:02.654Z;functions.filter_forma_pagamento_branco;  Count 44
22-08-2024 23:52:02.654Z;functions.filter_forma_pagamento_branco;  Type <class 'int'>
22-08-2024 23:52:02.654Z;functions.filter_forma_pagamento_branco;  TABELA CONTÉM REGISTROS
22-08-2024 23:52:12.732Z;functions.filter_forma_pagamento_branco;  MOVIDO PRA CIMA 44 VEZES
22-08-2024 23:52:16.186Z;functions.check_table_record;  VERIFICANDO SE A TABELA ESTÁ VAZIA
22-08-2024 23:52:18.029Z;functions.check_table_record;  Texto extraido 1/44
22-08-2024 23:52:18.044Z;functions.check_table_record;  Count 44
22-08-2024 23:52:18.044Z;functions.check_table_record;  Type <class 'int'>
22-08-2024 23:52:18.044Z;functions.check_table_record;  TABELA CONTÉM REGISTROS
22-08-2024 23:52:18.044Z;functions.check_ted_branco;  VERIFICANDO O COD DO CLIENTE EM CADA REGISTRO
22-08-2024 23:52:19.263Z;functions.check_ted_branco;  CLICA NA PRIMEIRA LINHA DA TABELA
22-08-2024 23:52:23.367Z;functions.check_ted_branco;  REFERNCIA: 995968
22-08-2024 23:52:23.367Z;functions.check_ted_branco;  CONTAGEM: 1
22-08-2024 23:52:23.669Z;functions.check_ted_branco;  ENTRANDO NO REGISTRO 
22-08-2024 23:52:32.867Z;functions.waitForImage;  INTEGRAÇÃO BANCÁRIA image found.
22-08-2024 23:52:32.990Z;functions.check_ted_branco;  CLICA EM INTEGRAÇÃO BANCÁRIA
22-08-2024 23:52:32.990Z;functions.check_ted_branco;  VERIFICANDO INFORMAÇÕES
22-08-2024 23:52:33.076Z;functions.waitForImage;  TRES PONTINHOS image found.
22-08-2024 23:52:45.691Z;functions.check_ted_branco;  VERIFICANDO SE TEM PIX NO FILTRO
22-08-2024 23:52:45.763Z;functions.waitForImage;  CHECANDO DADOS BANCÁRIOS PIX image found.
22-08-2024 23:52:47.765Z;functions.check_ted_branco;  PIX NÃO ENCONTRADO PARA REFERENCIA: 995968
22-08-2024 23:52:51.478Z;functions.check_ted_branco;  APERTA EM CANCELAR
22-08-2024 23:52:51.544Z;functions.waitForImage;  PRESS BUTTON OK image found.
22-08-2024 23:52:53.677Z;functions.click_ok;  PRESS BUTTON OK
22-08-2024 23:53:05.716Z;functions.waitForImage;  ERROR GENERICO image not found.
22-08-2024 23:53:11.146Z;functions.waitForImage;  ERROR FILTRO PIX image not found.
22-08-2024 23:53:15.249Z;functions.check_ted_branco;  PASSANDO PARA PRÓXIMO REGISTRO
22-08-2024 23:53:19.353Z;functions.check_ted_branco;  REFERNCIA: 753545
22-08-2024 23:53:19.353Z;functions.check_ted_branco;  CONTAGEM: 2
22-08-2024 23:53:19.654Z;functions.check_ted_branco;  ENTRANDO NO REGISTRO 
22-08-2024 23:53:22.825Z;functions.waitForImage;  INTEGRAÇÃO BANCÁRIA image found.
22-08-2024 23:53:22.958Z;functions.check_ted_branco;  CLICA EM INTEGRAÇÃO BANCÁRIA
22-08-2024 23:53:22.958Z;functions.check_ted_branco;  VERIFICANDO INFORMAÇÕES
22-08-2024 23:53:23.622Z;functions.waitForImage;  TRES PONTINHOS image found.
22-08-2024 23:53:36.250Z;functions.check_ted_branco;  VERIFICANDO SE TEM PIX NO FILTRO
22-08-2024 23:53:36.310Z;functions.waitForImage;  CHECANDO DADOS BANCÁRIOS PIX image found.
22-08-2024 23:53:38.325Z;functions.check_ted_branco;  PIX NÃO ENCONTRADO PARA REFERENCIA: 753545
22-08-2024 23:53:42.035Z;functions.check_ted_branco;  APERTA EM CANCELAR
22-08-2024 23:53:42.123Z;functions.waitForImage;  PRESS BUTTON OK image found.
22-08-2024 23:53:44.239Z;functions.click_ok;  PRESS BUTTON OK
22-08-2024 23:53:56.247Z;functions.waitForImage;  ERROR GENERICO image not found.
22-08-2024 23:54:01.669Z;functions.waitForImage;  ERROR FILTRO PIX image not found.
22-08-2024 23:54:05.785Z;functions.check_ted_branco;  PASSANDO PARA PRÓXIMO REGISTRO
22-08-2024 23:54:09.888Z;functions.check_ted_branco;  REFERNCIA: 753608
22-08-2024 23:54:09.888Z;functions.check_ted_branco;  CONTAGEM: 3
22-08-2024 23:54:10.189Z;functions.check_ted_branco;  ENTRANDO NO REGISTRO 
22-08-2024 23:54:14.575Z;functions.waitForImage;  INTEGRAÇÃO BANCÁRIA image found.
22-08-2024 23:54:14.707Z;functions.check_ted_branco;  CLICA EM INTEGRAÇÃO BANCÁRIA
22-08-2024 23:54:14.707Z;functions.check_ted_branco;  VERIFICANDO INFORMAÇÕES
22-08-2024 23:54:15.372Z;functions.waitForImage;  TRES PONTINHOS image found.
22-08-2024 23:54:27.999Z;functions.check_ted_branco;  VERIFICANDO SE TEM PIX NO FILTRO
22-08-2024 23:54:28.059Z;functions.waitForImage;  CHECANDO DADOS BANCÁRIOS PIX image found.
22-08-2024 23:54:30.074Z;functions.check_ted_branco;  PIX NÃO ENCONTRADO PARA REFERENCIA: 753608
22-08-2024 23:54:33.784Z;functions.check_ted_branco;  APERTA EM CANCELAR
22-08-2024 23:54:33.841Z;functions.waitForImage;  PRESS BUTTON OK image found.
22-08-2024 23:54:35.959Z;functions.click_ok;  PRESS BUTTON OK
22-08-2024 23:54:47.966Z;functions.waitForImage;  ERROR GENERICO image not found.
22-08-2024 23:54:53.387Z;functions.waitForImage;  ERROR FILTRO PIX image not found.
22-08-2024 23:54:57.497Z;functions.check_ted_branco;  PASSANDO PARA PRÓXIMO REGISTRO
22-08-2024 23:55:01.599Z;functions.check_ted_branco;  REFERNCIA: 753668
22-08-2024 23:55:01.599Z;functions.check_ted_branco;  CONTAGEM: 4
22-08-2024 23:55:01.900Z;functions.check_ted_branco;  ENTRANDO NO REGISTRO 
22-08-2024 23:55:05.075Z;functions.waitForImage;  INTEGRAÇÃO BANCÁRIA image found.
22-08-2024 23:55:05.208Z;functions.check_ted_branco;  CLICA EM INTEGRAÇÃO BANCÁRIA
22-08-2024 23:55:05.208Z;functions.check_ted_branco;  VERIFICANDO INFORMAÇÕES
22-08-2024 23:55:05.886Z;functions.waitForImage;  TRES PONTINHOS image found.
22-08-2024 23:55:18.509Z;functions.check_ted_branco;  VERIFICANDO SE TEM PIX NO FILTRO
22-08-2024 23:55:18.575Z;functions.waitForImage;  CHECANDO DADOS BANCÁRIOS PIX image found.
22-08-2024 23:55:20.579Z;functions.check_ted_branco;  PIX NÃO ENCONTRADO PARA REFERENCIA: 753668
22-08-2024 23:55:24.287Z;functions.check_ted_branco;  APERTA EM CANCELAR
22-08-2024 23:55:24.340Z;functions.waitForImage;  PRESS BUTTON OK image found.
22-08-2024 23:55:26.457Z;functions.click_ok;  PRESS BUTTON OK
22-08-2024 23:55:38.965Z;functions.waitForImage;  ERROR GENERICO image not found.
22-08-2024 23:55:44.387Z;functions.waitForImage;  ERROR FILTRO PIX image not found.
22-08-2024 23:55:48.496Z;functions.check_ted_branco;  PASSANDO PARA PRÓXIMO REGISTRO
22-08-2024 23:55:52.599Z;functions.check_ted_branco;  REFERNCIA: 753544
22-08-2024 23:55:52.599Z;functions.check_ted_branco;  CONTAGEM: 5
22-08-2024 23:55:52.900Z;functions.check_ted_branco;  ENTRANDO NO REGISTRO 
22-08-2024 23:55:56.084Z;functions.waitForImage;  INTEGRAÇÃO BANCÁRIA image found.
22-08-2024 23:55:56.207Z;functions.check_ted_branco;  CLICA EM INTEGRAÇÃO BANCÁRIA
22-08-2024 23:55:56.207Z;functions.check_ted_branco;  VERIFICANDO INFORMAÇÕES
22-08-2024 23:55:56.871Z;functions.waitForImage;  TRES PONTINHOS image found.
22-08-2024 23:56:09.500Z;functions.check_ted_branco;  VERIFICANDO SE TEM PIX NO FILTRO
22-08-2024 23:56:09.575Z;functions.waitForImage;  CHECANDO DADOS BANCÁRIOS PIX image found.
22-08-2024 23:56:11.576Z;functions.check_ted_branco;  PIX NÃO ENCONTRADO PARA REFERENCIA: 753544
22-08-2024 23:56:15.285Z;functions.check_ted_branco;  APERTA EM CANCELAR
22-08-2024 23:56:15.356Z;functions.waitForImage;  PRESS BUTTON OK image found.
22-08-2024 23:56:17.489Z;functions.click_ok;  PRESS BUTTON OK
22-08-2024 23:56:29.621Z;functions.waitForImage;  ERROR GENERICO image not found.
22-08-2024 23:56:35.043Z;functions.waitForImage;  ERROR FILTRO PIX image not found.
22-08-2024 23:56:39.155Z;functions.check_ted_branco;  PASSANDO PARA PRÓXIMO REGISTRO
22-08-2024 23:56:43.258Z;functions.check_ted_branco;  REFERNCIA: 753607
22-08-2024 23:56:43.258Z;functions.check_ted_branco;  CONTAGEM: 6
22-08-2024 23:56:43.560Z;functions.check_ted_branco;  ENTRANDO NO REGISTRO 
22-08-2024 23:56:46.762Z;functions.waitForImage;  INTEGRAÇÃO BANCÁRIA image found.
22-08-2024 23:56:46.895Z;functions.check_ted_branco;  CLICA EM INTEGRAÇÃO BANCÁRIA
22-08-2024 23:56:46.895Z;functions.check_ted_branco;  VERIFICANDO INFORMAÇÕES
22-08-2024 23:56:47.559Z;functions.waitForImage;  TRES PONTINHOS image found.
22-08-2024 23:57:00.188Z;functions.check_ted_branco;  VERIFICANDO SE TEM PIX NO FILTRO
22-08-2024 23:57:00.262Z;functions.waitForImage;  CHECANDO DADOS BANCÁRIOS PIX image found.
22-08-2024 23:57:02.264Z;functions.check_ted_branco;  PIX NÃO ENCONTRADO PARA REFERENCIA: 753607
22-08-2024 23:57:05.976Z;functions.check_ted_branco;  APERTA EM CANCELAR
22-08-2024 23:57:06.037Z;functions.waitForImage;  PRESS BUTTON OK image found.
22-08-2024 23:57:08.144Z;functions.click_ok;  PRESS BUTTON OK
22-08-2024 23:57:20.668Z;functions.waitForImage;  ERROR GENERICO image not found.
22-08-2024 23:57:26.144Z;functions.waitForImage;  ERROR FILTRO PIX image not found.
22-08-2024 23:57:30.247Z;functions.check_ted_branco;  PASSANDO PARA PRÓXIMO REGISTRO
22-08-2024 23:57:34.350Z;functions.check_ted_branco;  REFERNCIA: 753667
22-08-2024 23:57:34.350Z;functions.check_ted_branco;  CONTAGEM: 7
22-08-2024 23:57:34.651Z;functions.check_ted_branco;  ENTRANDO NO REGISTRO 
22-08-2024 23:57:38.418Z;functions.waitForImage;  INTEGRAÇÃO BANCÁRIA image found.
22-08-2024 23:57:38.550Z;functions.check_ted_branco;  CLICA EM INTEGRAÇÃO BANCÁRIA
22-08-2024 23:57:38.550Z;functions.check_ted_branco;  VERIFICANDO INFORMAÇÕES
22-08-2024 23:57:39.215Z;functions.waitForImage;  TRES PONTINHOS image found.
22-08-2024 23:57:51.842Z;functions.check_ted_branco;  VERIFICANDO SE TEM PIX NO FILTRO
22-08-2024 23:57:51.918Z;functions.waitForImage;  CHECANDO DADOS BANCÁRIOS PIX image found.
22-08-2024 23:57:53.920Z;functions.check_ted_branco;  PIX NÃO ENCONTRADO PARA REFERENCIA: 753667
22-08-2024 23:57:57.628Z;functions.check_ted_branco;  APERTA EM CANCELAR
22-08-2024 23:57:57.699Z;functions.waitForImage;  PRESS BUTTON OK image found.
22-08-2024 23:57:59.832Z;functions.click_ok;  PRESS BUTTON OK
22-08-2024 23:58:12.402Z;functions.waitForImage;  ERROR GENERICO image not found.
22-08-2024 23:58:17.855Z;functions.waitForImage;  ERROR FILTRO PIX image not found.
22-08-2024 23:58:21.966Z;functions.check_ted_branco;  PASSANDO PARA PRÓXIMO REGISTRO
22-08-2024 23:58:26.069Z;functions.check_ted_branco;  REFERNCIA: 987471
22-08-2024 23:58:26.070Z;functions.check_ted_branco;  CONTAGEM: 8
22-08-2024 23:58:26.371Z;functions.check_ted_branco;  ENTRANDO NO REGISTRO 
22-08-2024 23:58:29.542Z;functions.waitForImage;  INTEGRAÇÃO BANCÁRIA image found.
22-08-2024 23:58:29.675Z;functions.check_ted_branco;  CLICA EM INTEGRAÇÃO BANCÁRIA
22-08-2024 23:58:29.675Z;functions.check_ted_branco;  VERIFICANDO INFORMAÇÕES
22-08-2024 23:58:29.746Z;functions.waitForImage;  TRES PONTINHOS image found.
22-08-2024 23:58:42.378Z;functions.check_ted_branco;  VERIFICANDO SE TEM PIX NO FILTRO
22-08-2024 23:58:42.464Z;functions.waitForImage;  CHECANDO DADOS BANCÁRIOS PIX image found.
22-08-2024 23:58:44.466Z;functions.check_ted_branco;  PIX NÃO ENCONTRADO PARA REFERENCIA: 987471
22-08-2024 23:58:48.174Z;functions.check_ted_branco;  APERTA EM CANCELAR
22-08-2024 23:58:48.246Z;functions.waitForImage;  PRESS BUTTON OK image found.
22-08-2024 23:58:50.362Z;functions.click_ok;  PRESS BUTTON OK
22-08-2024 23:59:02.464Z;functions.waitForImage;  ERROR GENERICO image not found.
22-08-2024 23:59:07.917Z;functions.waitForImage;  ERROR FILTRO PIX image not found.
22-08-2024 23:59:12.026Z;functions.check_ted_branco;  PASSANDO PARA PRÓXIMO REGISTRO
22-08-2024 23:59:16.128Z;functions.check_ted_branco;  REFERNCIA: 992602
22-08-2024 23:59:16.128Z;functions.check_ted_branco;  CONTAGEM: 9
22-08-2024 23:59:16.429Z;functions.check_ted_branco;  ENTRANDO NO REGISTRO 
22-08-2024 23:59:19.605Z;functions.waitForImage;  INTEGRAÇÃO BANCÁRIA image found.
22-08-2024 23:59:19.737Z;functions.check_ted_branco;  CLICA EM INTEGRAÇÃO BANCÁRIA
22-08-2024 23:59:19.737Z;functions.check_ted_branco;  VERIFICANDO INFORMAÇÕES
22-08-2024 23:59:20.402Z;functions.waitForImage;  TRES PONTINHOS image found.
22-08-2024 23:59:33.028Z;functions.check_ted_branco;  VERIFICANDO SE TEM PIX NO FILTRO
22-08-2024 23:59:33.089Z;functions.waitForImage;  CHECANDO DADOS BANCÁRIOS PIX image found.
22-08-2024 23:59:35.104Z;functions.check_ted_branco;  PIX NÃO ENCONTRADO PARA REFERENCIA: 992602
22-08-2024 23:59:38.812Z;functions.check_ted_branco;  APERTA EM CANCELAR
22-08-2024 23:59:38.870Z;functions.waitForImage;  PRESS BUTTON OK image found.
22-08-2024 23:59:40.988Z;functions.click_ok;  PRESS BUTTON OK
22-08-2024 23:59:53.042Z;functions.waitForImage;  ERROR GENERICO image not found.
22-08-2024 23:59:58.479Z;functions.waitForImage;  ERROR FILTRO PIX image not found.
23-08-2024 00:00:02.594Z;functions.check_ted_branco;  PASSANDO PARA PRÓXIMO REGISTRO
23-08-2024 00:00:06.698Z;functions.check_ted_branco;  REFERNCIA: 990204
23-08-2024 00:00:06.698Z;functions.check_ted_branco;  CONTAGEM: 10
23-08-2024 00:00:06.999Z;functions.check_ted_branco;  ENTRANDO NO REGISTRO 
23-08-2024 00:00:11.354Z;functions.waitForImage;  INTEGRAÇÃO BANCÁRIA image found.
23-08-2024 00:00:11.488Z;functions.check_ted_branco;  CLICA EM INTEGRAÇÃO BANCÁRIA
23-08-2024 00:00:11.488Z;functions.check_ted_branco;  VERIFICANDO INFORMAÇÕES
23-08-2024 00:00:11.573Z;functions.waitForImage;  TRES PONTINHOS image found.
23-08-2024 00:00:24.189Z;functions.check_ted_branco;  VERIFICANDO SE TEM PIX NO FILTRO
23-08-2024 00:00:24.261Z;functions.waitForImage;  CHECANDO DADOS BANCÁRIOS PIX image found.
23-08-2024 00:00:26.265Z;functions.check_ted_branco;  PIX NÃO ENCONTRADO PARA REFERENCIA: 990204
23-08-2024 00:00:29.973Z;functions.check_ted_branco;  APERTA EM CANCELAR
23-08-2024 00:00:30.042Z;functions.waitForImage;  PRESS BUTTON OK image found.
23-08-2024 00:00:32.174Z;functions.click_ok;  PRESS BUTTON OK
23-08-2024 00:00:44.714Z;functions.waitForImage;  ERROR GENERICO image not found.
23-08-2024 00:00:50.198Z;functions.waitForImage;  ERROR FILTRO PIX image not found.
23-08-2024 00:00:54.309Z;functions.check_ted_branco;  PASSANDO PARA PRÓXIMO REGISTRO
23-08-2024 00:00:58.412Z;functions.check_ted_branco;  REFERNCIA: 995463
23-08-2024 00:00:58.412Z;functions.check_ted_branco;  CONTAGEM: 11
23-08-2024 00:00:58.713Z;functions.check_ted_branco;  ENTRANDO NO REGISTRO 
23-08-2024 00:01:01.890Z;functions.waitForImage;  INTEGRAÇÃO BANCÁRIA image found.
23-08-2024 00:01:02.019Z;functions.check_ted_branco;  CLICA EM INTEGRAÇÃO BANCÁRIA
23-08-2024 00:01:02.019Z;functions.check_ted_branco;  VERIFICANDO INFORMAÇÕES
23-08-2024 00:01:02.105Z;functions.waitForImage;  TRES PONTINHOS image found.
23-08-2024 00:01:14.724Z;functions.check_ted_branco;  VERIFICANDO SE TEM PIX NO FILTRO
23-08-2024 00:01:24.838Z;functions.waitForImage;  CHECANDO DADOS BANCÁRIOS PIX image not found.
23-08-2024 00:01:24.838Z;functions.check_ted_branco;  PIX ENCONTRADO
23-08-2024 00:01:28.259Z;functions.check_ted_branco;  APERTA TAB
23-08-2024 00:01:30.354Z;functions.waitForImage;  DADOS BANCARIOS image found.
23-08-2024 00:01:30.488Z;functions.check_ted_branco;  CLICK EM DADOS BANCARIOS
23-08-2024 00:01:30.590Z;functions.check_ted_branco;  APERTA TAB
23-08-2024 00:01:31.761Z;functions.waitForImage;  CHECANDO DADOS BANCÁRIOS PIX image found.
23-08-2024 00:01:33.772Z;functions.check_ted_branco;  FORMA DE PAGAMENTO PIX SELECIONADA PARA O REGISTRO: 995463
23-08-2024 00:01:33.838Z;functions.waitForImage;  PRESS BUTTON OK image found.
23-08-2024 00:01:35.956Z;functions.click_ok;  PRESS BUTTON OK
23-08-2024 00:01:37.957Z;functions.check_ted_branco;  PRIMEIRO OK
23-08-2024 00:01:38.026Z;functions.waitForImage;  PRESS BUTTON OK image found.
23-08-2024 00:01:40.144Z;functions.click_ok;  PRESS BUTTON OK
23-08-2024 00:01:52.526Z;functions.waitForImage;  ERROR GENERICO image not found.
23-08-2024 00:01:57.995Z;functions.waitForImage;  ERROR FILTRO PIX image not found.
23-08-2024 00:02:02.105Z;functions.check_ted_branco;  PASSANDO PARA PRÓXIMO REGISTRO
23-08-2024 00:02:06.208Z;functions.check_ted_branco;  REFERNCIA: ---------------------------
RM
---------------------------
O registro foi cadastrado com sucesso, entretanto, o mesmo não atende as condições do filtro aplicado na visão. Para visualizá-lo utilize um filtro que retorne os dados do registro.
---------------------------
OK   
---------------------------

23-08-2024 00:02:06.208Z;functions.check_ted_branco;  CONTAGEM: 12
23-08-2024 00:02:06.508Z;functions.check_ted_branco;  ENTRANDO NO REGISTRO 
23-08-2024 00:03:09.760Z;functions.waitForImage;  INTEGRAÇÃO BANCÁRIA image not found.
23-08-2024 00:03:09.760Z;functions.check_ted_branco;  VERIFICANDO INFORMAÇÕES
23-08-2024 00:03:29.963Z;functions.waitForImage;  TRES PONTINHOS image not found.
23-08-2024 00:03:29.978Z;functions.check_ted_branco;  SEM FILTRO PIX
23-08-2024 00:03:40.353Z;functions.waitForImage;  PRESS BUTTON OK image not found.
23-08-2024 00:03:50.849Z;functions.waitForImage;  PRESS BUTTON OK 2 image not found.
23-08-2024 00:04:00.860Z;functions.waitForImage;  ERROR GENERICO image not found.
23-08-2024 00:04:06.307Z;functions.waitForImage;  ERROR FILTRO PIX image not found.
23-08-2024 00:04:10.411Z;functions.check_ted_branco;  PASSANDO PARA PRÓXIMO REGISTRO
23-08-2024 00:04:14.514Z;functions.check_ted_branco;  REFERNCIA: 995956
23-08-2024 00:04:14.514Z;functions.check_ted_branco;  CONTAGEM: 13
23-08-2024 00:04:14.815Z;functions.check_ted_branco;  ENTRANDO NO REGISTRO 
23-08-2024 00:04:18.025Z;functions.waitForImage;  INTEGRAÇÃO BANCÁRIA image found.
23-08-2024 00:04:18.142Z;functions.check_ted_branco;  CLICA EM INTEGRAÇÃO BANCÁRIA
23-08-2024 00:04:18.142Z;functions.check_ted_branco;  VERIFICANDO INFORMAÇÕES
23-08-2024 00:04:18.806Z;functions.waitForImage;  TRES PONTINHOS image found.
23-08-2024 00:04:31.436Z;functions.check_ted_branco;  VERIFICANDO SE TEM PIX NO FILTRO
23-08-2024 00:04:41.509Z;functions.waitForImage;  CHECANDO DADOS BANCÁRIOS PIX image not found.
23-08-2024 00:04:41.509Z;functions.check_ted_branco;  PIX ENCONTRADO
23-08-2024 00:04:44.927Z;functions.check_ted_branco;  APERTA TAB
23-08-2024 00:04:47.009Z;functions.waitForImage;  DADOS BANCARIOS image found.
23-08-2024 00:04:47.143Z;functions.check_ted_branco;  CLICK EM DADOS BANCARIOS
23-08-2024 00:04:47.244Z;functions.check_ted_branco;  APERTA TAB
23-08-2024 00:04:48.416Z;functions.waitForImage;  CHECANDO DADOS BANCÁRIOS PIX image found.
23-08-2024 00:04:50.426Z;functions.check_ted_branco;  FORMA DE PAGAMENTO PIX SELECIONADA PARA O REGISTRO: 995956
23-08-2024 00:04:50.494Z;functions.waitForImage;  PRESS BUTTON OK image found.
23-08-2024 00:04:52.611Z;functions.click_ok;  PRESS BUTTON OK
23-08-2024 00:04:54.612Z;functions.check_ted_branco;  PRIMEIRO OK
23-08-2024 00:04:54.681Z;functions.waitForImage;  PRESS BUTTON OK image found.
23-08-2024 00:04:56.799Z;functions.click_ok;  PRESS BUTTON OK
23-08-2024 00:05:08.931Z;functions.waitForImage;  ERROR GENERICO image not found.
23-08-2024 00:05:14.400Z;functions.waitForImage;  ERROR FILTRO PIX image not found.
23-08-2024 00:05:18.505Z;functions.check_ted_branco;  PASSANDO PARA PRÓXIMO REGISTRO
23-08-2024 00:05:22.608Z;functions.check_ted_branco;  REFERNCIA: ---------------------------
RM
---------------------------
O registro foi cadastrado com sucesso, entretanto, o mesmo não atende as condições do filtro aplicado na visão. Para visualizá-lo utilize um filtro que retorne os dados do registro.
---------------------------
OK   
---------------------------

23-08-2024 00:05:22.608Z;functions.check_ted_branco;  CONTAGEM: 14
23-08-2024 00:05:22.909Z;functions.check_ted_branco;  ENTRANDO NO REGISTRO 
23-08-2024 00:06:26.140Z;functions.waitForImage;  INTEGRAÇÃO BANCÁRIA image not found.
23-08-2024 00:06:26.141Z;functions.check_ted_branco;  VERIFICANDO INFORMAÇÕES
23-08-2024 00:06:46.275Z;functions.waitForImage;  TRES PONTINHOS image not found.
23-08-2024 00:06:46.290Z;functions.check_ted_branco;  SEM FILTRO PIX
23-08-2024 00:06:56.774Z;functions.waitForImage;  PRESS BUTTON OK image not found.
23-08-2024 00:07:07.306Z;functions.waitForImage;  PRESS BUTTON OK 2 image not found.
23-08-2024 00:07:17.868Z;functions.waitForImage;  ERROR GENERICO image not found.
23-08-2024 00:07:23.321Z;functions.waitForImage;  ERROR FILTRO PIX image not found.
23-08-2024 00:07:27.430Z;functions.check_ted_branco;  PASSANDO PARA PRÓXIMO REGISTRO
23-08-2024 00:07:31.532Z;functions.check_ted_branco;  REFERNCIA: 995676
23-08-2024 00:07:31.532Z;functions.check_ted_branco;  CONTAGEM: 15
23-08-2024 00:07:31.834Z;functions.check_ted_branco;  ENTRANDO NO REGISTRO 
23-08-2024 00:07:35.056Z;functions.waitForImage;  INTEGRAÇÃO BANCÁRIA image found.
23-08-2024 00:07:35.172Z;functions.check_ted_branco;  CLICA EM INTEGRAÇÃO BANCÁRIA
23-08-2024 00:07:35.172Z;functions.check_ted_branco;  VERIFICANDO INFORMAÇÕES
23-08-2024 00:07:35.850Z;functions.waitForImage;  TRES PONTINHOS image found.
23-08-2024 00:07:48.466Z;functions.check_ted_branco;  VERIFICANDO SE TEM PIX NO FILTRO
23-08-2024 00:07:48.540Z;functions.waitForImage;  CHECANDO DADOS BANCÁRIOS PIX image found.
23-08-2024 00:07:50.545Z;functions.check_ted_branco;  PIX NÃO ENCONTRADO PARA REFERENCIA: 995676
23-08-2024 00:07:54.255Z;functions.check_ted_branco;  APERTA EM CANCELAR
23-08-2024 00:07:54.306Z;functions.waitForImage;  PRESS BUTTON OK image found.
23-08-2024 00:07:56.423Z;functions.click_ok;  PRESS BUTTON OK
23-08-2024 00:08:08.993Z;functions.waitForImage;  ERROR GENERICO image not found.
23-08-2024 00:08:14.477Z;functions.waitForImage;  ERROR FILTRO PIX image not found.
23-08-2024 00:08:18.589Z;functions.check_ted_branco;  PASSANDO PARA PRÓXIMO REGISTRO
23-08-2024 00:08:22.692Z;functions.check_ted_branco;  REFERNCIA: 995720
23-08-2024 00:08:22.692Z;functions.check_ted_branco;  CONTAGEM: 16
23-08-2024 00:08:22.993Z;functions.check_ted_branco;  ENTRANDO NO REGISTRO 
23-08-2024 00:08:26.166Z;functions.waitForImage;  INTEGRAÇÃO BANCÁRIA image found.
23-08-2024 00:08:26.297Z;functions.check_ted_branco;  CLICA EM INTEGRAÇÃO BANCÁRIA
23-08-2024 00:08:26.297Z;functions.check_ted_branco;  VERIFICANDO INFORMAÇÕES
23-08-2024 00:08:26.961Z;functions.waitForImage;  TRES PONTINHOS image found.
23-08-2024 00:08:39.591Z;functions.check_ted_branco;  VERIFICANDO SE TEM PIX NO FILTRO
23-08-2024 00:08:39.665Z;functions.waitForImage;  CHECANDO DADOS BANCÁRIOS PIX image found.
23-08-2024 00:08:41.667Z;functions.check_ted_branco;  PIX NÃO ENCONTRADO PARA REFERENCIA: 995720
23-08-2024 00:08:45.376Z;functions.check_ted_branco;  APERTA EM CANCELAR
23-08-2024 00:08:45.445Z;functions.waitForImage;  PRESS BUTTON OK image found.
23-08-2024 00:08:47.579Z;functions.click_ok;  PRESS BUTTON OK
23-08-2024 00:08:59.680Z;functions.waitForImage;  ERROR GENERICO image not found.
23-08-2024 00:09:05.133Z;functions.waitForImage;  ERROR FILTRO PIX image not found.
23-08-2024 00:09:09.243Z;functions.check_ted_branco;  PASSANDO PARA PRÓXIMO REGISTRO
23-08-2024 00:09:13.345Z;functions.check_ted_branco;  REFERNCIA: 994668
23-08-2024 00:09:13.345Z;functions.check_ted_branco;  CONTAGEM: 17
23-08-2024 00:09:13.646Z;functions.check_ted_branco;  ENTRANDO NO REGISTRO 
23-08-2024 00:09:16.836Z;functions.waitForImage;  INTEGRAÇÃO BANCÁRIA image found.
23-08-2024 00:09:16.954Z;functions.check_ted_branco;  CLICA EM INTEGRAÇÃO BANCÁRIA
23-08-2024 00:09:16.954Z;functions.check_ted_branco;  VERIFICANDO INFORMAÇÕES
23-08-2024 00:09:17.617Z;functions.waitForImage;  TRES PONTINHOS image found.
23-08-2024 00:09:30.247Z;functions.check_ted_branco;  VERIFICANDO SE TEM PIX NO FILTRO
23-08-2024 00:09:30.320Z;functions.waitForImage;  CHECANDO DADOS BANCÁRIOS PIX image found.
23-08-2024 00:09:32.323Z;functions.check_ted_branco;  PIX NÃO ENCONTRADO PARA REFERENCIA: 994668
23-08-2024 00:09:36.032Z;functions.check_ted_branco;  APERTA EM CANCELAR
23-08-2024 00:09:36.095Z;functions.waitForImage;  PRESS BUTTON OK image found.
23-08-2024 00:09:38.203Z;functions.click_ok;  PRESS BUTTON OK
23-08-2024 00:09:50.273Z;functions.waitForImage;  ERROR GENERICO image not found.
23-08-2024 00:09:55.727Z;functions.waitForImage;  ERROR FILTRO PIX image not found.
23-08-2024 00:09:59.837Z;functions.check_ted_branco;  PASSANDO PARA PRÓXIMO REGISTRO
23-08-2024 00:10:03.940Z;functions.check_ted_branco;  REFERNCIA: 994673
23-08-2024 00:10:03.940Z;functions.check_ted_branco;  CONTAGEM: 18
23-08-2024 00:10:04.241Z;functions.check_ted_branco;  ENTRANDO NO REGISTRO 
23-08-2024 00:10:07.414Z;functions.waitForImage;  INTEGRAÇÃO BANCÁRIA image found.
23-08-2024 00:10:07.546Z;functions.check_ted_branco;  CLICA EM INTEGRAÇÃO BANCÁRIA
23-08-2024 00:10:07.546Z;functions.check_ted_branco;  VERIFICANDO INFORMAÇÕES
23-08-2024 00:10:08.211Z;functions.waitForImage;  TRES PONTINHOS image found.
23-08-2024 00:10:20.850Z;functions.check_ted_branco;  VERIFICANDO SE TEM PIX NO FILTRO
23-08-2024 00:10:20.945Z;functions.waitForImage;  CHECANDO DADOS BANCÁRIOS PIX image found.
23-08-2024 00:10:22.961Z;functions.check_ted_branco;  PIX NÃO ENCONTRADO PARA REFERENCIA: 994673
23-08-2024 00:10:26.678Z;functions.check_ted_branco;  APERTA EM CANCELAR
23-08-2024 00:10:26.742Z;functions.waitForImage;  PRESS BUTTON OK image found.
23-08-2024 00:10:28.860Z;functions.click_ok;  PRESS BUTTON OK
23-08-2024 00:10:41.336Z;functions.waitForImage;  ERROR GENERICO image not found.
23-08-2024 00:10:46.789Z;functions.waitForImage;  ERROR FILTRO PIX image not found.
23-08-2024 00:10:50.898Z;functions.check_ted_branco;  PASSANDO PARA PRÓXIMO REGISTRO
23-08-2024 00:10:55.001Z;functions.check_ted_branco;  REFERNCIA: 994677
23-08-2024 00:10:55.001Z;functions.check_ted_branco;  CONTAGEM: 19
23-08-2024 00:10:55.302Z;functions.check_ted_branco;  ENTRANDO NO REGISTRO 
23-08-2024 00:10:58.476Z;functions.waitForImage;  INTEGRAÇÃO BANCÁRIA image found.
23-08-2024 00:10:58.609Z;functions.check_ted_branco;  CLICA EM INTEGRAÇÃO BANCÁRIA
23-08-2024 00:10:58.610Z;functions.check_ted_branco;  VERIFICANDO INFORMAÇÕES
23-08-2024 00:10:59.289Z;functions.waitForImage;  TRES PONTINHOS image found.
23-08-2024 00:11:11.905Z;functions.check_ted_branco;  VERIFICANDO SE TEM PIX NO FILTRO
23-08-2024 00:11:11.961Z;functions.waitForImage;  CHECANDO DADOS BANCÁRIOS PIX image found.
23-08-2024 00:11:13.974Z;functions.check_ted_branco;  PIX NÃO ENCONTRADO PARA REFERENCIA: 994677
23-08-2024 00:11:17.681Z;functions.check_ted_branco;  APERTA EM CANCELAR
23-08-2024 00:11:17.742Z;functions.waitForImage;  PRESS BUTTON OK image found.
23-08-2024 00:11:19.859Z;functions.click_ok;  PRESS BUTTON OK
23-08-2024 00:11:31.961Z;functions.waitForImage;  ERROR GENERICO image not found.
23-08-2024 00:11:37.445Z;functions.waitForImage;  ERROR FILTRO PIX image not found.
23-08-2024 00:11:41.558Z;functions.check_ted_branco;  PASSANDO PARA PRÓXIMO REGISTRO
23-08-2024 00:11:45.661Z;functions.check_ted_branco;  REFERNCIA: 994688
23-08-2024 00:11:45.661Z;functions.check_ted_branco;  CONTAGEM: 20
23-08-2024 00:11:45.962Z;functions.check_ted_branco;  ENTRANDO NO REGISTRO 
23-08-2024 00:11:49.132Z;functions.waitForImage;  INTEGRAÇÃO BANCÁRIA image found.
23-08-2024 00:11:49.266Z;functions.check_ted_branco;  CLICA EM INTEGRAÇÃO BANCÁRIA
23-08-2024 00:11:49.266Z;functions.check_ted_branco;  VERIFICANDO INFORMAÇÕES
23-08-2024 00:11:49.929Z;functions.waitForImage;  TRES PONTINHOS image found.
23-08-2024 00:12:02.557Z;functions.check_ted_branco;  VERIFICANDO SE TEM PIX NO FILTRO
23-08-2024 00:12:02.617Z;functions.waitForImage;  CHECANDO DADOS BANCÁRIOS PIX image found.
23-08-2024 00:12:04.631Z;functions.check_ted_branco;  PIX NÃO ENCONTRADO PARA REFERENCIA: 994688
23-08-2024 00:12:08.338Z;functions.check_ted_branco;  APERTA EM CANCELAR
23-08-2024 00:12:08.398Z;functions.waitForImage;  PRESS BUTTON OK image found.
23-08-2024 00:12:10.514Z;functions.click_ok;  PRESS BUTTON OK
23-08-2024 00:12:23.101Z;functions.waitForImage;  ERROR GENERICO image not found.
23-08-2024 00:12:28.538Z;functions.waitForImage;  ERROR FILTRO PIX image not found.
23-08-2024 00:12:32.651Z;functions.check_ted_branco;  PASSANDO PARA PRÓXIMO REGISTRO
23-08-2024 00:12:36.754Z;functions.check_ted_branco;  REFERNCIA: 994766
23-08-2024 00:12:36.754Z;functions.check_ted_branco;  CONTAGEM: 21
23-08-2024 00:12:37.055Z;functions.check_ted_branco;  ENTRANDO NO REGISTRO 
23-08-2024 00:12:40.234Z;functions.waitForImage;  INTEGRAÇÃO BANCÁRIA image found.
23-08-2024 00:12:40.359Z;functions.check_ted_branco;  CLICA EM INTEGRAÇÃO BANCÁRIA
23-08-2024 00:12:40.359Z;functions.check_ted_branco;  VERIFICANDO INFORMAÇÕES
23-08-2024 00:12:41.037Z;functions.waitForImage;  TRES PONTINHOS image found.
23-08-2024 00:12:53.651Z;functions.check_ted_branco;  VERIFICANDO SE TEM PIX NO FILTRO
23-08-2024 00:12:53.710Z;functions.waitForImage;  CHECANDO DADOS BANCÁRIOS PIX image found.
23-08-2024 00:12:55.724Z;functions.check_ted_branco;  PIX NÃO ENCONTRADO PARA REFERENCIA: 994766
23-08-2024 00:12:59.444Z;functions.check_ted_branco;  APERTA EM CANCELAR
23-08-2024 00:12:59.522Z;functions.waitForImage;  PRESS BUTTON OK image found.
23-08-2024 00:13:01.640Z;functions.click_ok;  PRESS BUTTON OK
23-08-2024 00:13:13.741Z;functions.waitForImage;  ERROR GENERICO image not found.
23-08-2024 00:13:19.194Z;functions.waitForImage;  ERROR FILTRO PIX image not found.
23-08-2024 00:13:23.301Z;functions.check_ted_branco;  PASSANDO PARA PRÓXIMO REGISTRO
23-08-2024 00:13:27.405Z;functions.check_ted_branco;  REFERNCIA: 994775
23-08-2024 00:13:27.405Z;functions.check_ted_branco;  CONTAGEM: 22
23-08-2024 00:13:27.707Z;functions.check_ted_branco;  ENTRANDO NO REGISTRO 
23-08-2024 00:13:30.890Z;functions.waitForImage;  INTEGRAÇÃO BANCÁRIA image found.
23-08-2024 00:13:31.015Z;functions.check_ted_branco;  CLICA EM INTEGRAÇÃO BANCÁRIA
23-08-2024 00:13:31.015Z;functions.check_ted_branco;  VERIFICANDO INFORMAÇÕES
23-08-2024 00:13:31.679Z;functions.waitForImage;  TRES PONTINHOS image found.
23-08-2024 00:13:44.307Z;functions.check_ted_branco;  VERIFICANDO SE TEM PIX NO FILTRO
23-08-2024 00:13:44.382Z;functions.waitForImage;  CHECANDO DADOS BANCÁRIOS PIX image found.
23-08-2024 00:13:46.386Z;functions.check_ted_branco;  PIX NÃO ENCONTRADO PARA REFERENCIA: 994775
23-08-2024 00:13:50.094Z;functions.check_ted_branco;  APERTA EM CANCELAR
23-08-2024 00:13:50.148Z;functions.waitForImage;  PRESS BUTTON OK image found.
23-08-2024 00:13:52.264Z;functions.click_ok;  PRESS BUTTON OK
23-08-2024 00:14:04.335Z;functions.waitForImage;  ERROR GENERICO image not found.
23-08-2024 00:14:09.772Z;functions.waitForImage;  ERROR FILTRO PIX image not found.
23-08-2024 00:14:13.887Z;functions.check_ted_branco;  PASSANDO PARA PRÓXIMO REGISTRO
23-08-2024 00:14:17.990Z;functions.check_ted_branco;  REFERNCIA: 994894
23-08-2024 00:14:17.990Z;functions.check_ted_branco;  CONTAGEM: 23
23-08-2024 00:14:18.292Z;functions.check_ted_branco;  ENTRANDO NO REGISTRO 
23-08-2024 00:14:21.476Z;functions.waitForImage;  INTEGRAÇÃO BANCÁRIA image found.
23-08-2024 00:14:21.608Z;functions.check_ted_branco;  CLICA EM INTEGRAÇÃO BANCÁRIA
23-08-2024 00:14:21.608Z;functions.check_ted_branco;  VERIFICANDO INFORMAÇÕES
23-08-2024 00:14:22.272Z;functions.waitForImage;  TRES PONTINHOS image found.
23-08-2024 00:14:34.901Z;functions.check_ted_branco;  VERIFICANDO SE TEM PIX NO FILTRO
23-08-2024 00:14:34.960Z;functions.waitForImage;  CHECANDO DADOS BANCÁRIOS PIX image found.
23-08-2024 00:14:36.976Z;functions.check_ted_branco;  PIX NÃO ENCONTRADO PARA REFERENCIA: 994894
23-08-2024 00:14:40.684Z;functions.check_ted_branco;  APERTA EM CANCELAR
23-08-2024 00:14:40.741Z;functions.waitForImage;  PRESS BUTTON OK image found.
23-08-2024 00:14:42.857Z;functions.click_ok;  PRESS BUTTON OK
23-08-2024 00:14:54.975Z;functions.waitForImage;  ERROR GENERICO image not found.
23-08-2024 00:15:00.412Z;functions.waitForImage;  ERROR FILTRO PIX image not found.
23-08-2024 00:15:04.522Z;functions.check_ted_branco;  PASSANDO PARA PRÓXIMO REGISTRO
23-08-2024 00:15:08.625Z;functions.check_ted_branco;  REFERNCIA: 994905
23-08-2024 00:15:08.625Z;functions.check_ted_branco;  CONTAGEM: 24
23-08-2024 00:15:08.926Z;functions.check_ted_branco;  ENTRANDO NO REGISTRO 
23-08-2024 00:15:12.100Z;functions.waitForImage;  INTEGRAÇÃO BANCÁRIA image found.
23-08-2024 00:15:12.233Z;functions.check_ted_branco;  CLICA EM INTEGRAÇÃO BANCÁRIA
23-08-2024 00:15:12.233Z;functions.check_ted_branco;  VERIFICANDO INFORMAÇÕES
23-08-2024 00:15:12.913Z;functions.waitForImage;  TRES PONTINHOS image found.
23-08-2024 00:15:25.527Z;functions.check_ted_branco;  VERIFICANDO SE TEM PIX NO FILTRO
23-08-2024 00:15:25.600Z;functions.waitForImage;  CHECANDO DADOS BANCÁRIOS PIX image found.
23-08-2024 00:15:27.606Z;functions.check_ted_branco;  PIX NÃO ENCONTRADO PARA REFERENCIA: 994905
23-08-2024 00:15:31.315Z;functions.check_ted_branco;  APERTA EM CANCELAR
23-08-2024 00:15:31.381Z;functions.waitForImage;  PRESS BUTTON OK image found.
23-08-2024 00:15:33.514Z;functions.click_ok;  PRESS BUTTON OK
23-08-2024 00:15:45.647Z;functions.waitForImage;  ERROR GENERICO image not found.
23-08-2024 00:15:51.148Z;functions.waitForImage;  ERROR FILTRO PIX image not found.
23-08-2024 00:15:55.252Z;functions.check_ted_branco;  PASSANDO PARA PRÓXIMO REGISTRO
23-08-2024 00:15:59.355Z;functions.check_ted_branco;  REFERNCIA: 994912
23-08-2024 00:15:59.355Z;functions.check_ted_branco;  CONTAGEM: 25
23-08-2024 00:15:59.656Z;functions.check_ted_branco;  ENTRANDO NO REGISTRO 
23-08-2024 00:16:03.444Z;functions.waitForImage;  INTEGRAÇÃO BANCÁRIA image found.
23-08-2024 00:16:03.577Z;functions.check_ted_branco;  CLICA EM INTEGRAÇÃO BANCÁRIA
23-08-2024 00:16:03.577Z;functions.check_ted_branco;  VERIFICANDO INFORMAÇÕES
23-08-2024 00:16:04.256Z;functions.waitForImage;  TRES PONTINHOS image found.
23-08-2024 00:16:16.873Z;functions.check_ted_branco;  VERIFICANDO SE TEM PIX NO FILTRO
23-08-2024 00:16:16.943Z;functions.waitForImage;  CHECANDO DADOS BANCÁRIOS PIX image found.
23-08-2024 00:16:18.944Z;functions.check_ted_branco;  PIX NÃO ENCONTRADO PARA REFERENCIA: 994912
23-08-2024 00:16:22.654Z;functions.check_ted_branco;  APERTA EM CANCELAR
23-08-2024 00:16:22.709Z;functions.waitForImage;  PRESS BUTTON OK image found.
23-08-2024 00:16:24.826Z;functions.click_ok;  PRESS BUTTON OK
23-08-2024 00:16:36.912Z;functions.waitForImage;  ERROR GENERICO image not found.
23-08-2024 00:16:42.349Z;functions.waitForImage;  ERROR FILTRO PIX image not found.
23-08-2024 00:16:46.461Z;functions.check_ted_branco;  PASSANDO PARA PRÓXIMO REGISTRO
23-08-2024 00:16:50.563Z;functions.check_ted_branco;  REFERNCIA: 994788
23-08-2024 00:16:50.563Z;functions.check_ted_branco;  CONTAGEM: 26
23-08-2024 00:16:50.864Z;functions.check_ted_branco;  ENTRANDO NO REGISTRO 
23-08-2024 00:16:54.037Z;functions.waitForImage;  INTEGRAÇÃO BANCÁRIA image found.
23-08-2024 00:16:54.170Z;functions.check_ted_branco;  CLICA EM INTEGRAÇÃO BANCÁRIA
23-08-2024 00:16:54.170Z;functions.check_ted_branco;  VERIFICANDO INFORMAÇÕES
23-08-2024 00:16:54.850Z;functions.waitForImage;  TRES PONTINHOS image found.
23-08-2024 00:17:07.465Z;functions.check_ted_branco;  VERIFICANDO SE TEM PIX NO FILTRO
23-08-2024 00:17:07.537Z;functions.waitForImage;  CHECANDO DADOS BANCÁRIOS PIX image found.
23-08-2024 00:17:09.551Z;functions.check_ted_branco;  PIX NÃO ENCONTRADO PARA REFERENCIA: 994788
23-08-2024 00:17:13.260Z;functions.check_ted_branco;  APERTA EM CANCELAR
23-08-2024 00:17:13.334Z;functions.waitForImage;  PRESS BUTTON OK image found.
23-08-2024 00:17:15.452Z;functions.click_ok;  PRESS BUTTON OK
23-08-2024 00:17:27.506Z;functions.waitForImage;  ERROR GENERICO image not found.
23-08-2024 00:17:32.943Z;functions.waitForImage;  ERROR FILTRO PIX image not found.
23-08-2024 00:17:37.051Z;functions.check_ted_branco;  PASSANDO PARA PRÓXIMO REGISTRO
23-08-2024 00:17:41.153Z;functions.check_ted_branco;  REFERNCIA: 994790
23-08-2024 00:17:41.153Z;functions.check_ted_branco;  CONTAGEM: 27
23-08-2024 00:17:41.455Z;functions.check_ted_branco;  ENTRANDO NO REGISTRO 
23-08-2024 00:17:44.638Z;functions.waitForImage;  INTEGRAÇÃO BANCÁRIA image found.
23-08-2024 00:17:44.764Z;functions.check_ted_branco;  CLICA EM INTEGRAÇÃO BANCÁRIA
23-08-2024 00:17:44.764Z;functions.check_ted_branco;  VERIFICANDO INFORMAÇÕES
23-08-2024 00:17:45.443Z;functions.waitForImage;  TRES PONTINHOS image found.
23-08-2024 00:17:58.063Z;functions.check_ted_branco;  VERIFICANDO SE TEM PIX NO FILTRO
23-08-2024 00:17:58.130Z;functions.waitForImage;  CHECANDO DADOS BANCÁRIOS PIX image found.
23-08-2024 00:18:00.132Z;functions.check_ted_branco;  PIX NÃO ENCONTRADO PARA REFERENCIA: 994790
23-08-2024 00:18:03.841Z;functions.check_ted_branco;  APERTA EM CANCELAR
23-08-2024 00:18:03.896Z;functions.waitForImage;  PRESS BUTTON OK image found.
23-08-2024 00:18:06.014Z;functions.click_ok;  PRESS BUTTON OK
23-08-2024 00:18:18.131Z;functions.waitForImage;  ERROR GENERICO image not found.
23-08-2024 00:18:23.568Z;functions.waitForImage;  ERROR FILTRO PIX image not found.
23-08-2024 00:18:27.675Z;functions.check_ted_branco;  PASSANDO PARA PRÓXIMO REGISTRO
23-08-2024 00:18:31.778Z;functions.check_ted_branco;  REFERNCIA: 994821
23-08-2024 00:18:31.778Z;functions.check_ted_branco;  CONTAGEM: 28
23-08-2024 00:18:32.079Z;functions.check_ted_branco;  ENTRANDO NO REGISTRO 
23-08-2024 00:18:35.255Z;functions.waitForImage;  INTEGRAÇÃO BANCÁRIA image found.
23-08-2024 00:18:35.388Z;functions.check_ted_branco;  CLICA EM INTEGRAÇÃO BANCÁRIA
23-08-2024 00:18:35.388Z;functions.check_ted_branco;  VERIFICANDO INFORMAÇÕES
23-08-2024 00:18:36.067Z;functions.waitForImage;  TRES PONTINHOS image found.
23-08-2024 00:18:48.682Z;functions.check_ted_branco;  VERIFICANDO SE TEM PIX NO FILTRO
23-08-2024 00:18:48.755Z;functions.waitForImage;  CHECANDO DADOS BANCÁRIOS PIX image found.
23-08-2024 00:18:50.760Z;functions.check_ted_branco;  PIX NÃO ENCONTRADO PARA REFERENCIA: 994821
23-08-2024 00:18:54.469Z;functions.check_ted_branco;  APERTA EM CANCELAR
23-08-2024 00:18:54.536Z;functions.waitForImage;  PRESS BUTTON OK image found.
23-08-2024 00:18:56.669Z;functions.click_ok;  PRESS BUTTON OK
23-08-2024 00:19:09.240Z;functions.waitForImage;  ERROR GENERICO image not found.
23-08-2024 00:19:14.708Z;functions.waitForImage;  ERROR FILTRO PIX image not found.
23-08-2024 00:19:18.814Z;functions.check_ted_branco;  PASSANDO PARA PRÓXIMO REGISTRO
23-08-2024 00:19:22.918Z;functions.check_ted_branco;  REFERNCIA: 994851
23-08-2024 00:19:22.918Z;functions.check_ted_branco;  CONTAGEM: 29
23-08-2024 00:19:23.218Z;functions.check_ted_branco;  ENTRANDO NO REGISTRO 
23-08-2024 00:19:26.411Z;functions.waitForImage;  INTEGRAÇÃO BANCÁRIA image found.
23-08-2024 00:19:26.545Z;functions.check_ted_branco;  CLICA EM INTEGRAÇÃO BANCÁRIA
23-08-2024 00:19:26.545Z;functions.check_ted_branco;  VERIFICANDO INFORMAÇÕES
23-08-2024 00:19:27.208Z;functions.waitForImage;  TRES PONTINHOS image found.
23-08-2024 00:19:39.834Z;functions.check_ted_branco;  VERIFICANDO SE TEM PIX NO FILTRO
23-08-2024 00:19:39.896Z;functions.waitForImage;  CHECANDO DADOS BANCÁRIOS PIX image found.
23-08-2024 00:19:41.912Z;functions.check_ted_branco;  PIX NÃO ENCONTRADO PARA REFERENCIA: 994851
23-08-2024 00:19:45.621Z;functions.check_ted_branco;  APERTA EM CANCELAR
23-08-2024 00:19:45.692Z;functions.waitForImage;  PRESS BUTTON OK image found.
23-08-2024 00:19:47.825Z;functions.click_ok;  PRESS BUTTON OK
23-08-2024 00:19:59.896Z;functions.waitForImage;  ERROR GENERICO image not found.
23-08-2024 00:20:05.349Z;functions.waitForImage;  ERROR FILTRO PIX image not found.
23-08-2024 00:20:09.456Z;functions.check_ted_branco;  PASSANDO PARA PRÓXIMO REGISTRO
23-08-2024 00:20:13.559Z;functions.check_ted_branco;  REFERNCIA: 994860
23-08-2024 00:20:13.559Z;functions.check_ted_branco;  CONTAGEM: 30
23-08-2024 00:20:13.860Z;functions.check_ted_branco;  ENTRANDO NO REGISTRO 
23-08-2024 00:20:17.036Z;functions.waitForImage;  INTEGRAÇÃO BANCÁRIA image found.
23-08-2024 00:20:17.169Z;functions.check_ted_branco;  CLICA EM INTEGRAÇÃO BANCÁRIA
23-08-2024 00:20:17.169Z;functions.check_ted_branco;  VERIFICANDO INFORMAÇÕES
23-08-2024 00:20:17.833Z;functions.waitForImage;  TRES PONTINHOS image found.
23-08-2024 00:20:30.464Z;functions.check_ted_branco;  VERIFICANDO SE TEM PIX NO FILTRO
23-08-2024 00:20:30.536Z;functions.waitForImage;  CHECANDO DADOS BANCÁRIOS PIX image found.
23-08-2024 00:20:32.545Z;functions.check_ted_branco;  PIX NÃO ENCONTRADO PARA REFERENCIA: 994860
23-08-2024 00:20:36.254Z;functions.check_ted_branco;  APERTA EM CANCELAR
23-08-2024 00:20:36.333Z;functions.waitForImage;  PRESS BUTTON OK image found.
23-08-2024 00:20:38.451Z;functions.click_ok;  PRESS BUTTON OK
23-08-2024 00:20:50.474Z;functions.waitForImage;  ERROR GENERICO image not found.
23-08-2024 00:20:55.924Z;functions.waitForImage;  ERROR FILTRO PIX image not found.
23-08-2024 00:21:00.028Z;functions.check_ted_branco;  PASSANDO PARA PRÓXIMO REGISTRO
23-08-2024 00:21:04.131Z;functions.check_ted_branco;  REFERNCIA: 994871
23-08-2024 00:21:04.131Z;functions.check_ted_branco;  CONTAGEM: 31
23-08-2024 00:21:04.432Z;functions.check_ted_branco;  ENTRANDO NO REGISTRO 
23-08-2024 00:21:07.661Z;functions.waitForImage;  INTEGRAÇÃO BANCÁRIA image found.
23-08-2024 00:21:07.794Z;functions.check_ted_branco;  CLICA EM INTEGRAÇÃO BANCÁRIA
23-08-2024 00:21:07.794Z;functions.check_ted_branco;  VERIFICANDO INFORMAÇÕES
23-08-2024 00:21:08.458Z;functions.waitForImage;  TRES PONTINHOS image found.
23-08-2024 00:21:21.086Z;functions.check_ted_branco;  VERIFICANDO SE TEM PIX NO FILTRO
23-08-2024 00:21:21.159Z;functions.waitForImage;  CHECANDO DADOS BANCÁRIOS PIX image found.
23-08-2024 00:21:23.159Z;functions.check_ted_branco;  PIX NÃO ENCONTRADO PARA REFERENCIA: 994871
23-08-2024 00:21:26.871Z;functions.check_ted_branco;  APERTA EM CANCELAR
23-08-2024 00:21:26.926Z;functions.waitForImage;  PRESS BUTTON OK image found.
23-08-2024 00:21:29.043Z;functions.click_ok;  PRESS BUTTON OK
23-08-2024 00:21:41.129Z;functions.waitForImage;  ERROR GENERICO image not found.
23-08-2024 00:21:46.567Z;functions.waitForImage;  ERROR FILTRO PIX image not found.
23-08-2024 00:21:50.680Z;functions.check_ted_branco;  PASSANDO PARA PRÓXIMO REGISTRO
23-08-2024 00:21:54.798Z;functions.check_ted_branco;  REFERNCIA: 995852
23-08-2024 00:21:54.798Z;functions.check_ted_branco;  CONTAGEM: 32
23-08-2024 00:21:55.099Z;functions.check_ted_branco;  ENTRANDO NO REGISTRO 
23-08-2024 00:21:58.286Z;functions.waitForImage;  INTEGRAÇÃO BANCÁRIA image found.
23-08-2024 00:21:58.419Z;functions.check_ted_branco;  CLICA EM INTEGRAÇÃO BANCÁRIA
23-08-2024 00:21:58.419Z;functions.check_ted_branco;  VERIFICANDO INFORMAÇÕES
23-08-2024 00:21:59.083Z;functions.waitForImage;  TRES PONTINHOS image found.
23-08-2024 00:22:11.713Z;functions.check_ted_branco;  VERIFICANDO SE TEM PIX NO FILTRO
23-08-2024 00:22:11.770Z;functions.waitForImage;  CHECANDO DADOS BANCÁRIOS PIX image found.
23-08-2024 00:22:13.783Z;functions.check_ted_branco;  PIX NÃO ENCONTRADO PARA REFERENCIA: 995852
23-08-2024 00:22:17.493Z;functions.check_ted_branco;  APERTA EM CANCELAR
23-08-2024 00:22:17.552Z;functions.waitForImage;  PRESS BUTTON OK image found.
23-08-2024 00:22:19.669Z;functions.click_ok;  PRESS BUTTON OK
23-08-2024 00:22:32.145Z;functions.waitForImage;  ERROR GENERICO image not found.
23-08-2024 00:22:37.567Z;functions.waitForImage;  ERROR FILTRO PIX image not found.
23-08-2024 00:22:41.677Z;functions.check_ted_branco;  PASSANDO PARA PRÓXIMO REGISTRO
23-08-2024 00:22:45.779Z;functions.check_ted_branco;  REFERNCIA: 995725
23-08-2024 00:22:45.779Z;functions.check_ted_branco;  CONTAGEM: 33
23-08-2024 00:22:46.080Z;functions.check_ted_branco;  ENTRANDO NO REGISTRO 
23-08-2024 00:22:49.265Z;functions.waitForImage;  INTEGRAÇÃO BANCÁRIA image found.
23-08-2024 00:22:49.388Z;functions.check_ted_branco;  CLICA EM INTEGRAÇÃO BANCÁRIA
23-08-2024 00:22:49.388Z;functions.check_ted_branco;  VERIFICANDO INFORMAÇÕES
23-08-2024 00:22:50.051Z;functions.waitForImage;  TRES PONTINHOS image found.
23-08-2024 00:23:02.681Z;functions.check_ted_branco;  VERIFICANDO SE TEM PIX NO FILTRO
23-08-2024 00:23:13.254Z;functions.waitForImage;  CHECANDO DADOS BANCÁRIOS PIX image not found.
23-08-2024 00:23:13.254Z;functions.check_ted_branco;  PIX ENCONTRADO
23-08-2024 00:23:16.665Z;functions.check_ted_branco;  APERTA TAB
23-08-2024 00:23:18.754Z;functions.waitForImage;  DADOS BANCARIOS image found.
23-08-2024 00:23:18.887Z;functions.check_ted_branco;  CLICK EM DADOS BANCARIOS
23-08-2024 00:23:18.988Z;functions.check_ted_branco;  APERTA TAB
23-08-2024 00:23:20.160Z;functions.waitForImage;  CHECANDO DADOS BANCÁRIOS PIX image found.
23-08-2024 00:23:22.175Z;functions.check_ted_branco;  FORMA DE PAGAMENTO PIX SELECIONADA PARA O REGISTRO: 995725
23-08-2024 00:23:22.239Z;functions.waitForImage;  PRESS BUTTON OK image found.
23-08-2024 00:23:24.356Z;functions.click_ok;  PRESS BUTTON OK
23-08-2024 00:23:26.357Z;functions.check_ted_branco;  PRIMEIRO OK
23-08-2024 00:23:26.426Z;functions.waitForImage;  PRESS BUTTON OK image found.
23-08-2024 00:23:28.543Z;functions.click_ok;  PRESS BUTTON OK
23-08-2024 00:23:41.033Z;functions.waitForImage;  ERROR GENERICO image not found.
23-08-2024 00:23:46.504Z;functions.waitForImage;  ERROR FILTRO PIX image not found.
23-08-2024 00:23:50.615Z;functions.check_ted_branco;  PASSANDO PARA PRÓXIMO REGISTRO
23-08-2024 00:23:54.718Z;functions.check_ted_branco;  REFERNCIA: ---------------------------
RM
---------------------------
O registro foi cadastrado com sucesso, entretanto, o mesmo não atende as condições do filtro aplicado na visão. Para visualizá-lo utilize um filtro que retorne os dados do registro.
---------------------------
OK   
---------------------------

23-08-2024 00:23:54.718Z;functions.check_ted_branco;  CONTAGEM: 34
23-08-2024 00:23:55.019Z;functions.check_ted_branco;  ENTRANDO NO REGISTRO 
23-08-2024 00:24:58.316Z;functions.waitForImage;  INTEGRAÇÃO BANCÁRIA image not found.
23-08-2024 00:24:58.316Z;functions.check_ted_branco;  VERIFICANDO INFORMAÇÕES
23-08-2024 00:25:18.535Z;functions.waitForImage;  TRES PONTINHOS image not found.
23-08-2024 00:25:18.535Z;functions.check_ted_branco;  SEM FILTRO PIX
23-08-2024 00:25:29.019Z;functions.waitForImage;  PRESS BUTTON OK image not found.
23-08-2024 00:25:39.363Z;functions.waitForImage;  PRESS BUTTON OK 2 image not found.
23-08-2024 00:25:49.925Z;functions.waitForImage;  ERROR GENERICO image not found.
23-08-2024 00:25:55.347Z;functions.waitForImage;  ERROR FILTRO PIX image not found.
23-08-2024 00:25:59.459Z;functions.check_ted_branco;  PASSANDO PARA PRÓXIMO REGISTRO
23-08-2024 00:26:03.562Z;functions.check_ted_branco;  REFERNCIA: 995923
23-08-2024 00:26:03.562Z;functions.check_ted_branco;  CONTAGEM: 35
23-08-2024 00:26:03.863Z;functions.check_ted_branco;  ENTRANDO NO REGISTRO 
23-08-2024 00:26:07.628Z;functions.waitForImage;  INTEGRAÇÃO BANCÁRIA image found.
23-08-2024 00:26:07.760Z;functions.check_ted_branco;  CLICA EM INTEGRAÇÃO BANCÁRIA
23-08-2024 00:26:07.760Z;functions.check_ted_branco;  VERIFICANDO INFORMAÇÕES
23-08-2024 00:26:08.425Z;functions.waitForImage;  TRES PONTINHOS image found.
23-08-2024 00:26:21.052Z;functions.check_ted_branco;  VERIFICANDO SE TEM PIX NO FILTRO
23-08-2024 00:26:31.093Z;functions.waitForImage;  CHECANDO DADOS BANCÁRIOS PIX image not found.
23-08-2024 00:26:31.094Z;functions.check_ted_branco;  PIX ENCONTRADO
23-08-2024 00:26:34.502Z;functions.check_ted_branco;  APERTA TAB
23-08-2024 00:26:36.581Z;functions.waitForImage;  DADOS BANCARIOS image found.
23-08-2024 00:26:36.698Z;functions.check_ted_branco;  CLICK EM DADOS BANCARIOS
23-08-2024 00:26:36.799Z;functions.check_ted_branco;  APERTA TAB
23-08-2024 00:26:38.003Z;functions.waitForImage;  CHECANDO DADOS BANCÁRIOS PIX image found.
23-08-2024 00:26:40.010Z;functions.check_ted_branco;  FORMA DE PAGAMENTO PIX SELECIONADA PARA O REGISTRO: 995923
23-08-2024 00:26:40.097Z;functions.waitForImage;  PRESS BUTTON OK image found.
23-08-2024 00:26:42.230Z;functions.click_ok;  PRESS BUTTON OK
23-08-2024 00:26:44.230Z;functions.check_ted_branco;  PRIMEIRO OK
23-08-2024 00:26:44.300Z;functions.waitForImage;  PRESS BUTTON OK image found.
23-08-2024 00:26:46.418Z;functions.click_ok;  PRESS BUTTON OK
23-08-2024 00:26:48.503Z;functions.waitForImage;  ERROR GENERICO image found.
23-08-2024 00:27:02.519Z;functions.waitForImage;  ERROR FILTRO PIX image not found.
23-08-2024 00:27:06.625Z;functions.check_ted_branco;  PASSANDO PARA PRÓXIMO REGISTRO
23-08-2024 00:27:10.728Z;functions.check_ted_branco;  REFERNCIA: 990056
23-08-2024 00:27:10.728Z;functions.check_ted_branco;  CONTAGEM: 36
23-08-2024 00:27:11.029Z;functions.check_ted_branco;  ENTRANDO NO REGISTRO 
23-08-2024 00:27:14.222Z;functions.waitForImage;  INTEGRAÇÃO BANCÁRIA image found.
23-08-2024 00:27:14.354Z;functions.check_ted_branco;  CLICA EM INTEGRAÇÃO BANCÁRIA
23-08-2024 00:27:14.354Z;functions.check_ted_branco;  VERIFICANDO INFORMAÇÕES
23-08-2024 00:27:14.441Z;functions.waitForImage;  TRES PONTINHOS image found.
23-08-2024 00:27:27.059Z;functions.check_ted_branco;  VERIFICANDO SE TEM PIX NO FILTRO
23-08-2024 00:27:27.128Z;functions.waitForImage;  CHECANDO DADOS BANCÁRIOS PIX image found.
23-08-2024 00:27:29.133Z;functions.check_ted_branco;  PIX NÃO ENCONTRADO PARA REFERENCIA: 990056
23-08-2024 00:27:32.841Z;functions.check_ted_branco;  APERTA EM CANCELAR
23-08-2024 00:27:32.894Z;functions.waitForImage;  PRESS BUTTON OK image found.
23-08-2024 00:27:35.011Z;functions.click_ok;  PRESS BUTTON OK
23-08-2024 00:27:47.581Z;functions.waitForImage;  ERROR GENERICO image not found.
23-08-2024 00:27:53.003Z;functions.waitForImage;  ERROR FILTRO PIX image not found.
23-08-2024 00:27:57.117Z;functions.check_ted_branco;  PASSANDO PARA PRÓXIMO REGISTRO
23-08-2024 00:28:01.220Z;functions.check_ted_branco;  REFERNCIA: 990794
23-08-2024 00:28:01.220Z;functions.check_ted_branco;  CONTAGEM: 37
23-08-2024 00:28:01.521Z;functions.check_ted_branco;  ENTRANDO NO REGISTRO 
23-08-2024 00:28:04.691Z;functions.waitForImage;  INTEGRAÇÃO BANCÁRIA image found.
23-08-2024 00:28:04.823Z;functions.check_ted_branco;  CLICA EM INTEGRAÇÃO BANCÁRIA
23-08-2024 00:28:04.823Z;functions.check_ted_branco;  VERIFICANDO INFORMAÇÕES
23-08-2024 00:28:05.503Z;functions.waitForImage;  TRES PONTINHOS image found.
23-08-2024 00:28:18.133Z;functions.check_ted_branco;  VERIFICANDO SE TEM PIX NO FILTRO
23-08-2024 00:28:18.206Z;functions.waitForImage;  CHECANDO DADOS BANCÁRIOS PIX image found.
23-08-2024 00:28:20.220Z;functions.check_ted_branco;  PIX NÃO ENCONTRADO PARA REFERENCIA: 990794
23-08-2024 00:28:23.930Z;functions.check_ted_branco;  APERTA EM CANCELAR
23-08-2024 00:28:23.987Z;functions.waitForImage;  PRESS BUTTON OK image found.
23-08-2024 00:28:26.104Z;functions.click_ok;  PRESS BUTTON OK
23-08-2024 00:28:38.206Z;functions.waitForImage;  ERROR GENERICO image not found.
23-08-2024 00:28:43.659Z;functions.waitForImage;  ERROR FILTRO PIX image not found.
23-08-2024 00:28:47.767Z;functions.check_ted_branco;  PASSANDO PARA PRÓXIMO REGISTRO
23-08-2024 00:28:51.871Z;functions.check_ted_branco;  REFERNCIA: 995814
23-08-2024 00:28:51.871Z;functions.check_ted_branco;  CONTAGEM: 38
23-08-2024 00:28:52.172Z;functions.check_ted_branco;  ENTRANDO NO REGISTRO 
23-08-2024 00:28:55.362Z;functions.waitForImage;  INTEGRAÇÃO BANCÁRIA image found.
23-08-2024 00:28:55.479Z;functions.check_ted_branco;  CLICA EM INTEGRAÇÃO BANCÁRIA
23-08-2024 00:28:55.479Z;functions.check_ted_branco;  VERIFICANDO INFORMAÇÕES
23-08-2024 00:28:55.550Z;functions.waitForImage;  TRES PONTINHOS image found.
23-08-2024 00:29:08.180Z;functions.check_ted_branco;  VERIFICANDO SE TEM PIX NO FILTRO
23-08-2024 00:29:08.253Z;functions.waitForImage;  CHECANDO DADOS BANCÁRIOS PIX image found.
23-08-2024 00:29:10.259Z;functions.check_ted_branco;  PIX NÃO ENCONTRADO PARA REFERENCIA: 995814
23-08-2024 00:29:13.967Z;functions.check_ted_branco;  APERTA EM CANCELAR
23-08-2024 00:29:14.018Z;functions.waitForImage;  PRESS BUTTON OK image found.
23-08-2024 00:29:16.136Z;functions.click_ok;  PRESS BUTTON OK
23-08-2024 00:29:28.206Z;functions.waitForImage;  ERROR GENERICO image not found.
23-08-2024 00:29:33.690Z;functions.waitForImage;  ERROR FILTRO PIX image not found.
23-08-2024 00:29:37.798Z;functions.check_ted_branco;  PASSANDO PARA PRÓXIMO REGISTRO
23-08-2024 00:29:41.901Z;functions.check_ted_branco;  REFERNCIA: 995817
23-08-2024 00:29:41.901Z;functions.check_ted_branco;  CONTAGEM: 39
23-08-2024 00:29:42.202Z;functions.check_ted_branco;  ENTRANDO NO REGISTRO 
23-08-2024 00:29:45.377Z;functions.waitForImage;  INTEGRAÇÃO BANCÁRIA image found.
23-08-2024 00:29:45.509Z;functions.check_ted_branco;  CLICA EM INTEGRAÇÃO BANCÁRIA
23-08-2024 00:29:45.509Z;functions.check_ted_branco;  VERIFICANDO INFORMAÇÕES
23-08-2024 00:29:45.596Z;functions.waitForImage;  TRES PONTINHOS image found.
23-08-2024 00:29:58.211Z;functions.check_ted_branco;  VERIFICANDO SE TEM PIX NO FILTRO
23-08-2024 00:29:58.284Z;functions.waitForImage;  CHECANDO DADOS BANCÁRIOS PIX image found.
23-08-2024 00:30:00.285Z;functions.check_ted_branco;  PIX NÃO ENCONTRADO PARA REFERENCIA: 995817
23-08-2024 00:30:03.993Z;functions.check_ted_branco;  APERTA EM CANCELAR
23-08-2024 00:30:04.049Z;functions.waitForImage;  PRESS BUTTON OK image found.
23-08-2024 00:30:06.167Z;functions.click_ok;  PRESS BUTTON OK
23-08-2024 00:30:18.643Z;functions.waitForImage;  ERROR GENERICO image not found.
23-08-2024 00:30:24.080Z;functions.waitForImage;  ERROR FILTRO PIX image not found.
23-08-2024 00:30:28.195Z;functions.check_ted_branco;  PASSANDO PARA PRÓXIMO REGISTRO
23-08-2024 00:30:32.298Z;functions.check_ted_branco;  REFERNCIA: 995209
23-08-2024 00:30:32.298Z;functions.check_ted_branco;  CONTAGEM: 40
23-08-2024 00:30:32.598Z;functions.check_ted_branco;  ENTRANDO NO REGISTRO 
23-08-2024 00:30:35.800Z;functions.waitForImage;  INTEGRAÇÃO BANCÁRIA image found.
23-08-2024 00:30:35.917Z;functions.check_ted_branco;  CLICA EM INTEGRAÇÃO BANCÁRIA
23-08-2024 00:30:35.917Z;functions.check_ted_branco;  VERIFICANDO INFORMAÇÕES
23-08-2024 00:30:36.011Z;functions.waitForImage;  TRES PONTINHOS image found.
23-08-2024 00:30:48.625Z;functions.check_ted_branco;  VERIFICANDO SE TEM PIX NO FILTRO
23-08-2024 00:30:48.721Z;functions.waitForImage;  CHECANDO DADOS BANCÁRIOS PIX image found.
23-08-2024 00:30:50.724Z;functions.check_ted_branco;  PIX NÃO ENCONTRADO PARA REFERENCIA: 995209
23-08-2024 00:30:54.431Z;functions.check_ted_branco;  APERTA EM CANCELAR
23-08-2024 00:30:54.487Z;functions.waitForImage;  PRESS BUTTON OK image found.
23-08-2024 00:30:56.604Z;functions.click_ok;  PRESS BUTTON OK
23-08-2024 00:31:08.674Z;functions.waitForImage;  ERROR GENERICO image not found.
23-08-2024 00:31:14.127Z;functions.waitForImage;  ERROR FILTRO PIX image not found.
23-08-2024 00:31:18.242Z;functions.check_ted_branco;  PASSANDO PARA PRÓXIMO REGISTRO
23-08-2024 00:31:22.344Z;functions.check_ted_branco;  REFERNCIA: 994038
23-08-2024 00:31:22.344Z;functions.check_ted_branco;  CONTAGEM: 41
23-08-2024 00:31:22.645Z;functions.check_ted_branco;  ENTRANDO NO REGISTRO 
23-08-2024 00:31:25.814Z;functions.waitForImage;  INTEGRAÇÃO BANCÁRIA image found.
23-08-2024 00:31:25.948Z;functions.check_ted_branco;  CLICA EM INTEGRAÇÃO BANCÁRIA
23-08-2024 00:31:25.948Z;functions.check_ted_branco;  VERIFICANDO INFORMAÇÕES
23-08-2024 00:31:26.035Z;functions.waitForImage;  TRES PONTINHOS image found.
23-08-2024 00:31:38.650Z;functions.check_ted_branco;  VERIFICANDO SE TEM PIX NO FILTRO
23-08-2024 00:31:38.705Z;functions.waitForImage;  CHECANDO DADOS BANCÁRIOS PIX image found.
23-08-2024 00:31:40.721Z;functions.check_ted_branco;  PIX NÃO ENCONTRADO PARA REFERENCIA: 994038
23-08-2024 00:31:44.430Z;functions.check_ted_branco;  APERTA EM CANCELAR
23-08-2024 00:31:44.487Z;functions.waitForImage;  PRESS BUTTON OK image found.
23-08-2024 00:31:46.604Z;functions.click_ok;  PRESS BUTTON OK
23-08-2024 00:31:59.189Z;functions.waitForImage;  ERROR GENERICO image not found.
23-08-2024 00:32:04.627Z;functions.waitForImage;  ERROR FILTRO PIX image not found.
23-08-2024 00:32:08.738Z;functions.check_ted_branco;  PASSANDO PARA PRÓXIMO REGISTRO
23-08-2024 00:32:12.841Z;functions.check_ted_branco;  REFERNCIA: 994039
23-08-2024 00:32:12.841Z;functions.check_ted_branco;  CONTAGEM: 42
23-08-2024 00:32:13.143Z;functions.check_ted_branco;  ENTRANDO NO REGISTRO 
23-08-2024 00:32:16.314Z;functions.waitForImage;  INTEGRAÇÃO BANCÁRIA image found.
23-08-2024 00:32:16.448Z;functions.check_ted_branco;  CLICA EM INTEGRAÇÃO BANCÁRIA
23-08-2024 00:32:16.448Z;functions.check_ted_branco;  VERIFICANDO INFORMAÇÕES
23-08-2024 00:32:16.533Z;functions.waitForImage;  TRES PONTINHOS image found.
23-08-2024 00:32:29.150Z;functions.check_ted_branco;  VERIFICANDO SE TEM PIX NO FILTRO
23-08-2024 00:32:29.221Z;functions.waitForImage;  CHECANDO DADOS BANCÁRIOS PIX image found.
23-08-2024 00:32:31.222Z;functions.check_ted_branco;  PIX NÃO ENCONTRADO PARA REFERENCIA: 994039
23-08-2024 00:32:34.939Z;functions.check_ted_branco;  APERTA EM CANCELAR
23-08-2024 00:32:35.017Z;functions.waitForImage;  PRESS BUTTON OK image found.
23-08-2024 00:32:37.134Z;functions.click_ok;  PRESS BUTTON OK
23-08-2024 00:32:49.174Z;functions.waitForImage;  ERROR GENERICO image not found.
23-08-2024 00:32:54.611Z;functions.waitForImage;  ERROR FILTRO PIX image not found.
23-08-2024 00:32:58.718Z;functions.check_ted_branco;  PASSANDO PARA PRÓXIMO REGISTRO
23-08-2024 00:33:02.821Z;functions.check_ted_branco;  REFERNCIA: 995755
23-08-2024 00:33:02.821Z;functions.check_ted_branco;  CONTAGEM: 43
23-08-2024 00:33:03.122Z;functions.check_ted_branco;  ENTRANDO NO REGISTRO 
23-08-2024 00:33:06.314Z;functions.waitForImage;  INTEGRAÇÃO BANCÁRIA image found.
23-08-2024 00:33:06.447Z;functions.check_ted_branco;  CLICA EM INTEGRAÇÃO BANCÁRIA
23-08-2024 00:33:06.447Z;functions.check_ted_branco;  VERIFICANDO INFORMAÇÕES
23-08-2024 00:33:06.523Z;functions.waitForImage;  TRES PONTINHOS image found.
23-08-2024 00:33:19.147Z;functions.check_ted_branco;  VERIFICANDO SE TEM PIX NO FILTRO
23-08-2024 00:33:19.220Z;functions.waitForImage;  CHECANDO DADOS BANCÁRIOS PIX image found.
23-08-2024 00:33:21.230Z;functions.check_ted_branco;  PIX NÃO ENCONTRADO PARA REFERENCIA: 995755
23-08-2024 00:33:24.939Z;functions.check_ted_branco;  APERTA EM CANCELAR
23-08-2024 00:33:25.017Z;functions.waitForImage;  PRESS BUTTON OK image found.
23-08-2024 00:33:27.135Z;functions.click_ok;  PRESS BUTTON OK
23-08-2024 00:33:39.189Z;functions.waitForImage;  ERROR GENERICO image not found.
23-08-2024 00:33:44.626Z;functions.waitForImage;  ERROR FILTRO PIX image not found.
23-08-2024 00:33:48.736Z;functions.check_ted_branco;  PASSANDO PARA PRÓXIMO REGISTRO
23-08-2024 00:33:52.839Z;functions.check_ted_branco;  REFERNCIA: 995793
23-08-2024 00:33:52.839Z;functions.check_ted_branco;  CONTAGEM: 44
23-08-2024 00:33:53.141Z;functions.check_ted_branco;  ENTRANDO NO REGISTRO 
23-08-2024 00:33:56.343Z;functions.waitForImage;  INTEGRAÇÃO BANCÁRIA image found.
23-08-2024 00:33:56.448Z;functions.check_ted_branco;  CLICA EM INTEGRAÇÃO BANCÁRIA
23-08-2024 00:33:56.448Z;functions.check_ted_branco;  VERIFICANDO INFORMAÇÕES
23-08-2024 00:33:56.534Z;functions.waitForImage;  TRES PONTINHOS image found.
23-08-2024 00:34:09.149Z;functions.check_ted_branco;  VERIFICANDO SE TEM PIX NO FILTRO
23-08-2024 00:34:09.205Z;functions.waitForImage;  CHECANDO DADOS BANCÁRIOS PIX image found.
23-08-2024 00:34:11.219Z;functions.check_ted_branco;  PIX NÃO ENCONTRADO PARA REFERENCIA: 995793
23-08-2024 00:34:14.927Z;functions.check_ted_branco;  APERTA EM CANCELAR
23-08-2024 00:34:15.001Z;functions.waitForImage;  PRESS BUTTON OK image found.
23-08-2024 00:34:17.135Z;functions.click_ok;  PRESS BUTTON OK
23-08-2024 00:34:29.189Z;functions.waitForImage;  ERROR GENERICO image not found.
23-08-2024 00:34:34.626Z;functions.waitForImage;  ERROR FILTRO PIX image not found.
23-08-2024 00:34:34.626Z;functions.check_ted_branco;  FORAM VERIFICADOS: 44 REFERENCIAS NO PROCESSAMENTO FORMA DE PAGAMENTO ELETRONICA EM BRANCO
23-08-2024 00:34:37.017Z;errorhandler.__handle;  Property: Unknown Property name. [1:203: -ms-interpolation-mode]
23-08-2024 00:34:37.033Z;errorhandler.__handle;  Property: Unknown Property name. [1:353: -webkit-font-smoothing]
23-08-2024 00:34:37.033Z;errorhandler.__handle;  Property: Unknown Property name. [1:483: -ms-text-size-adjust]
23-08-2024 00:34:37.033Z;errorhandler.__handle;  Property: Unknown Property name. [1:518: -webkit-text-size-adjust]
23-08-2024 00:34:37.033Z;errorhandler.__handle;  Property: Unknown Property name. [1:612: mso-table-lspace]
23-08-2024 00:34:37.033Z;errorhandler.__handle;  Property: Unknown Property name. [1:642: mso-table-rspace]
23-08-2024 00:34:37.080Z;errorhandler.__handle;  Property: Unknown Property name. [1:4734: mso-hide]
23-08-2024 00:34:37.111Z;errorhandler.__handle;  Property: Unknown Property name. [1:13: -ms-interpolation-mode]
23-08-2024 00:34:37.111Z;errorhandler.__handle;  Property: Unknown Property name. [1:49: -webkit-font-smoothing]
23-08-2024 00:34:37.111Z;errorhandler.__handle;  Property: Unknown Property name. [1:134: -ms-text-size-adjust]
23-08-2024 00:34:37.111Z;errorhandler.__handle;  Property: Unknown Property name. [1:160: -webkit-text-size-adjust]
23-08-2024 00:34:37.111Z;errorhandler.__handle;  Property: Unknown Property name. [1:26: mso-table-lspace]
23-08-2024 00:34:37.111Z;errorhandler.__handle;  Property: Unknown Property name. [1:45: mso-table-rspace]
23-08-2024 00:34:37.111Z;errorhandler.__handle;  Property: Unknown Property name. [1:92: mso-hide]
23-08-2024 00:34:37.127Z;errorhandler.__handle;  Property: No ":" after name found: align-center [1:1: align-center]
23-08-2024 00:34:37.127Z;errorhandler.__handle;  Property: No property value found: align-center [1:1: align-center]
23-08-2024 00:34:37.127Z;errorhandler.__handle;  CSSStyleDeclaration: Syntax Error in Property: align-center
23-08-2024 00:34:37.127Z;errorhandler.__handle;  Property: Unknown Property name. [1:14: -ms-interpolation-mode]
23-08-2024 00:34:40.205Z;functions.emailFinalizado;  Warning e-mail sent.
23-08-2024 00:34:40.205Z;main.<module>;  Remessa Bancária TED CIP com filtro de pagamento eletronica em branco modificadas para pix 
 PASSO 3 FINALIZADO
23-08-2024 00:34:40.205Z;main.<module>;  O PROGRAMA SERÁ ENCERRADO
23-08-2024 00:34:41.376Z;errorhandler.__handle;  Property: Unknown Property name. [1:14: -ms-interpolation-mode]
23-08-2024 00:34:44.111Z;functions.emailFinalizado;  Warning e-mail sent.
23-08-2024 00:34:44.314Z;functions.end_RM;  RM ENCERRADO
