06-05-2024 07:00:20.307Z;functions.bot_text_art;      ____   
06-05-2024 07:00:20.307Z;functions.bot_text_art;     [____]    
06-05-2024 07:00:20.307Z;functions.bot_text_art;   |=]()()[=|  
06-05-2024 07:00:20.307Z;functions.bot_text_art;     _\==/__    _____    ____     _        _____    ___   _  __
06-05-2024 07:00:20.307Z;functions.bot_text_art;   |__|   |_|  |  _  \  / ___|   | |      |_   _| / ___| | |/ /
06-05-2024 07:00:20.307Z;functions.bot_text_art;   |_|_/\_|_|  | |  | | | |      | |        | |   | |    | ' / 
06-05-2024 07:00:20.307Z;functions.bot_text_art;   | | __ | |  | |  | | | |      | |        | |   | |    |  <  
06-05-2024 07:00:20.307Z;functions.bot_text_art;   |_|[  ]|_|  | |__| | | |____  | |____   _| |_  | |__  | . \ 
06-05-2024 07:00:20.307Z;functions.bot_text_art;   \_|_||_|_/  |_____/   \_____| |______| |_____| \ ___| |_|\_\
06-05-2024 07:00:20.307Z;functions.bot_text_art;     |_||_|                                                     
06-05-2024 07:00:20.307Z;functions.bot_text_art;     | ||_|_   
06-05-2024 07:00:20.307Z;functions.bot_text_art;   |___||___|  
06-05-2024 07:00:20.307Z;functions.bot_text_art;               
06-05-2024 07:00:20.541Z;functions.open_RM;  OPEN PROGRAM RM
06-05-2024 07:00:29.902Z;functions.loggin_RM;  ENTER USER_NAME
06-05-2024 07:00:33.713Z;functions.loggin_RM;  ENTER PASSWORD
06-05-2024 07:00:34.369Z;functions.loggin_RM;  ENTER RM
06-05-2024 07:02:42.791Z;functions.enter_coligada;  CLICK CONTEXTO
06-05-2024 07:02:44.231Z;functions.enter_coligada;  CLICK ALTERAR MODULO DO CONTEXTO
06-05-2024 07:02:46.553Z;functions.enter_coligada;  INSERE O COLIGADA CODE = 1
06-05-2024 07:02:46.655Z;functions.enter_coligada;  APERTA TAB PARA PREENCHER O CAMPO COM A STRING: OCEANICA ENGENHARIA E CONSULTORIA S.A.
06-05-2024 07:02:47.759Z;functions.enter_coligada;  CLICK AVANÇAR NOVAMENTE
06-05-2024 07:02:48.588Z;functions.enter_coligada;  CLICK CONCLUIR
06-05-2024 07:03:01.073Z;functions.enter_coligada;  POP UP COLIGADA DESAPARECER
06-05-2024 07:03:01.682Z;functions.check_movimentacao_bancaria;  CLICK - TOTVS - LINHA RM
06-05-2024 07:03:02.728Z;functions.check_movimentacao_bancaria;  CLICK - BACK OFFICE
06-05-2024 07:03:05.042Z;functions.check_movimentacao_bancaria;  CLICK - GESTAO FINANCEIRA
06-05-2024 07:03:07.603Z;functions.movimentacao_bancaria;  CLICA NA ABA MOVIMENTAÇÃO BANCARIA
06-05-2024 07:03:07.755Z;functions.waitForImage;  IMAGEM BORDERO image found.
06-05-2024 07:03:09.864Z;functions.movimentacao_bancaria;  IMAGEM BORDERO CLICADA.
06-05-2024 07:03:20.448Z;functions.waitForImage;  LICENCAS EXCEDIDAS image not found.
06-05-2024 07:03:21.010Z;functions.movimentacao_bancaria;  ENCONTROU O FILTRO DA MOVIMENTAÇÃO BANCÁRIA
06-05-2024 07:03:21.026Z;functions.movimentacao_bancaria;  CLICA NA ABA SUPERIOR DO FILTRO
06-05-2024 07:03:25.534Z;functions.movimentacao_bancaria;  SELECIONA O FILTRO HOJE
06-05-2024 07:03:30.629Z;functions.waitForImage;  FILTER CLEAN image found.
06-05-2024 07:03:32.753Z;functions.filter_clean;  CLICA NO BOTÃO X DO LIMPA FILTRO
06-05-2024 07:03:48.032Z;functions.waitForImage;  FILTER CLEAN image not found.
06-05-2024 07:04:03.386Z;functions.waitForImage;  FILTER CLEAN image not found.
06-05-2024 07:04:04.167Z;functions.movimentacao_bancaria;  CLICA NA PRIMEIRA LINHA DA TABELA MOVIMENTAÇÃO BANCÁRIA
06-05-2024 07:04:04.901Z;functions.movimentacao_bancaria;  CLICA NA PRIMEIRA LINHA DA TABELA MOVIMENTAÇÃO BANCÁRIA
06-05-2024 07:04:06.116Z;functions.movimentacao_bancaria;  12 PASSOS PARA DIREITA NA TABELA >>
06-05-2024 07:04:07.384Z;functions.movimentacao_bancaria;  HOVER FILTER
06-05-2024 07:04:07.733Z;functions.movimentacao_bancaria;  CLICK FILTER
06-05-2024 07:04:12.043Z;functions.movimentacao_bancaria;  CLICA NO FILTRO  STATUS DA REMESSA
06-05-2024 07:04:14.144Z;functions.movimentacao_bancaria;  APERTA TAB PARA ESCREVER O FILTRO
06-05-2024 07:04:16.249Z;functions.movimentacao_bancaria;  ESCREVE PENDENTE NO FILTRO
06-05-2024 07:04:18.351Z;functions.movimentacao_bancaria;  APERTA ENTER PARA SELECIONAR OS PENDENTES
06-05-2024 07:04:39.322Z;functions.movimentacao_bancaria;  SEM PROCESSAMENTO DE BORDERO PENDENTE
06-05-2024 07:04:49.438Z;functions.waitForImage;  FILTER CLEAN image found.
06-05-2024 07:04:51.564Z;functions.filter_clean;  CLICA NO BOTÃO X DO LIMPA FILTRO
06-05-2024 07:05:06.807Z;functions.waitForImage;  FILTER CLEAN image not found.
06-05-2024 07:05:22.044Z;functions.waitForImage;  FILTER CLEAN image not found.
06-05-2024 07:05:22.862Z;functions.processo_pagamento;  CLICA NA PRIMEIRA LINHA DA TABELA MOVIMENTAÇÃO BANCÁRIA
06-05-2024 07:05:24.119Z;functions.processo_pagamento;  HOVER FILTER
06-05-2024 07:05:24.404Z;functions.processo_pagamento;  CLICK FILTER
06-05-2024 07:05:28.716Z;functions.processo_pagamento;  CLICA NO FILTRO  STATUS DA REMESSA
06-05-2024 07:05:30.817Z;functions.processo_pagamento;  APERTA TAB PARA ESCREVER O FILTRO
06-05-2024 07:05:32.923Z;functions.processo_pagamento;  ESCREVE AUTORIZADO NO FILTRO
06-05-2024 07:05:35.024Z;functions.processo_pagamento;  APERTA ENTER PARA SELECIONAR OS AUTORIZADOS
06-05-2024 07:05:55.916Z;functions.processo_pagamento;  SEM REMESSA DE BORDERO AUTORIZADO
06-05-2024 07:05:57.018Z;functions.processo_pagamento;  FECHA ABA MOVIMENTAÇÕES BANCÁRIAS
06-05-2024 07:05:57.931Z;functions.enter_contas_a_pagar;  CLICK - TOTVS - LINHA RM
06-05-2024 07:05:58.870Z;functions.enter_contas_a_pagar;  CLICK - BACK OFFICE
06-05-2024 07:06:01.166Z;functions.enter_contas_a_pagar;  CLICK - GESTAO FINANCEIRA
06-05-2024 07:06:06.650Z;functions.enter_contas_a_pagar;  CLICK - CONTAS A PAGAR
06-05-2024 07:06:06.802Z;functions.waitForImage;  LANÇAMENTOS image found.
06-05-2024 07:06:08.927Z;functions.enter_contas_a_pagar;  CLICA EM LANÇAMENTOS
06-05-2024 07:06:24.447Z;functions.waitForImage;  LICENCAS EXCEDIDAS image not found.
06-05-2024 07:06:24.447Z;functions.obter_intervalo_data;  VERIFICANDO A HORA ATUAL 7
06-05-2024 07:06:24.447Z;functions.obter_intervalo_data;  Data Inicial BANCARIA antes da remoção: None
06-05-2024 07:06:24.447Z;functions.obter_intervalo_data;  Data Final BANCARIA antes da remoção: None
06-05-2024 07:06:24.447Z;functions.obter_intervalo_data;  Data Inicial BANCARIA após a remoção: None
06-05-2024 07:06:24.447Z;functions.obter_intervalo_data;  Data Final BANCARIA após a remoção: None
06-05-2024 07:06:24.447Z;functions.obter_intervalo_data;  hoje -  2024-05-06 07:06:24.447661
06-05-2024 07:06:24.447Z;functions.data_filter;  DATA INICIO 08-05-2024
06-05-2024 07:06:24.447Z;functions.data_filter;  DATA FIM 14-05-2024
06-05-2024 07:06:24.447Z;functions.data_filter;  CLICK - SELECIONA A DATA DE QUARTA FEIRA E DA PROXIMA TERÇA
06-05-2024 07:06:24.447Z;functions.data_filter;  QUARTA-FEIRA: 08-05-2024
06-05-2024 07:06:24.447Z;functions.data_filter;  TERCA-FEIRA: 14-05-2024
06-05-2024 07:06:32.916Z;functions.data_filter;  CLICK - BOTAO DE SELECAO DE FILTRO
06-05-2024 07:06:36.650Z;functions.data_filter;  INSERE - DATA DE QUARTA-FEIRA: 08-05-2024
06-05-2024 07:06:40.121Z;functions.data_filter;  INSERE - DATA DA PROX TERCA-FEIRA: 14-05-2024
06-05-2024 07:06:40.745Z;functions.data_filter;  CLICK - BOTAO DE EXECUTAR O FILTRO
06-05-2024 07:07:27.885Z;functions.desmark_filter;  CLICK CHECKBOX LANÇAMENTOS A RECEBER
06-05-2024 07:07:28.667Z;functions.desmark_filter;  CLICK CHECKBOX LANÇAMENTOS BAIXADOS
06-05-2024 07:07:29.496Z;functions.desmark_filter;  CLICK CHECKBOX LANÇAMENTOS CANCELADOS
06-05-2024 07:07:30.360Z;functions.desmark_filter;  CLICK CHECKBOX LANÇAMENTOS FATURADOS
06-05-2024 07:07:31.245Z;functions.desmark_filter;  CLICK CHECKBOX LANÇAMENTOS FATURADOS
06-05-2024 07:07:36.400Z;functions.waitForImage;  FILTER CLEAN image found.
06-05-2024 07:07:38.517Z;functions.filter_clean;  CLICA NO BOTÃO X DO LIMPA FILTRO
06-05-2024 07:07:53.893Z;functions.waitForImage;  FILTER CLEAN image not found.
06-05-2024 07:08:09.340Z;functions.waitForImage;  FILTER CLEAN image not found.
06-05-2024 07:08:09.340Z;functions.check_table_record;  VERIFICANDO SE A TABELA ESTÁ VAZIA
06-05-2024 07:08:10.260Z;functions.check_table_record;  Texto extraido 1/104
06-05-2024 07:08:10.260Z;functions.check_table_record;  Count 104
06-05-2024 07:08:10.260Z;functions.check_table_record;  Type <class 'int'>
06-05-2024 07:08:10.260Z;functions.check_table_record;  TABELA CONTÉM REGISTROS
06-05-2024 07:08:21.088Z;functions.select_tipo_documento;  NOME DA COLUNA: Tipo de Documento
06-05-2024 07:08:22.312Z;functions.select_tipo_documento;  HOVER NOME DA COLUNA: Tipo de Documento
06-05-2024 07:08:22.894Z;functions.select_tipo_documento;  CLICA NO FILTRO PERSONALIZAR
06-05-2024 07:08:23.635Z;functions.select_tipo_documento;  CLICA PARA SELECIONAR OPÇÕES DO FILTRO
06-05-2024 07:08:30.651Z;functions.select_tipo_documento;  CLICK BUTTON CONFIRMAR FILTRO
06-05-2024 07:08:35.653Z;functions.filter_IPTE;  VERIFICANDO O COD DO CLIENTE EM CADA REGISTRO
06-05-2024 07:08:36.403Z;functions.filter_IPTE;  CLICA NA PRIMEIRA LINHA DA TABELA
06-05-2024 07:08:56.229Z;functions.filter_IPTE;  HOVER FILTER
06-05-2024 07:08:56.807Z;functions.filter_IPTE;  CLICK FILTER
06-05-2024 07:09:01.119Z;functions.filter_IPTE;  CLICA NO FILTRO PERSONALIZAR
06-05-2024 07:09:09.013Z;functions.check_table_record;  VERIFICANDO SE A TABELA ESTÁ VAZIA
06-05-2024 07:09:09.932Z;functions.check_table_record;  Texto extraido 1/1
06-05-2024 07:09:09.932Z;functions.check_table_record;  Count 1
06-05-2024 07:09:09.932Z;functions.check_table_record;  Type <class 'int'>
06-05-2024 07:09:09.932Z;functions.check_table_record;  TABELA CONTÉM REGISTROS
06-05-2024 07:09:09.932Z;functions.check_payment_type;  VERIFICANDO O COD DO CLIENTE EM CADA REGISTRO
06-05-2024 07:09:10.683Z;functions.check_payment_type;  CLICA NA PRIMEIRA LINHA DA TABELA
06-05-2024 07:09:18.786Z;functions.check_payment_type;  REF. LANÇAMENTO: 943671
06-05-2024 07:09:18.888Z;functions.check_payment_type;  ENTRANDO NO REGISTRO
06-05-2024 07:09:27.292Z;functions.waitForImage;  INTEGRAÇÃO BANCÁRIA image found.
06-05-2024 07:09:29.410Z;functions.check_payment_type;  CLICA EM INTEGRAÇÃO BANCÁRIA
06-05-2024 07:09:29.410Z;functions.check_payment_type;  VERIFICANDO INFORMAÇÕES
06-05-2024 07:09:32.511Z;functions.waitForImage;  DADOS BANCARIOS image found.
06-05-2024 07:09:32.643Z;functions.check_payment_type;  DADOS BANCARIOS
06-05-2024 07:09:34.644Z;functions.check_payment_type;  ENTROU DADOS BANCÁRIOS
06-05-2024 07:09:34.745Z;functions.check_payment_type;  APERTA TAB
06-05-2024 07:09:38.948Z;functions.waitForImage;  PRESS BUTTON OK image found.
06-05-2024 07:09:41.081Z;functions.click_ok;  PRESS BUTTON OK
06-05-2024 07:09:45.207Z;functions.waitForImage;  PRESS BUTTON OK image found.
06-05-2024 07:09:47.337Z;functions.click_ok;  PRESS BUTTON OK
06-05-2024 07:09:51.439Z;functions.check_payment_type;  INCLUIDOS: 943671 REFERENCIAS NO PROCESSAMENTO
06-05-2024 07:09:51.439Z;functions.check_payment_type;  FORAM INCLUIDOS: 1 REFERENCIAS NO PROCESSAMENTO
06-05-2024 07:09:56.151Z;functions.process_lancamentos;  CLICA PARA APARECER CONTA/CAIXA
06-05-2024 07:09:56.868Z;functions.process_lancamentos;  SELECIONA CONTA/CAIXA
06-05-2024 07:09:57.588Z;functions.process_lancamentos;  CLICA NO BOTÃO [...]
06-05-2024 07:10:02.693Z;functions.process_lancamentos;  CLICA NO CAMPO PESQUISA E DIGITA: %3212
06-05-2024 07:10:03.380Z;functions.process_lancamentos;  CLICA NO BOTÃO DO FILTRO
06-05-2024 07:10:04.134Z;functions.process_lancamentos;  CLICA NO BOTÃO OK
06-05-2024 07:10:04.854Z;functions.process_lancamentos;  CLICA NO BOTÃO EXECUTAR
06-05-2024 07:10:36.412Z;functions.waitForImage;  PRESS BUTTON OK image not found.
06-05-2024 07:10:36.412Z;functions.process_lancamentos;  LANÇAMENTO COM ERRO
06-05-2024 07:10:43.325Z;functions.process_lancamentos;  ERRO: Lançamento Ref. 943671: Convênio alterado para o convênio default '7' da conta Caixa '02675-5' .
Não foi possível alterar o lançamento 1-943671:
O cliente/fornecedor "010331" está inativo.

   at RM.Fin.CliFor.FinCFOMod.ValidaCliFor(IFinCFOValidacaoPar cliFor)
   at RM.Fin.Lan.Manutencao.FinLanManutencaoValidacaoObj.ConsisteCliFor(FinLanCxt lanCxt, FinLanValidateEnum autorizaLan, Boolean validaDadosCliFor, DateTime dataSistema)
   at RM.Fin.Lan.Manutencao.FinLanManutencaoValidacaoObj.ConsisteCamposDefaultPreenchimento(FinLanCxt context)
   at RM.Fin.Lan.Manutencao.FinLanMasterSbc`1.DoValidateContext(TContext context)
   at RM.Fin.Lan.Alteracao.FinLanMasterSbc`1.DoValidateContext(TContext context)
   at RM.Lib.Subscriber.RMSSubscriberSimple`1.ValidateContext(TContext context)
   at RM.Lib.Subscriber.RMSSubscriberController`2.DoPrepareSubscriber(List`1 contextList, Boolean initializeSubscriber)
   at RM.Lib.Subscriber.RMSSubscriberController`2.ExecuteOneLog(List`1 listParam, Int32 lenPackageCxt, Object ownerData)
*********************************************






06-05-2024 07:10:43.325Z;functions.process_lancamentos;  CORRESPONDENCIA ['943671']
06-05-2024 07:10:43.325Z;functions.process_lancamentos;  NUMERO DE REFERENCIAS QUE SERÃO TIRADOS DA REMESSA ['943671']
06-05-2024 07:10:43.916Z;functions.process_lancamentos;  CLICK EM FECHAR.
06-05-2024 07:11:26.041Z;functions.process_lancamentos;  NUMERO DE REFERENCIAS QUE SERAO TIRADOS IGUAL AO NUMERO DE REGISTROS
06-05-2024 07:11:26.041Z;functions.process_lancamentos;  PASSAR PARA O PRÓXIMO LANCAMENTO
06-05-2024 07:11:26.729Z;functions.movimentacao_bancaria;  CLICA NA ABA MOVIMENTAÇÃO BANCARIA
06-05-2024 07:11:26.879Z;functions.waitForImage;  IMAGEM BORDERO image found.
06-05-2024 07:11:28.990Z;functions.movimentacao_bancaria;  IMAGEM BORDERO CLICADA.
06-05-2024 07:11:39.605Z;functions.waitForImage;  LICENCAS EXCEDIDAS image not found.
06-05-2024 07:11:40.152Z;functions.movimentacao_bancaria;  ENCONTROU O FILTRO DA MOVIMENTAÇÃO BANCÁRIA
06-05-2024 07:11:40.183Z;functions.movimentacao_bancaria;  CLICA NA ABA SUPERIOR DO FILTRO
06-05-2024 07:11:44.692Z;functions.movimentacao_bancaria;  SELECIONA O FILTRO HOJE
06-05-2024 07:11:49.786Z;functions.waitForImage;  FILTER CLEAN image found.
06-05-2024 07:11:51.918Z;functions.filter_clean;  CLICA NO BOTÃO X DO LIMPA FILTRO
06-05-2024 07:12:07.337Z;functions.waitForImage;  FILTER CLEAN image not found.
06-05-2024 07:12:22.745Z;functions.waitForImage;  FILTER CLEAN image not found.
06-05-2024 07:12:23.526Z;functions.movimentacao_bancaria;  CLICA NA PRIMEIRA LINHA DA TABELA MOVIMENTAÇÃO BANCÁRIA
06-05-2024 07:12:24.250Z;functions.movimentacao_bancaria;  CLICA NA PRIMEIRA LINHA DA TABELA MOVIMENTAÇÃO BANCÁRIA
06-05-2024 07:12:25.472Z;functions.movimentacao_bancaria;  12 PASSOS PARA DIREITA NA TABELA >>
06-05-2024 07:12:26.745Z;functions.movimentacao_bancaria;  HOVER FILTER
06-05-2024 07:12:27.042Z;functions.movimentacao_bancaria;  CLICK FILTER
06-05-2024 07:12:31.354Z;functions.movimentacao_bancaria;  CLICA NO FILTRO  STATUS DA REMESSA
06-05-2024 07:12:33.455Z;functions.movimentacao_bancaria;  APERTA TAB PARA ESCREVER O FILTRO
06-05-2024 07:12:35.561Z;functions.movimentacao_bancaria;  ESCREVE PENDENTE NO FILTRO
06-05-2024 07:12:37.662Z;functions.movimentacao_bancaria;  APERTA ENTER PARA SELECIONAR OS PENDENTES
06-05-2024 07:12:58.619Z;functions.movimentacao_bancaria;  SEM PROCESSAMENTO DE BORDERO PENDENTE
06-05-2024 07:13:08.745Z;functions.waitForImage;  FILTER CLEAN image found.
06-05-2024 07:13:10.867Z;functions.filter_clean;  CLICA NO BOTÃO X DO LIMPA FILTRO
06-05-2024 07:13:26.177Z;functions.waitForImage;  FILTER CLEAN image not found.
06-05-2024 07:13:41.590Z;functions.waitForImage;  FILTER CLEAN image not found.
06-05-2024 07:13:42.417Z;functions.processo_pagamento;  CLICA NA PRIMEIRA LINHA DA TABELA MOVIMENTAÇÃO BANCÁRIA
06-05-2024 07:13:43.714Z;functions.processo_pagamento;  HOVER FILTER
06-05-2024 07:13:44.009Z;functions.processo_pagamento;  CLICK FILTER
06-05-2024 07:13:48.325Z;functions.processo_pagamento;  CLICA NO FILTRO  STATUS DA REMESSA
06-05-2024 07:13:50.426Z;functions.processo_pagamento;  APERTA TAB PARA ESCREVER O FILTRO
06-05-2024 07:13:52.532Z;functions.processo_pagamento;  ESCREVE AUTORIZADO NO FILTRO
06-05-2024 07:13:54.634Z;functions.processo_pagamento;  APERTA ENTER PARA SELECIONAR OS AUTORIZADOS
06-05-2024 07:14:15.604Z;functions.processo_pagamento;  SEM REMESSA DE BORDERO AUTORIZADO
06-05-2024 07:14:16.707Z;functions.processo_pagamento;  FECHA ABA MOVIMENTAÇÕES BANCÁRIAS
06-05-2024 07:14:17.354Z;functions.enter_contas_a_pagar;  CLICK - TOTVS - LINHA RM
06-05-2024 07:14:18.310Z;functions.enter_contas_a_pagar;  CLICK - BACK OFFICE
06-05-2024 07:14:18.996Z;functions.enter_contas_a_pagar;  CLICK - GESTAO FINANCEIRA
06-05-2024 07:14:24.118Z;functions.enter_contas_a_pagar;  CLICK - CONTAS A PAGAR
06-05-2024 07:14:24.269Z;functions.waitForImage;  LANÇAMENTOS image found.
06-05-2024 07:14:26.390Z;functions.enter_contas_a_pagar;  CLICA EM LANÇAMENTOS
06-05-2024 07:14:41.883Z;functions.waitForImage;  LICENCAS EXCEDIDAS image not found.
06-05-2024 07:14:41.883Z;functions.obter_intervalo_data;  VERIFICANDO A HORA ATUAL 7
06-05-2024 07:14:41.883Z;functions.obter_intervalo_data;  Data Inicial BANCARIA antes da remoção: None
06-05-2024 07:14:41.883Z;functions.obter_intervalo_data;  Data Final BANCARIA antes da remoção: None
06-05-2024 07:14:41.883Z;functions.obter_intervalo_data;  Data Inicial BANCARIA após a remoção: None
06-05-2024 07:14:41.883Z;functions.obter_intervalo_data;  Data Final BANCARIA após a remoção: None
06-05-2024 07:14:41.883Z;functions.obter_intervalo_data;  hoje -  2024-05-06 07:14:41.883020
06-05-2024 07:14:41.883Z;functions.data_filter;  DATA INICIO 08-05-2024
06-05-2024 07:14:41.883Z;functions.data_filter;  DATA FIM 14-05-2024
06-05-2024 07:14:41.883Z;functions.data_filter;  CLICK - SELECIONA A DATA DE QUARTA FEIRA E DA PROXIMA TERÇA
06-05-2024 07:14:41.883Z;functions.data_filter;  QUARTA-FEIRA: 08-05-2024
06-05-2024 07:14:41.883Z;functions.data_filter;  TERCA-FEIRA: 14-05-2024
06-05-2024 07:14:50.307Z;functions.data_filter;  CLICK - BOTAO DE SELECAO DE FILTRO
06-05-2024 07:14:54.057Z;functions.data_filter;  INSERE - DATA DE QUARTA-FEIRA: 08-05-2024
06-05-2024 07:14:57.509Z;functions.data_filter;  INSERE - DATA DA PROX TERCA-FEIRA: 14-05-2024
06-05-2024 07:14:58.141Z;functions.data_filter;  CLICK - BOTAO DE EXECUTAR O FILTRO
06-05-2024 07:15:40.480Z;functions.desmark_filter;  CLICK CHECKBOX LANÇAMENTOS A RECEBER
06-05-2024 07:15:41.281Z;functions.desmark_filter;  CLICK CHECKBOX LANÇAMENTOS BAIXADOS
06-05-2024 07:15:42.141Z;functions.desmark_filter;  CLICK CHECKBOX LANÇAMENTOS CANCELADOS
06-05-2024 07:15:43.011Z;functions.desmark_filter;  CLICK CHECKBOX LANÇAMENTOS FATURADOS
06-05-2024 07:15:43.917Z;functions.desmark_filter;  CLICK CHECKBOX LANÇAMENTOS FATURADOS
06-05-2024 07:15:49.013Z;functions.waitForImage;  FILTER CLEAN image found.
06-05-2024 07:15:51.141Z;functions.filter_clean;  CLICA NO BOTÃO X DO LIMPA FILTRO
06-05-2024 07:16:06.432Z;functions.waitForImage;  FILTER CLEAN image not found.
06-05-2024 07:16:21.693Z;functions.waitForImage;  FILTER CLEAN image not found.
06-05-2024 07:16:22.384Z;functions.filter_forma_pagamento;  CLICA NA PRIMEIRA LINHA DA TABELA
06-05-2024 07:16:22.464Z;functions.filter_forma_pagamento;  CLICK NA PRIMEIRA LINHA E COLUNA DA TABELA
06-05-2024 07:16:38.627Z;functions.filter_forma_pagamento;  160 PASSOS PARA DIREITA NA TABELA >>
06-05-2024 07:16:40.933Z;functions.filter_forma_pagamento;  HOVER NOME DA COLUNA FORMA DE PAGAMENTO
06-05-2024 07:16:41.565Z;functions.filter_forma_pagamento;  CLICA PARA APARECER O FILTRO PERSONALIZAR
06-05-2024 07:16:44.877Z;functions.filter_forma_pagamento;  CLICA NO FILTRO PERSONALIZAR
06-05-2024 07:16:55.210Z;functions.filter_forma_pagamento;  Texto extraido 0/0
06-05-2024 07:16:55.210Z;functions.filter_forma_pagamento;  Count 0
06-05-2024 07:16:55.210Z;functions.filter_forma_pagamento;  Type <class 'int'>
06-05-2024 07:16:55.210Z;functions.filter_forma_pagamento;  SEM REGISTROS
06-05-2024 07:16:57.217Z;functions.check_table_record;  VERIFICANDO SE A TABELA ESTÁ VAZIA
06-05-2024 07:16:58.135Z;functions.check_table_record;  Texto extraido 0/0
06-05-2024 07:16:58.135Z;functions.check_table_record;  Count 0
06-05-2024 07:16:58.135Z;functions.check_table_record;  Type <class 'int'>
06-05-2024 07:16:58.135Z;functions.check_table_record;  SEM REGISTROS
06-05-2024 07:17:02.147Z;main.<module>;  SEM REMESSA DE TED CIP
06-05-2024 07:17:02.761Z;functions.enter_contas_a_pagar;  CLICK - TOTVS - LINHA RM
06-05-2024 07:17:03.714Z;functions.enter_contas_a_pagar;  CLICK - BACK OFFICE
06-05-2024 07:17:04.402Z;functions.enter_contas_a_pagar;  CLICK - GESTAO FINANCEIRA
06-05-2024 07:17:09.651Z;functions.enter_contas_a_pagar;  CLICK - CONTAS A PAGAR
06-05-2024 07:17:09.787Z;functions.waitForImage;  LANÇAMENTOS image found.
06-05-2024 07:17:11.912Z;functions.enter_contas_a_pagar;  CLICA EM LANÇAMENTOS
06-05-2024 07:17:27.397Z;functions.waitForImage;  LICENCAS EXCEDIDAS image not found.
06-05-2024 07:17:27.397Z;functions.obter_intervalo_data;  VERIFICANDO A HORA ATUAL 7
06-05-2024 07:17:27.399Z;functions.obter_intervalo_data;  Data Inicial BANCARIA antes da remoção: None
06-05-2024 07:17:27.399Z;functions.obter_intervalo_data;  Data Final BANCARIA antes da remoção: None
06-05-2024 07:17:27.399Z;functions.obter_intervalo_data;  Data Inicial BANCARIA após a remoção: None
06-05-2024 07:17:27.399Z;functions.obter_intervalo_data;  Data Final BANCARIA após a remoção: None
06-05-2024 07:17:27.401Z;functions.obter_intervalo_data;  hoje -  2024-05-06 07:17:27.401054
06-05-2024 07:17:27.401Z;functions.data_filter;  DATA INICIO 08-05-2024
06-05-2024 07:17:27.401Z;functions.data_filter;  DATA FIM 14-05-2024
06-05-2024 07:17:27.402Z;functions.data_filter;  CLICK - SELECIONA A DATA DE QUARTA FEIRA E DA PROXIMA TERÇA
06-05-2024 07:17:27.402Z;functions.data_filter;  QUARTA-FEIRA: 08-05-2024
06-05-2024 07:17:27.402Z;functions.data_filter;  TERCA-FEIRA: 14-05-2024
06-05-2024 07:17:35.854Z;functions.data_filter;  CLICK - BOTAO DE SELECAO DE FILTRO
06-05-2024 07:17:39.604Z;functions.data_filter;  INSERE - DATA DE QUARTA-FEIRA: 08-05-2024
06-05-2024 07:17:43.088Z;functions.data_filter;  INSERE - DATA DA PROX TERCA-FEIRA: 14-05-2024
06-05-2024 07:17:43.729Z;functions.data_filter;  CLICK - BOTAO DE EXECUTAR O FILTRO
06-05-2024 07:18:24.995Z;functions.desmark_filter;  CLICK CHECKBOX LANÇAMENTOS A RECEBER
06-05-2024 07:18:25.807Z;functions.desmark_filter;  CLICK CHECKBOX LANÇAMENTOS BAIXADOS
06-05-2024 07:18:26.651Z;functions.desmark_filter;  CLICK CHECKBOX LANÇAMENTOS CANCELADOS
06-05-2024 07:18:27.760Z;functions.desmark_filter;  CLICK CHECKBOX LANÇAMENTOS FATURADOS
06-05-2024 07:18:28.667Z;functions.desmark_filter;  CLICK CHECKBOX LANÇAMENTOS FATURADOS
06-05-2024 07:18:33.772Z;functions.waitForImage;  FILTER CLEAN image found.
06-05-2024 07:18:35.884Z;functions.filter_clean;  CLICA NO BOTÃO X DO LIMPA FILTRO
06-05-2024 07:18:51.176Z;functions.waitForImage;  FILTER CLEAN image not found.
06-05-2024 07:19:06.431Z;functions.waitForImage;  FILTER CLEAN image not found.
06-05-2024 07:19:07.219Z;functions.filter_forma_pagamento_branco;  CLICK NA PRIMEIRA LINHA E COLUNA DA TABELA
06-05-2024 07:19:23.363Z;functions.filter_forma_pagamento_branco;  160 PASSOS PARA DIREITA NA TABELA >>
06-05-2024 07:19:25.697Z;functions.filter_forma_pagamento_branco;  HOVER NOME DA COLUNA FORMA DE PAGAMENTO
06-05-2024 07:19:26.320Z;functions.filter_forma_pagamento_branco;  CLICA PARA APARECER O FILTRO PERSONALIZAR
06-05-2024 07:19:29.632Z;functions.filter_forma_pagamento_branco;  CLICA NO FILTRO PERSONALIZAR
06-05-2024 07:19:36.135Z;functions.filter_forma_pagamento_branco;  Texto extraido 1/26
06-05-2024 07:19:36.135Z;functions.filter_forma_pagamento_branco;  Count 26
06-05-2024 07:19:36.135Z;functions.filter_forma_pagamento_branco;  Type <class 'int'>
06-05-2024 07:19:36.135Z;functions.filter_forma_pagamento_branco;  TABELA CONTÉM REGISTROS
06-05-2024 07:19:42.558Z;functions.filter_forma_pagamento_branco;  MOVIDO PRA CIMA 26 VEZES
06-05-2024 07:19:45.490Z;functions.check_table_record;  VERIFICANDO SE A TABELA ESTÁ VAZIA
06-05-2024 07:19:46.432Z;functions.check_table_record;  Texto extraido 1/26
06-05-2024 07:19:46.432Z;functions.check_table_record;  Count 26
06-05-2024 07:19:46.432Z;functions.check_table_record;  Type <class 'int'>
06-05-2024 07:19:46.432Z;functions.check_table_record;  TABELA CONTÉM REGISTROS
06-05-2024 07:19:46.432Z;functions.check_ted_branco;  VERIFICANDO O COD DO CLIENTE EM CADA REGISTRO
06-05-2024 07:19:47.196Z;functions.check_ted_branco;  CLICA NA PRIMEIRA LINHA DA TABELA
06-05-2024 07:19:51.299Z;functions.check_ted_branco;  REFERNCIA: 589660
06-05-2024 07:19:51.600Z;functions.check_ted_branco;  ENTRANDO NO REGISTRO 
06-05-2024 07:19:54.827Z;functions.waitForImage;  INTEGRAÇÃO BANCÁRIA image found.
06-05-2024 07:19:54.945Z;functions.check_ted_branco;  CLICA EM INTEGRAÇÃO BANCÁRIA
06-05-2024 07:19:54.945Z;functions.check_ted_branco;  VERIFICANDO INFORMAÇÕES
06-05-2024 07:19:55.672Z;functions.waitForImage;  TRES PONTINHOS image found.
06-05-2024 07:20:06.188Z;functions.check_ted_branco;  VERIFICANDO SE TEM PIX NO FILTRO
06-05-2024 07:20:06.281Z;functions.waitForImage;  CHECANDO DADOS BANCÁRIOS PIX image found.
06-05-2024 07:20:08.296Z;functions.check_ted_branco;  PIX NÃO ENCONTRADO PARA REFERENCIA: 589660
06-05-2024 07:20:12.002Z;functions.check_ted_branco;  APERTA EM CANCELAR
06-05-2024 07:20:12.111Z;functions.waitForImage;  PRESS BUTTON OK image found.
06-05-2024 07:20:14.240Z;functions.click_ok;  PRESS BUTTON OK
06-05-2024 07:20:26.697Z;functions.waitForImage;  ERROR GENERICO image not found.
06-05-2024 07:20:31.789Z;functions.waitForImage;  ERROR FILTRO PIX image not found.
06-05-2024 07:20:35.901Z;functions.check_ted_branco;  PASSANDO PARA PRÓXIMO REGISTRO
06-05-2024 07:20:40.004Z;functions.check_ted_branco;  REFERNCIA: 946923
06-05-2024 07:20:40.304Z;functions.check_ted_branco;  ENTRANDO NO REGISTRO 
06-05-2024 07:20:43.526Z;functions.waitForImage;  INTEGRAÇÃO BANCÁRIA image found.
06-05-2024 07:20:43.659Z;functions.check_ted_branco;  CLICA EM INTEGRAÇÃO BANCÁRIA
06-05-2024 07:20:43.659Z;functions.check_ted_branco;  VERIFICANDO INFORMAÇÕES
06-05-2024 07:20:44.369Z;functions.waitForImage;  TRES PONTINHOS image found.
06-05-2024 07:20:54.881Z;functions.check_ted_branco;  VERIFICANDO SE TEM PIX NO FILTRO
06-05-2024 07:20:54.974Z;functions.waitForImage;  CHECANDO DADOS BANCÁRIOS PIX image found.
06-05-2024 07:20:56.987Z;functions.check_ted_branco;  PIX NÃO ENCONTRADO PARA REFERENCIA: 946923
06-05-2024 07:21:00.694Z;functions.check_ted_branco;  APERTA EM CANCELAR
06-05-2024 07:21:00.787Z;functions.waitForImage;  PRESS BUTTON OK image found.
06-05-2024 07:21:02.916Z;functions.click_ok;  PRESS BUTTON OK
06-05-2024 07:21:15.328Z;functions.waitForImage;  ERROR GENERICO image not found.
06-05-2024 07:21:20.336Z;functions.waitForImage;  ERROR FILTRO PIX image not found.
06-05-2024 07:21:24.440Z;functions.check_ted_branco;  PASSANDO PARA PRÓXIMO REGISTRO
06-05-2024 07:21:28.542Z;functions.check_ted_branco;  REFERNCIA: 947339
06-05-2024 07:21:28.843Z;functions.check_ted_branco;  ENTRANDO NO REGISTRO 
06-05-2024 07:21:32.057Z;functions.waitForImage;  INTEGRAÇÃO BANCÁRIA image found.
06-05-2024 07:21:32.185Z;functions.check_ted_branco;  CLICA EM INTEGRAÇÃO BANCÁRIA
06-05-2024 07:21:32.185Z;functions.check_ted_branco;  VERIFICANDO INFORMAÇÕES
06-05-2024 07:21:32.885Z;functions.waitForImage;  TRES PONTINHOS image found.
06-05-2024 07:21:43.408Z;functions.check_ted_branco;  VERIFICANDO SE TEM PIX NO FILTRO
06-05-2024 07:21:43.511Z;functions.waitForImage;  CHECANDO DADOS BANCÁRIOS PIX image found.
06-05-2024 07:21:45.527Z;functions.check_ted_branco;  PIX NÃO ENCONTRADO PARA REFERENCIA: 947339
06-05-2024 07:21:49.233Z;functions.check_ted_branco;  APERTA EM CANCELAR
06-05-2024 07:21:49.327Z;functions.waitForImage;  PRESS BUTTON OK image found.
06-05-2024 07:21:51.470Z;functions.click_ok;  PRESS BUTTON OK
06-05-2024 07:22:03.834Z;functions.waitForImage;  ERROR GENERICO image not found.
06-05-2024 07:22:08.844Z;functions.waitForImage;  ERROR FILTRO PIX image not found.
06-05-2024 07:22:12.960Z;functions.check_ted_branco;  PASSANDO PARA PRÓXIMO REGISTRO
06-05-2024 07:22:17.062Z;functions.check_ted_branco;  REFERNCIA: 947550
06-05-2024 07:22:17.363Z;functions.check_ted_branco;  ENTRANDO NO REGISTRO 
06-05-2024 07:22:20.575Z;functions.waitForImage;  INTEGRAÇÃO BANCÁRIA image found.
06-05-2024 07:22:20.707Z;functions.check_ted_branco;  CLICA EM INTEGRAÇÃO BANCÁRIA
06-05-2024 07:22:20.707Z;functions.check_ted_branco;  VERIFICANDO INFORMAÇÕES
06-05-2024 07:22:21.406Z;functions.waitForImage;  TRES PONTINHOS image found.
06-05-2024 07:22:31.919Z;functions.check_ted_branco;  VERIFICANDO SE TEM PIX NO FILTRO
06-05-2024 07:22:32.013Z;functions.waitForImage;  CHECANDO DADOS BANCÁRIOS PIX image found.
06-05-2024 07:22:34.021Z;functions.check_ted_branco;  PIX NÃO ENCONTRADO PARA REFERENCIA: 947550
06-05-2024 07:22:37.727Z;functions.check_ted_branco;  APERTA EM CANCELAR
06-05-2024 07:22:37.821Z;functions.waitForImage;  PRESS BUTTON OK image found.
06-05-2024 07:22:39.957Z;functions.click_ok;  PRESS BUTTON OK
06-05-2024 07:22:52.335Z;functions.waitForImage;  ERROR GENERICO image not found.
06-05-2024 07:22:57.934Z;functions.waitForImage;  ERROR FILTRO PIX image not found.
06-05-2024 07:23:02.039Z;functions.check_ted_branco;  PASSANDO PARA PRÓXIMO REGISTRO
06-05-2024 07:23:06.141Z;functions.check_ted_branco;  REFERNCIA: 947564
06-05-2024 07:23:06.442Z;functions.check_ted_branco;  ENTRANDO NO REGISTRO 
06-05-2024 07:23:09.654Z;functions.waitForImage;  INTEGRAÇÃO BANCÁRIA image found.
06-05-2024 07:23:09.771Z;functions.check_ted_branco;  CLICA EM INTEGRAÇÃO BANCÁRIA
06-05-2024 07:23:09.771Z;functions.check_ted_branco;  VERIFICANDO INFORMAÇÕES
06-05-2024 07:23:10.480Z;functions.waitForImage;  TRES PONTINHOS image found.
06-05-2024 07:23:20.992Z;functions.check_ted_branco;  VERIFICANDO SE TEM PIX NO FILTRO
06-05-2024 07:23:21.086Z;functions.waitForImage;  CHECANDO DADOS BANCÁRIOS PIX image found.
06-05-2024 07:23:23.092Z;functions.check_ted_branco;  PIX NÃO ENCONTRADO PARA REFERENCIA: 947564
06-05-2024 07:23:26.798Z;functions.check_ted_branco;  APERTA EM CANCELAR
06-05-2024 07:23:26.892Z;functions.waitForImage;  PRESS BUTTON OK image found.
06-05-2024 07:23:29.026Z;functions.click_ok;  PRESS BUTTON OK
06-05-2024 07:23:41.384Z;functions.waitForImage;  ERROR GENERICO image not found.
06-05-2024 07:23:46.985Z;functions.waitForImage;  ERROR FILTRO PIX image not found.
06-05-2024 07:23:51.101Z;functions.check_ted_branco;  PASSANDO PARA PRÓXIMO REGISTRO
06-05-2024 07:23:55.203Z;functions.check_ted_branco;  REFERNCIA: 947589
06-05-2024 07:23:55.504Z;functions.check_ted_branco;  ENTRANDO NO REGISTRO 
06-05-2024 07:23:58.715Z;functions.waitForImage;  INTEGRAÇÃO BANCÁRIA image found.
06-05-2024 07:23:58.848Z;functions.check_ted_branco;  CLICA EM INTEGRAÇÃO BANCÁRIA
06-05-2024 07:23:58.848Z;functions.check_ted_branco;  VERIFICANDO INFORMAÇÕES
06-05-2024 07:23:59.556Z;functions.waitForImage;  TRES PONTINHOS image found.
06-05-2024 07:24:10.085Z;functions.check_ted_branco;  VERIFICANDO SE TEM PIX NO FILTRO
06-05-2024 07:24:10.179Z;functions.waitForImage;  CHECANDO DADOS BANCÁRIOS PIX image found.
06-05-2024 07:24:12.188Z;functions.check_ted_branco;  PIX NÃO ENCONTRADO PARA REFERENCIA: 947589
06-05-2024 07:24:15.895Z;functions.check_ted_branco;  APERTA EM CANCELAR
06-05-2024 07:24:15.989Z;functions.waitForImage;  PRESS BUTTON OK image found.
06-05-2024 07:24:18.114Z;functions.click_ok;  PRESS BUTTON OK
06-05-2024 07:24:30.464Z;functions.waitForImage;  ERROR GENERICO image not found.
06-05-2024 07:24:35.496Z;functions.waitForImage;  ERROR FILTRO PIX image not found.
06-05-2024 07:24:39.601Z;functions.check_ted_branco;  PASSANDO PARA PRÓXIMO REGISTRO
06-05-2024 07:24:43.704Z;functions.check_ted_branco;  REFERNCIA: 947662
06-05-2024 07:24:44.005Z;functions.check_ted_branco;  ENTRANDO NO REGISTRO 
06-05-2024 07:24:47.210Z;functions.waitForImage;  INTEGRAÇÃO BANCÁRIA image found.
06-05-2024 07:24:47.319Z;functions.check_ted_branco;  CLICA EM INTEGRAÇÃO BANCÁRIA
06-05-2024 07:24:47.319Z;functions.check_ted_branco;  VERIFICANDO INFORMAÇÕES
06-05-2024 07:24:47.448Z;functions.waitForImage;  TRES PONTINHOS image found.
06-05-2024 07:24:57.971Z;functions.check_ted_branco;  VERIFICANDO SE TEM PIX NO FILTRO
06-05-2024 07:24:58.065Z;functions.waitForImage;  CHECANDO DADOS BANCÁRIOS PIX image found.
06-05-2024 07:25:00.076Z;functions.check_ted_branco;  PIX NÃO ENCONTRADO PARA REFERENCIA: 947662
06-05-2024 07:25:03.783Z;functions.check_ted_branco;  APERTA EM CANCELAR
06-05-2024 07:25:03.877Z;functions.waitForImage;  PRESS BUTTON OK image found.
06-05-2024 07:25:06.006Z;functions.click_ok;  PRESS BUTTON OK
06-05-2024 07:25:18.413Z;functions.waitForImage;  ERROR GENERICO image not found.
06-05-2024 07:25:23.434Z;functions.waitForImage;  ERROR FILTRO PIX image not found.
06-05-2024 07:25:27.537Z;functions.check_ted_branco;  PASSANDO PARA PRÓXIMO REGISTRO
06-05-2024 07:25:31.640Z;functions.check_ted_branco;  REFERNCIA: 947730
06-05-2024 07:25:31.941Z;functions.check_ted_branco;  ENTRANDO NO REGISTRO 
06-05-2024 07:25:35.152Z;functions.waitForImage;  INTEGRAÇÃO BANCÁRIA image found.
06-05-2024 07:25:35.269Z;functions.check_ted_branco;  CLICA EM INTEGRAÇÃO BANCÁRIA
06-05-2024 07:25:35.269Z;functions.check_ted_branco;  VERIFICANDO INFORMAÇÕES
06-05-2024 07:25:35.402Z;functions.waitForImage;  TRES PONTINHOS image found.
06-05-2024 07:25:45.914Z;functions.check_ted_branco;  VERIFICANDO SE TEM PIX NO FILTRO
06-05-2024 07:25:46.008Z;functions.waitForImage;  CHECANDO DADOS BANCÁRIOS PIX image found.
06-05-2024 07:25:48.019Z;functions.check_ted_branco;  PIX NÃO ENCONTRADO PARA REFERENCIA: 947730
06-05-2024 07:25:51.726Z;functions.check_ted_branco;  APERTA EM CANCELAR
06-05-2024 07:25:51.820Z;functions.waitForImage;  PRESS BUTTON OK image found.
06-05-2024 07:25:53.947Z;functions.click_ok;  PRESS BUTTON OK
06-05-2024 07:26:06.325Z;functions.waitForImage;  ERROR GENERICO image not found.
06-05-2024 07:26:11.938Z;functions.waitForImage;  ERROR FILTRO PIX image not found.
06-05-2024 07:26:16.041Z;functions.check_ted_branco;  PASSANDO PARA PRÓXIMO REGISTRO
06-05-2024 07:26:20.143Z;functions.check_ted_branco;  REFERNCIA: 947826
06-05-2024 07:26:20.444Z;functions.check_ted_branco;  ENTRANDO NO REGISTRO 
06-05-2024 07:26:23.655Z;functions.waitForImage;  INTEGRAÇÃO BANCÁRIA image found.
06-05-2024 07:26:23.772Z;functions.check_ted_branco;  CLICA EM INTEGRAÇÃO BANCÁRIA
06-05-2024 07:26:23.772Z;functions.check_ted_branco;  VERIFICANDO INFORMAÇÕES
06-05-2024 07:26:23.905Z;functions.waitForImage;  TRES PONTINHOS image found.
06-05-2024 07:26:34.428Z;functions.check_ted_branco;  VERIFICANDO SE TEM PIX NO FILTRO
06-05-2024 07:26:34.527Z;functions.waitForImage;  CHECANDO DADOS BANCÁRIOS PIX image found.
06-05-2024 07:26:36.535Z;functions.check_ted_branco;  PIX NÃO ENCONTRADO PARA REFERENCIA: 947826
06-05-2024 07:26:40.241Z;functions.check_ted_branco;  APERTA EM CANCELAR
06-05-2024 07:26:40.335Z;functions.waitForImage;  PRESS BUTTON OK image found.
06-05-2024 07:26:42.456Z;functions.click_ok;  PRESS BUTTON OK
06-05-2024 07:26:54.816Z;functions.waitForImage;  ERROR GENERICO image not found.
06-05-2024 07:27:00.436Z;functions.waitForImage;  ERROR FILTRO PIX image not found.
06-05-2024 07:27:04.538Z;functions.check_ted_branco;  PASSANDO PARA PRÓXIMO REGISTRO
06-05-2024 07:27:08.641Z;functions.check_ted_branco;  REFERNCIA: 947860
06-05-2024 07:27:08.941Z;functions.check_ted_branco;  ENTRANDO NO REGISTRO 
06-05-2024 07:27:12.162Z;functions.waitForImage;  INTEGRAÇÃO BANCÁRIA image found.
06-05-2024 07:27:12.290Z;functions.check_ted_branco;  CLICA EM INTEGRAÇÃO BANCÁRIA
06-05-2024 07:27:12.290Z;functions.check_ted_branco;  VERIFICANDO INFORMAÇÕES
06-05-2024 07:27:12.427Z;functions.waitForImage;  TRES PONTINHOS image found.
06-05-2024 07:27:22.938Z;functions.check_ted_branco;  VERIFICANDO SE TEM PIX NO FILTRO
06-05-2024 07:27:23.032Z;functions.waitForImage;  CHECANDO DADOS BANCÁRIOS PIX image found.
06-05-2024 07:27:25.042Z;functions.check_ted_branco;  PIX NÃO ENCONTRADO PARA REFERENCIA: 947860
06-05-2024 07:27:28.748Z;functions.check_ted_branco;  APERTA EM CANCELAR
06-05-2024 07:27:28.842Z;functions.waitForImage;  PRESS BUTTON OK image found.
06-05-2024 07:27:30.968Z;functions.click_ok;  PRESS BUTTON OK
06-05-2024 07:27:43.345Z;functions.waitForImage;  ERROR GENERICO image not found.
06-05-2024 07:27:48.393Z;functions.waitForImage;  ERROR FILTRO PIX image not found.
06-05-2024 07:27:52.496Z;functions.check_ted_branco;  PASSANDO PARA PRÓXIMO REGISTRO
06-05-2024 07:27:56.598Z;functions.check_ted_branco;  REFERNCIA: 941356
06-05-2024 07:27:56.899Z;functions.check_ted_branco;  ENTRANDO NO REGISTRO 
06-05-2024 07:28:00.111Z;functions.waitForImage;  INTEGRAÇÃO BANCÁRIA image found.
06-05-2024 07:28:00.228Z;functions.check_ted_branco;  CLICA EM INTEGRAÇÃO BANCÁRIA
06-05-2024 07:28:00.228Z;functions.check_ted_branco;  VERIFICANDO INFORMAÇÕES
06-05-2024 07:28:00.919Z;functions.waitForImage;  TRES PONTINHOS image found.
06-05-2024 07:28:11.443Z;functions.check_ted_branco;  VERIFICANDO SE TEM PIX NO FILTRO
06-05-2024 07:28:11.542Z;functions.waitForImage;  CHECANDO DADOS BANCÁRIOS PIX image found.
06-05-2024 07:28:13.552Z;functions.check_ted_branco;  PIX NÃO ENCONTRADO PARA REFERENCIA: 941356
06-05-2024 07:28:17.259Z;functions.check_ted_branco;  APERTA EM CANCELAR
06-05-2024 07:28:17.355Z;functions.waitForImage;  PRESS BUTTON OK image found.
06-05-2024 07:28:19.480Z;functions.click_ok;  PRESS BUTTON OK
06-05-2024 07:28:31.819Z;functions.waitForImage;  ERROR GENERICO image not found.
06-05-2024 07:28:37.417Z;functions.waitForImage;  ERROR FILTRO PIX image not found.
06-05-2024 07:28:41.520Z;functions.check_ted_branco;  PASSANDO PARA PRÓXIMO REGISTRO
06-05-2024 07:28:45.622Z;functions.check_ted_branco;  REFERNCIA: 947859
06-05-2024 07:28:45.923Z;functions.check_ted_branco;  ENTRANDO NO REGISTRO 
06-05-2024 07:28:49.134Z;functions.waitForImage;  INTEGRAÇÃO BANCÁRIA image found.
06-05-2024 07:28:49.251Z;functions.check_ted_branco;  CLICA EM INTEGRAÇÃO BANCÁRIA
06-05-2024 07:28:49.251Z;functions.check_ted_branco;  VERIFICANDO INFORMAÇÕES
06-05-2024 07:28:49.952Z;functions.waitForImage;  TRES PONTINHOS image found.
06-05-2024 07:29:00.471Z;functions.check_ted_branco;  VERIFICANDO SE TEM PIX NO FILTRO
06-05-2024 07:29:00.564Z;functions.waitForImage;  CHECANDO DADOS BANCÁRIOS PIX image found.
06-05-2024 07:29:02.578Z;functions.check_ted_branco;  PIX NÃO ENCONTRADO PARA REFERENCIA: 947859
06-05-2024 07:29:06.285Z;functions.check_ted_branco;  APERTA EM CANCELAR
06-05-2024 07:29:06.379Z;functions.waitForImage;  PRESS BUTTON OK image found.
06-05-2024 07:29:08.506Z;functions.click_ok;  PRESS BUTTON OK
06-05-2024 07:29:20.895Z;functions.waitForImage;  ERROR GENERICO image not found.
06-05-2024 07:29:25.932Z;functions.waitForImage;  ERROR FILTRO PIX image not found.
06-05-2024 07:29:30.034Z;functions.check_ted_branco;  PASSANDO PARA PRÓXIMO REGISTRO
06-05-2024 07:29:34.137Z;functions.check_ted_branco;  REFERNCIA: 947862
06-05-2024 07:29:34.437Z;functions.check_ted_branco;  ENTRANDO NO REGISTRO 
06-05-2024 07:29:37.651Z;functions.waitForImage;  INTEGRAÇÃO BANCÁRIA image found.
06-05-2024 07:29:37.768Z;functions.check_ted_branco;  CLICA EM INTEGRAÇÃO BANCÁRIA
06-05-2024 07:29:37.768Z;functions.check_ted_branco;  VERIFICANDO INFORMAÇÕES
06-05-2024 07:29:38.479Z;functions.waitForImage;  TRES PONTINHOS image found.
06-05-2024 07:29:49.004Z;functions.check_ted_branco;  VERIFICANDO SE TEM PIX NO FILTRO
06-05-2024 07:29:49.113Z;functions.waitForImage;  CHECANDO DADOS BANCÁRIOS PIX image found.
06-05-2024 07:29:51.114Z;functions.check_ted_branco;  PIX NÃO ENCONTRADO PARA REFERENCIA: 947862
06-05-2024 07:29:54.821Z;functions.check_ted_branco;  APERTA EM CANCELAR
06-05-2024 07:29:54.915Z;functions.waitForImage;  PRESS BUTTON OK image found.
06-05-2024 07:29:57.047Z;functions.click_ok;  PRESS BUTTON OK
06-05-2024 07:30:09.479Z;functions.waitForImage;  ERROR GENERICO image not found.
06-05-2024 07:30:14.510Z;functions.waitForImage;  ERROR FILTRO PIX image not found.
06-05-2024 07:30:18.627Z;functions.check_ted_branco;  PASSANDO PARA PRÓXIMO REGISTRO
06-05-2024 07:30:22.729Z;functions.check_ted_branco;  REFERNCIA: 938650
06-05-2024 07:30:23.030Z;functions.check_ted_branco;  ENTRANDO NO REGISTRO 
06-05-2024 07:30:26.242Z;functions.waitForImage;  INTEGRAÇÃO BANCÁRIA image found.
06-05-2024 07:30:26.374Z;functions.check_ted_branco;  CLICA EM INTEGRAÇÃO BANCÁRIA
06-05-2024 07:30:26.374Z;functions.check_ted_branco;  VERIFICANDO INFORMAÇÕES
06-05-2024 07:30:27.087Z;functions.waitForImage;  TRES PONTINHOS image found.
06-05-2024 07:30:37.600Z;functions.check_ted_branco;  VERIFICANDO SE TEM PIX NO FILTRO
06-05-2024 07:30:37.694Z;functions.waitForImage;  CHECANDO DADOS BANCÁRIOS PIX image found.
06-05-2024 07:30:39.706Z;functions.check_ted_branco;  PIX NÃO ENCONTRADO PARA REFERENCIA: 938650
06-05-2024 07:30:43.413Z;functions.check_ted_branco;  APERTA EM CANCELAR
06-05-2024 07:30:43.526Z;functions.waitForImage;  PRESS BUTTON OK image found.
06-05-2024 07:30:45.661Z;functions.click_ok;  PRESS BUTTON OK
06-05-2024 07:30:58.041Z;functions.waitForImage;  ERROR GENERICO image not found.
06-05-2024 07:31:03.127Z;functions.waitForImage;  ERROR FILTRO PIX image not found.
06-05-2024 07:31:07.234Z;functions.check_ted_branco;  PASSANDO PARA PRÓXIMO REGISTRO
06-05-2024 07:31:11.337Z;functions.check_ted_branco;  REFERNCIA: 946313
06-05-2024 07:31:11.637Z;functions.check_ted_branco;  ENTRANDO NO REGISTRO 
06-05-2024 07:31:14.849Z;functions.waitForImage;  INTEGRAÇÃO BANCÁRIA image found.
06-05-2024 07:31:14.981Z;functions.check_ted_branco;  CLICA EM INTEGRAÇÃO BANCÁRIA
06-05-2024 07:31:14.981Z;functions.check_ted_branco;  VERIFICANDO INFORMAÇÕES
06-05-2024 07:31:15.109Z;functions.waitForImage;  TRES PONTINHOS image found.
06-05-2024 07:31:25.633Z;functions.check_ted_branco;  VERIFICANDO SE TEM PIX NO FILTRO
06-05-2024 07:31:25.727Z;functions.waitForImage;  CHECANDO DADOS BANCÁRIOS PIX image found.
06-05-2024 07:31:27.738Z;functions.check_ted_branco;  PIX NÃO ENCONTRADO PARA REFERENCIA: 946313
06-05-2024 07:31:31.445Z;functions.check_ted_branco;  APERTA EM CANCELAR
06-05-2024 07:31:31.539Z;functions.waitForImage;  PRESS BUTTON OK image found.
06-05-2024 07:31:33.681Z;functions.click_ok;  PRESS BUTTON OK
06-05-2024 07:31:46.089Z;functions.waitForImage;  ERROR GENERICO image not found.
06-05-2024 07:31:51.091Z;functions.waitForImage;  ERROR FILTRO PIX image not found.
06-05-2024 07:31:55.208Z;functions.check_ted_branco;  PASSANDO PARA PRÓXIMO REGISTRO
06-05-2024 07:31:59.310Z;functions.check_ted_branco;  REFERNCIA: 946317
06-05-2024 07:31:59.610Z;functions.check_ted_branco;  ENTRANDO NO REGISTRO 
06-05-2024 07:32:02.822Z;functions.waitForImage;  INTEGRAÇÃO BANCÁRIA image found.
06-05-2024 07:32:02.940Z;functions.check_ted_branco;  CLICA EM INTEGRAÇÃO BANCÁRIA
06-05-2024 07:32:02.940Z;functions.check_ted_branco;  VERIFICANDO INFORMAÇÕES
06-05-2024 07:32:03.044Z;functions.waitForImage;  TRES PONTINHOS image found.
06-05-2024 07:32:13.570Z;functions.check_ted_branco;  VERIFICANDO SE TEM PIX NO FILTRO
06-05-2024 07:32:13.663Z;functions.waitForImage;  CHECANDO DADOS BANCÁRIOS PIX image found.
06-05-2024 07:32:15.673Z;functions.check_ted_branco;  PIX NÃO ENCONTRADO PARA REFERENCIA: 946317
06-05-2024 07:32:19.380Z;functions.check_ted_branco;  APERTA EM CANCELAR
06-05-2024 07:32:19.480Z;functions.waitForImage;  PRESS BUTTON OK image found.
06-05-2024 07:32:21.641Z;functions.click_ok;  PRESS BUTTON OK
06-05-2024 07:32:34.023Z;functions.waitForImage;  ERROR GENERICO image not found.
06-05-2024 07:32:39.050Z;functions.waitForImage;  ERROR FILTRO PIX image not found.
06-05-2024 07:32:43.159Z;functions.check_ted_branco;  PASSANDO PARA PRÓXIMO REGISTRO
06-05-2024 07:32:47.260Z;functions.check_ted_branco;  REFERNCIA: 946748
06-05-2024 07:32:47.561Z;functions.check_ted_branco;  ENTRANDO NO REGISTRO 
06-05-2024 07:32:50.773Z;functions.waitForImage;  INTEGRAÇÃO BANCÁRIA image found.
06-05-2024 07:32:50.906Z;functions.check_ted_branco;  CLICA EM INTEGRAÇÃO BANCÁRIA
06-05-2024 07:32:50.906Z;functions.check_ted_branco;  VERIFICANDO INFORMAÇÕES
06-05-2024 07:32:51.613Z;functions.waitForImage;  TRES PONTINHOS image found.
06-05-2024 07:33:02.141Z;functions.check_ted_branco;  VERIFICANDO SE TEM PIX NO FILTRO
06-05-2024 07:33:02.252Z;functions.waitForImage;  CHECANDO DADOS BANCÁRIOS PIX image found.
06-05-2024 07:33:04.253Z;functions.check_ted_branco;  PIX NÃO ENCONTRADO PARA REFERENCIA: 946748
06-05-2024 07:33:07.960Z;functions.check_ted_branco;  APERTA EM CANCELAR
06-05-2024 07:33:08.054Z;functions.waitForImage;  PRESS BUTTON OK image found.
06-05-2024 07:33:10.180Z;functions.click_ok;  PRESS BUTTON OK
06-05-2024 07:33:22.605Z;functions.waitForImage;  ERROR GENERICO image not found.
06-05-2024 07:33:27.620Z;functions.waitForImage;  ERROR FILTRO PIX image not found.
06-05-2024 07:33:31.734Z;functions.check_ted_branco;  PASSANDO PARA PRÓXIMO REGISTRO
06-05-2024 07:33:35.837Z;functions.check_ted_branco;  REFERNCIA: 947162
06-05-2024 07:33:36.138Z;functions.check_ted_branco;  ENTRANDO NO REGISTRO 
06-05-2024 07:33:39.350Z;functions.waitForImage;  INTEGRAÇÃO BANCÁRIA image found.
06-05-2024 07:33:39.482Z;functions.check_ted_branco;  CLICA EM INTEGRAÇÃO BANCÁRIA
06-05-2024 07:33:39.482Z;functions.check_ted_branco;  VERIFICANDO INFORMAÇÕES
06-05-2024 07:33:40.205Z;functions.waitForImage;  TRES PONTINHOS image found.
06-05-2024 07:33:50.731Z;functions.check_ted_branco;  VERIFICANDO SE TEM PIX NO FILTRO
06-05-2024 07:33:50.841Z;functions.waitForImage;  CHECANDO DADOS BANCÁRIOS PIX image found.
06-05-2024 07:33:52.848Z;functions.check_ted_branco;  PIX NÃO ENCONTRADO PARA REFERENCIA: 947162
06-05-2024 07:33:56.555Z;functions.check_ted_branco;  APERTA EM CANCELAR
06-05-2024 07:33:56.649Z;functions.waitForImage;  PRESS BUTTON OK image found.
06-05-2024 07:33:58.777Z;functions.click_ok;  PRESS BUTTON OK
06-05-2024 07:34:11.161Z;functions.waitForImage;  ERROR GENERICO image not found.
06-05-2024 07:34:16.179Z;functions.waitForImage;  ERROR FILTRO PIX image not found.
06-05-2024 07:34:20.295Z;functions.check_ted_branco;  PASSANDO PARA PRÓXIMO REGISTRO
06-05-2024 07:34:24.397Z;functions.check_ted_branco;  REFERNCIA: 947310
06-05-2024 07:34:24.697Z;functions.check_ted_branco;  ENTRANDO NO REGISTRO 
06-05-2024 07:34:27.909Z;functions.waitForImage;  INTEGRAÇÃO BANCÁRIA image found.
06-05-2024 07:34:28.042Z;functions.check_ted_branco;  CLICA EM INTEGRAÇÃO BANCÁRIA
06-05-2024 07:34:28.042Z;functions.check_ted_branco;  VERIFICANDO INFORMAÇÕES
06-05-2024 07:34:28.752Z;functions.waitForImage;  TRES PONTINHOS image found.
06-05-2024 07:34:39.272Z;functions.check_ted_branco;  VERIFICANDO SE TEM PIX NO FILTRO
06-05-2024 07:34:39.366Z;functions.waitForImage;  CHECANDO DADOS BANCÁRIOS PIX image found.
06-05-2024 07:34:41.377Z;functions.check_ted_branco;  PIX NÃO ENCONTRADO PARA REFERENCIA: 947310
06-05-2024 07:34:45.084Z;functions.check_ted_branco;  APERTA EM CANCELAR
06-05-2024 07:34:45.178Z;functions.waitForImage;  PRESS BUTTON OK image found.
06-05-2024 07:34:47.320Z;functions.click_ok;  PRESS BUTTON OK
06-05-2024 07:34:59.706Z;functions.waitForImage;  ERROR GENERICO image not found.
06-05-2024 07:35:04.737Z;functions.waitForImage;  ERROR FILTRO PIX image not found.
06-05-2024 07:35:08.844Z;functions.check_ted_branco;  PASSANDO PARA PRÓXIMO REGISTRO
06-05-2024 07:35:12.946Z;functions.check_ted_branco;  REFERNCIA: 947444
06-05-2024 07:35:13.247Z;functions.check_ted_branco;  ENTRANDO NO REGISTRO 
06-05-2024 07:35:16.465Z;functions.waitForImage;  INTEGRAÇÃO BANCÁRIA image found.
06-05-2024 07:35:16.597Z;functions.check_ted_branco;  CLICA EM INTEGRAÇÃO BANCÁRIA
06-05-2024 07:35:16.597Z;functions.check_ted_branco;  VERIFICANDO INFORMAÇÕES
06-05-2024 07:35:17.334Z;functions.waitForImage;  TRES PONTINHOS image found.
06-05-2024 07:35:27.846Z;functions.check_ted_branco;  VERIFICANDO SE TEM PIX NO FILTRO
06-05-2024 07:35:27.940Z;functions.waitForImage;  CHECANDO DADOS BANCÁRIOS PIX image found.
06-05-2024 07:35:29.951Z;functions.check_ted_branco;  PIX NÃO ENCONTRADO PARA REFERENCIA: 947444
06-05-2024 07:35:33.657Z;functions.check_ted_branco;  APERTA EM CANCELAR
06-05-2024 07:35:33.751Z;functions.waitForImage;  PRESS BUTTON OK image found.
06-05-2024 07:35:35.878Z;functions.click_ok;  PRESS BUTTON OK
06-05-2024 07:35:48.273Z;functions.waitForImage;  ERROR GENERICO image not found.
06-05-2024 07:35:53.285Z;functions.waitForImage;  ERROR FILTRO PIX image not found.
06-05-2024 07:35:57.402Z;functions.check_ted_branco;  PASSANDO PARA PRÓXIMO REGISTRO
06-05-2024 07:36:01.504Z;functions.check_ted_branco;  REFERNCIA: 947445
06-05-2024 07:36:01.805Z;functions.check_ted_branco;  ENTRANDO NO REGISTRO 
06-05-2024 07:36:05.017Z;functions.waitForImage;  INTEGRAÇÃO BANCÁRIA image found.
06-05-2024 07:36:05.133Z;functions.check_ted_branco;  CLICA EM INTEGRAÇÃO BANCÁRIA
06-05-2024 07:36:05.133Z;functions.check_ted_branco;  VERIFICANDO INFORMAÇÕES
06-05-2024 07:36:05.838Z;functions.waitForImage;  TRES PONTINHOS image found.
06-05-2024 07:36:16.363Z;functions.check_ted_branco;  VERIFICANDO SE TEM PIX NO FILTRO
06-05-2024 07:36:16.464Z;functions.waitForImage;  CHECANDO DADOS BANCÁRIOS PIX image found.
06-05-2024 07:36:18.471Z;functions.check_ted_branco;  PIX NÃO ENCONTRADO PARA REFERENCIA: 947445
06-05-2024 07:36:22.178Z;functions.check_ted_branco;  APERTA EM CANCELAR
06-05-2024 07:36:22.277Z;functions.waitForImage;  PRESS BUTTON OK image found.
06-05-2024 07:36:24.397Z;functions.click_ok;  PRESS BUTTON OK
06-05-2024 07:36:36.777Z;functions.waitForImage;  ERROR GENERICO image not found.
06-05-2024 07:36:41.812Z;functions.waitForImage;  ERROR FILTRO PIX image not found.
06-05-2024 07:36:45.917Z;functions.check_ted_branco;  PASSANDO PARA PRÓXIMO REGISTRO
06-05-2024 07:36:50.020Z;functions.check_ted_branco;  REFERNCIA: 947446
06-05-2024 07:36:50.321Z;functions.check_ted_branco;  ENTRANDO NO REGISTRO 
06-05-2024 07:36:53.526Z;functions.waitForImage;  INTEGRAÇÃO BANCÁRIA image found.
06-05-2024 07:36:53.659Z;functions.check_ted_branco;  CLICA EM INTEGRAÇÃO BANCÁRIA
06-05-2024 07:36:53.659Z;functions.check_ted_branco;  VERIFICANDO INFORMAÇÕES
06-05-2024 07:36:54.361Z;functions.waitForImage;  TRES PONTINHOS image found.
06-05-2024 07:37:04.886Z;functions.check_ted_branco;  VERIFICANDO SE TEM PIX NO FILTRO
06-05-2024 07:37:04.979Z;functions.waitForImage;  CHECANDO DADOS BANCÁRIOS PIX image found.
06-05-2024 07:37:06.990Z;functions.check_ted_branco;  PIX NÃO ENCONTRADO PARA REFERENCIA: 947446
06-05-2024 07:37:10.698Z;functions.check_ted_branco;  APERTA EM CANCELAR
06-05-2024 07:37:10.792Z;functions.waitForImage;  PRESS BUTTON OK image found.
06-05-2024 07:37:12.931Z;functions.click_ok;  PRESS BUTTON OK
06-05-2024 07:37:25.299Z;functions.waitForImage;  ERROR GENERICO image not found.
06-05-2024 07:37:30.906Z;functions.waitForImage;  ERROR FILTRO PIX image not found.
06-05-2024 07:37:35.012Z;functions.check_ted_branco;  PASSANDO PARA PRÓXIMO REGISTRO
06-05-2024 07:37:39.114Z;functions.check_ted_branco;  REFERNCIA: 947447
06-05-2024 07:37:39.414Z;functions.check_ted_branco;  ENTRANDO NO REGISTRO 
06-05-2024 07:37:42.620Z;functions.waitForImage;  INTEGRAÇÃO BANCÁRIA image found.
06-05-2024 07:37:42.753Z;functions.check_ted_branco;  CLICA EM INTEGRAÇÃO BANCÁRIA
06-05-2024 07:37:42.753Z;functions.check_ted_branco;  VERIFICANDO INFORMAÇÕES
06-05-2024 07:37:43.448Z;functions.waitForImage;  TRES PONTINHOS image found.
06-05-2024 07:37:53.974Z;functions.check_ted_branco;  VERIFICANDO SE TEM PIX NO FILTRO
06-05-2024 07:37:54.068Z;functions.waitForImage;  CHECANDO DADOS BANCÁRIOS PIX image found.
06-05-2024 07:37:56.082Z;functions.check_ted_branco;  PIX NÃO ENCONTRADO PARA REFERENCIA: 947447
06-05-2024 07:37:59.789Z;functions.check_ted_branco;  APERTA EM CANCELAR
06-05-2024 07:37:59.882Z;functions.waitForImage;  PRESS BUTTON OK image found.
06-05-2024 07:38:02.010Z;functions.click_ok;  PRESS BUTTON OK
06-05-2024 07:38:14.443Z;functions.waitForImage;  ERROR GENERICO image not found.
06-05-2024 07:38:19.449Z;functions.waitForImage;  ERROR FILTRO PIX image not found.
06-05-2024 07:38:23.554Z;functions.check_ted_branco;  PASSANDO PARA PRÓXIMO REGISTRO
06-05-2024 07:38:27.656Z;functions.check_ted_branco;  REFERNCIA: 947641
06-05-2024 07:38:27.957Z;functions.check_ted_branco;  ENTRANDO NO REGISTRO 
06-05-2024 07:38:31.168Z;functions.waitForImage;  INTEGRAÇÃO BANCÁRIA image found.
06-05-2024 07:38:31.301Z;functions.check_ted_branco;  CLICA EM INTEGRAÇÃO BANCÁRIA
06-05-2024 07:38:31.301Z;functions.check_ted_branco;  VERIFICANDO INFORMAÇÕES
06-05-2024 07:38:32.019Z;functions.waitForImage;  TRES PONTINHOS image found.
06-05-2024 07:38:42.544Z;functions.check_ted_branco;  VERIFICANDO SE TEM PIX NO FILTRO
06-05-2024 07:38:42.651Z;functions.waitForImage;  CHECANDO DADOS BANCÁRIOS PIX image found.
06-05-2024 07:38:44.662Z;functions.check_ted_branco;  PIX NÃO ENCONTRADO PARA REFERENCIA: 947641
06-05-2024 07:38:48.369Z;functions.check_ted_branco;  APERTA EM CANCELAR
06-05-2024 07:38:48.464Z;functions.waitForImage;  PRESS BUTTON OK image found.
06-05-2024 07:38:50.590Z;functions.click_ok;  PRESS BUTTON OK
06-05-2024 07:39:02.993Z;functions.waitForImage;  ERROR GENERICO image not found.
06-05-2024 07:39:08.017Z;functions.waitForImage;  ERROR FILTRO PIX image not found.
06-05-2024 07:39:12.122Z;functions.check_ted_branco;  PASSANDO PARA PRÓXIMO REGISTRO
06-05-2024 07:39:16.224Z;functions.check_ted_branco;  REFERNCIA: 947642
06-05-2024 07:39:16.525Z;functions.check_ted_branco;  ENTRANDO NO REGISTRO 
06-05-2024 07:39:19.737Z;functions.waitForImage;  INTEGRAÇÃO BANCÁRIA image found.
06-05-2024 07:39:19.870Z;functions.check_ted_branco;  CLICA EM INTEGRAÇÃO BANCÁRIA
06-05-2024 07:39:19.870Z;functions.check_ted_branco;  VERIFICANDO INFORMAÇÕES
06-05-2024 07:39:20.571Z;functions.waitForImage;  TRES PONTINHOS image found.
06-05-2024 07:39:31.092Z;functions.check_ted_branco;  VERIFICANDO SE TEM PIX NO FILTRO
06-05-2024 07:39:31.186Z;functions.waitForImage;  CHECANDO DADOS BANCÁRIOS PIX image found.
06-05-2024 07:39:33.197Z;functions.check_ted_branco;  PIX NÃO ENCONTRADO PARA REFERENCIA: 947642
06-05-2024 07:39:36.904Z;functions.check_ted_branco;  APERTA EM CANCELAR
06-05-2024 07:39:36.998Z;functions.waitForImage;  PRESS BUTTON OK image found.
06-05-2024 07:39:39.125Z;functions.click_ok;  PRESS BUTTON OK
06-05-2024 07:39:51.526Z;functions.waitForImage;  ERROR GENERICO image not found.
06-05-2024 07:39:56.566Z;functions.waitForImage;  ERROR FILTRO PIX image not found.
06-05-2024 07:40:00.672Z;functions.check_ted_branco;  PASSANDO PARA PRÓXIMO REGISTRO
06-05-2024 07:40:04.774Z;functions.check_ted_branco;  REFERNCIA: 947864
06-05-2024 07:40:05.075Z;functions.check_ted_branco;  ENTRANDO NO REGISTRO 
06-05-2024 07:40:08.302Z;functions.waitForImage;  INTEGRAÇÃO BANCÁRIA image found.
06-05-2024 07:40:08.435Z;functions.check_ted_branco;  CLICA EM INTEGRAÇÃO BANCÁRIA
06-05-2024 07:40:08.435Z;functions.check_ted_branco;  VERIFICANDO INFORMAÇÕES
06-05-2024 07:40:09.147Z;functions.waitForImage;  TRES PONTINHOS image found.
06-05-2024 07:40:19.670Z;functions.check_ted_branco;  VERIFICANDO SE TEM PIX NO FILTRO
06-05-2024 07:40:19.764Z;functions.waitForImage;  CHECANDO DADOS BANCÁRIOS PIX image found.
06-05-2024 07:40:21.772Z;functions.check_ted_branco;  PIX NÃO ENCONTRADO PARA REFERENCIA: 947864
06-05-2024 07:40:25.479Z;functions.check_ted_branco;  APERTA EM CANCELAR
06-05-2024 07:40:25.572Z;functions.waitForImage;  PRESS BUTTON OK image found.
06-05-2024 07:40:27.700Z;functions.click_ok;  PRESS BUTTON OK
06-05-2024 07:40:40.155Z;functions.waitForImage;  ERROR GENERICO image not found.
06-05-2024 07:40:45.179Z;functions.waitForImage;  ERROR FILTRO PIX image not found.
06-05-2024 07:40:45.179Z;functions.check_ted_branco;  FORAI VERIFICADO: 26 REFERENCIAS NO PROCESSAMENTO FORMA DE PAGAMENTO ELETRONICA EM BRANCO
06-05-2024 07:40:46.980Z;errorhandler.__handle;  Property: Unknown Property name. [1:203: -ms-interpolation-mode]
06-05-2024 07:40:46.980Z;errorhandler.__handle;  Property: Unknown Property name. [1:353: -webkit-font-smoothing]
06-05-2024 07:40:46.980Z;errorhandler.__handle;  Property: Unknown Property name. [1:483: -ms-text-size-adjust]
06-05-2024 07:40:46.980Z;errorhandler.__handle;  Property: Unknown Property name. [1:518: -webkit-text-size-adjust]
06-05-2024 07:40:46.980Z;errorhandler.__handle;  Property: Unknown Property name. [1:612: mso-table-lspace]
06-05-2024 07:40:46.980Z;errorhandler.__handle;  Property: Unknown Property name. [1:642: mso-table-rspace]
06-05-2024 07:40:47.026Z;errorhandler.__handle;  Property: Unknown Property name. [1:4734: mso-hide]
06-05-2024 07:40:47.070Z;errorhandler.__handle;  Property: Unknown Property name. [1:13: -ms-interpolation-mode]
06-05-2024 07:40:47.071Z;errorhandler.__handle;  Property: Unknown Property name. [1:49: -webkit-font-smoothing]
06-05-2024 07:40:47.072Z;errorhandler.__handle;  Property: Unknown Property name. [1:134: -ms-text-size-adjust]
06-05-2024 07:40:47.072Z;errorhandler.__handle;  Property: Unknown Property name. [1:160: -webkit-text-size-adjust]
06-05-2024 07:40:47.073Z;errorhandler.__handle;  Property: Unknown Property name. [1:26: mso-table-lspace]
06-05-2024 07:40:47.073Z;errorhandler.__handle;  Property: Unknown Property name. [1:45: mso-table-rspace]
06-05-2024 07:40:47.083Z;errorhandler.__handle;  Property: Unknown Property name. [1:92: mso-hide]
06-05-2024 07:40:47.087Z;errorhandler.__handle;  Property: No ":" after name found: align-center [1:1: align-center]
06-05-2024 07:40:47.087Z;errorhandler.__handle;  Property: No property value found: align-center [1:1: align-center]
06-05-2024 07:40:47.087Z;errorhandler.__handle;  CSSStyleDeclaration: Syntax Error in Property: align-center
06-05-2024 07:40:47.088Z;errorhandler.__handle;  Property: Unknown Property name. [1:14: -ms-interpolation-mode]
06-05-2024 07:40:49.074Z;functions.emailFinalizado;  Warning e-mail sent.
06-05-2024 07:40:49.074Z;main.<module>;  Remessa Bancária TED CIP com filtro de pagamento eletronica em branco modificadas para pix 
 PASSO 3 FINALIZADO
06-05-2024 07:40:49.074Z;main.<module>;  O PROGRAMA SERÁ ENCERRADO
06-05-2024 07:40:49.839Z;errorhandler.__handle;  Property: Unknown Property name. [1:14: -ms-interpolation-mode]
06-05-2024 07:40:51.792Z;functions.emailFinalizado;  Warning e-mail sent.
06-05-2024 07:40:51.892Z;functions.end_RM;  RM ENCERRADO
