06-05-2024 15:00:22.632Z;functions.bot_text_art;      ____   
06-05-2024 15:00:22.632Z;functions.bot_text_art;     [____]    
06-05-2024 15:00:22.632Z;functions.bot_text_art;   |=]()()[=|  
06-05-2024 15:00:22.632Z;functions.bot_text_art;     _\==/__    _____    ____     _        _____    ___   _  __
06-05-2024 15:00:22.632Z;functions.bot_text_art;   |__|   |_|  |  _  \  / ___|   | |      |_   _| / ___| | |/ /
06-05-2024 15:00:22.632Z;functions.bot_text_art;   |_|_/\_|_|  | |  | | | |      | |        | |   | |    | ' / 
06-05-2024 15:00:22.632Z;functions.bot_text_art;   | | __ | |  | |  | | | |      | |        | |   | |    |  <  
06-05-2024 15:00:22.632Z;functions.bot_text_art;   |_|[  ]|_|  | |__| | | |____  | |____   _| |_  | |__  | . \ 
06-05-2024 15:00:22.632Z;functions.bot_text_art;   \_|_||_|_/  |_____/   \_____| |______| |_____| \ ___| |_|\_\
06-05-2024 15:00:22.632Z;functions.bot_text_art;     |_||_|                                                     
06-05-2024 15:00:22.632Z;functions.bot_text_art;     | ||_|_   
06-05-2024 15:00:22.632Z;functions.bot_text_art;   |___||___|  
06-05-2024 15:00:22.632Z;functions.bot_text_art;               
06-05-2024 15:00:22.632Z;functions.open_RM;  OPEN PROGRAM RM
06-05-2024 15:00:34.241Z;functions.loggin_RM;  ENTER USER_NAME
06-05-2024 15:00:38.067Z;functions.loggin_RM;  ENTER PASSWORD
06-05-2024 15:00:38.772Z;functions.loggin_RM;  ENTER RM
06-05-2024 15:02:46.986Z;functions.enter_coligada;  CLICK CONTEXTO
06-05-2024 15:02:48.444Z;functions.enter_coligada;  CLICK ALTERAR MODULO DO CONTEXTO
06-05-2024 15:02:50.800Z;functions.enter_coligada;  INSERE O COLIGADA CODE = 1
06-05-2024 15:02:50.901Z;functions.enter_coligada;  APERTA TAB PARA PREENCHER O CAMPO COM A STRING: OCEANICA ENGENHARIA E CONSULTORIA S.A.
06-05-2024 15:02:51.829Z;functions.enter_coligada;  CLICK AVANÇAR NOVAMENTE
06-05-2024 15:02:52.678Z;functions.enter_coligada;  CLICK CONCLUIR
06-05-2024 15:03:05.663Z;functions.enter_coligada;  POP UP COLIGADA DESAPARECER
06-05-2024 15:03:06.272Z;functions.check_movimentacao_bancaria;  CLICK - TOTVS - LINHA RM
06-05-2024 15:03:07.304Z;functions.check_movimentacao_bancaria;  CLICK - BACK OFFICE
06-05-2024 15:03:07.995Z;functions.check_movimentacao_bancaria;  CLICK - GESTAO FINANCEIRA
06-05-2024 15:03:11.060Z;functions.movimentacao_bancaria;  CLICA NA ABA MOVIMENTAÇÃO BANCARIA
06-05-2024 15:03:11.788Z;functions.waitForImage;  IMAGEM BORDERO image found.
06-05-2024 15:03:13.909Z;functions.movimentacao_bancaria;  IMAGEM BORDERO CLICADA.
06-05-2024 15:03:15.861Z;functions.waitForImage;  LICENCAS EXCEDIDAS image found.
06-05-2024 15:03:15.861Z;functions.movimentacao_bancaria;  LICENCAS EXCEDIDAS
06-05-2024 15:03:15.861Z;functions.movimentacao_bancaria;  TENTANDO NOVAMENTE - 1
06-05-2024 15:03:36.085Z;functions.waitForImage;  IMAGEM BORDERO image found.
06-05-2024 15:03:38.208Z;functions.movimentacao_bancaria;  IMAGEM BORDERO CLICADA.
06-05-2024 15:03:39.553Z;functions.waitForImage;  LICENCAS EXCEDIDAS image found.
06-05-2024 15:03:39.553Z;functions.movimentacao_bancaria;  LICENCAS EXCEDIDAS
06-05-2024 15:03:39.553Z;functions.movimentacao_bancaria;  TENTANDO NOVAMENTE - 2
06-05-2024 15:03:59.772Z;functions.waitForImage;  IMAGEM BORDERO image found.
06-05-2024 15:04:01.891Z;functions.movimentacao_bancaria;  IMAGEM BORDERO CLICADA.
06-05-2024 15:04:12.375Z;functions.waitForImage;  LICENCAS EXCEDIDAS image not found.
06-05-2024 15:04:12.937Z;functions.movimentacao_bancaria;  ENCONTROU O FILTRO DA MOVIMENTAÇÃO BANCÁRIA
06-05-2024 15:04:12.953Z;functions.movimentacao_bancaria;  CLICA NA ABA SUPERIOR DO FILTRO
06-05-2024 15:04:17.462Z;functions.movimentacao_bancaria;  SELECIONA O FILTRO HOJE
06-05-2024 15:04:22.557Z;functions.waitForImage;  FILTER CLEAN image found.
06-05-2024 15:04:24.678Z;functions.filter_clean;  CLICA NO BOTÃO X DO LIMPA FILTRO
06-05-2024 15:04:39.848Z;functions.waitForImage;  FILTER CLEAN image not found.
06-05-2024 15:04:54.999Z;functions.waitForImage;  FILTER CLEAN image not found.
06-05-2024 15:04:55.773Z;functions.movimentacao_bancaria;  CLICA NA PRIMEIRA LINHA DA TABELA MOVIMENTAÇÃO BANCÁRIA
06-05-2024 15:04:56.538Z;functions.movimentacao_bancaria;  CLICA NA PRIMEIRA LINHA DA TABELA MOVIMENTAÇÃO BANCÁRIA
06-05-2024 15:04:57.754Z;functions.movimentacao_bancaria;  12 PASSOS PARA DIREITA NA TABELA >>
06-05-2024 15:04:59.022Z;functions.movimentacao_bancaria;  HOVER FILTER
06-05-2024 15:04:59.364Z;functions.movimentacao_bancaria;  CLICK FILTER
06-05-2024 15:05:03.674Z;functions.movimentacao_bancaria;  CLICA NO FILTRO  STATUS DA REMESSA
06-05-2024 15:05:05.775Z;functions.movimentacao_bancaria;  APERTA TAB PARA ESCREVER O FILTRO
06-05-2024 15:05:07.880Z;functions.movimentacao_bancaria;  ESCREVE PENDENTE NO FILTRO
06-05-2024 15:05:09.982Z;functions.movimentacao_bancaria;  APERTA ENTER PARA SELECIONAR OS PENDENTES
06-05-2024 15:05:30.975Z;functions.movimentacao_bancaria;  SEM PROCESSAMENTO DE BORDERO PENDENTE
06-05-2024 15:05:41.069Z;functions.waitForImage;  FILTER CLEAN image found.
06-05-2024 15:05:43.196Z;functions.filter_clean;  CLICA NO BOTÃO X DO LIMPA FILTRO
06-05-2024 15:05:58.381Z;functions.waitForImage;  FILTER CLEAN image not found.
06-05-2024 15:06:13.533Z;functions.waitForImage;  FILTER CLEAN image not found.
06-05-2024 15:06:14.381Z;functions.processo_pagamento;  CLICA NA PRIMEIRA LINHA DA TABELA MOVIMENTAÇÃO BANCÁRIA
06-05-2024 15:06:15.647Z;functions.processo_pagamento;  HOVER FILTER
06-05-2024 15:06:15.937Z;functions.processo_pagamento;  CLICK FILTER
06-05-2024 15:06:20.248Z;functions.processo_pagamento;  CLICA NO FILTRO  STATUS DA REMESSA
06-05-2024 15:06:22.349Z;functions.processo_pagamento;  APERTA TAB PARA ESCREVER O FILTRO
06-05-2024 15:06:24.458Z;functions.processo_pagamento;  ESCREVE AUTORIZADO NO FILTRO
06-05-2024 15:06:26.559Z;functions.processo_pagamento;  APERTA ENTER PARA SELECIONAR OS AUTORIZADOS
06-05-2024 15:06:47.522Z;functions.processo_pagamento;  SEM REMESSA DE BORDERO AUTORIZADO
06-05-2024 15:06:48.624Z;functions.processo_pagamento;  FECHA ABA MOVIMENTAÇÕES BANCÁRIAS
06-05-2024 15:06:50.882Z;functions.enter_contas_a_pagar;  CLICK - TOTVS - LINHA RM
06-05-2024 15:06:51.851Z;functions.enter_contas_a_pagar;  CLICK - BACK OFFICE
06-05-2024 15:06:52.554Z;functions.enter_contas_a_pagar;  CLICK - GESTAO FINANCEIRA
06-05-2024 15:07:20.116Z;functions.enter_contas_a_pagar;  CLICK - CONTAS A PAGAR
06-05-2024 15:07:20.252Z;functions.waitForImage;  LANÇAMENTOS image found.
06-05-2024 15:07:22.362Z;functions.enter_contas_a_pagar;  CLICA EM LANÇAMENTOS
06-05-2024 15:07:27.472Z;functions.waitForImage;  LICENCAS EXCEDIDAS image found.
06-05-2024 15:07:27.472Z;functions.enter_contas_a_pagar;  LICENCAS EXCEDIDAS
06-05-2024 15:07:27.472Z;functions.enter_contas_a_pagar;  TENTANDO NOVAMENTE - 1
06-05-2024 15:07:42.668Z;functions.waitForImage;  LANÇAMENTOS image found.
06-05-2024 15:07:44.796Z;functions.enter_contas_a_pagar;  CLICA EM LANÇAMENTOS
06-05-2024 15:07:49.890Z;functions.waitForImage;  LICENCAS EXCEDIDAS image found.
06-05-2024 15:07:49.890Z;functions.enter_contas_a_pagar;  LICENCAS EXCEDIDAS
06-05-2024 15:07:49.890Z;functions.enter_contas_a_pagar;  TENTANDO NOVAMENTE - 2
06-05-2024 15:08:05.102Z;functions.waitForImage;  LANÇAMENTOS image found.
06-05-2024 15:08:07.224Z;functions.enter_contas_a_pagar;  CLICA EM LANÇAMENTOS
06-05-2024 15:08:22.694Z;functions.waitForImage;  LICENCAS EXCEDIDAS image not found.
06-05-2024 15:08:22.694Z;functions.obter_intervalo_data;  VERIFICANDO A HORA ATUAL 15
06-05-2024 15:08:22.710Z;functions.obter_intervalo_data;  Data Inicial BANCARIA antes da remoção: None
06-05-2024 15:08:22.710Z;functions.obter_intervalo_data;  Data Final BANCARIA antes da remoção: None
06-05-2024 15:08:22.710Z;functions.obter_intervalo_data;  Data Inicial BANCARIA após a remoção: None
06-05-2024 15:08:22.710Z;functions.obter_intervalo_data;  Data Final BANCARIA após a remoção: None
06-05-2024 15:08:22.710Z;functions.obter_intervalo_data;  hoje -  2024-05-06 15:08:22.710435
06-05-2024 15:08:22.710Z;functions.data_filter;  DATA INICIO 08-05-2024
06-05-2024 15:08:22.710Z;functions.data_filter;  DATA FIM 14-05-2024
06-05-2024 15:08:22.710Z;functions.data_filter;  CLICK - SELECIONA A DATA DE QUARTA FEIRA E DA PROXIMA TERÇA
06-05-2024 15:08:22.710Z;functions.data_filter;  QUARTA-FEIRA: 08-05-2024
06-05-2024 15:08:22.710Z;functions.data_filter;  TERCA-FEIRA: 14-05-2024
06-05-2024 15:08:31.850Z;functions.data_filter;  CLICK - BOTAO DE SELECAO DE FILTRO
06-05-2024 15:08:35.632Z;functions.data_filter;  INSERE - DATA DE QUARTA-FEIRA: 08-05-2024
06-05-2024 15:08:39.084Z;functions.data_filter;  INSERE - DATA DA PROX TERCA-FEIRA: 14-05-2024
06-05-2024 15:08:39.709Z;functions.data_filter;  CLICK - BOTAO DE EXECUTAR O FILTRO
06-05-2024 15:08:53.679Z;functions.desmark_filter;  CLICK CHECKBOX LANÇAMENTOS A RECEBER
06-05-2024 15:08:54.475Z;functions.desmark_filter;  CLICK CHECKBOX LANÇAMENTOS BAIXADOS
06-05-2024 15:08:55.319Z;functions.desmark_filter;  CLICK CHECKBOX LANÇAMENTOS CANCELADOS
06-05-2024 15:08:56.256Z;functions.desmark_filter;  CLICK CHECKBOX LANÇAMENTOS FATURADOS
06-05-2024 15:08:57.148Z;functions.desmark_filter;  CLICK CHECKBOX LANÇAMENTOS FATURADOS
06-05-2024 15:09:17.276Z;functions.waitForImage;  FILTER CLEAN image not found.
06-05-2024 15:09:32.398Z;functions.waitForImage;  FILTER CLEAN image not found.
06-05-2024 15:09:47.551Z;functions.waitForImage;  FILTER CLEAN image not found.
06-05-2024 15:09:47.551Z;functions.check_table_record;  VERIFICANDO SE A TABELA ESTÁ VAZIA
06-05-2024 15:09:48.475Z;functions.check_table_record;  Texto extraido 0/0
06-05-2024 15:09:48.475Z;functions.check_table_record;  Count 0
06-05-2024 15:09:48.475Z;functions.check_table_record;  Type <class 'int'>
06-05-2024 15:09:48.475Z;functions.check_table_record;  SEM REGISTROS
06-05-2024 15:09:51.148Z;functions.movimentacao_bancaria;  CLICA NA ABA MOVIMENTAÇÃO BANCARIA
06-05-2024 15:09:51.296Z;functions.waitForImage;  IMAGEM BORDERO image found.
06-05-2024 15:09:53.410Z;functions.movimentacao_bancaria;  IMAGEM BORDERO CLICADA.
06-05-2024 15:10:03.881Z;functions.waitForImage;  LICENCAS EXCEDIDAS image not found.
06-05-2024 15:10:04.444Z;functions.movimentacao_bancaria;  ENCONTROU O FILTRO DA MOVIMENTAÇÃO BANCÁRIA
06-05-2024 15:10:04.475Z;functions.movimentacao_bancaria;  CLICA NA ABA SUPERIOR DO FILTRO
06-05-2024 15:10:08.983Z;functions.movimentacao_bancaria;  SELECIONA O FILTRO HOJE
06-05-2024 15:10:14.070Z;functions.waitForImage;  FILTER CLEAN image found.
06-05-2024 15:10:16.202Z;functions.filter_clean;  CLICA NO BOTÃO X DO LIMPA FILTRO
06-05-2024 15:10:31.406Z;functions.waitForImage;  FILTER CLEAN image not found.
06-05-2024 15:10:46.627Z;functions.waitForImage;  FILTER CLEAN image not found.
06-05-2024 15:10:47.382Z;functions.movimentacao_bancaria;  CLICA NA PRIMEIRA LINHA DA TABELA MOVIMENTAÇÃO BANCÁRIA
06-05-2024 15:10:48.124Z;functions.movimentacao_bancaria;  CLICA NA PRIMEIRA LINHA DA TABELA MOVIMENTAÇÃO BANCÁRIA
06-05-2024 15:10:49.336Z;functions.movimentacao_bancaria;  12 PASSOS PARA DIREITA NA TABELA >>
06-05-2024 15:10:50.616Z;functions.movimentacao_bancaria;  HOVER FILTER
06-05-2024 15:10:50.921Z;functions.movimentacao_bancaria;  CLICK FILTER
06-05-2024 15:10:55.233Z;functions.movimentacao_bancaria;  CLICA NO FILTRO  STATUS DA REMESSA
06-05-2024 15:10:57.334Z;functions.movimentacao_bancaria;  APERTA TAB PARA ESCREVER O FILTRO
06-05-2024 15:10:59.440Z;functions.movimentacao_bancaria;  ESCREVE PENDENTE NO FILTRO
06-05-2024 15:11:01.541Z;functions.movimentacao_bancaria;  APERTA ENTER PARA SELECIONAR OS PENDENTES
06-05-2024 15:11:22.569Z;functions.movimentacao_bancaria;  SEM PROCESSAMENTO DE BORDERO PENDENTE
06-05-2024 15:11:32.663Z;functions.waitForImage;  FILTER CLEAN image found.
06-05-2024 15:11:34.787Z;functions.filter_clean;  CLICA NO BOTÃO X DO LIMPA FILTRO
06-05-2024 15:11:49.969Z;functions.waitForImage;  FILTER CLEAN image not found.
06-05-2024 15:12:05.148Z;functions.waitForImage;  FILTER CLEAN image not found.
06-05-2024 15:12:05.960Z;functions.processo_pagamento;  CLICA NA PRIMEIRA LINHA DA TABELA MOVIMENTAÇÃO BANCÁRIA
06-05-2024 15:12:07.241Z;functions.processo_pagamento;  HOVER FILTER
06-05-2024 15:12:07.534Z;functions.processo_pagamento;  CLICK FILTER
06-05-2024 15:12:11.846Z;functions.processo_pagamento;  CLICA NO FILTRO  STATUS DA REMESSA
06-05-2024 15:12:13.948Z;functions.processo_pagamento;  APERTA TAB PARA ESCREVER O FILTRO
06-05-2024 15:12:16.055Z;functions.processo_pagamento;  ESCREVE AUTORIZADO NO FILTRO
06-05-2024 15:12:18.156Z;functions.processo_pagamento;  APERTA ENTER PARA SELECIONAR OS AUTORIZADOS
06-05-2024 15:12:39.132Z;functions.processo_pagamento;  SEM REMESSA DE BORDERO AUTORIZADO
06-05-2024 15:12:40.234Z;functions.processo_pagamento;  FECHA ABA MOVIMENTAÇÕES BANCÁRIAS
06-05-2024 15:12:40.234Z;main.<module>;  SEM REMESSA BANCÁRIA
06-05-2024 15:12:40.234Z;main.<module>;  ENCERRANDO O RM
06-05-2024 15:12:44.031Z;errorhandler.__handle;  Property: Unknown Property name. [1:203: -ms-interpolation-mode]
06-05-2024 15:12:44.040Z;errorhandler.__handle;  Property: Unknown Property name. [1:353: -webkit-font-smoothing]
06-05-2024 15:12:44.043Z;errorhandler.__handle;  Property: Unknown Property name. [1:483: -ms-text-size-adjust]
06-05-2024 15:12:44.044Z;errorhandler.__handle;  Property: Unknown Property name. [1:518: -webkit-text-size-adjust]
06-05-2024 15:12:44.044Z;errorhandler.__handle;  Property: Unknown Property name. [1:612: mso-table-lspace]
06-05-2024 15:12:44.045Z;errorhandler.__handle;  Property: Unknown Property name. [1:642: mso-table-rspace]
06-05-2024 15:12:44.086Z;errorhandler.__handle;  Property: Unknown Property name. [1:4734: mso-hide]
06-05-2024 15:12:44.117Z;errorhandler.__handle;  Property: Unknown Property name. [1:13: -ms-interpolation-mode]
06-05-2024 15:12:44.117Z;errorhandler.__handle;  Property: Unknown Property name. [1:49: -webkit-font-smoothing]
06-05-2024 15:12:44.117Z;errorhandler.__handle;  Property: Unknown Property name. [1:134: -ms-text-size-adjust]
06-05-2024 15:12:44.117Z;errorhandler.__handle;  Property: Unknown Property name. [1:160: -webkit-text-size-adjust]
06-05-2024 15:12:44.117Z;errorhandler.__handle;  Property: Unknown Property name. [1:26: mso-table-lspace]
06-05-2024 15:12:44.117Z;errorhandler.__handle;  Property: Unknown Property name. [1:45: mso-table-rspace]
06-05-2024 15:12:44.132Z;errorhandler.__handle;  Property: Unknown Property name. [1:92: mso-hide]
06-05-2024 15:12:44.132Z;errorhandler.__handle;  Property: No ":" after name found: align-center [1:1: align-center]
06-05-2024 15:12:44.132Z;errorhandler.__handle;  Property: No property value found: align-center [1:1: align-center]
06-05-2024 15:12:44.132Z;errorhandler.__handle;  CSSStyleDeclaration: Syntax Error in Property: align-center
06-05-2024 15:12:44.132Z;errorhandler.__handle;  Property: Unknown Property name. [1:14: -ms-interpolation-mode]
06-05-2024 15:12:46.711Z;functions.emailFinalizado;  Warning e-mail sent.
06-05-2024 15:12:46.711Z;main.<module>;  FECHA O PROGRAMA
06-05-2024 15:12:48.716Z;main.<module>;  RM ENCERRADO
