10-06-2024 15:19:53.514Z;functions.bot_text_art;      ____   
10-06-2024 15:19:53.514Z;functions.bot_text_art;     [____]    
10-06-2024 15:19:53.514Z;functions.bot_text_art;   |=]()()[=|  
10-06-2024 15:19:53.514Z;functions.bot_text_art;     _\==/__    _____    ____     _        _____    ___   _  __
10-06-2024 15:19:53.514Z;functions.bot_text_art;   |__|   |_|  |  _  \  / ___|   | |      |_   _| / ___| | |/ /
10-06-2024 15:19:53.514Z;functions.bot_text_art;   |_|_/\_|_|  | |  | | | |      | |        | |   | |    | ' / 
10-06-2024 15:19:53.514Z;functions.bot_text_art;   | | __ | |  | |  | | | |      | |        | |   | |    |  <  
10-06-2024 15:19:53.514Z;functions.bot_text_art;   |_|[  ]|_|  | |__| | | |____  | |____   _| |_  | |__  | . \ 
10-06-2024 15:19:53.514Z;functions.bot_text_art;   \_|_||_|_/  |_____/   \_____| |______| |_____| \ ___| |_|\_\
10-06-2024 15:19:53.514Z;functions.bot_text_art;     |_||_|                                                     
10-06-2024 15:19:53.514Z;functions.bot_text_art;     | ||_|_   
10-06-2024 15:19:53.514Z;functions.bot_text_art;   |___||___|  
10-06-2024 15:19:53.514Z;functions.bot_text_art;               
10-06-2024 15:19:53.529Z;functions.open_RM;  OPEN PROGRAM RM
10-06-2024 15:19:53.529Z;functions.caps;  DESATIVANDO CAPS
10-06-2024 15:19:53.529Z;functions.loggin_RM;  BUSCANDO LOGGIN RM
10-06-2024 15:20:06.545Z;functions.loggin_RM;  ENTER USER_NAME
10-06-2024 15:20:11.405Z;functions.loggin_RM;  ENTER PASSWORD
10-06-2024 15:20:12.988Z;functions.loggin_RM;  ENTER RM
10-06-2024 15:22:33.498Z;functions.enter_coligada;  CLICK CONTEXTO
10-06-2024 15:22:35.685Z;functions.enter_coligada;  CLICK ALTERAR MODULO DO CONTEXTO
10-06-2024 15:22:39.420Z;functions.enter_coligada;  INSERE O COLIGADA CODE = 1
10-06-2024 15:22:39.576Z;functions.enter_coligada;  APERTA TAB PARA PREENCHER O CAMPO COM A STRING: OCEANICA ENGENHARIA E CONSULTORIA S.A.
10-06-2024 15:22:41.654Z;functions.enter_coligada;  CLICK AVANÇAR NOVAMENTE
10-06-2024 15:22:43.029Z;functions.enter_coligada;  CLICK CONCLUIR
10-06-2024 15:23:59.630Z;functions.enter_coligada;  POP UP COLIGADA DESAPARECER
10-06-2024 15:24:00.654Z;functions.check_movimentacao_bancaria;  CLICK - TOTVS - LINHA RM
10-06-2024 15:24:02.435Z;functions.check_movimentacao_bancaria;  CLICK - BACK OFFICE
10-06-2024 15:24:05.186Z;functions.check_movimentacao_bancaria;  CLICK - GESTAO FINANCEIRA
10-06-2024 15:24:05.186Z;functions.movimentacao_bancaria;  AGUARDANDO 1
10-06-2024 15:24:11.685Z;functions.movimentacao_bancaria;  CLICA NA ABA MOVIMENTAÇÃO BANCARIA
10-06-2024 15:24:12.701Z;functions.waitForImage;  IMAGEM BORDERO image found.
10-06-2024 15:24:14.849Z;functions.movimentacao_bancaria;  IMAGEM BORDERO CLICADA.
10-06-2024 15:24:17.404Z;functions.waitForImage;  LICENCAS EXCEDIDAS image found.
10-06-2024 15:24:17.404Z;functions.movimentacao_bancaria;  LICENCAS EXCEDIDAS
10-06-2024 15:24:17.404Z;functions.movimentacao_bancaria;  TENTANDO NOVAMENTE - 1
10-06-2024 15:24:37.779Z;functions.waitForImage;  IMAGEM BORDERO image found.
10-06-2024 15:24:39.913Z;functions.movimentacao_bancaria;  IMAGEM BORDERO CLICADA.
10-06-2024 15:24:40.978Z;functions.waitForImage;  LICENCAS EXCEDIDAS image found.
10-06-2024 15:24:40.978Z;functions.movimentacao_bancaria;  LICENCAS EXCEDIDAS
10-06-2024 15:24:40.979Z;functions.movimentacao_bancaria;  TENTANDO NOVAMENTE - 2
10-06-2024 15:25:01.294Z;functions.waitForImage;  IMAGEM BORDERO image found.
10-06-2024 15:25:03.412Z;functions.movimentacao_bancaria;  IMAGEM BORDERO CLICADA.
10-06-2024 15:25:04.420Z;functions.waitForImage;  LICENCAS EXCEDIDAS image found.
10-06-2024 15:25:04.420Z;functions.movimentacao_bancaria;  LICENCAS EXCEDIDAS
10-06-2024 15:25:04.420Z;functions.movimentacao_bancaria;  TENTANDO NOVAMENTE - 3
10-06-2024 15:25:24.763Z;functions.waitForImage;  IMAGEM BORDERO image found.
10-06-2024 15:25:26.881Z;functions.movimentacao_bancaria;  IMAGEM BORDERO CLICADA.
10-06-2024 15:25:27.873Z;functions.waitForImage;  LICENCAS EXCEDIDAS image found.
10-06-2024 15:25:27.873Z;functions.movimentacao_bancaria;  LICENCAS EXCEDIDAS
10-06-2024 15:25:27.873Z;functions.movimentacao_bancaria;  TENTANDO NOVAMENTE - 4
10-06-2024 15:25:48.201Z;functions.waitForImage;  IMAGEM BORDERO image found.
10-06-2024 15:25:50.349Z;functions.movimentacao_bancaria;  IMAGEM BORDERO CLICADA.
10-06-2024 15:25:51.326Z;functions.waitForImage;  LICENCAS EXCEDIDAS image found.
10-06-2024 15:25:51.326Z;functions.movimentacao_bancaria;  LICENCAS EXCEDIDAS
10-06-2024 15:25:51.326Z;functions.movimentacao_bancaria;  TENTANDO NOVAMENTE - 5
10-06-2024 15:26:11.701Z;functions.waitForImage;  IMAGEM BORDERO image found.
10-06-2024 15:26:13.818Z;functions.movimentacao_bancaria;  IMAGEM BORDERO CLICADA.
10-06-2024 15:26:14.795Z;functions.waitForImage;  LICENCAS EXCEDIDAS image found.
10-06-2024 15:26:14.795Z;functions.movimentacao_bancaria;  LICENCAS EXCEDIDAS
10-06-2024 15:26:14.795Z;functions.movimentacao_bancaria;  TENTANDO NOVAMENTE - 6
10-06-2024 15:26:35.138Z;functions.waitForImage;  IMAGEM BORDERO image found.
10-06-2024 15:26:37.257Z;functions.movimentacao_bancaria;  IMAGEM BORDERO CLICADA.
10-06-2024 15:26:38.201Z;functions.waitForImage;  LICENCAS EXCEDIDAS image found.
10-06-2024 15:26:38.201Z;functions.movimentacao_bancaria;  LICENCAS EXCEDIDAS
10-06-2024 15:26:38.201Z;functions.movimentacao_bancaria;  TENTANDO NOVAMENTE - 7
10-06-2024 15:26:58.544Z;functions.waitForImage;  IMAGEM BORDERO image found.
10-06-2024 15:27:00.661Z;functions.movimentacao_bancaria;  IMAGEM BORDERO CLICADA.
10-06-2024 15:27:01.654Z;functions.waitForImage;  LICENCAS EXCEDIDAS image found.
10-06-2024 15:27:01.654Z;functions.movimentacao_bancaria;  LICENCAS EXCEDIDAS
10-06-2024 15:27:01.654Z;functions.movimentacao_bancaria;  TENTANDO NOVAMENTE - 8
10-06-2024 15:27:22.076Z;functions.waitForImage;  IMAGEM BORDERO image found.
10-06-2024 15:27:24.193Z;functions.movimentacao_bancaria;  IMAGEM BORDERO CLICADA.
10-06-2024 15:27:25.138Z;functions.waitForImage;  LICENCAS EXCEDIDAS image found.
10-06-2024 15:27:25.154Z;functions.movimentacao_bancaria;  LICENCAS EXCEDIDAS
10-06-2024 15:27:25.154Z;functions.movimentacao_bancaria;  TENTANDO NOVAMENTE - 9
10-06-2024 15:27:45.388Z;functions.waitForImage;  IMAGEM BORDERO image found.
10-06-2024 15:27:47.524Z;functions.movimentacao_bancaria;  IMAGEM BORDERO CLICADA.
10-06-2024 15:27:48.388Z;functions.waitForImage;  LICENCAS EXCEDIDAS image found.
10-06-2024 15:27:48.388Z;functions.movimentacao_bancaria;  LICENCAS EXCEDIDAS
10-06-2024 15:27:48.388Z;functions.movimentacao_bancaria;  TENTANDO NOVAMENTE - 10
10-06-2024 15:28:08.748Z;functions.waitForImage;  IMAGEM BORDERO image found.
10-06-2024 15:28:10.886Z;functions.movimentacao_bancaria;  IMAGEM BORDERO CLICADA.
10-06-2024 15:28:11.873Z;functions.waitForImage;  LICENCAS EXCEDIDAS image found.
10-06-2024 15:28:11.873Z;functions.movimentacao_bancaria;  LICENCAS EXCEDIDAS
10-06-2024 15:28:11.873Z;functions.movimentacao_bancaria;  TENTANDO NOVAMENTE - 11
10-06-2024 15:28:32.216Z;functions.waitForImage;  IMAGEM BORDERO image found.
10-06-2024 15:28:34.350Z;functions.movimentacao_bancaria;  IMAGEM BORDERO CLICADA.
10-06-2024 15:28:35.326Z;functions.waitForImage;  LICENCAS EXCEDIDAS image found.
10-06-2024 15:28:35.326Z;functions.movimentacao_bancaria;  LICENCAS EXCEDIDAS
10-06-2024 15:28:35.326Z;functions.movimentacao_bancaria;  TENTANDO NOVAMENTE - 12
10-06-2024 15:28:55.680Z;functions.waitForImage;  IMAGEM BORDERO image found.
10-06-2024 15:28:57.787Z;functions.movimentacao_bancaria;  IMAGEM BORDERO CLICADA.
10-06-2024 15:28:58.763Z;functions.waitForImage;  LICENCAS EXCEDIDAS image found.
10-06-2024 15:28:58.763Z;functions.movimentacao_bancaria;  LICENCAS EXCEDIDAS
10-06-2024 15:28:58.763Z;functions.movimentacao_bancaria;  TENTANDO NOVAMENTE - 13
10-06-2024 15:29:19.123Z;functions.waitForImage;  IMAGEM BORDERO image found.
10-06-2024 15:29:21.258Z;functions.movimentacao_bancaria;  IMAGEM BORDERO CLICADA.
10-06-2024 15:29:22.232Z;functions.waitForImage;  LICENCAS EXCEDIDAS image found.
10-06-2024 15:29:22.232Z;functions.movimentacao_bancaria;  LICENCAS EXCEDIDAS
10-06-2024 15:29:22.232Z;functions.movimentacao_bancaria;  TENTANDO NOVAMENTE - 14
10-06-2024 15:29:42.591Z;functions.waitForImage;  IMAGEM BORDERO image found.
10-06-2024 15:29:44.726Z;functions.movimentacao_bancaria;  IMAGEM BORDERO CLICADA.
10-06-2024 15:29:55.388Z;functions.waitForImage;  LICENCAS EXCEDIDAS image not found.
