06-08-2024 17:39:12.578Z;functions.bot_text_art;      ____   
06-08-2024 17:39:12.578Z;functions.bot_text_art;     [____]    
06-08-2024 17:39:12.578Z;functions.bot_text_art;   |=]()()[=|  
06-08-2024 17:39:12.578Z;functions.bot_text_art;     _\==/__    _____    ____     _        _____    ___   _  __
06-08-2024 17:39:12.578Z;functions.bot_text_art;   |__|   |_|  |  _  \  / ___|   | |      |_   _| / ___| | |/ /
06-08-2024 17:39:12.578Z;functions.bot_text_art;   |_|_/\_|_|  | |  | | | |      | |        | |   | |    | ' / 
06-08-2024 17:39:12.578Z;functions.bot_text_art;   | | __ | |  | |  | | | |      | |        | |   | |    |  <  
06-08-2024 17:39:12.578Z;functions.bot_text_art;   |_|[  ]|_|  | |__| | | |____  | |____   _| |_  | |__  | . \ 
06-08-2024 17:39:12.578Z;functions.bot_text_art;   \_|_||_|_/  |_____/   \_____| |______| |_____| \ ___| |_|\_\
06-08-2024 17:39:12.578Z;functions.bot_text_art;     |_||_|                                                     
06-08-2024 17:39:12.578Z;functions.bot_text_art;     | ||_|_   
06-08-2024 17:39:12.578Z;functions.bot_text_art;   |___||___|  
06-08-2024 17:39:12.578Z;functions.bot_text_art;               
06-08-2024 17:39:12.578Z;functions.open_RM;  OPEN PROGRAM RM
06-08-2024 17:39:12.578Z;functions.caps;  DESATIVANDO CAPS
06-08-2024 17:39:12.578Z;functions.loggin_RM;  BUSCANDO LOGGIN RM
06-08-2024 17:39:22.009Z;functions.loggin_RM;  ENTER USER_NAME
06-08-2024 17:39:26.103Z;functions.loggin_RM;  ENTER PASSWORD
06-08-2024 17:39:27.025Z;functions.loggin_RM;  ENTER RM
06-08-2024 17:39:46.712Z;functions.enter_coligada;  CLICK CONTEXTO
06-08-2024 17:39:50.681Z;functions.enter_coligada;  CLICK ALTERAR MODULO DO CONTEXTO
06-08-2024 17:39:53.181Z;functions.enter_coligada;  INSERE O COLIGADA CODE = 1
06-08-2024 17:39:53.283Z;functions.enter_coligada;  APERTA TAB PARA PREENCHER O CAMPO COM A STRING: OCEANICA ENGENHARIA E CONSULTORIA S.A.
06-08-2024 17:39:54.494Z;functions.enter_coligada;  CLICK AVANÇAR NOVAMENTE
06-08-2024 17:39:55.368Z;functions.enter_coligada;  CLICK CONCLUIR
06-08-2024 17:40:15.884Z;functions.waitForImage;  TROCA COLIGADA image not found.
06-08-2024 17:40:25.731Z;functions.enter_coligada;  POP UP COLIGADA DESAPARECER
06-08-2024 17:40:26.462Z;functions.check_movimentacao_bancaria;  CLICK - TOTVS - LINHA RM
06-08-2024 17:40:27.587Z;functions.check_movimentacao_bancaria;  CLICK - BACK OFFICE
06-08-2024 17:40:29.931Z;functions.check_movimentacao_bancaria;  CLICK - GESTAO FINANCEIRA
06-08-2024 17:40:29.931Z;functions.movimentacao_bancaria;  AGUARDANDO 1
06-08-2024 17:40:34.462Z;functions.movimentacao_bancaria;  CLICA NA ABA MOVIMENTAÇÃO BANCARIA
06-08-2024 17:40:34.556Z;functions.waitForImage;  IMAGEM BORDERO image found.
06-08-2024 17:40:36.689Z;functions.movimentacao_bancaria;  IMAGEM BORDERO CLICADA.
06-08-2024 17:40:47.009Z;functions.waitForImage;  LICENCAS EXCEDIDAS image not found.
06-08-2024 17:40:47.603Z;functions.movimentacao_bancaria;  ENCONTROU O FILTRO DA MOVIMENTAÇÃO BANCÁRIA
06-08-2024 17:40:47.650Z;functions.movimentacao_bancaria;  CLICA NA ABA SUPERIOR DO FILTRO
06-08-2024 17:40:54.955Z;functions.movimentacao_bancaria;  SELECIONA O FILTRO HOJE
06-08-2024 17:41:00.009Z;functions.waitForImage;  FILTER CLEAN image found.
06-08-2024 17:41:02.127Z;functions.filter_clean;  CLICA NO BOTÃO X DO LIMPA FILTRO
06-08-2024 17:41:17.541Z;functions.waitForImage;  FILTER CLEAN image not found.
06-08-2024 17:41:32.791Z;functions.waitForImage;  FILTER CLEAN image not found.
06-08-2024 17:41:33.806Z;functions.movimentacao_bancaria;  CLICA NA PRIMEIRA LINHA DA TABELA MOVIMENTAÇÃO BANCÁRIA
06-08-2024 17:41:34.713Z;functions.movimentacao_bancaria;  CLICA NA PRIMEIRA LINHA DA TABELA MOVIMENTAÇÃO BANCÁRIA
06-08-2024 17:41:35.925Z;functions.movimentacao_bancaria;  12 PASSOS PARA DIREITA NA TABELA >>
06-08-2024 17:41:37.416Z;functions.movimentacao_bancaria;  HOVER FILTER
06-08-2024 17:41:37.779Z;functions.movimentacao_bancaria;  CLICK FILTER
06-08-2024 17:41:42.093Z;functions.movimentacao_bancaria;  CLICA NO FILTRO  STATUS DA REMESSA
06-08-2024 17:41:44.195Z;functions.movimentacao_bancaria;  APERTA TAB PARA ESCREVER O FILTRO
06-08-2024 17:41:46.300Z;functions.movimentacao_bancaria;  ESCREVE PENDENTE NO FILTRO
06-08-2024 17:41:48.401Z;functions.movimentacao_bancaria;  APERTA ENTER PARA SELECIONAR OS PENDENTES
06-08-2024 17:42:10.197Z;functions.movimentacao_bancaria;  SEM PROCESSAMENTO DE BORDERO PENDENTE
06-08-2024 17:42:20.260Z;functions.waitForImage;  FILTER CLEAN image found.
06-08-2024 17:42:22.377Z;functions.filter_clean;  CLICA NO BOTÃO X DO LIMPA FILTRO
06-08-2024 17:42:37.635Z;functions.waitForImage;  FILTER CLEAN image not found.
06-08-2024 17:42:52.947Z;functions.waitForImage;  FILTER CLEAN image not found.
06-08-2024 17:42:53.994Z;functions.processo_pagamento;  CLICA NA PRIMEIRA LINHA DA TABELA MOVIMENTAÇÃO BANCÁRIA
06-08-2024 17:42:55.432Z;functions.processo_pagamento;  HOVER FILTER
06-08-2024 17:42:55.802Z;functions.processo_pagamento;  CLICK FILTER
06-08-2024 17:43:00.129Z;functions.processo_pagamento;  CLICA NO FILTRO  STATUS DA REMESSA
06-08-2024 17:43:02.230Z;functions.processo_pagamento;  APERTA TAB PARA ESCREVER O FILTRO
06-08-2024 17:43:04.336Z;functions.processo_pagamento;  ESCREVE AUTORIZADO NO FILTRO
06-08-2024 17:43:06.437Z;functions.processo_pagamento;  APERTA ENTER PARA SELECIONAR OS AUTORIZADOS
06-08-2024 17:43:28.275Z;functions.processo_pagamento;  SEM REMESSA DE BORDERO AUTORIZADO
06-08-2024 17:43:29.377Z;functions.processo_pagamento;  FECHA ABA MOVIMENTAÇÕES BANCÁRIAS
06-08-2024 17:43:30.370Z;functions.enter_contas_a_pagar;  CLICK - TOTVS - LINHA RM
06-08-2024 17:43:31.120Z;functions.enter_contas_a_pagar;  CLICK - BACK OFFICE
06-08-2024 17:43:31.869Z;functions.enter_contas_a_pagar;  CLICK - GESTAO FINANCEIRA
06-08-2024 17:43:36.744Z;functions.enter_contas_a_pagar;  CLICK - CONTAS A PAGAR
06-08-2024 17:43:36.822Z;functions.waitForImage;  LANÇAMENTOS image found.
06-08-2024 17:43:38.947Z;functions.enter_contas_a_pagar;  CLICA EM LANÇAMENTOS
06-08-2024 17:43:54.166Z;functions.waitForImage;  LICENCAS EXCEDIDAS image not found.
06-08-2024 17:43:54.166Z;functions.obter_intervalo_data;  VERIFICANDO A HORA ATUAL 17
06-08-2024 17:43:54.182Z;functions.obter_intervalo_data;  Data Inicial BANCARIA antes da remoção: None
06-08-2024 17:43:54.182Z;functions.obter_intervalo_data;  Data Final BANCARIA antes da remoção: None
06-08-2024 17:43:54.182Z;functions.obter_intervalo_data;  Data Inicial BANCARIA após a remoção: None
06-08-2024 17:43:54.182Z;functions.obter_intervalo_data;  Data Final BANCARIA após a remoção: None
06-08-2024 17:43:54.182Z;functions.obter_intervalo_data;  hoje -  2024-08-06 17:43:54.182321
06-08-2024 17:43:54.182Z;functions.data_filter;  DATA INICIO 14-08-2024
06-08-2024 17:43:54.182Z;functions.data_filter;  DATA FIM 20-08-2024
06-08-2024 17:43:54.182Z;functions.data_filter;  CLICK - SELECIONA A DATA DE QUARTA FEIRA E DA PROXIMA TERÇA
06-08-2024 17:43:54.182Z;functions.data_filter;  QUARTA-FEIRA: 14-08-2024
06-08-2024 17:43:54.182Z;functions.data_filter;  TERCA-FEIRA: 20-08-2024
06-08-2024 17:44:55.263Z;functions.show_exception_and_exit;  'NoneType' object has no attribute 'click'
Traceback (most recent call last):
  File "C:\Projetos_Remessas\Remessa_Bancaria\main.py", line 18, in <module>
    data_filter()
  File "C:\Projetos_Remessas\Remessa_Bancaria\SUBPROGRAMS\functions.py", line 269, in data_filter
    select_filter.click()
    ^^^^^^^^^^^^^^^^^^^
AttributeError: 'NoneType' object has no attribute 'click'
06-08-2024 17:44:55.477Z;functions.show_exception_and_exit;  PRINT SALVO
06-08-2024 17:44:55.606Z;functions.show_exception_and_exit;  RM FECHADO
06-08-2024 17:44:58.323Z;errorhandler.__handle;  Property: Unknown Property name. [1:203: -ms-interpolation-mode]
06-08-2024 17:44:58.338Z;errorhandler.__handle;  Property: Unknown Property name. [1:353: -webkit-font-smoothing]
06-08-2024 17:44:58.338Z;errorhandler.__handle;  Property: Unknown Property name. [1:483: -ms-text-size-adjust]
06-08-2024 17:44:58.338Z;errorhandler.__handle;  Property: Unknown Property name. [1:518: -webkit-text-size-adjust]
06-08-2024 17:44:58.338Z;errorhandler.__handle;  Property: Unknown Property name. [1:612: mso-table-lspace]
06-08-2024 17:44:58.338Z;errorhandler.__handle;  Property: Unknown Property name. [1:642: mso-table-rspace]
06-08-2024 17:44:58.385Z;errorhandler.__handle;  Property: Unknown Property name. [1:4734: mso-hide]
06-08-2024 17:44:58.401Z;errorhandler.__handle;  Property: Unknown Property name. [1:13: -ms-interpolation-mode]
06-08-2024 17:44:58.401Z;errorhandler.__handle;  Property: Unknown Property name. [1:49: -webkit-font-smoothing]
06-08-2024 17:44:58.401Z;errorhandler.__handle;  Property: Unknown Property name. [1:134: -ms-text-size-adjust]
06-08-2024 17:44:58.401Z;errorhandler.__handle;  Property: Unknown Property name. [1:160: -webkit-text-size-adjust]
06-08-2024 17:44:58.401Z;errorhandler.__handle;  Property: Unknown Property name. [1:26: mso-table-lspace]
06-08-2024 17:44:58.401Z;errorhandler.__handle;  Property: Unknown Property name. [1:45: mso-table-rspace]
06-08-2024 17:44:58.416Z;errorhandler.__handle;  Property: Unknown Property name. [1:92: mso-hide]
06-08-2024 17:44:58.416Z;errorhandler.__handle;  Property: No ":" after name found: align-center [1:1: align-center]
06-08-2024 17:44:58.416Z;errorhandler.__handle;  Property: No property value found: align-center [1:1: align-center]
06-08-2024 17:44:58.416Z;errorhandler.__handle;  CSSStyleDeclaration: Syntax Error in Property: align-center
06-08-2024 17:44:58.416Z;errorhandler.__handle;  Property: Unknown Property name. [1:14: -ms-interpolation-mode]
06-08-2024 17:45:02.385Z;functions.show_exception_and_exit;  EMAIL EXCEÇÃO ENVIADO
