13-08-2024 21:30:23.523Z;functions.bot_text_art;      ____   
13-08-2024 21:30:23.523Z;functions.bot_text_art;     [____]    
13-08-2024 21:30:23.523Z;functions.bot_text_art;   |=]()()[=|  
13-08-2024 21:30:23.523Z;functions.bot_text_art;     _\==/__    _____    ____     _        _____    ___   _  __
13-08-2024 21:30:23.523Z;functions.bot_text_art;   |__|   |_|  |  _  \  / ___|   | |      |_   _| / ___| | |/ /
13-08-2024 21:30:23.523Z;functions.bot_text_art;   |_|_/\_|_|  | |  | | | |      | |        | |   | |    | ' / 
13-08-2024 21:30:23.523Z;functions.bot_text_art;   | | __ | |  | |  | | | |      | |        | |   | |    |  <  
13-08-2024 21:30:23.523Z;functions.bot_text_art;   |_|[  ]|_|  | |__| | | |____  | |____   _| |_  | |__  | . \ 
13-08-2024 21:30:23.523Z;functions.bot_text_art;   \_|_||_|_/  |_____/   \_____| |______| |_____| \ ___| |_|\_\
13-08-2024 21:30:23.523Z;functions.bot_text_art;     |_||_|                                                     
13-08-2024 21:30:23.523Z;functions.bot_text_art;     | ||_|_   
13-08-2024 21:30:23.523Z;functions.bot_text_art;   |___||___|  
13-08-2024 21:30:23.523Z;functions.bot_text_art;               
13-08-2024 21:30:23.523Z;functions.open_RM;  OPEN PROGRAM RM
13-08-2024 21:30:23.523Z;functions.caps;  DESATIVANDO CAPS
13-08-2024 21:30:23.523Z;functions.loggin_RM;  BUSCANDO LOGGIN RM
13-08-2024 21:30:34.054Z;functions.loggin_RM;  ENTER USER_NAME
13-08-2024 21:30:38.243Z;functions.loggin_RM;  ENTER PASSWORD
13-08-2024 21:30:39.288Z;functions.loggin_RM;  ENTER RM
13-08-2024 21:31:04.946Z;functions.enter_coligada;  CLICK CONTEXTO
13-08-2024 21:31:09.069Z;functions.enter_coligada;  CLICK ALTERAR MODULO DO CONTEXTO
13-08-2024 21:31:11.647Z;functions.enter_coligada;  INSERE O COLIGADA CODE = 1
13-08-2024 21:31:11.749Z;functions.enter_coligada;  APERTA TAB PARA PREENCHER O CAMPO COM A STRING: OCEANICA ENGENHARIA E CONSULTORIA S.A.
13-08-2024 21:31:13.101Z;functions.enter_coligada;  CLICK AVANÇAR NOVAMENTE
13-08-2024 21:31:14.163Z;functions.enter_coligada;  CLICK CONCLUIR
13-08-2024 21:31:34.366Z;functions.waitForImage;  TROCA COLIGADA image not found.
13-08-2024 21:31:43.460Z;functions.enter_coligada;  POP UP COLIGADA DESAPARECER
13-08-2024 21:31:44.226Z;functions.check_movimentacao_bancaria;  CLICK - TOTVS - LINHA RM
13-08-2024 21:31:45.507Z;functions.check_movimentacao_bancaria;  CLICK - BACK OFFICE
13-08-2024 21:31:47.944Z;functions.check_movimentacao_bancaria;  CLICK - GESTAO FINANCEIRA
13-08-2024 21:31:47.944Z;functions.movimentacao_bancaria;  AGUARDANDO 1
13-08-2024 21:31:53.132Z;functions.movimentacao_bancaria;  CLICA NA ABA MOVIMENTAÇÃO BANCARIA
13-08-2024 21:31:53.225Z;functions.waitForImage;  IMAGEM BORDERO image found.
13-08-2024 21:31:55.358Z;functions.movimentacao_bancaria;  IMAGEM BORDERO CLICADA.
13-08-2024 21:32:05.538Z;functions.waitForImage;  LICENCAS EXCEDIDAS image not found.
13-08-2024 21:32:06.163Z;functions.movimentacao_bancaria;  ENCONTROU O FILTRO DA MOVIMENTAÇÃO BANCÁRIA
13-08-2024 21:32:06.194Z;functions.movimentacao_bancaria;  CLICA NA ABA SUPERIOR DO FILTRO
13-08-2024 21:32:13.500Z;functions.movimentacao_bancaria;  SELECIONA O FILTRO HOJE
13-08-2024 21:32:18.553Z;functions.waitForImage;  FILTER CLEAN image found.
13-08-2024 21:32:20.701Z;functions.filter_clean;  CLICA NO BOTÃO X DO LIMPA FILTRO
13-08-2024 21:32:36.037Z;functions.waitForImage;  FILTER CLEAN image not found.
13-08-2024 21:32:51.506Z;functions.waitForImage;  FILTER CLEAN image not found.
13-08-2024 21:32:52.725Z;functions.movimentacao_bancaria;  CLICA NA PRIMEIRA LINHA DA TABELA MOVIMENTAÇÃO BANCÁRIA
13-08-2024 21:32:53.756Z;functions.movimentacao_bancaria;  CLICA NA PRIMEIRA LINHA DA TABELA MOVIMENTAÇÃO BANCÁRIA
13-08-2024 21:32:54.978Z;functions.movimentacao_bancaria;  12 PASSOS PARA DIREITA NA TABELA >>
13-08-2024 21:32:56.584Z;functions.movimentacao_bancaria;  HOVER FILTER
13-08-2024 21:32:56.996Z;functions.movimentacao_bancaria;  CLICK FILTER
13-08-2024 21:33:01.308Z;functions.movimentacao_bancaria;  CLICA NO FILTRO  STATUS DA REMESSA
13-08-2024 21:33:03.410Z;functions.movimentacao_bancaria;  APERTA TAB PARA ESCREVER O FILTRO
13-08-2024 21:33:05.517Z;functions.movimentacao_bancaria;  ESCREVE PENDENTE NO FILTRO
13-08-2024 21:33:07.618Z;functions.movimentacao_bancaria;  APERTA ENTER PARA SELECIONAR OS PENDENTES
13-08-2024 21:33:29.678Z;functions.movimentacao_bancaria;  SEM PROCESSAMENTO DE BORDERO PENDENTE
13-08-2024 21:33:39.740Z;functions.waitForImage;  FILTER CLEAN image found.
13-08-2024 21:33:41.857Z;functions.filter_clean;  CLICA NO BOTÃO X DO LIMPA FILTRO
13-08-2024 21:33:57.115Z;functions.waitForImage;  FILTER CLEAN image not found.
13-08-2024 21:34:12.490Z;functions.waitForImage;  FILTER CLEAN image not found.
13-08-2024 21:34:13.693Z;functions.processo_pagamento;  CLICA NA PRIMEIRA LINHA DA TABELA MOVIMENTAÇÃO BANCÁRIA
13-08-2024 21:34:15.318Z;functions.processo_pagamento;  HOVER FILTER
13-08-2024 21:34:15.726Z;functions.processo_pagamento;  CLICK FILTER
13-08-2024 21:34:20.040Z;functions.processo_pagamento;  CLICA NO FILTRO  STATUS DA REMESSA
13-08-2024 21:34:22.142Z;functions.processo_pagamento;  APERTA TAB PARA ESCREVER O FILTRO
13-08-2024 21:34:24.250Z;functions.processo_pagamento;  ESCREVE AUTORIZADO NO FILTRO
13-08-2024 21:34:26.352Z;functions.processo_pagamento;  APERTA ENTER PARA SELECIONAR OS AUTORIZADOS
13-08-2024 21:34:32.981Z;functions.processo_pagamento;  6 PASSOS PARA ESQUERDA NA TABELA <<
13-08-2024 21:34:33.994Z;functions.processo_pagamento;  10 PASSOS PARA cima NA TABELA <<
13-08-2024 21:34:35.677Z;functions.check_user_bot;  Texto extraido 1/2
13-08-2024 21:34:35.677Z;functions.check_user_bot;  Count 2
13-08-2024 21:34:35.677Z;functions.check_user_bot;  Type <class 'int'>
13-08-2024 21:34:37.782Z;functions.check_user_bot;  CHECK USER BOT 1
13-08-2024 21:34:39.783Z;functions.check_user_bot;  alpereira2
13-08-2024 21:34:39.783Z;functions.check_user_bot;  O USUÁRIO NÃO É INTEGRAÇÃO PARA ESSA REMESSA PARA PARA DE BAIXO
13-08-2024 21:34:39.885Z;functions.check_user_bot;  COUNT1: 0
13-08-2024 21:34:41.988Z;functions.check_user_bot;  CHECK USER BOT 1
13-08-2024 21:34:43.989Z;functions.check_user_bot;  alpereira2
13-08-2024 21:34:43.989Z;functions.check_user_bot;  O USUÁRIO NÃO É INTEGRAÇÃO PARA ESSA REMESSA PARA PARA DE BAIXO
13-08-2024 21:34:44.091Z;functions.check_user_bot;  COUNT1: 1
13-08-2024 21:34:45.193Z;functions.processo_pagamento;  FECHA ABA MOVIMENTAÇÕES BANCÁRIAS
13-08-2024 21:34:46.255Z;functions.enter_contas_a_pagar;  CLICK - TOTVS - LINHA RM
13-08-2024 21:34:47.412Z;functions.enter_contas_a_pagar;  CLICK - BACK OFFICE
13-08-2024 21:34:48.193Z;functions.enter_contas_a_pagar;  CLICK - GESTAO FINANCEIRA
13-08-2024 21:34:56.414Z;functions.enter_contas_a_pagar;  CLICK - CONTAS A PAGAR
13-08-2024 21:34:56.502Z;functions.waitForImage;  LANÇAMENTOS image found.
13-08-2024 21:34:58.607Z;functions.enter_contas_a_pagar;  CLICA EM LANÇAMENTOS
13-08-2024 21:35:13.786Z;functions.waitForImage;  LICENCAS EXCEDIDAS image not found.
13-08-2024 21:35:13.786Z;functions.obter_intervalo_data;  VERIFICANDO A HORA ATUAL 21
13-08-2024 21:35:13.786Z;functions.obter_intervalo_data;  Data Inicial BANCARIA antes da remoção: None
13-08-2024 21:35:13.786Z;functions.obter_intervalo_data;  Data Final BANCARIA antes da remoção: None
13-08-2024 21:35:13.786Z;functions.obter_intervalo_data;  Data Inicial BANCARIA após a remoção: None
13-08-2024 21:35:13.786Z;functions.obter_intervalo_data;  Data Final BANCARIA após a remoção: None
13-08-2024 21:35:13.786Z;functions.obter_intervalo_data;  hoje -  2024-08-13 21:35:13.786748
13-08-2024 21:35:13.786Z;functions.data_filter;  DATA INICIO 21-08-2024
13-08-2024 21:35:13.786Z;functions.data_filter;  DATA FIM 27-08-2024
13-08-2024 21:35:13.786Z;functions.data_filter;  CLICK - SELECIONA A DATA DE QUARTA FEIRA E DA PROXIMA TERÇA
13-08-2024 21:35:13.786Z;functions.data_filter;  QUARTA-FEIRA: 21-08-2024
13-08-2024 21:35:13.786Z;functions.data_filter;  TERCA-FEIRA: 27-08-2024
13-08-2024 21:35:30.287Z;functions.data_filter;  REMESSA BANCÁRIA - FILTRO DIGITADO
13-08-2024 21:35:31.067Z;functions.data_filter;  CLICK - BOTAO DE SELECAO DE FILTRO
13-08-2024 21:35:35.161Z;functions.data_filter;  INSERE - DATA DE QUARTA-FEIRA: 21-08-2024
13-08-2024 21:35:39.051Z;functions.data_filter;  INSERE - DATA DA PROX TERCA-FEIRA: 27-08-2024
13-08-2024 21:35:41.005Z;functions.data_filter;  CLICK - BOTAO DE EXECUTAR O FILTRO
13-08-2024 21:35:46.007Z;functions.desmark_filter;  AGUARDANDO 1
13-08-2024 21:35:47.505Z;functions.desmark_filter;  CLICK CHECKBOX LANÇAMENTOS A RECEBER
13-08-2024 21:35:48.714Z;functions.desmark_filter;  CLICK CHECKBOX LANÇAMENTOS BAIXADOS
13-08-2024 21:35:50.220Z;functions.desmark_filter;  CLICK CHECKBOX LANÇAMENTOS CANCELADOS
13-08-2024 21:35:51.786Z;functions.desmark_filter;  CLICK CHECKBOX LANÇAMENTOS FATURADOS
13-08-2024 21:35:53.364Z;functions.desmark_filter;  CLICK CHECKBOX LANÇAMENTOS FATURADOS
13-08-2024 21:35:58.427Z;functions.waitForImage;  FILTER CLEAN image found.
13-08-2024 21:36:00.543Z;functions.filter_clean;  CLICA NO BOTÃO X DO LIMPA FILTRO
13-08-2024 21:36:15.833Z;functions.waitForImage;  FILTER CLEAN image not found.
13-08-2024 21:36:31.239Z;functions.waitForImage;  FILTER CLEAN image not found.
13-08-2024 21:36:31.239Z;functions.check_table_record;  VERIFICANDO SE A TABELA ESTÁ VAZIA
13-08-2024 21:36:32.989Z;functions.check_table_record;  Texto extraido 1/76
13-08-2024 21:36:32.989Z;functions.check_table_record;  Count 76
13-08-2024 21:36:32.989Z;functions.check_table_record;  Type <class 'int'>
13-08-2024 21:36:32.989Z;functions.check_table_record;  TABELA CONTÉM REGISTROS
13-08-2024 21:36:44.246Z;functions.select_tipo_documento;  NOME DA COLUNA: Tipo de Documento
13-08-2024 21:36:45.708Z;functions.select_tipo_documento;  HOVER NOME DA COLUNA: Tipo de Documento
13-08-2024 21:36:46.418Z;functions.select_tipo_documento;  CLICA NO FILTRO PERSONALIZAR
13-08-2024 21:36:47.504Z;functions.select_tipo_documento;  CLICA PARA SELECIONAR OPÇÕES DO FILTRO
13-08-2024 21:36:53.924Z;functions.select_tipo_documento;  FILTRO "NÃO É IGUAL A INV" DEFINIDO
13-08-2024 21:36:54.754Z;functions.select_tipo_documento;  CLICK BUTTON CONFIRMAR FILTRO
13-08-2024 21:36:59.756Z;functions.filter_IPTE;  VERIFICANDO O COD DO CLIENTE EM CADA REGISTRO
13-08-2024 21:37:00.879Z;functions.filter_IPTE;  CLICA NA PRIMEIRA LINHA DA TABELA
13-08-2024 21:37:21.801Z;functions.filter_IPTE;  HOVER FILTER
13-08-2024 21:37:22.668Z;functions.filter_IPTE;  CLICK FILTER
13-08-2024 21:37:26.983Z;functions.filter_IPTE;  CLICA NO FILTRO PERSONALIZAR
13-08-2024 21:38:10.785Z;functions.filter_IPTE;  MOVIDO PRA CIMA 100 VEZES
13-08-2024 21:38:48.409Z;functions.filter_IPTE;  MOVIDO PRA CIMA MAIS 100 VEZES
13-08-2024 21:39:06.300Z;functions.filter_IPTE;  TABELA NÃO CONTÉM REGISTROS
13-08-2024 21:39:06.300Z;functions.check_table_record;  VERIFICANDO SE A TABELA ESTÁ VAZIA
13-08-2024 21:39:08.097Z;functions.check_table_record;  Texto extraido 0/0
13-08-2024 21:39:08.097Z;functions.check_table_record;  Count 0
13-08-2024 21:39:08.097Z;functions.check_table_record;  Type <class 'int'>
13-08-2024 21:39:08.097Z;functions.check_table_record;  SEM REGISTROS
13-08-2024 21:39:10.101Z;main.<module>;  SEM REMESSA BANCÁRIA
13-08-2024 21:39:10.101Z;functions.movimentacao_bancaria;  AGUARDANDO 1
13-08-2024 21:39:11.035Z;functions.movimentacao_bancaria;  CLICA NA ABA MOVIMENTAÇÃO BANCARIA
13-08-2024 21:39:11.128Z;functions.waitForImage;  IMAGEM BORDERO image found.
13-08-2024 21:39:13.240Z;functions.movimentacao_bancaria;  IMAGEM BORDERO CLICADA.
13-08-2024 21:39:23.409Z;functions.waitForImage;  LICENCAS EXCEDIDAS image not found.
13-08-2024 21:39:24.050Z;functions.movimentacao_bancaria;  ENCONTROU O FILTRO DA MOVIMENTAÇÃO BANCÁRIA
13-08-2024 21:39:24.097Z;functions.movimentacao_bancaria;  CLICA NA ABA SUPERIOR DO FILTRO
13-08-2024 21:39:31.403Z;functions.movimentacao_bancaria;  SELECIONA O FILTRO HOJE
13-08-2024 21:39:36.456Z;functions.waitForImage;  FILTER CLEAN image found.
13-08-2024 21:39:38.574Z;functions.filter_clean;  CLICA NO BOTÃO X DO LIMPA FILTRO
13-08-2024 21:39:53.831Z;functions.waitForImage;  FILTER CLEAN image not found.
13-08-2024 21:40:09.159Z;functions.waitForImage;  FILTER CLEAN image not found.
13-08-2024 21:40:10.253Z;functions.movimentacao_bancaria;  CLICA NA PRIMEIRA LINHA DA TABELA MOVIMENTAÇÃO BANCÁRIA
13-08-2024 21:40:11.206Z;functions.movimentacao_bancaria;  CLICA NA PRIMEIRA LINHA DA TABELA MOVIMENTAÇÃO BANCÁRIA
13-08-2024 21:40:12.422Z;functions.movimentacao_bancaria;  12 PASSOS PARA DIREITA NA TABELA >>
13-08-2024 21:40:14.049Z;functions.movimentacao_bancaria;  HOVER FILTER
13-08-2024 21:40:14.451Z;functions.movimentacao_bancaria;  CLICK FILTER
13-08-2024 21:40:18.766Z;functions.movimentacao_bancaria;  CLICA NO FILTRO  STATUS DA REMESSA
13-08-2024 21:40:20.868Z;functions.movimentacao_bancaria;  APERTA TAB PARA ESCREVER O FILTRO
13-08-2024 21:40:22.974Z;functions.movimentacao_bancaria;  ESCREVE PENDENTE NO FILTRO
13-08-2024 21:40:25.076Z;functions.movimentacao_bancaria;  APERTA ENTER PARA SELECIONAR OS PENDENTES
13-08-2024 21:40:47.487Z;functions.movimentacao_bancaria;  SEM PROCESSAMENTO DE BORDERO PENDENTE
13-08-2024 21:40:57.549Z;functions.waitForImage;  FILTER CLEAN image found.
13-08-2024 21:40:59.667Z;functions.filter_clean;  CLICA NO BOTÃO X DO LIMPA FILTRO
13-08-2024 21:41:14.799Z;functions.waitForImage;  FILTER CLEAN image not found.
13-08-2024 21:41:30.143Z;functions.waitForImage;  FILTER CLEAN image not found.
13-08-2024 21:41:31.315Z;functions.processo_pagamento;  CLICA NA PRIMEIRA LINHA DA TABELA MOVIMENTAÇÃO BANCÁRIA
13-08-2024 21:41:32.939Z;functions.processo_pagamento;  HOVER FILTER
13-08-2024 21:41:33.335Z;functions.processo_pagamento;  CLICK FILTER
13-08-2024 21:41:37.650Z;functions.processo_pagamento;  CLICA NO FILTRO  STATUS DA REMESSA
13-08-2024 21:41:39.751Z;functions.processo_pagamento;  APERTA TAB PARA ESCREVER O FILTRO
13-08-2024 21:41:41.859Z;functions.processo_pagamento;  ESCREVE AUTORIZADO NO FILTRO
13-08-2024 21:41:43.960Z;functions.processo_pagamento;  APERTA ENTER PARA SELECIONAR OS AUTORIZADOS
13-08-2024 21:41:50.791Z;functions.processo_pagamento;  6 PASSOS PARA ESQUERDA NA TABELA <<
13-08-2024 21:41:51.802Z;functions.processo_pagamento;  10 PASSOS PARA cima NA TABELA <<
13-08-2024 21:41:53.471Z;functions.check_user_bot;  Texto extraido 1/2
13-08-2024 21:41:53.471Z;functions.check_user_bot;  Count 2
13-08-2024 21:41:53.471Z;functions.check_user_bot;  Type <class 'int'>
13-08-2024 21:41:55.579Z;functions.check_user_bot;  CHECK USER BOT 1
13-08-2024 21:41:57.580Z;functions.check_user_bot;  alpereira2
13-08-2024 21:41:57.580Z;functions.check_user_bot;  O USUÁRIO NÃO É INTEGRAÇÃO PARA ESSA REMESSA PARA PARA DE BAIXO
13-08-2024 21:41:57.682Z;functions.check_user_bot;  COUNT1: 0
13-08-2024 21:41:59.785Z;functions.check_user_bot;  CHECK USER BOT 1
13-08-2024 21:42:01.786Z;functions.check_user_bot;  alpereira2
13-08-2024 21:42:01.786Z;functions.check_user_bot;  O USUÁRIO NÃO É INTEGRAÇÃO PARA ESSA REMESSA PARA PARA DE BAIXO
13-08-2024 21:42:01.888Z;functions.check_user_bot;  COUNT1: 1
13-08-2024 21:42:02.989Z;functions.processo_pagamento;  FECHA ABA MOVIMENTAÇÕES BANCÁRIAS
13-08-2024 21:42:03.783Z;functions.enter_contas_a_pagar;  CLICK - TOTVS - LINHA RM
13-08-2024 21:42:04.596Z;functions.enter_contas_a_pagar;  CLICK - BACK OFFICE
13-08-2024 21:42:05.378Z;functions.enter_contas_a_pagar;  CLICK - GESTAO FINANCEIRA
13-08-2024 21:42:13.002Z;functions.enter_contas_a_pagar;  CLICK - CONTAS A PAGAR
13-08-2024 21:42:13.080Z;functions.waitForImage;  LANÇAMENTOS image found.
13-08-2024 21:42:15.198Z;functions.enter_contas_a_pagar;  CLICA EM LANÇAMENTOS
13-08-2024 21:42:30.378Z;functions.waitForImage;  LICENCAS EXCEDIDAS image not found.
13-08-2024 21:42:30.378Z;functions.obter_intervalo_data;  VERIFICANDO A HORA ATUAL 21
13-08-2024 21:42:30.391Z;functions.obter_intervalo_data;  Data Inicial BANCARIA antes da remoção: None
13-08-2024 21:42:30.392Z;functions.obter_intervalo_data;  Data Final BANCARIA antes da remoção: None
13-08-2024 21:42:30.396Z;functions.obter_intervalo_data;  Data Inicial BANCARIA após a remoção: None
13-08-2024 21:42:30.396Z;functions.obter_intervalo_data;  Data Final BANCARIA após a remoção: None
13-08-2024 21:42:30.396Z;functions.obter_intervalo_data;  hoje -  2024-08-13 21:42:30.396481
13-08-2024 21:42:30.396Z;functions.data_filter;  DATA INICIO 21-08-2024
13-08-2024 21:42:30.396Z;functions.data_filter;  DATA FIM 27-08-2024
13-08-2024 21:42:30.396Z;functions.data_filter;  CLICK - SELECIONA A DATA DE QUARTA FEIRA E DA PROXIMA TERÇA
13-08-2024 21:42:30.396Z;functions.data_filter;  QUARTA-FEIRA: 21-08-2024
13-08-2024 21:42:30.396Z;functions.data_filter;  TERCA-FEIRA: 27-08-2024
13-08-2024 21:42:46.863Z;functions.data_filter;  REMESSA BANCÁRIA - FILTRO DIGITADO
13-08-2024 21:42:47.627Z;functions.data_filter;  CLICK - BOTAO DE SELECAO DE FILTRO
13-08-2024 21:42:51.736Z;functions.data_filter;  INSERE - DATA DE QUARTA-FEIRA: 21-08-2024
13-08-2024 21:42:55.597Z;functions.data_filter;  INSERE - DATA DA PROX TERCA-FEIRA: 27-08-2024
13-08-2024 21:42:56.470Z;functions.data_filter;  CLICK - BOTAO DE EXECUTAR O FILTRO
13-08-2024 21:43:01.473Z;functions.desmark_filter;  AGUARDANDO 1
13-08-2024 21:43:02.970Z;functions.desmark_filter;  CLICK CHECKBOX LANÇAMENTOS A RECEBER
13-08-2024 21:43:04.550Z;functions.desmark_filter;  CLICK CHECKBOX LANÇAMENTOS BAIXADOS
13-08-2024 21:43:06.064Z;functions.desmark_filter;  CLICK CHECKBOX LANÇAMENTOS CANCELADOS
13-08-2024 21:43:07.689Z;functions.desmark_filter;  CLICK CHECKBOX LANÇAMENTOS FATURADOS
13-08-2024 21:43:09.251Z;functions.desmark_filter;  CLICK CHECKBOX LANÇAMENTOS FATURADOS
13-08-2024 21:43:14.345Z;functions.waitForImage;  FILTER CLEAN image found.
13-08-2024 21:43:16.448Z;functions.filter_clean;  CLICA NO BOTÃO X DO LIMPA FILTRO
13-08-2024 21:43:31.532Z;functions.waitForImage;  FILTER CLEAN image not found.
13-08-2024 21:43:46.673Z;functions.waitForImage;  FILTER CLEAN image not found.
13-08-2024 21:43:47.626Z;functions.filter_forma_pagamento;  CLICA NA PRIMEIRA LINHA DA TABELA
13-08-2024 21:43:47.751Z;functions.filter_forma_pagamento;  CLICK NA PRIMEIRA LINHA E COLUNA DA TABELA
13-08-2024 21:44:03.962Z;functions.filter_forma_pagamento;  160 PASSOS PARA DIREITA NA TABELA >>
13-08-2024 21:44:07.063Z;functions.filter_forma_pagamento;  HOVER NOME DA COLUNA FORMA DE PAGAMENTO
13-08-2024 21:44:07.977Z;functions.filter_forma_pagamento;  CLICA PARA APARECER O FILTRO PERSONALIZAR
13-08-2024 21:44:11.292Z;functions.filter_forma_pagamento;  CLICA NO FILTRO PERSONALIZAR
13-08-2024 21:44:22.470Z;functions.filter_forma_pagamento;  Texto extraido 0/0
13-08-2024 21:44:22.470Z;functions.filter_forma_pagamento;  Count 0
13-08-2024 21:44:22.470Z;functions.filter_forma_pagamento;  Type <class 'int'>
13-08-2024 21:44:22.470Z;functions.filter_forma_pagamento;  SEM REGISTROS
13-08-2024 21:44:24.483Z;functions.check_table_record;  VERIFICANDO SE A TABELA ESTÁ VAZIA
13-08-2024 21:44:26.360Z;functions.check_table_record;  Texto extraido 0/0
13-08-2024 21:44:26.360Z;functions.check_table_record;  Count 0
13-08-2024 21:44:26.360Z;functions.check_table_record;  Type <class 'int'>
13-08-2024 21:44:26.360Z;functions.check_table_record;  SEM REGISTROS
13-08-2024 21:44:30.369Z;main.<module>;  SEM REMESSA DE TED CIP
13-08-2024 21:44:31.157Z;functions.enter_contas_a_pagar;  CLICK - TOTVS - LINHA RM
13-08-2024 21:44:32.001Z;functions.enter_contas_a_pagar;  CLICK - BACK OFFICE
13-08-2024 21:44:32.782Z;functions.enter_contas_a_pagar;  CLICK - GESTAO FINANCEIRA
13-08-2024 21:44:40.378Z;functions.enter_contas_a_pagar;  CLICK - CONTAS A PAGAR
13-08-2024 21:44:40.469Z;functions.waitForImage;  LANÇAMENTOS image found.
13-08-2024 21:44:42.602Z;functions.enter_contas_a_pagar;  CLICA EM LANÇAMENTOS
13-08-2024 21:44:57.735Z;functions.waitForImage;  LICENCAS EXCEDIDAS image not found.
13-08-2024 21:44:57.751Z;functions.obter_intervalo_data;  VERIFICANDO A HORA ATUAL 21
13-08-2024 21:44:57.751Z;functions.obter_intervalo_data;  Data Inicial BANCARIA antes da remoção: None
13-08-2024 21:44:57.751Z;functions.obter_intervalo_data;  Data Final BANCARIA antes da remoção: None
13-08-2024 21:44:57.751Z;functions.obter_intervalo_data;  Data Inicial BANCARIA após a remoção: None
13-08-2024 21:44:57.751Z;functions.obter_intervalo_data;  Data Final BANCARIA após a remoção: None
13-08-2024 21:44:57.751Z;functions.obter_intervalo_data;  hoje -  2024-08-13 21:44:57.751081
13-08-2024 21:44:57.751Z;functions.data_filter;  DATA INICIO 21-08-2024
13-08-2024 21:44:57.751Z;functions.data_filter;  DATA FIM 27-08-2024
13-08-2024 21:44:57.751Z;functions.data_filter;  CLICK - SELECIONA A DATA DE QUARTA FEIRA E DA PROXIMA TERÇA
13-08-2024 21:44:57.751Z;functions.data_filter;  QUARTA-FEIRA: 21-08-2024
13-08-2024 21:44:57.751Z;functions.data_filter;  TERCA-FEIRA: 27-08-2024
13-08-2024 21:45:14.239Z;functions.data_filter;  REMESSA BANCÁRIA - FILTRO DIGITADO
13-08-2024 21:45:15.032Z;functions.data_filter;  CLICK - BOTAO DE SELECAO DE FILTRO
13-08-2024 21:45:19.079Z;functions.data_filter;  INSERE - DATA DE QUARTA-FEIRA: 21-08-2024
13-08-2024 21:45:22.953Z;functions.data_filter;  INSERE - DATA DA PROX TERCA-FEIRA: 27-08-2024
13-08-2024 21:45:23.844Z;functions.data_filter;  CLICK - BOTAO DE EXECUTAR O FILTRO
13-08-2024 21:45:28.846Z;functions.desmark_filter;  AGUARDANDO 1
13-08-2024 21:45:30.250Z;functions.desmark_filter;  CLICK CHECKBOX LANÇAMENTOS A RECEBER
13-08-2024 21:45:31.716Z;functions.desmark_filter;  CLICK CHECKBOX LANÇAMENTOS BAIXADOS
13-08-2024 21:45:33.080Z;functions.desmark_filter;  CLICK CHECKBOX LANÇAMENTOS CANCELADOS
13-08-2024 21:45:34.563Z;functions.desmark_filter;  CLICK CHECKBOX LANÇAMENTOS FATURADOS
13-08-2024 21:45:36.204Z;functions.desmark_filter;  CLICK CHECKBOX LANÇAMENTOS FATURADOS
13-08-2024 21:45:41.282Z;functions.waitForImage;  FILTER CLEAN image found.
13-08-2024 21:45:43.414Z;functions.filter_clean;  CLICA NO BOTÃO X DO LIMPA FILTRO
13-08-2024 21:45:58.703Z;functions.waitForImage;  FILTER CLEAN image not found.
13-08-2024 21:46:13.953Z;functions.waitForImage;  FILTER CLEAN image not found.
13-08-2024 21:46:17.125Z;functions.filter_forma_pagamento_branco;  MOVIDO PRA CIMA 10 VEZES
13-08-2024 21:46:18.187Z;functions.filter_forma_pagamento_branco;  CLICK NA PRIMEIRA LINHA E COLUNA DA TABELA
13-08-2024 21:46:34.387Z;functions.filter_forma_pagamento_branco;  160 PASSOS PARA DIREITA NA TABELA >>
13-08-2024 21:46:37.578Z;functions.filter_forma_pagamento_branco;  HOVER NOME DA COLUNA FORMA DE PAGAMENTO
13-08-2024 21:46:38.507Z;functions.filter_forma_pagamento_branco;  CLICA PARA APARECER O FILTRO PERSONALIZAR
13-08-2024 21:46:41.822Z;functions.filter_forma_pagamento_branco;  CLICA NO FILTRO PERSONALIZAR
13-08-2024 21:46:49.140Z;functions.filter_forma_pagamento_branco;  Texto extraido 1/2
13-08-2024 21:46:49.140Z;functions.filter_forma_pagamento_branco;  Count 2
13-08-2024 21:46:49.140Z;functions.filter_forma_pagamento_branco;  Type <class 'int'>
13-08-2024 21:46:49.140Z;functions.filter_forma_pagamento_branco;  TABELA CONTÉM REGISTROS
13-08-2024 21:46:50.655Z;functions.filter_forma_pagamento_branco;  MOVIDO PRA CIMA 2 VEZES
13-08-2024 21:46:53.981Z;functions.check_table_record;  VERIFICANDO SE A TABELA ESTÁ VAZIA
13-08-2024 21:46:55.750Z;functions.check_table_record;  Texto extraido 1/2
13-08-2024 21:46:55.750Z;functions.check_table_record;  Count 2
13-08-2024 21:46:55.750Z;functions.check_table_record;  Type <class 'int'>
13-08-2024 21:46:55.750Z;functions.check_table_record;  TABELA CONTÉM REGISTROS
13-08-2024 21:46:55.750Z;functions.check_ted_branco;  VERIFICANDO O COD DO CLIENTE EM CADA REGISTRO
13-08-2024 21:46:56.812Z;functions.check_ted_branco;  CLICA NA PRIMEIRA LINHA DA TABELA
13-08-2024 21:47:00.917Z;functions.check_ted_branco;  REFERNCIA: 992242
13-08-2024 21:47:00.917Z;functions.check_ted_branco;  CONTAGEM: 1
13-08-2024 21:47:01.218Z;functions.check_ted_branco;  ENTRANDO NO REGISTRO 
13-08-2024 21:47:10.350Z;functions.waitForImage;  INTEGRAÇÃO BANCÁRIA image found.
13-08-2024 21:47:10.478Z;functions.check_ted_branco;  CLICA EM INTEGRAÇÃO BANCÁRIA
13-08-2024 21:47:10.478Z;functions.check_ted_branco;  VERIFICANDO INFORMAÇÕES
13-08-2024 21:47:10.563Z;functions.waitForImage;  TRES PONTINHOS image found.
13-08-2024 21:47:23.176Z;functions.check_ted_branco;  VERIFICANDO SE TEM PIX NO FILTRO
13-08-2024 21:47:33.749Z;functions.waitForImage;  CHECANDO DADOS BANCÁRIOS PIX image not found.
13-08-2024 21:47:33.749Z;functions.check_ted_branco;  PIX ENCONTRADO
13-08-2024 21:47:37.157Z;functions.check_ted_branco;  APERTA TAB
13-08-2024 21:47:39.234Z;functions.waitForImage;  DADOS BANCARIOS image found.
13-08-2024 21:47:39.350Z;functions.check_ted_branco;  CLICK EM DADOS BANCARIOS
13-08-2024 21:47:39.452Z;functions.check_ted_branco;  APERTA TAB
13-08-2024 21:47:40.638Z;functions.waitForImage;  CHECANDO DADOS BANCÁRIOS PIX image found.
13-08-2024 21:47:42.639Z;functions.check_ted_branco;  FORMA DE PAGAMENTO PIX SELECIONADA PARA O REGISTRO: 992242
13-08-2024 21:47:42.718Z;functions.waitForImage;  PRESS BUTTON OK image found.
13-08-2024 21:47:44.851Z;functions.click_ok;  PRESS BUTTON OK
13-08-2024 21:47:46.852Z;functions.check_ted_branco;  PRIMEIRO OK
13-08-2024 21:47:46.921Z;functions.waitForImage;  PRESS BUTTON OK image found.
13-08-2024 21:47:49.039Z;functions.click_ok;  PRESS BUTTON OK
13-08-2024 21:48:01.609Z;functions.waitForImage;  ERROR GENERICO image not found.
13-08-2024 21:48:07.031Z;functions.waitForImage;  ERROR FILTRO PIX image not found.
13-08-2024 21:48:11.140Z;functions.check_ted_branco;  PASSANDO PARA PRÓXIMO REGISTRO
13-08-2024 21:48:15.242Z;functions.check_ted_branco;  REFERNCIA: ---------------------------
RM
---------------------------
O registro foi cadastrado com sucesso, entretanto, o mesmo não atende as condições do filtro aplicado na visão. Para visualizá-lo utilize um filtro que retorne os dados do registro.
---------------------------
OK   
---------------------------

13-08-2024 21:48:15.242Z;functions.check_ted_branco;  CONTAGEM: 2
13-08-2024 21:48:15.543Z;functions.check_ted_branco;  ENTRANDO NO REGISTRO 
13-08-2024 21:49:18.686Z;functions.waitForImage;  INTEGRAÇÃO BANCÁRIA image not found.
13-08-2024 21:49:18.686Z;functions.check_ted_branco;  VERIFICANDO INFORMAÇÕES
13-08-2024 21:49:39.155Z;functions.waitForImage;  TRES PONTINHOS image not found.
13-08-2024 21:49:39.155Z;functions.check_ted_branco;  SEM FILTRO PIX
13-08-2024 21:49:49.389Z;functions.waitForImage;  PRESS BUTTON OK image not found.
13-08-2024 21:49:59.702Z;functions.waitForImage;  PRESS BUTTON OK 2 image not found.
13-08-2024 21:50:10.108Z;functions.waitForImage;  ERROR GENERICO image not found.
13-08-2024 21:50:15.545Z;functions.waitForImage;  ERROR FILTRO PIX image not found.
13-08-2024 21:50:15.546Z;functions.check_ted_branco;  FORAM VERIFICADOS: 2 REFERENCIAS NO PROCESSAMENTO FORMA DE PAGAMENTO ELETRONICA EM BRANCO
13-08-2024 21:50:17.641Z;errorhandler.__handle;  Property: Unknown Property name. [1:203: -ms-interpolation-mode]
13-08-2024 21:50:17.641Z;errorhandler.__handle;  Property: Unknown Property name. [1:353: -webkit-font-smoothing]
13-08-2024 21:50:17.641Z;errorhandler.__handle;  Property: Unknown Property name. [1:483: -ms-text-size-adjust]
13-08-2024 21:50:17.641Z;errorhandler.__handle;  Property: Unknown Property name. [1:518: -webkit-text-size-adjust]
13-08-2024 21:50:17.641Z;errorhandler.__handle;  Property: Unknown Property name. [1:612: mso-table-lspace]
13-08-2024 21:50:17.641Z;errorhandler.__handle;  Property: Unknown Property name. [1:642: mso-table-rspace]
13-08-2024 21:50:17.688Z;errorhandler.__handle;  Property: Unknown Property name. [1:4734: mso-hide]
13-08-2024 21:50:17.719Z;errorhandler.__handle;  Property: Unknown Property name. [1:13: -ms-interpolation-mode]
13-08-2024 21:50:17.719Z;errorhandler.__handle;  Property: Unknown Property name. [1:49: -webkit-font-smoothing]
13-08-2024 21:50:17.719Z;errorhandler.__handle;  Property: Unknown Property name. [1:134: -ms-text-size-adjust]
13-08-2024 21:50:17.719Z;errorhandler.__handle;  Property: Unknown Property name. [1:160: -webkit-text-size-adjust]
13-08-2024 21:50:17.719Z;errorhandler.__handle;  Property: Unknown Property name. [1:26: mso-table-lspace]
13-08-2024 21:50:17.719Z;errorhandler.__handle;  Property: Unknown Property name. [1:45: mso-table-rspace]
13-08-2024 21:50:17.734Z;errorhandler.__handle;  Property: Unknown Property name. [1:92: mso-hide]
13-08-2024 21:50:17.734Z;errorhandler.__handle;  Property: No ":" after name found: align-center [1:1: align-center]
13-08-2024 21:50:17.734Z;errorhandler.__handle;  Property: No property value found: align-center [1:1: align-center]
13-08-2024 21:50:17.734Z;errorhandler.__handle;  CSSStyleDeclaration: Syntax Error in Property: align-center
13-08-2024 21:50:17.734Z;errorhandler.__handle;  Property: Unknown Property name. [1:14: -ms-interpolation-mode]
13-08-2024 21:50:20.446Z;functions.emailFinalizado;  Warning e-mail sent.
13-08-2024 21:50:20.446Z;main.<module>;  Remessa Bancária TED CIP com filtro de pagamento eletronica em branco modificadas para pix 
 PASSO 3 FINALIZADO
13-08-2024 21:50:20.446Z;main.<module>;  O PROGRAMA SERÁ ENCERRADO
13-08-2024 21:50:21.374Z;errorhandler.__handle;  Property: Unknown Property name. [1:14: -ms-interpolation-mode]
13-08-2024 21:50:23.889Z;functions.emailFinalizado;  Warning e-mail sent.
13-08-2024 21:50:24.045Z;functions.end_RM;  RM ENCERRADO
