12-06-2024 13:00:17.395Z;functions.bot_text_art;      ____   
12-06-2024 13:00:17.395Z;functions.bot_text_art;     [____]    
12-06-2024 13:00:17.395Z;functions.bot_text_art;   |=]()()[=|  
12-06-2024 13:00:17.395Z;functions.bot_text_art;     _\==/__    _____    ____     _        _____    ___   _  __
12-06-2024 13:00:17.395Z;functions.bot_text_art;   |__|   |_|  |  _  \  / ___|   | |      |_   _| / ___| | |/ /
12-06-2024 13:00:17.395Z;functions.bot_text_art;   |_|_/\_|_|  | |  | | | |      | |        | |   | |    | ' / 
12-06-2024 13:00:17.395Z;functions.bot_text_art;   | | __ | |  | |  | | | |      | |        | |   | |    |  <  
12-06-2024 13:00:17.395Z;functions.bot_text_art;   |_|[  ]|_|  | |__| | | |____  | |____   _| |_  | |__  | . \ 
12-06-2024 13:00:17.395Z;functions.bot_text_art;   \_|_||_|_/  |_____/   \_____| |______| |_____| \ ___| |_|\_\
12-06-2024 13:00:17.395Z;functions.bot_text_art;     |_||_|                                                     
12-06-2024 13:00:17.409Z;functions.bot_text_art;     | ||_|_   
12-06-2024 13:00:17.410Z;functions.bot_text_art;   |___||___|  
12-06-2024 13:00:17.413Z;functions.bot_text_art;               
12-06-2024 13:00:17.534Z;functions.open_RM;  OPEN PROGRAM RM
12-06-2024 13:00:17.534Z;functions.caps;  DESATIVANDO CAPS
12-06-2024 13:00:17.534Z;functions.loggin_RM;  BUSCANDO LOGGIN RM
12-06-2024 13:15:49.619Z;functions.show_exception_and_exit;  'NoneType' object has no attribute 'double_click'
Traceback (most recent call last):
  File "C:\Projetos_Remessas\Remessa_Bancaria\main.py", line 14, in <module>
    loggin_RM()
  File "C:\Projetos_Remessas\Remessa_Bancaria\SUBPROGRAMS\functions.py", line 88, in loggin_RM
    user_rm.double_click()
    ^^^^^^^^^^^^^^^^^^^^
AttributeError: 'NoneType' object has no attribute 'double_click'
