12-06-2024 15:32:25.640Z;functions.bot_text_art;      ____   
12-06-2024 15:32:25.641Z;functions.bot_text_art;     [____]    
12-06-2024 15:32:25.642Z;functions.bot_text_art;   |=]()()[=|  
12-06-2024 15:32:25.642Z;functions.bot_text_art;     _\==/__    _____    ____     _        _____    ___   _  __
12-06-2024 15:32:25.643Z;functions.bot_text_art;   |__|   |_|  |  _  \  / ___|   | |      |_   _| / ___| | |/ /
12-06-2024 15:32:25.643Z;functions.bot_text_art;   |_|_/\_|_|  | |  | | | |      | |        | |   | |    | ' / 
12-06-2024 15:32:25.644Z;functions.bot_text_art;   | | __ | |  | |  | | | |      | |        | |   | |    |  <  
12-06-2024 15:32:25.647Z;functions.bot_text_art;   |_|[  ]|_|  | |__| | | |____  | |____   _| |_  | |__  | . \ 
12-06-2024 15:32:25.651Z;functions.bot_text_art;   \_|_||_|_/  |_____/   \_____| |______| |_____| \ ___| |_|\_\
12-06-2024 15:32:25.651Z;functions.bot_text_art;     |_||_|                                                     
12-06-2024 15:32:25.651Z;functions.bot_text_art;     | ||_|_   
12-06-2024 15:32:25.652Z;functions.bot_text_art;   |___||___|  
12-06-2024 15:32:25.652Z;functions.bot_text_art;               
12-06-2024 15:32:25.664Z;functions.open_RM;  OPEN PROGRAM RM
12-06-2024 15:32:25.665Z;functions.caps;  DESATIVANDO CAPS
12-06-2024 15:32:25.666Z;functions.loggin_RM;  BUSCANDO LOGGIN RM
12-06-2024 15:32:31.361Z;functions.show_exception_and_exit;  'NoneType' object has no attribute 'double_click'
Traceback (most recent call last):
  File "c:\Projetos_Remessas\Remessa_Bancaria\main.py", line 14, in <module>
    loggin_RM()
  File "c:\Projetos_Remessas\Remessa_Bancaria\SUBPROGRAMS\functions.py", line 88, in loggin_RM
    user_rm.double_click()
    ^^^^^^^^^^^^^^^^^^^^
AttributeError: 'NoneType' object has no attribute 'double_click'
12-06-2024 15:32:31.611Z;functions.show_exception_and_exit;  PRINT SALVO
12-06-2024 15:32:31.877Z;functions.show_exception_and_exit;  RM FECHADO
