07-08-2024 11:41:20.568Z;functions.bot_text_art;      ____   
07-08-2024 11:41:20.568Z;functions.bot_text_art;     [____]    
07-08-2024 11:41:20.568Z;functions.bot_text_art;   |=]()()[=|  
07-08-2024 11:41:20.568Z;functions.bot_text_art;     _\==/__    _____    ____     _        _____    ___   _  __
07-08-2024 11:41:20.568Z;functions.bot_text_art;   |__|   |_|  |  _  \  / ___|   | |      |_   _| / ___| | |/ /
07-08-2024 11:41:20.568Z;functions.bot_text_art;   |_|_/\_|_|  | |  | | | |      | |        | |   | |    | ' / 
07-08-2024 11:41:20.568Z;functions.bot_text_art;   | | __ | |  | |  | | | |      | |        | |   | |    |  <  
07-08-2024 11:41:20.568Z;functions.bot_text_art;   |_|[  ]|_|  | |__| | | |____  | |____   _| |_  | |__  | . \ 
07-08-2024 11:41:20.568Z;functions.bot_text_art;   \_|_||_|_/  |_____/   \_____| |______| |_____| \ ___| |_|\_\
07-08-2024 11:41:20.568Z;functions.bot_text_art;     |_||_|                                                     
07-08-2024 11:41:20.568Z;functions.bot_text_art;     | ||_|_   
07-08-2024 11:41:20.568Z;functions.bot_text_art;   |___||___|  
07-08-2024 11:41:20.568Z;functions.bot_text_art;               
07-08-2024 11:41:20.584Z;functions.open_RM;  OPEN PROGRAM RM
07-08-2024 11:41:20.584Z;functions.caps;  DESATIVANDO CAPS
07-08-2024 11:41:20.584Z;functions.loggin_RM;  BUSCANDO LOGGIN RM
07-08-2024 11:41:41.818Z;functions.loggin_RM;  ENTER USER_NAME
07-08-2024 11:41:46.585Z;functions.loggin_RM;  ENTER PASSWORD
07-08-2024 11:41:48.018Z;functions.loggin_RM;  ENTER RM
07-08-2024 11:42:30.646Z;functions.enter_coligada;  CLICK CONTEXTO
07-08-2024 11:42:35.959Z;functions.enter_coligada;  CLICK ALTERAR MODULO DO CONTEXTO
07-08-2024 11:42:40.099Z;functions.enter_coligada;  INSERE O COLIGADA CODE = 1
07-08-2024 11:42:40.205Z;functions.enter_coligada;  APERTA TAB PARA PREENCHER O CAMPO COM A STRING: OCEANICA ENGENHARIA E CONSULTORIA S.A.
07-08-2024 11:42:42.490Z;functions.enter_coligada;  CLICK AVANÇAR NOVAMENTE
07-08-2024 11:42:43.834Z;functions.enter_coligada;  CLICK CONCLUIR
07-08-2024 11:43:04.115Z;functions.waitForImage;  TROCA COLIGADA image not found.
07-08-2024 11:43:28.475Z;functions.enter_coligada;  POP UP COLIGADA DESAPARECER
07-08-2024 11:43:29.615Z;functions.check_movimentacao_bancaria;  CLICK - TOTVS - LINHA RM
07-08-2024 11:43:31.553Z;functions.check_movimentacao_bancaria;  CLICK - BACK OFFICE
07-08-2024 11:43:34.271Z;functions.check_movimentacao_bancaria;  CLICK - GESTAO FINANCEIRA
07-08-2024 11:43:34.271Z;functions.movimentacao_bancaria;  AGUARDANDO 1
07-08-2024 11:46:05.637Z;functions.movimentacao_bancaria;  apertou up
07-08-2024 11:46:05.637Z;functions.movimentacao_bancaria;  AGUARDANDO 2
07-08-2024 11:48:38.729Z;functions.movimentacao_bancaria;  apertou up
07-08-2024 11:48:38.729Z;functions.movimentacao_bancaria;  AGUARDANDO 3
07-08-2024 11:51:12.214Z;functions.movimentacao_bancaria;  apertou up
07-08-2024 11:52:12.769Z;functions.waitForImage;  IMAGEM BORDERO image not found.
07-08-2024 11:52:22.941Z;functions.waitForImage;  LICENCAS EXCEDIDAS image not found.
07-08-2024 11:55:24.825Z;functions.waitForImage;  IMAGEM BORDERO image not found.
07-08-2024 11:55:34.957Z;functions.waitForImage;  LICENCAS EXCEDIDAS image not found.
