07-06-2024 00:12:32.744Z;functions.bot_text_art;      ____   
07-06-2024 00:12:32.744Z;functions.bot_text_art;     [____]    
07-06-2024 00:12:32.744Z;functions.bot_text_art;   |=]()()[=|  
07-06-2024 00:12:32.744Z;functions.bot_text_art;     _\==/__    _____    ____     _        _____    ___   _  __
07-06-2024 00:12:32.744Z;functions.bot_text_art;   |__|   |_|  |  _  \  / ___|   | |      |_   _| / ___| | |/ /
07-06-2024 00:12:32.744Z;functions.bot_text_art;   |_|_/\_|_|  | |  | | | |      | |        | |   | |    | ' / 
07-06-2024 00:12:32.744Z;functions.bot_text_art;   | | __ | |  | |  | | | |      | |        | |   | |    |  <  
07-06-2024 00:12:32.744Z;functions.bot_text_art;   |_|[  ]|_|  | |__| | | |____  | |____   _| |_  | |__  | . \ 
07-06-2024 00:12:32.760Z;functions.bot_text_art;   \_|_||_|_/  |_____/   \_____| |______| |_____| \ ___| |_|\_\
07-06-2024 00:12:32.760Z;functions.bot_text_art;     |_||_|                                                     
07-06-2024 00:12:32.760Z;functions.bot_text_art;     | ||_|_   
07-06-2024 00:12:32.760Z;functions.bot_text_art;   |___||___|  
07-06-2024 00:12:32.760Z;functions.bot_text_art;               
07-06-2024 00:12:32.760Z;functions.open_RM;  OPEN PROGRAM RM
07-06-2024 00:12:49.790Z;functions.loggin_RM;  ENTER USER_NAME
07-06-2024 00:12:54.341Z;functions.loggin_RM;  ENTER PASSWORD
07-06-2024 00:12:55.806Z;functions.loggin_RM;  ENTER RM
07-06-2024 00:15:04.900Z;functions.enter_coligada;  CLICK CONTEXTO
07-06-2024 00:15:07.743Z;functions.enter_coligada;  CLICK ALTERAR MODULO DO CONTEXTO
07-06-2024 00:15:11.790Z;functions.enter_coligada;  INSERE O COLIGADA CODE = 1
07-06-2024 00:15:11.905Z;functions.enter_coligada;  APERTA TAB PARA PREENCHER O CAMPO COM A STRING: OCEANICA ENGENHARIA E CONSULTORIA S.A.
07-06-2024 00:15:14.024Z;functions.enter_coligada;  CLICK AVANÇAR NOVAMENTE
07-06-2024 00:15:15.369Z;functions.enter_coligada;  CLICK CONCLUIR
07-06-2024 00:16:35.369Z;functions.enter_coligada;  POP UP COLIGADA DESAPARECER
07-06-2024 00:16:36.368Z;functions.check_movimentacao_bancaria;  CLICK - TOTVS - LINHA RM
07-06-2024 00:16:38.087Z;functions.check_movimentacao_bancaria;  CLICK - BACK OFFICE
07-06-2024 00:16:40.805Z;functions.check_movimentacao_bancaria;  CLICK - GESTAO FINANCEIRA
07-06-2024 00:16:46.868Z;functions.movimentacao_bancaria;  CLICA NA ABA MOVIMENTAÇÃO BANCARIA
07-06-2024 00:16:47.868Z;functions.waitForImage;  IMAGEM BORDERO image found.
07-06-2024 00:16:50.003Z;functions.movimentacao_bancaria;  IMAGEM BORDERO CLICADA.
07-06-2024 00:17:00.352Z;functions.waitForImage;  LICENCAS EXCEDIDAS image not found.
07-06-2024 00:17:01.056Z;functions.movimentacao_bancaria;  ENCONTROU O FILTRO DA MOVIMENTAÇÃO BANCÁRIA
07-06-2024 00:17:01.118Z;functions.movimentacao_bancaria;  CLICA NA ABA SUPERIOR DO FILTRO
07-06-2024 00:17:08.428Z;functions.movimentacao_bancaria;  SELECIONA O FILTRO HOJE
07-06-2024 00:17:13.680Z;functions.waitForImage;  FILTER CLEAN image found.
07-06-2024 00:17:15.814Z;functions.filter_clean;  CLICA NO BOTÃO X DO LIMPA FILTRO
07-06-2024 00:17:16.040Z;functions.waitForImage;  FILTER CLEAN image found.
07-06-2024 00:17:18.157Z;functions.filter_clean;  CLICA NO BOTÃO X DO LIMPA FILTRO
07-06-2024 00:17:33.461Z;functions.waitForImage;  FILTER CLEAN image not found.
07-06-2024 00:18:46.758Z;functions.movimentacao_bancaria;  SEM PROCESSAMENTO DE BORDERO
07-06-2024 00:19:12.055Z;functions.waitForImage;  FILTER CLEAN image not found.
07-06-2024 00:19:27.368Z;functions.waitForImage;  FILTER CLEAN image not found.
07-06-2024 00:19:42.680Z;functions.waitForImage;  FILTER CLEAN image not found.
07-06-2024 00:20:13.945Z;functions.processo_pagamento;  SEM REMESSA DE BORDERO AUTORIZADO
07-06-2024 00:20:15.050Z;functions.processo_pagamento;  FECHA ABA MOVIMENTAÇÕES BANCÁRIAS
07-06-2024 00:20:16.992Z;functions.enter_contas_a_pagar;  CLICK - TOTVS - LINHA RM
07-06-2024 00:20:18.461Z;functions.enter_contas_a_pagar;  CLICK - BACK OFFICE
07-06-2024 00:20:19.399Z;functions.enter_contas_a_pagar;  CLICK - GESTAO FINANCEIRA
07-06-2024 00:20:25.461Z;functions.enter_contas_a_pagar;  CLICK - CONTAS A PAGAR
07-06-2024 00:20:26.399Z;functions.waitForImage;  LANÇAMENTOS image found.
07-06-2024 00:20:28.533Z;functions.enter_contas_a_pagar;  CLICA EM LANÇAMENTOS
07-06-2024 00:20:43.977Z;functions.waitForImage;  LICENCAS EXCEDIDAS image not found.
07-06-2024 00:20:43.977Z;functions.obter_intervalo_data;  VERIFICANDO A HORA ATUAL 0
07-06-2024 00:20:44.008Z;functions.obter_intervalo_data;  Data Inicial BANCARIA antes da remoção: None
07-06-2024 00:20:44.008Z;functions.obter_intervalo_data;  Data Final BANCARIA antes da remoção: None
07-06-2024 00:20:44.008Z;functions.obter_intervalo_data;  Data Inicial BANCARIA após a remoção: None
07-06-2024 00:20:44.008Z;functions.obter_intervalo_data;  Data Final BANCARIA após a remoção: None
07-06-2024 00:20:44.008Z;functions.obter_intervalo_data;  hoje -  2024-06-07 00:20:44.008335
07-06-2024 00:20:44.008Z;functions.data_filter;  DATA INICIO 12-06-2024
07-06-2024 00:20:44.008Z;functions.data_filter;  DATA FIM 18-06-2024
07-06-2024 00:20:44.008Z;functions.data_filter;  CLICK - SELECIONA A DATA DE QUARTA FEIRA E DA PROXIMA TERÇA
07-06-2024 00:20:44.008Z;functions.data_filter;  QUARTA-FEIRA: 12-06-2024
07-06-2024 00:20:44.008Z;functions.data_filter;  TERCA-FEIRA: 18-06-2024
07-06-2024 00:20:53.773Z;functions.data_filter;  CLICK - BOTAO DE SELECAO DE FILTRO
07-06-2024 00:20:58.383Z;functions.data_filter;  INSERE - DATA DE QUARTA-FEIRA: 12-06-2024
07-06-2024 00:21:02.696Z;functions.data_filter;  INSERE - DATA DA PROX TERCA-FEIRA: 18-06-2024
07-06-2024 00:21:03.742Z;functions.data_filter;  CLICK - BOTAO DE EXECUTAR O FILTRO
