20-03-2024 07:00:40.879Z;functions.bot_text_art;      ____   
20-03-2024 07:00:40.879Z;functions.bot_text_art;     [____]    
20-03-2024 07:00:40.879Z;functions.bot_text_art;   |=]()()[=|  
20-03-2024 07:00:40.879Z;functions.bot_text_art;     _\==/__    _____    ____     _        _____    ___   _  __
20-03-2024 07:00:40.879Z;functions.bot_text_art;   |__|   |_|  |  _  \  / ___|   | |      |_   _| / ___| | |/ /
20-03-2024 07:00:40.879Z;functions.bot_text_art;   |_|_/\_|_|  | |  | | | |      | |        | |   | |    | ' / 
20-03-2024 07:00:40.879Z;functions.bot_text_art;   | | __ | |  | |  | | | |      | |        | |   | |    |  <  
20-03-2024 07:00:40.879Z;functions.bot_text_art;   |_|[  ]|_|  | |__| | | |____  | |____   _| |_  | |__  | . \ 
20-03-2024 07:00:40.879Z;functions.bot_text_art;   \_|_||_|_/  |_____/   \_____| |______| |_____| \ ___| |_|\_\
20-03-2024 07:00:40.879Z;functions.bot_text_art;     |_||_|                                                     
20-03-2024 07:00:40.879Z;functions.bot_text_art;     | ||_|_   
20-03-2024 07:00:40.879Z;functions.bot_text_art;   |___||___|  
20-03-2024 07:00:40.879Z;functions.bot_text_art;               
20-03-2024 07:00:40.895Z;functions.open_RM;  OPEN PROGRAM RM
20-03-2024 07:00:53.847Z;functions.loggin_RM;  ENTER USER_NAME
20-03-2024 07:00:57.973Z;functions.loggin_RM;  ENTER PASSWORD
20-03-2024 07:00:59.224Z;functions.loggin_RM;  ENTER RM
20-03-2024 07:01:34.160Z;functions.enter_coligada;  CLICK CONTEXTO
20-03-2024 07:01:39.472Z;functions.enter_coligada;  CLICK ALTERAR MODULO DO CONTEXTO
20-03-2024 07:01:43.449Z;functions.enter_coligada;  INSERE O COLIGADA CODE = 1
20-03-2024 07:01:43.586Z;functions.enter_coligada;  APERTA TAB PARA PREENCHER O CAMPO COM A STRING: OCEANICA ENGENHARIA E CONSULTORIA S.A.
20-03-2024 07:01:44.833Z;functions.enter_coligada;  CLICK AVANÇAR NOVAMENTE
20-03-2024 07:01:46.021Z;functions.enter_coligada;  CLICK CONCLUIR
20-03-2024 07:02:09.801Z;functions.enter_coligada;  POP UP COLIGADA DESAPARECER
20-03-2024 07:02:10.676Z;functions.check_movimentacao_bancaria;  CLICK - TOTVS - LINHA RM
20-03-2024 07:02:12.566Z;functions.check_movimentacao_bancaria;  CLICK - BACK OFFICE
20-03-2024 07:02:15.380Z;functions.check_movimentacao_bancaria;  CLICK - GESTAO FINANCEIRA
20-03-2024 07:02:21.348Z;functions.movimentacao_bancaria;  CLICA NA ABA MOVIMENTAÇÃO BANCARIA
20-03-2024 07:02:22.703Z;functions.waitForImage;  IMAGEM BORDERO image found.
20-03-2024 07:02:24.832Z;functions.movimentacao_bancaria;  IMAGEM BORDERO CLICADA.
20-03-2024 07:02:44.977Z;functions.waitForImage;  LICENCAS EXCEDIDAS image not found.
20-03-2024 07:02:45.660Z;functions.movimentacao_bancaria;  ENCONTROU O FILTRO DA MOVIMENTAÇÃO BANCÁRIA
20-03-2024 07:02:45.710Z;functions.movimentacao_bancaria;  CLICA NA ABA SUPERIOR DO FILTRO
20-03-2024 07:02:48.935Z;functions.movimentacao_bancaria;  SELECIONA O FILTRO HOJE
20-03-2024 07:02:54.286Z;functions.waitForImage;  FILTER CLEAN image found.
20-03-2024 07:02:56.417Z;functions.filter_clean;  CLICA NO BOTÃO X DO LIMPA FILTRO
20-03-2024 07:02:56.814Z;functions.waitForImage;  FILTER CLEAN image found.
20-03-2024 07:02:58.937Z;functions.filter_clean;  CLICA NO BOTÃO X DO LIMPA FILTRO
20-03-2024 07:03:14.621Z;functions.waitForImage;  FILTER CLEAN image not found.
20-03-2024 07:03:16.129Z;functions.movimentacao_bancaria;  CLICA NA PRIMEIRA LINHA DA TABELA MOVIMENTAÇÃO BANCÁRIA
20-03-2024 07:03:17.366Z;functions.movimentacao_bancaria;  12 PASSOS PARA DIREITA NA TABELA >>
20-03-2024 07:03:19.332Z;functions.movimentacao_bancaria;  HOVER FILTER
20-03-2024 07:03:19.807Z;functions.movimentacao_bancaria;  CLICK FILTER
20-03-2024 07:03:24.133Z;functions.movimentacao_bancaria;  CLICA NO FILTRO  STATUS DA REMESSA
20-03-2024 07:03:26.236Z;functions.movimentacao_bancaria;  APERTA TAB PARA ESCREVER O FILTRO
20-03-2024 07:03:28.351Z;functions.movimentacao_bancaria;  ESCREVE PENDENTE NO FILTRO
20-03-2024 07:03:30.454Z;functions.movimentacao_bancaria;  APERTA ENTER PARA SELECIONAR OS PENDENTES
20-03-2024 07:03:53.348Z;functions.movimentacao_bancaria;  SEM PROCESSAMENTO DE BORDERO PENDENTE
20-03-2024 07:04:03.678Z;functions.waitForImage;  FILTER CLEAN image found.
20-03-2024 07:04:05.815Z;functions.filter_clean;  CLICA NO BOTÃO X DO LIMPA FILTRO
20-03-2024 07:04:21.192Z;functions.waitForImage;  FILTER CLEAN image not found.
20-03-2024 07:04:36.633Z;functions.waitForImage;  FILTER CLEAN image not found.
20-03-2024 07:04:38.285Z;functions.processo_pagamento;  CLICA NA PRIMEIRA LINHA DA TABELA MOVIMENTAÇÃO BANCÁRIA
20-03-2024 07:04:40.239Z;functions.processo_pagamento;  HOVER FILTER
20-03-2024 07:04:40.732Z;functions.processo_pagamento;  CLICK FILTER
20-03-2024 07:04:45.066Z;functions.processo_pagamento;  CLICA NO FILTRO  STATUS DA REMESSA
20-03-2024 07:04:47.170Z;functions.processo_pagamento;  APERTA TAB PARA ESCREVER O FILTRO
20-03-2024 07:04:49.282Z;functions.processo_pagamento;  ESCREVE AUTORIZADO NO FILTRO
20-03-2024 07:04:51.384Z;functions.processo_pagamento;  APERTA ENTER PARA SELECIONAR OS AUTORIZADOS
20-03-2024 07:05:14.332Z;functions.processo_pagamento;  SEM REMESSA DE BORDERO AUTORIZADO
20-03-2024 07:05:15.437Z;functions.processo_pagamento;  FECHA ABA MOVIMENTAÇÕES BANCÁRIAS
20-03-2024 07:05:17.160Z;functions.enter_contas_a_pagar;  CLICK - TOTVS - LINHA RM
20-03-2024 07:05:18.880Z;functions.enter_contas_a_pagar;  CLICK - BACK OFFICE
20-03-2024 07:05:19.894Z;functions.enter_contas_a_pagar;  CLICK - GESTAO FINANCEIRA
20-03-2024 07:05:25.769Z;functions.enter_contas_a_pagar;  CLICK - CONTAS A PAGAR
20-03-2024 07:05:26.989Z;functions.waitForImage;  LANÇAMENTOS image found.
20-03-2024 07:05:29.112Z;functions.enter_contas_a_pagar;  CLICA EM LANÇAMENTOS
20-03-2024 07:05:44.808Z;functions.waitForImage;  LICENCAS EXCEDIDAS image not found.
20-03-2024 07:05:44.808Z;functions.obter_intervalo_data;  VERIFICANDO A HORA ATUAL 7
20-03-2024 07:05:44.808Z;functions.obter_intervalo_data;  Data Inicial BANCARIA antes da remoção: None
20-03-2024 07:05:44.808Z;functions.obter_intervalo_data;  Data Final BANCARIA antes da remoção: None
20-03-2024 07:05:44.808Z;functions.obter_intervalo_data;  Data Inicial BANCARIA após a remoção: None
20-03-2024 07:05:44.808Z;functions.obter_intervalo_data;  Data Final BANCARIA após a remoção: None
20-03-2024 07:05:44.808Z;functions.obter_intervalo_data;  hoje -  2024-03-20 07:05:44.808185
20-03-2024 07:05:44.808Z;functions.data_filter;  DATA INICIO 27-03-2024
20-03-2024 07:05:44.808Z;functions.data_filter;  DATA FIM 02-04-2024
20-03-2024 07:05:44.823Z;functions.data_filter;  CLICK - SELECIONA A DATA DE QUARTA FEIRA E DA PROXIMA TERÇA
20-03-2024 07:05:44.823Z;functions.data_filter;  QUARTA-FEIRA: 27-03-2024
20-03-2024 07:05:44.823Z;functions.data_filter;  TERCA-FEIRA: 02-04-2024
20-03-2024 07:05:47.730Z;functions.data_filter;  ESCREVE REMESSA BANCÁRIA NO FILTRO
20-03-2024 07:05:50.582Z;functions.data_filter;  CLICK - BOTAO DE SELECAO DE FILTRO
20-03-2024 07:05:55.504Z;functions.data_filter;  INSERE - DATA DE QUARTA-FEIRA: 27-03-2024
20-03-2024 07:05:59.566Z;functions.data_filter;  INSERE - DATA DA PROX TERCA-FEIRA: 02-04-2024
20-03-2024 07:06:00.520Z;functions.data_filter;  CLICK - BOTAO DE EXECUTAR O FILTRO
20-03-2024 07:10:51.488Z;functions.desmark_filter;  CLICK CHECKBOX LANÇAMENTOS A RECEBER
20-03-2024 07:10:53.332Z;functions.desmark_filter;  CLICK CHECKBOX LANÇAMENTOS BAIXADOS
20-03-2024 07:10:55.425Z;functions.desmark_filter;  CLICK CHECKBOX LANÇAMENTOS CANCELADOS
20-03-2024 07:10:57.598Z;functions.desmark_filter;  CLICK CHECKBOX LANÇAMENTOS FATURADOS
20-03-2024 07:10:59.973Z;functions.desmark_filter;  CLICK CHECKBOX LANÇAMENTOS FATURADOS
20-03-2024 07:11:19.988Z;functions.waitForImage;  FILTER CLEAN image not found.
20-03-2024 07:11:35.753Z;functions.waitForImage;  FILTER CLEAN image not found.
20-03-2024 07:11:51.450Z;functions.waitForImage;  FILTER CLEAN image not found.
20-03-2024 07:11:51.450Z;functions.check_table_record;  VERIFICANDO SE A TABELA ESTÁ VAZIA
20-03-2024 07:11:54.130Z;functions.check_table_record;  Texto extraido 1/758
20-03-2024 07:11:54.130Z;functions.check_table_record;  Count 758
20-03-2024 07:11:54.130Z;functions.check_table_record;  Type <class 'int'>
20-03-2024 07:11:54.130Z;functions.check_table_record;  TABELA CONTÉM REGISTROS
20-03-2024 07:12:05.941Z;functions.select_tipo_documento;  NOME DA COLUNA: Tipo de Documento
20-03-2024 07:12:07.770Z;functions.select_tipo_documento;  HOVER NOME DA COLUNA: Tipo de Documento
20-03-2024 07:12:08.584Z;functions.select_tipo_documento;  CLICA NO FILTRO PERSONALIZAR
20-03-2024 07:12:10.098Z;functions.select_tipo_documento;  CLICA PARA SELECIONAR OPÇÕES DO FILTRO
20-03-2024 07:12:17.441Z;functions.select_tipo_documento;  CLICK BUTTON CONFIRMAR FILTRO
20-03-2024 07:12:22.446Z;functions.filter_IPTE;  VERIFICANDO O COD DO CLIENTE EM CADA REGISTRO
20-03-2024 07:12:24.129Z;functions.filter_IPTE;  CLICA NA PRIMEIRA LINHA DA TABELA
20-03-2024 07:12:47.472Z;functions.filter_IPTE;  HOVER FILTER
20-03-2024 07:12:49.124Z;functions.filter_IPTE;  CLICK FILTER
20-03-2024 07:12:53.458Z;functions.filter_IPTE;  CLICA NO FILTRO PERSONALIZAR
20-03-2024 07:13:02.181Z;functions.check_table_record;  VERIFICANDO SE A TABELA ESTÁ VAZIA
20-03-2024 07:13:04.491Z;functions.check_table_record;  Texto extraido 1/176
20-03-2024 07:13:04.491Z;functions.check_table_record;  Count 176
20-03-2024 07:13:04.491Z;functions.check_table_record;  Type <class 'int'>
20-03-2024 07:13:04.491Z;functions.check_table_record;  TABELA CONTÉM REGISTROS
20-03-2024 07:13:04.491Z;functions.check_payment_type;  VERIFICANDO O COD DO CLIENTE EM CADA REGISTRO
20-03-2024 07:13:05.894Z;functions.check_payment_type;  CLICA NA PRIMEIRA LINHA DA TABELA
20-03-2024 07:13:14.003Z;functions.check_payment_type;  REF. LANÇAMENTO: 931279
20-03-2024 07:13:14.110Z;functions.check_payment_type;  ENTRANDO NO REGISTRO
20-03-2024 07:13:34.695Z;functions.waitForImage;  INTEGRAÇÃO BANCÁRIA image found.
20-03-2024 07:13:36.815Z;functions.check_payment_type;  CLICA EM INTEGRAÇÃO BANCÁRIA
20-03-2024 07:13:36.815Z;functions.check_payment_type;  VERIFICANDO INFORMAÇÕES
20-03-2024 07:13:40.176Z;functions.waitForImage;  DADOS BANCARIOS image found.
20-03-2024 07:13:40.311Z;functions.check_payment_type;  DADOS BANCARIOS
20-03-2024 07:13:42.311Z;functions.check_payment_type;  ENTROU DADOS BANCÁRIOS
20-03-2024 07:13:42.415Z;functions.check_payment_type;  APERTA TAB
20-03-2024 07:13:44.519Z;functions.check_payment_type;  CTRL C
20-03-2024 07:14:03.208Z;functions.waitForImage;  FORMA DE PAGAMENTO image not found.
20-03-2024 07:14:03.208Z;functions.check_payment_type;  FORMA DE PAGAMENTO NÃO É BOLETO
20-03-2024 07:14:22.503Z;functions.waitForImage;  PRESS BUTTON OK image found.
20-03-2024 07:14:24.642Z;functions.click_ok;  PRESS BUTTON OK
20-03-2024 07:14:26.987Z;functions.waitForImage;  PRESS BUTTON OK image found.
20-03-2024 07:14:29.117Z;functions.click_ok;  PRESS BUTTON OK
20-03-2024 07:14:33.221Z;functions.check_payment_type;  PASSANDO PARA PRÓXIMO REGISTRO
20-03-2024 07:14:43.327Z;functions.check_payment_type;  REF. LANÇAMENTO: 930805
20-03-2024 07:14:43.432Z;functions.check_payment_type;  ENTRANDO NO REGISTRO
20-03-2024 07:14:51.082Z;functions.waitForImage;  INTEGRAÇÃO BANCÁRIA image found.
20-03-2024 07:14:53.200Z;functions.check_payment_type;  CLICA EM INTEGRAÇÃO BANCÁRIA
20-03-2024 07:14:53.200Z;functions.check_payment_type;  VERIFICANDO INFORMAÇÕES
20-03-2024 07:14:56.546Z;functions.waitForImage;  DADOS BANCARIOS image found.
20-03-2024 07:14:56.679Z;functions.check_payment_type;  DADOS BANCARIOS
20-03-2024 07:14:58.680Z;functions.check_payment_type;  ENTROU DADOS BANCÁRIOS
20-03-2024 07:14:58.782Z;functions.check_payment_type;  APERTA TAB
20-03-2024 07:15:00.886Z;functions.check_payment_type;  CTRL C
20-03-2024 07:15:01.887Z;functions.check_payment_type;  DESCRICAO CORRETA BOLETO
20-03-2024 07:15:02.254Z;functions.waitForImage;  FORMA DE PAGAMENTO image found.
20-03-2024 07:15:04.270Z;functions.check_payment_type;  FORMA DE PAGAMENTO: TITULO DE COBRANÇA (BOLETO)
20-03-2024 07:15:06.630Z;functions.waitForImage;  PRESS BUTTON OK image found.
20-03-2024 07:15:08.753Z;functions.click_ok;  PRESS BUTTON OK
20-03-2024 07:15:11.113Z;functions.waitForImage;  PRESS BUTTON OK image found.
20-03-2024 07:15:13.243Z;functions.click_ok;  PRESS BUTTON OK
20-03-2024 07:15:17.347Z;functions.check_payment_type;  PASSANDO PARA PRÓXIMO REGISTRO
20-03-2024 07:15:27.454Z;functions.check_payment_type;  REF. LANÇAMENTO: 930816
20-03-2024 07:15:27.560Z;functions.check_payment_type;  ENTRANDO NO REGISTRO
20-03-2024 07:15:35.191Z;functions.waitForImage;  INTEGRAÇÃO BANCÁRIA image found.
20-03-2024 07:15:37.316Z;functions.check_payment_type;  CLICA EM INTEGRAÇÃO BANCÁRIA
20-03-2024 07:15:37.316Z;functions.check_payment_type;  VERIFICANDO INFORMAÇÕES
20-03-2024 07:15:40.662Z;functions.waitForImage;  DADOS BANCARIOS image found.
20-03-2024 07:15:40.797Z;functions.check_payment_type;  DADOS BANCARIOS
20-03-2024 07:15:42.798Z;functions.check_payment_type;  ENTROU DADOS BANCÁRIOS
20-03-2024 07:15:42.900Z;functions.check_payment_type;  APERTA TAB
20-03-2024 07:15:45.005Z;functions.check_payment_type;  CTRL C
20-03-2024 07:15:46.006Z;functions.check_payment_type;  DESCRICAO CORRETA BOLETO
20-03-2024 07:15:46.394Z;functions.waitForImage;  FORMA DE PAGAMENTO image found.
20-03-2024 07:15:48.407Z;functions.check_payment_type;  FORMA DE PAGAMENTO: TITULO DE COBRANÇA (BOLETO)
20-03-2024 07:15:50.768Z;functions.waitForImage;  PRESS BUTTON OK image found.
20-03-2024 07:15:52.888Z;functions.click_ok;  PRESS BUTTON OK
20-03-2024 07:15:55.254Z;functions.waitForImage;  PRESS BUTTON OK image found.
20-03-2024 07:15:57.385Z;functions.click_ok;  PRESS BUTTON OK
20-03-2024 07:16:01.491Z;functions.check_payment_type;  PASSANDO PARA PRÓXIMO REGISTRO
20-03-2024 07:16:11.596Z;functions.check_payment_type;  REF. LANÇAMENTO: 911393
20-03-2024 07:16:11.701Z;functions.check_payment_type;  ENTRANDO NO REGISTRO
20-03-2024 07:16:21.317Z;functions.waitForImage;  INTEGRAÇÃO BANCÁRIA image found.
20-03-2024 07:16:23.437Z;functions.check_payment_type;  CLICA EM INTEGRAÇÃO BANCÁRIA
20-03-2024 07:16:23.437Z;functions.check_payment_type;  VERIFICANDO INFORMAÇÕES
20-03-2024 07:16:26.766Z;functions.waitForImage;  DADOS BANCARIOS image found.
20-03-2024 07:16:26.884Z;functions.check_payment_type;  DADOS BANCARIOS
20-03-2024 07:16:28.886Z;functions.check_payment_type;  ENTROU DADOS BANCÁRIOS
20-03-2024 07:16:28.991Z;functions.check_payment_type;  APERTA TAB
20-03-2024 07:16:31.095Z;functions.check_payment_type;  CTRL C
20-03-2024 07:16:32.097Z;functions.check_payment_type;  DESCRICAO CORRETA BOLETO
20-03-2024 07:16:32.472Z;functions.waitForImage;  FORMA DE PAGAMENTO image found.
20-03-2024 07:16:34.477Z;functions.check_payment_type;  FORMA DE PAGAMENTO: TITULO DE COBRANÇA (BOLETO)
20-03-2024 07:16:36.837Z;functions.waitForImage;  PRESS BUTTON OK image found.
20-03-2024 07:16:38.962Z;functions.click_ok;  PRESS BUTTON OK
20-03-2024 07:16:41.347Z;functions.waitForImage;  PRESS BUTTON OK image found.
20-03-2024 07:16:43.469Z;functions.click_ok;  PRESS BUTTON OK
20-03-2024 07:16:47.573Z;functions.check_payment_type;  PASSANDO PARA PRÓXIMO REGISTRO
20-03-2024 07:16:57.683Z;functions.check_payment_type;  REF. LANÇAMENTO: 930535
20-03-2024 07:16:57.788Z;functions.check_payment_type;  ENTRANDO NO REGISTRO
20-03-2024 07:17:05.721Z;functions.waitForImage;  INTEGRAÇÃO BANCÁRIA image found.
20-03-2024 07:17:07.850Z;functions.check_payment_type;  CLICA EM INTEGRAÇÃO BANCÁRIA
20-03-2024 07:17:07.850Z;functions.check_payment_type;  VERIFICANDO INFORMAÇÕES
20-03-2024 07:17:11.208Z;functions.waitForImage;  DADOS BANCARIOS image found.
20-03-2024 07:17:11.327Z;functions.check_payment_type;  DADOS BANCARIOS
20-03-2024 07:17:13.328Z;functions.check_payment_type;  ENTROU DADOS BANCÁRIOS
20-03-2024 07:17:13.431Z;functions.check_payment_type;  APERTA TAB
20-03-2024 07:17:15.535Z;functions.check_payment_type;  CTRL C
20-03-2024 07:17:16.536Z;functions.check_payment_type;  DESCRICAO CORRETA BOLETO
20-03-2024 07:17:16.895Z;functions.waitForImage;  FORMA DE PAGAMENTO image found.
20-03-2024 07:17:18.912Z;functions.check_payment_type;  FORMA DE PAGAMENTO: TITULO DE COBRANÇA (BOLETO)
20-03-2024 07:17:21.271Z;functions.waitForImage;  PRESS BUTTON OK image found.
20-03-2024 07:17:23.399Z;functions.click_ok;  PRESS BUTTON OK
20-03-2024 07:17:25.747Z;functions.waitForImage;  PRESS BUTTON OK image found.
20-03-2024 07:17:27.877Z;functions.click_ok;  PRESS BUTTON OK
20-03-2024 07:17:31.981Z;functions.check_payment_type;  PASSANDO PARA PRÓXIMO REGISTRO
20-03-2024 07:17:42.085Z;functions.check_payment_type;  REF. LANÇAMENTO: 929423
20-03-2024 07:17:42.190Z;functions.check_payment_type;  ENTRANDO NO REGISTRO
20-03-2024 07:17:49.677Z;functions.waitForImage;  INTEGRAÇÃO BANCÁRIA image found.
20-03-2024 07:17:51.808Z;functions.check_payment_type;  CLICA EM INTEGRAÇÃO BANCÁRIA
20-03-2024 07:17:51.808Z;functions.check_payment_type;  VERIFICANDO INFORMAÇÕES
20-03-2024 07:17:55.175Z;functions.waitForImage;  DADOS BANCARIOS image found.
20-03-2024 07:17:55.308Z;functions.check_payment_type;  DADOS BANCARIOS
20-03-2024 07:17:57.309Z;functions.check_payment_type;  ENTROU DADOS BANCÁRIOS
20-03-2024 07:17:57.412Z;functions.check_payment_type;  APERTA TAB
20-03-2024 07:17:59.516Z;functions.check_payment_type;  CTRL C
20-03-2024 07:18:00.517Z;functions.check_payment_type;  DESCRICAO CORRETA BOLETO
20-03-2024 07:18:00.861Z;functions.waitForImage;  FORMA DE PAGAMENTO image found.
20-03-2024 07:18:02.870Z;functions.check_payment_type;  FORMA DE PAGAMENTO: TITULO DE COBRANÇA (BOLETO)
20-03-2024 07:18:05.223Z;functions.waitForImage;  PRESS BUTTON OK image found.
20-03-2024 07:18:07.351Z;functions.click_ok;  PRESS BUTTON OK
20-03-2024 07:18:09.695Z;functions.waitForImage;  PRESS BUTTON OK image found.
20-03-2024 07:18:11.821Z;functions.click_ok;  PRESS BUTTON OK
20-03-2024 07:18:15.925Z;functions.check_payment_type;  PASSANDO PARA PRÓXIMO REGISTRO
20-03-2024 07:18:26.030Z;functions.check_payment_type;  REF. LANÇAMENTO: 928296
20-03-2024 07:18:26.135Z;functions.check_payment_type;  ENTRANDO NO REGISTRO
20-03-2024 07:18:33.721Z;functions.waitForImage;  INTEGRAÇÃO BANCÁRIA image found.
20-03-2024 07:18:35.848Z;functions.check_payment_type;  CLICA EM INTEGRAÇÃO BANCÁRIA
20-03-2024 07:18:35.848Z;functions.check_payment_type;  VERIFICANDO INFORMAÇÕES
20-03-2024 07:18:39.160Z;functions.waitForImage;  DADOS BANCARIOS image found.
20-03-2024 07:18:39.277Z;functions.check_payment_type;  DADOS BANCARIOS
20-03-2024 07:18:41.278Z;functions.check_payment_type;  ENTROU DADOS BANCÁRIOS
20-03-2024 07:18:41.382Z;functions.check_payment_type;  APERTA TAB
20-03-2024 07:18:43.486Z;functions.check_payment_type;  CTRL C
20-03-2024 07:18:44.487Z;functions.check_payment_type;  DESCRICAO CORRETA BOLETO
20-03-2024 07:18:44.863Z;functions.waitForImage;  FORMA DE PAGAMENTO image found.
20-03-2024 07:18:46.864Z;functions.check_payment_type;  FORMA DE PAGAMENTO: TITULO DE COBRANÇA (BOLETO)
20-03-2024 07:18:49.192Z;functions.waitForImage;  PRESS BUTTON OK image found.
20-03-2024 07:18:51.314Z;functions.click_ok;  PRESS BUTTON OK
20-03-2024 07:18:53.670Z;functions.waitForImage;  PRESS BUTTON OK image found.
20-03-2024 07:18:55.804Z;functions.click_ok;  PRESS BUTTON OK
20-03-2024 07:18:59.907Z;functions.check_payment_type;  PASSANDO PARA PRÓXIMO REGISTRO
20-03-2024 07:19:10.012Z;functions.check_payment_type;  REF. LANÇAMENTO: 929376
20-03-2024 07:19:10.118Z;functions.check_payment_type;  ENTRANDO NO REGISTRO
20-03-2024 07:19:17.632Z;functions.waitForImage;  INTEGRAÇÃO BANCÁRIA image found.
20-03-2024 07:19:19.771Z;functions.check_payment_type;  CLICA EM INTEGRAÇÃO BANCÁRIA
20-03-2024 07:19:19.771Z;functions.check_payment_type;  VERIFICANDO INFORMAÇÕES
20-03-2024 07:19:23.113Z;functions.waitForImage;  DADOS BANCARIOS image found.
20-03-2024 07:19:23.246Z;functions.check_payment_type;  DADOS BANCARIOS
20-03-2024 07:19:25.247Z;functions.check_payment_type;  ENTROU DADOS BANCÁRIOS
20-03-2024 07:19:25.352Z;functions.check_payment_type;  APERTA TAB
20-03-2024 07:19:27.457Z;functions.check_payment_type;  CTRL C
20-03-2024 07:19:28.458Z;functions.check_payment_type;  DESCRICAO CORRETA BOLETO
20-03-2024 07:19:28.833Z;functions.waitForImage;  FORMA DE PAGAMENTO image found.
20-03-2024 07:19:30.835Z;functions.check_payment_type;  FORMA DE PAGAMENTO: TITULO DE COBRANÇA (BOLETO)
20-03-2024 07:19:33.175Z;functions.waitForImage;  PRESS BUTTON OK image found.
20-03-2024 07:19:35.306Z;functions.click_ok;  PRESS BUTTON OK
20-03-2024 07:19:37.660Z;functions.waitForImage;  PRESS BUTTON OK image found.
20-03-2024 07:19:39.821Z;functions.click_ok;  PRESS BUTTON OK
20-03-2024 07:19:43.926Z;functions.check_payment_type;  PASSANDO PARA PRÓXIMO REGISTRO
20-03-2024 07:19:54.031Z;functions.check_payment_type;  REF. LANÇAMENTO: 930067
20-03-2024 07:19:54.136Z;functions.check_payment_type;  ENTRANDO NO REGISTRO
20-03-2024 07:20:00.751Z;functions.waitForImage;  INTEGRAÇÃO BANCÁRIA image found.
20-03-2024 07:20:02.886Z;functions.check_payment_type;  CLICA EM INTEGRAÇÃO BANCÁRIA
20-03-2024 07:20:02.886Z;functions.check_payment_type;  VERIFICANDO INFORMAÇÕES
20-03-2024 07:20:06.222Z;functions.waitForImage;  DADOS BANCARIOS image found.
20-03-2024 07:20:06.356Z;functions.check_payment_type;  DADOS BANCARIOS
20-03-2024 07:20:08.357Z;functions.check_payment_type;  ENTROU DADOS BANCÁRIOS
20-03-2024 07:20:08.460Z;functions.check_payment_type;  APERTA TAB
20-03-2024 07:20:10.564Z;functions.check_payment_type;  CTRL C
20-03-2024 07:20:11.565Z;functions.check_payment_type;  DESCRICAO CORRETA BOLETO
20-03-2024 07:20:11.924Z;functions.waitForImage;  FORMA DE PAGAMENTO image found.
20-03-2024 07:20:13.939Z;functions.check_payment_type;  FORMA DE PAGAMENTO: TITULO DE COBRANÇA (BOLETO)
20-03-2024 07:20:16.285Z;functions.waitForImage;  PRESS BUTTON OK image found.
20-03-2024 07:20:18.408Z;functions.click_ok;  PRESS BUTTON OK
20-03-2024 07:20:20.758Z;functions.waitForImage;  PRESS BUTTON OK image found.
20-03-2024 07:20:22.889Z;functions.click_ok;  PRESS BUTTON OK
20-03-2024 07:20:26.994Z;functions.check_payment_type;  PASSANDO PARA PRÓXIMO REGISTRO
20-03-2024 07:20:37.100Z;functions.check_payment_type;  REF. LANÇAMENTO: 929402
20-03-2024 07:20:37.205Z;functions.check_payment_type;  ENTRANDO NO REGISTRO
20-03-2024 07:20:44.871Z;functions.waitForImage;  INTEGRAÇÃO BANCÁRIA image found.
20-03-2024 07:20:46.990Z;functions.check_payment_type;  CLICA EM INTEGRAÇÃO BANCÁRIA
20-03-2024 07:20:46.990Z;functions.check_payment_type;  VERIFICANDO INFORMAÇÕES
20-03-2024 07:20:50.331Z;functions.waitForImage;  DADOS BANCARIOS image found.
20-03-2024 07:20:50.450Z;functions.check_payment_type;  DADOS BANCARIOS
20-03-2024 07:20:52.451Z;functions.check_payment_type;  ENTROU DADOS BANCÁRIOS
20-03-2024 07:20:52.556Z;functions.check_payment_type;  APERTA TAB
20-03-2024 07:20:54.675Z;functions.check_payment_type;  CTRL C
20-03-2024 07:20:55.675Z;functions.check_payment_type;  DESCRICAO CORRETA BOLETO
20-03-2024 07:20:56.063Z;functions.waitForImage;  FORMA DE PAGAMENTO image found.
20-03-2024 07:20:58.063Z;functions.check_payment_type;  FORMA DE PAGAMENTO: TITULO DE COBRANÇA (BOLETO)
20-03-2024 07:21:00.427Z;functions.waitForImage;  PRESS BUTTON OK image found.
20-03-2024 07:21:02.545Z;functions.click_ok;  PRESS BUTTON OK
20-03-2024 07:21:04.913Z;functions.waitForImage;  PRESS BUTTON OK image found.
20-03-2024 07:21:07.038Z;functions.click_ok;  PRESS BUTTON OK
20-03-2024 07:21:11.144Z;functions.check_payment_type;  PASSANDO PARA PRÓXIMO REGISTRO
20-03-2024 07:21:21.249Z;functions.check_payment_type;  REF. LANÇAMENTO: 925942
20-03-2024 07:21:21.355Z;functions.check_payment_type;  ENTRANDO NO REGISTRO
20-03-2024 07:21:28.982Z;functions.waitForImage;  INTEGRAÇÃO BANCÁRIA image found.
20-03-2024 07:21:31.117Z;functions.check_payment_type;  CLICA EM INTEGRAÇÃO BANCÁRIA
20-03-2024 07:21:31.117Z;functions.check_payment_type;  VERIFICANDO INFORMAÇÕES
20-03-2024 07:21:34.447Z;functions.waitForImage;  DADOS BANCARIOS image found.
20-03-2024 07:21:34.580Z;functions.check_payment_type;  DADOS BANCARIOS
20-03-2024 07:21:36.582Z;functions.check_payment_type;  ENTROU DADOS BANCÁRIOS
20-03-2024 07:21:36.684Z;functions.check_payment_type;  APERTA TAB
20-03-2024 07:21:38.789Z;functions.check_payment_type;  CTRL C
20-03-2024 07:21:39.790Z;functions.check_payment_type;  DESCRICAO CORRETA BOLETO
20-03-2024 07:21:40.160Z;functions.waitForImage;  FORMA DE PAGAMENTO image found.
20-03-2024 07:21:42.176Z;functions.check_payment_type;  FORMA DE PAGAMENTO: TITULO DE COBRANÇA (BOLETO)
20-03-2024 07:21:44.523Z;functions.waitForImage;  PRESS BUTTON OK image found.
20-03-2024 07:21:46.651Z;functions.click_ok;  PRESS BUTTON OK
20-03-2024 07:21:48.998Z;functions.waitForImage;  PRESS BUTTON OK image found.
20-03-2024 07:21:51.125Z;functions.click_ok;  PRESS BUTTON OK
20-03-2024 07:21:55.230Z;functions.check_payment_type;  PASSANDO PARA PRÓXIMO REGISTRO
20-03-2024 07:22:05.335Z;functions.check_payment_type;  REF. LANÇAMENTO: 929367
20-03-2024 07:22:05.440Z;functions.check_payment_type;  ENTRANDO NO REGISTRO
20-03-2024 07:22:13.007Z;functions.waitForImage;  INTEGRAÇÃO BANCÁRIA image found.
20-03-2024 07:22:15.125Z;functions.check_payment_type;  CLICA EM INTEGRAÇÃO BANCÁRIA
20-03-2024 07:22:15.125Z;functions.check_payment_type;  VERIFICANDO INFORMAÇÕES
20-03-2024 07:22:18.455Z;functions.waitForImage;  DADOS BANCARIOS image found.
20-03-2024 07:22:18.574Z;functions.check_payment_type;  DADOS BANCARIOS
20-03-2024 07:22:20.576Z;functions.check_payment_type;  ENTROU DADOS BANCÁRIOS
20-03-2024 07:22:20.679Z;functions.check_payment_type;  APERTA TAB
20-03-2024 07:22:22.783Z;functions.check_payment_type;  CTRL C
20-03-2024 07:22:23.784Z;functions.check_payment_type;  DESCRICAO CORRETA BOLETO
20-03-2024 07:22:24.159Z;functions.waitForImage;  FORMA DE PAGAMENTO image found.
20-03-2024 07:22:26.166Z;functions.check_payment_type;  FORMA DE PAGAMENTO: TITULO DE COBRANÇA (BOLETO)
20-03-2024 07:22:28.511Z;functions.waitForImage;  PRESS BUTTON OK image found.
20-03-2024 07:22:30.629Z;functions.click_ok;  PRESS BUTTON OK
20-03-2024 07:22:32.979Z;functions.waitForImage;  PRESS BUTTON OK image found.
20-03-2024 07:22:35.101Z;functions.click_ok;  PRESS BUTTON OK
20-03-2024 07:22:39.204Z;functions.check_payment_type;  PASSANDO PARA PRÓXIMO REGISTRO
20-03-2024 07:22:49.310Z;functions.check_payment_type;  REF. LANÇAMENTO: 928312
20-03-2024 07:22:49.415Z;functions.check_payment_type;  ENTRANDO NO REGISTRO
20-03-2024 07:22:56.060Z;functions.waitForImage;  INTEGRAÇÃO BANCÁRIA image found.
20-03-2024 07:22:58.182Z;functions.check_payment_type;  CLICA EM INTEGRAÇÃO BANCÁRIA
20-03-2024 07:22:58.182Z;functions.check_payment_type;  VERIFICANDO INFORMAÇÕES
20-03-2024 07:23:01.511Z;functions.waitForImage;  DADOS BANCARIOS image found.
20-03-2024 07:23:01.644Z;functions.check_payment_type;  DADOS BANCARIOS
20-03-2024 07:23:03.645Z;functions.check_payment_type;  ENTROU DADOS BANCÁRIOS
20-03-2024 07:23:03.750Z;functions.check_payment_type;  APERTA TAB
20-03-2024 07:23:05.855Z;functions.check_payment_type;  CTRL C
20-03-2024 07:23:06.855Z;functions.check_payment_type;  DESCRICAO CORRETA BOLETO
20-03-2024 07:23:07.222Z;functions.waitForImage;  FORMA DE PAGAMENTO image found.
20-03-2024 07:23:09.231Z;functions.check_payment_type;  FORMA DE PAGAMENTO: TITULO DE COBRANÇA (BOLETO)
20-03-2024 07:23:11.575Z;functions.waitForImage;  PRESS BUTTON OK image found.
20-03-2024 07:23:13.703Z;functions.click_ok;  PRESS BUTTON OK
20-03-2024 07:23:16.054Z;functions.waitForImage;  PRESS BUTTON OK image found.
20-03-2024 07:23:18.184Z;functions.click_ok;  PRESS BUTTON OK
20-03-2024 07:23:22.287Z;functions.check_payment_type;  PASSANDO PARA PRÓXIMO REGISTRO
20-03-2024 07:23:32.392Z;functions.check_payment_type;  REF. LANÇAMENTO: 930524
20-03-2024 07:23:32.499Z;functions.check_payment_type;  ENTRANDO NO REGISTRO
20-03-2024 07:23:40.192Z;functions.waitForImage;  INTEGRAÇÃO BANCÁRIA image found.
20-03-2024 07:23:42.324Z;functions.check_payment_type;  CLICA EM INTEGRAÇÃO BANCÁRIA
20-03-2024 07:23:42.324Z;functions.check_payment_type;  VERIFICANDO INFORMAÇÕES
20-03-2024 07:23:45.654Z;functions.waitForImage;  DADOS BANCARIOS image found.
20-03-2024 07:23:45.771Z;functions.check_payment_type;  DADOS BANCARIOS
20-03-2024 07:23:47.771Z;functions.check_payment_type;  ENTROU DADOS BANCÁRIOS
20-03-2024 07:23:47.874Z;functions.check_payment_type;  APERTA TAB
20-03-2024 07:23:49.978Z;functions.check_payment_type;  CTRL C
20-03-2024 07:23:50.979Z;functions.check_payment_type;  DESCRICAO CORRETA BOLETO
20-03-2024 07:23:51.347Z;functions.waitForImage;  FORMA DE PAGAMENTO image found.
20-03-2024 07:23:53.359Z;functions.check_payment_type;  FORMA DE PAGAMENTO: TITULO DE COBRANÇA (BOLETO)
20-03-2024 07:23:55.703Z;functions.waitForImage;  PRESS BUTTON OK image found.
20-03-2024 07:23:57.844Z;functions.click_ok;  PRESS BUTTON OK
20-03-2024 07:24:00.206Z;functions.waitForImage;  PRESS BUTTON OK image found.
20-03-2024 07:24:02.334Z;functions.click_ok;  PRESS BUTTON OK
20-03-2024 07:24:06.438Z;functions.check_payment_type;  PASSANDO PARA PRÓXIMO REGISTRO
20-03-2024 07:24:16.543Z;functions.check_payment_type;  REF. LANÇAMENTO: 930048
20-03-2024 07:24:16.649Z;functions.check_payment_type;  ENTRANDO NO REGISTRO
20-03-2024 07:24:23.473Z;functions.waitForImage;  INTEGRAÇÃO BANCÁRIA image found.
20-03-2024 07:24:25.607Z;functions.check_payment_type;  CLICA EM INTEGRAÇÃO BANCÁRIA
20-03-2024 07:24:25.607Z;functions.check_payment_type;  VERIFICANDO INFORMAÇÕES
20-03-2024 07:24:28.950Z;functions.waitForImage;  DADOS BANCARIOS image found.
20-03-2024 07:24:29.071Z;functions.check_payment_type;  DADOS BANCARIOS
20-03-2024 07:24:31.072Z;functions.check_payment_type;  ENTROU DADOS BANCÁRIOS
20-03-2024 07:24:31.174Z;functions.check_payment_type;  APERTA TAB
20-03-2024 07:24:33.279Z;functions.check_payment_type;  CTRL C
20-03-2024 07:24:34.279Z;functions.check_payment_type;  DESCRICAO CORRETA BOLETO
20-03-2024 07:24:34.696Z;functions.waitForImage;  FORMA DE PAGAMENTO image found.
20-03-2024 07:24:36.706Z;functions.check_payment_type;  FORMA DE PAGAMENTO: TITULO DE COBRANÇA (BOLETO)
20-03-2024 07:24:39.076Z;functions.waitForImage;  PRESS BUTTON OK image found.
20-03-2024 07:24:41.182Z;functions.click_ok;  PRESS BUTTON OK
20-03-2024 07:24:43.544Z;functions.waitForImage;  PRESS BUTTON OK image found.
20-03-2024 07:24:45.674Z;functions.click_ok;  PRESS BUTTON OK
20-03-2024 07:24:49.779Z;functions.check_payment_type;  PASSANDO PARA PRÓXIMO REGISTRO
20-03-2024 07:24:59.884Z;functions.check_payment_type;  REF. LANÇAMENTO: 930058
20-03-2024 07:24:59.990Z;functions.check_payment_type;  ENTRANDO NO REGISTRO
20-03-2024 07:25:07.763Z;functions.waitForImage;  INTEGRAÇÃO BANCÁRIA image found.
20-03-2024 07:25:09.919Z;functions.check_payment_type;  CLICA EM INTEGRAÇÃO BANCÁRIA
20-03-2024 07:25:09.919Z;functions.check_payment_type;  VERIFICANDO INFORMAÇÕES
20-03-2024 07:25:13.254Z;functions.waitForImage;  DADOS BANCARIOS image found.
20-03-2024 07:25:13.387Z;functions.check_payment_type;  DADOS BANCARIOS
20-03-2024 07:25:15.388Z;functions.check_payment_type;  ENTROU DADOS BANCÁRIOS
20-03-2024 07:25:15.489Z;functions.check_payment_type;  APERTA TAB
20-03-2024 07:25:17.594Z;functions.check_payment_type;  CTRL C
20-03-2024 07:25:18.595Z;functions.check_payment_type;  DESCRICAO CORRETA BOLETO
20-03-2024 07:25:18.985Z;functions.waitForImage;  FORMA DE PAGAMENTO image found.
20-03-2024 07:25:20.997Z;functions.check_payment_type;  FORMA DE PAGAMENTO: TITULO DE COBRANÇA (BOLETO)
20-03-2024 07:25:23.347Z;functions.waitForImage;  PRESS BUTTON OK image found.
20-03-2024 07:25:25.472Z;functions.click_ok;  PRESS BUTTON OK
20-03-2024 07:25:27.837Z;functions.waitForImage;  PRESS BUTTON OK image found.
20-03-2024 07:25:29.949Z;functions.click_ok;  PRESS BUTTON OK
20-03-2024 07:25:34.053Z;functions.check_payment_type;  PASSANDO PARA PRÓXIMO REGISTRO
20-03-2024 07:25:44.159Z;functions.check_payment_type;  REF. LANÇAMENTO: 929371
20-03-2024 07:25:44.264Z;functions.check_payment_type;  ENTRANDO NO REGISTRO
20-03-2024 07:25:50.888Z;functions.waitForImage;  INTEGRAÇÃO BANCÁRIA image found.
20-03-2024 07:25:53.022Z;functions.check_payment_type;  CLICA EM INTEGRAÇÃO BANCÁRIA
20-03-2024 07:25:53.022Z;functions.check_payment_type;  VERIFICANDO INFORMAÇÕES
20-03-2024 07:25:56.379Z;functions.waitForImage;  DADOS BANCARIOS image found.
20-03-2024 07:25:56.515Z;functions.check_payment_type;  DADOS BANCARIOS
20-03-2024 07:25:58.516Z;functions.check_payment_type;  ENTROU DADOS BANCÁRIOS
20-03-2024 07:25:58.619Z;functions.check_payment_type;  APERTA TAB
20-03-2024 07:26:00.723Z;functions.check_payment_type;  CTRL C
20-03-2024 07:26:01.724Z;functions.check_payment_type;  DESCRICAO CORRETA BOLETO
20-03-2024 07:26:02.112Z;functions.waitForImage;  FORMA DE PAGAMENTO image found.
20-03-2024 07:26:04.117Z;functions.check_payment_type;  FORMA DE PAGAMENTO: TITULO DE COBRANÇA (BOLETO)
20-03-2024 07:26:06.462Z;functions.waitForImage;  PRESS BUTTON OK image found.
20-03-2024 07:26:08.589Z;functions.click_ok;  PRESS BUTTON OK
20-03-2024 07:26:10.938Z;functions.waitForImage;  PRESS BUTTON OK image found.
20-03-2024 07:26:13.068Z;functions.click_ok;  PRESS BUTTON OK
20-03-2024 07:26:17.171Z;functions.check_payment_type;  PASSANDO PARA PRÓXIMO REGISTRO
20-03-2024 07:26:27.278Z;functions.check_payment_type;  REF. LANÇAMENTO: 927669
20-03-2024 07:26:27.384Z;functions.check_payment_type;  ENTRANDO NO REGISTRO
20-03-2024 07:26:34.910Z;functions.waitForImage;  INTEGRAÇÃO BANCÁRIA image found.
20-03-2024 07:26:37.030Z;functions.check_payment_type;  CLICA EM INTEGRAÇÃO BANCÁRIA
20-03-2024 07:26:37.030Z;functions.check_payment_type;  VERIFICANDO INFORMAÇÕES
20-03-2024 07:26:40.363Z;functions.waitForImage;  DADOS BANCARIOS image found.
20-03-2024 07:26:40.480Z;functions.check_payment_type;  DADOS BANCARIOS
20-03-2024 07:26:42.491Z;functions.check_payment_type;  ENTROU DADOS BANCÁRIOS
20-03-2024 07:26:42.594Z;functions.check_payment_type;  APERTA TAB
20-03-2024 07:26:44.699Z;functions.check_payment_type;  CTRL C
20-03-2024 07:26:45.700Z;functions.check_payment_type;  DESCRICAO CORRETA BOLETO
20-03-2024 07:26:46.066Z;functions.waitForImage;  FORMA DE PAGAMENTO image found.
20-03-2024 07:26:48.075Z;functions.check_payment_type;  FORMA DE PAGAMENTO: TITULO DE COBRANÇA (BOLETO)
20-03-2024 07:26:50.425Z;functions.waitForImage;  PRESS BUTTON OK image found.
20-03-2024 07:26:52.553Z;functions.click_ok;  PRESS BUTTON OK
20-03-2024 07:26:54.926Z;functions.waitForImage;  PRESS BUTTON OK image found.
20-03-2024 07:26:57.046Z;functions.click_ok;  PRESS BUTTON OK
20-03-2024 07:27:01.149Z;functions.check_payment_type;  PASSANDO PARA PRÓXIMO REGISTRO
20-03-2024 07:27:11.254Z;functions.check_payment_type;  REF. LANÇAMENTO: 929470
20-03-2024 07:27:11.361Z;functions.check_payment_type;  ENTRANDO NO REGISTRO
20-03-2024 07:27:18.904Z;functions.waitForImage;  INTEGRAÇÃO BANCÁRIA image found.
20-03-2024 07:27:21.031Z;functions.check_payment_type;  CLICA EM INTEGRAÇÃO BANCÁRIA
20-03-2024 07:27:21.031Z;functions.check_payment_type;  VERIFICANDO INFORMAÇÕES
20-03-2024 07:27:24.395Z;functions.waitForImage;  DADOS BANCARIOS image found.
20-03-2024 07:27:24.513Z;functions.check_payment_type;  DADOS BANCARIOS
20-03-2024 07:27:26.514Z;functions.check_payment_type;  ENTROU DADOS BANCÁRIOS
20-03-2024 07:27:26.618Z;functions.check_payment_type;  APERTA TAB
20-03-2024 07:27:28.723Z;functions.check_payment_type;  CTRL C
20-03-2024 07:27:29.724Z;functions.check_payment_type;  DESCRICAO CORRETA BOLETO
20-03-2024 07:27:30.098Z;functions.waitForImage;  FORMA DE PAGAMENTO image found.
20-03-2024 07:27:32.114Z;functions.check_payment_type;  FORMA DE PAGAMENTO: TITULO DE COBRANÇA (BOLETO)
20-03-2024 07:27:34.459Z;functions.waitForImage;  PRESS BUTTON OK image found.
20-03-2024 07:27:36.606Z;functions.click_ok;  PRESS BUTTON OK
20-03-2024 07:27:38.951Z;functions.waitForImage;  PRESS BUTTON OK image found.
20-03-2024 07:27:41.078Z;functions.click_ok;  PRESS BUTTON OK
20-03-2024 07:27:45.182Z;functions.check_payment_type;  PASSANDO PARA PRÓXIMO REGISTRO
20-03-2024 07:27:55.288Z;functions.check_payment_type;  REF. LANÇAMENTO: 928305
20-03-2024 07:27:55.394Z;functions.check_payment_type;  ENTRANDO NO REGISTRO
20-03-2024 07:28:02.953Z;functions.waitForImage;  INTEGRAÇÃO BANCÁRIA image found.
20-03-2024 07:28:05.087Z;functions.check_payment_type;  CLICA EM INTEGRAÇÃO BANCÁRIA
20-03-2024 07:28:05.087Z;functions.check_payment_type;  VERIFICANDO INFORMAÇÕES
20-03-2024 07:28:08.418Z;functions.waitForImage;  DADOS BANCARIOS image found.
20-03-2024 07:28:08.551Z;functions.check_payment_type;  DADOS BANCARIOS
20-03-2024 07:28:10.552Z;functions.check_payment_type;  ENTROU DADOS BANCÁRIOS
20-03-2024 07:28:10.656Z;functions.check_payment_type;  APERTA TAB
20-03-2024 07:28:12.759Z;functions.check_payment_type;  CTRL C
20-03-2024 07:28:13.760Z;functions.check_payment_type;  DESCRICAO CORRETA BOLETO
20-03-2024 07:28:14.113Z;functions.waitForImage;  FORMA DE PAGAMENTO image found.
20-03-2024 07:28:16.122Z;functions.check_payment_type;  FORMA DE PAGAMENTO: TITULO DE COBRANÇA (BOLETO)
20-03-2024 07:28:18.451Z;functions.waitForImage;  PRESS BUTTON OK image found.
20-03-2024 07:28:20.582Z;functions.click_ok;  PRESS BUTTON OK
20-03-2024 07:28:22.930Z;functions.waitForImage;  PRESS BUTTON OK image found.
20-03-2024 07:28:25.056Z;functions.click_ok;  PRESS BUTTON OK
20-03-2024 07:28:29.158Z;functions.check_payment_type;  PASSANDO PARA PRÓXIMO REGISTRO
20-03-2024 07:28:39.263Z;functions.check_payment_type;  REF. LANÇAMENTO: 928309
20-03-2024 07:28:39.368Z;functions.check_payment_type;  ENTRANDO NO REGISTRO
20-03-2024 07:28:52.047Z;functions.waitForImage;  INTEGRAÇÃO BANCÁRIA image found.
20-03-2024 07:28:54.165Z;functions.check_payment_type;  CLICA EM INTEGRAÇÃO BANCÁRIA
20-03-2024 07:28:54.165Z;functions.check_payment_type;  VERIFICANDO INFORMAÇÕES
20-03-2024 07:28:57.494Z;functions.waitForImage;  DADOS BANCARIOS image found.
20-03-2024 07:28:57.611Z;functions.check_payment_type;  DADOS BANCARIOS
20-03-2024 07:28:59.627Z;functions.check_payment_type;  ENTROU DADOS BANCÁRIOS
20-03-2024 07:28:59.781Z;functions.check_payment_type;  APERTA TAB
20-03-2024 07:29:01.886Z;functions.check_payment_type;  CTRL C
20-03-2024 07:29:02.887Z;functions.check_payment_type;  DESCRICAO CORRETA BOLETO
20-03-2024 07:29:03.238Z;functions.waitForImage;  FORMA DE PAGAMENTO image found.
20-03-2024 07:29:05.252Z;functions.check_payment_type;  FORMA DE PAGAMENTO: TITULO DE COBRANÇA (BOLETO)
20-03-2024 07:29:07.565Z;functions.waitForImage;  PRESS BUTTON OK image found.
20-03-2024 07:29:09.716Z;functions.click_ok;  PRESS BUTTON OK
20-03-2024 07:29:12.065Z;functions.waitForImage;  PRESS BUTTON OK image found.
20-03-2024 07:29:14.199Z;functions.click_ok;  PRESS BUTTON OK
20-03-2024 07:29:18.302Z;functions.check_payment_type;  PASSANDO PARA PRÓXIMO REGISTRO
20-03-2024 07:29:28.407Z;functions.check_payment_type;  REF. LANÇAMENTO: 929343
20-03-2024 07:29:28.513Z;functions.check_payment_type;  ENTRANDO NO REGISTRO
20-03-2024 07:29:38.748Z;functions.waitForImage;  INTEGRAÇÃO BANCÁRIA image found.
20-03-2024 07:29:40.873Z;functions.check_payment_type;  CLICA EM INTEGRAÇÃO BANCÁRIA
20-03-2024 07:29:40.873Z;functions.check_payment_type;  VERIFICANDO INFORMAÇÕES
20-03-2024 07:29:44.206Z;functions.waitForImage;  DADOS BANCARIOS image found.
20-03-2024 07:29:44.339Z;functions.check_payment_type;  DADOS BANCARIOS
20-03-2024 07:29:46.340Z;functions.check_payment_type;  ENTROU DADOS BANCÁRIOS
20-03-2024 07:29:46.442Z;functions.check_payment_type;  APERTA TAB
20-03-2024 07:29:48.547Z;functions.check_payment_type;  CTRL C
20-03-2024 07:29:49.547Z;functions.check_payment_type;  DESCRICAO CORRETA BOLETO
20-03-2024 07:29:49.942Z;functions.waitForImage;  FORMA DE PAGAMENTO image found.
20-03-2024 07:29:51.949Z;functions.check_payment_type;  FORMA DE PAGAMENTO: TITULO DE COBRANÇA (BOLETO)
20-03-2024 07:29:54.300Z;functions.waitForImage;  PRESS BUTTON OK image found.
20-03-2024 07:29:56.427Z;functions.click_ok;  PRESS BUTTON OK
20-03-2024 07:29:58.795Z;functions.waitForImage;  PRESS BUTTON OK image found.
20-03-2024 07:30:00.923Z;functions.click_ok;  PRESS BUTTON OK
20-03-2024 07:30:05.027Z;functions.check_payment_type;  PASSANDO PARA PRÓXIMO REGISTRO
20-03-2024 07:30:15.134Z;functions.check_payment_type;  REF. LANÇAMENTO: 929349
20-03-2024 07:30:15.239Z;functions.check_payment_type;  ENTRANDO NO REGISTRO
20-03-2024 07:30:24.719Z;functions.waitForImage;  INTEGRAÇÃO BANCÁRIA image found.
20-03-2024 07:30:26.843Z;functions.check_payment_type;  CLICA EM INTEGRAÇÃO BANCÁRIA
20-03-2024 07:30:26.843Z;functions.check_payment_type;  VERIFICANDO INFORMAÇÕES
20-03-2024 07:30:30.206Z;functions.waitForImage;  DADOS BANCARIOS image found.
20-03-2024 07:30:30.323Z;functions.check_payment_type;  DADOS BANCARIOS
20-03-2024 07:30:32.324Z;functions.check_payment_type;  ENTROU DADOS BANCÁRIOS
20-03-2024 07:30:32.429Z;functions.check_payment_type;  APERTA TAB
20-03-2024 07:30:34.534Z;functions.check_payment_type;  CTRL C
20-03-2024 07:30:35.535Z;functions.check_payment_type;  DESCRICAO CORRETA BOLETO
20-03-2024 07:30:35.910Z;functions.waitForImage;  FORMA DE PAGAMENTO image found.
20-03-2024 07:30:37.913Z;functions.check_payment_type;  FORMA DE PAGAMENTO: TITULO DE COBRANÇA (BOLETO)
20-03-2024 07:30:40.269Z;functions.waitForImage;  PRESS BUTTON OK image found.
20-03-2024 07:30:42.398Z;functions.click_ok;  PRESS BUTTON OK
20-03-2024 07:30:44.784Z;functions.waitForImage;  PRESS BUTTON OK image found.
20-03-2024 07:30:46.902Z;functions.click_ok;  PRESS BUTTON OK
20-03-2024 07:30:51.004Z;functions.check_payment_type;  PASSANDO PARA PRÓXIMO REGISTRO
20-03-2024 07:31:01.110Z;functions.check_payment_type;  REF. LANÇAMENTO: 929353
20-03-2024 07:31:01.215Z;functions.check_payment_type;  ENTRANDO NO REGISTRO
20-03-2024 07:31:12.567Z;functions.waitForImage;  INTEGRAÇÃO BANCÁRIA image found.
20-03-2024 07:31:14.701Z;functions.check_payment_type;  CLICA EM INTEGRAÇÃO BANCÁRIA
20-03-2024 07:31:14.701Z;functions.check_payment_type;  VERIFICANDO INFORMAÇÕES
20-03-2024 07:31:18.040Z;functions.waitForImage;  DADOS BANCARIOS image found.
20-03-2024 07:31:18.164Z;functions.check_payment_type;  DADOS BANCARIOS
20-03-2024 07:31:20.166Z;functions.check_payment_type;  ENTROU DADOS BANCÁRIOS
20-03-2024 07:31:20.269Z;functions.check_payment_type;  APERTA TAB
20-03-2024 07:31:22.380Z;functions.check_payment_type;  CTRL C
20-03-2024 07:31:23.381Z;functions.check_payment_type;  DESCRICAO CORRETA BOLETO
20-03-2024 07:31:23.787Z;functions.waitForImage;  FORMA DE PAGAMENTO image found.
20-03-2024 07:31:25.797Z;functions.check_payment_type;  FORMA DE PAGAMENTO: TITULO DE COBRANÇA (BOLETO)
20-03-2024 07:31:28.175Z;functions.waitForImage;  PRESS BUTTON OK image found.
20-03-2024 07:31:30.300Z;functions.click_ok;  PRESS BUTTON OK
20-03-2024 07:31:32.663Z;functions.waitForImage;  PRESS BUTTON OK image found.
20-03-2024 07:31:34.780Z;functions.click_ok;  PRESS BUTTON OK
20-03-2024 07:31:38.884Z;functions.check_payment_type;  PASSANDO PARA PRÓXIMO REGISTRO
20-03-2024 07:31:48.990Z;functions.check_payment_type;  REF. LANÇAMENTO: 929359
20-03-2024 07:31:49.095Z;functions.check_payment_type;  ENTRANDO NO REGISTRO
20-03-2024 07:31:58.428Z;functions.waitForImage;  INTEGRAÇÃO BANCÁRIA image found.
20-03-2024 07:32:00.551Z;functions.check_payment_type;  CLICA EM INTEGRAÇÃO BANCÁRIA
20-03-2024 07:32:00.551Z;functions.check_payment_type;  VERIFICANDO INFORMAÇÕES
20-03-2024 07:32:03.896Z;functions.waitForImage;  DADOS BANCARIOS image found.
20-03-2024 07:32:04.014Z;functions.check_payment_type;  DADOS BANCARIOS
20-03-2024 07:32:06.014Z;functions.check_payment_type;  ENTROU DADOS BANCÁRIOS
20-03-2024 07:32:06.117Z;functions.check_payment_type;  APERTA TAB
20-03-2024 07:32:08.227Z;functions.check_payment_type;  CTRL C
20-03-2024 07:32:09.228Z;functions.check_payment_type;  DESCRICAO CORRETA BOLETO
20-03-2024 07:32:09.621Z;functions.waitForImage;  FORMA DE PAGAMENTO image found.
20-03-2024 07:32:11.628Z;functions.check_payment_type;  FORMA DE PAGAMENTO: TITULO DE COBRANÇA (BOLETO)
20-03-2024 07:32:13.988Z;functions.waitForImage;  PRESS BUTTON OK image found.
20-03-2024 07:32:16.108Z;functions.click_ok;  PRESS BUTTON OK
20-03-2024 07:32:18.454Z;functions.waitForImage;  PRESS BUTTON OK image found.
20-03-2024 07:32:20.588Z;functions.click_ok;  PRESS BUTTON OK
20-03-2024 07:32:24.705Z;functions.check_payment_type;  PASSANDO PARA PRÓXIMO REGISTRO
20-03-2024 07:32:34.811Z;functions.check_payment_type;  REF. LANÇAMENTO: 929365
20-03-2024 07:32:34.916Z;functions.check_payment_type;  ENTRANDO NO REGISTRO
20-03-2024 07:32:45.097Z;functions.waitForImage;  INTEGRAÇÃO BANCÁRIA image found.
20-03-2024 07:32:47.217Z;functions.check_payment_type;  CLICA EM INTEGRAÇÃO BANCÁRIA
20-03-2024 07:32:47.217Z;functions.check_payment_type;  VERIFICANDO INFORMAÇÕES
20-03-2024 07:32:50.547Z;functions.waitForImage;  DADOS BANCARIOS image found.
20-03-2024 07:32:50.667Z;functions.check_payment_type;  DADOS BANCARIOS
20-03-2024 07:32:52.668Z;functions.check_payment_type;  ENTROU DADOS BANCÁRIOS
20-03-2024 07:32:52.771Z;functions.check_payment_type;  APERTA TAB
20-03-2024 07:32:54.877Z;functions.check_payment_type;  CTRL C
20-03-2024 07:32:55.879Z;functions.check_payment_type;  DESCRICAO CORRETA BOLETO
20-03-2024 07:32:56.254Z;functions.waitForImage;  FORMA DE PAGAMENTO image found.
20-03-2024 07:32:58.264Z;functions.check_payment_type;  FORMA DE PAGAMENTO: TITULO DE COBRANÇA (BOLETO)
20-03-2024 07:33:00.609Z;functions.waitForImage;  PRESS BUTTON OK image found.
20-03-2024 07:33:02.738Z;functions.click_ok;  PRESS BUTTON OK
20-03-2024 07:33:05.097Z;functions.waitForImage;  PRESS BUTTON OK image found.
20-03-2024 07:33:07.222Z;functions.click_ok;  PRESS BUTTON OK
20-03-2024 07:33:11.326Z;functions.check_payment_type;  PASSANDO PARA PRÓXIMO REGISTRO
20-03-2024 07:33:21.431Z;functions.check_payment_type;  REF. LANÇAMENTO: 927662
20-03-2024 07:33:21.536Z;functions.check_payment_type;  ENTRANDO NO REGISTRO
20-03-2024 07:33:30.958Z;functions.waitForImage;  INTEGRAÇÃO BANCÁRIA image found.
20-03-2024 07:33:33.084Z;functions.check_payment_type;  CLICA EM INTEGRAÇÃO BANCÁRIA
20-03-2024 07:33:33.084Z;functions.check_payment_type;  VERIFICANDO INFORMAÇÕES
20-03-2024 07:33:36.414Z;functions.waitForImage;  DADOS BANCARIOS image found.
20-03-2024 07:33:36.532Z;functions.check_payment_type;  DADOS BANCARIOS
20-03-2024 07:33:38.533Z;functions.check_payment_type;  ENTROU DADOS BANCÁRIOS
20-03-2024 07:33:38.636Z;functions.check_payment_type;  APERTA TAB
20-03-2024 07:33:40.740Z;functions.check_payment_type;  CTRL C
20-03-2024 07:33:41.741Z;functions.check_payment_type;  DESCRICAO CORRETA BOLETO
20-03-2024 07:33:42.114Z;functions.waitForImage;  FORMA DE PAGAMENTO image found.
20-03-2024 07:33:44.122Z;functions.check_payment_type;  FORMA DE PAGAMENTO: TITULO DE COBRANÇA (BOLETO)
20-03-2024 07:33:46.483Z;functions.waitForImage;  PRESS BUTTON OK image found.
20-03-2024 07:33:48.617Z;functions.click_ok;  PRESS BUTTON OK
20-03-2024 07:33:50.971Z;functions.waitForImage;  PRESS BUTTON OK image found.
20-03-2024 07:33:53.109Z;functions.click_ok;  PRESS BUTTON OK
20-03-2024 07:33:57.213Z;functions.check_payment_type;  PASSANDO PARA PRÓXIMO REGISTRO
20-03-2024 07:34:07.319Z;functions.check_payment_type;  REF. LANÇAMENTO: 929383
20-03-2024 07:34:07.424Z;functions.check_payment_type;  ENTRANDO NO REGISTRO
20-03-2024 07:34:19.649Z;functions.waitForImage;  INTEGRAÇÃO BANCÁRIA image found.
20-03-2024 07:34:21.770Z;functions.check_payment_type;  CLICA EM INTEGRAÇÃO BANCÁRIA
20-03-2024 07:34:21.770Z;functions.check_payment_type;  VERIFICANDO INFORMAÇÕES
20-03-2024 07:34:25.114Z;functions.waitForImage;  DADOS BANCARIOS image found.
20-03-2024 07:34:25.247Z;functions.check_payment_type;  DADOS BANCARIOS
20-03-2024 07:34:27.248Z;functions.check_payment_type;  ENTROU DADOS BANCÁRIOS
20-03-2024 07:34:27.374Z;functions.check_payment_type;  APERTA TAB
20-03-2024 07:34:29.479Z;functions.check_payment_type;  CTRL C
20-03-2024 07:34:30.480Z;functions.check_payment_type;  DESCRICAO CORRETA BOLETO
20-03-2024 07:34:30.855Z;functions.waitForImage;  FORMA DE PAGAMENTO image found.
20-03-2024 07:34:32.867Z;functions.check_payment_type;  FORMA DE PAGAMENTO: TITULO DE COBRANÇA (BOLETO)
20-03-2024 07:34:35.221Z;functions.waitForImage;  PRESS BUTTON OK image found.
20-03-2024 07:34:37.348Z;functions.click_ok;  PRESS BUTTON OK
20-03-2024 07:34:39.730Z;functions.waitForImage;  PRESS BUTTON OK image found.
20-03-2024 07:34:41.850Z;functions.click_ok;  PRESS BUTTON OK
20-03-2024 07:34:45.954Z;functions.check_payment_type;  PASSANDO PARA PRÓXIMO REGISTRO
20-03-2024 07:34:56.059Z;functions.check_payment_type;  REF. LANÇAMENTO: 931329
20-03-2024 07:34:56.165Z;functions.check_payment_type;  ENTRANDO NO REGISTRO
20-03-2024 07:35:04.399Z;functions.waitForImage;  INTEGRAÇÃO BANCÁRIA image found.
20-03-2024 07:35:06.528Z;functions.check_payment_type;  CLICA EM INTEGRAÇÃO BANCÁRIA
20-03-2024 07:35:06.528Z;functions.check_payment_type;  VERIFICANDO INFORMAÇÕES
20-03-2024 07:35:09.895Z;functions.waitForImage;  DADOS BANCARIOS image found.
20-03-2024 07:35:10.014Z;functions.check_payment_type;  DADOS BANCARIOS
20-03-2024 07:35:12.016Z;functions.check_payment_type;  ENTROU DADOS BANCÁRIOS
20-03-2024 07:35:12.131Z;functions.check_payment_type;  APERTA TAB
20-03-2024 07:35:14.236Z;functions.check_payment_type;  CTRL C
20-03-2024 07:35:15.236Z;functions.check_payment_type;  DESCRICAO CORRETA BOLETO
20-03-2024 07:35:15.627Z;functions.waitForImage;  FORMA DE PAGAMENTO image found.
20-03-2024 07:35:17.629Z;functions.check_payment_type;  FORMA DE PAGAMENTO: TITULO DE COBRANÇA (BOLETO)
20-03-2024 07:35:20.003Z;functions.waitForImage;  PRESS BUTTON OK image found.
20-03-2024 07:35:22.121Z;functions.click_ok;  PRESS BUTTON OK
20-03-2024 07:35:24.485Z;functions.waitForImage;  PRESS BUTTON OK image found.
20-03-2024 07:35:26.612Z;functions.click_ok;  PRESS BUTTON OK
20-03-2024 07:35:30.715Z;functions.check_payment_type;  PASSANDO PARA PRÓXIMO REGISTRO
20-03-2024 07:35:40.821Z;functions.check_payment_type;  REF. LANÇAMENTO: 931327
20-03-2024 07:35:40.926Z;functions.check_payment_type;  ENTRANDO NO REGISTRO
20-03-2024 07:35:52.222Z;functions.waitForImage;  INTEGRAÇÃO BANCÁRIA image found.
20-03-2024 07:35:54.348Z;functions.check_payment_type;  CLICA EM INTEGRAÇÃO BANCÁRIA
20-03-2024 07:35:54.348Z;functions.check_payment_type;  VERIFICANDO INFORMAÇÕES
20-03-2024 07:35:57.693Z;functions.waitForImage;  DADOS BANCARIOS image found.
20-03-2024 07:35:57.810Z;functions.check_payment_type;  DADOS BANCARIOS
20-03-2024 07:35:59.836Z;functions.check_payment_type;  ENTROU DADOS BANCÁRIOS
20-03-2024 07:35:59.963Z;functions.check_payment_type;  APERTA TAB
20-03-2024 07:36:02.069Z;functions.check_payment_type;  CTRL C
20-03-2024 07:36:03.070Z;functions.check_payment_type;  DESCRICAO CORRETA BOLETO
20-03-2024 07:36:03.472Z;functions.waitForImage;  FORMA DE PAGAMENTO image found.
20-03-2024 07:36:05.482Z;functions.check_payment_type;  FORMA DE PAGAMENTO: TITULO DE COBRANÇA (BOLETO)
20-03-2024 07:36:07.826Z;functions.waitForImage;  PRESS BUTTON OK image found.
20-03-2024 07:36:09.966Z;functions.click_ok;  PRESS BUTTON OK
20-03-2024 07:36:12.332Z;functions.waitForImage;  PRESS BUTTON OK image found.
20-03-2024 07:36:14.457Z;functions.click_ok;  PRESS BUTTON OK
20-03-2024 07:36:18.561Z;functions.check_payment_type;  PASSANDO PARA PRÓXIMO REGISTRO
20-03-2024 07:36:28.667Z;functions.check_payment_type;  REF. LANÇAMENTO: 927018
20-03-2024 07:36:28.771Z;functions.check_payment_type;  ENTRANDO NO REGISTRO
20-03-2024 07:36:39.129Z;functions.waitForImage;  INTEGRAÇÃO BANCÁRIA image found.
20-03-2024 07:36:41.258Z;functions.check_payment_type;  CLICA EM INTEGRAÇÃO BANCÁRIA
20-03-2024 07:36:41.258Z;functions.check_payment_type;  VERIFICANDO INFORMAÇÕES
20-03-2024 07:36:44.600Z;functions.waitForImage;  DADOS BANCARIOS image found.
20-03-2024 07:36:44.716Z;functions.check_payment_type;  DADOS BANCARIOS
20-03-2024 07:36:46.718Z;functions.check_payment_type;  ENTROU DADOS BANCÁRIOS
20-03-2024 07:36:46.889Z;functions.check_payment_type;  APERTA TAB
20-03-2024 07:36:49.008Z;functions.check_payment_type;  CTRL C
20-03-2024 07:36:50.009Z;functions.check_payment_type;  DESCRICAO CORRETA BOLETO
20-03-2024 07:36:50.394Z;functions.waitForImage;  FORMA DE PAGAMENTO image found.
20-03-2024 07:36:52.408Z;functions.check_payment_type;  FORMA DE PAGAMENTO: TITULO DE COBRANÇA (BOLETO)
20-03-2024 07:36:54.798Z;functions.waitForImage;  PRESS BUTTON OK image found.
20-03-2024 07:36:56.916Z;functions.click_ok;  PRESS BUTTON OK
20-03-2024 07:36:59.285Z;functions.waitForImage;  PRESS BUTTON OK image found.
20-03-2024 07:37:01.405Z;functions.click_ok;  PRESS BUTTON OK
20-03-2024 07:37:05.508Z;functions.check_payment_type;  PASSANDO PARA PRÓXIMO REGISTRO
20-03-2024 07:37:15.614Z;functions.check_payment_type;  REF. LANÇAMENTO: 924336
20-03-2024 07:37:15.719Z;functions.check_payment_type;  ENTRANDO NO REGISTRO
20-03-2024 07:37:26.853Z;functions.waitForImage;  INTEGRAÇÃO BANCÁRIA image found.
20-03-2024 07:37:28.981Z;functions.check_payment_type;  CLICA EM INTEGRAÇÃO BANCÁRIA
20-03-2024 07:37:28.981Z;functions.check_payment_type;  VERIFICANDO INFORMAÇÕES
20-03-2024 07:37:32.316Z;functions.waitForImage;  DADOS BANCARIOS image found.
20-03-2024 07:37:32.433Z;functions.check_payment_type;  DADOS BANCARIOS
20-03-2024 07:37:34.434Z;functions.check_payment_type;  ENTROU DADOS BANCÁRIOS
20-03-2024 07:37:34.798Z;functions.check_payment_type;  APERTA TAB
20-03-2024 07:37:36.903Z;functions.check_payment_type;  CTRL C
20-03-2024 07:37:37.904Z;functions.check_payment_type;  DESCRICAO CORRETA BOLETO
20-03-2024 07:37:38.269Z;functions.waitForImage;  FORMA DE PAGAMENTO image found.
20-03-2024 07:37:40.275Z;functions.check_payment_type;  FORMA DE PAGAMENTO: TITULO DE COBRANÇA (BOLETO)
20-03-2024 07:37:42.620Z;functions.waitForImage;  PRESS BUTTON OK image found.
20-03-2024 07:37:44.765Z;functions.click_ok;  PRESS BUTTON OK
20-03-2024 07:37:47.160Z;functions.waitForImage;  PRESS BUTTON OK image found.
20-03-2024 07:37:49.281Z;functions.click_ok;  PRESS BUTTON OK
20-03-2024 07:37:53.385Z;functions.check_payment_type;  PASSANDO PARA PRÓXIMO REGISTRO
20-03-2024 07:38:03.490Z;functions.check_payment_type;  REF. LANÇAMENTO: 930629
20-03-2024 07:38:03.596Z;functions.check_payment_type;  ENTRANDO NO REGISTRO
20-03-2024 07:38:12.877Z;functions.waitForImage;  INTEGRAÇÃO BANCÁRIA image found.
20-03-2024 07:38:15.007Z;functions.check_payment_type;  CLICA EM INTEGRAÇÃO BANCÁRIA
20-03-2024 07:38:15.007Z;functions.check_payment_type;  VERIFICANDO INFORMAÇÕES
20-03-2024 07:38:18.332Z;functions.waitForImage;  DADOS BANCARIOS image found.
20-03-2024 07:38:18.449Z;functions.check_payment_type;  DADOS BANCARIOS
20-03-2024 07:38:20.450Z;functions.check_payment_type;  ENTROU DADOS BANCÁRIOS
20-03-2024 07:38:20.553Z;functions.check_payment_type;  APERTA TAB
20-03-2024 07:38:22.656Z;functions.check_payment_type;  CTRL C
20-03-2024 07:38:23.657Z;functions.check_payment_type;  DESCRICAO CORRETA BOLETO
20-03-2024 07:38:23.986Z;functions.waitForImage;  FORMA DE PAGAMENTO image found.
20-03-2024 07:38:25.998Z;functions.check_payment_type;  FORMA DE PAGAMENTO: TITULO DE COBRANÇA (BOLETO)
20-03-2024 07:38:28.347Z;functions.waitForImage;  PRESS BUTTON OK image found.
20-03-2024 07:38:30.473Z;functions.click_ok;  PRESS BUTTON OK
20-03-2024 07:38:32.808Z;functions.waitForImage;  PRESS BUTTON OK image found.
20-03-2024 07:38:34.934Z;functions.click_ok;  PRESS BUTTON OK
20-03-2024 07:38:39.038Z;functions.check_payment_type;  PASSANDO PARA PRÓXIMO REGISTRO
20-03-2024 07:38:49.144Z;functions.check_payment_type;  REF. LANÇAMENTO: 930638
20-03-2024 07:38:49.249Z;functions.check_payment_type;  ENTRANDO NO REGISTRO
20-03-2024 07:38:59.361Z;functions.waitForImage;  INTEGRAÇÃO BANCÁRIA image found.
20-03-2024 07:39:01.482Z;functions.check_payment_type;  CLICA EM INTEGRAÇÃO BANCÁRIA
20-03-2024 07:39:01.482Z;functions.check_payment_type;  VERIFICANDO INFORMAÇÕES
20-03-2024 07:39:04.827Z;functions.waitForImage;  DADOS BANCARIOS image found.
20-03-2024 07:39:04.949Z;functions.check_payment_type;  DADOS BANCARIOS
20-03-2024 07:39:06.950Z;functions.check_payment_type;  ENTROU DADOS BANCÁRIOS
20-03-2024 07:39:07.052Z;functions.check_payment_type;  APERTA TAB
20-03-2024 07:39:09.156Z;functions.check_payment_type;  CTRL C
20-03-2024 07:39:10.157Z;functions.check_payment_type;  DESCRICAO CORRETA BOLETO
20-03-2024 07:39:10.517Z;functions.waitForImage;  FORMA DE PAGAMENTO image found.
20-03-2024 07:39:12.526Z;functions.check_payment_type;  FORMA DE PAGAMENTO: TITULO DE COBRANÇA (BOLETO)
20-03-2024 07:39:14.879Z;functions.waitForImage;  PRESS BUTTON OK image found.
20-03-2024 07:39:17.001Z;functions.click_ok;  PRESS BUTTON OK
20-03-2024 07:39:19.348Z;functions.waitForImage;  PRESS BUTTON OK image found.
20-03-2024 07:39:21.472Z;functions.click_ok;  PRESS BUTTON OK
20-03-2024 07:39:25.575Z;functions.check_payment_type;  PASSANDO PARA PRÓXIMO REGISTRO
20-03-2024 07:39:35.681Z;functions.check_payment_type;  REF. LANÇAMENTO: 926695
20-03-2024 07:39:35.786Z;functions.check_payment_type;  ENTRANDO NO REGISTRO
20-03-2024 07:39:44.992Z;functions.waitForImage;  INTEGRAÇÃO BANCÁRIA image found.
20-03-2024 07:39:47.119Z;functions.check_payment_type;  CLICA EM INTEGRAÇÃO BANCÁRIA
20-03-2024 07:39:47.119Z;functions.check_payment_type;  VERIFICANDO INFORMAÇÕES
20-03-2024 07:39:50.464Z;functions.waitForImage;  DADOS BANCARIOS image found.
20-03-2024 07:39:50.597Z;functions.check_payment_type;  DADOS BANCARIOS
20-03-2024 07:39:52.598Z;functions.check_payment_type;  ENTROU DADOS BANCÁRIOS
20-03-2024 07:39:52.756Z;functions.check_payment_type;  APERTA TAB
20-03-2024 07:39:54.905Z;functions.check_payment_type;  CTRL C
20-03-2024 07:39:55.906Z;functions.check_payment_type;  DESCRICAO CORRETA BOLETO
20-03-2024 07:39:56.269Z;functions.waitForImage;  FORMA DE PAGAMENTO image found.
20-03-2024 07:39:58.280Z;functions.check_payment_type;  FORMA DE PAGAMENTO: TITULO DE COBRANÇA (BOLETO)
20-03-2024 07:40:00.625Z;functions.waitForImage;  PRESS BUTTON OK image found.
20-03-2024 07:40:02.752Z;functions.click_ok;  PRESS BUTTON OK
20-03-2024 07:40:05.114Z;functions.waitForImage;  PRESS BUTTON OK image found.
20-03-2024 07:40:07.245Z;functions.click_ok;  PRESS BUTTON OK
20-03-2024 07:40:11.349Z;functions.check_payment_type;  PASSANDO PARA PRÓXIMO REGISTRO
20-03-2024 07:40:21.454Z;functions.check_payment_type;  REF. LANÇAMENTO: 921610
20-03-2024 07:40:21.560Z;functions.check_payment_type;  ENTRANDO NO REGISTRO
20-03-2024 07:40:33.608Z;functions.waitForImage;  INTEGRAÇÃO BANCÁRIA image found.
20-03-2024 07:40:35.739Z;functions.check_payment_type;  CLICA EM INTEGRAÇÃO BANCÁRIA
20-03-2024 07:40:35.739Z;functions.check_payment_type;  VERIFICANDO INFORMAÇÕES
20-03-2024 07:40:39.098Z;functions.waitForImage;  DADOS BANCARIOS image found.
20-03-2024 07:40:39.218Z;functions.check_payment_type;  DADOS BANCARIOS
20-03-2024 07:40:41.219Z;functions.check_payment_type;  ENTROU DADOS BANCÁRIOS
20-03-2024 07:40:41.408Z;functions.check_payment_type;  APERTA TAB
20-03-2024 07:40:43.523Z;functions.check_payment_type;  CTRL C
20-03-2024 07:40:44.523Z;functions.check_payment_type;  DESCRICAO CORRETA BOLETO
20-03-2024 07:40:44.925Z;functions.waitForImage;  FORMA DE PAGAMENTO image found.
20-03-2024 07:40:46.927Z;functions.check_payment_type;  FORMA DE PAGAMENTO: TITULO DE COBRANÇA (BOLETO)
20-03-2024 07:40:49.255Z;functions.waitForImage;  PRESS BUTTON OK image found.
20-03-2024 07:40:51.388Z;functions.click_ok;  PRESS BUTTON OK
20-03-2024 07:40:53.745Z;functions.waitForImage;  PRESS BUTTON OK image found.
20-03-2024 07:40:55.866Z;functions.click_ok;  PRESS BUTTON OK
20-03-2024 07:40:59.970Z;functions.check_payment_type;  PASSANDO PARA PRÓXIMO REGISTRO
20-03-2024 07:41:10.075Z;functions.check_payment_type;  REF. LANÇAMENTO: 924064
20-03-2024 07:41:10.180Z;functions.check_payment_type;  ENTRANDO NO REGISTRO
20-03-2024 07:41:20.491Z;functions.waitForImage;  INTEGRAÇÃO BANCÁRIA image found.
20-03-2024 07:41:22.615Z;functions.check_payment_type;  CLICA EM INTEGRAÇÃO BANCÁRIA
20-03-2024 07:41:22.615Z;functions.check_payment_type;  VERIFICANDO INFORMAÇÕES
20-03-2024 07:41:25.960Z;functions.waitForImage;  DADOS BANCARIOS image found.
20-03-2024 07:41:26.080Z;functions.check_payment_type;  DADOS BANCARIOS
20-03-2024 07:41:28.110Z;functions.check_payment_type;  ENTROU DADOS BANCÁRIOS
20-03-2024 07:41:28.298Z;functions.check_payment_type;  APERTA TAB
20-03-2024 07:41:30.406Z;functions.check_payment_type;  CTRL C
20-03-2024 07:41:31.408Z;functions.check_payment_type;  DESCRICAO CORRETA BOLETO
20-03-2024 07:41:31.783Z;functions.waitForImage;  FORMA DE PAGAMENTO image found.
20-03-2024 07:41:33.792Z;functions.check_payment_type;  FORMA DE PAGAMENTO: TITULO DE COBRANÇA (BOLETO)
20-03-2024 07:41:36.129Z;functions.waitForImage;  PRESS BUTTON OK image found.
20-03-2024 07:41:38.259Z;functions.click_ok;  PRESS BUTTON OK
20-03-2024 07:41:40.607Z;functions.waitForImage;  PRESS BUTTON OK image found.
20-03-2024 07:41:42.733Z;functions.click_ok;  PRESS BUTTON OK
20-03-2024 07:41:46.837Z;functions.check_payment_type;  PASSANDO PARA PRÓXIMO REGISTRO
20-03-2024 07:41:56.942Z;functions.check_payment_type;  REF. LANÇAMENTO: 924134
20-03-2024 07:41:57.063Z;functions.check_payment_type;  ENTRANDO NO REGISTRO
20-03-2024 07:42:07.602Z;functions.waitForImage;  INTEGRAÇÃO BANCÁRIA image found.
20-03-2024 07:42:09.737Z;functions.check_payment_type;  CLICA EM INTEGRAÇÃO BANCÁRIA
20-03-2024 07:42:09.737Z;functions.check_payment_type;  VERIFICANDO INFORMAÇÕES
20-03-2024 07:42:13.067Z;functions.waitForImage;  DADOS BANCARIOS image found.
20-03-2024 07:42:13.184Z;functions.check_payment_type;  DADOS BANCARIOS
20-03-2024 07:42:15.185Z;functions.check_payment_type;  ENTROU DADOS BANCÁRIOS
20-03-2024 07:42:15.287Z;functions.check_payment_type;  APERTA TAB
20-03-2024 07:42:17.391Z;functions.check_payment_type;  CTRL C
20-03-2024 07:42:18.392Z;functions.check_payment_type;  DESCRICAO CORRETA BOLETO
20-03-2024 07:42:18.705Z;functions.waitForImage;  FORMA DE PAGAMENTO image found.
20-03-2024 07:42:20.715Z;functions.check_payment_type;  FORMA DE PAGAMENTO: TITULO DE COBRANÇA (BOLETO)
20-03-2024 07:42:23.081Z;functions.waitForImage;  PRESS BUTTON OK image found.
20-03-2024 07:42:25.215Z;functions.click_ok;  PRESS BUTTON OK
20-03-2024 07:42:27.577Z;functions.waitForImage;  PRESS BUTTON OK image found.
20-03-2024 07:42:29.704Z;functions.click_ok;  PRESS BUTTON OK
20-03-2024 07:42:33.807Z;functions.check_payment_type;  PASSANDO PARA PRÓXIMO REGISTRO
20-03-2024 07:42:43.912Z;functions.check_payment_type;  REF. LANÇAMENTO: 924178
20-03-2024 07:42:44.018Z;functions.check_payment_type;  ENTRANDO NO REGISTRO
20-03-2024 07:42:52.553Z;functions.waitForImage;  INTEGRAÇÃO BANCÁRIA image found.
20-03-2024 07:42:54.707Z;functions.check_payment_type;  CLICA EM INTEGRAÇÃO BANCÁRIA
20-03-2024 07:42:54.707Z;functions.check_payment_type;  VERIFICANDO INFORMAÇÕES
20-03-2024 07:42:58.061Z;functions.waitForImage;  DADOS BANCARIOS image found.
20-03-2024 07:42:58.198Z;functions.check_payment_type;  DADOS BANCARIOS
20-03-2024 07:43:00.264Z;functions.check_payment_type;  ENTROU DADOS BANCÁRIOS
20-03-2024 07:43:00.413Z;functions.check_payment_type;  APERTA TAB
20-03-2024 07:43:02.520Z;functions.check_payment_type;  CTRL C
20-03-2024 07:43:03.521Z;functions.check_payment_type;  DESCRICAO CORRETA BOLETO
20-03-2024 07:43:03.912Z;functions.waitForImage;  FORMA DE PAGAMENTO image found.
20-03-2024 07:43:05.913Z;functions.check_payment_type;  FORMA DE PAGAMENTO: TITULO DE COBRANÇA (BOLETO)
20-03-2024 07:43:08.284Z;functions.waitForImage;  PRESS BUTTON OK image found.
20-03-2024 07:43:10.414Z;functions.click_ok;  PRESS BUTTON OK
20-03-2024 07:43:12.784Z;functions.waitForImage;  PRESS BUTTON OK image found.
20-03-2024 07:43:14.897Z;functions.click_ok;  PRESS BUTTON OK
20-03-2024 07:43:19.000Z;functions.check_payment_type;  PASSANDO PARA PRÓXIMO REGISTRO
20-03-2024 07:43:29.106Z;functions.check_payment_type;  REF. LANÇAMENTO: 924251
20-03-2024 07:43:29.211Z;functions.check_payment_type;  ENTRANDO NO REGISTRO
20-03-2024 07:43:40.582Z;functions.waitForImage;  INTEGRAÇÃO BANCÁRIA image found.
20-03-2024 07:43:42.700Z;functions.check_payment_type;  CLICA EM INTEGRAÇÃO BANCÁRIA
20-03-2024 07:43:42.700Z;functions.check_payment_type;  VERIFICANDO INFORMAÇÕES
20-03-2024 07:43:46.057Z;functions.waitForImage;  DADOS BANCARIOS image found.
20-03-2024 07:43:46.179Z;functions.check_payment_type;  DADOS BANCARIOS
20-03-2024 07:43:48.179Z;functions.check_payment_type;  ENTROU DADOS BANCÁRIOS
20-03-2024 07:43:48.282Z;functions.check_payment_type;  APERTA TAB
20-03-2024 07:43:50.392Z;functions.check_payment_type;  CTRL C
20-03-2024 07:43:51.393Z;functions.check_payment_type;  DESCRICAO CORRETA BOLETO
20-03-2024 07:43:51.768Z;functions.waitForImage;  FORMA DE PAGAMENTO image found.
20-03-2024 07:43:53.779Z;functions.check_payment_type;  FORMA DE PAGAMENTO: TITULO DE COBRANÇA (BOLETO)
20-03-2024 07:43:56.129Z;functions.waitForImage;  PRESS BUTTON OK image found.
20-03-2024 07:43:58.256Z;functions.click_ok;  PRESS BUTTON OK
20-03-2024 07:44:00.618Z;functions.waitForImage;  PRESS BUTTON OK image found.
20-03-2024 07:44:02.742Z;functions.click_ok;  PRESS BUTTON OK
20-03-2024 07:44:06.846Z;functions.check_payment_type;  PASSANDO PARA PRÓXIMO REGISTRO
20-03-2024 07:44:16.952Z;functions.check_payment_type;  REF. LANÇAMENTO: 924391
20-03-2024 07:44:17.058Z;functions.check_payment_type;  ENTRANDO NO REGISTRO
20-03-2024 07:44:25.991Z;functions.waitForImage;  INTEGRAÇÃO BANCÁRIA image found.
20-03-2024 07:44:28.124Z;functions.check_payment_type;  CLICA EM INTEGRAÇÃO BANCÁRIA
20-03-2024 07:44:28.124Z;functions.check_payment_type;  VERIFICANDO INFORMAÇÕES
20-03-2024 07:44:31.454Z;functions.waitForImage;  DADOS BANCARIOS image found.
20-03-2024 07:44:31.572Z;functions.check_payment_type;  DADOS BANCARIOS
20-03-2024 07:44:33.574Z;functions.check_payment_type;  ENTROU DADOS BANCÁRIOS
20-03-2024 07:44:33.677Z;functions.check_payment_type;  APERTA TAB
20-03-2024 07:44:35.781Z;functions.check_payment_type;  CTRL C
20-03-2024 07:44:36.782Z;functions.check_payment_type;  DESCRICAO CORRETA BOLETO
20-03-2024 07:44:37.145Z;functions.waitForImage;  FORMA DE PAGAMENTO image found.
20-03-2024 07:44:39.152Z;functions.check_payment_type;  FORMA DE PAGAMENTO: TITULO DE COBRANÇA (BOLETO)
20-03-2024 07:44:41.513Z;functions.waitForImage;  PRESS BUTTON OK image found.
20-03-2024 07:44:43.631Z;functions.click_ok;  PRESS BUTTON OK
20-03-2024 07:44:45.979Z;functions.waitForImage;  PRESS BUTTON OK image found.
20-03-2024 07:44:48.110Z;functions.click_ok;  PRESS BUTTON OK
20-03-2024 07:44:52.214Z;functions.check_payment_type;  PASSANDO PARA PRÓXIMO REGISTRO
20-03-2024 07:45:02.319Z;functions.check_payment_type;  REF. LANÇAMENTO: 927466
20-03-2024 07:45:02.425Z;functions.check_payment_type;  ENTRANDO NO REGISTRO
20-03-2024 07:45:11.701Z;functions.waitForImage;  INTEGRAÇÃO BANCÁRIA image found.
20-03-2024 07:45:13.832Z;functions.check_payment_type;  CLICA EM INTEGRAÇÃO BANCÁRIA
20-03-2024 07:45:13.832Z;functions.check_payment_type;  VERIFICANDO INFORMAÇÕES
20-03-2024 07:45:17.160Z;functions.waitForImage;  DADOS BANCARIOS image found.
20-03-2024 07:45:17.293Z;functions.check_payment_type;  DADOS BANCARIOS
20-03-2024 07:45:19.325Z;functions.check_payment_type;  ENTROU DADOS BANCÁRIOS
20-03-2024 07:45:19.432Z;functions.check_payment_type;  APERTA TAB
20-03-2024 07:45:21.544Z;functions.check_payment_type;  CTRL C
20-03-2024 07:45:22.545Z;functions.check_payment_type;  DESCRICAO CORRETA BOLETO
20-03-2024 07:45:22.904Z;functions.waitForImage;  FORMA DE PAGAMENTO image found.
20-03-2024 07:45:24.918Z;functions.check_payment_type;  FORMA DE PAGAMENTO: TITULO DE COBRANÇA (BOLETO)
20-03-2024 07:45:27.269Z;functions.waitForImage;  PRESS BUTTON OK image found.
20-03-2024 07:45:29.394Z;functions.click_ok;  PRESS BUTTON OK
20-03-2024 07:45:31.743Z;functions.waitForImage;  PRESS BUTTON OK image found.
20-03-2024 07:45:33.878Z;functions.click_ok;  PRESS BUTTON OK
20-03-2024 07:45:37.981Z;functions.check_payment_type;  PASSANDO PARA PRÓXIMO REGISTRO
20-03-2024 07:45:48.088Z;functions.check_payment_type;  REF. LANÇAMENTO: 923627
20-03-2024 07:45:48.193Z;functions.check_payment_type;  ENTRANDO NO REGISTRO
20-03-2024 07:45:56.782Z;functions.waitForImage;  INTEGRAÇÃO BANCÁRIA image found.
20-03-2024 07:45:58.900Z;functions.check_payment_type;  CLICA EM INTEGRAÇÃO BANCÁRIA
20-03-2024 07:45:58.900Z;functions.check_payment_type;  VERIFICANDO INFORMAÇÕES
20-03-2024 07:46:02.238Z;functions.waitForImage;  DADOS BANCARIOS image found.
20-03-2024 07:46:02.371Z;functions.check_payment_type;  DADOS BANCARIOS
20-03-2024 07:46:04.372Z;functions.check_payment_type;  ENTROU DADOS BANCÁRIOS
20-03-2024 07:46:04.489Z;functions.check_payment_type;  APERTA TAB
20-03-2024 07:46:06.600Z;functions.check_payment_type;  CTRL C
20-03-2024 07:46:07.601Z;functions.check_payment_type;  DESCRICAO CORRETA BOLETO
20-03-2024 07:46:07.976Z;functions.waitForImage;  FORMA DE PAGAMENTO image found.
20-03-2024 07:46:09.985Z;functions.check_payment_type;  FORMA DE PAGAMENTO: TITULO DE COBRANÇA (BOLETO)
20-03-2024 07:46:12.315Z;functions.waitForImage;  PRESS BUTTON OK image found.
20-03-2024 07:46:14.449Z;functions.click_ok;  PRESS BUTTON OK
20-03-2024 07:46:16.802Z;functions.waitForImage;  PRESS BUTTON OK image found.
20-03-2024 07:46:18.935Z;functions.click_ok;  PRESS BUTTON OK
20-03-2024 07:46:23.039Z;functions.check_payment_type;  PASSANDO PARA PRÓXIMO REGISTRO
20-03-2024 07:46:33.145Z;functions.check_payment_type;  REF. LANÇAMENTO: 923584
20-03-2024 07:46:33.251Z;functions.check_payment_type;  ENTRANDO NO REGISTRO
20-03-2024 07:46:44.144Z;functions.waitForImage;  INTEGRAÇÃO BANCÁRIA image found.
20-03-2024 07:46:46.271Z;functions.check_payment_type;  CLICA EM INTEGRAÇÃO BANCÁRIA
20-03-2024 07:46:46.271Z;functions.check_payment_type;  VERIFICANDO INFORMAÇÕES
20-03-2024 07:46:49.600Z;functions.waitForImage;  DADOS BANCARIOS image found.
20-03-2024 07:46:49.732Z;functions.check_payment_type;  DADOS BANCARIOS
20-03-2024 07:46:51.734Z;functions.check_payment_type;  ENTROU DADOS BANCÁRIOS
20-03-2024 07:46:51.836Z;functions.check_payment_type;  APERTA TAB
20-03-2024 07:46:53.952Z;functions.check_payment_type;  CTRL C
20-03-2024 07:46:54.953Z;functions.check_payment_type;  DESCRICAO CORRETA BOLETO
20-03-2024 07:46:55.348Z;functions.waitForImage;  FORMA DE PAGAMENTO image found.
20-03-2024 07:46:57.362Z;functions.check_payment_type;  FORMA DE PAGAMENTO: TITULO DE COBRANÇA (BOLETO)
20-03-2024 07:46:59.740Z;functions.waitForImage;  PRESS BUTTON OK image found.
20-03-2024 07:47:01.862Z;functions.click_ok;  PRESS BUTTON OK
20-03-2024 07:47:04.206Z;functions.waitForImage;  PRESS BUTTON OK image found.
20-03-2024 07:47:06.335Z;functions.click_ok;  PRESS BUTTON OK
20-03-2024 07:47:10.439Z;functions.check_payment_type;  PASSANDO PARA PRÓXIMO REGISTRO
20-03-2024 07:47:20.545Z;functions.check_payment_type;  REF. LANÇAMENTO: 914232
20-03-2024 07:47:20.650Z;functions.check_payment_type;  ENTRANDO NO REGISTRO
20-03-2024 07:47:29.190Z;functions.waitForImage;  INTEGRAÇÃO BANCÁRIA image found.
20-03-2024 07:47:31.319Z;functions.check_payment_type;  CLICA EM INTEGRAÇÃO BANCÁRIA
20-03-2024 07:47:31.319Z;functions.check_payment_type;  VERIFICANDO INFORMAÇÕES
20-03-2024 07:47:34.649Z;functions.waitForImage;  DADOS BANCARIOS image found.
20-03-2024 07:47:34.782Z;functions.check_payment_type;  DADOS BANCARIOS
20-03-2024 07:47:36.783Z;functions.check_payment_type;  ENTROU DADOS BANCÁRIOS
20-03-2024 07:47:36.886Z;functions.check_payment_type;  APERTA TAB
20-03-2024 07:47:38.990Z;functions.check_payment_type;  CTRL C
20-03-2024 07:47:39.991Z;functions.check_payment_type;  DESCRICAO CORRETA BOLETO
20-03-2024 07:47:40.378Z;functions.waitForImage;  FORMA DE PAGAMENTO image found.
20-03-2024 07:47:42.384Z;functions.check_payment_type;  FORMA DE PAGAMENTO: TITULO DE COBRANÇA (BOLETO)
20-03-2024 07:47:44.754Z;functions.waitForImage;  PRESS BUTTON OK image found.
20-03-2024 07:47:46.874Z;functions.click_ok;  PRESS BUTTON OK
20-03-2024 07:47:49.223Z;functions.waitForImage;  PRESS BUTTON OK image found.
20-03-2024 07:47:51.357Z;functions.click_ok;  PRESS BUTTON OK
20-03-2024 07:47:55.461Z;functions.check_payment_type;  PASSANDO PARA PRÓXIMO REGISTRO
20-03-2024 07:48:05.566Z;functions.check_payment_type;  REF. LANÇAMENTO: 922317
20-03-2024 07:48:05.671Z;functions.check_payment_type;  ENTRANDO NO REGISTRO
20-03-2024 07:48:15.894Z;functions.waitForImage;  INTEGRAÇÃO BANCÁRIA image found.
20-03-2024 07:48:18.022Z;functions.check_payment_type;  CLICA EM INTEGRAÇÃO BANCÁRIA
20-03-2024 07:48:18.022Z;functions.check_payment_type;  VERIFICANDO INFORMAÇÕES
20-03-2024 07:48:21.346Z;functions.waitForImage;  DADOS BANCARIOS image found.
20-03-2024 07:48:21.463Z;functions.check_payment_type;  DADOS BANCARIOS
20-03-2024 07:48:23.464Z;functions.check_payment_type;  ENTROU DADOS BANCÁRIOS
20-03-2024 07:48:23.566Z;functions.check_payment_type;  APERTA TAB
20-03-2024 07:48:25.670Z;functions.check_payment_type;  CTRL C
20-03-2024 07:48:26.671Z;functions.check_payment_type;  DESCRICAO CORRETA BOLETO
20-03-2024 07:48:27.014Z;functions.waitForImage;  FORMA DE PAGAMENTO image found.
20-03-2024 07:48:29.024Z;functions.check_payment_type;  FORMA DE PAGAMENTO: TITULO DE COBRANÇA (BOLETO)
20-03-2024 07:48:31.363Z;functions.waitForImage;  PRESS BUTTON OK image found.
20-03-2024 07:48:33.483Z;functions.click_ok;  PRESS BUTTON OK
20-03-2024 07:48:35.803Z;functions.waitForImage;  PRESS BUTTON OK image found.
20-03-2024 07:48:37.937Z;functions.click_ok;  PRESS BUTTON OK
20-03-2024 07:48:42.040Z;functions.check_payment_type;  PASSANDO PARA PRÓXIMO REGISTRO
20-03-2024 07:48:52.144Z;functions.check_payment_type;  REF. LANÇAMENTO: 921329
20-03-2024 07:48:52.248Z;functions.check_payment_type;  ENTRANDO NO REGISTRO
20-03-2024 07:49:00.828Z;functions.waitForImage;  INTEGRAÇÃO BANCÁRIA image found.
20-03-2024 07:49:02.958Z;functions.check_payment_type;  CLICA EM INTEGRAÇÃO BANCÁRIA
20-03-2024 07:49:02.958Z;functions.check_payment_type;  VERIFICANDO INFORMAÇÕES
20-03-2024 07:49:06.285Z;functions.waitForImage;  DADOS BANCARIOS image found.
20-03-2024 07:49:06.404Z;functions.check_payment_type;  DADOS BANCARIOS
20-03-2024 07:49:08.405Z;functions.check_payment_type;  ENTROU DADOS BANCÁRIOS
20-03-2024 07:49:08.510Z;functions.check_payment_type;  APERTA TAB
20-03-2024 07:49:10.614Z;functions.check_payment_type;  CTRL C
20-03-2024 07:49:11.615Z;functions.check_payment_type;  DESCRICAO CORRETA BOLETO
20-03-2024 07:49:11.990Z;functions.waitForImage;  FORMA DE PAGAMENTO image found.
20-03-2024 07:49:14.005Z;functions.check_payment_type;  FORMA DE PAGAMENTO: TITULO DE COBRANÇA (BOLETO)
20-03-2024 07:49:16.348Z;functions.waitForImage;  PRESS BUTTON OK image found.
20-03-2024 07:49:18.480Z;functions.click_ok;  PRESS BUTTON OK
20-03-2024 07:49:20.853Z;functions.waitForImage;  PRESS BUTTON OK image found.
20-03-2024 07:49:22.983Z;functions.click_ok;  PRESS BUTTON OK
20-03-2024 07:49:27.086Z;functions.check_payment_type;  PASSANDO PARA PRÓXIMO REGISTRO
20-03-2024 07:49:37.192Z;functions.check_payment_type;  REF. LANÇAMENTO: 921368
20-03-2024 07:49:37.297Z;functions.check_payment_type;  ENTRANDO NO REGISTRO
20-03-2024 07:49:48.880Z;functions.waitForImage;  INTEGRAÇÃO BANCÁRIA image found.
20-03-2024 07:49:51.002Z;functions.check_payment_type;  CLICA EM INTEGRAÇÃO BANCÁRIA
20-03-2024 07:49:51.002Z;functions.check_payment_type;  VERIFICANDO INFORMAÇÕES
20-03-2024 07:49:54.350Z;functions.waitForImage;  DADOS BANCARIOS image found.
20-03-2024 07:49:54.482Z;functions.check_payment_type;  DADOS BANCARIOS
20-03-2024 07:49:56.483Z;functions.check_payment_type;  ENTROU DADOS BANCÁRIOS
20-03-2024 07:49:56.585Z;functions.check_payment_type;  APERTA TAB
20-03-2024 07:49:58.690Z;functions.check_payment_type;  CTRL C
20-03-2024 07:49:59.691Z;functions.check_payment_type;  DESCRICAO CORRETA BOLETO
20-03-2024 07:50:00.113Z;functions.waitForImage;  FORMA DE PAGAMENTO image found.
20-03-2024 07:50:02.118Z;functions.check_payment_type;  FORMA DE PAGAMENTO: TITULO DE COBRANÇA (BOLETO)
20-03-2024 07:50:04.447Z;functions.waitForImage;  PRESS BUTTON OK image found.
20-03-2024 07:50:06.571Z;functions.click_ok;  PRESS BUTTON OK
20-03-2024 07:50:08.937Z;functions.waitForImage;  PRESS BUTTON OK image found.
20-03-2024 07:50:11.057Z;functions.click_ok;  PRESS BUTTON OK
20-03-2024 07:50:15.160Z;functions.check_payment_type;  PASSANDO PARA PRÓXIMO REGISTRO
20-03-2024 07:50:25.265Z;functions.check_payment_type;  REF. LANÇAMENTO: 915219
20-03-2024 07:50:25.372Z;functions.check_payment_type;  ENTRANDO NO REGISTRO
20-03-2024 07:50:33.849Z;functions.waitForImage;  INTEGRAÇÃO BANCÁRIA image found.
20-03-2024 07:50:35.983Z;functions.check_payment_type;  CLICA EM INTEGRAÇÃO BANCÁRIA
20-03-2024 07:50:35.983Z;functions.check_payment_type;  VERIFICANDO INFORMAÇÕES
20-03-2024 07:50:39.315Z;functions.waitForImage;  DADOS BANCARIOS image found.
20-03-2024 07:50:39.448Z;functions.check_payment_type;  DADOS BANCARIOS
20-03-2024 07:50:41.449Z;functions.check_payment_type;  ENTROU DADOS BANCÁRIOS
20-03-2024 07:50:41.555Z;functions.check_payment_type;  APERTA TAB
20-03-2024 07:50:43.659Z;functions.check_payment_type;  CTRL C
20-03-2024 07:50:44.661Z;functions.check_payment_type;  DESCRICAO CORRETA BOLETO
20-03-2024 07:50:45.037Z;functions.waitForImage;  FORMA DE PAGAMENTO image found.
20-03-2024 07:50:47.037Z;functions.check_payment_type;  FORMA DE PAGAMENTO: TITULO DE COBRANÇA (BOLETO)
20-03-2024 07:50:49.397Z;functions.waitForImage;  PRESS BUTTON OK image found.
20-03-2024 07:50:51.518Z;functions.click_ok;  PRESS BUTTON OK
20-03-2024 07:50:53.887Z;functions.waitForImage;  PRESS BUTTON OK image found.
20-03-2024 07:50:56.007Z;functions.click_ok;  PRESS BUTTON OK
20-03-2024 07:51:00.111Z;functions.check_payment_type;  PASSANDO PARA PRÓXIMO REGISTRO
20-03-2024 07:51:10.216Z;functions.check_payment_type;  REF. LANÇAMENTO: 910617
20-03-2024 07:51:10.321Z;functions.check_payment_type;  ENTRANDO NO REGISTRO
20-03-2024 07:51:20.663Z;functions.waitForImage;  INTEGRAÇÃO BANCÁRIA image found.
20-03-2024 07:51:22.788Z;functions.check_payment_type;  CLICA EM INTEGRAÇÃO BANCÁRIA
20-03-2024 07:51:22.788Z;functions.check_payment_type;  VERIFICANDO INFORMAÇÕES
20-03-2024 07:51:26.128Z;functions.waitForImage;  DADOS BANCARIOS image found.
20-03-2024 07:51:26.263Z;functions.check_payment_type;  DADOS BANCARIOS
20-03-2024 07:51:28.264Z;functions.check_payment_type;  ENTROU DADOS BANCÁRIOS
20-03-2024 07:51:28.366Z;functions.check_payment_type;  APERTA TAB
20-03-2024 07:51:30.472Z;functions.check_payment_type;  CTRL C
20-03-2024 07:51:31.473Z;functions.check_payment_type;  DESCRICAO CORRETA BOLETO
20-03-2024 07:51:31.848Z;functions.waitForImage;  FORMA DE PAGAMENTO image found.
20-03-2024 07:51:33.863Z;functions.check_payment_type;  FORMA DE PAGAMENTO: TITULO DE COBRANÇA (BOLETO)
20-03-2024 07:51:36.206Z;functions.waitForImage;  PRESS BUTTON OK image found.
20-03-2024 07:51:38.337Z;functions.click_ok;  PRESS BUTTON OK
20-03-2024 07:51:40.700Z;functions.waitForImage;  PRESS BUTTON OK image found.
20-03-2024 07:51:42.822Z;functions.click_ok;  PRESS BUTTON OK
20-03-2024 07:51:44.824Z;functions.check_payment_type;  FORAM INCLUIDOS: 50 REFERENCIAS NO PROCESSAMENTO TED CIP
20-03-2024 07:54:12.362Z;functions.show_exception_and_exit;  'NoneType' object has no attribute 'click'
Traceback (most recent call last):
  File "C:\Projetos_Remessas\Remessa_Bancaria\main.py", line 156, in <module>
    result = process_lancamentos()
             ^^^^^^^^^^^^^^^^^^^^^
  File "C:\Projetos_Remessas\Remessa_Bancaria\SUBPROGRAMS\functions.py", line 623, in process_lancamentos
    click_combo.click()
    ^^^^^^^^^^^^^^^^^
AttributeError: 'NoneType' object has no attribute 'click'
20-03-2024 07:54:12.768Z;functions.show_exception_and_exit;  PRINT SALVO
20-03-2024 07:54:13.302Z;functions.show_exception_and_exit;  RM FECHADO
20-03-2024 07:54:16.316Z;errorhandler.__handle;  Property: Unknown Property name. [1:203: -ms-interpolation-mode]
20-03-2024 07:54:16.363Z;errorhandler.__handle;  Property: Unknown Property name. [1:353: -webkit-font-smoothing]
20-03-2024 07:54:16.378Z;errorhandler.__handle;  Property: Unknown Property name. [1:483: -ms-text-size-adjust]
20-03-2024 07:54:16.378Z;errorhandler.__handle;  Property: Unknown Property name. [1:518: -webkit-text-size-adjust]
20-03-2024 07:54:16.378Z;errorhandler.__handle;  Property: Unknown Property name. [1:612: mso-table-lspace]
20-03-2024 07:54:16.378Z;errorhandler.__handle;  Property: Unknown Property name. [1:642: mso-table-rspace]
20-03-2024 07:54:16.628Z;errorhandler.__handle;  Property: Unknown Property name. [1:4734: mso-hide]
20-03-2024 07:54:16.738Z;errorhandler.__handle;  Property: Unknown Property name. [1:13: -ms-interpolation-mode]
20-03-2024 07:54:16.738Z;errorhandler.__handle;  Property: Unknown Property name. [1:49: -webkit-font-smoothing]
20-03-2024 07:54:16.738Z;errorhandler.__handle;  Property: Unknown Property name. [1:134: -ms-text-size-adjust]
20-03-2024 07:54:16.738Z;errorhandler.__handle;  Property: Unknown Property name. [1:160: -webkit-text-size-adjust]
20-03-2024 07:54:16.738Z;errorhandler.__handle;  Property: Unknown Property name. [1:26: mso-table-lspace]
20-03-2024 07:54:16.738Z;errorhandler.__handle;  Property: Unknown Property name. [1:45: mso-table-rspace]
20-03-2024 07:54:16.784Z;errorhandler.__handle;  Property: Unknown Property name. [1:92: mso-hide]
20-03-2024 07:54:16.800Z;errorhandler.__handle;  Property: No ":" after name found: align-center [1:1: align-center]
20-03-2024 07:54:16.800Z;errorhandler.__handle;  Property: No property value found: align-center [1:1: align-center]
20-03-2024 07:54:16.800Z;errorhandler.__handle;  CSSStyleDeclaration: Syntax Error in Property: align-center
20-03-2024 07:54:16.800Z;errorhandler.__handle;  Property: Unknown Property name. [1:14: -ms-interpolation-mode]
20-03-2024 07:54:20.503Z;functions.show_exception_and_exit;  EMAIL EXCEÇÃO ENVIADO
20-03-2024 07:54:20.503Z;functions.show_exception_and_exit;  ERRO - <class 'AttributeError'> / 'NoneType' object has no attribute 'click'
