18-08-2024 17:03:42.514Z;functions.bot_text_art;      ____   
18-08-2024 17:03:42.515Z;functions.bot_text_art;     [____]    
18-08-2024 17:03:42.515Z;functions.bot_text_art;   |=]()()[=|  
18-08-2024 17:03:42.515Z;functions.bot_text_art;     _\==/__    _____    ____     _        _____    ___   _  __
18-08-2024 17:03:42.515Z;functions.bot_text_art;   |__|   |_|  |  _  \  / ___|   | |      |_   _| / ___| | |/ /
18-08-2024 17:03:42.516Z;functions.bot_text_art;   |_|_/\_|_|  | |  | | | |      | |        | |   | |    | ' / 
18-08-2024 17:03:42.516Z;functions.bot_text_art;   | | __ | |  | |  | | | |      | |        | |   | |    |  <  
18-08-2024 17:03:42.516Z;functions.bot_text_art;   |_|[  ]|_|  | |__| | | |____  | |____   _| |_  | |__  | . \ 
18-08-2024 17:03:42.518Z;functions.bot_text_art;   \_|_||_|_/  |_____/   \_____| |______| |_____| \ ___| |_|\_\
18-08-2024 17:03:42.518Z;functions.bot_text_art;     |_||_|                                                     
18-08-2024 17:03:42.518Z;functions.bot_text_art;     | ||_|_   
18-08-2024 17:03:42.519Z;functions.bot_text_art;   |___||___|  
18-08-2024 17:03:42.519Z;functions.bot_text_art;               
18-08-2024 17:03:42.535Z;functions.open_RM;  OPEN PROGRAM RM
18-08-2024 17:03:42.535Z;functions.caps;  DESATIVANDO CAPS
18-08-2024 17:03:42.535Z;functions.loggin_RM;  BUSCANDO LOGGIN RM
18-08-2024 17:03:54.333Z;functions.loggin_RM;  ENTER USER_NAME
18-08-2024 17:03:58.507Z;functions.loggin_RM;  ENTER PASSWORD
18-08-2024 17:03:59.520Z;functions.loggin_RM;  ENTER RM
18-08-2024 17:04:27.239Z;functions.enter_coligada;  CLICK CONTEXTO
18-08-2024 17:04:31.333Z;functions.enter_coligada;  CLICK ALTERAR MODULO DO CONTEXTO
18-08-2024 17:04:34.333Z;functions.enter_coligada;  INSERE O COLIGADA CODE = 1
18-08-2024 17:04:34.435Z;functions.enter_coligada;  APERTA TAB PARA PREENCHER O CAMPO COM A STRING: OCEANICA ENGENHARIA E CONSULTORIA S.A.
18-08-2024 17:04:35.989Z;functions.enter_coligada;  CLICK AVANÇAR NOVAMENTE
18-08-2024 17:04:37.020Z;functions.enter_coligada;  CLICK CONCLUIR
18-08-2024 17:04:57.483Z;functions.waitForImage;  TROCA COLIGADA image not found.
18-08-2024 17:05:06.817Z;functions.enter_coligada;  POP UP COLIGADA DESAPARECER
18-08-2024 17:05:07.614Z;functions.check_movimentacao_bancaria;  CLICK - TOTVS - LINHA RM
18-08-2024 17:05:08.989Z;functions.check_movimentacao_bancaria;  CLICK - BACK OFFICE
18-08-2024 17:05:11.458Z;functions.check_movimentacao_bancaria;  CLICK - GESTAO FINANCEIRA
18-08-2024 17:05:11.458Z;functions.movimentacao_bancaria;  AGUARDANDO 1
18-08-2024 17:05:16.333Z;functions.movimentacao_bancaria;  CLICA NA ABA MOVIMENTAÇÃO BANCARIA
18-08-2024 17:05:16.442Z;functions.waitForImage;  IMAGEM BORDERO image found.
18-08-2024 17:05:18.560Z;functions.movimentacao_bancaria;  IMAGEM BORDERO CLICADA.
18-08-2024 17:05:28.723Z;functions.waitForImage;  LICENCAS EXCEDIDAS image not found.
18-08-2024 17:08:29.551Z;functions.waitForImage;  IMAGEM BORDERO image not found.
18-08-2024 17:08:39.723Z;functions.waitForImage;  LICENCAS EXCEDIDAS image not found.
18-08-2024 17:11:40.427Z;functions.waitForImage;  IMAGEM BORDERO image not found.
18-08-2024 17:11:50.598Z;functions.waitForImage;  LICENCAS EXCEDIDAS image not found.
18-08-2024 17:13:51.395Z;functions.show_exception_and_exit;  'NoneType' object has no attribute 'click'
Traceback (most recent call last):
  File "C:\Projetos_Remessas\Remessa_Bancaria\main.py", line 16, in <module>
    check_movimentacao_bancaria()
  File "C:\Projetos_Remessas\Remessa_Bancaria\SUBPROGRAMS\functions.py", line 199, in check_movimentacao_bancaria
    movimentacao_bancaria()
  File "C:\Projetos_Remessas\Remessa_Bancaria\SUBPROGRAMS\functions.py", line 1113, in movimentacao_bancaria
    filtro_movimentacao.click()
    ^^^^^^^^^^^^^^^^^^^^^^^^^
AttributeError: 'NoneType' object has no attribute 'click'
18-08-2024 17:13:51.520Z;functions.show_exception_and_exit;  PRINT SALVO
18-08-2024 17:13:51.645Z;functions.show_exception_and_exit;  RM FECHADO
18-08-2024 17:13:54.552Z;errorhandler.__handle;  Property: Unknown Property name. [1:203: -ms-interpolation-mode]
18-08-2024 17:13:54.567Z;errorhandler.__handle;  Property: Unknown Property name. [1:353: -webkit-font-smoothing]
18-08-2024 17:13:54.567Z;errorhandler.__handle;  Property: Unknown Property name. [1:483: -ms-text-size-adjust]
18-08-2024 17:13:54.567Z;errorhandler.__handle;  Property: Unknown Property name. [1:518: -webkit-text-size-adjust]
18-08-2024 17:13:54.567Z;errorhandler.__handle;  Property: Unknown Property name. [1:612: mso-table-lspace]
18-08-2024 17:13:54.567Z;errorhandler.__handle;  Property: Unknown Property name. [1:642: mso-table-rspace]
18-08-2024 17:13:54.614Z;errorhandler.__handle;  Property: Unknown Property name. [1:4734: mso-hide]
18-08-2024 17:13:54.645Z;errorhandler.__handle;  Property: Unknown Property name. [1:13: -ms-interpolation-mode]
18-08-2024 17:13:54.645Z;errorhandler.__handle;  Property: Unknown Property name. [1:49: -webkit-font-smoothing]
18-08-2024 17:13:54.645Z;errorhandler.__handle;  Property: Unknown Property name. [1:134: -ms-text-size-adjust]
18-08-2024 17:13:54.645Z;errorhandler.__handle;  Property: Unknown Property name. [1:160: -webkit-text-size-adjust]
18-08-2024 17:13:54.645Z;errorhandler.__handle;  Property: Unknown Property name. [1:26: mso-table-lspace]
18-08-2024 17:13:54.645Z;errorhandler.__handle;  Property: Unknown Property name. [1:45: mso-table-rspace]
18-08-2024 17:13:54.645Z;errorhandler.__handle;  Property: Unknown Property name. [1:92: mso-hide]
18-08-2024 17:13:54.661Z;errorhandler.__handle;  Property: No ":" after name found: align-center [1:1: align-center]
18-08-2024 17:13:54.661Z;errorhandler.__handle;  Property: No property value found: align-center [1:1: align-center]
18-08-2024 17:13:54.661Z;errorhandler.__handle;  CSSStyleDeclaration: Syntax Error in Property: align-center
18-08-2024 17:13:54.661Z;errorhandler.__handle;  Property: Unknown Property name. [1:14: -ms-interpolation-mode]
18-08-2024 17:13:57.692Z;functions.show_exception_and_exit;  EMAIL EXCEÇÃO ENVIADO
