17-08-2024 08:23:05.631Z;functions.bot_text_art;      ____   
17-08-2024 08:23:05.646Z;functions.bot_text_art;     [____]    
17-08-2024 08:23:05.646Z;functions.bot_text_art;   |=]()()[=|  
17-08-2024 08:23:05.646Z;functions.bot_text_art;     _\==/__    _____    ____     _        _____    ___   _  __
17-08-2024 08:23:05.646Z;functions.bot_text_art;   |__|   |_|  |  _  \  / ___|   | |      |_   _| / ___| | |/ /
17-08-2024 08:23:05.646Z;functions.bot_text_art;   |_|_/\_|_|  | |  | | | |      | |        | |   | |    | ' / 
17-08-2024 08:23:05.646Z;functions.bot_text_art;   | | __ | |  | |  | | | |      | |        | |   | |    |  <  
17-08-2024 08:23:05.646Z;functions.bot_text_art;   |_|[  ]|_|  | |__| | | |____  | |____   _| |_  | |__  | . \ 
17-08-2024 08:23:05.646Z;functions.bot_text_art;   \_|_||_|_/  |_____/   \_____| |______| |_____| \ ___| |_|\_\
17-08-2024 08:23:05.646Z;functions.bot_text_art;     |_||_|                                                     
17-08-2024 08:23:05.646Z;functions.bot_text_art;     | ||_|_   
17-08-2024 08:23:05.646Z;functions.bot_text_art;   |___||___|  
17-08-2024 08:23:05.646Z;functions.bot_text_art;               
17-08-2024 08:23:05.646Z;functions.open_RM;  OPEN PROGRAM RM
17-08-2024 08:23:05.646Z;functions.caps;  DESATIVANDO CAPS
17-08-2024 08:23:05.646Z;functions.loggin_RM;  BUSCANDO LOGGIN RM
17-08-2024 08:23:13.787Z;functions.loggin_RM;  ENTER USER_NAME
17-08-2024 08:23:18.007Z;functions.loggin_RM;  ENTER PASSWORD
17-08-2024 08:23:19.084Z;functions.loggin_RM;  ENTER RM
17-08-2024 08:23:38.646Z;functions.enter_coligada;  CLICK CONTEXTO
17-08-2024 08:23:42.865Z;functions.enter_coligada;  CLICK ALTERAR MODULO DO CONTEXTO
17-08-2024 08:23:45.756Z;functions.enter_coligada;  INSERE O COLIGADA CODE = 1
17-08-2024 08:23:45.857Z;functions.enter_coligada;  APERTA TAB PARA PREENCHER O CAMPO COM A STRING: OCEANICA ENGENHARIA E CONSULTORIA S.A.
17-08-2024 08:23:47.177Z;functions.enter_coligada;  CLICK AVANÇAR NOVAMENTE
17-08-2024 08:23:48.209Z;functions.enter_coligada;  CLICK CONCLUIR
17-08-2024 08:24:08.662Z;functions.waitForImage;  TROCA COLIGADA image not found.
17-08-2024 08:24:17.865Z;functions.enter_coligada;  POP UP COLIGADA DESAPARECER
17-08-2024 08:24:18.646Z;functions.check_movimentacao_bancaria;  CLICK - TOTVS - LINHA RM
17-08-2024 08:24:19.990Z;functions.check_movimentacao_bancaria;  CLICK - BACK OFFICE
17-08-2024 08:24:22.458Z;functions.check_movimentacao_bancaria;  CLICK - GESTAO FINANCEIRA
17-08-2024 08:24:22.458Z;functions.movimentacao_bancaria;  AGUARDANDO 1
17-08-2024 08:24:27.302Z;functions.movimentacao_bancaria;  CLICA NA ABA MOVIMENTAÇÃO BANCARIA
17-08-2024 08:24:27.396Z;functions.waitForImage;  IMAGEM BORDERO image found.
17-08-2024 08:24:29.528Z;functions.movimentacao_bancaria;  IMAGEM BORDERO CLICADA.
17-08-2024 08:24:39.708Z;functions.waitForImage;  LICENCAS EXCEDIDAS image not found.
17-08-2024 08:24:40.333Z;functions.movimentacao_bancaria;  ENCONTROU O FILTRO DA MOVIMENTAÇÃO BANCÁRIA
17-08-2024 08:24:40.365Z;functions.movimentacao_bancaria;  CLICA NA ABA SUPERIOR DO FILTRO
17-08-2024 08:24:47.677Z;functions.movimentacao_bancaria;  SELECIONA O FILTRO HOJE
17-08-2024 08:25:07.943Z;functions.waitForImage;  FILTER CLEAN image not found.
17-08-2024 08:25:22.958Z;functions.waitForImage;  FILTER CLEAN image not found.
17-08-2024 08:25:38.052Z;functions.waitForImage;  FILTER CLEAN image not found.
17-08-2024 08:26:54.787Z;functions.movimentacao_bancaria;  SEM PROCESSAMENTO DE BORDERO
17-08-2024 08:27:20.083Z;functions.waitForImage;  FILTER CLEAN image not found.
17-08-2024 08:27:35.239Z;functions.waitForImage;  FILTER CLEAN image not found.
17-08-2024 08:27:50.676Z;functions.waitForImage;  FILTER CLEAN image not found.
17-08-2024 08:28:25.426Z;functions.processo_pagamento;  SEM REMESSA DE BORDERO AUTORIZADO
17-08-2024 08:28:26.528Z;functions.processo_pagamento;  FECHA ABA MOVIMENTAÇÕES BANCÁRIAS
17-08-2024 08:28:27.614Z;functions.enter_contas_a_pagar;  CLICK - TOTVS - LINHA RM
17-08-2024 08:28:28.801Z;functions.enter_contas_a_pagar;  CLICK - BACK OFFICE
17-08-2024 08:28:31.239Z;functions.enter_contas_a_pagar;  CLICK - GESTAO FINANCEIRA
17-08-2024 08:28:38.488Z;functions.enter_contas_a_pagar;  CLICK - CONTAS A PAGAR
17-08-2024 08:28:38.567Z;functions.waitForImage;  LANÇAMENTOS image found.
17-08-2024 08:28:40.684Z;functions.enter_contas_a_pagar;  CLICA EM LANÇAMENTOS
17-08-2024 08:28:55.863Z;functions.waitForImage;  LICENCAS EXCEDIDAS image not found.
17-08-2024 08:28:55.863Z;functions.obter_intervalo_data;  VERIFICANDO A HORA ATUAL 8
17-08-2024 08:28:55.863Z;functions.obter_intervalo_data;  Data Inicial BANCARIA antes da remoção: None
17-08-2024 08:28:55.863Z;functions.obter_intervalo_data;  Data Final BANCARIA antes da remoção: None
17-08-2024 08:28:55.879Z;functions.obter_intervalo_data;  Data Inicial BANCARIA após a remoção: None
17-08-2024 08:28:55.879Z;functions.obter_intervalo_data;  Data Final BANCARIA após a remoção: None
17-08-2024 08:28:55.879Z;functions.obter_intervalo_data;  hoje -  2024-08-17 08:28:55.879500
17-08-2024 08:28:55.879Z;functions.data_filter;  DATA INICIO 21-08-2024
17-08-2024 08:28:55.879Z;functions.data_filter;  DATA FIM 27-08-2024
17-08-2024 08:28:55.879Z;functions.data_filter;  CLICK - SELECIONA A DATA DE QUARTA FEIRA E DA PROXIMA TERÇA
17-08-2024 08:28:55.879Z;functions.data_filter;  QUARTA-FEIRA: 21-08-2024
17-08-2024 08:28:55.879Z;functions.data_filter;  TERCA-FEIRA: 27-08-2024
17-08-2024 08:29:12.635Z;functions.data_filter;  REMESSA BANCÁRIA - FILTRO DIGITADO
17-08-2024 08:29:13.426Z;functions.data_filter;  CLICK - BOTAO DE SELECAO DE FILTRO
17-08-2024 08:29:17.566Z;functions.data_filter;  INSERE - DATA DE QUARTA-FEIRA: 21-08-2024
17-08-2024 08:29:21.488Z;functions.data_filter;  INSERE - DATA DA PROX TERCA-FEIRA: 27-08-2024
17-08-2024 08:29:22.363Z;functions.data_filter;  CLICK - BOTAO DE EXECUTAR O FILTRO
17-08-2024 08:29:27.365Z;functions.desmark_filter;  AGUARDANDO 1
17-08-2024 08:29:31.363Z;functions.desmark_filter;  CLICK CHECKBOX LANÇAMENTOS A RECEBER
17-08-2024 08:29:32.894Z;functions.desmark_filter;  CLICK CHECKBOX LANÇAMENTOS BAIXADOS
17-08-2024 08:29:34.421Z;functions.desmark_filter;  CLICK CHECKBOX LANÇAMENTOS CANCELADOS
17-08-2024 08:29:35.984Z;functions.desmark_filter;  CLICK CHECKBOX LANÇAMENTOS FATURADOS
17-08-2024 08:29:37.535Z;functions.desmark_filter;  CLICK CHECKBOX LANÇAMENTOS FATURADOS
17-08-2024 08:29:42.613Z;functions.waitForImage;  FILTER CLEAN image found.
17-08-2024 08:29:44.723Z;functions.filter_clean;  CLICA NO BOTÃO X DO LIMPA FILTRO
17-08-2024 08:30:00.052Z;functions.waitForImage;  FILTER CLEAN image not found.
17-08-2024 08:30:15.394Z;functions.waitForImage;  FILTER CLEAN image not found.
17-08-2024 08:30:15.394Z;functions.check_table_record;  VERIFICANDO SE A TABELA ESTÁ VAZIA
17-08-2024 08:30:17.238Z;functions.check_table_record;  Texto extraido 1/294
17-08-2024 08:30:17.238Z;functions.check_table_record;  Count 294
17-08-2024 08:30:17.238Z;functions.check_table_record;  Type <class 'int'>
17-08-2024 08:30:17.238Z;functions.check_table_record;  TABELA CONTÉM REGISTROS
17-08-2024 08:30:28.513Z;functions.select_tipo_documento;  NOME DA COLUNA: Tipo de Documento
17-08-2024 08:30:30.224Z;functions.select_tipo_documento;  HOVER NOME DA COLUNA: Tipo de Documento
17-08-2024 08:30:30.945Z;functions.select_tipo_documento;  CLICA NO FILTRO PERSONALIZAR
17-08-2024 08:30:32.113Z;functions.select_tipo_documento;  CLICA PARA SELECIONAR OPÇÕES DO FILTRO
17-08-2024 08:30:38.537Z;functions.select_tipo_documento;  FILTRO "NÃO É IGUAL A INV" DEFINIDO
17-08-2024 08:30:39.363Z;functions.select_tipo_documento;  CLICK BUTTON CONFIRMAR FILTRO
17-08-2024 08:30:44.365Z;functions.filter_IPTE;  VERIFICANDO O COD DO CLIENTE EM CADA REGISTRO
17-08-2024 08:30:45.582Z;functions.filter_IPTE;  CLICA NA PRIMEIRA LINHA DA TABELA
17-08-2024 08:31:06.472Z;functions.filter_IPTE;  HOVER FILTER
17-08-2024 08:31:07.308Z;functions.filter_IPTE;  CLICK FILTER
17-08-2024 08:31:11.623Z;functions.filter_IPTE;  CLICA NO FILTRO PERSONALIZAR
17-08-2024 08:31:55.503Z;functions.filter_IPTE;  MOVIDO PRA CIMA 100 VEZES
17-08-2024 08:32:33.112Z;functions.filter_IPTE;  MOVIDO PRA CIMA MAIS 100 VEZES
17-08-2024 08:32:50.394Z;functions.filter_IPTE;  TABELA NÃO CONTÉM REGISTROS
17-08-2024 08:32:50.394Z;functions.check_table_record;  VERIFICANDO SE A TABELA ESTÁ VAZIA
17-08-2024 08:32:52.159Z;functions.check_table_record;  Texto extraido 0/0
17-08-2024 08:32:52.159Z;functions.check_table_record;  Count 0
17-08-2024 08:32:52.159Z;functions.check_table_record;  Type <class 'int'>
17-08-2024 08:32:52.159Z;functions.check_table_record;  SEM REGISTROS
17-08-2024 08:32:54.164Z;main.<module>;  SEM REMESSA BANCÁRIA
17-08-2024 08:32:54.164Z;functions.movimentacao_bancaria;  AGUARDANDO 1
17-08-2024 08:32:55.082Z;functions.movimentacao_bancaria;  CLICA NA ABA MOVIMENTAÇÃO BANCARIA
17-08-2024 08:32:55.181Z;functions.waitForImage;  IMAGEM BORDERO image found.
17-08-2024 08:32:57.284Z;functions.movimentacao_bancaria;  IMAGEM BORDERO CLICADA.
17-08-2024 08:33:07.409Z;functions.waitForImage;  LICENCAS EXCEDIDAS image not found.
17-08-2024 08:33:08.050Z;functions.movimentacao_bancaria;  ENCONTROU O FILTRO DA MOVIMENTAÇÃO BANCÁRIA
17-08-2024 08:33:08.081Z;functions.movimentacao_bancaria;  CLICA NA ABA SUPERIOR DO FILTRO
17-08-2024 08:33:15.387Z;functions.movimentacao_bancaria;  SELECIONA O FILTRO HOJE
17-08-2024 08:33:35.534Z;functions.waitForImage;  FILTER CLEAN image not found.
17-08-2024 08:33:50.565Z;functions.waitForImage;  FILTER CLEAN image not found.
17-08-2024 08:34:06.097Z;functions.waitForImage;  FILTER CLEAN image not found.
17-08-2024 08:35:22.659Z;functions.movimentacao_bancaria;  SEM PROCESSAMENTO DE BORDERO
17-08-2024 08:35:48.221Z;functions.waitForImage;  FILTER CLEAN image not found.
17-08-2024 08:36:03.237Z;functions.waitForImage;  FILTER CLEAN image not found.
17-08-2024 08:36:18.252Z;functions.waitForImage;  FILTER CLEAN image not found.
17-08-2024 08:36:52.971Z;functions.processo_pagamento;  SEM REMESSA DE BORDERO AUTORIZADO
17-08-2024 08:36:54.073Z;functions.processo_pagamento;  FECHA ABA MOVIMENTAÇÕES BANCÁRIAS
17-08-2024 08:36:54.893Z;functions.enter_contas_a_pagar;  CLICK - TOTVS - LINHA RM
17-08-2024 08:36:56.111Z;functions.enter_contas_a_pagar;  CLICK - BACK OFFICE
17-08-2024 08:36:56.924Z;functions.enter_contas_a_pagar;  CLICK - GESTAO FINANCEIRA
17-08-2024 08:37:04.111Z;functions.enter_contas_a_pagar;  CLICK - CONTAS A PAGAR
17-08-2024 08:37:04.190Z;functions.waitForImage;  LANÇAMENTOS image found.
17-08-2024 08:37:06.306Z;functions.enter_contas_a_pagar;  CLICA EM LANÇAMENTOS
17-08-2024 08:37:21.471Z;functions.waitForImage;  LICENCAS EXCEDIDAS image not found.
17-08-2024 08:37:21.471Z;functions.obter_intervalo_data;  VERIFICANDO A HORA ATUAL 8
17-08-2024 08:37:21.486Z;functions.obter_intervalo_data;  Data Inicial BANCARIA antes da remoção: None
17-08-2024 08:37:21.486Z;functions.obter_intervalo_data;  Data Final BANCARIA antes da remoção: None
17-08-2024 08:37:21.486Z;functions.obter_intervalo_data;  Data Inicial BANCARIA após a remoção: None
17-08-2024 08:37:21.486Z;functions.obter_intervalo_data;  Data Final BANCARIA após a remoção: None
17-08-2024 08:37:21.486Z;functions.obter_intervalo_data;  hoje -  2024-08-17 08:37:21.486560
17-08-2024 08:37:21.486Z;functions.data_filter;  DATA INICIO 21-08-2024
17-08-2024 08:37:21.486Z;functions.data_filter;  DATA FIM 27-08-2024
17-08-2024 08:37:21.486Z;functions.data_filter;  CLICK - SELECIONA A DATA DE QUARTA FEIRA E DA PROXIMA TERÇA
17-08-2024 08:37:21.486Z;functions.data_filter;  QUARTA-FEIRA: 21-08-2024
17-08-2024 08:37:21.486Z;functions.data_filter;  TERCA-FEIRA: 27-08-2024
17-08-2024 08:37:37.986Z;functions.data_filter;  REMESSA BANCÁRIA - FILTRO DIGITADO
17-08-2024 08:37:38.768Z;functions.data_filter;  CLICK - BOTAO DE SELECAO DE FILTRO
17-08-2024 08:37:42.861Z;functions.data_filter;  INSERE - DATA DE QUARTA-FEIRA: 21-08-2024
17-08-2024 08:37:46.736Z;functions.data_filter;  INSERE - DATA DA PROX TERCA-FEIRA: 27-08-2024
17-08-2024 08:37:47.611Z;functions.data_filter;  CLICK - BOTAO DE EXECUTAR O FILTRO
17-08-2024 08:37:52.613Z;functions.desmark_filter;  AGUARDANDO 1
17-08-2024 08:37:54.767Z;functions.desmark_filter;  CLICK CHECKBOX LANÇAMENTOS A RECEBER
17-08-2024 08:37:56.173Z;functions.desmark_filter;  CLICK CHECKBOX LANÇAMENTOS BAIXADOS
17-08-2024 08:37:57.446Z;functions.desmark_filter;  CLICK CHECKBOX LANÇAMENTOS CANCELADOS
17-08-2024 08:37:58.986Z;functions.desmark_filter;  CLICK CHECKBOX LANÇAMENTOS FATURADOS
17-08-2024 08:38:00.514Z;functions.desmark_filter;  CLICK CHECKBOX LANÇAMENTOS FATURADOS
17-08-2024 08:38:05.580Z;functions.waitForImage;  FILTER CLEAN image found.
17-08-2024 08:38:07.683Z;functions.filter_clean;  CLICA NO BOTÃO X DO LIMPA FILTRO
17-08-2024 08:38:22.720Z;functions.waitForImage;  FILTER CLEAN image not found.
17-08-2024 08:38:37.783Z;functions.waitForImage;  FILTER CLEAN image not found.
17-08-2024 08:38:38.751Z;functions.filter_forma_pagamento;  CLICA NA PRIMEIRA LINHA DA TABELA
17-08-2024 08:38:38.892Z;functions.filter_forma_pagamento;  CLICK NA PRIMEIRA LINHA E COLUNA DA TABELA
17-08-2024 08:38:55.099Z;functions.filter_forma_pagamento;  160 PASSOS PARA DIREITA NA TABELA >>
17-08-2024 08:38:58.220Z;functions.filter_forma_pagamento;  HOVER NOME DA COLUNA FORMA DE PAGAMENTO
17-08-2024 08:38:59.181Z;functions.filter_forma_pagamento;  CLICA PARA APARECER O FILTRO PERSONALIZAR
17-08-2024 08:39:02.495Z;functions.filter_forma_pagamento;  CLICA NO FILTRO PERSONALIZAR
17-08-2024 08:39:13.798Z;functions.filter_forma_pagamento;  Texto extraido 0/0
17-08-2024 08:39:13.798Z;functions.filter_forma_pagamento;  Count 0
17-08-2024 08:39:13.798Z;functions.filter_forma_pagamento;  Type <class 'int'>
17-08-2024 08:39:13.798Z;functions.filter_forma_pagamento;  SEM REGISTROS
17-08-2024 08:39:15.805Z;functions.check_table_record;  VERIFICANDO SE A TABELA ESTÁ VAZIA
17-08-2024 08:39:17.608Z;functions.check_table_record;  Texto extraido 0/0
17-08-2024 08:39:17.608Z;functions.check_table_record;  Count 0
17-08-2024 08:39:17.608Z;functions.check_table_record;  Type <class 'int'>
17-08-2024 08:39:17.608Z;functions.check_table_record;  SEM REGISTROS
17-08-2024 08:39:21.614Z;main.<module>;  SEM REMESSA DE TED CIP
17-08-2024 08:39:22.423Z;functions.enter_contas_a_pagar;  CLICK - TOTVS - LINHA RM
17-08-2024 08:39:23.267Z;functions.enter_contas_a_pagar;  CLICK - BACK OFFICE
17-08-2024 08:39:24.079Z;functions.enter_contas_a_pagar;  CLICK - GESTAO FINANCEIRA
17-08-2024 08:39:31.329Z;functions.enter_contas_a_pagar;  CLICK - CONTAS A PAGAR
17-08-2024 08:39:31.407Z;functions.waitForImage;  LANÇAMENTOS image found.
17-08-2024 08:39:33.524Z;functions.enter_contas_a_pagar;  CLICA EM LANÇAMENTOS
17-08-2024 08:39:48.657Z;functions.waitForImage;  LICENCAS EXCEDIDAS image not found.
17-08-2024 08:39:48.657Z;functions.obter_intervalo_data;  VERIFICANDO A HORA ATUAL 8
17-08-2024 08:39:48.673Z;functions.obter_intervalo_data;  Data Inicial BANCARIA antes da remoção: None
17-08-2024 08:39:48.673Z;functions.obter_intervalo_data;  Data Final BANCARIA antes da remoção: None
17-08-2024 08:39:48.673Z;functions.obter_intervalo_data;  Data Inicial BANCARIA após a remoção: None
17-08-2024 08:39:48.673Z;functions.obter_intervalo_data;  Data Final BANCARIA após a remoção: None
17-08-2024 08:39:48.673Z;functions.obter_intervalo_data;  hoje -  2024-08-17 08:39:48.673453
17-08-2024 08:39:48.673Z;functions.data_filter;  DATA INICIO 21-08-2024
17-08-2024 08:39:48.673Z;functions.data_filter;  DATA FIM 27-08-2024
17-08-2024 08:39:48.673Z;functions.data_filter;  CLICK - SELECIONA A DATA DE QUARTA FEIRA E DA PROXIMA TERÇA
17-08-2024 08:39:48.673Z;functions.data_filter;  QUARTA-FEIRA: 21-08-2024
17-08-2024 08:39:48.673Z;functions.data_filter;  TERCA-FEIRA: 27-08-2024
17-08-2024 08:40:05.163Z;functions.data_filter;  REMESSA BANCÁRIA - FILTRO DIGITADO
17-08-2024 08:40:06.204Z;functions.data_filter;  CLICK - BOTAO DE SELECAO DE FILTRO
17-08-2024 08:40:10.345Z;functions.data_filter;  INSERE - DATA DE QUARTA-FEIRA: 21-08-2024
17-08-2024 08:40:14.251Z;functions.data_filter;  INSERE - DATA DA PROX TERCA-FEIRA: 27-08-2024
17-08-2024 08:40:15.143Z;functions.data_filter;  CLICK - BOTAO DE EXECUTAR O FILTRO
17-08-2024 08:40:20.144Z;functions.desmark_filter;  AGUARDANDO 1
17-08-2024 08:40:22.298Z;functions.desmark_filter;  CLICK CHECKBOX LANÇAMENTOS A RECEBER
17-08-2024 08:40:23.763Z;functions.desmark_filter;  CLICK CHECKBOX LANÇAMENTOS BAIXADOS
17-08-2024 08:40:25.329Z;functions.desmark_filter;  CLICK CHECKBOX LANÇAMENTOS CANCELADOS
17-08-2024 08:40:26.892Z;functions.desmark_filter;  CLICK CHECKBOX LANÇAMENTOS FATURADOS
17-08-2024 08:40:28.485Z;functions.desmark_filter;  CLICK CHECKBOX LANÇAMENTOS FATURADOS
17-08-2024 08:40:33.564Z;functions.waitForImage;  FILTER CLEAN image found.
17-08-2024 08:40:35.681Z;functions.filter_clean;  CLICA NO BOTÃO X DO LIMPA FILTRO
17-08-2024 08:40:50.688Z;functions.waitForImage;  FILTER CLEAN image not found.
17-08-2024 08:41:05.782Z;functions.waitForImage;  FILTER CLEAN image not found.
17-08-2024 08:41:08.938Z;functions.filter_forma_pagamento_branco;  MOVIDO PRA CIMA 10 VEZES
17-08-2024 08:41:10.111Z;functions.filter_forma_pagamento_branco;  CLICK NA PRIMEIRA LINHA E COLUNA DA TABELA
17-08-2024 08:41:26.317Z;functions.filter_forma_pagamento_branco;  160 PASSOS PARA DIREITA NA TABELA >>
17-08-2024 08:41:29.485Z;functions.filter_forma_pagamento_branco;  HOVER NOME DA COLUNA FORMA DE PAGAMENTO
17-08-2024 08:41:30.430Z;functions.filter_forma_pagamento_branco;  CLICA PARA APARECER O FILTRO PERSONALIZAR
17-08-2024 08:41:33.746Z;functions.filter_forma_pagamento_branco;  CLICA NO FILTRO PERSONALIZAR
17-08-2024 08:41:41.173Z;functions.filter_forma_pagamento_branco;  Texto extraido 1/12
17-08-2024 08:41:41.173Z;functions.filter_forma_pagamento_branco;  Count 12
17-08-2024 08:41:41.173Z;functions.filter_forma_pagamento_branco;  Type <class 'int'>
17-08-2024 08:41:41.173Z;functions.filter_forma_pagamento_branco;  TABELA CONTÉM REGISTROS
17-08-2024 08:41:44.719Z;functions.filter_forma_pagamento_branco;  MOVIDO PRA CIMA 12 VEZES
17-08-2024 08:41:48.097Z;functions.check_table_record;  VERIFICANDO SE A TABELA ESTÁ VAZIA
17-08-2024 08:41:49.905Z;functions.check_table_record;  Texto extraido 1/12
17-08-2024 08:41:49.905Z;functions.check_table_record;  Count 12
17-08-2024 08:41:49.905Z;functions.check_table_record;  Type <class 'int'>
17-08-2024 08:41:49.905Z;functions.check_table_record;  TABELA CONTÉM REGISTROS
17-08-2024 08:41:49.905Z;functions.check_ted_branco;  VERIFICANDO O COD DO CLIENTE EM CADA REGISTRO
17-08-2024 08:41:50.954Z;functions.check_ted_branco;  CLICA NA PRIMEIRA LINHA DA TABELA
17-08-2024 08:41:55.058Z;functions.check_ted_branco;  REFERNCIA: 990056
17-08-2024 08:41:55.059Z;functions.check_ted_branco;  CONTAGEM: 1
17-08-2024 08:41:55.359Z;functions.check_ted_branco;  ENTRANDO NO REGISTRO 
17-08-2024 08:42:06.860Z;functions.waitForImage;  INTEGRAÇÃO BANCÁRIA image found.
17-08-2024 08:42:06.992Z;functions.check_ted_branco;  CLICA EM INTEGRAÇÃO BANCÁRIA
17-08-2024 08:42:06.992Z;functions.check_ted_branco;  VERIFICANDO INFORMAÇÕES
17-08-2024 08:42:07.079Z;functions.waitForImage;  TRES PONTINHOS image found.
17-08-2024 08:42:19.694Z;functions.check_ted_branco;  VERIFICANDO SE TEM PIX NO FILTRO
17-08-2024 08:42:19.750Z;functions.waitForImage;  CHECANDO DADOS BANCÁRIOS PIX image found.
17-08-2024 08:42:21.766Z;functions.check_ted_branco;  PIX NÃO ENCONTRADO PARA REFERENCIA: 990056
17-08-2024 08:42:25.473Z;functions.check_ted_branco;  APERTA EM CANCELAR
17-08-2024 08:42:25.548Z;functions.waitForImage;  PRESS BUTTON OK image found.
17-08-2024 08:42:27.681Z;functions.click_ok;  PRESS BUTTON OK
17-08-2024 08:42:40.112Z;functions.waitForImage;  ERROR GENERICO image not found.
17-08-2024 08:42:45.547Z;functions.waitForImage;  ERROR FILTRO PIX image not found.
17-08-2024 08:42:49.656Z;functions.check_ted_branco;  PASSANDO PARA PRÓXIMO REGISTRO
17-08-2024 08:42:53.758Z;functions.check_ted_branco;  REFERNCIA: 992554
17-08-2024 08:42:53.758Z;functions.check_ted_branco;  CONTAGEM: 2
17-08-2024 08:42:54.059Z;functions.check_ted_branco;  ENTRANDO NO REGISTRO 
17-08-2024 08:42:57.235Z;functions.waitForImage;  INTEGRAÇÃO BANCÁRIA image found.
17-08-2024 08:42:57.367Z;functions.check_ted_branco;  CLICA EM INTEGRAÇÃO BANCÁRIA
17-08-2024 08:42:57.367Z;functions.check_ted_branco;  VERIFICANDO INFORMAÇÕES
17-08-2024 08:42:58.031Z;functions.waitForImage;  TRES PONTINHOS image found.
17-08-2024 08:43:10.663Z;functions.check_ted_branco;  VERIFICANDO SE TEM PIX NO FILTRO
17-08-2024 08:43:10.719Z;functions.waitForImage;  CHECANDO DADOS BANCÁRIOS PIX image found.
17-08-2024 08:43:12.732Z;functions.check_ted_branco;  PIX NÃO ENCONTRADO PARA REFERENCIA: 992554
17-08-2024 08:43:16.445Z;functions.check_ted_branco;  APERTA EM CANCELAR
17-08-2024 08:43:16.500Z;functions.waitForImage;  PRESS BUTTON OK image found.
17-08-2024 08:43:18.618Z;functions.click_ok;  PRESS BUTTON OK
17-08-2024 08:43:31.000Z;functions.waitForImage;  ERROR GENERICO image not found.
17-08-2024 08:43:36.422Z;functions.waitForImage;  ERROR FILTRO PIX image not found.
17-08-2024 08:43:40.528Z;functions.check_ted_branco;  PASSANDO PARA PRÓXIMO REGISTRO
17-08-2024 08:43:44.631Z;functions.check_ted_branco;  REFERNCIA: 993355
17-08-2024 08:43:44.631Z;functions.check_ted_branco;  CONTAGEM: 3
17-08-2024 08:43:44.932Z;functions.check_ted_branco;  ENTRANDO NO REGISTRO 
17-08-2024 08:43:48.110Z;functions.waitForImage;  INTEGRAÇÃO BANCÁRIA image found.
17-08-2024 08:43:48.242Z;functions.check_ted_branco;  CLICA EM INTEGRAÇÃO BANCÁRIA
17-08-2024 08:43:48.242Z;functions.check_ted_branco;  VERIFICANDO INFORMAÇÕES
17-08-2024 08:43:48.906Z;functions.waitForImage;  TRES PONTINHOS image found.
17-08-2024 08:44:01.534Z;functions.check_ted_branco;  VERIFICANDO SE TEM PIX NO FILTRO
17-08-2024 08:44:01.594Z;functions.waitForImage;  CHECANDO DADOS BANCÁRIOS PIX image found.
17-08-2024 08:44:03.609Z;functions.check_ted_branco;  PIX NÃO ENCONTRADO PARA REFERENCIA: 993355
17-08-2024 08:44:07.324Z;functions.check_ted_branco;  APERTA EM CANCELAR
17-08-2024 08:44:07.375Z;functions.waitForImage;  PRESS BUTTON OK image found.
17-08-2024 08:44:09.492Z;functions.click_ok;  PRESS BUTTON OK
17-08-2024 08:44:21.906Z;functions.waitForImage;  ERROR GENERICO image not found.
17-08-2024 08:44:27.328Z;functions.waitForImage;  ERROR FILTRO PIX image not found.
17-08-2024 08:44:31.436Z;functions.check_ted_branco;  PASSANDO PARA PRÓXIMO REGISTRO
17-08-2024 08:44:35.539Z;functions.check_ted_branco;  REFERNCIA: 993406
17-08-2024 08:44:35.539Z;functions.check_ted_branco;  CONTAGEM: 4
17-08-2024 08:44:35.840Z;functions.check_ted_branco;  ENTRANDO NO REGISTRO 
17-08-2024 08:44:39.016Z;functions.waitForImage;  INTEGRAÇÃO BANCÁRIA image found.
17-08-2024 08:44:39.148Z;functions.check_ted_branco;  CLICA EM INTEGRAÇÃO BANCÁRIA
17-08-2024 08:44:39.148Z;functions.check_ted_branco;  VERIFICANDO INFORMAÇÕES
17-08-2024 08:44:39.232Z;functions.waitForImage;  TRES PONTINHOS image found.
17-08-2024 08:44:51.852Z;functions.check_ted_branco;  VERIFICANDO SE TEM PIX NO FILTRO
17-08-2024 08:44:51.906Z;functions.waitForImage;  CHECANDO DADOS BANCÁRIOS PIX image found.
17-08-2024 08:44:53.919Z;functions.check_ted_branco;  PIX NÃO ENCONTRADO PARA REFERENCIA: 993406
17-08-2024 08:44:57.626Z;functions.check_ted_branco;  APERTA EM CANCELAR
17-08-2024 08:44:57.687Z;functions.waitForImage;  PRESS BUTTON OK image found.
17-08-2024 08:44:59.805Z;functions.click_ok;  PRESS BUTTON OK
17-08-2024 08:45:12.281Z;functions.waitForImage;  ERROR GENERICO image not found.
17-08-2024 08:45:17.703Z;functions.waitForImage;  ERROR FILTRO PIX image not found.
17-08-2024 08:45:21.811Z;functions.check_ted_branco;  PASSANDO PARA PRÓXIMO REGISTRO
17-08-2024 08:45:25.914Z;functions.check_ted_branco;  REFERNCIA: 993456
17-08-2024 08:45:25.914Z;functions.check_ted_branco;  CONTAGEM: 5
17-08-2024 08:45:26.214Z;functions.check_ted_branco;  ENTRANDO NO REGISTRO 
17-08-2024 08:45:29.390Z;functions.waitForImage;  INTEGRAÇÃO BANCÁRIA image found.
17-08-2024 08:45:29.524Z;functions.check_ted_branco;  CLICA EM INTEGRAÇÃO BANCÁRIA
17-08-2024 08:45:29.524Z;functions.check_ted_branco;  VERIFICANDO INFORMAÇÕES
17-08-2024 08:45:29.609Z;functions.waitForImage;  TRES PONTINHOS image found.
17-08-2024 08:45:42.225Z;functions.check_ted_branco;  VERIFICANDO SE TEM PIX NO FILTRO
17-08-2024 08:45:42.281Z;functions.waitForImage;  CHECANDO DADOS BANCÁRIOS PIX image found.
17-08-2024 08:45:44.296Z;functions.check_ted_branco;  PIX NÃO ENCONTRADO PARA REFERENCIA: 993456
17-08-2024 08:45:48.005Z;functions.check_ted_branco;  APERTA EM CANCELAR
17-08-2024 08:45:48.062Z;functions.waitForImage;  PRESS BUTTON OK image found.
17-08-2024 08:45:50.180Z;functions.click_ok;  PRESS BUTTON OK
17-08-2024 08:46:02.609Z;functions.waitForImage;  ERROR GENERICO image not found.
17-08-2024 08:46:08.078Z;functions.waitForImage;  ERROR FILTRO PIX image not found.
17-08-2024 08:46:12.186Z;functions.check_ted_branco;  PASSANDO PARA PRÓXIMO REGISTRO
17-08-2024 08:46:16.289Z;functions.check_ted_branco;  REFERNCIA: 993477
17-08-2024 08:46:16.289Z;functions.check_ted_branco;  CONTAGEM: 6
17-08-2024 08:46:16.590Z;functions.check_ted_branco;  ENTRANDO NO REGISTRO 
17-08-2024 08:46:19.765Z;functions.waitForImage;  INTEGRAÇÃO BANCÁRIA image found.
17-08-2024 08:46:19.898Z;functions.check_ted_branco;  CLICA EM INTEGRAÇÃO BANCÁRIA
17-08-2024 08:46:19.898Z;functions.check_ted_branco;  VERIFICANDO INFORMAÇÕES
17-08-2024 08:46:20.562Z;functions.waitForImage;  TRES PONTINHOS image found.
17-08-2024 08:46:33.191Z;functions.check_ted_branco;  VERIFICANDO SE TEM PIX NO FILTRO
17-08-2024 08:46:33.265Z;functions.waitForImage;  CHECANDO DADOS BANCÁRIOS PIX image found.
17-08-2024 08:46:35.280Z;functions.check_ted_branco;  PIX NÃO ENCONTRADO PARA REFERENCIA: 993477
17-08-2024 08:46:38.990Z;functions.check_ted_branco;  APERTA EM CANCELAR
17-08-2024 08:46:39.062Z;functions.waitForImage;  PRESS BUTTON OK image found.
17-08-2024 08:46:41.180Z;functions.click_ok;  PRESS BUTTON OK
17-08-2024 08:46:53.718Z;functions.waitForImage;  ERROR GENERICO image not found.
17-08-2024 08:46:59.140Z;functions.waitForImage;  ERROR FILTRO PIX image not found.
17-08-2024 08:47:03.250Z;functions.check_ted_branco;  PASSANDO PARA PRÓXIMO REGISTRO
17-08-2024 08:47:07.354Z;functions.check_ted_branco;  REFERNCIA: 993509
17-08-2024 08:47:07.354Z;functions.check_ted_branco;  CONTAGEM: 7
17-08-2024 08:47:07.655Z;functions.check_ted_branco;  ENTRANDO NO REGISTRO 
17-08-2024 08:47:10.827Z;functions.waitForImage;  INTEGRAÇÃO BANCÁRIA image found.
17-08-2024 08:47:10.961Z;functions.check_ted_branco;  CLICA EM INTEGRAÇÃO BANCÁRIA
17-08-2024 08:47:10.961Z;functions.check_ted_branco;  VERIFICANDO INFORMAÇÕES
17-08-2024 08:47:11.042Z;functions.waitForImage;  TRES PONTINHOS image found.
17-08-2024 08:47:23.659Z;functions.check_ted_branco;  VERIFICANDO SE TEM PIX NO FILTRO
17-08-2024 08:47:23.734Z;functions.waitForImage;  CHECANDO DADOS BANCÁRIOS PIX image found.
17-08-2024 08:47:25.735Z;functions.check_ted_branco;  PIX NÃO ENCONTRADO PARA REFERENCIA: 993509
17-08-2024 08:47:29.444Z;functions.check_ted_branco;  APERTA EM CANCELAR
17-08-2024 08:47:29.500Z;functions.waitForImage;  PRESS BUTTON OK image found.
17-08-2024 08:47:31.616Z;functions.click_ok;  PRESS BUTTON OK
17-08-2024 08:47:44.093Z;functions.waitForImage;  ERROR GENERICO image not found.
17-08-2024 08:47:49.515Z;functions.waitForImage;  ERROR FILTRO PIX image not found.
17-08-2024 08:47:53.623Z;functions.check_ted_branco;  PASSANDO PARA PRÓXIMO REGISTRO
17-08-2024 08:47:57.726Z;functions.check_ted_branco;  REFERNCIA: 993614
17-08-2024 08:47:57.726Z;functions.check_ted_branco;  CONTAGEM: 8
17-08-2024 08:47:58.027Z;functions.check_ted_branco;  ENTRANDO NO REGISTRO 
17-08-2024 08:48:01.202Z;functions.waitForImage;  INTEGRAÇÃO BANCÁRIA image found.
17-08-2024 08:48:01.336Z;functions.check_ted_branco;  CLICA EM INTEGRAÇÃO BANCÁRIA
17-08-2024 08:48:01.336Z;functions.check_ted_branco;  VERIFICANDO INFORMAÇÕES
17-08-2024 08:48:02.015Z;functions.waitForImage;  TRES PONTINHOS image found.
17-08-2024 08:48:14.633Z;functions.check_ted_branco;  VERIFICANDO SE TEM PIX NO FILTRO
17-08-2024 08:48:14.687Z;functions.waitForImage;  CHECANDO DADOS BANCÁRIOS PIX image found.
17-08-2024 08:48:16.699Z;functions.check_ted_branco;  PIX NÃO ENCONTRADO PARA REFERENCIA: 993614
17-08-2024 08:48:20.407Z;functions.check_ted_branco;  APERTA EM CANCELAR
17-08-2024 08:48:20.483Z;functions.waitForImage;  PRESS BUTTON OK image found.
17-08-2024 08:48:22.616Z;functions.click_ok;  PRESS BUTTON OK
17-08-2024 08:48:35.138Z;functions.waitForImage;  ERROR GENERICO image not found.
17-08-2024 08:48:40.577Z;functions.waitForImage;  ERROR FILTRO PIX image not found.
17-08-2024 08:48:44.686Z;functions.check_ted_branco;  PASSANDO PARA PRÓXIMO REGISTRO
17-08-2024 08:48:48.789Z;functions.check_ted_branco;  REFERNCIA: 993149
17-08-2024 08:48:48.789Z;functions.check_ted_branco;  CONTAGEM: 9
17-08-2024 08:48:49.090Z;functions.check_ted_branco;  ENTRANDO NO REGISTRO 
17-08-2024 08:48:52.265Z;functions.waitForImage;  INTEGRAÇÃO BANCÁRIA image found.
17-08-2024 08:48:52.397Z;functions.check_ted_branco;  CLICA EM INTEGRAÇÃO BANCÁRIA
17-08-2024 08:48:52.397Z;functions.check_ted_branco;  VERIFICANDO INFORMAÇÕES
17-08-2024 08:48:53.077Z;functions.waitForImage;  TRES PONTINHOS image found.
17-08-2024 08:49:05.694Z;functions.check_ted_branco;  VERIFICANDO SE TEM PIX NO FILTRO
17-08-2024 08:49:05.765Z;functions.waitForImage;  CHECANDO DADOS BANCÁRIOS PIX image found.
17-08-2024 08:49:07.765Z;functions.check_ted_branco;  PIX NÃO ENCONTRADO PARA REFERENCIA: 993149
17-08-2024 08:49:11.478Z;functions.check_ted_branco;  APERTA EM CANCELAR
17-08-2024 08:49:11.530Z;functions.waitForImage;  PRESS BUTTON OK image found.
17-08-2024 08:49:13.647Z;functions.click_ok;  PRESS BUTTON OK
17-08-2024 08:49:25.655Z;functions.waitForImage;  ERROR GENERICO image not found.
17-08-2024 08:49:31.077Z;functions.waitForImage;  ERROR FILTRO PIX image not found.
17-08-2024 08:49:35.188Z;functions.check_ted_branco;  PASSANDO PARA PRÓXIMO REGISTRO
17-08-2024 08:49:39.291Z;functions.check_ted_branco;  REFERNCIA: 971428
17-08-2024 08:49:39.291Z;functions.check_ted_branco;  CONTAGEM: 10
17-08-2024 08:49:39.592Z;functions.check_ted_branco;  ENTRANDO NO REGISTRO 
17-08-2024 08:49:42.765Z;functions.waitForImage;  INTEGRAÇÃO BANCÁRIA image found.
17-08-2024 08:49:42.897Z;functions.check_ted_branco;  CLICA EM INTEGRAÇÃO BANCÁRIA
17-08-2024 08:49:42.897Z;functions.check_ted_branco;  VERIFICANDO INFORMAÇÕES
17-08-2024 08:49:42.981Z;functions.waitForImage;  TRES PONTINHOS image found.
17-08-2024 08:49:55.605Z;functions.check_ted_branco;  VERIFICANDO SE TEM PIX NO FILTRO
17-08-2024 08:49:55.702Z;functions.waitForImage;  CHECANDO DADOS BANCÁRIOS PIX image found.
17-08-2024 08:49:57.708Z;functions.check_ted_branco;  PIX NÃO ENCONTRADO PARA REFERENCIA: 971428
17-08-2024 08:50:01.415Z;functions.check_ted_branco;  APERTA EM CANCELAR
17-08-2024 08:50:01.499Z;functions.waitForImage;  PRESS BUTTON OK image found.
17-08-2024 08:50:03.615Z;functions.click_ok;  PRESS BUTTON OK
17-08-2024 08:50:16.092Z;functions.waitForImage;  ERROR GENERICO image not found.
17-08-2024 08:50:21.545Z;functions.waitForImage;  ERROR FILTRO PIX image not found.
17-08-2024 08:50:25.655Z;functions.check_ted_branco;  PASSANDO PARA PRÓXIMO REGISTRO
17-08-2024 08:50:29.758Z;functions.check_ted_branco;  REFERNCIA: 992459
17-08-2024 08:50:29.758Z;functions.check_ted_branco;  CONTAGEM: 11
17-08-2024 08:50:30.059Z;functions.check_ted_branco;  ENTRANDO NO REGISTRO 
17-08-2024 08:50:33.233Z;functions.waitForImage;  INTEGRAÇÃO BANCÁRIA image found.
17-08-2024 08:50:33.366Z;functions.check_ted_branco;  CLICA EM INTEGRAÇÃO BANCÁRIA
17-08-2024 08:50:33.366Z;functions.check_ted_branco;  VERIFICANDO INFORMAÇÕES
17-08-2024 08:50:33.449Z;functions.waitForImage;  TRES PONTINHOS image found.
17-08-2024 08:50:46.067Z;functions.check_ted_branco;  VERIFICANDO SE TEM PIX NO FILTRO
17-08-2024 08:50:46.139Z;functions.waitForImage;  CHECANDO DADOS BANCÁRIOS PIX image found.
17-08-2024 08:50:48.140Z;functions.check_ted_branco;  PIX NÃO ENCONTRADO PARA REFERENCIA: 992459
17-08-2024 08:50:51.848Z;functions.check_ted_branco;  APERTA EM CANCELAR
17-08-2024 08:50:51.905Z;functions.waitForImage;  PRESS BUTTON OK image found.
17-08-2024 08:50:54.023Z;functions.click_ok;  PRESS BUTTON OK
17-08-2024 08:51:06.592Z;functions.waitForImage;  ERROR GENERICO image not found.
17-08-2024 08:51:12.014Z;functions.waitForImage;  ERROR FILTRO PIX image not found.
17-08-2024 08:51:16.121Z;functions.check_ted_branco;  PASSANDO PARA PRÓXIMO REGISTRO
17-08-2024 08:51:20.224Z;functions.check_ted_branco;  REFERNCIA: 992813
17-08-2024 08:51:20.224Z;functions.check_ted_branco;  CONTAGEM: 12
17-08-2024 08:51:20.525Z;functions.check_ted_branco;  ENTRANDO NO REGISTRO 
17-08-2024 08:51:23.702Z;functions.waitForImage;  INTEGRAÇÃO BANCÁRIA image found.
17-08-2024 08:51:23.833Z;functions.check_ted_branco;  CLICA EM INTEGRAÇÃO BANCÁRIA
17-08-2024 08:51:23.833Z;functions.check_ted_branco;  VERIFICANDO INFORMAÇÕES
17-08-2024 08:51:23.921Z;functions.waitForImage;  TRES PONTINHOS image found.
17-08-2024 08:51:36.551Z;functions.check_ted_branco;  VERIFICANDO SE TEM PIX NO FILTRO
17-08-2024 08:51:36.639Z;functions.waitForImage;  CHECANDO DADOS BANCÁRIOS PIX image found.
17-08-2024 08:51:38.646Z;functions.check_ted_branco;  PIX NÃO ENCONTRADO PARA REFERENCIA: 992813
17-08-2024 08:51:42.354Z;functions.check_ted_branco;  APERTA EM CANCELAR
17-08-2024 08:51:42.405Z;functions.waitForImage;  PRESS BUTTON OK image found.
17-08-2024 08:51:44.521Z;functions.click_ok;  PRESS BUTTON OK
17-08-2024 08:51:56.873Z;functions.waitForImage;  ERROR GENERICO image not found.
17-08-2024 08:52:02.295Z;functions.waitForImage;  ERROR FILTRO PIX image not found.
17-08-2024 08:52:02.295Z;functions.check_ted_branco;  FORAM VERIFICADOS: 12 REFERENCIAS NO PROCESSAMENTO FORMA DE PAGAMENTO ELETRONICA EM BRANCO
17-08-2024 08:52:05.608Z;errorhandler.__handle;  Property: Unknown Property name. [1:203: -ms-interpolation-mode]
17-08-2024 08:52:05.608Z;errorhandler.__handle;  Property: Unknown Property name. [1:353: -webkit-font-smoothing]
17-08-2024 08:52:05.623Z;errorhandler.__handle;  Property: Unknown Property name. [1:483: -ms-text-size-adjust]
17-08-2024 08:52:05.623Z;errorhandler.__handle;  Property: Unknown Property name. [1:518: -webkit-text-size-adjust]
17-08-2024 08:52:05.623Z;errorhandler.__handle;  Property: Unknown Property name. [1:612: mso-table-lspace]
17-08-2024 08:52:05.623Z;errorhandler.__handle;  Property: Unknown Property name. [1:642: mso-table-rspace]
17-08-2024 08:52:05.670Z;errorhandler.__handle;  Property: Unknown Property name. [1:4734: mso-hide]
17-08-2024 08:52:05.686Z;errorhandler.__handle;  Property: Unknown Property name. [1:13: -ms-interpolation-mode]
17-08-2024 08:52:05.686Z;errorhandler.__handle;  Property: Unknown Property name. [1:49: -webkit-font-smoothing]
17-08-2024 08:52:05.686Z;errorhandler.__handle;  Property: Unknown Property name. [1:134: -ms-text-size-adjust]
17-08-2024 08:52:05.686Z;errorhandler.__handle;  Property: Unknown Property name. [1:160: -webkit-text-size-adjust]
17-08-2024 08:52:05.686Z;errorhandler.__handle;  Property: Unknown Property name. [1:26: mso-table-lspace]
17-08-2024 08:52:05.686Z;errorhandler.__handle;  Property: Unknown Property name. [1:45: mso-table-rspace]
17-08-2024 08:52:05.701Z;errorhandler.__handle;  Property: Unknown Property name. [1:92: mso-hide]
17-08-2024 08:52:05.701Z;errorhandler.__handle;  Property: No ":" after name found: align-center [1:1: align-center]
17-08-2024 08:52:05.701Z;errorhandler.__handle;  Property: No property value found: align-center [1:1: align-center]
17-08-2024 08:52:05.701Z;errorhandler.__handle;  CSSStyleDeclaration: Syntax Error in Property: align-center
17-08-2024 08:52:05.701Z;errorhandler.__handle;  Property: Unknown Property name. [1:14: -ms-interpolation-mode]
17-08-2024 08:52:08.186Z;functions.emailFinalizado;  Warning e-mail sent.
17-08-2024 08:52:08.186Z;main.<module>;  Remessa Bancária TED CIP com filtro de pagamento eletronica em branco modificadas para pix 
 PASSO 3 FINALIZADO
17-08-2024 08:52:08.186Z;main.<module>;  O PROGRAMA SERÁ ENCERRADO
17-08-2024 08:52:09.748Z;errorhandler.__handle;  Property: Unknown Property name. [1:14: -ms-interpolation-mode]
17-08-2024 08:52:12.170Z;functions.emailFinalizado;  Warning e-mail sent.
17-08-2024 08:52:12.326Z;functions.end_RM;  RM ENCERRADO
