25-05-2024 07:00:26.816Z;functions.bot_text_art;      ____   
25-05-2024 07:00:26.816Z;functions.bot_text_art;     [____]    
25-05-2024 07:00:26.816Z;functions.bot_text_art;   |=]()()[=|  
25-05-2024 07:00:26.816Z;functions.bot_text_art;     _\==/__    _____    ____     _        _____    ___   _  __
25-05-2024 07:00:26.816Z;functions.bot_text_art;   |__|   |_|  |  _  \  / ___|   | |      |_   _| / ___| | |/ /
25-05-2024 07:00:26.816Z;functions.bot_text_art;   |_|_/\_|_|  | |  | | | |      | |        | |   | |    | ' / 
25-05-2024 07:00:26.816Z;functions.bot_text_art;   | | __ | |  | |  | | | |      | |        | |   | |    |  <  
25-05-2024 07:00:26.816Z;functions.bot_text_art;   |_|[  ]|_|  | |__| | | |____  | |____   _| |_  | |__  | . \ 
25-05-2024 07:00:26.816Z;functions.bot_text_art;   \_|_||_|_/  |_____/   \_____| |______| |_____| \ ___| |_|\_\
25-05-2024 07:00:26.816Z;functions.bot_text_art;     |_||_|                                                     
25-05-2024 07:00:26.816Z;functions.bot_text_art;     | ||_|_   
25-05-2024 07:00:26.816Z;functions.bot_text_art;   |___||___|  
25-05-2024 07:00:26.816Z;functions.bot_text_art;               
25-05-2024 07:00:27.395Z;functions.open_RM;  OPEN PROGRAM RM
25-05-2024 07:00:49.233Z;functions.show_exception_and_exit;  Failed to set focus.
Traceback (most recent call last):
  File "C:\Projetos_Remessas\Remessa_Bancaria\main.py", line 13, in <module>
    loggin_RM()
  File "C:\Projetos_Remessas\Remessa_Bancaria\SUBPROGRAMS\functions.py", line 87, in loggin_RM
    user_rm.send_hotkey(f'{user}')
  File "C:\Projetos_Remessas\Remessa_Bancaria\venv\Lib\site-packages\clicknium\core\service\invokerservice.py", line 157, in wrapper
    raise exception;
    ^^^^^^^^^^^^^^^
clicknium.common.models.exceptions.WindowError: Failed to set focus.
