01-06-2024 07:00:46.769Z;functions.bot_text_art;      ____   
01-06-2024 07:00:46.769Z;functions.bot_text_art;     [____]    
01-06-2024 07:00:46.769Z;functions.bot_text_art;   |=]()()[=|  
01-06-2024 07:00:46.769Z;functions.bot_text_art;     _\==/__    _____    ____     _        _____    ___   _  __
01-06-2024 07:00:46.769Z;functions.bot_text_art;   |__|   |_|  |  _  \  / ___|   | |      |_   _| / ___| | |/ /
01-06-2024 07:00:46.769Z;functions.bot_text_art;   |_|_/\_|_|  | |  | | | |      | |        | |   | |    | ' / 
01-06-2024 07:00:46.769Z;functions.bot_text_art;   | | __ | |  | |  | | | |      | |        | |   | |    |  <  
01-06-2024 07:00:46.769Z;functions.bot_text_art;   |_|[  ]|_|  | |__| | | |____  | |____   _| |_  | |__  | . \ 
01-06-2024 07:00:46.784Z;functions.bot_text_art;   \_|_||_|_/  |_____/   \_____| |______| |_____| \ ___| |_|\_\
01-06-2024 07:00:46.784Z;functions.bot_text_art;     |_||_|                                                     
01-06-2024 07:00:46.784Z;functions.bot_text_art;     | ||_|_   
01-06-2024 07:00:46.784Z;functions.bot_text_art;   |___||___|  
01-06-2024 07:00:46.784Z;functions.bot_text_art;               
01-06-2024 07:00:47.456Z;functions.open_RM;  OPEN PROGRAM RM
01-06-2024 07:01:08.596Z;functions.loggin_RM;  ENTER USER_NAME
01-06-2024 07:01:13.816Z;functions.loggin_RM;  ENTER PASSWORD
01-06-2024 07:01:15.300Z;functions.loggin_RM;  ENTER RM
01-06-2024 07:08:24.893Z;functions.show_exception_and_exit;  'NoneType' object has no attribute 'click'
Traceback (most recent call last):
  File "C:\Projetos_Remessas\Remessa_Bancaria\main.py", line 15, in <module>
    enter_coligada()
  File "C:\Projetos_Remessas\Remessa_Bancaria\SUBPROGRAMS\functions.py", line 113, in enter_coligada
    click_context.click()
    ^^^^^^^^^^^^^^^^^^^
AttributeError: 'NoneType' object has no attribute 'click'
01-06-2024 07:08:25.829Z;functions.show_exception_and_exit;  PRINT SALVO
01-06-2024 07:08:26.282Z;functions.show_exception_and_exit;  RM FECHADO
01-06-2024 07:08:29.189Z;errorhandler.__handle;  Property: Unknown Property name. [1:203: -ms-interpolation-mode]
01-06-2024 07:08:29.220Z;errorhandler.__handle;  Property: Unknown Property name. [1:353: -webkit-font-smoothing]
01-06-2024 07:08:29.236Z;errorhandler.__handle;  Property: Unknown Property name. [1:483: -ms-text-size-adjust]
01-06-2024 07:08:29.236Z;errorhandler.__handle;  Property: Unknown Property name. [1:518: -webkit-text-size-adjust]
01-06-2024 07:08:29.236Z;errorhandler.__handle;  Property: Unknown Property name. [1:612: mso-table-lspace]
01-06-2024 07:08:29.236Z;errorhandler.__handle;  Property: Unknown Property name. [1:642: mso-table-rspace]
01-06-2024 07:08:29.489Z;errorhandler.__handle;  Property: Unknown Property name. [1:4734: mso-hide]
01-06-2024 07:08:29.596Z;errorhandler.__handle;  Property: Unknown Property name. [1:13: -ms-interpolation-mode]
01-06-2024 07:08:29.596Z;errorhandler.__handle;  Property: Unknown Property name. [1:49: -webkit-font-smoothing]
01-06-2024 07:08:29.596Z;errorhandler.__handle;  Property: Unknown Property name. [1:134: -ms-text-size-adjust]
01-06-2024 07:08:29.596Z;errorhandler.__handle;  Property: Unknown Property name. [1:160: -webkit-text-size-adjust]
01-06-2024 07:08:29.596Z;errorhandler.__handle;  Property: Unknown Property name. [1:26: mso-table-lspace]
01-06-2024 07:08:29.596Z;errorhandler.__handle;  Property: Unknown Property name. [1:45: mso-table-rspace]
01-06-2024 07:08:29.643Z;errorhandler.__handle;  Property: Unknown Property name. [1:92: mso-hide]
01-06-2024 07:08:29.658Z;errorhandler.__handle;  Property: No ":" after name found: align-center [1:1: align-center]
01-06-2024 07:08:29.658Z;errorhandler.__handle;  Property: No property value found: align-center [1:1: align-center]
01-06-2024 07:08:29.658Z;errorhandler.__handle;  CSSStyleDeclaration: Syntax Error in Property: align-center
01-06-2024 07:08:29.658Z;errorhandler.__handle;  Property: Unknown Property name. [1:14: -ms-interpolation-mode]
01-06-2024 07:08:36.111Z;functions.show_exception_and_exit;  EMAIL EXCEÇÃO ENVIADO
01-06-2024 07:08:36.111Z;functions.show_exception_and_exit;  ERRO - <class 'AttributeError'> / 'NoneType' object has no attribute 'click'
