01-06-2024 21:00:52.639Z;functions.bot_text_art;      ____   
01-06-2024 21:00:52.639Z;functions.bot_text_art;     [____]    
01-06-2024 21:00:52.639Z;functions.bot_text_art;   |=]()()[=|  
01-06-2024 21:00:52.639Z;functions.bot_text_art;     _\==/__    _____    ____     _        _____    ___   _  __
01-06-2024 21:00:52.639Z;functions.bot_text_art;   |__|   |_|  |  _  \  / ___|   | |      |_   _| / ___| | |/ /
01-06-2024 21:00:52.639Z;functions.bot_text_art;   |_|_/\_|_|  | |  | | | |      | |        | |   | |    | ' / 
01-06-2024 21:00:52.639Z;functions.bot_text_art;   | | __ | |  | |  | | | |      | |        | |   | |    |  <  
01-06-2024 21:00:52.639Z;functions.bot_text_art;   |_|[  ]|_|  | |__| | | |____  | |____   _| |_  | |__  | . \ 
01-06-2024 21:00:52.639Z;functions.bot_text_art;   \_|_||_|_/  |_____/   \_____| |______| |_____| \ ___| |_|\_\
01-06-2024 21:00:52.639Z;functions.bot_text_art;     |_||_|                                                     
01-06-2024 21:00:52.639Z;functions.bot_text_art;     | ||_|_   
01-06-2024 21:00:52.639Z;functions.bot_text_art;   |___||___|  
01-06-2024 21:00:52.639Z;functions.bot_text_art;               
01-06-2024 21:00:53.358Z;functions.open_RM;  OPEN PROGRAM RM
01-06-2024 21:01:18.576Z;functions.loggin_RM;  ENTER USER_NAME
01-06-2024 21:01:23.841Z;functions.loggin_RM;  ENTER PASSWORD
01-06-2024 21:01:25.811Z;functions.loggin_RM;  ENTER RM
01-06-2024 21:08:33.434Z;functions.show_exception_and_exit;  'NoneType' object has no attribute 'click'
Traceback (most recent call last):
  File "C:\Projetos_Remessas\Remessa_Bancaria\main.py", line 15, in <module>
    enter_coligada()
  File "C:\Projetos_Remessas\Remessa_Bancaria\SUBPROGRAMS\functions.py", line 113, in enter_coligada
    click_context.click()
    ^^^^^^^^^^^^^^^^^^^
AttributeError: 'NoneType' object has no attribute 'click'
01-06-2024 21:08:34.403Z;functions.show_exception_and_exit;  PRINT SALVO
01-06-2024 21:08:34.903Z;functions.show_exception_and_exit;  RM FECHADO
01-06-2024 21:08:38.388Z;errorhandler.__handle;  Property: Unknown Property name. [1:203: -ms-interpolation-mode]
01-06-2024 21:08:38.435Z;errorhandler.__handle;  Property: Unknown Property name. [1:353: -webkit-font-smoothing]
01-06-2024 21:08:38.450Z;errorhandler.__handle;  Property: Unknown Property name. [1:483: -ms-text-size-adjust]
01-06-2024 21:08:38.450Z;errorhandler.__handle;  Property: Unknown Property name. [1:518: -webkit-text-size-adjust]
01-06-2024 21:08:38.450Z;errorhandler.__handle;  Property: Unknown Property name. [1:612: mso-table-lspace]
01-06-2024 21:08:38.450Z;errorhandler.__handle;  Property: Unknown Property name. [1:642: mso-table-rspace]
01-06-2024 21:08:38.700Z;errorhandler.__handle;  Property: Unknown Property name. [1:4734: mso-hide]
01-06-2024 21:08:38.794Z;errorhandler.__handle;  Property: Unknown Property name. [1:13: -ms-interpolation-mode]
01-06-2024 21:08:38.810Z;errorhandler.__handle;  Property: Unknown Property name. [1:49: -webkit-font-smoothing]
01-06-2024 21:08:38.810Z;errorhandler.__handle;  Property: Unknown Property name. [1:134: -ms-text-size-adjust]
01-06-2024 21:08:38.810Z;errorhandler.__handle;  Property: Unknown Property name. [1:160: -webkit-text-size-adjust]
01-06-2024 21:08:38.810Z;errorhandler.__handle;  Property: Unknown Property name. [1:26: mso-table-lspace]
01-06-2024 21:08:38.810Z;errorhandler.__handle;  Property: Unknown Property name. [1:45: mso-table-rspace]
01-06-2024 21:08:38.856Z;errorhandler.__handle;  Property: Unknown Property name. [1:92: mso-hide]
01-06-2024 21:08:38.872Z;errorhandler.__handle;  Property: No ":" after name found: align-center [1:1: align-center]
01-06-2024 21:08:38.872Z;errorhandler.__handle;  Property: No property value found: align-center [1:1: align-center]
01-06-2024 21:08:38.872Z;errorhandler.__handle;  CSSStyleDeclaration: Syntax Error in Property: align-center
01-06-2024 21:08:38.872Z;errorhandler.__handle;  Property: Unknown Property name. [1:14: -ms-interpolation-mode]
01-06-2024 21:08:46.122Z;functions.show_exception_and_exit;  EMAIL EXCEÇÃO ENVIADO
01-06-2024 21:08:46.122Z;functions.show_exception_and_exit;  ERRO - <class 'AttributeError'> / 'NoneType' object has no attribute 'click'
