12-07-2024 18:42:47.341Z;functions.bot_text_art;      ____   
12-07-2024 18:42:47.341Z;functions.bot_text_art;     [____]    
12-07-2024 18:42:47.341Z;functions.bot_text_art;   |=]()()[=|  
12-07-2024 18:42:47.341Z;functions.bot_text_art;     _\==/__    _____    ____     _        _____    ___   _  __
12-07-2024 18:42:47.341Z;functions.bot_text_art;   |__|   |_|  |  _  \  / ___|   | |      |_   _| / ___| | |/ /
12-07-2024 18:42:47.341Z;functions.bot_text_art;   |_|_/\_|_|  | |  | | | |      | |        | |   | |    | ' / 
12-07-2024 18:42:47.341Z;functions.bot_text_art;   | | __ | |  | |  | | | |      | |        | |   | |    |  <  
12-07-2024 18:42:47.341Z;functions.bot_text_art;   |_|[  ]|_|  | |__| | | |____  | |____   _| |_  | |__  | . \ 
12-07-2024 18:42:47.341Z;functions.bot_text_art;   \_|_||_|_/  |_____/   \_____| |______| |_____| \ ___| |_|\_\
12-07-2024 18:42:47.341Z;functions.bot_text_art;     |_||_|                                                     
12-07-2024 18:42:47.341Z;functions.bot_text_art;     | ||_|_   
12-07-2024 18:42:47.341Z;functions.bot_text_art;   |___||___|  
12-07-2024 18:42:47.341Z;functions.bot_text_art;               
12-07-2024 18:42:47.357Z;functions.open_RM;  OPEN PROGRAM RM
12-07-2024 18:42:47.357Z;functions.caps;  DESATIVANDO CAPS
12-07-2024 18:42:47.357Z;functions.loggin_RM;  BUSCANDO LOGGIN RM
12-07-2024 18:42:59.435Z;functions.loggin_RM;  ENTER USER_NAME
12-07-2024 18:43:04.045Z;functions.loggin_RM;  ENTER PASSWORD
12-07-2024 18:43:05.451Z;functions.loggin_RM;  ENTER RM
12-07-2024 18:44:45.138Z;functions.enter_coligada;  CLICK CONTEXTO
12-07-2024 18:44:48.075Z;functions.enter_coligada;  CLICK ALTERAR MODULO DO CONTEXTO
12-07-2024 18:44:52.412Z;functions.enter_coligada;  INSERE O COLIGADA CODE = 1
12-07-2024 18:44:52.518Z;functions.enter_coligada;  APERTA TAB PARA PREENCHER O CAMPO COM A STRING: OCEANICA ENGENHARIA E CONSULTORIA S.A.
12-07-2024 18:44:54.669Z;functions.enter_coligada;  CLICK AVANÇAR NOVAMENTE
12-07-2024 18:44:55.919Z;functions.enter_coligada;  CLICK CONCLUIR
12-07-2024 18:45:16.106Z;functions.waitForImage;  TROCA COLIGADA image not found.
12-07-2024 18:45:34.012Z;functions.enter_coligada;  POP UP COLIGADA DESAPARECER
12-07-2024 18:45:35.419Z;functions.check_movimentacao_bancaria;  CLICK - TOTVS - LINHA RM
12-07-2024 18:45:37.481Z;functions.check_movimentacao_bancaria;  CLICK - BACK OFFICE
12-07-2024 18:45:40.231Z;functions.check_movimentacao_bancaria;  CLICK - GESTAO FINANCEIRA
12-07-2024 18:45:40.231Z;functions.movimentacao_bancaria;  AGUARDANDO 1
12-07-2024 18:45:45.919Z;functions.movimentacao_bancaria;  CLICA NA ABA MOVIMENTAÇÃO BANCARIA
12-07-2024 18:45:46.841Z;functions.waitForImage;  IMAGEM BORDERO image found.
12-07-2024 18:45:48.991Z;functions.movimentacao_bancaria;  IMAGEM BORDERO CLICADA.
12-07-2024 18:45:59.466Z;functions.waitForImage;  LICENCAS EXCEDIDAS image not found.
12-07-2024 18:46:00.169Z;functions.movimentacao_bancaria;  ENCONTROU O FILTRO DA MOVIMENTAÇÃO BANCÁRIA
12-07-2024 18:46:00.232Z;functions.movimentacao_bancaria;  CLICA NA ABA SUPERIOR DO FILTRO
12-07-2024 18:46:07.542Z;functions.movimentacao_bancaria;  SELECIONA O FILTRO HOJE
12-07-2024 18:46:12.731Z;functions.waitForImage;  FILTER CLEAN image found.
12-07-2024 18:46:14.866Z;functions.filter_clean;  CLICA NO BOTÃO X DO LIMPA FILTRO
12-07-2024 18:46:15.044Z;functions.waitForImage;  FILTER CLEAN image found.
12-07-2024 18:46:17.176Z;functions.filter_clean;  CLICA NO BOTÃO X DO LIMPA FILTRO
12-07-2024 18:46:32.481Z;functions.waitForImage;  FILTER CLEAN image not found.
12-07-2024 18:46:34.169Z;functions.movimentacao_bancaria;  CLICA NA PRIMEIRA LINHA DA TABELA MOVIMENTAÇÃO BANCÁRIA
12-07-2024 18:46:35.825Z;functions.movimentacao_bancaria;  CLICA NA PRIMEIRA LINHA DA TABELA MOVIMENTAÇÃO BANCÁRIA
12-07-2024 18:46:37.049Z;functions.movimentacao_bancaria;  12 PASSOS PARA DIREITA NA TABELA >>
12-07-2024 18:46:39.278Z;functions.movimentacao_bancaria;  HOVER FILTER
12-07-2024 18:46:39.845Z;functions.movimentacao_bancaria;  CLICK FILTER
12-07-2024 18:46:44.171Z;functions.movimentacao_bancaria;  CLICA NO FILTRO  STATUS DA REMESSA
12-07-2024 18:46:46.274Z;functions.movimentacao_bancaria;  APERTA TAB PARA ESCREVER O FILTRO
12-07-2024 18:46:48.387Z;functions.movimentacao_bancaria;  ESCREVE PENDENTE NO FILTRO
12-07-2024 18:46:50.490Z;functions.movimentacao_bancaria;  APERTA ENTER PARA SELECIONAR OS PENDENTES
12-07-2024 18:47:11.028Z;functions.movimentacao_bancaria;  SEM PROCESSAMENTO DE BORDERO PENDENTE
12-07-2024 18:47:21.200Z;functions.waitForImage;  FILTER CLEAN image found.
12-07-2024 18:47:23.334Z;functions.filter_clean;  CLICA NO BOTÃO X DO LIMPA FILTRO
12-07-2024 18:47:38.668Z;functions.waitForImage;  FILTER CLEAN image not found.
12-07-2024 18:47:53.981Z;functions.waitForImage;  FILTER CLEAN image not found.
12-07-2024 18:47:55.825Z;functions.processo_pagamento;  CLICA NA PRIMEIRA LINHA DA TABELA MOVIMENTAÇÃO BANCÁRIA
12-07-2024 18:47:58.012Z;functions.processo_pagamento;  HOVER FILTER
12-07-2024 18:47:58.582Z;functions.processo_pagamento;  CLICK FILTER
12-07-2024 18:48:02.915Z;functions.processo_pagamento;  CLICA NO FILTRO  STATUS DA REMESSA
12-07-2024 18:48:05.018Z;functions.processo_pagamento;  APERTA TAB PARA ESCREVER O FILTRO
12-07-2024 18:48:07.138Z;functions.processo_pagamento;  ESCREVE AUTORIZADO NO FILTRO
12-07-2024 18:48:09.240Z;functions.processo_pagamento;  APERTA ENTER PARA SELECIONAR OS AUTORIZADOS
12-07-2024 18:48:16.287Z;functions.processo_pagamento;  6 PASSOS PARA ESQUERDA NA TABELA <<
12-07-2024 18:48:17.304Z;functions.processo_pagamento;  10 PASSOS PARA cima NA TABELA <<
12-07-2024 18:48:19.981Z;functions.check_user_bot;  Texto extraido 1/1
12-07-2024 18:48:19.981Z;functions.check_user_bot;  Count 1
12-07-2024 18:48:19.981Z;functions.check_user_bot;  Type <class 'int'>
12-07-2024 18:48:22.098Z;functions.check_user_bot;  CHECK USER BOT 1
12-07-2024 18:48:24.100Z;functions.check_user_bot;  croliveira3
12-07-2024 18:48:24.100Z;functions.check_user_bot;  O USUÁRIO NÃO É INTEGRAÇÃO PARA ESSA REMESSA PARA PARA DE BAIXO
12-07-2024 18:48:24.204Z;functions.check_user_bot;  COUNT1: 0
12-07-2024 18:48:25.309Z;functions.processo_pagamento;  FECHA ABA MOVIMENTAÇÕES BANCÁRIAS
12-07-2024 18:48:27.106Z;functions.enter_contas_a_pagar;  CLICK - TOTVS - LINHA RM
12-07-2024 18:48:28.950Z;functions.enter_contas_a_pagar;  CLICK - BACK OFFICE
12-07-2024 18:48:29.918Z;functions.enter_contas_a_pagar;  CLICK - GESTAO FINANCEIRA
12-07-2024 18:48:35.700Z;functions.enter_contas_a_pagar;  CLICK - CONTAS A PAGAR
12-07-2024 18:48:36.575Z;functions.waitForImage;  LANÇAMENTOS image found.
12-07-2024 18:48:38.708Z;functions.enter_contas_a_pagar;  CLICA EM LANÇAMENTOS
12-07-2024 18:48:54.215Z;functions.waitForImage;  LICENCAS EXCEDIDAS image not found.
12-07-2024 18:48:54.215Z;functions.obter_intervalo_data;  VERIFICANDO A HORA ATUAL 18
12-07-2024 18:48:54.246Z;functions.obter_intervalo_data;  Data Inicial BANCARIA antes da remoção: None
12-07-2024 18:48:54.246Z;functions.obter_intervalo_data;  Data Final BANCARIA antes da remoção: None
12-07-2024 18:48:54.246Z;functions.obter_intervalo_data;  Data Inicial BANCARIA após a remoção: None
12-07-2024 18:48:54.246Z;functions.obter_intervalo_data;  Data Final BANCARIA após a remoção: None
12-07-2024 18:48:54.246Z;functions.obter_intervalo_data;  hoje -  2024-07-12 18:48:54.246833
12-07-2024 18:48:54.246Z;functions.data_filter;  DATA INICIO 17-07-2024
12-07-2024 18:48:54.246Z;functions.data_filter;  DATA FIM 23-07-2024
12-07-2024 18:48:54.246Z;functions.data_filter;  CLICK - SELECIONA A DATA DE QUARTA FEIRA E DA PROXIMA TERÇA
12-07-2024 18:48:54.246Z;functions.data_filter;  QUARTA-FEIRA: 17-07-2024
12-07-2024 18:48:54.246Z;functions.data_filter;  TERCA-FEIRA: 23-07-2024
12-07-2024 18:49:11.217Z;functions.data_filter;  REMESSA BANCÁRIA - FILTRO DIGITADO
12-07-2024 18:49:12.201Z;functions.data_filter;  CLICK - BOTAO DE SELECAO DE FILTRO
12-07-2024 18:49:16.965Z;functions.data_filter;  INSERE - DATA DE QUARTA-FEIRA: 17-07-2024
12-07-2024 18:49:21.278Z;functions.data_filter;  INSERE - DATA DA PROX TERCA-FEIRA: 23-07-2024
12-07-2024 18:49:22.423Z;functions.data_filter;  CLICK - BOTAO DE EXECUTAR O FILTRO
12-07-2024 18:49:27.424Z;functions.desmark_filter;  AGUARDANDO 1
12-07-2024 18:49:29.637Z;functions.desmark_filter;  CLICK CHECKBOX LANÇAMENTOS A RECEBER
12-07-2024 18:49:32.140Z;functions.desmark_filter;  CLICK CHECKBOX LANÇAMENTOS BAIXADOS
12-07-2024 18:49:34.574Z;functions.desmark_filter;  CLICK CHECKBOX LANÇAMENTOS CANCELADOS
12-07-2024 18:49:37.043Z;functions.desmark_filter;  CLICK CHECKBOX LANÇAMENTOS FATURADOS
12-07-2024 18:49:39.910Z;functions.desmark_filter;  CLICK CHECKBOX LANÇAMENTOS FATURADOS
12-07-2024 18:49:45.105Z;functions.waitForImage;  FILTER CLEAN image found.
12-07-2024 18:49:47.239Z;functions.filter_clean;  CLICA NO BOTÃO X DO LIMPA FILTRO
12-07-2024 18:50:02.543Z;functions.waitForImage;  FILTER CLEAN image not found.
12-07-2024 18:50:17.855Z;functions.waitForImage;  FILTER CLEAN image not found.
12-07-2024 18:50:17.855Z;functions.check_table_record;  VERIFICANDO SE A TABELA ESTÁ VAZIA
12-07-2024 18:50:20.965Z;functions.check_table_record;  Texto extraido 0/0
12-07-2024 18:50:20.965Z;functions.check_table_record;  Count 0
12-07-2024 18:50:20.965Z;functions.check_table_record;  Type <class 'int'>
12-07-2024 18:50:20.965Z;functions.check_table_record;  SEM REGISTROS
12-07-2024 18:50:22.975Z;functions.movimentacao_bancaria;  AGUARDANDO 1
12-07-2024 18:50:24.199Z;functions.movimentacao_bancaria;  CLICA NA ABA MOVIMENTAÇÃO BANCARIA
12-07-2024 18:50:24.418Z;functions.waitForImage;  IMAGEM BORDERO image found.
12-07-2024 18:50:26.522Z;functions.movimentacao_bancaria;  IMAGEM BORDERO CLICADA.
12-07-2024 18:50:36.559Z;functions.waitForImage;  LICENCAS EXCEDIDAS image not found.
12-07-2024 18:50:37.277Z;functions.movimentacao_bancaria;  ENCONTROU O FILTRO DA MOVIMENTAÇÃO BANCÁRIA
12-07-2024 18:50:37.328Z;functions.movimentacao_bancaria;  CLICA NA ABA SUPERIOR DO FILTRO
12-07-2024 18:50:44.637Z;functions.movimentacao_bancaria;  SELECIONA O FILTRO HOJE
12-07-2024 18:50:49.824Z;functions.waitForImage;  FILTER CLEAN image found.
12-07-2024 18:50:51.958Z;functions.filter_clean;  CLICA NO BOTÃO X DO LIMPA FILTRO
12-07-2024 18:51:07.295Z;functions.waitForImage;  FILTER CLEAN image not found.
12-07-2024 18:51:22.652Z;functions.waitForImage;  FILTER CLEAN image not found.
12-07-2024 18:51:24.261Z;functions.movimentacao_bancaria;  CLICA NA PRIMEIRA LINHA DA TABELA MOVIMENTAÇÃO BANCÁRIA
12-07-2024 18:51:25.718Z;functions.movimentacao_bancaria;  CLICA NA PRIMEIRA LINHA DA TABELA MOVIMENTAÇÃO BANCÁRIA
12-07-2024 18:51:26.940Z;functions.movimentacao_bancaria;  12 PASSOS PARA DIREITA NA TABELA >>
12-07-2024 18:51:29.230Z;functions.movimentacao_bancaria;  HOVER FILTER
12-07-2024 18:51:29.833Z;functions.movimentacao_bancaria;  CLICK FILTER
12-07-2024 18:51:34.170Z;functions.movimentacao_bancaria;  CLICA NO FILTRO  STATUS DA REMESSA
12-07-2024 18:51:36.273Z;functions.movimentacao_bancaria;  APERTA TAB PARA ESCREVER O FILTRO
12-07-2024 18:51:38.389Z;functions.movimentacao_bancaria;  ESCREVE PENDENTE NO FILTRO
12-07-2024 18:51:40.492Z;functions.movimentacao_bancaria;  APERTA ENTER PARA SELECIONAR OS PENDENTES
12-07-2024 18:52:01.136Z;functions.movimentacao_bancaria;  SEM PROCESSAMENTO DE BORDERO PENDENTE
12-07-2024 18:52:11.324Z;functions.waitForImage;  FILTER CLEAN image found.
12-07-2024 18:52:13.459Z;functions.filter_clean;  CLICA NO BOTÃO X DO LIMPA FILTRO
12-07-2024 18:52:28.793Z;functions.waitForImage;  FILTER CLEAN image not found.
12-07-2024 18:52:44.167Z;functions.waitForImage;  FILTER CLEAN image not found.
12-07-2024 18:52:46.074Z;functions.processo_pagamento;  CLICA NA PRIMEIRA LINHA DA TABELA MOVIMENTAÇÃO BANCÁRIA
12-07-2024 18:52:48.215Z;functions.processo_pagamento;  HOVER FILTER
12-07-2024 18:52:48.800Z;functions.processo_pagamento;  CLICK FILTER
12-07-2024 18:52:53.135Z;functions.processo_pagamento;  CLICA NO FILTRO  STATUS DA REMESSA
12-07-2024 18:52:55.238Z;functions.processo_pagamento;  APERTA TAB PARA ESCREVER O FILTRO
12-07-2024 18:52:57.358Z;functions.processo_pagamento;  ESCREVE AUTORIZADO NO FILTRO
12-07-2024 18:52:59.461Z;functions.processo_pagamento;  APERTA ENTER PARA SELECIONAR OS AUTORIZADOS
12-07-2024 18:53:06.566Z;functions.processo_pagamento;  6 PASSOS PARA ESQUERDA NA TABELA <<
12-07-2024 18:53:07.583Z;functions.processo_pagamento;  10 PASSOS PARA cima NA TABELA <<
12-07-2024 18:53:10.386Z;functions.check_user_bot;  Texto extraido 1/1
12-07-2024 18:53:10.386Z;functions.check_user_bot;  Count 1
12-07-2024 18:53:10.402Z;functions.check_user_bot;  Type <class 'int'>
12-07-2024 18:53:12.506Z;functions.check_user_bot;  CHECK USER BOT 1
12-07-2024 18:53:14.507Z;functions.check_user_bot;  croliveira3
12-07-2024 18:53:14.507Z;functions.check_user_bot;  O USUÁRIO NÃO É INTEGRAÇÃO PARA ESSA REMESSA PARA PARA DE BAIXO
12-07-2024 18:53:14.611Z;functions.check_user_bot;  COUNT1: 0
12-07-2024 18:53:15.715Z;functions.processo_pagamento;  FECHA ABA MOVIMENTAÇÕES BANCÁRIAS
12-07-2024 18:53:15.715Z;main.<module>;  SEM REMESSA BANCÁRIA
12-07-2024 18:53:15.715Z;main.<module>;  ENCERRANDO O RM
12-07-2024 18:53:18.214Z;errorhandler.__handle;  Property: Unknown Property name. [1:203: -ms-interpolation-mode]
12-07-2024 18:53:18.245Z;errorhandler.__handle;  Property: Unknown Property name. [1:353: -webkit-font-smoothing]
12-07-2024 18:53:18.261Z;errorhandler.__handle;  Property: Unknown Property name. [1:483: -ms-text-size-adjust]
12-07-2024 18:53:18.261Z;errorhandler.__handle;  Property: Unknown Property name. [1:518: -webkit-text-size-adjust]
12-07-2024 18:53:18.261Z;errorhandler.__handle;  Property: Unknown Property name. [1:612: mso-table-lspace]
12-07-2024 18:53:18.261Z;errorhandler.__handle;  Property: Unknown Property name. [1:642: mso-table-rspace]
12-07-2024 18:53:18.495Z;errorhandler.__handle;  Property: Unknown Property name. [1:4734: mso-hide]
12-07-2024 18:53:18.605Z;errorhandler.__handle;  Property: Unknown Property name. [1:13: -ms-interpolation-mode]
12-07-2024 18:53:18.605Z;errorhandler.__handle;  Property: Unknown Property name. [1:49: -webkit-font-smoothing]
12-07-2024 18:53:18.605Z;errorhandler.__handle;  Property: Unknown Property name. [1:134: -ms-text-size-adjust]
12-07-2024 18:53:18.605Z;errorhandler.__handle;  Property: Unknown Property name. [1:160: -webkit-text-size-adjust]
12-07-2024 18:53:18.605Z;errorhandler.__handle;  Property: Unknown Property name. [1:26: mso-table-lspace]
12-07-2024 18:53:18.605Z;errorhandler.__handle;  Property: Unknown Property name. [1:45: mso-table-rspace]
12-07-2024 18:53:18.636Z;errorhandler.__handle;  Property: Unknown Property name. [1:92: mso-hide]
12-07-2024 18:53:18.652Z;errorhandler.__handle;  Property: No ":" after name found: align-center [1:1: align-center]
12-07-2024 18:53:18.652Z;errorhandler.__handle;  Property: No property value found: align-center [1:1: align-center]
12-07-2024 18:53:18.652Z;errorhandler.__handle;  CSSStyleDeclaration: Syntax Error in Property: align-center
12-07-2024 18:53:18.652Z;errorhandler.__handle;  Property: Unknown Property name. [1:14: -ms-interpolation-mode]
12-07-2024 18:53:21.136Z;functions.emailFinalizado;  Warning e-mail sent.
12-07-2024 18:53:21.136Z;main.<module>;  FECHA O PROGRAMA
12-07-2024 18:53:23.150Z;main.<module>;  RM ENCERRADO
