01-03-2024 16:17:45.054Z;functions.check_ted_branco;  VERIFICANDO O COD DO CLIENTE EM CADA REGISTRO
01-03-2024 16:17:48.053Z;functions.check_ted_branco;  CLICA NA PRIMEIRA LINHA DA TABELA
01-03-2024 16:17:49.765Z;functions.check_ted_branco;  ENTRANDO NO REGISTRO 
01-03-2024 16:17:57.304Z;functions.waitForImage;  INTEGRAÇÃO BANCÁRIA image found.
01-03-2024 16:17:57.439Z;functions.check_ted_branco;  CLICA EM INTEGRAÇÃO BANCÁRIA
01-03-2024 16:17:57.440Z;functions.check_ted_branco;  VERIFICANDO INFORMAÇÕES
01-03-2024 16:17:58.850Z;functions.waitForImage;  TRES PONTINHOS image found.
01-03-2024 16:18:09.365Z;functions.check_ted_branco;  VERIFICANDO SE TEM PIX NO FILTRO
01-03-2024 16:18:09.854Z;functions.waitForImage;  CHECANDO DADOS BANCÁRIOS PIX image found.
01-03-2024 16:18:11.857Z;functions.check_ted_branco;  PIX NÃO ENCONTRADO PARA REFERENCIA: 589658
01-03-2024 16:18:15.566Z;functions.check_ted_branco;  APERTA EM CANCELAR
01-03-2024 16:18:16.007Z;functions.waitForImage;  PRESS BUTTON OK image found.
01-03-2024 16:18:18.125Z;functions.click_ok;  PRESS BUTTON OK
01-03-2024 16:18:41.069Z;functions.waitForImage;  ERROR FILTRO PIX image not found.
01-03-2024 16:18:46.174Z;functions.check_ted_branco;  PASSANDO PARA PRÓXIMO REGISTRO
01-03-2024 16:18:47.879Z;functions.check_ted_branco;  ENTRANDO NO REGISTRO 
01-03-2024 16:18:54.601Z;functions.waitForImage;  INTEGRAÇÃO BANCÁRIA image found.
01-03-2024 16:18:54.725Z;functions.check_ted_branco;  CLICA EM INTEGRAÇÃO BANCÁRIA
01-03-2024 16:18:54.728Z;functions.check_ted_branco;  VERIFICANDO INFORMAÇÕES
01-03-2024 16:18:55.178Z;functions.waitForImage;  TRES PONTINHOS image found.
01-03-2024 16:19:05.695Z;functions.check_ted_branco;  VERIFICANDO SE TEM PIX NO FILTRO
01-03-2024 16:19:06.203Z;functions.waitForImage;  CHECANDO DADOS BANCÁRIOS PIX image found.
01-03-2024 16:19:08.205Z;functions.check_ted_branco;  PIX NÃO ENCONTRADO PARA REFERENCIA: 910061
01-03-2024 16:19:11.950Z;functions.check_ted_branco;  APERTA EM CANCELAR
01-03-2024 16:19:12.397Z;functions.waitForImage;  PRESS BUTTON OK image found.
01-03-2024 16:19:14.530Z;functions.click_ok;  PRESS BUTTON OK
01-03-2024 16:19:37.460Z;functions.waitForImage;  ERROR FILTRO PIX image not found.
01-03-2024 16:19:42.568Z;functions.check_ted_branco;  PASSANDO PARA PRÓXIMO REGISTRO
01-03-2024 16:19:44.273Z;functions.check_ted_branco;  ENTRANDO NO REGISTRO 
01-03-2024 16:19:50.928Z;functions.waitForImage;  INTEGRAÇÃO BANCÁRIA image found.
01-03-2024 16:19:51.099Z;functions.check_ted_branco;  CLICA EM INTEGRAÇÃO BANCÁRIA
01-03-2024 16:19:51.102Z;functions.check_ted_branco;  VERIFICANDO INFORMAÇÕES
01-03-2024 16:19:51.584Z;functions.waitForImage;  TRES PONTINHOS image found.
01-03-2024 16:20:02.105Z;functions.check_ted_branco;  VERIFICANDO SE TEM PIX NO FILTRO
01-03-2024 16:20:32.585Z;functions.waitForImage;  CHECANDO DADOS BANCÁRIOS PIX image not found.
01-03-2024 16:20:32.600Z;functions.check_ted_branco;  PIX ENCONTRADO
01-03-2024 16:20:36.009Z;functions.check_ted_branco;  APERTA TAB
01-03-2024 16:20:38.444Z;functions.waitForImage;  DADOS BANCARIOS image found.
01-03-2024 16:20:38.603Z;functions.check_ted_branco;  CLICK EM DADOS BANCARIOS
01-03-2024 16:20:38.711Z;functions.check_ted_branco;  APERTA TAB
01-03-2024 16:20:41.460Z;functions.waitForImage;  CHECANDO DADOS BANCÁRIOS PIX image found.
01-03-2024 16:20:43.462Z;functions.check_ted_branco;  FORMA DE PAGAMENTO PIX SELECIONADA PARA O REGISTRO: 917115
01-03-2024 16:20:43.913Z;functions.waitForImage;  PRESS BUTTON OK image found.
01-03-2024 16:20:46.031Z;functions.click_ok;  PRESS BUTTON OK
01-03-2024 16:20:48.032Z;functions.check_ted_branco;  PRIMEIRO OK
01-03-2024 16:20:48.460Z;functions.waitForImage;  PRESS BUTTON OK image found.
01-03-2024 16:20:50.593Z;functions.click_ok;  PRESS BUTTON OK
01-03-2024 16:20:54.061Z;functions.waitForImage;  ERROR FILTRO PIX image found.
01-03-2024 16:20:56.187Z;functions.check_ted_branco;  PRESS ERROR FILTRO PIX
01-03-2024 16:21:03.393Z;functions.check_ted_branco;  PASSANDO PARA PRÓXIMO REGISTRO
01-03-2024 16:21:05.099Z;functions.check_ted_branco;  ENTRANDO NO REGISTRO 
01-03-2024 16:21:11.772Z;functions.waitForImage;  INTEGRAÇÃO BANCÁRIA image found.
01-03-2024 16:21:11.932Z;functions.check_ted_branco;  CLICA EM INTEGRAÇÃO BANCÁRIA
01-03-2024 16:21:11.935Z;functions.check_ted_branco;  VERIFICANDO INFORMAÇÕES
01-03-2024 16:21:12.438Z;functions.waitForImage;  TRES PONTINHOS image found.
01-03-2024 16:21:22.953Z;functions.check_ted_branco;  VERIFICANDO SE TEM PIX NO FILTRO
01-03-2024 16:21:53.741Z;functions.waitForImage;  CHECANDO DADOS BANCÁRIOS PIX image not found.
01-03-2024 16:21:53.741Z;functions.check_ted_branco;  PIX ENCONTRADO
01-03-2024 16:21:57.161Z;functions.check_ted_branco;  APERTA TAB
01-03-2024 16:21:59.585Z;functions.waitForImage;  DADOS BANCARIOS image found.
01-03-2024 16:21:59.847Z;functions.check_ted_branco;  CLICK EM DADOS BANCARIOS
01-03-2024 16:22:00.012Z;functions.check_ted_branco;  APERTA TAB
01-03-2024 16:22:02.585Z;functions.waitForImage;  CHECANDO DADOS BANCÁRIOS PIX image found.
01-03-2024 16:22:04.588Z;functions.check_ted_branco;  FORMA DE PAGAMENTO PIX SELECIONADA PARA O REGISTRO: 918908
01-03-2024 16:22:05.038Z;functions.waitForImage;  PRESS BUTTON OK image found.
01-03-2024 16:22:07.156Z;functions.click_ok;  PRESS BUTTON OK
01-03-2024 16:22:09.157Z;functions.check_ted_branco;  PRIMEIRO OK
01-03-2024 16:22:09.601Z;functions.waitForImage;  PRESS BUTTON OK image found.
01-03-2024 16:22:11.719Z;functions.click_ok;  PRESS BUTTON OK
01-03-2024 16:22:15.304Z;functions.waitForImage;  ERROR FILTRO PIX image found.
01-03-2024 16:22:17.437Z;functions.check_ted_branco;  PRESS ERROR FILTRO PIX
01-03-2024 16:22:24.643Z;functions.check_ted_branco;  PASSANDO PARA PRÓXIMO REGISTRO
01-03-2024 16:22:26.348Z;functions.check_ted_branco;  ENTRANDO NO REGISTRO 
01-03-2024 16:22:33.054Z;functions.waitForImage;  INTEGRAÇÃO BANCÁRIA image found.
01-03-2024 16:22:33.193Z;functions.check_ted_branco;  CLICA EM INTEGRAÇÃO BANCÁRIA
01-03-2024 16:22:33.197Z;functions.check_ted_branco;  VERIFICANDO INFORMAÇÕES
01-03-2024 16:22:33.628Z;functions.waitForImage;  TRES PONTINHOS image found.
01-03-2024 16:22:44.143Z;functions.check_ted_branco;  VERIFICANDO SE TEM PIX NO FILTRO
01-03-2024 16:23:14.882Z;functions.waitForImage;  CHECANDO DADOS BANCÁRIOS PIX image not found.
01-03-2024 16:23:14.882Z;functions.check_ted_branco;  PIX ENCONTRADO
01-03-2024 16:23:18.303Z;functions.check_ted_branco;  APERTA TAB
01-03-2024 16:23:20.726Z;functions.waitForImage;  DADOS BANCARIOS image found.
01-03-2024 16:23:20.843Z;functions.check_ted_branco;  CLICK EM DADOS BANCARIOS
01-03-2024 16:23:20.953Z;functions.check_ted_branco;  APERTA TAB
01-03-2024 16:23:23.647Z;functions.waitForImage;  CHECANDO DADOS BANCÁRIOS PIX image found.
01-03-2024 16:23:25.654Z;functions.check_ted_branco;  FORMA DE PAGAMENTO PIX SELECIONADA PARA O REGISTRO: 920331
01-03-2024 16:23:26.288Z;functions.waitForImage;  PRESS BUTTON OK image found.
01-03-2024 16:23:28.406Z;functions.click_ok;  PRESS BUTTON OK
01-03-2024 16:23:30.408Z;functions.check_ted_branco;  PRIMEIRO OK
01-03-2024 16:23:30.851Z;functions.waitForImage;  PRESS BUTTON OK image found.
01-03-2024 16:23:32.968Z;functions.click_ok;  PRESS BUTTON OK
01-03-2024 16:23:37.358Z;functions.waitForImage;  ERROR FILTRO PIX image found.
01-03-2024 16:23:39.469Z;functions.check_ted_branco;  PRESS ERROR FILTRO PIX
01-03-2024 16:23:46.674Z;functions.check_ted_branco;  PASSANDO PARA PRÓXIMO REGISTRO
