13-05-2024 07:00:16.670Z;functions.bot_text_art;      ____   
13-05-2024 07:00:16.670Z;functions.bot_text_art;     [____]    
13-05-2024 07:00:16.670Z;functions.bot_text_art;   |=]()()[=|  
13-05-2024 07:00:16.670Z;functions.bot_text_art;     _\==/__    _____    ____     _        _____    ___   _  __
13-05-2024 07:00:16.670Z;functions.bot_text_art;   |__|   |_|  |  _  \  / ___|   | |      |_   _| / ___| | |/ /
13-05-2024 07:00:16.670Z;functions.bot_text_art;   |_|_/\_|_|  | |  | | | |      | |        | |   | |    | ' / 
13-05-2024 07:00:16.670Z;functions.bot_text_art;   | | __ | |  | |  | | | |      | |        | |   | |    |  <  
13-05-2024 07:00:16.670Z;functions.bot_text_art;   |_|[  ]|_|  | |__| | | |____  | |____   _| |_  | |__  | . \ 
13-05-2024 07:00:16.670Z;functions.bot_text_art;   \_|_||_|_/  |_____/   \_____| |______| |_____| \ ___| |_|\_\
13-05-2024 07:00:16.670Z;functions.bot_text_art;     |_||_|                                                     
13-05-2024 07:00:16.670Z;functions.bot_text_art;     | ||_|_   
13-05-2024 07:00:16.670Z;functions.bot_text_art;   |___||___|  
13-05-2024 07:00:16.670Z;functions.bot_text_art;               
13-05-2024 07:00:16.670Z;functions.open_RM;  OPEN PROGRAM RM
13-05-2024 07:00:23.623Z;functions.loggin_RM;  ENTER USER_NAME
13-05-2024 07:00:27.436Z;functions.loggin_RM;  ENTER PASSWORD
13-05-2024 07:00:28.093Z;functions.loggin_RM;  ENTER RM
13-05-2024 07:02:34.748Z;functions.enter_coligada;  CLICK CONTEXTO
13-05-2024 07:02:36.156Z;functions.enter_coligada;  CLICK ALTERAR MODULO DO CONTEXTO
13-05-2024 07:02:38.433Z;functions.enter_coligada;  INSERE O COLIGADA CODE = 1
13-05-2024 07:02:38.534Z;functions.enter_coligada;  APERTA TAB PARA PREENCHER O CAMPO COM A STRING: OCEANICA ENGENHARIA E CONSULTORIA S.A.
13-05-2024 07:02:39.420Z;functions.enter_coligada;  CLICK AVANÇAR NOVAMENTE
13-05-2024 07:02:40.251Z;functions.enter_coligada;  CLICK CONCLUIR
13-05-2024 07:02:52.764Z;functions.enter_coligada;  POP UP COLIGADA DESAPARECER
13-05-2024 07:02:53.358Z;functions.check_movimentacao_bancaria;  CLICK - TOTVS - LINHA RM
13-05-2024 07:02:54.404Z;functions.check_movimentacao_bancaria;  CLICK - BACK OFFICE
13-05-2024 07:02:56.704Z;functions.check_movimentacao_bancaria;  CLICK - GESTAO FINANCEIRA
13-05-2024 07:02:59.328Z;functions.movimentacao_bancaria;  CLICA NA ABA MOVIMENTAÇÃO BANCARIA
13-05-2024 07:03:00.074Z;functions.waitForImage;  IMAGEM BORDERO image found.
13-05-2024 07:03:02.199Z;functions.movimentacao_bancaria;  IMAGEM BORDERO CLICADA.
13-05-2024 07:03:12.773Z;functions.waitForImage;  LICENCAS EXCEDIDAS image not found.
13-05-2024 07:03:13.342Z;functions.movimentacao_bancaria;  ENCONTROU O FILTRO DA MOVIMENTAÇÃO BANCÁRIA
13-05-2024 07:03:13.373Z;functions.movimentacao_bancaria;  CLICA NA ABA SUPERIOR DO FILTRO
13-05-2024 07:03:17.880Z;functions.movimentacao_bancaria;  SELECIONA O FILTRO HOJE
13-05-2024 07:03:22.978Z;functions.waitForImage;  FILTER CLEAN image found.
13-05-2024 07:03:25.105Z;functions.filter_clean;  CLICA NO BOTÃO X DO LIMPA FILTRO
13-05-2024 07:03:40.373Z;functions.waitForImage;  FILTER CLEAN image not found.
13-05-2024 07:03:55.594Z;functions.waitForImage;  FILTER CLEAN image not found.
13-05-2024 07:03:56.357Z;functions.movimentacao_bancaria;  CLICA NA PRIMEIRA LINHA DA TABELA MOVIMENTAÇÃO BANCÁRIA
13-05-2024 07:03:57.076Z;functions.movimentacao_bancaria;  CLICA NA PRIMEIRA LINHA DA TABELA MOVIMENTAÇÃO BANCÁRIA
13-05-2024 07:03:58.296Z;functions.movimentacao_bancaria;  12 PASSOS PARA DIREITA NA TABELA >>
13-05-2024 07:03:59.561Z;functions.movimentacao_bancaria;  HOVER FILTER
13-05-2024 07:03:59.907Z;functions.movimentacao_bancaria;  CLICK FILTER
13-05-2024 07:04:04.217Z;functions.movimentacao_bancaria;  CLICA NO FILTRO  STATUS DA REMESSA
13-05-2024 07:04:06.318Z;functions.movimentacao_bancaria;  APERTA TAB PARA ESCREVER O FILTRO
13-05-2024 07:04:08.423Z;functions.movimentacao_bancaria;  ESCREVE PENDENTE NO FILTRO
13-05-2024 07:04:10.524Z;functions.movimentacao_bancaria;  APERTA ENTER PARA SELECIONAR OS PENDENTES
13-05-2024 07:04:31.420Z;functions.movimentacao_bancaria;  SEM PROCESSAMENTO DE BORDERO PENDENTE
13-05-2024 07:04:41.523Z;functions.waitForImage;  FILTER CLEAN image found.
13-05-2024 07:04:43.641Z;functions.filter_clean;  CLICA NO BOTÃO X DO LIMPA FILTRO
13-05-2024 07:04:58.860Z;functions.waitForImage;  FILTER CLEAN image not found.
13-05-2024 07:05:14.116Z;functions.waitForImage;  FILTER CLEAN image not found.
13-05-2024 07:05:14.936Z;functions.processo_pagamento;  CLICA NA PRIMEIRA LINHA DA TABELA MOVIMENTAÇÃO BANCÁRIA
13-05-2024 07:05:16.186Z;functions.processo_pagamento;  HOVER FILTER
13-05-2024 07:05:16.469Z;functions.processo_pagamento;  CLICK FILTER
13-05-2024 07:05:20.782Z;functions.processo_pagamento;  CLICA NO FILTRO  STATUS DA REMESSA
13-05-2024 07:05:22.883Z;functions.processo_pagamento;  APERTA TAB PARA ESCREVER O FILTRO
13-05-2024 07:05:24.990Z;functions.processo_pagamento;  ESCREVE AUTORIZADO NO FILTRO
13-05-2024 07:05:27.091Z;functions.processo_pagamento;  APERTA ENTER PARA SELECIONAR OS AUTORIZADOS
13-05-2024 07:05:47.998Z;functions.processo_pagamento;  SEM REMESSA DE BORDERO AUTORIZADO
13-05-2024 07:05:49.100Z;functions.processo_pagamento;  FECHA ABA MOVIMENTAÇÕES BANCÁRIAS
13-05-2024 07:05:49.900Z;functions.enter_contas_a_pagar;  CLICK - TOTVS - LINHA RM
13-05-2024 07:05:50.841Z;functions.enter_contas_a_pagar;  CLICK - BACK OFFICE
13-05-2024 07:05:51.514Z;functions.enter_contas_a_pagar;  CLICK - GESTAO FINANCEIRA
13-05-2024 07:05:56.545Z;functions.enter_contas_a_pagar;  CLICK - CONTAS A PAGAR
13-05-2024 07:05:56.696Z;functions.waitForImage;  LANÇAMENTOS image found.
13-05-2024 07:05:58.822Z;functions.enter_contas_a_pagar;  CLICA EM LANÇAMENTOS
13-05-2024 07:06:14.341Z;functions.waitForImage;  LICENCAS EXCEDIDAS image not found.
13-05-2024 07:06:14.341Z;functions.obter_intervalo_data;  VERIFICANDO A HORA ATUAL 7
13-05-2024 07:06:14.341Z;functions.obter_intervalo_data;  Data Inicial BANCARIA antes da remoção: None
13-05-2024 07:06:14.341Z;functions.obter_intervalo_data;  Data Final BANCARIA antes da remoção: None
13-05-2024 07:06:14.341Z;functions.obter_intervalo_data;  Data Inicial BANCARIA após a remoção: None
13-05-2024 07:06:14.341Z;functions.obter_intervalo_data;  Data Final BANCARIA após a remoção: None
13-05-2024 07:06:14.341Z;functions.obter_intervalo_data;  hoje -  2024-05-13 07:06:14.341866
13-05-2024 07:06:14.341Z;functions.data_filter;  DATA INICIO 15-05-2024
13-05-2024 07:06:14.341Z;functions.data_filter;  DATA FIM 21-05-2024
13-05-2024 07:06:14.341Z;functions.data_filter;  CLICK - SELECIONA A DATA DE QUARTA FEIRA E DA PROXIMA TERÇA
13-05-2024 07:06:14.341Z;functions.data_filter;  QUARTA-FEIRA: 15-05-2024
13-05-2024 07:06:14.341Z;functions.data_filter;  TERCA-FEIRA: 21-05-2024
13-05-2024 07:06:22.780Z;functions.data_filter;  CLICK - BOTAO DE SELECAO DE FILTRO
13-05-2024 07:06:26.499Z;functions.data_filter;  INSERE - DATA DE QUARTA-FEIRA: 15-05-2024
13-05-2024 07:06:29.958Z;functions.data_filter;  INSERE - DATA DA PROX TERCA-FEIRA: 21-05-2024
13-05-2024 07:06:30.592Z;functions.data_filter;  CLICK - BOTAO DE EXECUTAR O FILTRO
13-05-2024 07:08:26.178Z;functions.desmark_filter;  CLICK CHECKBOX LANÇAMENTOS A RECEBER
13-05-2024 07:08:26.951Z;functions.desmark_filter;  CLICK CHECKBOX LANÇAMENTOS BAIXADOS
13-05-2024 07:08:27.765Z;functions.desmark_filter;  CLICK CHECKBOX LANÇAMENTOS CANCELADOS
13-05-2024 07:08:28.608Z;functions.desmark_filter;  CLICK CHECKBOX LANÇAMENTOS FATURADOS
13-05-2024 07:08:29.484Z;functions.desmark_filter;  CLICK CHECKBOX LANÇAMENTOS FATURADOS
13-05-2024 07:08:34.591Z;functions.waitForImage;  FILTER CLEAN image found.
13-05-2024 07:08:36.709Z;functions.filter_clean;  CLICA NO BOTÃO X DO LIMPA FILTRO
13-05-2024 07:08:51.964Z;functions.waitForImage;  FILTER CLEAN image not found.
13-05-2024 07:09:07.244Z;functions.waitForImage;  FILTER CLEAN image not found.
13-05-2024 07:09:07.244Z;functions.check_table_record;  VERIFICANDO SE A TABELA ESTÁ VAZIA
13-05-2024 07:09:08.140Z;functions.check_table_record;  Texto extraido 1/261
13-05-2024 07:09:08.140Z;functions.check_table_record;  Count 261
13-05-2024 07:09:08.140Z;functions.check_table_record;  Type <class 'int'>
13-05-2024 07:09:08.140Z;functions.check_table_record;  TABELA CONTÉM REGISTROS
13-05-2024 07:09:18.936Z;functions.select_tipo_documento;  NOME DA COLUNA: Tipo de Documento
13-05-2024 07:09:20.155Z;functions.select_tipo_documento;  HOVER NOME DA COLUNA: Tipo de Documento
13-05-2024 07:09:20.738Z;functions.select_tipo_documento;  CLICA NO FILTRO PERSONALIZAR
13-05-2024 07:09:21.467Z;functions.select_tipo_documento;  CLICA PARA SELECIONAR OPÇÕES DO FILTRO
13-05-2024 07:09:28.483Z;functions.select_tipo_documento;  CLICK BUTTON CONFIRMAR FILTRO
13-05-2024 07:09:33.484Z;functions.filter_IPTE;  VERIFICANDO O COD DO CLIENTE EM CADA REGISTRO
13-05-2024 07:09:34.250Z;functions.filter_IPTE;  CLICA NA PRIMEIRA LINHA DA TABELA
13-05-2024 07:09:54.015Z;functions.filter_IPTE;  HOVER FILTER
13-05-2024 07:09:54.582Z;functions.filter_IPTE;  CLICK FILTER
13-05-2024 07:09:58.893Z;functions.filter_IPTE;  CLICA NO FILTRO PERSONALIZAR
13-05-2024 07:10:06.756Z;functions.check_table_record;  VERIFICANDO SE A TABELA ESTÁ VAZIA
13-05-2024 07:10:07.671Z;functions.check_table_record;  Texto extraido 1/1
13-05-2024 07:10:07.671Z;functions.check_table_record;  Count 1
13-05-2024 07:10:07.671Z;functions.check_table_record;  Type <class 'int'>
13-05-2024 07:10:07.671Z;functions.check_table_record;  TABELA CONTÉM REGISTROS
13-05-2024 07:10:07.671Z;functions.check_payment_type;  VERIFICANDO O COD DO CLIENTE EM CADA REGISTRO
13-05-2024 07:10:08.452Z;functions.check_payment_type;  CLICA NA PRIMEIRA LINHA DA TABELA
13-05-2024 07:10:16.555Z;functions.check_payment_type;  REF. LANÇAMENTO: 943356
13-05-2024 07:10:16.658Z;functions.check_payment_type;  ENTRANDO NO REGISTRO
13-05-2024 07:10:24.386Z;functions.waitForImage;  INTEGRAÇÃO BANCÁRIA image found.
13-05-2024 07:10:26.503Z;functions.check_payment_type;  CLICA EM INTEGRAÇÃO BANCÁRIA
13-05-2024 07:10:26.503Z;functions.check_payment_type;  VERIFICANDO INFORMAÇÕES
13-05-2024 07:10:29.603Z;functions.waitForImage;  DADOS BANCARIOS image found.
13-05-2024 07:10:29.711Z;functions.check_payment_type;  DADOS BANCARIOS
13-05-2024 07:10:31.711Z;functions.check_payment_type;  ENTROU DADOS BANCÁRIOS
13-05-2024 07:10:31.813Z;functions.check_payment_type;  APERTA TAB
13-05-2024 07:10:36.016Z;functions.waitForImage;  PRESS BUTTON OK image found.
13-05-2024 07:10:38.144Z;functions.click_ok;  PRESS BUTTON OK
13-05-2024 07:10:42.239Z;functions.waitForImage;  PRESS BUTTON OK image found.
13-05-2024 07:10:44.381Z;functions.click_ok;  PRESS BUTTON OK
13-05-2024 07:10:48.484Z;functions.check_payment_type;  INCLUIDOS: 943356 REFERENCIAS NO PROCESSAMENTO
13-05-2024 07:10:48.484Z;functions.check_payment_type;  FORAM INCLUIDOS: 1 REFERENCIAS NO PROCESSAMENTO
13-05-2024 07:10:53.196Z;functions.process_lancamentos;  CLICA PARA APARECER CONTA/CAIXA
13-05-2024 07:10:53.882Z;functions.process_lancamentos;  SELECIONA CONTA/CAIXA
13-05-2024 07:10:54.579Z;functions.process_lancamentos;  CLICA NO BOTÃO [...]
13-05-2024 07:10:59.683Z;functions.process_lancamentos;  CLICA NO CAMPO PESQUISA E DIGITA: %3212
13-05-2024 07:11:00.343Z;functions.process_lancamentos;  CLICA NO BOTÃO DO FILTRO
13-05-2024 07:11:01.067Z;functions.process_lancamentos;  CLICA NO BOTÃO OK
13-05-2024 07:11:01.781Z;functions.process_lancamentos;  CLICA NO BOTÃO EXECUTAR
13-05-2024 07:11:35.768Z;functions.waitForImage;  PRESS BUTTON OK image not found.
13-05-2024 07:11:35.768Z;functions.process_lancamentos;  LANÇAMENTO COM ERRO
13-05-2024 07:11:42.705Z;functions.process_lancamentos;  ERRO: Lançamento Ref. 943356: Convênio alterado para o convênio default '7' da conta Caixa '02675-5' .
Não foi possível alterar o lançamento 1-943356:
O cliente/fornecedor "010432" está inativo.

   at RM.Fin.CliFor.FinCFOMod.ValidaCliFor(IFinCFOValidacaoPar cliFor)
   at RM.Fin.Lan.Manutencao.FinLanManutencaoValidacaoObj.ConsisteCliFor(FinLanCxt lanCxt, FinLanValidateEnum autorizaLan, Boolean validaDadosCliFor, DateTime dataSistema)
   at RM.Fin.Lan.Manutencao.FinLanManutencaoValidacaoObj.ConsisteCamposDefaultPreenchimento(FinLanCxt context)
   at RM.Fin.Lan.Manutencao.FinLanMasterSbc`1.DoValidateContext(TContext context)
   at RM.Fin.Lan.Alteracao.FinLanMasterSbc`1.DoValidateContext(TContext context)
   at RM.Lib.Subscriber.RMSSubscriberSimple`1.ValidateContext(TContext context)
   at RM.Lib.Subscriber.RMSSubscriberController`2.DoPrepareSubscriber(List`1 contextList, Boolean initializeSubscriber)
   at RM.Lib.Subscriber.RMSSubscriberController`2.ExecuteOneLog(List`1 listParam, Int32 lenPackageCxt, Object ownerData)
*********************************************






13-05-2024 07:11:42.705Z;functions.process_lancamentos;  CORRESPONDENCIA ['943356']
13-05-2024 07:11:42.705Z;functions.process_lancamentos;  NUMERO DE REFERENCIAS QUE SERÃO TIRADOS DA REMESSA ['943356']
13-05-2024 07:11:43.309Z;functions.process_lancamentos;  CLICK EM FECHAR.
13-05-2024 07:13:35.389Z;functions.process_lancamentos;  NUMERO DE REFERENCIAS QUE SERAO TIRADOS IGUAL AO NUMERO DE REGISTROS
13-05-2024 07:13:35.389Z;functions.process_lancamentos;  PASSAR PARA O PRÓXIMO LANCAMENTO
13-05-2024 07:13:36.061Z;functions.movimentacao_bancaria;  CLICA NA ABA MOVIMENTAÇÃO BANCARIA
13-05-2024 07:13:36.210Z;functions.waitForImage;  IMAGEM BORDERO image found.
13-05-2024 07:13:38.314Z;functions.movimentacao_bancaria;  IMAGEM BORDERO CLICADA.
13-05-2024 07:13:48.808Z;functions.waitForImage;  LICENCAS EXCEDIDAS image not found.
13-05-2024 07:13:49.359Z;functions.movimentacao_bancaria;  ENCONTROU O FILTRO DA MOVIMENTAÇÃO BANCÁRIA
13-05-2024 07:13:49.369Z;functions.movimentacao_bancaria;  CLICA NA ABA SUPERIOR DO FILTRO
13-05-2024 07:13:53.876Z;functions.movimentacao_bancaria;  SELECIONA O FILTRO HOJE
13-05-2024 07:13:58.987Z;functions.waitForImage;  FILTER CLEAN image found.
13-05-2024 07:14:01.111Z;functions.filter_clean;  CLICA NO BOTÃO X DO LIMPA FILTRO
13-05-2024 07:14:16.374Z;functions.waitForImage;  FILTER CLEAN image not found.
13-05-2024 07:14:31.659Z;functions.waitForImage;  FILTER CLEAN image not found.
13-05-2024 07:14:32.405Z;functions.movimentacao_bancaria;  CLICA NA PRIMEIRA LINHA DA TABELA MOVIMENTAÇÃO BANCÁRIA
13-05-2024 07:14:33.097Z;functions.movimentacao_bancaria;  CLICA NA PRIMEIRA LINHA DA TABELA MOVIMENTAÇÃO BANCÁRIA
13-05-2024 07:14:34.325Z;functions.movimentacao_bancaria;  12 PASSOS PARA DIREITA NA TABELA >>
13-05-2024 07:14:35.593Z;functions.movimentacao_bancaria;  HOVER FILTER
13-05-2024 07:14:35.885Z;functions.movimentacao_bancaria;  CLICK FILTER
13-05-2024 07:14:40.198Z;functions.movimentacao_bancaria;  CLICA NO FILTRO  STATUS DA REMESSA
13-05-2024 07:14:42.299Z;functions.movimentacao_bancaria;  APERTA TAB PARA ESCREVER O FILTRO
13-05-2024 07:14:44.406Z;functions.movimentacao_bancaria;  ESCREVE PENDENTE NO FILTRO
13-05-2024 07:14:46.507Z;functions.movimentacao_bancaria;  APERTA ENTER PARA SELECIONAR OS PENDENTES
13-05-2024 07:15:07.421Z;functions.movimentacao_bancaria;  SEM PROCESSAMENTO DE BORDERO PENDENTE
13-05-2024 07:15:17.516Z;functions.waitForImage;  FILTER CLEAN image found.
13-05-2024 07:15:19.653Z;functions.filter_clean;  CLICA NO BOTÃO X DO LIMPA FILTRO
13-05-2024 07:15:34.906Z;functions.waitForImage;  FILTER CLEAN image not found.
13-05-2024 07:15:50.171Z;functions.waitForImage;  FILTER CLEAN image not found.
13-05-2024 07:15:50.999Z;functions.processo_pagamento;  CLICA NA PRIMEIRA LINHA DA TABELA MOVIMENTAÇÃO BANCÁRIA
13-05-2024 07:15:52.266Z;functions.processo_pagamento;  HOVER FILTER
13-05-2024 07:15:52.555Z;functions.processo_pagamento;  CLICK FILTER
13-05-2024 07:15:56.867Z;functions.processo_pagamento;  CLICA NO FILTRO  STATUS DA REMESSA
13-05-2024 07:15:58.968Z;functions.processo_pagamento;  APERTA TAB PARA ESCREVER O FILTRO
13-05-2024 07:16:01.074Z;functions.processo_pagamento;  ESCREVE AUTORIZADO NO FILTRO
13-05-2024 07:16:03.175Z;functions.processo_pagamento;  APERTA ENTER PARA SELECIONAR OS AUTORIZADOS
13-05-2024 07:16:24.079Z;functions.processo_pagamento;  SEM REMESSA DE BORDERO AUTORIZADO
13-05-2024 07:16:25.181Z;functions.processo_pagamento;  FECHA ABA MOVIMENTAÇÕES BANCÁRIAS
13-05-2024 07:16:25.783Z;functions.enter_contas_a_pagar;  CLICK - TOTVS - LINHA RM
13-05-2024 07:16:26.718Z;functions.enter_contas_a_pagar;  CLICK - BACK OFFICE
13-05-2024 07:16:27.390Z;functions.enter_contas_a_pagar;  CLICK - GESTAO FINANCEIRA
13-05-2024 07:16:32.358Z;functions.enter_contas_a_pagar;  CLICK - CONTAS A PAGAR
13-05-2024 07:16:32.494Z;functions.waitForImage;  LANÇAMENTOS image found.
13-05-2024 07:16:34.628Z;functions.enter_contas_a_pagar;  CLICA EM LANÇAMENTOS
13-05-2024 07:16:50.138Z;functions.waitForImage;  LICENCAS EXCEDIDAS image not found.
13-05-2024 07:16:50.138Z;functions.obter_intervalo_data;  VERIFICANDO A HORA ATUAL 7
13-05-2024 07:16:50.153Z;functions.obter_intervalo_data;  Data Inicial BANCARIA antes da remoção: None
13-05-2024 07:16:50.153Z;functions.obter_intervalo_data;  Data Final BANCARIA antes da remoção: None
13-05-2024 07:16:50.153Z;functions.obter_intervalo_data;  Data Inicial BANCARIA após a remoção: None
13-05-2024 07:16:50.153Z;functions.obter_intervalo_data;  Data Final BANCARIA após a remoção: None
13-05-2024 07:16:50.153Z;functions.obter_intervalo_data;  hoje -  2024-05-13 07:16:50.153738
13-05-2024 07:16:50.153Z;functions.data_filter;  DATA INICIO 15-05-2024
13-05-2024 07:16:50.153Z;functions.data_filter;  DATA FIM 21-05-2024
13-05-2024 07:16:50.153Z;functions.data_filter;  CLICK - SELECIONA A DATA DE QUARTA FEIRA E DA PROXIMA TERÇA
13-05-2024 07:16:50.153Z;functions.data_filter;  QUARTA-FEIRA: 15-05-2024
13-05-2024 07:16:50.153Z;functions.data_filter;  TERCA-FEIRA: 21-05-2024
13-05-2024 07:16:58.593Z;functions.data_filter;  CLICK - BOTAO DE SELECAO DE FILTRO
13-05-2024 07:17:02.331Z;functions.data_filter;  INSERE - DATA DE QUARTA-FEIRA: 15-05-2024
13-05-2024 07:17:05.796Z;functions.data_filter;  INSERE - DATA DA PROX TERCA-FEIRA: 21-05-2024
13-05-2024 07:17:06.421Z;functions.data_filter;  CLICK - BOTAO DE EXECUTAR O FILTRO
13-05-2024 07:19:08.031Z;functions.desmark_filter;  CLICK CHECKBOX LANÇAMENTOS A RECEBER
13-05-2024 07:19:08.843Z;functions.desmark_filter;  CLICK CHECKBOX LANÇAMENTOS BAIXADOS
13-05-2024 07:19:09.687Z;functions.desmark_filter;  CLICK CHECKBOX LANÇAMENTOS CANCELADOS
13-05-2024 07:19:10.531Z;functions.desmark_filter;  CLICK CHECKBOX LANÇAMENTOS FATURADOS
13-05-2024 07:19:11.421Z;functions.desmark_filter;  CLICK CHECKBOX LANÇAMENTOS FATURADOS
13-05-2024 07:19:16.524Z;functions.waitForImage;  FILTER CLEAN image found.
13-05-2024 07:19:18.639Z;functions.filter_clean;  CLICA NO BOTÃO X DO LIMPA FILTRO
13-05-2024 07:19:33.941Z;functions.waitForImage;  FILTER CLEAN image not found.
13-05-2024 07:19:49.148Z;functions.waitForImage;  FILTER CLEAN image not found.
13-05-2024 07:19:49.821Z;functions.filter_forma_pagamento;  CLICA NA PRIMEIRA LINHA DA TABELA
13-05-2024 07:19:49.891Z;functions.filter_forma_pagamento;  CLICK NA PRIMEIRA LINHA E COLUNA DA TABELA
13-05-2024 07:20:06.040Z;functions.filter_forma_pagamento;  160 PASSOS PARA DIREITA NA TABELA >>
13-05-2024 07:20:08.359Z;functions.filter_forma_pagamento;  HOVER NOME DA COLUNA FORMA DE PAGAMENTO
13-05-2024 07:20:08.978Z;functions.filter_forma_pagamento;  CLICA PARA APARECER O FILTRO PERSONALIZAR
13-05-2024 07:20:12.291Z;functions.filter_forma_pagamento;  CLICA NO FILTRO PERSONALIZAR
13-05-2024 07:20:22.624Z;functions.filter_forma_pagamento;  Texto extraido 0/0
13-05-2024 07:20:22.624Z;functions.filter_forma_pagamento;  Count 0
13-05-2024 07:20:22.624Z;functions.filter_forma_pagamento;  Type <class 'int'>
13-05-2024 07:20:22.624Z;functions.filter_forma_pagamento;  SEM REGISTROS
13-05-2024 07:20:24.632Z;functions.check_table_record;  VERIFICANDO SE A TABELA ESTÁ VAZIA
13-05-2024 07:20:25.532Z;functions.check_table_record;  Texto extraido 0/0
13-05-2024 07:20:25.532Z;functions.check_table_record;  Count 0
13-05-2024 07:20:25.532Z;functions.check_table_record;  Type <class 'int'>
13-05-2024 07:20:25.532Z;functions.check_table_record;  SEM REGISTROS
13-05-2024 07:20:29.537Z;main.<module>;  SEM REMESSA DE TED CIP
13-05-2024 07:20:30.187Z;functions.enter_contas_a_pagar;  CLICK - TOTVS - LINHA RM
13-05-2024 07:20:31.131Z;functions.enter_contas_a_pagar;  CLICK - BACK OFFICE
13-05-2024 07:20:31.812Z;functions.enter_contas_a_pagar;  CLICK - GESTAO FINANCEIRA
13-05-2024 07:20:36.953Z;functions.enter_contas_a_pagar;  CLICK - CONTAS A PAGAR
13-05-2024 07:20:37.080Z;functions.waitForImage;  LANÇAMENTOS image found.
13-05-2024 07:20:39.207Z;functions.enter_contas_a_pagar;  CLICA EM LANÇAMENTOS
13-05-2024 07:20:54.688Z;functions.waitForImage;  LICENCAS EXCEDIDAS image not found.
13-05-2024 07:20:54.688Z;functions.obter_intervalo_data;  VERIFICANDO A HORA ATUAL 7
13-05-2024 07:20:54.690Z;functions.obter_intervalo_data;  Data Inicial BANCARIA antes da remoção: None
13-05-2024 07:20:54.690Z;functions.obter_intervalo_data;  Data Final BANCARIA antes da remoção: None
13-05-2024 07:20:54.691Z;functions.obter_intervalo_data;  Data Inicial BANCARIA após a remoção: None
13-05-2024 07:20:54.691Z;functions.obter_intervalo_data;  Data Final BANCARIA após a remoção: None
13-05-2024 07:20:54.691Z;functions.obter_intervalo_data;  hoje -  2024-05-13 07:20:54.691901
13-05-2024 07:20:54.691Z;functions.data_filter;  DATA INICIO 15-05-2024
13-05-2024 07:20:54.691Z;functions.data_filter;  DATA FIM 21-05-2024
13-05-2024 07:20:54.692Z;functions.data_filter;  CLICK - SELECIONA A DATA DE QUARTA FEIRA E DA PROXIMA TERÇA
13-05-2024 07:20:54.692Z;functions.data_filter;  QUARTA-FEIRA: 15-05-2024
13-05-2024 07:20:54.692Z;functions.data_filter;  TERCA-FEIRA: 21-05-2024
13-05-2024 07:21:03.140Z;functions.data_filter;  CLICK - BOTAO DE SELECAO DE FILTRO
13-05-2024 07:21:06.860Z;functions.data_filter;  INSERE - DATA DE QUARTA-FEIRA: 15-05-2024
13-05-2024 07:21:10.343Z;functions.data_filter;  INSERE - DATA DA PROX TERCA-FEIRA: 21-05-2024
13-05-2024 07:21:10.953Z;functions.data_filter;  CLICK - BOTAO DE EXECUTAR O FILTRO
13-05-2024 07:23:07.215Z;functions.desmark_filter;  CLICK CHECKBOX LANÇAMENTOS A RECEBER
13-05-2024 07:23:08.016Z;functions.desmark_filter;  CLICK CHECKBOX LANÇAMENTOS BAIXADOS
13-05-2024 07:23:08.843Z;functions.desmark_filter;  CLICK CHECKBOX LANÇAMENTOS CANCELADOS
13-05-2024 07:23:09.718Z;functions.desmark_filter;  CLICK CHECKBOX LANÇAMENTOS FATURADOS
13-05-2024 07:23:10.609Z;functions.desmark_filter;  CLICK CHECKBOX LANÇAMENTOS FATURADOS
13-05-2024 07:23:15.705Z;functions.waitForImage;  FILTER CLEAN image found.
13-05-2024 07:23:17.817Z;functions.filter_clean;  CLICA NO BOTÃO X DO LIMPA FILTRO
13-05-2024 07:23:33.052Z;functions.waitForImage;  FILTER CLEAN image not found.
13-05-2024 07:23:48.314Z;functions.waitForImage;  FILTER CLEAN image not found.
13-05-2024 07:23:49.047Z;functions.filter_forma_pagamento_branco;  CLICK NA PRIMEIRA LINHA E COLUNA DA TABELA
13-05-2024 07:24:05.181Z;functions.filter_forma_pagamento_branco;  160 PASSOS PARA DIREITA NA TABELA >>
13-05-2024 07:24:07.500Z;functions.filter_forma_pagamento_branco;  HOVER NOME DA COLUNA FORMA DE PAGAMENTO
13-05-2024 07:24:08.130Z;functions.filter_forma_pagamento_branco;  CLICA PARA APARECER O FILTRO PERSONALIZAR
13-05-2024 07:24:11.442Z;functions.filter_forma_pagamento_branco;  CLICA NO FILTRO PERSONALIZAR
13-05-2024 07:24:17.922Z;functions.filter_forma_pagamento_branco;  Texto extraido 1/234
13-05-2024 07:24:17.922Z;functions.filter_forma_pagamento_branco;  Count 234
13-05-2024 07:24:17.922Z;functions.filter_forma_pagamento_branco;  Type <class 'int'>
13-05-2024 07:24:17.922Z;functions.filter_forma_pagamento_branco;  TABELA CONTÉM REGISTROS
13-05-2024 07:25:06.703Z;functions.filter_forma_pagamento_branco;  MOVIDO PRA CIMA 234 VEZES
13-05-2024 07:25:09.601Z;functions.check_table_record;  VERIFICANDO SE A TABELA ESTÁ VAZIA
13-05-2024 07:25:10.532Z;functions.check_table_record;  Texto extraido 1/234
13-05-2024 07:25:10.532Z;functions.check_table_record;  Count 234
13-05-2024 07:25:10.532Z;functions.check_table_record;  Type <class 'int'>
13-05-2024 07:25:10.532Z;functions.check_table_record;  TABELA CONTÉM REGISTROS
13-05-2024 07:25:10.532Z;functions.check_ted_branco;  VERIFICANDO O COD DO CLIENTE EM CADA REGISTRO
13-05-2024 07:25:11.329Z;functions.check_ted_branco;  CLICA NA PRIMEIRA LINHA DA TABELA
13-05-2024 07:25:15.432Z;functions.check_ted_branco;  REFERNCIA: 938380
13-05-2024 07:25:15.733Z;functions.check_ted_branco;  ENTRANDO NO REGISTRO 
13-05-2024 07:25:19.576Z;functions.waitForImage;  INTEGRAÇÃO BANCÁRIA image found.
13-05-2024 07:25:19.685Z;functions.check_ted_branco;  CLICA EM INTEGRAÇÃO BANCÁRIA
13-05-2024 07:25:19.685Z;functions.check_ted_branco;  VERIFICANDO INFORMAÇÕES
13-05-2024 07:25:20.438Z;functions.waitForImage;  TRES PONTINHOS image found.
13-05-2024 07:25:30.955Z;functions.check_ted_branco;  VERIFICANDO SE TEM PIX NO FILTRO
13-05-2024 07:25:31.049Z;functions.waitForImage;  CHECANDO DADOS BANCÁRIOS PIX image found.
13-05-2024 07:25:33.063Z;functions.check_ted_branco;  PIX NÃO ENCONTRADO PARA REFERENCIA: 938380
13-05-2024 07:25:36.769Z;functions.check_ted_branco;  APERTA EM CANCELAR
13-05-2024 07:25:36.862Z;functions.waitForImage;  PRESS BUTTON OK image found.
13-05-2024 07:25:39.002Z;functions.click_ok;  PRESS BUTTON OK
13-05-2024 07:25:51.438Z;functions.waitForImage;  ERROR GENERICO image not found.
13-05-2024 07:25:56.480Z;functions.waitForImage;  ERROR FILTRO PIX image not found.
13-05-2024 07:26:00.583Z;functions.check_ted_branco;  PASSANDO PARA PRÓXIMO REGISTRO
13-05-2024 07:26:04.687Z;functions.check_ted_branco;  REFERNCIA: 945676
13-05-2024 07:26:04.987Z;functions.check_ted_branco;  ENTRANDO NO REGISTRO 
13-05-2024 07:26:08.199Z;functions.waitForImage;  INTEGRAÇÃO BANCÁRIA image found.
13-05-2024 07:26:08.331Z;functions.check_ted_branco;  CLICA EM INTEGRAÇÃO BANCÁRIA
13-05-2024 07:26:08.331Z;functions.check_ted_branco;  VERIFICANDO INFORMAÇÕES
13-05-2024 07:26:08.450Z;functions.waitForImage;  TRES PONTINHOS image found.
13-05-2024 07:26:18.974Z;functions.check_ted_branco;  VERIFICANDO SE TEM PIX NO FILTRO
13-05-2024 07:26:19.068Z;functions.waitForImage;  CHECANDO DADOS BANCÁRIOS PIX image found.
13-05-2024 07:26:21.079Z;functions.check_ted_branco;  PIX NÃO ENCONTRADO PARA REFERENCIA: 945676
13-05-2024 07:26:24.786Z;functions.check_ted_branco;  APERTA EM CANCELAR
13-05-2024 07:26:24.875Z;functions.waitForImage;  PRESS BUTTON OK image found.
13-05-2024 07:26:27.025Z;functions.click_ok;  PRESS BUTTON OK
13-05-2024 07:26:39.454Z;functions.waitForImage;  ERROR GENERICO image not found.
13-05-2024 07:26:44.497Z;functions.waitForImage;  ERROR FILTRO PIX image not found.
13-05-2024 07:26:48.600Z;functions.check_ted_branco;  PASSANDO PARA PRÓXIMO REGISTRO
13-05-2024 07:26:52.702Z;functions.check_ted_branco;  REFERNCIA: 949480
13-05-2024 07:26:53.003Z;functions.check_ted_branco;  ENTRANDO NO REGISTRO 
13-05-2024 07:26:56.214Z;functions.waitForImage;  INTEGRAÇÃO BANCÁRIA image found.
13-05-2024 07:26:56.331Z;functions.check_ted_branco;  CLICA EM INTEGRAÇÃO BANCÁRIA
13-05-2024 07:26:56.331Z;functions.check_ted_branco;  VERIFICANDO INFORMAÇÕES
13-05-2024 07:26:56.461Z;functions.waitForImage;  TRES PONTINHOS image found.
13-05-2024 07:27:06.982Z;functions.check_ted_branco;  VERIFICANDO SE TEM PIX NO FILTRO
13-05-2024 07:27:07.076Z;functions.waitForImage;  CHECANDO DADOS BANCÁRIOS PIX image found.
13-05-2024 07:27:09.089Z;functions.check_ted_branco;  PIX NÃO ENCONTRADO PARA REFERENCIA: 949480
13-05-2024 07:27:12.795Z;functions.check_ted_branco;  APERTA EM CANCELAR
13-05-2024 07:27:12.888Z;functions.waitForImage;  PRESS BUTTON OK image found.
13-05-2024 07:27:15.021Z;functions.click_ok;  PRESS BUTTON OK
13-05-2024 07:27:27.391Z;functions.waitForImage;  ERROR GENERICO image not found.
13-05-2024 07:27:32.438Z;functions.waitForImage;  ERROR FILTRO PIX image not found.
13-05-2024 07:27:36.555Z;functions.check_ted_branco;  PASSANDO PARA PRÓXIMO REGISTRO
13-05-2024 07:27:40.657Z;functions.check_ted_branco;  REFERNCIA: 940956
13-05-2024 07:27:40.958Z;functions.check_ted_branco;  ENTRANDO NO REGISTRO 
13-05-2024 07:27:44.184Z;functions.waitForImage;  INTEGRAÇÃO BANCÁRIA image found.
13-05-2024 07:27:44.301Z;functions.check_ted_branco;  CLICA EM INTEGRAÇÃO BANCÁRIA
13-05-2024 07:27:44.302Z;functions.check_ted_branco;  VERIFICANDO INFORMAÇÕES
13-05-2024 07:27:45.013Z;functions.waitForImage;  TRES PONTINHOS image found.
13-05-2024 07:27:55.538Z;functions.check_ted_branco;  VERIFICANDO SE TEM PIX NO FILTRO
13-05-2024 07:27:55.632Z;functions.waitForImage;  CHECANDO DADOS BANCÁRIOS PIX image found.
13-05-2024 07:27:57.643Z;functions.check_ted_branco;  PIX NÃO ENCONTRADO PARA REFERENCIA: 940956
13-05-2024 07:28:01.350Z;functions.check_ted_branco;  APERTA EM CANCELAR
13-05-2024 07:28:01.444Z;functions.waitForImage;  PRESS BUTTON OK image found.
13-05-2024 07:28:03.578Z;functions.click_ok;  PRESS BUTTON OK
13-05-2024 07:28:15.944Z;functions.waitForImage;  ERROR GENERICO image not found.
13-05-2024 07:28:20.990Z;functions.waitForImage;  ERROR FILTRO PIX image not found.
13-05-2024 07:28:25.097Z;functions.check_ted_branco;  PASSANDO PARA PRÓXIMO REGISTRO
13-05-2024 07:28:29.199Z;functions.check_ted_branco;  REFERNCIA: 949836
13-05-2024 07:28:29.501Z;functions.check_ted_branco;  ENTRANDO NO REGISTRO 
13-05-2024 07:28:32.712Z;functions.waitForImage;  INTEGRAÇÃO BANCÁRIA image found.
13-05-2024 07:28:32.845Z;functions.check_ted_branco;  CLICA EM INTEGRAÇÃO BANCÁRIA
13-05-2024 07:28:32.845Z;functions.check_ted_branco;  VERIFICANDO INFORMAÇÕES
13-05-2024 07:28:32.979Z;functions.waitForImage;  TRES PONTINHOS image found.
13-05-2024 07:28:43.500Z;functions.check_ted_branco;  VERIFICANDO SE TEM PIX NO FILTRO
13-05-2024 07:28:43.610Z;functions.waitForImage;  CHECANDO DADOS BANCÁRIOS PIX image found.
13-05-2024 07:28:45.616Z;functions.check_ted_branco;  PIX NÃO ENCONTRADO PARA REFERENCIA: 949836
13-05-2024 07:28:49.323Z;functions.check_ted_branco;  APERTA EM CANCELAR
13-05-2024 07:28:49.429Z;functions.waitForImage;  PRESS BUTTON OK image found.
13-05-2024 07:28:51.555Z;functions.click_ok;  PRESS BUTTON OK
13-05-2024 07:29:03.940Z;functions.waitForImage;  ERROR GENERICO image not found.
13-05-2024 07:29:08.957Z;functions.waitForImage;  ERROR FILTRO PIX image not found.
13-05-2024 07:29:13.059Z;functions.check_ted_branco;  PASSANDO PARA PRÓXIMO REGISTRO
13-05-2024 07:29:17.162Z;functions.check_ted_branco;  REFERNCIA: 937138
13-05-2024 07:29:17.463Z;functions.check_ted_branco;  ENTRANDO NO REGISTRO 
13-05-2024 07:29:20.675Z;functions.waitForImage;  INTEGRAÇÃO BANCÁRIA image found.
13-05-2024 07:29:20.792Z;functions.check_ted_branco;  CLICA EM INTEGRAÇÃO BANCÁRIA
13-05-2024 07:29:20.792Z;functions.check_ted_branco;  VERIFICANDO INFORMAÇÕES
13-05-2024 07:29:21.512Z;functions.waitForImage;  TRES PONTINHOS image found.
13-05-2024 07:29:32.030Z;functions.check_ted_branco;  VERIFICANDO SE TEM PIX NO FILTRO
13-05-2024 07:29:32.123Z;functions.waitForImage;  CHECANDO DADOS BANCÁRIOS PIX image found.
13-05-2024 07:29:34.133Z;functions.check_ted_branco;  PIX NÃO ENCONTRADO PARA REFERENCIA: 937138
13-05-2024 07:29:37.839Z;functions.check_ted_branco;  APERTA EM CANCELAR
13-05-2024 07:29:37.933Z;functions.waitForImage;  PRESS BUTTON OK image found.
13-05-2024 07:29:40.058Z;functions.click_ok;  PRESS BUTTON OK
13-05-2024 07:29:52.438Z;functions.waitForImage;  ERROR GENERICO image not found.
13-05-2024 07:29:57.501Z;functions.waitForImage;  ERROR FILTRO PIX image not found.
13-05-2024 07:30:01.608Z;functions.check_ted_branco;  PASSANDO PARA PRÓXIMO REGISTRO
13-05-2024 07:30:05.710Z;functions.check_ted_branco;  REFERNCIA: 950818
13-05-2024 07:30:06.011Z;functions.check_ted_branco;  ENTRANDO NO REGISTRO 
13-05-2024 07:30:09.223Z;functions.waitForImage;  INTEGRAÇÃO BANCÁRIA image found.
13-05-2024 07:30:09.356Z;functions.check_ted_branco;  CLICA EM INTEGRAÇÃO BANCÁRIA
13-05-2024 07:30:09.356Z;functions.check_ted_branco;  VERIFICANDO INFORMAÇÕES
13-05-2024 07:30:10.069Z;functions.waitForImage;  TRES PONTINHOS image found.
13-05-2024 07:30:20.590Z;functions.check_ted_branco;  VERIFICANDO SE TEM PIX NO FILTRO
13-05-2024 07:30:20.683Z;functions.waitForImage;  CHECANDO DADOS BANCÁRIOS PIX image found.
13-05-2024 07:30:22.691Z;functions.check_ted_branco;  PIX NÃO ENCONTRADO PARA REFERENCIA: 950818
13-05-2024 07:30:26.398Z;functions.check_ted_branco;  APERTA EM CANCELAR
13-05-2024 07:30:26.492Z;functions.waitForImage;  PRESS BUTTON OK image found.
13-05-2024 07:30:28.619Z;functions.click_ok;  PRESS BUTTON OK
13-05-2024 07:30:40.972Z;functions.waitForImage;  ERROR GENERICO image not found.
13-05-2024 07:30:46.593Z;functions.waitForImage;  ERROR FILTRO PIX image not found.
13-05-2024 07:30:50.697Z;functions.check_ted_branco;  PASSANDO PARA PRÓXIMO REGISTRO
13-05-2024 07:30:54.799Z;functions.check_ted_branco;  REFERNCIA: 950997
13-05-2024 07:30:55.100Z;functions.check_ted_branco;  ENTRANDO NO REGISTRO 
13-05-2024 07:30:58.316Z;functions.waitForImage;  INTEGRAÇÃO BANCÁRIA image found.
13-05-2024 07:30:58.444Z;functions.check_ted_branco;  CLICA EM INTEGRAÇÃO BANCÁRIA
13-05-2024 07:30:58.444Z;functions.check_ted_branco;  VERIFICANDO INFORMAÇÕES
13-05-2024 07:30:59.144Z;functions.waitForImage;  TRES PONTINHOS image found.
13-05-2024 07:31:09.668Z;functions.check_ted_branco;  VERIFICANDO SE TEM PIX NO FILTRO
13-05-2024 07:31:09.750Z;functions.waitForImage;  CHECANDO DADOS BANCÁRIOS PIX image found.
13-05-2024 07:31:11.760Z;functions.check_ted_branco;  PIX NÃO ENCONTRADO PARA REFERENCIA: 950997
13-05-2024 07:31:15.466Z;functions.check_ted_branco;  APERTA EM CANCELAR
13-05-2024 07:31:15.560Z;functions.waitForImage;  PRESS BUTTON OK image found.
13-05-2024 07:31:17.686Z;functions.click_ok;  PRESS BUTTON OK
13-05-2024 07:31:30.063Z;functions.waitForImage;  ERROR GENERICO image not found.
13-05-2024 07:31:35.105Z;functions.waitForImage;  ERROR FILTRO PIX image not found.
13-05-2024 07:31:39.210Z;functions.check_ted_branco;  PASSANDO PARA PRÓXIMO REGISTRO
13-05-2024 07:31:43.312Z;functions.check_ted_branco;  REFERNCIA: 950894
13-05-2024 07:31:43.613Z;functions.check_ted_branco;  ENTRANDO NO REGISTRO 
13-05-2024 07:31:46.856Z;functions.waitForImage;  INTEGRAÇÃO BANCÁRIA image found.
13-05-2024 07:31:46.988Z;functions.check_ted_branco;  CLICA EM INTEGRAÇÃO BANCÁRIA
13-05-2024 07:31:46.988Z;functions.check_ted_branco;  VERIFICANDO INFORMAÇÕES
13-05-2024 07:31:47.690Z;functions.waitForImage;  TRES PONTINHOS image found.
13-05-2024 07:31:58.209Z;functions.check_ted_branco;  VERIFICANDO SE TEM PIX NO FILTRO
13-05-2024 07:31:58.314Z;functions.waitForImage;  CHECANDO DADOS BANCÁRIOS PIX image found.
13-05-2024 07:32:00.315Z;functions.check_ted_branco;  PIX NÃO ENCONTRADO PARA REFERENCIA: 950894
13-05-2024 07:32:04.022Z;functions.check_ted_branco;  APERTA EM CANCELAR
13-05-2024 07:32:04.115Z;functions.waitForImage;  PRESS BUTTON OK image found.
13-05-2024 07:32:06.243Z;functions.click_ok;  PRESS BUTTON OK
13-05-2024 07:32:18.590Z;functions.waitForImage;  ERROR GENERICO image not found.
13-05-2024 07:32:23.593Z;functions.waitForImage;  ERROR FILTRO PIX image not found.
13-05-2024 07:32:27.696Z;functions.check_ted_branco;  PASSANDO PARA PRÓXIMO REGISTRO
13-05-2024 07:32:31.798Z;functions.check_ted_branco;  REFERNCIA: 941514
13-05-2024 07:32:32.099Z;functions.check_ted_branco;  ENTRANDO NO REGISTRO 
13-05-2024 07:32:35.316Z;functions.waitForImage;  INTEGRAÇÃO BANCÁRIA image found.
13-05-2024 07:32:35.428Z;functions.check_ted_branco;  CLICA EM INTEGRAÇÃO BANCÁRIA
13-05-2024 07:32:35.428Z;functions.check_ted_branco;  VERIFICANDO INFORMAÇÕES
13-05-2024 07:32:36.128Z;functions.waitForImage;  TRES PONTINHOS image found.
13-05-2024 07:32:46.647Z;functions.check_ted_branco;  VERIFICANDO SE TEM PIX NO FILTRO
13-05-2024 07:32:46.741Z;functions.waitForImage;  CHECANDO DADOS BANCÁRIOS PIX image found.
13-05-2024 07:32:48.750Z;functions.check_ted_branco;  PIX NÃO ENCONTRADO PARA REFERENCIA: 941514
13-05-2024 07:32:52.458Z;functions.check_ted_branco;  APERTA EM CANCELAR
13-05-2024 07:32:52.552Z;functions.waitForImage;  PRESS BUTTON OK image found.
13-05-2024 07:32:54.691Z;functions.click_ok;  PRESS BUTTON OK
13-05-2024 07:33:07.120Z;functions.waitForImage;  ERROR GENERICO image not found.
13-05-2024 07:33:12.729Z;functions.waitForImage;  ERROR FILTRO PIX image not found.
13-05-2024 07:33:16.837Z;functions.check_ted_branco;  PASSANDO PARA PRÓXIMO REGISTRO
13-05-2024 07:33:20.939Z;functions.check_ted_branco;  REFERNCIA: 947352
13-05-2024 07:33:21.240Z;functions.check_ted_branco;  ENTRANDO NO REGISTRO 
13-05-2024 07:33:24.476Z;functions.waitForImage;  INTEGRAÇÃO BANCÁRIA image found.
13-05-2024 07:33:24.588Z;functions.check_ted_branco;  CLICA EM INTEGRAÇÃO BANCÁRIA
13-05-2024 07:33:24.588Z;functions.check_ted_branco;  VERIFICANDO INFORMAÇÕES
13-05-2024 07:33:25.291Z;functions.waitForImage;  TRES PONTINHOS image found.
13-05-2024 07:33:35.815Z;functions.check_ted_branco;  VERIFICANDO SE TEM PIX NO FILTRO
13-05-2024 07:33:35.909Z;functions.waitForImage;  CHECANDO DADOS BANCÁRIOS PIX image found.
13-05-2024 07:33:37.918Z;functions.check_ted_branco;  PIX NÃO ENCONTRADO PARA REFERENCIA: 947352
13-05-2024 07:33:41.624Z;functions.check_ted_branco;  APERTA EM CANCELAR
13-05-2024 07:33:41.718Z;functions.waitForImage;  PRESS BUTTON OK image found.
13-05-2024 07:33:43.843Z;functions.click_ok;  PRESS BUTTON OK
13-05-2024 07:33:56.228Z;functions.waitForImage;  ERROR GENERICO image not found.
13-05-2024 07:34:01.830Z;functions.waitForImage;  ERROR FILTRO PIX image not found.
13-05-2024 07:34:05.946Z;functions.check_ted_branco;  PASSANDO PARA PRÓXIMO REGISTRO
13-05-2024 07:34:10.049Z;functions.check_ted_branco;  REFERNCIA: 941560
13-05-2024 07:34:10.349Z;functions.check_ted_branco;  ENTRANDO NO REGISTRO 
13-05-2024 07:34:13.561Z;functions.waitForImage;  INTEGRAÇÃO BANCÁRIA image found.
13-05-2024 07:34:13.678Z;functions.check_ted_branco;  CLICA EM INTEGRAÇÃO BANCÁRIA
13-05-2024 07:34:13.678Z;functions.check_ted_branco;  VERIFICANDO INFORMAÇÕES
13-05-2024 07:34:13.806Z;functions.waitForImage;  TRES PONTINHOS image found.
13-05-2024 07:34:24.329Z;functions.check_ted_branco;  VERIFICANDO SE TEM PIX NO FILTRO
13-05-2024 07:34:24.462Z;functions.waitForImage;  CHECANDO DADOS BANCÁRIOS PIX image found.
13-05-2024 07:34:26.463Z;functions.check_ted_branco;  PIX NÃO ENCONTRADO PARA REFERENCIA: 941560
13-05-2024 07:34:30.169Z;functions.check_ted_branco;  APERTA EM CANCELAR
13-05-2024 07:34:30.263Z;functions.waitForImage;  PRESS BUTTON OK image found.
13-05-2024 07:34:32.391Z;functions.click_ok;  PRESS BUTTON OK
13-05-2024 07:34:44.789Z;functions.waitForImage;  ERROR GENERICO image not found.
13-05-2024 07:34:50.391Z;functions.waitForImage;  ERROR FILTRO PIX image not found.
13-05-2024 07:34:54.496Z;functions.check_ted_branco;  PASSANDO PARA PRÓXIMO REGISTRO
13-05-2024 07:34:58.599Z;functions.check_ted_branco;  REFERNCIA: 949264
13-05-2024 07:34:58.899Z;functions.check_ted_branco;  ENTRANDO NO REGISTRO 
13-05-2024 07:35:02.111Z;functions.waitForImage;  INTEGRAÇÃO BANCÁRIA image found.
13-05-2024 07:35:02.228Z;functions.check_ted_branco;  CLICA EM INTEGRAÇÃO BANCÁRIA
13-05-2024 07:35:02.228Z;functions.check_ted_branco;  VERIFICANDO INFORMAÇÕES
13-05-2024 07:35:02.361Z;functions.waitForImage;  TRES PONTINHOS image found.
13-05-2024 07:35:12.882Z;functions.check_ted_branco;  VERIFICANDO SE TEM PIX NO FILTRO
13-05-2024 07:35:12.976Z;functions.waitForImage;  CHECANDO DADOS BANCÁRIOS PIX image found.
13-05-2024 07:35:14.985Z;functions.check_ted_branco;  PIX NÃO ENCONTRADO PARA REFERENCIA: 949264
13-05-2024 07:35:18.691Z;functions.check_ted_branco;  APERTA EM CANCELAR
13-05-2024 07:35:18.785Z;functions.waitForImage;  PRESS BUTTON OK image found.
13-05-2024 07:35:20.913Z;functions.click_ok;  PRESS BUTTON OK
13-05-2024 07:35:33.305Z;functions.waitForImage;  ERROR GENERICO image not found.
13-05-2024 07:35:38.323Z;functions.waitForImage;  ERROR FILTRO PIX image not found.
13-05-2024 07:35:42.425Z;functions.check_ted_branco;  PASSANDO PARA PRÓXIMO REGISTRO
13-05-2024 07:35:46.527Z;functions.check_ted_branco;  REFERNCIA: 937139
13-05-2024 07:35:46.828Z;functions.check_ted_branco;  ENTRANDO NO REGISTRO 
13-05-2024 07:35:50.040Z;functions.waitForImage;  INTEGRAÇÃO BANCÁRIA image found.
13-05-2024 07:35:50.172Z;functions.check_ted_branco;  CLICA EM INTEGRAÇÃO BANCÁRIA
13-05-2024 07:35:50.172Z;functions.check_ted_branco;  VERIFICANDO INFORMAÇÕES
13-05-2024 07:35:50.312Z;functions.waitForImage;  TRES PONTINHOS image found.
13-05-2024 07:36:00.824Z;functions.check_ted_branco;  VERIFICANDO SE TEM PIX NO FILTRO
13-05-2024 07:36:00.918Z;functions.waitForImage;  CHECANDO DADOS BANCÁRIOS PIX image found.
13-05-2024 07:36:02.928Z;functions.check_ted_branco;  PIX NÃO ENCONTRADO PARA REFERENCIA: 937139
13-05-2024 07:36:06.635Z;functions.check_ted_branco;  APERTA EM CANCELAR
13-05-2024 07:36:06.728Z;functions.waitForImage;  PRESS BUTTON OK image found.
13-05-2024 07:36:08.859Z;functions.click_ok;  PRESS BUTTON OK
13-05-2024 07:36:21.257Z;functions.waitForImage;  ERROR GENERICO image not found.
13-05-2024 07:36:26.274Z;functions.waitForImage;  ERROR FILTRO PIX image not found.
13-05-2024 07:36:30.376Z;functions.check_ted_branco;  PASSANDO PARA PRÓXIMO REGISTRO
13-05-2024 07:36:34.479Z;functions.check_ted_branco;  REFERNCIA: 941628
13-05-2024 07:36:34.780Z;functions.check_ted_branco;  ENTRANDO NO REGISTRO 
13-05-2024 07:36:38.007Z;functions.waitForImage;  INTEGRAÇÃO BANCÁRIA image found.
13-05-2024 07:36:38.140Z;functions.check_ted_branco;  CLICA EM INTEGRAÇÃO BANCÁRIA
13-05-2024 07:36:38.140Z;functions.check_ted_branco;  VERIFICANDO INFORMAÇÕES
13-05-2024 07:36:38.281Z;functions.waitForImage;  TRES PONTINHOS image found.
13-05-2024 07:36:48.801Z;functions.check_ted_branco;  VERIFICANDO SE TEM PIX NO FILTRO
13-05-2024 07:36:48.895Z;functions.waitForImage;  CHECANDO DADOS BANCÁRIOS PIX image found.
13-05-2024 07:36:50.905Z;functions.check_ted_branco;  PIX NÃO ENCONTRADO PARA REFERENCIA: 941628
13-05-2024 07:36:54.610Z;functions.check_ted_branco;  APERTA EM CANCELAR
13-05-2024 07:36:54.704Z;functions.waitForImage;  PRESS BUTTON OK image found.
13-05-2024 07:36:56.832Z;functions.click_ok;  PRESS BUTTON OK
13-05-2024 07:37:09.229Z;functions.waitForImage;  ERROR GENERICO image not found.
13-05-2024 07:37:14.281Z;functions.waitForImage;  ERROR FILTRO PIX image not found.
13-05-2024 07:37:18.387Z;functions.check_ted_branco;  PASSANDO PARA PRÓXIMO REGISTRO
13-05-2024 07:37:22.489Z;functions.check_ted_branco;  REFERNCIA: 940968
13-05-2024 07:37:22.790Z;functions.check_ted_branco;  ENTRANDO NO REGISTRO 
13-05-2024 07:37:26.002Z;functions.waitForImage;  INTEGRAÇÃO BANCÁRIA image found.
13-05-2024 07:37:26.134Z;functions.check_ted_branco;  CLICA EM INTEGRAÇÃO BANCÁRIA
13-05-2024 07:37:26.134Z;functions.check_ted_branco;  VERIFICANDO INFORMAÇÕES
13-05-2024 07:37:26.834Z;functions.waitForImage;  TRES PONTINHOS image found.
13-05-2024 07:37:37.353Z;functions.check_ted_branco;  VERIFICANDO SE TEM PIX NO FILTRO
13-05-2024 07:37:37.447Z;functions.waitForImage;  CHECANDO DADOS BANCÁRIOS PIX image found.
13-05-2024 07:37:39.456Z;functions.check_ted_branco;  PIX NÃO ENCONTRADO PARA REFERENCIA: 940968
13-05-2024 07:37:43.164Z;functions.check_ted_branco;  APERTA EM CANCELAR
13-05-2024 07:37:43.258Z;functions.waitForImage;  PRESS BUTTON OK image found.
13-05-2024 07:37:45.391Z;functions.click_ok;  PRESS BUTTON OK
13-05-2024 07:37:57.759Z;functions.waitForImage;  ERROR GENERICO image not found.
13-05-2024 07:38:03.377Z;functions.waitForImage;  ERROR FILTRO PIX image not found.
13-05-2024 07:38:07.486Z;functions.check_ted_branco;  PASSANDO PARA PRÓXIMO REGISTRO
13-05-2024 07:38:11.588Z;functions.check_ted_branco;  REFERNCIA: 937825
13-05-2024 07:38:11.889Z;functions.check_ted_branco;  ENTRANDO NO REGISTRO 
13-05-2024 07:38:15.132Z;functions.waitForImage;  INTEGRAÇÃO BANCÁRIA image found.
13-05-2024 07:38:15.249Z;functions.check_ted_branco;  CLICA EM INTEGRAÇÃO BANCÁRIA
13-05-2024 07:38:15.249Z;functions.check_ted_branco;  VERIFICANDO INFORMAÇÕES
13-05-2024 07:38:15.377Z;functions.waitForImage;  TRES PONTINHOS image found.
13-05-2024 07:38:25.897Z;functions.check_ted_branco;  VERIFICANDO SE TEM PIX NO FILTRO
13-05-2024 07:38:25.991Z;functions.waitForImage;  CHECANDO DADOS BANCÁRIOS PIX image found.
13-05-2024 07:38:28.004Z;functions.check_ted_branco;  PIX NÃO ENCONTRADO PARA REFERENCIA: 937825
13-05-2024 07:38:31.711Z;functions.check_ted_branco;  APERTA EM CANCELAR
13-05-2024 07:38:31.805Z;functions.waitForImage;  PRESS BUTTON OK image found.
13-05-2024 07:38:33.930Z;functions.click_ok;  PRESS BUTTON OK
13-05-2024 07:38:46.342Z;functions.waitForImage;  ERROR GENERICO image not found.
13-05-2024 07:38:51.361Z;functions.waitForImage;  ERROR FILTRO PIX image not found.
13-05-2024 07:38:55.465Z;functions.check_ted_branco;  PASSANDO PARA PRÓXIMO REGISTRO
13-05-2024 07:38:59.567Z;functions.check_ted_branco;  REFERNCIA: 950726
13-05-2024 07:38:59.868Z;functions.check_ted_branco;  ENTRANDO NO REGISTRO 
13-05-2024 07:39:03.079Z;functions.waitForImage;  INTEGRAÇÃO BANCÁRIA image found.
13-05-2024 07:39:03.196Z;functions.check_ted_branco;  CLICA EM INTEGRAÇÃO BANCÁRIA
13-05-2024 07:39:03.196Z;functions.check_ted_branco;  VERIFICANDO INFORMAÇÕES
13-05-2024 07:39:03.345Z;functions.waitForImage;  TRES PONTINHOS image found.
13-05-2024 07:39:13.865Z;functions.check_ted_branco;  VERIFICANDO SE TEM PIX NO FILTRO
13-05-2024 07:39:13.959Z;functions.waitForImage;  CHECANDO DADOS BANCÁRIOS PIX image found.
13-05-2024 07:39:15.970Z;functions.check_ted_branco;  PIX NÃO ENCONTRADO PARA REFERENCIA: 950726
13-05-2024 07:39:19.677Z;functions.check_ted_branco;  APERTA EM CANCELAR
13-05-2024 07:39:19.783Z;functions.waitForImage;  PRESS BUTTON OK image found.
13-05-2024 07:39:21.920Z;functions.click_ok;  PRESS BUTTON OK
13-05-2024 07:39:34.335Z;functions.waitForImage;  ERROR GENERICO image not found.
13-05-2024 07:39:39.346Z;functions.waitForImage;  ERROR FILTRO PIX image not found.
13-05-2024 07:39:43.450Z;functions.check_ted_branco;  PASSANDO PARA PRÓXIMO REGISTRO
13-05-2024 07:39:47.552Z;functions.check_ted_branco;  REFERNCIA: 949664
13-05-2024 07:39:47.853Z;functions.check_ted_branco;  ENTRANDO NO REGISTRO 
13-05-2024 07:39:51.064Z;functions.waitForImage;  INTEGRAÇÃO BANCÁRIA image found.
13-05-2024 07:39:51.180Z;functions.check_ted_branco;  CLICA EM INTEGRAÇÃO BANCÁRIA
13-05-2024 07:39:51.180Z;functions.check_ted_branco;  VERIFICANDO INFORMAÇÕES
13-05-2024 07:39:51.312Z;functions.waitForImage;  TRES PONTINHOS image found.
13-05-2024 07:40:01.826Z;functions.check_ted_branco;  VERIFICANDO SE TEM PIX NO FILTRO
13-05-2024 07:40:01.919Z;functions.waitForImage;  CHECANDO DADOS BANCÁRIOS PIX image found.
13-05-2024 07:40:03.930Z;functions.check_ted_branco;  PIX NÃO ENCONTRADO PARA REFERENCIA: 949664
13-05-2024 07:40:07.636Z;functions.check_ted_branco;  APERTA EM CANCELAR
13-05-2024 07:40:07.729Z;functions.waitForImage;  PRESS BUTTON OK image found.
13-05-2024 07:40:09.858Z;functions.click_ok;  PRESS BUTTON OK
13-05-2024 07:40:22.228Z;functions.waitForImage;  ERROR GENERICO image not found.
13-05-2024 07:40:27.282Z;functions.waitForImage;  ERROR FILTRO PIX image not found.
13-05-2024 07:40:31.388Z;functions.check_ted_branco;  PASSANDO PARA PRÓXIMO REGISTRO
13-05-2024 07:40:35.490Z;functions.check_ted_branco;  REFERNCIA: 944882
13-05-2024 07:40:35.791Z;functions.check_ted_branco;  ENTRANDO NO REGISTRO 
13-05-2024 07:40:39.003Z;functions.waitForImage;  INTEGRAÇÃO BANCÁRIA image found.
13-05-2024 07:40:39.135Z;functions.check_ted_branco;  CLICA EM INTEGRAÇÃO BANCÁRIA
13-05-2024 07:40:39.135Z;functions.check_ted_branco;  VERIFICANDO INFORMAÇÕES
13-05-2024 07:40:39.846Z;functions.waitForImage;  TRES PONTINHOS image found.
13-05-2024 07:40:50.367Z;functions.check_ted_branco;  VERIFICANDO SE TEM PIX NO FILTRO
13-05-2024 07:40:50.461Z;functions.waitForImage;  CHECANDO DADOS BANCÁRIOS PIX image found.
13-05-2024 07:40:52.473Z;functions.check_ted_branco;  PIX NÃO ENCONTRADO PARA REFERENCIA: 944882
13-05-2024 07:40:56.180Z;functions.check_ted_branco;  APERTA EM CANCELAR
13-05-2024 07:40:56.274Z;functions.waitForImage;  PRESS BUTTON OK image found.
13-05-2024 07:40:58.402Z;functions.click_ok;  PRESS BUTTON OK
13-05-2024 07:41:10.775Z;functions.waitForImage;  ERROR GENERICO image not found.
13-05-2024 07:41:15.823Z;functions.waitForImage;  ERROR FILTRO PIX image not found.
13-05-2024 07:41:19.927Z;functions.check_ted_branco;  PASSANDO PARA PRÓXIMO REGISTRO
13-05-2024 07:41:24.029Z;functions.check_ted_branco;  REFERNCIA: 936139
13-05-2024 07:41:24.330Z;functions.check_ted_branco;  ENTRANDO NO REGISTRO 
13-05-2024 07:41:27.541Z;functions.waitForImage;  INTEGRAÇÃO BANCÁRIA image found.
13-05-2024 07:41:27.658Z;functions.check_ted_branco;  CLICA EM INTEGRAÇÃO BANCÁRIA
13-05-2024 07:41:27.658Z;functions.check_ted_branco;  VERIFICANDO INFORMAÇÕES
13-05-2024 07:41:27.785Z;functions.waitForImage;  TRES PONTINHOS image found.
13-05-2024 07:41:38.305Z;functions.check_ted_branco;  VERIFICANDO SE TEM PIX NO FILTRO
13-05-2024 07:41:38.440Z;functions.waitForImage;  CHECANDO DADOS BANCÁRIOS PIX image found.
13-05-2024 07:41:40.446Z;functions.check_ted_branco;  PIX NÃO ENCONTRADO PARA REFERENCIA: 936139
13-05-2024 07:41:44.152Z;functions.check_ted_branco;  APERTA EM CANCELAR
13-05-2024 07:41:44.261Z;functions.waitForImage;  PRESS BUTTON OK image found.
13-05-2024 07:41:46.388Z;functions.click_ok;  PRESS BUTTON OK
13-05-2024 07:41:58.760Z;functions.waitForImage;  ERROR GENERICO image not found.
13-05-2024 07:42:03.817Z;functions.waitForImage;  ERROR FILTRO PIX image not found.
13-05-2024 07:42:07.922Z;functions.check_ted_branco;  PASSANDO PARA PRÓXIMO REGISTRO
13-05-2024 07:42:12.024Z;functions.check_ted_branco;  REFERNCIA: 949557
13-05-2024 07:42:12.325Z;functions.check_ted_branco;  ENTRANDO NO REGISTRO 
13-05-2024 07:42:15.536Z;functions.waitForImage;  INTEGRAÇÃO BANCÁRIA image found.
13-05-2024 07:42:15.669Z;functions.check_ted_branco;  CLICA EM INTEGRAÇÃO BANCÁRIA
13-05-2024 07:42:15.669Z;functions.check_ted_branco;  VERIFICANDO INFORMAÇÕES
13-05-2024 07:42:16.377Z;functions.waitForImage;  TRES PONTINHOS image found.
13-05-2024 07:42:26.904Z;functions.check_ted_branco;  VERIFICANDO SE TEM PIX NO FILTRO
13-05-2024 07:42:26.997Z;functions.waitForImage;  CHECANDO DADOS BANCÁRIOS PIX image found.
13-05-2024 07:42:29.007Z;functions.check_ted_branco;  PIX NÃO ENCONTRADO PARA REFERENCIA: 949557
13-05-2024 07:42:32.713Z;functions.check_ted_branco;  APERTA EM CANCELAR
13-05-2024 07:42:32.807Z;functions.waitForImage;  PRESS BUTTON OK image found.
13-05-2024 07:42:34.938Z;functions.click_ok;  PRESS BUTTON OK
13-05-2024 07:42:47.333Z;functions.waitForImage;  ERROR GENERICO image not found.
13-05-2024 07:42:52.345Z;functions.waitForImage;  ERROR FILTRO PIX image not found.
13-05-2024 07:42:56.460Z;functions.check_ted_branco;  PASSANDO PARA PRÓXIMO REGISTRO
13-05-2024 07:43:00.562Z;functions.check_ted_branco;  REFERNCIA: 946753
13-05-2024 07:43:00.863Z;functions.check_ted_branco;  ENTRANDO NO REGISTRO 
13-05-2024 07:43:04.074Z;functions.waitForImage;  INTEGRAÇÃO BANCÁRIA image found.
13-05-2024 07:43:04.207Z;functions.check_ted_branco;  CLICA EM INTEGRAÇÃO BANCÁRIA
13-05-2024 07:43:04.207Z;functions.check_ted_branco;  VERIFICANDO INFORMAÇÕES
13-05-2024 07:43:04.924Z;functions.waitForImage;  TRES PONTINHOS image found.
13-05-2024 07:43:15.449Z;functions.check_ted_branco;  VERIFICANDO SE TEM PIX NO FILTRO
13-05-2024 07:43:15.542Z;functions.waitForImage;  CHECANDO DADOS BANCÁRIOS PIX image found.
13-05-2024 07:43:17.554Z;functions.check_ted_branco;  PIX NÃO ENCONTRADO PARA REFERENCIA: 946753
13-05-2024 07:43:21.260Z;functions.check_ted_branco;  APERTA EM CANCELAR
13-05-2024 07:43:21.362Z;functions.waitForImage;  PRESS BUTTON OK image found.
13-05-2024 07:43:23.481Z;functions.click_ok;  PRESS BUTTON OK
13-05-2024 07:43:35.869Z;functions.waitForImage;  ERROR GENERICO image not found.
13-05-2024 07:43:40.963Z;functions.waitForImage;  ERROR FILTRO PIX image not found.
13-05-2024 07:43:45.069Z;functions.check_ted_branco;  PASSANDO PARA PRÓXIMO REGISTRO
13-05-2024 07:43:49.172Z;functions.check_ted_branco;  REFERNCIA: 949526
13-05-2024 07:43:49.473Z;functions.check_ted_branco;  ENTRANDO NO REGISTRO 
13-05-2024 07:43:52.684Z;functions.waitForImage;  INTEGRAÇÃO BANCÁRIA image found.
13-05-2024 07:43:52.801Z;functions.check_ted_branco;  CLICA EM INTEGRAÇÃO BANCÁRIA
13-05-2024 07:43:52.801Z;functions.check_ted_branco;  VERIFICANDO INFORMAÇÕES
13-05-2024 07:43:52.930Z;functions.waitForImage;  TRES PONTINHOS image found.
13-05-2024 07:44:03.453Z;functions.check_ted_branco;  VERIFICANDO SE TEM PIX NO FILTRO
13-05-2024 07:44:03.547Z;functions.waitForImage;  CHECANDO DADOS BANCÁRIOS PIX image found.
13-05-2024 07:44:05.560Z;functions.check_ted_branco;  PIX NÃO ENCONTRADO PARA REFERENCIA: 949526
13-05-2024 07:44:09.267Z;functions.check_ted_branco;  APERTA EM CANCELAR
13-05-2024 07:44:09.369Z;functions.waitForImage;  PRESS BUTTON OK image found.
13-05-2024 07:44:11.493Z;functions.click_ok;  PRESS BUTTON OK
13-05-2024 07:44:23.872Z;functions.waitForImage;  ERROR GENERICO image not found.
13-05-2024 07:44:28.874Z;functions.waitForImage;  ERROR FILTRO PIX image not found.
13-05-2024 07:44:32.988Z;functions.check_ted_branco;  PASSANDO PARA PRÓXIMO REGISTRO
13-05-2024 07:44:37.090Z;functions.check_ted_branco;  REFERNCIA: 946261
13-05-2024 07:44:37.391Z;functions.check_ted_branco;  ENTRANDO NO REGISTRO 
13-05-2024 07:44:40.603Z;functions.waitForImage;  INTEGRAÇÃO BANCÁRIA image found.
13-05-2024 07:44:40.735Z;functions.check_ted_branco;  CLICA EM INTEGRAÇÃO BANCÁRIA
13-05-2024 07:44:40.735Z;functions.check_ted_branco;  VERIFICANDO INFORMAÇÕES
13-05-2024 07:44:41.471Z;functions.waitForImage;  TRES PONTINHOS image found.
13-05-2024 07:44:51.984Z;functions.check_ted_branco;  VERIFICANDO SE TEM PIX NO FILTRO
13-05-2024 07:44:52.078Z;functions.waitForImage;  CHECANDO DADOS BANCÁRIOS PIX image found.
13-05-2024 07:44:54.087Z;functions.check_ted_branco;  PIX NÃO ENCONTRADO PARA REFERENCIA: 946261
13-05-2024 07:44:57.793Z;functions.check_ted_branco;  APERTA EM CANCELAR
13-05-2024 07:44:57.887Z;functions.waitForImage;  PRESS BUTTON OK image found.
13-05-2024 07:45:00.020Z;functions.click_ok;  PRESS BUTTON OK
13-05-2024 07:45:12.474Z;functions.waitForImage;  ERROR GENERICO image not found.
13-05-2024 07:45:17.514Z;functions.waitForImage;  ERROR FILTRO PIX image not found.
13-05-2024 07:45:21.631Z;functions.check_ted_branco;  PASSANDO PARA PRÓXIMO REGISTRO
13-05-2024 07:45:25.732Z;functions.check_ted_branco;  REFERNCIA: 941552
13-05-2024 07:45:26.033Z;functions.check_ted_branco;  ENTRANDO NO REGISTRO 
13-05-2024 07:45:29.245Z;functions.waitForImage;  INTEGRAÇÃO BANCÁRIA image found.
13-05-2024 07:45:29.362Z;functions.check_ted_branco;  CLICA EM INTEGRAÇÃO BANCÁRIA
13-05-2024 07:45:29.362Z;functions.check_ted_branco;  VERIFICANDO INFORMAÇÕES
13-05-2024 07:45:30.073Z;functions.waitForImage;  TRES PONTINHOS image found.
13-05-2024 07:45:40.594Z;functions.check_ted_branco;  VERIFICANDO SE TEM PIX NO FILTRO
13-05-2024 07:45:40.688Z;functions.waitForImage;  CHECANDO DADOS BANCÁRIOS PIX image found.
13-05-2024 07:45:42.697Z;functions.check_ted_branco;  PIX NÃO ENCONTRADO PARA REFERENCIA: 941552
13-05-2024 07:45:46.404Z;functions.check_ted_branco;  APERTA EM CANCELAR
13-05-2024 07:45:46.497Z;functions.waitForImage;  PRESS BUTTON OK image found.
13-05-2024 07:45:48.625Z;functions.click_ok;  PRESS BUTTON OK
13-05-2024 07:46:01.041Z;functions.waitForImage;  ERROR GENERICO image not found.
13-05-2024 07:46:06.080Z;functions.waitForImage;  ERROR FILTRO PIX image not found.
13-05-2024 07:46:10.199Z;functions.check_ted_branco;  PASSANDO PARA PRÓXIMO REGISTRO
13-05-2024 07:46:14.300Z;functions.check_ted_branco;  REFERNCIA: 941510
13-05-2024 07:46:14.601Z;functions.check_ted_branco;  ENTRANDO NO REGISTRO 
13-05-2024 07:46:17.844Z;functions.waitForImage;  INTEGRAÇÃO BANCÁRIA image found.
13-05-2024 07:46:17.977Z;functions.check_ted_branco;  CLICA EM INTEGRAÇÃO BANCÁRIA
13-05-2024 07:46:17.977Z;functions.check_ted_branco;  VERIFICANDO INFORMAÇÕES
13-05-2024 07:46:18.081Z;functions.waitForImage;  TRES PONTINHOS image found.
13-05-2024 07:46:28.602Z;functions.check_ted_branco;  VERIFICANDO SE TEM PIX NO FILTRO
13-05-2024 07:46:28.696Z;functions.waitForImage;  CHECANDO DADOS BANCÁRIOS PIX image found.
13-05-2024 07:46:30.708Z;functions.check_ted_branco;  PIX NÃO ENCONTRADO PARA REFERENCIA: 941510
13-05-2024 07:46:34.414Z;functions.check_ted_branco;  APERTA EM CANCELAR
13-05-2024 07:46:34.523Z;functions.waitForImage;  PRESS BUTTON OK image found.
13-05-2024 07:46:36.648Z;functions.click_ok;  PRESS BUTTON OK
13-05-2024 07:46:49.051Z;functions.waitForImage;  ERROR GENERICO image not found.
13-05-2024 07:46:54.124Z;functions.waitForImage;  ERROR FILTRO PIX image not found.
13-05-2024 07:46:58.230Z;functions.check_ted_branco;  PASSANDO PARA PRÓXIMO REGISTRO
13-05-2024 07:47:02.332Z;functions.check_ted_branco;  REFERNCIA: 941533
13-05-2024 07:47:02.633Z;functions.check_ted_branco;  ENTRANDO NO REGISTRO 
13-05-2024 07:47:05.844Z;functions.waitForImage;  INTEGRAÇÃO BANCÁRIA image found.
13-05-2024 07:47:05.976Z;functions.check_ted_branco;  CLICA EM INTEGRAÇÃO BANCÁRIA
13-05-2024 07:47:05.976Z;functions.check_ted_branco;  VERIFICANDO INFORMAÇÕES
13-05-2024 07:47:06.685Z;functions.waitForImage;  TRES PONTINHOS image found.
13-05-2024 07:47:17.210Z;functions.check_ted_branco;  VERIFICANDO SE TEM PIX NO FILTRO
13-05-2024 07:47:17.314Z;functions.waitForImage;  CHECANDO DADOS BANCÁRIOS PIX image found.
13-05-2024 07:47:19.316Z;functions.check_ted_branco;  PIX NÃO ENCONTRADO PARA REFERENCIA: 941533
13-05-2024 07:47:23.022Z;functions.check_ted_branco;  APERTA EM CANCELAR
13-05-2024 07:47:23.116Z;functions.waitForImage;  PRESS BUTTON OK image found.
13-05-2024 07:47:25.241Z;functions.click_ok;  PRESS BUTTON OK
13-05-2024 07:47:37.655Z;functions.waitForImage;  ERROR GENERICO image not found.
13-05-2024 07:47:42.705Z;functions.waitForImage;  ERROR FILTRO PIX image not found.
13-05-2024 07:47:46.812Z;functions.check_ted_branco;  PASSANDO PARA PRÓXIMO REGISTRO
13-05-2024 07:47:50.914Z;functions.check_ted_branco;  REFERNCIA: 946067
13-05-2024 07:47:51.215Z;functions.check_ted_branco;  ENTRANDO NO REGISTRO 
13-05-2024 07:47:54.425Z;functions.waitForImage;  INTEGRAÇÃO BANCÁRIA image found.
13-05-2024 07:47:54.530Z;functions.check_ted_branco;  CLICA EM INTEGRAÇÃO BANCÁRIA
13-05-2024 07:47:54.530Z;functions.check_ted_branco;  VERIFICANDO INFORMAÇÕES
13-05-2024 07:47:55.240Z;functions.waitForImage;  TRES PONTINHOS image found.
13-05-2024 07:48:05.764Z;functions.check_ted_branco;  VERIFICANDO SE TEM PIX NO FILTRO
13-05-2024 07:48:05.858Z;functions.waitForImage;  CHECANDO DADOS BANCÁRIOS PIX image found.
13-05-2024 07:48:07.871Z;functions.check_ted_branco;  PIX NÃO ENCONTRADO PARA REFERENCIA: 946067
13-05-2024 07:48:11.577Z;functions.check_ted_branco;  APERTA EM CANCELAR
13-05-2024 07:48:11.671Z;functions.waitForImage;  PRESS BUTTON OK image found.
13-05-2024 07:48:13.818Z;functions.click_ok;  PRESS BUTTON OK
13-05-2024 07:48:26.189Z;functions.waitForImage;  ERROR GENERICO image not found.
13-05-2024 07:48:31.227Z;functions.waitForImage;  ERROR FILTRO PIX image not found.
13-05-2024 07:48:35.331Z;functions.check_ted_branco;  PASSANDO PARA PRÓXIMO REGISTRO
13-05-2024 07:48:39.434Z;functions.check_ted_branco;  REFERNCIA: 946070
13-05-2024 07:48:39.735Z;functions.check_ted_branco;  ENTRANDO NO REGISTRO 
13-05-2024 07:48:42.963Z;functions.waitForImage;  INTEGRAÇÃO BANCÁRIA image found.
13-05-2024 07:48:43.081Z;functions.check_ted_branco;  CLICA EM INTEGRAÇÃO BANCÁRIA
13-05-2024 07:48:43.081Z;functions.check_ted_branco;  VERIFICANDO INFORMAÇÕES
13-05-2024 07:48:43.780Z;functions.waitForImage;  TRES PONTINHOS image found.
13-05-2024 07:48:54.303Z;functions.check_ted_branco;  VERIFICANDO SE TEM PIX NO FILTRO
13-05-2024 07:48:54.432Z;functions.waitForImage;  CHECANDO DADOS BANCÁRIOS PIX image found.
13-05-2024 07:48:56.433Z;functions.check_ted_branco;  PIX NÃO ENCONTRADO PARA REFERENCIA: 946070
13-05-2024 07:49:00.139Z;functions.check_ted_branco;  APERTA EM CANCELAR
13-05-2024 07:49:00.232Z;functions.waitForImage;  PRESS BUTTON OK image found.
13-05-2024 07:49:02.367Z;functions.click_ok;  PRESS BUTTON OK
13-05-2024 07:49:14.771Z;functions.waitForImage;  ERROR GENERICO image not found.
13-05-2024 07:49:20.378Z;functions.waitForImage;  ERROR FILTRO PIX image not found.
13-05-2024 07:49:24.494Z;functions.check_ted_branco;  PASSANDO PARA PRÓXIMO REGISTRO
13-05-2024 07:49:28.596Z;functions.check_ted_branco;  REFERNCIA: 946061
13-05-2024 07:49:28.897Z;functions.check_ted_branco;  ENTRANDO NO REGISTRO 
13-05-2024 07:49:32.105Z;functions.waitForImage;  INTEGRAÇÃO BANCÁRIA image found.
13-05-2024 07:49:32.222Z;functions.check_ted_branco;  CLICA EM INTEGRAÇÃO BANCÁRIA
13-05-2024 07:49:32.222Z;functions.check_ted_branco;  VERIFICANDO INFORMAÇÕES
13-05-2024 07:49:32.347Z;functions.waitForImage;  TRES PONTINHOS image found.
13-05-2024 07:49:42.871Z;functions.check_ted_branco;  VERIFICANDO SE TEM PIX NO FILTRO
13-05-2024 07:49:42.964Z;functions.waitForImage;  CHECANDO DADOS BANCÁRIOS PIX image found.
13-05-2024 07:49:44.975Z;functions.check_ted_branco;  PIX NÃO ENCONTRADO PARA REFERENCIA: 946061
13-05-2024 07:49:48.681Z;functions.check_ted_branco;  APERTA EM CANCELAR
13-05-2024 07:49:48.775Z;functions.waitForImage;  PRESS BUTTON OK image found.
13-05-2024 07:49:50.909Z;functions.click_ok;  PRESS BUTTON OK
13-05-2024 07:50:03.331Z;functions.waitForImage;  ERROR GENERICO image not found.
13-05-2024 07:50:08.394Z;functions.waitForImage;  ERROR FILTRO PIX image not found.
13-05-2024 07:50:12.511Z;functions.check_ted_branco;  PASSANDO PARA PRÓXIMO REGISTRO
13-05-2024 07:50:16.617Z;functions.check_ted_branco;  REFERNCIA: 945051
13-05-2024 07:50:16.918Z;functions.check_ted_branco;  ENTRANDO NO REGISTRO 
13-05-2024 07:50:20.129Z;functions.waitForImage;  INTEGRAÇÃO BANCÁRIA image found.
13-05-2024 07:50:20.246Z;functions.check_ted_branco;  CLICA EM INTEGRAÇÃO BANCÁRIA
13-05-2024 07:50:20.246Z;functions.check_ted_branco;  VERIFICANDO INFORMAÇÕES
13-05-2024 07:50:20.966Z;functions.waitForImage;  TRES PONTINHOS image found.
13-05-2024 07:50:31.489Z;functions.check_ted_branco;  VERIFICANDO SE TEM PIX NO FILTRO
13-05-2024 07:50:31.583Z;functions.waitForImage;  CHECANDO DADOS BANCÁRIOS PIX image found.
13-05-2024 07:50:33.591Z;functions.check_ted_branco;  PIX NÃO ENCONTRADO PARA REFERENCIA: 945051
13-05-2024 07:50:37.298Z;functions.check_ted_branco;  APERTA EM CANCELAR
13-05-2024 07:50:37.394Z;functions.waitForImage;  PRESS BUTTON OK image found.
13-05-2024 07:50:39.532Z;functions.click_ok;  PRESS BUTTON OK
13-05-2024 07:50:51.912Z;functions.waitForImage;  ERROR GENERICO image not found.
13-05-2024 07:50:56.923Z;functions.waitForImage;  ERROR FILTRO PIX image not found.
13-05-2024 07:51:01.031Z;functions.check_ted_branco;  PASSANDO PARA PRÓXIMO REGISTRO
13-05-2024 07:51:05.133Z;functions.check_ted_branco;  REFERNCIA: 937155
13-05-2024 07:51:05.434Z;functions.check_ted_branco;  ENTRANDO NO REGISTRO 
13-05-2024 07:51:08.649Z;functions.waitForImage;  INTEGRAÇÃO BANCÁRIA image found.
13-05-2024 07:51:08.781Z;functions.check_ted_branco;  CLICA EM INTEGRAÇÃO BANCÁRIA
13-05-2024 07:51:08.781Z;functions.check_ted_branco;  VERIFICANDO INFORMAÇÕES
13-05-2024 07:51:08.877Z;functions.waitForImage;  TRES PONTINHOS image found.
13-05-2024 07:51:19.404Z;functions.check_ted_branco;  VERIFICANDO SE TEM PIX NO FILTRO
13-05-2024 07:51:19.500Z;functions.waitForImage;  CHECANDO DADOS BANCÁRIOS PIX image found.
13-05-2024 07:51:21.501Z;functions.check_ted_branco;  PIX NÃO ENCONTRADO PARA REFERENCIA: 937155
13-05-2024 07:51:25.207Z;functions.check_ted_branco;  APERTA EM CANCELAR
13-05-2024 07:51:25.308Z;functions.waitForImage;  PRESS BUTTON OK image found.
13-05-2024 07:51:27.432Z;functions.click_ok;  PRESS BUTTON OK
13-05-2024 07:51:39.862Z;functions.waitForImage;  ERROR GENERICO image not found.
13-05-2024 07:51:44.942Z;functions.waitForImage;  ERROR FILTRO PIX image not found.
13-05-2024 07:51:49.046Z;functions.check_ted_branco;  PASSANDO PARA PRÓXIMO REGISTRO
13-05-2024 07:51:53.148Z;functions.check_ted_branco;  REFERNCIA: 945050
13-05-2024 07:51:53.448Z;functions.check_ted_branco;  ENTRANDO NO REGISTRO 
13-05-2024 07:51:56.660Z;functions.waitForImage;  INTEGRAÇÃO BANCÁRIA image found.
13-05-2024 07:51:56.777Z;functions.check_ted_branco;  CLICA EM INTEGRAÇÃO BANCÁRIA
13-05-2024 07:51:56.777Z;functions.check_ted_branco;  VERIFICANDO INFORMAÇÕES
13-05-2024 07:51:57.480Z;functions.waitForImage;  TRES PONTINHOS image found.
13-05-2024 07:52:08.003Z;functions.check_ted_branco;  VERIFICANDO SE TEM PIX NO FILTRO
13-05-2024 07:52:08.097Z;functions.waitForImage;  CHECANDO DADOS BANCÁRIOS PIX image found.
13-05-2024 07:52:10.111Z;functions.check_ted_branco;  PIX NÃO ENCONTRADO PARA REFERENCIA: 945050
13-05-2024 07:52:13.818Z;functions.check_ted_branco;  APERTA EM CANCELAR
13-05-2024 07:52:13.911Z;functions.waitForImage;  PRESS BUTTON OK image found.
13-05-2024 07:52:16.042Z;functions.click_ok;  PRESS BUTTON OK
13-05-2024 07:52:28.460Z;functions.waitForImage;  ERROR GENERICO image not found.
13-05-2024 07:52:33.535Z;functions.waitForImage;  ERROR FILTRO PIX image not found.
13-05-2024 07:52:37.646Z;functions.check_ted_branco;  PASSANDO PARA PRÓXIMO REGISTRO
13-05-2024 07:52:41.748Z;functions.check_ted_branco;  REFERNCIA: 945682
13-05-2024 07:52:42.049Z;functions.check_ted_branco;  ENTRANDO NO REGISTRO 
13-05-2024 07:52:45.261Z;functions.waitForImage;  INTEGRAÇÃO BANCÁRIA image found.
13-05-2024 07:52:45.394Z;functions.check_ted_branco;  CLICA EM INTEGRAÇÃO BANCÁRIA
13-05-2024 07:52:45.394Z;functions.check_ted_branco;  VERIFICANDO INFORMAÇÕES
13-05-2024 07:52:45.535Z;functions.waitForImage;  TRES PONTINHOS image found.
13-05-2024 07:52:56.056Z;functions.check_ted_branco;  VERIFICANDO SE TEM PIX NO FILTRO
13-05-2024 07:52:56.150Z;functions.waitForImage;  CHECANDO DADOS BANCÁRIOS PIX image found.
13-05-2024 07:52:58.160Z;functions.check_ted_branco;  PIX NÃO ENCONTRADO PARA REFERENCIA: 945682
13-05-2024 07:53:01.867Z;functions.check_ted_branco;  APERTA EM CANCELAR
13-05-2024 07:53:01.961Z;functions.waitForImage;  PRESS BUTTON OK image found.
13-05-2024 07:53:04.097Z;functions.click_ok;  PRESS BUTTON OK
13-05-2024 07:53:16.514Z;functions.waitForImage;  ERROR GENERICO image not found.
13-05-2024 07:53:21.552Z;functions.waitForImage;  ERROR FILTRO PIX image not found.
13-05-2024 07:53:25.656Z;functions.check_ted_branco;  PASSANDO PARA PRÓXIMO REGISTRO
13-05-2024 07:53:29.758Z;functions.check_ted_branco;  REFERNCIA: 946260
13-05-2024 07:53:30.059Z;functions.check_ted_branco;  ENTRANDO NO REGISTRO 
13-05-2024 07:53:33.270Z;functions.waitForImage;  INTEGRAÇÃO BANCÁRIA image found.
13-05-2024 07:53:33.386Z;functions.check_ted_branco;  CLICA EM INTEGRAÇÃO BANCÁRIA
13-05-2024 07:53:33.386Z;functions.check_ted_branco;  VERIFICANDO INFORMAÇÕES
13-05-2024 07:53:33.493Z;functions.waitForImage;  TRES PONTINHOS image found.
13-05-2024 07:53:44.010Z;functions.check_ted_branco;  VERIFICANDO SE TEM PIX NO FILTRO
13-05-2024 07:53:44.104Z;functions.waitForImage;  CHECANDO DADOS BANCÁRIOS PIX image found.
13-05-2024 07:53:46.115Z;functions.check_ted_branco;  PIX NÃO ENCONTRADO PARA REFERENCIA: 946260
13-05-2024 07:53:49.822Z;functions.check_ted_branco;  APERTA EM CANCELAR
13-05-2024 07:53:49.913Z;functions.waitForImage;  PRESS BUTTON OK image found.
13-05-2024 07:53:52.035Z;functions.click_ok;  PRESS BUTTON OK
13-05-2024 07:54:04.472Z;functions.waitForImage;  ERROR GENERICO image not found.
13-05-2024 07:54:09.511Z;functions.waitForImage;  ERROR FILTRO PIX image not found.
13-05-2024 07:54:13.613Z;functions.check_ted_branco;  PASSANDO PARA PRÓXIMO REGISTRO
13-05-2024 07:54:17.715Z;functions.check_ted_branco;  REFERNCIA: 946766
13-05-2024 07:54:18.016Z;functions.check_ted_branco;  ENTRANDO NO REGISTRO 
13-05-2024 07:54:21.246Z;functions.waitForImage;  INTEGRAÇÃO BANCÁRIA image found.
13-05-2024 07:54:21.378Z;functions.check_ted_branco;  CLICA EM INTEGRAÇÃO BANCÁRIA
13-05-2024 07:54:21.378Z;functions.check_ted_branco;  VERIFICANDO INFORMAÇÕES
13-05-2024 07:54:21.504Z;functions.waitForImage;  TRES PONTINHOS image found.
13-05-2024 07:54:32.019Z;functions.check_ted_branco;  VERIFICANDO SE TEM PIX NO FILTRO
13-05-2024 07:54:32.113Z;functions.waitForImage;  CHECANDO DADOS BANCÁRIOS PIX image found.
13-05-2024 07:54:34.121Z;functions.check_ted_branco;  PIX NÃO ENCONTRADO PARA REFERENCIA: 946766
13-05-2024 07:54:37.826Z;functions.check_ted_branco;  APERTA EM CANCELAR
13-05-2024 07:54:37.920Z;functions.waitForImage;  PRESS BUTTON OK image found.
13-05-2024 07:54:40.045Z;functions.click_ok;  PRESS BUTTON OK
13-05-2024 07:54:52.456Z;functions.waitForImage;  ERROR GENERICO image not found.
13-05-2024 07:54:57.475Z;functions.waitForImage;  ERROR FILTRO PIX image not found.
13-05-2024 07:55:01.579Z;functions.check_ted_branco;  PASSANDO PARA PRÓXIMO REGISTRO
13-05-2024 07:55:05.682Z;functions.check_ted_branco;  REFERNCIA: 943043
13-05-2024 07:55:05.983Z;functions.check_ted_branco;  ENTRANDO NO REGISTRO 
13-05-2024 07:55:09.194Z;functions.waitForImage;  INTEGRAÇÃO BANCÁRIA image found.
13-05-2024 07:55:09.327Z;functions.check_ted_branco;  CLICA EM INTEGRAÇÃO BANCÁRIA
13-05-2024 07:55:09.327Z;functions.check_ted_branco;  VERIFICANDO INFORMAÇÕES
13-05-2024 07:55:10.051Z;functions.waitForImage;  TRES PONTINHOS image found.
13-05-2024 07:55:20.577Z;functions.check_ted_branco;  VERIFICANDO SE TEM PIX NO FILTRO
13-05-2024 07:55:20.671Z;functions.waitForImage;  CHECANDO DADOS BANCÁRIOS PIX image found.
13-05-2024 07:55:22.682Z;functions.check_ted_branco;  PIX NÃO ENCONTRADO PARA REFERENCIA: 943043
13-05-2024 07:55:26.388Z;functions.check_ted_branco;  APERTA EM CANCELAR
13-05-2024 07:55:26.482Z;functions.waitForImage;  PRESS BUTTON OK image found.
13-05-2024 07:55:28.610Z;functions.click_ok;  PRESS BUTTON OK
13-05-2024 07:55:40.975Z;functions.waitForImage;  ERROR GENERICO image not found.
13-05-2024 07:55:45.980Z;functions.waitForImage;  ERROR FILTRO PIX image not found.
13-05-2024 07:55:50.085Z;functions.check_ted_branco;  PASSANDO PARA PRÓXIMO REGISTRO
13-05-2024 07:55:54.188Z;functions.check_ted_branco;  REFERNCIA: 941809
13-05-2024 07:55:54.488Z;functions.check_ted_branco;  ENTRANDO NO REGISTRO 
13-05-2024 07:55:57.700Z;functions.waitForImage;  INTEGRAÇÃO BANCÁRIA image found.
13-05-2024 07:55:57.816Z;functions.check_ted_branco;  CLICA EM INTEGRAÇÃO BANCÁRIA
13-05-2024 07:55:57.816Z;functions.check_ted_branco;  VERIFICANDO INFORMAÇÕES
13-05-2024 07:55:57.957Z;functions.waitForImage;  TRES PONTINHOS image found.
13-05-2024 07:56:08.474Z;functions.check_ted_branco;  VERIFICANDO SE TEM PIX NO FILTRO
13-05-2024 07:56:08.568Z;functions.waitForImage;  CHECANDO DADOS BANCÁRIOS PIX image found.
13-05-2024 07:56:10.577Z;functions.check_ted_branco;  PIX NÃO ENCONTRADO PARA REFERENCIA: 941809
13-05-2024 07:56:14.284Z;functions.check_ted_branco;  APERTA EM CANCELAR
13-05-2024 07:56:14.388Z;functions.waitForImage;  PRESS BUTTON OK image found.
13-05-2024 07:56:16.515Z;functions.click_ok;  PRESS BUTTON OK
13-05-2024 07:56:28.893Z;functions.waitForImage;  ERROR GENERICO image not found.
13-05-2024 07:56:33.920Z;functions.waitForImage;  ERROR FILTRO PIX image not found.
13-05-2024 07:56:38.022Z;functions.check_ted_branco;  PASSANDO PARA PRÓXIMO REGISTRO
13-05-2024 07:56:42.124Z;functions.check_ted_branco;  REFERNCIA: 941539
13-05-2024 07:56:42.424Z;functions.check_ted_branco;  ENTRANDO NO REGISTRO 
13-05-2024 07:56:45.636Z;functions.waitForImage;  INTEGRAÇÃO BANCÁRIA image found.
13-05-2024 07:56:45.753Z;functions.check_ted_branco;  CLICA EM INTEGRAÇÃO BANCÁRIA
13-05-2024 07:56:45.754Z;functions.check_ted_branco;  VERIFICANDO INFORMAÇÕES
13-05-2024 07:56:45.878Z;functions.waitForImage;  TRES PONTINHOS image found.
13-05-2024 07:56:56.398Z;functions.check_ted_branco;  VERIFICANDO SE TEM PIX NO FILTRO
13-05-2024 07:56:56.492Z;functions.waitForImage;  CHECANDO DADOS BANCÁRIOS PIX image found.
13-05-2024 07:56:58.502Z;functions.check_ted_branco;  PIX NÃO ENCONTRADO PARA REFERENCIA: 941539
13-05-2024 07:57:02.210Z;functions.check_ted_branco;  APERTA EM CANCELAR
13-05-2024 07:57:02.311Z;functions.waitForImage;  PRESS BUTTON OK image found.
13-05-2024 07:57:04.439Z;functions.click_ok;  PRESS BUTTON OK
13-05-2024 07:57:16.793Z;functions.waitForImage;  ERROR GENERICO image not found.
13-05-2024 07:57:21.824Z;functions.waitForImage;  ERROR FILTRO PIX image not found.
13-05-2024 07:57:25.926Z;functions.check_ted_branco;  PASSANDO PARA PRÓXIMO REGISTRO
13-05-2024 07:57:30.028Z;functions.check_ted_branco;  REFERNCIA: 941511
13-05-2024 07:57:30.329Z;functions.check_ted_branco;  ENTRANDO NO REGISTRO 
13-05-2024 07:57:33.541Z;functions.waitForImage;  INTEGRAÇÃO BANCÁRIA image found.
13-05-2024 07:57:33.674Z;functions.check_ted_branco;  CLICA EM INTEGRAÇÃO BANCÁRIA
13-05-2024 07:57:33.674Z;functions.check_ted_branco;  VERIFICANDO INFORMAÇÕES
13-05-2024 07:57:34.385Z;functions.waitForImage;  TRES PONTINHOS image found.
13-05-2024 07:57:44.901Z;functions.check_ted_branco;  VERIFICANDO SE TEM PIX NO FILTRO
13-05-2024 07:57:44.995Z;functions.waitForImage;  CHECANDO DADOS BANCÁRIOS PIX image found.
13-05-2024 07:57:47.005Z;functions.check_ted_branco;  PIX NÃO ENCONTRADO PARA REFERENCIA: 941511
13-05-2024 07:57:50.713Z;functions.check_ted_branco;  APERTA EM CANCELAR
13-05-2024 07:57:50.807Z;functions.waitForImage;  PRESS BUTTON OK image found.
13-05-2024 07:57:52.931Z;functions.click_ok;  PRESS BUTTON OK
13-05-2024 07:58:05.362Z;functions.waitForImage;  ERROR GENERICO image not found.
13-05-2024 07:58:10.378Z;functions.waitForImage;  ERROR FILTRO PIX image not found.
13-05-2024 07:58:14.485Z;functions.check_ted_branco;  PASSANDO PARA PRÓXIMO REGISTRO
13-05-2024 07:58:18.587Z;functions.check_ted_branco;  REFERNCIA: 950535
13-05-2024 07:58:18.888Z;functions.check_ted_branco;  ENTRANDO NO REGISTRO 
13-05-2024 07:58:22.099Z;functions.waitForImage;  INTEGRAÇÃO BANCÁRIA image found.
13-05-2024 07:58:22.232Z;functions.check_ted_branco;  CLICA EM INTEGRAÇÃO BANCÁRIA
13-05-2024 07:58:22.232Z;functions.check_ted_branco;  VERIFICANDO INFORMAÇÕES
13-05-2024 07:58:22.362Z;functions.waitForImage;  TRES PONTINHOS image found.
13-05-2024 07:58:32.878Z;functions.check_ted_branco;  VERIFICANDO SE TEM PIX NO FILTRO
13-05-2024 07:58:32.988Z;functions.waitForImage;  CHECANDO DADOS BANCÁRIOS PIX image found.
13-05-2024 07:58:34.999Z;functions.check_ted_branco;  PIX NÃO ENCONTRADO PARA REFERENCIA: 950535
13-05-2024 07:58:38.707Z;functions.check_ted_branco;  APERTA EM CANCELAR
13-05-2024 07:58:38.801Z;functions.waitForImage;  PRESS BUTTON OK image found.
13-05-2024 07:58:40.938Z;functions.click_ok;  PRESS BUTTON OK
13-05-2024 07:58:53.319Z;functions.waitForImage;  ERROR GENERICO image not found.
13-05-2024 07:58:58.348Z;functions.waitForImage;  ERROR FILTRO PIX image not found.
13-05-2024 07:59:02.451Z;functions.check_ted_branco;  PASSANDO PARA PRÓXIMO REGISTRO
13-05-2024 07:59:06.553Z;functions.check_ted_branco;  REFERNCIA: 950537
13-05-2024 07:59:06.854Z;functions.check_ted_branco;  ENTRANDO NO REGISTRO 
13-05-2024 07:59:10.065Z;functions.waitForImage;  INTEGRAÇÃO BANCÁRIA image found.
13-05-2024 07:59:10.198Z;functions.check_ted_branco;  CLICA EM INTEGRAÇÃO BANCÁRIA
13-05-2024 07:59:10.198Z;functions.check_ted_branco;  VERIFICANDO INFORMAÇÕES
13-05-2024 07:59:10.897Z;functions.waitForImage;  TRES PONTINHOS image found.
13-05-2024 07:59:21.418Z;functions.check_ted_branco;  VERIFICANDO SE TEM PIX NO FILTRO
13-05-2024 07:59:21.512Z;functions.waitForImage;  CHECANDO DADOS BANCÁRIOS PIX image found.
13-05-2024 07:59:23.524Z;functions.check_ted_branco;  PIX NÃO ENCONTRADO PARA REFERENCIA: 950537
13-05-2024 07:59:27.230Z;functions.check_ted_branco;  APERTA EM CANCELAR
13-05-2024 07:59:27.331Z;functions.waitForImage;  PRESS BUTTON OK image found.
13-05-2024 07:59:29.477Z;functions.click_ok;  PRESS BUTTON OK
13-05-2024 07:59:41.866Z;functions.waitForImage;  ERROR GENERICO image not found.
13-05-2024 07:59:46.906Z;functions.waitForImage;  ERROR FILTRO PIX image not found.
13-05-2024 07:59:51.020Z;functions.check_ted_branco;  PASSANDO PARA PRÓXIMO REGISTRO
13-05-2024 07:59:55.122Z;functions.check_ted_branco;  REFERNCIA: 941502
13-05-2024 07:59:55.423Z;functions.check_ted_branco;  ENTRANDO NO REGISTRO 
13-05-2024 07:59:58.650Z;functions.waitForImage;  INTEGRAÇÃO BANCÁRIA image found.
13-05-2024 07:59:58.767Z;functions.check_ted_branco;  CLICA EM INTEGRAÇÃO BANCÁRIA
13-05-2024 07:59:58.767Z;functions.check_ted_branco;  VERIFICANDO INFORMAÇÕES
13-05-2024 07:59:59.472Z;functions.waitForImage;  TRES PONTINHOS image found.
13-05-2024 08:00:09.983Z;functions.check_ted_branco;  VERIFICANDO SE TEM PIX NO FILTRO
13-05-2024 08:00:10.077Z;functions.waitForImage;  CHECANDO DADOS BANCÁRIOS PIX image found.
13-05-2024 08:00:12.092Z;functions.check_ted_branco;  PIX NÃO ENCONTRADO PARA REFERENCIA: 941502
13-05-2024 08:00:15.799Z;functions.check_ted_branco;  APERTA EM CANCELAR
13-05-2024 08:00:15.893Z;functions.waitForImage;  PRESS BUTTON OK image found.
13-05-2024 08:00:18.026Z;functions.click_ok;  PRESS BUTTON OK
13-05-2024 08:00:30.394Z;functions.waitForImage;  ERROR GENERICO image not found.
13-05-2024 08:00:35.441Z;functions.waitForImage;  ERROR FILTRO PIX image not found.
13-05-2024 08:00:39.553Z;functions.check_ted_branco;  PASSANDO PARA PRÓXIMO REGISTRO
13-05-2024 08:00:43.655Z;functions.check_ted_branco;  REFERNCIA: 944263
13-05-2024 08:00:43.956Z;functions.check_ted_branco;  ENTRANDO NO REGISTRO 
13-05-2024 08:00:47.167Z;functions.waitForImage;  INTEGRAÇÃO BANCÁRIA image found.
13-05-2024 08:00:47.299Z;functions.check_ted_branco;  CLICA EM INTEGRAÇÃO BANCÁRIA
13-05-2024 08:00:47.299Z;functions.check_ted_branco;  VERIFICANDO INFORMAÇÕES
13-05-2024 08:00:47.429Z;functions.waitForImage;  TRES PONTINHOS image found.
13-05-2024 08:00:57.940Z;functions.check_ted_branco;  VERIFICANDO SE TEM PIX NO FILTRO
13-05-2024 08:00:58.034Z;functions.waitForImage;  CHECANDO DADOS BANCÁRIOS PIX image found.
13-05-2024 08:01:00.043Z;functions.check_ted_branco;  PIX NÃO ENCONTRADO PARA REFERENCIA: 944263
13-05-2024 08:01:03.750Z;functions.check_ted_branco;  APERTA EM CANCELAR
13-05-2024 08:01:03.844Z;functions.waitForImage;  PRESS BUTTON OK image found.
13-05-2024 08:01:05.971Z;functions.click_ok;  PRESS BUTTON OK
13-05-2024 08:01:18.332Z;functions.waitForImage;  ERROR GENERICO image not found.
13-05-2024 08:01:23.378Z;functions.waitForImage;  ERROR FILTRO PIX image not found.
13-05-2024 08:01:27.483Z;functions.check_ted_branco;  PASSANDO PARA PRÓXIMO REGISTRO
13-05-2024 08:01:31.585Z;functions.check_ted_branco;  REFERNCIA: 941550
13-05-2024 08:01:31.886Z;functions.check_ted_branco;  ENTRANDO NO REGISTRO 
13-05-2024 08:01:35.097Z;functions.waitForImage;  INTEGRAÇÃO BANCÁRIA image found.
13-05-2024 08:01:35.229Z;functions.check_ted_branco;  CLICA EM INTEGRAÇÃO BANCÁRIA
13-05-2024 08:01:35.230Z;functions.check_ted_branco;  VERIFICANDO INFORMAÇÕES
13-05-2024 08:01:35.943Z;functions.waitForImage;  TRES PONTINHOS image found.
13-05-2024 08:01:46.467Z;functions.check_ted_branco;  VERIFICANDO SE TEM PIX NO FILTRO
13-05-2024 08:01:46.561Z;functions.waitForImage;  CHECANDO DADOS BANCÁRIOS PIX image found.
13-05-2024 08:01:48.571Z;functions.check_ted_branco;  PIX NÃO ENCONTRADO PARA REFERENCIA: 941550
13-05-2024 08:01:52.278Z;functions.check_ted_branco;  APERTA EM CANCELAR
13-05-2024 08:01:52.380Z;functions.waitForImage;  PRESS BUTTON OK image found.
13-05-2024 08:01:54.534Z;functions.click_ok;  PRESS BUTTON OK
13-05-2024 08:02:06.919Z;functions.waitForImage;  ERROR GENERICO image not found.
13-05-2024 08:02:11.942Z;functions.waitForImage;  ERROR FILTRO PIX image not found.
13-05-2024 08:02:16.047Z;functions.check_ted_branco;  PASSANDO PARA PRÓXIMO REGISTRO
13-05-2024 08:02:20.149Z;functions.check_ted_branco;  REFERNCIA: 936141
13-05-2024 08:02:20.449Z;functions.check_ted_branco;  ENTRANDO NO REGISTRO 
13-05-2024 08:02:23.661Z;functions.waitForImage;  INTEGRAÇÃO BANCÁRIA image found.
13-05-2024 08:02:23.793Z;functions.check_ted_branco;  CLICA EM INTEGRAÇÃO BANCÁRIA
13-05-2024 08:02:23.793Z;functions.check_ted_branco;  VERIFICANDO INFORMAÇÕES
13-05-2024 08:02:24.520Z;functions.waitForImage;  TRES PONTINHOS image found.
13-05-2024 08:02:35.034Z;functions.check_ted_branco;  VERIFICANDO SE TEM PIX NO FILTRO
13-05-2024 08:02:35.128Z;functions.waitForImage;  CHECANDO DADOS BANCÁRIOS PIX image found.
13-05-2024 08:02:37.139Z;functions.check_ted_branco;  PIX NÃO ENCONTRADO PARA REFERENCIA: 936141
13-05-2024 08:02:40.846Z;functions.check_ted_branco;  APERTA EM CANCELAR
13-05-2024 08:02:40.940Z;functions.waitForImage;  PRESS BUTTON OK image found.
13-05-2024 08:02:43.068Z;functions.click_ok;  PRESS BUTTON OK
13-05-2024 08:02:55.455Z;functions.waitForImage;  ERROR GENERICO image not found.
13-05-2024 08:03:00.514Z;functions.waitForImage;  ERROR FILTRO PIX image not found.
13-05-2024 08:03:04.619Z;functions.check_ted_branco;  PASSANDO PARA PRÓXIMO REGISTRO
13-05-2024 08:03:08.721Z;functions.check_ted_branco;  REFERNCIA: 941516
13-05-2024 08:03:09.022Z;functions.check_ted_branco;  ENTRANDO NO REGISTRO 
13-05-2024 08:03:12.248Z;functions.waitForImage;  INTEGRAÇÃO BANCÁRIA image found.
13-05-2024 08:03:12.381Z;functions.check_ted_branco;  CLICA EM INTEGRAÇÃO BANCÁRIA
13-05-2024 08:03:12.382Z;functions.check_ted_branco;  VERIFICANDO INFORMAÇÕES
13-05-2024 08:03:13.077Z;functions.waitForImage;  TRES PONTINHOS image found.
13-05-2024 08:03:23.599Z;functions.check_ted_branco;  VERIFICANDO SE TEM PIX NO FILTRO
13-05-2024 08:03:23.724Z;functions.waitForImage;  CHECANDO DADOS BANCÁRIOS PIX image found.
13-05-2024 08:03:25.725Z;functions.check_ted_branco;  PIX NÃO ENCONTRADO PARA REFERENCIA: 941516
13-05-2024 08:03:29.434Z;functions.check_ted_branco;  APERTA EM CANCELAR
13-05-2024 08:03:29.559Z;functions.waitForImage;  PRESS BUTTON OK image found.
13-05-2024 08:03:31.677Z;functions.click_ok;  PRESS BUTTON OK
13-05-2024 08:03:43.777Z;functions.waitForImage;  ERROR GENERICO image not found.
13-05-2024 08:03:48.970Z;functions.waitForImage;  ERROR FILTRO PIX image not found.
13-05-2024 08:03:53.087Z;functions.check_ted_branco;  PASSANDO PARA PRÓXIMO REGISTRO
13-05-2024 08:03:57.189Z;functions.check_ted_branco;  REFERNCIA: 941492
13-05-2024 08:03:57.490Z;functions.check_ted_branco;  ENTRANDO NO REGISTRO 
13-05-2024 08:04:03.190Z;functions.waitForImage;  INTEGRAÇÃO BANCÁRIA image found.
13-05-2024 08:04:03.323Z;functions.check_ted_branco;  CLICA EM INTEGRAÇÃO BANCÁRIA
13-05-2024 08:04:03.323Z;functions.check_ted_branco;  VERIFICANDO INFORMAÇÕES
13-05-2024 08:04:04.025Z;functions.waitForImage;  TRES PONTINHOS image found.
13-05-2024 08:04:14.547Z;functions.check_ted_branco;  VERIFICANDO SE TEM PIX NO FILTRO
13-05-2024 08:04:14.644Z;functions.waitForImage;  CHECANDO DADOS BANCÁRIOS PIX image found.
13-05-2024 08:04:16.657Z;functions.check_ted_branco;  PIX NÃO ENCONTRADO PARA REFERENCIA: 941492
13-05-2024 08:04:20.364Z;functions.check_ted_branco;  APERTA EM CANCELAR
13-05-2024 08:04:20.458Z;functions.waitForImage;  PRESS BUTTON OK image found.
13-05-2024 08:04:22.587Z;functions.click_ok;  PRESS BUTTON OK
13-05-2024 08:04:34.965Z;functions.waitForImage;  ERROR GENERICO image not found.
13-05-2024 08:04:39.989Z;functions.waitForImage;  ERROR FILTRO PIX image not found.
13-05-2024 08:04:44.096Z;functions.check_ted_branco;  PASSANDO PARA PRÓXIMO REGISTRO
13-05-2024 08:04:48.198Z;functions.check_ted_branco;  REFERNCIA: 941493
13-05-2024 08:04:48.498Z;functions.check_ted_branco;  ENTRANDO NO REGISTRO 
13-05-2024 08:04:51.726Z;functions.waitForImage;  INTEGRAÇÃO BANCÁRIA image found.
13-05-2024 08:04:51.859Z;functions.check_ted_branco;  CLICA EM INTEGRAÇÃO BANCÁRIA
13-05-2024 08:04:51.859Z;functions.check_ted_branco;  VERIFICANDO INFORMAÇÕES
13-05-2024 08:04:52.559Z;functions.waitForImage;  TRES PONTINHOS image found.
13-05-2024 08:05:03.080Z;functions.check_ted_branco;  VERIFICANDO SE TEM PIX NO FILTRO
13-05-2024 08:05:03.174Z;functions.waitForImage;  CHECANDO DADOS BANCÁRIOS PIX image found.
13-05-2024 08:05:05.184Z;functions.check_ted_branco;  PIX NÃO ENCONTRADO PARA REFERENCIA: 941493
13-05-2024 08:05:08.891Z;functions.check_ted_branco;  APERTA EM CANCELAR
13-05-2024 08:05:08.985Z;functions.waitForImage;  PRESS BUTTON OK image found.
13-05-2024 08:05:11.113Z;functions.click_ok;  PRESS BUTTON OK
13-05-2024 08:05:23.552Z;functions.waitForImage;  ERROR GENERICO image not found.
13-05-2024 08:05:29.147Z;functions.waitForImage;  ERROR FILTRO PIX image not found.
13-05-2024 08:05:29.147Z;functions.check_ted_branco;  FORAI VERIFICADO: 50 REFERENCIAS NO PROCESSAMENTO FORMA DE PAGAMENTO ELETRONICA EM BRANCO
13-05-2024 08:05:31.552Z;errorhandler.__handle;  Property: Unknown Property name. [1:203: -ms-interpolation-mode]
13-05-2024 08:05:31.552Z;errorhandler.__handle;  Property: Unknown Property name. [1:353: -webkit-font-smoothing]
13-05-2024 08:05:31.567Z;errorhandler.__handle;  Property: Unknown Property name. [1:483: -ms-text-size-adjust]
13-05-2024 08:05:31.567Z;errorhandler.__handle;  Property: Unknown Property name. [1:518: -webkit-text-size-adjust]
13-05-2024 08:05:31.567Z;errorhandler.__handle;  Property: Unknown Property name. [1:612: mso-table-lspace]
13-05-2024 08:05:31.567Z;errorhandler.__handle;  Property: Unknown Property name. [1:642: mso-table-rspace]
13-05-2024 08:05:31.614Z;errorhandler.__handle;  Property: Unknown Property name. [1:4734: mso-hide]
13-05-2024 08:05:31.630Z;errorhandler.__handle;  Property: Unknown Property name. [1:13: -ms-interpolation-mode]
13-05-2024 08:05:31.630Z;errorhandler.__handle;  Property: Unknown Property name. [1:49: -webkit-font-smoothing]
13-05-2024 08:05:31.630Z;errorhandler.__handle;  Property: Unknown Property name. [1:134: -ms-text-size-adjust]
13-05-2024 08:05:31.630Z;errorhandler.__handle;  Property: Unknown Property name. [1:160: -webkit-text-size-adjust]
13-05-2024 08:05:31.645Z;errorhandler.__handle;  Property: Unknown Property name. [1:26: mso-table-lspace]
13-05-2024 08:05:31.645Z;errorhandler.__handle;  Property: Unknown Property name. [1:45: mso-table-rspace]
13-05-2024 08:05:31.645Z;errorhandler.__handle;  Property: Unknown Property name. [1:92: mso-hide]
13-05-2024 08:05:31.645Z;errorhandler.__handle;  Property: No ":" after name found: align-center [1:1: align-center]
13-05-2024 08:05:31.645Z;errorhandler.__handle;  Property: No property value found: align-center [1:1: align-center]
13-05-2024 08:05:31.645Z;errorhandler.__handle;  CSSStyleDeclaration: Syntax Error in Property: align-center
13-05-2024 08:05:31.661Z;errorhandler.__handle;  Property: Unknown Property name. [1:14: -ms-interpolation-mode]
13-05-2024 08:05:34.480Z;functions.emailFinalizado;  Warning e-mail sent.
13-05-2024 08:05:34.480Z;main.<module>;  Remessa Bancária TED CIP com filtro de pagamento eletronica em branco modificadas para pix 
 PASSO 3 FINALIZADO
13-05-2024 08:05:34.480Z;main.<module>;  O PROGRAMA SERÁ ENCERRADO
13-05-2024 08:05:37.089Z;errorhandler.__handle;  Property: Unknown Property name. [1:14: -ms-interpolation-mode]
13-05-2024 08:05:41.269Z;functions.emailFinalizado;  Warning e-mail sent.
13-05-2024 08:05:41.397Z;functions.end_RM;  RM ENCERRADO
