28-11-2023 12:27:34.051Z;functions.bot_text_art;      ____   
28-11-2023 12:27:34.051Z;functions.bot_text_art;     [____]    
28-11-2023 12:27:34.052Z;functions.bot_text_art;   |=]()()[=|  
28-11-2023 12:27:34.052Z;functions.bot_text_art;     _\==/__    _____    ____     _        _____    ___   _  __
28-11-2023 12:27:34.053Z;functions.bot_text_art;   |__|   |_|  |  _  \  / ___|   | |      |_   _| / ___| | |/ /
28-11-2023 12:27:34.054Z;functions.bot_text_art;   |_|_/\_|_|  | |  | | | |      | |        | |   | |    | ' / 
28-11-2023 12:27:34.055Z;functions.bot_text_art;   | | __ | |  | |  | | | |      | |        | |   | |    |  <  
28-11-2023 12:27:34.056Z;functions.bot_text_art;   |_|[  ]|_|  | |__| | | |____  | |____   _| |_  | |__  | . \ 
28-11-2023 12:27:34.059Z;functions.bot_text_art;   \_|_||_|_/  |_____/   \_____| |______| |_____| \ ___| |_|\_\
28-11-2023 12:27:34.060Z;functions.bot_text_art;     |_||_|                                                     
28-11-2023 12:27:34.061Z;functions.bot_text_art;     | ||_|_   
28-11-2023 12:27:34.062Z;functions.bot_text_art;   |___||___|  
28-11-2023 12:27:34.063Z;functions.bot_text_art;               
28-11-2023 12:27:34.075Z;functions.open_RM;  OPEN PROGRAM RM
28-11-2023 12:27:46.610Z;functions.loggin_RM;  ENTER USER_NAME
28-11-2023 12:27:48.018Z;functions.loggin_RM;  ENTER PASSWORD
28-11-2023 12:27:49.246Z;functions.loggin_RM;  ENTER RM
28-11-2023 12:28:23.698Z;functions.enter_coligada;  CLICK CONTEXTO
28-11-2023 12:28:29.095Z;functions.enter_coligada;  CLICK COLIGADA 1
28-11-2023 12:28:31.236Z;functions.enter_coligada;  CLICK AVANÇAR
28-11-2023 12:28:33.760Z;functions.enter_coligada;  INSERE O COLIGADA CODE = 1
28-11-2023 12:28:33.987Z;functions.enter_coligada;  APERTA TAB PARA PREENCHER O CAMPO COM A STRING: OCEANICA ENGENHARIA E CONSULTORIA S.A.
28-11-2023 12:28:35.407Z;functions.enter_coligada;  CLICK AVANÇAR NOVAMENTE
28-11-2023 12:28:36.697Z;functions.enter_coligada;  CLICK CONCLUIR
28-11-2023 12:29:01.873Z;functions.enter_coligada;  POP UP COLIGADA DESAPARECER
28-11-2023 12:29:02.741Z;functions.enter_contas_a_pagar;  CLICK - TOTVS - LINHA RM
28-11-2023 12:29:04.617Z;functions.enter_contas_a_pagar;  CLICK - BACK OFFICE
28-11-2023 12:29:07.413Z;functions.enter_contas_a_pagar;  CLICK - GESTAO FINANCEIRA
28-11-2023 12:29:14.403Z;functions.enter_contas_a_pagar;  CLICK - CONTAS A PAGAR
28-11-2023 12:29:15.307Z;functions.waitForImage;  LANÇAMENTOS image found.
28-11-2023 12:29:17.439Z;functions.enter_contas_a_pagar;  CLICA EM LANÇAMENTOS
28-11-2023 12:29:19.442Z;functions.data_filter;  DATA INICIO 22-11-2023
28-11-2023 12:29:19.443Z;functions.data_filter;  DATA FIM 28-11-2023
28-11-2023 12:29:19.445Z;functions.data_filter;  CLICK - SELECIONA A DATA DE QUARTA FEIRA E DA PROXIMA TERÇA
28-11-2023 12:29:19.446Z;functions.data_filter;  QUARTA-FEIRA: 22-11-2023
28-11-2023 12:29:19.447Z;functions.data_filter;  TERCA-FEIRA: 28-11-2023
28-11-2023 12:29:26.458Z;functions.data_filter;  ESCREVE REMESSA BANCÁRIA NO FILTRO
28-11-2023 12:29:28.582Z;functions.data_filter;  CLICK - BUTÃO DE SELECAO DE FILTRO
28-11-2023 12:29:31.467Z;functions.data_filter;  INSERE - DATA DE QUARTA-FEIRA: 22-11-2023
28-11-2023 12:29:33.806Z;functions.data_filter;  INSERE - DATA DA PROX TERCA-FEIRA: 28-11-2023
28-11-2023 12:29:34.698Z;functions.data_filter;  CLICK - BUTÃO DE EXECUTAR O FILTRO
28-11-2023 12:29:44.798Z;functions.desmark_filter;  CLICK CHECKBOX LANÇAMENTOS A RECEBER
28-11-2023 12:29:46.709Z;functions.desmark_filter;  CLICK CHECKBOX LANÇAMENTOS BAIXADOS
28-11-2023 12:29:48.692Z;functions.desmark_filter;  CLICK CHECKBOX LANÇAMENTOS CANCELADOS
28-11-2023 12:29:50.947Z;functions.desmark_filter;  CLICK CHECKBOX LANÇAMENTOS FATURADOS
28-11-2023 12:29:53.347Z;functions.desmark_filter;  CLICK CHECKBOX LANÇAMENTOS FATURADOS
28-11-2023 12:30:08.534Z;functions.waitForImage;  FILTER CLEAN image found.
28-11-2023 12:30:10.637Z;functions.filter_clean;  CLICA NO BOTÃO X DO LIMPA FILTRO
28-11-2023 12:30:12.639Z;functions.check_table_record;  VERIFICANDO SE A TABELA ESTÁ VAZIA
28-11-2023 12:30:25.585Z;functions.check_table_record;  ATENÇÃO: 

Este processo exige que seja selecionado ao menos um registro para sua execução.
Como não foi feita nenhuma seleção, você deseja executá-lo para TODOS os 8 registros?
28-11-2023 12:30:27.589Z;functions.check_table_record;  TIPO: <class 'list'>
28-11-2023 12:30:27.590Z;functions.check_table_record;  NUMERO DE TUPLAS: 8
28-11-2023 12:30:27.592Z;functions.check_table_record;  TABELA CONTÉM REGISTROS
28-11-2023 12:30:31.576Z;functions.check_table_record;  CLICK NÃO
28-11-2023 12:30:48.274Z;functions.select_tipo_documento;  NOME DA COLUNA: Tipo de Documento
28-11-2023 12:30:50.081Z;functions.select_tipo_documento;  HOVER NOME DA COLUNA: Tipo de Documento
28-11-2023 12:30:50.214Z;functions.select_tipo_documento;  CLICA PARA APARECER O FILTRO PERSONALIZAR
28-11-2023 12:30:50.548Z;functions.select_tipo_documento;  CLICA NO FILTRO PERSONALIZAR
28-11-2023 12:30:52.729Z;functions.select_tipo_documento;  CLICA PARA SELECIONAR OPÇÕES DO FILTRO
28-11-2023 12:31:00.032Z;functions.select_tipo_documento;  CLICK BUTTON CONFIRMAR FILTRO
28-11-2023 12:31:06.370Z;functions.filter_IPTE;  CLICK NA PRIMEIRA LINHA E COLUNA DA TABELA
28-11-2023 12:31:21.048Z;functions.filter_IPTE;  144 PASSOS PARA DIREITA NA TABELA >>
28-11-2023 12:31:26.324Z;functions.filter_IPTE;  HOVER FILTER
28-11-2023 12:31:26.481Z;functions.filter_IPTE;  CLICK FILTER
28-11-2023 12:31:30.841Z;functions.filter_IPTE;  CLICA NO FILTRO PERSONALIZAR
28-11-2023 12:31:37.549Z;functions.show_exception_and_exit;  
Traceback (most recent call last):
  File "c:\Projetos\Remessa_Bancaria\main.py", line 27, in <module>
    filter_IPTE()
  File "c:\Projetos\Remessa_Bancaria\SUBPROGRAMS\functions.py", line 267, in filter_IPTE
    pyautogui.hotkey('left')
  File "C:\Projetos\Remessa_Bancaria\venv\Lib\site-packages\pyautogui\__init__.py", line 595, in wrapper
    _handlePause(kwargs.get("_pause", True))
  File "C:\Projetos\Remessa_Bancaria\venv\Lib\site-packages\pyautogui\__init__.py", line 639, in _handlePause
    time.sleep(PAUSE)
KeyboardInterrupt
28-11-2023 12:31:39.932Z;errorhandler.__handle;  Property: Unknown Property name. [1:203: -ms-interpolation-mode]
28-11-2023 12:31:39.981Z;errorhandler.__handle;  Property: Unknown Property name. [1:353: -webkit-font-smoothing]
28-11-2023 12:31:39.999Z;errorhandler.__handle;  Property: Unknown Property name. [1:483: -ms-text-size-adjust]
28-11-2023 12:31:40.004Z;errorhandler.__handle;  Property: Unknown Property name. [1:518: -webkit-text-size-adjust]
28-11-2023 12:31:40.012Z;errorhandler.__handle;  Property: Unknown Property name. [1:612: mso-table-lspace]
28-11-2023 12:31:40.017Z;errorhandler.__handle;  Property: Unknown Property name. [1:642: mso-table-rspace]
28-11-2023 12:31:40.438Z;errorhandler.__handle;  Property: Unknown Property name. [1:4734: mso-hide]
28-11-2023 12:31:40.521Z;errorhandler.__handle;  Property: Unknown Property name. [1:13: -ms-interpolation-mode]
28-11-2023 12:31:40.526Z;errorhandler.__handle;  Property: Unknown Property name. [1:49: -webkit-font-smoothing]
28-11-2023 12:31:40.531Z;errorhandler.__handle;  Property: Unknown Property name. [1:134: -ms-text-size-adjust]
28-11-2023 12:31:40.534Z;errorhandler.__handle;  Property: Unknown Property name. [1:160: -webkit-text-size-adjust]
28-11-2023 12:31:40.538Z;errorhandler.__handle;  Property: Unknown Property name. [1:26: mso-table-lspace]
28-11-2023 12:31:40.540Z;errorhandler.__handle;  Property: Unknown Property name. [1:45: mso-table-rspace]
28-11-2023 12:31:40.581Z;errorhandler.__handle;  Property: Unknown Property name. [1:92: mso-hide]
28-11-2023 12:31:40.594Z;errorhandler.__handle;  Property: No ":" after name found: align-center [1:1: align-center]
28-11-2023 12:31:40.600Z;errorhandler.__handle;  Property: No property value found: align-center [1:1: align-center]
28-11-2023 12:31:40.604Z;errorhandler.__handle;  CSSStyleDeclaration: Syntax Error in Property: align-center
28-11-2023 12:31:40.608Z;errorhandler.__handle;  Property: Unknown Property name. [1:14: -ms-interpolation-mode]
