28-11-2023 14:21:24.305Z;functions.bot_text_art;      ____   
28-11-2023 14:21:24.306Z;functions.bot_text_art;     [____]    
28-11-2023 14:21:24.306Z;functions.bot_text_art;   |=]()()[=|  
28-11-2023 14:21:24.307Z;functions.bot_text_art;     _\==/__    _____    ____     _        _____    ___   _  __
28-11-2023 14:21:24.307Z;functions.bot_text_art;   |__|   |_|  |  _  \  / ___|   | |      |_   _| / ___| | |/ /
28-11-2023 14:21:24.308Z;functions.bot_text_art;   |_|_/\_|_|  | |  | | | |      | |        | |   | |    | ' / 
28-11-2023 14:21:24.310Z;functions.bot_text_art;   | | __ | |  | |  | | | |      | |        | |   | |    |  <  
28-11-2023 14:21:24.311Z;functions.bot_text_art;   |_|[  ]|_|  | |__| | | |____  | |____   _| |_  | |__  | . \ 
28-11-2023 14:21:24.313Z;functions.bot_text_art;   \_|_||_|_/  |_____/   \_____| |______| |_____| \ ___| |_|\_\
28-11-2023 14:21:24.314Z;functions.bot_text_art;     |_||_|                                                     
28-11-2023 14:21:24.315Z;functions.bot_text_art;     | ||_|_   
28-11-2023 14:21:24.316Z;functions.bot_text_art;   |___||___|  
28-11-2023 14:21:24.317Z;functions.bot_text_art;               
28-11-2023 14:21:24.327Z;functions.open_RM;  OPEN PROGRAM RM
28-11-2023 14:21:37.441Z;functions.loggin_RM;  ENTER USER_NAME
28-11-2023 14:21:38.875Z;functions.loggin_RM;  ENTER PASSWORD
28-11-2023 14:21:40.049Z;functions.loggin_RM;  ENTER RM
28-11-2023 14:22:13.791Z;functions.enter_coligada;  CLICK CONTEXTO
28-11-2023 14:22:19.027Z;functions.enter_coligada;  CLICK COLIGADA 1
28-11-2023 14:22:21.381Z;functions.enter_coligada;  CLICK AVANÇAR
28-11-2023 14:22:23.651Z;functions.enter_coligada;  INSERE O COLIGADA CODE = 1
28-11-2023 14:22:23.862Z;functions.enter_coligada;  APERTA TAB PARA PREENCHER O CAMPO COM A STRING: OCEANICA ENGENHARIA E CONSULTORIA S.A.
28-11-2023 14:22:25.315Z;functions.enter_coligada;  CLICK AVANÇAR NOVAMENTE
28-11-2023 14:22:26.635Z;functions.enter_coligada;  CLICK CONCLUIR
28-11-2023 14:22:50.864Z;functions.enter_coligada;  POP UP COLIGADA DESAPARECER
28-11-2023 14:22:51.726Z;functions.enter_contas_a_pagar;  CLICK - TOTVS - LINHA RM
28-11-2023 14:22:53.577Z;functions.enter_contas_a_pagar;  CLICK - BACK OFFICE
28-11-2023 14:22:56.396Z;functions.enter_contas_a_pagar;  CLICK - GESTAO FINANCEIRA
28-11-2023 14:23:03.415Z;functions.enter_contas_a_pagar;  CLICK - CONTAS A PAGAR
28-11-2023 14:23:04.324Z;functions.waitForImage;  LANÇAMENTOS image found.
28-11-2023 14:23:06.430Z;functions.enter_contas_a_pagar;  CLICA EM LANÇAMENTOS
28-11-2023 14:23:08.434Z;functions.data_filter;  DATA INICIO 22-11-2023
28-11-2023 14:23:08.436Z;functions.data_filter;  DATA FIM 28-11-2023
28-11-2023 14:23:08.437Z;functions.data_filter;  CLICK - SELECIONA A DATA DE QUARTA FEIRA E DA PROXIMA TERÇA
28-11-2023 14:23:08.439Z;functions.data_filter;  QUARTA-FEIRA: 22-11-2023
28-11-2023 14:23:08.440Z;functions.data_filter;  TERCA-FEIRA: 28-11-2023
28-11-2023 14:23:14.835Z;functions.data_filter;  ESCREVE REMESSA BANCÁRIA NO FILTRO
28-11-2023 14:23:17.080Z;functions.data_filter;  CLICK - BUTÃO DE SELECAO DE FILTRO
28-11-2023 14:23:19.904Z;functions.data_filter;  INSERE - DATA DE QUARTA-FEIRA: 22-11-2023
28-11-2023 14:23:22.208Z;functions.data_filter;  INSERE - DATA DA PROX TERCA-FEIRA: 28-11-2023
28-11-2023 14:23:23.096Z;functions.data_filter;  CLICK - BUTÃO DE EXECUTAR O FILTRO
28-11-2023 14:23:33.410Z;functions.desmark_filter;  CLICK CHECKBOX LANÇAMENTOS A RECEBER
28-11-2023 14:23:35.321Z;functions.desmark_filter;  CLICK CHECKBOX LANÇAMENTOS BAIXADOS
28-11-2023 14:23:37.361Z;functions.desmark_filter;  CLICK CHECKBOX LANÇAMENTOS CANCELADOS
28-11-2023 14:23:39.654Z;functions.desmark_filter;  CLICK CHECKBOX LANÇAMENTOS FATURADOS
28-11-2023 14:23:41.976Z;functions.desmark_filter;  CLICK CHECKBOX LANÇAMENTOS FATURADOS
28-11-2023 14:23:57.167Z;functions.waitForImage;  FILTER CLEAN image found.
28-11-2023 14:23:59.270Z;functions.filter_clean;  CLICA NO BOTÃO X DO LIMPA FILTRO
28-11-2023 14:24:01.272Z;functions.check_table_record;  VERIFICANDO SE A TABELA ESTÁ VAZIA
28-11-2023 14:24:14.249Z;functions.check_table_record;  ATENÇÃO: 

Este processo exige que seja selecionado ao menos um registro para sua execução.
Como não foi feita nenhuma seleção, você deseja executá-lo para TODOS os 8 registros?
28-11-2023 14:24:16.252Z;functions.check_table_record;  TIPO: <class 'list'>
28-11-2023 14:24:16.253Z;functions.check_table_record;  NUMERO DE TUPLAS: 8
28-11-2023 14:24:16.255Z;functions.check_table_record;  TABELA CONTÉM REGISTROS
28-11-2023 14:24:20.187Z;functions.check_table_record;  CLICK NÃO
28-11-2023 14:24:36.898Z;functions.select_tipo_documento;  NOME DA COLUNA: Tipo de Documento
28-11-2023 14:24:38.670Z;functions.select_tipo_documento;  HOVER NOME DA COLUNA: Tipo de Documento
28-11-2023 14:24:38.807Z;functions.select_tipo_documento;  CLICA PARA APARECER O FILTRO PERSONALIZAR
28-11-2023 14:24:39.146Z;functions.select_tipo_documento;  CLICA NO FILTRO PERSONALIZAR
28-11-2023 14:24:41.415Z;functions.select_tipo_documento;  CLICA PARA SELECIONAR OPÇÕES DO FILTRO
28-11-2023 14:24:48.709Z;functions.select_tipo_documento;  CLICK BUTTON CONFIRMAR FILTRO
28-11-2023 14:24:55.056Z;functions.filter_IPTE;  CLICK NA PRIMEIRA LINHA E COLUNA DA TABELA
28-11-2023 14:25:09.750Z;functions.filter_IPTE;  144 PASSOS PARA DIREITA NA TABELA >>
28-11-2023 14:25:15.099Z;functions.filter_IPTE;  HOVER FILTER
28-11-2023 14:25:15.252Z;functions.filter_IPTE;  CLICK FILTER
28-11-2023 14:25:19.610Z;functions.filter_IPTE;  CLICA NO FILTRO PERSONALIZAR
28-11-2023 14:25:27.864Z;functions.show_exception_and_exit;  
Traceback (most recent call last):
  File "c:\Projetos\Remessa_Bancaria\main.py", line 27, in <module>
    filter_IPTE()
  File "c:\Projetos\Remessa_Bancaria\SUBPROGRAMS\functions.py", line 267, in filter_IPTE
    pyautogui.hotkey('left')
  File "C:\Projetos\Remessa_Bancaria\venv\Lib\site-packages\pyautogui\__init__.py", line 595, in wrapper
    _handlePause(kwargs.get("_pause", True))
  File "C:\Projetos\Remessa_Bancaria\venv\Lib\site-packages\pyautogui\__init__.py", line 639, in _handlePause
    time.sleep(PAUSE)
KeyboardInterrupt
28-11-2023 14:25:30.382Z;errorhandler.__handle;  Property: Unknown Property name. [1:203: -ms-interpolation-mode]
28-11-2023 14:25:30.425Z;errorhandler.__handle;  Property: Unknown Property name. [1:353: -webkit-font-smoothing]
28-11-2023 14:25:30.437Z;errorhandler.__handle;  Property: Unknown Property name. [1:483: -ms-text-size-adjust]
28-11-2023 14:25:30.439Z;errorhandler.__handle;  Property: Unknown Property name. [1:518: -webkit-text-size-adjust]
28-11-2023 14:25:30.443Z;errorhandler.__handle;  Property: Unknown Property name. [1:612: mso-table-lspace]
28-11-2023 14:25:30.447Z;errorhandler.__handle;  Property: Unknown Property name. [1:642: mso-table-rspace]
28-11-2023 14:25:30.623Z;errorhandler.__handle;  Property: Unknown Property name. [1:4734: mso-hide]
