28-11-2023 15:17:27.767Z;functions.bot_text_art;      ____   
28-11-2023 15:17:27.768Z;functions.bot_text_art;     [____]    
28-11-2023 15:17:27.769Z;functions.bot_text_art;   |=]()()[=|  
28-11-2023 15:17:27.769Z;functions.bot_text_art;     _\==/__    _____    ____     _        _____    ___   _  __
28-11-2023 15:17:27.771Z;functions.bot_text_art;   |__|   |_|  |  _  \  / ___|   | |      |_   _| / ___| | |/ /
28-11-2023 15:17:27.772Z;functions.bot_text_art;   |_|_/\_|_|  | |  | | | |      | |        | |   | |    | ' / 
28-11-2023 15:17:27.773Z;functions.bot_text_art;   | | __ | |  | |  | | | |      | |        | |   | |    |  <  
28-11-2023 15:17:27.774Z;functions.bot_text_art;   |_|[  ]|_|  | |__| | | |____  | |____   _| |_  | |__  | . \ 
28-11-2023 15:17:27.776Z;functions.bot_text_art;   \_|_||_|_/  |_____/   \_____| |______| |_____| \ ___| |_|\_\
28-11-2023 15:17:27.777Z;functions.bot_text_art;     |_||_|                                                     
28-11-2023 15:17:27.778Z;functions.bot_text_art;     | ||_|_   
28-11-2023 15:17:27.779Z;functions.bot_text_art;   |___||___|  
28-11-2023 15:17:27.779Z;functions.bot_text_art;               
28-11-2023 15:17:27.788Z;functions.open_RM;  OPEN PROGRAM RM
28-11-2023 15:17:40.187Z;functions.loggin_RM;  ENTER USER_NAME
28-11-2023 15:17:41.605Z;functions.loggin_RM;  ENTER PASSWORD
28-11-2023 15:17:42.814Z;functions.loggin_RM;  ENTER RM
28-11-2023 15:18:16.584Z;functions.enter_coligada;  CLICK CONTEXTO
28-11-2023 15:18:21.753Z;functions.enter_coligada;  CLICK COLIGADA 1
28-11-2023 15:18:24.024Z;functions.enter_coligada;  CLICK AVANÇAR
28-11-2023 15:18:26.502Z;functions.enter_coligada;  INSERE O COLIGADA CODE = 1
28-11-2023 15:18:26.641Z;functions.enter_coligada;  APERTA TAB PARA PREENCHER O CAMPO COM A STRING: OCEANICA ENGENHARIA E CONSULTORIA S.A.
28-11-2023 15:18:27.979Z;functions.enter_coligada;  CLICK AVANÇAR NOVAMENTE
28-11-2023 15:18:29.267Z;functions.enter_coligada;  CLICK CONCLUIR
28-11-2023 15:18:53.313Z;functions.enter_coligada;  POP UP COLIGADA DESAPARECER
28-11-2023 15:18:54.166Z;functions.enter_contas_a_pagar;  CLICK - TOTVS - LINHA RM
28-11-2023 15:18:56.030Z;functions.enter_contas_a_pagar;  CLICK - BACK OFFICE
28-11-2023 15:18:58.833Z;functions.enter_contas_a_pagar;  CLICK - GESTAO FINANCEIRA
28-11-2023 15:19:05.722Z;functions.enter_contas_a_pagar;  CLICK - CONTAS A PAGAR
28-11-2023 15:19:06.628Z;functions.waitForImage;  LANÇAMENTOS image found.
28-11-2023 15:19:08.737Z;functions.enter_contas_a_pagar;  CLICA EM LANÇAMENTOS
28-11-2023 15:19:10.738Z;functions.data_filter;  DATA INICIO 22-11-2023
28-11-2023 15:19:10.740Z;functions.data_filter;  DATA FIM 28-11-2023
28-11-2023 15:19:10.741Z;functions.data_filter;  CLICK - SELECIONA A DATA DE QUARTA FEIRA E DA PROXIMA TERÇA
28-11-2023 15:19:10.742Z;functions.data_filter;  QUARTA-FEIRA: 22-11-2023
28-11-2023 15:19:10.742Z;functions.data_filter;  TERCA-FEIRA: 28-11-2023
28-11-2023 15:19:17.745Z;functions.data_filter;  ESCREVE REMESSA BANCÁRIA NO FILTRO
28-11-2023 15:19:20.071Z;functions.data_filter;  CLICK - BUTÃO DE SELECAO DE FILTRO
28-11-2023 15:19:22.944Z;functions.data_filter;  INSERE - DATA DE QUARTA-FEIRA: 22-11-2023
28-11-2023 15:19:25.230Z;functions.data_filter;  INSERE - DATA DA PROX TERCA-FEIRA: 28-11-2023
28-11-2023 15:19:26.153Z;functions.data_filter;  CLICK - BUTÃO DE EXECUTAR O FILTRO
28-11-2023 15:19:33.891Z;functions.desmark_filter;  CLICK CHECKBOX LANÇAMENTOS A RECEBER
28-11-2023 15:19:35.806Z;functions.desmark_filter;  CLICK CHECKBOX LANÇAMENTOS BAIXADOS
28-11-2023 15:19:37.941Z;functions.desmark_filter;  CLICK CHECKBOX LANÇAMENTOS CANCELADOS
28-11-2023 15:19:40.141Z;functions.desmark_filter;  CLICK CHECKBOX LANÇAMENTOS FATURADOS
28-11-2023 15:19:42.431Z;functions.desmark_filter;  CLICK CHECKBOX LANÇAMENTOS FATURADOS
28-11-2023 15:19:57.620Z;functions.waitForImage;  FILTER CLEAN image found.
28-11-2023 15:19:59.724Z;functions.filter_clean;  CLICA NO BOTÃO X DO LIMPA FILTRO
28-11-2023 15:20:01.727Z;functions.check_table_record;  VERIFICANDO SE A TABELA ESTÁ VAZIA
28-11-2023 15:20:14.737Z;functions.check_table_record;  ATENÇÃO: 

Este processo exige que seja selecionado ao menos um registro para sua execução.
Como não foi feita nenhuma seleção, você deseja executá-lo para TODOS os 1 registros?
28-11-2023 15:20:16.741Z;functions.check_table_record;  TIPO: <class 'list'>
28-11-2023 15:20:16.742Z;functions.check_table_record;  NUMERO DE TUPLAS: 1
28-11-2023 15:20:16.743Z;functions.check_table_record;  TABELA CONTÉM REGISTROS
28-11-2023 15:20:20.690Z;functions.check_table_record;  CLICK NÃO
28-11-2023 15:20:37.476Z;functions.select_tipo_documento;  NOME DA COLUNA: Tipo de Documento
28-11-2023 15:20:39.274Z;functions.select_tipo_documento;  HOVER NOME DA COLUNA: Tipo de Documento
28-11-2023 15:20:39.407Z;functions.select_tipo_documento;  CLICA PARA APARECER O FILTRO PERSONALIZAR
28-11-2023 15:20:39.998Z;functions.select_tipo_documento;  CLICA NO FILTRO PERSONALIZAR
28-11-2023 15:20:41.899Z;functions.select_tipo_documento;  CLICA PARA SELECIONAR OPÇÕES DO FILTRO
28-11-2023 15:20:49.185Z;functions.select_tipo_documento;  CLICK BUTTON CONFIRMAR FILTRO
28-11-2023 15:20:55.564Z;functions.filter_IPTE;  CLICK NA PRIMEIRA LINHA E COLUNA DA TABELA
28-11-2023 15:21:00.532Z;functions.filter_IPTE;  HOVER FILTER
28-11-2023 15:21:00.688Z;functions.filter_IPTE;  CLICK FILTER
28-11-2023 15:21:05.024Z;functions.filter_IPTE;  CLICA NO FILTRO PERSONALIZAR
28-11-2023 15:21:10.026Z;functions.check_table_record;  VERIFICANDO SE A TABELA ESTÁ VAZIA
28-11-2023 15:21:22.966Z;functions.check_table_record;  Para este processo é necessário que existam registros na visão.
28-11-2023 15:21:26.969Z;functions.check_table_record;  SEM REMESSAS BANCARIA
28-11-2023 15:21:29.072Z;main.<module>;  SEM REMESSA BANCÁRIA
28-11-2023 15:21:31.572Z;errorhandler.__handle;  Property: Unknown Property name. [1:203: -ms-interpolation-mode]
28-11-2023 15:21:31.619Z;errorhandler.__handle;  Property: Unknown Property name. [1:353: -webkit-font-smoothing]
28-11-2023 15:21:31.694Z;errorhandler.__handle;  Property: Unknown Property name. [1:483: -ms-text-size-adjust]
28-11-2023 15:21:31.728Z;errorhandler.__handle;  Property: Unknown Property name. [1:518: -webkit-text-size-adjust]
28-11-2023 15:21:31.755Z;errorhandler.__handle;  Property: Unknown Property name. [1:612: mso-table-lspace]
28-11-2023 15:21:31.804Z;errorhandler.__handle;  Property: Unknown Property name. [1:642: mso-table-rspace]
28-11-2023 15:21:32.061Z;errorhandler.__handle;  Property: Unknown Property name. [1:4734: mso-hide]
28-11-2023 15:21:32.163Z;errorhandler.__handle;  Property: Unknown Property name. [1:13: -ms-interpolation-mode]
28-11-2023 15:21:32.168Z;errorhandler.__handle;  Property: Unknown Property name. [1:49: -webkit-font-smoothing]
28-11-2023 15:21:32.176Z;errorhandler.__handle;  Property: Unknown Property name. [1:134: -ms-text-size-adjust]
28-11-2023 15:21:32.182Z;errorhandler.__handle;  Property: Unknown Property name. [1:160: -webkit-text-size-adjust]
28-11-2023 15:21:32.187Z;errorhandler.__handle;  Property: Unknown Property name. [1:26: mso-table-lspace]
28-11-2023 15:21:32.189Z;errorhandler.__handle;  Property: Unknown Property name. [1:45: mso-table-rspace]
28-11-2023 15:21:32.227Z;errorhandler.__handle;  Property: Unknown Property name. [1:92: mso-hide]
28-11-2023 15:21:32.244Z;errorhandler.__handle;  Property: No ":" after name found: align-center [1:1: align-center]
28-11-2023 15:21:32.246Z;errorhandler.__handle;  Property: No property value found: align-center [1:1: align-center]
28-11-2023 15:21:32.249Z;errorhandler.__handle;  CSSStyleDeclaration: Syntax Error in Property: align-center
28-11-2023 15:21:32.253Z;errorhandler.__handle;  Property: Unknown Property name. [1:14: -ms-interpolation-mode]
28-11-2023 15:21:34.210Z;functions.emailSuccess;  Success e-mail sent.
28-11-2023 15:21:35.076Z;functions.enter_contas_a_pagar;  CLICK - TOTVS - LINHA RM
28-11-2023 15:21:36.648Z;functions.enter_contas_a_pagar;  CLICK - BACK OFFICE
28-11-2023 15:21:37.612Z;functions.enter_contas_a_pagar;  CLICK - GESTAO FINANCEIRA
28-11-2023 15:21:44.607Z;functions.enter_contas_a_pagar;  CLICK - CONTAS A PAGAR
28-11-2023 15:21:45.507Z;functions.waitForImage;  LANÇAMENTOS image found.
28-11-2023 15:21:47.639Z;functions.enter_contas_a_pagar;  CLICA EM LANÇAMENTOS
28-11-2023 15:21:49.658Z;functions.data_filter;  DATA INICIO 22-11-2023
28-11-2023 15:21:49.672Z;functions.data_filter;  DATA FIM 28-11-2023
28-11-2023 15:21:49.718Z;functions.data_filter;  CLICK - SELECIONA A DATA DE QUARTA FEIRA E DA PROXIMA TERÇA
28-11-2023 15:21:49.752Z;functions.data_filter;  QUARTA-FEIRA: 22-11-2023
28-11-2023 15:21:49.762Z;functions.data_filter;  TERCA-FEIRA: 28-11-2023
28-11-2023 15:21:50.628Z;functions.data_filter;  ESCREVE REMESSA BANCÁRIA NO FILTRO
28-11-2023 15:21:51.940Z;functions.data_filter;  CLICK - BUTÃO DE SELECAO DE FILTRO
28-11-2023 15:21:54.706Z;functions.data_filter;  INSERE - DATA DE QUARTA-FEIRA: 22-11-2023
28-11-2023 15:21:57.104Z;functions.data_filter;  INSERE - DATA DA PROX TERCA-FEIRA: 28-11-2023
28-11-2023 15:21:58.022Z;functions.data_filter;  CLICK - BUTÃO DE EXECUTAR O FILTRO
28-11-2023 15:22:04.814Z;functions.desmark_filter;  CLICK CHECKBOX LANÇAMENTOS A RECEBER
28-11-2023 15:22:06.739Z;functions.desmark_filter;  CLICK CHECKBOX LANÇAMENTOS BAIXADOS
28-11-2023 15:22:08.820Z;functions.desmark_filter;  CLICK CHECKBOX LANÇAMENTOS CANCELADOS
28-11-2023 15:22:11.120Z;functions.desmark_filter;  CLICK CHECKBOX LANÇAMENTOS FATURADOS
28-11-2023 15:22:13.500Z;functions.desmark_filter;  CLICK CHECKBOX LANÇAMENTOS FATURADOS
28-11-2023 15:22:28.676Z;functions.waitForImage;  FILTER CLEAN image found.
28-11-2023 15:22:30.792Z;functions.filter_clean;  CLICA NO BOTÃO X DO LIMPA FILTRO
28-11-2023 15:22:34.139Z;functions.filter_forma_pagamento;  CLICK NA PRIMEIRA LINHA E COLUNA DA TABELA
28-11-2023 15:22:35.466Z;functions.filter_forma_pagamento;  12 PASSOS PARA DIREITA NA TABELA >>
28-11-2023 15:22:36.088Z;functions.filter_forma_pagamento;  6 PASSOS PARA ESQUERDA NA TABELA >>
28-11-2023 15:22:41.676Z;functions.filter_forma_pagamento;  HOVER NOME DA COLUNA FORMA DE PAGAMENTO
28-11-2023 15:22:41.678Z;functions.show_exception_and_exit;  PyAutoGUI fail-safe triggered from mouse moving to a corner of the screen. To disable this fail-safe, set pyautogui.FAILSAFE to False. DISABLING FAIL-SAFE IS NOT RECOMMENDED.
Traceback (most recent call last):
  File "c:\Projetos\Remessa_Bancaria\main.py", line 37, in <module>
    filter_forma_pagamento()
  File "c:\Projetos\Remessa_Bancaria\SUBPROGRAMS\functions.py", line 762, in filter_forma_pagamento
    pyautogui.click(249,309)
  File "C:\Projetos\Remessa_Bancaria\venv\Lib\site-packages\pyautogui\__init__.py", line 593, in wrapper
    failSafeCheck()
  File "C:\Projetos\Remessa_Bancaria\venv\Lib\site-packages\pyautogui\__init__.py", line 1734, in failSafeCheck
    raise FailSafeException(
pyautogui.FailSafeException: PyAutoGUI fail-safe triggered from mouse moving to a corner of the screen. To disable this fail-safe, set pyautogui.FAILSAFE to False. DISABLING FAIL-SAFE IS NOT RECOMMENDED.
28-11-2023 15:22:43.383Z;errorhandler.__handle;  Property: Unknown Property name. [1:14: -ms-interpolation-mode]
