28-11-2023 19:00:15.904Z;functions.bot_text_art;      ____   
28-11-2023 19:00:15.904Z;functions.bot_text_art;     [____]    
28-11-2023 19:00:15.907Z;functions.bot_text_art;   |=]()()[=|  
28-11-2023 19:00:15.907Z;functions.bot_text_art;     _\==/__    _____    ____     _        _____    ___   _  __
28-11-2023 19:00:15.907Z;functions.bot_text_art;   |__|   |_|  |  _  \  / ___|   | |      |_   _| / ___| | |/ /
28-11-2023 19:00:15.908Z;functions.bot_text_art;   |_|_/\_|_|  | |  | | | |      | |        | |   | |    | ' / 
28-11-2023 19:00:15.908Z;functions.bot_text_art;   | | __ | |  | |  | | | |      | |        | |   | |    |  <  
28-11-2023 19:00:15.908Z;functions.bot_text_art;   |_|[  ]|_|  | |__| | | |____  | |____   _| |_  | |__  | . \ 
28-11-2023 19:00:15.910Z;functions.bot_text_art;   \_|_||_|_/  |_____/   \_____| |______| |_____| \ ___| |_|\_\
28-11-2023 19:00:15.910Z;functions.bot_text_art;     |_||_|                                                     
28-11-2023 19:00:15.910Z;functions.bot_text_art;     | ||_|_   
28-11-2023 19:00:15.911Z;functions.bot_text_art;   |___||___|  
28-11-2023 19:00:15.911Z;functions.bot_text_art;               
28-11-2023 19:00:15.920Z;functions.open_RM;  OPEN PROGRAM RM
28-11-2023 19:00:29.394Z;functions.loggin_RM;  ENTER USER_NAME
28-11-2023 19:00:30.842Z;functions.loggin_RM;  ENTER PASSWORD
28-11-2023 19:00:32.049Z;functions.loggin_RM;  ENTER RM
28-11-2023 19:01:05.170Z;functions.enter_coligada;  CLICK CONTEXTO
28-11-2023 19:01:10.050Z;functions.enter_coligada;  CLICK COLIGADA 1
28-11-2023 19:01:12.474Z;functions.enter_coligada;  CLICK AVANÇAR
28-11-2023 19:01:15.022Z;functions.enter_coligada;  INSERE O COLIGADA CODE = 1
28-11-2023 19:01:15.182Z;functions.enter_coligada;  APERTA TAB PARA PREENCHER O CAMPO COM A STRING: OCEANICA ENGENHARIA E CONSULTORIA S.A.
28-11-2023 19:01:16.544Z;functions.enter_coligada;  CLICK AVANÇAR NOVAMENTE
28-11-2023 19:01:17.833Z;functions.enter_coligada;  CLICK CONCLUIR
28-11-2023 19:01:40.854Z;functions.enter_coligada;  POP UP COLIGADA DESAPARECER
28-11-2023 19:01:41.682Z;functions.enter_contas_a_pagar;  CLICK - TOTVS - LINHA RM
28-11-2023 19:01:43.532Z;functions.enter_contas_a_pagar;  CLICK - BACK OFFICE
28-11-2023 19:01:46.377Z;functions.enter_contas_a_pagar;  CLICK - GESTAO FINANCEIRA
28-11-2023 19:01:53.236Z;functions.enter_contas_a_pagar;  CLICK - CONTAS A PAGAR
28-11-2023 19:01:54.101Z;functions.waitForImage;  LANÇAMENTOS image found.
28-11-2023 19:01:56.215Z;functions.enter_contas_a_pagar;  CLICA EM LANÇAMENTOS
28-11-2023 19:01:58.216Z;functions.data_filter;  DATA INICIO 22-11-2023
28-11-2023 19:01:58.217Z;functions.data_filter;  DATA FIM 28-11-2023
28-11-2023 19:01:58.220Z;functions.data_filter;  CLICK - SELECIONA A DATA DE QUARTA FEIRA E DA PROXIMA TERÇA
28-11-2023 19:01:58.222Z;functions.data_filter;  QUARTA-FEIRA: 22-11-2023
28-11-2023 19:01:58.224Z;functions.data_filter;  TERCA-FEIRA: 28-11-2023
28-11-2023 19:02:04.982Z;functions.data_filter;  ESCREVE REMESSA BANCÁRIA NO FILTRO
28-11-2023 19:02:07.421Z;functions.data_filter;  CLICK - BUTÃO DE SELECAO DE FILTRO
28-11-2023 19:02:10.511Z;functions.data_filter;  INSERE - DATA DE QUARTA-FEIRA: 22-11-2023
28-11-2023 19:02:12.808Z;functions.data_filter;  INSERE - DATA DA PROX TERCA-FEIRA: 28-11-2023
28-11-2023 19:02:13.762Z;functions.data_filter;  CLICK - BUTÃO DE EXECUTAR O FILTRO
28-11-2023 19:02:22.407Z;functions.desmark_filter;  CLICK CHECKBOX LANÇAMENTOS A RECEBER
28-11-2023 19:02:24.384Z;functions.desmark_filter;  CLICK CHECKBOX LANÇAMENTOS BAIXADOS
28-11-2023 19:02:26.435Z;functions.desmark_filter;  CLICK CHECKBOX LANÇAMENTOS CANCELADOS
28-11-2023 19:02:28.747Z;functions.desmark_filter;  CLICK CHECKBOX LANÇAMENTOS FATURADOS
28-11-2023 19:02:31.107Z;functions.desmark_filter;  CLICK CHECKBOX LANÇAMENTOS FATURADOS
28-11-2023 19:02:46.291Z;functions.waitForImage;  FILTER CLEAN image found.
28-11-2023 19:02:48.408Z;functions.filter_clean;  CLICA NO BOTÃO X DO LIMPA FILTRO
28-11-2023 19:02:50.409Z;functions.check_table_record;  VERIFICANDO SE A TABELA ESTÁ VAZIA
28-11-2023 19:03:03.398Z;functions.check_table_record;  ATENÇÃO: 

Este processo exige que seja selecionado ao menos um registro para sua execução.
Como não foi feita nenhuma seleção, você deseja executá-lo para TODOS os 7 registros?
28-11-2023 19:03:05.401Z;functions.check_table_record;  TIPO: <class 'list'>
28-11-2023 19:03:05.402Z;functions.check_table_record;  NUMERO DE TUPLAS: 7
28-11-2023 19:03:05.407Z;functions.check_table_record;  TABELA CONTÉM REGISTROS
28-11-2023 19:03:09.333Z;functions.check_table_record;  CLICK NÃO
28-11-2023 19:03:26.116Z;functions.select_tipo_documento;  NOME DA COLUNA: Tipo de Documento
28-11-2023 19:03:27.856Z;functions.select_tipo_documento;  HOVER NOME DA COLUNA: Tipo de Documento
28-11-2023 19:03:27.988Z;functions.select_tipo_documento;  CLICA PARA APARECER O FILTRO PERSONALIZAR
28-11-2023 19:03:28.320Z;functions.select_tipo_documento;  CLICA NO FILTRO PERSONALIZAR
28-11-2023 19:03:30.770Z;functions.select_tipo_documento;  CLICA PARA SELECIONAR OPÇÕES DO FILTRO
28-11-2023 19:03:38.056Z;functions.select_tipo_documento;  CLICK BUTTON CONFIRMAR FILTRO
28-11-2023 19:03:53.003Z;functions.filter_IPTE;  HOVER FILTER
28-11-2023 19:03:53.135Z;functions.filter_IPTE;  CLICK FILTER
28-11-2023 19:03:57.468Z;functions.filter_IPTE;  CLICA NO FILTRO PERSONALIZAR
28-11-2023 19:04:02.475Z;functions.check_table_record;  VERIFICANDO SE A TABELA ESTÁ VAZIA
28-11-2023 19:04:15.426Z;functions.check_table_record;  ATENÇÃO: 

Este processo exige que seja selecionado ao menos um registro para sua execução.
Como não foi feita nenhuma seleção, você deseja executá-lo para TODOS os 2 registros?
28-11-2023 19:04:17.429Z;functions.check_table_record;  TIPO: <class 'list'>
28-11-2023 19:04:17.430Z;functions.check_table_record;  NUMERO DE TUPLAS: 2
28-11-2023 19:04:17.435Z;functions.check_table_record;  TABELA CONTÉM REGISTROS
28-11-2023 19:04:21.588Z;functions.check_table_record;  CLICK NÃO
28-11-2023 19:04:37.748Z;functions.select_all_func;  SELECIONA TODOS OS REGISTROS
28-11-2023 19:04:37.751Z;functions.check_payment_type;  VERIFICANDO O COD DO CLIENTE EM CADA REGISTRO
28-11-2023 19:04:39.366Z;functions.check_payment_type;  CLICA NA PRIMEIRA LINHA DA TABELA
28-11-2023 19:04:47.475Z;functions.check_payment_type;  REF. LANÇAMENTO: 2
28-11-2023 19:04:47.582Z;functions.check_payment_type;  ENTRANDO NO REGISTRO
28-11-2023 19:04:57.838Z;functions.waitForImage;  INTEGRAÇÃO BANCÁRIA image found.
28-11-2023 19:04:59.971Z;functions.check_payment_type;  CLICA EM INTEGRAÇÃO BANCÁRIA
28-11-2023 19:04:59.972Z;functions.check_payment_type;  VERIFICANDO INFORMAÇÕES
28-11-2023 19:05:15.117Z;functions.check_payment_type;  ENTROU DADOS BANCÁRIOS
28-11-2023 19:05:15.222Z;functions.check_payment_type;  APERTA TAB
28-11-2023 19:05:17.327Z;functions.check_payment_type;  CTRL C
28-11-2023 19:05:18.328Z;functions.check_payment_type;  DESCRICAO CORRETA BOLETO
28-11-2023 19:05:18.539Z;functions.waitForImage;  FORMA DE PAGAMENTO image found.
28-11-2023 19:05:20.541Z;functions.check_payment_type;  FORMA DE PAGAMENTO: TITULO DE COBRANÇA (BOLETO)
28-11-2023 19:05:22.732Z;functions.waitForImage;  PRESS BUTTON OK image found.
28-11-2023 19:05:24.869Z;functions.check_payment_type;  PRESS BUTTON OK
28-11-2023 19:05:27.057Z;functions.waitForImage;  PRESS BUTTON OK 2 image found.
28-11-2023 19:05:29.167Z;functions.check_payment_type;  PRESS BUTTON OK 2
28-11-2023 19:05:36.272Z;functions.check_payment_type;  PASSANDO PARA PRÓXIMO REGISTRO
28-11-2023 19:05:46.377Z;functions.check_payment_type;  REF. LANÇAMENTO: 2
28-11-2023 19:05:46.484Z;functions.check_payment_type;  ENTRANDO NO REGISTRO
28-11-2023 19:05:51.962Z;functions.waitForImage;  INTEGRAÇÃO BANCÁRIA image found.
28-11-2023 19:05:54.088Z;functions.check_payment_type;  CLICA EM INTEGRAÇÃO BANCÁRIA
28-11-2023 19:05:54.089Z;functions.check_payment_type;  VERIFICANDO INFORMAÇÕES
28-11-2023 19:06:09.219Z;functions.check_payment_type;  ENTROU DADOS BANCÁRIOS
28-11-2023 19:06:09.325Z;functions.check_payment_type;  APERTA TAB
28-11-2023 19:06:11.431Z;functions.check_payment_type;  CTRL C
28-11-2023 19:06:12.433Z;functions.check_payment_type;  DESCRICAO CORRETA BOLETO
28-11-2023 19:06:12.641Z;functions.waitForImage;  FORMA DE PAGAMENTO image found.
28-11-2023 19:06:14.642Z;functions.check_payment_type;  FORMA DE PAGAMENTO: TITULO DE COBRANÇA (BOLETO)
28-11-2023 19:06:16.840Z;functions.waitForImage;  PRESS BUTTON OK image found.
28-11-2023 19:06:18.960Z;functions.check_payment_type;  PRESS BUTTON OK
28-11-2023 19:06:21.144Z;functions.waitForImage;  PRESS BUTTON OK 2 image found.
28-11-2023 19:06:23.259Z;functions.check_payment_type;  PRESS BUTTON OK 2
28-11-2023 19:06:30.364Z;functions.check_payment_type;  PASSANDO PARA PRÓXIMO REGISTRO
28-11-2023 19:06:37.948Z;functions.process_lancamentos;  CLICA PARA APARECER CONTA/CAIXA
28-11-2023 19:06:39.330Z;functions.process_lancamentos;  SELECIONA CONTA/CAIXA
28-11-2023 19:06:40.672Z;functions.process_lancamentos;  CLICA NO BOTÃO [...]
28-11-2023 19:06:57.181Z;functions.show_exception_and_exit;  'NoneType' object has no attribute 'click'
Traceback (most recent call last):
  File "C:\Projetos\Remessa_Bancaria\main.py", line 117, in <module>
    result = process_lancamentos()
             ^^^^^^^^^^^^^^^^^^^^^
  File "C:\Projetos\Remessa_Bancaria\SUBPROGRAMS\functions.py", line 418, in process_lancamentos
    select_field_search.click()
    ^^^^^^^^^^^^^^^^^^^^^^^^^
AttributeError: 'NoneType' object has no attribute 'click'
28-11-2023 19:06:59.560Z;errorhandler.__handle;  Property: Unknown Property name. [1:203: -ms-interpolation-mode]
28-11-2023 19:06:59.601Z;errorhandler.__handle;  Property: Unknown Property name. [1:353: -webkit-font-smoothing]
28-11-2023 19:06:59.616Z;errorhandler.__handle;  Property: Unknown Property name. [1:483: -ms-text-size-adjust]
28-11-2023 19:06:59.619Z;errorhandler.__handle;  Property: Unknown Property name. [1:518: -webkit-text-size-adjust]
28-11-2023 19:06:59.626Z;errorhandler.__handle;  Property: Unknown Property name. [1:612: mso-table-lspace]
28-11-2023 19:06:59.636Z;errorhandler.__handle;  Property: Unknown Property name. [1:642: mso-table-rspace]
28-11-2023 19:06:59.844Z;errorhandler.__handle;  Property: Unknown Property name. [1:4734: mso-hide]
28-11-2023 19:06:59.942Z;errorhandler.__handle;  Property: Unknown Property name. [1:13: -ms-interpolation-mode]
28-11-2023 19:06:59.950Z;errorhandler.__handle;  Property: Unknown Property name. [1:49: -webkit-font-smoothing]
28-11-2023 19:06:59.957Z;errorhandler.__handle;  Property: Unknown Property name. [1:134: -ms-text-size-adjust]
28-11-2023 19:06:59.961Z;errorhandler.__handle;  Property: Unknown Property name. [1:160: -webkit-text-size-adjust]
28-11-2023 19:06:59.967Z;errorhandler.__handle;  Property: Unknown Property name. [1:26: mso-table-lspace]
28-11-2023 19:06:59.976Z;errorhandler.__handle;  Property: Unknown Property name. [1:45: mso-table-rspace]
28-11-2023 19:07:00.023Z;errorhandler.__handle;  Property: Unknown Property name. [1:92: mso-hide]
28-11-2023 19:07:00.041Z;errorhandler.__handle;  Property: No ":" after name found: align-center [1:1: align-center]
28-11-2023 19:07:00.047Z;errorhandler.__handle;  Property: No property value found: align-center [1:1: align-center]
28-11-2023 19:07:00.051Z;errorhandler.__handle;  CSSStyleDeclaration: Syntax Error in Property: align-center
28-11-2023 19:07:00.060Z;errorhandler.__handle;  Property: Unknown Property name. [1:14: -ms-interpolation-mode]
