09-07-2024 09:00:52.803Z;functions.bot_text_art;      ____   
09-07-2024 09:00:52.803Z;functions.bot_text_art;     [____]    
09-07-2024 09:00:52.803Z;functions.bot_text_art;   |=]()()[=|  
09-07-2024 09:00:52.803Z;functions.bot_text_art;     _\==/__    _____    ____     _        _____    ___   _  __
09-07-2024 09:00:52.803Z;functions.bot_text_art;   |__|   |_|  |  _  \  / ___|   | |      |_   _| / ___| | |/ /
09-07-2024 09:00:52.803Z;functions.bot_text_art;   |_|_/\_|_|  | |  | | | |      | |        | |   | |    | ' / 
09-07-2024 09:00:52.803Z;functions.bot_text_art;   | | __ | |  | |  | | | |      | |        | |   | |    |  <  
09-07-2024 09:00:52.803Z;functions.bot_text_art;   |_|[  ]|_|  | |__| | | |____  | |____   _| |_  | |__  | . \ 
09-07-2024 09:00:52.819Z;functions.bot_text_art;   \_|_||_|_/  |_____/   \_____| |______| |_____| \ ___| |_|\_\
09-07-2024 09:00:52.819Z;functions.bot_text_art;     |_||_|                                                     
09-07-2024 09:00:52.819Z;functions.bot_text_art;     | ||_|_   
09-07-2024 09:00:52.819Z;functions.bot_text_art;   |___||___|  
09-07-2024 09:00:52.819Z;functions.bot_text_art;               
09-07-2024 09:00:52.819Z;functions.open_RM;  OPEN PROGRAM RM
09-07-2024 09:00:52.819Z;functions.caps;  DESATIVANDO CAPS
09-07-2024 09:00:52.834Z;functions.loggin_RM;  BUSCANDO LOGGIN RM
09-07-2024 09:01:19.006Z;functions.loggin_RM;  ENTER USER_NAME
09-07-2024 09:01:23.837Z;functions.loggin_RM;  ENTER PASSWORD
09-07-2024 09:01:25.459Z;functions.loggin_RM;  ENTER RM
09-07-2024 09:03:28.396Z;functions.enter_coligada;  CLICK CONTEXTO
09-07-2024 09:03:46.130Z;functions.show_exception_and_exit;  'NoneType' object has no attribute 'click'
Traceback (most recent call last):
  File "C:\Projetos_Remessas\Remessa_Bancaria\main.py", line 15, in <module>
    enter_coligada()
  File "C:\Projetos_Remessas\Remessa_Bancaria\SUBPROGRAMS\functions.py", line 163, in enter_coligada
    click_alterar_contexto.click()
    ^^^^^^^^^^^^^^^^^^^^^^^^^^^^
AttributeError: 'NoneType' object has no attribute 'click'
09-07-2024 09:03:46.459Z;functions.show_exception_and_exit;  PRINT SALVO
09-07-2024 09:03:46.834Z;functions.show_exception_and_exit;  RM FECHADO
09-07-2024 09:03:49.631Z;errorhandler.__handle;  Property: Unknown Property name. [1:203: -ms-interpolation-mode]
09-07-2024 09:03:49.678Z;errorhandler.__handle;  Property: Unknown Property name. [1:353: -webkit-font-smoothing]
09-07-2024 09:03:49.693Z;errorhandler.__handle;  Property: Unknown Property name. [1:483: -ms-text-size-adjust]
09-07-2024 09:03:49.693Z;errorhandler.__handle;  Property: Unknown Property name. [1:518: -webkit-text-size-adjust]
09-07-2024 09:03:49.693Z;errorhandler.__handle;  Property: Unknown Property name. [1:612: mso-table-lspace]
09-07-2024 09:03:49.693Z;errorhandler.__handle;  Property: Unknown Property name. [1:642: mso-table-rspace]
09-07-2024 09:03:49.928Z;errorhandler.__handle;  Property: Unknown Property name. [1:4734: mso-hide]
09-07-2024 09:03:50.037Z;errorhandler.__handle;  Property: Unknown Property name. [1:13: -ms-interpolation-mode]
09-07-2024 09:03:50.037Z;errorhandler.__handle;  Property: Unknown Property name. [1:49: -webkit-font-smoothing]
09-07-2024 09:03:50.037Z;errorhandler.__handle;  Property: Unknown Property name. [1:134: -ms-text-size-adjust]
09-07-2024 09:03:50.037Z;errorhandler.__handle;  Property: Unknown Property name. [1:160: -webkit-text-size-adjust]
09-07-2024 09:03:50.053Z;errorhandler.__handle;  Property: Unknown Property name. [1:26: mso-table-lspace]
09-07-2024 09:03:50.053Z;errorhandler.__handle;  Property: Unknown Property name. [1:45: mso-table-rspace]
09-07-2024 09:03:50.084Z;errorhandler.__handle;  Property: Unknown Property name. [1:92: mso-hide]
09-07-2024 09:03:50.100Z;errorhandler.__handle;  Property: No ":" after name found: align-center [1:1: align-center]
09-07-2024 09:03:50.100Z;errorhandler.__handle;  Property: No property value found: align-center [1:1: align-center]
09-07-2024 09:03:50.100Z;errorhandler.__handle;  CSSStyleDeclaration: Syntax Error in Property: align-center
09-07-2024 09:03:50.100Z;errorhandler.__handle;  Property: Unknown Property name. [1:14: -ms-interpolation-mode]
09-07-2024 09:03:52.915Z;functions.show_exception_and_exit;  EMAIL EXCEÇÃO ENVIADO
