29-01-2024 17:10:06.839Z;functions.bot_text_art;      ____   
29-01-2024 17:10:06.840Z;functions.bot_text_art;     [____]    
29-01-2024 17:10:06.840Z;functions.bot_text_art;   |=]()()[=|  
29-01-2024 17:10:06.840Z;functions.bot_text_art;     _\==/__    _____    ____     _        _____    ___   _  __
29-01-2024 17:10:06.840Z;functions.bot_text_art;   |__|   |_|  |  _  \  / ___|   | |      |_   _| / ___| | |/ /
29-01-2024 17:10:06.840Z;functions.bot_text_art;   |_|_/\_|_|  | |  | | | |      | |        | |   | |    | ' / 
29-01-2024 17:10:06.840Z;functions.bot_text_art;   | | __ | |  | |  | | | |      | |        | |   | |    |  <  
29-01-2024 17:10:06.840Z;functions.bot_text_art;   |_|[  ]|_|  | |__| | | |____  | |____   _| |_  | |__  | . \ 
29-01-2024 17:10:06.841Z;functions.bot_text_art;   \_|_||_|_/  |_____/   \_____| |______| |_____| \ ___| |_|\_\
29-01-2024 17:10:06.841Z;functions.bot_text_art;     |_||_|                                                     
29-01-2024 17:10:06.841Z;functions.bot_text_art;     | ||_|_   
29-01-2024 17:10:06.841Z;functions.bot_text_art;   |___||___|  
29-01-2024 17:10:06.841Z;functions.bot_text_art;               
29-01-2024 17:10:06.845Z;functions.open_RM;  OPEN PROGRAM RM
29-01-2024 17:10:12.980Z;functions.loggin_RM;  ENTER USER_NAME
29-01-2024 17:10:13.847Z;functions.loggin_RM;  ENTER PASSWORD
29-01-2024 17:10:14.583Z;functions.loggin_RM;  ENTER RM
29-01-2024 17:10:40.988Z;functions.enter_coligada;  CLICK CONTEXTO
29-01-2024 17:10:44.894Z;functions.enter_coligada;  CLICK COLIGADA 1
29-01-2024 17:10:46.301Z;functions.enter_coligada;  CLICK AVANÇAR
29-01-2024 17:10:47.960Z;functions.enter_coligada;  INSERE O COLIGADA CODE = 1
29-01-2024 17:10:48.061Z;functions.enter_coligada;  APERTA TAB PARA PREENCHER O CAMPO COM A STRING: OCEANICA ENGENHARIA E CONSULTORIA S.A.
29-01-2024 17:10:48.894Z;functions.enter_coligada;  CLICK AVANÇAR NOVAMENTE
29-01-2024 17:10:49.707Z;functions.enter_coligada;  CLICK CONCLUIR
29-01-2024 17:10:59.913Z;functions.enter_coligada;  POP UP COLIGADA DESAPARECER
29-01-2024 17:11:00.551Z;functions.enter_contas_a_pagar;  CLICK - TOTVS - LINHA RM
29-01-2024 17:11:01.644Z;functions.enter_contas_a_pagar;  CLICK - BACK OFFICE
29-01-2024 17:11:02.364Z;functions.enter_contas_a_pagar;  CLICK - GESTAO FINANCEIRA
29-01-2024 17:11:07.207Z;functions.enter_contas_a_pagar;  CLICK - CONTAS A PAGAR
29-01-2024 17:11:07.300Z;functions.waitForImage;  LANÇAMENTOS image found.
29-01-2024 17:11:09.402Z;functions.enter_contas_a_pagar;  CLICA EM LANÇAMENTOS
29-01-2024 17:11:24.516Z;functions.waitForImage;  LICENCAS EXCEDIDAS image not found.
29-01-2024 17:11:24.517Z;functions.data_filter;  DATA INICIO 31-01-2024
29-01-2024 17:11:24.517Z;functions.data_filter;  DATA FIM 06-02-2024
29-01-2024 17:11:24.517Z;functions.data_filter;  CLICK - SELECIONA A DATA DE QUARTA FEIRA E DA PROXIMA TERÇA
29-01-2024 17:11:24.517Z;functions.data_filter;  QUARTA-FEIRA: 31-01-2024
29-01-2024 17:11:24.517Z;functions.data_filter;  TERCA-FEIRA: 06-02-2024
29-01-2024 17:11:25.202Z;functions.data_filter;  ESCREVE REMESSA BANCÁRIA NO FILTRO
29-01-2024 17:11:26.240Z;functions.data_filter;  CLICK - BUTÃO DE SELECAO DE FILTRO
29-01-2024 17:11:28.081Z;functions.data_filter;  INSERE - DATA DE QUARTA-FEIRA: 31-01-2024
29-01-2024 17:11:29.622Z;functions.data_filter;  INSERE - DATA DA PROX TERCA-FEIRA: 06-02-2024
29-01-2024 17:11:30.269Z;functions.data_filter;  CLICK - BUTÃO DE EXECUTAR O FILTRO
29-01-2024 17:12:31.082Z;functions.desmark_filter;  CLICK CHECKBOX LANÇAMENTOS A RECEBER
29-01-2024 17:12:31.941Z;functions.desmark_filter;  CLICK CHECKBOX LANÇAMENTOS BAIXADOS
29-01-2024 17:12:33.034Z;functions.desmark_filter;  CLICK CHECKBOX LANÇAMENTOS CANCELADOS
29-01-2024 17:12:33.989Z;functions.desmark_filter;  CLICK CHECKBOX LANÇAMENTOS FATURADOS
29-01-2024 17:12:34.914Z;functions.desmark_filter;  CLICK CHECKBOX LANÇAMENTOS FATURADOS
29-01-2024 17:12:44.983Z;functions.waitForImage;  FILTER CLEAN image found.
29-01-2024 17:12:47.088Z;functions.filter_clean;  CLICA NO BOTÃO X DO LIMPA FILTRO
29-01-2024 17:12:49.089Z;functions.check_table_record;  VERIFICANDO SE A TABELA ESTÁ VAZIA
29-01-2024 17:13:01.831Z;functions.check_table_record;  ATENÇÃO: 

Este processo exige que seja selecionado ao menos um registro para sua execução.
Como não foi feita nenhuma seleção, você deseja executá-lo para TODOS os 49 registros?
29-01-2024 17:13:03.832Z;functions.check_table_record;  NUMERO DE TUPLAS: 49
29-01-2024 17:13:03.832Z;functions.check_table_record;  TABELA CONTÉM REGISTROS
29-01-2024 17:13:07.545Z;functions.check_table_record;  CLICK NÃO
29-01-2024 17:13:23.536Z;functions.select_tipo_documento;  NOME DA COLUNA: Tipo de Documento
29-01-2024 17:13:24.821Z;functions.select_tipo_documento;  HOVER NOME DA COLUNA: Tipo de Documento
29-01-2024 17:13:25.428Z;functions.select_tipo_documento;  CLICA NO FILTRO PERSONALIZAR
29-01-2024 17:13:26.427Z;functions.select_tipo_documento;  CLICA PARA SELECIONAR OPÇÕES DO FILTRO
29-01-2024 17:13:33.457Z;functions.select_tipo_documento;  CLICK BUTTON CONFIRMAR FILTRO
29-01-2024 17:13:38.458Z;functions.filter_IPTE;  VERIFICANDO O COD DO CLIENTE EM CADA REGISTRO
29-01-2024 17:13:39.269Z;functions.filter_IPTE;  CLICA NA PRIMEIRA LINHA DA TABELA
29-01-2024 17:13:57.885Z;functions.filter_IPTE;  HOVER FILTER
29-01-2024 17:13:58.557Z;functions.filter_IPTE;  CLICK FILTER
29-01-2024 17:14:02.870Z;functions.filter_IPTE;  CLICA NO FILTRO PERSONALIZAR
29-01-2024 17:14:10.809Z;functions.check_table_record;  VERIFICANDO SE A TABELA ESTÁ VAZIA
29-01-2024 17:14:23.514Z;functions.check_table_record;  ATENÇÃO: 

Este processo exige que seja selecionado ao menos um registro para sua execução.
Como não foi feita nenhuma seleção, você deseja executá-lo para TODOS os 3 registros?
29-01-2024 17:14:25.515Z;functions.check_table_record;  NUMERO DE TUPLAS: 3
29-01-2024 17:14:25.515Z;functions.check_table_record;  TABELA CONTÉM REGISTROS
29-01-2024 17:14:29.221Z;functions.check_table_record;  CLICK NÃO
29-01-2024 17:14:39.957Z;functions.select_all_func;  SELECIONA TODOS OS REGISTROS
29-01-2024 17:14:39.957Z;functions.check_payment_type;  VERIFICANDO O COD DO CLIENTE EM CADA REGISTRO
29-01-2024 17:14:40.723Z;functions.check_payment_type;  CLICA NA PRIMEIRA LINHA DA TABELA
29-01-2024 17:14:48.826Z;functions.check_payment_type;  REF. LANÇAMENTO: 909813
29-01-2024 17:14:48.928Z;functions.check_payment_type;  ENTRANDO NO REGISTRO
29-01-2024 17:14:52.802Z;functions.waitForImage;  INTEGRAÇÃO BANCÁRIA image found.
29-01-2024 17:14:54.932Z;functions.check_payment_type;  CLICA EM INTEGRAÇÃO BANCÁRIA
29-01-2024 17:14:54.932Z;functions.check_payment_type;  VERIFICANDO INFORMAÇÕES
29-01-2024 17:14:58.010Z;functions.waitForImage;  DADOS BANCARIOS image found.
29-01-2024 17:14:58.119Z;functions.check_payment_type;  CLICK EM INTEGRAÇÃO BANCÁRIA
29-01-2024 17:15:00.120Z;functions.check_payment_type;  ENTROU DADOS BANCÁRIOS
29-01-2024 17:15:00.222Z;functions.check_payment_type;  APERTA TAB
29-01-2024 17:15:02.324Z;functions.check_payment_type;  CTRL C
29-01-2024 17:15:03.324Z;functions.check_payment_type;  DESCRICAO CORRETA BOLETO
29-01-2024 17:15:03.395Z;functions.waitForImage;  FORMA DE PAGAMENTO image found.
29-01-2024 17:15:05.395Z;functions.check_payment_type;  FORMA DE PAGAMENTO: TITULO DE COBRANÇA (BOLETO)
29-01-2024 17:15:07.479Z;functions.waitForImage;  PRESS BUTTON OK image found.
29-01-2024 17:15:09.587Z;functions.check_payment_type;  PRESS BUTTON OK
29-01-2024 17:15:11.666Z;functions.waitForImage;  PRESS BUTTON OK 2 image found.
29-01-2024 17:15:13.776Z;functions.check_payment_type;  PRESS BUTTON OK 2
29-01-2024 17:15:20.878Z;functions.check_payment_type;  PASSANDO PARA PRÓXIMO REGISTRO
29-01-2024 17:15:30.980Z;functions.check_payment_type;  REF. LANÇAMENTO: 911087
29-01-2024 17:15:31.082Z;functions.check_payment_type;  ENTRANDO NO REGISTRO
29-01-2024 17:15:33.770Z;functions.waitForImage;  INTEGRAÇÃO BANCÁRIA image found.
29-01-2024 17:15:35.901Z;functions.check_payment_type;  CLICA EM INTEGRAÇÃO BANCÁRIA
29-01-2024 17:15:35.901Z;functions.check_payment_type;  VERIFICANDO INFORMAÇÕES
29-01-2024 17:16:09.417Z;functions.waitForImage;  DADOS BANCARIOS image not found.
29-01-2024 17:16:11.418Z;functions.check_payment_type;  ENTROU DADOS BANCÁRIOS
29-01-2024 17:16:11.519Z;functions.check_payment_type;  APERTA TAB
29-01-2024 17:16:13.621Z;functions.check_payment_type;  CTRL C
