24-06-2024 10:28:03.718Z;functions.bot_text_art;      ____   
24-06-2024 10:28:03.718Z;functions.bot_text_art;     [____]    
24-06-2024 10:28:03.718Z;functions.bot_text_art;   |=]()()[=|  
24-06-2024 10:28:03.718Z;functions.bot_text_art;     _\==/__    _____    ____     _        _____    ___   _  __
24-06-2024 10:28:03.718Z;functions.bot_text_art;   |__|   |_|  |  _  \  / ___|   | |      |_   _| / ___| | |/ /
24-06-2024 10:28:03.718Z;functions.bot_text_art;   |_|_/\_|_|  | |  | | | |      | |        | |   | |    | ' / 
24-06-2024 10:28:03.718Z;functions.bot_text_art;   | | __ | |  | |  | | | |      | |        | |   | |    |  <  
24-06-2024 10:28:03.718Z;functions.bot_text_art;   |_|[  ]|_|  | |__| | | |____  | |____   _| |_  | |__  | . \ 
24-06-2024 10:28:03.718Z;functions.bot_text_art;   \_|_||_|_/  |_____/   \_____| |______| |_____| \ ___| |_|\_\
24-06-2024 10:28:03.734Z;functions.bot_text_art;     |_||_|                                                     
24-06-2024 10:28:03.734Z;functions.bot_text_art;     | ||_|_   
24-06-2024 10:28:03.734Z;functions.bot_text_art;   |___||___|  
24-06-2024 10:28:03.734Z;functions.bot_text_art;               
24-06-2024 10:28:03.734Z;functions.open_RM;  OPEN PROGRAM RM
24-06-2024 10:28:03.734Z;functions.caps;  DESATIVANDO CAPS
24-06-2024 10:28:03.734Z;functions.loggin_RM;  BUSCANDO LOGGIN RM
24-06-2024 10:28:23.218Z;functions.loggin_RM;  ENTER USER_NAME
24-06-2024 10:28:28.079Z;functions.loggin_RM;  ENTER PASSWORD
24-06-2024 10:28:29.553Z;functions.loggin_RM;  ENTER RM
24-06-2024 10:30:21.359Z;functions.enter_coligada;  CLICK CONTEXTO
24-06-2024 10:30:24.078Z;functions.enter_coligada;  CLICK ALTERAR MODULO DO CONTEXTO
24-06-2024 10:30:28.468Z;functions.enter_coligada;  INSERE O COLIGADA CODE = 1
24-06-2024 10:30:28.574Z;functions.enter_coligada;  APERTA TAB PARA PREENCHER O CAMPO COM A STRING: OCEANICA ENGENHARIA E CONSULTORIA S.A.
24-06-2024 10:30:30.733Z;functions.enter_coligada;  CLICK AVANÇAR NOVAMENTE
24-06-2024 10:30:32.109Z;functions.enter_coligada;  CLICK CONCLUIR
24-06-2024 10:30:52.468Z;functions.waitForImage;  TROCA COLIGADA image not found.
24-06-2024 10:31:11.156Z;functions.enter_coligada;  POP UP COLIGADA DESAPARECER
24-06-2024 10:31:12.358Z;functions.check_movimentacao_bancaria;  CLICK - TOTVS - LINHA RM
24-06-2024 10:31:14.171Z;functions.check_movimentacao_bancaria;  CLICK - BACK OFFICE
24-06-2024 10:31:16.921Z;functions.check_movimentacao_bancaria;  CLICK - GESTAO FINANCEIRA
24-06-2024 10:31:16.921Z;functions.movimentacao_bancaria;  AGUARDANDO 1
24-06-2024 10:31:23.484Z;functions.movimentacao_bancaria;  CLICA NA ABA MOVIMENTAÇÃO BANCARIA
24-06-2024 10:31:24.421Z;functions.waitForImage;  IMAGEM BORDERO image found.
24-06-2024 10:31:26.554Z;functions.movimentacao_bancaria;  IMAGEM BORDERO CLICADA.
24-06-2024 10:31:36.859Z;functions.waitForImage;  LICENCAS EXCEDIDAS image not found.
24-06-2024 10:31:37.590Z;functions.movimentacao_bancaria;  ENCONTROU O FILTRO DA MOVIMENTAÇÃO BANCÁRIA
24-06-2024 10:31:37.643Z;functions.movimentacao_bancaria;  CLICA NA ABA SUPERIOR DO FILTRO
24-06-2024 10:31:44.951Z;functions.movimentacao_bancaria;  SELECIONA O FILTRO HOJE
24-06-2024 10:31:50.171Z;functions.waitForImage;  FILTER CLEAN image found.
24-06-2024 10:31:52.305Z;functions.filter_clean;  CLICA NO BOTÃO X DO LIMPA FILTRO
24-06-2024 10:31:52.517Z;functions.waitForImage;  FILTER CLEAN image found.
24-06-2024 10:31:54.649Z;functions.filter_clean;  CLICA NO BOTÃO X DO LIMPA FILTRO
24-06-2024 10:32:09.952Z;functions.waitForImage;  FILTER CLEAN image not found.
24-06-2024 10:32:11.640Z;functions.movimentacao_bancaria;  CLICA NA PRIMEIRA LINHA DA TABELA MOVIMENTAÇÃO BANCÁRIA
24-06-2024 10:32:13.289Z;functions.movimentacao_bancaria;  CLICA NA PRIMEIRA LINHA DA TABELA MOVIMENTAÇÃO BANCÁRIA
24-06-2024 10:32:14.513Z;functions.movimentacao_bancaria;  12 PASSOS PARA DIREITA NA TABELA >>
24-06-2024 10:32:16.734Z;functions.movimentacao_bancaria;  HOVER FILTER
24-06-2024 10:32:17.336Z;functions.movimentacao_bancaria;  CLICK FILTER
24-06-2024 10:32:21.662Z;functions.movimentacao_bancaria;  CLICA NO FILTRO  STATUS DA REMESSA
24-06-2024 10:32:23.765Z;functions.movimentacao_bancaria;  APERTA TAB PARA ESCREVER O FILTRO
24-06-2024 10:32:25.880Z;functions.movimentacao_bancaria;  ESCREVE PENDENTE NO FILTRO
24-06-2024 10:32:27.983Z;functions.movimentacao_bancaria;  APERTA ENTER PARA SELECIONAR OS PENDENTES
24-06-2024 10:32:48.609Z;functions.movimentacao_bancaria;  SEM PROCESSAMENTO DE BORDERO PENDENTE
24-06-2024 10:32:58.827Z;functions.waitForImage;  FILTER CLEAN image found.
24-06-2024 10:33:00.962Z;functions.filter_clean;  CLICA NO BOTÃO X DO LIMPA FILTRO
24-06-2024 10:33:16.265Z;functions.waitForImage;  FILTER CLEAN image not found.
24-06-2024 10:33:31.578Z;functions.waitForImage;  FILTER CLEAN image not found.
24-06-2024 10:33:33.421Z;functions.processo_pagamento;  CLICA NA PRIMEIRA LINHA DA TABELA MOVIMENTAÇÃO BANCÁRIA
24-06-2024 10:33:35.562Z;functions.processo_pagamento;  HOVER FILTER
24-06-2024 10:33:36.143Z;functions.processo_pagamento;  CLICK FILTER
24-06-2024 10:33:40.476Z;functions.processo_pagamento;  CLICA NO FILTRO  STATUS DA REMESSA
24-06-2024 10:33:42.579Z;functions.processo_pagamento;  APERTA TAB PARA ESCREVER O FILTRO
24-06-2024 10:33:44.697Z;functions.processo_pagamento;  ESCREVE AUTORIZADO NO FILTRO
24-06-2024 10:33:46.801Z;functions.processo_pagamento;  APERTA ENTER PARA SELECIONAR OS AUTORIZADOS
24-06-2024 10:34:07.409Z;functions.processo_pagamento;  SEM REMESSA DE BORDERO AUTORIZADO
24-06-2024 10:34:08.513Z;functions.processo_pagamento;  FECHA ABA MOVIMENTAÇÕES BANCÁRIAS
24-06-2024 10:34:10.358Z;functions.enter_contas_a_pagar;  CLICK - TOTVS - LINHA RM
24-06-2024 10:34:11.921Z;functions.enter_contas_a_pagar;  CLICK - BACK OFFICE
24-06-2024 10:34:14.671Z;functions.enter_contas_a_pagar;  CLICK - GESTAO FINANCEIRA
24-06-2024 10:34:21.296Z;functions.enter_contas_a_pagar;  CLICK - CONTAS A PAGAR
24-06-2024 10:34:22.218Z;functions.waitForImage;  LANÇAMENTOS image found.
24-06-2024 10:34:24.368Z;functions.enter_contas_a_pagar;  CLICA EM LANÇAMENTOS
24-06-2024 10:34:39.608Z;functions.waitForImage;  LICENCAS EXCEDIDAS image not found.
24-06-2024 10:34:39.624Z;functions.obter_intervalo_data;  VERIFICANDO A HORA ATUAL 10
24-06-2024 10:34:39.640Z;functions.obter_intervalo_data;  Data Inicial BANCARIA antes da remoção: None
24-06-2024 10:34:39.640Z;functions.obter_intervalo_data;  Data Final BANCARIA antes da remoção: None
24-06-2024 10:34:39.640Z;functions.obter_intervalo_data;  Data Inicial BANCARIA após a remoção: None
24-06-2024 10:34:39.640Z;functions.obter_intervalo_data;  Data Final BANCARIA após a remoção: None
24-06-2024 10:34:39.640Z;functions.obter_intervalo_data;  hoje -  2024-06-24 10:34:39.640012
24-06-2024 10:34:39.640Z;functions.data_filter;  DATA INICIO 26-06-2024
24-06-2024 10:34:39.640Z;functions.data_filter;  DATA FIM 02-07-2024
24-06-2024 10:34:39.640Z;functions.data_filter;  CLICK - SELECIONA A DATA DE QUARTA FEIRA E DA PROXIMA TERÇA
24-06-2024 10:34:39.655Z;functions.data_filter;  QUARTA-FEIRA: 26-06-2024
24-06-2024 10:34:39.655Z;functions.data_filter;  TERCA-FEIRA: 02-07-2024
24-06-2024 10:34:49.546Z;functions.data_filter;  CLICK - BOTAO DE SELECAO DE FILTRO
24-06-2024 10:34:54.374Z;functions.data_filter;  INSERE - DATA DE QUARTA-FEIRA: 26-06-2024
24-06-2024 10:34:58.812Z;functions.data_filter;  INSERE - DATA DA PROX TERCA-FEIRA: 02-07-2024
24-06-2024 10:34:59.983Z;functions.data_filter;  CLICK - BOTAO DE EXECUTAR O FILTRO
24-06-2024 10:35:04.987Z;functions.desmark_filter;  AGUARDANDO 1
24-06-2024 10:35:09.077Z;functions.desmark_filter;  CLICK CHECKBOX LANÇAMENTOS A RECEBER
24-06-2024 10:35:11.858Z;functions.desmark_filter;  CLICK CHECKBOX LANÇAMENTOS BAIXADOS
24-06-2024 10:35:14.687Z;functions.desmark_filter;  CLICK CHECKBOX LANÇAMENTOS CANCELADOS
24-06-2024 10:35:17.690Z;functions.desmark_filter;  CLICK CHECKBOX LANÇAMENTOS FATURADOS
24-06-2024 10:35:20.865Z;functions.desmark_filter;  CLICK CHECKBOX LANÇAMENTOS FATURADOS
24-06-2024 10:35:26.077Z;functions.waitForImage;  FILTER CLEAN image found.
24-06-2024 10:35:28.190Z;functions.filter_clean;  CLICA NO BOTÃO X DO LIMPA FILTRO
24-06-2024 10:35:43.484Z;functions.waitForImage;  FILTER CLEAN image not found.
24-06-2024 10:35:58.796Z;functions.waitForImage;  FILTER CLEAN image not found.
24-06-2024 10:35:58.796Z;functions.check_table_record;  VERIFICANDO SE A TABELA ESTÁ VAZIA
24-06-2024 10:36:02.359Z;functions.check_table_record;  Texto extraido 1/28
24-06-2024 10:36:02.359Z;functions.check_table_record;  Count 28
24-06-2024 10:36:02.359Z;functions.check_table_record;  Type <class 'int'>
24-06-2024 10:36:02.359Z;functions.check_table_record;  TABELA CONTÉM REGISTROS
24-06-2024 10:36:14.640Z;functions.select_tipo_documento;  NOME DA COLUNA: Tipo de Documento
24-06-2024 10:36:16.719Z;functions.select_tipo_documento;  HOVER NOME DA COLUNA: Tipo de Documento
24-06-2024 10:36:17.607Z;functions.select_tipo_documento;  CLICA NO FILTRO PERSONALIZAR
24-06-2024 10:36:19.327Z;functions.select_tipo_documento;  CLICA PARA SELECIONAR OPÇÕES DO FILTRO
24-06-2024 10:36:25.774Z;functions.select_tipo_documento;  FILTRO "NÃO É IGUAL A INV" DEFINIDO
24-06-2024 10:36:26.858Z;functions.select_tipo_documento;  CLICK BUTTON CONFIRMAR FILTRO
24-06-2024 10:36:31.863Z;functions.filter_IPTE;  VERIFICANDO O COD DO CLIENTE EM CADA REGISTRO
24-06-2024 10:36:33.671Z;functions.filter_IPTE;  CLICA NA PRIMEIRA LINHA DA TABELA
24-06-2024 10:36:57.780Z;functions.filter_IPTE;  HOVER FILTER
24-06-2024 10:36:59.711Z;functions.filter_IPTE;  CLICK FILTER
24-06-2024 10:37:04.043Z;functions.filter_IPTE;  CLICA NO FILTRO PERSONALIZAR
24-06-2024 10:37:46.249Z;functions.filter_IPTE;  MOVIDO PRA CIMA 100 VEZES
24-06-2024 10:38:22.374Z;functions.filter_IPTE;  MOVIDO PRA CIMA MAIS 100 VEZES
24-06-2024 10:38:38.093Z;functions.filter_IPTE;  TABELA NÃO CONTÉM REGISTROS
24-06-2024 10:38:38.093Z;functions.check_table_record;  VERIFICANDO SE A TABELA ESTÁ VAZIA
24-06-2024 10:38:41.653Z;functions.check_table_record;  Texto extraido 0/0
24-06-2024 10:38:41.654Z;functions.check_table_record;  Count 0
24-06-2024 10:38:41.654Z;functions.check_table_record;  Type <class 'int'>
24-06-2024 10:38:41.654Z;functions.check_table_record;  SEM REGISTROS
24-06-2024 10:38:43.656Z;main.<module>;  SEM REMESSA BANCÁRIA
24-06-2024 10:38:43.656Z;functions.movimentacao_bancaria;  AGUARDANDO 1
24-06-2024 10:38:45.140Z;functions.movimentacao_bancaria;  CLICA NA ABA MOVIMENTAÇÃO BANCARIA
24-06-2024 10:38:46.077Z;functions.waitForImage;  IMAGEM BORDERO image found.
24-06-2024 10:38:48.193Z;functions.movimentacao_bancaria;  IMAGEM BORDERO CLICADA.
24-06-2024 10:38:58.452Z;functions.waitForImage;  LICENCAS EXCEDIDAS image not found.
24-06-2024 10:38:59.202Z;functions.movimentacao_bancaria;  ENCONTROU O FILTRO DA MOVIMENTAÇÃO BANCÁRIA
24-06-2024 10:38:59.265Z;functions.movimentacao_bancaria;  CLICA NA ABA SUPERIOR DO FILTRO
24-06-2024 10:39:06.576Z;functions.movimentacao_bancaria;  SELECIONA O FILTRO HOJE
24-06-2024 10:39:11.796Z;functions.waitForImage;  FILTER CLEAN image found.
24-06-2024 10:39:13.930Z;functions.filter_clean;  CLICA NO BOTÃO X DO LIMPA FILTRO
24-06-2024 10:39:29.233Z;functions.waitForImage;  FILTER CLEAN image not found.
24-06-2024 10:39:44.546Z;functions.waitForImage;  FILTER CLEAN image not found.
24-06-2024 10:39:46.202Z;functions.movimentacao_bancaria;  CLICA NA PRIMEIRA LINHA DA TABELA MOVIMENTAÇÃO BANCÁRIA
24-06-2024 10:39:47.788Z;functions.movimentacao_bancaria;  CLICA NA PRIMEIRA LINHA DA TABELA MOVIMENTAÇÃO BANCÁRIA
24-06-2024 10:39:49.013Z;functions.movimentacao_bancaria;  12 PASSOS PARA DIREITA NA TABELA >>
24-06-2024 10:39:51.295Z;functions.movimentacao_bancaria;  HOVER FILTER
24-06-2024 10:39:51.889Z;functions.movimentacao_bancaria;  CLICK FILTER
24-06-2024 10:39:56.224Z;functions.movimentacao_bancaria;  CLICA NO FILTRO  STATUS DA REMESSA
24-06-2024 10:39:58.326Z;functions.movimentacao_bancaria;  APERTA TAB PARA ESCREVER O FILTRO
24-06-2024 10:40:00.442Z;functions.movimentacao_bancaria;  ESCREVE PENDENTE NO FILTRO
24-06-2024 10:40:02.544Z;functions.movimentacao_bancaria;  APERTA ENTER PARA SELECIONAR OS PENDENTES
24-06-2024 10:40:23.218Z;functions.movimentacao_bancaria;  SEM PROCESSAMENTO DE BORDERO PENDENTE
24-06-2024 10:40:33.405Z;functions.waitForImage;  FILTER CLEAN image found.
24-06-2024 10:40:35.555Z;functions.filter_clean;  CLICA NO BOTÃO X DO LIMPA FILTRO
24-06-2024 10:40:50.842Z;functions.waitForImage;  FILTER CLEAN image not found.
24-06-2024 10:41:06.155Z;functions.waitForImage;  FILTER CLEAN image not found.
24-06-2024 10:41:08.139Z;functions.processo_pagamento;  CLICA NA PRIMEIRA LINHA DA TABELA MOVIMENTAÇÃO BANCÁRIA
24-06-2024 10:41:10.342Z;functions.processo_pagamento;  HOVER FILTER
24-06-2024 10:41:10.925Z;functions.processo_pagamento;  CLICK FILTER
24-06-2024 10:41:15.259Z;functions.processo_pagamento;  CLICA NO FILTRO  STATUS DA REMESSA
24-06-2024 10:41:17.362Z;functions.processo_pagamento;  APERTA TAB PARA ESCREVER O FILTRO
24-06-2024 10:41:19.480Z;functions.processo_pagamento;  ESCREVE AUTORIZADO NO FILTRO
24-06-2024 10:41:21.583Z;functions.processo_pagamento;  APERTA ENTER PARA SELECIONAR OS AUTORIZADOS
24-06-2024 10:41:42.264Z;functions.processo_pagamento;  SEM REMESSA DE BORDERO AUTORIZADO
24-06-2024 10:41:43.369Z;functions.processo_pagamento;  FECHA ABA MOVIMENTAÇÕES BANCÁRIAS
24-06-2024 10:41:44.546Z;functions.enter_contas_a_pagar;  CLICK - TOTVS - LINHA RM
24-06-2024 10:41:46.108Z;functions.enter_contas_a_pagar;  CLICK - BACK OFFICE
24-06-2024 10:41:48.889Z;functions.enter_contas_a_pagar;  CLICK - GESTAO FINANCEIRA
24-06-2024 10:41:55.046Z;functions.enter_contas_a_pagar;  CLICK - CONTAS A PAGAR
24-06-2024 10:41:55.936Z;functions.waitForImage;  LANÇAMENTOS image found.
24-06-2024 10:41:58.055Z;functions.enter_contas_a_pagar;  CLICA EM LANÇAMENTOS
24-06-2024 10:42:13.374Z;functions.waitForImage;  LICENCAS EXCEDIDAS image not found.
24-06-2024 10:42:13.374Z;functions.obter_intervalo_data;  VERIFICANDO A HORA ATUAL 10
24-06-2024 10:42:13.374Z;functions.obter_intervalo_data;  Data Inicial BANCARIA antes da remoção: None
24-06-2024 10:42:13.374Z;functions.obter_intervalo_data;  Data Final BANCARIA antes da remoção: None
24-06-2024 10:42:13.389Z;functions.obter_intervalo_data;  Data Inicial BANCARIA após a remoção: None
24-06-2024 10:42:13.389Z;functions.obter_intervalo_data;  Data Final BANCARIA após a remoção: None
24-06-2024 10:42:13.389Z;functions.obter_intervalo_data;  hoje -  2024-06-24 10:42:13.389741
24-06-2024 10:42:13.389Z;functions.data_filter;  DATA INICIO 26-06-2024
24-06-2024 10:42:13.389Z;functions.data_filter;  DATA FIM 02-07-2024
24-06-2024 10:42:13.389Z;functions.data_filter;  CLICK - SELECIONA A DATA DE QUARTA FEIRA E DA PROXIMA TERÇA
24-06-2024 10:42:13.389Z;functions.data_filter;  QUARTA-FEIRA: 26-06-2024
24-06-2024 10:42:13.389Z;functions.data_filter;  TERCA-FEIRA: 02-07-2024
24-06-2024 10:42:23.264Z;functions.data_filter;  CLICK - BOTAO DE SELECAO DE FILTRO
24-06-2024 10:42:28.030Z;functions.data_filter;  INSERE - DATA DE QUARTA-FEIRA: 26-06-2024
24-06-2024 10:42:32.405Z;functions.data_filter;  INSERE - DATA DA PROX TERCA-FEIRA: 02-07-2024
24-06-2024 10:42:33.546Z;functions.data_filter;  CLICK - BOTAO DE EXECUTAR O FILTRO
24-06-2024 10:42:38.549Z;functions.desmark_filter;  AGUARDANDO 1
24-06-2024 10:42:41.484Z;functions.desmark_filter;  CLICK CHECKBOX LANÇAMENTOS A RECEBER
24-06-2024 10:42:44.108Z;functions.desmark_filter;  CLICK CHECKBOX LANÇAMENTOS BAIXADOS
24-06-2024 10:42:46.874Z;functions.desmark_filter;  CLICK CHECKBOX LANÇAMENTOS CANCELADOS
24-06-2024 10:42:49.858Z;functions.desmark_filter;  CLICK CHECKBOX LANÇAMENTOS FATURADOS
24-06-2024 10:42:52.976Z;functions.desmark_filter;  CLICK CHECKBOX LANÇAMENTOS FATURADOS
24-06-2024 10:42:58.202Z;functions.waitForImage;  FILTER CLEAN image found.
24-06-2024 10:43:00.312Z;functions.filter_clean;  CLICA NO BOTÃO X DO LIMPA FILTRO
24-06-2024 10:43:15.608Z;functions.waitForImage;  FILTER CLEAN image not found.
24-06-2024 10:43:30.920Z;functions.waitForImage;  FILTER CLEAN image not found.
24-06-2024 10:43:32.311Z;functions.filter_forma_pagamento;  CLICA NA PRIMEIRA LINHA DA TABELA
24-06-2024 10:43:32.639Z;functions.filter_forma_pagamento;  CLICK NA PRIMEIRA LINHA E COLUNA DA TABELA
24-06-2024 10:43:48.937Z;functions.filter_forma_pagamento;  160 PASSOS PARA DIREITA NA TABELA >>
24-06-2024 10:43:56.045Z;functions.filter_forma_pagamento;  HOVER NOME DA COLUNA FORMA DE PAGAMENTO
24-06-2024 10:43:58.084Z;functions.filter_forma_pagamento;  CLICA PARA APARECER O FILTRO PERSONALIZAR
24-06-2024 10:44:01.419Z;functions.filter_forma_pagamento;  CLICA NO FILTRO PERSONALIZAR
24-06-2024 10:44:14.280Z;functions.filter_forma_pagamento;  Texto extraido 0/0
24-06-2024 10:44:14.280Z;functions.filter_forma_pagamento;  Count 0
24-06-2024 10:44:14.280Z;functions.filter_forma_pagamento;  Type <class 'int'>
24-06-2024 10:44:14.280Z;functions.filter_forma_pagamento;  SEM REGISTROS
24-06-2024 10:44:16.292Z;functions.check_table_record;  VERIFICANDO SE A TABELA ESTÁ VAZIA
24-06-2024 10:44:19.342Z;functions.check_table_record;  Texto extraido 0/0
24-06-2024 10:44:19.342Z;functions.check_table_record;  Count 0
24-06-2024 10:44:19.342Z;functions.check_table_record;  Type <class 'int'>
24-06-2024 10:44:19.342Z;functions.check_table_record;  SEM REGISTROS
24-06-2024 10:44:23.347Z;main.<module>;  SEM REMESSA DE TED CIP
24-06-2024 10:44:24.327Z;functions.enter_contas_a_pagar;  CLICK - TOTVS - LINHA RM
24-06-2024 10:44:25.889Z;functions.enter_contas_a_pagar;  CLICK - BACK OFFICE
24-06-2024 10:44:28.639Z;functions.enter_contas_a_pagar;  CLICK - GESTAO FINANCEIRA
24-06-2024 10:44:34.920Z;functions.enter_contas_a_pagar;  CLICK - CONTAS A PAGAR
24-06-2024 10:44:35.842Z;functions.waitForImage;  LANÇAMENTOS image found.
24-06-2024 10:44:37.959Z;functions.enter_contas_a_pagar;  CLICA EM LANÇAMENTOS
24-06-2024 10:44:53.233Z;functions.waitForImage;  LICENCAS EXCEDIDAS image not found.
24-06-2024 10:44:53.233Z;functions.obter_intervalo_data;  VERIFICANDO A HORA ATUAL 10
24-06-2024 10:44:53.248Z;functions.obter_intervalo_data;  Data Inicial BANCARIA antes da remoção: None
24-06-2024 10:44:53.248Z;functions.obter_intervalo_data;  Data Final BANCARIA antes da remoção: None
24-06-2024 10:44:53.248Z;functions.obter_intervalo_data;  Data Inicial BANCARIA após a remoção: None
24-06-2024 10:44:53.248Z;functions.obter_intervalo_data;  Data Final BANCARIA após a remoção: None
24-06-2024 10:44:53.248Z;functions.obter_intervalo_data;  hoje -  2024-06-24 10:44:53.248917
24-06-2024 10:44:53.248Z;functions.data_filter;  DATA INICIO 26-06-2024
24-06-2024 10:44:53.248Z;functions.data_filter;  DATA FIM 02-07-2024
24-06-2024 10:44:53.248Z;functions.data_filter;  CLICK - SELECIONA A DATA DE QUARTA FEIRA E DA PROXIMA TERÇA
24-06-2024 10:44:53.248Z;functions.data_filter;  QUARTA-FEIRA: 26-06-2024
24-06-2024 10:44:53.248Z;functions.data_filter;  TERCA-FEIRA: 02-07-2024
24-06-2024 10:45:03.326Z;functions.data_filter;  CLICK - BOTAO DE SELECAO DE FILTRO
24-06-2024 10:45:08.124Z;functions.data_filter;  INSERE - DATA DE QUARTA-FEIRA: 26-06-2024
24-06-2024 10:45:12.498Z;functions.data_filter;  INSERE - DATA DA PROX TERCA-FEIRA: 02-07-2024
24-06-2024 10:45:13.670Z;functions.data_filter;  CLICK - BOTAO DE EXECUTAR O FILTRO
24-06-2024 10:45:18.675Z;functions.desmark_filter;  AGUARDANDO 1
24-06-2024 10:45:21.423Z;functions.desmark_filter;  CLICK CHECKBOX LANÇAMENTOS A RECEBER
24-06-2024 10:45:24.045Z;functions.desmark_filter;  CLICK CHECKBOX LANÇAMENTOS BAIXADOS
24-06-2024 10:45:26.842Z;functions.desmark_filter;  CLICK CHECKBOX LANÇAMENTOS CANCELADOS
24-06-2024 10:45:29.916Z;functions.desmark_filter;  CLICK CHECKBOX LANÇAMENTOS FATURADOS
24-06-2024 10:45:33.132Z;functions.desmark_filter;  CLICK CHECKBOX LANÇAMENTOS FATURADOS
24-06-2024 10:45:38.358Z;functions.waitForImage;  FILTER CLEAN image found.
24-06-2024 10:45:40.468Z;functions.filter_clean;  CLICA NO BOTÃO X DO LIMPA FILTRO
24-06-2024 10:45:55.764Z;functions.waitForImage;  FILTER CLEAN image not found.
24-06-2024 10:46:11.077Z;functions.waitForImage;  FILTER CLEAN image not found.
24-06-2024 10:46:12.827Z;functions.filter_forma_pagamento_branco;  CLICK NA PRIMEIRA LINHA E COLUNA DA TABELA
24-06-2024 10:46:29.114Z;functions.filter_forma_pagamento_branco;  160 PASSOS PARA DIREITA NA TABELA >>
24-06-2024 10:46:35.295Z;functions.filter_forma_pagamento_branco;  HOVER NOME DA COLUNA FORMA DE PAGAMENTO
24-06-2024 10:46:37.304Z;functions.filter_forma_pagamento_branco;  CLICA PARA APARECER O FILTRO PERSONALIZAR
24-06-2024 10:46:40.636Z;functions.filter_forma_pagamento_branco;  CLICA NO FILTRO PERSONALIZAR
24-06-2024 10:46:49.858Z;functions.filter_forma_pagamento_branco;  Texto extraido 6/6
24-06-2024 10:46:49.858Z;functions.filter_forma_pagamento_branco;  Count 6
24-06-2024 10:46:49.858Z;functions.filter_forma_pagamento_branco;  Type <class 'int'>
24-06-2024 10:46:49.858Z;functions.filter_forma_pagamento_branco;  TABELA CONTÉM REGISTROS
24-06-2024 10:46:52.202Z;functions.filter_forma_pagamento_branco;  MOVIDO PRA CIMA 6 VEZES
24-06-2024 10:46:56.564Z;functions.check_table_record;  VERIFICANDO SE A TABELA ESTÁ VAZIA
24-06-2024 10:46:59.952Z;functions.check_table_record;  Texto extraido 1/6
24-06-2024 10:46:59.952Z;functions.check_table_record;  Count 6
24-06-2024 10:46:59.952Z;functions.check_table_record;  Type <class 'int'>
24-06-2024 10:46:59.952Z;functions.check_table_record;  TABELA CONTÉM REGISTROS
24-06-2024 10:46:59.952Z;functions.check_ted_branco;  VERIFICANDO O COD DO CLIENTE EM CADA REGISTRO
24-06-2024 10:47:01.640Z;functions.check_ted_branco;  CLICA NA PRIMEIRA LINHA DA TABELA
24-06-2024 10:47:05.745Z;functions.check_ted_branco;  REFERNCIA: 753543
24-06-2024 10:47:06.048Z;functions.check_ted_branco;  ENTRANDO NO REGISTRO 
24-06-2024 10:47:26.348Z;functions.waitForImage;  INTEGRAÇÃO BANCÁRIA image found.
24-06-2024 10:47:26.461Z;functions.check_ted_branco;  CLICA EM INTEGRAÇÃO BANCÁRIA
24-06-2024 10:47:26.461Z;functions.check_ted_branco;  VERIFICANDO INFORMAÇÕES
24-06-2024 10:47:27.374Z;functions.waitForImage;  TRES PONTINHOS image found.
24-06-2024 10:47:40.015Z;functions.check_ted_branco;  VERIFICANDO SE TEM PIX NO FILTRO
24-06-2024 10:47:40.233Z;functions.waitForImage;  CHECANDO DADOS BANCÁRIOS PIX image found.
24-06-2024 10:47:42.240Z;functions.check_ted_branco;  PIX NÃO ENCONTRADO PARA REFERENCIA: 753543
24-06-2024 10:47:45.952Z;functions.check_ted_branco;  APERTA EM CANCELAR
24-06-2024 10:47:46.170Z;functions.waitForImage;  PRESS BUTTON OK image found.
24-06-2024 10:47:48.307Z;functions.click_ok;  PRESS BUTTON OK
24-06-2024 10:48:00.561Z;functions.waitForImage;  ERROR GENERICO image not found.
24-06-2024 10:48:05.826Z;functions.waitForImage;  ERROR FILTRO PIX image not found.
24-06-2024 10:48:09.945Z;functions.check_ted_branco;  PASSANDO PARA PRÓXIMO REGISTRO
24-06-2024 10:48:14.050Z;functions.check_ted_branco;  REFERNCIA: 753542
24-06-2024 10:48:14.351Z;functions.check_ted_branco;  ENTRANDO NO REGISTRO 
24-06-2024 10:48:20.592Z;functions.waitForImage;  INTEGRAÇÃO BANCÁRIA image found.
24-06-2024 10:48:20.709Z;functions.check_ted_branco;  CLICA EM INTEGRAÇÃO BANCÁRIA
24-06-2024 10:48:20.709Z;functions.check_ted_branco;  VERIFICANDO INFORMAÇÕES
24-06-2024 10:48:21.628Z;functions.waitForImage;  TRES PONTINHOS image found.
24-06-2024 10:48:34.255Z;functions.check_ted_branco;  VERIFICANDO SE TEM PIX NO FILTRO
24-06-2024 10:48:34.451Z;functions.waitForImage;  CHECANDO DADOS BANCÁRIOS PIX image found.
24-06-2024 10:48:36.453Z;functions.check_ted_branco;  PIX NÃO ENCONTRADO PARA REFERENCIA: 753542
24-06-2024 10:48:40.165Z;functions.check_ted_branco;  APERTA EM CANCELAR
24-06-2024 10:48:40.358Z;functions.waitForImage;  PRESS BUTTON OK image found.
24-06-2024 10:48:42.492Z;functions.click_ok;  PRESS BUTTON OK
24-06-2024 10:48:54.749Z;functions.waitForImage;  ERROR GENERICO image not found.
24-06-2024 10:49:00.030Z;functions.waitForImage;  ERROR FILTRO PIX image not found.
24-06-2024 10:49:04.134Z;functions.check_ted_branco;  PASSANDO PARA PRÓXIMO REGISTRO
24-06-2024 10:49:08.239Z;functions.check_ted_branco;  REFERNCIA: 753665
24-06-2024 10:49:08.540Z;functions.check_ted_branco;  ENTRANDO NO REGISTRO 
24-06-2024 10:49:16.248Z;functions.waitForImage;  INTEGRAÇÃO BANCÁRIA image found.
24-06-2024 10:49:16.365Z;functions.check_ted_branco;  CLICA EM INTEGRAÇÃO BANCÁRIA
24-06-2024 10:49:16.365Z;functions.check_ted_branco;  VERIFICANDO INFORMAÇÕES
24-06-2024 10:49:17.248Z;functions.waitForImage;  TRES PONTINHOS image found.
24-06-2024 10:49:29.883Z;functions.check_ted_branco;  VERIFICANDO SE TEM PIX NO FILTRO
24-06-2024 10:49:30.107Z;functions.waitForImage;  CHECANDO DADOS BANCÁRIOS PIX image found.
24-06-2024 10:49:32.112Z;functions.check_ted_branco;  PIX NÃO ENCONTRADO PARA REFERENCIA: 753665
24-06-2024 10:49:35.825Z;functions.check_ted_branco;  APERTA EM CANCELAR
24-06-2024 10:49:36.030Z;functions.waitForImage;  PRESS BUTTON OK image found.
24-06-2024 10:49:38.148Z;functions.click_ok;  PRESS BUTTON OK
24-06-2024 10:49:50.357Z;functions.waitForImage;  ERROR GENERICO image not found.
24-06-2024 10:49:55.607Z;functions.waitForImage;  ERROR FILTRO PIX image not found.
24-06-2024 10:49:59.722Z;functions.check_ted_branco;  PASSANDO PARA PRÓXIMO REGISTRO
24-06-2024 10:50:03.827Z;functions.check_ted_branco;  REFERNCIA: 753666
24-06-2024 10:50:04.129Z;functions.check_ted_branco;  ENTRANDO NO REGISTRO 
24-06-2024 10:50:10.344Z;functions.waitForImage;  INTEGRAÇÃO BANCÁRIA image found.
24-06-2024 10:50:10.459Z;functions.check_ted_branco;  CLICA EM INTEGRAÇÃO BANCÁRIA
24-06-2024 10:50:10.459Z;functions.check_ted_branco;  VERIFICANDO INFORMAÇÕES
24-06-2024 10:50:11.383Z;functions.waitForImage;  TRES PONTINHOS image found.
24-06-2024 10:50:24.013Z;functions.check_ted_branco;  VERIFICANDO SE TEM PIX NO FILTRO
24-06-2024 10:50:24.232Z;functions.waitForImage;  CHECANDO DADOS BANCÁRIOS PIX image found.
24-06-2024 10:50:26.237Z;functions.check_ted_branco;  PIX NÃO ENCONTRADO PARA REFERENCIA: 753666
24-06-2024 10:50:29.950Z;functions.check_ted_branco;  APERTA EM CANCELAR
24-06-2024 10:50:30.139Z;functions.waitForImage;  PRESS BUTTON OK image found.
24-06-2024 10:50:32.274Z;functions.click_ok;  PRESS BUTTON OK
24-06-2024 10:50:44.529Z;functions.waitForImage;  ERROR GENERICO image not found.
24-06-2024 10:50:49.795Z;functions.waitForImage;  ERROR FILTRO PIX image not found.
24-06-2024 10:50:53.910Z;functions.check_ted_branco;  PASSANDO PARA PRÓXIMO REGISTRO
24-06-2024 10:50:58.015Z;functions.check_ted_branco;  REFERNCIA: 753605
24-06-2024 10:50:58.317Z;functions.check_ted_branco;  ENTRANDO NO REGISTRO 
24-06-2024 10:51:04.592Z;functions.waitForImage;  INTEGRAÇÃO BANCÁRIA image found.
24-06-2024 10:51:04.709Z;functions.check_ted_branco;  CLICA EM INTEGRAÇÃO BANCÁRIA
24-06-2024 10:51:04.709Z;functions.check_ted_branco;  VERIFICANDO INFORMAÇÕES
24-06-2024 10:51:05.623Z;functions.waitForImage;  TRES PONTINHOS image found.
24-06-2024 10:51:18.260Z;functions.check_ted_branco;  VERIFICANDO SE TEM PIX NO FILTRO
24-06-2024 10:51:18.483Z;functions.waitForImage;  CHECANDO DADOS BANCÁRIOS PIX image found.
24-06-2024 10:51:20.488Z;functions.check_ted_branco;  PIX NÃO ENCONTRADO PARA REFERENCIA: 753605
24-06-2024 10:51:24.200Z;functions.check_ted_branco;  APERTA EM CANCELAR
24-06-2024 10:51:24.404Z;functions.waitForImage;  PRESS BUTTON OK image found.
24-06-2024 10:51:26.525Z;functions.click_ok;  PRESS BUTTON OK
24-06-2024 10:51:38.795Z;functions.waitForImage;  ERROR GENERICO image not found.
24-06-2024 10:51:44.045Z;functions.waitForImage;  ERROR FILTRO PIX image not found.
24-06-2024 10:51:48.163Z;functions.check_ted_branco;  PASSANDO PARA PRÓXIMO REGISTRO
24-06-2024 10:51:52.268Z;functions.check_ted_branco;  REFERNCIA: 753606
24-06-2024 10:51:52.570Z;functions.check_ted_branco;  ENTRANDO NO REGISTRO 
24-06-2024 10:51:58.826Z;functions.waitForImage;  INTEGRAÇÃO BANCÁRIA image found.
24-06-2024 10:51:58.961Z;functions.check_ted_branco;  CLICA EM INTEGRAÇÃO BANCÁRIA
24-06-2024 10:51:58.961Z;functions.check_ted_branco;  VERIFICANDO INFORMAÇÕES
24-06-2024 10:51:59.873Z;functions.waitForImage;  TRES PONTINHOS image found.
24-06-2024 10:52:12.512Z;functions.check_ted_branco;  VERIFICANDO SE TEM PIX NO FILTRO
24-06-2024 10:52:12.733Z;functions.waitForImage;  CHECANDO DADOS BANCÁRIOS PIX image found.
24-06-2024 10:52:14.739Z;functions.check_ted_branco;  PIX NÃO ENCONTRADO PARA REFERENCIA: 753606
24-06-2024 10:52:18.452Z;functions.check_ted_branco;  APERTA EM CANCELAR
24-06-2024 10:52:18.639Z;functions.waitForImage;  PRESS BUTTON OK image found.
24-06-2024 10:52:20.775Z;functions.click_ok;  PRESS BUTTON OK
24-06-2024 10:52:33.029Z;functions.waitForImage;  ERROR GENERICO image not found.
24-06-2024 10:52:38.295Z;functions.waitForImage;  ERROR FILTRO PIX image not found.
24-06-2024 10:52:38.295Z;functions.check_ted_branco;  FORAI VERIFICADO: 6 REFERENCIAS NO PROCESSAMENTO FORMA DE PAGAMENTO ELETRONICA EM BRANCO
24-06-2024 10:52:41.092Z;errorhandler.__handle;  Property: Unknown Property name. [1:203: -ms-interpolation-mode]
24-06-2024 10:52:41.139Z;errorhandler.__handle;  Property: Unknown Property name. [1:353: -webkit-font-smoothing]
24-06-2024 10:52:41.139Z;errorhandler.__handle;  Property: Unknown Property name. [1:483: -ms-text-size-adjust]
24-06-2024 10:52:41.155Z;errorhandler.__handle;  Property: Unknown Property name. [1:518: -webkit-text-size-adjust]
24-06-2024 10:52:41.155Z;errorhandler.__handle;  Property: Unknown Property name. [1:612: mso-table-lspace]
24-06-2024 10:52:41.155Z;errorhandler.__handle;  Property: Unknown Property name. [1:642: mso-table-rspace]
24-06-2024 10:52:41.391Z;errorhandler.__handle;  Property: Unknown Property name. [1:4734: mso-hide]
24-06-2024 10:52:41.507Z;errorhandler.__handle;  Property: Unknown Property name. [1:13: -ms-interpolation-mode]
24-06-2024 10:52:41.510Z;errorhandler.__handle;  Property: Unknown Property name. [1:49: -webkit-font-smoothing]
24-06-2024 10:52:41.514Z;errorhandler.__handle;  Property: Unknown Property name. [1:134: -ms-text-size-adjust]
24-06-2024 10:52:41.515Z;errorhandler.__handle;  Property: Unknown Property name. [1:160: -webkit-text-size-adjust]
24-06-2024 10:52:41.516Z;errorhandler.__handle;  Property: Unknown Property name. [1:26: mso-table-lspace]
24-06-2024 10:52:41.516Z;errorhandler.__handle;  Property: Unknown Property name. [1:45: mso-table-rspace]
24-06-2024 10:52:41.558Z;errorhandler.__handle;  Property: Unknown Property name. [1:92: mso-hide]
24-06-2024 10:52:41.572Z;errorhandler.__handle;  Property: No ":" after name found: align-center [1:1: align-center]
24-06-2024 10:52:41.573Z;errorhandler.__handle;  Property: No property value found: align-center [1:1: align-center]
24-06-2024 10:52:41.573Z;errorhandler.__handle;  CSSStyleDeclaration: Syntax Error in Property: align-center
24-06-2024 10:52:41.576Z;errorhandler.__handle;  Property: Unknown Property name. [1:14: -ms-interpolation-mode]
24-06-2024 10:52:44.779Z;functions.emailFinalizado;  Warning e-mail sent.
24-06-2024 10:52:44.779Z;main.<module>;  Remessa Bancária TED CIP com filtro de pagamento eletronica em branco modificadas para pix 
 PASSO 3 FINALIZADO
24-06-2024 10:52:44.779Z;main.<module>;  O PROGRAMA SERÁ ENCERRADO
24-06-2024 10:52:46.287Z;errorhandler.__handle;  Property: Unknown Property name. [1:14: -ms-interpolation-mode]
24-06-2024 10:52:49.295Z;functions.emailFinalizado;  Warning e-mail sent.
24-06-2024 10:52:49.603Z;functions.end_RM;  RM ENCERRADO
