24-06-2024 22:28:06.310Z;functions.bot_text_art;      ____   
24-06-2024 22:28:06.310Z;functions.bot_text_art;     [____]    
24-06-2024 22:28:06.310Z;functions.bot_text_art;   |=]()()[=|  
24-06-2024 22:28:06.310Z;functions.bot_text_art;     _\==/__    _____    ____     _        _____    ___   _  __
24-06-2024 22:28:06.325Z;functions.bot_text_art;   |__|   |_|  |  _  \  / ___|   | |      |_   _| / ___| | |/ /
24-06-2024 22:28:06.325Z;functions.bot_text_art;   |_|_/\_|_|  | |  | | | |      | |        | |   | |    | ' / 
24-06-2024 22:28:06.325Z;functions.bot_text_art;   | | __ | |  | |  | | | |      | |        | |   | |    |  <  
24-06-2024 22:28:06.325Z;functions.bot_text_art;   |_|[  ]|_|  | |__| | | |____  | |____   _| |_  | |__  | . \ 
24-06-2024 22:28:06.325Z;functions.bot_text_art;   \_|_||_|_/  |_____/   \_____| |______| |_____| \ ___| |_|\_\
24-06-2024 22:28:06.325Z;functions.bot_text_art;     |_||_|                                                     
24-06-2024 22:28:06.325Z;functions.bot_text_art;     | ||_|_   
24-06-2024 22:28:06.325Z;functions.bot_text_art;   |___||___|  
24-06-2024 22:28:06.325Z;functions.bot_text_art;               
24-06-2024 22:28:06.341Z;functions.open_RM;  OPEN PROGRAM RM
24-06-2024 22:28:06.341Z;functions.caps;  DESATIVANDO CAPS
24-06-2024 22:28:06.341Z;functions.loggin_RM;  BUSCANDO LOGGIN RM
24-06-2024 22:28:26.553Z;functions.loggin_RM;  ENTER USER_NAME
24-06-2024 22:28:31.322Z;functions.loggin_RM;  ENTER PASSWORD
24-06-2024 22:28:32.788Z;functions.loggin_RM;  ENTER RM
24-06-2024 22:30:22.225Z;functions.enter_coligada;  CLICK CONTEXTO
24-06-2024 22:30:25.037Z;functions.enter_coligada;  CLICK ALTERAR MODULO DO CONTEXTO
24-06-2024 22:30:29.240Z;functions.enter_coligada;  INSERE O COLIGADA CODE = 1
24-06-2024 22:30:29.347Z;functions.enter_coligada;  APERTA TAB PARA PREENCHER O CAMPO COM A STRING: OCEANICA ENGENHARIA E CONSULTORIA S.A.
24-06-2024 22:30:31.444Z;functions.enter_coligada;  CLICK AVANÇAR NOVAMENTE
24-06-2024 22:30:32.850Z;functions.enter_coligada;  CLICK CONCLUIR
24-06-2024 22:30:53.225Z;functions.waitForImage;  TROCA COLIGADA image not found.
24-06-2024 22:31:13.037Z;functions.enter_coligada;  POP UP COLIGADA DESAPARECER
24-06-2024 22:31:14.038Z;functions.check_movimentacao_bancaria;  CLICK - TOTVS - LINHA RM
24-06-2024 22:31:15.944Z;functions.check_movimentacao_bancaria;  CLICK - BACK OFFICE
24-06-2024 22:31:16.912Z;functions.check_movimentacao_bancaria;  CLICK - GESTAO FINANCEIRA
24-06-2024 22:31:16.912Z;functions.movimentacao_bancaria;  AGUARDANDO 1
24-06-2024 22:31:23.037Z;functions.movimentacao_bancaria;  CLICA NA ABA MOVIMENTAÇÃO BANCARIA
24-06-2024 22:31:24.039Z;functions.waitForImage;  IMAGEM BORDERO image found.
24-06-2024 22:31:26.170Z;functions.movimentacao_bancaria;  IMAGEM BORDERO CLICADA.
24-06-2024 22:31:36.740Z;functions.waitForImage;  LICENCAS EXCEDIDAS image not found.
24-06-2024 22:31:37.459Z;functions.movimentacao_bancaria;  ENCONTROU O FILTRO DA MOVIMENTAÇÃO BANCÁRIA
24-06-2024 22:31:37.506Z;functions.movimentacao_bancaria;  CLICA NA ABA SUPERIOR DO FILTRO
24-06-2024 22:31:44.816Z;functions.movimentacao_bancaria;  SELECIONA O FILTRO HOJE
24-06-2024 22:31:50.037Z;functions.waitForImage;  FILTER CLEAN image found.
24-06-2024 22:31:52.170Z;functions.filter_clean;  CLICA NO BOTÃO X DO LIMPA FILTRO
24-06-2024 22:31:52.381Z;functions.waitForImage;  FILTER CLEAN image found.
24-06-2024 22:31:54.513Z;functions.filter_clean;  CLICA NO BOTÃO X DO LIMPA FILTRO
24-06-2024 22:32:09.834Z;functions.waitForImage;  FILTER CLEAN image not found.
24-06-2024 22:32:11.599Z;functions.movimentacao_bancaria;  CLICA NA PRIMEIRA LINHA DA TABELA MOVIMENTAÇÃO BANCÁRIA
24-06-2024 22:32:13.194Z;functions.movimentacao_bancaria;  CLICA NA PRIMEIRA LINHA DA TABELA MOVIMENTAÇÃO BANCÁRIA
24-06-2024 22:32:14.423Z;functions.movimentacao_bancaria;  12 PASSOS PARA DIREITA NA TABELA >>
24-06-2024 22:32:16.740Z;functions.movimentacao_bancaria;  HOVER FILTER
24-06-2024 22:32:17.357Z;functions.movimentacao_bancaria;  CLICK FILTER
24-06-2024 22:32:21.683Z;functions.movimentacao_bancaria;  CLICA NO FILTRO  STATUS DA REMESSA
24-06-2024 22:32:23.786Z;functions.movimentacao_bancaria;  APERTA TAB PARA ESCREVER O FILTRO
24-06-2024 22:32:25.904Z;functions.movimentacao_bancaria;  ESCREVE PENDENTE NO FILTRO
24-06-2024 22:32:28.007Z;functions.movimentacao_bancaria;  APERTA ENTER PARA SELECIONAR OS PENDENTES
24-06-2024 22:32:48.676Z;functions.movimentacao_bancaria;  SEM PROCESSAMENTO DE BORDERO PENDENTE
24-06-2024 22:32:58.881Z;functions.waitForImage;  FILTER CLEAN image found.
24-06-2024 22:33:01.016Z;functions.filter_clean;  CLICA NO BOTÃO X DO LIMPA FILTRO
24-06-2024 22:33:16.365Z;functions.waitForImage;  FILTER CLEAN image not found.
24-06-2024 22:33:31.662Z;functions.waitForImage;  FILTER CLEAN image not found.
24-06-2024 22:33:33.631Z;functions.processo_pagamento;  CLICA NA PRIMEIRA LINHA DA TABELA MOVIMENTAÇÃO BANCÁRIA
24-06-2024 22:33:35.928Z;functions.processo_pagamento;  HOVER FILTER
24-06-2024 22:33:36.532Z;functions.processo_pagamento;  CLICK FILTER
24-06-2024 22:33:40.866Z;functions.processo_pagamento;  CLICA NO FILTRO  STATUS DA REMESSA
24-06-2024 22:33:42.969Z;functions.processo_pagamento;  APERTA TAB PARA ESCREVER O FILTRO
24-06-2024 22:33:45.085Z;functions.processo_pagamento;  ESCREVE AUTORIZADO NO FILTRO
24-06-2024 22:33:47.188Z;functions.processo_pagamento;  APERTA ENTER PARA SELECIONAR OS AUTORIZADOS
24-06-2024 22:34:08.012Z;functions.processo_pagamento;  SEM REMESSA DE BORDERO AUTORIZADO
24-06-2024 22:34:09.116Z;functions.processo_pagamento;  FECHA ABA MOVIMENTAÇÕES BANCÁRIAS
24-06-2024 22:34:10.943Z;functions.enter_contas_a_pagar;  CLICK - TOTVS - LINHA RM
24-06-2024 22:34:12.475Z;functions.enter_contas_a_pagar;  CLICK - BACK OFFICE
24-06-2024 22:34:13.475Z;functions.enter_contas_a_pagar;  CLICK - GESTAO FINANCEIRA
24-06-2024 22:34:20.068Z;functions.enter_contas_a_pagar;  CLICK - CONTAS A PAGAR
24-06-2024 22:34:21.022Z;functions.waitForImage;  LANÇAMENTOS image found.
24-06-2024 22:34:23.138Z;functions.enter_contas_a_pagar;  CLICA EM LANÇAMENTOS
24-06-2024 22:34:38.646Z;functions.waitForImage;  LICENCAS EXCEDIDAS image not found.
24-06-2024 22:34:38.662Z;functions.obter_intervalo_data;  VERIFICANDO A HORA ATUAL 22
24-06-2024 22:34:38.678Z;functions.obter_intervalo_data;  Data Inicial BANCARIA antes da remoção: None
24-06-2024 22:34:38.678Z;functions.obter_intervalo_data;  Data Final BANCARIA antes da remoção: None
24-06-2024 22:34:38.678Z;functions.obter_intervalo_data;  Data Inicial BANCARIA após a remoção: None
24-06-2024 22:34:38.678Z;functions.obter_intervalo_data;  Data Final BANCARIA após a remoção: None
24-06-2024 22:34:38.678Z;functions.obter_intervalo_data;  hoje -  2024-06-24 22:34:38.678077
24-06-2024 22:34:38.678Z;functions.data_filter;  DATA INICIO 26-06-2024
24-06-2024 22:34:38.693Z;functions.data_filter;  DATA FIM 02-07-2024
24-06-2024 22:34:38.693Z;functions.data_filter;  CLICK - SELECIONA A DATA DE QUARTA FEIRA E DA PROXIMA TERÇA
24-06-2024 22:34:38.693Z;functions.data_filter;  QUARTA-FEIRA: 26-06-2024
24-06-2024 22:34:38.693Z;functions.data_filter;  TERCA-FEIRA: 02-07-2024
24-06-2024 22:34:48.505Z;functions.data_filter;  CLICK - BOTAO DE SELECAO DE FILTRO
24-06-2024 22:34:53.334Z;functions.data_filter;  INSERE - DATA DE QUARTA-FEIRA: 26-06-2024
24-06-2024 22:34:57.771Z;functions.data_filter;  INSERE - DATA DA PROX TERCA-FEIRA: 02-07-2024
24-06-2024 22:34:58.912Z;functions.data_filter;  CLICK - BOTAO DE EXECUTAR O FILTRO
24-06-2024 22:35:03.917Z;functions.desmark_filter;  AGUARDANDO 1
24-06-2024 22:35:07.286Z;functions.desmark_filter;  CLICK CHECKBOX LANÇAMENTOS A RECEBER
24-06-2024 22:35:10.068Z;functions.desmark_filter;  CLICK CHECKBOX LANÇAMENTOS BAIXADOS
24-06-2024 22:35:13.005Z;functions.desmark_filter;  CLICK CHECKBOX LANÇAMENTOS CANCELADOS
24-06-2024 22:35:16.242Z;functions.desmark_filter;  CLICK CHECKBOX LANÇAMENTOS FATURADOS
24-06-2024 22:35:19.490Z;functions.desmark_filter;  CLICK CHECKBOX LANÇAMENTOS FATURADOS
24-06-2024 22:35:24.693Z;functions.waitForImage;  FILTER CLEAN image found.
24-06-2024 22:35:26.812Z;functions.filter_clean;  CLICA NO BOTÃO X DO LIMPA FILTRO
24-06-2024 22:35:42.130Z;functions.waitForImage;  FILTER CLEAN image not found.
24-06-2024 22:35:57.443Z;functions.waitForImage;  FILTER CLEAN image not found.
24-06-2024 22:35:57.443Z;functions.check_table_record;  VERIFICANDO SE A TABELA ESTÁ VAZIA
24-06-2024 22:36:00.927Z;functions.check_table_record;  Texto extraido 1/19
24-06-2024 22:36:00.927Z;functions.check_table_record;  Count 19
24-06-2024 22:36:00.927Z;functions.check_table_record;  Type <class 'int'>
24-06-2024 22:36:00.927Z;functions.check_table_record;  TABELA CONTÉM REGISTROS
24-06-2024 22:36:13.037Z;functions.select_tipo_documento;  NOME DA COLUNA: Tipo de Documento
24-06-2024 22:36:15.068Z;functions.select_tipo_documento;  HOVER NOME DA COLUNA: Tipo de Documento
24-06-2024 22:36:15.938Z;functions.select_tipo_documento;  CLICA NO FILTRO PERSONALIZAR
24-06-2024 22:36:17.599Z;functions.select_tipo_documento;  CLICA PARA SELECIONAR OPÇÕES DO FILTRO
24-06-2024 22:36:24.047Z;functions.select_tipo_documento;  FILTRO "NÃO É IGUAL A INV" DEFINIDO
24-06-2024 22:36:25.130Z;functions.select_tipo_documento;  CLICK BUTTON CONFIRMAR FILTRO
24-06-2024 22:36:30.134Z;functions.filter_IPTE;  VERIFICANDO O COD DO CLIENTE EM CADA REGISTRO
24-06-2024 22:36:31.943Z;functions.filter_IPTE;  CLICA NA PRIMEIRA LINHA DA TABELA
24-06-2024 22:36:56.364Z;functions.filter_IPTE;  HOVER FILTER
24-06-2024 22:36:58.387Z;functions.filter_IPTE;  CLICK FILTER
24-06-2024 22:37:02.718Z;functions.filter_IPTE;  CLICA NO FILTRO PERSONALIZAR
24-06-2024 22:37:45.208Z;functions.filter_IPTE;  MOVIDO PRA CIMA 100 VEZES
24-06-2024 22:38:21.583Z;functions.filter_IPTE;  MOVIDO PRA CIMA MAIS 100 VEZES
24-06-2024 22:38:37.473Z;functions.filter_IPTE;  TABELA NÃO CONTÉM REGISTROS
24-06-2024 22:38:37.473Z;functions.check_table_record;  VERIFICANDO SE A TABELA ESTÁ VAZIA
24-06-2024 22:38:41.150Z;functions.check_table_record;  Texto extraido 0/0
24-06-2024 22:38:41.150Z;functions.check_table_record;  Count 0
24-06-2024 22:38:41.151Z;functions.check_table_record;  Type <class 'int'>
24-06-2024 22:38:41.151Z;functions.check_table_record;  SEM REGISTROS
24-06-2024 22:38:43.152Z;main.<module>;  SEM REMESSA BANCÁRIA
24-06-2024 22:38:43.152Z;functions.movimentacao_bancaria;  AGUARDANDO 1
24-06-2024 22:38:44.473Z;functions.movimentacao_bancaria;  CLICA NA ABA MOVIMENTAÇÃO BANCARIA
24-06-2024 22:38:44.708Z;functions.waitForImage;  IMAGEM BORDERO image found.
24-06-2024 22:38:46.819Z;functions.movimentacao_bancaria;  IMAGEM BORDERO CLICADA.
24-06-2024 22:38:57.301Z;functions.waitForImage;  LICENCAS EXCEDIDAS image not found.
24-06-2024 22:38:58.037Z;functions.movimentacao_bancaria;  ENCONTROU O FILTRO DA MOVIMENTAÇÃO BANCÁRIA
24-06-2024 22:38:58.098Z;functions.movimentacao_bancaria;  CLICA NA ABA SUPERIOR DO FILTRO
24-06-2024 22:39:05.409Z;functions.movimentacao_bancaria;  SELECIONA O FILTRO HOJE
24-06-2024 22:39:10.629Z;functions.waitForImage;  FILTER CLEAN image found.
24-06-2024 22:39:12.763Z;functions.filter_clean;  CLICA NO BOTÃO X DO LIMPA FILTRO
24-06-2024 22:39:28.067Z;functions.waitForImage;  FILTER CLEAN image not found.
24-06-2024 22:39:43.379Z;functions.waitForImage;  FILTER CLEAN image not found.
24-06-2024 22:39:45.160Z;functions.movimentacao_bancaria;  CLICA NA PRIMEIRA LINHA DA TABELA MOVIMENTAÇÃO BANCÁRIA
24-06-2024 22:39:47.089Z;functions.movimentacao_bancaria;  CLICA NA PRIMEIRA LINHA DA TABELA MOVIMENTAÇÃO BANCÁRIA
24-06-2024 22:39:48.313Z;functions.movimentacao_bancaria;  12 PASSOS PARA DIREITA NA TABELA >>
24-06-2024 22:39:50.598Z;functions.movimentacao_bancaria;  HOVER FILTER
24-06-2024 22:39:51.334Z;functions.movimentacao_bancaria;  CLICK FILTER
24-06-2024 22:39:55.668Z;functions.movimentacao_bancaria;  CLICA NO FILTRO  STATUS DA REMESSA
24-06-2024 22:39:57.771Z;functions.movimentacao_bancaria;  APERTA TAB PARA ESCREVER O FILTRO
24-06-2024 22:39:59.887Z;functions.movimentacao_bancaria;  ESCREVE PENDENTE NO FILTRO
24-06-2024 22:40:01.989Z;functions.movimentacao_bancaria;  APERTA ENTER PARA SELECIONAR OS PENDENTES
24-06-2024 22:40:22.676Z;functions.movimentacao_bancaria;  SEM PROCESSAMENTO DE BORDERO PENDENTE
24-06-2024 22:40:32.879Z;functions.waitForImage;  FILTER CLEAN image found.
24-06-2024 22:40:35.011Z;functions.filter_clean;  CLICA NO BOTÃO X DO LIMPA FILTRO
24-06-2024 22:40:50.316Z;functions.waitForImage;  FILTER CLEAN image not found.
24-06-2024 22:41:05.660Z;functions.waitForImage;  FILTER CLEAN image not found.
24-06-2024 22:41:07.629Z;functions.processo_pagamento;  CLICA NA PRIMEIRA LINHA DA TABELA MOVIMENTAÇÃO BANCÁRIA
24-06-2024 22:41:09.910Z;functions.processo_pagamento;  HOVER FILTER
24-06-2024 22:41:10.522Z;functions.processo_pagamento;  CLICK FILTER
24-06-2024 22:41:14.856Z;functions.processo_pagamento;  CLICA NO FILTRO  STATUS DA REMESSA
24-06-2024 22:41:16.959Z;functions.processo_pagamento;  APERTA TAB PARA ESCREVER O FILTRO
24-06-2024 22:41:19.078Z;functions.processo_pagamento;  ESCREVE AUTORIZADO NO FILTRO
24-06-2024 22:41:21.181Z;functions.processo_pagamento;  APERTA ENTER PARA SELECIONAR OS AUTORIZADOS
24-06-2024 22:41:41.901Z;functions.processo_pagamento;  SEM REMESSA DE BORDERO AUTORIZADO
24-06-2024 22:41:43.007Z;functions.processo_pagamento;  FECHA ABA MOVIMENTAÇÕES BANCÁRIAS
24-06-2024 22:41:44.222Z;functions.enter_contas_a_pagar;  CLICK - TOTVS - LINHA RM
24-06-2024 22:41:45.816Z;functions.enter_contas_a_pagar;  CLICK - BACK OFFICE
24-06-2024 22:41:48.566Z;functions.enter_contas_a_pagar;  CLICK - GESTAO FINANCEIRA
24-06-2024 22:41:54.847Z;functions.enter_contas_a_pagar;  CLICK - CONTAS A PAGAR
24-06-2024 22:41:55.784Z;functions.waitForImage;  LANÇAMENTOS image found.
24-06-2024 22:41:57.917Z;functions.enter_contas_a_pagar;  CLICA EM LANÇAMENTOS
24-06-2024 22:42:13.300Z;functions.waitForImage;  LICENCAS EXCEDIDAS image not found.
24-06-2024 22:42:13.300Z;functions.obter_intervalo_data;  VERIFICANDO A HORA ATUAL 22
24-06-2024 22:42:13.300Z;functions.obter_intervalo_data;  Data Inicial BANCARIA antes da remoção: None
24-06-2024 22:42:13.300Z;functions.obter_intervalo_data;  Data Final BANCARIA antes da remoção: None
24-06-2024 22:42:13.316Z;functions.obter_intervalo_data;  Data Inicial BANCARIA após a remoção: None
24-06-2024 22:42:13.316Z;functions.obter_intervalo_data;  Data Final BANCARIA após a remoção: None
24-06-2024 22:42:13.316Z;functions.obter_intervalo_data;  hoje -  2024-06-24 22:42:13.316452
24-06-2024 22:42:13.316Z;functions.data_filter;  DATA INICIO 26-06-2024
24-06-2024 22:42:13.316Z;functions.data_filter;  DATA FIM 02-07-2024
24-06-2024 22:42:13.316Z;functions.data_filter;  CLICK - SELECIONA A DATA DE QUARTA FEIRA E DA PROXIMA TERÇA
24-06-2024 22:42:13.316Z;functions.data_filter;  QUARTA-FEIRA: 26-06-2024
24-06-2024 22:42:13.316Z;functions.data_filter;  TERCA-FEIRA: 02-07-2024
24-06-2024 22:42:23.253Z;functions.data_filter;  CLICK - BOTAO DE SELECAO DE FILTRO
24-06-2024 22:42:28.019Z;functions.data_filter;  INSERE - DATA DE QUARTA-FEIRA: 26-06-2024
24-06-2024 22:42:32.457Z;functions.data_filter;  INSERE - DATA DA PROX TERCA-FEIRA: 02-07-2024
24-06-2024 22:42:33.628Z;functions.data_filter;  CLICK - BOTAO DE EXECUTAR O FILTRO
24-06-2024 22:42:38.632Z;functions.desmark_filter;  AGUARDANDO 1
24-06-2024 22:42:41.256Z;functions.desmark_filter;  CLICK CHECKBOX LANÇAMENTOS A RECEBER
24-06-2024 22:42:43.941Z;functions.desmark_filter;  CLICK CHECKBOX LANÇAMENTOS BAIXADOS
24-06-2024 22:42:47.003Z;functions.desmark_filter;  CLICK CHECKBOX LANÇAMENTOS CANCELADOS
24-06-2024 22:42:50.400Z;functions.desmark_filter;  CLICK CHECKBOX LANÇAMENTOS FATURADOS
24-06-2024 22:42:54.057Z;functions.desmark_filter;  CLICK CHECKBOX LANÇAMENTOS FATURADOS
24-06-2024 22:42:59.285Z;functions.waitForImage;  FILTER CLEAN image found.
24-06-2024 22:43:01.417Z;functions.filter_clean;  CLICA NO BOTÃO X DO LIMPA FILTRO
24-06-2024 22:43:16.722Z;functions.waitForImage;  FILTER CLEAN image not found.
24-06-2024 22:43:32.034Z;functions.waitForImage;  FILTER CLEAN image not found.
24-06-2024 22:43:33.441Z;functions.filter_forma_pagamento;  CLICA NA PRIMEIRA LINHA DA TABELA
24-06-2024 22:43:33.753Z;functions.filter_forma_pagamento;  CLICK NA PRIMEIRA LINHA E COLUNA DA TABELA
24-06-2024 22:43:50.075Z;functions.filter_forma_pagamento;  160 PASSOS PARA DIREITA NA TABELA >>
24-06-2024 22:43:57.628Z;functions.filter_forma_pagamento;  HOVER NOME DA COLUNA FORMA DE PAGAMENTO
24-06-2024 22:43:59.979Z;functions.filter_forma_pagamento;  CLICA PARA APARECER O FILTRO PERSONALIZAR
24-06-2024 22:44:03.318Z;functions.filter_forma_pagamento;  CLICA NO FILTRO PERSONALIZAR
24-06-2024 22:44:16.362Z;functions.filter_forma_pagamento;  Texto extraido 0/0
24-06-2024 22:44:16.362Z;functions.filter_forma_pagamento;  Count 0
24-06-2024 22:44:16.362Z;functions.filter_forma_pagamento;  Type <class 'int'>
24-06-2024 22:44:16.362Z;functions.filter_forma_pagamento;  SEM REGISTROS
24-06-2024 22:44:18.371Z;functions.check_table_record;  VERIFICANDO SE A TABELA ESTÁ VAZIA
24-06-2024 22:44:22.081Z;functions.check_table_record;  Texto extraido 0/0
24-06-2024 22:44:22.081Z;functions.check_table_record;  Count 0
24-06-2024 22:44:22.081Z;functions.check_table_record;  Type <class 'int'>
24-06-2024 22:44:22.081Z;functions.check_table_record;  SEM REGISTROS
24-06-2024 22:44:26.088Z;main.<module>;  SEM REMESSA DE TED CIP
24-06-2024 22:44:27.128Z;functions.enter_contas_a_pagar;  CLICK - TOTVS - LINHA RM
24-06-2024 22:44:28.722Z;functions.enter_contas_a_pagar;  CLICK - BACK OFFICE
24-06-2024 22:44:31.502Z;functions.enter_contas_a_pagar;  CLICK - GESTAO FINANCEIRA
24-06-2024 22:44:37.784Z;functions.enter_contas_a_pagar;  CLICK - CONTAS A PAGAR
24-06-2024 22:44:38.721Z;functions.waitForImage;  LANÇAMENTOS image found.
24-06-2024 22:44:40.856Z;functions.enter_contas_a_pagar;  CLICA EM LANÇAMENTOS
24-06-2024 22:44:56.176Z;functions.waitForImage;  LICENCAS EXCEDIDAS image not found.
24-06-2024 22:44:56.177Z;functions.obter_intervalo_data;  VERIFICANDO A HORA ATUAL 22
24-06-2024 22:44:56.184Z;functions.obter_intervalo_data;  Data Inicial BANCARIA antes da remoção: None
24-06-2024 22:44:56.185Z;functions.obter_intervalo_data;  Data Final BANCARIA antes da remoção: None
24-06-2024 22:44:56.191Z;functions.obter_intervalo_data;  Data Inicial BANCARIA após a remoção: None
24-06-2024 22:44:56.192Z;functions.obter_intervalo_data;  Data Final BANCARIA após a remoção: None
24-06-2024 22:44:56.192Z;functions.obter_intervalo_data;  hoje -  2024-06-24 22:44:56.192752
24-06-2024 22:44:56.192Z;functions.data_filter;  DATA INICIO 26-06-2024
24-06-2024 22:44:56.193Z;functions.data_filter;  DATA FIM 02-07-2024
24-06-2024 22:44:56.193Z;functions.data_filter;  CLICK - SELECIONA A DATA DE QUARTA FEIRA E DA PROXIMA TERÇA
24-06-2024 22:44:56.193Z;functions.data_filter;  QUARTA-FEIRA: 26-06-2024
24-06-2024 22:44:56.193Z;functions.data_filter;  TERCA-FEIRA: 02-07-2024
24-06-2024 22:45:06.315Z;functions.data_filter;  CLICK - BOTAO DE SELECAO DE FILTRO
24-06-2024 22:45:11.076Z;functions.data_filter;  INSERE - DATA DE QUARTA-FEIRA: 26-06-2024
24-06-2024 22:45:15.549Z;functions.data_filter;  INSERE - DATA DA PROX TERCA-FEIRA: 02-07-2024
24-06-2024 22:45:16.721Z;functions.data_filter;  CLICK - BOTAO DE EXECUTAR O FILTRO
24-06-2024 22:45:21.726Z;functions.desmark_filter;  AGUARDANDO 1
24-06-2024 22:45:24.284Z;functions.desmark_filter;  CLICK CHECKBOX LANÇAMENTOS A RECEBER
24-06-2024 22:45:27.127Z;functions.desmark_filter;  CLICK CHECKBOX LANÇAMENTOS BAIXADOS
24-06-2024 22:45:29.971Z;functions.desmark_filter;  CLICK CHECKBOX LANÇAMENTOS CANCELADOS
24-06-2024 22:45:33.158Z;functions.desmark_filter;  CLICK CHECKBOX LANÇAMENTOS FATURADOS
24-06-2024 22:45:36.315Z;functions.desmark_filter;  CLICK CHECKBOX LANÇAMENTOS FATURADOS
24-06-2024 22:45:41.533Z;functions.waitForImage;  FILTER CLEAN image found.
24-06-2024 22:45:43.644Z;functions.filter_clean;  CLICA NO BOTÃO X DO LIMPA FILTRO
24-06-2024 22:45:58.940Z;functions.waitForImage;  FILTER CLEAN image not found.
24-06-2024 22:46:14.252Z;functions.waitForImage;  FILTER CLEAN image not found.
24-06-2024 22:46:15.942Z;functions.filter_forma_pagamento_branco;  CLICK NA PRIMEIRA LINHA E COLUNA DA TABELA
24-06-2024 22:46:32.264Z;functions.filter_forma_pagamento_branco;  160 PASSOS PARA DIREITA NA TABELA >>
24-06-2024 22:46:39.205Z;functions.filter_forma_pagamento_branco;  HOVER NOME DA COLUNA FORMA DE PAGAMENTO
24-06-2024 22:46:41.478Z;functions.filter_forma_pagamento_branco;  CLICA PARA APARECER O FILTRO PERSONALIZAR
24-06-2024 22:46:44.811Z;functions.filter_forma_pagamento_branco;  CLICA NO FILTRO PERSONALIZAR
24-06-2024 22:46:53.971Z;functions.filter_forma_pagamento_branco;  Texto extraido 2/7
24-06-2024 22:46:53.971Z;functions.filter_forma_pagamento_branco;  Count 7
24-06-2024 22:46:53.971Z;functions.filter_forma_pagamento_branco;  Type <class 'int'>
24-06-2024 22:46:53.971Z;functions.filter_forma_pagamento_branco;  TABELA CONTÉM REGISTROS
24-06-2024 22:46:56.502Z;functions.filter_forma_pagamento_branco;  MOVIDO PRA CIMA 7 VEZES
24-06-2024 22:47:00.451Z;functions.check_table_record;  VERIFICANDO SE A TABELA ESTÁ VAZIA
24-06-2024 22:47:03.705Z;functions.check_table_record;  Texto extraido 1/7
24-06-2024 22:47:03.705Z;functions.check_table_record;  Count 7
24-06-2024 22:47:03.705Z;functions.check_table_record;  Type <class 'int'>
24-06-2024 22:47:03.705Z;functions.check_table_record;  TABELA CONTÉM REGISTROS
24-06-2024 22:47:03.705Z;functions.check_ted_branco;  VERIFICANDO O COD DO CLIENTE EM CADA REGISTRO
24-06-2024 22:47:05.346Z;functions.check_ted_branco;  CLICA NA PRIMEIRA LINHA DA TABELA
24-06-2024 22:47:09.452Z;functions.check_ted_branco;  REFERNCIA: 970504
24-06-2024 22:47:09.754Z;functions.check_ted_branco;  ENTRANDO NO REGISTRO 
24-06-2024 22:47:29.143Z;functions.waitForImage;  INTEGRAÇÃO BANCÁRIA image found.
24-06-2024 22:47:29.262Z;functions.check_ted_branco;  CLICA EM INTEGRAÇÃO BANCÁRIA
24-06-2024 22:47:29.262Z;functions.check_ted_branco;  VERIFICANDO INFORMAÇÕES
24-06-2024 22:47:29.477Z;functions.waitForImage;  TRES PONTINHOS image found.
24-06-2024 22:47:42.109Z;functions.check_ted_branco;  VERIFICANDO SE TEM PIX NO FILTRO
24-06-2024 22:47:42.314Z;functions.waitForImage;  CHECANDO DADOS BANCÁRIOS PIX image found.
24-06-2024 22:47:44.329Z;functions.check_ted_branco;  PIX NÃO ENCONTRADO PARA REFERENCIA: 970504
24-06-2024 22:47:48.041Z;functions.check_ted_branco;  APERTA EM CANCELAR
24-06-2024 22:47:48.252Z;functions.waitForImage;  PRESS BUTTON OK image found.
24-06-2024 22:47:50.387Z;functions.click_ok;  PRESS BUTTON OK
24-06-2024 22:48:02.627Z;functions.waitForImage;  ERROR GENERICO image not found.
24-06-2024 22:48:07.924Z;functions.waitForImage;  ERROR FILTRO PIX image not found.
24-06-2024 22:48:12.036Z;functions.check_ted_branco;  PASSANDO PARA PRÓXIMO REGISTRO
24-06-2024 22:48:16.141Z;functions.check_ted_branco;  REFERNCIA: 753543
24-06-2024 22:48:16.442Z;functions.check_ted_branco;  ENTRANDO NO REGISTRO 
24-06-2024 22:48:23.517Z;functions.waitForImage;  INTEGRAÇÃO BANCÁRIA image found.
24-06-2024 22:48:23.639Z;functions.check_ted_branco;  CLICA EM INTEGRAÇÃO BANCÁRIA
24-06-2024 22:48:23.639Z;functions.check_ted_branco;  VERIFICANDO INFORMAÇÕES
24-06-2024 22:48:24.564Z;functions.waitForImage;  TRES PONTINHOS image found.
24-06-2024 22:48:37.192Z;functions.check_ted_branco;  VERIFICANDO SE TEM PIX NO FILTRO
24-06-2024 22:48:37.408Z;functions.waitForImage;  CHECANDO DADOS BANCÁRIOS PIX image found.
24-06-2024 22:48:39.418Z;functions.check_ted_branco;  PIX NÃO ENCONTRADO PARA REFERENCIA: 753543
24-06-2024 22:48:43.131Z;functions.check_ted_branco;  APERTA EM CANCELAR
24-06-2024 22:48:43.345Z;functions.waitForImage;  PRESS BUTTON OK image found.
24-06-2024 22:48:45.480Z;functions.click_ok;  PRESS BUTTON OK
24-06-2024 22:48:57.783Z;functions.waitForImage;  ERROR GENERICO image not found.
24-06-2024 22:49:03.111Z;functions.waitForImage;  ERROR FILTRO PIX image not found.
24-06-2024 22:49:07.221Z;functions.check_ted_branco;  PASSANDO PARA PRÓXIMO REGISTRO
24-06-2024 22:49:11.325Z;functions.check_ted_branco;  REFERNCIA: 753542
24-06-2024 22:49:11.627Z;functions.check_ted_branco;  ENTRANDO NO REGISTRO 
24-06-2024 22:49:17.842Z;functions.waitForImage;  INTEGRAÇÃO BANCÁRIA image found.
24-06-2024 22:49:17.950Z;functions.check_ted_branco;  CLICA EM INTEGRAÇÃO BANCÁRIA
24-06-2024 22:49:17.950Z;functions.check_ted_branco;  VERIFICANDO INFORMAÇÕES
24-06-2024 22:49:18.861Z;functions.waitForImage;  TRES PONTINHOS image found.
24-06-2024 22:49:31.496Z;functions.check_ted_branco;  VERIFICANDO SE TEM PIX NO FILTRO
24-06-2024 22:49:31.720Z;functions.waitForImage;  CHECANDO DADOS BANCÁRIOS PIX image found.
24-06-2024 22:49:33.733Z;functions.check_ted_branco;  PIX NÃO ENCONTRADO PARA REFERENCIA: 753542
24-06-2024 22:49:37.446Z;functions.check_ted_branco;  APERTA EM CANCELAR
24-06-2024 22:49:37.673Z;functions.waitForImage;  PRESS BUTTON OK image found.
24-06-2024 22:49:39.791Z;functions.click_ok;  PRESS BUTTON OK
24-06-2024 22:49:52.064Z;functions.waitForImage;  ERROR GENERICO image not found.
24-06-2024 22:49:57.392Z;functions.waitForImage;  ERROR FILTRO PIX image not found.
24-06-2024 22:50:01.496Z;functions.check_ted_branco;  PASSANDO PARA PRÓXIMO REGISTRO
24-06-2024 22:50:05.601Z;functions.check_ted_branco;  REFERNCIA: 753665
24-06-2024 22:50:05.903Z;functions.check_ted_branco;  ENTRANDO NO REGISTRO 
24-06-2024 22:50:13.642Z;functions.waitForImage;  INTEGRAÇÃO BANCÁRIA image found.
24-06-2024 22:50:13.760Z;functions.check_ted_branco;  CLICA EM INTEGRAÇÃO BANCÁRIA
24-06-2024 22:50:13.760Z;functions.check_ted_branco;  VERIFICANDO INFORMAÇÕES
24-06-2024 22:50:14.688Z;functions.waitForImage;  TRES PONTINHOS image found.
24-06-2024 22:50:27.324Z;functions.check_ted_branco;  VERIFICANDO SE TEM PIX NO FILTRO
24-06-2024 22:50:27.532Z;functions.waitForImage;  CHECANDO DADOS BANCÁRIOS PIX image found.
24-06-2024 22:50:29.541Z;functions.check_ted_branco;  PIX NÃO ENCONTRADO PARA REFERENCIA: 753665
24-06-2024 22:50:33.255Z;functions.check_ted_branco;  APERTA EM CANCELAR
24-06-2024 22:50:33.470Z;functions.waitForImage;  PRESS BUTTON OK image found.
24-06-2024 22:50:35.604Z;functions.click_ok;  PRESS BUTTON OK
24-06-2024 22:50:47.876Z;functions.waitForImage;  ERROR GENERICO image not found.
24-06-2024 22:50:53.173Z;functions.waitForImage;  ERROR FILTRO PIX image not found.
24-06-2024 22:50:57.285Z;functions.check_ted_branco;  PASSANDO PARA PRÓXIMO REGISTRO
24-06-2024 22:51:01.389Z;functions.check_ted_branco;  REFERNCIA: 753666
24-06-2024 22:51:01.691Z;functions.check_ted_branco;  ENTRANDO NO REGISTRO 
24-06-2024 22:51:08.719Z;functions.waitForImage;  INTEGRAÇÃO BANCÁRIA image found.
24-06-2024 22:51:08.854Z;functions.check_ted_branco;  CLICA EM INTEGRAÇÃO BANCÁRIA
24-06-2024 22:51:08.854Z;functions.check_ted_branco;  VERIFICANDO INFORMAÇÕES
24-06-2024 22:51:09.782Z;functions.waitForImage;  TRES PONTINHOS image found.
24-06-2024 22:51:22.416Z;functions.check_ted_branco;  VERIFICANDO SE TEM PIX NO FILTRO
24-06-2024 22:51:22.626Z;functions.waitForImage;  CHECANDO DADOS BANCÁRIOS PIX image found.
24-06-2024 22:51:24.633Z;functions.check_ted_branco;  PIX NÃO ENCONTRADO PARA REFERENCIA: 753666
24-06-2024 22:51:28.347Z;functions.check_ted_branco;  APERTA EM CANCELAR
24-06-2024 22:51:28.548Z;functions.waitForImage;  PRESS BUTTON OK image found.
24-06-2024 22:51:30.664Z;functions.click_ok;  PRESS BUTTON OK
24-06-2024 22:51:42.938Z;functions.waitForImage;  ERROR GENERICO image not found.
24-06-2024 22:51:48.235Z;functions.waitForImage;  ERROR FILTRO PIX image not found.
24-06-2024 22:51:52.343Z;functions.check_ted_branco;  PASSANDO PARA PRÓXIMO REGISTRO
24-06-2024 22:51:56.448Z;functions.check_ted_branco;  REFERNCIA: 753606
24-06-2024 22:51:56.749Z;functions.check_ted_branco;  ENTRANDO NO REGISTRO 
24-06-2024 22:52:03.672Z;functions.waitForImage;  INTEGRAÇÃO BANCÁRIA image found.
24-06-2024 22:52:03.790Z;functions.check_ted_branco;  CLICA EM INTEGRAÇÃO BANCÁRIA
24-06-2024 22:52:03.790Z;functions.check_ted_branco;  VERIFICANDO INFORMAÇÕES
24-06-2024 22:52:04.719Z;functions.waitForImage;  TRES PONTINHOS image found.
24-06-2024 22:52:17.349Z;functions.check_ted_branco;  VERIFICANDO SE TEM PIX NO FILTRO
24-06-2024 22:52:17.563Z;functions.waitForImage;  CHECANDO DADOS BANCÁRIOS PIX image found.
24-06-2024 22:52:19.571Z;functions.check_ted_branco;  PIX NÃO ENCONTRADO PARA REFERENCIA: 753606
24-06-2024 22:52:23.283Z;functions.check_ted_branco;  APERTA EM CANCELAR
24-06-2024 22:52:23.485Z;functions.waitForImage;  PRESS BUTTON OK image found.
24-06-2024 22:52:25.605Z;functions.click_ok;  PRESS BUTTON OK
24-06-2024 22:52:37.875Z;functions.waitForImage;  ERROR GENERICO image not found.
24-06-2024 22:52:43.172Z;functions.waitForImage;  ERROR FILTRO PIX image not found.
24-06-2024 22:52:47.281Z;functions.check_ted_branco;  PASSANDO PARA PRÓXIMO REGISTRO
24-06-2024 22:52:51.385Z;functions.check_ted_branco;  REFERNCIA: 753605
24-06-2024 22:52:51.687Z;functions.check_ted_branco;  ENTRANDO NO REGISTRO 
24-06-2024 22:52:58.719Z;functions.waitForImage;  INTEGRAÇÃO BANCÁRIA image found.
24-06-2024 22:52:58.854Z;functions.check_ted_branco;  CLICA EM INTEGRAÇÃO BANCÁRIA
24-06-2024 22:52:58.854Z;functions.check_ted_branco;  VERIFICANDO INFORMAÇÕES
24-06-2024 22:52:59.735Z;functions.waitForImage;  TRES PONTINHOS image found.
24-06-2024 22:53:12.374Z;functions.check_ted_branco;  VERIFICANDO SE TEM PIX NO FILTRO
24-06-2024 22:53:12.594Z;functions.waitForImage;  CHECANDO DADOS BANCÁRIOS PIX image found.
24-06-2024 22:53:14.606Z;functions.check_ted_branco;  PIX NÃO ENCONTRADO PARA REFERENCIA: 753605
24-06-2024 22:53:18.320Z;functions.check_ted_branco;  APERTA EM CANCELAR
24-06-2024 22:53:18.531Z;functions.waitForImage;  PRESS BUTTON OK image found.
24-06-2024 22:53:20.667Z;functions.click_ok;  PRESS BUTTON OK
24-06-2024 22:53:32.938Z;functions.waitForImage;  ERROR GENERICO image not found.
24-06-2024 22:53:38.219Z;functions.waitForImage;  ERROR FILTRO PIX image not found.
24-06-2024 22:53:38.219Z;functions.check_ted_branco;  FORAI VERIFICADO: 7 REFERENCIAS NO PROCESSAMENTO FORMA DE PAGAMENTO ELETRONICA EM BRANCO
24-06-2024 22:53:41.406Z;errorhandler.__handle;  Property: Unknown Property name. [1:203: -ms-interpolation-mode]
24-06-2024 22:53:41.453Z;errorhandler.__handle;  Property: Unknown Property name. [1:353: -webkit-font-smoothing]
24-06-2024 22:53:41.469Z;errorhandler.__handle;  Property: Unknown Property name. [1:483: -ms-text-size-adjust]
24-06-2024 22:53:41.469Z;errorhandler.__handle;  Property: Unknown Property name. [1:518: -webkit-text-size-adjust]
24-06-2024 22:53:41.469Z;errorhandler.__handle;  Property: Unknown Property name. [1:612: mso-table-lspace]
24-06-2024 22:53:41.469Z;errorhandler.__handle;  Property: Unknown Property name. [1:642: mso-table-rspace]
24-06-2024 22:53:41.703Z;errorhandler.__handle;  Property: Unknown Property name. [1:4734: mso-hide]
24-06-2024 22:53:41.797Z;errorhandler.__handle;  Property: Unknown Property name. [1:13: -ms-interpolation-mode]
24-06-2024 22:53:41.797Z;errorhandler.__handle;  Property: Unknown Property name. [1:49: -webkit-font-smoothing]
24-06-2024 22:53:41.797Z;errorhandler.__handle;  Property: Unknown Property name. [1:134: -ms-text-size-adjust]
24-06-2024 22:53:41.797Z;errorhandler.__handle;  Property: Unknown Property name. [1:160: -webkit-text-size-adjust]
24-06-2024 22:53:41.797Z;errorhandler.__handle;  Property: Unknown Property name. [1:26: mso-table-lspace]
24-06-2024 22:53:41.797Z;errorhandler.__handle;  Property: Unknown Property name. [1:45: mso-table-rspace]
24-06-2024 22:53:41.828Z;errorhandler.__handle;  Property: Unknown Property name. [1:92: mso-hide]
24-06-2024 22:53:41.828Z;errorhandler.__handle;  Property: No ":" after name found: align-center [1:1: align-center]
24-06-2024 22:53:41.844Z;errorhandler.__handle;  Property: No property value found: align-center [1:1: align-center]
24-06-2024 22:53:41.844Z;errorhandler.__handle;  CSSStyleDeclaration: Syntax Error in Property: align-center
24-06-2024 22:53:41.844Z;errorhandler.__handle;  Property: Unknown Property name. [1:14: -ms-interpolation-mode]
24-06-2024 22:53:44.900Z;functions.emailFinalizado;  Warning e-mail sent.
24-06-2024 22:53:44.900Z;main.<module>;  Remessa Bancária TED CIP com filtro de pagamento eletronica em branco modificadas para pix 
 PASSO 3 FINALIZADO
24-06-2024 22:53:44.900Z;main.<module>;  O PROGRAMA SERÁ ENCERRADO
24-06-2024 22:53:46.328Z;errorhandler.__handle;  Property: Unknown Property name. [1:14: -ms-interpolation-mode]
24-06-2024 22:53:49.438Z;functions.emailFinalizado;  Warning e-mail sent.
24-06-2024 22:53:49.734Z;functions.end_RM;  RM ENCERRADO
