09-02-2024 17:28:57.790Z;teste.<module>;  VERIFICANDO O COD DO CLIENTE EM CADA REGISTRO
09-02-2024 17:29:01.708Z;teste.<module>;  CLICA NA PRIMEIRA LINHA DA TABELA
09-02-2024 17:29:03.410Z;teste.<module>;  ENTRANDO NO REGISTRO
09-02-2024 17:29:06.660Z;functions.waitForImage;  INTEGRAÇÃO BANCÁRIA image found.
09-02-2024 17:29:06.775Z;teste.<module>;  CLICA EM INTEGRAÇÃO BANCÁRIA
09-02-2024 17:29:06.775Z;teste.<module>;  VERIFICANDO INFORMAÇÕES
09-02-2024 17:29:07.602Z;functions.waitForImage;  TRES PONTINHOS image found.
09-02-2024 17:29:18.115Z;teste.<module>;  VERIFICANDO SE TEM PIX NO FILTRO
09-02-2024 17:29:18.273Z;functions.waitForImage;  CHECANDO DADOS BANCÁRIOS PIX image found.
09-02-2024 17:29:20.274Z;teste.<module>;  PIX NÃO ENCONTRADO PARA REFERENCIA: 722360
09-02-2024 17:29:24.102Z;functions.waitForImage;  PRESS BUTTON OK image found.
09-02-2024 17:29:26.211Z;teste.<module>;  PRESS BUTTON OK
09-02-2024 17:29:38.406Z;functions.waitForImage;  PRESS BUTTON OK 2 image not found.
09-02-2024 17:29:40.109Z;teste.<module>;  ENTRANDO NO REGISTRO
09-02-2024 17:29:43.359Z;functions.waitForImage;  INTEGRAÇÃO BANCÁRIA image found.
09-02-2024 17:29:43.461Z;teste.<module>;  CLICA EM INTEGRAÇÃO BANCÁRIA
09-02-2024 17:29:43.461Z;teste.<module>;  VERIFICANDO INFORMAÇÕES
09-02-2024 17:29:44.289Z;functions.waitForImage;  TRES PONTINHOS image found.
09-02-2024 17:29:54.795Z;teste.<module>;  VERIFICANDO SE TEM PIX NO FILTRO
09-02-2024 17:29:55.027Z;functions.waitForImage;  CHECANDO DADOS BANCÁRIOS PIX image found.
09-02-2024 17:29:57.029Z;teste.<module>;  PIX NÃO ENCONTRADO PARA REFERENCIA: 722360
09-02-2024 17:30:00.878Z;functions.waitForImage;  PRESS BUTTON OK image found.
09-02-2024 17:30:03.021Z;teste.<module>;  PRESS BUTTON OK
