09-02-2024 18:05:16.883Z;teste.<module>;  ENTRANDO NO REGISTRO 
09-02-2024 18:05:20.134Z;functions.waitForImage;  INTEGRAÇÃO BANCÁRIA image found.
09-02-2024 18:05:20.261Z;teste.<module>;  CLICA EM INTEGRAÇÃO BANCÁRIA
09-02-2024 18:05:20.261Z;teste.<module>;  VERIFICANDO INFORMAÇÕES
09-02-2024 18:05:21.024Z;functions.waitForImage;  TRES PONTINHOS image found.
09-02-2024 18:05:31.532Z;teste.<module>;  VERIFICANDO SE TEM PIX NO FILTRO
09-02-2024 18:05:31.689Z;functions.waitForImage;  CHECANDO DADOS BANCÁRIOS PIX image found.
09-02-2024 18:05:33.690Z;teste.<module>;  PIX NÃO ENCONTRADO PARA REFERENCIA: 916011
09-02-2024 18:05:37.518Z;functions.waitForImage;  PRESS BUTTON OK image found.
09-02-2024 18:05:39.635Z;teste.<module>;  PRESS BUTTON OK
09-02-2024 18:05:43.770Z;teste.<module>;  PASSANDO PARA PRÓXIMO REGISTRO
09-02-2024 18:05:45.472Z;teste.<module>;  ENTRANDO NO REGISTRO 
09-02-2024 18:05:48.716Z;functions.waitForImage;  INTEGRAÇÃO BANCÁRIA image found.
09-02-2024 18:05:48.823Z;teste.<module>;  CLICA EM INTEGRAÇÃO BANCÁRIA
09-02-2024 18:05:48.824Z;teste.<module>;  VERIFICANDO INFORMAÇÕES
09-02-2024 18:05:49.587Z;functions.waitForImage;  TRES PONTINHOS image found.
09-02-2024 18:06:00.093Z;teste.<module>;  VERIFICANDO SE TEM PIX NO FILTRO
09-02-2024 18:06:00.263Z;functions.waitForImage;  CHECANDO DADOS BANCÁRIOS PIX image found.
09-02-2024 18:06:02.264Z;teste.<module>;  PIX NÃO ENCONTRADO PARA REFERENCIA: 916012
09-02-2024 18:06:06.113Z;functions.waitForImage;  PRESS BUTTON OK image found.
09-02-2024 18:06:08.229Z;teste.<module>;  PRESS BUTTON OK
09-02-2024 18:06:12.366Z;teste.<module>;  PASSANDO PARA PRÓXIMO REGISTRO
09-02-2024 18:06:14.068Z;teste.<module>;  ENTRANDO NO REGISTRO 
09-02-2024 18:06:17.314Z;functions.waitForImage;  INTEGRAÇÃO BANCÁRIA image found.
09-02-2024 18:06:17.448Z;teste.<module>;  CLICA EM INTEGRAÇÃO BANCÁRIA
09-02-2024 18:06:17.449Z;teste.<module>;  VERIFICANDO INFORMAÇÕES
09-02-2024 18:06:18.203Z;functions.waitForImage;  TRES PONTINHOS image found.
09-02-2024 18:06:28.711Z;teste.<module>;  VERIFICANDO SE TEM PIX NO FILTRO
09-02-2024 18:06:28.843Z;functions.waitForImage;  CHECANDO DADOS BANCÁRIOS PIX image found.
09-02-2024 18:06:30.845Z;teste.<module>;  PIX NÃO ENCONTRADO PARA REFERENCIA: 916013
09-02-2024 18:06:34.673Z;functions.waitForImage;  PRESS BUTTON OK image found.
09-02-2024 18:06:36.792Z;teste.<module>;  PRESS BUTTON OK
09-02-2024 18:06:40.907Z;teste.<module>;  PASSANDO PARA PRÓXIMO REGISTRO
09-02-2024 18:06:42.609Z;teste.<module>;  ENTRANDO NO REGISTRO 
09-02-2024 18:06:45.840Z;functions.waitForImage;  INTEGRAÇÃO BANCÁRIA image found.
09-02-2024 18:06:45.947Z;teste.<module>;  CLICA EM INTEGRAÇÃO BANCÁRIA
09-02-2024 18:06:45.947Z;teste.<module>;  VERIFICANDO INFORMAÇÕES
09-02-2024 18:06:46.709Z;functions.waitForImage;  TRES PONTINHOS image found.
09-02-2024 18:06:57.220Z;teste.<module>;  VERIFICANDO SE TEM PIX NO FILTRO
09-02-2024 18:06:57.379Z;functions.waitForImage;  CHECANDO DADOS BANCÁRIOS PIX image found.
09-02-2024 18:06:59.380Z;teste.<module>;  PIX NÃO ENCONTRADO PARA REFERENCIA: 916014
09-02-2024 18:07:03.205Z;functions.waitForImage;  PRESS BUTTON OK image found.
09-02-2024 18:07:05.324Z;teste.<module>;  PRESS BUTTON OK
09-02-2024 18:07:09.458Z;teste.<module>;  PASSANDO PARA PRÓXIMO REGISTRO
