09-02-2024 19:05:39.522Z;teste.check_ted_register;  rows_int check_ted_register(): 5
09-02-2024 19:05:48.725Z;teste.check_ted_register;  3 PASSOS PARA DIREITA >>
09-02-2024 19:05:48.826Z;teste.check_ted_register;  3 PASSOS PARA DIREITA >>
09-02-2024 19:05:48.927Z;teste.check_ted_register;  3 PASSOS PARA DIREITA >>
09-02-2024 19:05:58.029Z;teste.check_ted_register;  REFERENCIA LANÇAMENTO: 916665
09-02-2024 19:05:58.029Z;teste.check_ted_register;  CLIENTE: T00001
09-02-2024 19:05:58.131Z;teste.check_ted_register;  3 PASSOS PARA ESQUERDA <<
09-02-2024 19:05:58.232Z;teste.check_ted_register;  3 PASSOS PARA ESQUERDA <<
09-02-2024 19:05:58.333Z;teste.check_ted_register;  3 PASSOS PARA ESQUERDA <<
09-02-2024 19:06:00.333Z;teste.check_ted_register;  CLIENTE NÃO CONTIDO NA LISTA O LANÇAMENTO SERÁ MODIFICADO PARA PIX
09-02-2024 19:06:05.567Z;functions.waitForImage;  INTEGRAÇÃO BANCÁRIA image found.
09-02-2024 19:06:07.701Z;teste.check_ted_register;  CLICA EM INTEGRAÇÃO BANCÁRIA
09-02-2024 19:06:07.702Z;teste.check_ted_register;  VERIFICANDO INFORMAÇÕES
09-02-2024 19:06:12.830Z;functions.waitForImage;  DADOS BANCARIOS image found.
09-02-2024 19:06:12.950Z;teste.check_ted_register;  CLICK EM DADOS BANCARIOS
09-02-2024 19:06:17.951Z;teste.check_ted_register;  ENTROU DADOS BANCÁRIOS
09-02-2024 19:06:18.052Z;teste.check_ted_register;  APERTA TAB
09-02-2024 19:06:20.152Z;teste.check_ted_register;  CLICOU ctrl+c
09-02-2024 19:06:21.255Z;teste.check_ted_register;  DIGITOU PIX
09-02-2024 19:06:21.356Z;teste.check_ted_register;  TAB CLICADO 0
09-02-2024 19:06:21.457Z;teste.check_ted_register;  TAB CLICADO 1
09-02-2024 19:06:21.559Z;teste.check_ted_register;  TAB CLICADO 2
09-02-2024 19:06:21.660Z;teste.check_ted_register;  TAB CLICADO 3
09-02-2024 19:06:21.761Z;teste.check_ted_register;  DOWN CLIACADO 0
09-02-2024 19:06:21.862Z;teste.check_ted_register;  DOWN CLIACADO 1
09-02-2024 19:06:21.963Z;teste.check_ted_register;  DOWN CLIACADO 2
09-02-2024 19:06:22.064Z;teste.check_ted_register;  DOWN CLIACADO 3
09-02-2024 19:06:22.165Z;teste.check_ted_register;  DOWN CLIACADO 4
09-02-2024 19:06:22.267Z;teste.check_ted_register;  DOWN CLIACADO 5
09-02-2024 19:06:22.368Z;teste.check_ted_register;  DOWN CLIACADO 6
09-02-2024 19:06:22.469Z;teste.check_ted_register;  DOWN CLIACADO 7
09-02-2024 19:06:22.570Z;teste.check_ted_register;  DOWN CLIACADO 8
09-02-2024 19:06:22.671Z;teste.check_ted_register;  DOWN CLIACADO 9
09-02-2024 19:06:22.772Z;teste.check_ted_register;  DOWN CLIACADO 10
09-02-2024 19:06:22.873Z;teste.check_ted_register;  DOWN CLIACADO 11
09-02-2024 19:06:22.975Z;teste.check_ted_register;  DOWN CLIACADO 12
09-02-2024 19:06:23.076Z;teste.check_ted_register;  DOWN CLIACADO 13
09-02-2024 19:06:23.177Z;teste.check_ted_register;  DOWN CLIACADO 14
09-02-2024 19:06:23.278Z;teste.check_ted_register;  DOWN CLIACADO 15
09-02-2024 19:06:23.379Z;teste.check_ted_register;  DOWN CLIACADO 16
09-02-2024 19:06:23.480Z;teste.check_ted_register;  DOWN CLIACADO 17
09-02-2024 19:06:23.581Z;teste.check_ted_register;  DOWN CLIACADO 18
09-02-2024 19:06:23.683Z;teste.check_ted_register;  DOWN CLIACADO 19
09-02-2024 19:06:23.784Z;teste.check_ted_register;  DOWN CLIACADO 20
09-02-2024 19:06:30.885Z;teste.check_ted_register;  RETIRANDO A REFERENCIA: 916665 DO PROCESSAMENTO TED CIP TRANSFORMANDO PARA PIX
09-02-2024 19:06:32.986Z;teste.check_ted_register;  SELECIONA A REFERENCIA: 916665
09-02-2024 19:06:35.088Z;teste.check_ted_register;  PASSANDO PARA PRÓXIMO REGISTRO
09-02-2024 19:06:46.290Z;teste.check_ted_register;  3 PASSOS PARA DIREITA >>
09-02-2024 19:06:46.392Z;teste.check_ted_register;  3 PASSOS PARA DIREITA >>
09-02-2024 19:06:46.493Z;teste.check_ted_register;  3 PASSOS PARA DIREITA >>
09-02-2024 19:06:55.595Z;teste.check_ted_register;  REFERENCIA LANÇAMENTO: 914379
09-02-2024 19:06:55.595Z;teste.check_ted_register;  CLIENTE: 004787
09-02-2024 19:06:55.696Z;teste.check_ted_register;  3 PASSOS PARA ESQUERDA <<
09-02-2024 19:06:55.797Z;teste.check_ted_register;  3 PASSOS PARA ESQUERDA <<
09-02-2024 19:06:55.898Z;teste.check_ted_register;  3 PASSOS PARA ESQUERDA <<
09-02-2024 19:06:57.899Z;teste.check_ted_register;  CLIENTE NÃO CONTIDO NA LISTA O LANÇAMENTO SERÁ MODIFICADO PARA PIX
09-02-2024 19:07:03.130Z;functions.waitForImage;  INTEGRAÇÃO BANCÁRIA image found.
09-02-2024 19:07:05.263Z;teste.check_ted_register;  CLICA EM INTEGRAÇÃO BANCÁRIA
09-02-2024 19:07:05.263Z;teste.check_ted_register;  VERIFICANDO INFORMAÇÕES
09-02-2024 19:07:10.395Z;functions.waitForImage;  DADOS BANCARIOS image found.
09-02-2024 19:07:10.512Z;teste.check_ted_register;  CLICK EM DADOS BANCARIOS
09-02-2024 19:07:15.512Z;teste.check_ted_register;  ENTROU DADOS BANCÁRIOS
09-02-2024 19:07:15.613Z;teste.check_ted_register;  APERTA TAB
09-02-2024 19:07:17.714Z;teste.check_ted_register;  CLICOU ctrl+c
09-02-2024 19:07:18.817Z;teste.check_ted_register;  DIGITOU PIX
09-02-2024 19:07:18.918Z;teste.check_ted_register;  TAB CLICADO 0
09-02-2024 19:07:19.019Z;teste.check_ted_register;  TAB CLICADO 1
09-02-2024 19:07:19.120Z;teste.check_ted_register;  TAB CLICADO 2
09-02-2024 19:07:19.221Z;teste.check_ted_register;  TAB CLICADO 3
09-02-2024 19:07:19.322Z;teste.check_ted_register;  DOWN CLIACADO 0
09-02-2024 19:07:19.423Z;teste.check_ted_register;  DOWN CLIACADO 1
09-02-2024 19:07:19.524Z;teste.check_ted_register;  DOWN CLIACADO 2
09-02-2024 19:07:19.625Z;teste.check_ted_register;  DOWN CLIACADO 3
09-02-2024 19:07:19.726Z;teste.check_ted_register;  DOWN CLIACADO 4
09-02-2024 19:07:19.827Z;teste.check_ted_register;  DOWN CLIACADO 5
09-02-2024 19:07:19.929Z;teste.check_ted_register;  DOWN CLIACADO 6
09-02-2024 19:07:20.030Z;teste.check_ted_register;  DOWN CLIACADO 7
09-02-2024 19:07:20.132Z;teste.check_ted_register;  DOWN CLIACADO 8
09-02-2024 19:07:20.233Z;teste.check_ted_register;  DOWN CLIACADO 9
09-02-2024 19:07:20.334Z;teste.check_ted_register;  DOWN CLIACADO 10
09-02-2024 19:07:20.436Z;teste.check_ted_register;  DOWN CLIACADO 11
09-02-2024 19:07:20.537Z;teste.check_ted_register;  DOWN CLIACADO 12
09-02-2024 19:07:20.638Z;teste.check_ted_register;  DOWN CLIACADO 13
09-02-2024 19:07:20.739Z;teste.check_ted_register;  DOWN CLIACADO 14
09-02-2024 19:07:20.841Z;teste.check_ted_register;  DOWN CLIACADO 15
09-02-2024 19:07:20.942Z;teste.check_ted_register;  DOWN CLIACADO 16
09-02-2024 19:07:21.043Z;teste.check_ted_register;  DOWN CLIACADO 17
09-02-2024 19:07:21.144Z;teste.check_ted_register;  DOWN CLIACADO 18
09-02-2024 19:07:21.245Z;teste.check_ted_register;  DOWN CLIACADO 19
09-02-2024 19:07:21.346Z;teste.check_ted_register;  DOWN CLIACADO 20
09-02-2024 19:07:28.447Z;teste.check_ted_register;  RETIRANDO A REFERENCIA: 914379 DO PROCESSAMENTO TED CIP TRANSFORMANDO PARA PIX
09-02-2024 19:07:30.548Z;teste.check_ted_register;  SELECIONA A REFERENCIA: 914379
09-02-2024 19:07:32.649Z;teste.check_ted_register;  PASSANDO PARA PRÓXIMO REGISTRO
09-02-2024 19:07:43.851Z;teste.check_ted_register;  3 PASSOS PARA DIREITA >>
09-02-2024 19:07:43.953Z;teste.check_ted_register;  3 PASSOS PARA DIREITA >>
09-02-2024 19:07:44.054Z;teste.check_ted_register;  3 PASSOS PARA DIREITA >>
09-02-2024 19:07:53.155Z;teste.check_ted_register;  REFERENCIA LANÇAMENTO: 888936
09-02-2024 19:07:53.155Z;teste.check_ted_register;  CLIENTE: 004787
09-02-2024 19:07:53.257Z;teste.check_ted_register;  3 PASSOS PARA ESQUERDA <<
09-02-2024 19:07:53.358Z;teste.check_ted_register;  3 PASSOS PARA ESQUERDA <<
09-02-2024 19:07:53.459Z;teste.check_ted_register;  3 PASSOS PARA ESQUERDA <<
09-02-2024 19:07:55.460Z;teste.check_ted_register;  CLIENTE NÃO CONTIDO NA LISTA O LANÇAMENTO SERÁ MODIFICADO PARA PIX
09-02-2024 19:08:00.693Z;functions.waitForImage;  INTEGRAÇÃO BANCÁRIA image found.
09-02-2024 19:08:02.826Z;teste.check_ted_register;  CLICA EM INTEGRAÇÃO BANCÁRIA
09-02-2024 19:08:02.826Z;teste.check_ted_register;  VERIFICANDO INFORMAÇÕES
09-02-2024 19:08:07.955Z;functions.waitForImage;  DADOS BANCARIOS image found.
09-02-2024 19:08:08.074Z;teste.check_ted_register;  CLICK EM DADOS BANCARIOS
09-02-2024 19:08:13.075Z;teste.check_ted_register;  ENTROU DADOS BANCÁRIOS
09-02-2024 19:08:13.176Z;teste.check_ted_register;  APERTA TAB
09-02-2024 19:08:15.278Z;teste.check_ted_register;  CLICOU ctrl+c
09-02-2024 19:08:16.380Z;teste.check_ted_register;  DIGITOU PIX
09-02-2024 19:08:16.481Z;teste.check_ted_register;  TAB CLICADO 0
09-02-2024 19:08:16.582Z;teste.check_ted_register;  TAB CLICADO 1
09-02-2024 19:08:16.683Z;teste.check_ted_register;  TAB CLICADO 2
09-02-2024 19:08:16.784Z;teste.check_ted_register;  TAB CLICADO 3
09-02-2024 19:08:16.885Z;teste.check_ted_register;  DOWN CLIACADO 0
09-02-2024 19:08:16.986Z;teste.check_ted_register;  DOWN CLIACADO 1
09-02-2024 19:08:17.087Z;teste.check_ted_register;  DOWN CLIACADO 2
09-02-2024 19:08:17.188Z;teste.check_ted_register;  DOWN CLIACADO 3
09-02-2024 19:08:17.289Z;teste.check_ted_register;  DOWN CLIACADO 4
09-02-2024 19:08:17.390Z;teste.check_ted_register;  DOWN CLIACADO 5
09-02-2024 19:08:17.491Z;teste.check_ted_register;  DOWN CLIACADO 6
09-02-2024 19:08:17.592Z;teste.check_ted_register;  DOWN CLIACADO 7
09-02-2024 19:08:17.694Z;teste.check_ted_register;  DOWN CLIACADO 8
09-02-2024 19:08:17.796Z;teste.check_ted_register;  DOWN CLIACADO 9
09-02-2024 19:08:17.896Z;teste.check_ted_register;  DOWN CLIACADO 10
09-02-2024 19:08:17.997Z;teste.check_ted_register;  DOWN CLIACADO 11
09-02-2024 19:08:18.099Z;teste.check_ted_register;  DOWN CLIACADO 12
09-02-2024 19:08:18.200Z;teste.check_ted_register;  DOWN CLIACADO 13
09-02-2024 19:08:18.301Z;teste.check_ted_register;  DOWN CLIACADO 14
09-02-2024 19:08:18.402Z;teste.check_ted_register;  DOWN CLIACADO 15
09-02-2024 19:08:18.503Z;teste.check_ted_register;  DOWN CLIACADO 16
09-02-2024 19:08:18.604Z;teste.check_ted_register;  DOWN CLIACADO 17
09-02-2024 19:08:18.705Z;teste.check_ted_register;  DOWN CLIACADO 18
09-02-2024 19:08:18.806Z;teste.check_ted_register;  DOWN CLIACADO 19
09-02-2024 19:08:18.907Z;teste.check_ted_register;  DOWN CLIACADO 20
09-02-2024 19:08:26.008Z;teste.check_ted_register;  RETIRANDO A REFERENCIA: 888936 DO PROCESSAMENTO TED CIP TRANSFORMANDO PARA PIX
09-02-2024 19:08:28.110Z;teste.check_ted_register;  SELECIONA A REFERENCIA: 888936
09-02-2024 19:08:30.211Z;teste.check_ted_register;  PASSANDO PARA PRÓXIMO REGISTRO
09-02-2024 19:08:41.414Z;teste.check_ted_register;  3 PASSOS PARA DIREITA >>
09-02-2024 19:08:41.515Z;teste.check_ted_register;  3 PASSOS PARA DIREITA >>
09-02-2024 19:08:41.616Z;teste.check_ted_register;  3 PASSOS PARA DIREITA >>
09-02-2024 19:08:50.719Z;teste.check_ted_register;  REFERENCIA LANÇAMENTO: SEM INFORMAÇÕES DO BOLETO
09-02-2024 19:08:50.719Z;teste.check_ted_register;  CLIENTE: SEM INFORMAÇÕES DO BOLETO
09-02-2024 19:08:50.821Z;teste.check_ted_register;  3 PASSOS PARA ESQUERDA <<
09-02-2024 19:08:50.923Z;teste.check_ted_register;  3 PASSOS PARA ESQUERDA <<
09-02-2024 19:08:51.024Z;teste.check_ted_register;  3 PASSOS PARA ESQUERDA <<
09-02-2024 19:08:53.025Z;teste.check_ted_register;  CLIENTE NÃO CONTIDO NA LISTA O LANÇAMENTO SERÁ MODIFICADO PARA PIX
09-02-2024 19:09:02.812Z;functions.waitForImage;  INTEGRAÇÃO BANCÁRIA image found.
09-02-2024 19:09:04.917Z;teste.check_ted_register;  CLICA EM INTEGRAÇÃO BANCÁRIA
09-02-2024 19:09:04.918Z;teste.check_ted_register;  VERIFICANDO INFORMAÇÕES
