27-03-2024 21:12:59.801Z;functions.bot_text_art;      ____   
27-03-2024 21:12:59.817Z;functions.bot_text_art;     [____]    
27-03-2024 21:12:59.817Z;functions.bot_text_art;   |=]()()[=|  
27-03-2024 21:12:59.817Z;functions.bot_text_art;     _\==/__    _____    ____     _        _____    ___   _  __
27-03-2024 21:12:59.817Z;functions.bot_text_art;   |__|   |_|  |  _  \  / ___|   | |      |_   _| / ___| | |/ /
27-03-2024 21:12:59.817Z;functions.bot_text_art;   |_|_/\_|_|  | |  | | | |      | |        | |   | |    | ' / 
27-03-2024 21:12:59.817Z;functions.bot_text_art;   | | __ | |  | |  | | | |      | |        | |   | |    |  <  
27-03-2024 21:12:59.817Z;functions.bot_text_art;   |_|[  ]|_|  | |__| | | |____  | |____   _| |_  | |__  | . \ 
27-03-2024 21:12:59.833Z;functions.bot_text_art;   \_|_||_|_/  |_____/   \_____| |______| |_____| \ ___| |_|\_\
27-03-2024 21:12:59.833Z;functions.bot_text_art;     |_||_|                                                     
27-03-2024 21:12:59.833Z;functions.bot_text_art;     | ||_|_   
27-03-2024 21:12:59.833Z;functions.bot_text_art;   |___||___|  
27-03-2024 21:12:59.833Z;functions.bot_text_art;               
27-03-2024 21:12:59.833Z;functions.open_RM;  OPEN PROGRAM RM
27-03-2024 21:13:16.434Z;functions.loggin_RM;  ENTER USER_NAME
27-03-2024 21:13:20.888Z;functions.loggin_RM;  ENTER PASSWORD
27-03-2024 21:13:22.105Z;functions.loggin_RM;  ENTER RM
27-03-2024 21:14:05.636Z;functions.enter_coligada;  CLICK CONTEXTO
27-03-2024 21:14:11.074Z;functions.enter_coligada;  CLICK ALTERAR MODULO DO CONTEXTO
27-03-2024 21:14:15.417Z;functions.enter_coligada;  INSERE O COLIGADA CODE = 1
27-03-2024 21:14:15.558Z;functions.enter_coligada;  APERTA TAB PARA PREENCHER O CAMPO COM A STRING: OCEANICA ENGENHARIA E CONSULTORIA S.A.
27-03-2024 21:14:17.511Z;functions.enter_coligada;  CLICK AVANÇAR NOVAMENTE
27-03-2024 21:14:19.199Z;functions.enter_coligada;  CLICK CONCLUIR
27-03-2024 21:14:50.933Z;functions.enter_coligada;  POP UP COLIGADA DESAPARECER
27-03-2024 21:14:51.730Z;functions.check_movimentacao_bancaria;  CLICK - TOTVS - LINHA RM
27-03-2024 21:14:53.418Z;functions.check_movimentacao_bancaria;  CLICK - BACK OFFICE
27-03-2024 21:14:56.136Z;functions.check_movimentacao_bancaria;  CLICK - GESTAO FINANCEIRA
27-03-2024 21:15:04.074Z;functions.movimentacao_bancaria;  CLICA NA ABA MOVIMENTAÇÃO BANCARIA
27-03-2024 21:15:05.544Z;functions.waitForImage;  IMAGEM BORDERO image found.
27-03-2024 21:15:07.678Z;functions.movimentacao_bancaria;  IMAGEM BORDERO CLICADA.
27-03-2024 21:15:17.949Z;functions.waitForImage;  LICENCAS EXCEDIDAS image not found.
27-03-2024 21:15:18.621Z;functions.movimentacao_bancaria;  ENCONTROU O FILTRO DA MOVIMENTAÇÃO BANCÁRIA
27-03-2024 21:15:18.668Z;functions.movimentacao_bancaria;  CLICA NA ABA SUPERIOR DO FILTRO
27-03-2024 21:15:21.880Z;functions.movimentacao_bancaria;  SELECIONA O FILTRO HOJE
27-03-2024 21:15:28.184Z;functions.waitForImage;  FILTER CLEAN image found.
27-03-2024 21:15:30.303Z;functions.filter_clean;  CLICA NO BOTÃO X DO LIMPA FILTRO
27-03-2024 21:15:46.136Z;functions.waitForImage;  FILTER CLEAN image not found.
27-03-2024 21:16:02.027Z;functions.waitForImage;  FILTER CLEAN image not found.
27-03-2024 21:16:03.387Z;functions.movimentacao_bancaria;  CLICA NA PRIMEIRA LINHA DA TABELA MOVIMENTAÇÃO BANCÁRIA
27-03-2024 21:16:04.614Z;functions.movimentacao_bancaria;  12 PASSOS PARA DIREITA NA TABELA >>
27-03-2024 21:16:06.512Z;functions.movimentacao_bancaria;  HOVER FILTER
27-03-2024 21:16:06.972Z;functions.movimentacao_bancaria;  CLICK FILTER
27-03-2024 21:16:11.300Z;functions.movimentacao_bancaria;  CLICA NO FILTRO  STATUS DA REMESSA
27-03-2024 21:16:13.403Z;functions.movimentacao_bancaria;  APERTA TAB PARA ESCREVER O FILTRO
27-03-2024 21:16:15.519Z;functions.movimentacao_bancaria;  ESCREVE PENDENTE NO FILTRO
27-03-2024 21:16:17.622Z;functions.movimentacao_bancaria;  APERTA ENTER PARA SELECIONAR OS PENDENTES
27-03-2024 21:16:40.122Z;functions.movimentacao_bancaria;  SEM PROCESSAMENTO DE BORDERO PENDENTE
27-03-2024 21:16:50.543Z;functions.waitForImage;  FILTER CLEAN image found.
27-03-2024 21:16:52.675Z;functions.filter_clean;  CLICA NO BOTÃO X DO LIMPA FILTRO
27-03-2024 21:17:07.715Z;functions.waitForImage;  FILTER CLEAN image not found.
27-03-2024 21:17:23.480Z;functions.waitForImage;  FILTER CLEAN image not found.
27-03-2024 21:17:25.045Z;functions.processo_pagamento;  CLICA NA PRIMEIRA LINHA DA TABELA MOVIMENTAÇÃO BANCÁRIA
27-03-2024 21:17:26.965Z;functions.processo_pagamento;  HOVER FILTER
27-03-2024 21:17:27.414Z;functions.processo_pagamento;  CLICK FILTER
27-03-2024 21:17:31.757Z;functions.processo_pagamento;  CLICA NO FILTRO  STATUS DA REMESSA
27-03-2024 21:17:33.860Z;functions.processo_pagamento;  APERTA TAB PARA ESCREVER O FILTRO
27-03-2024 21:17:35.977Z;functions.processo_pagamento;  ESCREVE AUTORIZADO NO FILTRO
27-03-2024 21:17:38.079Z;functions.processo_pagamento;  APERTA ENTER PARA SELECIONAR OS AUTORIZADOS
27-03-2024 21:18:00.605Z;functions.processo_pagamento;  SEM REMESSA DE BORDERO AUTORIZADO
27-03-2024 21:18:01.710Z;functions.processo_pagamento;  FECHA ABA MOVIMENTAÇÕES BANCÁRIAS
27-03-2024 21:18:03.417Z;functions.enter_contas_a_pagar;  CLICK - TOTVS - LINHA RM
27-03-2024 21:18:04.824Z;functions.enter_contas_a_pagar;  CLICK - BACK OFFICE
27-03-2024 21:18:05.730Z;functions.enter_contas_a_pagar;  CLICK - GESTAO FINANCEIRA
27-03-2024 21:18:15.480Z;functions.enter_contas_a_pagar;  CLICK - CONTAS A PAGAR
27-03-2024 21:18:16.808Z;functions.waitForImage;  LANÇAMENTOS image found.
27-03-2024 21:18:18.927Z;functions.enter_contas_a_pagar;  CLICA EM LANÇAMENTOS
27-03-2024 21:18:34.137Z;functions.waitForImage;  LICENCAS EXCEDIDAS image not found.
27-03-2024 21:18:34.137Z;functions.obter_intervalo_data;  VERIFICANDO A HORA ATUAL 21
27-03-2024 21:18:34.137Z;functions.obter_intervalo_data;  Data Inicial BANCARIA antes da remoção: None
27-03-2024 21:18:34.137Z;functions.obter_intervalo_data;  Data Final BANCARIA antes da remoção: None
27-03-2024 21:18:34.137Z;functions.obter_intervalo_data;  Data Inicial BANCARIA após a remoção: None
27-03-2024 21:18:34.137Z;functions.obter_intervalo_data;  Data Final BANCARIA após a remoção: None
27-03-2024 21:18:34.137Z;functions.obter_intervalo_data;  hoje -  2024-03-27 21:18:34.137104
27-03-2024 21:18:34.137Z;functions.data_filter;  DATA INICIO 03-04-2024
27-03-2024 21:18:34.137Z;functions.data_filter;  DATA FIM 09-04-2024
27-03-2024 21:18:34.137Z;functions.data_filter;  CLICK - SELECIONA A DATA DE QUARTA FEIRA E DA PROXIMA TERÇA
27-03-2024 21:18:34.137Z;functions.data_filter;  QUARTA-FEIRA: 03-04-2024
27-03-2024 21:18:34.137Z;functions.data_filter;  TERCA-FEIRA: 09-04-2024
27-03-2024 21:18:43.386Z;functions.data_filter;  CLICK - BOTAO DE SELECAO DE FILTRO
27-03-2024 21:18:47.996Z;functions.data_filter;  INSERE - DATA DE QUARTA-FEIRA: 03-04-2024
27-03-2024 21:18:51.932Z;functions.data_filter;  INSERE - DATA DA PROX TERCA-FEIRA: 09-04-2024
27-03-2024 21:18:52.824Z;functions.data_filter;  CLICK - BOTAO DE EXECUTAR O FILTRO
