31-05-2024 07:00:47.228Z;functions.bot_text_art;      ____   
31-05-2024 07:00:47.228Z;functions.bot_text_art;     [____]    
31-05-2024 07:00:47.244Z;functions.bot_text_art;   |=]()()[=|  
31-05-2024 07:00:47.244Z;functions.bot_text_art;     _\==/__    _____    ____     _        _____    ___   _  __
31-05-2024 07:00:47.244Z;functions.bot_text_art;   |__|   |_|  |  _  \  / ___|   | |      |_   _| / ___| | |/ /
31-05-2024 07:00:47.244Z;functions.bot_text_art;   |_|_/\_|_|  | |  | | | |      | |        | |   | |    | ' / 
31-05-2024 07:00:47.244Z;functions.bot_text_art;   | | __ | |  | |  | | | |      | |        | |   | |    |  <  
31-05-2024 07:00:47.244Z;functions.bot_text_art;   |_|[  ]|_|  | |__| | | |____  | |____   _| |_  | |__  | . \ 
31-05-2024 07:00:47.244Z;functions.bot_text_art;   \_|_||_|_/  |_____/   \_____| |______| |_____| \ ___| |_|\_\
31-05-2024 07:00:47.244Z;functions.bot_text_art;     |_||_|                                                     
31-05-2024 07:00:47.244Z;functions.bot_text_art;     | ||_|_   
31-05-2024 07:00:47.244Z;functions.bot_text_art;   |___||___|  
31-05-2024 07:00:47.244Z;functions.bot_text_art;               
31-05-2024 07:00:47.946Z;functions.open_RM;  OPEN PROGRAM RM
31-05-2024 07:01:07.572Z;functions.loggin_RM;  ENTER USER_NAME
31-05-2024 07:01:12.792Z;functions.loggin_RM;  ENTER PASSWORD
31-05-2024 07:01:14.665Z;functions.loggin_RM;  ENTER RM
31-05-2024 07:03:23.810Z;functions.enter_coligada;  CLICK CONTEXTO
31-05-2024 07:03:26.634Z;functions.enter_coligada;  CLICK ALTERAR MODULO DO CONTEXTO
31-05-2024 07:03:30.746Z;functions.enter_coligada;  INSERE O COLIGADA CODE = 1
31-05-2024 07:03:30.890Z;functions.enter_coligada;  APERTA TAB PARA PREENCHER O CAMPO COM A STRING: OCEANICA ENGENHARIA E CONSULTORIA S.A.
31-05-2024 07:03:32.759Z;functions.enter_coligada;  CLICK AVANÇAR NOVAMENTE
31-05-2024 07:03:34.243Z;functions.enter_coligada;  CLICK CONCLUIR
31-05-2024 07:03:54.727Z;functions.enter_coligada;  POP UP COLIGADA DESAPARECER
31-05-2024 07:03:55.841Z;functions.check_movimentacao_bancaria;  CLICK - TOTVS - LINHA RM
31-05-2024 07:03:57.786Z;functions.check_movimentacao_bancaria;  CLICK - BACK OFFICE
31-05-2024 07:03:58.869Z;functions.check_movimentacao_bancaria;  CLICK - GESTAO FINANCEIRA
31-05-2024 07:04:02.525Z;functions.movimentacao_bancaria;  CLICA NA ABA MOVIMENTAÇÃO BANCARIA
31-05-2024 07:04:03.767Z;functions.waitForImage;  IMAGEM BORDERO image found.
31-05-2024 07:04:05.900Z;functions.movimentacao_bancaria;  IMAGEM BORDERO CLICADA.
31-05-2024 07:04:16.244Z;functions.waitForImage;  LICENCAS EXCEDIDAS image not found.
31-05-2024 07:04:17.056Z;functions.movimentacao_bancaria;  ENCONTROU O FILTRO DA MOVIMENTAÇÃO BANCÁRIA
31-05-2024 07:04:17.087Z;functions.movimentacao_bancaria;  CLICA NA ABA SUPERIOR DO FILTRO
31-05-2024 07:04:21.602Z;functions.movimentacao_bancaria;  SELECIONA O FILTRO HOJE
31-05-2024 07:04:26.916Z;functions.waitForImage;  FILTER CLEAN image found.
31-05-2024 07:04:29.047Z;functions.filter_clean;  CLICA NO BOTÃO X DO LIMPA FILTRO
31-05-2024 07:04:29.398Z;functions.waitForImage;  FILTER CLEAN image found.
31-05-2024 07:04:31.525Z;functions.filter_clean;  CLICA NO BOTÃO X DO LIMPA FILTRO
31-05-2024 07:04:47.370Z;functions.waitForImage;  FILTER CLEAN image not found.
31-05-2024 07:04:49.462Z;functions.movimentacao_bancaria;  CLICA NA PRIMEIRA LINHA DA TABELA MOVIMENTAÇÃO BANCÁRIA
31-05-2024 07:04:51.509Z;functions.movimentacao_bancaria;  CLICA NA PRIMEIRA LINHA DA TABELA MOVIMENTAÇÃO BANCÁRIA
31-05-2024 07:04:52.733Z;functions.movimentacao_bancaria;  12 PASSOS PARA DIREITA NA TABELA >>
31-05-2024 07:04:55.353Z;functions.movimentacao_bancaria;  HOVER FILTER
31-05-2024 07:04:56.228Z;functions.movimentacao_bancaria;  CLICK FILTER
31-05-2024 07:05:00.555Z;functions.movimentacao_bancaria;  CLICA NO FILTRO  STATUS DA REMESSA
31-05-2024 07:05:02.658Z;functions.movimentacao_bancaria;  APERTA TAB PARA ESCREVER O FILTRO
31-05-2024 07:05:04.772Z;functions.movimentacao_bancaria;  ESCREVE PENDENTE NO FILTRO
31-05-2024 07:05:06.875Z;functions.movimentacao_bancaria;  APERTA ENTER PARA SELECIONAR OS PENDENTES
31-05-2024 07:05:28.446Z;functions.movimentacao_bancaria;  SEM PROCESSAMENTO DE BORDERO PENDENTE
31-05-2024 07:05:38.796Z;functions.waitForImage;  FILTER CLEAN image found.
31-05-2024 07:05:40.924Z;functions.filter_clean;  CLICA NO BOTÃO X DO LIMPA FILTRO
31-05-2024 07:05:56.580Z;functions.waitForImage;  FILTER CLEAN image not found.
31-05-2024 07:06:12.134Z;functions.waitForImage;  FILTER CLEAN image not found.
31-05-2024 07:06:14.557Z;functions.processo_pagamento;  CLICA NA PRIMEIRA LINHA DA TABELA MOVIMENTAÇÃO BANCÁRIA
31-05-2024 07:06:17.071Z;functions.processo_pagamento;  HOVER FILTER
31-05-2024 07:06:17.777Z;functions.processo_pagamento;  CLICK FILTER
31-05-2024 07:06:22.110Z;functions.processo_pagamento;  CLICA NO FILTRO  STATUS DA REMESSA
31-05-2024 07:06:24.213Z;functions.processo_pagamento;  APERTA TAB PARA ESCREVER O FILTRO
31-05-2024 07:06:26.334Z;functions.processo_pagamento;  ESCREVE AUTORIZADO NO FILTRO
31-05-2024 07:06:28.437Z;functions.processo_pagamento;  APERTA ENTER PARA SELECIONAR OS AUTORIZADOS
31-05-2024 07:06:50.024Z;functions.processo_pagamento;  SEM REMESSA DE BORDERO AUTORIZADO
31-05-2024 07:06:51.129Z;functions.processo_pagamento;  FECHA ABA MOVIMENTAÇÕES BANCÁRIAS
31-05-2024 07:06:52.899Z;functions.enter_contas_a_pagar;  CLICK - TOTVS - LINHA RM
31-05-2024 07:06:54.463Z;functions.enter_contas_a_pagar;  CLICK - BACK OFFICE
31-05-2024 07:06:55.588Z;functions.enter_contas_a_pagar;  CLICK - GESTAO FINANCEIRA
31-05-2024 07:07:01.711Z;functions.enter_contas_a_pagar;  CLICK - CONTAS A PAGAR
31-05-2024 07:07:02.853Z;functions.waitForImage;  LANÇAMENTOS image found.
31-05-2024 07:07:04.983Z;functions.enter_contas_a_pagar;  CLICA EM LANÇAMENTOS
31-05-2024 07:07:20.297Z;functions.waitForImage;  LICENCAS EXCEDIDAS image not found.
31-05-2024 07:07:20.297Z;functions.obter_intervalo_data;  VERIFICANDO A HORA ATUAL 7
31-05-2024 07:07:20.328Z;functions.obter_intervalo_data;  Data Inicial BANCARIA antes da remoção: None
31-05-2024 07:07:20.328Z;functions.obter_intervalo_data;  Data Final BANCARIA antes da remoção: None
31-05-2024 07:07:20.328Z;functions.obter_intervalo_data;  Data Inicial BANCARIA após a remoção: None
31-05-2024 07:07:20.328Z;functions.obter_intervalo_data;  Data Final BANCARIA após a remoção: None
31-05-2024 07:07:20.328Z;functions.obter_intervalo_data;  hoje -  2024-05-31 07:07:20.328677
31-05-2024 07:07:20.328Z;functions.data_filter;  DATA INICIO 05-06-2024
31-05-2024 07:07:20.328Z;functions.data_filter;  DATA FIM 11-06-2024
31-05-2024 07:07:20.328Z;functions.data_filter;  CLICK - SELECIONA A DATA DE QUARTA FEIRA E DA PROXIMA TERÇA
31-05-2024 07:07:20.328Z;functions.data_filter;  QUARTA-FEIRA: 05-06-2024
31-05-2024 07:07:20.328Z;functions.data_filter;  TERCA-FEIRA: 11-06-2024
31-05-2024 07:07:30.634Z;functions.data_filter;  CLICK - BOTAO DE SELECAO DE FILTRO
31-05-2024 07:07:35.555Z;functions.data_filter;  INSERE - DATA DE QUARTA-FEIRA: 05-06-2024
31-05-2024 07:07:40.119Z;functions.data_filter;  INSERE - DATA DA PROX TERCA-FEIRA: 11-06-2024
31-05-2024 07:07:41.400Z;functions.data_filter;  CLICK - BOTAO DE EXECUTAR O FILTRO
31-05-2024 07:09:55.604Z;functions.desmark_filter;  CLICK CHECKBOX LANÇAMENTOS A RECEBER
31-05-2024 07:09:58.306Z;functions.desmark_filter;  CLICK CHECKBOX LANÇAMENTOS BAIXADOS
31-05-2024 07:10:01.289Z;functions.desmark_filter;  CLICK CHECKBOX LANÇAMENTOS CANCELADOS
31-05-2024 07:10:04.384Z;functions.desmark_filter;  CLICK CHECKBOX LANÇAMENTOS FATURADOS
31-05-2024 07:10:07.744Z;functions.desmark_filter;  CLICK CHECKBOX LANÇAMENTOS FATURADOS
31-05-2024 07:10:13.088Z;functions.waitForImage;  FILTER CLEAN image found.
31-05-2024 07:10:15.204Z;functions.filter_clean;  CLICA NO BOTÃO X DO LIMPA FILTRO
31-05-2024 07:10:30.658Z;functions.waitForImage;  FILTER CLEAN image not found.
31-05-2024 07:10:45.801Z;functions.waitForImage;  FILTER CLEAN image not found.
31-05-2024 07:10:45.801Z;functions.check_table_record;  VERIFICANDO SE A TABELA ESTÁ VAZIA
31-05-2024 07:10:49.541Z;functions.check_table_record;  Texto extraido 1/356
31-05-2024 07:10:49.557Z;functions.check_table_record;  Count 356
31-05-2024 07:10:49.557Z;functions.check_table_record;  Type <class 'int'>
31-05-2024 07:10:49.557Z;functions.check_table_record;  TABELA CONTÉM REGISTROS
31-05-2024 07:11:02.149Z;functions.select_tipo_documento;  NOME DA COLUNA: Tipo de Documento
31-05-2024 07:11:04.524Z;functions.select_tipo_documento;  HOVER NOME DA COLUNA: Tipo de Documento
31-05-2024 07:11:05.455Z;functions.select_tipo_documento;  CLICA NO FILTRO PERSONALIZAR
31-05-2024 07:11:07.227Z;functions.select_tipo_documento;  CLICA PARA SELECIONAR OPÇÕES DO FILTRO
31-05-2024 07:11:14.852Z;functions.select_tipo_documento;  CLICK BUTTON CONFIRMAR FILTRO
31-05-2024 07:11:19.856Z;functions.filter_IPTE;  VERIFICANDO O COD DO CLIENTE EM CADA REGISTRO
31-05-2024 07:11:21.930Z;functions.filter_IPTE;  CLICA NA PRIMEIRA LINHA DA TABELA
31-05-2024 07:11:46.619Z;functions.filter_IPTE;  HOVER FILTER
31-05-2024 07:11:48.709Z;functions.filter_IPTE;  CLICK FILTER
31-05-2024 07:11:53.040Z;functions.filter_IPTE;  CLICA NO FILTRO PERSONALIZAR
31-05-2024 07:12:14.774Z;functions.filter_IPTE;  TABELA CONTÉM REGISTROS
31-05-2024 07:12:36.211Z;functions.filter_IPTE;  MOVIDO PRA CIMA 100 VEZES
31-05-2024 07:12:52.713Z;functions.show_exception_and_exit;  'NoneType' object has no attribute 'click'
Traceback (most recent call last):
  File "C:\Projetos_Remessas\Remessa_Bancaria\main.py", line 35, in <module>
    filter_IPTE()
  File "C:\Projetos_Remessas\Remessa_Bancaria\SUBPROGRAMS\functions.py", line 413, in filter_IPTE
    caixa_selecao.click()
    ^^^^^^^^^^^^^^^^^^^
AttributeError: 'NoneType' object has no attribute 'click'
31-05-2024 07:12:53.170Z;functions.show_exception_and_exit;  PRINT SALVO
31-05-2024 07:12:53.592Z;functions.show_exception_and_exit;  RM FECHADO
31-05-2024 07:12:57.963Z;errorhandler.__handle;  Property: Unknown Property name. [1:203: -ms-interpolation-mode]
31-05-2024 07:12:58.009Z;errorhandler.__handle;  Property: Unknown Property name. [1:353: -webkit-font-smoothing]
31-05-2024 07:12:58.025Z;errorhandler.__handle;  Property: Unknown Property name. [1:483: -ms-text-size-adjust]
31-05-2024 07:12:58.025Z;errorhandler.__handle;  Property: Unknown Property name. [1:518: -webkit-text-size-adjust]
31-05-2024 07:12:58.025Z;errorhandler.__handle;  Property: Unknown Property name. [1:612: mso-table-lspace]
31-05-2024 07:12:58.025Z;errorhandler.__handle;  Property: Unknown Property name. [1:642: mso-table-rspace]
31-05-2024 07:12:58.259Z;errorhandler.__handle;  Property: Unknown Property name. [1:4734: mso-hide]
31-05-2024 07:12:58.369Z;errorhandler.__handle;  Property: Unknown Property name. [1:13: -ms-interpolation-mode]
31-05-2024 07:12:58.369Z;errorhandler.__handle;  Property: Unknown Property name. [1:49: -webkit-font-smoothing]
31-05-2024 07:12:58.384Z;errorhandler.__handle;  Property: Unknown Property name. [1:134: -ms-text-size-adjust]
31-05-2024 07:12:58.384Z;errorhandler.__handle;  Property: Unknown Property name. [1:160: -webkit-text-size-adjust]
31-05-2024 07:12:58.384Z;errorhandler.__handle;  Property: Unknown Property name. [1:26: mso-table-lspace]
31-05-2024 07:12:58.384Z;errorhandler.__handle;  Property: Unknown Property name. [1:45: mso-table-rspace]
31-05-2024 07:12:58.416Z;errorhandler.__handle;  Property: Unknown Property name. [1:92: mso-hide]
31-05-2024 07:12:58.431Z;errorhandler.__handle;  Property: No ":" after name found: align-center [1:1: align-center]
31-05-2024 07:12:58.431Z;errorhandler.__handle;  Property: No property value found: align-center [1:1: align-center]
31-05-2024 07:12:58.431Z;errorhandler.__handle;  CSSStyleDeclaration: Syntax Error in Property: align-center
31-05-2024 07:12:58.431Z;errorhandler.__handle;  Property: Unknown Property name. [1:14: -ms-interpolation-mode]
31-05-2024 07:13:01.525Z;functions.show_exception_and_exit;  EMAIL EXCEÇÃO ENVIADO
31-05-2024 07:13:01.525Z;functions.show_exception_and_exit;  ERRO - <class 'AttributeError'> / 'NoneType' object has no attribute 'click'
