13-04-2024 15:00:16.971Z;functions.bot_text_art;      ____   
13-04-2024 15:00:16.971Z;functions.bot_text_art;     [____]    
13-04-2024 15:00:16.971Z;functions.bot_text_art;   |=]()()[=|  
13-04-2024 15:00:16.971Z;functions.bot_text_art;     _\==/__    _____    ____     _        _____    ___   _  __
13-04-2024 15:00:16.971Z;functions.bot_text_art;   |__|   |_|  |  _  \  / ___|   | |      |_   _| / ___| | |/ /
13-04-2024 15:00:16.971Z;functions.bot_text_art;   |_|_/\_|_|  | |  | | | |      | |        | |   | |    | ' / 
13-04-2024 15:00:16.971Z;functions.bot_text_art;   | | __ | |  | |  | | | |      | |        | |   | |    |  <  
13-04-2024 15:00:16.971Z;functions.bot_text_art;   |_|[  ]|_|  | |__| | | |____  | |____   _| |_  | |__  | . \ 
13-04-2024 15:00:16.971Z;functions.bot_text_art;   \_|_||_|_/  |_____/   \_____| |______| |_____| \ ___| |_|\_\
13-04-2024 15:00:16.971Z;functions.bot_text_art;     |_||_|                                                     
13-04-2024 15:00:16.971Z;functions.bot_text_art;     | ||_|_   
13-04-2024 15:00:16.971Z;functions.bot_text_art;   |___||___|  
13-04-2024 15:00:16.971Z;functions.bot_text_art;               
13-04-2024 15:00:16.971Z;functions.open_RM;  OPEN PROGRAM RM
13-04-2024 15:00:24.611Z;functions.loggin_RM;  ENTER USER_NAME
13-04-2024 15:00:28.455Z;functions.loggin_RM;  ENTER PASSWORD
13-04-2024 15:00:29.158Z;functions.loggin_RM;  ENTER RM
13-04-2024 15:01:03.626Z;functions.enter_coligada;  CLICK CONTEXTO
13-04-2024 15:01:05.129Z;functions.enter_coligada;  CLICK ALTERAR MODULO DO CONTEXTO
13-04-2024 15:01:07.517Z;functions.enter_coligada;  INSERE O COLIGADA CODE = 1
13-04-2024 15:01:07.619Z;functions.enter_coligada;  APERTA TAB PARA PREENCHER O CAMPO COM A STRING: OCEANICA ENGENHARIA E CONSULTORIA S.A.
13-04-2024 15:01:08.492Z;functions.enter_coligada;  CLICK AVANÇAR NOVAMENTE
13-04-2024 15:01:09.323Z;functions.enter_coligada;  CLICK CONCLUIR
13-04-2024 15:01:18.113Z;functions.enter_coligada;  POP UP COLIGADA DESAPARECER
13-04-2024 15:01:18.736Z;functions.check_movimentacao_bancaria;  CLICK - TOTVS - LINHA RM
13-04-2024 15:01:19.783Z;functions.check_movimentacao_bancaria;  CLICK - BACK OFFICE
13-04-2024 15:01:20.497Z;functions.check_movimentacao_bancaria;  CLICK - GESTAO FINANCEIRA
13-04-2024 15:01:25.566Z;functions.movimentacao_bancaria;  CLICA NA ABA MOVIMENTAÇÃO BANCARIA
13-04-2024 15:01:26.334Z;functions.waitForImage;  IMAGEM BORDERO image found.
13-04-2024 15:01:28.456Z;functions.movimentacao_bancaria;  IMAGEM BORDERO CLICADA.
13-04-2024 15:01:38.935Z;functions.waitForImage;  LICENCAS EXCEDIDAS image not found.
13-04-2024 15:01:39.501Z;functions.movimentacao_bancaria;  ENCONTROU O FILTRO DA MOVIMENTAÇÃO BANCÁRIA
13-04-2024 15:01:39.533Z;functions.movimentacao_bancaria;  CLICA NA ABA SUPERIOR DO FILTRO
13-04-2024 15:01:44.042Z;functions.movimentacao_bancaria;  SELECIONA O FILTRO HOJE
13-04-2024 15:01:49.171Z;functions.waitForImage;  FILTER CLEAN image found.
13-04-2024 15:01:51.295Z;functions.filter_clean;  CLICA NO BOTÃO X DO LIMPA FILTRO
13-04-2024 15:02:06.361Z;functions.waitForImage;  FILTER CLEAN image not found.
13-04-2024 15:02:21.944Z;functions.waitForImage;  FILTER CLEAN image not found.
13-04-2024 15:02:22.752Z;functions.movimentacao_bancaria;  CLICA NA PRIMEIRA LINHA DA TABELA MOVIMENTAÇÃO BANCÁRIA
13-04-2024 15:02:23.549Z;functions.movimentacao_bancaria;  CLICA NA PRIMEIRA LINHA DA TABELA MOVIMENTAÇÃO BANCÁRIA
13-04-2024 15:02:24.766Z;functions.movimentacao_bancaria;  12 PASSOS PARA DIREITA NA TABELA >>
13-04-2024 15:02:26.080Z;functions.movimentacao_bancaria;  HOVER FILTER
13-04-2024 15:02:26.435Z;functions.movimentacao_bancaria;  CLICK FILTER
13-04-2024 15:02:30.745Z;functions.movimentacao_bancaria;  CLICA NO FILTRO  STATUS DA REMESSA
13-04-2024 15:02:32.846Z;functions.movimentacao_bancaria;  APERTA TAB PARA ESCREVER O FILTRO
13-04-2024 15:02:34.951Z;functions.movimentacao_bancaria;  ESCREVE PENDENTE NO FILTRO
13-04-2024 15:02:37.054Z;functions.movimentacao_bancaria;  APERTA ENTER PARA SELECIONAR OS PENDENTES
13-04-2024 15:02:58.050Z;functions.movimentacao_bancaria;  SEM PROCESSAMENTO DE BORDERO PENDENTE
13-04-2024 15:03:08.160Z;functions.waitForImage;  FILTER CLEAN image found.
13-04-2024 15:03:10.287Z;functions.filter_clean;  CLICA NO BOTÃO X DO LIMPA FILTRO
13-04-2024 15:03:25.877Z;functions.waitForImage;  FILTER CLEAN image not found.
13-04-2024 15:03:41.501Z;functions.waitForImage;  FILTER CLEAN image not found.
13-04-2024 15:03:42.316Z;functions.processo_pagamento;  CLICA NA PRIMEIRA LINHA DA TABELA MOVIMENTAÇÃO BANCÁRIA
13-04-2024 15:03:43.581Z;functions.processo_pagamento;  HOVER FILTER
13-04-2024 15:03:43.875Z;functions.processo_pagamento;  CLICK FILTER
13-04-2024 15:03:48.187Z;functions.processo_pagamento;  CLICA NO FILTRO  STATUS DA REMESSA
13-04-2024 15:03:50.288Z;functions.processo_pagamento;  APERTA TAB PARA ESCREVER O FILTRO
13-04-2024 15:03:52.395Z;functions.processo_pagamento;  ESCREVE AUTORIZADO NO FILTRO
13-04-2024 15:03:54.496Z;functions.processo_pagamento;  APERTA ENTER PARA SELECIONAR OS AUTORIZADOS
13-04-2024 15:04:00.819Z;functions.processo_pagamento;  6 PASSOS PARA ESQUERDA NA TABELA <<
13-04-2024 15:04:01.705Z;functions.check_user_bot;  Texto extraido 1/1
13-04-2024 15:04:01.705Z;functions.check_user_bot;  Count 1
13-04-2024 15:04:01.705Z;functions.check_user_bot;  Type <class 'int'>
13-04-2024 15:04:03.820Z;functions.check_user_bot;  CHECK USER BOT 1
13-04-2024 15:04:05.820Z;functions.check_user_bot;  integracao
13-04-2024 15:04:08.528Z;functions.check_user_bot;  7 PASSOS PARA DIREITA NA TABELA >>
13-04-2024 15:04:12.629Z;functions.check_user_bot;  341 / 3212 / 02675 - FERIAS/RESCISAO
13-04-2024 15:04:12.629Z;functions.check_user_bot;  Nome SISPAG não encontrado na string.
13-04-2024 15:04:13.336Z;functions.check_user_bot;  7 PASSOS PARA ESQUERDA NA TABELA <<
13-04-2024 15:04:13.437Z;functions.check_user_bot;  COUNT1: 0
13-04-2024 15:04:14.539Z;functions.processo_pagamento;  FECHA ABA MOVIMENTAÇÕES BANCÁRIAS
13-04-2024 15:04:15.407Z;functions.enter_contas_a_pagar;  CLICK - TOTVS - LINHA RM
13-04-2024 15:04:16.362Z;functions.enter_contas_a_pagar;  CLICK - BACK OFFICE
13-04-2024 15:04:17.066Z;functions.enter_contas_a_pagar;  CLICK - GESTAO FINANCEIRA
13-04-2024 15:04:22.175Z;functions.enter_contas_a_pagar;  CLICK - CONTAS A PAGAR
13-04-2024 15:04:22.319Z;functions.waitForImage;  LANÇAMENTOS image found.
13-04-2024 15:04:24.448Z;functions.enter_contas_a_pagar;  CLICA EM LANÇAMENTOS
13-04-2024 15:04:39.768Z;functions.waitForImage;  LICENCAS EXCEDIDAS image not found.
13-04-2024 15:04:39.768Z;functions.obter_intervalo_data;  VERIFICANDO A HORA ATUAL 15
13-04-2024 15:04:39.768Z;functions.obter_intervalo_data;  Data Inicial BANCARIA antes da remoção: None
13-04-2024 15:04:39.768Z;functions.obter_intervalo_data;  Data Final BANCARIA antes da remoção: None
13-04-2024 15:04:39.768Z;functions.obter_intervalo_data;  Data Inicial BANCARIA após a remoção: None
13-04-2024 15:04:39.768Z;functions.obter_intervalo_data;  Data Final BANCARIA após a remoção: None
13-04-2024 15:04:39.768Z;functions.obter_intervalo_data;  hoje -  2024-04-13 15:04:39.768254
13-04-2024 15:04:39.768Z;functions.data_filter;  DATA INICIO 17-04-2024
13-04-2024 15:04:39.768Z;functions.data_filter;  DATA FIM 23-04-2024
13-04-2024 15:04:39.768Z;functions.data_filter;  CLICK - SELECIONA A DATA DE QUARTA FEIRA E DA PROXIMA TERÇA
13-04-2024 15:04:39.768Z;functions.data_filter;  QUARTA-FEIRA: 17-04-2024
13-04-2024 15:04:39.768Z;functions.data_filter;  TERCA-FEIRA: 23-04-2024
13-04-2024 15:04:48.283Z;functions.data_filter;  CLICK - BOTAO DE SELECAO DE FILTRO
13-04-2024 15:04:52.080Z;functions.data_filter;  INSERE - DATA DE QUARTA-FEIRA: 17-04-2024
13-04-2024 15:04:55.556Z;functions.data_filter;  INSERE - DATA DA PROX TERCA-FEIRA: 23-04-2024
13-04-2024 15:04:56.190Z;functions.data_filter;  CLICK - BOTAO DE EXECUTAR O FILTRO
13-04-2024 15:06:32.411Z;functions.desmark_filter;  CLICK CHECKBOX LANÇAMENTOS A RECEBER
13-04-2024 15:06:33.222Z;functions.desmark_filter;  CLICK CHECKBOX LANÇAMENTOS BAIXADOS
13-04-2024 15:06:34.049Z;functions.desmark_filter;  CLICK CHECKBOX LANÇAMENTOS CANCELADOS
13-04-2024 15:06:34.925Z;functions.desmark_filter;  CLICK CHECKBOX LANÇAMENTOS FATURADOS
13-04-2024 15:06:35.816Z;functions.desmark_filter;  CLICK CHECKBOX LANÇAMENTOS FATURADOS
13-04-2024 15:06:56.412Z;functions.waitForImage;  FILTER CLEAN image not found.
13-04-2024 15:07:11.489Z;functions.waitForImage;  FILTER CLEAN image not found.
13-04-2024 15:07:27.096Z;functions.waitForImage;  FILTER CLEAN image not found.
13-04-2024 15:07:27.096Z;functions.check_table_record;  VERIFICANDO SE A TABELA ESTÁ VAZIA
13-04-2024 15:07:28.019Z;functions.check_table_record;  Texto extraido 1/267
13-04-2024 15:07:28.019Z;functions.check_table_record;  Count 267
13-04-2024 15:07:28.019Z;functions.check_table_record;  Type <class 'int'>
13-04-2024 15:07:28.019Z;functions.check_table_record;  TABELA CONTÉM REGISTROS
13-04-2024 15:07:38.879Z;functions.select_tipo_documento;  NOME DA COLUNA: Tipo de Documento
13-04-2024 15:07:40.143Z;functions.select_tipo_documento;  HOVER NOME DA COLUNA: Tipo de Documento
13-04-2024 15:07:40.732Z;functions.select_tipo_documento;  CLICA NO FILTRO PERSONALIZAR
13-04-2024 15:07:41.473Z;functions.select_tipo_documento;  CLICA PARA SELECIONAR OPÇÕES DO FILTRO
13-04-2024 15:07:48.497Z;functions.select_tipo_documento;  CLICK BUTTON CONFIRMAR FILTRO
13-04-2024 15:07:53.497Z;functions.filter_IPTE;  VERIFICANDO O COD DO CLIENTE EM CADA REGISTRO
13-04-2024 15:07:54.256Z;functions.filter_IPTE;  CLICA NA PRIMEIRA LINHA DA TABELA
13-04-2024 15:08:14.017Z;functions.filter_IPTE;  HOVER FILTER
13-04-2024 15:08:14.577Z;functions.filter_IPTE;  CLICK FILTER
13-04-2024 15:08:18.888Z;functions.filter_IPTE;  CLICA NO FILTRO PERSONALIZAR
13-04-2024 15:08:26.791Z;functions.check_table_record;  VERIFICANDO SE A TABELA ESTÁ VAZIA
13-04-2024 15:08:27.754Z;functions.check_table_record;  Texto extraido 1/1
13-04-2024 15:08:27.754Z;functions.check_table_record;  Count 1
13-04-2024 15:08:27.754Z;functions.check_table_record;  Type <class 'int'>
13-04-2024 15:08:27.754Z;functions.check_table_record;  TABELA CONTÉM REGISTROS
13-04-2024 15:08:27.754Z;functions.check_payment_type;  VERIFICANDO O COD DO CLIENTE EM CADA REGISTRO
13-04-2024 15:08:28.505Z;functions.check_payment_type;  CLICA NA PRIMEIRA LINHA DA TABELA
13-04-2024 15:08:36.607Z;functions.check_payment_type;  REF. LANÇAMENTO: 939646
13-04-2024 15:08:36.709Z;functions.check_payment_type;  ENTRANDO NO REGISTRO
13-04-2024 15:08:45.164Z;functions.waitForImage;  INTEGRAÇÃO BANCÁRIA image found.
13-04-2024 15:08:47.288Z;functions.check_payment_type;  CLICA EM INTEGRAÇÃO BANCÁRIA
13-04-2024 15:08:47.288Z;functions.check_payment_type;  VERIFICANDO INFORMAÇÕES
13-04-2024 15:08:50.399Z;functions.waitForImage;  DADOS BANCARIOS image found.
13-04-2024 15:08:50.515Z;functions.check_payment_type;  DADOS BANCARIOS
13-04-2024 15:08:52.515Z;functions.check_payment_type;  ENTROU DADOS BANCÁRIOS
13-04-2024 15:08:52.616Z;functions.check_payment_type;  APERTA TAB
13-04-2024 15:08:56.835Z;functions.waitForImage;  PRESS BUTTON OK image found.
13-04-2024 15:08:58.961Z;functions.click_ok;  PRESS BUTTON OK
13-04-2024 15:09:03.072Z;functions.waitForImage;  PRESS BUTTON OK image found.
13-04-2024 15:09:05.200Z;functions.click_ok;  PRESS BUTTON OK
13-04-2024 15:09:09.317Z;functions.check_payment_type;  INCLUIDOS: 939646 REFERENCIAS NO PROCESSAMENTO
13-04-2024 15:09:09.317Z;functions.check_payment_type;  FORAM INCLUIDOS: 1 REFERENCIAS NO PROCESSAMENTO
13-04-2024 15:09:14.035Z;functions.process_lancamentos;  CLICA PARA APARECER CONTA/CAIXA
13-04-2024 15:09:14.710Z;functions.process_lancamentos;  SELECIONA CONTA/CAIXA
13-04-2024 15:09:15.398Z;functions.process_lancamentos;  CLICA NO BOTÃO [...]
13-04-2024 15:09:20.503Z;functions.process_lancamentos;  CLICA NO CAMPO PESQUISA E DIGITA: %3212
13-04-2024 15:09:21.222Z;functions.process_lancamentos;  CLICA NO BOTÃO DO FILTRO
13-04-2024 15:09:21.987Z;functions.process_lancamentos;  CLICA NO BOTÃO OK
13-04-2024 15:09:22.676Z;functions.process_lancamentos;  CLICA NO BOTÃO EXECUTAR
13-04-2024 15:09:34.894Z;functions.waitForImage;  PRESS BUTTON OK image found.
13-04-2024 15:09:36.902Z;functions.process_lancamentos;  O PROCESSAMENTO FOI EXECUTADO COM SUCESSO.
13-04-2024 15:09:43.881Z;functions.process_lancamentos;  ERRO: Lançamento Ref. 939646: Convênio alterado para o convênio default '7' da conta Caixa '02675-5' .
Alteração Global de Lançamentos executada com sucesso

13-04-2024 15:09:44.490Z;functions.process_lancamentos;  CLICK EM FECHAR.
13-04-2024 15:12:00.694Z;functions.proccess_bordero;  SELECIONAR INCLUSÃO DE BORDERO
13-04-2024 15:12:20.766Z;functions.waitForImage;  PRESS BUTON SIM image not found.
13-04-2024 15:12:21.501Z;functions.proccess_bordero;  CLICA EM CONVÊNIO TRÊS PONTINHOS
13-04-2024 15:12:22.491Z;functions.proccess_bordero;  CLICA EM COMBOBOX PARA SELECIONAR O ID DO CONVÊNIO
13-04-2024 15:12:23.254Z;functions.proccess_bordero;  CLICA EM ID DO CONVÊNIO
13-04-2024 15:12:25.357Z;functions.proccess_bordero;  APERTA TAB PARA ESCREVER O ID
13-04-2024 15:12:27.458Z;functions.proccess_bordero;  ESCREVE O ID 7
13-04-2024 15:12:29.560Z;functions.proccess_bordero;  APERTA ENTER PARA SELECIONAR O ID 7 - SISPAG FORNECEDOR
13-04-2024 15:12:31.661Z;functions.proccess_bordero;  APERTA ENTER PARA ESCOLHER O ID 7 - SISPAG FORNECEDOR
13-04-2024 15:12:34.286Z;functions.proccess_bordero;  CLICA EM EXECUTAR NA INCLUSÃO DO BORDÊRO
13-04-2024 15:12:55.081Z;functions.waitForImage;  PRESS BUTTON OK image not found.
13-04-2024 15:13:00.021Z;functions.proccess_bordero;  ERRO: Existem inconsistências em alguns lançamentos, favor verificar e executar novamente o processo.

********* ERRO(S) NO(S) LANÇAMENTO(S)***********
Lançamento Ref.: 1-939646  - O movimento do lançamento não pode estar bloqueado




13-04-2024 15:13:00.638Z;functions.proccess_bordero;  CLICK EM FECHAR.
13-04-2024 15:13:02.832Z;errorhandler.__handle;  Property: Unknown Property name. [1:203: -ms-interpolation-mode]
13-04-2024 15:13:02.832Z;errorhandler.__handle;  Property: Unknown Property name. [1:353: -webkit-font-smoothing]
13-04-2024 15:13:02.832Z;errorhandler.__handle;  Property: Unknown Property name. [1:483: -ms-text-size-adjust]
13-04-2024 15:13:02.832Z;errorhandler.__handle;  Property: Unknown Property name. [1:518: -webkit-text-size-adjust]
13-04-2024 15:13:02.832Z;errorhandler.__handle;  Property: Unknown Property name. [1:612: mso-table-lspace]
13-04-2024 15:13:02.832Z;errorhandler.__handle;  Property: Unknown Property name. [1:642: mso-table-rspace]
13-04-2024 15:13:02.879Z;errorhandler.__handle;  Property: Unknown Property name. [1:4734: mso-hide]
13-04-2024 15:13:02.910Z;errorhandler.__handle;  Property: Unknown Property name. [1:13: -ms-interpolation-mode]
13-04-2024 15:13:02.910Z;errorhandler.__handle;  Property: Unknown Property name. [1:49: -webkit-font-smoothing]
13-04-2024 15:13:02.910Z;errorhandler.__handle;  Property: Unknown Property name. [1:134: -ms-text-size-adjust]
13-04-2024 15:13:02.910Z;errorhandler.__handle;  Property: Unknown Property name. [1:160: -webkit-text-size-adjust]
13-04-2024 15:13:02.910Z;errorhandler.__handle;  Property: Unknown Property name. [1:26: mso-table-lspace]
13-04-2024 15:13:02.910Z;errorhandler.__handle;  Property: Unknown Property name. [1:45: mso-table-rspace]
13-04-2024 15:13:02.926Z;errorhandler.__handle;  Property: Unknown Property name. [1:92: mso-hide]
13-04-2024 15:13:02.926Z;errorhandler.__handle;  Property: No ":" after name found: align-center [1:1: align-center]
13-04-2024 15:13:02.926Z;errorhandler.__handle;  Property: No property value found: align-center [1:1: align-center]
13-04-2024 15:13:02.926Z;errorhandler.__handle;  CSSStyleDeclaration: Syntax Error in Property: align-center
13-04-2024 15:13:02.926Z;errorhandler.__handle;  Property: Unknown Property name. [1:14: -ms-interpolation-mode]
13-04-2024 15:13:05.348Z;functions.emailErro;  Warning e-mail sent.
13-04-2024 15:13:05.348Z;functions.proccess_bordero;  CORRESPONDENCIA ['939646']
13-04-2024 15:13:05.348Z;functions.proccess_bordero;  NUMERO DE REFERENCIAS QUE SERÃO TIRADOS DA REMESSA ['939646']
13-04-2024 15:13:05.348Z;functions.proccess_bordero;  CHAMANDO A FUNÇÃO REMOVE_SEND
13-04-2024 15:14:42.957Z;functions.remove_send;  CLICA NA PRIMEIRA LINHA DA TABELA
13-04-2024 15:14:50.061Z;functions.remove_send;  ref_num_atual: 939646
13-04-2024 15:14:50.061Z;functions.remove_send;  num_de_ref: ['939646']
13-04-2024 15:14:54.163Z;functions.remove_send;  Retirando a referencia: 939646
13-04-2024 15:14:54.163Z;functions.remove_send;  SAINDO DO REMOVE_SEND E LIMPANDO O VETOR num_de_ref
13-04-2024 15:15:10.368Z;functions.proccess_bordero;  SELECIONAR INCLUSÃO DE BORDERO
13-04-2024 15:15:30.398Z;functions.waitForImage;  PRESS BUTON SIM image not found.
13-04-2024 15:16:36.692Z;functions.show_exception_and_exit;  'NoneType' object has no attribute 'click'
Traceback (most recent call last):
  File "C:\Projetos_Remessas\Remessa_Bancaria\main.py", line 156, in <module>
    result = process_lancamentos()
             ^^^^^^^^^^^^^^^^^^^^^
  File "C:\Projetos_Remessas\Remessa_Bancaria\SUBPROGRAMS\functions.py", line 669, in process_lancamentos
    proccess_bordero()
  File "C:\Projetos_Remessas\Remessa_Bancaria\SUBPROGRAMS\functions.py", line 882, in proccess_bordero
    proccess_bordero()
  File "C:\Projetos_Remessas\Remessa_Bancaria\SUBPROGRAMS\functions.py", line 806, in proccess_bordero
    menuitem_inclusao_bordero.click()
    ^^^^^^^^^^^^^^^^^^^^^^^^^^^^^^^
AttributeError: 'NoneType' object has no attribute 'click'
13-04-2024 15:16:36.864Z;functions.show_exception_and_exit;  PRINT SALVO
13-04-2024 15:16:37.037Z;functions.show_exception_and_exit;  RM FECHADO
13-04-2024 15:16:38.302Z;errorhandler.__handle;  Property: Unknown Property name. [1:14: -ms-interpolation-mode]
13-04-2024 15:16:41.302Z;functions.show_exception_and_exit;  EMAIL EXCEÇÃO ENVIADO
13-04-2024 15:16:41.302Z;functions.show_exception_and_exit;  ERRO - <class 'AttributeError'> / 'NoneType' object has no attribute 'click'
