13-04-2024 21:00:18.002Z;functions.bot_text_art;      ____   
13-04-2024 21:00:18.002Z;functions.bot_text_art;     [____]    
13-04-2024 21:00:18.002Z;functions.bot_text_art;   |=]()()[=|  
13-04-2024 21:00:18.002Z;functions.bot_text_art;     _\==/__    _____    ____     _        _____    ___   _  __
13-04-2024 21:00:18.002Z;functions.bot_text_art;   |__|   |_|  |  _  \  / ___|   | |      |_   _| / ___| | |/ /
13-04-2024 21:00:18.002Z;functions.bot_text_art;   |_|_/\_|_|  | |  | | | |      | |        | |   | |    | ' / 
13-04-2024 21:00:18.002Z;functions.bot_text_art;   | | __ | |  | |  | | | |      | |        | |   | |    |  <  
13-04-2024 21:00:18.002Z;functions.bot_text_art;   |_|[  ]|_|  | |__| | | |____  | |____   _| |_  | |__  | . \ 
13-04-2024 21:00:18.002Z;functions.bot_text_art;   \_|_||_|_/  |_____/   \_____| |______| |_____| \ ___| |_|\_\
13-04-2024 21:00:18.002Z;functions.bot_text_art;     |_||_|                                                     
13-04-2024 21:00:18.002Z;functions.bot_text_art;     | ||_|_   
13-04-2024 21:00:18.002Z;functions.bot_text_art;   |___||___|  
13-04-2024 21:00:18.002Z;functions.bot_text_art;               
13-04-2024 21:00:18.002Z;functions.open_RM;  OPEN PROGRAM RM
13-04-2024 21:00:24.909Z;functions.loggin_RM;  ENTER USER_NAME
13-04-2024 21:00:28.766Z;functions.loggin_RM;  ENTER PASSWORD
13-04-2024 21:00:29.454Z;functions.loggin_RM;  ENTER RM
13-04-2024 21:01:02.627Z;functions.enter_coligada;  CLICK CONTEXTO
13-04-2024 21:01:04.067Z;functions.enter_coligada;  CLICK ALTERAR MODULO DO CONTEXTO
13-04-2024 21:01:06.518Z;functions.enter_coligada;  INSERE O COLIGADA CODE = 1
13-04-2024 21:01:06.619Z;functions.enter_coligada;  APERTA TAB PARA PREENCHER O CAMPO COM A STRING: OCEANICA ENGENHARIA E CONSULTORIA S.A.
13-04-2024 21:01:07.471Z;functions.enter_coligada;  CLICK AVANÇAR NOVAMENTE
13-04-2024 21:01:08.268Z;functions.enter_coligada;  CLICK CONCLUIR
13-04-2024 21:01:16.846Z;functions.enter_coligada;  POP UP COLIGADA DESAPARECER
13-04-2024 21:01:17.455Z;functions.check_movimentacao_bancaria;  CLICK - TOTVS - LINHA RM
13-04-2024 21:01:18.517Z;functions.check_movimentacao_bancaria;  CLICK - BACK OFFICE
13-04-2024 21:01:20.862Z;functions.check_movimentacao_bancaria;  CLICK - GESTAO FINANCEIRA
13-04-2024 21:01:25.533Z;functions.movimentacao_bancaria;  CLICA NA ABA MOVIMENTAÇÃO BANCARIA
13-04-2024 21:01:25.732Z;functions.waitForImage;  IMAGEM BORDERO image found.
13-04-2024 21:01:27.838Z;functions.movimentacao_bancaria;  IMAGEM BORDERO CLICADA.
13-04-2024 21:01:38.346Z;functions.waitForImage;  LICENCAS EXCEDIDAS image not found.
13-04-2024 21:01:38.909Z;functions.movimentacao_bancaria;  ENCONTROU O FILTRO DA MOVIMENTAÇÃO BANCÁRIA
13-04-2024 21:01:38.924Z;functions.movimentacao_bancaria;  CLICA NA ABA SUPERIOR DO FILTRO
13-04-2024 21:01:43.432Z;functions.movimentacao_bancaria;  SELECIONA O FILTRO HOJE
13-04-2024 21:01:48.562Z;functions.waitForImage;  FILTER CLEAN image found.
13-04-2024 21:01:50.680Z;functions.filter_clean;  CLICA NO BOTÃO X DO LIMPA FILTRO
13-04-2024 21:02:05.895Z;functions.waitForImage;  FILTER CLEAN image not found.
13-04-2024 21:02:21.109Z;functions.waitForImage;  FILTER CLEAN image not found.
13-04-2024 21:02:21.956Z;functions.movimentacao_bancaria;  CLICA NA PRIMEIRA LINHA DA TABELA MOVIMENTAÇÃO BANCÁRIA
13-04-2024 21:02:22.721Z;functions.movimentacao_bancaria;  CLICA NA PRIMEIRA LINHA DA TABELA MOVIMENTAÇÃO BANCÁRIA
13-04-2024 21:02:23.942Z;functions.movimentacao_bancaria;  12 PASSOS PARA DIREITA NA TABELA >>
13-04-2024 21:02:25.205Z;functions.movimentacao_bancaria;  HOVER FILTER
13-04-2024 21:02:25.563Z;functions.movimentacao_bancaria;  CLICK FILTER
13-04-2024 21:02:29.872Z;functions.movimentacao_bancaria;  CLICA NO FILTRO  STATUS DA REMESSA
13-04-2024 21:02:31.973Z;functions.movimentacao_bancaria;  APERTA TAB PARA ESCREVER O FILTRO
13-04-2024 21:02:34.078Z;functions.movimentacao_bancaria;  ESCREVE PENDENTE NO FILTRO
13-04-2024 21:02:36.180Z;functions.movimentacao_bancaria;  APERTA ENTER PARA SELECIONAR OS PENDENTES
13-04-2024 21:02:57.183Z;functions.movimentacao_bancaria;  SEM PROCESSAMENTO DE BORDERO PENDENTE
13-04-2024 21:03:07.318Z;functions.waitForImage;  FILTER CLEAN image found.
13-04-2024 21:03:09.448Z;functions.filter_clean;  CLICA NO BOTÃO X DO LIMPA FILTRO
13-04-2024 21:03:24.628Z;functions.waitForImage;  FILTER CLEAN image not found.
13-04-2024 21:03:39.770Z;functions.waitForImage;  FILTER CLEAN image not found.
13-04-2024 21:03:40.612Z;functions.processo_pagamento;  CLICA NA PRIMEIRA LINHA DA TABELA MOVIMENTAÇÃO BANCÁRIA
13-04-2024 21:03:41.893Z;functions.processo_pagamento;  HOVER FILTER
13-04-2024 21:03:42.188Z;functions.processo_pagamento;  CLICK FILTER
13-04-2024 21:03:46.499Z;functions.processo_pagamento;  CLICA NO FILTRO  STATUS DA REMESSA
13-04-2024 21:03:48.601Z;functions.processo_pagamento;  APERTA TAB PARA ESCREVER O FILTRO
13-04-2024 21:03:50.708Z;functions.processo_pagamento;  ESCREVE AUTORIZADO NO FILTRO
13-04-2024 21:03:52.809Z;functions.processo_pagamento;  APERTA ENTER PARA SELECIONAR OS AUTORIZADOS
13-04-2024 21:03:59.144Z;functions.processo_pagamento;  6 PASSOS PARA ESQUERDA NA TABELA <<
13-04-2024 21:04:00.065Z;functions.check_user_bot;  Texto extraido 1/1
13-04-2024 21:04:00.065Z;functions.check_user_bot;  Count 1
13-04-2024 21:04:00.065Z;functions.check_user_bot;  Type <class 'int'>
13-04-2024 21:04:02.171Z;functions.check_user_bot;  CHECK USER BOT 1
13-04-2024 21:04:04.172Z;functions.check_user_bot;  integracao
13-04-2024 21:04:06.881Z;functions.check_user_bot;  7 PASSOS PARA DIREITA NA TABELA >>
13-04-2024 21:04:10.983Z;functions.check_user_bot;  341 / 3212 / 02675 - FERIAS/RESCISAO
13-04-2024 21:04:10.983Z;functions.check_user_bot;  Nome SISPAG não encontrado na string.
13-04-2024 21:04:11.690Z;functions.check_user_bot;  7 PASSOS PARA ESQUERDA NA TABELA <<
13-04-2024 21:04:11.791Z;functions.check_user_bot;  COUNT1: 0
13-04-2024 21:04:12.893Z;functions.processo_pagamento;  FECHA ABA MOVIMENTAÇÕES BANCÁRIAS
13-04-2024 21:04:13.699Z;functions.enter_contas_a_pagar;  CLICK - TOTVS - LINHA RM
13-04-2024 21:04:14.643Z;functions.enter_contas_a_pagar;  CLICK - BACK OFFICE
13-04-2024 21:04:15.331Z;functions.enter_contas_a_pagar;  CLICK - GESTAO FINANCEIRA
13-04-2024 21:04:20.098Z;functions.enter_contas_a_pagar;  CLICK - CONTAS A PAGAR
13-04-2024 21:04:20.223Z;functions.waitForImage;  LANÇAMENTOS image found.
13-04-2024 21:04:22.354Z;functions.enter_contas_a_pagar;  CLICA EM LANÇAMENTOS
13-04-2024 21:04:37.836Z;functions.waitForImage;  LICENCAS EXCEDIDAS image not found.
13-04-2024 21:04:37.836Z;functions.obter_intervalo_data;  VERIFICANDO A HORA ATUAL 21
13-04-2024 21:04:37.851Z;functions.obter_intervalo_data;  Data Inicial BANCARIA antes da remoção: None
13-04-2024 21:04:37.851Z;functions.obter_intervalo_data;  Data Final BANCARIA antes da remoção: None
13-04-2024 21:04:37.851Z;functions.obter_intervalo_data;  Data Inicial BANCARIA após a remoção: None
13-04-2024 21:04:37.851Z;functions.obter_intervalo_data;  Data Final BANCARIA após a remoção: None
13-04-2024 21:04:37.851Z;functions.obter_intervalo_data;  hoje -  2024-04-13 21:04:37.851891
13-04-2024 21:04:37.851Z;functions.data_filter;  DATA INICIO 17-04-2024
13-04-2024 21:04:37.851Z;functions.data_filter;  DATA FIM 23-04-2024
13-04-2024 21:04:37.851Z;functions.data_filter;  CLICK - SELECIONA A DATA DE QUARTA FEIRA E DA PROXIMA TERÇA
13-04-2024 21:04:37.851Z;functions.data_filter;  QUARTA-FEIRA: 17-04-2024
13-04-2024 21:04:37.851Z;functions.data_filter;  TERCA-FEIRA: 23-04-2024
13-04-2024 21:04:46.347Z;functions.data_filter;  CLICK - BOTAO DE SELECAO DE FILTRO
13-04-2024 21:04:50.114Z;functions.data_filter;  INSERE - DATA DE QUARTA-FEIRA: 17-04-2024
13-04-2024 21:04:53.643Z;functions.data_filter;  INSERE - DATA DA PROX TERCA-FEIRA: 23-04-2024
13-04-2024 21:04:54.299Z;functions.data_filter;  CLICK - BOTAO DE EXECUTAR O FILTRO
13-04-2024 21:06:29.082Z;functions.desmark_filter;  CLICK CHECKBOX LANÇAMENTOS A RECEBER
13-04-2024 21:06:29.911Z;functions.desmark_filter;  CLICK CHECKBOX LANÇAMENTOS BAIXADOS
13-04-2024 21:06:30.754Z;functions.desmark_filter;  CLICK CHECKBOX LANÇAMENTOS CANCELADOS
13-04-2024 21:06:31.645Z;functions.desmark_filter;  CLICK CHECKBOX LANÇAMENTOS FATURADOS
13-04-2024 21:06:32.551Z;functions.desmark_filter;  CLICK CHECKBOX LANÇAMENTOS FATURADOS
13-04-2024 21:06:52.722Z;functions.waitForImage;  FILTER CLEAN image not found.
13-04-2024 21:07:07.880Z;functions.waitForImage;  FILTER CLEAN image not found.
13-04-2024 21:07:23.078Z;functions.waitForImage;  FILTER CLEAN image not found.
13-04-2024 21:07:23.078Z;functions.check_table_record;  VERIFICANDO SE A TABELA ESTÁ VAZIA
13-04-2024 21:07:24.082Z;functions.check_table_record;  Texto extraido 1/267
13-04-2024 21:07:24.082Z;functions.check_table_record;  Count 267
13-04-2024 21:07:24.082Z;functions.check_table_record;  Type <class 'int'>
13-04-2024 21:07:24.082Z;functions.check_table_record;  TABELA CONTÉM REGISTROS
13-04-2024 21:07:34.942Z;functions.select_tipo_documento;  NOME DA COLUNA: Tipo de Documento
13-04-2024 21:07:36.191Z;functions.select_tipo_documento;  HOVER NOME DA COLUNA: Tipo de Documento
13-04-2024 21:07:36.790Z;functions.select_tipo_documento;  CLICA NO FILTRO PERSONALIZAR
13-04-2024 21:07:37.566Z;functions.select_tipo_documento;  CLICA PARA SELECIONAR OPÇÕES DO FILTRO
13-04-2024 21:07:44.600Z;functions.select_tipo_documento;  CLICK BUTTON CONFIRMAR FILTRO
13-04-2024 21:07:49.602Z;functions.filter_IPTE;  VERIFICANDO O COD DO CLIENTE EM CADA REGISTRO
13-04-2024 21:07:50.379Z;functions.filter_IPTE;  CLICA NA PRIMEIRA LINHA DA TABELA
13-04-2024 21:08:10.238Z;functions.filter_IPTE;  HOVER FILTER
13-04-2024 21:08:10.827Z;functions.filter_IPTE;  CLICK FILTER
13-04-2024 21:08:15.139Z;functions.filter_IPTE;  CLICA NO FILTRO PERSONALIZAR
13-04-2024 21:08:23.060Z;functions.check_table_record;  VERIFICANDO SE A TABELA ESTÁ VAZIA
13-04-2024 21:08:24.026Z;functions.check_table_record;  Texto extraido 1/1
13-04-2024 21:08:24.026Z;functions.check_table_record;  Count 1
13-04-2024 21:08:24.026Z;functions.check_table_record;  Type <class 'int'>
13-04-2024 21:08:24.026Z;functions.check_table_record;  TABELA CONTÉM REGISTROS
13-04-2024 21:08:24.026Z;functions.check_payment_type;  VERIFICANDO O COD DO CLIENTE EM CADA REGISTRO
13-04-2024 21:08:24.785Z;functions.check_payment_type;  CLICA NA PRIMEIRA LINHA DA TABELA
13-04-2024 21:08:32.889Z;functions.check_payment_type;  REF. LANÇAMENTO: 939646
13-04-2024 21:08:32.991Z;functions.check_payment_type;  ENTRANDO NO REGISTRO
13-04-2024 21:08:37.677Z;functions.waitForImage;  INTEGRAÇÃO BANCÁRIA image found.
13-04-2024 21:08:39.808Z;functions.check_payment_type;  CLICA EM INTEGRAÇÃO BANCÁRIA
13-04-2024 21:08:39.808Z;functions.check_payment_type;  VERIFICANDO INFORMAÇÕES
13-04-2024 21:08:42.918Z;functions.waitForImage;  DADOS BANCARIOS image found.
13-04-2024 21:08:43.050Z;functions.check_payment_type;  DADOS BANCARIOS
13-04-2024 21:08:45.051Z;functions.check_payment_type;  ENTROU DADOS BANCÁRIOS
13-04-2024 21:08:45.152Z;functions.check_payment_type;  APERTA TAB
13-04-2024 21:08:49.386Z;functions.waitForImage;  PRESS BUTTON OK image found.
13-04-2024 21:08:51.505Z;functions.click_ok;  PRESS BUTTON OK
13-04-2024 21:08:55.630Z;functions.waitForImage;  PRESS BUTTON OK image found.
13-04-2024 21:08:57.751Z;functions.click_ok;  PRESS BUTTON OK
13-04-2024 21:09:01.856Z;functions.check_payment_type;  INCLUIDOS: 939646 REFERENCIAS NO PROCESSAMENTO
13-04-2024 21:09:01.856Z;functions.check_payment_type;  FORAM INCLUIDOS: 1 REFERENCIAS NO PROCESSAMENTO
13-04-2024 21:09:06.614Z;functions.process_lancamentos;  CLICA PARA APARECER CONTA/CAIXA
13-04-2024 21:09:07.317Z;functions.process_lancamentos;  SELECIONA CONTA/CAIXA
13-04-2024 21:09:08.047Z;functions.process_lancamentos;  CLICA NO BOTÃO [...]
13-04-2024 21:09:13.152Z;functions.process_lancamentos;  CLICA NO CAMPO PESQUISA E DIGITA: %3212
13-04-2024 21:09:13.841Z;functions.process_lancamentos;  CLICA NO BOTÃO DO FILTRO
13-04-2024 21:09:14.565Z;functions.process_lancamentos;  CLICA NO BOTÃO OK
13-04-2024 21:09:15.287Z;functions.process_lancamentos;  CLICA NO BOTÃO EXECUTAR
13-04-2024 21:09:29.180Z;functions.waitForImage;  PRESS BUTTON OK image found.
13-04-2024 21:09:31.181Z;functions.process_lancamentos;  O PROCESSAMENTO FOI EXECUTADO COM SUCESSO.
13-04-2024 21:09:38.149Z;functions.process_lancamentos;  ERRO: Lançamento Ref. 939646: Convênio alterado para o convênio default '7' da conta Caixa '02675-5' .
Alteração Global de Lançamentos executada com sucesso

13-04-2024 21:09:38.767Z;functions.process_lancamentos;  CLICK EM FECHAR.
13-04-2024 21:11:54.994Z;functions.proccess_bordero;  SELECIONAR INCLUSÃO DE BORDERO
13-04-2024 21:12:15.272Z;functions.waitForImage;  PRESS BUTON SIM image not found.
13-04-2024 21:12:15.992Z;functions.proccess_bordero;  CLICA EM CONVÊNIO TRÊS PONTINHOS
13-04-2024 21:12:16.970Z;functions.proccess_bordero;  CLICA EM COMBOBOX PARA SELECIONAR O ID DO CONVÊNIO
13-04-2024 21:12:17.708Z;functions.proccess_bordero;  CLICA EM ID DO CONVÊNIO
13-04-2024 21:12:19.811Z;functions.proccess_bordero;  APERTA TAB PARA ESCREVER O ID
13-04-2024 21:12:21.913Z;functions.proccess_bordero;  ESCREVE O ID 7
13-04-2024 21:12:24.017Z;functions.proccess_bordero;  APERTA ENTER PARA SELECIONAR O ID 7 - SISPAG FORNECEDOR
13-04-2024 21:12:26.119Z;functions.proccess_bordero;  APERTA ENTER PARA ESCOLHER O ID 7 - SISPAG FORNECEDOR
13-04-2024 21:12:28.762Z;functions.proccess_bordero;  CLICA EM EXECUTAR NA INCLUSÃO DO BORDÊRO
13-04-2024 21:12:53.928Z;functions.waitForImage;  PRESS BUTTON OK image not found.
13-04-2024 21:12:58.859Z;functions.proccess_bordero;  ERRO: Existem inconsistências em alguns lançamentos, favor verificar e executar novamente o processo.

********* ERRO(S) NO(S) LANÇAMENTO(S)***********
Lançamento Ref.: 1-939646  - O movimento do lançamento não pode estar bloqueado




13-04-2024 21:12:59.458Z;functions.proccess_bordero;  CLICK EM FECHAR.
13-04-2024 21:13:01.319Z;errorhandler.__handle;  Property: Unknown Property name. [1:203: -ms-interpolation-mode]
13-04-2024 21:13:01.319Z;errorhandler.__handle;  Property: Unknown Property name. [1:353: -webkit-font-smoothing]
13-04-2024 21:13:01.319Z;errorhandler.__handle;  Property: Unknown Property name. [1:483: -ms-text-size-adjust]
13-04-2024 21:13:01.319Z;errorhandler.__handle;  Property: Unknown Property name. [1:518: -webkit-text-size-adjust]
13-04-2024 21:13:01.334Z;errorhandler.__handle;  Property: Unknown Property name. [1:612: mso-table-lspace]
13-04-2024 21:13:01.334Z;errorhandler.__handle;  Property: Unknown Property name. [1:642: mso-table-rspace]
13-04-2024 21:13:01.381Z;errorhandler.__handle;  Property: Unknown Property name. [1:4734: mso-hide]
13-04-2024 21:13:01.397Z;errorhandler.__handle;  Property: Unknown Property name. [1:13: -ms-interpolation-mode]
13-04-2024 21:13:01.397Z;errorhandler.__handle;  Property: Unknown Property name. [1:49: -webkit-font-smoothing]
13-04-2024 21:13:01.397Z;errorhandler.__handle;  Property: Unknown Property name. [1:134: -ms-text-size-adjust]
13-04-2024 21:13:01.397Z;errorhandler.__handle;  Property: Unknown Property name. [1:160: -webkit-text-size-adjust]
13-04-2024 21:13:01.397Z;errorhandler.__handle;  Property: Unknown Property name. [1:26: mso-table-lspace]
13-04-2024 21:13:01.397Z;errorhandler.__handle;  Property: Unknown Property name. [1:45: mso-table-rspace]
13-04-2024 21:13:01.412Z;errorhandler.__handle;  Property: Unknown Property name. [1:92: mso-hide]
13-04-2024 21:13:01.412Z;errorhandler.__handle;  Property: No ":" after name found: align-center [1:1: align-center]
13-04-2024 21:13:01.412Z;errorhandler.__handle;  Property: No property value found: align-center [1:1: align-center]
13-04-2024 21:13:01.412Z;errorhandler.__handle;  CSSStyleDeclaration: Syntax Error in Property: align-center
13-04-2024 21:13:01.412Z;errorhandler.__handle;  Property: Unknown Property name. [1:14: -ms-interpolation-mode]
13-04-2024 21:13:04.221Z;functions.emailErro;  Warning e-mail sent.
13-04-2024 21:13:04.221Z;functions.proccess_bordero;  CORRESPONDENCIA ['939646']
13-04-2024 21:13:04.221Z;functions.proccess_bordero;  NUMERO DE REFERENCIAS QUE SERÃO TIRADOS DA REMESSA ['939646']
13-04-2024 21:13:04.221Z;functions.proccess_bordero;  CHAMANDO A FUNÇÃO REMOVE_SEND
13-04-2024 21:14:35.537Z;functions.remove_send;  CLICA NA PRIMEIRA LINHA DA TABELA
13-04-2024 21:14:42.641Z;functions.remove_send;  ref_num_atual: 939646
13-04-2024 21:14:42.641Z;functions.remove_send;  num_de_ref: ['939646']
13-04-2024 21:14:46.743Z;functions.remove_send;  Retirando a referencia: 939646
13-04-2024 21:14:46.743Z;functions.remove_send;  SAINDO DO REMOVE_SEND E LIMPANDO O VETOR num_de_ref
13-04-2024 21:15:02.954Z;functions.proccess_bordero;  SELECIONAR INCLUSÃO DE BORDERO
13-04-2024 21:15:23.257Z;functions.waitForImage;  PRESS BUTON SIM image not found.
13-04-2024 21:16:29.491Z;functions.show_exception_and_exit;  'NoneType' object has no attribute 'click'
Traceback (most recent call last):
  File "C:\Projetos_Remessas\Remessa_Bancaria\main.py", line 156, in <module>
    result = process_lancamentos()
             ^^^^^^^^^^^^^^^^^^^^^
  File "C:\Projetos_Remessas\Remessa_Bancaria\SUBPROGRAMS\functions.py", line 669, in process_lancamentos
    proccess_bordero()
  File "C:\Projetos_Remessas\Remessa_Bancaria\SUBPROGRAMS\functions.py", line 882, in proccess_bordero
    proccess_bordero()
  File "C:\Projetos_Remessas\Remessa_Bancaria\SUBPROGRAMS\functions.py", line 806, in proccess_bordero
    menuitem_inclusao_bordero.click()
    ^^^^^^^^^^^^^^^^^^^^^^^^^^^^^^^
AttributeError: 'NoneType' object has no attribute 'click'
13-04-2024 21:16:29.647Z;functions.show_exception_and_exit;  PRINT SALVO
13-04-2024 21:16:29.733Z;functions.show_exception_and_exit;  RM FECHADO
13-04-2024 21:16:31.221Z;errorhandler.__handle;  Property: Unknown Property name. [1:14: -ms-interpolation-mode]
13-04-2024 21:16:35.006Z;functions.show_exception_and_exit;  EMAIL EXCEÇÃO ENVIADO
13-04-2024 21:16:35.006Z;functions.show_exception_and_exit;  ERRO - <class 'AttributeError'> / 'NoneType' object has no attribute 'click'
