26-03-2024 10:29:38.896Z;functions.bot_text_art;      ____   
26-03-2024 10:29:38.896Z;functions.bot_text_art;     [____]    
26-03-2024 10:29:38.896Z;functions.bot_text_art;   |=]()()[=|  
26-03-2024 10:29:38.896Z;functions.bot_text_art;     _\==/__    _____    ____     _        _____    ___   _  __
26-03-2024 10:29:38.896Z;functions.bot_text_art;   |__|   |_|  |  _  \  / ___|   | |      |_   _| / ___| | |/ /
26-03-2024 10:29:38.896Z;functions.bot_text_art;   |_|_/\_|_|  | |  | | | |      | |        | |   | |    | ' / 
26-03-2024 10:29:38.896Z;functions.bot_text_art;   | | __ | |  | |  | | | |      | |        | |   | |    |  <  
26-03-2024 10:29:38.896Z;functions.bot_text_art;   |_|[  ]|_|  | |__| | | |____  | |____   _| |_  | |__  | . \ 
26-03-2024 10:29:38.896Z;functions.bot_text_art;   \_|_||_|_/  |_____/   \_____| |______| |_____| \ ___| |_|\_\
26-03-2024 10:29:38.896Z;functions.bot_text_art;     |_||_|                                                     
26-03-2024 10:29:38.896Z;functions.bot_text_art;     | ||_|_   
26-03-2024 10:29:38.896Z;functions.bot_text_art;   |___||___|  
26-03-2024 10:29:38.896Z;functions.bot_text_art;               
26-03-2024 10:29:38.911Z;functions.open_RM;  OPEN PROGRAM RM
26-03-2024 10:29:51.849Z;functions.loggin_RM;  ENTER USER_NAME
26-03-2024 10:29:56.285Z;functions.loggin_RM;  ENTER PASSWORD
26-03-2024 10:29:57.584Z;functions.loggin_RM;  ENTER RM
26-03-2024 10:30:42.786Z;functions.enter_coligada;  CLICK CONTEXTO
26-03-2024 10:30:48.177Z;functions.enter_coligada;  CLICK ALTERAR MODULO DO CONTEXTO
26-03-2024 10:30:52.166Z;functions.enter_coligada;  INSERE O COLIGADA CODE = 1
26-03-2024 10:30:52.273Z;functions.enter_coligada;  APERTA TAB PARA PREENCHER O CAMPO COM A STRING: OCEANICA ENGENHARIA E CONSULTORIA S.A.
26-03-2024 10:30:53.910Z;functions.enter_coligada;  CLICK AVANÇAR NOVAMENTE
26-03-2024 10:30:55.349Z;functions.enter_coligada;  CLICK CONCLUIR
26-03-2024 10:31:22.302Z;functions.enter_coligada;  POP UP COLIGADA DESAPARECER
26-03-2024 10:31:23.160Z;functions.check_movimentacao_bancaria;  CLICK - TOTVS - LINHA RM
26-03-2024 10:31:24.896Z;functions.check_movimentacao_bancaria;  CLICK - BACK OFFICE
26-03-2024 10:31:27.708Z;functions.check_movimentacao_bancaria;  CLICK - GESTAO FINANCEIRA
26-03-2024 10:31:36.724Z;functions.movimentacao_bancaria;  CLICA NA ABA MOVIMENTAÇÃO BANCARIA
26-03-2024 10:31:38.029Z;functions.waitForImage;  IMAGEM BORDERO image found.
26-03-2024 10:31:40.154Z;functions.movimentacao_bancaria;  IMAGEM BORDERO CLICADA.
26-03-2024 10:32:00.831Z;functions.waitForImage;  LICENCAS EXCEDIDAS image not found.
26-03-2024 10:32:01.802Z;functions.movimentacao_bancaria;  ENCONTROU O FILTRO DA MOVIMENTAÇÃO BANCÁRIA
26-03-2024 10:32:01.833Z;functions.movimentacao_bancaria;  CLICA NA ABA SUPERIOR DO FILTRO
26-03-2024 10:32:05.043Z;functions.movimentacao_bancaria;  SELECIONA O FILTRO HOJE
26-03-2024 10:32:10.363Z;functions.waitForImage;  FILTER CLEAN image found.
26-03-2024 10:32:12.494Z;functions.filter_clean;  CLICA NO BOTÃO X DO LIMPA FILTRO
26-03-2024 10:32:12.814Z;functions.waitForImage;  FILTER CLEAN image found.
26-03-2024 10:32:14.941Z;functions.filter_clean;  CLICA NO BOTÃO X DO LIMPA FILTRO
26-03-2024 10:32:30.723Z;functions.waitForImage;  FILTER CLEAN image not found.
26-03-2024 10:32:32.145Z;functions.movimentacao_bancaria;  CLICA NA PRIMEIRA LINHA DA TABELA MOVIMENTAÇÃO BANCÁRIA
26-03-2024 10:32:33.375Z;functions.movimentacao_bancaria;  12 PASSOS PARA DIREITA NA TABELA >>
26-03-2024 10:32:35.333Z;functions.movimentacao_bancaria;  HOVER FILTER
26-03-2024 10:32:35.796Z;functions.movimentacao_bancaria;  CLICK FILTER
26-03-2024 10:32:40.120Z;functions.movimentacao_bancaria;  CLICA NO FILTRO  STATUS DA REMESSA
26-03-2024 10:32:42.223Z;functions.movimentacao_bancaria;  APERTA TAB PARA ESCREVER O FILTRO
26-03-2024 10:32:44.339Z;functions.movimentacao_bancaria;  ESCREVE PENDENTE NO FILTRO
26-03-2024 10:32:46.442Z;functions.movimentacao_bancaria;  APERTA ENTER PARA SELECIONAR OS PENDENTES
26-03-2024 10:33:09.052Z;functions.movimentacao_bancaria;  SEM PROCESSAMENTO DE BORDERO PENDENTE
26-03-2024 10:33:19.334Z;functions.waitForImage;  FILTER CLEAN image found.
26-03-2024 10:33:21.462Z;functions.filter_clean;  CLICA NO BOTÃO X DO LIMPA FILTRO
26-03-2024 10:33:37.165Z;functions.waitForImage;  FILTER CLEAN image not found.
26-03-2024 10:33:52.878Z;functions.waitForImage;  FILTER CLEAN image not found.
26-03-2024 10:33:54.444Z;functions.processo_pagamento;  CLICA NA PRIMEIRA LINHA DA TABELA MOVIMENTAÇÃO BANCÁRIA
26-03-2024 10:33:56.301Z;functions.processo_pagamento;  HOVER FILTER
26-03-2024 10:33:56.742Z;functions.processo_pagamento;  CLICK FILTER
26-03-2024 10:34:01.075Z;functions.processo_pagamento;  CLICA NO FILTRO  STATUS DA REMESSA
26-03-2024 10:34:03.177Z;functions.processo_pagamento;  APERTA TAB PARA ESCREVER O FILTRO
26-03-2024 10:34:05.292Z;functions.processo_pagamento;  ESCREVE AUTORIZADO NO FILTRO
26-03-2024 10:34:07.395Z;functions.processo_pagamento;  APERTA ENTER PARA SELECIONAR OS AUTORIZADOS
26-03-2024 10:34:30.177Z;functions.processo_pagamento;  SEM REMESSA DE BORDERO AUTORIZADO
26-03-2024 10:34:31.281Z;functions.processo_pagamento;  FECHA ABA MOVIMENTAÇÕES BANCÁRIAS
26-03-2024 10:34:33.380Z;functions.enter_contas_a_pagar;  CLICK - TOTVS - LINHA RM
26-03-2024 10:34:34.754Z;functions.enter_contas_a_pagar;  CLICK - BACK OFFICE
26-03-2024 10:34:35.692Z;functions.enter_contas_a_pagar;  CLICK - GESTAO FINANCEIRA
26-03-2024 10:34:45.599Z;functions.enter_contas_a_pagar;  CLICK - CONTAS A PAGAR
26-03-2024 10:34:46.750Z;functions.waitForImage;  LANÇAMENTOS image found.
26-03-2024 10:34:48.875Z;functions.enter_contas_a_pagar;  CLICA EM LANÇAMENTOS
26-03-2024 10:35:04.177Z;functions.waitForImage;  LICENCAS EXCEDIDAS image not found.
26-03-2024 10:35:04.177Z;functions.obter_intervalo_data;  VERIFICANDO A HORA ATUAL 10
26-03-2024 10:35:04.177Z;functions.obter_intervalo_data;  Data Inicial BANCARIA antes da remoção: None
26-03-2024 10:35:04.177Z;functions.obter_intervalo_data;  Data Final BANCARIA antes da remoção: None
26-03-2024 10:35:04.177Z;functions.obter_intervalo_data;  Data Inicial BANCARIA após a remoção: None
26-03-2024 10:35:04.177Z;functions.obter_intervalo_data;  Data Final BANCARIA após a remoção: None
26-03-2024 10:35:04.177Z;functions.obter_intervalo_data;  hoje -  2024-03-26 10:35:04.177058
26-03-2024 10:35:04.177Z;functions.data_filter;  DATA INICIO 27-03-2024
26-03-2024 10:35:04.177Z;functions.data_filter;  DATA FIM 02-04-2024
26-03-2024 10:35:04.177Z;functions.data_filter;  CLICK - SELECIONA A DATA DE QUARTA FEIRA E DA PROXIMA TERÇA
26-03-2024 10:35:04.177Z;functions.data_filter;  QUARTA-FEIRA: 27-03-2024
26-03-2024 10:35:04.177Z;functions.data_filter;  TERCA-FEIRA: 02-04-2024
26-03-2024 10:35:13.609Z;functions.data_filter;  CLICK - BOTAO DE SELECAO DE FILTRO
26-03-2024 10:35:18.113Z;functions.data_filter;  INSERE - DATA DE QUARTA-FEIRA: 27-03-2024
26-03-2024 10:35:22.066Z;functions.data_filter;  INSERE - DATA DA PROX TERCA-FEIRA: 02-04-2024
26-03-2024 10:35:23.037Z;functions.data_filter;  CLICK - BOTAO DE EXECUTAR O FILTRO
26-03-2024 10:36:23.269Z;functions.desmark_filter;  CLICK CHECKBOX LANÇAMENTOS A RECEBER
26-03-2024 10:36:25.098Z;functions.desmark_filter;  CLICK CHECKBOX LANÇAMENTOS BAIXADOS
26-03-2024 10:36:27.067Z;functions.desmark_filter;  CLICK CHECKBOX LANÇAMENTOS CANCELADOS
26-03-2024 10:36:29.162Z;functions.desmark_filter;  CLICK CHECKBOX LANÇAMENTOS FATURADOS
26-03-2024 10:36:31.099Z;functions.desmark_filter;  CLICK CHECKBOX LANÇAMENTOS FATURADOS
26-03-2024 10:36:36.496Z;functions.waitForImage;  FILTER CLEAN image found.
26-03-2024 10:36:38.601Z;functions.filter_clean;  CLICA NO BOTÃO X DO LIMPA FILTRO
26-03-2024 10:36:54.258Z;functions.waitForImage;  FILTER CLEAN image not found.
26-03-2024 10:37:09.709Z;functions.waitForImage;  FILTER CLEAN image not found.
26-03-2024 10:37:09.724Z;functions.check_table_record;  VERIFICANDO SE A TABELA ESTÁ VAZIA
26-03-2024 10:37:12.176Z;functions.check_table_record;  Texto extraido 1/51
26-03-2024 10:37:12.176Z;functions.check_table_record;  Count 51
26-03-2024 10:37:12.176Z;functions.check_table_record;  Type <class 'int'>
26-03-2024 10:37:12.176Z;functions.check_table_record;  TABELA CONTÉM REGISTROS
26-03-2024 10:37:24.019Z;functions.select_tipo_documento;  NOME DA COLUNA: Tipo de Documento
26-03-2024 10:37:25.895Z;functions.select_tipo_documento;  HOVER NOME DA COLUNA: Tipo de Documento
26-03-2024 10:37:26.671Z;functions.select_tipo_documento;  CLICA NO FILTRO PERSONALIZAR
26-03-2024 10:37:28.113Z;functions.select_tipo_documento;  CLICA PARA SELECIONAR OPÇÕES DO FILTRO
26-03-2024 10:37:35.406Z;functions.select_tipo_documento;  CLICK BUTTON CONFIRMAR FILTRO
26-03-2024 10:37:40.409Z;functions.filter_IPTE;  VERIFICANDO O COD DO CLIENTE EM CADA REGISTRO
26-03-2024 10:37:41.879Z;functions.filter_IPTE;  CLICA NA PRIMEIRA LINHA DA TABELA
26-03-2024 10:38:05.363Z;functions.filter_IPTE;  HOVER FILTER
26-03-2024 10:38:07.070Z;functions.filter_IPTE;  CLICK FILTER
26-03-2024 10:38:11.405Z;functions.filter_IPTE;  CLICA NO FILTRO PERSONALIZAR
26-03-2024 10:38:20.126Z;functions.check_table_record;  VERIFICANDO SE A TABELA ESTÁ VAZIA
26-03-2024 10:38:22.676Z;functions.check_table_record;  Texto extraido 1/2
26-03-2024 10:38:22.676Z;functions.check_table_record;  Count 2
26-03-2024 10:38:22.676Z;functions.check_table_record;  Type <class 'int'>
26-03-2024 10:38:22.676Z;functions.check_table_record;  TABELA CONTÉM REGISTROS
26-03-2024 10:38:22.676Z;functions.check_payment_type;  VERIFICANDO O COD DO CLIENTE EM CADA REGISTRO
26-03-2024 10:38:24.160Z;functions.check_payment_type;  CLICA NA PRIMEIRA LINHA DA TABELA
26-03-2024 10:38:32.268Z;functions.check_payment_type;  REF. LANÇAMENTO: 933840
26-03-2024 10:38:32.375Z;functions.check_payment_type;  ENTRANDO NO REGISTRO
26-03-2024 10:38:45.893Z;functions.waitForImage;  INTEGRAÇÃO BANCÁRIA image found.
26-03-2024 10:38:48.015Z;functions.check_payment_type;  CLICA EM INTEGRAÇÃO BANCÁRIA
26-03-2024 10:38:48.015Z;functions.check_payment_type;  VERIFICANDO INFORMAÇÕES
26-03-2024 10:38:51.352Z;functions.waitForImage;  DADOS BANCARIOS image found.
26-03-2024 10:38:51.472Z;functions.check_payment_type;  DADOS BANCARIOS
26-03-2024 10:38:53.474Z;functions.check_payment_type;  ENTROU DADOS BANCÁRIOS
26-03-2024 10:38:53.578Z;functions.check_payment_type;  APERTA TAB
26-03-2024 10:38:55.689Z;functions.check_payment_type;  CTRL C
26-03-2024 10:38:56.690Z;functions.check_payment_type;  DESCRICAO CORRETA BOLETO
26-03-2024 10:38:57.052Z;functions.waitForImage;  FORMA DE PAGAMENTO image found.
26-03-2024 10:38:59.061Z;functions.check_payment_type;  FORMA DE PAGAMENTO: TITULO DE COBRANÇA (BOLETO)
26-03-2024 10:39:01.440Z;functions.waitForImage;  PRESS BUTTON OK image found.
26-03-2024 10:39:03.575Z;functions.click_ok;  PRESS BUTTON OK
26-03-2024 10:39:05.935Z;functions.waitForImage;  PRESS BUTTON OK image found.
26-03-2024 10:39:08.061Z;functions.click_ok;  PRESS BUTTON OK
26-03-2024 10:39:12.166Z;functions.check_payment_type;  INCLUIDOS: 933840 REFERENCIAS NO PROCESSAMENTO
26-03-2024 10:39:14.269Z;functions.check_payment_type;  PASSANDO PARA PRÓXIMO REGISTRO
26-03-2024 10:39:24.374Z;functions.check_payment_type;  REF. LANÇAMENTO: 933849
26-03-2024 10:39:24.478Z;functions.check_payment_type;  ENTRANDO NO REGISTRO
26-03-2024 10:39:31.957Z;functions.waitForImage;  INTEGRAÇÃO BANCÁRIA image found.
26-03-2024 10:39:34.091Z;functions.check_payment_type;  CLICA EM INTEGRAÇÃO BANCÁRIA
26-03-2024 10:39:34.091Z;functions.check_payment_type;  VERIFICANDO INFORMAÇÕES
26-03-2024 10:39:37.435Z;functions.waitForImage;  DADOS BANCARIOS image found.
26-03-2024 10:39:37.540Z;functions.check_payment_type;  DADOS BANCARIOS
26-03-2024 10:39:39.543Z;functions.check_payment_type;  ENTROU DADOS BANCÁRIOS
26-03-2024 10:39:39.647Z;functions.check_payment_type;  APERTA TAB
26-03-2024 10:39:41.751Z;functions.check_payment_type;  CTRL C
26-03-2024 10:39:42.752Z;functions.check_payment_type;  DESCRICAO CORRETA BOLETO
26-03-2024 10:39:43.143Z;functions.waitForImage;  FORMA DE PAGAMENTO image found.
26-03-2024 10:39:45.146Z;functions.check_payment_type;  FORMA DE PAGAMENTO: TITULO DE COBRANÇA (BOLETO)
26-03-2024 10:39:47.488Z;functions.waitForImage;  PRESS BUTTON OK image found.
26-03-2024 10:39:49.615Z;functions.click_ok;  PRESS BUTTON OK
26-03-2024 10:39:51.910Z;functions.waitForImage;  PRESS BUTTON OK image found.
26-03-2024 10:39:54.043Z;functions.click_ok;  PRESS BUTTON OK
26-03-2024 10:39:58.149Z;functions.check_payment_type;  INCLUIDOS: 933849 REFERENCIAS NO PROCESSAMENTO
26-03-2024 10:39:58.149Z;functions.check_payment_type;  FORAM INCLUIDOS: 2 REFERENCIAS NO PROCESSAMENTO
26-03-2024 10:40:04.988Z;functions.process_lancamentos;  CLICA PARA APARECER CONTA/CAIXA
26-03-2024 10:40:06.203Z;functions.process_lancamentos;  SELECIONA CONTA/CAIXA
26-03-2024 10:40:07.418Z;functions.process_lancamentos;  CLICA NO BOTÃO [...]
26-03-2024 10:40:12.525Z;functions.process_lancamentos;  CLICA NO CAMPO PESQUISA E DIGITA: %3212
26-03-2024 10:40:13.629Z;functions.process_lancamentos;  CLICA NO BOTÃO DO FILTRO
26-03-2024 10:40:14.972Z;functions.process_lancamentos;  CLICA NO BOTÃO OK
26-03-2024 10:40:16.191Z;functions.process_lancamentos;  CLICA NO BOTÃO EXECUTAR
26-03-2024 10:40:29.363Z;functions.waitForImage;  PRESS BUTTON OK image found.
26-03-2024 10:40:31.365Z;functions.process_lancamentos;  O PROCESSAMENTO FOI EXECUTADO COM SUCESSO.
26-03-2024 10:40:38.933Z;functions.process_lancamentos;  ERRO: Lançamento Ref. 933840: Convênio alterado para o convênio default '7' da conta Caixa '02675-5' .
Lançamento Ref. 933849: Convênio alterado para o convênio default '7' da conta Caixa '02675-5' .
Alteração Global de Lançamentos executada com sucesso

26-03-2024 10:40:39.816Z;functions.process_lancamentos;  CLICK EM FECHAR.
26-03-2024 10:42:56.575Z;functions.proccess_bordero;  SELECIONAR INCLUSÃO DE BORDERO
26-03-2024 10:43:17.165Z;functions.waitForImage;  PRESS BUTON SIM image not found.
26-03-2024 10:43:18.370Z;functions.proccess_bordero;  CLICA EM CONVÊNIO TRÊS PONTINHOS
26-03-2024 10:43:20.489Z;functions.proccess_bordero;  CLICA EM COMBOBOX PARA SELECIONAR O ID DO CONVÊNIO
26-03-2024 10:43:21.724Z;functions.proccess_bordero;  CLICA EM ID DO CONVÊNIO
26-03-2024 10:43:23.828Z;functions.proccess_bordero;  APERTA TAB PARA ESCREVER O ID
26-03-2024 10:43:25.931Z;functions.proccess_bordero;  ESCREVE O ID 7
26-03-2024 10:43:28.034Z;functions.proccess_bordero;  APERTA ENTER PARA SELECIONAR O ID 7 - SISPAG FORNECEDOR
26-03-2024 10:43:30.137Z;functions.proccess_bordero;  APERTA ENTER PARA ESCOLHER O ID 7 - SISPAG FORNECEDOR
26-03-2024 10:43:33.050Z;functions.proccess_bordero;  CLICA EM EXECUTAR NA INCLUSÃO DO BORDÊRO
26-03-2024 10:43:53.676Z;functions.waitForImage;  PRESS BUTTON OK image not found.
26-03-2024 10:43:59.184Z;functions.proccess_bordero;  ERRO: Existem inconsistências em alguns lançamentos, favor verificar e executar novamente o processo.

********* ERRO(S) NO(S) LANÇAMENTO(S)***********
Lançamento Ref.: 1-933840  - O movimento do lançamento não pode estar bloqueado
Lançamento Ref.: 1-933849  - O movimento do lançamento não pode estar bloqueado




26-03-2024 10:44:00.050Z;functions.proccess_bordero;  CLICK EM FECHAR.
26-03-2024 10:44:03.019Z;errorhandler.__handle;  Property: Unknown Property name. [1:203: -ms-interpolation-mode]
26-03-2024 10:44:03.066Z;errorhandler.__handle;  Property: Unknown Property name. [1:353: -webkit-font-smoothing]
26-03-2024 10:44:03.082Z;errorhandler.__handle;  Property: Unknown Property name. [1:483: -ms-text-size-adjust]
26-03-2024 10:44:03.082Z;errorhandler.__handle;  Property: Unknown Property name. [1:518: -webkit-text-size-adjust]
26-03-2024 10:44:03.082Z;errorhandler.__handle;  Property: Unknown Property name. [1:612: mso-table-lspace]
26-03-2024 10:44:03.082Z;errorhandler.__handle;  Property: Unknown Property name. [1:642: mso-table-rspace]
26-03-2024 10:44:03.269Z;errorhandler.__handle;  Property: Unknown Property name. [1:4734: mso-hide]
26-03-2024 10:44:03.347Z;errorhandler.__handle;  Property: Unknown Property name. [1:13: -ms-interpolation-mode]
26-03-2024 10:44:03.347Z;errorhandler.__handle;  Property: Unknown Property name. [1:49: -webkit-font-smoothing]
26-03-2024 10:44:03.347Z;errorhandler.__handle;  Property: Unknown Property name. [1:134: -ms-text-size-adjust]
26-03-2024 10:44:03.347Z;errorhandler.__handle;  Property: Unknown Property name. [1:160: -webkit-text-size-adjust]
26-03-2024 10:44:03.347Z;errorhandler.__handle;  Property: Unknown Property name. [1:26: mso-table-lspace]
26-03-2024 10:44:03.347Z;errorhandler.__handle;  Property: Unknown Property name. [1:45: mso-table-rspace]
26-03-2024 10:44:03.379Z;errorhandler.__handle;  Property: Unknown Property name. [1:92: mso-hide]
26-03-2024 10:44:03.379Z;errorhandler.__handle;  Property: No ":" after name found: align-center [1:1: align-center]
26-03-2024 10:44:03.379Z;errorhandler.__handle;  Property: No property value found: align-center [1:1: align-center]
26-03-2024 10:44:03.379Z;errorhandler.__handle;  CSSStyleDeclaration: Syntax Error in Property: align-center
26-03-2024 10:44:03.379Z;errorhandler.__handle;  Property: Unknown Property name. [1:14: -ms-interpolation-mode]
26-03-2024 10:44:05.862Z;functions.emailErro;  Warning e-mail sent.
26-03-2024 10:44:05.862Z;functions.proccess_bordero;  CORRESPONDENCIA ['933840', '933849']
26-03-2024 10:44:05.862Z;functions.proccess_bordero;  NUMERO DE REFERENCIAS QUE SERÃO TIRADOS DA REMESSA ['933840', '933849']
26-03-2024 10:44:05.862Z;functions.proccess_bordero;  CHAMANDO A FUNÇÃO REMOVE_SEND
26-03-2024 10:45:03.347Z;functions.remove_send;  CLICA NA PRIMEIRA LINHA DA TABELA
26-03-2024 10:45:10.453Z;functions.remove_send;  ref_num_atual: 933840
26-03-2024 10:45:10.454Z;functions.remove_send;  num_de_ref: ['933840', '933849']
26-03-2024 10:45:14.559Z;functions.remove_send;  Retirando a referencia: 933840
26-03-2024 10:45:26.766Z;functions.remove_send;  ref_num_atual: 933849
26-03-2024 10:45:26.766Z;functions.remove_send;  num_de_ref: ['933840', '933849']
26-03-2024 10:45:30.871Z;functions.remove_send;  Retirando a referencia: 933849
26-03-2024 10:45:30.871Z;functions.remove_send;  SAINDO DO REMOVE_SEND E LIMPANDO O VETOR num_de_ref
26-03-2024 10:45:47.704Z;functions.proccess_bordero;  SELECIONAR INCLUSÃO DE BORDERO
26-03-2024 10:46:07.823Z;functions.waitForImage;  PRESS BUTON SIM image not found.
26-03-2024 10:48:09.300Z;functions.show_exception_and_exit;  'NoneType' object has no attribute 'click'
Traceback (most recent call last):
  File "C:\Projetos_Remessas\Remessa_Bancaria\main.py", line 156, in <module>
    result = process_lancamentos()
             ^^^^^^^^^^^^^^^^^^^^^
  File "C:\Projetos_Remessas\Remessa_Bancaria\SUBPROGRAMS\functions.py", line 677, in process_lancamentos
    proccess_bordero()
  File "C:\Projetos_Remessas\Remessa_Bancaria\SUBPROGRAMS\functions.py", line 892, in proccess_bordero
    proccess_bordero()
  File "C:\Projetos_Remessas\Remessa_Bancaria\SUBPROGRAMS\functions.py", line 816, in proccess_bordero
    menuitem_inclusao_bordero.click()
    ^^^^^^^^^^^^^^^^^^^^^^^^^^^^^^^
AttributeError: 'NoneType' object has no attribute 'click'
26-03-2024 10:48:09.706Z;functions.show_exception_and_exit;  PRINT SALVO
26-03-2024 10:48:10.152Z;functions.show_exception_and_exit;  RM FECHADO
26-03-2024 10:48:11.378Z;errorhandler.__handle;  Property: Unknown Property name. [1:14: -ms-interpolation-mode]
26-03-2024 10:48:14.346Z;functions.show_exception_and_exit;  EMAIL EXCEÇÃO ENVIADO
26-03-2024 10:48:14.346Z;functions.show_exception_and_exit;  ERRO - <class 'AttributeError'> / 'NoneType' object has no attribute 'click'
