12-03-2024 23:35:29.390Z;functions.bot_text_art;      ____   
12-03-2024 23:35:29.390Z;functions.bot_text_art;     [____]    
12-03-2024 23:35:29.390Z;functions.bot_text_art;   |=]()()[=|  
12-03-2024 23:35:29.390Z;functions.bot_text_art;     _\==/__    _____    ____     _        _____    ___   _  __
12-03-2024 23:35:29.390Z;functions.bot_text_art;   |__|   |_|  |  _  \  / ___|   | |      |_   _| / ___| | |/ /
12-03-2024 23:35:29.390Z;functions.bot_text_art;   |_|_/\_|_|  | |  | | | |      | |        | |   | |    | ' / 
12-03-2024 23:35:29.390Z;functions.bot_text_art;   | | __ | |  | |  | | | |      | |        | |   | |    |  <  
12-03-2024 23:35:29.390Z;functions.bot_text_art;   |_|[  ]|_|  | |__| | | |____  | |____   _| |_  | |__  | . \ 
12-03-2024 23:35:29.390Z;functions.bot_text_art;   \_|_||_|_/  |_____/   \_____| |______| |_____| \ ___| |_|\_\
12-03-2024 23:35:29.390Z;functions.bot_text_art;     |_||_|                                                     
12-03-2024 23:35:29.390Z;functions.bot_text_art;     | ||_|_   
12-03-2024 23:35:29.390Z;functions.bot_text_art;   |___||___|  
12-03-2024 23:35:29.390Z;functions.bot_text_art;               
12-03-2024 23:35:29.390Z;functions.open_RM;  OPEN PROGRAM RM
12-03-2024 23:35:46.702Z;functions.loggin_RM;  ENTER USER_NAME
12-03-2024 23:35:51.157Z;functions.loggin_RM;  ENTER PASSWORD
12-03-2024 23:35:52.359Z;functions.loggin_RM;  ENTER RM
12-03-2024 23:36:38.639Z;functions.enter_coligada;  CLICK CONTEXTO
12-03-2024 23:36:44.111Z;functions.enter_coligada;  CLICK COLIGADA 1
12-03-2024 23:36:46.515Z;functions.enter_coligada;  CLICK AVANÇAR
12-03-2024 23:36:48.965Z;functions.enter_coligada;  INSERE O COLIGADA CODE = 1
12-03-2024 23:36:49.072Z;functions.enter_coligada;  APERTA TAB PARA PREENCHER O CAMPO COM A STRING: OCEANICA ENGENHARIA E CONSULTORIA S.A.
12-03-2024 23:36:50.827Z;functions.enter_coligada;  CLICK AVANÇAR NOVAMENTE
12-03-2024 23:36:52.296Z;functions.enter_coligada;  CLICK CONCLUIR
12-03-2024 23:37:19.905Z;functions.enter_coligada;  POP UP COLIGADA DESAPARECER
12-03-2024 23:37:20.748Z;functions.check_movimentacao_bancaria;  CLICK - TOTVS - LINHA RM
12-03-2024 23:37:22.592Z;functions.check_movimentacao_bancaria;  CLICK - BACK OFFICE
12-03-2024 23:37:25.373Z;functions.check_movimentacao_bancaria;  CLICK - GESTAO FINANCEIRA
12-03-2024 23:37:33.888Z;functions.movimentacao_bancaria;  CLICA NA ABA MOVIMENTAÇÃO BANCARIA
12-03-2024 23:37:35.143Z;functions.waitForImage;  IMAGEM BORDERO image found.
12-03-2024 23:37:37.268Z;functions.movimentacao_bancaria;  IMAGEM BORDERO CLICADA.
12-03-2024 23:37:57.323Z;functions.waitForImage;  LICENCAS EXCEDIDAS image not found.
12-03-2024 23:37:57.998Z;functions.movimentacao_bancaria;  ENCONTROU O FILTRO DA MOVIMENTAÇÃO BANCÁRIA
12-03-2024 23:37:58.044Z;functions.movimentacao_bancaria;  CLICA NA ABA SUPERIOR DO FILTRO
12-03-2024 23:38:01.258Z;functions.movimentacao_bancaria;  SELECIONA O FILTRO HOJE
12-03-2024 23:38:06.593Z;functions.waitForImage;  FILTER CLEAN image found.
12-03-2024 23:38:08.712Z;functions.filter_clean;  CLICA NO BOTÃO X DO LIMPA FILTRO
12-03-2024 23:38:09.017Z;functions.waitForImage;  FILTER CLEAN image found.
12-03-2024 23:38:11.143Z;functions.filter_clean;  CLICA NO BOTÃO X DO LIMPA FILTRO
12-03-2024 23:38:26.420Z;functions.waitForImage;  FILTER CLEAN image not found.
12-03-2024 23:38:27.875Z;functions.movimentacao_bancaria;  CLICA NA PRIMEIRA LINHA DA TABELA MOVIMENTAÇÃO BANCÁRIA
12-03-2024 23:38:29.102Z;functions.movimentacao_bancaria;  12 PASSOS PARA DIREITA NA TABELA >>
12-03-2024 23:38:31.042Z;functions.movimentacao_bancaria;  HOVER FILTER
12-03-2024 23:38:31.516Z;functions.movimentacao_bancaria;  CLICK FILTER
12-03-2024 23:38:35.844Z;functions.movimentacao_bancaria;  CLICA NO FILTRO  STATUS DA REMESSA
12-03-2024 23:38:37.947Z;functions.movimentacao_bancaria;  APERTA TAB PARA ESCREVER O FILTRO
12-03-2024 23:38:40.061Z;functions.movimentacao_bancaria;  ESCREVE PENDENTE NO FILTRO
12-03-2024 23:38:42.164Z;functions.movimentacao_bancaria;  APERTA ENTER PARA SELECIONAR OS PENDENTES
12-03-2024 23:39:04.763Z;functions.movimentacao_bancaria;  SEM PROCESSAMENTO DE BORDERO PENDENTE
12-03-2024 23:39:14.999Z;functions.waitForImage;  FILTER CLEAN image found.
12-03-2024 23:39:17.121Z;functions.filter_clean;  CLICA NO BOTÃO X DO LIMPA FILTRO
12-03-2024 23:39:32.210Z;functions.waitForImage;  FILTER CLEAN image not found.
12-03-2024 23:39:47.685Z;functions.waitForImage;  FILTER CLEAN image not found.
12-03-2024 23:39:49.342Z;functions.processo_pagamento;  CLICA NA PRIMEIRA LINHA DA TABELA MOVIMENTAÇÃO BANCÁRIA
12-03-2024 23:39:51.311Z;functions.processo_pagamento;  HOVER FILTER
12-03-2024 23:39:51.779Z;functions.processo_pagamento;  CLICK FILTER
12-03-2024 23:39:56.113Z;functions.processo_pagamento;  CLICA NO FILTRO  STATUS DA REMESSA
12-03-2024 23:39:58.215Z;functions.processo_pagamento;  APERTA TAB PARA ESCREVER O FILTRO
12-03-2024 23:40:00.333Z;functions.processo_pagamento;  ESCREVE AUTORIZADO NO FILTRO
12-03-2024 23:40:02.435Z;functions.processo_pagamento;  APERTA ENTER PARA SELECIONAR OS AUTORIZADOS
12-03-2024 23:40:25.154Z;functions.processo_pagamento;  SEM REMESSA DE BORDERO AUTORIZADO
12-03-2024 23:40:26.258Z;functions.processo_pagamento;  FECHA ABA MOVIMENTAÇÕES BANCÁRIAS
12-03-2024 23:40:27.962Z;functions.enter_contas_a_pagar;  CLICK - TOTVS - LINHA RM
12-03-2024 23:40:29.487Z;functions.enter_contas_a_pagar;  CLICK - BACK OFFICE
12-03-2024 23:40:32.294Z;functions.enter_contas_a_pagar;  CLICK - GESTAO FINANCEIRA
12-03-2024 23:40:42.091Z;functions.enter_contas_a_pagar;  CLICK - CONTAS A PAGAR
12-03-2024 23:40:42.423Z;functions.waitForImage;  LANÇAMENTOS image found.
12-03-2024 23:40:44.559Z;functions.enter_contas_a_pagar;  CLICA EM LANÇAMENTOS
12-03-2024 23:41:00.122Z;functions.waitForImage;  LICENCAS EXCEDIDAS image not found.
12-03-2024 23:41:00.138Z;functions.obter_intervalo_data;  Data Inicial BANCARIA antes da remoção: None
12-03-2024 23:41:00.138Z;functions.obter_intervalo_data;  Data Final BANCARIA antes da remoção: None
12-03-2024 23:41:00.138Z;functions.obter_intervalo_data;  Data Inicial BANCARIA após a remoção: None
12-03-2024 23:41:00.138Z;functions.obter_intervalo_data;  Data Final BANCARIA após a remoção: None
12-03-2024 23:41:00.138Z;functions.obter_intervalo_data;  hoje -  2024-03-12 23:41:00.138353
12-03-2024 23:41:00.138Z;functions.data_filter;  DATA INICIO 13-03-2024
12-03-2024 23:41:00.138Z;functions.data_filter;  DATA FIM 19-03-2024
12-03-2024 23:41:00.138Z;functions.data_filter;  CLICK - SELECIONA A DATA DE QUARTA FEIRA E DA PROXIMA TERÇA
12-03-2024 23:41:00.138Z;functions.data_filter;  QUARTA-FEIRA: 13-03-2024
12-03-2024 23:41:00.138Z;functions.data_filter;  TERCA-FEIRA: 19-03-2024
12-03-2024 23:41:03.024Z;functions.data_filter;  ESCREVE REMESSA BANCÁRIA NO FILTRO
12-03-2024 23:41:04.559Z;functions.data_filter;  CLICK - BOTAO DE SELECAO DE FILTRO
12-03-2024 23:41:09.384Z;functions.data_filter;  INSERE - DATA DE QUARTA-FEIRA: 13-03-2024
12-03-2024 23:41:13.434Z;functions.data_filter;  INSERE - DATA DA PROX TERCA-FEIRA: 19-03-2024
12-03-2024 23:41:14.351Z;functions.data_filter;  CLICK - BOTAO DE EXECUTAR O FILTRO
12-03-2024 23:41:54.310Z;functions.desmark_filter;  CLICK CHECKBOX LANÇAMENTOS A RECEBER
12-03-2024 23:41:56.137Z;functions.desmark_filter;  CLICK CHECKBOX LANÇAMENTOS BAIXADOS
12-03-2024 23:41:58.106Z;functions.desmark_filter;  CLICK CHECKBOX LANÇAMENTOS CANCELADOS
12-03-2024 23:42:00.184Z;functions.desmark_filter;  CLICK CHECKBOX LANÇAMENTOS FATURADOS
12-03-2024 23:42:02.377Z;functions.desmark_filter;  CLICK CHECKBOX LANÇAMENTOS FATURADOS
12-03-2024 23:42:07.747Z;functions.waitForImage;  FILTER CLEAN image found.
12-03-2024 23:42:09.850Z;functions.filter_clean;  CLICA NO BOTÃO X DO LIMPA FILTRO
12-03-2024 23:42:25.133Z;functions.waitForImage;  FILTER CLEAN image not found.
12-03-2024 23:42:40.433Z;functions.waitForImage;  FILTER CLEAN image not found.
12-03-2024 23:42:40.433Z;functions.check_table_record;  VERIFICANDO SE A TABELA ESTÁ VAZIA
12-03-2024 23:42:42.788Z;functions.check_table_record;  Texto extraido 1/41
12-03-2024 23:42:42.789Z;functions.check_table_record;  Count 41
12-03-2024 23:42:42.790Z;functions.check_table_record;  Type <class 'int'>
12-03-2024 23:42:42.790Z;functions.check_table_record;  TABELA CONTÉM REGISTROS
12-03-2024 23:42:54.496Z;functions.select_tipo_documento;  NOME DA COLUNA: Tipo de Documento
12-03-2024 23:42:56.292Z;functions.select_tipo_documento;  HOVER NOME DA COLUNA: Tipo de Documento
12-03-2024 23:42:57.056Z;functions.select_tipo_documento;  CLICA NO FILTRO PERSONALIZAR
12-03-2024 23:42:58.438Z;functions.select_tipo_documento;  CLICA PARA SELECIONAR OPÇÕES DO FILTRO
12-03-2024 23:43:05.730Z;functions.select_tipo_documento;  CLICK BUTTON CONFIRMAR FILTRO
12-03-2024 23:43:10.735Z;functions.filter_IPTE;  VERIFICANDO O COD DO CLIENTE EM CADA REGISTRO
12-03-2024 23:43:12.090Z;functions.filter_IPTE;  CLICA NA PRIMEIRA LINHA DA TABELA
12-03-2024 23:43:35.465Z;functions.filter_IPTE;  HOVER FILTER
12-03-2024 23:43:37.115Z;functions.filter_IPTE;  CLICK FILTER
12-03-2024 23:43:41.452Z;functions.filter_IPTE;  CLICA NO FILTRO PERSONALIZAR
12-03-2024 23:43:49.992Z;functions.check_table_record;  VERIFICANDO SE A TABELA ESTÁ VAZIA
12-03-2024 23:43:52.379Z;functions.check_table_record;  Texto extraido 1/20
12-03-2024 23:43:52.379Z;functions.check_table_record;  Count 20
12-03-2024 23:43:52.379Z;functions.check_table_record;  Type <class 'int'>
12-03-2024 23:43:52.379Z;functions.check_table_record;  TABELA CONTÉM REGISTROS
12-03-2024 23:43:58.542Z;functions.select_all_func;  SELECIONA TODOS OS REGISTROS
12-03-2024 23:43:58.542Z;functions.check_payment_type;  VERIFICANDO O COD DO CLIENTE EM CADA REGISTRO
12-03-2024 23:43:59.979Z;functions.check_payment_type;  CLICA NA PRIMEIRA LINHA DA TABELA
12-03-2024 23:44:08.096Z;functions.check_payment_type;  REF. LANÇAMENTO: 928712
12-03-2024 23:44:08.202Z;functions.check_payment_type;  ENTRANDO NO REGISTRO
12-03-2024 23:44:21.689Z;functions.waitForImage;  INTEGRAÇÃO BANCÁRIA image found.
12-03-2024 23:44:23.808Z;functions.check_payment_type;  CLICA EM INTEGRAÇÃO BANCÁRIA
12-03-2024 23:44:23.808Z;functions.check_payment_type;  VERIFICANDO INFORMAÇÕES
12-03-2024 23:44:27.122Z;functions.waitForImage;  DADOS BANCARIOS image found.
12-03-2024 23:44:27.256Z;functions.check_payment_type;  DADOS BANCARIOS
12-03-2024 23:44:29.273Z;functions.check_payment_type;  ENTROU DADOS BANCÁRIOS
12-03-2024 23:44:29.403Z;functions.check_payment_type;  APERTA TAB
12-03-2024 23:44:31.507Z;functions.check_payment_type;  CTRL C
12-03-2024 23:44:32.507Z;functions.check_payment_type;  DESCRICAO CORRETA BOLETO
12-03-2024 23:44:32.854Z;functions.waitForImage;  FORMA DE PAGAMENTO image found.
12-03-2024 23:44:34.868Z;functions.check_payment_type;  FORMA DE PAGAMENTO: TITULO DE COBRANÇA (BOLETO)
12-03-2024 23:44:37.213Z;functions.waitForImage;  PRESS BUTTON OK image found.
12-03-2024 23:44:39.342Z;functions.check_payment_type;  PRESS BUTTON OK
12-03-2024 23:44:41.682Z;functions.waitForImage;  PRESS BUTTON OK 2 image found.
12-03-2024 23:44:43.809Z;functions.check_payment_type;  PRESS BUTTON OK 2
12-03-2024 23:44:50.912Z;functions.check_payment_type;  PASSANDO PARA PRÓXIMO REGISTRO
12-03-2024 23:45:01.017Z;functions.check_payment_type;  REF. LANÇAMENTO: 928719
12-03-2024 23:45:01.122Z;functions.check_payment_type;  ENTRANDO NO REGISTRO
12-03-2024 23:45:09.448Z;functions.waitForImage;  INTEGRAÇÃO BANCÁRIA image found.
12-03-2024 23:45:11.567Z;functions.check_payment_type;  CLICA EM INTEGRAÇÃO BANCÁRIA
12-03-2024 23:45:11.567Z;functions.check_payment_type;  VERIFICANDO INFORMAÇÕES
12-03-2024 23:45:14.897Z;functions.waitForImage;  DADOS BANCARIOS image found.
12-03-2024 23:45:15.017Z;functions.check_payment_type;  DADOS BANCARIOS
12-03-2024 23:45:17.017Z;functions.check_payment_type;  ENTROU DADOS BANCÁRIOS
12-03-2024 23:45:17.121Z;functions.check_payment_type;  APERTA TAB
12-03-2024 23:45:19.225Z;functions.check_payment_type;  CTRL C
12-03-2024 23:45:20.226Z;functions.check_payment_type;  DESCRICAO CORRETA BOLETO
12-03-2024 23:45:20.589Z;functions.waitForImage;  FORMA DE PAGAMENTO image found.
12-03-2024 23:45:22.604Z;functions.check_payment_type;  FORMA DE PAGAMENTO: TITULO DE COBRANÇA (BOLETO)
12-03-2024 23:45:24.934Z;functions.waitForImage;  PRESS BUTTON OK image found.
12-03-2024 23:45:27.052Z;functions.check_payment_type;  PRESS BUTTON OK
12-03-2024 23:45:29.388Z;functions.waitForImage;  PRESS BUTTON OK 2 image found.
12-03-2024 23:45:31.510Z;functions.check_payment_type;  PRESS BUTTON OK 2
12-03-2024 23:45:38.613Z;functions.check_payment_type;  PASSANDO PARA PRÓXIMO REGISTRO
12-03-2024 23:45:48.719Z;functions.check_payment_type;  REF. LANÇAMENTO: 926325
12-03-2024 23:45:48.825Z;functions.check_payment_type;  ENTRANDO NO REGISTRO
12-03-2024 23:45:57.370Z;functions.waitForImage;  INTEGRAÇÃO BANCÁRIA image found.
12-03-2024 23:45:59.494Z;functions.check_payment_type;  CLICA EM INTEGRAÇÃO BANCÁRIA
12-03-2024 23:45:59.494Z;functions.check_payment_type;  VERIFICANDO INFORMAÇÕES
12-03-2024 23:46:02.838Z;functions.waitForImage;  DADOS BANCARIOS image found.
12-03-2024 23:46:02.956Z;functions.check_payment_type;  DADOS BANCARIOS
12-03-2024 23:46:04.957Z;functions.check_payment_type;  ENTROU DADOS BANCÁRIOS
12-03-2024 23:46:05.060Z;functions.check_payment_type;  APERTA TAB
12-03-2024 23:46:07.164Z;functions.check_payment_type;  CTRL C
12-03-2024 23:46:08.165Z;functions.check_payment_type;  DESCRICAO CORRETA BOLETO
12-03-2024 23:46:08.526Z;functions.waitForImage;  FORMA DE PAGAMENTO image found.
12-03-2024 23:46:10.542Z;functions.check_payment_type;  FORMA DE PAGAMENTO: TITULO DE COBRANÇA (BOLETO)
12-03-2024 23:46:12.885Z;functions.waitForImage;  PRESS BUTTON OK image found.
12-03-2024 23:46:15.012Z;functions.check_payment_type;  PRESS BUTTON OK
12-03-2024 23:46:17.357Z;functions.waitForImage;  PRESS BUTTON OK 2 image found.
12-03-2024 23:46:19.482Z;functions.check_payment_type;  PRESS BUTTON OK 2
12-03-2024 23:46:26.585Z;functions.check_payment_type;  PASSANDO PARA PRÓXIMO REGISTRO
12-03-2024 23:46:36.690Z;functions.check_payment_type;  REF. LANÇAMENTO: 926342
12-03-2024 23:46:36.795Z;functions.check_payment_type;  ENTRANDO NO REGISTRO
12-03-2024 23:46:45.142Z;functions.waitForImage;  INTEGRAÇÃO BANCÁRIA image found.
12-03-2024 23:46:47.263Z;functions.check_payment_type;  CLICA EM INTEGRAÇÃO BANCÁRIA
12-03-2024 23:46:47.263Z;functions.check_payment_type;  VERIFICANDO INFORMAÇÕES
12-03-2024 23:46:50.526Z;functions.waitForImage;  DADOS BANCARIOS image found.
12-03-2024 23:46:50.660Z;functions.check_payment_type;  DADOS BANCARIOS
12-03-2024 23:46:52.661Z;functions.check_payment_type;  ENTROU DADOS BANCÁRIOS
12-03-2024 23:46:52.763Z;functions.check_payment_type;  APERTA TAB
12-03-2024 23:46:54.866Z;functions.check_payment_type;  CTRL C
12-03-2024 23:46:55.868Z;functions.check_payment_type;  DESCRICAO CORRETA BOLETO
12-03-2024 23:46:56.196Z;functions.waitForImage;  FORMA DE PAGAMENTO image found.
12-03-2024 23:46:58.197Z;functions.check_payment_type;  FORMA DE PAGAMENTO: TITULO DE COBRANÇA (BOLETO)
12-03-2024 23:47:00.470Z;functions.waitForImage;  PRESS BUTTON OK image found.
12-03-2024 23:47:02.594Z;functions.check_payment_type;  PRESS BUTTON OK
12-03-2024 23:47:04.912Z;functions.waitForImage;  PRESS BUTTON OK 2 image found.
12-03-2024 23:47:07.044Z;functions.check_payment_type;  PRESS BUTTON OK 2
12-03-2024 23:47:14.148Z;functions.check_payment_type;  PASSANDO PARA PRÓXIMO REGISTRO
12-03-2024 23:47:24.253Z;functions.check_payment_type;  REF. LANÇAMENTO: 927987
12-03-2024 23:47:24.359Z;functions.check_payment_type;  ENTRANDO NO REGISTRO
12-03-2024 23:47:34.674Z;functions.waitForImage;  INTEGRAÇÃO BANCÁRIA image found.
12-03-2024 23:47:36.806Z;functions.check_payment_type;  CLICA EM INTEGRAÇÃO BANCÁRIA
12-03-2024 23:47:36.806Z;functions.check_payment_type;  VERIFICANDO INFORMAÇÕES
12-03-2024 23:47:40.151Z;functions.waitForImage;  DADOS BANCARIOS image found.
12-03-2024 23:47:40.269Z;functions.check_payment_type;  DADOS BANCARIOS
12-03-2024 23:47:42.270Z;functions.check_payment_type;  ENTROU DADOS BANCÁRIOS
12-03-2024 23:47:42.384Z;functions.check_payment_type;  APERTA TAB
12-03-2024 23:47:44.491Z;functions.check_payment_type;  CTRL C
12-03-2024 23:47:45.491Z;functions.check_payment_type;  DESCRICAO CORRETA BOLETO
12-03-2024 23:47:45.870Z;functions.waitForImage;  FORMA DE PAGAMENTO image found.
12-03-2024 23:47:47.879Z;functions.check_payment_type;  FORMA DE PAGAMENTO: TITULO DE COBRANÇA (BOLETO)
12-03-2024 23:47:50.146Z;functions.waitForImage;  PRESS BUTTON OK image found.
12-03-2024 23:47:52.271Z;functions.check_payment_type;  PRESS BUTTON OK
12-03-2024 23:47:54.588Z;functions.waitForImage;  PRESS BUTTON OK 2 image found.
12-03-2024 23:47:56.711Z;functions.check_payment_type;  PRESS BUTTON OK 2
12-03-2024 23:48:03.815Z;functions.check_payment_type;  PASSANDO PARA PRÓXIMO REGISTRO
12-03-2024 23:48:13.920Z;functions.check_payment_type;  REF. LANÇAMENTO: 928002
12-03-2024 23:48:14.025Z;functions.check_payment_type;  ENTRANDO NO REGISTRO
12-03-2024 23:48:23.398Z;functions.waitForImage;  INTEGRAÇÃO BANCÁRIA image found.
12-03-2024 23:48:25.524Z;functions.check_payment_type;  CLICA EM INTEGRAÇÃO BANCÁRIA
12-03-2024 23:48:25.524Z;functions.check_payment_type;  VERIFICANDO INFORMAÇÕES
12-03-2024 23:48:28.869Z;functions.waitForImage;  DADOS BANCARIOS image found.
12-03-2024 23:48:29.002Z;functions.check_payment_type;  DADOS BANCARIOS
12-03-2024 23:48:31.003Z;functions.check_payment_type;  ENTROU DADOS BANCÁRIOS
12-03-2024 23:48:31.107Z;functions.check_payment_type;  APERTA TAB
12-03-2024 23:48:33.211Z;functions.check_payment_type;  CTRL C
12-03-2024 23:48:34.212Z;functions.check_payment_type;  DESCRICAO CORRETA BOLETO
12-03-2024 23:48:34.571Z;functions.waitForImage;  FORMA DE PAGAMENTO image found.
12-03-2024 23:48:36.579Z;functions.check_payment_type;  FORMA DE PAGAMENTO: TITULO DE COBRANÇA (BOLETO)
12-03-2024 23:48:38.924Z;functions.waitForImage;  PRESS BUTTON OK image found.
12-03-2024 23:48:41.043Z;functions.check_payment_type;  PRESS BUTTON OK
12-03-2024 23:48:43.402Z;functions.waitForImage;  PRESS BUTTON OK 2 image found.
12-03-2024 23:48:45.522Z;functions.check_payment_type;  PRESS BUTTON OK 2
12-03-2024 23:48:52.625Z;functions.check_payment_type;  PASSANDO PARA PRÓXIMO REGISTRO
12-03-2024 23:49:02.731Z;functions.check_payment_type;  REF. LANÇAMENTO: 928015
12-03-2024 23:49:02.836Z;functions.check_payment_type;  ENTRANDO NO REGISTRO
12-03-2024 23:49:13.855Z;functions.waitForImage;  INTEGRAÇÃO BANCÁRIA image found.
12-03-2024 23:49:15.981Z;functions.check_payment_type;  CLICA EM INTEGRAÇÃO BANCÁRIA
12-03-2024 23:49:15.981Z;functions.check_payment_type;  VERIFICANDO INFORMAÇÕES
12-03-2024 23:49:19.311Z;functions.waitForImage;  DADOS BANCARIOS image found.
12-03-2024 23:49:19.444Z;functions.check_payment_type;  DADOS BANCARIOS
12-03-2024 23:49:21.446Z;functions.check_payment_type;  ENTROU DADOS BANCÁRIOS
12-03-2024 23:49:21.548Z;functions.check_payment_type;  APERTA TAB
12-03-2024 23:49:23.653Z;functions.check_payment_type;  CTRL C
12-03-2024 23:49:24.654Z;functions.check_payment_type;  DESCRICAO CORRETA BOLETO
12-03-2024 23:49:25.013Z;functions.waitForImage;  FORMA DE PAGAMENTO image found.
12-03-2024 23:49:27.021Z;functions.check_payment_type;  FORMA DE PAGAMENTO: TITULO DE COBRANÇA (BOLETO)
12-03-2024 23:49:29.350Z;functions.waitForImage;  PRESS BUTTON OK image found.
12-03-2024 23:49:31.482Z;functions.check_payment_type;  PRESS BUTTON OK
12-03-2024 23:49:33.821Z;functions.waitForImage;  PRESS BUTTON OK 2 image found.
12-03-2024 23:49:35.956Z;functions.check_payment_type;  PRESS BUTTON OK 2
12-03-2024 23:49:43.060Z;functions.check_payment_type;  PASSANDO PARA PRÓXIMO REGISTRO
12-03-2024 23:49:53.165Z;functions.check_payment_type;  REF. LANÇAMENTO: 928024
12-03-2024 23:49:53.271Z;functions.check_payment_type;  ENTRANDO NO REGISTRO
12-03-2024 23:50:01.805Z;functions.waitForImage;  INTEGRAÇÃO BANCÁRIA image found.
12-03-2024 23:50:03.927Z;functions.check_payment_type;  CLICA EM INTEGRAÇÃO BANCÁRIA
12-03-2024 23:50:03.927Z;functions.check_payment_type;  VERIFICANDO INFORMAÇÕES
12-03-2024 23:50:07.257Z;functions.waitForImage;  DADOS BANCARIOS image found.
12-03-2024 23:50:07.376Z;functions.check_payment_type;  DADOS BANCARIOS
12-03-2024 23:50:09.377Z;functions.check_payment_type;  ENTROU DADOS BANCÁRIOS
12-03-2024 23:50:09.480Z;functions.check_payment_type;  APERTA TAB
12-03-2024 23:50:11.584Z;functions.check_payment_type;  CTRL C
12-03-2024 23:50:12.585Z;functions.check_payment_type;  DESCRICAO CORRETA BOLETO
12-03-2024 23:50:12.945Z;functions.waitForImage;  FORMA DE PAGAMENTO image found.
12-03-2024 23:50:14.947Z;functions.check_payment_type;  FORMA DE PAGAMENTO: TITULO DE COBRANÇA (BOLETO)
12-03-2024 23:50:17.277Z;functions.waitForImage;  PRESS BUTTON OK image found.
12-03-2024 23:50:19.411Z;functions.check_payment_type;  PRESS BUTTON OK
12-03-2024 23:50:21.743Z;functions.waitForImage;  PRESS BUTTON OK 2 image found.
12-03-2024 23:50:23.873Z;functions.check_payment_type;  PRESS BUTTON OK 2
12-03-2024 23:50:30.977Z;functions.check_payment_type;  PASSANDO PARA PRÓXIMO REGISTRO
12-03-2024 23:50:41.081Z;functions.check_payment_type;  REF. LANÇAMENTO: 928032
12-03-2024 23:50:41.187Z;functions.check_payment_type;  ENTRANDO NO REGISTRO
12-03-2024 23:50:52.128Z;functions.waitForImage;  INTEGRAÇÃO BANCÁRIA image found.
12-03-2024 23:50:54.261Z;functions.check_payment_type;  CLICA EM INTEGRAÇÃO BANCÁRIA
12-03-2024 23:50:54.261Z;functions.check_payment_type;  VERIFICANDO INFORMAÇÕES
12-03-2024 23:50:57.619Z;functions.waitForImage;  DADOS BANCARIOS image found.
12-03-2024 23:50:57.737Z;functions.check_payment_type;  DADOS BANCARIOS
12-03-2024 23:50:59.738Z;functions.check_payment_type;  ENTROU DADOS BANCÁRIOS
12-03-2024 23:50:59.846Z;functions.check_payment_type;  APERTA TAB
12-03-2024 23:51:01.952Z;functions.check_payment_type;  CTRL C
12-03-2024 23:51:02.953Z;functions.check_payment_type;  DESCRICAO CORRETA BOLETO
12-03-2024 23:51:03.281Z;functions.waitForImage;  FORMA DE PAGAMENTO image found.
12-03-2024 23:51:05.285Z;functions.check_payment_type;  FORMA DE PAGAMENTO: TITULO DE COBRANÇA (BOLETO)
12-03-2024 23:51:07.651Z;functions.waitForImage;  PRESS BUTTON OK image found.
12-03-2024 23:51:09.770Z;functions.check_payment_type;  PRESS BUTTON OK
12-03-2024 23:51:12.103Z;functions.waitForImage;  PRESS BUTTON OK 2 image found.
12-03-2024 23:51:14.231Z;functions.check_payment_type;  PRESS BUTTON OK 2
12-03-2024 23:51:21.334Z;functions.check_payment_type;  PASSANDO PARA PRÓXIMO REGISTRO
12-03-2024 23:51:31.439Z;functions.check_payment_type;  REF. LANÇAMENTO: 928037
12-03-2024 23:51:31.544Z;functions.check_payment_type;  ENTRANDO NO REGISTRO
12-03-2024 23:51:39.763Z;functions.waitForImage;  INTEGRAÇÃO BANCÁRIA image found.
12-03-2024 23:51:41.895Z;functions.check_payment_type;  CLICA EM INTEGRAÇÃO BANCÁRIA
12-03-2024 23:51:41.895Z;functions.check_payment_type;  VERIFICANDO INFORMAÇÕES
12-03-2024 23:51:45.225Z;functions.waitForImage;  DADOS BANCARIOS image found.
12-03-2024 23:51:45.358Z;functions.check_payment_type;  DADOS BANCARIOS
12-03-2024 23:51:47.359Z;functions.check_payment_type;  ENTROU DADOS BANCÁRIOS
12-03-2024 23:51:47.467Z;functions.check_payment_type;  APERTA TAB
12-03-2024 23:51:49.572Z;functions.check_payment_type;  CTRL C
12-03-2024 23:51:50.573Z;functions.check_payment_type;  DESCRICAO CORRETA BOLETO
12-03-2024 23:51:50.948Z;functions.waitForImage;  FORMA DE PAGAMENTO image found.
12-03-2024 23:51:52.956Z;functions.check_payment_type;  FORMA DE PAGAMENTO: TITULO DE COBRANÇA (BOLETO)
12-03-2024 23:51:55.254Z;functions.waitForImage;  PRESS BUTTON OK image found.
12-03-2024 23:51:57.403Z;functions.check_payment_type;  PRESS BUTTON OK
12-03-2024 23:51:59.742Z;functions.waitForImage;  PRESS BUTTON OK 2 image found.
12-03-2024 23:52:01.868Z;functions.check_payment_type;  PRESS BUTTON OK 2
12-03-2024 23:52:08.972Z;functions.check_payment_type;  PASSANDO PARA PRÓXIMO REGISTRO
12-03-2024 23:52:19.077Z;functions.check_payment_type;  REF. LANÇAMENTO: 928048
12-03-2024 23:52:19.182Z;functions.check_payment_type;  ENTRANDO NO REGISTRO
12-03-2024 23:52:28.569Z;functions.waitForImage;  INTEGRAÇÃO BANCÁRIA image found.
12-03-2024 23:52:30.701Z;functions.check_payment_type;  CLICA EM INTEGRAÇÃO BANCÁRIA
12-03-2024 23:52:30.701Z;functions.check_payment_type;  VERIFICANDO INFORMAÇÕES
12-03-2024 23:52:34.030Z;functions.waitForImage;  DADOS BANCARIOS image found.
12-03-2024 23:52:34.150Z;functions.check_payment_type;  DADOS BANCARIOS
12-03-2024 23:52:36.150Z;functions.check_payment_type;  ENTROU DADOS BANCÁRIOS
12-03-2024 23:52:36.253Z;functions.check_payment_type;  APERTA TAB
12-03-2024 23:52:38.356Z;functions.check_payment_type;  CTRL C
12-03-2024 23:52:39.357Z;functions.check_payment_type;  DESCRICAO CORRETA BOLETO
12-03-2024 23:52:39.727Z;functions.waitForImage;  FORMA DE PAGAMENTO image found.
12-03-2024 23:52:41.732Z;functions.check_payment_type;  FORMA DE PAGAMENTO: TITULO DE COBRANÇA (BOLETO)
12-03-2024 23:52:44.077Z;functions.waitForImage;  PRESS BUTTON OK image found.
12-03-2024 23:52:46.204Z;functions.check_payment_type;  PRESS BUTTON OK
12-03-2024 23:52:48.539Z;functions.waitForImage;  PRESS BUTTON OK 2 image found.
12-03-2024 23:52:50.663Z;functions.check_payment_type;  PRESS BUTTON OK 2
12-03-2024 23:52:57.766Z;functions.check_payment_type;  PASSANDO PARA PRÓXIMO REGISTRO
12-03-2024 23:53:07.871Z;functions.check_payment_type;  REF. LANÇAMENTO: 928055
12-03-2024 23:53:07.977Z;functions.check_payment_type;  ENTRANDO NO REGISTRO
12-03-2024 23:53:15.500Z;functions.waitForImage;  INTEGRAÇÃO BANCÁRIA image found.
12-03-2024 23:53:17.628Z;functions.check_payment_type;  CLICA EM INTEGRAÇÃO BANCÁRIA
12-03-2024 23:53:17.628Z;functions.check_payment_type;  VERIFICANDO INFORMAÇÕES
12-03-2024 23:53:20.957Z;functions.waitForImage;  DADOS BANCARIOS image found.
12-03-2024 23:53:21.075Z;functions.check_payment_type;  DADOS BANCARIOS
12-03-2024 23:53:23.076Z;functions.check_payment_type;  ENTROU DADOS BANCÁRIOS
12-03-2024 23:53:23.178Z;functions.check_payment_type;  APERTA TAB
12-03-2024 23:53:25.283Z;functions.check_payment_type;  CTRL C
12-03-2024 23:53:26.284Z;functions.check_payment_type;  DESCRICAO CORRETA BOLETO
12-03-2024 23:53:26.616Z;functions.waitForImage;  FORMA DE PAGAMENTO image found.
12-03-2024 23:53:28.627Z;functions.check_payment_type;  FORMA DE PAGAMENTO: TITULO DE COBRANÇA (BOLETO)
12-03-2024 23:53:30.956Z;functions.waitForImage;  PRESS BUTTON OK image found.
12-03-2024 23:53:33.091Z;functions.check_payment_type;  PRESS BUTTON OK
12-03-2024 23:53:35.374Z;functions.waitForImage;  PRESS BUTTON OK 2 image found.
12-03-2024 23:53:37.487Z;functions.check_payment_type;  PRESS BUTTON OK 2
12-03-2024 23:53:44.590Z;functions.check_payment_type;  PASSANDO PARA PRÓXIMO REGISTRO
12-03-2024 23:53:54.695Z;functions.check_payment_type;  REF. LANÇAMENTO: 928072
12-03-2024 23:53:54.799Z;functions.check_payment_type;  ENTRANDO NO REGISTRO
12-03-2024 23:54:04.114Z;functions.waitForImage;  INTEGRAÇÃO BANCÁRIA image found.
12-03-2024 23:54:06.246Z;functions.check_payment_type;  CLICA EM INTEGRAÇÃO BANCÁRIA
12-03-2024 23:54:06.246Z;functions.check_payment_type;  VERIFICANDO INFORMAÇÕES
12-03-2024 23:54:09.569Z;functions.waitForImage;  DADOS BANCARIOS image found.
12-03-2024 23:54:09.701Z;functions.check_payment_type;  DADOS BANCARIOS
12-03-2024 23:54:11.702Z;functions.check_payment_type;  ENTROU DADOS BANCÁRIOS
12-03-2024 23:54:11.805Z;functions.check_payment_type;  APERTA TAB
12-03-2024 23:54:13.909Z;functions.check_payment_type;  CTRL C
12-03-2024 23:54:14.910Z;functions.check_payment_type;  DESCRICAO CORRETA BOLETO
12-03-2024 23:54:15.269Z;functions.waitForImage;  FORMA DE PAGAMENTO image found.
12-03-2024 23:54:17.276Z;functions.check_payment_type;  FORMA DE PAGAMENTO: TITULO DE COBRANÇA (BOLETO)
12-03-2024 23:54:19.584Z;functions.waitForImage;  PRESS BUTTON OK image found.
12-03-2024 23:54:21.710Z;functions.check_payment_type;  PRESS BUTTON OK
12-03-2024 23:54:24.091Z;functions.waitForImage;  PRESS BUTTON OK 2 image found.
12-03-2024 23:54:26.213Z;functions.check_payment_type;  PRESS BUTTON OK 2
12-03-2024 23:54:33.317Z;functions.check_payment_type;  PASSANDO PARA PRÓXIMO REGISTRO
12-03-2024 23:54:43.422Z;functions.check_payment_type;  REF. LANÇAMENTO: 928081
12-03-2024 23:54:43.528Z;functions.check_payment_type;  ENTRANDO NO REGISTRO
12-03-2024 23:54:51.863Z;functions.waitForImage;  INTEGRAÇÃO BANCÁRIA image found.
12-03-2024 23:54:53.982Z;functions.check_payment_type;  CLICA EM INTEGRAÇÃO BANCÁRIA
12-03-2024 23:54:53.982Z;functions.check_payment_type;  VERIFICANDO INFORMAÇÕES
12-03-2024 23:54:57.320Z;functions.waitForImage;  DADOS BANCARIOS image found.
12-03-2024 23:54:57.446Z;functions.check_payment_type;  DADOS BANCARIOS
12-03-2024 23:54:59.448Z;functions.check_payment_type;  ENTROU DADOS BANCÁRIOS
12-03-2024 23:54:59.568Z;functions.check_payment_type;  APERTA TAB
12-03-2024 23:55:01.674Z;functions.check_payment_type;  CTRL C
12-03-2024 23:55:02.675Z;functions.check_payment_type;  DESCRICAO CORRETA BOLETO
12-03-2024 23:55:02.928Z;functions.waitForImage;  FORMA DE PAGAMENTO image found.
12-03-2024 23:55:04.933Z;functions.check_payment_type;  FORMA DE PAGAMENTO: TITULO DE COBRANÇA (BOLETO)
12-03-2024 23:55:07.262Z;functions.waitForImage;  PRESS BUTTON OK image found.
12-03-2024 23:55:09.390Z;functions.check_payment_type;  PRESS BUTTON OK
12-03-2024 23:55:11.678Z;functions.waitForImage;  PRESS BUTTON OK 2 image found.
12-03-2024 23:55:13.804Z;functions.check_payment_type;  PRESS BUTTON OK 2
12-03-2024 23:55:20.908Z;functions.check_payment_type;  PASSANDO PARA PRÓXIMO REGISTRO
12-03-2024 23:55:31.013Z;functions.check_payment_type;  REF. LANÇAMENTO: 928098
12-03-2024 23:55:31.118Z;functions.check_payment_type;  ENTRANDO NO REGISTRO
12-03-2024 23:55:40.475Z;functions.waitForImage;  INTEGRAÇÃO BANCÁRIA image found.
12-03-2024 23:55:42.597Z;functions.check_payment_type;  CLICA EM INTEGRAÇÃO BANCÁRIA
12-03-2024 23:55:42.597Z;functions.check_payment_type;  VERIFICANDO INFORMAÇÕES
12-03-2024 23:55:45.927Z;functions.waitForImage;  DADOS BANCARIOS image found.
12-03-2024 23:55:46.059Z;functions.check_payment_type;  DADOS BANCARIOS
12-03-2024 23:55:48.061Z;functions.check_payment_type;  ENTROU DADOS BANCÁRIOS
12-03-2024 23:55:48.164Z;functions.check_payment_type;  APERTA TAB
12-03-2024 23:55:50.268Z;functions.check_payment_type;  CTRL C
12-03-2024 23:55:51.269Z;functions.check_payment_type;  DESCRICAO CORRETA BOLETO
12-03-2024 23:55:51.569Z;functions.waitForImage;  FORMA DE PAGAMENTO image found.
12-03-2024 23:55:53.574Z;functions.check_payment_type;  FORMA DE PAGAMENTO: TITULO DE COBRANÇA (BOLETO)
12-03-2024 23:55:55.888Z;functions.waitForImage;  PRESS BUTTON OK image found.
12-03-2024 23:55:58.014Z;functions.check_payment_type;  PRESS BUTTON OK
12-03-2024 23:56:00.369Z;functions.waitForImage;  PRESS BUTTON OK 2 image found.
12-03-2024 23:56:02.485Z;functions.check_payment_type;  PRESS BUTTON OK 2
12-03-2024 23:56:09.590Z;functions.check_payment_type;  PASSANDO PARA PRÓXIMO REGISTRO
12-03-2024 23:56:19.694Z;functions.check_payment_type;  REF. LANÇAMENTO: 928111
12-03-2024 23:56:19.800Z;functions.check_payment_type;  ENTRANDO NO REGISTRO
12-03-2024 23:56:27.180Z;functions.waitForImage;  INTEGRAÇÃO BANCÁRIA image found.
12-03-2024 23:56:29.301Z;functions.check_payment_type;  CLICA EM INTEGRAÇÃO BANCÁRIA
12-03-2024 23:56:29.301Z;functions.check_payment_type;  VERIFICANDO INFORMAÇÕES
12-03-2024 23:56:32.663Z;functions.waitForImage;  DADOS BANCARIOS image found.
12-03-2024 23:56:32.780Z;functions.check_payment_type;  DADOS BANCARIOS
12-03-2024 23:56:34.781Z;functions.check_payment_type;  ENTROU DADOS BANCÁRIOS
12-03-2024 23:56:34.884Z;functions.check_payment_type;  APERTA TAB
12-03-2024 23:56:36.989Z;functions.check_payment_type;  CTRL C
12-03-2024 23:56:37.990Z;functions.check_payment_type;  DESCRICAO CORRETA BOLETO
12-03-2024 23:56:38.349Z;functions.waitForImage;  FORMA DE PAGAMENTO image found.
12-03-2024 23:56:40.358Z;functions.check_payment_type;  FORMA DE PAGAMENTO: TITULO DE COBRANÇA (BOLETO)
12-03-2024 23:56:42.733Z;functions.waitForImage;  PRESS BUTTON OK image found.
12-03-2024 23:56:44.853Z;functions.check_payment_type;  PRESS BUTTON OK
12-03-2024 23:56:47.184Z;functions.waitForImage;  PRESS BUTTON OK 2 image found.
12-03-2024 23:56:49.307Z;functions.check_payment_type;  PRESS BUTTON OK 2
12-03-2024 23:56:56.413Z;functions.check_payment_type;  PASSANDO PARA PRÓXIMO REGISTRO
12-03-2024 23:57:06.517Z;functions.check_payment_type;  REF. LANÇAMENTO: 928116
12-03-2024 23:57:06.622Z;functions.check_payment_type;  ENTRANDO NO REGISTRO
12-03-2024 23:57:15.886Z;functions.waitForImage;  INTEGRAÇÃO BANCÁRIA image found.
12-03-2024 23:57:18.022Z;functions.check_payment_type;  CLICA EM INTEGRAÇÃO BANCÁRIA
12-03-2024 23:57:18.022Z;functions.check_payment_type;  VERIFICANDO INFORMAÇÕES
12-03-2024 23:57:21.367Z;functions.waitForImage;  DADOS BANCARIOS image found.
12-03-2024 23:57:21.501Z;functions.check_payment_type;  DADOS BANCARIOS
12-03-2024 23:57:23.503Z;functions.check_payment_type;  ENTROU DADOS BANCÁRIOS
12-03-2024 23:57:23.675Z;functions.check_payment_type;  APERTA TAB
12-03-2024 23:57:25.790Z;functions.check_payment_type;  CTRL C
12-03-2024 23:57:26.791Z;functions.check_payment_type;  DESCRICAO CORRETA BOLETO
12-03-2024 23:57:27.150Z;functions.waitForImage;  FORMA DE PAGAMENTO image found.
12-03-2024 23:57:29.158Z;functions.check_payment_type;  FORMA DE PAGAMENTO: TITULO DE COBRANÇA (BOLETO)
12-03-2024 23:57:31.505Z;functions.waitForImage;  PRESS BUTTON OK image found.
12-03-2024 23:57:33.624Z;functions.check_payment_type;  PRESS BUTTON OK
12-03-2024 23:57:35.943Z;functions.waitForImage;  PRESS BUTTON OK 2 image found.
12-03-2024 23:57:38.069Z;functions.check_payment_type;  PRESS BUTTON OK 2
12-03-2024 23:57:45.172Z;functions.check_payment_type;  PASSANDO PARA PRÓXIMO REGISTRO
12-03-2024 23:57:55.277Z;functions.check_payment_type;  REF. LANÇAMENTO: 928120
12-03-2024 23:57:55.382Z;functions.check_payment_type;  ENTRANDO NO REGISTRO
12-03-2024 23:58:04.630Z;functions.waitForImage;  INTEGRAÇÃO BANCÁRIA image found.
12-03-2024 23:58:06.755Z;functions.check_payment_type;  CLICA EM INTEGRAÇÃO BANCÁRIA
12-03-2024 23:58:06.755Z;functions.check_payment_type;  VERIFICANDO INFORMAÇÕES
12-03-2024 23:58:10.085Z;functions.waitForImage;  DADOS BANCARIOS image found.
12-03-2024 23:58:10.219Z;functions.check_payment_type;  DADOS BANCARIOS
12-03-2024 23:58:12.220Z;functions.check_payment_type;  ENTROU DADOS BANCÁRIOS
12-03-2024 23:58:12.322Z;functions.check_payment_type;  APERTA TAB
12-03-2024 23:58:14.426Z;functions.check_payment_type;  CTRL C
12-03-2024 23:58:15.427Z;functions.check_payment_type;  DESCRICAO CORRETA BOLETO
12-03-2024 23:58:15.786Z;functions.waitForImage;  FORMA DE PAGAMENTO image found.
12-03-2024 23:58:17.801Z;functions.check_payment_type;  FORMA DE PAGAMENTO: TITULO DE COBRANÇA (BOLETO)
12-03-2024 23:58:20.068Z;functions.waitForImage;  PRESS BUTTON OK image found.
12-03-2024 23:58:22.194Z;functions.check_payment_type;  PRESS BUTTON OK
12-03-2024 23:58:24.553Z;functions.waitForImage;  PRESS BUTTON OK 2 image found.
12-03-2024 23:58:26.673Z;functions.check_payment_type;  PRESS BUTTON OK 2
12-03-2024 23:58:33.778Z;functions.check_payment_type;  PASSANDO PARA PRÓXIMO REGISTRO
12-03-2024 23:58:43.883Z;functions.check_payment_type;  REF. LANÇAMENTO: 928132
12-03-2024 23:58:43.988Z;functions.check_payment_type;  ENTRANDO NO REGISTRO
12-03-2024 23:58:53.071Z;functions.waitForImage;  INTEGRAÇÃO BANCÁRIA image found.
12-03-2024 23:58:55.190Z;functions.check_payment_type;  CLICA EM INTEGRAÇÃO BANCÁRIA
12-03-2024 23:58:55.190Z;functions.check_payment_type;  VERIFICANDO INFORMAÇÕES
12-03-2024 23:58:58.520Z;functions.waitForImage;  DADOS BANCARIOS image found.
12-03-2024 23:58:58.640Z;functions.check_payment_type;  DADOS BANCARIOS
12-03-2024 23:59:00.641Z;functions.check_payment_type;  ENTROU DADOS BANCÁRIOS
12-03-2024 23:59:00.743Z;functions.check_payment_type;  APERTA TAB
12-03-2024 23:59:02.847Z;functions.check_payment_type;  CTRL C
12-03-2024 23:59:03.848Z;functions.check_payment_type;  DESCRICAO CORRETA BOLETO
12-03-2024 23:59:04.161Z;functions.waitForImage;  FORMA DE PAGAMENTO image found.
12-03-2024 23:59:06.173Z;functions.check_payment_type;  FORMA DE PAGAMENTO: TITULO DE COBRANÇA (BOLETO)
12-03-2024 23:59:08.505Z;functions.waitForImage;  PRESS BUTTON OK image found.
12-03-2024 23:59:10.640Z;functions.check_payment_type;  PRESS BUTTON OK
12-03-2024 23:59:12.973Z;functions.waitForImage;  PRESS BUTTON OK 2 image found.
12-03-2024 23:59:15.106Z;functions.check_payment_type;  PRESS BUTTON OK 2
12-03-2024 23:59:22.211Z;functions.check_payment_type;  PASSANDO PARA PRÓXIMO REGISTRO
12-03-2024 23:59:32.316Z;functions.check_payment_type;  REF. LANÇAMENTO: 928143
12-03-2024 23:59:32.423Z;functions.check_payment_type;  ENTRANDO NO REGISTRO
12-03-2024 23:59:40.652Z;functions.waitForImage;  INTEGRAÇÃO BANCÁRIA image found.
12-03-2024 23:59:42.761Z;functions.check_payment_type;  CLICA EM INTEGRAÇÃO BANCÁRIA
12-03-2024 23:59:42.761Z;functions.check_payment_type;  VERIFICANDO INFORMAÇÕES
12-03-2024 23:59:46.106Z;functions.waitForImage;  DADOS BANCARIOS image found.
12-03-2024 23:59:46.239Z;functions.check_payment_type;  DADOS BANCARIOS
12-03-2024 23:59:48.240Z;functions.check_payment_type;  ENTROU DADOS BANCÁRIOS
12-03-2024 23:59:48.343Z;functions.check_payment_type;  APERTA TAB
12-03-2024 23:59:50.448Z;functions.check_payment_type;  CTRL C
12-03-2024 23:59:51.448Z;functions.check_payment_type;  DESCRICAO CORRETA BOLETO
12-03-2024 23:59:51.817Z;functions.waitForImage;  FORMA DE PAGAMENTO image found.
12-03-2024 23:59:53.826Z;functions.check_payment_type;  FORMA DE PAGAMENTO: TITULO DE COBRANÇA (BOLETO)
12-03-2024 23:59:56.156Z;functions.waitForImage;  PRESS BUTTON OK image found.
12-03-2024 23:59:58.287Z;functions.check_payment_type;  PRESS BUTTON OK
13-03-2024 00:00:00.630Z;functions.waitForImage;  PRESS BUTTON OK 2 image found.
13-03-2024 00:00:02.760Z;functions.check_payment_type;  PRESS BUTTON OK 2
13-03-2024 00:00:09.863Z;functions.check_payment_type;  PASSANDO PARA PRÓXIMO REGISTRO
13-03-2024 00:00:18.785Z;functions.process_lancamentos;  CLICA PARA APARECER CONTA/CAIXA
13-03-2024 00:00:19.960Z;functions.process_lancamentos;  SELECIONA CONTA/CAIXA
13-03-2024 00:00:21.207Z;functions.process_lancamentos;  CLICA NO BOTÃO [...]
13-03-2024 00:00:26.322Z;functions.process_lancamentos;  CLICA NO CAMPO PESQUISA E DIGITA: %3212
13-03-2024 00:00:27.438Z;functions.process_lancamentos;  CLICA NO BOTÃO DO FILTRO
13-03-2024 00:00:28.722Z;functions.process_lancamentos;  CLICA NO BOTÃO OK
13-03-2024 00:00:29.848Z;functions.process_lancamentos;  CLICA NO BOTÃO EXECUTAR
13-03-2024 00:01:01.840Z;functions.waitForImage;  PRESS BUTTON OK image not found.
13-03-2024 00:01:01.840Z;functions.process_lancamentos;  LANÇAMENTO COM ERRO
13-03-2024 00:01:09.327Z;functions.process_lancamentos;  ERRO: Lançamento Ref. 926325: Convênio alterado para o convênio default '7' da conta Caixa '02675-5' .
Lançamento Ref. 926342: Convênio alterado para o convênio default '7' da conta Caixa '02675-5' .
Lançamento Ref. 927987: Convênio alterado para o convênio default '7' da conta Caixa '02675-5' .
Lançamento Ref. 928002: Convênio alterado para o convênio default '7' da conta Caixa '02675-5' .
Lançamento Ref. 928015: Convênio alterado para o convênio default '7' da conta Caixa '02675-5' .
Lançamento Ref. 928024: Convênio alterado para o convênio default '7' da conta Caixa '02675-5' .
Lançamento Ref. 928032: Convênio alterado para o convênio default '7' da conta Caixa '02675-5' .
Lançamento Ref. 928037: Convênio alterado para o convênio default '7' da conta Caixa '02675-5' .
Lançamento Ref. 928048: Convênio alterado para o convênio default '7' da conta Caixa '02675-5' .
Lançamento Ref. 928055: Convênio alterado para o convênio default '7' da conta Caixa '02675-5' .
Lançamento Ref. 928072: Convênio alterado para o convênio default '7' da conta Caixa '02675-5' .
Lançamento Ref. 928081: Convênio alterado para o convênio default '7' da conta Caixa '02675-5' .
Lançamento Ref. 928098: Convênio alterado para o convênio default '7' da conta Caixa '02675-5' .
Lançamento Ref. 928111: Convênio alterado para o convênio default '7' da conta Caixa '02675-5' .
Lançamento Ref. 928116: Convênio alterado para o convênio default '7' da conta Caixa '02675-5' .
Lançamento Ref. 928120: Convênio alterado para o convênio default '7' da conta Caixa '02675-5' .
Lançamento Ref. 928132: Convênio alterado para o convênio default '7' da conta Caixa '02675-5' .
Lançamento Ref. 928143: Convênio alterado para o convênio default '7' da conta Caixa '02675-5' .
Lançamento Ref. 928712: Convênio alterado para o convênio default '7' da conta Caixa '02675-5' .
Lançamento Ref. 928719: Convênio alterado para o convênio default '7' da conta Caixa '02675-5' .
Não foi possível alterar o lançamento 1-926325:
Linha Digitável (IPTE) não está válido.
Verifique os dígitos informados na Linha Digitável (IPTE).

   at RM.Fin.Banco.FinBancoMod.ValidaIPTE(String ipte, FinModoCodBarrasIPTEEnum modo)
   at RM.Fin.Lan.Manutencao.FinLanManutencaoValidacaoObj.ConsisteIntegracaoBancaria(FinLanCxt context)
   at RM.Fin.Lan.Manutencao.FinLanManutencaoValidacaoObj.ValidaLancamento(FinLanCxt context)
   at RM.Fin.Lan.Alteracao.FinLanMasterSbc`1.DoValidateContext(TContext context)
   at RM.Lib.Subscriber.RMSSubscriberSimple`1.ValidateContext(TContext context)
   at RM.Lib.Subscriber.RMSSubscriberController`2.DoPrepareSubscriber(List`1 contextList, Boolean initializeSubscriber)
   at RM.Lib.Subscriber.RMSSubscriberController`2.ExecuteOneLog(List`1 listParam, Int32 lenPackageCxt, Object ownerData)
*********************************************


Não foi possível alterar o lançamento 1-926342:
Linha Digitável (IPTE) não está válido.
Verifique os dígitos informados na Linha Digitável (IPTE).

   at RM.Fin.Banco.FinBancoMod.ValidaIPTE(String ipte, FinModoCodBarrasIPTEEnum modo)
   at RM.Fin.Lan.Manutencao.FinLanManutencaoValidacaoObj.ConsisteIntegracaoBancaria(FinLanCxt context)
   at RM.Fin.Lan.Manutencao.FinLanManutencaoValidacaoObj.ValidaLancamento(FinLanCxt context)
   at RM.Fin.Lan.Alteracao.FinLanMasterSbc`1.DoValidateContext(TContext context)
   at RM.Lib.Subscriber.RMSSubscriberSimple`1.ValidateContext(TContext context)
   at RM.Lib.Subscriber.RMSSubscriberController`2.DoPrepareSubscriber(List`1 contextList, Boolean initializeSubscriber)
   at RM.Lib.Subscriber.RMSSubscriberController`2.ExecuteOneLog(List`1 listParam, Int32 lenPackageCxt, Object ownerData)
*********************************************


Não foi possível alterar o lançamento 1-927987:
Linha Digitável (IPTE) não está válido.
Verifique os dígitos informados na Linha Digitável (IPTE).

   at RM.Fin.Banco.FinBancoMod.ValidaIPTE(String ipte, FinModoCodBarrasIPTEEnum modo)
   at RM.Fin.Lan.Manutencao.FinLanManutencaoValidacaoObj.ConsisteIntegracaoBancaria(FinLanCxt context)
   at RM.Fin.Lan.Manutencao.FinLanManutencaoValidacaoObj.ValidaLancamento(FinLanCxt context)
   at RM.Fin.Lan.Alteracao.FinLanMasterSbc`1.DoValidateContext(TContext context)
   at RM.Lib.Subscriber.RMSSubscriberSimple`1.ValidateContext(TContext context)
   at RM.Lib.Subscriber.RMSSubscriberController`2.DoPrepareSubscriber(List`1 contextList, Boolean initializeSubscriber)
   at RM.Lib.Subscriber.RMSSubscriberController`2.ExecuteOneLog(List`1 listParam, Int32 lenPackageCxt, Object ownerData)
*********************************************


Não foi possível alterar o lançamento 1-928002:
Linha Digitável (IPTE) não está válido.
Verifique os dígitos informados na Linha Digitável (IPTE).

   at RM.Fin.Banco.FinBancoMod.ValidaIPTE(String ipte, FinModoCodBarrasIPTEEnum modo)
   at RM.Fin.Lan.Manutencao.FinLanManutencaoValidacaoObj.ConsisteIntegracaoBancaria(FinLanCxt context)
   at RM.Fin.Lan.Manutencao.FinLanManutencaoValidacaoObj.ValidaLancamento(FinLanCxt context)
   at RM.Fin.Lan.Alteracao.FinLanMasterSbc`1.DoValidateContext(TContext context)
   at RM.Lib.Subscriber.RMSSubscriberSimple`1.ValidateContext(TContext context)
   at RM.Lib.Subscriber.RMSSubscriberController`2.DoPrepareSubscriber(List`1 contextList, Boolean initializeSubscriber)
   at RM.Lib.Subscriber.RMSSubscriberController`2.ExecuteOneLog(List`1 listParam, Int32 lenPackageCxt, Object ownerData)
*********************************************


Não foi possível alterar o lançamento 1-928015:
Linha Digitável (IPTE) não está válido.
Verifique os dígitos informados na Linha Digitável (IPTE).

   at RM.Fin.Banco.FinBancoMod.ValidaIPTE(String ipte, FinModoCodBarrasIPTEEnum modo)
   at RM.Fin.Lan.Manutencao.FinLanManutencaoValidacaoObj.ConsisteIntegracaoBancaria(FinLanCxt context)
   at RM.Fin.Lan.Manutencao.FinLanManutencaoValidacaoObj.ValidaLancamento(FinLanCxt context)
   at RM.Fin.Lan.Alteracao.FinLanMasterSbc`1.DoValidateContext(TContext context)
   at RM.Lib.Subscriber.RMSSubscriberSimple`1.ValidateContext(TContext context)
   at RM.Lib.Subscriber.RMSSubscriberController`2.DoPrepareSubscriber(List`1 contextList, Boolean initializeSubscriber)
   at RM.Lib.Subscriber.RMSSubscriberController`2.ExecuteOneLog(List`1 listParam, Int32 lenPackageCxt, Object ownerData)
*********************************************


Não foi possível alterar o lançamento 1-928024:
Linha Digitável (IPTE) não está válido.
Verifique os dígitos informados na Linha Digitável (IPTE).

   at RM.Fin.Banco.FinBancoMod.ValidaIPTE(String ipte, FinModoCodBarrasIPTEEnum modo)
   at RM.Fin.Lan.Manutencao.FinLanManutencaoValidacaoObj.ConsisteIntegracaoBancaria(FinLanCxt context)
   at RM.Fin.Lan.Manutencao.FinLanManutencaoValidacaoObj.ValidaLancamento(FinLanCxt context)
   at RM.Fin.Lan.Alteracao.FinLanMasterSbc`1.DoValidateContext(TContext context)
   at RM.Lib.Subscriber.RMSSubscriberSimple`1.ValidateContext(TContext context)
   at RM.Lib.Subscriber.RMSSubscriberController`2.DoPrepareSubscriber(List`1 contextList, Boolean initializeSubscriber)
   at RM.Lib.Subscriber.RMSSubscriberController`2.ExecuteOneLog(List`1 listParam, Int32 lenPackageCxt, Object ownerData)
*********************************************


Não foi possível alterar o lançamento 1-928032:
Linha Digitável (IPTE) não está válido.
Verifique os dígitos informados na Linha Digitável (IPTE).

   at RM.Fin.Banco.FinBancoMod.ValidaIPTE(String ipte, FinModoCodBarrasIPTEEnum modo)
   at RM.Fin.Lan.Manutencao.FinLanManutencaoValidacaoObj.ConsisteIntegracaoBancaria(FinLanCxt context)
   at RM.Fin.Lan.Manutencao.FinLanManutencaoValidacaoObj.ValidaLancamento(FinLanCxt context)
   at RM.Fin.Lan.Alteracao.FinLanMasterSbc`1.DoValidateContext(TContext context)
   at RM.Lib.Subscriber.RMSSubscriberSimple`1.ValidateContext(TContext context)
   at RM.Lib.Subscriber.RMSSubscriberController`2.DoPrepareSubscriber(List`1 contextList, Boolean initializeSubscriber)
   at RM.Lib.Subscriber.RMSSubscriberController`2.ExecuteOneLog(List`1 listParam, Int32 lenPackageCxt, Object ownerData)
*********************************************


Não foi possível alterar o lançamento 1-928037:
Linha Digitável (IPTE) não está válido.
Verifique os dígitos informados na Linha Digitável (IPTE).

   at RM.Fin.Banco.FinBancoMod.ValidaIPTE(String ipte, FinModoCodBarrasIPTEEnum modo)
   at RM.Fin.Lan.Manutencao.FinLanManutencaoValidacaoObj.ConsisteIntegracaoBancaria(FinLanCxt context)
   at RM.Fin.Lan.Manutencao.FinLanManutencaoValidacaoObj.ValidaLancamento(FinLanCxt context)
   at RM.Fin.Lan.Alteracao.FinLanMasterSbc`1.DoValidateContext(TContext context)
   at RM.Lib.Subscriber.RMSSubscriberSimple`1.ValidateContext(TContext context)
   at RM.Lib.Subscriber.RMSSubscriberController`2.DoPrepareSubscriber(List`1 contextList, Boolean initializeSubscriber)
   at RM.Lib.Subscriber.RMSSubscriberController`2.ExecuteOneLog(List`1 listParam, Int32 lenPackageCxt, Object ownerData)
*********************************************


Não foi possível alterar o lançamento 1-928048:
Linha Digitável (IPTE) não está válido.
Verifique os dígitos informados na Linha Digitável (IPTE).

   at RM.Fin.Banco.FinBancoMod.ValidaIPTE(String ipte, FinModoCodBarrasIPTEEnum modo)
   at RM.Fin.Lan.Manutencao.FinLanManutencaoValidacaoObj.ConsisteIntegracaoBancaria(FinLanCxt context)
   at RM.Fin.Lan.Manutencao.FinLanManutencaoValidacaoObj.ValidaLancamento(FinLanCxt context)
   at RM.Fin.Lan.Alteracao.FinLanMasterSbc`1.DoValidateContext(TContext context)
   at RM.Lib.Subscriber.RMSSubscriberSimple`1.ValidateContext(TContext context)
   at RM.Lib.Subscriber.RMSSubscriberController`2.DoPrepareSubscriber(List`1 contextList, Boolean initializeSubscriber)
   at RM.Lib.Subscriber.RMSSubscriberController`2.ExecuteOneLog(List`1 listParam, Int32 lenPackageCxt, Object ownerData)
*********************************************


Não foi possível alterar o lançamento 1-928055:
Linha Digitável (IPTE) não está válido.
Verifique os dígitos informados na Linha Digitável (IPTE).

   at RM.Fin.Banco.FinBancoMod.ValidaIPTE(String ipte, FinModoCodBarrasIPTEEnum modo)
   at RM.Fin.Lan.Manutencao.FinLanManutencaoValidacaoObj.ConsisteIntegracaoBancaria(FinLanCxt context)
   at RM.Fin.Lan.Manutencao.FinLanManutencaoValidacaoObj.ValidaLancamento(FinLanCxt context)
   at RM.Fin.Lan.Alteracao.FinLanMasterSbc`1.DoValidateContext(TContext context)
   at RM.Lib.Subscriber.RMSSubscriberSimple`1.ValidateContext(TContext context)
   at RM.Lib.Subscriber.RMSSubscriberController`2.DoPrepareSubscriber(List`1 contextList, Boolean initializeSubscriber)
   at RM.Lib.Subscriber.RMSSubscriberController`2.ExecuteOneLog(List`1 listParam, Int32 lenPackageCxt, Object ownerData)
*********************************************






13-03-2024 00:01:09.327Z;functions.process_lancamentos;  CORRESPONDENCIA ['926325', '926342', '927987', '928002', '928015', '928024', '928032', '928037', '928048', '928055']
13-03-2024 00:01:09.327Z;functions.process_lancamentos;  NUMERO DE REFERENCIAS QUE SERÃO TIRADOS DA REMESSA [926325, 926342, 927987, 928002, 928015, 928024, 928032, 928037, 928048, 928055]
13-03-2024 00:01:10.144Z;functions.process_lancamentos;  CLICK EM FECHAR.
13-03-2024 00:02:07.773Z;functions.remove_send;  CLICA NA PRIMEIRA LINHA DA TABELA
13-03-2024 00:02:14.881Z;functions.remove_send;  ref_num_atual: 928712
13-03-2024 00:02:14.881Z;functions.show_exception_and_exit;  cannot access local variable 'num_de_ref' where it is not associated with a value
Traceback (most recent call last):
  File "C:\Projetos_Remessas\Remessa_Bancaria\main.py", line 159, in <module>
    result = process_lancamentos()
             ^^^^^^^^^^^^^^^^^^^^^
  File "C:\Projetos_Remessas\Remessa_Bancaria\SUBPROGRAMS\functions.py", line 679, in process_lancamentos
    remove_send()
  File "C:\Projetos_Remessas\Remessa_Bancaria\SUBPROGRAMS\functions.py", line 740, in remove_send
    logging.debug(f'num_de_ref: {num_de_ref}')
                  ^^^^^^^^^^^^^^^^^^^^^^^^^^^
UnboundLocalError: cannot access local variable 'num_de_ref' where it is not associated with a value
13-03-2024 00:02:15.272Z;functions.show_exception_and_exit;  PRINT SALVO
13-03-2024 00:02:15.646Z;functions.show_exception_and_exit;  RM FECHADO
13-03-2024 00:02:18.425Z;errorhandler.__handle;  Property: Unknown Property name. [1:203: -ms-interpolation-mode]
13-03-2024 00:02:18.478Z;errorhandler.__handle;  Property: Unknown Property name. [1:353: -webkit-font-smoothing]
13-03-2024 00:02:18.488Z;errorhandler.__handle;  Property: Unknown Property name. [1:483: -ms-text-size-adjust]
13-03-2024 00:02:18.488Z;errorhandler.__handle;  Property: Unknown Property name. [1:518: -webkit-text-size-adjust]
13-03-2024 00:02:18.488Z;errorhandler.__handle;  Property: Unknown Property name. [1:612: mso-table-lspace]
13-03-2024 00:02:18.488Z;errorhandler.__handle;  Property: Unknown Property name. [1:642: mso-table-rspace]
13-03-2024 00:02:18.691Z;errorhandler.__handle;  Property: Unknown Property name. [1:4734: mso-hide]
13-03-2024 00:02:18.801Z;errorhandler.__handle;  Property: Unknown Property name. [1:13: -ms-interpolation-mode]
13-03-2024 00:02:18.801Z;errorhandler.__handle;  Property: Unknown Property name. [1:49: -webkit-font-smoothing]
13-03-2024 00:02:18.816Z;errorhandler.__handle;  Property: Unknown Property name. [1:134: -ms-text-size-adjust]
13-03-2024 00:02:18.816Z;errorhandler.__handle;  Property: Unknown Property name. [1:160: -webkit-text-size-adjust]
13-03-2024 00:02:18.816Z;errorhandler.__handle;  Property: Unknown Property name. [1:26: mso-table-lspace]
13-03-2024 00:02:18.816Z;errorhandler.__handle;  Property: Unknown Property name. [1:45: mso-table-rspace]
13-03-2024 00:02:18.848Z;errorhandler.__handle;  Property: Unknown Property name. [1:92: mso-hide]
13-03-2024 00:02:18.863Z;errorhandler.__handle;  Property: No ":" after name found: align-center [1:1: align-center]
13-03-2024 00:02:18.863Z;errorhandler.__handle;  Property: No property value found: align-center [1:1: align-center]
13-03-2024 00:02:18.863Z;errorhandler.__handle;  CSSStyleDeclaration: Syntax Error in Property: align-center
13-03-2024 00:02:18.863Z;errorhandler.__handle;  Property: Unknown Property name. [1:14: -ms-interpolation-mode]
13-03-2024 00:02:22.503Z;functions.show_exception_and_exit;  EMAIL EXCEÇÃO ENVIADO
13-03-2024 00:02:22.503Z;functions.show_exception_and_exit;  ERRO - <class 'UnboundLocalError'> / cannot access local variable 'num_de_ref' where it is not associated with a value
