13-03-2024 00:10:56.276Z;functions.bot_text_art;      ____   
13-03-2024 00:10:56.277Z;functions.bot_text_art;     [____]    
13-03-2024 00:10:56.277Z;functions.bot_text_art;   |=]()()[=|  
13-03-2024 00:10:56.278Z;functions.bot_text_art;     _\==/__    _____    ____     _        _____    ___   _  __
13-03-2024 00:10:56.278Z;functions.bot_text_art;   |__|   |_|  |  _  \  / ___|   | |      |_   _| / ___| | |/ /
13-03-2024 00:10:56.278Z;functions.bot_text_art;   |_|_/\_|_|  | |  | | | |      | |        | |   | |    | ' / 
13-03-2024 00:10:56.279Z;functions.bot_text_art;   | | __ | |  | |  | | | |      | |        | |   | |    |  <  
13-03-2024 00:10:56.279Z;functions.bot_text_art;   |_|[  ]|_|  | |__| | | |____  | |____   _| |_  | |__  | . \ 
13-03-2024 00:10:56.280Z;functions.bot_text_art;   \_|_||_|_/  |_____/   \_____| |______| |_____| \ ___| |_|\_\
13-03-2024 00:10:56.281Z;functions.bot_text_art;     |_||_|                                                     
13-03-2024 00:10:56.281Z;functions.bot_text_art;     | ||_|_   
13-03-2024 00:10:56.281Z;functions.bot_text_art;   |___||___|  
13-03-2024 00:10:56.281Z;functions.bot_text_art;               
13-03-2024 00:10:56.290Z;functions.open_RM;  OPEN PROGRAM RM
13-03-2024 00:11:12.343Z;functions.loggin_RM;  ENTER USER_NAME
13-03-2024 00:11:16.781Z;functions.loggin_RM;  ENTER PASSWORD
13-03-2024 00:11:17.921Z;functions.loggin_RM;  ENTER RM
13-03-2024 00:12:00.876Z;functions.enter_coligada;  CLICK CONTEXTO
13-03-2024 00:12:05.781Z;functions.enter_coligada;  CLICK COLIGADA 1
13-03-2024 00:12:08.359Z;functions.enter_coligada;  CLICK AVANÇAR
13-03-2024 00:12:11.007Z;functions.enter_coligada;  INSERE O COLIGADA CODE = 1
13-03-2024 00:12:11.120Z;functions.enter_coligada;  APERTA TAB PARA PREENCHER O CAMPO COM A STRING: OCEANICA ENGENHARIA E CONSULTORIA S.A.
13-03-2024 00:12:13.094Z;functions.enter_coligada;  CLICK AVANÇAR NOVAMENTE
13-03-2024 00:12:14.594Z;functions.enter_coligada;  CLICK CONCLUIR
13-03-2024 00:12:44.484Z;functions.enter_coligada;  POP UP COLIGADA DESAPARECER
13-03-2024 00:12:45.302Z;functions.check_movimentacao_bancaria;  CLICK - TOTVS - LINHA RM
13-03-2024 00:12:47.005Z;functions.check_movimentacao_bancaria;  CLICK - BACK OFFICE
13-03-2024 00:12:49.719Z;functions.check_movimentacao_bancaria;  CLICK - GESTAO FINANCEIRA
13-03-2024 00:12:59.999Z;functions.movimentacao_bancaria;  CLICA NA ABA MOVIMENTAÇÃO BANCARIA
13-03-2024 00:13:01.313Z;functions.waitForImage;  IMAGEM BORDERO image found.
13-03-2024 00:13:03.443Z;functions.movimentacao_bancaria;  IMAGEM BORDERO CLICADA.
13-03-2024 00:13:23.866Z;functions.waitForImage;  LICENCAS EXCEDIDAS image not found.
13-03-2024 00:13:24.546Z;functions.movimentacao_bancaria;  ENCONTROU O FILTRO DA MOVIMENTAÇÃO BANCÁRIA
13-03-2024 00:13:24.593Z;functions.movimentacao_bancaria;  CLICA NA ABA SUPERIOR DO FILTRO
13-03-2024 00:13:27.804Z;functions.movimentacao_bancaria;  SELECIONA O FILTRO HOJE
13-03-2024 00:13:33.103Z;functions.waitForImage;  FILTER CLEAN image found.
13-03-2024 00:13:35.235Z;functions.filter_clean;  CLICA NO BOTÃO X DO LIMPA FILTRO
13-03-2024 00:13:35.615Z;functions.waitForImage;  FILTER CLEAN image found.
13-03-2024 00:13:37.733Z;functions.filter_clean;  CLICA NO BOTÃO X DO LIMPA FILTRO
13-03-2024 00:13:53.375Z;functions.waitForImage;  FILTER CLEAN image not found.
13-03-2024 00:14:11.234Z;functions.movimentacao_bancaria;  SEM PROCESSAMENTO DE BORDERO
13-03-2024 00:14:37.025Z;functions.waitForImage;  FILTER CLEAN image not found.
13-03-2024 00:14:52.128Z;functions.waitForImage;  FILTER CLEAN image not found.
13-03-2024 00:15:07.308Z;functions.waitForImage;  FILTER CLEAN image not found.
13-03-2024 00:15:42.670Z;functions.processo_pagamento;  SEM REMESSA DE BORDERO AUTORIZADO
13-03-2024 00:15:43.775Z;functions.processo_pagamento;  FECHA ABA MOVIMENTAÇÕES BANCÁRIAS
13-03-2024 00:15:45.751Z;functions.enter_contas_a_pagar;  CLICK - TOTVS - LINHA RM
13-03-2024 00:15:47.341Z;functions.enter_contas_a_pagar;  CLICK - BACK OFFICE
13-03-2024 00:15:50.108Z;functions.enter_contas_a_pagar;  CLICK - GESTAO FINANCEIRA
13-03-2024 00:15:59.291Z;functions.enter_contas_a_pagar;  CLICK - CONTAS A PAGAR
13-03-2024 00:16:00.540Z;functions.waitForImage;  LANÇAMENTOS image found.
13-03-2024 00:16:02.671Z;functions.enter_contas_a_pagar;  CLICA EM LANÇAMENTOS
13-03-2024 00:16:18.279Z;functions.waitForImage;  LICENCAS EXCEDIDAS image not found.
13-03-2024 00:16:18.284Z;functions.obter_intervalo_data;  Data Inicial BANCARIA antes da remoção: None
13-03-2024 00:16:18.284Z;functions.obter_intervalo_data;  Data Final BANCARIA antes da remoção: None
13-03-2024 00:16:18.287Z;functions.obter_intervalo_data;  Data Inicial BANCARIA após a remoção: None
13-03-2024 00:16:18.287Z;functions.obter_intervalo_data;  Data Final BANCARIA após a remoção: None
13-03-2024 00:16:18.287Z;functions.obter_intervalo_data;  hoje -  2024-03-13 00:16:18.287711
13-03-2024 00:16:18.288Z;functions.data_filter;  DATA INICIO 20-03-2024
13-03-2024 00:16:18.288Z;functions.data_filter;  DATA FIM 26-03-2024
13-03-2024 00:16:18.288Z;functions.data_filter;  CLICK - SELECIONA A DATA DE QUARTA FEIRA E DA PROXIMA TERÇA
13-03-2024 00:16:18.288Z;functions.data_filter;  QUARTA-FEIRA: 20-03-2024
13-03-2024 00:16:18.289Z;functions.data_filter;  TERCA-FEIRA: 26-03-2024
13-03-2024 00:16:21.139Z;functions.data_filter;  ESCREVE REMESSA BANCÁRIA NO FILTRO
13-03-2024 00:16:22.513Z;functions.data_filter;  CLICK - BOTAO DE SELECAO DE FILTRO
13-03-2024 00:16:27.014Z;functions.data_filter;  INSERE - DATA DE QUARTA-FEIRA: 20-03-2024
13-03-2024 00:16:31.030Z;functions.data_filter;  INSERE - DATA DA PROX TERCA-FEIRA: 26-03-2024
13-03-2024 00:16:31.904Z;functions.data_filter;  CLICK - BOTAO DE EXECUTAR O FILTRO
13-03-2024 00:21:34.296Z;functions.desmark_filter;  CLICK CHECKBOX LANÇAMENTOS A RECEBER
13-03-2024 00:21:35.794Z;functions.desmark_filter;  CLICK CHECKBOX LANÇAMENTOS BAIXADOS
13-03-2024 00:21:37.484Z;functions.desmark_filter;  CLICK CHECKBOX LANÇAMENTOS CANCELADOS
13-03-2024 00:21:39.545Z;functions.desmark_filter;  CLICK CHECKBOX LANÇAMENTOS FATURADOS
13-03-2024 00:21:41.590Z;functions.desmark_filter;  CLICK CHECKBOX LANÇAMENTOS FATURADOS
13-03-2024 00:21:46.936Z;functions.waitForImage;  FILTER CLEAN image found.
13-03-2024 00:21:49.038Z;functions.filter_clean;  CLICA NO BOTÃO X DO LIMPA FILTRO
13-03-2024 00:22:04.734Z;functions.waitForImage;  FILTER CLEAN image not found.
13-03-2024 00:22:20.511Z;functions.waitForImage;  FILTER CLEAN image not found.
13-03-2024 00:22:20.511Z;functions.check_table_record;  VERIFICANDO SE A TABELA ESTÁ VAZIA
13-03-2024 00:22:22.809Z;functions.check_table_record;  Texto extraido 1/851
13-03-2024 00:22:22.809Z;functions.check_table_record;  Count 851
13-03-2024 00:22:22.809Z;functions.check_table_record;  Type <class 'int'>
13-03-2024 00:22:22.809Z;functions.check_table_record;  TABELA CONTÉM REGISTROS
13-03-2024 00:22:34.545Z;functions.select_tipo_documento;  NOME DA COLUNA: Tipo de Documento
13-03-2024 00:22:36.324Z;functions.select_tipo_documento;  HOVER NOME DA COLUNA: Tipo de Documento
13-03-2024 00:22:37.078Z;functions.select_tipo_documento;  CLICA NO FILTRO PERSONALIZAR
13-03-2024 00:22:39.481Z;functions.select_tipo_documento;  CLICA PARA SELECIONAR OPÇÕES DO FILTRO
13-03-2024 00:22:46.777Z;functions.select_tipo_documento;  CLICK BUTTON CONFIRMAR FILTRO
13-03-2024 00:22:51.782Z;functions.filter_IPTE;  VERIFICANDO O COD DO CLIENTE EM CADA REGISTRO
13-03-2024 00:22:53.199Z;functions.filter_IPTE;  CLICA NA PRIMEIRA LINHA DA TABELA
13-03-2024 00:23:16.526Z;functions.filter_IPTE;  HOVER FILTER
13-03-2024 00:23:18.114Z;functions.filter_IPTE;  CLICK FILTER
13-03-2024 00:23:22.470Z;functions.filter_IPTE;  CLICA NO FILTRO PERSONALIZAR
13-03-2024 00:23:52.121Z;functions.show_exception_and_exit;  'NoneType' object has no attribute 'click'
Traceback (most recent call last):
  File "C:\Projetos_Remessas\Remessa_Bancaria\main.py", line 35, in <module>
    filter_IPTE()
  File "C:\Projetos_Remessas\Remessa_Bancaria\SUBPROGRAMS\functions.py", line 377, in filter_IPTE
    caixa_selecao.click()
    ^^^^^^^^^^^^^^^^^^^
AttributeError: 'NoneType' object has no attribute 'click'
13-03-2024 00:23:52.516Z;functions.show_exception_and_exit;  PRINT SALVO
13-03-2024 00:23:52.923Z;functions.show_exception_and_exit;  RM FECHADO
13-03-2024 00:23:55.028Z;errorhandler.__handle;  Property: Unknown Property name. [1:203: -ms-interpolation-mode]
13-03-2024 00:23:55.059Z;errorhandler.__handle;  Property: Unknown Property name. [1:353: -webkit-font-smoothing]
13-03-2024 00:23:55.075Z;errorhandler.__handle;  Property: Unknown Property name. [1:483: -ms-text-size-adjust]
13-03-2024 00:23:55.075Z;errorhandler.__handle;  Property: Unknown Property name. [1:518: -webkit-text-size-adjust]
13-03-2024 00:23:55.075Z;errorhandler.__handle;  Property: Unknown Property name. [1:612: mso-table-lspace]
13-03-2024 00:23:55.075Z;errorhandler.__handle;  Property: Unknown Property name. [1:642: mso-table-rspace]
13-03-2024 00:23:55.308Z;errorhandler.__handle;  Property: Unknown Property name. [1:4734: mso-hide]
13-03-2024 00:23:55.417Z;errorhandler.__handle;  Property: Unknown Property name. [1:13: -ms-interpolation-mode]
13-03-2024 00:23:55.417Z;errorhandler.__handle;  Property: Unknown Property name. [1:49: -webkit-font-smoothing]
13-03-2024 00:23:55.433Z;errorhandler.__handle;  Property: Unknown Property name. [1:134: -ms-text-size-adjust]
13-03-2024 00:23:55.433Z;errorhandler.__handle;  Property: Unknown Property name. [1:160: -webkit-text-size-adjust]
13-03-2024 00:23:55.433Z;errorhandler.__handle;  Property: Unknown Property name. [1:26: mso-table-lspace]
13-03-2024 00:23:55.433Z;errorhandler.__handle;  Property: Unknown Property name. [1:45: mso-table-rspace]
13-03-2024 00:23:55.464Z;errorhandler.__handle;  Property: Unknown Property name. [1:92: mso-hide]
13-03-2024 00:23:55.480Z;errorhandler.__handle;  Property: No ":" after name found: align-center [1:1: align-center]
13-03-2024 00:23:55.480Z;errorhandler.__handle;  Property: No property value found: align-center [1:1: align-center]
13-03-2024 00:23:55.480Z;errorhandler.__handle;  CSSStyleDeclaration: Syntax Error in Property: align-center
13-03-2024 00:23:55.480Z;errorhandler.__handle;  Property: Unknown Property name. [1:14: -ms-interpolation-mode]
13-03-2024 00:23:58.905Z;functions.show_exception_and_exit;  EMAIL EXCEÇÃO ENVIADO
13-03-2024 00:23:58.905Z;functions.show_exception_and_exit;  ERRO - <class 'AttributeError'> / 'NoneType' object has no attribute 'click'
