01-11-2023 10:50:47.199Z;functions.bot_text_art;      ____   
01-11-2023 10:50:47.200Z;functions.bot_text_art;     [____]    
01-11-2023 10:50:47.200Z;functions.bot_text_art;   |=]()()[=|  
01-11-2023 10:50:47.200Z;functions.bot_text_art;     _\==/__    _____    ____     _        _____    ___   _  __
01-11-2023 10:50:47.200Z;functions.bot_text_art;   |__|   |_|  |  _  \  / ___|   | |      |_   _| / ___| | |/ /
01-11-2023 10:50:47.200Z;functions.bot_text_art;   |_|_/\_|_|  | |  | | | |      | |        | |   | |    | ' / 
01-11-2023 10:50:47.201Z;functions.bot_text_art;   | | __ | |  | |  | | | |      | |        | |   | |    |  <  
01-11-2023 10:50:47.201Z;functions.bot_text_art;   |_|[  ]|_|  | |__| | | |____  | |____   _| |_  | |__  | . \ 
01-11-2023 10:50:47.202Z;functions.bot_text_art;   \_|_||_|_/  |_____/   \_____| |______| |_____| \ ___| |_|\_\
01-11-2023 10:50:47.203Z;functions.bot_text_art;     |_||_|                                                     
01-11-2023 10:50:47.203Z;functions.bot_text_art;     | ||_|_   
01-11-2023 10:50:47.203Z;functions.bot_text_art;   |___||___|  
01-11-2023 10:50:47.203Z;functions.bot_text_art;               
01-11-2023 10:50:47.207Z;functions.open_RM;  OPEN PROGRAM RM
01-11-2023 10:50:54.276Z;functions.loggin_RM;  ENTER USER_NAME
01-11-2023 10:50:55.076Z;functions.loggin_RM;  ENTER PASSWORD
01-11-2023 10:50:55.747Z;functions.loggin_RM;  ENTER RM
01-11-2023 10:51:16.783Z;functions.enter_coligada;  CLICK CONTEXTO
01-11-2023 10:51:20.668Z;functions.enter_coligada;  CLICK COLIGADA 1
01-11-2023 10:51:22.296Z;functions.enter_coligada;  CLICK AVANÇAR
01-11-2023 10:51:24.088Z;functions.enter_coligada;  INSERE O COLIGADA CODE = 1
01-11-2023 10:51:24.189Z;functions.enter_coligada;  APERTA TAB PARA PREENCHER O CAMPO COM A STRING: OCEANICA ENGENHARIA E CONSULTORIA S.A.
01-11-2023 10:51:25.202Z;functions.enter_coligada;  CLICK AVANÇAR NOVAMENTE
01-11-2023 10:51:26.078Z;functions.enter_coligada;  CLICK CONCLUIR
01-11-2023 10:51:36.818Z;functions.enter_coligada;  POP UP COLIGADA DESAPARECER
01-11-2023 10:51:37.435Z;functions.enter_contas_a_pagar;  CLICK - TOTVS - LINHA RM
01-11-2023 10:51:38.494Z;functions.enter_contas_a_pagar;  CLICK - BACK OFFICE
01-11-2023 10:51:39.189Z;functions.enter_contas_a_pagar;  CLICK - GESTAO FINANCEIRA
01-11-2023 10:51:44.462Z;functions.enter_contas_a_pagar;  CLICK - CONTAS A PAGAR
01-11-2023 10:51:44.536Z;functions.waitForImage;  LANÇAMENTOS image found.
01-11-2023 10:51:46.638Z;functions.enter_contas_a_pagar;  CLICA EM LANÇAMENTOS
01-11-2023 10:51:48.640Z;functions.data_filter;  CLICK - SELECIONA A DATA DE QUARTA FEIRA E DA PROXIMA TERÇA
01-11-2023 10:51:48.641Z;functions.data_filter;  QUARTA-FEIRA: 01-11-2023
01-11-2023 10:51:48.641Z;functions.data_filter;  TERCA-FEIRA: 07-11-2023
01-11-2023 10:51:54.322Z;functions.data_filter;  ESCREVE REMESSA BANCÁRIA NO FILTRO
01-11-2023 10:51:54.941Z;functions.data_filter;  CLICK - BUTÃO DE SELECAO DE FILTRO
01-11-2023 10:51:56.914Z;functions.data_filter;  INSERE - DATA DE QUARTA-FEIRA: 01-11-2023
01-11-2023 10:51:58.529Z;functions.data_filter;  INSERE - DATA DA PROX TERCA-FEIRA: 07-11-2023
01-11-2023 10:51:59.177Z;functions.data_filter;  CLICK - BUTÃO DE EXECUTAR O FILTRO
01-11-2023 10:52:34.317Z;functions.waitForImage;  FILTER CLEAN image not found.
01-11-2023 10:54:03.516Z;functions.select_tipo_documento;  NOME DA COLUNA: Tipo de Documento
01-11-2023 10:54:04.711Z;functions.select_tipo_documento;  HOVER NOME DA COLUNA: Tipo de Documento
01-11-2023 10:54:04.828Z;functions.select_tipo_documento;  CLICA PARA APARECER O FILTRO PERSONALIZAR
01-11-2023 10:54:05.138Z;functions.select_tipo_documento;  CLICA NO FILTRO PERSONALIZAR
01-11-2023 10:54:06.010Z;functions.select_tipo_documento;  CLICA PARA SELECIONAR OPÇÕES DO FILTRO
01-11-2023 10:54:13.018Z;functions.select_tipo_documento;  CLICK BUTTON CONFIRMAR FILTRO
01-11-2023 10:54:13.951Z;functions.desmark_filter;  CLICK CHECKBOX LANÇAMENTOS A RECEBER
01-11-2023 10:54:14.749Z;functions.desmark_filter;  CLICK CHECKBOX LANÇAMENTOS BAIXADOS
01-11-2023 10:54:15.632Z;functions.desmark_filter;  CLICK CHECKBOX LANÇAMENTOS CANCELADOS
01-11-2023 10:54:16.509Z;functions.desmark_filter;  CLICK CHECKBOX LANÇAMENTOS FATURADOS
01-11-2023 10:54:17.390Z;functions.desmark_filter;  CLICK CHECKBOX LANÇAMENTOS FATURADOS
01-11-2023 10:54:18.258Z;functions.filter_IPTE;  CLICK NA PRIMEIRA LINHA E COLUNA DA TABELA
01-11-2023 10:54:33.124Z;functions.filter_IPTE;  147 PASSOS PARA DIREITA NA TABELA >>
01-11-2023 10:54:35.123Z;functions.filter_IPTE;  HOVER FILTER
01-11-2023 10:54:35.257Z;functions.filter_IPTE;  CLICK FILTER
01-11-2023 10:54:39.567Z;functions.filter_IPTE;  CLICA NO FILTRO PERSONALIZAR
01-11-2023 10:54:46.352Z;functions.check_table_record;  APERTA NÃO
01-11-2023 10:54:47.261Z;functions.check_table_record;  ABRE A NOTA
01-11-2023 10:54:52.317Z;functions.waitForImage;  INTEGRAÇÃO BANCÁRIA image found.
01-11-2023 10:54:54.434Z;functions.check_payment_type;  CLICA EM INTEGRAÇÃO BANCÁRIA
01-11-2023 10:54:56.497Z;functions.waitForImage;  BOLETO image found.
01-11-2023 10:54:58.603Z;functions.check_payment_type;  CLICA NO BOLETO
01-11-2023 10:55:00.651Z;functions.waitForImage;  PRESS BUTTON OK image found.
01-11-2023 10:55:02.652Z;functions.check_payment_type;  FORMA DE PAGAMENTO BOLETO - OK
01-11-2023 10:55:04.722Z;functions.waitForImage;  PRESS BUTTON OK image found.
01-11-2023 10:55:06.850Z;functions.check_payment_type;  PRESS BUTTON OK
01-11-2023 10:55:08.909Z;functions.waitForImage;  PRESS BUTTON OK 2 image found.
01-11-2023 10:55:11.030Z;functions.check_payment_type;  PRESS BUTTON OK 2
01-11-2023 10:55:19.139Z;functions.check_table_record;  PRESS BUTTON DOWN
01-11-2023 10:55:21.241Z;functions.check_table_record;  ENTRANDO NO PRÓXIMO BOLETO
01-11-2023 10:55:28.324Z;functions.waitForImage;  INTEGRAÇÃO BANCÁRIA image found.
01-11-2023 10:55:30.455Z;functions.check_payment_type;  CLICA EM INTEGRAÇÃO BANCÁRIA
01-11-2023 10:55:32.524Z;functions.waitForImage;  BOLETO image found.
01-11-2023 10:55:34.649Z;functions.check_payment_type;  CLICA NO BOLETO
01-11-2023 10:55:36.711Z;functions.waitForImage;  PRESS BUTTON OK image found.
01-11-2023 10:55:38.712Z;functions.check_payment_type;  FORMA DE PAGAMENTO BOLETO - OK
01-11-2023 10:55:40.779Z;functions.waitForImage;  PRESS BUTTON OK image found.
01-11-2023 10:55:42.909Z;functions.check_payment_type;  PRESS BUTTON OK
01-11-2023 10:55:44.958Z;functions.waitForImage;  PRESS BUTTON OK 2 image found.
01-11-2023 10:55:47.064Z;functions.check_payment_type;  PRESS BUTTON OK 2
01-11-2023 10:55:55.169Z;functions.check_table_record;  PRESS BUTTON DOWN
01-11-2023 10:55:57.272Z;functions.check_table_record;  ENTRANDO NO PRÓXIMO BOLETO
01-11-2023 10:56:04.317Z;functions.waitForImage;  INTEGRAÇÃO BANCÁRIA image found.
01-11-2023 10:56:06.449Z;functions.check_payment_type;  CLICA EM INTEGRAÇÃO BANCÁRIA
01-11-2023 10:56:08.509Z;functions.waitForImage;  BOLETO image found.
01-11-2023 10:56:10.642Z;functions.check_payment_type;  CLICA NO BOLETO
01-11-2023 10:56:12.724Z;functions.waitForImage;  PRESS BUTTON OK image found.
01-11-2023 10:56:14.725Z;functions.check_payment_type;  FORMA DE PAGAMENTO BOLETO - OK
01-11-2023 10:56:16.796Z;functions.waitForImage;  PRESS BUTTON OK image found.
01-11-2023 10:56:18.916Z;functions.check_payment_type;  PRESS BUTTON OK
01-11-2023 10:56:20.970Z;functions.waitForImage;  PRESS BUTTON OK 2 image found.
01-11-2023 10:56:23.085Z;functions.check_payment_type;  PRESS BUTTON OK 2
01-11-2023 10:56:31.189Z;functions.check_table_record;  PRESS BUTTON DOWN
01-11-2023 10:56:33.291Z;functions.check_table_record;  ENTRANDO NO PRÓXIMO BOLETO
01-11-2023 10:56:40.362Z;functions.waitForImage;  INTEGRAÇÃO BANCÁRIA image found.
01-11-2023 10:56:42.492Z;functions.check_payment_type;  CLICA EM INTEGRAÇÃO BANCÁRIA
01-11-2023 10:56:44.549Z;functions.waitForImage;  BOLETO image found.
01-11-2023 10:56:46.671Z;functions.check_payment_type;  CLICA NO BOLETO
01-11-2023 10:56:48.741Z;functions.waitForImage;  PRESS BUTTON OK image found.
01-11-2023 10:56:50.743Z;functions.check_payment_type;  FORMA DE PAGAMENTO BOLETO - OK
01-11-2023 10:56:52.811Z;functions.waitForImage;  PRESS BUTTON OK image found.
01-11-2023 10:56:54.945Z;functions.check_payment_type;  PRESS BUTTON OK
01-11-2023 10:56:57.011Z;functions.waitForImage;  PRESS BUTTON OK 2 image found.
01-11-2023 10:56:59.141Z;functions.check_payment_type;  PRESS BUTTON OK 2
01-11-2023 10:57:07.246Z;functions.check_table_record;  PRESS BUTTON DOWN
01-11-2023 10:57:09.348Z;functions.check_table_record;  ENTRANDO NO PRÓXIMO BOLETO
01-11-2023 10:57:16.412Z;functions.waitForImage;  INTEGRAÇÃO BANCÁRIA image found.
01-11-2023 10:57:18.541Z;functions.check_payment_type;  CLICA EM INTEGRAÇÃO BANCÁRIA
01-11-2023 10:57:20.590Z;functions.waitForImage;  BOLETO image found.
01-11-2023 10:57:22.718Z;functions.check_payment_type;  CLICA NO BOLETO
01-11-2023 10:57:24.784Z;functions.waitForImage;  PRESS BUTTON OK image found.
01-11-2023 10:57:26.786Z;functions.check_payment_type;  FORMA DE PAGAMENTO BOLETO - OK
01-11-2023 10:57:28.856Z;functions.waitForImage;  PRESS BUTTON OK image found.
01-11-2023 10:57:30.987Z;functions.check_payment_type;  PRESS BUTTON OK
01-11-2023 10:57:33.037Z;functions.waitForImage;  PRESS BUTTON OK 2 image found.
01-11-2023 10:57:35.155Z;functions.check_payment_type;  PRESS BUTTON OK 2
01-11-2023 10:57:43.259Z;functions.check_table_record;  PRESS BUTTON DOWN
01-11-2023 10:57:45.362Z;functions.check_table_record;  ENTRANDO NO PRÓXIMO BOLETO
01-11-2023 10:57:52.429Z;functions.waitForImage;  INTEGRAÇÃO BANCÁRIA image found.
01-11-2023 10:57:54.551Z;functions.check_payment_type;  CLICA EM INTEGRAÇÃO BANCÁRIA
01-11-2023 10:57:56.611Z;functions.waitForImage;  BOLETO image found.
01-11-2023 10:57:58.740Z;functions.check_payment_type;  CLICA NO BOLETO
01-11-2023 10:58:00.783Z;functions.waitForImage;  PRESS BUTTON OK image found.
01-11-2023 10:58:02.784Z;functions.check_payment_type;  FORMA DE PAGAMENTO BOLETO - OK
01-11-2023 10:58:04.854Z;functions.waitForImage;  PRESS BUTTON OK image found.
01-11-2023 10:58:06.984Z;functions.check_payment_type;  PRESS BUTTON OK
01-11-2023 10:58:09.051Z;functions.waitForImage;  PRESS BUTTON OK 2 image found.
01-11-2023 10:58:11.170Z;functions.check_payment_type;  PRESS BUTTON OK 2
01-11-2023 10:58:19.275Z;functions.check_table_record;  PRESS BUTTON DOWN
01-11-2023 10:58:21.377Z;functions.check_table_record;  ENTRANDO NO PRÓXIMO BOLETO
01-11-2023 10:58:28.424Z;functions.waitForImage;  INTEGRAÇÃO BANCÁRIA image found.
01-11-2023 10:58:30.555Z;functions.check_payment_type;  CLICA EM INTEGRAÇÃO BANCÁRIA
01-11-2023 10:58:32.610Z;functions.waitForImage;  BOLETO image found.
01-11-2023 10:58:34.728Z;functions.check_payment_type;  CLICA NO BOLETO
01-11-2023 10:58:36.800Z;functions.waitForImage;  PRESS BUTTON OK image found.
01-11-2023 10:58:38.801Z;functions.check_payment_type;  FORMA DE PAGAMENTO BOLETO - OK
01-11-2023 10:58:40.873Z;functions.waitForImage;  PRESS BUTTON OK image found.
01-11-2023 10:58:43.003Z;functions.check_payment_type;  PRESS BUTTON OK
01-11-2023 10:58:45.071Z;functions.waitForImage;  PRESS BUTTON OK 2 image found.
01-11-2023 10:58:47.204Z;functions.check_payment_type;  PRESS BUTTON OK 2
01-11-2023 10:58:55.309Z;functions.check_table_record;  PRESS BUTTON DOWN
01-11-2023 10:58:57.412Z;functions.check_table_record;  ENTRANDO NO PRÓXIMO BOLETO
01-11-2023 10:59:04.479Z;functions.waitForImage;  INTEGRAÇÃO BANCÁRIA image found.
01-11-2023 10:59:06.612Z;functions.check_payment_type;  CLICA EM INTEGRAÇÃO BANCÁRIA
01-11-2023 10:59:08.675Z;functions.waitForImage;  BOLETO image found.
01-11-2023 10:59:10.784Z;functions.check_payment_type;  CLICA NO BOLETO
01-11-2023 10:59:12.845Z;functions.waitForImage;  PRESS BUTTON OK image found.
01-11-2023 10:59:14.847Z;functions.check_payment_type;  FORMA DE PAGAMENTO BOLETO - OK
01-11-2023 10:59:16.919Z;functions.waitForImage;  PRESS BUTTON OK image found.
01-11-2023 10:59:19.049Z;functions.check_payment_type;  PRESS BUTTON OK
01-11-2023 10:59:21.103Z;functions.waitForImage;  PRESS BUTTON OK 2 image found.
01-11-2023 10:59:23.218Z;functions.check_payment_type;  PRESS BUTTON OK 2
01-11-2023 10:59:31.323Z;functions.check_table_record;  PRESS BUTTON DOWN
01-11-2023 10:59:33.425Z;functions.check_table_record;  ENTRANDO NO PRÓXIMO BOLETO
01-11-2023 10:59:41.068Z;functions.waitForImage;  INTEGRAÇÃO BANCÁRIA image found.
01-11-2023 10:59:43.173Z;functions.check_payment_type;  CLICA EM INTEGRAÇÃO BANCÁRIA
01-11-2023 10:59:45.233Z;functions.waitForImage;  BOLETO image found.
01-11-2023 10:59:47.363Z;functions.check_payment_type;  CLICA NO BOLETO
01-11-2023 10:59:49.424Z;functions.waitForImage;  PRESS BUTTON OK image found.
01-11-2023 10:59:51.426Z;functions.check_payment_type;  FORMA DE PAGAMENTO BOLETO - OK
01-11-2023 10:59:53.494Z;functions.waitForImage;  PRESS BUTTON OK image found.
01-11-2023 10:59:55.625Z;functions.check_payment_type;  PRESS BUTTON OK
01-11-2023 10:59:57.673Z;functions.waitForImage;  PRESS BUTTON OK 2 image found.
01-11-2023 10:59:59.788Z;functions.check_payment_type;  PRESS BUTTON OK 2
01-11-2023 11:00:07.893Z;functions.check_table_record;  PRESS BUTTON DOWN
01-11-2023 11:00:09.996Z;functions.check_table_record;  ENTRANDO NO PRÓXIMO BOLETO
01-11-2023 11:00:17.047Z;functions.waitForImage;  INTEGRAÇÃO BANCÁRIA image found.
01-11-2023 11:00:19.172Z;functions.check_payment_type;  CLICA EM INTEGRAÇÃO BANCÁRIA
01-11-2023 11:00:21.242Z;functions.waitForImage;  BOLETO image found.
01-11-2023 11:00:23.361Z;functions.check_payment_type;  CLICA NO BOLETO
01-11-2023 11:00:25.409Z;functions.waitForImage;  PRESS BUTTON OK image found.
01-11-2023 11:00:27.410Z;functions.check_payment_type;  FORMA DE PAGAMENTO BOLETO - OK
01-11-2023 11:00:29.474Z;functions.waitForImage;  PRESS BUTTON OK image found.
01-11-2023 11:00:31.606Z;functions.check_payment_type;  PRESS BUTTON OK
01-11-2023 11:00:33.659Z;functions.waitForImage;  PRESS BUTTON OK 2 image found.
01-11-2023 11:00:35.789Z;functions.check_payment_type;  PRESS BUTTON OK 2
01-11-2023 11:00:43.893Z;functions.check_table_record;  PRESS BUTTON DOWN
01-11-2023 11:00:45.996Z;functions.check_table_record;  ENTRANDO NO PRÓXIMO BOLETO
01-11-2023 11:00:53.054Z;functions.waitForImage;  INTEGRAÇÃO BANCÁRIA image found.
01-11-2023 11:00:55.174Z;functions.check_payment_type;  CLICA EM INTEGRAÇÃO BANCÁRIA
01-11-2023 11:00:57.229Z;functions.waitForImage;  BOLETO image found.
01-11-2023 11:00:59.350Z;functions.check_payment_type;  CLICA NO BOLETO
01-11-2023 11:01:01.408Z;functions.waitForImage;  PRESS BUTTON OK image found.
01-11-2023 11:01:03.409Z;functions.check_payment_type;  FORMA DE PAGAMENTO BOLETO - OK
01-11-2023 11:01:05.482Z;functions.waitForImage;  PRESS BUTTON OK image found.
01-11-2023 11:01:07.615Z;functions.check_payment_type;  PRESS BUTTON OK
01-11-2023 11:01:09.658Z;functions.waitForImage;  PRESS BUTTON OK 2 image found.
01-11-2023 11:01:11.769Z;functions.check_payment_type;  PRESS BUTTON OK 2
01-11-2023 11:01:19.876Z;functions.check_table_record;  PRESS BUTTON DOWN
01-11-2023 11:01:21.979Z;functions.check_table_record;  ENTRANDO NO PRÓXIMO BOLETO
01-11-2023 11:01:29.051Z;functions.waitForImage;  INTEGRAÇÃO BANCÁRIA image found.
01-11-2023 11:01:31.183Z;functions.check_payment_type;  CLICA EM INTEGRAÇÃO BANCÁRIA
01-11-2023 11:01:33.252Z;functions.waitForImage;  BOLETO image found.
01-11-2023 11:01:35.377Z;functions.check_payment_type;  CLICA NO BOLETO
01-11-2023 11:01:37.436Z;functions.waitForImage;  PRESS BUTTON OK image found.
01-11-2023 11:01:39.439Z;functions.check_payment_type;  FORMA DE PAGAMENTO BOLETO - OK
01-11-2023 11:01:41.507Z;functions.waitForImage;  PRESS BUTTON OK image found.
01-11-2023 11:01:43.629Z;functions.check_payment_type;  PRESS BUTTON OK
01-11-2023 11:01:45.684Z;functions.waitForImage;  PRESS BUTTON OK 2 image found.
01-11-2023 11:01:47.791Z;functions.check_payment_type;  PRESS BUTTON OK 2
01-11-2023 11:01:55.897Z;functions.check_table_record;  PRESS BUTTON DOWN
01-11-2023 11:01:58.000Z;functions.check_table_record;  ENTRANDO NO PRÓXIMO BOLETO
01-11-2023 11:02:05.054Z;functions.waitForImage;  INTEGRAÇÃO BANCÁRIA image found.
01-11-2023 11:02:07.175Z;functions.check_payment_type;  CLICA EM INTEGRAÇÃO BANCÁRIA
01-11-2023 11:02:09.234Z;functions.waitForImage;  BOLETO image found.
01-11-2023 11:02:11.360Z;functions.check_payment_type;  CLICA NO BOLETO
01-11-2023 11:02:13.432Z;functions.waitForImage;  PRESS BUTTON OK image found.
01-11-2023 11:02:15.434Z;functions.check_payment_type;  FORMA DE PAGAMENTO BOLETO - OK
01-11-2023 11:02:17.495Z;functions.waitForImage;  PRESS BUTTON OK image found.
01-11-2023 11:02:19.615Z;functions.check_payment_type;  PRESS BUTTON OK
01-11-2023 11:02:21.688Z;functions.waitForImage;  PRESS BUTTON OK 2 image found.
01-11-2023 11:02:23.804Z;functions.check_payment_type;  PRESS BUTTON OK 2
01-11-2023 11:02:31.909Z;functions.check_table_record;  PRESS BUTTON DOWN
01-11-2023 11:02:34.011Z;functions.check_table_record;  ENTRANDO NO PRÓXIMO BOLETO
01-11-2023 11:02:41.084Z;functions.waitForImage;  INTEGRAÇÃO BANCÁRIA image found.
01-11-2023 11:02:43.204Z;functions.check_payment_type;  CLICA EM INTEGRAÇÃO BANCÁRIA
01-11-2023 11:02:45.260Z;functions.waitForImage;  BOLETO image found.
01-11-2023 11:02:47.389Z;functions.check_payment_type;  CLICA NO BOLETO
01-11-2023 11:02:49.471Z;functions.waitForImage;  PRESS BUTTON OK image found.
01-11-2023 11:02:51.472Z;functions.check_payment_type;  FORMA DE PAGAMENTO BOLETO - OK
01-11-2023 11:02:53.536Z;functions.waitForImage;  PRESS BUTTON OK image found.
01-11-2023 11:02:55.642Z;functions.check_payment_type;  PRESS BUTTON OK
01-11-2023 11:02:57.704Z;functions.waitForImage;  PRESS BUTTON OK 2 image found.
01-11-2023 11:02:59.810Z;functions.check_payment_type;  PRESS BUTTON OK 2
01-11-2023 11:03:07.918Z;functions.check_table_record;  PRESS BUTTON DOWN
01-11-2023 11:03:10.021Z;functions.check_table_record;  ENTRANDO NO PRÓXIMO BOLETO
01-11-2023 11:03:17.073Z;functions.waitForImage;  INTEGRAÇÃO BANCÁRIA image found.
01-11-2023 11:03:19.193Z;functions.check_payment_type;  CLICA EM INTEGRAÇÃO BANCÁRIA
01-11-2023 11:03:21.252Z;functions.waitForImage;  BOLETO image found.
01-11-2023 11:03:23.384Z;functions.check_payment_type;  CLICA NO BOLETO
01-11-2023 11:03:25.443Z;functions.waitForImage;  PRESS BUTTON OK image found.
01-11-2023 11:03:27.444Z;functions.check_payment_type;  FORMA DE PAGAMENTO BOLETO - OK
01-11-2023 11:03:29.510Z;functions.waitForImage;  PRESS BUTTON OK image found.
01-11-2023 11:03:31.632Z;functions.check_payment_type;  PRESS BUTTON OK
01-11-2023 11:03:33.679Z;functions.waitForImage;  PRESS BUTTON OK 2 image found.
01-11-2023 11:03:35.809Z;functions.check_payment_type;  PRESS BUTTON OK 2
01-11-2023 11:03:43.914Z;functions.check_table_record;  PRESS BUTTON DOWN
01-11-2023 11:03:46.018Z;functions.check_table_record;  ENTRANDO NO PRÓXIMO BOLETO
01-11-2023 11:03:53.065Z;functions.waitForImage;  INTEGRAÇÃO BANCÁRIA image found.
01-11-2023 11:03:55.189Z;functions.check_payment_type;  CLICA EM INTEGRAÇÃO BANCÁRIA
01-11-2023 11:03:57.250Z;functions.waitForImage;  BOLETO image found.
01-11-2023 11:03:59.376Z;functions.check_payment_type;  CLICA NO BOLETO
01-11-2023 11:04:01.446Z;functions.waitForImage;  PRESS BUTTON OK image found.
01-11-2023 11:04:03.448Z;functions.check_payment_type;  FORMA DE PAGAMENTO BOLETO - OK
01-11-2023 11:04:05.508Z;functions.waitForImage;  PRESS BUTTON OK image found.
01-11-2023 11:04:07.641Z;functions.check_payment_type;  PRESS BUTTON OK
01-11-2023 11:04:09.707Z;functions.waitForImage;  PRESS BUTTON OK 2 image found.
01-11-2023 11:04:11.825Z;functions.check_payment_type;  PRESS BUTTON OK 2
01-11-2023 11:04:19.931Z;functions.check_table_record;  PRESS BUTTON DOWN
01-11-2023 11:04:22.035Z;functions.check_table_record;  ENTRANDO NO PRÓXIMO BOLETO
01-11-2023 11:04:29.082Z;functions.waitForImage;  INTEGRAÇÃO BANCÁRIA image found.
01-11-2023 11:04:31.212Z;functions.check_payment_type;  CLICA EM INTEGRAÇÃO BANCÁRIA
01-11-2023 11:04:33.268Z;functions.waitForImage;  BOLETO image found.
01-11-2023 11:04:35.392Z;functions.check_payment_type;  CLICA NO BOLETO
01-11-2023 11:04:37.463Z;functions.waitForImage;  PRESS BUTTON OK image found.
01-11-2023 11:04:39.465Z;functions.check_payment_type;  FORMA DE PAGAMENTO BOLETO - OK
01-11-2023 11:04:41.529Z;functions.waitForImage;  PRESS BUTTON OK image found.
01-11-2023 11:04:43.656Z;functions.check_payment_type;  PRESS BUTTON OK
01-11-2023 11:04:45.707Z;functions.waitForImage;  PRESS BUTTON OK 2 image found.
01-11-2023 11:04:47.833Z;functions.check_payment_type;  PRESS BUTTON OK 2
01-11-2023 11:04:55.939Z;functions.check_table_record;  PRESS BUTTON DOWN
01-11-2023 11:04:58.043Z;functions.check_table_record;  ENTRANDO NO PRÓXIMO BOLETO
01-11-2023 11:05:05.089Z;functions.waitForImage;  INTEGRAÇÃO BANCÁRIA image found.
01-11-2023 11:05:07.215Z;functions.check_payment_type;  CLICA EM INTEGRAÇÃO BANCÁRIA
01-11-2023 11:05:09.273Z;functions.waitForImage;  BOLETO image found.
01-11-2023 11:05:11.406Z;functions.check_payment_type;  CLICA NO BOLETO
01-11-2023 11:05:13.467Z;functions.waitForImage;  PRESS BUTTON OK image found.
01-11-2023 11:05:15.469Z;functions.check_payment_type;  FORMA DE PAGAMENTO BOLETO - OK
01-11-2023 11:05:17.534Z;functions.waitForImage;  PRESS BUTTON OK image found.
01-11-2023 11:05:19.666Z;functions.check_payment_type;  PRESS BUTTON OK
01-11-2023 11:05:21.735Z;functions.waitForImage;  PRESS BUTTON OK 2 image found.
01-11-2023 11:05:23.839Z;functions.check_payment_type;  PRESS BUTTON OK 2
01-11-2023 11:05:31.947Z;functions.check_table_record;  PRESS BUTTON DOWN
01-11-2023 11:05:34.050Z;functions.check_table_record;  ENTRANDO NO PRÓXIMO BOLETO
01-11-2023 11:05:41.098Z;functions.waitForImage;  INTEGRAÇÃO BANCÁRIA image found.
01-11-2023 11:05:43.217Z;functions.check_payment_type;  CLICA EM INTEGRAÇÃO BANCÁRIA
01-11-2023 11:05:45.280Z;functions.waitForImage;  BOLETO image found.
01-11-2023 11:05:47.407Z;functions.check_payment_type;  CLICA NO BOLETO
01-11-2023 11:05:49.468Z;functions.waitForImage;  PRESS BUTTON OK image found.
01-11-2023 11:05:51.470Z;functions.check_payment_type;  FORMA DE PAGAMENTO BOLETO - OK
01-11-2023 11:05:53.529Z;functions.waitForImage;  PRESS BUTTON OK image found.
01-11-2023 11:05:55.658Z;functions.check_payment_type;  PRESS BUTTON OK
01-11-2023 11:05:57.715Z;functions.waitForImage;  PRESS BUTTON OK 2 image found.
01-11-2023 11:05:59.841Z;functions.check_payment_type;  PRESS BUTTON OK 2
01-11-2023 11:06:07.948Z;functions.check_table_record;  PRESS BUTTON DOWN
01-11-2023 11:06:10.052Z;functions.check_table_record;  ENTRANDO NO PRÓXIMO BOLETO
01-11-2023 11:06:17.131Z;functions.waitForImage;  INTEGRAÇÃO BANCÁRIA image found.
01-11-2023 11:06:19.263Z;functions.check_payment_type;  CLICA EM INTEGRAÇÃO BANCÁRIA
01-11-2023 11:06:21.333Z;functions.waitForImage;  BOLETO image found.
01-11-2023 11:06:23.466Z;functions.check_payment_type;  CLICA NO BOLETO
01-11-2023 11:06:25.510Z;functions.waitForImage;  PRESS BUTTON OK image found.
01-11-2023 11:06:27.511Z;functions.check_payment_type;  FORMA DE PAGAMENTO BOLETO - OK
01-11-2023 11:06:29.579Z;functions.waitForImage;  PRESS BUTTON OK image found.
01-11-2023 11:06:31.702Z;functions.check_payment_type;  PRESS BUTTON OK
01-11-2023 11:06:33.751Z;functions.waitForImage;  PRESS BUTTON OK 2 image found.
01-11-2023 11:06:35.877Z;functions.check_payment_type;  PRESS BUTTON OK 2
01-11-2023 11:06:43.982Z;functions.check_table_record;  PRESS BUTTON DOWN
01-11-2023 11:06:46.084Z;functions.check_table_record;  ENTRANDO NO PRÓXIMO BOLETO
01-11-2023 11:06:53.154Z;functions.waitForImage;  INTEGRAÇÃO BANCÁRIA image found.
01-11-2023 11:06:55.280Z;functions.check_payment_type;  CLICA EM INTEGRAÇÃO BANCÁRIA
01-11-2023 11:06:57.340Z;functions.waitForImage;  BOLETO image found.
01-11-2023 11:06:59.461Z;functions.check_payment_type;  CLICA NO BOLETO
01-11-2023 11:07:01.520Z;functions.waitForImage;  PRESS BUTTON OK image found.
01-11-2023 11:07:03.522Z;functions.check_payment_type;  FORMA DE PAGAMENTO BOLETO - OK
01-11-2023 11:07:05.577Z;functions.waitForImage;  PRESS BUTTON OK image found.
01-11-2023 11:07:07.708Z;functions.check_payment_type;  PRESS BUTTON OK
01-11-2023 11:07:09.769Z;functions.waitForImage;  PRESS BUTTON OK 2 image found.
01-11-2023 11:07:11.875Z;functions.check_payment_type;  PRESS BUTTON OK 2
01-11-2023 11:07:19.980Z;functions.check_table_record;  PRESS BUTTON DOWN
01-11-2023 11:07:22.083Z;functions.check_table_record;  ENTRANDO NO PRÓXIMO BOLETO
01-11-2023 11:07:29.144Z;functions.waitForImage;  INTEGRAÇÃO BANCÁRIA image found.
01-11-2023 11:07:31.267Z;functions.check_payment_type;  CLICA EM INTEGRAÇÃO BANCÁRIA
01-11-2023 11:07:33.330Z;functions.waitForImage;  BOLETO image found.
01-11-2023 11:07:35.451Z;functions.check_payment_type;  CLICA NO BOLETO
01-11-2023 11:07:37.513Z;functions.waitForImage;  PRESS BUTTON OK image found.
01-11-2023 11:07:39.515Z;functions.check_payment_type;  FORMA DE PAGAMENTO BOLETO - OK
01-11-2023 11:07:41.577Z;functions.waitForImage;  PRESS BUTTON OK image found.
01-11-2023 11:07:43.700Z;functions.check_payment_type;  PRESS BUTTON OK
01-11-2023 11:07:45.754Z;functions.waitForImage;  PRESS BUTTON OK 2 image found.
01-11-2023 11:07:47.870Z;functions.check_payment_type;  PRESS BUTTON OK 2
01-11-2023 11:07:55.976Z;functions.check_table_record;  PRESS BUTTON DOWN
01-11-2023 11:07:58.078Z;functions.check_table_record;  ENTRANDO NO PRÓXIMO BOLETO
01-11-2023 11:08:05.123Z;functions.waitForImage;  INTEGRAÇÃO BANCÁRIA image found.
01-11-2023 11:08:07.257Z;functions.check_payment_type;  CLICA EM INTEGRAÇÃO BANCÁRIA
01-11-2023 11:08:09.317Z;functions.waitForImage;  BOLETO image found.
01-11-2023 11:08:11.441Z;functions.check_payment_type;  CLICA NO BOLETO
01-11-2023 11:08:13.508Z;functions.waitForImage;  PRESS BUTTON OK image found.
01-11-2023 11:08:15.509Z;functions.check_payment_type;  FORMA DE PAGAMENTO BOLETO - OK
01-11-2023 11:08:17.576Z;functions.waitForImage;  PRESS BUTTON OK image found.
01-11-2023 11:08:19.694Z;functions.check_payment_type;  PRESS BUTTON OK
01-11-2023 11:08:21.754Z;functions.waitForImage;  PRESS BUTTON OK 2 image found.
01-11-2023 11:08:23.884Z;functions.check_payment_type;  PRESS BUTTON OK 2
01-11-2023 11:08:31.990Z;functions.check_table_record;  PRESS BUTTON DOWN
01-11-2023 11:08:34.095Z;functions.check_table_record;  ENTRANDO NO PRÓXIMO BOLETO
01-11-2023 11:08:41.153Z;functions.waitForImage;  INTEGRAÇÃO BANCÁRIA image found.
01-11-2023 11:08:43.283Z;functions.check_payment_type;  CLICA EM INTEGRAÇÃO BANCÁRIA
01-11-2023 11:08:45.339Z;functions.waitForImage;  BOLETO image found.
01-11-2023 11:08:47.460Z;functions.check_payment_type;  CLICA NO BOLETO
01-11-2023 11:08:49.520Z;functions.waitForImage;  PRESS BUTTON OK image found.
01-11-2023 11:08:51.523Z;functions.check_payment_type;  FORMA DE PAGAMENTO BOLETO - OK
01-11-2023 11:08:53.587Z;functions.waitForImage;  PRESS BUTTON OK image found.
01-11-2023 11:08:55.709Z;functions.check_payment_type;  PRESS BUTTON OK
01-11-2023 11:08:57.780Z;functions.waitForImage;  PRESS BUTTON OK 2 image found.
01-11-2023 11:08:59.908Z;functions.check_payment_type;  PRESS BUTTON OK 2
01-11-2023 11:09:08.015Z;functions.check_table_record;  PRESS BUTTON DOWN
01-11-2023 11:09:10.119Z;functions.check_table_record;  ENTRANDO NO PRÓXIMO BOLETO
01-11-2023 11:09:22.321Z;functions.waitForImage;  INTEGRAÇÃO BANCÁRIA image found.
01-11-2023 11:09:24.440Z;functions.check_payment_type;  CLICA EM INTEGRAÇÃO BANCÁRIA
01-11-2023 11:09:26.498Z;functions.waitForImage;  BOLETO image found.
01-11-2023 11:09:28.619Z;functions.check_payment_type;  CLICA NO BOLETO
01-11-2023 11:09:30.669Z;functions.waitForImage;  PRESS BUTTON OK image found.
01-11-2023 11:09:32.671Z;functions.check_payment_type;  FORMA DE PAGAMENTO BOLETO - OK
01-11-2023 11:09:34.741Z;functions.waitForImage;  PRESS BUTTON OK image found.
01-11-2023 11:09:36.871Z;functions.check_payment_type;  PRESS BUTTON OK
01-11-2023 11:09:38.933Z;functions.waitForImage;  PRESS BUTTON OK 2 image found.
01-11-2023 11:09:41.047Z;functions.check_payment_type;  PRESS BUTTON OK 2
01-11-2023 11:09:49.154Z;functions.check_table_record;  PRESS BUTTON DOWN
01-11-2023 11:09:51.258Z;functions.check_table_record;  ENTRANDO NO PRÓXIMO BOLETO
01-11-2023 11:10:03.464Z;functions.waitForImage;  INTEGRAÇÃO BANCÁRIA image found.
01-11-2023 11:10:05.596Z;functions.check_payment_type;  CLICA EM INTEGRAÇÃO BANCÁRIA
01-11-2023 11:10:07.662Z;functions.waitForImage;  BOLETO image found.
01-11-2023 11:10:09.784Z;functions.check_payment_type;  CLICA NO BOLETO
01-11-2023 11:10:11.857Z;functions.waitForImage;  PRESS BUTTON OK image found.
01-11-2023 11:10:13.859Z;functions.check_payment_type;  FORMA DE PAGAMENTO BOLETO - OK
01-11-2023 11:10:15.919Z;functions.waitForImage;  PRESS BUTTON OK image found.
01-11-2023 11:10:18.047Z;functions.check_payment_type;  PRESS BUTTON OK
01-11-2023 11:10:20.087Z;functions.waitForImage;  PRESS BUTTON OK 2 image found.
01-11-2023 11:10:22.203Z;functions.check_payment_type;  PRESS BUTTON OK 2
01-11-2023 11:10:30.310Z;functions.check_table_record;  PRESS BUTTON DOWN
01-11-2023 11:10:32.412Z;functions.check_table_record;  ENTRANDO NO PRÓXIMO BOLETO
01-11-2023 11:10:39.455Z;functions.waitForImage;  INTEGRAÇÃO BANCÁRIA image found.
01-11-2023 11:10:41.578Z;functions.check_payment_type;  CLICA EM INTEGRAÇÃO BANCÁRIA
01-11-2023 11:10:43.636Z;functions.waitForImage;  BOLETO image found.
01-11-2023 11:10:45.747Z;functions.check_payment_type;  CLICA NO BOLETO
01-11-2023 11:10:57.849Z;functions.waitForImage;  PRESS BUTTON OK image not found.
01-11-2023 11:10:57.911Z;functions.waitForImage;  PRESS BUTTON OK image found.
01-11-2023 11:11:00.036Z;functions.check_payment_type;  PRESS BUTTON OK
01-11-2023 11:11:02.097Z;functions.waitForImage;  PRESS BUTTON OK 2 image found.
01-11-2023 11:11:04.207Z;functions.check_payment_type;  PRESS BUTTON OK 2
01-11-2023 11:11:09.211Z;functions.show_exception_and_exit;  Error code from Windows: 0 - A operação foi concluída com êxito.
Traceback (most recent call last):
  File "c:\Projetos\Remessas_Bancarias\main.py", line 19, in <module>
    check_table_record()
  File "c:\Projetos\Remessas_Bancarias\SUBPROGRAMS\functions.py", line 331, in check_table_record
    check_payment_type()
  File "c:\Projetos\Remessas_Bancarias\SUBPROGRAMS\functions.py", line 440, in check_payment_type
    window.activate()
  File "C:\Projetos\Remessas_Bancarias\venv\Lib\site-packages\pygetwindow\_pygetwindow_win.py", line 246, in activate
    _raiseWithLastError()
  File "C:\Projetos\Remessas_Bancarias\venv\Lib\site-packages\pygetwindow\_pygetwindow_win.py", line 99, in _raiseWithLastError
    raise PyGetWindowException('Error code from Windows: %s - %s' % (errorCode, _formatMessage(errorCode)))
pygetwindow.PyGetWindowException: Error code from Windows: 0 - A operação foi concluída com êxito.
