01-11-2023 11:57:23.201Z;functions.bot_text_art;      ____   
01-11-2023 11:57:23.202Z;functions.bot_text_art;     [____]    
01-11-2023 11:57:23.202Z;functions.bot_text_art;   |=]()()[=|  
01-11-2023 11:57:23.202Z;functions.bot_text_art;     _\==/__    _____    ____     _        _____    ___   _  __
01-11-2023 11:57:23.202Z;functions.bot_text_art;   |__|   |_|  |  _  \  / ___|   | |      |_   _| / ___| | |/ /
01-11-2023 11:57:23.203Z;functions.bot_text_art;   |_|_/\_|_|  | |  | | | |      | |        | |   | |    | ' / 
01-11-2023 11:57:23.203Z;functions.bot_text_art;   | | __ | |  | |  | | | |      | |        | |   | |    |  <  
01-11-2023 11:57:23.204Z;functions.bot_text_art;   |_|[  ]|_|  | |__| | | |____  | |____   _| |_  | |__  | . \ 
01-11-2023 11:57:23.205Z;functions.bot_text_art;   \_|_||_|_/  |_____/   \_____| |______| |_____| \ ___| |_|\_\
01-11-2023 11:57:23.205Z;functions.bot_text_art;     |_||_|                                                     
01-11-2023 11:57:23.205Z;functions.bot_text_art;     | ||_|_   
01-11-2023 11:57:23.206Z;functions.bot_text_art;   |___||___|  
01-11-2023 11:57:23.206Z;functions.bot_text_art;               
01-11-2023 11:57:23.209Z;functions.open_RM;  OPEN PROGRAM RM
01-11-2023 11:57:37.609Z;functions.loggin_RM;  ENTER USER_NAME
01-11-2023 11:57:38.442Z;functions.loggin_RM;  ENTER PASSWORD
01-11-2023 11:57:39.112Z;functions.loggin_RM;  ENTER RM
01-11-2023 11:58:11.491Z;functions.enter_coligada;  CLICK CONTEXTO
01-11-2023 11:58:15.374Z;functions.enter_coligada;  CLICK COLIGADA 1
01-11-2023 11:58:16.764Z;functions.enter_coligada;  CLICK AVANÇAR
01-11-2023 11:58:18.575Z;functions.enter_coligada;  INSERE O COLIGADA CODE = 1
01-11-2023 11:58:18.677Z;functions.enter_coligada;  APERTA TAB PARA PREENCHER O CAMPO COM A STRING: OCEANICA ENGENHARIA E CONSULTORIA S.A.
01-11-2023 11:58:19.639Z;functions.enter_coligada;  CLICK AVANÇAR NOVAMENTE
01-11-2023 11:58:20.551Z;functions.enter_coligada;  CLICK CONCLUIR
01-11-2023 11:58:30.882Z;functions.enter_coligada;  POP UP COLIGADA DESAPARECER
01-11-2023 11:58:31.500Z;functions.enter_contas_a_pagar;  CLICK - TOTVS - LINHA RM
01-11-2023 11:58:32.565Z;functions.enter_contas_a_pagar;  CLICK - BACK OFFICE
01-11-2023 11:58:34.871Z;functions.enter_contas_a_pagar;  CLICK - GESTAO FINANCEIRA
01-11-2023 11:58:40.467Z;functions.enter_contas_a_pagar;  CLICK - CONTAS A PAGAR
01-11-2023 11:58:40.588Z;functions.waitForImage;  LANÇAMENTOS image found.
01-11-2023 11:58:42.690Z;functions.enter_contas_a_pagar;  CLICA EM LANÇAMENTOS
01-11-2023 11:58:44.692Z;functions.data_filter;  CLICK - SELECIONA A DATA DE QUARTA FEIRA E DA PROXIMA TERÇA
01-11-2023 11:58:44.692Z;functions.data_filter;  QUARTA-FEIRA: 01-11-2023
01-11-2023 11:58:44.693Z;functions.data_filter;  TERCA-FEIRA: 07-11-2023
01-11-2023 11:58:50.492Z;functions.data_filter;  ESCREVE REMESSA BANCÁRIA NO FILTRO
01-11-2023 11:58:51.094Z;functions.data_filter;  CLICK - BUTÃO DE SELECAO DE FILTRO
01-11-2023 11:58:53.051Z;functions.data_filter;  INSERE - DATA DE QUARTA-FEIRA: 01-11-2023
01-11-2023 11:58:54.642Z;functions.data_filter;  INSERE - DATA DA PROX TERCA-FEIRA: 07-11-2023
01-11-2023 11:58:55.261Z;functions.data_filter;  CLICK - BUTÃO DE EXECUTAR O FILTRO
01-11-2023 12:01:20.627Z;functions.select_tipo_documento;  NOME DA COLUNA: Tipo de Documento
01-11-2023 12:01:20.682Z;functions.waitForImage;  FILTER CLEAN image found.
01-11-2023 12:01:22.806Z;functions.filter_clean;  CLICA NO BOTÃO X DO LIMPA FILTRO
01-11-2023 12:01:25.596Z;functions.select_tipo_documento;  NOME DA COLUNA: Tipo de Documento
01-11-2023 12:01:26.789Z;functions.select_tipo_documento;  HOVER NOME DA COLUNA: Tipo de Documento
01-11-2023 12:01:26.923Z;functions.select_tipo_documento;  CLICA PARA APARECER O FILTRO PERSONALIZAR
01-11-2023 12:01:27.235Z;functions.select_tipo_documento;  CLICA NO FILTRO PERSONALIZAR
01-11-2023 12:01:28.094Z;functions.select_tipo_documento;  CLICA PARA SELECIONAR OPÇÕES DO FILTRO
01-11-2023 12:01:35.102Z;functions.select_tipo_documento;  CLICK BUTTON CONFIRMAR FILTRO
01-11-2023 12:01:36.046Z;functions.desmark_filter;  CLICK CHECKBOX LANÇAMENTOS A RECEBER
01-11-2023 12:01:36.866Z;functions.desmark_filter;  CLICK CHECKBOX LANÇAMENTOS BAIXADOS
01-11-2023 12:01:37.704Z;functions.desmark_filter;  CLICK CHECKBOX LANÇAMENTOS CANCELADOS
01-11-2023 12:01:38.580Z;functions.desmark_filter;  CLICK CHECKBOX LANÇAMENTOS FATURADOS
01-11-2023 12:01:39.482Z;functions.desmark_filter;  CLICK CHECKBOX LANÇAMENTOS FATURADOS
01-11-2023 12:01:40.541Z;functions.filter_IPTE;  CLICK NA PRIMEIRA LINHA E COLUNA DA TABELA
01-11-2023 12:01:55.396Z;functions.filter_IPTE;  147 PASSOS PARA DIREITA NA TABELA >>
01-11-2023 12:01:57.632Z;functions.filter_IPTE;  HOVER FILTER
01-11-2023 12:01:57.749Z;functions.filter_IPTE;  CLICK FILTER
01-11-2023 12:02:02.061Z;functions.filter_IPTE;  CLICA NO FILTRO PERSONALIZAR
01-11-2023 12:02:08.817Z;functions.check_table_record;  APERTA NÃO
01-11-2023 12:02:09.726Z;functions.check_table_record;  ABRE A NOTA
01-11-2023 12:02:15.139Z;functions.waitForImage;  INTEGRAÇÃO BANCÁRIA image found.
01-11-2023 12:02:17.266Z;functions.check_payment_type;  CLICA EM INTEGRAÇÃO BANCÁRIA
01-11-2023 12:02:19.322Z;functions.waitForImage;  BOLETO image found.
01-11-2023 12:02:21.442Z;functions.check_payment_type;  CLICA NO BOLETO
01-11-2023 12:02:23.501Z;functions.waitForImage;  PRESS BUTTON OK image found.
01-11-2023 12:02:25.502Z;functions.check_payment_type;  FORMA DE PAGAMENTO: TITULO DE COBRANÇA (BOLETO)
01-11-2023 12:02:27.546Z;functions.waitForImage;  PRESS BUTTON OK image found.
01-11-2023 12:02:29.666Z;functions.check_payment_type;  PRESS BUTTON OK
01-11-2023 12:02:31.735Z;functions.waitForImage;  PRESS BUTTON OK 2 image found.
01-11-2023 12:02:33.873Z;functions.check_payment_type;  PRESS BUTTON OK 2
01-11-2023 12:02:41.979Z;functions.check_table_record;  PRESS BUTTON DOWN
01-11-2023 12:02:44.082Z;functions.check_table_record;  ENTRANDO NO PRÓXIMO BOLETO
01-11-2023 12:02:48.131Z;functions.waitForImage;  INTEGRAÇÃO BANCÁRIA image found.
01-11-2023 12:02:50.262Z;functions.check_payment_type;  CLICA EM INTEGRAÇÃO BANCÁRIA
01-11-2023 12:02:52.330Z;functions.waitForImage;  BOLETO image found.
01-11-2023 12:02:54.456Z;functions.check_payment_type;  CLICA NO BOLETO
01-11-2023 12:02:56.522Z;functions.waitForImage;  PRESS BUTTON OK image found.
01-11-2023 12:02:58.523Z;functions.check_payment_type;  FORMA DE PAGAMENTO: TITULO DE COBRANÇA (BOLETO)
01-11-2023 12:03:00.567Z;functions.waitForImage;  PRESS BUTTON OK image found.
01-11-2023 12:03:02.672Z;functions.check_payment_type;  PRESS BUTTON OK
01-11-2023 12:03:04.715Z;functions.waitForImage;  PRESS BUTTON OK 2 image found.
01-11-2023 12:03:06.820Z;functions.check_payment_type;  PRESS BUTTON OK 2
01-11-2023 12:03:14.925Z;functions.check_table_record;  PRESS BUTTON DOWN
01-11-2023 12:03:17.028Z;functions.check_table_record;  ENTRANDO NO PRÓXIMO BOLETO
01-11-2023 12:03:31.209Z;functions.waitForImage;  INTEGRAÇÃO BANCÁRIA image not found.
01-11-2023 12:03:43.418Z;functions.waitForImage;  BOLETO image not found.
01-11-2023 12:03:53.578Z;functions.waitForImage;  BOLETO MINUSCULO image not found.
01-11-2023 12:04:03.676Z;functions.waitForImage;  BOLETO MINUSCULO HABILITADO image not found.
01-11-2023 12:04:13.840Z;functions.waitForImage;  BOLETO MINUSCULO DESABILITADO image not found.
01-11-2023 12:04:24.064Z;functions.waitForImage;  BOLETO MINUSCULO DESABILITADO image not found.
01-11-2023 12:04:33.349Z;functions.show_exception_and_exit;  
Traceback (most recent call last):
  File "c:\Projetos\Remessas_Bancarias\main.py", line 19, in <module>
    check_table_record()
  File "c:\Projetos\Remessas_Bancarias\SUBPROGRAMS\functions.py", line 335, in check_table_record
    check_payment_type()
  File "c:\Projetos\Remessas_Bancarias\SUBPROGRAMS\functions.py", line 409, in check_payment_type
    time.sleep(2)
KeyboardInterrupt
