01-11-2023 12:04:47.935Z;functions.bot_text_art;      ____   
01-11-2023 12:04:47.936Z;functions.bot_text_art;     [____]    
01-11-2023 12:04:47.936Z;functions.bot_text_art;   |=]()()[=|  
01-11-2023 12:04:47.936Z;functions.bot_text_art;     _\==/__    _____    ____     _        _____    ___   _  __
01-11-2023 12:04:47.936Z;functions.bot_text_art;   |__|   |_|  |  _  \  / ___|   | |      |_   _| / ___| | |/ /
01-11-2023 12:04:47.936Z;functions.bot_text_art;   |_|_/\_|_|  | |  | | | |      | |        | |   | |    | ' / 
01-11-2023 12:04:47.937Z;functions.bot_text_art;   | | __ | |  | |  | | | |      | |        | |   | |    |  <  
01-11-2023 12:04:47.937Z;functions.bot_text_art;   |_|[  ]|_|  | |__| | | |____  | |____   _| |_  | |__  | . \ 
01-11-2023 12:04:47.939Z;functions.bot_text_art;   \_|_||_|_/  |_____/   \_____| |______| |_____| \ ___| |_|\_\
01-11-2023 12:04:47.939Z;functions.bot_text_art;     |_||_|                                                     
01-11-2023 12:04:47.939Z;functions.bot_text_art;     | ||_|_   
01-11-2023 12:04:47.940Z;functions.bot_text_art;   |___||___|  
01-11-2023 12:04:47.940Z;functions.bot_text_art;               
01-11-2023 12:04:47.943Z;functions.open_RM;  OPEN PROGRAM RM
01-11-2023 12:04:55.027Z;functions.loggin_RM;  ENTER USER_NAME
01-11-2023 12:04:55.843Z;functions.loggin_RM;  ENTER PASSWORD
01-11-2023 12:04:56.513Z;functions.loggin_RM;  ENTER RM
01-11-2023 12:05:17.076Z;functions.enter_coligada;  CLICK CONTEXTO
01-11-2023 12:05:20.952Z;functions.enter_coligada;  CLICK COLIGADA 1
01-11-2023 12:05:22.078Z;functions.enter_coligada;  CLICK AVANÇAR
01-11-2023 12:05:23.870Z;functions.enter_coligada;  INSERE O COLIGADA CODE = 1
01-11-2023 12:05:23.971Z;functions.enter_coligada;  APERTA TAB PARA PREENCHER O CAMPO COM A STRING: OCEANICA ENGENHARIA E CONSULTORIA S.A.
01-11-2023 12:05:24.932Z;functions.enter_coligada;  CLICK AVANÇAR NOVAMENTE
01-11-2023 12:05:25.824Z;functions.enter_coligada;  CLICK CONCLUIR
01-11-2023 12:05:36.009Z;functions.enter_coligada;  POP UP COLIGADA DESAPARECER
01-11-2023 12:05:36.612Z;functions.enter_contas_a_pagar;  CLICK - TOTVS - LINHA RM
01-11-2023 12:05:37.678Z;functions.enter_contas_a_pagar;  CLICK - BACK OFFICE
01-11-2023 12:05:38.373Z;functions.enter_contas_a_pagar;  CLICK - GESTAO FINANCEIRA
01-11-2023 12:05:41.359Z;functions.enter_contas_a_pagar;  CLICK - CONTAS A PAGAR
01-11-2023 12:05:41.465Z;functions.waitForImage;  LANÇAMENTOS image found.
01-11-2023 12:05:43.566Z;functions.enter_contas_a_pagar;  CLICA EM LANÇAMENTOS
01-11-2023 12:05:45.567Z;functions.data_filter;  CLICK - SELECIONA A DATA DE QUARTA FEIRA E DA PROXIMA TERÇA
01-11-2023 12:05:45.568Z;functions.data_filter;  QUARTA-FEIRA: 01-11-2023
01-11-2023 12:05:45.568Z;functions.data_filter;  TERCA-FEIRA: 07-11-2023
01-11-2023 12:05:51.178Z;functions.data_filter;  ESCREVE REMESSA BANCÁRIA NO FILTRO
01-11-2023 12:05:51.781Z;functions.data_filter;  CLICK - BUTÃO DE SELECAO DE FILTRO
01-11-2023 12:05:53.742Z;functions.data_filter;  INSERE - DATA DE QUARTA-FEIRA: 01-11-2023
01-11-2023 12:05:55.332Z;functions.data_filter;  INSERE - DATA DA PROX TERCA-FEIRA: 07-11-2023
01-11-2023 12:05:55.951Z;functions.data_filter;  CLICK - BUTÃO DE EXECUTAR O FILTRO
01-11-2023 12:07:46.613Z;functions.select_tipo_documento;  NOME DA COLUNA: Tipo de Documento
01-11-2023 12:07:46.666Z;functions.waitForImage;  FILTER CLEAN image found.
01-11-2023 12:07:48.780Z;functions.filter_clean;  CLICA NO BOTÃO X DO LIMPA FILTRO
01-11-2023 12:07:51.572Z;functions.select_tipo_documento;  NOME DA COLUNA: Tipo de Documento
01-11-2023 12:07:52.772Z;functions.select_tipo_documento;  HOVER NOME DA COLUNA: Tipo de Documento
01-11-2023 12:07:52.905Z;functions.select_tipo_documento;  CLICA PARA APARECER O FILTRO PERSONALIZAR
01-11-2023 12:07:53.213Z;functions.select_tipo_documento;  CLICA NO FILTRO PERSONALIZAR
01-11-2023 12:07:54.053Z;functions.select_tipo_documento;  CLICA PARA SELECIONAR OPÇÕES DO FILTRO
01-11-2023 12:08:01.080Z;functions.select_tipo_documento;  CLICK BUTTON CONFIRMAR FILTRO
01-11-2023 12:08:02.042Z;functions.desmark_filter;  CLICK CHECKBOX LANÇAMENTOS A RECEBER
01-11-2023 12:08:02.838Z;functions.desmark_filter;  CLICK CHECKBOX LANÇAMENTOS BAIXADOS
01-11-2023 12:08:03.679Z;functions.desmark_filter;  CLICK CHECKBOX LANÇAMENTOS CANCELADOS
01-11-2023 12:08:04.575Z;functions.desmark_filter;  CLICK CHECKBOX LANÇAMENTOS FATURADOS
01-11-2023 12:08:05.478Z;functions.desmark_filter;  CLICK CHECKBOX LANÇAMENTOS FATURADOS
01-11-2023 12:08:06.312Z;functions.filter_IPTE;  CLICK NA PRIMEIRA LINHA E COLUNA DA TABELA
01-11-2023 12:08:21.167Z;functions.filter_IPTE;  147 PASSOS PARA DIREITA NA TABELA >>
01-11-2023 12:08:23.255Z;functions.filter_IPTE;  HOVER FILTER
01-11-2023 12:08:23.372Z;functions.filter_IPTE;  CLICK FILTER
01-11-2023 12:08:27.684Z;functions.filter_IPTE;  CLICA NO FILTRO PERSONALIZAR
01-11-2023 12:08:34.455Z;functions.check_table_record;  APERTA NÃO
01-11-2023 12:08:35.349Z;functions.check_table_record;  ABRE A NOTA
01-11-2023 12:08:40.275Z;functions.waitForImage;  INTEGRAÇÃO BANCÁRIA image found.
01-11-2023 12:08:42.404Z;functions.check_payment_type;  CLICA EM INTEGRAÇÃO BANCÁRIA
01-11-2023 12:08:44.472Z;functions.waitForImage;  BOLETO image found.
01-11-2023 12:08:46.606Z;functions.check_payment_type;  CLICA NO BOLETO
01-11-2023 12:08:48.678Z;functions.waitForImage;  PRESS BUTTON OK image found.
01-11-2023 12:08:50.679Z;functions.check_payment_type;  FORMA DE PAGAMENTO: TITULO DE COBRANÇA (BOLETO)
01-11-2023 12:08:52.737Z;functions.waitForImage;  PRESS BUTTON OK image found.
01-11-2023 12:08:54.862Z;functions.check_payment_type;  PRESS BUTTON OK
01-11-2023 12:08:56.903Z;functions.waitForImage;  PRESS BUTTON OK 2 image found.
01-11-2023 12:08:59.017Z;functions.check_payment_type;  PRESS BUTTON OK 2
01-11-2023 12:09:07.124Z;functions.check_table_record;  PRESS BUTTON DOWN
01-11-2023 12:09:09.228Z;functions.check_table_record;  ENTRANDO NO PRÓXIMO BOLETO
01-11-2023 12:09:13.292Z;functions.waitForImage;  INTEGRAÇÃO BANCÁRIA image found.
01-11-2023 12:09:15.408Z;functions.check_payment_type;  CLICA EM INTEGRAÇÃO BANCÁRIA
01-11-2023 12:09:17.486Z;functions.waitForImage;  BOLETO image found.
01-11-2023 12:09:19.619Z;functions.check_payment_type;  CLICA NO BOLETO
01-11-2023 12:09:21.688Z;functions.waitForImage;  PRESS BUTTON OK image found.
01-11-2023 12:09:23.689Z;functions.check_payment_type;  FORMA DE PAGAMENTO: TITULO DE COBRANÇA (BOLETO)
01-11-2023 12:09:25.747Z;functions.waitForImage;  PRESS BUTTON OK image found.
01-11-2023 12:09:27.865Z;functions.check_payment_type;  PRESS BUTTON OK
01-11-2023 12:09:29.935Z;functions.waitForImage;  PRESS BUTTON OK 2 image found.
01-11-2023 12:09:32.058Z;functions.check_payment_type;  PRESS BUTTON OK 2
01-11-2023 12:09:40.165Z;functions.check_table_record;  PRESS BUTTON DOWN
01-11-2023 12:09:42.267Z;functions.check_table_record;  ENTRANDO NO PRÓXIMO BOLETO
01-11-2023 12:09:46.335Z;functions.waitForImage;  INTEGRAÇÃO BANCÁRIA image found.
01-11-2023 12:09:48.462Z;functions.check_payment_type;  CLICA EM INTEGRAÇÃO BANCÁRIA
01-11-2023 12:09:50.533Z;functions.waitForImage;  BOLETO image found.
01-11-2023 12:09:52.653Z;functions.check_payment_type;  CLICA NO BOLETO
01-11-2023 12:09:54.721Z;functions.waitForImage;  PRESS BUTTON OK image found.
01-11-2023 12:09:56.722Z;functions.check_payment_type;  FORMA DE PAGAMENTO: TITULO DE COBRANÇA (BOLETO)
01-11-2023 12:09:58.791Z;functions.waitForImage;  PRESS BUTTON OK image found.
01-11-2023 12:10:00.902Z;functions.check_payment_type;  PRESS BUTTON OK
01-11-2023 12:10:02.969Z;functions.waitForImage;  PRESS BUTTON OK 2 image found.
01-11-2023 12:10:05.084Z;functions.check_payment_type;  PRESS BUTTON OK 2
01-11-2023 12:10:13.190Z;functions.check_table_record;  PRESS BUTTON DOWN
01-11-2023 12:10:15.293Z;functions.check_table_record;  ENTRANDO NO PRÓXIMO BOLETO
01-11-2023 12:10:19.350Z;functions.waitForImage;  INTEGRAÇÃO BANCÁRIA image found.
01-11-2023 12:10:21.481Z;functions.check_payment_type;  CLICA EM INTEGRAÇÃO BANCÁRIA
01-11-2023 12:10:23.538Z;functions.waitForImage;  BOLETO image found.
01-11-2023 12:10:25.661Z;functions.check_payment_type;  CLICA NO BOLETO
01-11-2023 12:10:27.720Z;functions.waitForImage;  PRESS BUTTON OK image found.
01-11-2023 12:10:29.721Z;functions.check_payment_type;  FORMA DE PAGAMENTO: TITULO DE COBRANÇA (BOLETO)
01-11-2023 12:10:31.783Z;functions.waitForImage;  PRESS BUTTON OK image found.
01-11-2023 12:10:33.900Z;functions.check_payment_type;  PRESS BUTTON OK
01-11-2023 12:10:35.972Z;functions.waitForImage;  PRESS BUTTON OK 2 image found.
01-11-2023 12:10:38.087Z;functions.check_payment_type;  PRESS BUTTON OK 2
01-11-2023 12:10:46.194Z;functions.check_table_record;  PRESS BUTTON DOWN
01-11-2023 12:10:48.296Z;functions.check_table_record;  ENTRANDO NO PRÓXIMO BOLETO
01-11-2023 12:10:52.351Z;functions.waitForImage;  INTEGRAÇÃO BANCÁRIA image found.
01-11-2023 12:10:54.464Z;functions.check_payment_type;  CLICA EM INTEGRAÇÃO BANCÁRIA
01-11-2023 12:10:56.521Z;functions.waitForImage;  BOLETO image found.
01-11-2023 12:10:58.640Z;functions.check_payment_type;  CLICA NO BOLETO
01-11-2023 12:11:00.704Z;functions.waitForImage;  PRESS BUTTON OK image found.
01-11-2023 12:11:02.705Z;functions.check_payment_type;  FORMA DE PAGAMENTO: TITULO DE COBRANÇA (BOLETO)
01-11-2023 12:11:04.763Z;functions.waitForImage;  PRESS BUTTON OK image found.
01-11-2023 12:11:06.895Z;functions.check_payment_type;  PRESS BUTTON OK
01-11-2023 12:11:08.949Z;functions.waitForImage;  PRESS BUTTON OK 2 image found.
01-11-2023 12:11:11.077Z;functions.check_payment_type;  PRESS BUTTON OK 2
01-11-2023 12:11:19.183Z;functions.check_table_record;  PRESS BUTTON DOWN
01-11-2023 12:11:21.286Z;functions.check_table_record;  ENTRANDO NO PRÓXIMO BOLETO
01-11-2023 12:11:25.344Z;functions.waitForImage;  INTEGRAÇÃO BANCÁRIA image found.
01-11-2023 12:11:27.472Z;functions.check_payment_type;  CLICA EM INTEGRAÇÃO BANCÁRIA
01-11-2023 12:11:29.539Z;functions.waitForImage;  BOLETO image found.
01-11-2023 12:11:31.659Z;functions.check_payment_type;  CLICA NO BOLETO
01-11-2023 12:11:33.725Z;functions.waitForImage;  PRESS BUTTON OK image found.
01-11-2023 12:11:35.726Z;functions.check_payment_type;  FORMA DE PAGAMENTO: TITULO DE COBRANÇA (BOLETO)
01-11-2023 12:11:37.788Z;functions.waitForImage;  PRESS BUTTON OK image found.
01-11-2023 12:11:39.917Z;functions.check_payment_type;  PRESS BUTTON OK
01-11-2023 12:11:41.986Z;functions.waitForImage;  PRESS BUTTON OK 2 image found.
01-11-2023 12:11:44.111Z;functions.check_payment_type;  PRESS BUTTON OK 2
01-11-2023 12:11:52.217Z;functions.check_table_record;  PRESS BUTTON DOWN
01-11-2023 12:11:54.320Z;functions.check_table_record;  ENTRANDO NO PRÓXIMO BOLETO
01-11-2023 12:11:58.391Z;functions.waitForImage;  INTEGRAÇÃO BANCÁRIA image found.
01-11-2023 12:12:00.499Z;functions.check_payment_type;  CLICA EM INTEGRAÇÃO BANCÁRIA
01-11-2023 12:12:02.561Z;functions.waitForImage;  BOLETO image found.
01-11-2023 12:12:04.689Z;functions.check_payment_type;  CLICA NO BOLETO
01-11-2023 12:12:06.762Z;functions.waitForImage;  PRESS BUTTON OK image found.
01-11-2023 12:12:08.763Z;functions.check_payment_type;  FORMA DE PAGAMENTO: TITULO DE COBRANÇA (BOLETO)
01-11-2023 12:12:10.834Z;functions.waitForImage;  PRESS BUTTON OK image found.
01-11-2023 12:12:12.966Z;functions.check_payment_type;  PRESS BUTTON OK
01-11-2023 12:12:15.015Z;functions.waitForImage;  PRESS BUTTON OK 2 image found.
01-11-2023 12:12:17.140Z;functions.check_payment_type;  PRESS BUTTON OK 2
01-11-2023 12:12:25.244Z;functions.check_table_record;  PRESS BUTTON DOWN
01-11-2023 12:12:27.347Z;functions.check_table_record;  ENTRANDO NO PRÓXIMO BOLETO
01-11-2023 12:12:31.413Z;functions.waitForImage;  INTEGRAÇÃO BANCÁRIA image found.
01-11-2023 12:12:33.528Z;functions.check_payment_type;  CLICA EM INTEGRAÇÃO BANCÁRIA
01-11-2023 12:12:35.595Z;functions.waitForImage;  BOLETO image found.
01-11-2023 12:12:37.716Z;functions.check_payment_type;  CLICA NO BOLETO
01-11-2023 12:12:40.365Z;functions.waitForImage;  PRESS BUTTON OK image found.
01-11-2023 12:12:42.366Z;functions.check_payment_type;  FORMA DE PAGAMENTO: TITULO DE COBRANÇA (BOLETO)
01-11-2023 12:12:44.428Z;functions.waitForImage;  PRESS BUTTON OK image found.
01-11-2023 12:12:46.549Z;functions.check_payment_type;  PRESS BUTTON OK
01-11-2023 12:12:48.606Z;functions.waitForImage;  PRESS BUTTON OK 2 image found.
01-11-2023 12:12:50.726Z;functions.check_payment_type;  PRESS BUTTON OK 2
01-11-2023 12:13:03.850Z;functions.check_table_record;  PRESS BUTTON DOWN
01-11-2023 12:13:05.953Z;functions.check_table_record;  ENTRANDO NO PRÓXIMO BOLETO
01-11-2023 12:13:20.205Z;functions.waitForImage;  INTEGRAÇÃO BANCÁRIA image not found.
01-11-2023 12:13:32.334Z;functions.waitForImage;  BOLETO image not found.
01-11-2023 12:13:42.480Z;functions.waitForImage;  BOLETO MINUSCULO image not found.
01-11-2023 12:13:52.678Z;functions.waitForImage;  BOLETO MINUSCULO HABILITADO image not found.
01-11-2023 12:14:02.745Z;functions.waitForImage;  BOLETO MINUSCULO DESABILITADO image not found.
01-11-2023 12:14:12.911Z;functions.waitForImage;  BOLETO MINUSCULO DESABILITADO image not found.
01-11-2023 12:14:54.810Z;functions.waitForImage;  PRESS BUTTON OK image not found.
01-11-2023 12:14:54.811Z;functions.check_payment_type;  FORMA DE PAGAMENTO NÃO É BOLETO
01-11-2023 12:15:05.043Z;functions.waitForImage;  PRESS BUTTON OK image not found.
01-11-2023 12:15:05.133Z;functions.waitForImage;  PRESS BUTTON OK 2 image found.
01-11-2023 12:15:07.264Z;functions.check_payment_type;  PRESS BUTTON OK 2
01-11-2023 12:15:15.368Z;functions.check_table_record;  PRESS BUTTON DOWN
01-11-2023 12:15:17.470Z;functions.check_table_record;  ENTRANDO NO PRÓXIMO BOLETO
01-11-2023 12:15:20.414Z;functions.show_exception_and_exit;  
Traceback (most recent call last):
  File "c:\Projetos\Remessas_Bancarias\main.py", line 19, in <module>
    check_table_record()
  File "c:\Projetos\Remessas_Bancarias\SUBPROGRAMS\functions.py", line 335, in check_table_record
    check_payment_type()
  File "c:\Projetos\Remessas_Bancarias\SUBPROGRAMS\functions.py", line 348, in check_payment_type
    time.sleep(2)
KeyboardInterrupt
