01-11-2023 14:02:21.962Z;functions.bot_text_art;      ____   
01-11-2023 14:02:21.963Z;functions.bot_text_art;     [____]    
01-11-2023 14:02:21.963Z;functions.bot_text_art;   |=]()()[=|  
01-11-2023 14:02:21.963Z;functions.bot_text_art;     _\==/__    _____    ____     _        _____    ___   _  __
01-11-2023 14:02:21.964Z;functions.bot_text_art;   |__|   |_|  |  _  \  / ___|   | |      |_   _| / ___| | |/ /
01-11-2023 14:02:21.964Z;functions.bot_text_art;   |_|_/\_|_|  | |  | | | |      | |        | |   | |    | ' / 
01-11-2023 14:02:21.965Z;functions.bot_text_art;   | | __ | |  | |  | | | |      | |        | |   | |    |  <  
01-11-2023 14:02:21.965Z;functions.bot_text_art;   |_|[  ]|_|  | |__| | | |____  | |____   _| |_  | |__  | . \ 
01-11-2023 14:02:21.966Z;functions.bot_text_art;   \_|_||_|_/  |_____/   \_____| |______| |_____| \ ___| |_|\_\
01-11-2023 14:02:21.966Z;functions.bot_text_art;     |_||_|                                                     
01-11-2023 14:02:21.966Z;functions.bot_text_art;     | ||_|_   
01-11-2023 14:02:21.967Z;functions.bot_text_art;   |___||___|  
01-11-2023 14:02:21.967Z;functions.bot_text_art;               
01-11-2023 14:02:21.970Z;functions.open_RM;  OPEN PROGRAM RM
01-11-2023 14:02:29.065Z;functions.loggin_RM;  ENTER USER_NAME
01-11-2023 14:02:29.887Z;functions.loggin_RM;  ENTER PASSWORD
01-11-2023 14:02:30.546Z;functions.loggin_RM;  ENTER RM
01-11-2023 14:02:51.006Z;functions.enter_coligada;  CLICK CONTEXTO
01-11-2023 14:02:54.880Z;functions.enter_coligada;  CLICK COLIGADA 1
01-11-2023 14:02:56.010Z;functions.enter_coligada;  CLICK AVANÇAR
01-11-2023 14:02:57.806Z;functions.enter_coligada;  INSERE O COLIGADA CODE = 1
01-11-2023 14:02:57.907Z;functions.enter_coligada;  APERTA TAB PARA PREENCHER O CAMPO COM A STRING: OCEANICA ENGENHARIA E CONSULTORIA S.A.
01-11-2023 14:02:58.888Z;functions.enter_coligada;  CLICK AVANÇAR NOVAMENTE
01-11-2023 14:02:59.758Z;functions.enter_coligada;  CLICK CONCLUIR
01-11-2023 14:03:09.896Z;functions.enter_coligada;  POP UP COLIGADA DESAPARECER
01-11-2023 14:03:10.499Z;functions.enter_contas_a_pagar;  CLICK - TOTVS - LINHA RM
01-11-2023 14:03:11.574Z;functions.enter_contas_a_pagar;  CLICK - BACK OFFICE
01-11-2023 14:03:13.870Z;functions.enter_contas_a_pagar;  CLICK - GESTAO FINANCEIRA
01-11-2023 14:03:19.063Z;functions.enter_contas_a_pagar;  CLICK - CONTAS A PAGAR
01-11-2023 14:03:19.180Z;functions.waitForImage;  LANÇAMENTOS image found.
01-11-2023 14:03:21.282Z;functions.enter_contas_a_pagar;  CLICA EM LANÇAMENTOS
01-11-2023 14:03:23.284Z;functions.data_filter;  CLICK - SELECIONA A DATA DE QUARTA FEIRA E DA PROXIMA TERÇA
01-11-2023 14:03:23.285Z;functions.data_filter;  QUARTA-FEIRA: 01-11-2023
01-11-2023 14:03:23.285Z;functions.data_filter;  TERCA-FEIRA: 07-11-2023
01-11-2023 14:03:28.950Z;functions.data_filter;  ESCREVE REMESSA BANCÁRIA NO FILTRO
01-11-2023 14:03:29.551Z;functions.data_filter;  CLICK - BUTÃO DE SELECAO DE FILTRO
01-11-2023 14:03:31.504Z;functions.data_filter;  INSERE - DATA DE QUARTA-FEIRA: 01-11-2023
01-11-2023 14:03:33.098Z;functions.data_filter;  INSERE - DATA DA PROX TERCA-FEIRA: 07-11-2023
01-11-2023 14:03:33.717Z;functions.data_filter;  CLICK - BUTÃO DE EXECUTAR O FILTRO
01-11-2023 14:05:26.362Z;functions.select_tipo_documento;  NOME DA COLUNA: Tipo de Documento
01-11-2023 14:05:26.406Z;functions.waitForImage;  FILTER CLEAN image found.
01-11-2023 14:05:28.514Z;functions.filter_clean;  CLICA NO BOTÃO X DO LIMPA FILTRO
01-11-2023 14:05:31.298Z;functions.select_tipo_documento;  NOME DA COLUNA: Tipo de Documento
01-11-2023 14:05:32.511Z;functions.select_tipo_documento;  HOVER NOME DA COLUNA: Tipo de Documento
01-11-2023 14:05:32.629Z;functions.select_tipo_documento;  CLICA PARA APARECER O FILTRO PERSONALIZAR
01-11-2023 14:05:32.935Z;functions.select_tipo_documento;  CLICA NO FILTRO PERSONALIZAR
01-11-2023 14:05:33.784Z;functions.select_tipo_documento;  CLICA PARA SELECIONAR OPÇÕES DO FILTRO
01-11-2023 14:05:40.817Z;functions.select_tipo_documento;  CLICK BUTTON CONFIRMAR FILTRO
01-11-2023 14:05:41.751Z;functions.desmark_filter;  CLICK CHECKBOX LANÇAMENTOS A RECEBER
01-11-2023 14:05:42.544Z;functions.desmark_filter;  CLICK CHECKBOX LANÇAMENTOS BAIXADOS
01-11-2023 14:05:43.375Z;functions.desmark_filter;  CLICK CHECKBOX LANÇAMENTOS CANCELADOS
01-11-2023 14:05:44.241Z;functions.desmark_filter;  CLICK CHECKBOX LANÇAMENTOS FATURADOS
01-11-2023 14:05:45.135Z;functions.desmark_filter;  CLICK CHECKBOX LANÇAMENTOS FATURADOS
01-11-2023 14:05:45.984Z;functions.filter_IPTE;  CLICK NA PRIMEIRA LINHA E COLUNA DA TABELA
01-11-2023 14:06:00.851Z;functions.filter_IPTE;  147 PASSOS PARA DIREITA NA TABELA >>
01-11-2023 14:06:02.907Z;functions.filter_IPTE;  HOVER FILTER
01-11-2023 14:06:03.039Z;functions.filter_IPTE;  CLICK FILTER
01-11-2023 14:06:07.351Z;functions.filter_IPTE;  CLICA NO FILTRO PERSONALIZAR
01-11-2023 14:06:14.125Z;functions.check_table_record;  APERTA NÃO
01-11-2023 14:06:15.026Z;functions.check_table_record;  ABRE A NOTA
01-11-2023 14:06:19.901Z;functions.waitForImage;  INTEGRAÇÃO BANCÁRIA image found.
01-11-2023 14:06:22.034Z;functions.check_payment_type;  CLICA EM INTEGRAÇÃO BANCÁRIA
01-11-2023 14:06:24.093Z;functions.waitForImage;  BOLETO image found.
01-11-2023 14:06:26.223Z;functions.check_payment_type;  CLICA NO BOLETO
01-11-2023 14:06:28.290Z;functions.waitForImage;  PRESS BUTTON OK image found.
01-11-2023 14:06:30.291Z;functions.check_payment_type;  FORMA DE PAGAMENTO: TITULO DE COBRANÇA (BOLETO)
01-11-2023 14:06:32.359Z;functions.waitForImage;  PRESS BUTTON OK image found.
01-11-2023 14:06:34.492Z;functions.check_payment_type;  PRESS BUTTON OK
01-11-2023 14:06:36.549Z;functions.waitForImage;  PRESS BUTTON OK 2 image found.
01-11-2023 14:06:38.679Z;functions.check_payment_type;  PRESS BUTTON OK 2
01-11-2023 14:06:46.783Z;functions.check_table_record;  PRESS BUTTON DOWN
01-11-2023 14:06:48.887Z;functions.check_table_record;  ENTRANDO NO PRÓXIMO BOLETO
01-11-2023 14:06:52.947Z;functions.waitForImage;  INTEGRAÇÃO BANCÁRIA image found.
01-11-2023 14:06:55.053Z;functions.check_payment_type;  CLICA EM INTEGRAÇÃO BANCÁRIA
01-11-2023 14:06:56.588Z;functions.show_exception_and_exit;  
Traceback (most recent call last):
  File "c:\Projetos\Remessas_Bancarias\main.py", line 19, in <module>
    check_table_record()
  File "c:\Projetos\Remessas_Bancarias\SUBPROGRAMS\functions.py", line 335, in check_table_record
    check_payment_type()
  File "c:\Projetos\Remessas_Bancarias\SUBPROGRAMS\functions.py", line 356, in check_payment_type
    time.sleep(2)
KeyboardInterrupt
